109458, 158959, 0
145089, 67679.5, 0
31358.6, 137675, 0
120891, 62005, 0
132053, 142949, 0
243634, 53285, 0
76899, 51398.9, 0
90896.1, 88323.8, 0
119792, 130797, 0
53157.1, 44085, 0
135978, 45263.7, 0
92947.3, 93167.4, 0
168564, 173249, 0
34238.7, 7707.32, 0
165943, 97123.6, 0
163281, 111316, 0
63713, 93262.1, 0
234867, 116571, 0
41400.3, 145252, 0
115945, 124676, 0
47742.8, 51069.5, 0
216527, 228483, 0
70566.6, 18254.8, 0
48449.2, 104141, 0
93708.2, 111849, 0
120942, 140761, 0
170970, 38450.8, 0
208937, 137684, 0
201746, 180670, 0
92889.6, 135603, 0
80867.7, 90645, 0
83859.9, 82890.9, 0
77216.8, 145199, 0
202430, 134973, 0
191798, 133485, 0
73497.7, 119172, 0
144795, 169268, 0
140220, 109239, 0
17670.8, 99867.4, 0
96098.9, 65472.3, 0
175163, 66258.3, 0
127520, 39807.7, 0
101827, 155036, 0
172638, 139069, 0
122340, 55069.5, 0
140101, 79227, 0
156813, 155946, 0
220608, 70889.2, 0
100590, 68012.7, 0
170470, 157042, 0
109934, 89785.1, 0
131315, 111912, 0
86877.2, 74807.9, 0
83528.2, 70107.4, 0
223206, 115685, 0
55198.2, 79169.2, 0
160614, 118856, 0
45751.3, 129750, 0
30895.3, 118228, 0
86531.1, 26999.5, 0
93777.5, 125276, 0
150221, 179917, 0
168146, 149041, 0
57848.4, 115650, 0
119298, 147388, 0
170399, 69113.7, 0
65093.6, 62859.3, 0
163076, 114097, 0
203707, 92279.8, 0
243318, 118776, 0
330455, 61948.5, 0
213680, 213339, 0
228015, 140800, 0
317170, 54952.6, 0
60145.7, 110055, 0
53913.2, 126809, 0
30058.4, 116478, 0
172261, 140814, 0
130526, 28851.2, 0
241351, 223996, 0
65732.2, 26265.4, 0
117830, 60165.6, 0
105692, 161908, 0
102092, 164191, 0
180890, 152961, 0
61387.9, 118703, 0
49546.4, 61893.2, 0
92362.9, 73262.8, 0
61387.8, 106492, 0
126887, 126889, 0
84577.9, 113379, 0
18036.2, 74070.3, 0
188442, 38149.6, 0
122166, 28121.1, 0
129937, 91579.9, 0
129115, 47077.2, 0
199646, 107260, 0
217414, 96498.2, 0
137240, 51873.2, 0
109998, 77415.7, 0
27514.6, 125500, 0
147130, 48868.5, 0
186099, 77279.9, 0
48866.8, 96583.1, 0
242712, 122811, 0
109828, 83839.6, 0
142745, 158064, 0
74872.1, 65746.5, 0
77465.4, 65067.5, 0
236314, 113406, 0
83794.6, 147367, 0
12805.4, 43578.4, 0
144582, 132017, 0
181049, 54970.9, 0
143883, 149370, 0
97981.8, 64952.9, 0
148096, 11127.1, 0
55474.3, 111728, 0
84035.6, 51078.1, 0
219670, 86105.2, 0
117812, 105348, 0
156753, 55854.4, 0
100738, 49481.1, 0
50737.3, 36084.3, 0
152980, 130789, 0
163356, 135583, 0
99658.8, 50341, 0
159678, 194101, 0
166506, 97656.7, 0
136673, 128036, 0
32406, 99002.3, 0
164573, 103626, 0
33601.6, 118799, 0
134674, 76973.9, 0
205929, 88167, 0
159296, 126275, 0
80976.7, 93650.6, 0
59052.9, 70153.5, 0
87830.8, 106139, 0
94925.4, 117494, 0
97442.7, 62698.4, 0
127697, 81768.8, 0
113363, 47796.2, 0
138897, 33084.9, 0
142070, 27454.8, 0
89935.4, 154921, 0
126277, 142928, 0
172021, 57417.7, 0
84848.6, 64228.2, 0
23483.5, 83834.7, 0
107183, 124953, 0
113161, 10088.6, 0
37328.9, 83363.7, 0
136096, 169270, 0
336929, 150432, 0
58027.8, 121146, 0
168061, 130904, 0
40811.7, 123738, 0
101847, 123756, 0
87134.5, 131111, 0
119854, 130546, 0
81783.8, 101280, 0
69345.9, 41387.9, 0
117893, 44236.7, 0
158148, 171053, 0
169083, 99962.3, 0
157573, 191128, 0
121802, 135442, 0
133977, 111302, 0
114247, 69568.5, 0
134445, 86116.2, 0
124647, 141244, 0
87952.5, 71451.3, 0
193334, 116738, 0
190309, 65585.7, 0
115010, 120631, 0
60994.9, 136271, 0
123773, 106742, 0
29972.3, 81734.3, 0
159541, 168862, 0
139748, 88260.2, 0
217816, 156094, 0
102163, 109214, 0
63609.2, 78603.7, 0
124861, 31832, 0
126691, 56399.5, 0
46418, 131800, 0
162568, 103349, 0
74698.4, 132729, 0
202299, 106373, 0
56643.7, 107586, 0
129717, 43395.3, 0
62027.1, 34703.5, 0
108957, 58702.6, 0
110414, 52528, 0
119735, 83371.7, 0
124175, 41929.9, 0
167480, 70594.1, 0
81057.5, 119644, 0
18814.1, 81486.3, 0
103098, 142547, 0
54528.3, 82431.5, 0
78303.8, 147035, 0
221563, 219660, 0
143044, 184661, 0
91967.8, 103899, 0
199832, 90137.5, 0
18198.5, 110715, 0
265126, 126191, 0
186568, 82447.5, 0
217251, 81750.1, 0
157656, 175392, 0
179855, 132966, 0
175597, 76026.8, 0
99323.2, 59307.5, 0
214862, 188900, 0
191200, 140863, 0
39185, 143803, 0
143883, 149370, 0
18425.7, 82452.9, 0
112578, 42116.5, 0
159726, 80923.7, 0
115115, 167599, 0
179219, 180347, 0
55449.6, 74601.5, 0
91149.2, 78146.2, 0
56810.8, 121053, 0
166949, 102754, 0
158292, 80226.1, 0
128156, 84771.7, 0
69516.4, 127873, 0
23182.7, 58886.2, 0
85734, 54721, 0
235503, 141918, 0
104617, 166324, 0
153687, 74814.7, 0
148564, 81844.4, 0
213665, 122567, 0
103549, 74580.3, 0
122328, 107997, 0
39275.3, 98187.7, 0
197266, 92705.6, 0
54288.7, 20581.2, 0
263668, 216511, 0
163583, 110121, 0
75406.6, 50287.5, 0
71744.4, 42549.8, 0
105485, 59040.3, 0
70342.3, 20356.2, 0
232725, 88386.5, 0
95725.8, 51556.7, 0
130989, 33569.2, 0
10326.2, 133507, 0
270151, 114675, 0
138764, 105173, 0
55638.9, 58037.5, 0
224196, 140303, 0
63976, 86267, 0
167593, 31207.4, 0
62679.4, 87559.8, 0
233518, 217756, 0
183119, 17245.5, 0
83463.8, 64498.5, 0
55413.3, 54052.1, 0
157907, 80609, 0
147802, 31867.5, 0
111982, 119934, 0
8778.95, 119984, 0
122024, 72401.7, 0
206789, 83834.2, 0
158510, 152557, 0
41879.2, 146831, 0
143802, 117635, 0
172743, 134467, 0
254928, 82047, 0
143598, 39941.8, 0
52549.8, 59371, 0
67958.3, 56856.6, 0
344571, 144612, 0
177327, 118348, 0
49538.4, 145937, 0
110957, 160752, 0
112360, 52467.2, 0
18974.2, 42317.7, 0
203775, 158198, 0
39146.9, 23535.3, 0
138807, 137739, 0
173865, 41390.2, 0
152131, 145201, 0
95581.1, 89508.4, 0
17051.9, 105933, 0
145678, 119590, 0
241670, 71146.9, 0
151052, 149756, 0
175309, 126914, 0
147057, 60695.3, 0
105119, 56200.4, 0
245990, 29596.5, 0
162337, 63377.1, 0
216293, 42128.8, 0
94212.3, 142668, 0
78684.6, 41889.7, 0
100489, 120833, 0
201682, 104617, 0
79994, 47023.1, 0
46386.5, 139741, 0
85090, 117288, 0
52930.9, 126243, 0
64504.5, 103667, 0
93976.6, 36018.3, 0
43403.6, 76706, 0
54532.5, 145151, 0
245410, 163615, 0
76862.5, 52282.8, 0
45190.3, 38256.2, 0
87738.7, 106965, 0
21790.7, 125086, 0
115687, 84670, 0
147482, 75683.4, 0
98250.5, 121104, 0
92161.1, 56925.3, 0
205475, 137207, 0
73639.7, 98881.4, 0
47328.3, 129162, 0
96787.2, 106080, 0
140952, 109752, 0
50733.3, 29241.9, 0
132046, 96572.3, 0
204146, 196695, 0
109940, 76099, 0
242771, 119997, 0
187713, 117113, 0
136619, 162532, 0
140747, 148868, 0
232859, 91951.3, 0
35266.2, 48956, 0
243826, 233088, 0
150111, 100534, 0
265600, 17380.4, 0
82838.6, 108084, 0
261214, 78840, 0
61919.3, 91264, 0
233086, 126255, 0
122243, 161480, 0
47990, 118684, 0
47850.6, 66712.1, 0
143117, 152547, 0
124506, 69423.2, 0
35983, 73552.2, 0
137728, 65718.7, 0
230666, 127690, 0
137503, 152682, 0
140127, 53289.7, 0
85097.9, 23547.1, 0
147368, 50559.7, 0
210364, 178346, 0
146816, 122922, 0
174115, 187429, 0
201985, 134800, 0
95711.3, 81760.5, 0
150423, 108541, 0
256775, 153515, 0
157142, 31682.3, 0
148788, 85317, 0
84506.2, 31708.7, 0
90163.4, 128524, 0
339367, 77927.7, 0
161548, 105915, 0
108729, 42637.3, 0
43039.3, 76280.9, 0
29649.7, 61022.5, 0
88971.7, 108129, 0
226687, 112105, 0
174407, 144869, 0
160949, 180473, 0
53547.6, 119016, 0
189229, 114859, 0
76446.4, 136773, 0
108027, 111928, 0
128715, 125265, 0
313395, 81461, 0
142732, 115597, 0
247941, 198715, 0
74001.7, 150305, 0
233637, 158569, 0
72150.1, 25962.4, 0
241816, 163678, 0
163856, 178931, 0
371991, 92056, 0
70921.7, 57378, 0
42454.5, 67676.2, 0
165381, 150727, 0
211925, 22500.7, 0
240142, 88571.1, 0
107614, 23594.5, 0
198206, 74724, 0
110417, 133307, 0
197959, 112879, 0
110080, 95032.9, 0
108387, 35816.4, 0
70304.4, 118281, 0
10012.9, 68199.6, 0
191907, 161220, 0
15739.6, 96920.1, 0
194509, 62553.7, 0
61472.1, 125344, 0
138738, 112730, 0
109775, 19757.3, 0
95692, 124413, 0
31056.4, 129003, 0
98394, 80272.3, 0
63712.5, 115409, 0
144151, 67975.2, 0
91731.7, 59897.5, 0
240066, 82236.9, 0
103339, 117602, 0
166284, 64812.5, 0
45017.7, 112528, 0
32319.3, 118529, 0
48818, 86394.2, 0
48269.2, 131923, 0
192183, 147361, 0
148946, 87036.6, 0
110487, 157736, 0
166972, 55126.8, 0
92375.8, 64379, 0
5171.53, 56441.4, 0
151912, 169090, 0
51928.8, 80957.1, 0
236173, 179315, 0
109624, 97049.4, 0
223699, 42251.9, 0
231525, 125511, 0
86948.2, 112081, 0
196589, 68871.3, 0
204293, 107903, 0
207598, 148324, 0
139700, 128990, 0
70963.9, 152504, 0
81720.6, 53986.4, 0
128366, 49504.5, 0
86510.5, 83522, 0
100541, 85833.5, 0
148024, 139466, 0
235457, 64852.9, 0
269302, 68181.5, 0
129089, 155293, 0
93683.4, 162159, 0
207767, 40074.9, 0
191104, 130020, 0
163376, 98729.4, 0
239239, 77197.1, 0
97990.8, 60894.2, 0
30020.8, 17437.1, 0
42724.4, 68098.1, 0
83432, 123193, 0
233199, 136960, 0
122910, 103697, 0
95765.7, 77012.1, 0
143166, 117364, 0
88131.1, 82528.7, 0
102304, 91768.2, 0
263677, 134757, 0
75722.1, 34778.9, 0
127687, 76661.5, 0
66606.7, 152902, 0
277137, 59066, 0
125137, 158363, 0
253046, 236337, 0
67721.1, 80007.6, 0
74902.1, 57742.5, 0
85952.3, 56699.4, 0
212121, 101415, 0
54423, 123736, 0
304007, 86358.6, 0
73904.3, 9650.4, 0
165857, 57430.9, 0
143710, 140328, 0
171396, 105722, 0
161588, 80253.9, 0
187739, 137371, 0
102600, 156507, 0
87666.5, 120262, 0
86155.6, 69450, 0
193355, 95702.2, 0
263107, 121012, 0
139664, 53005.4, 0
146771, 178991, 0
106968, 134544, 0
248881, 231560, 0
171672, 120624, 0
204871, 148082, 0
61789.7, 95459.1, 0
120578, 96226.9, 0
81948.5, 95399.3, 0
281224, 33318.9, 0
98849.1, 38290.4, 0
53374.1, 123464, 0
214329, 7806.38, 0
49588.8, 147549, 0
237025, 185155, 0
108974, 116177, 0
153266, 47856.6, 0
70081.8, 119109, 0
31683.7, 84393.9, 0
190131, 174877, 0
282666, 82524.1, 0
168794, 78813.7, 0
23968.6, 101874, 0
231271, 180373, 0
196756, 73799.9, 0
49002.3, 122896, 0
201074, 91686.3, 0
89281.4, 105552, 0
22818, 85659.8, 0
24731.1, 55742, 0
142400, 174266, 0
193377, 144268, 0
140691, 155762, 0
62538.4, 95996.7, 0
162046, 53848, 0
132497, 139502, 0
144635, 167572, 0
48910.1, 48574.3, 0
193198, 67912.7, 0
136612, 132791, 0
49279.8, 108590, 0
225506, 4631.22, 0
101619, 149969, 0
163954, 79145.9, 0
102731, 56577.8, 0
151412, 125516, 0
54708.2, 87888.2, 0
59232.5, 136923, 0
138844, 100829, 0
72149, 85113.9, 0
171032, 99203.4, 0
139819, 169048, 0
53635.6, 124010, 0
109458, 158959, 0
114586, 142306, 0
77978.6, 148498, 0
79419.5, 70140.2, 0
174405, 134624, 0
57610.9, 76744.3, 0
140851, 47193.4, 0
201962, 201557, 0
81823.7, 31451.5, 0
200477, 74117.3, 0
119523, 58206.6, 0
190055, 141483, 0
133372, 71596.6, 0
123084, 158811, 0
84483.8, 149496, 0
127779, 161846, 0
155955, 54946.6, 0
105844, 159265, 0
169085, 61246.6, 0
106220, 117965, 0
173418, 166084, 0
168394, 151662, 0
131591, 173762, 0
129597, 57536.5, 0
101785, 43129.9, 0
9873.14, 70328, 0
171757, 117014, 0
88789.1, 102602, 0
41013.9, 82205.5, 0
168719, 136875, 0
206248, 82045.7, 0
143442, 127522, 0
65178.4, 115785, 0
67962.3, 141699, 0
242169, 66513.4, 0
156206, 76178.7, 0
85410.5, 121336, 0
194060, 31305.9, 0
127532, 173009, 0
67571.8, 35160.3, 0
188061, 143824, 0
71080, 39354.1, 0
35627.3, 123237, 0
63437.7, 44230.9, 0
218228, 142463, 0
98144.1, 147197, 0
131486, 143313, 0
147421, 42964.2, 0
242403, 86781.3, 0
90104.6, 127886, 0
73633.5, 33205.4, 0
157295, 194097, 0
191983, 127634, 0
114610, 86624, 0
128312, 52974, 0
68086.6, 141930, 0
189949, 153145, 0
167040, 65897.6, 0
136618, 131966, 0
65173.1, 32586.5, 0
164976, 57436.6, 0
141780, 42591.8, 0
85462, 91270, 0
100900, 137747, 0
226646, 49582.6, 0
61354.8, 121964, 0
153319, 139164, 0
132772, 134112, 0
47718.1, 90725.6, 0
137647, 127555, 0
149844, 98164.2, 0
122639, 28021.4, 0
70587.7, 99378.5, 0
46305.1, 80975.1, 0
118373, 79463.8, 0
135997, 96089.4, 0
75991.4, 129368, 0
225899, 111436, 0
30570.7, 73705.8, 0
255851, 164211, 0
172415, 53756.1, 0
158308, 127340, 0
202197, 208647, 0
123079, 148723, 0
110027, 97712.9, 0
139145, 103263, 0
181062, 173529, 0
84824.3, 65859.9, 0
148525, 105103, 0
79490.7, 60201.8, 0
135086, 129636, 0
210339, 78806.3, 0
94949.6, 101086, 0
303313, 189761, 0
165801, 121531, 0
34424.3, 107587, 0
299097, 180972, 0
229257, 91638, 0
85123.6, 79382.8, 0
115690, 128638, 0
108949, 114355, 0
162697, 146188, 0
94761.4, 43551.7, 0
54825.3, 25264.7, 0
135925, 44319.1, 0
113669, 126293, 0
170799, 157530, 0
170045, 35858.9, 0
62355.4, 90334.8, 0
128843, 112592, 0
226119, 84543.7, 0
102537, 110230, 0
82510.3, 152235, 0
274499, 76548.5, 0
200273, 191301, 0
187599, 104495, 0
28429, 12905.7, 0
232661, 166142, 0
152961, 108928, 0
103009, 57040.7, 0
113466, 40523.1, 0
95210.4, 115848, 0
72983.9, 97060.7, 0
143693, 90387.1, 0
82505.3, 92825.8, 0
193707, 66094.4, 0
270243, 144764, 0
149642, 155394, 0
231074, 72599, 0
52149.7, 137620, 0
206592, 211368, 0
43722.2, 130234, 0
60534.6, 60783.7, 0
117344, 140300, 0
131093, 136537, 0
141510, 130324, 0
152847, 62359.3, 0
131096, 139627, 0
146383, 146676, 0
87449.8, 101682, 0
160646, 75976.3, 0
65170.4, 126169, 0
71994.2, 33274.7, 0
138415, 44024.2, 0
87500.8, 52404.9, 0
85079.9, 120242, 0
86494.7, 95317.3, 0
76474.3, 35082.8, 0
69650, 86546.3, 0
151361, 152716, 0
16574, 61231.7, 0
113350, 87692.7, 0
143169, 163932, 0
244933, 59379.8, 0
93663.7, 112619, 0
265285, 86858.9, 0
109458, 38061.5, 0
93063.8, 57367.2, 0
51164.8, 30354.8, 0
100693, 87252.6, 0
224077, 139833, 0
186339, 37279.9, 0
191699, 172039, 0
54630.2, 142183, 0
90760.1, 51217.4, 0
30837.5, 28862.9, 0
92674.8, 146142, 0
173261, 130199, 0
161370, 96620.7, 0
120483, 115965, 0
158820, 160791, 0
121678, 153448, 0
247780, 131831, 0
141310, 113462, 0
106290, 97685.8, 0
162121, 180672, 0
114356, 67331.2, 0
130346, 77387.2, 0
158327, 90043.4, 0
163620, 88601.1, 0
266139, 110078, 0
34050.4, 129437, 0
115549, 155738, 0
220295, 68628.1, 0
62252.5, 72236.7, 0
186732, 109455, 0
55106.5, 27148.5, 0
133140, 85241.1, 0
111250, 13269, 0
173853, 180700, 0
150969, 98211.9, 0
94725.5, 6676.57, 0
73785.7, 123925, 0
148285, 23928.5, 0
158199, 16517.4, 0
63954.7, 124768, 0
146964, 61725.4, 0
108314, 147820, 0
98120.8, 143412, 0
114326, 134281, 0
151113, 155829, 0
173540, 13929, 0
148888, 138489, 0
105935, 86072.7, 0
13930.1, 78609.7, 0
59992.7, 32579.2, 0
69835, 23131.9, 0
153513, 76485.7, 0
18602.8, 114308, 0
179561, 52062.3, 0
127588, 145015, 0
101917, 28831.9, 0
193658, 64209.2, 0
48464.9, 97385.7, 0
251849, 165935, 0
74387.9, 108023, 0
88639.4, 108786, 0
95794.8, 54781.6, 0
83806.3, 103661, 0
115622, 143638, 0
78212.4, 121176, 0
174219, 120362, 0
96479.7, 98163.1, 0
63154.7, 32458.7, 0
156757, 96004.9, 0
7628.97, 88884.1, 0
83360.1, 44019, 0
119294, 134197, 0
139016, 117202, 0
67597.7, 90625.1, 0
220243, 78797.4, 0
86545.8, 107954, 0
62992.3, 139188, 0
110078, 141024, 0
141972, 149215, 0
195788, 208707, 0
173884, 97915.6, 0
229658, 26598.8, 0
199451, 141866, 0
146610, 61009.8, 0
46396, 109588, 0
57349, 23010.7, 0
30864, 91237.8, 0
24314.8, 54849.6, 0
184900, 113823, 0
214733, 79937.3, 0
188358, 61372.3, 0
276084, 35738.9, 0
160225, 79087.6, 0
109643, 103766, 0
151486, 99136.5, 0
97899.5, 63940.5, 0
67498, 77795.8, 0
90826.5, 69164.1, 0
38832.7, 89836.6, 0
96427, 62282.4, 0
235120, 50981.4, 0
131951, 42278.3, 0
64480.7, 117711, 0
96257.4, 55322.4, 0
62786.6, 130272, 0
174289, 192075, 0
73298.7, 90983.1, 0
8889.06, 101871, 0
144414, 130437, 0
109458, 158959, 0
136555, 80958.8, 0
216410, 106365, 0
111781, 62663.4, 0
252472, 153762, 0
157938, 98846, 0
164762, 120654, 0
159927, 99242.3, 0
231890, 43792.7, 0
108329, 140459, 0
186284, 110723, 0
58725.1, 42314.1, 0
43304.3, 86060.7, 0
116368, 83716.2, 0
238486, 151352, 0
31628.2, 112453, 0
111855, 89265.4, 0
253897, 106734, 0
159353, 128733, 0
97166.5, 83043.4, 0
166059, 48997, 0
240205, 119550, 0
140442, 159369, 0
40384.4, 46566.4, 0
110491, 73059.2, 0
275331, 117961, 0
173399, 34962.2, 0
106172, 103513, 0
167908, 72308.1, 0
170979, 161453, 0
146109, 158718, 0
98542, 101420, 0
132991, 130866, 0
85449.2, 147093, 0
127976, 136674, 0
191024, 164125, 0
94408, 130367, 0
89935.4, 154921, 0
34445.6, 51090, 0
178802, 156853, 0
200059, 37215.1, 0
178829, 154733, 0
211232, 30783.6, 0
33582.2, 57271.5, 0
42076, 125551, 0
155812, 11894.3, 0
20612.7, 24016.9, 0
78483.3, 88182.4, 0
76001.5, 124708, 0
188441, 14492.1, 0
303538, 94284.8, 0
163304, 99430.8, 0
179110, 102117, 0
102752, 162621, 0
177645, 119889, 0
160404, 57298.4, 0
109458, 158959, 0
168508, 95640.6, 0
163556, 156557, 0
128604, 112395, 0
19637, 90758.1, 0
241264, 86088.7, 0
30271, 80912.7, 0
100402, 117974, 0
68229.7, 139513, 0
143691, 35236.8, 0
152199, 76622.9, 0
71637.3, 142300, 0
88826.2, 51370.1, 0
151373, 161942, 0
99848.6, 65275.8, 0
287876, 68651.9, 0
213651, 64220.8, 0
77267.8, 64718.7, 0
78511.7, 129286, 0
114241, 58260.6, 0
74027.1, 102373, 0
227219, 75738.9, 0
170446, 168433, 0
135772, 121199, 0
216060, 76597, 0
74690.5, 107182, 0
107461, 101976, 0
164268, 121763, 0
131124, 120597, 0
72836.8, 124745, 0
143571, 108692, 0
367145, 58224.1, 0
195316, 199343, 0
118259, 111961, 0
274883, 196554, 0
168711, 79141.6, 0
124456, 111405, 0
178056, 113323, 0
117187, 175515, 0
25143.1, 96807.5, 0
126818, 98429.8, 0
103345, 102659, 0
114093, 152163, 0
183225, 108157, 0
110659, 117769, 0
164386, 81575.2, 0
122411, 129632, 0
36632.2, 33378.7, 0
136192, 70025.3, 0
39420.9, 119047, 0
191922, 71426.2, 0
127430, 52641.4, 0
213786, 133717, 0
97838.9, 81382.6, 0
257009, 178248, 0
233649, 88613.1, 0
268276, 188104, 0
187766, 110340, 0
161931, 107407, 0
138134, 182845, 0
42232.1, 118138, 0
131691, 152395, 0
220577, 130372, 0
102885, 164611, 0
271720, 37542.3, 0
68375.7, 50176.9, 0
82216.9, 112109, 0
74934.4, 50396, 0
79100.6, 54816.3, 0
223345, 190507, 0
117175, 7568.51, 0
189318, 75473.2, 0
164325, 57528.4, 0
242408, 191043, 0
55878, 135719, 0
155140, 55708.4, 0
106931, 81503.4, 0
49829.7, 77236.2, 0
130247, 145603, 0
99367.9, 56344.4, 0
192347, 137953, 0
39508.9, 89407.7, 0
179639, 167498, 0
91732.8, 131867, 0
184172, 93502, 0
200781, 206033, 0
149967, 149731, 0
352807, 155417, 0
37646.4, 109809, 0
82586, 119292, 0
29082.5, 113805, 0
194415, 20705.9, 0
141051, 101366, 0
59882.7, 143011, 0
67400.9, 93352, 0
202590, 62553.2, 0
71650.4, 114823, 0
33957.4, 106010, 0
120560, 104981, 0
154278, 100224, 0
176850, 94740.3, 0
65995.1, 70190.4, 0
143260, 183505, 0
136752, 104081, 0
35899.1, 76762, 0
89193.8, 127005, 0
6705.16, 128715, 0
104642, 11042.1, 0
170045, 152880, 0
200462, 54075.1, 0
136223, 119092, 0
109458, 38061.5, 0
100106, 123433, 0
81901.5, 71990.4, 0
265373, 122136, 0
99677.4, 118492, 0
136682, 115866, 0
180196, 106630, 0
102286, 23967.8, 0
52271.2, 17668.6, 0
225314, 171089, 0
64660.9, 103511, 0
155493, 172460, 0
121437, 94550.6, 0
141211, 77895.9, 0
186445, 80694.6, 0
117336, 55916.1, 0
159595, 191617, 0
92592, 13848.5, 0
75150.7, 117328, 0
308391, 59055.8, 0
77104.9, 44000.9, 0
40372.5, 82457.9, 0
186387, 93928.1, 0
94011.9, 67010.7, 0
184473, 125622, 0
85979.7, 91624.7, 0
42692, 91295.6, 0
84671, 142301, 0
84273.2, 39225.2, 0
57651.7, 14712, 0
118282, 78459.6, 0
138596, 145008, 0
308462, 35812.4, 0
269731, 25008.8, 0
132357, 104700, 0
136222, 56111.8, 0
127219, 44543, 0
87628.4, 134960, 0
35344.1, 15788.5, 0
113166, 104084, 0
13406.8, 104361, 0
197700, 137521, 0
252124, 166955, 0
40734.5, 44451.1, 0
18362.1, 87054.5, 0
243604, 34684.6, 0
172217, 22320.4, 0
66279.3, 107517, 0
164410, 173500, 0
135654, 6888.19, 0
50538.4, 62146.8, 0
74609, 147127, 0
201660, 32694.2, 0
114908, 87766, 0
142932, 26790.3, 0
38869.7, 114098, 0
86804.7, 37238.7, 0
163852, 64554.9, 0
79499.4, 70405.7, 0
109504, 102552, 0
103101, 119060, 0
208648, 84535, 0
139341, 64969.7, 0
76513.3, 54175.1, 0
54381.6, 40293.6, 0
84598.2, 75523.5, 0
124407, 150929, 0
47544.6, 116360, 0
61367.4, 149719, 0
181411, 174814, 0
150481, 121331, 0
74659.9, 116073, 0
150550, 109679, 0
154467, 125549, 0
156764, 100860, 0
113151, 159496, 0
21491.8, 104380, 0
99266, 113744, 0
121554, 94586.7, 0
86250, 97264.5, 0
70417.6, 120463, 0
151836, 34655.2, 0
120871, 151431, 0
62843.9, 45838.4, 0
301132, 149176, 0
54852.5, 92127.7, 0
179554, 137048, 0
200054, 131887, 0
185361, 59121.3, 0
250179, 87114.7, 0
89391, 108508, 0
243110, 76583.7, 0
155121, 88343.6, 0
184620, 106797, 0
176437, 180379, 0
69400.1, 127544, 0
33182.2, 43761.6, 0
51118, 75631.3, 0
197894, 161363, 0
155739, 112958, 0
71164.7, 33552.8, 0
87041.2, 133736, 0
150589, 152646, 0
267001, 32746, 0
109458, 38061.5, 0
80975.2, 75142.6, 0
89887, 44546.1, 0
116882, 62441.8, 0
84236.7, 63691.7, 0
85787.9, 17757.1, 0
19696.9, 116444, 0
188400, 131203, 0
90857.9, 51291, 0
120503, 123342, 0
51701.8, 138543, 0
297361, 109481, 0
172564, 71437.4, 0
150802, 154366, 0
184783, 81147.1, 0
137512, 87905.5, 0
198024, 212114, 0
181740, 152082, 0
116449, 162556, 0
49572.2, 80218.1, 0
72159.6, 38762, 0
86919.6, 51604.7, 0
154962, 99233, 0
194202, 97815.4, 0
209104, 133906, 0
173876, 81873.3, 0
74771, 85433.3, 0
96616.5, 156588, 0
160775, 60176, 0
92211.9, 77081, 0
97133.9, 146105, 0
147553, 25322, 0
34173.1, 142219, 0
98531.1, 53716, 0
129323, 135158, 0
206804, 84614, 0
128158, 157475, 0
171268, 57545.1, 0
134517, 73951, 0
119038, 123261, 0
91920.6, 68887.5, 0
188362, 24241, 0
138986, 96307.1, 0
159056, 130121, 0
136963, 63574.2, 0
89247.9, 117097, 0
118071, 115568, 0
189456, 163080, 0
143883, 72970.2, 0
87739.1, 113266, 0
207166, 85413.2, 0
114906, 38461.1, 0
114990, 119031, 0
83662.6, 105457, 0
16756.8, 121963, 0
159720, 186012, 0
101357, 136547, 0
108473, 157478, 0
189318, 137034, 0
100109, 106910, 0
125827, 50130.4, 0
140856, 49283.8, 0
189061, 127970, 0
159544, 187929, 0
139457, 126570, 0
173204, 196251, 0
153076, 17959.5, 0
171644, 21806.3, 0
105540, 60157.5, 0
81572.9, 49388.3, 0
199175, 109477, 0
148006, 156498, 0
164584, 189902, 0
196573, 47903.1, 0
206664, 12379.8, 0
84418.2, 97684.4, 0
83567.7, 99149.8, 0
111940, 119036, 0
48550.9, 81986.8, 0
196885, 128380, 0
202631, 125355, 0
237518, 43157.2, 0
181380, 119732, 0
169335, 181692, 0
89772.4, 119025, 0
70268, 155288, 0
9377.93, 121981, 0
149734, 116505, 0
133134, 36864.5, 0
74690.1, 61950.7, 0
73847.8, 28689.5, 0
180914, 158374, 0
131494, 162924, 0
11129.9, 72520.8, 0
134251, 48083.3, 0
194686, 174946, 0
155541, 129182, 0
100842, 14971.6, 0
139502, 60772.9, 0
235563, 236966, 0
57814.1, 66713.2, 0
71440.6, 54495.4, 0
171846, 146262, 0
88867.5, 79646.7, 0
137622, 79019.1, 0
144031, 165698, 0
86617.2, 46042.7, 0
56019.7, 76111.5, 0
135403, 33019.6, 0
83624.9, 139074, 0
236328, 11959.9, 0
42208.3, 103335, 0
251502, 89347.3, 0
84501.7, 72693.7, 0
216942, 59055.6, 0
355222, 226116, 0
177356, 43665.4, 0
156541, 92002.9, 0
138816, 96892.2, 0
70654.8, 21980.5, 0
246193, 54476, 0
87873.3, 116643, 0
8574.77, 108062, 0
160005, 160798, 0
96236.5, 129937, 0
84938.9, 139494, 0
45387.8, 14562.2, 0
277487, 156870, 0
81815.2, 92861, 0
140458, 30368, 0
130011, 177179, 0
145774, 106112, 0
73892.6, 78691.2, 0
35401.9, 130702, 0
125686, 172665, 0
51378.5, 89029.5, 0
71251.8, 48778.7, 0
114553, 39490.5, 0
87231.8, 71662.7, 0
79039.6, 132010, 0
80868.5, 85523, 0
109082, 112337, 0
145382, 135611, 0
97116.9, 113864, 0
15618.7, 72466.6, 0
48083.8, 110814, 0
156255, 140537, 0
256189, 74153.8, 0
150891, 56423.6, 0
118021, 172873, 0
102458, 94979.1, 0
229108, 109271, 0
183349, 33931.2, 0
27657.4, 67582.8, 0
99286.4, 11657.8, 0
145086, 100845, 0
53411.2, 88159.4, 0
162993, 40848.8, 0
115281, 148545, 0
151404, 43370.1, 0
217840, 89886.8, 0
193218, 87100, 0
197091, 78792.4, 0
133012, 132264, 0
147484, 36208.7, 0
158881, 83634.2, 0
286012, 212947, 0
48423, 87427.6, 0
101059, 60801.7, 0
153387, 72104.2, 0
292077, 272867, 0
124324, 94493.8, 0
34727.7, 130101, 0
17745.2, 18625.8, 0
121310, 150185, 0
85163.1, 56291.6, 0
160953, 142597, 0
96779.8, 38331.8, 0
83047.4, 74768.1, 0
60349.9, 19465.5, 0
53237.2, 117833, 0
118326, 174898, 0
195434, 140953, 0
138877, 67393.6, 0
179036, 103767, 0
41513.1, 106897, 0
78383.1, 119435, 0
100202, 104027, 0
144586, 126144, 0
138025, 127901, 0
83427.3, 137977, 0
175545, 12964.1, 0
41347.5, 110993, 0
88920.8, 43991.5, 0
103009, 105005, 0
77539.9, 122139, 0
95148.8, 122383, 0
10716.3, 92129.4, 0
70631.8, 155011, 0
88987.5, 75769.6, 0
229243, 117700, 0
53871.4, 64101.3, 0
115125, 73509.6, 0
74587.6, 84967.8, 0
7571.34, 94058.5, 0
128071, 157914, 0
82119.6, 95501.1, 0
193767, 103052, 0
92557.4, 103220, 0
175012, 53837.1, 0
101232, 126583, 0
135070, 143305, 0
143883, 149370, 0
147704, 79239.1, 0
115846, 104882, 0
135247, 9368.4, 0
180194, 133275, 0
73238.5, 143316, 0
198621, 147749, 0
114822, 115191, 0
121598, 84783.5, 0
158113, 166902, 0
72513.6, 108664, 0
108961, 45681.8, 0
63097, 148385, 0
123163, 75000.3, 0
345105, 123121, 0
64601.8, 130435, 0
212933, 146626, 0
57442.7, 99132.1, 0
117404, 136444, 0
218274, 133336, 0
68642.2, 120445, 0
284806, 185625, 0
110756, 162306, 0
169426, 119737, 0
284987, 86624.1, 0
119878, 99575.7, 0
251423, 77617.7, 0
126131, 64471.4, 0
124880, 36531.5, 0
90924.3, 78658.3, 0
130535, 124672, 0
135696, 138639, 0
173202, 101461, 0
60358.7, 61721.9, 0
114225, 151048, 0
94540, 152140, 0
90531.4, 123630, 0
118385, 105956, 0
70503.9, 144398, 0
130821, 142721, 0
29056.9, 49775.8, 0
87614.1, 35263.4, 0
90639.9, 126650, 0
180208, 144907, 0
182461, 123069, 0
80114.2, 37921.4, 0
123410, 147540, 0
95596.9, 77965.1, 0
151319, 86360.5, 0
73427.5, 15692.7, 0
105818, 94648, 0
165725, 122346, 0
64145.8, 111659, 0
187770, 129116, 0
148162, 93270.4, 0
50949.1, 66133.4, 0
228015, 104880, 0
121041, 176150, 0
49273, 89078.2, 0
233212, 190026, 0
105085, 86732.7, 0
203037, 166233, 0
31726, 122847, 0
96965.7, 95128.5, 0
190061, 147322, 0
109308, 76114.7, 0
100199, 58727.7, 0
123083, 120847, 0
84440.9, 72273.9, 0
103155, 111767, 0
119454, 57942, 0
99944.9, 102041, 0
11017.6, 138092, 0
87480.5, 90994.6, 0
53537.9, 49663.4, 0
204152, 9942.25, 0
80185.3, 102523, 0
104213, 94714.9, 0
183272, 59987.2, 0
140409, 173359, 0
62878.9, 25617, 0
115739, 139040, 0
244199, 154961, 0
95985.6, 73773.6, 0
301209, 201766, 0
89294.4, 69413.9, 0
211843, 78707.3, 0
117911, 40670.2, 0
87309, 91641.9, 0
96285.8, 164193, 0
372159, 102053, 0
122608, 130987, 0
129372, 48147.8, 0
33606.8, 72537.2, 0
235920, 93586.8, 0
80488.8, 120638, 0
100162, 160994, 0
116378, 134036, 0
203264, 135790, 0
170541, 134868, 0
121708, 41563.8, 0
180875, 190221, 0
131728, 62203.9, 0
200865, 95636.9, 0
175803, 161526, 0
174651, 137733, 0
37073.8, 58977.4, 0
129525, 168519, 0
146425, 135572, 0
109186, 102598, 0
129021, 43778.2, 0
40221.8, 116994, 0
172072, 158783, 0
93827.4, 84818.7, 0
355511, 185709, 0
43314.7, 89489.5, 0
214330, 147860, 0
204054, 50005.8, 0
140040, 2955.55, 0
13430, 39200.8, 0
112868, 49784.5, 0
113153, 139770, 0
108917, 61184.8, 0
96082.4, 86879.2, 0
172168, 183292, 0
74793.7, 142555, 0
113549, 23302.8, 0
255125, 137277, 0
232866, 74869.5, 0
56034.3, 55918.4, 0
152158, 39301.5, 0
142603, 7407.36, 0
67289.8, 63117.4, 0
57016, 133116, 0
329431, 62102.2, 0
179435, 111773, 0
104220, 133708, 0
64841.5, 8778.8, 0
120718, 174408, 0
75236.9, 81137.7, 0
156102, 76411.6, 0
306823, 183762, 0
99824.8, 39387.6, 0
66815.5, 98163.6, 0
180510, 88461.6, 0
51552.4, 73761.5, 0
121400, 55544.2, 0
143070, 123308, 0
98258.7, 47212.5, 0
117497, 98737.3, 0
106664, 80359.4, 0
87037.7, 46780.4, 0
128925, 131993, 0
120761, 141645, 0
83242.9, 114995, 0
171832, 45577.8, 0
88080.3, 131430, 0
170533, 173420, 0
129044, 98349.7, 0
102910, 118099, 0
110447, 69784.8, 0
120287, 69725.4, 0
120477, 158959, 0
226341, 78320.5, 0
145315, 122890, 0
124532, 42188.2, 0
157229, 150524, 0
99491.3, 87230.2, 0
142823, 63831.8, 0
92478.7, 96393, 0
195630, 130021, 0
163661, 156076, 0
154741, 133956, 0
77914.7, 31129.1, 0
125009, 92297.7, 0
146829, 173995, 0
138141, 115795, 0
142914, 150968, 0
143913, 162925, 0
173324, 98990.7, 0
76293.4, 137423, 0
164076, 112804, 0
199497, 104287, 0
202646, 89200.1, 0
88017.6, 74396.5, 0
117701, 86539, 0
177672, 113770, 0
52131.3, 98756.9, 0
149332, 18690.7, 0
35931.5, 27368.6, 0
16843.2, 60508.8, 0
125618, 121246, 0
191364, 139947, 0
141706, 166197, 0
105779, 149269, 0
91330.2, 51147.4, 0
267740, 167939, 0
16765.2, 103000, 0
256424, 41907.7, 0
63325.2, 149330, 0
159117, 115873, 0
147482, 158176, 0
198582, 82865.6, 0
8369.59, 128985, 0
191678, 53424.7, 0
117662, 61936.2, 0
124234, 59468, 0
39956.7, 77791, 0
63048.8, 140712, 0
100026, 104712, 0
124292, 61750.3, 0
93189.2, 104032, 0
65077.8, 80887.8, 0
23692.7, 139880, 0
71912, 87836.1, 0
270415, 228337, 0
86477.9, 135925, 0
250226, 149047, 0
17638.3, 37432.4, 0
109458, 38061.5, 0
96364.6, 100727, 0
217189, 169255, 0
23213.2, 83889.5, 0
127605, 152610, 0
88019.6, 94655.4, 0
49731.3, 104240, 0
145906, 166527, 0
90482.1, 153154, 0
275536, 17450.5, 0
175674, 17529, 0
24844, 94867.4, 0
199814, 123354, 0
197989, 98585.5, 0
86053.6, 82217.4, 0
242032, 87469.9, 0
213387, 66955.3, 0
217110, 152047, 0
146829, 104810, 0
56325.8, 96166.4, 0
99943, 22547.9, 0
88803.9, 59048.1, 0
37265.7, 6489.94, 0
181718, 54840.2, 0
106524, 57983.4, 0
77781.3, 57251.1, 0
87944.3, 127998, 0
146993, 84613.7, 0
186637, 122301, 0
265845, 126468, 0
129640, 107527, 0
147756, 169020, 0
179759, 141719, 0
142927, 127642, 0
110373, 55679.3, 0
27887.4, 125816, 0
79215.8, 69441, 0
62984, 87666.7, 0
97913.6, 110983, 0
268567, 73369.6, 0
116712, 160481, 0
162026, 88809.2, 0
98767.8, 90444.6, 0
186589, 196595, 0
134886, 118597, 0
109199, 119731, 0
82922.8, 109469, 0
129826, 174578, 0
80246.3, 93770.5, 0
63857.5, 119946, 0
83198.5, 118338, 0
16626.7, 73043.6, 0
111554, 127556, 0
220843, 137011, 0
51781.3, 33074.7, 0
106017, 99568.9, 0
230634, 52083.5, 0
182123, 80469.2, 0
69273.5, 49458.2, 0
156585, 153448, 0
98041.9, 165241, 0
121447, 131154, 0
123413, 150003, 0
116937, 124450, 0
177145, 128541, 0
194164, 123084, 0
105901, 36024.5, 0
70255.9, 72284.3, 0
141731, 132597, 0
233879, 56468.5, 0
86560.4, 24070.4, 0
182607, 72891.6, 0
123024, 96421.6, 0
107985, 122747, 0
78302.4, 100649, 0
180840, 105919, 0
130475, 142901, 0
31598.3, 35313.7, 0
156336, 33626.1, 0
204228, 65269.5, 0
117149, 139062, 0
35158.7, 91976.8, 0
227911, 102094, 0
227370, 216393, 0
171429, 193745, 0
205140, 117715, 0
126002, 109309, 0
86580.8, 95534.5, 0
106548, 47896.6, 0
165843, 96306.2, 0
252824, 121026, 0
189662, 146466, 0
149103, 110734, 0
135349, 109689, 0
169695, 148945, 0
227310, 154659, 0
144516, 127875, 0
170450, 30865.3, 0
138648, 161660, 0
258147, 49181.7, 0
121778, 34420.9, 0
75341, 127175, 0
115019, 131944, 0
180954, 116033, 0
173173, 167166, 0
263403, 83852, 0
12284.5, 51313, 0
47258.1, 92926.3, 0
