212953, 97690.8, 0
254962, 198263, 0
151402, 127895, 0
126497, 91191.9, 0
200993, 98490.6, 0
164127, 161784, 0
130352, 111822, 0
100623, 43968, 0
98057.6, 106722, 0
62497.9, 112247, 0
124089, 42199.9, 0
164057, 52622.2, 0
230369, 127304, 0
60836.4, 113824, 0
158821, 111286, 0
72215.8, 84839.5, 0
100348, 112055, 0
246116, 87768.7, 0
150443, 69613.8, 0
113230, 56049.8, 0
111592, 93864.1, 0
115179, 107723, 0
167747, 48621.7, 0
98922.4, 101114, 0
181473, 111981, 0
265973, 166168, 0
100162, 110039, 0
116390, 41512.2, 0
236962, 30741.3, 0
53310.2, 106452, 0
84789.6, 29190.1, 0
149313, 68189.6, 0
112114, 137189, 0
85914.1, 117655, 0
140580, 10793.1, 0
95254.6, 101123, 0
50832.4, 76916.3, 0
314755, 44749.8, 0
100470, 132444, 0
65946.2, 14739.3, 0
83083.7, 88958.6, 0
59963.7, 101351, 0
130387, 54164.2, 0
174250, 68587.3, 0
129677, 107613, 0
103514, 58360.2, 0
29226.6, 57734.6, 0
222193, 192923, 0
179436, 91929.2, 0
129735, 26880.9, 0
53359, 28822.3, 0
150200, 56340.2, 0
163641, 158251, 0
179713, 52754.9, 0
63512.3, 99049.2, 0
98395.9, 118122, 0
154746, 83928, 0
267895, 197211, 0
161483, 134517, 0
233559, 72888.5, 0
143232, 107152, 0
186226, 117148, 0
125594, 112478, 0
185514, 50755, 0
147380, 98889.5, 0
92013.1, 27123.8, 0
26459.2, 47908.9, 0
121653, 129890, 0
230187, 137177, 0
168110, 120663, 0
125603, 133214, 0
160277, 27275.3, 0
166538, 58709.1, 0
159144, 88254.7, 0
157681, 90767.6, 0
176768, 89757.2, 0
95154, 69632.8, 0
43447.7, 60917.6, 0
105558, 116585, 0
70848, 104327, 0
140607, 95679.8, 0
145444, 61277.6, 0
172838, 59052, 0
91531.8, 81734.1, 0
144549, 98786.5, 0
137492, 120536, 0
64689.9, 43363.3, 0
59595.9, 63140.2, 0
122343, 58938.5, 0
177128, 60337.5, 0
186461, 70202.3, 0
25966.4, 89956.2, 0
148805, 79772.4, 0
23285.5, 82091, 0
312811, 38890.6, 0
70034.7, 21583, 0
241750, 106829, 0
7372.65, 55942.9, 0
86562.5, 116811, 0
122796, 107458, 0
127250, 68183.3, 0
93685.7, 4192.77, 0
92308.2, 88293.4, 0
133518, 107509, 0
122464, 44901.7, 0
26384, 67549.5, 0
142548, 97088.5, 0
131550, 47287.6, 0
141985, 150611, 0
112331, 89264.9, 0
85957.1, 109873, 0
90342.8, 40398.3, 0
86983, 126557, 0
264445, 125034, 0
145784, 77998.9, 0
126602, 81854.7, 0
82126.5, 48707.6, 0
207688, 128182, 0
165587, 155143, 0
162307, 8652.99, 0
193097, 92178.6, 0
119484, 83123.4, 0
170708, 11285.6, 0
177583, 105787, 0
189767, 87528.8, 0
49523.7, 44304, 0
82059.4, 62523.7, 0
76885.8, 37377.5, 0
137326, 43578.9, 0
163529, 97022.5, 0
86733.4, 96724.1, 0
322276, 73044.2, 0
168583, 151251, 0
173874, 21008.6, 0
369077, 62224.4, 0
63214.1, 107748, 0
283553, 97018.4, 0
148759, 54273.1, 0
121620, 105535, 0
178955, 107408, 0
210167, 121414, 0
271224, 128704, 0
110290, 138477, 0
244761, 86592.3, 0
154385, 119144, 0
176528, 63545.3, 0
88982.1, 71122.8, 0
83818.2, 66561.3, 0
228988, 173880, 0
233122, 86855.3, 0
228520, 174959, 0
51764.5, 108171, 0
56682.4, 99966, 0
44093.3, 87134, 0
111353, 94561.3, 0
183833, 159632, 0
163573, 127444, 0
95528.4, 126795, 0
149701, 44093.2, 0
106019, 63260.9, 0
28172.1, 46410.6, 0
106276, 63172, 0
59380.6, 80725.1, 0
242746, 42336.6, 0
273653, 92946.6, 0
133665, 104534, 0
57534, 99004.4, 0
187295, 141827, 0
86350.9, 105969, 0
187929, 161765, 0
162414, 78811, 0
190089, 41575.9, 0
149794, 101091, 0
199168, 113550, 0
159217, 36906.7, 0
89481.6, 118146, 0
48117.9, 105925, 0
81662.1, 111784, 0
209495, 89769.4, 0
51369.5, 103091, 0
153513, 154963, 0
234722, 20193.4, 0
138592, 105468, 0
114509, 88162.5, 0
87632.4, 38121.5, 0
66499.2, 92526.7, 0
194373, 65817.6, 0
79932.6, 95552.8, 0
64284.3, 102028, 0
212675, 96827.3, 0
97523.6, 77800.2, 0
151613, 123400, 0
186613, 112584, 0
87382.8, 100205, 0
62541.2, 111504, 0
193488, 114722, 0
127204, 128015, 0
149546, 148914, 0
135625, 127368, 0
114307, 77518.4, 0
61713.8, 29957.9, 0
219357, 137508, 0
19496.5, 61102.7, 0
300913, 233384, 0
77478.3, 73081.7, 0
235154, 91136, 0
87083, 90681.9, 0
25803.4, 29420.5, 0
273653, 39362.2, 0
57765.8, 6406.51, 0
300660, 84234.4, 0
53644.9, 76248, 0
88098.7, 38708.7, 0
66614.9, 60269, 0
145952, 136038, 0
51636.1, 42185.9, 0
130022, 106977, 0
195574, 183480, 0
256659, 180596, 0
170830, 166125, 0
115156, 89470.4, 0
197221, 44922.4, 0
144218, 37054.9, 0
237099, 158776, 0
128750, 134633, 0
127112, 124408, 0
201823, 111208, 0
200107, 49661, 0
153440, 105309, 0
215260, 140251, 0
68981.7, 70013, 0
36630.4, 100914, 0
84035.1, 69523.5, 0
211585, 72617.3, 0
253506, 17529.4, 0
157234, 138487, 0
116558, 66389.8, 0
95090.5, 79624.9, 0
48700.6, 48637.7, 0
153784, 150632, 0
192696, 75319.7, 0
48013.4, 68310, 0
70077.2, 12241.5, 0
48487.2, 59517.4, 0
83910.2, 95261.9, 0
114418, 43490.1, 0
52555.9, 59924.7, 0
212961, 43962.8, 0
149440, 147819, 0
112203, 40897.7, 0
105481, 131758, 0
116453, 112701, 0
61478.3, 104481, 0
146649, 54205.9, 0
89080.2, 121335, 0
62197, 109774, 0
39600.1, 91277.5, 0
185381, 116636, 0
118374, 92746.6, 0
30874.3, 73137.4, 0
138521, 107648, 0
117474, 122449, 0
204248, 134985, 0
93333.3, 76715.2, 0
175193, 87854.2, 0
158083, 41027.2, 0
106782, 116180, 0
202397, 113611, 0
83704.3, 31166.4, 0
150167, 117169, 0
81809.8, 100619, 0
142660, 125673, 0
189397, 51106.1, 0
158865, 49619.5, 0
253773, 189633, 0
164227, 90054.4, 0
187729, 141055, 0
132864, 68324.7, 0
203358, 107776, 0
153156, 91606.1, 0
157104, 42299.3, 0
259877, 148867, 0
174642, 85551.5, 0
80558.5, 117684, 0
26406.7, 15175.2, 0
103533, 120528, 0
212953, 65525.1, 0
152944, 97163.2, 0
33544.1, 73385.3, 0
82163.4, 103296, 0
294784, 182971, 0
234614, 81003.3, 0
103470, 87792.8, 0
198093, 55338.8, 0
135658, 120904, 0
177406, 37136.3, 0
61137.9, 91667.7, 0
284322, 71288.7, 0
136102, 44166.3, 0
109525, 120720, 0
80383.1, 122367, 0
92993.4, 76183.5, 0
156253, 38757.6, 0
134749, 105367, 0
80540.4, 76195.1, 0
36550, 98768.5, 0
103944, 68155, 0
108773, 124878, 0
123534, 61620.2, 0
136747, 57419.1, 0
142646, 153055, 0
169141, 126831, 0
213761, 113612, 0
79022.7, 93568.6, 0
197678, 66046.7, 0
166536, 124256, 0
128554, 61748.5, 0
122169, 101729, 0
252769, 140695, 0
164328, 155682, 0
47598.3, 67799.9, 0
82836.2, 88201.5, 0
217325, 88815.3, 0
159874, 56006.2, 0
119341, 106451, 0
41073.3, 101759, 0
168762, 34389.8, 0
113631, 114443, 0
212273, 73186.5, 0
152500, 95590.1, 0
212953, 97690.8, 0
144369, 59680.3, 0
78098.4, 117243, 0
126876, 122236, 0
149812, 89129.4, 0
186946, 45009.9, 0
156627, 52001.8, 0
41088.5, 27137.6, 0
90110.7, 102927, 0
31919.8, 74069.5, 0
213813, 77332.6, 0
105047, 76499.2, 0
337693, 144123, 0
111276, 36418.7, 0
180992, 122997, 0
162714, 78576.8, 0
99240.5, 128320, 0
19439.2, 36852.7, 0
158740, 165219, 0
170798, 121991, 0
95815.4, 95202.2, 0
142351, 89337, 0
175801, 67662.3, 0
192005, 121442, 0
130697, 105058, 0
172530, 85021.6, 0
70718.4, 77839.2, 0
213360, 190132, 0
16123.7, 60644.8, 0
212295, 164016, 0
205798, 65851.6, 0
94895.2, 52032.1, 0
75000.5, 72993.5, 0
99617.4, 129167, 0
49650.9, 85587.6, 0
243699, 122191, 0
258000, 189175, 0
183170, 108027, 0
103849, 25765.8, 0
223872, 96668.3, 0
155859, 103585, 0
179510, 86427.6, 0
74734.1, 63829.2, 0
113942, 128607, 0
233396, 84479.1, 0
111325, 95708.8, 0
168905, 39336.2, 0
181180, 151574, 0
79920.6, 122094, 0
181081, 149548, 0
83361, 58333.4, 0
70176.1, 108778, 0
83530.3, 116550, 0
90041.2, 58848.4, 0
146642, 159394, 0
65165.2, 72700.1, 0
51752.8, 56200.3, 0
189817, 31408.3, 0
125389, 39763.4, 0
19061.3, 30381.4, 0
260169, 43821.3, 0
175857, 110821, 0
220763, 111353, 0
148600, 20228.7, 0
114390, 106601, 0
179440, 83649.1, 0
23493.3, 101006, 0
82627.7, 90483.5, 0
144116, 70484.7, 0
220789, 79143.4, 0
192360, 91565.8, 0
115210, 37567.6, 0
258999, 36030.9, 0
96161.3, 67066.6, 0
161316, 50817.4, 0
137641, 59750.4, 0
46981, 84051.1, 0
234936, 66634, 0
102696, 78670.9, 0
151125, 119729, 0
133865, 149328, 0
222519, 54197.1, 0
103132, 94672.2, 0
236223, 64583, 0
92081.7, 69533.4, 0
151832, 105318, 0
199345, 83731.7, 0
115428, 126024, 0
127231, 129009, 0
176468, 130126, 0
124159, 108569, 0
194166, 73613.7, 0
99025, 62136.4, 0
83739.4, 45814.3, 0
92808.9, 10767.4, 0
212674, 135486, 0
67680.6, 35113.9, 0
25353.9, 95308.1, 0
114204, 81313.6, 0
83834.4, 81919.8, 0
185301, 119287, 0
50315.7, 63816.1, 0
6971.41, 68101.9, 0
107794, 63989.2, 0
178314, 48303.1, 0
180830, 111101, 0
123089, 105224, 0
143741, 51469.3, 0
181456, 170659, 0
178547, 175139, 0
164597, 36789.1, 0
58184.1, 102597, 0
109701, 96948.7, 0
157281, 54014.9, 0
137895, 133497, 0
208854, 47922.8, 0
21792.2, 73740.8, 0
76895.8, 121222, 0
204337, 67117.6, 0
127694, 47484.4, 0
95922.1, 37869, 0
125842, 128460, 0
85985.5, 40319.7, 0
273847, 226966, 0
128752, 98189.5, 0
242193, 109581, 0
22075.3, 62585.4, 0
258047, 47135.7, 0
70717.8, 86900.6, 0
75868.5, 74010.3, 0
49207.1, 16714.1, 0
110461, 111864, 0
66093.8, 76960.7, 0
144042, 129172, 0
117746, 37360.7, 0
146010, 71940.2, 0
151825, 35397, 0
89401.5, 51872.6, 0
112991, 110512, 0
294425, 223480, 0
108761, 101937, 0
79334.1, 63916, 0
29145, 36949.6, 0
153546, 134778, 0
187306, 179348, 0
110537, 90071.6, 0
61991.7, 16697.9, 0
173404, 126844, 0
155135, 142380, 0
29989.2, 62399.4, 0
60681.6, 93642.1, 0
169569, 35112.8, 0
80022.3, 102158, 0
175069, 160778, 0
32444.7, 72128.9, 0
47986, 29596.3, 0
195404, 75032, 0
130515, 76305.2, 0
155910, 71921, 0
162705, 86114.7, 0
123461, 120931, 0
51095.2, 44298.4, 0
149934, 109438, 0
83411.1, 63781.2, 0
247401, 191005, 0
193594, 152500, 0
250723, 91274.7, 0
191989, 104836, 0
136600, 68412.7, 0
29796, 24305.4, 0
163166, 163921, 0
104893, 102253, 0
88648.8, 45635.9, 0
111983, 87096, 0
219283, 81280.6, 0
189580, 39099.1, 0
153496, 84689.2, 0
175160, 107565, 0
44974.4, 100955, 0
122191, 111557, 0
148784, 127590, 0
18498.8, 100498, 0
164515, 81513.5, 0
229649, 71019.7, 0
45867, 29484.3, 0
66842, 61515.1, 0
34923.3, 87828.4, 0
117273, 77281.4, 0
203440, 156071, 0
183659, 100534, 0
174821, 98713.9, 0
171152, 108707, 0
97408.8, 47911.4, 0
252260, 90989.1, 0
52610, 53504.5, 0
269277, 115143, 0
290257, 148232, 0
198637, 181919, 0
86705.3, 80985.6, 0
96272.6, 63902.2, 0
238489, 25534.9, 0
14226.1, 56629.2, 0
189386, 122222, 0
109331, 15869.5, 0
79341.7, 60407.5, 0
154566, 67582.1, 0
102591, 114587, 0
35877, 95292.8, 0
130291, 109352, 0
152162, 80536.1, 0
119971, 84540.3, 0
9208.36, 87476, 0
165281, 164620, 0
270052, 54662.2, 0
276323, 136871, 0
90323.3, 113969, 0
129185, 66627.7, 0
261915, 128930, 0
69070.4, 83753.4, 0
41778.7, 105484, 0
221192, 136077, 0
101854, 118778, 0
267044, 79428.7, 0
48701.3, 10460.5, 0
268897, 190867, 0
192700, 34478.2, 0
60547.8, 27241.4, 0
44026.8, 59268.3, 0
155315, 95557.1, 0
195271, 185832, 0
223446, 31216.2, 0
232609, 38636.6, 0
74536.4, 36229.5, 0
104297, 133226, 0
132533, 98301.7, 0
109925, 93260.4, 0
36874.4, 45660.2, 0
151917, 80332.9, 0
72549.2, 84083.2, 0
130897, 147410, 0
13949.6, 36094.8, 0
87044.4, 88396.9, 0
100806, 62418.1, 0
169214, 46201, 0
127762, 72877.8, 0
103994, 104896, 0
34180, 61788.1, 0
149822, 153715, 0
182630, 29876, 0
149438, 19738.2, 0
142611, 70037.6, 0
56111.8, 57858.3, 0
204897, 105235, 0
101548, 11254.5, 0
179082, 173654, 0
265635, 31823.2, 0
285662, 137174, 0
145512, 63288.5, 0
109947, 121467, 0
133570, 128813, 0
140907, 129958, 0
116679, 31036.3, 0
146916, 45013, 0
58810.7, 56788.4, 0
72898.2, 69873.9, 0
78196.3, 113732, 0
155698, 157642, 0
124283, 74977.9, 0
90986.5, 77936, 0
172338, 152769, 0
68269.4, 62376.6, 0
168688, 39144.7, 0
172983, 106242, 0
131017, 63551.2, 0
216899, 195547, 0
56935.3, 92444.3, 0
65572.5, 114980, 0
38381.7, 89190.1, 0
121070, 83936.2, 0
198369, 185405, 0
89637.8, 61686.4, 0
66270.4, 55958, 0
127412, 124588, 0
63158.2, 13044.8, 0
83514.2, 115865, 0
156774, 160719, 0
97996.3, 38063.9, 0
167438, 78282, 0
150792, 103995, 0
169772, 30664.7, 0
171731, 138379, 0
269311, 189752, 0
113514, 52964.3, 0
147862, 74615.6, 0
60214.2, 52070.9, 0
123240, 97153.7, 0
106913, 104599, 0
163666, 162627, 0
84015.5, 48999.1, 0
119305, 25571.3, 0
153520, 92004.1, 0
137766, 118042, 0
308760, 31604.6, 0
108792, 125511, 0
256482, 98803.8, 0
166394, 105452, 0
231707, 66227, 0
108142, 131677, 0
165510, 112330, 0
135841, 99631.4, 0
89318.9, 98467.2, 0
61711, 97783, 0
227690, 83465.7, 0
109527, 53117.7, 0
53859.9, 17542, 0
62287.2, 82806.7, 0
147955, 106373, 0
115293, 105278, 0
143518, 40327.2, 0
101442, 86004.8, 0
152713, 101256, 0
158730, 68463.3, 0
178569, 37626.4, 0
294298, 47039.6, 0
156662, 153519, 0
97156.4, 126794, 0
125448, 105511, 0
118888, 69623.7, 0
147949, 109155, 0
109986, 83661.4, 0
216079, 63072.1, 0
195655, 52533.8, 0
274438, 103009, 0
267485, 55623.6, 0
151048, 153250, 0
84464.4, 45870.7, 0
105229, 67419.3, 0
140424, 71728.1, 0
275252, 85989.6, 0
179816, 136704, 0
129814, 134410, 0
102256, 20608.2, 0
39887.9, 60297.8, 0
122919, 30802.4, 0
163226, 11832, 0
137759, 24809.6, 0
216869, 52042, 0
133528, 97690.8, 0
156680, 29243.4, 0
290682, 139506, 0
240696, 87027.8, 0
164708, 138607, 0
187977, 125583, 0
219431, 78513.5, 0
42552.7, 82464.2, 0
102467, 111838, 0
209972, 53373.9, 0
174162, 81725.5, 0
183842, 86147.1, 0
52381.8, 44527.6, 0
161057, 158377, 0
164969, 96861.5, 0
75825, 76933.4, 0
84121.4, 123542, 0
159022, 89798.3, 0
166895, 90732.6, 0
96196.3, 64243.2, 0
109233, 114176, 0
233231, 76288.5, 0
89717.3, 79210.6, 0
168463, 113187, 0
145417, 147581, 0
266954, 70429.8, 0
106051, 133300, 0
44822.6, 70408.8, 0
185794, 130689, 0
137106, 117580, 0
130446, 112566, 0
44606, 60579.7, 0
231322, 96625.3, 0
77639.5, 88197.1, 0
116278, 28703.4, 0
209193, 179827, 0
179653, 22853.3, 0
140239, 79155.2, 0
141381, 62277.9, 0
25842.3, 88923.7, 0
40291.3, 100974, 0
146441, 120294, 0
199078, 177820, 0
180472, 126876, 0
109757, 113634, 0
96800.5, 58809, 0
112790, 41523.8, 0
117191, 92417, 0
89992.3, 72906.7, 0
128762, 114425, 0
101357, 13719.4, 0
196544, 144877, 0
207415, 171996, 0
160473, 65101.3, 0
77679.8, 56285.3, 0
109411, 103688, 0
159165, 121968, 0
32504, 73778.2, 0
329454, 85397.3, 0
24932.9, 26398, 0
100380, 63268.5, 0
72820.6, 88748.4, 0
168283, 133048, 0
192970, 138619, 0
141978, 65301.7, 0
173166, 133203, 0
112832, 134961, 0
199637, 152489, 0
139907, 137532, 0
246287, 105511, 0
131738, 112383, 0
69296.3, 90963.7, 0
95683.6, 107259, 0
74933.4, 89763.5, 0
65830.5, 115142, 0
105754, 111815, 0
23694.6, 24138, 0
66164, 81329.1, 0
73836.1, 42322.9, 0
75727.6, 74358.8, 0
84418.6, 45292.9, 0
138218, 52042.7, 0
209102, 104835, 0
231831, 78270.3, 0
46810.6, 53654.2, 0
150943, 69486, 0
159566, 102270, 0
149573, 78852.7, 0
80667.3, 113049, 0
133528, 82494.8, 0
342260, 150712, 0
237365, 102359, 0
129321, 133190, 0
134298, 24840.6, 0
204739, 86771.4, 0
91273.9, 122960, 0
227871, 50683, 0
211856, 128992, 0
191193, 44398.8, 0
173357, 93008.8, 0
34314.5, 71749.1, 0
138493, 63727.2, 0
204553, 179177, 0
69160.1, 73660.7, 0
239008, 129360, 0
152724, 27983.6, 0
138614, 80133.3, 0
216587, 173366, 0
118106, 128055, 0
269709, 191854, 0
111626, 69689.4, 0
141626, 84281.7, 0
181737, 98545.6, 0
69911.8, 74741, 0
90807.4, 99548, 0
77677.2, 88419.8, 0
144876, 53468.1, 0
176431, 159528, 0
164432, 114779, 0
143691, 63279.7, 0
72075.1, 95536.2, 0
160669, 152983, 0
181096, 105399, 0
102383, 22661.9, 0
128188, 71460.5, 0
74083.8, 34962, 0
183851, 60679.1, 0
55911.5, 73119.1, 0
72760.3, 40546.3, 0
171279, 81184.3, 0
122240, 95916, 0
71823.6, 25974.9, 0
84604.5, 13443.2, 0
168422, 98575.7, 0
281738, 96230.6, 0
240126, 108075, 0
44373.2, 8417, 0
212961, 43962.8, 0
149440, 147819, 0
169823, 75317.6, 0
204235, 186757, 0
101436, 94651.1, 0
122428, 112577, 0
166956, 82280.2, 0
40508.9, 41885, 0
53347.2, 72980.8, 0
24024.4, 64150.2, 0
137152, 61958.6, 0
87515.6, 109462, 0
164132, 116358, 0
66326.4, 85078.2, 0
127963, 67187.6, 0
10014.6, 59746.7, 0
157189, 122233, 0
170429, 131172, 0
65748.3, 91369.7, 0
102240, 66198.9, 0
146547, 98024, 0
146823, 92599.7, 0
83276.7, 90878.3, 0
153711, 72531.5, 0
134989, 84372.6, 0
193071, 168660, 0
122401, 94512.5, 0
168780, 40612.3, 0
146656, 66955.9, 0
151128, 101318, 0
206223, 43010.3, 0
103587, 125526, 0
198824, 118928, 0
103996, 66387.6, 0
80747.5, 77693.4, 0
235968, 93641.1, 0
199279, 28974.6, 0
119613, 73723.8, 0
100960, 63411.3, 0
107570, 119751, 0
181238, 115918, 0
97704.8, 90442.6, 0
109216, 50271.9, 0
161364, 47417.6, 0
148193, 65891.5, 0
93713, 81818.5, 0
132647, 66872.6, 0
103601, 91477, 0
132881, 22716.3, 0
238192, 45417.7, 0
223016, 111177, 0
61582.4, 19715.5, 0
52337.8, 81459.1, 0
90270.6, 124333, 0
117302, 123444, 0
161969, 113222, 0
183360, 177273, 0
166025, 131919, 0
104582, 69605.3, 0
78596.8, 18018.1, 0
140147, 41735.7, 0
93654.3, 85520.5, 0
225982, 140761, 0
119775, 79558.6, 0
130614, 58439.8, 0
75109.6, 49657.2, 0
282725, 169014, 0
104827, 103529, 0
61069.9, 78447.4, 0
125726, 129343, 0
69404.2, 56357.6, 0
192842, 173835, 0
153091, 88292.1, 0
164383, 59683, 0
106136, 28973.8, 0
169594, 3585.12, 0
37172.2, 91908.8, 0
185673, 8533.02, 0
158313, 62174, 0
104784, 105305, 0
104125, 105288, 0
25898.4, 61184.7, 0
170928, 164805, 0
320751, 144548, 0
174625, 79033, 0
98621.8, 80256, 0
81976.9, 50968.1, 0
6035.8, 99234.6, 0
86111.2, 81987.9, 0
202503, 58057.7, 0
158256, 127990, 0
134191, 149785, 0
153785, 59601.5, 0
49435.9, 36847.5, 0
82879.2, 75519.5, 0
224065, 102980, 0
251572, 58550.8, 0
223962, 115936, 0
95886.3, 21796.5, 0
49362.1, 58851.8, 0
96733.9, 104303, 0
36284.1, 90632.7, 0
72625.5, 61861.9, 0
232766, 104529, 0
81582.5, 104369, 0
252887, 122670, 0
98035.9, 73072.1, 0
284727, 77422.1, 0
151727, 144051, 0
198616, 143656, 0
179609, 75854.3, 0
219226, 68487.7, 0
116530, 44788.2, 0
35858.6, 58011.1, 0
41841.9, 85212.7, 0
29751.5, 16439.3, 0
54631.5, 83381.1, 0
142826, 89373.1, 0
247822, 69085.7, 0
42784.4, 103193, 0
141220, 121528, 0
116454, 93286.4, 0
101910, 110847, 0
103225, 109315, 0
102179, 85749.3, 0
87207.9, 119524, 0
49566.9, 89233.5, 0
241440, 139862, 0
91156.5, 124500, 0
163191, 134584, 0
193984, 134160, 0
124258, 115339, 0
174356, 25801.6, 0
191073, 49976.2, 0
49487.3, 77584.1, 0
170516, 146404, 0
254640, 224063, 0
114243, 108543, 0
180274, 113261, 0
43258.4, 72473.4, 0
45339.5, 17920.4, 0
133528, 97690.8, 0
62793.4, 100457, 0
103704, 107163, 0
114409, 123371, 0
150674, 149689, 0
18623.8, 64655.9, 0
116559, 95406.1, 0
137421, 119477, 0
55517.6, 107504, 0
60298.2, 102782, 0
142922, 18752.2, 0
136705, 59741.6, 0
124042, 78263.3, 0
242176, 35425.5, 0
183795, 174540, 0
249346, 97950, 0
271369, 95651, 0
136146, 113097, 0
186829, 67949.3, 0
140852, 96033.4, 0
165862, 85085.4, 0
170168, 30701, 0
209836, 76596.5, 0
209703, 123854, 0
106344, 90367.5, 0
36048.2, 36311.4, 0
11142.2, 68209.5, 0
106660, 93804.6, 0
85998.3, 61835.2, 0
200549, 73072.3, 0
227589, 149541, 0
152445, 88478.9, 0
198247, 105405, 0
164371, 119392, 0
245319, 59084.6, 0
100521, 47977.9, 0
175057, 68105.1, 0
113949, 51693.8, 0
204651, 170263, 0
76254.1, 75368.2, 0
110129, 72154.5, 0
236651, 126245, 0
43114.7, 88178.1, 0
184526, 141848, 0
124493, 105747, 0
103374, 98520.1, 0
134804, 54500, 0
86114.2, 65571, 0
137927, 11444.1, 0
129967, 49387.3, 0
17061.8, 74254.9, 0
186560, 76145.8, 0
52673, 58385.4, 0
77120.2, 37691.3, 0
139321, 74467.2, 0
147015, 81986.1, 0
207382, 31819.4, 0
176356, 128573, 0
41566.7, 53560.4, 0
277382, 76235.2, 0
223092, 157137, 0
51918.4, 31755.6, 0
69686.4, 20981.7, 0
162617, 95545.5, 0
246458, 134676, 0
247528, 124100, 0
87248.3, 68050.6, 0
172671, 82638.7, 0
59504.5, 96406.9, 0
88068.4, 68978.6, 0
147613, 137462, 0
96775.9, 23533, 0
143559, 19882, 0
295361, 108181, 0
128558, 88504.3, 0
140103, 70232.9, 0
248516, 81074, 0
177332, 154189, 0
317248, 136691, 0
93272.1, 98512, 0
165943, 139972, 0
120468, 118405, 0
198786, 67281.7, 0
182422, 80815, 0
230224, 40730.4, 0
145756, 69586.8, 0
120248, 52496.4, 0
99660.8, 61646.9, 0
189265, 163155, 0
154506, 68883.9, 0
115623, 123812, 0
43306.9, 87376.3, 0
49436.4, 57779.7, 0
252123, 195121, 0
240214, 133523, 0
313014, 144434, 0
175979, 27841.8, 0
223233, 151678, 0
205160, 167522, 0
108695, 81989.3, 0
201112, 58689.7, 0
109119, 24753.8, 0
208243, 82809.4, 0
91978.3, 26487.4, 0
156927, 94521.7, 0
177822, 140535, 0
194158, 116639, 0
79177.8, 115305, 0
13467.7, 94755.7, 0
189056, 154947, 0
167143, 157239, 0
123524, 78693.2, 0
105654, 80903.1, 0
134280, 142186, 0
113985, 104912, 0
54279.7, 94546.3, 0
160424, 67100.1, 0
80791.3, 34079.1, 0
215456, 95298, 0
210593, 92670.2, 0
91654.8, 107215, 0
214613, 59659.3, 0
46362.5, 84039.9, 0
164924, 85506.5, 0
139514, 100437, 0
78868, 40418.9, 0
202212, 189397, 0
57381.1, 73783.6, 0
230012, 167223, 0
47983.7, 75417.2, 0
232411, 120035, 0
113678, 79796.6, 0
92961.1, 96167.8, 0
118407, 87314.7, 0
111508, 107822, 0
109032, 34670.4, 0
253379, 74770.3, 0
229003, 150890, 0
194503, 101555, 0
104105, 131374, 0
173153, 113017, 0
150674, 49076.4, 0
161922, 34291.1, 0
128508, 143289, 0
87785.3, 124295, 0
57385.9, 87272.1, 0
67437.7, 116497, 0
179395, 128987, 0
240591, 179624, 0
94396.8, 100919, 0
196110, 40301.5, 0
246871, 126306, 0
118144, 57783.5, 0
153009, 58509.6, 0
147563, 35158, 0
194228, 73733.5, 0
171147, 122396, 0
43443.7, 101044, 0
44820.3, 86012.7, 0
174639, 95024.5, 0
153372, 40661.2, 0
58256.8, 40150.3, 0
207170, 115698, 0
280012, 103078, 0
209691, 159198, 0
137242, 121160, 0
101895, 47773.6, 0
62708.8, 88026.3, 0
35589, 62310, 0
140745, 105637, 0
111677, 86334.8, 0
221252, 99617, 0
164534, 32818.5, 0
104808, 85485.5, 0
85387.5, 112406, 0
150969, 56004.7, 0
102998, 103969, 0
172548, 106203, 0
160741, 137580, 0
148495, 64637.2, 0
94169, 117752, 0
225309, 10244.5, 0
113663, 120068, 0
194087, 111762, 0
143949, 86604.6, 0
64493.4, 62515.6, 0
184330, 115056, 0
97001, 65320.8, 0
203184, 85635.3, 0
199407, 78173.9, 0
104819, 93888.6, 0
94718.1, 113033, 0
168433, 112748, 0
207003, 51141, 0
71510.4, 62338.3, 0
138850, 112771, 0
130822, 101548, 0
278492, 115365, 0
193414, 84270.1, 0
135962, 66630.7, 0
32953.9, 71600.7, 0
220111, 154925, 0
188379, 62037.7, 0
169511, 104371, 0
166716, 26350.3, 0
130139, 56951.3, 0
90448.3, 103413, 0
216047, 115600, 0
273694, 70945.7, 0
187768, 126940, 0
97600.7, 124919, 0
241642, 214567, 0
102568, 65482, 0
176601, 59667, 0
223446, 145736, 0
197472, 83957.4, 0
45910.3, 73008.4, 0
176758, 175131, 0
204026, 141322, 0
77594.1, 49407.2, 0
145993, 72725, 0
135203, 126856, 0
195863, 105055, 0
124230, 131317, 0
247170, 136663, 0
295688, 31109.6, 0
115609, 103869, 0
133899, 66521.4, 0
90028.9, 62239.5, 0
62563.6, 62393.7, 0
272939, 155092, 0
131533, 107425, 0
271329, 17146.7, 0
130303, 149505, 0
145540, 76535.6, 0
132612, 108913, 0
243544, 101716, 0
187308, 172177, 0
12463.3, 95495.7, 0
140451, 124713, 0
98437.5, 126072, 0
128591, 119528, 0
81641.5, 62615.1, 0
18554.1, 48144, 0
114857, 129658, 0
165764, 108291, 0
203544, 68787.6, 0
190638, 165191, 0
103071, 87045.4, 0
216979, 136171, 0
154796, 101881, 0
141376, 78910.9, 0
72403.4, 66352.8, 0
51027.6, 19350.7, 0
142516, 6443.83, 0
110322, 104882, 0
117527, 57318.5, 0
201287, 126952, 0
234388, 42579.2, 0
248205, 109719, 0
185309, 135232, 0
179123, 115738, 0
132821, 64758.9, 0
109178, 120643, 0
100357, 73896.2, 0
162830, 62877.5, 0
193346, 51854.4, 0
151888, 85488.1, 0
60779.3, 114591, 0
66142.4, 24333.7, 0
194616, 82897.2, 0
164044, 59774.6, 0
170619, 101936, 0
106535, 87976.6, 0
169290, 129333, 0
74344.4, 92265.1, 0
227544, 54402.1, 0
141827, 65846.4, 0
174473, 122996, 0
175179, 49262.8, 0
108650, 67490.9, 0
309699, 57790.2, 0
151102, 152987, 0
186359, 138324, 0
73582.9, 46936, 0
30400.9, 80416.4, 0
92250.3, 32998.9, 0
191030, 82514.4, 0
156367, 56760.9, 0
151712, 49589.4, 0
180264, 10877.8, 0
107936, 118708, 0
100115, 36822.8, 0
114504, 18213.3, 0
105558, 113094, 0
63032, 51512.8, 0
238966, 87048.2, 0
299975, 83782.4, 0
163289, 50260, 0
147493, 87190, 0
