162512, 115871, 0
179328, 26786.1, 0
73973.3, 28573.2, 0
226759, 97384.7, 0
126185, 73530.4, 0
265769, 57676, 0
25450.4, 47104.9, 0
183157, 93066.8, 0
145086, 42144.4, 0
34013.9, 25112.6, 0
117758, 64063.6, 0
114033, 53104.5, 0
87494.6, 58227.2, 0
232057, 93587.4, 0
124839, 24970.7, 0
91169.9, 52302.6, 0
170499, 135646, 0
195667, 51456.1, 0
184075, 145872, 0
68626.9, 50632.9, 0
146861, 118778, 0
297924, 150165, 0
77919.2, 35104.5, 0
163465, 80197.2, 0
167366, 48132.1, 0
110792, 74684.4, 0
155912, 109342, 0
131761, 88928.5, 0
161911, 56835.5, 0
211204, 107174, 0
97856.2, 79448.1, 0
161379, 91049.3, 0
159932, 108167, 0
238388, 180113, 0
297684, 212887, 0
172011, 118400, 0
260394, 68649.3, 0
121365, 94461.5, 0
188560, 24174, 0
133341, 110848, 0
59415.6, 57825.3, 0
233764, 78547.9, 0
134148, 95044.2, 0
107110, 84760.4, 0
143662, 84629.4, 0
112025, 48633.1, 0
174782, 62826.9, 0
187885, 51007.2, 0
226209, 150463, 0
75341, 72962.1, 0
181203, 33243.9, 0
221116, 156303, 0
224911, 160115, 0
55099.5, 18529.9, 0
112284, 59392, 0
85616.8, 68946.2, 0
274695, 50197.7, 0
109667, 36744.4, 0
209208, 141570, 0
10495.2, 15833, 0
190016, 106541, 0
43287, 47869.2, 0
96406.1, 86115.8, 0
79295.7, 21452.2, 0
158694, 68777.6, 0
61270.5, 51681.5, 0
126493, 58756.8, 0
228034, 86552.3, 0
172892, 79183.2, 0
287138, 47601.9, 0
348937, 98237.8, 0
175397, 126497, 0
246445, 135591, 0
126028, 70225.4, 0
92925.8, 55764.8, 0
124543, 107574, 0
121852, 80713, 0
67559, 70980, 0
241577, 161744, 0
230476, 100536, 0
193953, 52690.7, 0
142172, 101536, 0
181105, 42006.3, 0
135668, 87920.6, 0
188035, 74231.8, 0
45434.1, 23961.9, 0
268392, 100421, 0
156272, 120991, 0
54244.4, 17492, 0
65658.2, 24548.6, 0
160438, 108084, 0
115637, 37661.6, 0
72390, 51430.9, 0
98089.8, 33715.8, 0
151629, 101532, 0
135005, 57619.6, 0
147252, 66382.6, 0
155709, 48966.7, 0
154061, 102075, 0
215516, 62782.8, 0
225984, 142257, 0
125748, 19774.6, 0
85152.5, 57711.5, 0
154218, 58289.4, 0
214181, 49123.7, 0
157820, 113524, 0
241427, 152381, 0
88463.4, 62683.1, 0
128453, 8442.65, 0
222889, 130037, 0
205903, 16206.5, 0
31017.6, 37540.1, 0
191604, 90414.4, 0
161150, 67611.6, 0
150412, 110940, 0
84250.3, 40164.5, 0
150043, 15373.9, 0
99448.3, 78115.4, 0
92799.3, 26213.3, 0
126707, 26136.6, 0
249802, 79017.3, 0
286817, 89955.6, 0
129907, 76273.8, 0
148076, 120353, 0
145535, 82673.6, 0
228336, 83854.7, 0
57398.2, 47037.4, 0
166900, 55012.1, 0
171014, 117650, 0
228042, 10698.4, 0
219590, 32395.4, 0
176296, 95938, 0
253427, 135935, 0
178496, 33020.2, 0
165238, 110479, 0
167588, 27225.4, 0
159392, 56669.1, 0
191755, 130373, 0
283904, 99669.8, 0
44430.4, 48649, 0
66123.8, 33232.5, 0
182499, 30803, 0
134458, 72030.2, 0
236811, 180447, 0
205881, 134636, 0
210381, 70971.3, 0
273525, 102706, 0
90822.3, 70956.7, 0
224147, 154301, 0
179087, 139207, 0
128472, 28060.4, 0
223217, 53638, 0
190387, 108637, 0
132092, 28221.5, 0
197182, 61074.3, 0
243814, 74583.5, 0
81074.9, 46390.2, 0
89091, 37554, 0
124513, 87600.2, 0
282691, 213774, 0
120377, 16594, 0
230126, 96775.8, 0
89117.5, 65993.1, 0
148034, 75017.6, 0
164413, 110341, 0
234170, 116034, 0
36180.5, 25494.8, 0
176519, 59721.5, 0
268442, 69906.8, 0
140563, 63171.9, 0
105774, 13595.9, 0
179753, 46694.6, 0
186110, 45606.7, 0
119171, 82106, 0
167742, 88165.6, 0
211250, 141215, 0
154924, 90229.1, 0
12955.3, 45609.8, 0
84426.5, 65138.2, 0
229898, 25160.5, 0
174627, 118646, 0
184327, 78724.7, 0
210371, 79937.9, 0
149731, 66298.3, 0
80057.3, 18788.6, 0
169239, 110614, 0
209740, 72034.7, 0
171176, 107760, 0
87554.2, 31372.9, 0
196322, 52621.3, 0
158961, 47082, 0
268527, 70134.2, 0
199417, 90346.3, 0
246329, 86370.9, 0
242865, 122725, 0
149212, 68030.2, 0
248644, 71281.9, 0
166798, 41588.9, 0
275436, 103126, 0
183800, 145550, 0
269737, 38043.5, 0
145990, 80186.3, 0
129821, 80819.1, 0
232735, 52150.3, 0
208056, 23939.6, 0
103210, 73343.7, 0
142531, 68534.1, 0
158608, 109931, 0
130093, 77729.3, 0
193422, 68031.4, 0
111310, 64384.4, 0
112364, 11807.4, 0
216508, 95044.4, 0
169631, 77289.4, 0
84333.7, 50934.2, 0
115388, 69513.7, 0
90990.5, 67363.4, 0
69413.8, 70433.9, 0
92419.3, 56666.9, 0
177124, 138387, 0
150232, 30294.5, 0
118699, 72429.5, 0
256366, 86398.6, 0
212556, 42719.1, 0
44398.1, 15465.7, 0
130261, 33640.1, 0
200418, 58681.7, 0
130043, 77151.5, 0
163860, 85483.5, 0
18098.9, 22183.4, 0
138109, 76160.7, 0
53856, 55294.8, 0
147987, 28001.4, 0
153632, 95031.7, 0
125712, 102822, 0
172100, 137253, 0
115879, 89436.7, 0
175632, 89186.2, 0
276713, 66934.5, 0
150472, 26779.2, 0
40365.4, 51804.4, 0
234253, 159639, 0
101069, 90420.9, 0
148112, 80095.4, 0
194438, 24450.5, 0
262697, 102082, 0
237643, 104654, 0
100531, 92488, 0
187075, 88812.7, 0
79608.8, 70089.1, 0
136442, 102904, 0
144933, 75774.6, 0
96653.2, 74181.5, 0
173071, 29987.9, 0
185135, 52507.3, 0
174966, 28151.6, 0
105956, 80271.8, 0
144393, 44430.5, 0
138296, 32622.4, 0
86441.8, 21120.3, 0
228996, 75860.3, 0
118003, 26132.8, 0
144136, 83741.8, 0
109582, 89169.8, 0
93532, 78482.9, 0
141007, 30483.7, 0
132067, 14915.7, 0
154214, 121870, 0
25835.4, 35084.6, 0
71406.4, 17619.9, 0
310630, 48640.5, 0
138026, 89781.9, 0
196148, 39381, 0
124213, 39112.8, 0
264636, 92137, 0
105740, 51486.5, 0
84906, 76424.6, 0
227961, 31638.6, 0
249965, 39759.4, 0
124526, 46034.3, 0
264717, 95263.4, 0
175012, 24101.8, 0
60205.7, 60312.7, 0
287687, 102003, 0
122414, 84733.7, 0
187228, 123431, 0
117456, 18456.1, 0
146813, 67407.3, 0
136121, 78619.9, 0
126831, 104114, 0
272127, 88135.4, 0
198115, 78213.6, 0
223257, 59998.9, 0
121574, 84762.6, 0
290589, 110792, 0
125480, 70069, 0
178559, 74286.6, 0
224767, 102440, 0
21738.4, 21406.1, 0
219437, 130848, 0
211706, 104721, 0
138285, 75675.2, 0
118307, 88278.3, 0
99228.3, 54243.3, 0
187295, 4992.42, 0
119140, 85780.4, 0
123681, 59596.9, 0
241952, 155578, 0
213484, 102448, 0
57320, 32581.2, 0
261514, 121161, 0
101054, 68659.1, 0
81620.3, 33142.5, 0
186035, 67768.1, 0
113183, 78561.1, 0
198919, 91085.6, 0
174333, 132939, 0
126022, 74335.7, 0
165682, 18451.7, 0
85603.3, 69211.1, 0
48109, 22614, 0
72373.3, 62590.2, 0
209273, 99990.3, 0
56529.4, 52409.9, 0
229824, 101206, 0
223777, 45488.2, 0
106965, 91328.8, 0
123730, 97815.7, 0
219904, 68506.5, 0
52451.7, 55102.9, 0
74386.2, 49666.2, 0
59861.3, 58441.4, 0
245561, 97133.6, 0
102834, 57035.2, 0
82925.1, 22485.3, 0
181074, 115417, 0
180181, 95466.6, 0
254536, 65807, 0
143869, 91489.1, 0
159165, 24216.4, 0
108210, 42263.1, 0
177750, 104855, 0
103235, 89436.2, 0
121792, 15908.5, 0
116873, 85507, 0
69612.5, 27650.1, 0
71882.1, 65998.7, 0
232546, 118014, 0
139739, 116112, 0
54743.4, 55875.4, 0
178545, 71569.1, 0
115205, 74599.9, 0
117588, 28074.5, 0
123742, 102691, 0
140239, 96285.8, 0
112375, 81749.4, 0
191106, 80521.1, 0
169651, 40612, 0
197491, 141431, 0
63000.4, 41148.8, 0
168634, 125492, 0
359194, 234232, 0
169671, 56157.2, 0
135169, 35607.8, 0
207404, 93750.5, 0
109773, 22907.2, 0
208196, 151309, 0
140307, 84083.9, 0
65284.4, 8488.78, 0
155982, 111897, 0
310973, 138849, 0
93030.9, 70488.2, 0
111782, 93664.4, 0
75139.7, 38692.4, 0
57845.8, 62780, 0
56341.7, 43255.9, 0
214122, 50535.6, 0
196338, 123992, 0
54816.6, 62734.5, 0
191005, 97118.3, 0
263580, 32399, 0
244137, 116003, 0
197438, 48664.8, 0
120047, 79541.9, 0
131970, 29942.6, 0
109306, 31898, 0
124395, 36248.9, 0
206189, 132951, 0
270599, 33268.8, 0
278299, 66629.9, 0
123102, 92915, 0
213670, 152616, 0
121302, 90399.8, 0
173375, 90075.1, 0
132637, 100985, 0
140886, 68581.7, 0
143338, 52173.3, 0
196796, 121097, 0
142684, 95792.7, 0
118680, 71934.7, 0
198700, 145130, 0
135481, 17791.2, 0
174429, 96779.3, 0
117935, 25777.7, 0
195215, 100483, 0
214962, 97909.7, 0
82766.7, 71840, 0
84775, 53044.9, 0
116561, 40665.6, 0
24217, 32486.7, 0
170351, 104160, 0
176688, 65041, 0
148074, 23940.6, 0
176175, 7478.15, 0
226995, 169116, 0
32964.6, 17774, 0
235623, 8992.55, 0
197437, 16580.8, 0
107101, 63451.8, 0
217017, 44417.5, 0
122821, 72499.4, 0
120436, 100710, 0
156833, 113987, 0
211543, 137192, 0
158135, 13610.5, 0
99130, 58182.4, 0
198557, 42581.5, 0
119148, 47479.6, 0
165382, 126760, 0
123639, 31621.1, 0
136614, 41688, 0
252040, 188185, 0
116297, 48215.4, 0
132951, 103956, 0
130245, 88003.2, 0
148107, 43472, 0
55662, 52819.5, 0
23075.8, 47463.4, 0
85083.6, 71666.3, 0
150747, 41176.2, 0
242826, 68380.9, 0
120091, 78791.4, 0
64739.1, 35709.8, 0
138618, 61141.9, 0
143251, 49593.6, 0
197553, 101998, 0
177159, 78223.1, 0
102903, 83791.3, 0
160785, 107704, 0
123448, 50156.1, 0
129748, 103696, 0
166764, 114826, 0
207098, 148982, 0
108175, 15696.3, 0
70309.4, 37365.7, 0
36225.8, 35919.5, 0
127207, 76909.5, 0
179893, 81855.8, 0
179214, 63015.3, 0
144899, 77138.7, 0
107660, 20367.9, 0
100438, 49242, 0
172364, 64156, 0
198178, 66398.2, 0
156305, 123634, 0
120068, 70291.5, 0
159634, 64169, 0
203522, 148394, 0
131817, 9086.75, 0
98858.4, 7289.05, 0
69855.7, 33692.2, 0
56657.4, 65792.5, 0
182836, 135294, 0
135696, 102749, 0
176599, 93362.5, 0
105951, 16632.2, 0
218017, 64299.2, 0
196839, 59152, 0
121660, 36754.4, 0
211311, 79689, 0
124522, 60982.6, 0
114775, 96676.4, 0
126525, 27982.2, 0
133846, 61304.2, 0
96187.6, 86784.1, 0
171463, 108633, 0
96083.7, 72624.2, 0
129785, 76449.6, 0
135697, 86919.5, 0
120374, 75667.6, 0
56068.2, 34650.8, 0
106106, 75911.9, 0
99728, 54374.6, 0
103641, 76934.1, 0
193741, 16417.1, 0
106364, 77098.5, 0
107896, 37964.6, 0
79380.6, 40844.4, 0
167338, 16408.7, 0
222978, 97920.2, 0
234248, 50208.5, 0
110106, 84892.3, 0
279917, 68028, 0
175808, 101684, 0
169609, 30579.6, 0
176350, 95508, 0
227533, 33546, 0
152071, 32915.7, 0
135509, 45465.9, 0
114617, 28773.4, 0
237131, 98755.8, 0
160000, 93156.7, 0
191694, 68166.8, 0
152517, 49667, 0
247231, 178304, 0
196399, 87184.6, 0
165141, 114418, 0
95782.8, 67800.6, 0
157767, 104399, 0
263706, 90541.6, 0
148257, 92535.2, 0
130167, 23692.7, 0
264434, 80609.8, 0
121109, 51556.8, 0
249515, 124933, 0
127452, 57688.4, 0
285932, 45131.4, 0
178412, 121424, 0
182562, 145560, 0
183104, 96528.5, 0
193269, 79237.9, 0
152225, 35175.2, 0
157596, 94653.4, 0
96530.6, 78743.6, 0
180737, 29918.9, 0
186226, 44917.4, 0
172690, 128161, 0
192141, 65126.7, 0
118350, 26566.3, 0
80180.6, 69119.8, 0
262851, 43502.7, 0
197166, 77754.8, 0
239579, 182289, 0
82652, 41500.5, 0
44931.7, 43730.1, 0
137652, 32289.5, 0
180861, 137167, 0
219504, 79416, 0
208627, 128000, 0
116368, 57891.8, 0
132784, 60920.9, 0
163041, 118271, 0
83487.6, 17898.7, 0
103197, 83337.9, 0
141837, 77992.7, 0
179512, 104267, 0
218988, 143080, 0
165243, 77080.1, 0
120588, 27646.2, 0
213733, 78831.3, 0
21065.9, 20332.9, 0
180442, 133055, 0
160492, 64259.8, 0
77508.1, 61325.3, 0
153714, 103021, 0
218656, 71935.7, 0
312165, 58426.1, 0
125860, 85981.6, 0
167343, 103379, 0
135926, 90601.5, 0
124084, 36627.9, 0
190864, 102397, 0
80394, 72927.8, 0
128128, 61036.3, 0
244219, 92139.4, 0
173693, 90391.9, 0
231077, 150316, 0
345126, 154219, 0
75226, 74090.1, 0
135840, 107799, 0
127340, 93252.7, 0
96982.8, 43572.6, 0
86465, 58960.3, 0
97710.1, 65901.7, 0
131130, 87025, 0
100761, 42081.9, 0
169865, 49455.3, 0
125346, 69494.6, 0
144186, 113683, 0
91923.8, 78037.9, 0
124484, 75402.8, 0
236105, 103639, 0
55260.4, 40202.9, 0
68074, 46678.6, 0
225289, 45856.8, 0
80691.1, 77336.8, 0
51108.9, 61544.7, 0
274892, 27326.9, 0
293267, 49474.6, 0
197621, 91448.5, 0
88957.5, 30531.8, 0
118163, 40542.4, 0
222648, 72140.7, 0
96030, 53143.6, 0
234447, 55540.7, 0
234161, 44773.4, 0
97820, 78361.6, 0
238433, 82248.6, 0
154492, 90124, 0
161672, 31891.3, 0
125383, 27203.7, 0
100098, 77425.7, 0
86411.8, 29516.2, 0
318846, 147854, 0
338252, 78531.2, 0
178288, 59572.6, 0
69330.9, 41413.1, 0
58449.4, 31324.3, 0
153858, 90871.2, 0
94053.6, 22992.4, 0
83123.8, 44556.1, 0
244790, 160985, 0
211730, 93491.1, 0
240371, 99864.6, 0
135814, 82504.3, 0
45518, 43936.7, 0
54635.8, 24376.6, 0
196746, 95463.7, 0
195749, 86627.5, 0
178182, 102413, 0
175292, 94013.1, 0
201693, 45396.1, 0
129458, 20424.7, 0
157793, 37884.6, 0
154800, 36970.8, 0
185149, 146104, 0
176178, 73150.6, 0
179974, 70618.9, 0
91144.9, 65557.8, 0
145685, 121462, 0
41951, 14316.9, 0
189665, 105881, 0
160775, 80498.8, 0
52556.6, 48917, 0
317203, 151764, 0
108122, 66245.4, 0
211424, 77389.3, 0
24860.5, 30288.4, 0
91974.6, 46516.5, 0
136202, 107892, 0
153670, 52348.7, 0
134200, 111737, 0
239776, 85146.9, 0
114638, 74372.3, 0
133925, 104907, 0
232271, 138479, 0
114168, 95319, 0
189311, 79912.7, 0
155180, 111391, 0
51622.6, 51019.5, 0
125223, 77658.6, 0
164773, 105880, 0
88000.8, 38197.2, 0
177473, 64499.7, 0
155896, 116722, 0
154918, 94997.1, 0
38196.4, 47428, 0
114210, 87639.2, 0
156999, 97156.8, 0
307867, 124920, 0
193072, 85161.9, 0
171552, 57284.6, 0
223166, 84381.8, 0
281363, 200260, 0
129405, 81887.8, 0
119887, 89582.7, 0
183133, 30028.1, 0
113645, 77077.8, 0
154748, 101246, 0
178913, 8231.9, 0
233711, 167404, 0
100957, 24197, 0
115001, 63685.3, 0
176719, 136826, 0
120502, 51804.2, 0
100537, 82532, 0
231316, 166651, 0
279527, 106612, 0
95786.8, 75842.9, 0
230515, 132125, 0
114723, 82298.1, 0
148520, 121090, 0
122467, 22816.4, 0
203741, 93625.4, 0
122978, 33755.5, 0
156035, 28313.4, 0
31333.7, 26582, 0
136558, 40101.2, 0
180458, 101310, 0
184959, 45096, 0
170534, 136663, 0
137963, 92469.1, 0
262272, 101799, 0
95052.7, 75107.6, 0
175240, 117157, 0
135573, 85020.1, 0
74669.4, 74249, 0
97319.6, 29352.8, 0
261074, 173278, 0
137604, 27984.1, 0
169215, 93862.3, 0
137304, 85850.9, 0
132961, 65008.4, 0
20948.8, 42313.9, 0
153278, 69907.8, 0
206078, 64449.1, 0
53438, 23250.3, 0
218331, 102259, 0
118578, 99742.4, 0
92321.1, 20244.6, 0
194669, 114591, 0
204119, 75973.4, 0
132882, 97478.9, 0
100508, 81537.5, 0
86603, 12183.1, 0
226691, 51356.2, 0
326031, 154223, 0
225333, 172549, 0
158691, 85926.6, 0
139913, 73146.9, 0
49972.9, 15779.2, 0
97824.5, 37712.5, 0
124260, 91818.8, 0
108976, 77258.7, 0
90292.1, 61604.4, 0
138439, 27187.4, 0
301585, 51344.5, 0
197749, 99657.3, 0
60671.4, 49130.1, 0
150603, 62673.5, 0
58653.5, 23706.4, 0
168400, 106385, 0
44617.6, 10205.8, 0
75152.1, 50106.2, 0
215843, 101003, 0
121056, 82098.9, 0
164957, 102291, 0
296568, 187856, 0
91250.9, 28682.2, 0
62484.4, 52171.7, 0
131969, 59887.9, 0
91402.7, 86736.7, 0
185650, 141565, 0
71309, 62434.2, 0
155731, 72025.4, 0
134125, 73806.9, 0
250803, 94839.6, 0
229736, 23377.7, 0
150797, 41071.8, 0
100977, 80742.4, 0
99796.8, 84579.1, 0
119708, 74076.6, 0
170647, 98237.8, 0
172570, 41761.5, 0
170020, 124948, 0
163575, 25180.1, 0
166295, 59837.4, 0
66017.7, 38553.6, 0
140877, 104028, 0
315366, 153475, 0
96035.7, 45358, 0
79810.3, 42155.1, 0
101686, 88696.4, 0
69698.7, 6610.31, 0
79961.6, 31423.4, 0
166428, 45831.5, 0
142079, 93712.5, 0
100904, 27903.9, 0
107757, 23020.5, 0
101479, 64253.3, 0
306994, 129861, 0
183299, 42336.5, 0
245797, 88358.7, 0
202421, 113843, 0
192108, 136575, 0
180010, 104004, 0
119033, 74526.9, 0
135182, 94570.4, 0
125458, 70501, 0
266248, 75649.4, 0
84498.4, 46650, 0
135261, 69666.1, 0
198146, 115046, 0
183175, 53586.6, 0
75677.8, 38327.9, 0
297706, 81713.1, 0
171335, 55402.2, 0
249507, 149531, 0
42179.5, 20847.7, 0
86310.4, 48274.9, 0
158939, 111396, 0
173718, 50228.2, 0
64992.8, 47196.8, 0
178874, 58093.4, 0
262495, 62181.9, 0
83126.4, 76549.2, 0
94192.5, 41127.4, 0
156884, 67955.7, 0
48523, 19784.6, 0
39214.7, 35535.1, 0
162284, 100318, 0
188963, 95497.2, 0
150218, 46914.4, 0
102868, 67115.3, 0
117271, 4388.95, 0
140361, 48857.8, 0
205134, 101298, 0
115518, 46310.7, 0
109152, 83685.8, 0
114869, 100050, 0
70443.8, 45458.9, 0
175086, 57499.2, 0
181957, 30686.9, 0
299349, 97122.7, 0
228293, 40612, 0
208229, 144740, 0
22465.4, 36680.6, 0
143033, 94663.7, 0
175467, 87898.7, 0
55251.7, 47547.4, 0
177848, 127590, 0
122981, 95124.2, 0
215016, 48860.8, 0
87759.1, 70042.4, 0
277335, 119714, 0
114011, 63453.4, 0
113538, 53925, 0
139318, 82426.3, 0
85650.5, 22340, 0
145173, 100035, 0
171908, 118793, 0
279631, 202744, 0
79469, 41119.4, 0
194108, 45923.6, 0
124418, 96360.4, 0
78973.8, 71406.8, 0
86170, 68040.3, 0
138450, 87538.2, 0
115585, 77350.6, 0
128108, 87025.3, 0
197497, 16784, 0
43465.9, 36034.6, 0
181107, 130699, 0
94802.6, 49796.6, 0
268839, 94222, 0
199979, 77479.8, 0
161780, 86980.2, 0
179279, 71435.6, 0
52407.3, 52528.5, 0
162488, 95698.5, 0
124505, 55920.9, 0
106394, 48390.6, 0
226127, 125770, 0
103439, 89594.8, 0
215982, 62950.4, 0
217304, 158493, 0
58926.1, 41095.8, 0
50986.2, 38425.6, 0
192800, 81578.6, 0
130198, 66763.8, 0
248967, 46207.5, 0
135747, 79102, 0
223150, 118417, 0
92369.1, 45042.2, 0
113635, 86152.2, 0
141295, 105652, 0
132584, 86073.2, 0
233617, 158560, 0
184512, 140582, 0
221511, 35711.8, 0
154736, 79732.8, 0
66580.2, 44447.9, 0
110729, 91708.8, 0
193439, 121631, 0
126224, 90227.9, 0
138151, 84936.8, 0
147140, 38734, 0
157604, 63134.7, 0
12394.7, 9576.06, 0
178699, 58141.4, 0
273492, 166756, 0
88087.3, 82378.7, 0
206613, 56607.2, 0
241598, 174779, 0
207536, 149566, 0
160224, 113716, 0
183329, 60379.8, 0
220725, 115854, 0
214347, 117128, 0
342668, 69541.8, 0
194695, 87331.1, 0
396254, 194863, 0
347931, 58650.3, 0
95779.5, 89543.3, 0
159051, 47863.6, 0
223596, 121444, 0
123682, 58782.8, 0
72097.4, 72833.2, 0
253768, 100211, 0
123352, 74093.1, 0
