109473, 18842.8, 0
97591.3, 60473, 0
67254.9, 42408.7, 0
66612.8, 38179, 0
148449, 44412.8, 0
109586, 66232.1, 0
91187.3, 23899.2, 0
56961.4, 41126.4, 0
98206.4, 64254.2, 0
106963, 66818.9, 0
95833.6, 71021.7, 0
140977, 96471.3, 0
96258.3, 43438.9, 0
25912.6, 11847.2, 0
142599, 65659.2, 0
127706, 87802.2, 0
162153, 57666.2, 0
87943.1, 44101.1, 0
118095, 81720, 0
121202, 32700.6, 0
98156.3, 67296.4, 0
97502.9, 67979.4, 0
65162.8, 47282.1, 0
65699.4, 24515.4, 0
126525, 45287.6, 0
249850, 102783, 0
107167, 75920.4, 0
97236.8, 64274.2, 0
38239.7, 25014.5, 0
66476.4, 46729.9, 0
152626, 59703.8, 0
129447, 63220.9, 0
92372.5, 67443.5, 0
101842, 69664, 0
155453, 42301.7, 0
46033, 35050.5, 0
114424, 79067.9, 0
138576, 93141.6, 0
101040, 58307.9, 0
47648.9, 22120.8, 0
162189, 47747.5, 0
60604.1, 47816.1, 0
101233, 19533.1, 0
126088, 36304.1, 0
15699.6, 12549.8, 0
93265.2, 62011.1, 0
99974.6, 57074.3, 0
103009, 67715.5, 0
128148, 93936.2, 0
40773.1, 25630.6, 0
41543.7, 28618.5, 0
114510, 58314.5, 0
78664.9, 13946.3, 0
56480.9, 28310.3, 0
136114, 35823.8, 0
222886, 45190.1, 0
125966, 43597.6, 0
170654, 89412.2, 0
81998.9, 30836.5, 0
85922.3, 50349.9, 0
58909, 10913.1, 0
151648, 73054.9, 0
112153, 45131.6, 0
107440, 50839, 0
87410.1, 32318.2, 0
92759.8, 57951.8, 0
58797.6, 38508.4, 0
105450, 76831.7, 0
187752, 115995, 0
141413, 35212.5, 0
61477.3, 41012.5, 0
109163, 33587.5, 0
102073, 34138.5, 0
76047.7, 42664.3, 0
72210.4, 44592.6, 0
137510, 66522.7, 0
137513, 94572.3, 0
67721.8, 30854.3, 0
99805.4, 28148.2, 0
113636, 39035.7, 0
86988.1, 60497.8, 0
121675, 82031.2, 0
87989, 66210.3, 0
81746.3, 30594.4, 0
104813, 49132.4, 0
165628, 61897.8, 0
68996.1, 34083, 0
121489, 83196.2, 0
137406, 63762.8, 0
78564.6, 26628.4, 0
103258, 51263.4, 0
112145, 72538.9, 0
96893.3, 61097.7, 0
98168.6, 41189.7, 0
99467.8, 48071.9, 0
133012, 50514.2, 0
118250, 22041.5, 0
96154.2, 57332.4, 0
183784, 81379.8, 0
171772, 70280, 0
160597, 100827, 0
78107.3, 59497.9, 0
55951.5, 33591.6, 0
107651, 68137.1, 0
109376, 34673.1, 0
63012.1, 13648.1, 0
49489.7, 33581.3, 0
68063.4, 24939.3, 0
111165, 82491.6, 0
45021.7, 11729.5, 0
93331.6, 17313.7, 0
145576, 67226.6, 0
128909, 22574, 0
79290.8, 57569.7, 0
98579.8, 67637.6, 0
91499, 27399.6, 0
68636.7, 31686.8, 0
173324, 28541.7, 0
72311, 37488.7, 0
115277, 23300.5, 0
91826.6, 60422.6, 0
122707, 21113.6, 0
87383.3, 34786.1, 0
48246.1, 12980.1, 0
222986, 59506.9, 0
138761, 102006, 0
108973, 42179.2, 0
168765, 100633, 0
75834.9, 54595.3, 0
7257.49, 11583.8, 0
144217, 62739.5, 0
89150.2, 37062.9, 0
121969, 78681.2, 0
68087.5, 21333.3, 0
90489.9, 28654.5, 0
79854.2, 40762.5, 0
25703.9, 4428.43, 0
126538, 92086.2, 0
96832.6, 31695.8, 0
42018.9, 34663.9, 0
85979.8, 53217.1, 0
86479.5, 50371.3, 0
127870, 18093.6, 0
101178, 42564.5, 0
120436, 38256.5, 0
77513.9, 19801.6, 0
53217.7, 7774.86, 0
146549, 69008.4, 0
73590.7, 17514.8, 0
96626.2, 69301, 0
94999.4, 37011.2, 0
116621, 81250.6, 0
45036.3, 26494.7, 0
147979, 35047.5, 0
72957, 38576, 0
112634, 80497, 0
64763.5, 43497.2, 0
139367, 96668.2, 0
173354, 50834.4, 0
118420, 59440.1, 0
56262.2, 41595.2, 0
67576.7, 52908.7, 0
139393, 62013.2, 0
84247.7, 57994.2, 0
166665, 37330.7, 0
102022, 65363.8, 0
105091, 63166.9, 0
120295, 61699.7, 0
72767.4, 33393.4, 0
136526, 28144.6, 0
38811.7, 18433.9, 0
116200, 55480.8, 0
95702.1, 61641.8, 0
104294, 73771.4, 0
53490.3, 16105.1, 0
80473, 42540.8, 0
70770, 51119.1, 0
68179.3, 47693.7, 0
56865.7, 44271.7, 0
177815, 123431, 0
109957, 11698.9, 0
28665.4, 12307.5, 0
23462.1, 12724.1, 0
116468, 83411.7, 0
106936, 61352.2, 0
142843, 20684.7, 0
133908, 77698.3, 0
147419, 4057.15, 0
112031, 45514.7, 0
136195, 47170.3, 0
78049.6, 51889.9, 0
142999, 100145, 0
26804.2, 18394.9, 0
168658, 88058.6, 0
78538.2, 10578.5, 0
89162.2, 27980.5, 0
73329.1, 31758.8, 0
89833.6, 53437.2, 0
40478.5, 18097, 0
69820.8, 25785.4, 0
150724, 18796.5, 0
28135.5, 15871.5, 0
205358, 89354, 0
139233, 44632.4, 0
183056, 117241, 0
91506.6, 29546.2, 0
112812, 58765.8, 0
129407, 39669.5, 0
41292.8, 34864.7, 0
83783.5, 40927, 0
106351, 33699.3, 0
166325, 77984, 0
152637, 45629.2, 0
87971.5, 38553.5, 0
118756, 82638.8, 0
178060, 115904, 0
68293.4, 33503.8, 0
80836.8, 58731.9, 0
79651.3, 26697.1, 0
182799, 78413.4, 0
113806, 49457.2, 0
82033.2, 32247.2, 0
71632.2, 51320.2, 0
83700.4, 34004.5, 0
27282.3, 15804.9, 0
54752.9, 28461.4, 0
127434, 47524.1, 0
132088, 24012.1, 0
40335.5, 22196.3, 0
78063.9, 47892.3, 0
121939, 54793.7, 0
97294.7, 36093.3, 0
128910, 64041.2, 0
101196, 28085.1, 0
123075, 64530.6, 0
74678.3, 35277.1, 0
176586, 84320.7, 0
142620, 89794, 0
113598, 50596.5, 0
165335, 109080, 0
96267, 47919, 0
52350.6, 15440.6, 0
134612, 54131.9, 0
96514.1, 11559, 0
160801, 45328.7, 0
107683, 63705.1, 0
172270, 27522.3, 0
48396.7, 39923.6, 0
104380, 34053.4, 0
76070.9, 29586.3, 0
83445.3, 49974.3, 0
79521.5, 50559.5, 0
73090.3, 51352.8, 0
162641, 68859.7, 0
106033, 26839.4, 0
55081, 11498.7, 0
88263.6, 40565.2, 0
99594.7, 61302.2, 0
166879, 70684.6, 0
177016, 94999.8, 0
77593.2, 12831.9, 0
98943.2, 48875.4, 0
95664.2, 61303.7, 0
156404, 112668, 0
28293.6, 5837.17, 0
105644, 61943.8, 0
84515.1, 24016.9, 0
74113.3, 19168.4, 0
46973.5, 23510.1, 0
67408.3, 21174.7, 0
107353, 45114.8, 0
51819.2, 345.921, 0
75899.5, 55998.4, 0
83925, 55445, 0
78150.8, 20595.4, 0
114661, 23595.8, 0
105949, 44124.5, 0
62102.9, 43727.2, 0
55619.5, 32930, 0
121246, 75286.6, 0
61433.1, 28090, 0
98316, 60194.7, 0
53829.9, 40692.2, 0
139669, 79870.7, 0
92936.9, 33911.3, 0
73805.2, 15161.2, 0
120697, 63703.8, 0
81230.8, 42935.1, 0
33132.6, 24923.3, 0
123421, 61742.8, 0
119846, 35878.8, 0
73319.7, 27667.9, 0
102617, 61320, 0
106119, 54985, 0
82698.4, 49027.1, 0
95750.6, 56091.2, 0
82217.9, 27517.3, 0
88464.4, 50520.2, 0
83518, 18847.2, 0
171934, 10472.1, 0
126637, 68563.8, 0
71356.6, 36320.6, 0
128295, 82194.6, 0
119081, 73935.9, 0
58565.5, 40579.5, 0
52805, 24713.2, 0
120126, 48957.4, 0
179446, 32004.8, 0
105792, 33835.2, 0
138883, 95910.3, 0
78212.3, 28228.5, 0
126362, 59586.8, 0
139606, 53633.3, 0
80000.8, 49328.7, 0
45934.1, 29840.9, 0
112242, 30672.5, 0
88908.5, 25348.5, 0
168083, 34632.5, 0
128217, 77594.9, 0
162473, 74317.3, 0
119968, 50411.7, 0
115153, 78905.9, 0
54517.7, 39971.7, 0
144741, 78409.6, 0
89482.1, 51140.2, 0
30000.2, 13802.3, 0
103142, 63242.7, 0
129836, 11800.5, 0
116408, 51351, 0
69216.9, 31407.2, 0
76187.4, 53794.8, 0
35767.1, 30802.5, 0
51973.8, 22070.1, 0
92442.6, 55406.5, 0
98317.7, 55240.9, 0
74470.9, 41113.5, 0
100152, 44243.1, 0
61628.5, 38696, 0
106279, 71197.8, 0
56396.8, 28668.4, 0
49901.3, 20582, 0
121796, 29129.8, 0
86822.5, 47175, 0
191314, 94236, 0
143811, 65875.7, 0
66972.1, 35456.2, 0
101529, 65005.7, 0
113361, 62791, 0
77579.5, 43244.6, 0
103173, 60284.1, 0
177766, 98155, 0
94533.9, 36349.7, 0
98828.6, 65936.2, 0
120104, 79159, 0
48207.4, 36752.4, 0
112033, 54305.3, 0
168015, 97168.6, 0
153158, 19652, 0
56544.9, 32123.2, 0
64002.8, 41741.6, 0
201030, 77789.9, 0
113619, 40765.6, 0
77148.3, 33529.6, 0
103135, 44913, 0
37408.5, 24391.4, 0
74646, 30306.9, 0
46181.3, 17066.4, 0
76789.7, 17600.5, 0
126993, 73461.8, 0
113387, 18906, 0
46853.1, 25146.6, 0
74746, 53093.3, 0
39523.6, 25531.8, 0
165071, 84615.7, 0
133948, 26157, 0
60049.1, 46521.3, 0
82714.8, 29635.4, 0
125684, 81187.6, 0
96131.4, 34861.2, 0
132037, 23997.2, 0
111770, 20812.9, 0
109356, 50877.1, 0
140030, 33239.4, 0
120549, 87602.4, 0
77948.5, 5610.3, 0
70972, 11175.7, 0
92541.8, 46897.3, 0
74824.9, 41050.4, 0
149815, 41043.6, 0
73548.2, 17849.7, 0
223326, 23168.2, 0
63304.4, 45725.4, 0
120691, 67057.2, 0
112442, 57982.3, 0
92329.3, 51176.4, 0
148156, 46728.6, 0
152665, 102034, 0
107899, 75673.3, 0
115834, 56978.4, 0
113870, 50295.2, 0
157360, 74222.6, 0
103801, 59606.5, 0
78706.3, 44271.6, 0
69961.1, 24726.5, 0
156663, 108936, 0
95092.3, 23198, 0
138750, 101454, 0
127934, 62010.6, 0
132968, 22702.2, 0
110634, 38767.5, 0
115287, 77331.5, 0
138032, 87369.4, 0
118979, 65041.4, 0
107618, 74412, 0
79771.5, 51948.5, 0
91683.3, 34656.9, 0
172357, 32460, 0
49922.2, 28027.1, 0
43021.2, 21356, 0
136363, 75870.3, 0
100336, 13202.3, 0
93450, 59774.7, 0
85436.9, 10092, 0
98965.5, 6412.31, 0
73219.2, 28253.8, 0
155397, 66818.3, 0
112816, 83530.8, 0
134792, 69597.3, 0
119401, 24061.2, 0
100079, 43447.6, 0
228876, 39088.6, 0
123165, 73891.6, 0
149923, 66331.1, 0
102569, 21328.2, 0
119267, 24235.9, 0
108073, 66352.5, 0
126843, 34559.8, 0
127232, 30938, 0
93705.9, 65718.2, 0
119491, 32399.4, 0
107084, 69770.2, 0
83920.2, 54812.6, 0
143011, 15709.5, 0
67978.8, 44385.7, 0
60556.5, 36829.2, 0
54959.4, 38430, 0
89192.5, 49746.1, 0
126575, 80561.7, 0
167496, 41870.2, 0
77099.8, 40476.6, 0
128448, 13526.4, 0
151958, 69233.3, 0
64788, 20076.8, 0
108840, 35693, 0
73682.8, 27844.8, 0
185511, 60693.9, 0
58214.5, 29320, 0
98144.1, 40423.5, 0
123424, 75948.2, 0
87448.6, 47156.2, 0
72364.4, 39488.4, 0
99268.3, 23840.1, 0
111709, 67637.5, 0
83590.8, 22056.2, 0
28747.4, 26978.2, 0
91782.6, 56582.4, 0
154466, 54526.6, 0
105363, 71097.5, 0
99188.7, 43229.1, 0
31481.9, 26699.2, 0
68456.6, 47934.8, 0
134151, 38019.6, 0
114922, 5282.37, 0
83049.3, 31720.4, 0
62848.1, 46924.5, 0
160716, 51315.3, 0
80809.8, 18173.1, 0
119889, 64840.9, 0
152825, 61197.5, 0
77261.2, 23283.6, 0
93608.4, 59782, 0
77510.9, 53278, 0
76938.6, 51569.4, 0
125376, 52928.5, 0
234867, 20949.6, 0
131354, 1664.23, 0
136751, 71038.6, 0
65189, 29885.1, 0
159996, 37872.1, 0
86467.5, 52692, 0
104118, 69797.8, 0
110399, 56416.6, 0
86400.6, 60177.1, 0
35936.4, 30839, 0
71275.3, 50134.2, 0
30064, 10005.4, 0
126789, 70788.6, 0
97474.4, 39509.7, 0
196639, 54334, 0
65374.1, 23193.1, 0
56948.8, 30887.8, 0
192179, 85381, 0
94832.1, 46437.8, 0
123782, 88201.8, 0
59258.2, 45601.9, 0
52674.2, 12229.5, 0
83924.2, 59935.4, 0
151282, 68890.6, 0
124660, 61225.9, 0
194906, 21506.5, 0
103699, 39387.3, 0
147068, 95149.8, 0
116874, 78096.9, 0
109958, 51924.5, 0
63276, 19342.6, 0
131461, 52474.7, 0
59285, 33488.1, 0
95116.9, 33994.4, 0
76751.1, 57992.4, 0
83215.4, 51947.4, 0
61351.9, 47251, 0
138783, 70481.9, 0
177086, 20959.3, 0
125851, 58185.9, 0
59309, 42557.4, 0
135621, 68509.2, 0
107605, 18721.4, 0
177857, 96175.7, 0
88774.1, 62714, 0
139331, 64842.5, 0
131736, 71772.7, 0
82147.3, 59172.7, 0
114380, 25661.5, 0
51118.2, 22851.2, 0
120925, 69864.3, 0
86994.2, 56592.6, 0
127811, 74291.9, 0
155277, 106870, 0
158274, 39236.1, 0
60645.4, 47461.5, 0
78852.1, 9114.78, 0
137290, 35788.5, 0
48688.4, 9107.62, 0
150103, 95261.8, 0
61524.8, 39584.1, 0
47937.6, 34279.8, 0
103543, 13236.3, 0
152984, 42644.8, 0
58424.4, 24560.3, 0
86923.1, 53101.2, 0
33674, 29406.2, 0
40041.9, 13161.9, 0
21430.1, 9083.85, 0
141366, 89436.5, 0
110247, 16171.1, 0
108026, 41027.2, 0
203111, 144938, 0
206702, 37614.9, 0
50626.8, 36562.1, 0
84333.4, 57627.8, 0
76518, 46750.6, 0
55200.7, 33119.5, 0
45591.8, 5966.54, 0
64971.6, 40370, 0
125914, 80109.3, 0
84251.8, 22296.9, 0
90659, 47544.3, 0
167952, 50772.3, 0
70942, 30559.2, 0
142466, 25896.8, 0
105509, 59155, 0
63448.7, 18191.9, 0
114953, 47160.2, 0
102352, 66111.4, 0
60850.5, 40107, 0
124917, 46251.2, 0
95848.4, 71313.2, 0
130974, 43204.6, 0
125481, 92117.5, 0
181466, 73903.3, 0
125784, 78370.2, 0
103423, 36331.8, 0
129816, 77834.2, 0
79657.6, 28849.8, 0
142130, 84826.8, 0
81474.1, 57896.8, 0
94493.7, 38034.2, 0
86299.4, 35880.2, 0
132274, 42048.3, 0
167487, 33963.4, 0
81207.8, 15863.5, 0
52850.2, 35477.2, 0
65455.4, 45505.3, 0
139543, 13301.7, 0
121875, 21923.5, 0
98055.5, 62392, 0
64191.3, 11551.9, 0
89584.6, 41735.4, 0
84266.4, 58547.2, 0
52206.9, 26065.1, 0
201027, 46384.2, 0
76182.7, 54071.3, 0
74344, 37984.7, 0
106352, 34678.8, 0
221378, 115366, 0
44564.6, 32618.1, 0
97668.2, 45537.5, 0
90080.5, 37886.1, 0
86238.7, 62652.3, 0
71568.4, 41905.9, 0
47640.2, 37132.8, 0
64424.7, 20033.3, 0
77131.6, 42634.9, 0
56397.1, 23219.2, 0
129224, 83962.3, 0
43105.8, 18504.4, 0
35341.8, 17029, 0
57548, 33307.3, 0
54262.2, 37092.2, 0
112429, 27643, 0
51723.6, 29946.9, 0
55391.8, 35810.7, 0
146117, 28271.6, 0
90454.3, 10717.2, 0
60430.1, 29500.1, 0
101122, 59285, 0
145301, 76321.8, 0
66153.7, 28592.5, 0
150959, 79686, 0
65586, 14039.3, 0
74989.6, 24028.9, 0
15124.8, 16478.4, 0
59760.2, 36865.5, 0
90410.8, 11810.7, 0
61046.3, 40783.6, 0
160631, 7113.79, 0
60296.4, 41801.7, 0
116362, 17155.5, 0
108797, 56279.3, 0
121079, 23462, 0
56899.8, 42584.5, 0
81621.4, 60705.9, 0
105383, 72996, 0
103696, 18066.8, 0
208501, 54909.1, 0
38653.4, 29748.3, 0
62324.1, 39871.1, 0
162189, 99836.6, 0
116896, 36237.1, 0
21445.9, 7929.21, 0
95899.4, 43220.9, 0
40870.9, 20459.3, 0
129409, 58613.1, 0
53993.7, 9005.16, 0
99106.3, 63646, 0
65686.8, 47836.8, 0
96248, 13981.1, 0
87741.7, 63089.1, 0
85650.8, 23277.3, 0
110855, 53080.8, 0
172910, 124024, 0
71716.8, 42956, 0
110990, 42757.9, 0
85199.6, 36204.8, 0
89269.5, 27929.6, 0
149314, 50264.1, 0
154491, 39180.1, 0
60918.5, 21335.8, 0
81720.3, 48711.9, 0
127247, 91056.7, 0
69422.5, 53652.6, 0
38348.6, 21456.6, 0
143726, 27503.8, 0
87286.5, 48818.9, 0
118484, 42762.9, 0
63466.1, 42556.9, 0
138036, 85915.9, 0
108564, 45081.5, 0
119804, 52664.9, 0
189230, 15216.4, 0
118438, 15780.1, 0
56976.4, 24433.8, 0
182187, 79677.2, 0
216014, 124037, 0
84330.9, 39197.1, 0
135059, 39659.8, 0
186300, 36024.6, 0
146329, 53136.8, 0
93354.9, 69005, 0
45763.9, 17336.4, 0
97655.1, 15064.9, 0
79814.6, 53632.1, 0
73718.8, 46041.9, 0
95842.7, 41159.3, 0
114470, 40355.9, 0
204500, 108480, 0
152739, 55298.2, 0
64974.7, 36648.4, 0
60511.1, 45523.7, 0
152776, 78791.3, 0
175465, 101220, 0
72999.9, 46483.3, 0
76386.5, 5401.72, 0
105592, 62380.1, 0
52433.3, 21138.5, 0
79510.1, 35263.3, 0
141340, 30229.1, 0
123658, 45068.7, 0
40835.2, 21194.6, 0
105461, 9172.46, 0
136324, 87630.2, 0
118537, 46635, 0
214624, 43283.1, 0
186913, 55701.8, 0
47198.1, 14888.8, 0
136931, 48456.4, 0
116751, 37157.2, 0
134093, 78253, 0
78646.3, 42226.3, 0
135093, 86036.7, 0
44452.3, 17865.9, 0
49592.3, 36430.9, 0
45201.8, 29521.6, 0
87822.8, 28792.8, 0
150537, 23071.6, 0
145840, 74329.6, 0
112192, 68319.5, 0
148273, 49771.5, 0
125585, 67168.4, 0
134036, 56128.1, 0
131533, 86804.3, 0
95652.4, 41483.4, 0
143379, 26427.2, 0
100017, 71112.1, 0
84741.2, 34349.2, 0
79479.9, 17161.7, 0
104045, 40403.1, 0
122592, 73182.5, 0
89993.2, 56619.6, 0
153667, 100633, 0
89297.6, 53028.5, 0
48487.6, 32635, 0
111935, 75913.5, 0
111335, 44855.4, 0
91122.8, 57795, 0
89099.7, 64783.6, 0
128317, 93501.5, 0
60697.4, 15962.7, 0
136672, 82691.8, 0
117401, 26677.9, 0
94895.5, 34969.2, 0
72478.3, 42312.3, 0
109467, 65702.2, 0
106010, 48825.7, 0
52313.7, 9694.77, 0
43371.8, 24810.1, 0
96192, 28835.6, 0
55291.6, 37253.9, 0
109250, 36052.6, 0
100143, 32396.3, 0
50907.5, 40049.7, 0
64906.8, 32245, 0
40887.9, 10738.7, 0
99293.5, 50555.7, 0
87176, 62393, 0
95101.1, 67640.6, 0
145236, 94750.4, 0
101432, 39607, 0
95371.6, 44941.2, 0
114960, 36321.4, 0
151201, 97181.2, 0
53963.2, 38652.3, 0
109405, 76863.6, 0
69407.9, 39010.9, 0
25738.2, 11151.1, 0
54162.4, 33809.9, 0
120298, 60947.3, 0
117325, 62568.1, 0
13840.8, 13113, 0
81290.8, 19909.9, 0
141084, 30478, 0
76001.2, 6284.19, 0
144530, 32033.3, 0
29273.8, 23136.7, 0
129496, 79819.3, 0
138871, 22981.7, 0
125934, 27951, 0
86754.1, 18476.9, 0
134230, 28835.7, 0
137181, 31783.3, 0
118695, 53301.8, 0
128392, 84032.2, 0
81750.3, 32587.9, 0
193702, 25766.6, 0
98691.3, 16144.5, 0
166263, 58549.4, 0
99274, 67161.4, 0
91561.5, 61317.2, 0
110099, 57432.6, 0
73234.8, 7500.53, 0
78036.4, 27941.3, 0
106171, 53653.1, 0
113302, 44740.3, 0
121922, 40934.1, 0
146515, 51295.6, 0
96275.9, 63701.8, 0
103982, 20108.5, 0
73331.4, 26611.8, 0
56643.7, 20906.7, 0
45804.4, 32797.3, 0
114781, 29900.3, 0
119716, 23559.3, 0
100002, 73769.4, 0
183706, 115231, 0
86485, 51606.2, 0
79400.1, 44990.9, 0
100551, 49291.7, 0
140916, 14079.9, 0
103806, 37334.3, 0
147097, 54355.4, 0
148447, 75807.3, 0
148320, 19028.4, 0
135211, 63704.3, 0
206136, 75111.1, 0
64382.6, 3824.75, 0
90839.6, 6651.39, 0
59814.7, 23801.2, 0
165953, 109302, 0
161770, 102201, 0
80010.8, 22008.5, 0
162968, 91442, 0
153698, 61119.8, 0
126569, 58861.5, 0
56724.1, 43848.1, 0
106238, 53956.2, 0
73695.9, 28076.6, 0
151184, 104751, 0
99561.3, 71650.1, 0
141580, 97526.7, 0
69072.2, 31131.8, 0
51279.7, 41511.6, 0
95353.5, 45283.3, 0
139298, 79576, 0
64584.7, 28367.4, 0
45186.7, 23084.1, 0
130664, 42308.8, 0
48735, 31172.2, 0
148937, 74437.3, 0
162477, 25871.1, 0
67576.3, 39339.9, 0
78289.7, 49102.6, 0
68765.9, 41949.7, 0
95829.3, 45618.3, 0
116160, 52597, 0
127658, 66971.2, 0
71413.9, 31662.9, 0
59594.9, 45181.6, 0
118024, 34925.4, 0
164365, 50653, 0
62071, 21508.7, 0
96454.1, 62218.7, 0
93175.9, 60807.4, 0
112149, 56629.4, 0
89260.4, 66101.6, 0
10016.7, 16773.7, 0
108461, 43543.7, 0
128502, 34277.1, 0
85844.7, 60942.2, 0
112420, 59358.7, 0
64876.2, 18870.5, 0
95417.1, 33313.6, 0
124154, 23770.5, 0
107997, 37544.3, 0
128864, 23233.7, 0
145600, 100616, 0
109906, 60142.6, 0
41558.5, 32238.7, 0
128494, 28273.3, 0
95460.4, 34983.5, 0
81043.6, 54515.8, 0
113386, 32470, 0
110528, 72694.7, 0
151263, 73963.3, 0
152841, 52095.3, 0
76162.8, 39248.6, 0
77880.6, 30106.9, 0
88518.8, 8584.83, 0
61069.1, 46752.4, 0
133337, 37363.9, 0
48806, 38181.9, 0
155417, 42896.5, 0
101206, 53617.8, 0
162360, 103901, 0
61827.8, 32345.6, 0
152711, 103424, 0
160079, 65789.7, 0
83545.7, 33540.7, 0
110134, 36595.8, 0
99950.2, 63892.5, 0
132824, 63154.1, 0
94535, 45143.7, 0
117963, 11269.9, 0
68969.9, 18219.7, 0
85931.4, 20624.8, 0
20839.1, 21829.3, 0
127015, 11021.8, 0
155049, 38886.9, 0
107804, 77282.6, 0
91645.5, 41105.2, 0
144289, 98003.5, 0
70054.5, 50802.5, 0
45696.7, 16879.5, 0
77174.8, 5899.82, 0
86185.8, 37486.2, 0
75283.9, 40461, 0
188693, 137171, 0
167954, 92452.3, 0
127716, 42129.6, 0
101470, 53095.2, 0
47252, 26366, 0
194015, 110097, 0
173665, 84119.8, 0
156406, 113752, 0
83885.5, 36188.5, 0
81618.5, 21690.6, 0
137538, 95863.8, 0
78364.2, 15421.5, 0
22748.1, 18707.3, 0
150485, 43487.8, 0
95780.5, 67113.5, 0
182651, 48601.8, 0
109299, 44160.6, 0
155024, 89697.7, 0
121014, 20170.4, 0
66397.4, 15879.1, 0
68883.8, 44100, 0
100319, 37972.3, 0
55550.6, 16565, 0
115181, 60351.8, 0
55473.6, 39463.8, 0
217924, 82838.2, 0
113545, 25893.6, 0
134684, 66009.5, 0
97989.2, 51967.9, 0
49185.7, 13618.1, 0
112790, 25340.3, 0
105794, 19572.2, 0
49850.8, 37526.2, 0
102374, 73049.6, 0
95053.3, 64525.8, 0
15970.2, 8155.91, 0
140213, 40014.6, 0
31289.5, 20084.3, 0
160178, 51619.1, 0
122866, 55035, 0
51935.9, 9726.24, 0
104237, 75229.2, 0
61911.3, 44612.5, 0
145907, 65597.3, 0
103378, 61797.9, 0
99381.5, 26715.6, 0
159768, 22698.8, 0
106440, 37441.1, 0
44806, 21037.2, 0
114359, 70109.3, 0
103755, 44816.7, 0
166454, 64523.8, 0
109287, 19696.8, 0
77625.1, 17075.3, 0
56651.8, 27745.5, 0
106425, 56252.6, 0
134265, 90809.9, 0
96329.8, 50648, 0
162896, 85273.4, 0
84965.3, 56735, 0
87290.1, 56179.2, 0
65598.1, 51248.2, 0
101752, 21148.1, 0
147345, 40552.2, 0
105295, 65311.4, 0
108934, 77750, 0
131224, 93205.4, 0
60687.2, 47572, 0
42999, 16383.6, 0
88783, 21535.7, 0
54385.4, 21690.1, 0
126227, 72663, 0
84615.4, 42407.9, 0
68845.1, 48039.7, 0
97925.9, 62451.2, 0
147836, 52245, 0
74944.6, 41662.8, 0
76761.6, 14605.4, 0
76510.2, 56374.3, 0
109987, 66907.4, 0
145111, 42057.3, 0
197687, 43185.9, 0
238455, 74402.2, 0
70580.5, 12781.1, 0
77163.8, 10729.4, 0
37942, 29355.9, 0
106199, 71394.3, 0
95781.6, 46767, 0
114353, 11001.2, 0
129521, 83913.4, 0
72151.1, 21324.8, 0
77024, 45988.4, 0
74985.5, 55790.8, 0
70079.2, 28524.9, 0
169012, 101156, 0
116013, 59616.1, 0
114602, 80482.6, 0
127607, 49853.6, 0
71234.5, 40464.4, 0
73704, 3815.04, 0
144140, 51935.5, 0
140320, 84816.7, 0
142308, 91929.6, 0
141931, 75474, 0
82167.5, 33995.8, 0
170755, 100784, 0
82579.9, 56151.4, 0
129093, 36139.6, 0
128441, 93938.3, 0
112773, 30267.1, 0
90222.2, 37936.3, 0
134013, 50459.4, 0
92842.2, 52765.3, 0
46147.3, 35773.5, 0
89210, 33340.3, 0
98736.9, 27209.5, 0
22391, 21720.4, 0
108364, 63863.6, 0
185638, 114496, 0
59400.2, 4209.96, 0
108600, 57797.9, 0
102224, 73219.9, 0
30983.7, 26775.9, 0
147003, 35405.6, 0
112415, 62005, 0
176666, 67138.4, 0
106929, 12484.6, 0
137102, 40419.4, 0
170081, 11661.6, 0
130211, 81000.5, 0
101201, 70914.5, 0
97370.3, 33035.2, 0
114233, 28829.7, 0
84302.7, 50239.6, 0
170975, 114049, 0
148070, 61052, 0
85952.6, 46381.8, 0
69942.1, 37296.7, 0
150873, 78733.3, 0
138618, 50854.9, 0
93647.8, 44810.3, 0
51338, 29336.5, 0
74982.5, 57052.9, 0
165776, 15826.1, 0
61414.1, 39364.8, 0
83527.2, 25912.3, 0
167470, 76797.9, 0
129210, 25769.3, 0
40656.7, 31302.8, 0
64671.6, 22231.1, 0
127138, 74853.1, 0
94372.4, 60646.8, 0
102142, 74226.1, 0
97958, 17217.4, 0
83509.1, 53775.3, 0
114099, 70724.2, 0
140211, 24203.1, 0
68317.8, 27191.6, 0
87399.2, 32153.2, 0
125466, 55353.2, 0
95954.5, 61781, 0
148385, 91756.7, 0
44568.5, 24520.5, 0
109249, 25958.5, 0
60339.6, 31410, 0
98565.3, 64247.1, 0
82696.7, 19623.5, 0
125558, 38926.6, 0
126696, 86102.8, 0
92581.6, 28630.9, 0
101933, 45370.8, 0
106539, 78153.3, 0
143092, 64122.1, 0
111931, 53608.6, 0
157935, 59200.7, 0
49811.5, 12329.4, 0
163202, 84958.9, 0
28096.2, 23342.1, 0
122445, 26359.8, 0
94272.4, 24015.4, 0
75111.9, 18103.2, 0
71488.8, 39100, 0
69594.5, 43626.6, 0
31860.7, 16679.3, 0
136606, 83018.9, 0
121500, 70313.1, 0
127195, 45953.1, 0
78370.4, 32600.6, 0
136033, 79370.3, 0
100598, 57148.1, 0
76368.5, 50758, 0
83238.1, 52216.1, 0
93308, 30871.7, 0
46841.8, 14147.3, 0
118442, 48518.9, 0
92425.7, 59871.2, 0
85934.4, 50348.8, 0
113169, 47307.7, 0
89990.3, 37734.7, 0
52728.2, 10041.2, 0
72760.1, 53963, 0
86476.5, 32250.3, 0
76883.3, 34815.7, 0
75092.9, 49761.6, 0
93119.2, 30960.5, 0
89226.5, 62977.2, 0
65598.5, 23244.7, 0
186587, 22614.3, 0
98238.5, 18598.3, 0
103805, 55611.6, 0
129816, 44185.6, 0
152066, 63721.8, 0
103782, 60953.8, 0
120304, 39984.3, 0
111020, 61028, 0
110303, 13786.5, 0
86717.7, 54456.4, 0
132183, 28889, 0
119084, 52983.7, 0
89687.4, 34222.7, 0
120703, 73750.2, 0
115189, 49473.9, 0
103145, 62645.8, 0
85655.6, 8891.74, 0
100477, 35349.7, 0
164486, 32232.7, 0
82141.3, 41538, 0
109811, 25594.7, 0
167628, 30218, 0
132757, 78143.2, 0
54352.9, 15570.6, 0
60997.6, 30714.8, 0
200136, 76529.9, 0
31499.6, 7901.26, 0
122469, 10031.2, 0
88165.9, 43025.3, 0
92037, 38651, 0
118286, 37829.8, 0
62708.2, 9133, 0
175342, 60868.5, 0
55203.9, 38025.2, 0
105761, 21255.4, 0
102587, 55517.8, 0
126467, 34047.3, 0
97850, 43756.3, 0
70898.9, 48890.4, 0
53655.9, 9599.83, 0
44852.6, 11743.4, 0
74082.3, 46756.3, 0
101295, 69456.1, 0
62606.2, 26010.3, 0
133196, 64019.7, 0
70320, 51575.5, 0
101407, 14479.5, 0
126882, 69376.8, 0
100336, 3677.2, 0
117739, 36989.9, 0
58006.3, 40955.9, 0
21167.3, 13693.6, 0
148180, 73210.9, 0
138737, 69850, 0
144336, 54088.7, 0
95907.1, 39028.7, 0
61769.1, 46751.7, 0
123002, 78702.5, 0
145595, 86909.3, 0
44755.9, 13321.2, 0
130820, 70393.8, 0
170968, 59221.1, 0
65845.4, 9410.33, 0
86950.9, 44063, 0
122318, 57171.8, 0
104209, 11039.7, 0
72168.9, 49898, 0
54512.3, 18556.4, 0
45355.6, 35010.5, 0
101162, 65493.6, 0
111599, 43231.7, 0
111399, 65682.2, 0
88047.1, 52237.9, 0
97598, 60471.1, 0
63999.8, 50466.2, 0
53934, 36484.8, 0
139357, 56691.4, 0
148137, 106789, 0
54109.5, 39553.5, 0
113618, 38083.6, 0
118810, 67870, 0
86011.1, 23605.1, 0
44658.9, 13845.3, 0
56227.1, 44287.3, 0
125710, 9214.53, 0
148688, 16402.6, 0
37099, 23233, 0
93082.3, 31521.6, 0
155216, 29659.1, 0
157743, 93519.1, 0
160483, 73924.9, 0
120878, 75019.6, 0
66412.5, 43157.2, 0
153446, 95448.9, 0
57674.8, 26517.1, 0
135000, 55703.3, 0
94119.5, 68864.8, 0
58225.9, 46483.6, 0
164329, 103952, 0
115509, 34947.8, 0
76900.1, 37156.4, 0
83907.4, 48328.9, 0
195632, 98584.2, 0
72511.2, 49942.7, 0
133400, 69578, 0
115996, 35482.4, 0
82297.7, 50155.3, 0
147655, 16524.9, 0
109810, 39699.7, 0
8399.11, 4375.9, 0
194059, 45435, 0
162140, 30561.4, 0
124131, 23893.5, 0
68471, 32095, 0
56078.8, 38567.1, 0
193405, 75061.4, 0
147656, 71858.6, 0
94890.9, 30683.8, 0
114240, 65401.1, 0
79840.1, 37561.5, 0
109316, 6564.34, 0
41950.7, 26850.3, 0
106141, 38818.8, 0
116807, 46795.5, 0
127991, 26911.1, 0
130092, 27804.3, 0
31742.6, 25370.6, 0
153326, 37017.4, 0
108887, 42179.6, 0
69076.6, 36239, 0
82314.6, 43152.4, 0
61010.3, 6131.24, 0
46457.6, 33712.9, 0
37425, 4858.96, 0
104426, 29801.6, 0
82285.9, 44114.5, 0
89047.4, 46742.5, 0
31168.5, 22706.4, 0
102768, 35752.1, 0
135130, 30992.8, 0
131964, 41809.3, 0
206569, 121287, 0
59390.8, 23897.2, 0
88512.7, 43341.1, 0
211884, 60642.7, 0
48958.5, 38640.6, 0
11330.3, 6102.4, 0
128419, 35624.3, 0
52787.9, 30876.5, 0
64735.8, 26054.2, 0
137179, 59459.3, 0
175880, 101856, 0
88734, 28197.5, 0
142590, 10485.5, 0
63493.5, 38084.2, 0
113581, 75587.5, 0
127209, 72103.4, 0
211843, 60003, 0
100503, 39084.9, 0
119069, 47337.8, 0
108041, 73300.4, 0
66246, 40615.3, 0
118398, 72364.2, 0
185767, 19648.1, 0
113871, 36052.8, 0
92605.5, 55003.7, 0
80141.3, 57360.8, 0
42597, 23965.7, 0
120323, 83038.8, 0
166391, 58275.9, 0
57896.4, 40847.8, 0
124606, 54822.8, 0
78398.6, 48978, 0
40989.5, 23615.5, 0
116514, 16726, 0
96750.5, 58709, 0
76213.2, 46066.5, 0
75859.1, 45834.5, 0
101229, 22750.5, 0
142467, 22042.7, 0
100562, 59713.7, 0
50819.9, 36350.4, 0
50451.9, 33898.4, 0
78513.4, 7349.87, 0
104097, 3808.86, 0
82250.6, 16586, 0
123306, 82715, 0
129732, 70713.9, 0
141297, 84907.4, 0
37276.5, 28487.2, 0
37760.1, 12588, 0
156130, 100451, 0
42349, 29997.1, 0
90030.9, 53099.4, 0
113711, 31454.9, 0
84003.3, 59666.8, 0
153288, 65284.6, 0
83237.9, 23139, 0
156195, 64046, 0
115119, 78624, 0
66282.2, 38520.5, 0
85215.8, 64496.4, 0
98746.2, 71338.1, 0
95213.4, 68373.2, 0
85856.9, 50913.4, 0
103732, 70513.2, 0
70405.2, 22975.5, 0
50846.4, 34857.5, 0
60351.6, 46938.1, 0
88095.7, 50779, 0
71606.4, 7526.45, 0
91067.2, 18603.5, 0
92734.1, 31064.2, 0
50940, 40921.3, 0
154006, 71115.7, 0
103776, 46540.3, 0
195383, 81107.4, 0
138541, 74423.9, 0
136481, 20596.5, 0
124527, 65152.3, 0
103489, 72365.2, 0
91803.9, 50294.5, 0
73352.2, 33459.1, 0
93999.4, 66748.6, 0
89427.8, 20050.9, 0
97015.9, 18745, 0
127661, 76589.1, 0
98407.9, 25076.2, 0
79449.4, 38450.7, 0
125245, 59986.6, 0
77397, 45546, 0
122969, 46145, 0
86536.6, 57926.3, 0
55232.2, 37858.2, 0
189236, 74242, 0
79020.5, 49858.8, 0
69198.9, 50755.4, 0
48094.8, 39074.5, 0
101645, 43701.5, 0
103797, 42035.7, 0
81502.7, 43967.8, 0
100684, 15809, 0
67660.4, 20558.2, 0
115285, 22690.6, 0
172948, 16339.1, 0
165902, 64149, 0
130651, 53511.4, 0
143567, 48270.3, 0
156248, 91979.2, 0
134813, 61854.3, 0
55187.3, 26846.6, 0
70737.8, 27034.1, 0
22930.6, 20741.8, 0
85234.2, 64566.3, 0
107622, 46080.4, 0
88887.2, 27872.4, 0
42658.6, 34113.3, 0
117099, 56105.6, 0
141945, 58905.9, 0
87334.6, 40863.7, 0
77580.6, 30340.3, 0
104476, 29514.9, 0
94275.8, 69026.6, 0
91647.3, 9938.2, 0
61560.7, 38047, 0
89543.7, 55050, 0
93417.4, 56744.8, 0
78712, 56230.8, 0
74288.1, 39413, 0
53879.3, 40446.2, 0
114376, 62371.8, 0
43621.2, 23259, 0
106056, 30106.2, 0
39321.8, 4101.62, 0
137713, 70487.7, 0
149202, 80185.8, 0
68366.7, 39319.5, 0
56872.9, 18750.7, 0
22072.3, 13493.6, 0
68656.9, 21990.3, 0
81590.9, 36732.7, 0
126176, 76911.4, 0
69454.4, 44084.5, 0
77128.8, 47772.5, 0
112727, 76562.9, 0
87764.1, 29212.9, 0
35640.9, 21422.9, 0
149148, 87751.7, 0
191498, 99983.9, 0
108339, 48136.5, 0
100511, 30782.9, 0
145483, 43731.3, 0
126060, 34309.8, 0
60050, 41841.7, 0
98578.4, 21926.6, 0
105461, 37298, 0
63441.5, 31614, 0
125049, 70860.1, 0
79530.5, 23791.7, 0
144030, 79122.1, 0
48232.4, 35587.3, 0
148699, 56602.3, 0
106478, 60649.5, 0
86025.3, 16122.5, 0
78551.7, 47160.7, 0
85931.7, 50165.7, 0
66904.9, 47642.7, 0
51896.5, 22031.1, 0
66206.9, 19587.3, 0
127133, 54899, 0
111246, 66848.3, 0
98618.1, 54589.1, 0
83883.6, 39734, 0
94858.9, 69240.6, 0
168163, 75893.4, 0
89726.3, 24034.2, 0
97647.5, 73141.1, 0
163802, 8938.35, 0
115318, 72629.6, 0
106973, 41518.2, 0
91304.2, 50129.5, 0
128302, 61084.8, 0
58157.3, 45354.3, 0
67259.1, 42799.1, 0
79356.3, 31465.3, 0
132028, 93843.6, 0
160131, 27817.5, 0
156458, 99510.6, 0
106812, 46308.8, 0
92108.3, 69118.2, 0
102551, 67593.9, 0
26310.2, 18736.4, 0
75007.1, 52265.9, 0
62722.6, 41585.4, 0
129043, 46992.5, 0
29828.2, 20935.8, 0
100249, 34840.6, 0
107351, 36162.5, 0
118852, 62944.2, 0
36733.9, 21742.9, 0
109151, 60585.6, 0
117221, 52761.9, 0
76510.8, 30544.7, 0
115301, 75313, 0
142080, 60916.6, 0
133797, 46408.9, 0
147071, 54021.7, 0
114147, 65972.3, 0
148147, 86970.5, 0
234156, 84254.4, 0
53913.3, 13225.5, 0
78416.6, 12328.9, 0
98979.3, 71284.1, 0
251912, 108796, 0
60355.2, 46943.4, 0
160427, 71522.9, 0
137073, 63433.2, 0
29737, 24389.4, 0
67725.6, 40837.8, 0
87925.2, 56500, 0
98368.5, 35579.5, 0
94148.3, 27642.3, 0
110013, 62130.4, 0
87616, 19652.1, 0
140328, 45584.2, 0
67988.7, 36131.5, 0
87489.3, 55368.2, 0
118483, 52123, 0
125479, 58116.1, 0
91454.6, 38904.7, 0
129939, 70318.3, 0
112642, 11834.2, 0
195068, 88080.9, 0
55199.9, 42250.6, 0
83114, 62442.1, 0
118363, 61018, 0
73321.4, 44168.1, 0
140484, 67240.7, 0
108173, 76730.6, 0
134770, 56611.3, 0
82349, 27306, 0
1929.28, 13805.5, 0
70686.4, 33106.1, 0
104934, 8911.24, 0
159834, 57349.5, 0
109041, 27535.7, 0
92212.3, 56059.7, 0
90292.9, 41168.9, 0
68451.2, 36795.9, 0
86365.4, 53267.2, 0
130622, 20832.5, 0
105751, 78863.6, 0
174612, 52520, 0
126351, 66690, 0
42738.8, 35807.7, 0
94763.1, 34424.8, 0
196221, 99346.8, 0
145937, 14423.8, 0
36573.4, 31304.6, 0
47093.8, 16796.3, 0
156086, 62081.3, 0
142127, 79329.5, 0
105401, 50668.5, 0
146442, 27837.5, 0
102549, 75711.6, 0
146422, 80628.2, 0
85402.3, 52682, 0
77562.8, 20722.9, 0
129638, 65431.6, 0
82394.6, 58243.4, 0
95002.4, 34708.2, 0
78514.9, 46462.2, 0
95767.8, 70684.3, 0
168828, 79009.9, 0
70079.5, 40261.9, 0
75391.5, 27360.9, 0
80350.1, 39890, 0
172511, 73966.5, 0
51574.7, 40165.4, 0
121472, 34946.9, 0
147242, 99398.2, 0
143898, 43674.9, 0
192747, 46518.7, 0
98272.1, 22819, 0
101222, 50725.4, 0
69449.7, 35666.9, 0
66083.5, 33106.8, 0
76360.2, 52130.6, 0
126110, 48165.9, 0
110185, 77284.9, 0
108889, 71224.3, 0
158759, 79390.9, 0
105887, 78991.7, 0
180234, 122503, 0
145347, 87517.9, 0
60820, 42633.4, 0
102832, 32583.5, 0
64088.4, 41154.4, 0
146440, 42435.3, 0
94032.7, 62542, 0
105425, 58829.2, 0
54528.5, 19938.9, 0
146409, 96290.4, 0
141627, 85530.8, 0
84063.1, 34884.4, 0
88171.3, 36713.5, 0
82407.5, 37408.4, 0
24725.7, 8437.41, 0
75810.1, 42993.5, 0
72374.2, 20056.2, 0
63929, 7874.98, 0
54359, 40723.2, 0
62793.8, 31867.2, 0
93861, 50305.1, 0
107256, 25022, 0
180284, 106370, 0
111588, 61700.8, 0
66461.5, 30047.8, 0
41144, 2053.57, 0
149829, 88549.1, 0
127961, 51547.1, 0
86445.3, 58871.8, 0
129788, 75843, 0
144220, 14335.6, 0
109981, 72786.4, 0
42323.6, 14504.8, 0
177029, 112486, 0
142937, 22090.4, 0
51714.5, 33096.4, 0
75041.7, 21928.4, 0
175839, 91408.5, 0
102426, 73578.4, 0
130291, 66521.9, 0
65136.3, 10060.9, 0
101534, 16872.9, 0
109913, 34733.9, 0
73515.5, 39819.6, 0
148159, 65678.7, 0
127216, 86020.1, 0
59217.4, 27240.2, 0
130292, 55089.6, 0
63866, 44568, 0
81074.8, 48308.1, 0
173075, 17780, 0
73706.9, 52158.4, 0
100715, 72852.9, 0
142113, 99524, 0
115562, 33209.1, 0
135047, 65651.9, 0
102685, 62558.9, 0
84592.1, 61430, 0
63153.7, 23495.2, 0
89349, 59855.6, 0
126874, 66526.1, 0
181927, 93526.4, 0
133858, 36511.9, 0
115660, 50103.4, 0
84189.5, 44691.2, 0
135423, 40221.2, 0
101815, 56136.1, 0
154622, 67140.3, 0
117245, 14753.8, 0
108969, 20850.9, 0
24154.8, 16113.6, 0
27561.1, 12699.7, 0
41268.7, 26156, 0
54111.2, 36487.4, 0
72808.1, 41947.8, 0
113183, 54283, 0
89061.2, 26123.7, 0
72708.2, 39665.6, 0
75615.6, 40264.8, 0
92888.4, 54009.5, 0
189511, 130368, 0
228340, 7013.77, 0
138473, 58610.3, 0
146972, 45640.9, 0
192838, 110384, 0
105111, 46966.3, 0
136432, 29769.9, 0
161763, 74053.2, 0
138544, 57587.5, 0
115778, 66223.4, 0
118329, 37433.2, 0
103482, 74269.3, 0
86279.4, 13365.5, 0
136730, 68883.7, 0
127498, 76076.2, 0
79983.2, 15315.6, 0
121447, 81584.2, 0
214434, 87056.1, 0
108428, 27887.6, 0
66842.9, 41711.7, 0
49961.6, 16344, 0
79491.7, 45546.7, 0
130210, 87757.8, 0
62207, 40982.1, 0
43684.5, 22519.9, 0
79297.4, 46307.6, 0
121454, 33547.7, 0
150992, 50515.1, 0
147396, 12858.9, 0
195698, 42566.9, 0
94026, 56111, 0
137817, 90380.2, 0
75405.4, 51211.2, 0
134381, 91724.6, 0
97271.6, 70707.6, 0
152523, 102518, 0
121975, 75005.2, 0
72281.5, 21650.8, 0
100886, 28959.5, 0
102850, 67836.7, 0
130124, 46198, 0
133889, 44100.3, 0
82331.3, 49321.2, 0
124410, 36229.3, 0
110414, 10343.9, 0
124068, 7405.21, 0
85300.4, 19009.5, 0
123787, 79026.6, 0
64798.3, 27626.9, 0
68798.6, 37185.8, 0
53784.6, 33117, 0
100398, 28927, 0
106988, 76262.4, 0
109249, 40966.2, 0
123285, 60019.9, 0
115043, 60105.1, 0
77860, 33213.6, 0
130802, 76685, 0
83515.1, 45495.2, 0
45074.2, 35511.2, 0
161173, 102403, 0
82738.9, 55234.8, 0
184883, 79023.3, 0
94474.8, 68010.4, 0
105781, 6278.34, 0
55547.3, 22241.6, 0
72868, 44678.3, 0
58674.2, 42943.6, 0
97744.5, 36851.6, 0
67824, 24717, 0
84862.7, 55287.3, 0
134766, 78020.1, 0
66089.2, 13796.3, 0
115675, 66482, 0
66453.4, 38910.9, 0
142947, 1413.55, 0
133368, 48970.1, 0
98827, 57032.8, 0
148725, 83261.5, 0
33848.1, 19196.7, 0
145964, 67046.7, 0
54644.1, 43287.3, 0
32712, 8806.35, 0
79014.1, 47457.2, 0
110012, 70207, 0
119866, 42921.7, 0
85009.6, 31144.2, 0
106895, 38882.2, 0
160894, 92829, 0
46450, 23137.2, 0
100438, 55080.5, 0
153135, 60241.5, 0
141619, 53965.6, 0
178326, 72385.1, 0
94383.8, 68741.4, 0
91084.6, 64112.4, 0
142999, 61621, 0
69960.3, 51090.8, 0
96280.8, 38744.4, 0
37490.9, 30161.4, 0
98327.3, 23265.7, 0
135908, 20525.2, 0
153511, 105573, 0
123853, 67175.3, 0
98703.7, 73121.2, 0
34187.6, 16459.4, 0
52562.3, 25378.5, 0
127813, 91335.5, 0
84300.6, 16887.4, 0
85172.4, 30351.6, 0
109572, 28667.5, 0
99989.1, 65314.7, 0
74802.6, 39615.9, 0
167334, 24426.1, 0
101781, 57806, 0
82804.4, 62997.3, 0
135576, 95044.9, 0
108336, 70928.5, 0
123952, 65923.6, 0
137456, 26310.3, 0
130023, 66358.3, 0
126466, 66636.3, 0
134112, 70657.9, 0
170915, 37929.1, 0
145488, 97022.1, 0
115160, 51082, 0
98174.5, 25404.4, 0
48996.9, 18615.8, 0
49653.5, 13034, 0
67893.3, 16459.5, 0
97517.3, 23724.7, 0
147271, 27477.2, 0
55960.6, 36986.1, 0
117439, 81665.3, 0
72953.2, 34748.1, 0
29590.3, 12040.6, 0
54323.5, 31227.7, 0
118707, 64222.3, 0
102624, 62566.1, 0
122015, 64737.9, 0
51865.1, 38571.3, 0
99396.9, 68821.8, 0
94793.6, 23325, 0
146034, 63512.9, 0
237862, 32509, 0
40340.6, 28580.3, 0
88876, 65869.8, 0
137726, 32858.1, 0
102847, 35133.6, 0
180726, 62303.2, 0
108844, 74975.6, 0
134690, 82160.4, 0
73065.7, 48960.3, 0
38542.8, 29176.3, 0
74864.7, 25318.9, 0
113463, 66926.2, 0
102212, 41844.5, 0
61584.4, 30994.5, 0
68583.2, 45335.7, 0
177116, 34768.3, 0
72526.1, 6234.15, 0
156729, 23728.5, 0
120634, 63741.3, 0
148585, 73352.1, 0
37741.4, 29002.2, 0
121084, 51244.5, 0
156685, 49519.4, 0
55688.3, 26441.6, 0
85764.9, 47572.6, 0
89267.9, 57826.1, 0
63909.5, 46941.2, 0
80805, 33715.3, 0
70901.4, 39809, 0
64642.8, 24794.8, 0
152136, 69435.2, 0
90924.1, 42373.6, 0
125045, 45123.2, 0
95330.7, 32863.5, 0
121192, 79404.4, 0
88948, 35216.4, 0
110959, 61939, 0
123661, 39235.1, 0
105817, 46078.1, 0
138095, 75847.8, 0
45006.1, 32721.6, 0
150935, 94901.1, 0
121591, 34356.7, 0
134408, 64589.3, 0
153686, 78890.9, 0
53907.8, 42521.6, 0
66364.2, 33360, 0
57545.4, 40930.3, 0
94353.5, 21124, 0
48243.2, 34272.3, 0
99683.7, 19928.7, 0
52282, 26100.1, 0
131611, 41988.5, 0
94476, 62459.4, 0
151432, 92732.8, 0
102471, 60383.3, 0
122084, 19531.3, 0
56781.8, 44137.2, 0
104273, 30104, 0
115928, 45590.7, 0
80341.8, 55427.6, 0
105140, 75215, 0
171814, 77823.4, 0
151913, 87157.7, 0
103923, 74831.4, 0
54923.6, 30489.3, 0
159772, 66633.6, 0
101652, 37604.7, 0
56415.8, 21553.5, 0
58776.8, 30689.7, 0
