1.18159e+07, 4.41087e+06, 0
1.03154e+07, 3.03605e+06, 0
1.07625e+07, 1.73684e+06, 0
1.19141e+07, 4.91271e+06, 0
1.15908e+07, 1.62938e+06, 0
1.02552e+07, 3.33545e+06, 0
1.24629e+07, 3.27106e+06, 0
1.22328e+07, 3.65993e+06, 0
1.22429e+07, 4.91968e+06, 0
1.19141e+07, 3.11957e+06, 0
1.09892e+07, 4.38987e+06, 0
9.78737e+06, 2.6905e+06, 0
1.0456e+07, 580757, 0
1.13386e+07, 3.26131e+06, 0
1.01427e+07, 358721, 0
1.03196e+07, 2.74407e+06, 0
1.42782e+07, 5.51549e+06, 0
1.13714e+07, 2.70372e+06, 0
1.01281e+07, 749469, 0
1.1943e+07, 1.83017e+06, 0
1.08234e+07, 1.733e+06, 0
9.74705e+06, 1.83153e+06, 0
1.02496e+07, 1.04492e+06, 0
1.26287e+07, 1.7397e+06, 0
1.17128e+07, 4.14371e+06, 0
1.2579e+07, 4.36856e+06, 0
9.61666e+06, 1.52424e+06, 0
1.13828e+07, 3.43173e+06, 0
1.07655e+07, 3.59967e+06, 0
9.10755e+06, 1.0426e+06, 0
1.07775e+07, 2.82659e+06, 0
1.16845e+07, 1.99491e+06, 0
1.04085e+07, 3.62202e+06, 0
1.21298e+07, 3.30104e+06, 0
1.19141e+07, 4.91271e+06, 0
1.27623e+07, 4.55542e+06, 0
1.51796e+07, 4.63793e+06, 0
1.12192e+07, 3.17165e+06, 0
1.44756e+07, 6.47932e+06, 0
1.25781e+07, 5.54628e+06, 0
1.16344e+07, 2.73796e+06, 0
1.19141e+07, 5.05332e+06, 0
9.83586e+06, 1.99596e+06, 0
1.12033e+07, 3.58676e+06, 0
1.03038e+07, 2.1188e+06, 0
1.39496e+07, 5.13709e+06, 0
1.20647e+07, 2.98474e+06, 0
1.19141e+07, 3.70207e+06, 0
1.56999e+07, 3.68125e+06, 0
1.02664e+07, 1.03738e+06, 0
1.20968e+07, 1.65934e+06, 0
1.15867e+07, 3.20724e+06, 0
1.18854e+07, 3.52864e+06, 0
9.97102e+06, 2.94022e+06, 0
1.04734e+07, 897622, 0
1.07317e+07, 1.87694e+06, 0
1.19141e+07, 5.05332e+06, 0
1.46553e+07, 7.17154e+06, 0
1.12396e+07, 1.13713e+06, 0
1.19141e+07, 4.91271e+06, 0
1.08234e+07, 1.733e+06, 0
1.08322e+07, 3.72529e+06, 0
1.23323e+07, 5.90004e+06, 0
9.46462e+06, 1.20707e+06, 0
1.4622e+07, 3.51819e+06, 0
1.12375e+07, 3.85862e+06, 0
1.13044e+07, 4.07834e+06, 0
9.97491e+06, 1.38854e+06, 0
9.77464e+06, 1.17015e+06, 0
1.1282e+07, 4.90037e+06, 0
9.22415e+06, 469790, 0
9.57707e+06, 1.09463e+06, 0
1.23849e+07, 4.48112e+06, 0
1.19141e+07, 4.91271e+06, 0
