32282.6, 68877.9, 0
85534, 67488.7, 0
18707, 38297.8, 0
12166.3, 102491, 0
100357, 100992, 0
27799.2, 122751, 0
17165.1, 7727.3, 0
46328.3, 71758.6, 0
48695.2, 36938.9, 0
56166.9, 91141.6, 0
25422.1, 75477.4, 0
29010.7, 80505.1, 0
56842, 80369.6, 0
33276.1, 74826.2, 0
123461, 48279.2, 0
23693.2, 44331, 0
80747.4, 56206.6, 0
125614, 60747, 0
88776.9, 99180.7, 0
41454.1, 24639.8, 0
93617.5, 53344.6, 0
67520.3, 93938.3, 0
38518.3, 103367, 0
12108.3, 9781.96, 0
5233.16, 112201, 0
39154.7, 33565.5, 0
27966.7, 63748, 0
34599.5, 89974.6, 0
110538, 148847, 0
18054.3, 109527, 0
92230.3, 81314.7, 0
126640, 57394.1, 0
28754.2, 46471.3, 0
80427.4, 123392, 0
22524.8, 128222, 0
59972.3, 109813, 0
127537, 19425, 0
39917.9, 85399, 0
57270.3, 74598.7, 0
8247.84, 54403.7, 0
34491.5, 116445, 0
99365.1, 54013.1, 0
129843, 14784.1, 0
13280.6, 125307, 0
60507.7, 122629, 0
26056.2, 57843.4, 0
63458.2, 32410.9, 0
9946.34, 21343.9, 0
34997.8, 57179.1, 0
35550.6, 68579.4, 0
12559, 68516, 0
58538.2, 62860.6, 0
24576, 31626.1, 0
33015.1, 42078.9, 0
18689.5, 160971, 0
68207.3, 49089.3, 0
8938.21, 63685.2, 0
81158, 35037.6, 0
36420.7, 105109, 0
118677, 44230.6, 0
63784.7, 19652.2, 0
65129.8, 94792.1, 0
60458.1, 68289.1, 0
16133.1, 48182.9, 0
92233.9, 29714.7, 0
113002, 101217, 0
11549.4, 68984.5, 0
31973.8, 93096.8, 0
65747.5, 128269, 0
41038.1, 58687.6, 0
87872.3, 72090.7, 0
32036.9, 95676.5, 0
44058.5, 102606, 0
48459.4, 109899, 0
18167.6, 20451.9, 0
97404.1, 148655, 0
10375.1, 98510.2, 0
82964.6, 47910.2, 0
69438, 58183.1, 0
20288.3, 72433.9, 0
55819.4, 9009.61, 0
21721.1, 114099, 0
85795.9, 91971.5, 0
47522.6, 106369, 0
36502.7, 113144, 0
11669.1, 95196.9, 0
95576.7, 34464.5, 0
36222.5, 87997.7, 0
116036, 66108.9, 0
38668.3, 42455.7, 0
110920, 69594.7, 0
54888.9, 64046.3, 0
13732.9, 38676.6, 0
83569.2, 36930.6, 0
21227.3, 19894, 0
110539, 28134.9, 0
83007, 19191.7, 0
85255.8, 48574.3, 0
37806.2, 70705.8, 0
155586, 58607, 0
10224.4, 52640.6, 0
43946.5, 105710, 0
49580.9, 158480, 0
43293.2, 73569.8, 0
74511.5, 54825.6, 0
51287.5, 73570.3, 0
79430.5, 134899, 0
6062.78, 161606, 0
56848.3, 53382.2, 0
99923.1, 27351.3, 0
34869.8, 7861.43, 0
19228, 16397.9, 0
4868.74, 183648, 0
77966.2, 68150.8, 0
133597, 77790.7, 0
22237.5, 121041, 0
80416.2, 33853.6, 0
71246.8, 43021.9, 0
41751, 84858, 0
77600, 58527, 0
77664, 49842.7, 0
62249.5, 57539.4, 0
13530.7, 91140.2, 0
61678.2, 21524.6, 0
79381.8, 16481.9, 0
126172, 145394, 0
27189, 5506.6, 0
93359.2, 27568.1, 0
88559.4, 38091.1, 0
38902, 106036, 0
91869.9, 16825.5, 0
20915.2, 90236.6, 0
15705, 153871, 0
5772.22, 98420.9, 0
67680.2, 67569, 0
45089, 150843, 0
21950.6, 151424, 0
66162.3, 98469.5, 0
59288.3, 105725, 0
119949, 34727.1, 0
16975.9, 165248, 0
58826.1, 92579.6, 0
43047.2, 49108.7, 0
73119.4, 58911.9, 0
17559.3, 20092.4, 0
77929.8, 56132.8, 0
91047.4, 76243.9, 0
31526.3, 92230, 0
26040.5, 109857, 0
100673, 102971, 0
21030.5, 35252.5, 0
16014.6, 62383.2, 0
189778, 52677.8, 0
75800.8, 77703.1, 0
50294, 158127, 0
41978.7, 143228, 0
51008.4, 133851, 0
42021.7, 48498.3, 0
49798.6, 58987, 0
58642.8, 81539.9, 0
34708.7, 107613, 0
100447, 23576.8, 0
110448, 168483, 0
19233.4, 136566, 0
32674.7, 59461.5, 0
4565.49, 146817, 0
88114.4, 150119, 0
61662.3, 56068.6, 0
20435, 117329, 0
48759.9, 23057.9, 0
50712.9, 34990.3, 0
27216.5, 24947.4, 0
109774, 40799.8, 0
74228.7, 63519.8, 0
10915.5, 118215, 0
43769, 58596.6, 0
47768.1, 51131.4, 0
93651.2, 74123.7, 0
67190.9, 81167.6, 0
38473.2, 50298.8, 0
51387.7, 59430.8, 0
57749, 59244.1, 0
134753, 71169.2, 0
127538, 131749, 0
28363, 107521, 0
47157.7, 76352.9, 0
44972.2, 24752.4, 0
7282.58, 43837.6, 0
67630, 63350.8, 0
43147.8, 53854.3, 0
64704.1, 46278.9, 0
54056.8, 68873.5, 0
51295.8, 28883.8, 0
42057.7, 135124, 0
27165.5, 44712.9, 0
14319.1, 77440.1, 0
35678.1, 48176.1, 0
19547.9, 133812, 0
5238.5, 40973.6, 0
16796, 83925, 0
91955, 72425.1, 0
94840.6, 66466.4, 0
33434.3, 65285.1, 0
24685.2, 45662.8, 0
25658.8, 149465, 0
22848.3, 78899.9, 0
11717.5, 31582.3, 0
96017.5, 65220.9, 0
14251.4, 56863.1, 0
13978.4, 82632.6, 0
56942, 77390, 0
45269.1, 23256.8, 0
36928.6, 25964.6, 0
9373.79, 61596.9, 0
167585, 81352.9, 0
16299.4, 58749.4, 0
21498, 126783, 0
42532.1, 63052.2, 0
40683.8, 178654, 0
13358.3, 61148.5, 0
55121.2, 78517.9, 0
52593.6, 8457.11, 0
36955.4, 36217.6, 0
44282.5, 34101.3, 0
46925.3, 72244.2, 0
23065.1, 35306.9, 0
109691, 69079.8, 0
86752.9, 37066.9, 0
53735, 75875.7, 0
53025.6, 100244, 0
40969.8, 80918.9, 0
31606.8, 71062.2, 0
90425.1, 92442.7, 0
63210.3, 88534.5, 0
59998.3, 11702.2, 0
10375.1, 17117.8, 0
110463, 51806, 0
54204.7, 90407.7, 0
40076.5, 76384, 0
64735.3, 91782.3, 0
16558.6, 76375.1, 0
18140.6, 114706, 0
82528.9, 105373, 0
121820, 104914, 0
17661.8, 52658.1, 0
44242.3, 15301.2, 0
57656, 85186.5, 0
20094.9, 48835.6, 0
55771.6, 103169, 0
103162, 31099.4, 0
45111.3, 114325, 0
59460.3, 105136, 0
10548.8, 57087.5, 0
11691.9, 74193.9, 0
16840.2, 65635.7, 0
18682.4, 26953.9, 0
36527, 87645.4, 0
115005, 69131.6, 0
47424.5, 23841.7, 0
47363.6, 22506.1, 0
130974, 103315, 0
97767.5, 49916.2, 0
31885.8, 122315, 0
68446.2, 27236.5, 0
28304.8, 10507.4, 0
109679, 42611.6, 0
52416.6, 64370.5, 0
44419.4, 110582, 0
37532.8, 75543.3, 0
87871, 13807.1, 0
19365.4, 42050.6, 0
48123.1, 78015, 0
79961.9, 62053.4, 0
10505.6, 125806, 0
28179.2, 136193, 0
41240.3, 23962.6, 0
77622.8, 137549, 0
57330, 78439.9, 0
40234.8, 53152.3, 0
6794.1, 127447, 0
15572.2, 40902.3, 0
31961.4, 95838.2, 0
44470.6, 179745, 0
60152.7, 59267.4, 0
29564.3, 16728.8, 0
85688.4, 53996.3, 0
69737.4, 118302, 0
60966.3, 59225.9, 0
63244.1, 53307.3, 0
46241.7, 74404.5, 0
11196.5, 71793.5, 0
97860, 79071.2, 0
133059, 27587.6, 0
65619.6, 101847, 0
52819.9, 49627.9, 0
61344.5, 117518, 0
40931.5, 52787, 0
40026, 70245.7, 0
30737.2, 100268, 0
22109.3, 75326.8, 0
21901.1, 78251.3, 0
161474, 120345, 0
123571, 66035.1, 0
90076.2, 80637.9, 0
62556.1, 43331.3, 0
9553.34, 61139.6, 0
5822.05, 16137.2, 0
59512.5, 27292.2, 0
61594.5, 66921.7, 0
52558.4, 132995, 0
55124, 127834, 0
32282.6, 70154.9, 0
94150.4, 59071.1, 0
67719.6, 103250, 0
56285.7, 22700.2, 0
104814, 54869, 0
40216.3, 188180, 0
32401.1, 105846, 0
17842.3, 104750, 0
99463.2, 97936.1, 0
6871.81, 83669, 0
8119.15, 66263.1, 0
12348, 127341, 0
90419, 48600, 0
44559, 53875.3, 0
26256, 85196.5, 0
25142.1, 97940.2, 0
14147.6, 79765.5, 0
105089, 27845, 0
40202.1, 48026.7, 0
80354.9, 101624, 0
42075.9, 118271, 0
45286.1, 97726.6, 0
88825.9, 206860, 0
109838, 61357.2, 0
91641.5, 90229.2, 0
18195.3, 27523.8, 0
107624, 107298, 0
111257, 73831.5, 0
6494.72, 33369.8, 0
89260.4, 36406.7, 0
22683.9, 75268.2, 0
79672.5, 104320, 0
38109.1, 120409, 0
58008.6, 76886.8, 0
11963, 72815, 0
69353.8, 31413.9, 0
28723.9, 68779.6, 0
80851.2, 48016.5, 0
27110.7, 176277, 0
66094, 88525.9, 0
10589.3, 103493, 0
51887.2, 171382, 0
61547.1, 17267.3, 0
34209.7, 37341.1, 0
10692.5, 103835, 0
102433, 40286.2, 0
50289, 111153, 0
85617, 67799.5, 0
53973.7, 138048, 0
83309.7, 73092.9, 0
9413.54, 93275.9, 0
102615, 138196, 0
51923.2, 18937.7, 0
8947.96, 13790.9, 0
99645.2, 81642, 0
23751.8, 32440.5, 0
17035.4, 106022, 0
39110.3, 36555.3, 0
73904.2, 127440, 0
35594.2, 90680, 0
28144.5, 18328.3, 0
119805, 194515, 0
29789.2, 10233.2, 0
110685, 149101, 0
50490.8, 89651.3, 0
20945, 62986.2, 0
47563.8, 81481.9, 0
27695.6, 119961, 0
95493.1, 16545.6, 0
23792.2, 53542.5, 0
128296, 35470, 0
17897, 102493, 0
77779.7, 120101, 0
11645.3, 51732.6, 0
30390.7, 35684.5, 0
25426.1, 49272.6, 0
44928.3, 5715.21, 0
17569.5, 52080.6, 0
5918.32, 17410.4, 0
58533.5, 149929, 0
60183.1, 90712.4, 0
12706.3, 120616, 0
28581, 17813.7, 0
6664.95, 43201.4, 0
104662, 75645.6, 0
86788.9, 47451.1, 0
35738.7, 100103, 0
72218, 81756, 0
21053.3, 100854, 0
20813.3, 10533.3, 0
189618, 45045.1, 0
18214, 39387, 0
23103.1, 120821, 0
28866.8, 106772, 0
33952.5, 34111.8, 0
23039.9, 78118.8, 0
20873.2, 130792, 0
57081.8, 40514.8, 0
44549.5, 71767.3, 0
27796.7, 135664, 0
32445, 22000.3, 0
5449.98, 101945, 0
22128.9, 133971, 0
67139, 28269.2, 0
39634.2, 23413.3, 0
91137.5, 34817.3, 0
55419.2, 82510.3, 0
24192.4, 120676, 0
80835.8, 20546.1, 0
17543.3, 48758.2, 0
123189, 137028, 0
7694.57, 150292, 0
4608, 22665.1, 0
29140.2, 45772.1, 0
59173.9, 92819.9, 0
79180, 41037.9, 0
59772.5, 77785.2, 0
41261.2, 73835.7, 0
45627.8, 49040.4, 0
41484.5, 111524, 0
19845.7, 55664.8, 0
34010, 138268, 0
48122.5, 103052, 0
8275.75, 30927.2, 0
26010.5, 48280.4, 0
9269.22, 110665, 0
8858.22, 82663.9, 0
32996.8, 35636.5, 0
50488.7, 129723, 0
69491, 31095.7, 0
10363.4, 17238.8, 0
47955.7, 7650.89, 0
105931, 67186, 0
54121.5, 109107, 0
61155.6, 94571.1, 0
68490.1, 84203.6, 0
21545, 24071.5, 0
40304, 13801.2, 0
129357, 65239.9, 0
106235, 52587, 0
91154.9, 152350, 0
136473, 24542.7, 0
79098.7, 60410.3, 0
7539.68, 109937, 0
36511.4, 29787.2, 0
19204.6, 11613.7, 0
82674.7, 174002, 0
19788.3, 81447.2, 0
7874.38, 46535.7, 0
23580, 106762, 0
60881.6, 82041.4, 0
53605.6, 41338.7, 0
58452.2, 65917.8, 0
59175.1, 56783.4, 0
28443.5, 85888.1, 0
56643.4, 55189.3, 0
61109.4, 57037.5, 0
25277.3, 22611.2, 0
5185.36, 50098.7, 0
15468.1, 97160.6, 0
32282.6, 72473.7, 0
8860.33, 49601.3, 0
85370.2, 85707.3, 0
36785.3, 109379, 0
39627.5, 31605.3, 0
16209.3, 88160, 0
13873, 74779.8, 0
95752.5, 93955.3, 0
83275.2, 47374, 0
24576.9, 74523.1, 0
48651.9, 24278.6, 0
51327.8, 72769.7, 0
143603, 62570.3, 0
23116.6, 67159, 0
148435, 88548.8, 0
17682.5, 139095, 0
35242.4, 123389, 0
16527.3, 63285.3, 0
45787.5, 76937.4, 0
7421.62, 68486.7, 0
96695.2, 30087.4, 0
74785.8, 61494.1, 0
17979.9, 62694.1, 0
69174.8, 156392, 0
73952.1, 214186, 0
7876.55, 124782, 0
54412.4, 57918, 0
73965.7, 47247.5, 0
155606, 96447.9, 0
12087.2, 52794.5, 0
10781.6, 116186, 0
30765, 132155, 0
7742.93, 64526.5, 0
37550.1, 84186, 0
41864.2, 60409.5, 0
59442.3, 26378.3, 0
24410, 43526, 0
24740.9, 28324.8, 0
77402.1, 104291, 0
90234.1, 36337.3, 0
28660.5, 36911.9, 0
76480, 116006, 0
25084.7, 59971.9, 0
94367.6, 40638.4, 0
85411.6, 107349, 0
13153.3, 120876, 0
118198, 13095.3, 0
37558.9, 115051, 0
50043.6, 51805.6, 0
17794.6, 151493, 0
15241.4, 184367, 0
108998, 72932.9, 0
11305.7, 68720.5, 0
82917.9, 64046, 0
91110.5, 158686, 0
89834.7, 57078.4, 0
49510.5, 105264, 0
65198.7, 173225, 0
85443.6, 66695, 0
14965.6, 62431.7, 0
14723.3, 31836.1, 0
55958.8, 113457, 0
46258, 111477, 0
99114.1, 102993, 0
28009.2, 38371.9, 0
36002.6, 59224.3, 0
17927.3, 87008.6, 0
57476.7, 97391.2, 0
36070.4, 71912.8, 0
62456.7, 115200, 0
18967, 115132, 0
65341.9, 39057.2, 0
15107, 32934.6, 0
62236, 154598, 0
16852.9, 43409.9, 0
5154.44, 94959, 0
78945.5, 75020.8, 0
67883, 96602.6, 0
60761, 53494.8, 0
5018.89, 138714, 0
84760.2, 107037, 0
121551, 32472.5, 0
131104, 34016.5, 0
21349.4, 54966.9, 0
55167.4, 117406, 0
76670.9, 107619, 0
108722, 74259.2, 0
73765.3, 38341.4, 0
87344.2, 37066.7, 0
23067, 92548.1, 0
100568, 77376.4, 0
178766, 120084, 0
23793.2, 77383.8, 0
7454.09, 234884, 0
28008.5, 143607, 0
51675.1, 86685.2, 0
49781.9, 106485, 0
81308.1, 59989.6, 0
165495, 34769.8, 0
5627.84, 37418.4, 0
60511.6, 57019.7, 0
27875.8, 26436.2, 0
88596.9, 79228.1, 0
92512.9, 30768.8, 0
41102.2, 51240.3, 0
48327.1, 9233.67, 0
39534, 168930, 0
14396.5, 12695.8, 0
34589.9, 64609.4, 0
11767.9, 16055.2, 0
22127.7, 109008, 0
48318.6, 113184, 0
97385, 19912.6, 0
124682, 50724.8, 0
30859.7, 82658.4, 0
17598.9, 55354, 0
32068.3, 101974, 0
62461.6, 174028, 0
72920.3, 46886.4, 0
8684.52, 123683, 0
29937.1, 105831, 0
14735.1, 102874, 0
14542.7, 29495.6, 0
59759.5, 98218.7, 0
43888.6, 55718.8, 0
53346.9, 116749, 0
20949.2, 63509.9, 0
49658.5, 64008.6, 0
36204.3, 82459.9, 0
83596.3, 72378.3, 0
47020.5, 74351.5, 0
134541, 59671.5, 0
39131.1, 53987, 0
33843.9, 108153, 0
9314.24, 46084, 0
86824.8, 113718, 0
22853.8, 100266, 0
88121.4, 95783.8, 0
88688.7, 46840.5, 0
15274.7, 111463, 0
69081.5, 84133.6, 0
7247.32, 53865, 0
24209.9, 81452, 0
50692.7, 93289.9, 0
126385, 56356.9, 0
25266.9, 71108.1, 0
45051.7, 83971.4, 0
32732.1, 53500.1, 0
101891, 31975.9, 0
16048.9, 72178.9, 0
18489.8, 29090.7, 0
18964, 183379, 0
76076.8, 46132.2, 0
50705.3, 200473, 0
89365.2, 108345, 0
71382.4, 103788, 0
69072.5, 71076.8, 0
66912.1, 6999.71, 0
13928.3, 70038.1, 0
57079.9, 72914.4, 0
64123.4, 164637, 0
27305.7, 83776.5, 0
10028.4, 125873, 0
23715.7, 85307.4, 0
82608.2, 100332, 0
74971.7, 72038.6, 0
16253.7, 74968, 0
9558.47, 94094.6, 0
32935.9, 84649.1, 0
92288, 70548.1, 0
43620.3, 111244, 0
167508, 97605.7, 0
81997.4, 56614.1, 0
24699.6, 10480.1, 0
43410.4, 43027.7, 0
36268, 134767, 0
13639.8, 98438.2, 0
29763.9, 21782.6, 0
6813.93, 57759.5, 0
29495.1, 143516, 0
83209.1, 153886, 0
59157.5, 34552.1, 0
81632.7, 24974.8, 0
77958, 44319.4, 0
30614.9, 95904.4, 0
9648.55, 31942.2, 0
41367.3, 93213.7, 0
20696.7, 16732.4, 0
14476, 78074.7, 0
42555.6, 33754.3, 0
113976, 87805.8, 0
59468.6, 17970.3, 0
36509.4, 106522, 0
55471.5, 32835.4, 0
11860.4, 141744, 0
32909.1, 69642.2, 0
12309, 108505, 0
35804, 35349, 0
60925, 47454, 0
66570.5, 135571, 0
6787.01, 69297.1, 0
32423.8, 30388.3, 0
36693.4, 76937.6, 0
32021.7, 42393.2, 0
102635, 112237, 0
7477.25, 112076, 0
12714.5, 96495.8, 0
78102.7, 87172.5, 0
110035, 182667, 0
96571.3, 131460, 0
119326, 37615.4, 0
66068.3, 48601.1, 0
88855.2, 152500, 0
77300.9, 27200.6, 0
85093, 7175.66, 0
46460.5, 23266.4, 0
111173, 29537.7, 0
62638.7, 113476, 0
37110.8, 62528.9, 0
18443.7, 50355, 0
20340.5, 88961.5, 0
7707.91, 66324.3, 0
113360, 119193, 0
98901.5, 74047.3, 0
44693.6, 96192.5, 0
23585.3, 83926.3, 0
139174, 68917, 0
21760.5, 51980, 0
27979.6, 27065.6, 0
124979, 24650.8, 0
73787.9, 151991, 0
13686.6, 20837.7, 0
50355.3, 88965.9, 0
37865.8, 92061.9, 0
108605, 23162.7, 0
18422.8, 123221, 0
39972.1, 25424, 0
30752.6, 120396, 0
16517.2, 129796, 0
7223.48, 50098.9, 0
44812.8, 63615.6, 0
10033.7, 41709.2, 0
11276.7, 53041.1, 0
27780.6, 47352, 0
24306.2, 58969.5, 0
55736.1, 84062.9, 0
10737.2, 37462.4, 0
7294.61, 96382.2, 0
60525.6, 87664.6, 0
80995.1, 23037.7, 0
16774.6, 200331, 0
15762.1, 142402, 0
114715, 79182.7, 0
81838.1, 107116, 0
15746.9, 47450.9, 0
18099.5, 58437.6, 0
35447.1, 49343, 0
44716.6, 87484.5, 0
61766, 122168, 0
14602.7, 87186.1, 0
105869, 117791, 0
142806, 87385.7, 0
68419.6, 60503.2, 0
43024.6, 85104.8, 0
35194.9, 60689.6, 0
36527.1, 24112.7, 0
63268.7, 80216.1, 0
25092.7, 96871, 0
19092.3, 50053.4, 0
5340.52, 124565, 0
27426.5, 59722.3, 0
46767.3, 70978.1, 0
46888.5, 59175.4, 0
14654.2, 151043, 0
41955.1, 120439, 0
20417.3, 40840.8, 0
88575.5, 35840.2, 0
27706.6, 30127.4, 0
59988.9, 56721.2, 0
39911.6, 23064.5, 0
158923, 18621.6, 0
23768.4, 48632.2, 0
46838.4, 43503.4, 0
153302, 94784.2, 0
44694, 86811.5, 0
71655.1, 37606.2, 0
61506.9, 97062.9, 0
38486.6, 82647.9, 0
114609, 47382.3, 0
115116, 121197, 0
17040.6, 45368, 0
42287, 67185.5, 0
85323.6, 67229.8, 0
21507.8, 120458, 0
75228.5, 105182, 0
50135.6, 26091.6, 0
21654.4, 119302, 0
26045.1, 76021.6, 0
17612.3, 154878, 0
70169.3, 40380.9, 0
62663.4, 15536.6, 0
15501.2, 25314.3, 0
10749.5, 18330.5, 0
18486.3, 52571.3, 0
47178.2, 27231.2, 0
80633.2, 127502, 0
6889.44, 152191, 0
51575.1, 12006, 0
68170, 143893, 0
24784.6, 61744.2, 0
50020.6, 95246.1, 0
159542, 28383.4, 0
115678, 125588, 0
59766, 129896, 0
75700.1, 61732.2, 0
47089.6, 94026.2, 0
65770.6, 108634, 0
141897, 56910.1, 0
36017.1, 69771.1, 0
46396.4, 43537.6, 0
5165.64, 87493.6, 0
115823, 23937.2, 0
52540.9, 71248.6, 0
25568.5, 39609, 0
23016, 99633.6, 0
7492.92, 175094, 0
51002.5, 49158.1, 0
19316.4, 26227.6, 0
9416.34, 69777.2, 0
13300.8, 106469, 0
37332.1, 160528, 0
26560.2, 53972.3, 0
68719.3, 75417.1, 0
18043.3, 81203.8, 0
81254.6, 32430.6, 0
9793.03, 120250, 0
43101.2, 143226, 0
87278.2, 144173, 0
20588.2, 120365, 0
19553.8, 62604.8, 0
96324.7, 81268.9, 0
7924.87, 172424, 0
102125, 63461, 0
69034.5, 143125, 0
46793.7, 3034.56, 0
30273.5, 56451.9, 0
77218.3, 122916, 0
85866, 103395, 0
28603.1, 36432.5, 0
11922.4, 56009.1, 0
40788, 114687, 0
95010.9, 89673.9, 0
125480, 127397, 0
49868.4, 86247.2, 0
47256.5, 61955.5, 0
18936.7, 113874, 0
11117.1, 102388, 0
49449.8, 124415, 0
93226.8, 33178, 0
21704.4, 125221, 0
97157.4, 111487, 0
110007, 78053.5, 0
89886.6, 64862.6, 0
27070.5, 61849.6, 0
63101, 52321.9, 0
22724.3, 77803.5, 0
77528.7, 102080, 0
130255, 85134.3, 0
48058.2, 91178, 0
144123, 15132.6, 0
67824.4, 56333.3, 0
50630.9, 73071.7, 0
27622.4, 43368.9, 0
25047.3, 105497, 0
21925.4, 38018.7, 0
171759, 67483.9, 0
100610, 25085.2, 0
59740.4, 67903.5, 0
37035.7, 54157.3, 0
34593.7, 69288.2, 0
92114, 122661, 0
10058.2, 105608, 0
54410.5, 49619.2, 0
92031.8, 68410.3, 0
9513.56, 106409, 0
51575.1, 3958.37, 0
90351.3, 43791.1, 0
29279.3, 65279.1, 0
28704.2, 15438.8, 0
9181.78, 97579.5, 0
22150.8, 66640.4, 0
23218.2, 50515.8, 0
72050.7, 92970, 0
34173.1, 52272.3, 0
45514.6, 49535.8, 0
59945, 163015, 0
32134.4, 49291.7, 0
39315, 131581, 0
70809.3, 33183.6, 0
43696.8, 109745, 0
75994.9, 42937.7, 0
88037.2, 118443, 0
41756.9, 2857.11, 0
89890.6, 38137.1, 0
81777.1, 12301.1, 0
38302.8, 70702.5, 0
70305.2, 74319.7, 0
77049.6, 58823.1, 0
48990.4, 97722.3, 0
25651.8, 52580.6, 0
64001.8, 124511, 0
70477.1, 78708.9, 0
18151.8, 58007.2, 0
72903.2, 23218.8, 0
52852.4, 79598.3, 0
140530, 127285, 0
18599.4, 115230, 0
55888.9, 136385, 0
18223.9, 58321.4, 0
61788, 76471.8, 0
33955.5, 135343, 0
52139, 66555.8, 0
62503.8, 126494, 0
31395, 99768.4, 0
92488, 63395.6, 0
100204, 44221.6, 0
51227.9, 21064.3, 0
93785, 21852, 0
95980.2, 86073.8, 0
18273.6, 131314, 0
69164.7, 75196.9, 0
64341.1, 55466.7, 0
113521, 96921.2, 0
29195.8, 60830.1, 0
45150.8, 13658.3, 0
23800.1, 171460, 0
90255.5, 43041.2, 0
22037.6, 149972, 0
65570.8, 21643.2, 0
83164.2, 36460.6, 0
41102.6, 7062.48, 0
13326.2, 38625.5, 0
28641.2, 105333, 0
77819.6, 13731, 0
34862.5, 42369.5, 0
11417.6, 41191.5, 0
42878.6, 133014, 0
127603, 84603.2, 0
46546.9, 129358, 0
46708.5, 116742, 0
14699.3, 105178, 0
32635.9, 99145, 0
57241.5, 217005, 0
17263.6, 100404, 0
36657.5, 87038.1, 0
82917.4, 93354.1, 0
129868, 76977.5, 0
38762.2, 139843, 0
23303.1, 73431.5, 0
23911.3, 154023, 0
14295.4, 27532.8, 0
