9.36315e+06, 2.91723e+06, 0
4.61982e+06, 1.08884e+06, 0
1.23228e+07, 5.21102e+06, 0
6.47747e+06, 2.72053e+06, 0
8.83677e+06, 2.42487e+06, 0
6.34995e+06, 1.74383e+06, 0
6.35003e+06, 2.2462e+06, 0
9.36172e+06, 1.58392e+06, 0
5.13509e+06, 1.72531e+06, 0
7.54065e+06, 4.26234e+06, 0
6.51776e+06, 2.05997e+06, 0
8.924e+06, 5.18936e+06, 0
8.3768e+06, 3.96567e+06, 0
8.14436e+06, 453359, 0
1.01464e+07, 5.38139e+06, 0
9.44758e+06, 3.08501e+06, 0
1.07014e+07, 1.93536e+06, 0
7.33427e+06, 3.7898e+06, 0
8.17591e+06, 2.25136e+06, 0
7.1641e+06, 3.15885e+06, 0
9.71936e+06, 3.98004e+06, 0
7.6077e+06, 3.89476e+06, 0
6.35957e+06, 2.13669e+06, 0
1.08217e+07, 5.88897e+06, 0
6.91269e+06, 2.40822e+06, 0
5.62432e+06, 2.18936e+06, 0
8.94718e+06, 5.28182e+06, 0
1.08782e+07, 6.55636e+06, 0
1.54688e+07, 1.48699e+06, 0
9.29251e+06, 2.20437e+06, 0
6.26384e+06, 1.52498e+06, 0
9.78647e+06, 6.06875e+06, 0
8.84151e+06, 3.2804e+06, 0
7.6011e+06, 2.43924e+06, 0
6.03405e+06, 1.72857e+06, 0
1.05413e+07, 2.68056e+06, 0
8.62827e+06, 4.86735e+06, 0
7.17008e+06, 4.05826e+06, 0
5.42381e+06, 2.50772e+06, 0
7.8884e+06, 3.89908e+06, 0
8.31702e+06, 5.1241e+06, 0
1.02674e+07, 5.64921e+06, 0
5.32152e+06, 595335, 0
5.20826e+06, 1.5895e+06, 0
1.17821e+07, 3.49145e+06, 0
1.14999e+07, 1.51745e+06, 0
1.34506e+07, 752580, 0
5.22243e+06, 2.21399e+06, 0
9.18508e+06, 4.09218e+06, 0
4.61064e+06, 1.29402e+06, 0
6.00126e+06, 2.05741e+06, 0
7.80472e+06, 834046, 0
8.5508e+06, 2.77271e+06, 0
1.08036e+07, 4.41929e+06, 0
7.68627e+06, 1.65317e+06, 0
1.13237e+07, 3.30161e+06, 0
1.17699e+07, 7.72156e+06, 0
6.86989e+06, 1.42002e+06, 0
1.04593e+07, 4.55932e+06, 0
8.36776e+06, 1.86837e+06, 0
5.04746e+06, 733314, 0
5.63403e+06, 1.1695e+06, 0
8.3043e+06, 1.52936e+06, 0
9.48761e+06, 5.13819e+06, 0
1.04774e+07, 6.79127e+06, 0
8.31307e+06, 3.68239e+06, 0
6.21721e+06, 1.8229e+06, 0
7.87861e+06, 4.09719e+06, 0
8.51795e+06, 3.67425e+06, 0
9.31492e+06, 3.53363e+06, 0
7.25093e+06, 2.74931e+06, 0
9.99165e+06, 5.61962e+06, 0
9.92005e+06, 2.70613e+06, 0
8.55187e+06, 5.01666e+06, 0
7.42836e+06, 3.0791e+06, 0
7.85671e+06, 4.64621e+06, 0
8.9161e+06, 5.56587e+06, 0
6.51771e+06, 2.75001e+06, 0
9.21749e+06, 5.32029e+06, 0
1.30434e+07, 7.9706e+06, 0
7.58227e+06, 2.22648e+06, 0
5.74711e+06, 2.84536e+06, 0
6.69996e+06, 1.86599e+06, 0
1.48532e+07, 5.39192e+06, 0
9.9172e+06, 5.67775e+06, 0
1.56762e+07, 7.07269e+06, 0
1.0011e+07, 5.42938e+06, 0
1.07018e+07, 3.34363e+06, 0
7.63043e+06, 4.01801e+06, 0
1.05754e+07, 1.0435e+06, 0
1.08292e+07, 3.77987e+06, 0
9.42642e+06, 2.23378e+06, 0
1.05209e+07, 2.57931e+06, 0
6.99879e+06, 2.34885e+06, 0
7.97533e+06, 4.95163e+06, 0
7.01016e+06, 2.90948e+06, 0
7.93627e+06, 407607, 0
6.2542e+06, 1.39883e+06, 0
6.31371e+06, 2.57447e+06, 0
8.58984e+06, 3.52917e+06, 0
8.79061e+06, 1.84919e+06, 0
9.55756e+06, 4.49971e+06, 0
8.1308e+06, 2.75431e+06, 0
1.15213e+07, 4.87111e+06, 0
8.76319e+06, 1.27627e+06, 0
5.30402e+06, 910145, 0
6.27364e+06, 3.04366e+06, 0
7.92597e+06, 1.91451e+06, 0
6.80863e+06, 1.52318e+06, 0
7.06399e+06, 3.06657e+06, 0
8.28422e+06, 2.3698e+06, 0
8.16331e+06, 3.10327e+06, 0
9.91811e+06, 4.17261e+06, 0
1.04725e+07, 4.48877e+06, 0
7.53017e+06, 2.80322e+06, 0
9.56654e+06, 3.02276e+06, 0
8.65129e+06, 3.43174e+06, 0
1.11416e+07, 6.52998e+06, 0
6.79643e+06, 3.04321e+06, 0
7.70909e+06, 3.06482e+06, 0
7.29175e+06, 3.59417e+06, 0
5.23102e+06, 1.65927e+06, 0
8.04393e+06, 968181, 0
1.05767e+07, 6.91772e+06, 0
7.69289e+06, 2.56921e+06, 0
1.13595e+07, 4.81902e+06, 0
8.31597e+06, 5.06897e+06, 0
4.80686e+06, 1.8424e+06, 0
9.02594e+06, 4.74745e+06, 0
1.0682e+07, 3.83052e+06, 0
6.47535e+06, 2.87517e+06, 0
7.76714e+06, 1.79744e+06, 0
8.4038e+06, 2.05561e+06, 0
8.3616e+06, 3.41836e+06, 0
7.53971e+06, 4.46471e+06, 0
7.17698e+06, 4.10485e+06, 0
5.95913e+06, 2.83188e+06, 0
6.75909e+06, 3.47109e+06, 0
9.89698e+06, 4.46225e+06, 0
7.67965e+06, 4.51343e+06, 0
4.57946e+06, 1.40673e+06, 0
4.28679e+06, 1.0591e+06, 0
5.03392e+06, 2.18611e+06, 0
8.16763e+06, 1.55593e+06, 0
7.00622e+06, 2.8665e+06, 0
7.80318e+06, 1.21928e+06, 0
5.93324e+06, 1.13135e+06, 0
5.0135e+06, 1.67969e+06, 0
6.20384e+06, 2.13843e+06, 0
4.64273e+06, 1.65412e+06, 0
1.45167e+07, 1.44474e+06, 0
5.8011e+06, 2.0212e+06, 0
8.7774e+06, 5.12493e+06, 0
1.06391e+07, 3.58017e+06, 0
6.34845e+06, 2.41272e+06, 0
1.13802e+07, 7.0517e+06, 0
7.10173e+06, 1.2815e+06, 0
7.74672e+06, 2.31655e+06, 0
1.08443e+07, 2.33916e+06, 0
9.30016e+06, 2.19401e+06, 0
7.44592e+06, 3.8246e+06, 0
7.56027e+06, 4.2078e+06, 0
5.06144e+06, 1.60549e+06, 0
6.87154e+06, 1.87033e+06, 0
1.57525e+07, 1.27067e+06, 0
6.97158e+06, 3.8603e+06, 0
8.3219e+06, 3.2493e+06, 0
8.51225e+06, 3.65942e+06, 0
1.14376e+07, 6.9929e+06, 0
5.16103e+06, 1.71085e+06, 0
8.54e+06, 512496, 0
8.04339e+06, 4.08717e+06, 0
5.99481e+06, 2.43218e+06, 0
8.44451e+06, 4.97955e+06, 0
9.97875e+06, 2.50119e+06, 0
5.66147e+06, 1.44984e+06, 0
1.26683e+07, 3.05709e+06, 0
9.60583e+06, 5.09518e+06, 0
9.3508e+06, 5.88903e+06, 0
8.05278e+06, 3.47161e+06, 0
6.59392e+06, 3.04043e+06, 0
8.8762e+06, 1.54967e+06, 0
5.80869e+06, 1.4044e+06, 0
1.05962e+07, 3.9775e+06, 0
9.7705e+06, 2.69055e+06, 0
6.52201e+06, 2.45358e+06, 0
9.18463e+06, 5.45461e+06, 0
7.87971e+06, 3.59615e+06, 0
7.26514e+06, 3.54378e+06, 0
5.84509e+06, 1.01452e+06, 0
4.81124e+06, 1.03868e+06, 0
6.26562e+06, 1.4254e+06, 0
5.5742e+06, 454338, 0
7.78524e+06, 3.70092e+06, 0
6.50082e+06, 1.97894e+06, 0
5.01949e+06, 1.7728e+06, 0
6.13008e+06, 2.425e+06, 0
8.19547e+06, 3.48307e+06, 0
6.67199e+06, 3.29773e+06, 0
5.35909e+06, 2.53859e+06, 0
6.9838e+06, 4.00009e+06, 0
9.18848e+06, 2.74933e+06, 0
7.0434e+06, 3.41292e+06, 0
9.18094e+06, 1.45918e+06, 0
9.49928e+06, 4.34972e+06, 0
7.66942e+06, 2.88551e+06, 0
6.43688e+06, 2.17055e+06, 0
5.87318e+06, 1.44297e+06, 0
1.09775e+07, 2.72465e+06, 0
4.97519e+06, 2.08865e+06, 0
1.06334e+07, 3.35232e+06, 0
4.96412e+06, 1.78101e+06, 0
7.90609e+06, 3.39661e+06, 0
1.0305e+07, 2.60385e+06, 0
1.08274e+07, 5.65744e+06, 0
1.03606e+07, 2.44897e+06, 0
9.87379e+06, 2.47045e+06, 0
7.5155e+06, 3.27864e+06, 0
5.86782e+06, 892766, 0
4.54523e+06, 1.12178e+06, 0
7.7244e+06, 3.65255e+06, 0
1.34157e+07, 6.72412e+06, 0
4.74265e+06, 200750, 0
7.33661e+06, 3.34083e+06, 0
5.02854e+06, 289418, 0
4.83481e+06, 650656, 0
8.7372e+06, 3.47713e+06, 0
7.88836e+06, 2.43775e+06, 0
8.96489e+06, 4.98765e+06, 0
5.69099e+06, 1.43952e+06, 0
6.63432e+06, 2.4469e+06, 0
8.14137e+06, 3.47472e+06, 0
1.11727e+07, 3.96932e+06, 0
9.17073e+06, 4.00069e+06, 0
1.31785e+07, 5.80814e+06, 0
1.15989e+07, 3.77598e+06, 0
7.16805e+06, 3.97851e+06, 0
8.95924e+06, 1.94112e+06, 0
7.83237e+06, 2.95149e+06, 0
6.7886e+06, 3.03304e+06, 0
1.0027e+07, 3.22188e+06, 0
5.9116e+06, 3.06162e+06, 0
9.15794e+06, 3.50816e+06, 0
8.73709e+06, 2.34053e+06, 0
8.64277e+06, 2.64446e+06, 0
7.95918e+06, 2.04639e+06, 0
8.11615e+06, 4.6932e+06, 0
9.66959e+06, 3.74308e+06, 0
9.64295e+06, 4.32151e+06, 0
7.04104e+06, 4.13419e+06, 0
4.58147e+06, 941858, 0
9.91143e+06, 3.14817e+06, 0
8.55797e+06, 1.92104e+06, 0
5.58008e+06, 2.63743e+06, 0
7.95298e+06, 2.02003e+06, 0
6.49747e+06, 3.41069e+06, 0
8.46487e+06, 4.65378e+06, 0
1.6697e+07, 6.26667e+06, 0
7.73161e+06, 4.62654e+06, 0
8.48033e+06, 1.35407e+06, 0
5.59039e+06, 2.35211e+06, 0
9.03375e+06, 5.81178e+06, 0
6.40907e+06, 1.6754e+06, 0
1.03339e+07, 2.20654e+06, 0
5.36371e+06, 1.83649e+06, 0
8.05706e+06, 3.12952e+06, 0
7.1838e+06, 3.85177e+06, 0
7.19029e+06, 1.11893e+06, 0
5.35736e+06, 2.25112e+06, 0
6.31721e+06, 3.36817e+06, 0
6.42893e+06, 2.97828e+06, 0
6.79226e+06, 3.14569e+06, 0
1.30638e+07, 7.0103e+06, 0
6.20357e+06, 3.08922e+06, 0
5.85136e+06, 2.57448e+06, 0
8.58247e+06, 2.36137e+06, 0
5.83093e+06, 2.79091e+06, 0
7.65796e+06, 4.45836e+06, 0
5.79428e+06, 1.37543e+06, 0
8.87413e+06, 3.91476e+06, 0
7.42886e+06, 1.41614e+06, 0
8.19914e+06, 1.01985e+06, 0
7.92223e+06, 4.06625e+06, 0
5.75922e+06, 2.19373e+06, 0
7.66022e+06, 3.17452e+06, 0
6.85214e+06, 2.00032e+06, 0
9.90841e+06, 3.79001e+06, 0
8.31091e+06, 1.3092e+06, 0
1.28231e+07, 2.41989e+06, 0
8.69756e+06, 477251, 0
9.48752e+06, 5.1543e+06, 0
9.24636e+06, 4.26357e+06, 0
1.01818e+07, 553241, 0
7.40002e+06, 3.09217e+06, 0
9.22058e+06, 5.32809e+06, 0
1.12964e+07, 6.20171e+06, 0
8.34174e+06, 3.2733e+06, 0
7.62801e+06, 2.77102e+06, 0
7.22522e+06, 2.43334e+06, 0
7.01405e+06, 2.11689e+06, 0
9.83062e+06, 6.01602e+06, 0
8.87201e+06, 3.22139e+06, 0
7.64593e+06, 964267, 0
7.07304e+06, 3.2922e+06, 0
1.09526e+07, 4.88626e+06, 0
5.26368e+06, 1.81571e+06, 0
6.35231e+06, 2.53162e+06, 0
7.2859e+06, 1.93827e+06, 0
1.12971e+07, 7.26961e+06, 0
8.7324e+06, 5.44837e+06, 0
1.1594e+07, 7.1605e+06, 0
4.88667e+06, 1.42432e+06, 0
1.09654e+07, 2.87958e+06, 0
1.25499e+07, 2.94119e+06, 0
7.42837e+06, 3.17136e+06, 0
5.57896e+06, 1.49793e+06, 0
7.6475e+06, 2.21493e+06, 0
8.85805e+06, 3.76967e+06, 0
8.58289e+06, 4.98812e+06, 0
8.7519e+06, 4.94699e+06, 0
4.85413e+06, 1.73869e+06, 0
9.1693e+06, 5.56784e+06, 0
6.6654e+06, 1.11054e+06, 0
4.48022e+06, 1.3412e+06, 0
6.53766e+06, 2.18648e+06, 0
1.06318e+07, 7.01542e+06, 0
9.36368e+06, 3.78152e+06, 0
8.5929e+06, 1.51641e+06, 0
9.06844e+06, 3.27866e+06, 0
7.25961e+06, 3.37042e+06, 0
6.61263e+06, 2.5993e+06, 0
8.26353e+06, 1.77382e+06, 0
6.96377e+06, 3.43189e+06, 0
8.49337e+06, 2.83622e+06, 0
5.60524e+06, 2.62832e+06, 0
1.0539e+07, 6.86562e+06, 0
7.3686e+06, 4.16723e+06, 0
1.28039e+07, 5.50915e+06, 0
8.75915e+06, 5.58881e+06, 0
5.64682e+06, 1.09198e+06, 0
8.60155e+06, 5.05927e+06, 0
8.50202e+06, 1.14669e+06, 0
1.10062e+07, 5.50738e+06, 0
9.10202e+06, 1.50938e+06, 0
1.18864e+07, 295534, 0
1.12761e+07, 5.25677e+06, 0
1.55331e+07, 5.49201e+06, 0
7.23131e+06, 3.74632e+06, 0
7.25462e+06, 2.64274e+06, 0
5.84168e+06, 1.88581e+06, 0
5.47145e+06, 2.28868e+06, 0
5.86137e+06, 2.4797e+06, 0
7.04011e+06, 2.31572e+06, 0
9.84317e+06, 4.65591e+06, 0
8.26196e+06, 5.05939e+06, 0
9.15152e+06, 3.13355e+06, 0
7.70424e+06, 3.97622e+06, 0
6.84284e+06, 2.52447e+06, 0
1.42466e+07, 3.27314e+06, 0
1.02688e+07, 4.38563e+06, 0
9.35311e+06, 2.41367e+06, 0
8.82387e+06, 1.2967e+06, 0
1.19653e+07, 5.36629e+06, 0
8.80345e+06, 2.10802e+06, 0
5.89666e+06, 2.61002e+06, 0
7.00142e+06, 3.68218e+06, 0
9.03335e+06, 4.553e+06, 0
7.33404e+06, 3.238e+06, 0
5.90123e+06, 1.80324e+06, 0
6.93541e+06, 1.64196e+06, 0
1.29045e+07, 4.51962e+06, 0
1.17529e+07, 6.68623e+06, 0
9.04164e+06, 4.64559e+06, 0
6.51308e+06, 3.49669e+06, 0
5.58158e+06, 1.48394e+06, 0
7.06121e+06, 3.84846e+06, 0
6.5469e+06, 3.00472e+06, 0
5.27758e+06, 940246, 0
5.56543e+06, 1.55401e+06, 0
8.98503e+06, 1.20218e+06, 0
9.50645e+06, 3.98008e+06, 0
8.32392e+06, 511581, 0
1.17109e+07, 6.90902e+06, 0
7.01328e+06, 3.59414e+06, 0
1.67834e+07, 5.35837e+06, 0
8.58826e+06, 3.22768e+06, 0
1.71694e+07, 2.27711e+06, 0
8.09475e+06, 4.37162e+06, 0
7.19548e+06, 1.87528e+06, 0
9.07477e+06, 3.01046e+06, 0
7.91639e+06, 3.45019e+06, 0
6.04305e+06, 2.96294e+06, 0
9.50416e+06, 4.94077e+06, 0
1.06765e+07, 3.30986e+06, 0
6.50865e+06, 2.00333e+06, 0
9.49085e+06, 1.01903e+06, 0
7.53973e+06, 1.7458e+06, 0
7.58601e+06, 4.21531e+06, 0
6.25847e+06, 1.58855e+06, 0
9.45087e+06, 1.41087e+06, 0
7.8814e+06, 3.18304e+06, 0
9.51812e+06, 5.80442e+06, 0
1.118e+07, 218504, 0
9.19742e+06, 1.33245e+06, 0
5.78697e+06, 2.08298e+06, 0
1.24134e+07, 2.32324e+06, 0
4.06007e+06, 282915, 0
8.44479e+06, 2.85052e+06, 0
6.90502e+06, 1.99675e+06, 0
7.10029e+06, 589025, 0
7.26479e+06, 2.81616e+06, 0
9.58211e+06, 2.80451e+06, 0
9.0294e+06, 5.10504e+06, 0
5.58459e+06, 965597, 0
7.48999e+06, 793774, 0
6.47444e+06, 1.35169e+06, 0
8.77667e+06, 2.23351e+06, 0
8.63929e+06, 5.47361e+06, 0
6.07768e+06, 2.52311e+06, 0
9.13351e+06, 3.68204e+06, 0
1.03182e+07, 3.1742e+06, 0
7.4744e+06, 4.03551e+06, 0
7.10029e+06, 589025, 0
6.18612e+06, 2.85251e+06, 0
6.66979e+06, 3.42248e+06, 0
9.71376e+06, 4.02703e+06, 0
1.17132e+07, 5.65332e+06, 0
8.02538e+06, 4.02578e+06, 0
1.05614e+07, 6.62899e+06, 0
8.14134e+06, 4.63137e+06, 0
4.80956e+06, 954779, 0
8.38519e+06, 4.22082e+06, 0
8.00559e+06, 3.82734e+06, 0
1.65824e+07, 6.13154e+06, 0
5.12386e+06, 1.33538e+06, 0
7.15049e+06, 3.11956e+06, 0
1.05524e+07, 3.14309e+06, 0
9.25871e+06, 5.38684e+06, 0
8.35824e+06, 4.6097e+06, 0
7.79934e+06, 4.66515e+06, 0
1.08443e+07, 2.33916e+06, 0
6.24724e+06, 2.33856e+06, 0
9.12436e+06, 5.77124e+06, 0
1.04969e+07, 4.33183e+06, 0
8.00993e+06, 2.67208e+06, 0
4.19461e+06, 676331, 0
1.16554e+07, 4.60806e+06, 0
4.5916e+06, 1.48134e+06, 0
1.28094e+07, 274458, 0
8.79278e+06, 4.28607e+06, 0
8.47393e+06, 3.50992e+06, 0
1.48136e+07, 772044, 0
1.10338e+07, 5.01788e+06, 0
6.92327e+06, 1.59201e+06, 0
7.53444e+06, 4.20745e+06, 0
9.68596e+06, 2.05154e+06, 0
7.31984e+06, 3.95297e+06, 0
8.89673e+06, 1.66327e+06, 0
