3.16752e+06, 1.12287e+06, 0
5.3353e+06, 815680, 0
1.04716e+07, 4.89199e+06, 0
7.66639e+06, 4.76798e+06, 0
9.00579e+06, 3.02939e+06, 0
6.2803e+06, 2.17439e+06, 0
7.56691e+06, 4.85961e+06, 0
6.85307e+06, 674479, 0
4.25754e+06, 1.37012e+06, 0
6.70925e+06, 2.28793e+06, 0
7.63896e+06, 4.52077e+06, 0
5.37079e+06, 2.1464e+06, 0
6.34267e+06, 3.99695e+06, 0
9.6793e+06, 6.42242e+06, 0
6.37114e+06, 2.00248e+06, 0
5.40093e+06, 942021, 0
7.13426e+06, 1.31359e+06, 0
6.16817e+06, 3.85786e+06, 0
5.13577e+06, 3.08721e+06, 0
3.04875e+06, 2.04575e+06, 0
1.1418e+07, 5.93123e+06, 0
4.3635e+06, 2.42749e+06, 0
9.71491e+06, 4.97537e+06, 0
4.6501e+06, 1.70443e+06, 0
8.10117e+06, 5.48009e+06, 0
4.11972e+06, 1.98062e+06, 0
9.44803e+06, 5.08041e+06, 0
8.79723e+06, 5.43532e+06, 0
1.12533e+07, 2.45888e+06, 0
3.11511e+06, 2.1817e+06, 0
2.22073e+06, 535579, 0
5.95521e+06, 2.76438e+06, 0
2.92771e+06, 1.74461e+06, 0
5.32173e+06, 1.64906e+06, 0
1.33725e+07, 6.6124e+06, 0
2.68233e+06, 1.06463e+06, 0
4.67087e+06, 3.07491e+06, 0
1.20993e+07, 5.05336e+06, 0
5.53013e+06, 1.48449e+06, 0
6.22059e+06, 4.32121e+06, 0
8.62526e+06, 4.14368e+06, 0
8.29475e+06, 5.0417e+06, 0
3.3648e+06, 2.15322e+06, 0
6.21196e+06, 1.33616e+06, 0
9.19156e+06, 2.19533e+06, 0
3.58271e+06, 1.61326e+06, 0
9.50354e+06, 5.18024e+06, 0
7.33288e+06, 2.10264e+06, 0
4.15806e+06, 2.27996e+06, 0
1.29321e+06, 696323, 0
8.6936e+06, 2.02285e+06, 0
1.3954e+06, 667512, 0
6.66557e+06, 3.78648e+06, 0
7.84957e+06, 3.70774e+06, 0
8.56799e+06, 717507, 0
4.14512e+06, 2.45169e+06, 0
6.08473e+06, 1.66147e+06, 0
5.18879e+06, 2.85532e+06, 0
6.89645e+06, 2.89689e+06, 0
1.27052e+07, 7.656e+06, 0
6.85795e+06, 1.81147e+06, 0
7.98033e+06, 3.70487e+06, 0
5.08697e+06, 1.26225e+06, 0
8.241e+06, 907695, 0
5.95561e+06, 3.86695e+06, 0
5.65776e+06, 1.52443e+06, 0
2.28169e+06, 1.3044e+06, 0
3.4416e+06, 754170, 0
5.48346e+06, 2.50077e+06, 0
3.85665e+06, 2.4625e+06, 0
9.36255e+06, 4.67683e+06, 0
1.12734e+07, 1.57497e+06, 0
1.23859e+07, 6.01466e+06, 0
7.69528e+06, 1.47219e+06, 0
2.67789e+06, 1.5534e+06, 0
2.72945e+06, 1.24417e+06, 0
7.99404e+06, 2.88392e+06, 0
3.47667e+06, 348966, 0
1.31297e+07, 3.94685e+06, 0
1.2538e+07, 8.25876e+06, 0
3.78322e+06, 1.46125e+06, 0
3.00807e+06, 1.36898e+06, 0
7.20803e+06, 4.9644e+06, 0
6.90595e+06, 1.92201e+06, 0
5.63104e+06, 4.01362e+06, 0
5.76841e+06, 4.14976e+06, 0
1.05254e+07, 7.54211e+06, 0
8.40265e+06, 4.0666e+06, 0
3.84682e+06, 2.0295e+06, 0
9.98874e+06, 665518, 0
7.41965e+06, 2.41187e+06, 0
2.71261e+06, 1.81785e+06, 0
1.34728e+07, 1.16635e+06, 0
7.68352e+06, 5.07949e+06, 0
7.90609e+06, 1.97945e+06, 0
5.2058e+06, 3.05762e+06, 0
1.09017e+07, 3.18914e+06, 0
9.25476e+06, 5.69685e+06, 0
3.32668e+06, 2.31999e+06, 0
7.57074e+06, 1.23365e+06, 0
7.17447e+06, 2.25976e+06, 0
3.19615e+06, 2.05354e+06, 0
5.86121e+06, 3.70084e+06, 0
6.37632e+06, 3.07828e+06, 0
8.13983e+06, 1.14483e+06, 0
9.60858e+06, 4.08232e+06, 0
8.43984e+06, 976030, 0
6.77482e+06, 4.43929e+06, 0
3.32775e+06, 1.20868e+06, 0
6.06933e+06, 3.71291e+06, 0
3.20477e+06, 1.82931e+06, 0
4.58485e+06, 2.26537e+06, 0
4.78863e+06, 2.58217e+06, 0
1.1053e+07, 317009, 0
2.49772e+06, 1.21217e+06, 0
7.16055e+06, 4.30708e+06, 0
4.3992e+06, 2.75971e+06, 0
9.28233e+06, 3.0205e+06, 0
1.30933e+07, 2.53161e+06, 0
1.19114e+07, 4.78664e+06, 0
9.46668e+06, 4.21178e+06, 0
8.38503e+06, 2.24936e+06, 0
7.28684e+06, 4.34557e+06, 0
1.07118e+07, 3.22247e+06, 0
6.39979e+06, 3.18977e+06, 0
5.58317e+06, 536191, 0
8.25965e+06, 3.87481e+06, 0
4.63074e+06, 2.38241e+06, 0
8.01108e+06, 4.98054e+06, 0
1.13121e+07, 3.71864e+06, 0
5.74416e+06, 3.16935e+06, 0
1.00262e+07, 2.85708e+06, 0
8.50538e+06, 4.98856e+06, 0
6.5755e+06, 3.2221e+06, 0
8.69295e+06, 3.63293e+06, 0
4.45088e+06, 2.36644e+06, 0
7.9192e+06, 2.58758e+06, 0
9.35804e+06, 6.14737e+06, 0
9.25586e+06, 5.56238e+06, 0
7.6979e+06, 3.64929e+06, 0
3.69564e+06, 1.58026e+06, 0
1.08334e+07, 1.67557e+06, 0
7.18584e+06, 2.24704e+06, 0
6.11015e+06, 3.97276e+06, 0
1.06577e+07, 3.56871e+06, 0
2.93587e+06, 959299, 0
4.89432e+06, 415596, 0
9.05228e+06, 1.92311e+06, 0
4.6604e+06, 1.57623e+06, 0
1.14494e+07, 5.04278e+06, 0
3.95877e+06, 1.90273e+06, 0
8.50538e+06, 3.17596e+06, 0
4.25575e+06, 2.5645e+06, 0
3.99043e+06, 2.39193e+06, 0
3.77072e+06, 472332, 0
5.92693e+06, 3.71196e+06, 0
6.84095e+06, 4.84724e+06, 0
6.41049e+06, 3.40759e+06, 0
1.11219e+07, 2.09472e+06, 0
6.72446e+06, 4.70281e+06, 0
1.00994e+07, 6.92182e+06, 0
5.7175e+06, 737642, 0
1.17185e+07, 4.46081e+06, 0
5.47945e+06, 3.15926e+06, 0
2.88331e+06, 1.94906e+06, 0
6.07275e+06, 1.91021e+06, 0
1.19352e+07, 1.39165e+06, 0
3.70761e+06, 1.09421e+06, 0
1.6622e+06, 1.00688e+06, 0
6.18206e+06, 2.39544e+06, 0
6.95091e+06, 2.23221e+06, 0
9.18031e+06, 3.76266e+06, 0
1.0492e+07, 5.38159e+06, 0
6.79729e+06, 3.43979e+06, 0
1.30928e+07, 2.66974e+06, 0
5.2651e+06, 2.72912e+06, 0
8.61241e+06, 4.84913e+06, 0
3.18452e+06, 1.4529e+06, 0
2.41035e+06, 1.144e+06, 0
1.27818e+07, 5.18421e+06, 0
4.1087e+06, 2.8387e+06, 0
8.15947e+06, 2.5489e+06, 0
1.34919e+07, 4.60862e+06, 0
8.46317e+06, 5.57444e+06, 0
9.54712e+06, 2.26265e+06, 0
6.04321e+06, 709996, 0
6.2122e+06, 2.04641e+06, 0
4.67292e+06, 2.51229e+06, 0
6.38232e+06, 4.32842e+06, 0
9.10115e+06, 5.22073e+06, 0
5.7032e+06, 2.10309e+06, 0
9.08767e+06, 5.30151e+06, 0
5.5153e+06, 2.15029e+06, 0
4.9024e+06, 2.37933e+06, 0
7.75252e+06, 3.3638e+06, 0
4.85342e+06, 3.42907e+06, 0
7.60425e+06, 5.04318e+06, 0
6.63621e+06, 4.5307e+06, 0
7.31016e+06, 4.95219e+06, 0
8.93135e+06, 2.59782e+06, 0
8.91329e+06, 4.40866e+06, 0
1.10231e+07, 1.64085e+06, 0
7.27987e+06, 1.79729e+06, 0
9.26575e+06, 4.49188e+06, 0
7.12326e+06, 3.86043e+06, 0
6.08221e+06, 2.33053e+06, 0
3.93345e+06, 2.63422e+06, 0
7.76949e+06, 4.84915e+06, 0
8.08053e+06, 3.79523e+06, 0
8.85956e+06, 5.30009e+06, 0
8.51965e+06, 4.1437e+06, 0
3.9818e+06, 1.33159e+06, 0
2.18725e+06, 987883, 0
8.4455e+06, 3.73007e+06, 0
9.05445e+06, 2.40997e+06, 0
1.21077e+07, 2.37166e+06, 0
6.93441e+06, 4.87024e+06, 0
6.81453e+06, 2.43365e+06, 0
8.39564e+06, 4.79402e+06, 0
5.14875e+06, 2.46936e+06, 0
1.05994e+07, 2.49026e+06, 0
9.96674e+06, 2.69706e+06, 0
7.51783e+06, 1.8573e+06, 0
6.98491e+06, 4.02464e+06, 0
1.15667e+07, 8.17734e+06, 0
4.94758e+06, 1.84873e+06, 0
6.50429e+06, 2.65178e+06, 0
6.95981e+06, 2.23008e+06, 0
9.79448e+06, 2.38689e+06, 0
7.50887e+06, 2.57873e+06, 0
7.09828e+06, 3.89769e+06, 0
1.03901e+07, 7.36892e+06, 0
6.91906e+06, 3.28294e+06, 0
1.26203e+07, 3.59969e+06, 0
6.65704e+06, 3.64786e+06, 0
9.25999e+06, 4.45911e+06, 0
8.51279e+06, 4.7029e+06, 0
4.12978e+06, 1.09858e+06, 0
4.30448e+06, 1.90682e+06, 0
5.85065e+06, 3.34938e+06, 0
3.39261e+06, 2.31394e+06, 0
1.34362e+07, 3.58348e+06, 0
1.03747e+07, 723106, 0
6.92825e+06, 1.7594e+06, 0
7.95023e+06, 3.20676e+06, 0
5.91466e+06, 1.67122e+06, 0
7.49763e+06, 5.36082e+06, 0
3.36354e+06, 1.90201e+06, 0
9.2481e+06, 6.63154e+06, 0
8.1311e+06, 3.24219e+06, 0
5.22702e+06, 3.10767e+06, 0
5.30658e+06, 1.03511e+06, 0
7.0645e+06, 2.17654e+06, 0
8.66064e+06, 3.64137e+06, 0
6.46796e+06, 4.62212e+06, 0
5.026e+06, 3.14673e+06, 0
7.69078e+06, 3.7066e+06, 0
7.4817e+06, 3.42687e+06, 0
2.54005e+06, 930105, 0
4.71246e+06, 1.44796e+06, 0
8.71445e+06, 4.77192e+06, 0
8.50538e+06, 4.98856e+06, 0
3.17343e+06, 1.17618e+06, 0
6.7282e+06, 3.25708e+06, 0
6.75813e+06, 3.56181e+06, 0
1.31627e+07, 5.49089e+06, 0
6.6963e+06, 4.79758e+06, 0
1.10217e+07, 7.31171e+06, 0
5.43807e+06, 778938, 0
1.40365e+07, 2.12781e+06, 0
8.85896e+06, 6.09386e+06, 0
8.02178e+06, 4.27926e+06, 0
3.70155e+06, 2.55088e+06, 0
9.44824e+06, 4.76509e+06, 0
5.97326e+06, 3.44917e+06, 0
4.80482e+06, 2.7731e+06, 0
4.08486e+06, 1.43114e+06, 0
9.30562e+06, 3.6407e+06, 0
5.02288e+06, 3.29754e+06, 0
5.98078e+06, 1.90361e+06, 0
5.67593e+06, 3.58119e+06, 0
1.00918e+07, 1.76175e+06, 0
1.14097e+07, 1.69839e+06, 0
7.75773e+06, 4.88878e+06, 0
1.18621e+07, 3.1621e+06, 0
8.6334e+06, 2.10619e+06, 0
9.98945e+06, 5.40602e+06, 0
1.04836e+07, 4.11872e+06, 0
9.11297e+06, 1.27457e+06, 0
1.10285e+07, 5.18347e+06, 0
9.14114e+06, 2.24884e+06, 0
1.043e+07, 578194, 0
8.46317e+06, 3.00481e+06, 0
1.17728e+07, 7.15641e+06, 0
1.04736e+07, 3.88543e+06, 0
5.05107e+06, 1.32917e+06, 0
1.00281e+07, 3.50528e+06, 0
9.94495e+06, 4.70954e+06, 0
9.5849e+06, 4.48479e+06, 0
8.03472e+06, 5.20194e+06, 0
1.13628e+07, 960709, 0
6.19797e+06, 2.7148e+06, 0
4.16947e+06, 2.84485e+06, 0
7.83307e+06, 4.54615e+06, 0
8.60644e+06, 6.14821e+06, 0
4.25763e+06, 2.29508e+06, 0
7.71881e+06, 2.62743e+06, 0
7.49957e+06, 3.16271e+06, 0
3.81021e+06, 2.7314e+06, 0
7.63895e+06, 3.67207e+06, 0
5.37766e+06, 1.58431e+06, 0
2.72789e+06, 1.00729e+06, 0
7.27724e+06, 5.1381e+06, 0
7.44107e+06, 3.3779e+06, 0
5.2624e+06, 2.61384e+06, 0
6.74525e+06, 1.98214e+06, 0
7.95631e+06, 3.56308e+06, 0
5.36732e+06, 3.03867e+06, 0
8.65522e+06, 5.91069e+06, 0
6.77358e+06, 1.57581e+06, 0
4.8925e+06, 3.20197e+06, 0
9.38301e+06, 816744, 0
5.48519e+06, 869459, 0
1.30205e+07, 5.99988e+06, 0
9.71617e+06, 939931, 0
4.568e+06, 2.76845e+06, 0
4.12879e+06, 1.95671e+06, 0
3.09652e+06, 1.81129e+06, 0
8.28739e+06, 4.2011e+06, 0
7.6602e+06, 5.34397e+06, 0
6.09504e+06, 4.19169e+06, 0
1.13077e+07, 5.32767e+06, 0
6.27389e+06, 2.84209e+06, 0
2.76808e+06, 1.71164e+06, 0
1.10425e+07, 5.37732e+06, 0
6.38233e+06, 710343, 0
8.40206e+06, 4.74137e+06, 0
6.81235e+06, 3.30186e+06, 0
9.38818e+06, 333433, 0
3.53919e+06, 2.12052e+06, 0
6.64078e+06, 2.08839e+06, 0
9.04428e+06, 329422, 0
6.76707e+06, 3.7708e+06, 0
8.74474e+06, 2.84473e+06, 0
2.75756e+06, 1.56705e+06, 0
4.75937e+06, 2.86129e+06, 0
4.5942e+06, 988988, 0
6.46342e+06, 4.20311e+06, 0
8.50979e+06, 3.46512e+06, 0
3.76559e+06, 2.62877e+06, 0
7.97878e+06, 2.30374e+06, 0
6.58496e+06, 3.48981e+06, 0
6.84488e+06, 3.54295e+06, 0
5.13034e+06, 3.42334e+06, 0
4.09682e+06, 2.67567e+06, 0
7.56696e+06, 4.63867e+06, 0
8.8836e+06, 4.592e+06, 0
8.62761e+06, 2.3985e+06, 0
5.49624e+06, 3.64636e+06, 0
5.08003e+06, 2.8603e+06, 0
6.67675e+06, 3.99893e+06, 0
1.28552e+07, 4.65509e+06, 0
5.32284e+06, 3.56204e+06, 0
5.49943e+06, 3.14097e+06, 0
2.32052e+06, 1.32869e+06, 0
2.9313e+06, 821353, 0
1.10252e+07, 4.38884e+06, 0
8.49101e+06, 2.89367e+06, 0
4.32995e+06, 981168, 0
5.14184e+06, 1.12844e+06, 0
8.50538e+06, 3.17596e+06, 0
8.7578e+06, 5.18125e+06, 0
9.60364e+06, 5.89558e+06, 0
5.42535e+06, 2.61468e+06, 0
6.64256e+06, 2.56385e+06, 0
4.97391e+06, 3.30716e+06, 0
3.14565e+06, 953543, 0
4.78378e+06, 2.90348e+06, 0
4.17595e+06, 1.4219e+06, 0
6.12835e+06, 1.21105e+06, 0
1.82803e+07, 5.62229e+06, 0
7.18077e+06, 3.24481e+06, 0
5.6191e+06, 2.42855e+06, 0
6.94514e+06, 2.54043e+06, 0
1.12624e+07, 5.9622e+06, 0
3.71417e+06, 1.77175e+06, 0
6.15725e+06, 1.99989e+06, 0
3.83112e+06, 2.10271e+06, 0
5.67331e+06, 4.04239e+06, 0
4.49464e+06, 2.27262e+06, 0
6.84326e+06, 2.22707e+06, 0
8.27191e+06, 2.7214e+06, 0
5.44747e+06, 3.87277e+06, 0
1.15074e+07, 2.88905e+06, 0
6.08863e+06, 642633, 0
9.02629e+06, 2.3454e+06, 0
8.59728e+06, 2.20741e+06, 0
1.32373e+07, 621904, 0
7.15641e+06, 3.29448e+06, 0
9.55953e+06, 1.23098e+06, 0
1.20603e+07, 3.52067e+06, 0
9.44169e+06, 6.09499e+06, 0
8.63766e+06, 6.00845e+06, 0
5.11953e+06, 2.73661e+06, 0
6.84751e+06, 3.43767e+06, 0
6.79489e+06, 4.17735e+06, 0
9.20927e+06, 2.80914e+06, 0
4.49234e+06, 2.9671e+06, 0
2.67404e+06, 726106, 0
9.92017e+06, 4.96036e+06, 0
7.57372e+06, 3.69824e+06, 0
6.00403e+06, 3.69115e+06, 0
1.12908e+07, 6.82215e+06, 0
6.34417e+06, 3.48088e+06, 0
2.86221e+06, 1.69021e+06, 0
5.43678e+06, 2.31388e+06, 0
5.83247e+06, 3.69726e+06, 0
4.06e+06, 2.76838e+06, 0
8.26105e+06, 4.67986e+06, 0
7.80732e+06, 2.57959e+06, 0
8.27598e+06, 5.68193e+06, 0
9.20889e+06, 1.87628e+06, 0
1.00933e+07, 4.15367e+06, 0
9.32712e+06, 2.42697e+06, 0
1.07802e+07, 5.17779e+06, 0
7.96813e+06, 5.15372e+06, 0
8.24366e+06, 3.84136e+06, 0
1.1191e+07, 5.56586e+06, 0
6.70231e+06, 2.18164e+06, 0
7.67178e+06, 4.13012e+06, 0
3.7519e+06, 651525, 0
7.84073e+06, 4.77107e+06, 0
8.03629e+06, 1.74905e+06, 0
5.12332e+06, 1.45845e+06, 0
5.59267e+06, 3.37083e+06, 0
6.79991e+06, 4.52274e+06, 0
5.59524e+06, 3.71188e+06, 0
6.84669e+06, 3.05244e+06, 0
4.58971e+06, 2.15209e+06, 0
5.73691e+06, 2.79514e+06, 0
1.01562e+07, 6.91755e+06, 0
6.89526e+06, 1.39618e+06, 0
3.38972e+06, 821304, 0
7.08498e+06, 1.77809e+06, 0
4.78818e+06, 1.322e+06, 0
7.55662e+06, 4.5607e+06, 0
8.08258e+06, 4.09688e+06, 0
9.40725e+06, 656913, 0
6.26913e+06, 4.27053e+06, 0
8.2078e+06, 2.62712e+06, 0
3.71201e+06, 494320, 0
5.60703e+06, 1.79708e+06, 0
9.1055e+06, 6.33395e+06, 0
7.08239e+06, 4.46914e+06, 0
6.74357e+06, 4.13088e+06, 0
1.30688e+06, 670702, 0
4.9883e+06, 902505, 0
8.40037e+06, 2.83576e+06, 0
3.45049e+06, 1.17533e+06, 0
4.56337e+06, 3.09488e+06, 0
7.62373e+06, 3.09384e+06, 0
8.80007e+06, 946380, 0
9.04281e+06, 2.14771e+06, 0
1.11529e+07, 3.50983e+06, 0
4.24497e+06, 2.88403e+06, 0
6.40326e+06, 2.32428e+06, 0
4.52346e+06, 2.10305e+06, 0
1.0318e+07, 1.69379e+06, 0
4.37383e+06, 1.86679e+06, 0
3.55262e+06, 2.49945e+06, 0
5.34086e+06, 3.07589e+06, 0
6.28584e+06, 3.0392e+06, 0
1.17356e+07, 3.17493e+06, 0
4.30582e+06, 1.92627e+06, 0
1.12444e+07, 3.86011e+06, 0
9.70736e+06, 5.31434e+06, 0
9.0508e+06, 477907, 0
8.74394e+06, 1.38402e+06, 0
6.20473e+06, 3.4667e+06, 0
6.00068e+06, 2.24572e+06, 0
4.01289e+06, 2.88958e+06, 0
4.16816e+06, 1.65366e+06, 0
8.46317e+06, 3.00481e+06, 0
9.63906e+06, 3.27193e+06, 0
5.90879e+06, 1.57975e+06, 0
8.48268e+06, 5.50805e+06, 0
4.8156e+06, 274986, 0
1.12018e+07, 3.98467e+06, 0
4.9333e+06, 1.04252e+06, 0
8.94068e+06, 5.92071e+06, 0
3.87802e+06, 2.05406e+06, 0
4.94543e+06, 816038, 0
5.97798e+06, 3.16711e+06, 0
4.07918e+06, 1.61009e+06, 0
5.15091e+06, 750046, 0
8.40503e+06, 1.79956e+06, 0
1.04499e+07, 2.45796e+06, 0
5.49802e+06, 1.4379e+06, 0
4.17511e+06, 2.6357e+06, 0
4.37503e+06, 2.88593e+06, 0
8.46317e+06, 5.57444e+06, 0
4.98825e+06, 1.66339e+06, 0
3.8068e+06, 1.846e+06, 0
1.20772e+07, 2.04271e+06, 0
8.23509e+06, 4.29657e+06, 0
8.36529e+06, 2.64057e+06, 0
6.7152e+06, 4.00472e+06, 0
9.10209e+06, 4.7662e+06, 0
4.58876e+06, 1.34266e+06, 0
1.2762e+07, 1.09706e+06, 0
8.25974e+06, 5.42574e+06, 0
3.2192e+06, 1.36241e+06, 0
5.17889e+06, 2.81444e+06, 0
4.60075e+06, 1.96788e+06, 0
8.84428e+06, 5.84627e+06, 0
8.83373e+06, 4.27884e+06, 0
4.24911e+06, 738613, 0
1.10818e+07, 2.20857e+06, 0
2.37054e+06, 1.12287e+06, 0
4.00132e+06, 1.39141e+06, 0
9.18901e+06, 6.06823e+06, 0
4.25935e+06, 2.74046e+06, 0
4.89329e+06, 3.46256e+06, 0
6.62007e+06, 4.27576e+06, 0
9.52053e+06, 3.41156e+06, 0
7.0378e+06, 3.47711e+06, 0
1.15841e+07, 6.99717e+06, 0
4.08305e+06, 876520, 0
8.29305e+06, 1.80909e+06, 0
6.30331e+06, 2.73954e+06, 0
1.59639e+07, 6.7191e+06, 0
1.18442e+07, 3.28161e+06, 0
3.10157e+06, 1.64619e+06, 0
1.20042e+07, 6.18015e+06, 0
6.52762e+06, 4.1099e+06, 0
8.78907e+06, 4.35381e+06, 0
1.09384e+07, 2.66437e+06, 0
2.56766e+06, 1.45397e+06, 0
4.96346e+06, 2.21337e+06, 0
9.64978e+06, 6.07862e+06, 0
7.39815e+06, 3.90118e+06, 0
9.37203e+06, 6.08061e+06, 0
7.99788e+06, 113824, 0
8.0706e+06, 1.52428e+06, 0
7.70324e+06, 5.30748e+06, 0
2.11037e+06, 1.13729e+06, 0
9.35611e+06, 3.57337e+06, 0
9.39315e+06, 1.6905e+06, 0
7.59832e+06, 3.92194e+06, 0
1.16356e+07, 4.19331e+06, 0
5.66266e+06, 1.62845e+06, 0
1.06736e+07, 4.49173e+06, 0
6.28921e+06, 2.60268e+06, 0
1.3408e+07, 5.16274e+06, 0
3.20461e+06, 1.7497e+06, 0
6.00441e+06, 2.4068e+06, 0
5.09726e+06, 1.69368e+06, 0
5.59873e+06, 3.31194e+06, 0
2.40524e+06, 1.33647e+06, 0
5.79426e+06, 2.05373e+06, 0
7.33751e+06, 2.25879e+06, 0
7.6622e+06, 5.26689e+06, 0
4.60314e+06, 2.88895e+06, 0
4.20857e+06, 2.57628e+06, 0
5.62079e+06, 3.00481e+06, 0
5.11062e+06, 3.65571e+06, 0
7.34473e+06, 750391, 0
6.06477e+06, 3.45306e+06, 0
5.75523e+06, 450559, 0
2.52864e+06, 1.75465e+06, 0
8.88068e+06, 3.7279e+06, 0
3.95232e+06, 2.47925e+06, 0
1.2468e+07, 2.88047e+06, 0
4.56986e+06, 221028, 0
7.81253e+06, 4.42112e+06, 0
1.00969e+07, 6.32597e+06, 0
5.25151e+06, 1.78307e+06, 0
6.9004e+06, 3.68058e+06, 0
9.87074e+06, 2.58627e+06, 0
3.12694e+06, 720359, 0
6.29864e+06, 3.73817e+06, 0
9.33417e+06, 1.96991e+06, 0
5.81729e+06, 3.18134e+06, 0
6.79506e+06, 1.64666e+06, 0
6.43117e+06, 2.43612e+06, 0
4.5391e+06, 2.94882e+06, 0
8.37349e+06, 1.98103e+06, 0
8.38194e+06, 4.4977e+06, 0
5.41011e+06, 2.30278e+06, 0
9.98536e+06, 5.67347e+06, 0
5.84769e+06, 1.87759e+06, 0
1.05967e+07, 7.02713e+06, 0
2.75005e+06, 1.84532e+06, 0
6.49606e+06, 2.6868e+06, 0
7.29344e+06, 4.91911e+06, 0
1.02875e+07, 6.57558e+06, 0
5.34862e+06, 1.38548e+06, 0
1.08522e+07, 3.90168e+06, 0
8.03135e+06, 5.2644e+06, 0
9.94934e+06, 3.34328e+06, 0
5.74394e+06, 3.02096e+06, 0
9.15171e+06, 1.90924e+06, 0
4.09855e+06, 1.68061e+06, 0
5.46843e+06, 2.71053e+06, 0
5.60014e+06, 2.14002e+06, 0
6.87861e+06, 3.02091e+06, 0
3.16053e+06, 1.96134e+06, 0
6.07224e+06, 1.87616e+06, 0
6.62417e+06, 396125, 0
5.01783e+06, 2.31398e+06, 0
7.76176e+06, 5.4179e+06, 0
6.52848e+06, 2.71016e+06, 0
7.55295e+06, 5.08748e+06, 0
6.85947e+06, 3.07296e+06, 0
1.22552e+07, 6.03602e+06, 0
7.05202e+06, 2.51953e+06, 0
6.58583e+06, 3.84156e+06, 0
6.8614e+06, 964746, 0
2.82193e+06, 1.60551e+06, 0
1.24651e+07, 6.76903e+06, 0
7.66624e+06, 1.15592e+06, 0
3.60592e+06, 1.68339e+06, 0
8.44917e+06, 4.65289e+06, 0
8.47045e+06, 4.30456e+06, 0
6.70267e+06, 2.43168e+06, 0
6.27106e+06, 4.16831e+06, 0
6.369e+06, 2.44143e+06, 0
1.10098e+07, 1.27446e+06, 0
2.31114e+06, 1.22131e+06, 0
8.20964e+06, 3.9736e+06, 0
8.54615e+06, 4.44739e+06, 0
4.68774e+06, 2.41742e+06, 0
5.87221e+06, 1.58544e+06, 0
8.44806e+06, 1.45497e+06, 0
6.26281e+06, 1.13262e+06, 0
5.98251e+06, 3.02788e+06, 0
6.56552e+06, 1.35101e+06, 0
8.32272e+06, 3.87535e+06, 0
9.17378e+06, 6.12847e+06, 0
1.05326e+07, 6.67743e+06, 0
5.72981e+06, 1.35407e+06, 0
4.50259e+06, 1.22449e+06, 0
1.06313e+07, 3.78596e+06, 0
1.10523e+07, 4.38043e+06, 0
1.38385e+07, 1.73478e+06, 0
4.68447e+06, 2.76372e+06, 0
1.03576e+07, 6.14423e+06, 0
7.34477e+06, 4.09204e+06, 0
9.68065e+06, 4.81823e+06, 0
9.36859e+06, 6.03637e+06, 0
6.54845e+06, 3.35294e+06, 0
5.51239e+06, 3.15013e+06, 0
9.24472e+06, 3.63317e+06, 0
8.54442e+06, 2.29564e+06, 0
4.30393e+06, 2.42346e+06, 0
8.70625e+06, 941254, 0
8.37193e+06, 934319, 0
1.00941e+07, 2.93817e+06, 0
1.00196e+07, 4.21263e+06, 0
5.04573e+06, 2.62734e+06, 0
6.0523e+06, 3.10142e+06, 0
7.78034e+06, 2.28158e+06, 0
7.68457e+06, 4.20996e+06, 0
4.68033e+06, 2.60862e+06, 0
3.38108e+06, 1.23564e+06, 0
5.45769e+06, 3.5894e+06, 0
3.50846e+06, 479665, 0
5.46209e+06, 1.74121e+06, 0
7.38315e+06, 3.0343e+06, 0
1.19137e+07, 2.65132e+06, 0
