1.12936e+07, 1.92849e+06, 0
7.45037e+06, 3.34588e+06, 0
8.46678e+06, 3.83801e+06, 0
9.21071e+06, 5.03166e+06, 0
8.7368e+06, 3.72184e+06, 0
1.02066e+07, 3.39152e+06, 0
7.47957e+06, 1.49744e+06, 0
9.76677e+06, 5.33447e+06, 0
8.44544e+06, 1.5316e+06, 0
6.56953e+06, 3.45541e+06, 0
6.47475e+06, 400947, 0
1.004e+07, 6.54958e+06, 0
7.49169e+06, 2.38272e+06, 0
1.09453e+07, 5.22241e+06, 0
1.02283e+07, 6.71578e+06, 0
8.80645e+06, 1.26131e+06, 0
7.62342e+06, 3.91067e+06, 0
9.63924e+06, 3.15744e+06, 0
9.50281e+06, 5.18531e+06, 0
8.97429e+06, 2.32475e+06, 0
6.91198e+06, 2.36446e+06, 0
6.72673e+06, 1.23668e+06, 0
1.13556e+07, 3.54956e+06, 0
9.7226e+06, 2.20952e+06, 0
6.85301e+06, 3.38726e+06, 0
7.53695e+06, 1.42051e+06, 0
1.07572e+07, 5.68679e+06, 0
8.45199e+06, 2.43604e+06, 0
1.03463e+07, 4.66829e+06, 0
5.14936e+06, 1.57774e+06, 0
1.44182e+07, 3.1421e+06, 0
7.95272e+06, 4.87841e+06, 0
7.32196e+06, 4.26886e+06, 0
8.38793e+06, 2.91606e+06, 0
1.29436e+07, 4.89535e+06, 0
6.26072e+06, 2.95999e+06, 0
8.93257e+06, 4.76455e+06, 0
5.93795e+06, 3.03413e+06, 0
9.27137e+06, 5.25028e+06, 0
6.2361e+06, 2.21012e+06, 0
9.65315e+06, 5.49583e+06, 0
1.16488e+07, 2.15707e+06, 0
9.23127e+06, 4.68652e+06, 0
1.04947e+07, 5.42076e+06, 0
5.6052e+06, 1.75851e+06, 0
7.30093e+06, 2.1512e+06, 0
9.1388e+06, 5.76179e+06, 0
1.18216e+07, 3.65573e+06, 0
9.78652e+06, 4.06076e+06, 0
9.67737e+06, 5.01834e+06, 0
9.65687e+06, 2.54677e+06, 0
8.828e+06, 1.28851e+06, 0
9.04941e+06, 2.69632e+06, 0
1.3449e+07, 2.14526e+06, 0
1.2539e+07, 4.63294e+06, 0
6.62706e+06, 3.36584e+06, 0
1.57692e+07, 9.76171e+06, 0
6.36593e+06, 953027, 0
9.01326e+06, 1.85815e+06, 0
7.68616e+06, 4.22511e+06, 0
9.46833e+06, 5.54918e+06, 0
8.41205e+06, 1.51031e+06, 0
1.26787e+07, 7.14197e+06, 0
5.50087e+06, 1.69467e+06, 0
7.95486e+06, 2.25485e+06, 0
9.62658e+06, 1.90534e+06, 0
1.44072e+07, 1.78964e+06, 0
1.17291e+07, 5.99676e+06, 0
5.37508e+06, 2.04011e+06, 0
7.08071e+06, 3.96863e+06, 0
1.08427e+07, 3.19962e+06, 0
1.05536e+07, 5.83814e+06, 0
9.00018e+06, 4.86487e+06, 0
9.70304e+06, 2.12204e+06, 0
8.35002e+06, 854655, 0
6.36282e+06, 2.56542e+06, 0
6.72452e+06, 505343, 0
8.39267e+06, 4.88376e+06, 0
6.03195e+06, 988413, 0
9.37566e+06, 4.81013e+06, 0
8.9346e+06, 1.72829e+06, 0
8.14296e+06, 4.66218e+06, 0
8.17201e+06, 4.95705e+06, 0
6.69888e+06, 3.27865e+06, 0
7.18003e+06, 432309, 0
1.10386e+07, 4.36532e+06, 0
9.05594e+06, 3.3806e+06, 0
1.008e+07, 6.24437e+06, 0
1.2795e+07, 999294, 0
1.01596e+07, 4.55456e+06, 0
1.1736e+07, 5.63392e+06, 0
6.62071e+06, 2.75988e+06, 0
7.46103e+06, 4.2971e+06, 0
7.25082e+06, 2.92792e+06, 0
7.93002e+06, 3.44892e+06, 0
9.47198e+06, 544729, 0
8.86369e+06, 4.94411e+06, 0
6.77366e+06, 3.26396e+06, 0
1.63988e+07, 4.43713e+06, 0
8.2526e+06, 4.19358e+06, 0
6.28687e+06, 267558, 0
6.00952e+06, 1.37279e+06, 0
9.31433e+06, 3.01295e+06, 0
8.72594e+06, 3.47984e+06, 0
6.31649e+06, 1.70858e+06, 0
1.01462e+07, 2.1761e+06, 0
6.87125e+06, 3.67741e+06, 0
7.22748e+06, 3.47531e+06, 0
9.93103e+06, 1.75236e+06, 0
1.0715e+07, 3.23941e+06, 0
6.68838e+06, 2.86858e+06, 0
7.86246e+06, 4.04729e+06, 0
9.15295e+06, 3.68007e+06, 0
7.45768e+06, 2.25771e+06, 0
9.7395e+06, 3.89088e+06, 0
1.0167e+07, 4.70003e+06, 0
1.0224e+07, 966454, 0
1.11434e+07, 3.41235e+06, 0
1.10411e+07, 2.23425e+06, 0
9.27126e+06, 4.5342e+06, 0
7.64289e+06, 2.79223e+06, 0
8.58674e+06, 4.8643e+06, 0
5.94692e+06, 2.79431e+06, 0
4.6436e+06, 714691, 0
1.01578e+07, 5.64612e+06, 0
5.46035e+06, 2.1868e+06, 0
7.31562e+06, 1.20299e+06, 0
6.20726e+06, 1.56246e+06, 0
1.15754e+07, 2.35795e+06, 0
4.51925e+06, 819439, 0
1.20268e+07, 3.88305e+06, 0
7.43425e+06, 4.03536e+06, 0
7.94183e+06, 3.17869e+06, 0
8.12445e+06, 4.25068e+06, 0
5.55073e+06, 769507, 0
9.04561e+06, 4.18563e+06, 0
1.10016e+07, 3.78238e+06, 0
6.61778e+06, 3.63999e+06, 0
5.61221e+06, 2.46969e+06, 0
1.13465e+07, 7.52921e+06, 0
8.65233e+06, 5.3804e+06, 0
6.93551e+06, 3.67179e+06, 0
4.94301e+06, 1.36205e+06, 0
7.3838e+06, 3.31172e+06, 0
8.04962e+06, 3.51761e+06, 0
6.0825e+06, 1.78789e+06, 0
1.10259e+07, 6.13426e+06, 0
8.95392e+06, 4.13908e+06, 0
7.87626e+06, 4.12062e+06, 0
5.53154e+06, 1.57184e+06, 0
6.88769e+06, 3.63559e+06, 0
6.55322e+06, 1.64602e+06, 0
9.11289e+06, 3.40531e+06, 0
1.1993e+07, 4.78512e+06, 0
6.19475e+06, 2.03638e+06, 0
1.50565e+07, 3.14685e+06, 0
7.56724e+06, 2.2741e+06, 0
8.78868e+06, 4.40105e+06, 0
9.48658e+06, 5.72684e+06, 0
5.90166e+06, 2.49648e+06, 0
7.07951e+06, 2.34291e+06, 0
9.36684e+06, 4.75108e+06, 0
1.15669e+07, 2.62014e+06, 0
6.83238e+06, 3.32994e+06, 0
1.33457e+07, 5.19973e+06, 0
6.89119e+06, 3.004e+06, 0
8.93342e+06, 3.04942e+06, 0
1.08004e+07, 5.88763e+06, 0
9.22817e+06, 2.60598e+06, 0
8.19624e+06, 1.78375e+06, 0
7.93196e+06, 3.46575e+06, 0
9.18462e+06, 472309, 0
7.46702e+06, 1.26409e+06, 0
7.47856e+06, 1.42388e+06, 0
1.00359e+07, 2.19466e+06, 0
1.12197e+07, 3.92908e+06, 0
5.31275e+06, 2.22336e+06, 0
1.03285e+07, 5.12178e+06, 0
9.55329e+06, 1.90855e+06, 0
7.64192e+06, 1.12238e+06, 0
1.24331e+07, 3.36798e+06, 0
5.18336e+06, 320678, 0
8.78154e+06, 806525, 0
7.68529e+06, 3.42767e+06, 0
6.98653e+06, 2.08604e+06, 0
5.20614e+06, 2.19015e+06, 0
5.40486e+06, 2.33854e+06, 0
8.15411e+06, 3.75643e+06, 0
6.53474e+06, 3.50039e+06, 0
6.8537e+06, 1.37922e+06, 0
7.19384e+06, 3.91797e+06, 0
8.49042e+06, 3.53161e+06, 0
6.14143e+06, 2.34607e+06, 0
5.08045e+06, 2.03557e+06, 0
4.69127e+06, 481169, 0
9.22872e+06, 5.18761e+06, 0
5.061e+06, 1.01491e+06, 0
1.07977e+07, 4.33015e+06, 0
1.15962e+07, 3.24227e+06, 0
9.17381e+06, 1.17965e+06, 0
8.53739e+06, 3.61769e+06, 0
7.24949e+06, 3.96242e+06, 0
8.9857e+06, 5.62743e+06, 0
9.816e+06, 4.05242e+06, 0
1.1978e+07, 3.78755e+06, 0
1.05788e+07, 4.79278e+06, 0
8.7533e+06, 4.26039e+06, 0
9.45626e+06, 2.88002e+06, 0
5.65783e+06, 1.57747e+06, 0
9.68554e+06, 811460, 0
5.80067e+06, 844646, 0
7.17064e+06, 3.37674e+06, 0
6.64227e+06, 3.5529e+06, 0
6.54885e+06, 2.39795e+06, 0
6.11832e+06, 2.21797e+06, 0
8.591e+06, 2.15572e+06, 0
7.14705e+06, 1.29232e+06, 0
1.00933e+07, 1.83086e+06, 0
7.63495e+06, 4.45593e+06, 0
6.17905e+06, 3.32857e+06, 0
1.01976e+07, 4.21604e+06, 0
7.82903e+06, 4.08937e+06, 0
5.90759e+06, 2.34956e+06, 0
1.09859e+07, 3.49791e+06, 0
7.1847e+06, 4.22472e+06, 0
6.62715e+06, 2.72777e+06, 0
7.36622e+06, 1.72645e+06, 0
1.12295e+07, 2.56829e+06, 0
9.1561e+06, 4.44653e+06, 0
7.48717e+06, 1.04735e+06, 0
9.46048e+06, 5.11478e+06, 0
6.67749e+06, 2.77876e+06, 0
6.80616e+06, 2.65085e+06, 0
1.30146e+07, 5.08484e+06, 0
6.1713e+06, 1.73929e+06, 0
5.85049e+06, 1.99839e+06, 0
5.45706e+06, 1.99432e+06, 0
5.81143e+06, 2.65571e+06, 0
8.63784e+06, 1.95746e+06, 0
1.24754e+07, 4.18752e+06, 0
8.77225e+06, 1.24056e+06, 0
9.21916e+06, 5.16221e+06, 0
8.11965e+06, 4.48128e+06, 0
9.22775e+06, 5.63119e+06, 0
6.14033e+06, 3.0286e+06, 0
6.27879e+06, 2.98109e+06, 0
6.47717e+06, 1.42466e+06, 0
6.0436e+06, 1.96293e+06, 0
5.02414e+06, 1.38422e+06, 0
5.55936e+06, 1.96973e+06, 0
5.70399e+06, 1.99198e+06, 0
6.8286e+06, 1.80501e+06, 0
8.67036e+06, 2.35379e+06, 0
7.83452e+06, 774035, 0
6.56314e+06, 684149, 0
6.5453e+06, 3.38018e+06, 0
5.81603e+06, 2.01236e+06, 0
1.30737e+07, 2.83101e+06, 0
6.36575e+06, 2.82941e+06, 0
8.75169e+06, 4.40892e+06, 0
8.30708e+06, 2.06703e+06, 0
9.68052e+06, 2.64011e+06, 0
7.44454e+06, 3.26619e+06, 0
7.19628e+06, 2.33393e+06, 0
6.98592e+06, 4.07595e+06, 0
5.50958e+06, 1.43795e+06, 0
5.36367e+06, 1.92415e+06, 0
6.21605e+06, 1.32625e+06, 0
7.66012e+06, 437914, 0
8.41107e+06, 4.86719e+06, 0
5.7809e+06, 1.37702e+06, 0
5.30811e+06, 1.61532e+06, 0
7.26049e+06, 2.46887e+06, 0
9.98869e+06, 6.41609e+06, 0
9.69046e+06, 2.5112e+06, 0
9.07955e+06, 4.19477e+06, 0
9.17972e+06, 4.8092e+06, 0
9.04983e+06, 1.39645e+06, 0
9.46536e+06, 3.50444e+06, 0
1.01306e+07, 3.69302e+06, 0
1.00764e+07, 2.89391e+06, 0
9.56084e+06, 4.5667e+06, 0
9.16595e+06, 1.24306e+06, 0
1.00364e+07, 5.39895e+06, 0
9.71837e+06, 5.14024e+06, 0
1.11561e+07, 5.51221e+06, 0
6.97874e+06, 3.2753e+06, 0
8.12609e+06, 4.27175e+06, 0
9.88763e+06, 3.32808e+06, 0
6.10127e+06, 1.68205e+06, 0
5.12804e+06, 737714, 0
8.23409e+06, 1.80974e+06, 0
7.06566e+06, 3.83543e+06, 0
5.7889e+06, 2.505e+06, 0
8.69653e+06, 2.9054e+06, 0
6.88897e+06, 2.22948e+06, 0
6.13442e+06, 1.46496e+06, 0
6.41517e+06, 1.10785e+06, 0
9.59015e+06, 3.70117e+06, 0
7.42885e+06, 2.44304e+06, 0
1.13974e+07, 6.23506e+06, 0
6.05615e+06, 1.5398e+06, 0
1.11936e+07, 4.56013e+06, 0
8.32887e+06, 1.93598e+06, 0
7.18293e+06, 4.07914e+06, 0
5.46608e+06, 2.19818e+06, 0
6.66256e+06, 2.70493e+06, 0
8.55744e+06, 1.39744e+06, 0
7.89592e+06, 373144, 0
7.25527e+06, 930943, 0
5.51185e+06, 2.12146e+06, 0
1.02655e+07, 5.47529e+06, 0
5.93143e+06, 2.50489e+06, 0
6.63944e+06, 3.64346e+06, 0
8.67345e+06, 3.41981e+06, 0
6.27909e+06, 1.16162e+06, 0
1.44619e+07, 4.63463e+06, 0
1.12471e+07, 1.2509e+06, 0
6.90201e+06, 4.00287e+06, 0
7.01523e+06, 1.63118e+06, 0
6.20241e+06, 1.64497e+06, 0
6.06039e+06, 2.54479e+06, 0
7.79409e+06, 4.29711e+06, 0
1.00271e+07, 3.27936e+06, 0
7.33224e+06, 2.76819e+06, 0
9.39537e+06, 1.93397e+06, 0
9.39981e+06, 2.875e+06, 0
5.71504e+06, 1.7104e+06, 0
8.65285e+06, 3.83442e+06, 0
1.09017e+07, 6.22537e+06, 0
9.53192e+06, 5.73369e+06, 0
9.66147e+06, 5.87357e+06, 0
6.61172e+06, 3.43155e+06, 0
8.54805e+06, 3.24519e+06, 0
1.16455e+07, 1.32642e+06, 0
7.05045e+06, 1.84453e+06, 0
8.86416e+06, 2.16896e+06, 0
1.03698e+07, 2.51727e+06, 0
4.85307e+06, 1.32385e+06, 0
6.33394e+06, 2.94592e+06, 0
1.01476e+07, 4.67589e+06, 0
6.4241e+06, 3.34822e+06, 0
8.67194e+06, 4.73184e+06, 0
8.18216e+06, 4.89493e+06, 0
7.58296e+06, 3.86322e+06, 0
6.94491e+06, 1.19495e+06, 0
8.05078e+06, 2.99928e+06, 0
1.17782e+07, 5.95882e+06, 0
1.05136e+07, 2.90754e+06, 0
7.77179e+06, 3.07099e+06, 0
8.36907e+06, 5.00428e+06, 0
9.60593e+06, 2.89207e+06, 0
7.59587e+06, 2.59828e+06, 0
9.3642e+06, 2.41606e+06, 0
9.76022e+06, 3.21285e+06, 0
5.90782e+06, 1.33828e+06, 0
9.44048e+06, 3.17184e+06, 0
6.85629e+06, 3.19983e+06, 0
7.14526e+06, 3.92763e+06, 0
9.42588e+06, 4.02939e+06, 0
7.93405e+06, 2.20966e+06, 0
9.05364e+06, 5.81192e+06, 0
9.60996e+06, 5.74743e+06, 0
5.73755e+06, 2.46166e+06, 0
6.85804e+06, 3.88847e+06, 0
1.00122e+07, 2.06942e+06, 0
1.16599e+07, 5.29647e+06, 0
7.4588e+06, 1.35037e+06, 0
8.89421e+06, 1.91218e+06, 0
8.40341e+06, 5.01608e+06, 0
9.64428e+06, 1.57021e+06, 0
1.06652e+07, 5.49228e+06, 0
9.29049e+06, 5.60534e+06, 0
1.02115e+07, 2.27856e+06, 0
1.21168e+07, 7.88672e+06, 0
7.87638e+06, 1.99693e+06, 0
6.93705e+06, 3.29938e+06, 0
9.35206e+06, 3.47234e+06, 0
8.15819e+06, 3.24997e+06, 0
9.82964e+06, 4.85633e+06, 0
6.94728e+06, 4.04567e+06, 0
6.85966e+06, 2.02541e+06, 0
1.01384e+07, 423043, 0
8.84215e+06, 2.1006e+06, 0
6.62778e+06, 2.594e+06, 0
1.04831e+07, 6.24095e+06, 0
5.52821e+06, 1.92155e+06, 0
6.89535e+06, 3.74124e+06, 0
7.33796e+06, 3.3586e+06, 0
7.44017e+06, 4.12894e+06, 0
9.41602e+06, 4.07857e+06, 0
9.60509e+06, 5.30598e+06, 0
9.47091e+06, 3.76469e+06, 0
1.10085e+07, 5.37834e+06, 0
6.95068e+06, 3.34105e+06, 0
6.73603e+06, 2.24865e+06, 0
8.57199e+06, 4.80007e+06, 0
9.64385e+06, 3.08941e+06, 0
8.81796e+06, 2.83298e+06, 0
8.26368e+06, 1.98879e+06, 0
6.12215e+06, 2.56676e+06, 0
9.31157e+06, 3.57187e+06, 0
1.02459e+07, 1.60897e+06, 0
7.8509e+06, 4.63074e+06, 0
8.26581e+06, 3.61015e+06, 0
1.04775e+07, 6.51122e+06, 0
9.60985e+06, 4.35725e+06, 0
6.47041e+06, 957468, 0
9.11361e+06, 5.08448e+06, 0
8.64092e+06, 3.60203e+06, 0
8.24732e+06, 3.21151e+06, 0
1.2746e+07, 4.69669e+06, 0
7.71803e+06, 3.10834e+06, 0
7.30019e+06, 2.26211e+06, 0
7.98406e+06, 4.90891e+06, 0
8.87187e+06, 5.57918e+06, 0
6.71611e+06, 3.19802e+06, 0
1.17602e+07, 1.12037e+06, 0
8.77509e+06, 3.08042e+06, 0
7.2988e+06, 3.76708e+06, 0
6.16537e+06, 2.62272e+06, 0
1.03019e+07, 5.23423e+06, 0
4.89878e+06, 1.15034e+06, 0
9.79047e+06, 4.82043e+06, 0
1.15332e+07, 3.04207e+06, 0
1.02342e+07, 4.07276e+06, 0
8.35601e+06, 5.19013e+06, 0
8.95439e+06, 5.12842e+06, 0
