221888, 109399, 0
301951, 217340, 0
182887, 182673, 0
50092.1, 79129.2, 0
35407.3, 123561, 0
156681, 53484.7, 0
211953, 177981, 0
210616, 35917.7, 0
33383.8, 104112, 0
114503, 165865, 0
94568.7, 124721, 0
200804, 95120.4, 0
106210, 106983, 0
149777, 164233, 0
78994, 114049, 0
111477, 106862, 0
207278, 79124, 0
149669, 97217.4, 0
156803, 155517, 0
40467.7, 22052.6, 0
203694, 9463.24, 0
132175, 19994.2, 0
177399, 139948, 0
193995, 81281.2, 0
67557, 130631, 0
125273, 137660, 0
158424, 28378.4, 0
98229.3, 123987, 0
77040.1, 99043.9, 0
76574.6, 62743.9, 0
40424.8, 113256, 0
217343, 84439.8, 0
121468, 124628, 0
147889, 115875, 0
162280, 129824, 0
56355.6, 143099, 0
83923.6, 68622.3, 0
96738.1, 147098, 0
114263, 58154.1, 0
87763.2, 158152, 0
11375.9, 87286.5, 0
107498, 81562.3, 0
167310, 95819, 0
134998, 87392.5, 0
96381.6, 82263.5, 0
104182, 95523, 0
83400.6, 35306.9, 0
109615, 171589, 0
24545.4, 37126.9, 0
132413, 138473, 0
60861.5, 16581.7, 0
45561.2, 102556, 0
146569, 186588, 0
257039, 88531.4, 0
37005.6, 107752, 0
157018, 100252, 0
119298, 3824.53, 0
155473, 91292.8, 0
92260.8, 27055.7, 0
56657.7, 69943.5, 0
226954, 232978, 0
104158, 128012, 0
202040, 159691, 0
207089, 134740, 0
156585, 86930.7, 0
210024, 75126.6, 0
106874, 83877.1, 0
167309, 134756, 0
143898, 74649.5, 0
125367, 73767.9, 0
274208, 115784, 0
98567.4, 127206, 0
107906, 148414, 0
85822.2, 150949, 0
147565, 5243.36, 0
142100, 59186.1, 0
165333, 153762, 0
183379, 64090.8, 0
126554, 164303, 0
90761.2, 113043, 0
52029.2, 92099.2, 0
112325, 50753.9, 0
63707.1, 38156.2, 0
79971.3, 140028, 0
232507, 44583.6, 0
127670, 94212.9, 0
42977.7, 67583.9, 0
139026, 83291.1, 0
105391, 124456, 0
140477, 174247, 0
187690, 169068, 0
126018, 81776.4, 0
165481, 144452, 0
148360, 159193, 0
80587, 117128, 0
132281, 39902, 0
192206, 64259.1, 0
201918, 137069, 0
88575.8, 36711, 0
89889.1, 45870.9, 0
125677, 82239.2, 0
145261, 75691.7, 0
138665, 31759.7, 0
103668, 136631, 0
110844, 53647.4, 0
161576, 147051, 0
27895.1, 87299.8, 0
23025.4, 56604.2, 0
32272.7, 107731, 0
68710, 64752.8, 0
61299.3, 103918, 0
137117, 129860, 0
136328, 90445, 0
263870, 64822.9, 0
141308, 115299, 0
117192, 46790.2, 0
277826, 38617, 0
170900, 163761, 0
206494, 80090.5, 0
287552, 128208, 0
160542, 75288.8, 0
178051, 134160, 0
25106.9, 108070, 0
129372, 175220, 0
97564.9, 138806, 0
86718.5, 32691.7, 0
126170, 109078, 0
147284, 64909.3, 0
122998, 138873, 0
56078, 77448.6, 0
199982, 157875, 0
246741, 78739.2, 0
98274.8, 116548, 0
99113.2, 84379.3, 0
166321, 130665, 0
185757, 59101.4, 0
106141, 96943.9, 0
40255, 73846.5, 0
146735, 186679, 0
213212, 68377.7, 0
100051, 88807.3, 0
185684, 45977, 0
145360, 38383.1, 0
66638.1, 71015.9, 0
65181.8, 50910.8, 0
179039, 184342, 0
179776, 157466, 0
285768, 33168.7, 0
66469.2, 123827, 0
46130.5, 89979, 0
63665.7, 4899.84, 0
71562.1, 13795.6, 0
122426, 66356.7, 0
70392.1, 75259.6, 0
63126.8, 97969.5, 0
56725.4, 119765, 0
146125, 150094, 0
209896, 220761, 0
168167, 107894, 0
158029, 11340.7, 0
201626, 146418, 0
91159.7, 146177, 0
93426.4, 29060.9, 0
189428, 76975.1, 0
9573.42, 131707, 0
35066.5, 106977, 0
210941, 214825, 0
81380.5, 130282, 0
62594.4, 135514, 0
98818.6, 15768.6, 0
123977, 124231, 0
128098, 9022.32, 0
206037, 211574, 0
176173, 169873, 0
189329, 214113, 0
123504, 154796, 0
134089, 31812.3, 0
40701.6, 91813.7, 0
251250, 76400.1, 0
73426.4, 95803.3, 0
140303, 32087.4, 0
237097, 182118, 0
183421, 115900, 0
173963, 183769, 0
186240, 89959.6, 0
55655.1, 87848.8, 0
147105, 151969, 0
231726, 202926, 0
151046, 72170.4, 0
131247, 120600, 0
45833.7, 73210.6, 0
20078.1, 137775, 0
41825.9, 48640.7, 0
50661.7, 65571.2, 0
82827.5, 106395, 0
134671, 136671, 0
164195, 115354, 0
53484.9, 49082.6, 0
120116, 65281.3, 0
167279, 137120, 0
125964, 156327, 0
173167, 148193, 0
255727, 74404.2, 0
305368, 18299.1, 0
267824, 106206, 0
95335.8, 47777.7, 0
73428.5, 11799.3, 0
147896, 165712, 0
195044, 209083, 0
80784.7, 143462, 0
197539, 181523, 0
104510, 68352.3, 0
127672, 64310.8, 0
56940.9, 102918, 0
97583.4, 64948.4, 0
242111, 59374.9, 0
152528, 157441, 0
63704.4, 31342.1, 0
121672, 178497, 0
137883, 32311.7, 0
76131.7, 122407, 0
287215, 190533, 0
199477, 52011.4, 0
123977, 124231, 0
128098, 9022.32, 0
136960, 90114.8, 0
51827.2, 109447, 0
94724.2, 136200, 0
80948.4, 108888, 0
127888, 112767, 0
38386.6, 103220, 0
107640, 118838, 0
69844.7, 82011.3, 0
101223, 104978, 0
80404.5, 101893, 0
283575, 215749, 0
90856.2, 126344, 0
217630, 45494.4, 0
190955, 29645, 0
221799, 25055.1, 0
52860.5, 47517, 0
101424, 96102.1, 0
93152.5, 131294, 0
165265, 41676.8, 0
145755, 61785.3, 0
134804, 92073, 0
125969, 99848.3, 0
110552, 82332.1, 0
141195, 95786.8, 0
203213, 64004.9, 0
118724, 62957.5, 0
211246, 190087, 0
249760, 148910, 0
42594.1, 139151, 0
57365.9, 107266, 0
22454.3, 81302.9, 0
80562.3, 39778, 0
127499, 110242, 0
173174, 141447, 0
94360.1, 135956, 0
112687, 62220, 0
123696, 72032.1, 0
145714, 78996.8, 0
144549, 78021.2, 0
123755, 100704, 0
109033, 93760.5, 0
111589, 120789, 0
34549.5, 117721, 0
117938, 44807, 0
86678.1, 42616, 0
92931.1, 124747, 0
175848, 76785.8, 0
210482, 101969, 0
163411, 38830.8, 0
273744, 128367, 0
76092.7, 52943.5, 0
195942, 113464, 0
358196, 162151, 0
97530.6, 94633.9, 0
59674.7, 142263, 0
93053.7, 73152.6, 0
112533, 63693.3, 0
220030, 70312.5, 0
168660, 63517.5, 0
199225, 49936.7, 0
39042.2, 143018, 0
142635, 170646, 0
69632.6, 57691.2, 0
188429, 87186, 0
93937.5, 49537.7, 0
39267.1, 78392.6, 0
257332, 77617.5, 0
148145, 57006, 0
141610, 46837.2, 0
85339.1, 81459.7, 0
146592, 101439, 0
53714.1, 84733.2, 0
59112, 73168.5, 0
22600.3, 18716.6, 0
86112, 133281, 0
17368.1, 38524.2, 0
86355.3, 59843, 0
69546.3, 135159, 0
194661, 182833, 0
126051, 73137.2, 0
228417, 76190.9, 0
37962.2, 97572.3, 0
142296, 75792.1, 0
210362, 62510.9, 0
311562, 134658, 0
56249.9, 75565.3, 0
113030, 143838, 0
124221, 105436, 0
91192.7, 121489, 0
229811, 144876, 0
358690, 63741.1, 0
201909, 114974, 0
113277, 133460, 0
198885, 46693.5, 0
203222, 51795.2, 0
246252, 124316, 0
184716, 84264.6, 0
193983, 23048.7, 0
65571.7, 43141.1, 0
117670, 143969, 0
49210.4, 41858.7, 0
165895, 123737, 0
98334.5, 69554.8, 0
125330, 113948, 0
170368, 63407.8, 0
187376, 173416, 0
144029, 81953.8, 0
26629.6, 120469, 0
147517, 20864.2, 0
139652, 66111.5, 0
31788, 142055, 0
115467, 62403.7, 0
136515, 72068.8, 0
74995.5, 136061, 0
70213, 27858.8, 0
112073, 74331.3, 0
200766, 98968.2, 0
116440, 152682, 0
121891, 142148, 0
220585, 72373.4, 0
200196, 125508, 0
88579.6, 113561, 0
94984.2, 71695.6, 0
52335.9, 59129.1, 0
70556.7, 96244.2, 0
174181, 87401.7, 0
21286.5, 126061, 0
187617, 69918, 0
173319, 185446, 0
127351, 151066, 0
123343, 48672.9, 0
204485, 93588.1, 0
128614, 173902, 0
124434, 124748, 0
175137, 67073.3, 0
46309, 91086.8, 0
125575, 168770, 0
95222.3, 120517, 0
220538, 144839, 0
76146.9, 139623, 0
42886.4, 141288, 0
49621.3, 102321, 0
162662, 110368, 0
361472, 246396, 0
144130, 61603.6, 0
68237.5, 91535.3, 0
263238, 155612, 0
41125.9, 92943, 0
63745.8, 144675, 0
157527, 106966, 0
114001, 137077, 0
66063, 89746, 0
139472, 67298.2, 0
68627.2, 110581, 0
125710, 54538.6, 0
103818, 99090, 0
97590.5, 33974, 0
196074, 100173, 0
137171, 126077, 0
123415, 34689.3, 0
227133, 131110, 0
77300.2, 144098, 0
147195, 154577, 0
179889, 175338, 0
107738, 56143, 0
88547.6, 61580.4, 0
122076, 146551, 0
213662, 100639, 0
114553, 144084, 0
99442.7, 118781, 0
26880.9, 91114, 0
113998, 95534.1, 0
94857.7, 155958, 0
231355, 55433.4, 0
72500.8, 41510.1, 0
163321, 127780, 0
82156.3, 118481, 0
184722, 106840, 0
130728, 116128, 0
109995, 35552.9, 0
41900.2, 115498, 0
111537, 133957, 0
166176, 113759, 0
123526, 38034, 0
209640, 34137.4, 0
187292, 105751, 0
200178, 86523.4, 0
93881.6, 78258.4, 0
123322, 74996.3, 0
11954.8, 21629.7, 0
106084, 77996, 0
136571, 50323.8, 0
169401, 112362, 0
142306, 28986.3, 0
88760.6, 92172.7, 0
62379.9, 55799.1, 0
151198, 179524, 0
74202.3, 99958.7, 0
159373, 84701.1, 0
100206, 54088.6, 0
120688, 81075.7, 0
161759, 104940, 0
151465, 99851.3, 0
64122.9, 100351, 0
108347, 97839, 0
163741, 168498, 0
62389.4, 25209.4, 0
183122, 117563, 0
185736, 39766.4, 0
41391.1, 65514, 0
161936, 70160.2, 0
131530, 163303, 0
145291, 98034.2, 0
67157.1, 124231, 0
173205, 139148, 0
107569, 127345, 0
106223, 150913, 0
193387, 194204, 0
55390.5, 108977, 0
110209, 138952, 0
7979.42, 46578.5, 0
89511.3, 94946.2, 0
49402, 31048.5, 0
191483, 144122, 0
40876.8, 91028.9, 0
149581, 77830.7, 0
40440, 105271, 0
214509, 96145.2, 0
152735, 176097, 0
67898, 89347.9, 0
130445, 106300, 0
121885, 125396, 0
106288, 74929.7, 0
76481.6, 89562.1, 0
27965, 48069, 0
143385, 29996.1, 0
110213, 73282.4, 0
197460, 137514, 0
77232.8, 71720.9, 0
54899.7, 82244.4, 0
81648.4, 133859, 0
136676, 175147, 0
188215, 126680, 0
178365, 83002.9, 0
35039.7, 117510, 0
97999.1, 89867.4, 0
115303, 148528, 0
157573, 71149.7, 0
244868, 182993, 0
120455, 115416, 0
44081.6, 64633.8, 0
203689, 205253, 0
228983, 107868, 0
167568, 170557, 0
245531, 79564.7, 0
103876, 150942, 0
115588, 20974.4, 0
317779, 178837, 0
121067, 83158, 0
64926.7, 49278, 0
256315, 139542, 0
117679, 147508, 0
26247.9, 118010, 0
179120, 31534.3, 0
74737.3, 146759, 0
71511.9, 16127, 0
43180.5, 46580.9, 0
65470.4, 126580, 0
106161, 132026, 0
50452.9, 139101, 0
40520.8, 96960.8, 0
22980.6, 50899.5, 0
30940.9, 137550, 0
18675.2, 115807, 0
101793, 88084.7, 0
53651.3, 67860.1, 0
66319.9, 150406, 0
120150, 100294, 0
165003, 82179.6, 0
81128.7, 69492.2, 0
61806.3, 106686, 0
215781, 40648.1, 0
63466.6, 70083, 0
112120, 83544.1, 0
145726, 95646.8, 0
124375, 49584.6, 0
134806, 97272.2, 0
189096, 73867.1, 0
105724, 29632.1, 0
131058, 113153, 0
203651, 92901.1, 0
185331, 158640, 0
176336, 55526.4, 0
43469.5, 65892.8, 0
62335.3, 53821.3, 0
79915.3, 7768.76, 0
245237, 130227, 0
123377, 108777, 0
189720, 68031.7, 0
140530, 98228.9, 0
158671, 173800, 0
83058, 90143, 0
191512, 93887.3, 0
88215.1, 93884.9, 0
79372, 128706, 0
131176, 107978, 0
69792.7, 65215.9, 0
67526.9, 147602, 0
41209, 128486, 0
131442, 55843.5, 0
45539.3, 26538, 0
93161.9, 143037, 0
59419.3, 103978, 0
179167, 74213.5, 0
135671, 161606, 0
258572, 152476, 0
164220, 151476, 0
28270.1, 108822, 0
89428.6, 153254, 0
203209, 177755, 0
122064, 122739, 0
159238, 120430, 0
175815, 34990.6, 0
198701, 74108.4, 0
46516.6, 40787.3, 0
241138, 95758.7, 0
66496.7, 92384.7, 0
39439, 132829, 0
158769, 116972, 0
212595, 121759, 0
74781.8, 77279.8, 0
41310.9, 124863, 0
128156, 103607, 0
103641, 94761.9, 0
65212.2, 137788, 0
98461, 18219.4, 0
113816, 54696.8, 0
123582, 157046, 0
98241.2, 78722.4, 0
75704.8, 78465.1, 0
70974.3, 79166.3, 0
24942.1, 117802, 0
48628.2, 60633.9, 0
33087, 49574.9, 0
68291.4, 14743.1, 0
55834, 86018.9, 0
328580, 76269.7, 0
174556, 82935.4, 0
116188, 36583.9, 0
218774, 7334.03, 0
160743, 56945.3, 0
90016.3, 36438.4, 0
125981, 173557, 0
175076, 190708, 0
77180.9, 109907, 0
220661, 94581.5, 0
189013, 151984, 0
171026, 176760, 0
52927.6, 129226, 0
80995.2, 82005.7, 0
135178, 127642, 0
114072, 89246.4, 0
99666.3, 161657, 0
200209, 58710.9, 0
173910, 165583, 0
63142.3, 98017.9, 0
160549, 32306.1, 0
73769.3, 72505.7, 0
131665, 35654.4, 0
87567.8, 115726, 0
174249, 196918, 0
165605, 48223.2, 0
96250.4, 95354.9, 0
117214, 51922.7, 0
43166.6, 145937, 0
111362, 169813, 0
82319.6, 158859, 0
221983, 62144.4, 0
134530, 69943.5, 0
89696.4, 144381, 0
113271, 162918, 0
92201, 104781, 0
283496, 141928, 0
52248, 140350, 0
90777.6, 13087.5, 0
74283.9, 80055.8, 0
168329, 107623, 0
64667.8, 99125.4, 0
67282.2, 59516.3, 0
54274.8, 84671.4, 0
214600, 196923, 0
151077, 167309, 0
105774, 73377.6, 0
111748, 125703, 0
171891, 130665, 0
128253, 76532.4, 0
78119.7, 38127.8, 0
131754, 48606.7, 0
222216, 153979, 0
125340, 141434, 0
38576.8, 117730, 0
80467.3, 113966, 0
120013, 127201, 0
8037.96, 72073.2, 0
123707, 114995, 0
86784.5, 109808, 0
146805, 73170.4, 0
133931, 80158.9, 0
120267, 177497, 0
126302, 156076, 0
111319, 65949.6, 0
70299, 117568, 0
104857, 147080, 0
104701, 97322.9, 0
52737.9, 93980.5, 0
33938.9, 100493, 0
119028, 45140.1, 0
221788, 90049.8, 0
116064, 54821, 0
175227, 64302.4, 0
148771, 169435, 0
170968, 60442.3, 0
141586, 78372.9, 0
47177.8, 58484.6, 0
125360, 172749, 0
145859, 43579.1, 0
138231, 121681, 0
175987, 175520, 0
184135, 62862.6, 0
96460.7, 130810, 0
82006.3, 159710, 0
46372.3, 146775, 0
117192, 144381, 0
95324.7, 22068, 0
84151.5, 127991, 0
209589, 149220, 0
232298, 32200.1, 0
18247, 46745.5, 0
182979, 5895.73, 0
176815, 99211, 0
286775, 98660.9, 0
90501.8, 110489, 0
296970, 131257, 0
172335, 20582.3, 0
151999, 121479, 0
131439, 30393.5, 0
163417, 68827.3, 0
110627, 83441.6, 0
38205.1, 103214, 0
98953.2, 23370.2, 0
181263, 135950, 0
105110, 100689, 0
114859, 82514.5, 0
94530.1, 159442, 0
130128, 102986, 0
139341, 101950, 0
92409.4, 69971.2, 0
99990.7, 31864.3, 0
99695.6, 152770, 0
205236, 202302, 0
77424.5, 61438.1, 0
104558, 160732, 0
160029, 96820.1, 0
104707, 56046.1, 0
273440, 82635.5, 0
44354.6, 120707, 0
234638, 152019, 0
229085, 201574, 0
92939.6, 88806.2, 0
162667, 155913, 0
81462.4, 98708, 0
160356, 144599, 0
83078.2, 59159.1, 0
155613, 102901, 0
29274.5, 112000, 0
49350.6, 126960, 0
218452, 85966.2, 0
213991, 109796, 0
81452.6, 107022, 0
220990, 85111.4, 0
82116, 95186.5, 0
98096.1, 145538, 0
157962, 129316, 0
149067, 181453, 0
150440, 37156.1, 0
106922, 51425.8, 0
51475.2, 102682, 0
92958.9, 137809, 0
202110, 54056.5, 0
120477, 113137, 0
173534, 58379.5, 0
200267, 197602, 0
30565.1, 58428.1, 0
174996, 29361, 0
193256, 199889, 0
175181, 95518.5, 0
168997, 190503, 0
113716, 99218.4, 0
66096.5, 102416, 0
123001, 143477, 0
137270, 181146, 0
122696, 32536.2, 0
46751, 79140.1, 0
114402, 139829, 0
121598, 94147.3, 0
100582, 128941, 0
109048, 105115, 0
189905, 42678.3, 0
160565, 56222, 0
120648, 75030.2, 0
88071.7, 121248, 0
49643.2, 131519, 0
162325, 170798, 0
193528, 17182.9, 0
14711.2, 91678.5, 0
125530, 83136.4, 0
196546, 174403, 0
186711, 57020.9, 0
165431, 147828, 0
256556, 117338, 0
126541, 162932, 0
86896.6, 132335, 0
133552, 122567, 0
227746, 108123, 0
49777.1, 121459, 0
73335, 151845, 0
203682, 120892, 0
51992.6, 93256.1, 0
125883, 101594, 0
45993.9, 44814, 0
277534, 231712, 0
133216, 62971, 0
74000.6, 135395, 0
146910, 174324, 0
142665, 179916, 0
171117, 24844.3, 0
143757, 184429, 0
236388, 42357.6, 0
181518, 124231, 0
241685, 188769, 0
123711, 146802, 0
72980.6, 151303, 0
107542, 14842.8, 0
59162.2, 51813.7, 0
75925.2, 98468.7, 0
69773.6, 154017, 0
271352, 41713.5, 0
186297, 126911, 0
99919.9, 86221.8, 0
84573, 87382.7, 0
176333, 96356.8, 0
49510.5, 50009.1, 0
202654, 95441.9, 0
100016, 61019, 0
61202.2, 43871.4, 0
88551, 81943.3, 0
93323.7, 91583.5, 0
113245, 34850.5, 0
136191, 164963, 0
99209.5, 76333.9, 0
105754, 157640, 0
90094.7, 128344, 0
94908.8, 35405.5, 0
85046.3, 30314.3, 0
60287.4, 146707, 0
91310.8, 60748.7, 0
114739, 36635.5, 0
128198, 112086, 0
102118, 80508.7, 0
151469, 126567, 0
114665, 119939, 0
126287, 103718, 0
215002, 168826, 0
206801, 170961, 0
107454, 158233, 0
95615.6, 43635.3, 0
158783, 35959.1, 0
78597.7, 2927.11, 0
152569, 143214, 0
217333, 74613.7, 0
249964, 65212.1, 0
138304, 178365, 0
109907, 96102.4, 0
120057, 46315.3, 0
205146, 131010, 0
152773, 74612.1, 0
156420, 170085, 0
97263.9, 115620, 0
149278, 63487.8, 0
70848.3, 98923.6, 0
178880, 30870.8, 0
139419, 37445, 0
142346, 59366.8, 0
272422, 121608, 0
168266, 95093.6, 0
276951, 140432, 0
98160.5, 128010, 0
221888, 109399, 0
197966, 94317.4, 0
157139, 164605, 0
146027, 105290, 0
139287, 98472.9, 0
66964.3, 103933, 0
114343, 120370, 0
211771, 148196, 0
59044.7, 129742, 0
156075, 94807.8, 0
85827, 109191, 0
146097, 138588, 0
184112, 185201, 0
143212, 130113, 0
160390, 75571.1, 0
85454.9, 33388.4, 0
232068, 119739, 0
213393, 170182, 0
98686.1, 53824.4, 0
192112, 156277, 0
261522, 68112, 0
122778, 139561, 0
217323, 94709.2, 0
159163, 38000.1, 0
146820, 112853, 0
56876.9, 119693, 0
139531, 42820.7, 0
106564, 73260.3, 0
237575, 133413, 0
122589, 47691.7, 0
124621, 102219, 0
47740.8, 138593, 0
81535.2, 70176.5, 0
104959, 66601.9, 0
126299, 138224, 0
48134.3, 89540.4, 0
141793, 42287.3, 0
88265.8, 61346.2, 0
88674.7, 141894, 0
71989.4, 77323.4, 0
204253, 17361.7, 0
252523, 140334, 0
153650, 81839.9, 0
212449, 164522, 0
182865, 38936, 0
65769.7, 86653.9, 0
151086, 171659, 0
138127, 118735, 0
48580.7, 65285.6, 0
119428, 170036, 0
21180.9, 42178.2, 0
206376, 70375.7, 0
174681, 132503, 0
123466, 90457.9, 0
150684, 62818.1, 0
225177, 186422, 0
63363, 140220, 0
223226, 139209, 0
239954, 141595, 0
82839.7, 121270, 0
67193.9, 17126.3, 0
173763, 138154, 0
140439, 55452.4, 0
121112, 89342.4, 0
38741.4, 22559.9, 0
97194.1, 132326, 0
101498, 21976.5, 0
181223, 113102, 0
113858, 41271.8, 0
121158, 121221, 0
43316.5, 38424.4, 0
104424, 42810.8, 0
224544, 17857.7, 0
189363, 158119, 0
24418, 105171, 0
313400, 161445, 0
54041.5, 103490, 0
147864, 131443, 0
157814, 92204.7, 0
6814.98, 131499, 0
262129, 86755.9, 0
43116.8, 114478, 0
77351, 18979.9, 0
138153, 25030, 0
163531, 170980, 0
86418.8, 151883, 0
132598, 116504, 0
214554, 139830, 0
271814, 203244, 0
59782.2, 69533.1, 0
144802, 134231, 0
139402, 84074, 0
115196, 82227.9, 0
151100, 88253.6, 0
81678.4, 135424, 0
107040, 144140, 0
118742, 131320, 0
131016, 104448, 0
158671, 106715, 0
194864, 123177, 0
57070.8, 23074.6, 0
142556, 99916.5, 0
170070, 56514.9, 0
148687, 168441, 0
126113, 120410, 0
50335.1, 139744, 0
131271, 143981, 0
127627, 179407, 0
23466.3, 94591.1, 0
75353.3, 77186.9, 0
164398, 78711.4, 0
268363, 73286.6, 0
193294, 135783, 0
43833.6, 38394.4, 0
140360, 107178, 0
170913, 72661.8, 0
42357.9, 50761.3, 0
80556.4, 21292.4, 0
172295, 158862, 0
111637, 138456, 0
88848.6, 95058.3, 0
49155.9, 96468, 0
221260, 233366, 0
209791, 83300.5, 0
179549, 190454, 0
84296.8, 131615, 0
108434, 55742.5, 0
191937, 179823, 0
13643.5, 63953.8, 0
324458, 257686, 0
81493.8, 66938.2, 0
185968, 112405, 0
27024.7, 122762, 0
124475, 167904, 0
90171.7, 32218.3, 0
158322, 140184, 0
205346, 43919.9, 0
85097, 48929.3, 0
121068, 165316, 0
205356, 138267, 0
172719, 57021.3, 0
236400, 58063, 0
183639, 75908.5, 0
51983.5, 99523.5, 0
32318.2, 138389, 0
313008, 75315.2, 0
81143.8, 66236.6, 0
188861, 51208.4, 0
109039, 43548.2, 0
116893, 29950.2, 0
47146.2, 64425.5, 0
204876, 111944, 0
106142, 124768, 0
221409, 68311.7, 0
90487.6, 60025, 0
256796, 65859.2, 0
52067.9, 29491.3, 0
186324, 183390, 0
161464, 76830.3, 0
98532.5, 107011, 0
245796, 152405, 0
118958, 74350.3, 0
41349.6, 117177, 0
201152, 118936, 0
97612, 57678.8, 0
54560.8, 30841, 0
130943, 110808, 0
270886, 83395.7, 0
129942, 156963, 0
194311, 116905, 0
146526, 86831.7, 0
158053, 109523, 0
74031.9, 87842.1, 0
115566, 175141, 0
151235, 68122.9, 0
17331.7, 114463, 0
128491, 40068.9, 0
102956, 26785.2, 0
125999, 112564, 0
48095.5, 75619, 0
160097, 32587.3, 0
134422, 117771, 0
170112, 149073, 0
44094.9, 136804, 0
49427.2, 80548.3, 0
63042.3, 97341.2, 0
241457, 76489.7, 0
108413, 60585.6, 0
9885.34, 72724.1, 0
57966.9, 110424, 0
77256.6, 157690, 0
159004, 154974, 0
32707.9, 99338.8, 0
73538.2, 121116, 0
11784.2, 67626.6, 0
60238.2, 146670, 0
230633, 154997, 0
143549, 165494, 0
124247, 94782.4, 0
36576.5, 112871, 0
187055, 93439.3, 0
127149, 26416.5, 0
150210, 119237, 0
94260.1, 111872, 0
156973, 65117.3, 0
151835, 59571.2, 0
150973, 134044, 0
139589, 116218, 0
135913, 136311, 0
280961, 84494.7, 0
167404, 81556.8, 0
138840, 186247, 0
15605.8, 41610.7, 0
141668, 147053, 0
98049.5, 74554.8, 0
165661, 195819, 0
84173.1, 127324, 0
158407, 73489.6, 0
157346, 166401, 0
101659, 28110.3, 0
296187, 83249.7, 0
141654, 89475.1, 0
131734, 77932.1, 0
175594, 98588.1, 0
179934, 75650.9, 0
34506.6, 138600, 0
45239.5, 63809.1, 0
70280.5, 32303, 0
144414, 88955.4, 0
203246, 67184.7, 0
80835.2, 134234, 0
21946.2, 129958, 0
55517, 15719.5, 0
166630, 178889, 0
27001.1, 46800.5, 0
44361.3, 108744, 0
152871, 132791, 0
103282, 139960, 0
35255.5, 129203, 0
42113.5, 20600.7, 0
128382, 74396.2, 0
115873, 61249.8, 0
130052, 147868, 0
108367, 52879.2, 0
228061, 82489.2, 0
86421.4, 154151, 0
5649.75, 96737.1, 0
87520.9, 151307, 0
194640, 67281.6, 0
162317, 175166, 0
168270, 100058, 0
247355, 66263.5, 0
172825, 140385, 0
70826.5, 80707.1, 0
92485.9, 156051, 0
175412, 156119, 0
35483.6, 132030, 0
213583, 90329.4, 0
218072, 19097.7, 0
61401.1, 78702, 0
83387.8, 57725.1, 0
88803.6, 66576.2, 0
85214.4, 67153.2, 0
149129, 97736.3, 0
138016, 186190, 0
92736.9, 103522, 0
95339.2, 32751, 0
151578, 161519, 0
119323, 130296, 0
146110, 124278, 0
264097, 143858, 0
97758.9, 106882, 0
244414, 68845.4, 0
121031, 57096.2, 0
140088, 124887, 0
300422, 70652.2, 0
16789, 112196, 0
197004, 142390, 0
222934, 50335.6, 0
93005.4, 138550, 0
47383, 56781.6, 0
31917.7, 132092, 0
16858.2, 83278.8, 0
94715.4, 82452.9, 0
122135, 122564, 0
182419, 71418.7, 0
145835, 85933.2, 0
80768.4, 123560, 0
61826.5, 64628.7, 0
166500, 144014, 0
165035, 75903, 0
36404.6, 43656.3, 0
132709, 158669, 0
129960, 146027, 0
22805.3, 50684, 0
105930, 28383.1, 0
118235, 151184, 0
81524.7, 82236.6, 0
173942, 114449, 0
8705.8, 50673.4, 0
151591, 107004, 0
76918, 61171.1, 0
82070.7, 124831, 0
119396, 10815, 0
303177, 32672.6, 0
143616, 188363, 0
160176, 138941, 0
150364, 24401.8, 0
81620.2, 93356.9, 0
171920, 169595, 0
96411.1, 132813, 0
140136, 130592, 0
118461, 50097.3, 0
61792.1, 104282, 0
173301, 114048, 0
60057.7, 79535.6, 0
124490, 80762.7, 0
36792.2, 22461.7, 0
90151.6, 90812.7, 0
42549.1, 98876.1, 0
137070, 73012.6, 0
68549.3, 102094, 0
97929.1, 71203.1, 0
152020, 95945.7, 0
145795, 31451.3, 0
95164.2, 128482, 0
133088, 167220, 0
294968, 115905, 0
147661, 56824.9, 0
150684, 62818.1, 0
227269, 114023, 0
149657, 58933.5, 0
67150.3, 112137, 0
81796.5, 62682.5, 0
248256, 131555, 0
129372, 134188, 0
149715, 66412.6, 0
142030, 24662.4, 0
100569, 123067, 0
148331, 32735, 0
226738, 94211.3, 0
247995, 64915.4, 0
182597, 141064, 0
144510, 47364.9, 0
98249.3, 144266, 0
170025, 164703, 0
143073, 183229, 0
171966, 51564.2, 0
34306, 105935, 0
92644.2, 71521.2, 0
79762.9, 92683.3, 0
60738.9, 118531, 0
428420, 22150.3, 0
69759.8, 63530.9, 0
93379.6, 72060.9, 0
79430.4, 113114, 0
48604.3, 133345, 0
96240.9, 99417.1, 0
79205.6, 158614, 0
166177, 201105, 0
48443.7, 41469.3, 0
110341, 44333.8, 0
131362, 171196, 0
46417.2, 90513.7, 0
96345.4, 60446.1, 0
226230, 220935, 0
116204, 126040, 0
97152.8, 156762, 0
219849, 84388.8, 0
119487, 103142, 0
169748, 59327.9, 0
16510.1, 109523, 0
144996, 71232.2, 0
12626.2, 140763, 0
84417.1, 73559.2, 0
81849.3, 135991, 0
81016.2, 103032, 0
132260, 69315.8, 0
120617, 115222, 0
179420, 128320, 0
133231, 137933, 0
118655, 98118.1, 0
114943, 146988, 0
178586, 106569, 0
102641, 63260.4, 0
231876, 147854, 0
193667, 148187, 0
102585, 151788, 0
179235, 102750, 0
128936, 114443, 0
71134.2, 48593.4, 0
129926, 71104.6, 0
165365, 199395, 0
169751, 41187.9, 0
213439, 195079, 0
218156, 146722, 0
189457, 147960, 0
239700, 92356.1, 0
155096, 133155, 0
122546, 30163.5, 0
136472, 84902.9, 0
130974, 26586.3, 0
105662, 21681.2, 0
81424, 67734.3, 0
144487, 56631.5, 0
130065, 131173, 0
77521.7, 91856.6, 0
190477, 178469, 0
144435, 22399, 0
34241.8, 131635, 0
144040, 42133, 0
245626, 159773, 0
215821, 80607.8, 0
192675, 153141, 0
52742.8, 104575, 0
109383, 90581.1, 0
39259.2, 42471.4, 0
76234.2, 38606, 0
99878.6, 95971.6, 0
35259.7, 61410.4, 0
87404.7, 155377, 0
156266, 135425, 0
101574, 101108, 0
222433, 45835.7, 0
116020, 136649, 0
82531.2, 117502, 0
78127.1, 94159.9, 0
81049.1, 80960.2, 0
6208.98, 47032.1, 0
149014, 126525, 0
165142, 176490, 0
157078, 139156, 0
43805, 45526.4, 0
114525, 91321.4, 0
96053.1, 163638, 0
195496, 113157, 0
150684, 62818.1, 0
102885, 138470, 0
20303.6, 117754, 0
43245.7, 72984, 0
65926.8, 94395.6, 0
27882.8, 136861, 0
25574.2, 85400.2, 0
75909.2, 140461, 0
184810, 164835, 0
309583, 31155.7, 0
188752, 121933, 0
100233, 54100, 0
65544.3, 116761, 0
73950, 133113, 0
127269, 64741.2, 0
264434, 80780.5, 0
104427, 141026, 0
65529.5, 116986, 0
92846.3, 90859.5, 0
241710, 107933, 0
237272, 126941, 0
100371, 150520, 0
68625.7, 148506, 0
104983, 150415, 0
184427, 187914, 0
123297, 131367, 0
227093, 66170.9, 0
135754, 27596.4, 0
28039, 139665, 0
142627, 61148.2, 0
80680, 57790.4, 0
136319, 81376.5, 0
76832.3, 127508, 0
224271, 206215, 0
32259, 114520, 0
200708, 156752, 0
192108, 14175.4, 0
93540.2, 64411.6, 0
85805.9, 92797.5, 0
39173.7, 63532.3, 0
99560.2, 51000, 0
177461, 183701, 0
79223.6, 134905, 0
122533, 52016, 0
77470.9, 116249, 0
78999.1, 106051, 0
187187, 88551.9, 0
252101, 209266, 0
178575, 145076, 0
174692, 71310.5, 0
296232, 146476, 0
66520.5, 81800.1, 0
17387.5, 52497.2, 0
40957.1, 90658.6, 0
131760, 143528, 0
150684, 123737, 0
124511, 175913, 0
56981.8, 134213, 0
156631, 184498, 0
97579.3, 69315.6, 0
67907.6, 134037, 0
268341, 192872, 0
118389, 117693, 0
137546, 129477, 0
39938.4, 108344, 0
90336.5, 155121, 0
64647.1, 112792, 0
100438, 39100.6, 0
23508.4, 42110.4, 0
169000, 84884.1, 0
47590, 35773.3, 0
120300, 123754, 0
83620.7, 51708.8, 0
133826, 138862, 0
174622, 48597.2, 0
146264, 36176.4, 0
80761.6, 75885.1, 0
9010.29, 133445, 0
142813, 79106.6, 0
90195.3, 114697, 0
160460, 19291.8, 0
64860.3, 108301, 0
111727, 69751, 0
90691.3, 16108.6, 0
113741, 122061, 0
165746, 165787, 0
297612, 47779.6, 0
248832, 149015, 0
47898.8, 54691.7, 0
149583, 109058, 0
238173, 163367, 0
97894.3, 161777, 0
101826, 39300.1, 0
66345.9, 25040.2, 0
48200.8, 83313.2, 0
20829.3, 103630, 0
75560.3, 47226.9, 0
155609, 184793, 0
66914.7, 36052.6, 0
127699, 85516, 0
232798, 72000, 0
65317.5, 82411.3, 0
29744.9, 32195.4, 0
82980.3, 94273.1, 0
37935.8, 143450, 0
45746.6, 117212, 0
66081.9, 94373.4, 0
195721, 34492.9, 0
187982, 121207, 0
89682.8, 91495.5, 0
154829, 65221.2, 0
173972, 88612.6, 0
222461, 155024, 0
156835, 92840.7, 0
120617, 118619, 0
55039.6, 137282, 0
20111.2, 107585, 0
90281.8, 51396.4, 0
104463, 129402, 0
69217.4, 75286.6, 0
101697, 83400.3, 0
23692.9, 93759.3, 0
87689.3, 155144, 0
225215, 66084.8, 0
165922, 154311, 0
173535, 140071, 0
142518, 35173.7, 0
106651, 103292, 0
162664, 66346.4, 0
119845, 91745.5, 0
223576, 109241, 0
129602, 30522.2, 0
55724.5, 101126, 0
173019, 5076.96, 0
140585, 75506.6, 0
103173, 142082, 0
174255, 76070.7, 0
94328.8, 126870, 0
204277, 71315, 0
144121, 15003.1, 0
124106, 169716, 0
168512, 94172.8, 0
217827, 183320, 0
117098, 121171, 0
93932.8, 107171, 0
163291, 181566, 0
52577.8, 112778, 0
100163, 56510.2, 0
52728.9, 38354.1, 0
121183, 135270, 0
127491, 136887, 0
40004.1, 140067, 0
112557, 172108, 0
48929.4, 14951.2, 0
79418.5, 47282.2, 0
129623, 159173, 0
206281, 67530.1, 0
78216, 79019.1, 0
121014, 51913, 0
152215, 154126, 0
119797, 47161.9, 0
165215, 73161.8, 0
121031, 57096.2, 0
156300, 147793, 0
123743, 71748.6, 0
207320, 141580, 0
224539, 115585, 0
111584, 134478, 0
222654, 108140, 0
206407, 141969, 0
167862, 172322, 0
144591, 156691, 0
50024.6, 68587, 0
149831, 106515, 0
130143, 53890.1, 0
110639, 160423, 0
119348, 137273, 0
128992, 109947, 0
120304, 42044.5, 0
84642.6, 133000, 0
157746, 51011, 0
100059, 129316, 0
82048.9, 94318.6, 0
141101, 11710.4, 0
59535.1, 57239.6, 0
167145, 75040, 0
60515.1, 46719.4, 0
69332.3, 42066, 0
95412.6, 103077, 0
242388, 53178.1, 0
196752, 39780.8, 0
128646, 147432, 0
155801, 104312, 0
172585, 88204, 0
15711.7, 119317, 0
139603, 114332, 0
93577.7, 53057.4, 0
111081, 47520.7, 0
71289.3, 153015, 0
100214, 156353, 0
88313.9, 53161.3, 0
289543, 44365.8, 0
183624, 54353.4, 0
82846.9, 136974, 0
109033, 31242.9, 0
157307, 92564.4, 0
234371, 96533.5, 0
75749.8, 106875, 0
136074, 63610.7, 0
205319, 29052.1, 0
232167, 88485.4, 0
65508.2, 149149, 0
208517, 85944.5, 0
67759.5, 132323, 0
108514, 141052, 0
158469, 33784.8, 0
73609.9, 18223.4, 0
84808.6, 30015.3, 0
195460, 188981, 0
212210, 175532, 0
93076.9, 43224.1, 0
21407, 103827, 0
149931, 56126.6, 0
141842, 121961, 0
48481.9, 50770.9, 0
150631, 119871, 0
94264.6, 36111.9, 0
116608, 27954.1, 0
228684, 151600, 0
75109.8, 89580.1, 0
83123.6, 117284, 0
105685, 77048, 0
79321.9, 83217.5, 0
39987, 42725.2, 0
42726.5, 132282, 0
105269, 104637, 0
169129, 73215, 0
153554, 131083, 0
125207, 170667, 0
106991, 17106.1, 0
122481, 30120.9, 0
39270.9, 117623, 0
141888, 25885.8, 0
26101.9, 85974.8, 0
177002, 53178.4, 0
158296, 88081.4, 0
56821.8, 98931.1, 0
162602, 19965.2, 0
78510.3, 153021, 0
120763, 78659.5, 0
74644.5, 127768, 0
175147, 170939, 0
119372, 44058, 0
227224, 65168.4, 0
241039, 72985.8, 0
188286, 151755, 0
170610, 102532, 0
60407.9, 129310, 0
226204, 194493, 0
72569.2, 66869.3, 0
150647, 46233.3, 0
142064, 94871.5, 0
124179, 110400, 0
226914, 19345.4, 0
207070, 124362, 0
114289, 143543, 0
48389.8, 100903, 0
130518, 87965.5, 0
78797.5, 123666, 0
190723, 149436, 0
147651, 84737.7, 0
195513, 132601, 0
125541, 50284.6, 0
110479, 13866.1, 0
121583, 90453.6, 0
92083.9, 88862.1, 0
101399, 62278.4, 0
159897, 163001, 0
82794.7, 92413.3, 0
53845.1, 81970, 0
115887, 76102.5, 0
238339, 161499, 0
85682, 83350.5, 0
166811, 156959, 0
53837, 121874, 0
130345, 137085, 0
128768, 91942.6, 0
56279.4, 62419.6, 0
121181, 63814.5, 0
94239.1, 43297.9, 0
242851, 81248.1, 0
129024, 136361, 0
200096, 119366, 0
106624, 80055.5, 0
155158, 176342, 0
124000, 101419, 0
84435, 148654, 0
24095.3, 33431.4, 0
114269, 8630.72, 0
58620.8, 78761.7, 0
123171, 121505, 0
151884, 155437, 0
225652, 223580, 0
270484, 42167.6, 0
22999.9, 80196.4, 0
25934, 111636, 0
115078, 25977.4, 0
154068, 30408.1, 0
123322, 138220, 0
84170.1, 107112, 0
82189.8, 127157, 0
113111, 141247, 0
28993.2, 72618.8, 0
28228.1, 72826.2, 0
17937.7, 18507, 0
176080, 90342.4, 0
81676.7, 122379, 0
116099, 48695.5, 0
181518, 124231, 0
56336.9, 79095.3, 0
163576, 196689, 0
27498, 40320.6, 0
86828.3, 86631, 0
139438, 79651.9, 0
141713, 185945, 0
175570, 117249, 0
75814.7, 140836, 0
60292.1, 70617.1, 0
57404.1, 52271.3, 0
129011, 97648.8, 0
156407, 118765, 0
143964, 119064, 0
93624.5, 100456, 0
188622, 190586, 0
129830, 145780, 0
50409.8, 66140.4, 0
114266, 162813, 0
27157.4, 75147.1, 0
124134, 94071.1, 0
119045, 54328.5, 0
95400.3, 40261.7, 0
47585.6, 129182, 0
210766, 92858.1, 0
96192.4, 85313.7, 0
179843, 51393.5, 0
193466, 101452, 0
271806, 103368, 0
162628, 120767, 0
147289, 189441, 0
83469.1, 17603.4, 0
78251.7, 158053, 0
250233, 201187, 0
151640, 175017, 0
158086, 117467, 0
18592.3, 70766.4, 0
87814.4, 81583.6, 0
134295, 75733, 0
226848, 31223.5, 0
280796, 52959.7, 0
76259.1, 128332, 0
192657, 164869, 0
81984, 61641, 0
256057, 45172, 0
73399, 147776, 0
38261.3, 125867, 0
162626, 127548, 0
181772, 102217, 0
67081.9, 97699.7, 0
240202, 155863, 0
197964, 83012.9, 0
150087, 72010.1, 0
