111649, 139646, 0
152424, 100709, 0
55741.4, 129332, 0
163775, 124422, 0
77541.3, 200785, 0
84088.7, 62950, 0
226329, 181248, 0
203284, 84281, 0
65242.9, 108472, 0
78354.4, 98565.5, 0
40190.1, 107070, 0
41517.2, 132656, 0
214854, 27098.9, 0
83723.4, 54598.6, 0
195930, 95446.2, 0
145518, 12602.2, 0
217861, 232766, 0
145054, 94149.3, 0
168508, 39797.9, 0
132733, 228985, 0
326107, 126843, 0
194411, 156148, 0
183099, 127224, 0
130998, 108900, 0
151587, 108442, 0
31318.8, 51595.2, 0
77005.4, 189918, 0
175814, 181616, 0
191653, 122817, 0
89632, 85551.9, 0
140813, 247830, 0
173803, 87219, 0
108785, 118362, 0
92336.8, 224452, 0
73128.2, 127312, 0
249971, 95760.1, 0
86020.4, 86996.2, 0
154355, 122781, 0
19294.7, 240827, 0
131195, 136291, 0
150636, 34367.4, 0
174326, 112675, 0
313831, 163760, 0
236515, 83349.8, 0
107012, 47055.3, 0
51776.2, 214119, 0
138153, 169372, 0
158906, 94074, 0
218731, 127015, 0
170920, 114216, 0
158427, 26037.5, 0
250512, 189779, 0
140104, 44480.8, 0
158067, 137850, 0
97020.6, 169260, 0
60712.2, 51462.7, 0
171407, 95683, 0
92623.4, 122082, 0
185593, 58281.8, 0
63413.3, 69602.5, 0
153772, 305774, 0
16055.1, 117475, 0
165668, 94991.9, 0
91776.2, 89608.3, 0
123725, 138080, 0
39765.3, 22213.9, 0
125918, 77534.3, 0
64782.1, 136244, 0
133871, 288848, 0
104777, 165705, 0
180251, 71328.7, 0
125507, 92774.1, 0
122502, 164445, 0
235541, 81812.4, 0
82171.7, 52890.3, 0
117809, 143886, 0
84702.4, 115407, 0
117948, 116561, 0
20771.2, 27464.6, 0
34440.4, 117166, 0
17020.9, 134490, 0
91842.6, 81955.2, 0
85141.7, 90641.6, 0
105603, 92462.5, 0
210906, 210076, 0
124906, 152851, 0
77983.8, 187939, 0
107028, 36419.4, 0
13532.7, 53748, 0
195523, 168333, 0
152866, 44462.7, 0
241046, 115098, 0
92164.7, 3277.65, 0
117788, 95521.3, 0
79752.4, 142290, 0
155339, 107445, 0
195618, 185471, 0
189749, 117633, 0
77137.5, 135544, 0
113815, 302740, 0
172954, 181171, 0
54977.5, 109023, 0
154424, 125343, 0
77772.6, 170092, 0
204659, 58085.4, 0
159137, 208843, 0
78323.4, 81274.4, 0
105294, 92054.5, 0
72997.7, 154166, 0
249101, 71790, 0
165387, 93074.8, 0
134924, 64292.2, 0
70558.3, 143057, 0
141153, 61821.9, 0
143950, 60829.5, 0
179966, 103626, 0
153811, 89600.1, 0
62046.1, 157914, 0
144721, 92351.7, 0
190706, 117454, 0
7941.36, 89326.9, 0
149173, 77177.8, 0
130835, 23052.2, 0
92347.1, 117807, 0
103889, 98045, 0
148343, 28917.8, 0
152670, 57250.3, 0
94513.6, 174752, 0
153998, 121095, 0
234450, 88117.7, 0
119295, 128116, 0
41022.6, 46649.6, 0
112975, 81713.6, 0
92992, 102581, 0
119808, 79872.1, 0
105228, 30235.3, 0
35180.4, 99760.9, 0
9083.23, 34466.8, 0
82717.5, 244312, 0
100290, 150166, 0
54978.9, 103619, 0
171884, 14433.5, 0
197281, 59177.1, 0
129052, 58240.7, 0
114381, 152674, 0
101887, 191368, 0
274506, 50623.2, 0
78232.2, 105689, 0
151144, 211560, 0
39220.7, 52449.6, 0
125574, 198811, 0
89824.8, 223605, 0
34856.6, 93174.8, 0
66094.8, 117754, 0
63287.2, 90578.3, 0
206409, 124231, 0
88714.3, 173888, 0
223730, 148866, 0
117560, 237020, 0
167657, 127019, 0
81732.7, 203103, 0
133721, 223968, 0
199425, 67356.6, 0
176688, 90531.3, 0
128726, 138396, 0
122933, 96489, 0
285243, 52736, 0
73054.8, 78734.3, 0
62130.7, 141676, 0
95222, 93007.1, 0
71691.9, 205685, 0
142971, 82163.7, 0
58974, 50549.4, 0
80563.5, 58064.8, 0
124193, 104287, 0
167573, 115360, 0
104506, 126722, 0
144596, 54829.5, 0
139388, 103336, 0
161597, 214732, 0
204105, 17460.2, 0
105613, 64920, 0
106876, 118320, 0
55548.5, 187670, 0
198095, 118136, 0
170135, 121934, 0
165756, 26510.3, 0
142386, 127845, 0
119367, 257276, 0
223602, 159758, 0
170032, 149750, 0
165310, 73210.5, 0
36403.8, 165898, 0
49999.5, 70556.5, 0
96660.7, 96622.5, 0
56695.5, 138267, 0
100588, 150059, 0
85437.8, 75316.4, 0
153326, 195312, 0
166092, 67295.9, 0
145908, 60753.1, 0
137837, 79872.1, 0
73704.3, 103591, 0
74755.4, 98077.3, 0
61533.8, 71071.3, 0
180346, 140813, 0
137078, 72211.9, 0
112082, 231627, 0
79576.2, 46056.6, 0
46367.9, 122940, 0
131851, 131759, 0
66455.8, 110168, 0
92005.6, 59932.9, 0
92017.4, 108482, 0
246044, 170177, 0
66840.1, 320120, 0
120238, 200719, 0
93182.1, 133245, 0
5804.89, 220603, 0
137106, 164525, 0
237360, 167787, 0
116919, 86849.8, 0
762.371, 89468.5, 0
69789.2, 203274, 0
65120.5, 55865.5, 0
178584, 248260, 0
89492.2, 283825, 0
23918.9, 57442.5, 0
8024.25, 83091.1, 0
185913, 247764, 0
83753.2, 167825, 0
185791, 75387.6, 0
36927.7, 172271, 0
191243, 107265, 0
150299, 163015, 0
88464.6, 110129, 0
166393, 113689, 0
160959, 198145, 0
129737, 147178, 0
228072, 72685.4, 0
125584, 149869, 0
168992, 4551.27, 0
106947, 86436.8, 0
108883, 138758, 0
214806, 108242, 0
49105.8, 218231, 0
174623, 217079, 0
40970.7, 180550, 0
39318.9, 177678, 0
129493, 50168, 0
109081, 81149.5, 0
137785, 87738.4, 0
155614, 191443, 0
170393, 147147, 0
93947.7, 114400, 0
249682, 65304.7, 0
38119.3, 41466.1, 0
129022, 63476.2, 0
235807, 94725.3, 0
61855.5, 109433, 0
189247, 179100, 0
258150, 22383.9, 0
145850, 124775, 0
146545, 69811.4, 0
171611, 48238.2, 0
183502, 26990.9, 0
146454, 77912.3, 0
126363, 160502, 0
196139, 179127, 0
70277.8, 122305, 0
143618, 45860.2, 0
155926, 110089, 0
186782, 19823.9, 0
85277.6, 259368, 0
118506, 73339.1, 0
150465, 211309, 0
158814, 185749, 0
67052.9, 74204.8, 0
144504, 87441.2, 0
98211.1, 60828.8, 0
138821, 66989.3, 0
180778, 57787.3, 0
86274.7, 87989, 0
80042.3, 165437, 0
135336, 98150.9, 0
85106.6, 116949, 0
242455, 184690, 0
111927, 21101.1, 0
89159.2, 95629.2, 0
68044.8, 73107.7, 0
47851.8, 179628, 0
107987, 84718.1, 0
146772, 89926.2, 0
246825, 81154.4, 0
226613, 123220, 0
152731, 157760, 0
58166.9, 146531, 0
183643, 118454, 0
81690.4, 184132, 0
93205.3, 146943, 0
61964.3, 38634.9, 0
140613, 137036, 0
184865, 219202, 0
45318.2, 247358, 0
89255.3, 192330, 0
80316.3, 143517, 0
258349, 214704, 0
108069, 25810.3, 0
100877, 111342, 0
142607, 73269.7, 0
192029, 175654, 0
166427, 109283, 0
36681.4, 64957.1, 0
83759.6, 122855, 0
87610.7, 68756.5, 0
161236, 187903, 0
13831.3, 57572.8, 0
310490, 154243, 0
31439.5, 68052, 0
46442.2, 141437, 0
162015, 26686.9, 0
157540, 296341, 0
179780, 191395, 0
189639, 44423.9, 0
140563, 132683, 0
51184.2, 168130, 0
172206, 59761.3, 0
41000.9, 131458, 0
265228, 125624, 0
242035, 210501, 0
127548, 99962.2, 0
299302, 219261, 0
150597, 163713, 0
24303.1, 133879, 0
30497.9, 239604, 0
80211.4, 60752.9, 0
182919, 78298.4, 0
73491.7, 153365, 0
191384, 172580, 0
76788.7, 215261, 0
21920.6, 96898, 0
124923, 148605, 0
193216, 188476, 0
234971, 126384, 0
45942.5, 118250, 0
137740, 38870.8, 0
71561.1, 7436.44, 0
78264.4, 121632, 0
106786, 122607, 0
148922, 51204.1, 0
142117, 8994.99, 0
73856.5, 163093, 0
70516.6, 205819, 0
182265, 157908, 0
162555, 168454, 0
143146, 87255.2, 0
122727, 192247, 0
59563.5, 94695.5, 0
62923.9, 129270, 0
128942, 173589, 0
97243.9, 79604.5, 0
65046.1, 115012, 0
121711, 272447, 0
174103, 71047.4, 0
151271, 163818, 0
77866.9, 11253.9, 0
42215.8, 145353, 0
70706.9, 144777, 0
146911, 251300, 0
87589.4, 255072, 0
65712.1, 60920.4, 0
231611, 44219.4, 0
51897.5, 31863.9, 0
23135.1, 36737.2, 0
121110, 31091.1, 0
118817, 282196, 0
149424, 170604, 0
99299.9, 127735, 0
61164.4, 156735, 0
77045.3, 104211, 0
60270.1, 235965, 0
53416.8, 178063, 0
138103, 92780.6, 0
125132, 47781.7, 0
23169.2, 64622.8, 0
126017, 107843, 0
57648.2, 190761, 0
87740, 22486, 0
67982.6, 28605.7, 0
88474.1, 114484, 0
191999, 61141.9, 0
213315, 25167.4, 0
150507, 167894, 0
97546.8, 134534, 0
96861.5, 135052, 0
195470, 71418, 0
204964, 69143.7, 0
330738, 89649.7, 0
129676, 178811, 0
103004, 137748, 0
251255, 195479, 0
34918.7, 142409, 0
174615, 90791.6, 0
37485.6, 222522, 0
56798.9, 59120.3, 0
32949.1, 88923.3, 0
125694, 197467, 0
164929, 120366, 0
115502, 163401, 0
212319, 156557, 0
231546, 166015, 0
171741, 220272, 0
216507, 171229, 0
74707.5, 167857, 0
151938, 29723.7, 0
155682, 197791, 0
165231, 79001.6, 0
175604, 165366, 0
5086.83, 190624, 0
24414.8, 49563.2, 0
111092, 158907, 0
111419, 123810, 0
107871, 47888.7, 0
228802, 120820, 0
95784.5, 81500.1, 0
81308.4, 75902.4, 0
57863.9, 179031, 0
173482, 33176.8, 0
105720, 128924, 0
77476.3, 48004.1, 0
87170.6, 124987, 0
106102, 192434, 0
133839, 85565.1, 0
170572, 130518, 0
232950, 117959, 0
40975.9, 103165, 0
150734, 213862, 0
24119, 94255.2, 0
166271, 99783.4, 0
72512.9, 45397.9, 0
67684.4, 132675, 0
150729, 70384.7, 0
354991, 57816.1, 0
69671.2, 101083, 0
49702.6, 82806.1, 0
153183, 172750, 0
111658, 35233.7, 0
48648.8, 113676, 0
207693, 141058, 0
55882.5, 49079.6, 0
63647.1, 134097, 0
140262, 165679, 0
111794, 68618.7, 0
83414.3, 81743.6, 0
166629, 56174.1, 0
165112, 79101.5, 0
78187.9, 140746, 0
198218, 162516, 0
130997, 97577.5, 0
37023.1, 280640, 0
47520.3, 225518, 0
216077, 166736, 0
57477.3, 124148, 0
104109, 293085, 0
70246.4, 182787, 0
84844.4, 112572, 0
138723, 207766, 0
70824.8, 170139, 0
76868.6, 181571, 0
73263.6, 126673, 0
235179, 60636.6, 0
87084, 68913, 0
79383.6, 163991, 0
58965.1, 378962, 0
146454, 40786.4, 0
152992, 158621, 0
134582, 59833.8, 0
118555, 60233.9, 0
14402.3, 22972.1, 0
158762, 180294, 0
112909, 86816.2, 0
190051, 108330, 0
91834.6, 68394, 0
138805, 77563.7, 0
199101, 141766, 0
146838, 96628.6, 0
139062, 62269.8, 0
119734, 144514, 0
86112.4, 148143, 0
122600, 146133, 0
130309, 85613.4, 0
123372, 69697.9, 0
97753.4, 180261, 0
84862.6, 88044.4, 0
47755.2, 221882, 0
181286, 61856.7, 0
71276.8, 235681, 0
94870, 202142, 0
197341, 107565, 0
108783, 92890.8, 0
142196, 97827.5, 0
165524, 66539.2, 0
100803, 178110, 0
255222, 92936.1, 0
70002.4, 139756, 0
126188, 123928, 0
135286, 166763, 0
119740, 38669.6, 0
83238.3, 95909.6, 0
151572, 75311.7, 0
184840, 260232, 0
130000, 191277, 0
144061, 161214, 0
93816.8, 131297, 0
130660, 168102, 0
139919, 121958, 0
161334, 279182, 0
51279.3, 96106.3, 0
216589, 180575, 0
42343.1, 85712.7, 0
54927.4, 162878, 0
110027, 84423.9, 0
85877.3, 209156, 0
156615, 84466.1, 0
38178.9, 188005, 0
107314, 139011, 0
141026, 94998.3, 0
27726.7, 121076, 0
122846, 23797.9, 0
62328.2, 213052, 0
217152, 13657.2, 0
285602, 162932, 0
38647.4, 163435, 0
82947.7, 46009.7, 0
315512, 211542, 0
156779, 53733.2, 0
31006.7, 254035, 0
198979, 100801, 0
77842.1, 195914, 0
80266.4, 43119.7, 0
68011.6, 290563, 0
111016, 80014.7, 0
199899, 126264, 0
111671, 117625, 0
66324.8, 91484.2, 0
57988.5, 104334, 0
151881, 128834, 0
141877, 33571.9, 0
169727, 142143, 0
64009.4, 248529, 0
123942, 111781, 0
56818.4, 289642, 0
74743.3, 141374, 0
83843.9, 169526, 0
59435.8, 111145, 0
42820.5, 52175.4, 0
172876, 98124.1, 0
96705.6, 56283.4, 0
94358.2, 151076, 0
130367, 76082.1, 0
111878, 166014, 0
133641, 239659, 0
143719, 44999.1, 0
27259.4, 181772, 0
166588, 198148, 0
182077, 128090, 0
100423, 148715, 0
73527.1, 91880.6, 0
42102.6, 203341, 0
124729, 182015, 0
41252.1, 185596, 0
156786, 14945.1, 0
116718, 99758.9, 0
81360.8, 139434, 0
34463.7, 72329.2, 0
73065.6, 149320, 0
222770, 69578.8, 0
202744, 94927, 0
74838.8, 50593, 0
77788.6, 111401, 0
143726, 113178, 0
84688.1, 66782.8, 0
137895, 291790, 0
189374, 147090, 0
166452, 92257.2, 0
37755.8, 86132.1, 0
102327, 250229, 0
184804, 46438.3, 0
66589.3, 104503, 0
279890, 56028.2, 0
39723.9, 44250.5, 0
113779, 130615, 0
210570, 176742, 0
13636.8, 231014, 0
152149, 105167, 0
135504, 217036, 0
112451, 149563, 0
89093, 171513, 0
110201, 21094, 0
127961, 93420.7, 0
191797, 202664, 0
131110, 103968, 0
181860, 134148, 0
210492, 163724, 0
119608, 122038, 0
58453.8, 98121.7, 0
193704, 207278, 0
83908.4, 21168.4, 0
130064, 127453, 0
242506, 157827, 0
147710, 217398, 0
120364, 122963, 0
118833, 165130, 0
44797.9, 136705, 0
217623, 49545.3, 0
14460.7, 177013, 0
262723, 22928.1, 0
80217.8, 123720, 0
68401.7, 151260, 0
166892, 101252, 0
114335, 326199, 0
131389, 112132, 0
41663.1, 140495, 0
108635, 210340, 0
160246, 64895.8, 0
54827.5, 47428.7, 0
269951, 162248, 0
171667, 182467, 0
117217, 114563, 0
180152, 30163.1, 0
46825.6, 32101.9, 0
124928, 147098, 0
259414, 92285.2, 0
101193, 44290.4, 0
170539, 97794.6, 0
35007.4, 102014, 0
123724, 15952.7, 0
32060.3, 140002, 0
154845, 58069.8, 0
191810, 218003, 0
129024, 112009, 0
83791.8, 89253.8, 0
137802, 65544.9, 0
191472, 31923.7, 0
127978, 166066, 0
81928.1, 207213, 0
86755.4, 204457, 0
91240.7, 43051.6, 0
88747.5, 212186, 0
108496, 158110, 0
109751, 156374, 0
59675.2, 201599, 0
165938, 146528, 0
119707, 198095, 0
205249, 124591, 0
22032.4, 121165, 0
119891, 162336, 0
107324, 65725.1, 0
136791, 21719.8, 0
75508.2, 301152, 0
108842, 31982.6, 0
134522, 173205, 0
76910.6, 160034, 0
165142, 125849, 0
52807, 183597, 0
190871, 84901.4, 0
191797, 211542, 0
181822, 98636.8, 0
50556.3, 262128, 0
158472, 193902, 0
105274, 244012, 0
151027, 199413, 0
104423, 128845, 0
70693.3, 37863.3, 0
231712, 37265.8, 0
86666.8, 94814.7, 0
220276, 165664, 0
120230, 57901.4, 0
119471, 140857, 0
73472.7, 148743, 0
45566.4, 27201.9, 0
112983, 102383, 0
53033.4, 54598.2, 0
127958, 88558.3, 0
87114, 259585, 0
187032, 132279, 0
156977, 90294.8, 0
54593.3, 129072, 0
111773, 253106, 0
134836, 176170, 0
112474, 98127.4, 0
50301.6, 39376.2, 0
93970.2, 156290, 0
119130, 188887, 0
149067, 83332.8, 0
41693.8, 68057.4, 0
169008, 70351.2, 0
55733.7, 131464, 0
104043, 75297.6, 0
185527, 54022, 0
87916.1, 71629.8, 0
86018.7, 160821, 0
58454.4, 316503, 0
138707, 145782, 0
159801, 42255.5, 0
181040, 187924, 0
88760.7, 131292, 0
76644, 98982, 0
146644, 182810, 0
226152, 101482, 0
210366, 2992.74, 0
134026, 75683.3, 0
112545, 120617, 0
143129, 106350, 0
46556.5, 113119, 0
48996.6, 102987, 0
22780.6, 166598, 0
221247, 280562, 0
197272, 78101.3, 0
221675, 138954, 0
87410.4, 211587, 0
45057.3, 93731.9, 0
97385, 75277.4, 0
219528, 85171.5, 0
128571, 229838, 0
105686, 164957, 0
202384, 309032, 0
93224.4, 140355, 0
162695, 23757.1, 0
160979, 164481, 0
127588, 40501.9, 0
255686, 61145.3, 0
31408, 34435.9, 0
315512, 3420.56, 0
221619, 104894, 0
37396.6, 94974.3, 0
63225.3, 223424, 0
215798, 134841, 0
129463, 126521, 0
99364.4, 26851.9, 0
175557, 196620, 0
117821, 133123, 0
158438, 97751.7, 0
233992, 101371, 0
255966, 107694, 0
100084, 111269, 0
213926, 309289, 0
110960, 84419.6, 0
261690, 175477, 0
98545.5, 163868, 0
148641, 158539, 0
155207, 207163, 0
101768, 172181, 0
53195.6, 150733, 0
177934, 32730.9, 0
59392.1, 70225.4, 0
86251.1, 175608, 0
167711, 61960.4, 0
136521, 144071, 0
57251.7, 67204.2, 0
68881.9, 236171, 0
116631, 114458, 0
23003.5, 42108.9, 0
217757, 160454, 0
115432, 264519, 0
221269, 69152.1, 0
176188, 67775.6, 0
253757, 54411.4, 0
206975, 33214.6, 0
44839, 216584, 0
152564, 241175, 0
120297, 72562.6, 0
26343.8, 107134, 0
186913, 224426, 0
153500, 192875, 0
107799, 274059, 0
68286.4, 98194.8, 0
38636.9, 54335, 0
94289.7, 149316, 0
72879, 103448, 0
145183, 73032.8, 0
230078, 115720, 0
135984, 276974, 0
73995.3, 51819.8, 0
65618.9, 70734.2, 0
184432, 211621, 0
100262, 167700, 0
71520.8, 143271, 0
22236.3, 21149, 0
59889.9, 73266.4, 0
194545, 157165, 0
42468.1, 139033, 0
214071, 129254, 0
94967.8, 141926, 0
143736, 24761.5, 0
268194, 59002.1, 0
149245, 209575, 0
21398, 166289, 0
174494, 30728.4, 0
57235.1, 115633, 0
22770.2, 41110, 0
115997, 26572.1, 0
205539, 94910.8, 0
102090, 118288, 0
321089, 42409.8, 0
226415, 12885.8, 0
248988, 269495, 0
50773.8, 90129.9, 0
141005, 220371, 0
17170.1, 220984, 0
109322, 156729, 0
104701, 197032, 0
117634, 104890, 0
167110, 232877, 0
38451.7, 107914, 0
115839, 219466, 0
50895.5, 99258.7, 0
171510, 22826.1, 0
222805, 35634.9, 0
49725.6, 82161.6, 0
171966, 54412.9, 0
100236, 83223.3, 0
92680.3, 110389, 0
104141, 216363, 0
63468.3, 193891, 0
262860, 133131, 0
77320.4, 45745.7, 0
164619, 201543, 0
90498.7, 132358, 0
109159, 157462, 0
221166, 9476.17, 0
128997, 32184.3, 0
105624, 53139.7, 0
44420, 175542, 0
94881.8, 99579.7, 0
94504, 50361, 0
125147, 103471, 0
42793, 133954, 0
103089, 120084, 0
50881.2, 300597, 0
135734, 139257, 0
74408.6, 174743, 0
108439, 150512, 0
161765, 123085, 0
304510, 158906, 0
82681.2, 238840, 0
35534.6, 59031.9, 0
175220, 78680.4, 0
203206, 182038, 0
136458, 109512, 0
78455, 166239, 0
78755.9, 105107, 0
231689, 82280.3, 0
127355, 104370, 0
58510.5, 184818, 0
52607, 58322.4, 0
47013.1, 215318, 0
308411, 171943, 0
284757, 47282.8, 0
145288, 81431.8, 0
192898, 87791.4, 0
206951, 99606.8, 0
58227.5, 62271.3, 0
39044.6, 108339, 0
52230.5, 68469.6, 0
118632, 147358, 0
122917, 169337, 0
71401.1, 122743, 0
129331, 161309, 0
141762, 91027.1, 0
107014, 177511, 0
127796, 87893.2, 0
31050.9, 116714, 0
183369, 101278, 0
113493, 237135, 0
100638, 94749.3, 0
193139, 95651.3, 0
135406, 15802.6, 0
90905.8, 106834, 0
4618.84, 176806, 0
168162, 36869.8, 0
291003, 230726, 0
115453, 52918.9, 0
55892.8, 35699.7, 0
55586.9, 246167, 0
208943, 186117, 0
140759, 33962.1, 0
253053, 119845, 0
38936.2, 154584, 0
72257.1, 75246.7, 0
160061, 59134.1, 0
55466.9, 121479, 0
174215, 158699, 0
206502, 85225.5, 0
120796, 35062.1, 0
105337, 87038.8, 0
119230, 37619.5, 0
97006.9, 141056, 0
196125, 126169, 0
39639.6, 76695.5, 0
226341, 32356, 0
54419.1, 42285.5, 0
47535.9, 78911.6, 0
181061, 129361, 0
65514.1, 47277.4, 0
154007, 69908.2, 0
156911, 39445.4, 0
162555, 77369.7, 0
157652, 269510, 0
270649, 81636.9, 0
80576.7, 226896, 0
167439, 139464, 0
251267, 202563, 0
81658, 79321.4, 0
117411, 133733, 0
46404, 112541, 0
117424, 141161, 0
72735.5, 96220.4, 0
51196.8, 181051, 0
64731.2, 299515, 0
79437.7, 86837.8, 0
248209, 229658, 0
95512.7, 162186, 0
57764.7, 208952, 0
108906, 129801, 0
225256, 109358, 0
57235.9, 161826, 0
85713.9, 98051.5, 0
68338, 84357.5, 0
153413, 232132, 0
108767, 65970.4, 0
91641.5, 133811, 0
120421, 77000.6, 0
87428.2, 126837, 0
147369, 110646, 0
22592, 121906, 0
32719.4, 24691.1, 0
33923.6, 253802, 0
70607.7, 79065.9, 0
163527, 165879, 0
98180.8, 213154, 0
28821.7, 103474, 0
46414.1, 133548, 0
100014, 140381, 0
56008.2, 99865, 0
141372, 50526.6, 0
81990.8, 68274.8, 0
142473, 183518, 0
125546, 228123, 0
49384.5, 127870, 0
155418, 113274, 0
78691.8, 160151, 0
94328.5, 82665.5, 0
78953.3, 120932, 0
109197, 93795.6, 0
69147.6, 59307.6, 0
94406.2, 115730, 0
32334.3, 102812, 0
102715, 106711, 0
45742.4, 186389, 0
111483, 95556.5, 0
133300, 96191.7, 0
178905, 93066.1, 0
156452, 72521.4, 0
131105, 53480, 0
157545, 200288, 0
130753, 199675, 0
253031, 163122, 0
94555.3, 177741, 0
40765.1, 60642, 0
115685, 13238.6, 0
173958, 187982, 0
144778, 83454.6, 0
72163, 101089, 0
143819, 181231, 0
27029, 137929, 0
70346.7, 115122, 0
55207.8, 77755.5, 0
114923, 170170, 0
275828, 204776, 0
51358.3, 157334, 0
342199, 52339.1, 0
157227, 108742, 0
123877, 119552, 0
92171.7, 146427, 0
121616, 101790, 0
163205, 139945, 0
167741, 163775, 0
61711.1, 168691, 0
86245.1, 112965, 0
50902.7, 62611.7, 0
76592.4, 111237, 0
135134, 54928.3, 0
63359.9, 168113, 0
121659, 212151, 0
80963.6, 150888, 0
122174, 136842, 0
91766.3, 53320, 0
75941.8, 136244, 0
146988, 68615.5, 0
116863, 191658, 0
139220, 86362.5, 0
255041, 356995, 0
61507.5, 113562, 0
106270, 127661, 0
131191, 73632.4, 0
68836.8, 24474.4, 0
121006, 90738.8, 0
41439.3, 90074.2, 0
137644, 112916, 0
90866.8, 158513, 0
232997, 15023.6, 0
105306, 185981, 0
91883.7, 88924.6, 0
129532, 149077, 0
90604.9, 48418.6, 0
39450.8, 35295.4, 0
162389, 114296, 0
104378, 173341, 0
71968.4, 88431.9, 0
125253, 85036.7, 0
81237.1, 118522, 0
89601.5, 35642, 0
172045, 132302, 0
206044, 228774, 0
30810.5, 132694, 0
66794.2, 206125, 0
98087.8, 157443, 0
98045.8, 194039, 0
112035, 95238.4, 0
30119.3, 142053, 0
103447, 112156, 0
95562.9, 13939.7, 0
115866, 143325, 0
134025, 92771.8, 0
102371, 129106, 0
167549, 159091, 0
112425, 125631, 0
44303.1, 59487.5, 0
41821.3, 184565, 0
300258, 210617, 0
52927.1, 55176.9, 0
143947, 211587, 0
90289.4, 130585, 0
70318, 98096.1, 0
135336, 86162.4, 0
236678, 132071, 0
130716, 228347, 0
66301.4, 64196.7, 0
91057.6, 29206.1, 0
77959.9, 148363, 0
85116.3, 99734.6, 0
178985, 127545, 0
239631, 65232.5, 0
224608, 167092, 0
125000, 104357, 0
69788.3, 63735, 0
103770, 127792, 0
149483, 133212, 0
41949, 97863.3, 0
25969.9, 148282, 0
154544, 125915, 0
110514, 206455, 0
111298, 66170.5, 0
69480.9, 43800.4, 0
191016, 147358, 0
109428, 127783, 0
65208.1, 26826.5, 0
137721, 79508.9, 0
96519.2, 55246.2, 0
217993, 54159, 0
126739, 60251.6, 0
145595, 109725, 0
110929, 116275, 0
156460, 173031, 0
251238, 108384, 0
227501, 94972.3, 0
64084.5, 228159, 0
112921, 112970, 0
141447, 108983, 0
115151, 235856, 0
138745, 161121, 0
84009.2, 250340, 0
72492.4, 148347, 0
58431.5, 177205, 0
165181, 73743.6, 0
77573.1, 76675.9, 0
26031.6, 69806, 0
101913, 61292.5, 0
95830.3, 50481.4, 0
155503, 216677, 0
37062.2, 78051.5, 0
29378, 171757, 0
150993, 320972, 0
64694.3, 78669, 0
119046, 233681, 0
107413, 37727.1, 0
65276.5, 192071, 0
103088, 181588, 0
78633.1, 174645, 0
85985.8, 108722, 0
120221, 65466, 0
201262, 175532, 0
194077, 64168.2, 0
175297, 273069, 0
167221, 78175.9, 0
142696, 110776, 0
92237.3, 190344, 0
48980.9, 156348, 0
92701.1, 88027.4, 0
146286, 324675, 0
119690, 75431.7, 0
108079, 74479.4, 0
168144, 69722, 0
27336.2, 173244, 0
116623, 23113.7, 0
82061.1, 135421, 0
76285.4, 100640, 0
157160, 135414, 0
141837, 93648.1, 0
202693, 29957.7, 0
33962.7, 117979, 0
118681, 37365.6, 0
114037, 59817.7, 0
18671.8, 75397.4, 0
84168.1, 227177, 0
88255.1, 113440, 0
105307, 59632.5, 0
104417, 29095.6, 0
160066, 263817, 0
193400, 138438, 0
191797, 88487.7, 0
71269.6, 170759, 0
21424.2, 115355, 0
173995, 137145, 0
75096.5, 116230, 0
146285, 81936.5, 0
119605, 105185, 0
60720.4, 134540, 0
82787.6, 67690.9, 0
229593, 64440.1, 0
183707, 75066.3, 0
157227, 91071.6, 0
100760, 217155, 0
59770, 114675, 0
120720, 126768, 0
128330, 236091, 0
45959, 135768, 0
88587.6, 100749, 0
63337.7, 137543, 0
72292.8, 83190.2, 0
99589.4, 274088, 0
211244, 143371, 0
6928.72, 307093, 0
318870, 3942.37, 0
78006.9, 205085, 0
138953, 53444.8, 0
140539, 74254.2, 0
31054.6, 207374, 0
144965, 127281, 0
74939.3, 197034, 0
47911.3, 37133.3, 0
89441.7, 7841.45, 0
70976.2, 221505, 0
32026.7, 149843, 0
63211.1, 126494, 0
89556.6, 148454, 0
85299.7, 80301.7, 0
133514, 148563, 0
183047, 83241.3, 0
204283, 169582, 0
126058, 23569.4, 0
113109, 111929, 0
43785.4, 36203.5, 0
4880.23, 140719, 0
160559, 239604, 0
135589, 167783, 0
79013.8, 74867.2, 0
21368.1, 132498, 0
111925, 82993.9, 0
202015, 139699, 0
172949, 106279, 0
63875.5, 193899, 0
63507.3, 148562, 0
135208, 32838.5, 0
136310, 143268, 0
160260, 231068, 0
19375.7, 103941, 0
112292, 100403, 0
146266, 39450.1, 0
83487.9, 65307.8, 0
233356, 111186, 0
165802, 117087, 0
128476, 142252, 0
87952, 37787.9, 0
74632.9, 151812, 0
183613, 24961.8, 0
49969.4, 145791, 0
315512, 109622, 0
86004.7, 90400.3, 0
13274.3, 45006.2, 0
38153.9, 112027, 0
138228, 268153, 0
176147, 62134.3, 0
126926, 115415, 0
183281, 39938.7, 0
67696.9, 60518.2, 0
140138, 96575.6, 0
45304.3, 243595, 0
126938, 164115, 0
109187, 193513, 0
220535, 28722.5, 0
258662, 103926, 0
33204.4, 197865, 0
107762, 35752.4, 0
88507.1, 290374, 0
26616.5, 37854.6, 0
168238, 34695.4, 0
65800.6, 124873, 0
82582.1, 158482, 0
161957, 293890, 0
129525, 58855.9, 0
104999, 85134.1, 0
290846, 113411, 0
151992, 149376, 0
90030.7, 207942, 0
121367, 155240, 0
230838, 100868, 0
22109.5, 122202, 0
197293, 175492, 0
142809, 84009.2, 0
230233, 105701, 0
256523, 129328, 0
86797.4, 51225.6, 0
280415, 165884, 0
137928, 155840, 0
81241.7, 59036.3, 0
128799, 79712.7, 0
131594, 53733.7, 0
241899, 61128.3, 0
144609, 186058, 0
243306, 128522, 0
159190, 177689, 0
370281, 88164.4, 0
161300, 188047, 0
122229, 190420, 0
123244, 440.963, 0
103453, 115211, 0
178833, 142520, 0
151060, 182656, 0
65868.7, 95015.6, 0
22534.3, 52244.5, 0
192549, 148805, 0
132979, 284655, 0
68126.1, 250878, 0
87055, 106131, 0
193496, 331080, 0
210642, 40522.1, 0
207086, 47936.5, 0
103401, 216685, 0
185712, 211935, 0
81947, 189150, 0
218586, 241140, 0
151606, 173979, 0
199261, 24527.8, 0
126363, 202664, 0
95113.1, 124826, 0
120420, 235573, 0
49743.8, 115420, 0
153557, 112479, 0
93217.9, 201536, 0
72810.5, 44195.8, 0
115231, 20044, 0
160008, 88788.4, 0
102405, 139167, 0
159519, 25559.1, 0
101955, 63259.9, 0
90786.7, 104022, 0
51119.9, 120255, 0
72817.7, 71734.9, 0
147905, 101807, 0
65660.9, 197316, 0
137503, 45247.6, 0
38491.3, 45582.4, 0
68383.2, 63525.6, 0
216063, 100384, 0
129809, 120592, 0
101058, 242974, 0
78543, 87570.7, 0
126456, 132144, 0
59865.4, 199208, 0
163150, 33849.8, 0
84892.2, 186063, 0
382454, 180520, 0
215874, 98376.6, 0
108360, 31675.7, 0
98810.6, 144971, 0
135427, 104707, 0
162526, 132259, 0
232144, 55909.4, 0
94054.6, 159923, 0
79644.2, 102558, 0
166658, 230513, 0
169246, 115736, 0
158461, 73698.7, 0
141069, 86036.8, 0
181093, 202038, 0
167285, 106352, 0
156120, 180856, 0
73305.9, 140376, 0
136358, 278602, 0
102770, 171796, 0
190335, 190599, 0
110559, 59499.4, 0
210180, 95662.4, 0
96857.3, 125428, 0
72702.6, 133254, 0
274215, 161217, 0
157424, 104320, 0
214036, 97046.3, 0
56450.6, 29276.3, 0
45219.6, 170869, 0
39951.1, 44064.5, 0
166489, 85066.2, 0
181336, 218424, 0
177230, 277937, 0
158102, 134631, 0
125748, 152158, 0
199951, 48826.5, 0
156897, 348506, 0
264028, 8872.58, 0
47796.4, 233141, 0
315512, 211542, 0
155470, 151230, 0
84225.3, 135699, 0
210356, 115814, 0
201061, 109759, 0
101929, 149489, 0
92047.4, 170776, 0
289011, 127200, 0
125902, 40097.8, 0
175787, 143235, 0
184992, 29365.9, 0
11575.3, 134302, 0
89412.5, 131224, 0
74895.4, 119752, 0
77484.6, 220166, 0
67690.2, 170235, 0
209409, 227584, 0
78839.9, 92591.9, 0
123642, 121198, 0
128281, 149865, 0
227501, 89649, 0
7664.01, 54340.1, 0
95790.6, 193080, 0
89543.1, 53847.9, 0
130500, 143619, 0
60952.2, 104538, 0
84221.7, 88200.7, 0
238861, 204785, 0
144108, 259620, 0
274254, 160091, 0
48283.4, 103613, 0
155872, 50812.8, 0
109361, 140125, 0
158842, 123479, 0
80015.4, 72941.3, 0
99093.1, 262347, 0
115805, 41097.4, 0
110002, 68832.9, 0
38419.3, 126311, 0
146113, 154217, 0
108627, 40817.4, 0
98537.2, 80042.6, 0
158841, 212195, 0
83608.7, 65749.5, 0
96998.8, 132925, 0
99744.5, 26902.2, 0
134605, 72663.9, 0
136138, 146932, 0
178692, 136597, 0
109013, 172054, 0
272825, 31919.3, 0
188444, 82545.4, 0
90953.7, 76697.8, 0
121072, 123716, 0
264278, 100656, 0
61453.4, 33725.6, 0
59402.3, 43803, 0
34895.2, 41932.4, 0
114584, 183540, 0
48956.6, 153072, 0
61390.4, 136486, 0
220270, 131059, 0
51581.2, 100068, 0
111367, 111631, 0
169817, 44091.3, 0
131682, 63055.5, 0
85235.5, 36365.8, 0
191797, 88487.7, 0
71269.6, 38492.9, 0
43044.1, 23808, 0
52136.3, 101097, 0
157030, 42202.5, 0
122869, 125066, 0
245431, 189088, 0
238667, 174204, 0
64317.2, 43319.6, 0
102511, 100127, 0
148807, 89261.1, 0
108222, 262819, 0
186357, 177570, 0
44428.8, 299120, 0
41623.6, 28761.4, 0
115058, 225703, 0
37184.3, 234433, 0
189561, 65070.2, 0
225474, 38774.9, 0
262898, 85224.8, 0
133826, 188026, 0
204307, 29685.7, 0
25943.8, 189302, 0
204812, 21708.4, 0
107764, 265218, 0
69047.2, 80072.6, 0
62330.6, 208119, 0
183298, 105000, 0
138978, 98972, 0
67966.2, 142210, 0
41355.8, 125341, 0
121501, 138346, 0
218056, 90183.5, 0
30988.6, 227087, 0
137736, 195301, 0
98621.2, 148455, 0
101505, 24118.5, 0
157518, 214378, 0
83128.1, 209538, 0
136329, 154320, 0
70550.7, 123121, 0
79137.1, 186259, 0
69840.6, 175805, 0
89109.1, 51397.4, 0
38658.4, 213114, 0
128609, 118692, 0
199493, 80567.6, 0
130803, 43542, 0
151120, 130630, 0
134044, 11704.6, 0
30138.6, 65794.8, 0
63180.5, 116890, 0
186601, 44685.8, 0
82122.6, 28512.1, 0
160963, 65413, 0
109439, 48447.4, 0
102625, 29934.8, 0
218517, 79062.9, 0
98161.4, 117944, 0
16403.4, 97044.3, 0
69004.6, 179765, 0
312346, 83273.3, 0
237526, 117657, 0
177210, 106988, 0
84165.1, 43758.1, 0
157512, 90596.5, 0
143863, 63331.2, 0
64782.1, 136244, 0
213312, 182862, 0
92525.4, 158545, 0
41292.5, 243668, 0
53292.6, 77045.5, 0
152088, 244784, 0
108778, 154455, 0
161667, 73692.2, 0
4727.72, 140918, 0
139445, 193523, 0
233584, 148738, 0
143459, 31412.6, 0
117009, 18301.7, 0
197209, 81103.6, 0
177448, 28728, 0
160653, 38384.9, 0
108985, 96217.4, 0
100183, 318956, 0
138404, 133995, 0
40533.4, 122011, 0
103657, 182076, 0
55656.5, 156208, 0
28562.5, 198515, 0
64909, 131565, 0
78224.8, 32880.4, 0
165294, 58912.2, 0
145408, 372042, 0
151878, 114222, 0
81885.9, 188188, 0
240783, 103108, 0
136608, 219621, 0
152029, 20061.8, 0
104096, 185794, 0
52740.6, 67897.3, 0
70395.8, 139717, 0
200279, 203566, 0
160264, 200516, 0
105998, 136061, 0
134394, 142272, 0
61252.9, 217142, 0
175023, 108578, 0
62577.6, 122291, 0
137285, 62372.8, 0
175847, 209371, 0
145417, 219006, 0
120736, 109872, 0
77107.8, 63011, 0
108904, 237991, 0
178854, 66441.8, 0
126083, 141818, 0
209789, 86276.8, 0
135602, 120758, 0
55691.2, 46287, 0
183709, 44966.8, 0
155018, 85463.1, 0
199018, 56868.5, 0
45970.7, 130160, 0
130809, 63874.7, 0
74968.1, 50776.1, 0
65812.9, 131493, 0
143048, 200711, 0
34794, 87966.1, 0
73523.3, 31868.9, 0
70406.2, 155375, 0
66636.5, 204785, 0
210748, 194367, 0
39839.3, 95925.8, 0
75941.8, 202506, 0
187698, 161904, 0
110328, 144177, 0
24309.1, 70333.1, 0
99042.4, 90280.3, 0
194751, 108514, 0
162987, 28397.1, 0
187577, 69116.6, 0
171737, 80764.9, 0
25009.2, 105106, 0
121927, 172290, 0
124329, 131548, 0
136645, 31136.7, 0
68035.4, 108590, 0
171312, 112287, 0
56337, 220637, 0
48339.5, 58156.2, 0
55400.2, 24792.5, 0
77934.2, 97118.3, 0
41011.1, 155710, 0
157082, 42986.8, 0
180322, 187343, 0
90588.7, 18433.1, 0
76091, 204248, 0
138906, 36983.3, 0
140961, 160814, 0
132194, 47046.8, 0
111157, 60110.8, 0
42243.7, 44509.6, 0
156291, 98776, 0
117150, 105097, 0
69111, 74938.3, 0
67552.4, 272655, 0
207683, 98758.3, 0
156370, 26912.2, 0
20735.4, 64626.2, 0
59319.4, 30286.3, 0
44403, 288747, 0
153407, 241374, 0
79655.6, 128229, 0
147826, 128279, 0
264503, 53850.8, 0
74605.7, 173431, 0
11505.8, 126852, 0
181755, 149147, 0
70244.8, 128173, 0
125529, 131337, 0
261176, 57434.7, 0
133921, 32134.7, 0
172545, 131870, 0
54508.3, 51891.1, 0
101661, 55028.7, 0
89121.3, 152078, 0
260343, 114226, 0
170617, 178429, 0
203650, 67012.1, 0
95931.4, 95078, 0
179976, 213292, 0
128105, 35136, 0
153740, 121869, 0
148121, 84075.5, 0
90936.3, 31770.3, 0
24500.8, 150124, 0
147279, 119315, 0
123179, 99355.1, 0
95709, 188935, 0
268063, 83438.1, 0
119808, 202664, 0
28929, 118629, 0
95861.6, 80419.8, 0
83475.9, 167394, 0
218517, 193728, 0
110564, 20217.7, 0
64455.3, 56414.9, 0
30125.8, 86783.1, 0
247380, 168829, 0
167683, 154377, 0
48830.8, 208578, 0
187038, 109215, 0
113671, 103622, 0
69027.6, 195253, 0
137480, 132962, 0
53934.7, 181686, 0
116685, 176209, 0
179623, 191917, 0
90729.8, 88941.4, 0
108682, 46295.4, 0
42639, 44280.6, 0
225334, 226833, 0
140895, 57164.7, 0
49455.4, 86626.2, 0
34220.6, 69428.1, 0
70542.3, 111578, 0
141289, 75913.7, 0
65550.5, 105150, 0
56587, 170336, 0
82920.9, 141570, 0
129882, 119969, 0
94292.4, 87952.5, 0
64609.2, 234388, 0
127294, 88007.6, 0
53850.9, 184102, 0
58159.8, 113414, 0
116148, 65304.2, 0
90944.2, 45585.9, 0
102980, 60521.3, 0
75144.4, 165216, 0
165742, 81120.4, 0
90628.3, 162658, 0
154076, 132872, 0
151086, 92144.3, 0
214880, 178873, 0
204049, 23991, 0
89091.6, 176574, 0
177826, 221221, 0
40131.3, 146610, 0
154170, 126315, 0
96050.8, 77527.9, 0
126991, 281008, 0
239128, 95114.2, 0
76780.9, 89323.3, 0
93020.2, 79939.4, 0
89002.6, 200465, 0
132214, 98630.7, 0
160209, 109961, 0
56231, 139358, 0
138399, 100318, 0
51564, 174022, 0
150473, 133793, 0
114503, 162501, 0
100149, 73239.8, 0
216356, 165318, 0
101868, 56317.4, 0
120326, 34232.6, 0
54652.1, 295464, 0
207543, 102784, 0
241273, 48513, 0
144904, 308008, 0
74585.4, 236696, 0
178742, 36597.1, 0
33040.1, 136396, 0
139019, 259747, 0
78302.7, 17554.9, 0
289791, 194082, 0
30775.8, 64563.7, 0
129420, 109254, 0
83045.9, 138257, 0
368318, 103436, 0
227061, 153846, 0
147243, 54963.8, 0
121195, 75262.7, 0
34472.8, 121560, 0
82611.8, 138650, 0
199895, 77759.2, 0
18289, 88849.4, 0
28288.3, 125679, 0
86931.8, 121420, 0
151281, 180282, 0
182522, 126611, 0
145062, 133772, 0
97599.4, 106960, 0
93389.9, 123353, 0
220539, 149116, 0
191075, 63148.9, 0
81371.4, 61606.5, 0
68603.9, 94331.4, 0
43496.2, 121329, 0
22484, 49483.7, 0
36361.1, 200639, 0
28975.4, 184145, 0
96903.8, 142738, 0
70611.4, 150107, 0
119654, 85996.8, 0
194158, 51840, 0
214251, 121062, 0
116879, 53064.1, 0
125098, 111493, 0
54971.9, 105025, 0
182078, 193260, 0
52461.5, 129194, 0
253794, 257633, 0
19170.3, 214180, 0
96947.6, 180076, 0
37812.6, 98857.2, 0
31919.1, 98490.4, 0
255300, 152329, 0
200773, 226197, 0
36014.7, 223352, 0
133952, 41766.9, 0
18932, 180827, 0
7045.24, 81772.1, 0
207075, 58333, 0
121050, 79035.7, 0
121938, 137325, 0
41233.1, 111475, 0
148567, 152507, 0
165945, 184552, 0
200760, 84801.6, 0
216244, 139055, 0
75538.9, 61016.7, 0
137837, 79872.1, 0
76024.1, 158521, 0
152574, 64492.3, 0
36792, 211427, 0
247294, 145874, 0
165393, 110279, 0
200956, 184948, 0
110816, 174508, 0
253274, 38813.9, 0
218047, 132022, 0
103073, 86590.9, 0
204437, 82150.2, 0
130447, 47575.7, 0
134354, 132891, 0
117046, 255140, 0
81701.7, 200322, 0
62849.8, 147475, 0
83425.8, 159367, 0
35499.3, 48701.3, 0
87892.1, 57319.4, 0
151893, 112414, 0
66343.4, 149430, 0
58297.6, 121669, 0
127679, 27653, 0
65640.8, 158933, 0
115496, 112059, 0
86384, 134660, 0
178829, 131524, 0
122897, 61969, 0
125029, 128842, 0
137668, 188636, 0
197737, 172009, 0
93061.3, 61060.9, 0
70332.3, 209349, 0
94805.2, 50722.4, 0
278668, 31431.9, 0
88942.8, 140926, 0
232799, 7816.72, 0
165780, 170980, 0
113325, 101796, 0
115541, 181837, 0
108774, 79774.8, 0
53049.8, 109124, 0
199259, 76555, 0
139121, 128655, 0
94423.5, 78671.1, 0
178876, 278649, 0
63511.7, 44680, 0
7890.87, 48383.4, 0
113658, 248705, 0
93684.1, 173506, 0
131288, 197082, 0
160923, 123479, 0
116149, 94255.7, 0
164150, 110015, 0
22000.6, 122173, 0
79555.5, 139788, 0
111658, 104049, 0
229974, 90954.7, 0
48932.1, 31500.8, 0
66530.5, 203146, 0
243551, 205150, 0
81605.5, 89722.1, 0
151313, 105864, 0
87062.1, 110833, 0
141459, 99062.7, 0
136838, 110825, 0
191797, 211542, 0
62950.3, 219695, 0
205193, 35788, 0
86348.2, 165366, 0
141422, 63570.3, 0
25168.3, 102995, 0
193846, 75685.6, 0
137574, 199487, 0
117166, 111245, 0
119836, 184326, 0
157460, 97525.7, 0
40863.3, 271443, 0
45914.5, 55786.5, 0
51007.7, 164310, 0
95258.6, 70285.6, 0
130154, 178254, 0
183761, 228418, 0
65163.7, 49831, 0
176273, 211713, 0
133641, 62754.6, 0
161745, 125800, 0
138340, 167622, 0
267438, 52240.9, 0
74174.4, 75573.3, 0
64388.5, 106150, 0
57616.9, 223613, 0
219861, 94275.1, 0
80161.3, 155110, 0
239809, 184417, 0
73191.8, 129352, 0
119978, 79893.3, 0
31797.2, 214733, 0
174676, 133554, 0
318150, 89227.4, 0
156728, 123403, 0
75038.2, 208599, 0
275618, 109030, 0
165164, 262945, 0
96754.1, 74758.4, 0
57290.2, 135520, 0
61806.1, 131497, 0
54618, 167615, 0
154578, 31173.1, 0
130377, 250149, 0
149488, 213070, 0
76636.8, 194248, 0
205169, 110599, 0
152543, 82837.7, 0
127255, 83806.8, 0
105958, 166075, 0
29392.2, 57825.3, 0
52190.1, 174550, 0
65658, 157582, 0
130358, 98926.6, 0
82939.7, 80175.3, 0
149172, 207707, 0
196747, 198825, 0
124400, 136119, 0
40767.1, 104778, 0
143152, 91451.3, 0
112763, 134386, 0
205442, 79153.8, 0
112569, 58043.7, 0
53925.2, 229748, 0
64678.4, 92282.6, 0
147464, 192731, 0
111649, 139646, 0
85848.6, 137055, 0
201058, 78216.6, 0
2597.43, 122120, 0
74660.9, 22260.6, 0
139549, 65380.9, 0
42360.9, 65306.4, 0
130286, 58188.3, 0
91400.3, 107764, 0
224517, 111323, 0
126882, 76821.7, 0
144585, 166825, 0
316060, 298190, 0
220480, 251855, 0
193505, 162089, 0
168756, 86931.8, 0
173025, 94878.6, 0
179005, 65239.6, 0
47674.3, 21762.3, 0
53995.5, 177592, 0
83606.6, 169756, 0
178520, 121689, 0
151891, 268921, 0
120205, 224351, 0
46605.5, 93747.2, 0
112268, 79309.3, 0
78383.5, 202168, 0
282542, 135378, 0
31262.6, 124286, 0
73097.1, 138822, 0
164654, 194033, 0
89648.7, 180099, 0
33484.7, 148947, 0
145778, 154338, 0
88088.4, 175443, 0
149516, 29259.7, 0
187103, 68041.9, 0
19900, 152560, 0
85200.1, 68175.4, 0
102780, 60960.8, 0
166093, 132970, 0
31735.8, 63723.9, 0
78353.9, 90448.3, 0
1841.64, 147104, 0
124687, 56931, 0
50593.8, 103225, 0
104102, 64466.1, 0
78851.7, 310052, 0
156467, 68086.7, 0
126865, 110040, 0
103692, 191571, 0
145490, 145631, 0
104047, 40842.8, 0
203378, 140856, 0
117623, 225117, 0
81262.8, 27339.5, 0
154928, 27916.1, 0
161701, 83383.8, 0
107666, 142953, 0
86663, 63937, 0
83342.9, 196447, 0
106497, 213351, 0
92971.1, 89443.3, 0
231009, 60349.9, 0
145430, 130540, 0
100509, 115798, 0
142665, 202856, 0
119808, 202664, 0
131440, 108594, 0
75297.7, 101389, 0
228570, 195856, 0
89145.8, 185041, 0
96394.3, 171587, 0
236780, 113239, 0
124166, 44949.3, 0
33822.5, 173164, 0
107792, 189854, 0
107123, 44452.7, 0
65483.1, 73843.7, 0
30668.6, 182359, 0
51763.8, 252261, 0
120417, 120854, 0
276752, 152135, 0
63610.8, 40263.3, 0
163848, 157555, 0
16141.7, 81535.5, 0
93822.6, 144718, 0
59543.6, 271254, 0
43408.6, 379647, 0
29800.1, 187821, 0
80102, 237324, 0
186360, 168107, 0
27205.5, 122204, 0
152706, 75319.3, 0
105018, 131756, 0
151105, 191829, 0
181174, 187814, 0
66998.4, 109366, 0
180688, 105232, 0
21055.2, 190708, 0
254788, 299726, 0
92069.3, 106772, 0
248583, 73079.7, 0
160552, 96726.7, 0
158312, 241338, 0
33876.7, 9571.29, 0
90791.9, 147294, 0
184575, 41790.7, 0
34141, 232822, 0
99734.6, 159307, 0
109374, 166433, 0
185287, 156875, 0
4216.06, 111963, 0
50870.2, 84688.9, 0
94746.3, 99997.9, 0
26365.5, 55325.6, 0
51438.8, 12444.2, 0
308617, 107378, 0
139382, 265852, 0
46579.7, 230573, 0
74822.8, 120236, 0
129157, 142887, 0
73822.1, 192241, 0
176682, 90922.1, 0
95366.7, 164101, 0
91378.9, 234663, 0
120196, 176008, 0
118121, 129258, 0
169983, 204195, 0
54383.9, 61181.7, 0
86998.3, 80960.2, 0
96635.6, 42244.6, 0
16523, 259186, 0
188279, 69345.7, 0
