3.16752e+06, 1.12287e+06, 0
5.3353e+06, 815680, 0
1.04716e+07, 4.89199e+06, 0
2.38339e+06, 6.3462e+06, 0
7.66639e+06, 4.76798e+06, 0
9.00579e+06, 3.02939e+06, 0
2.03e+06, 1.28408e+07, 0
3.55465e+06, 4.42863e+06, 0
6.2803e+06, 2.17439e+06, 0
7.56691e+06, 4.85961e+06, 0
5.6334e+06, 1.08198e+07, 0
1.11338e+06, 2.05722e+06, 0
7.56055e+06, 1.05667e+07, 0
6.85307e+06, 674479, 0
6.0702e+06, 9.78843e+06, 0
9.0163e+06, 6.82511e+06, 0
5.70103e+06, 4.81465e+06, 0
4.25754e+06, 1.37012e+06, 0
6.70925e+06, 2.28793e+06, 0
5.96125e+06, 5.22327e+06, 0
7.63896e+06, 4.52077e+06, 0
5.37079e+06, 2.1464e+06, 0
5.62744e+06, 1.25738e+07, 0
1.20228e+06, 2.52441e+06, 0
3.20865e+06, 4.66474e+06, 0
6.34267e+06, 3.99695e+06, 0
1.01806e+06, 1.2041e+07, 0
4.05696e+06, 4.38317e+06, 0
9.6793e+06, 6.42242e+06, 0
2.05939e+06, 7.20555e+06, 0
3.10958e+06, 4.42181e+06, 0
6.37114e+06, 2.00248e+06, 0
1.49304e+06, 1.85299e+06, 0
2.80548e+06, 6.06848e+06, 0
6.86431e+06, 5.46194e+06, 0
2.433e+06, 7.22511e+06, 0
5.40093e+06, 942021, 0
7.13426e+06, 1.31359e+06, 0
2.07421e+06, 6.81263e+06, 0
6.16817e+06, 3.85786e+06, 0
2.00857e+06, 5.17513e+06, 0
977226, 3.07158e+06, 0
2.49194e+06, 1.02877e+07, 0
395282, 2.4315e+06, 0
4.66189e+06, 6.81319e+06, 0
4.96537e+06, 4.08102e+06, 0
5.13577e+06, 3.08721e+06, 0
4.91258e+06, 4.00244e+06, 0
4.55952e+06, 3.54133e+06, 0
4.66462e+06, 4.23982e+06, 0
3.04875e+06, 2.04575e+06, 0
1.1418e+07, 5.93123e+06, 0
4.3635e+06, 2.42749e+06, 0
9.71491e+06, 4.97537e+06, 0
4.6501e+06, 1.70443e+06, 0
8.10117e+06, 5.48009e+06, 0
6.52559e+06, 9.88768e+06, 0
4.11972e+06, 1.98062e+06, 0
5.71698e+06, 6.86814e+06, 0
9.44803e+06, 5.08041e+06, 0
2.58997e+06, 2.09111e+06, 0
2.08632e+06, 2.78364e+06, 0
3.38855e+06, 6.02413e+06, 0
5.62079e+06, 6.84082e+06, 0
8.79723e+06, 5.43532e+06, 0
1.12533e+07, 2.45888e+06, 0
2.04861e+06, 6.9386e+06, 0
3.11511e+06, 2.1817e+06, 0
3.98194e+06, 6.78228e+06, 0
2.22073e+06, 535579, 0
1.37574e+06, 4.99002e+06, 0
5.95521e+06, 2.76438e+06, 0
6.21501e+06, 6.0428e+06, 0
4.82732e+06, 7.50347e+06, 0
2.92771e+06, 1.74461e+06, 0
1.99661e+06, 3.31971e+06, 0
5.32173e+06, 1.64906e+06, 0
1.33725e+07, 6.6124e+06, 0
3.26779e+06, 5.34337e+06, 0
2.68233e+06, 1.06463e+06, 0
5.99757e+06, 4.4198e+06, 0
4.84449e+06, 4.30553e+06, 0
4.67087e+06, 3.07491e+06, 0
1.20993e+07, 5.05336e+06, 0
1.97137e+06, 7.69816e+06, 0
3.54234e+06, 6.82492e+06, 0
5.53013e+06, 1.48449e+06, 0
3.93045e+06, 3.58645e+06, 0
6.22059e+06, 4.32121e+06, 0
2.29711e+06, 1.81684e+06, 0
8.62526e+06, 4.14368e+06, 0
8.29475e+06, 5.0417e+06, 0
3.3648e+06, 2.15322e+06, 0
6.21196e+06, 1.33616e+06, 0
7.46463e+06, 7.96741e+06, 0
9.19156e+06, 2.19533e+06, 0
1.27697e+06, 1.05008e+07, 0
1.21003e+06, 9.01293e+06, 0
4.44204e+06, 5.60121e+06, 0
6.91437e+06, 6.2118e+06, 0
3.58271e+06, 1.61326e+06, 0
9.50354e+06, 5.18024e+06, 0
3.7318e+06, 1.1807e+07, 0
7.33288e+06, 2.10264e+06, 0
1.86463e+06, 4.95061e+06, 0
4.15806e+06, 2.27996e+06, 0
1.29321e+06, 696323, 0
893679, 2.65908e+06, 0
8.6936e+06, 2.02285e+06, 0
1.3954e+06, 667512, 0
4.67529e+06, 5.96545e+06, 0
6.66557e+06, 3.78648e+06, 0
1.55422e+06, 4.45083e+06, 0
3.28992e+06, 7.23749e+06, 0
5.69239e+06, 4.13589e+06, 0
5.25002e+06, 6.53116e+06, 0
1.78031e+06, 4.01736e+06, 0
7.5327e+06, 5.97182e+06, 0
7.84957e+06, 3.70774e+06, 0
8.79919e+06, 8.83124e+06, 0
1.80252e+06, 5.13065e+06, 0
5.76121e+06, 6.26413e+06, 0
6.64953e+06, 5.58358e+06, 0
4.56053e+06, 4.05348e+06, 0
500185, 5.05493e+06, 0
1.01509e+06, 1.64242e+06, 0
8.56799e+06, 717507, 0
4.14512e+06, 2.45169e+06, 0
6.08473e+06, 1.66147e+06, 0
2.31743e+06, 2.82803e+06, 0
4.29397e+06, 6.5279e+06, 0
5.98423e+06, 5.10809e+06, 0
1.1403e+06, 3.82209e+06, 0
1.57567e+06, 3.49376e+06, 0
5.46889e+06, 4.28275e+06, 0
1.33944e+06, 5.11848e+06, 0
5.18879e+06, 2.85532e+06, 0
2.95818e+06, 7.19235e+06, 0
6.89645e+06, 2.89689e+06, 0
8.20306e+06, 7.91968e+06, 0
1.27052e+07, 7.656e+06, 0
981901, 5.46024e+06, 0
6.85795e+06, 1.81147e+06, 0
5.81692e+06, 7.06411e+06, 0
8.79985e+06, 6.94557e+06, 0
5.75885e+06, 4.71836e+06, 0
7.98033e+06, 3.70487e+06, 0
5.08697e+06, 1.26225e+06, 0
1.40889e+06, 3.76995e+06, 0
2.9639e+06, 5.18199e+06, 0
6.01474e+06, 5.65552e+06, 0
8.241e+06, 907695, 0
5.26664e+06, 6.04893e+06, 0
4.66401e+06, 6.07502e+06, 0
5.95561e+06, 3.86695e+06, 0
5.65776e+06, 1.52443e+06, 0
5.25611e+06, 5.82159e+06, 0
2.28169e+06, 1.3044e+06, 0
3.4416e+06, 754170, 0
7.57229e+06, 7.29599e+06, 0
4.3856e+06, 7.26843e+06, 0
619333, 5.79634e+06, 0
1.49507e+06, 3.94048e+06, 0
5.48346e+06, 2.50077e+06, 0
5.86502e+06, 4.60428e+06, 0
3.62798e+06, 9.00276e+06, 0
3.85665e+06, 2.4625e+06, 0
1.78621e+06, 6.69202e+06, 0
2.54354e+06, 6.23954e+06, 0
9.36255e+06, 4.67683e+06, 0
4.96009e+06, 6.23545e+06, 0
1.12734e+07, 1.57497e+06, 0
2.15768e+06, 7.21688e+06, 0
1.83211e+06, 5.79057e+06, 0
1.23859e+07, 6.01466e+06, 0
7.69528e+06, 1.47219e+06, 0
4.11887e+06, 7.69101e+06, 0
2.67789e+06, 1.5534e+06, 0
2.16399e+06, 2.37927e+06, 0
2.50675e+06, 4.69541e+06, 0
4.68182e+06, 5.77157e+06, 0
2.72945e+06, 1.24417e+06, 0
4.02653e+06, 6.9698e+06, 0
4.13277e+06, 3.16256e+06, 0
591667, 4.67924e+06, 0
7.99404e+06, 2.88392e+06, 0
3.83611e+06, 1.13236e+07, 0
3.47667e+06, 348966, 0
2.37054e+06, 3.33738e+06, 0
3.37819e+06, 4.55047e+06, 0
1.31297e+07, 3.94685e+06, 0
5.02296e+06, 3.95577e+06, 0
3.71143e+06, 3.47046e+06, 0
1.54475e+06, 6.05796e+06, 0
7.09489e+06, 6.51617e+06, 0
1.2538e+07, 8.25876e+06, 0
4.66077e+06, 9.89311e+06, 0
3.78322e+06, 1.46125e+06, 0
4.70484e+06, 8.09143e+06, 0
6.21021e+06, 7.92675e+06, 0
3.00807e+06, 1.36898e+06, 0
7.20803e+06, 4.9644e+06, 0
3.06557e+06, 3.23893e+06, 0
6.90595e+06, 1.92201e+06, 0
3.2852e+06, 5.70739e+06, 0
5.21736e+06, 6.6843e+06, 0
5.63104e+06, 4.01362e+06, 0
1.01175e+07, 8.48391e+06, 0
3.54051e+06, 7.91762e+06, 0
3.34598e+06, 5.53117e+06, 0
1.27371e+07, 1.07543e+07, 0
4.20564e+06, 4.20846e+06, 0
5.76841e+06, 4.14976e+06, 0
1.05254e+07, 7.54211e+06, 0
1.24166e+06, 8.47845e+06, 0
1.45364e+06, 4.09824e+06, 0
7.47789e+06, 9.29576e+06, 0
4.44498e+06, 5.80323e+06, 0
8.40265e+06, 4.0666e+06, 0
2.25509e+06, 6.55218e+06, 0
5.19965e+06, 7.21193e+06, 0
3.41565e+06, 6.7517e+06, 0
3.31179e+06, 7.83365e+06, 0
2.45058e+06, 2.10182e+06, 0
3.84682e+06, 2.0295e+06, 0
5.43234e+06, 4.07994e+06, 0
9.98874e+06, 665518, 0
7.41965e+06, 2.41187e+06, 0
2.91325e+06, 6.46673e+06, 0
6.56898e+06, 9.97314e+06, 0
2.71261e+06, 1.81785e+06, 0
3.86143e+06, 3.17782e+06, 0
2.40646e+06, 4.87519e+06, 0
1.34728e+07, 1.16635e+06, 0
3.66877e+06, 4.02487e+06, 0
1.13966e+07, 9.35733e+06, 0
681237, 7.43448e+06, 0
7.68352e+06, 5.07949e+06, 0
7.90609e+06, 1.97945e+06, 0
8.2827e+06, 1.08982e+07, 0
1.47972e+06, 2.14287e+06, 0
1.55234e+06, 6.399e+06, 0
3.11396e+06, 1.16455e+07, 0
3.22996e+06, 5.67669e+06, 0
5.2058e+06, 3.05762e+06, 0
5.39217e+06, 4.14275e+06, 0
3.22142e+06, 4.31668e+06, 0
5.60746e+06, 5.07644e+06, 0
5.40808e+06, 4.41737e+06, 0
1.09017e+07, 3.18914e+06, 0
5.62079e+06, 4.27538e+06, 0
3.59693e+06, 8.31882e+06, 0
9.25476e+06, 5.69685e+06, 0
5.04319e+06, 4.71147e+06, 0
3.24421e+06, 3.41241e+06, 0
3.32668e+06, 2.31999e+06, 0
1.78063e+06, 4.68718e+06, 0
1.96318e+06, 5.05314e+06, 0
7.57074e+06, 1.23365e+06, 0
4.7004e+06, 4.44822e+06, 0
7.17447e+06, 2.25976e+06, 0
4.27036e+06, 3.80854e+06, 0
383861, 2.15349e+06, 0
3.19615e+06, 2.05354e+06, 0
5.86121e+06, 3.70084e+06, 0
4.60863e+06, 6.9358e+06, 0
4.12289e+06, 6.88484e+06, 0
5.56694e+06, 4.48462e+06, 0
6.37632e+06, 3.07828e+06, 0
9.26304e+06, 6.88156e+06, 0
4.62428e+06, 5.95965e+06, 0
8.13983e+06, 1.14483e+06, 0
1.77546e+06, 4.30178e+06, 0
7.19115e+06, 1.24688e+07, 0
9.16245e+06, 6.63255e+06, 0
2.1139e+06, 7.29714e+06, 0
1.92445e+06, 5.88467e+06, 0
3.47454e+06, 5.67254e+06, 0
9.60858e+06, 4.08232e+06, 0
2.66494e+06, 3.5364e+06, 0
8.43984e+06, 976030, 0
5.41797e+06, 8.22652e+06, 0
4.01208e+06, 3.78078e+06, 0
2.15221e+06, 9.65088e+06, 0
2.39069e+06, 7.00004e+06, 0
7.56136e+06, 5.78871e+06, 0
180025, 4.04865e+06, 0
6.77482e+06, 4.43929e+06, 0
1.47903e+06, 7.35328e+06, 0
1.97247e+06, 5.40687e+06, 0
2.65746e+06, 5.4608e+06, 0
3.79999e+06, 3.05071e+06, 0
5.55074e+06, 6.11542e+06, 0
5.15739e+06, 8.65106e+06, 0
3.664e+06, 2.82326e+06, 0
5.67937e+06, 4.25436e+06, 0
5.04308e+06, 5.83581e+06, 0
2.19227e+06, 4.51753e+06, 0
8.96215e+06, 6.70761e+06, 0
2.30216e+06, 6.16766e+06, 0
8.17899e+06, 6.78854e+06, 0
2.39075e+06, 3.66428e+06, 0
2.52781e+06, 5.8429e+06, 0
3.32775e+06, 1.20868e+06, 0
4.81464e+06, 8.95585e+06, 0
4.17261e+06, 4.96431e+06, 0
6.06933e+06, 3.71291e+06, 0
1.48017e+06, 8.52107e+06, 0
3.20477e+06, 1.82931e+06, 0
8.89749e+06, 7.8386e+06, 0
5.2347e+06, 4.07562e+06, 0
9.13699e+06, 7.30796e+06, 0
5.23493e+06, 4.64325e+06, 0
860806, 3.83099e+06, 0
4.58485e+06, 2.26537e+06, 0
4.78863e+06, 2.58217e+06, 0
7.31191e+06, 1.00022e+07, 0
5.4978e+06, 4.16338e+06, 0
6.42315e+06, 5.21323e+06, 0
1.1053e+07, 317009, 0
2.49772e+06, 1.21217e+06, 0
5.54235e+06, 5.2389e+06, 0
3.65445e+06, 6.16415e+06, 0
8.13328e+06, 9.59903e+06, 0
7.16055e+06, 4.30708e+06, 0
845514, 4.39256e+06, 0
4.3992e+06, 2.75971e+06, 0
9.28233e+06, 3.0205e+06, 0
2.92091e+06, 2.79737e+06, 0
1.30933e+07, 2.53161e+06, 0
1.4518e+06, 6.48984e+06, 0
7.7209e+06, 1.40454e+07, 0
1.19114e+07, 4.78664e+06, 0
1.60185e+06, 4.88994e+06, 0
4.52788e+06, 1.11327e+07, 0
5.28252e+06, 6.74712e+06, 0
7.14253e+06, 5.2291e+06, 0
1.42852e+06, 2.64952e+06, 0
2.53242e+06, 6.64006e+06, 0
3.06375e+06, 5.80502e+06, 0
4.63933e+06, 3.87653e+06, 0
3.3164e+06, 7.23946e+06, 0
9.46668e+06, 4.21178e+06, 0
8.38503e+06, 2.24936e+06, 0
7.22048e+06, 1.20173e+07, 0
7.56242e+06, 6.89918e+06, 0
5.59053e+06, 4.17464e+06, 0
3.27135e+06, 4.65827e+06, 0
7.28684e+06, 4.34557e+06, 0
1.07118e+07, 3.22247e+06, 0
5.51644e+06, 4.52783e+06, 0
1.51936e+06, 7.13839e+06, 0
4.62703e+06, 4.93142e+06, 0
6.39979e+06, 3.18977e+06, 0
5.58317e+06, 536191, 0
2.93339e+06, 6.17702e+06, 0
4.3072e+06, 6.82608e+06, 0
4.41679e+06, 5.63432e+06, 0
8.25965e+06, 3.87481e+06, 0
1.92938e+06, 4.3219e+06, 0
5.73223e+06, 9.57478e+06, 0
4.63074e+06, 2.38241e+06, 0
8.01108e+06, 4.98054e+06, 0
1.19821e+06, 7.81854e+06, 0
5.82734e+06, 4.60531e+06, 0
7.61646e+06, 5.76114e+06, 0
2.39524e+06, 1.15309e+07, 0
3.49623e+06, 4.00649e+06, 0
1.13121e+07, 3.71864e+06, 0
7.49377e+06, 1.35161e+07, 0
5.74416e+06, 3.16935e+06, 0
3.96758e+06, 7.13686e+06, 0
1.00262e+07, 2.85708e+06, 0
7.50166e+06, 6.78321e+06, 0
4.43242e+06, 3.57766e+06, 0
8.62248e+06, 6.33478e+06, 0
8.50538e+06, 4.98856e+06, 0
6.5755e+06, 3.2221e+06, 0
3.42872e+06, 2.64406e+06, 0
1.66149e+06, 9.4048e+06, 0
4.49004e+06, 4.96776e+06, 0
7.25815e+06, 1.43429e+07, 0
2.30977e+06, 8.50421e+06, 0
2.80567e+06, 4.60747e+06, 0
6.85143e+06, 8.38907e+06, 0
5.93859e+06, 5.767e+06, 0
8.69295e+06, 3.63293e+06, 0
4.45088e+06, 2.36644e+06, 0
2.22992e+06, 4.74547e+06, 0
4.61529e+06, 4.40973e+06, 0
965613, 3.80287e+06, 0
7.11441e+06, 5.33187e+06, 0
2.13578e+06, 3.8503e+06, 0
3.49433e+06, 6.74738e+06, 0
7.9192e+06, 2.58758e+06, 0
4.30611e+06, 5.25002e+06, 0
9.35804e+06, 6.14737e+06, 0
9.25586e+06, 5.56238e+06, 0
7.6979e+06, 3.64929e+06, 0
8.92477e+06, 6.83086e+06, 0
348220, 6.51631e+06, 0
3.69564e+06, 1.58026e+06, 0
3.70585e+06, 5.12067e+06, 0
6.22678e+06, 1.15551e+07, 0
1.08334e+07, 1.67557e+06, 0
3.49094e+06, 4.30182e+06, 0
688678, 4.01655e+06, 0
3.48709e+06, 6.79942e+06, 0
7.18584e+06, 2.24704e+06, 0
6.11015e+06, 3.97276e+06, 0
4.09165e+06, 7.30551e+06, 0
658673, 4.03048e+06, 0
3.41354e+06, 1.00375e+07, 0
5.57457e+06, 6.58203e+06, 0
3.6105e+06, 5.90714e+06, 0
3.04576e+06, 2.99242e+06, 0
1.06577e+07, 3.56871e+06, 0
2.36384e+06, 7.14136e+06, 0
1.6987e+06, 1.03542e+07, 0
2.93587e+06, 959299, 0
473960, 3.97883e+06, 0
4.67536e+06, 8.46719e+06, 0
3.11132e+06, 6.25145e+06, 0
2.37488e+06, 4.17293e+06, 0
4.89432e+06, 415596, 0
5.05305e+06, 1.14429e+07, 0
1.5853e+06, 4.61429e+06, 0
3.40118e+06, 3.082e+06, 0
5.2701e+06, 1.12845e+07, 0
2.7029e+06, 8.22214e+06, 0
9.05228e+06, 1.92311e+06, 0
2.78446e+06, 9.46772e+06, 0
4.6604e+06, 1.57623e+06, 0
1.19639e+06, 8.84108e+06, 0
3.63553e+06, 4.08858e+06, 0
1.14494e+07, 5.04278e+06, 0
3.95877e+06, 1.90273e+06, 0
6.75576e+06, 8.76153e+06, 0
3.50704e+06, 3.04219e+06, 0
8.50538e+06, 3.17596e+06, 0
5.11655e+06, 7.78994e+06, 0
2.85276e+06, 7.54985e+06, 0
6.86573e+06, 8.1488e+06, 0
2.17843e+06, 4.80549e+06, 0
4.03008e+06, 6.03032e+06, 0
2.40414e+06, 1.07438e+07, 0
4.25575e+06, 2.5645e+06, 0
1.31871e+06, 7.17494e+06, 0
3.99043e+06, 2.39193e+06, 0
3.77072e+06, 472332, 0
5.92693e+06, 3.71196e+06, 0
6.03445e+06, 1.25644e+07, 0
3.27754e+06, 4.14398e+06, 0
5.24856e+06, 4.41494e+06, 0
9.60706e+06, 7.07216e+06, 0
2.91898e+06, 6.38342e+06, 0
6.84095e+06, 4.84724e+06, 0
3.04442e+06, 4.4237e+06, 0
2.79381e+06, 5.29407e+06, 0
3.34247e+06, 1.02126e+07, 0
6.41049e+06, 3.40759e+06, 0
4.021e+06, 5.33649e+06, 0
6.76567e+06, 5.31787e+06, 0
2.35364e+06, 1.91618e+06, 0
2.25625e+06, 2.64144e+06, 0
5.11051e+06, 4.73451e+06, 0
1.11219e+07, 2.09472e+06, 0
1.54355e+06, 5.40325e+06, 0
5.73638e+06, 7.70434e+06, 0
4.85879e+06, 6.83956e+06, 0
6.72446e+06, 4.70281e+06, 0
4.27313e+06, 3.50969e+06, 0
2.80104e+06, 1.02408e+07, 0
3.70685e+06, 6.04049e+06, 0
5.08836e+06, 5.5554e+06, 0
7.07323e+06, 8.0738e+06, 0
8.85556e+06, 7.93198e+06, 0
3.70388e+06, 8.15709e+06, 0
6.93812e+06, 9.72116e+06, 0
3.20637e+06, 4.83827e+06, 0
5.31332e+06, 8.7057e+06, 0
4.18934e+06, 4.02004e+06, 0
6.88805e+06, 6.71335e+06, 0
5.28884e+06, 4.02036e+06, 0
793908, 2.63686e+06, 0
6.42239e+06, 9.3149e+06, 0
1.98894e+06, 3.42382e+06, 0
5.48044e+06, 5.73552e+06, 0
1.00994e+07, 6.92182e+06, 0
5.7175e+06, 737642, 0
1.17185e+07, 4.46081e+06, 0
1.53738e+06, 1.25817e+06, 0
5.47945e+06, 3.15926e+06, 0
6.52362e+06, 7.88283e+06, 0
2.88331e+06, 1.94906e+06, 0
1.89211e+06, 6.99772e+06, 0
2.26106e+06, 2.41079e+06, 0
3.72629e+06, 2.78097e+06, 0
4.87269e+06, 7.95159e+06, 0
6.07275e+06, 1.91021e+06, 0
1.19352e+07, 1.39165e+06, 0
860806, 8.60122e+06, 0
1.24896e+06, 5.11639e+06, 0
3.70761e+06, 1.09421e+06, 0
2.44834e+06, 3.0274e+06, 0
5.72464e+06, 6.76822e+06, 0
1.6622e+06, 1.00688e+06, 0
1.15711e+07, 8.81943e+06, 0
2.81931e+06, 4.22023e+06, 0
5.22881e+06, 9.94156e+06, 0
7.17211e+06, 8.31041e+06, 0
1.80118e+06, 6.05426e+06, 0
2.63079e+06, 5.69027e+06, 0
6.18206e+06, 2.39544e+06, 0
2.06412e+06, 5.59008e+06, 0
6.95091e+06, 2.23221e+06, 0
7.25721e+06, 5.2538e+06, 0
1.25939e+06, 8.72213e+06, 0
4.38386e+06, 3.73196e+06, 0
3.96085e+06, 3.68708e+06, 0
9.81034e+06, 1.11299e+07, 0
4.19307e+06, 6.5695e+06, 0
6.47522e+06, 5.88941e+06, 0
7.37855e+06, 1.24182e+07, 0
9.18031e+06, 3.76266e+06, 0
546182, 2.7529e+06, 0
2.62569e+06, 3.17006e+06, 0
1.0492e+07, 5.38159e+06, 0
6.6236e+06, 8.58875e+06, 0
8.87417e+06, 1.02666e+07, 0
6.92481e+06, 1.05229e+07, 0
441828, 1.27754e+06, 0
4.00122e+06, 7.76953e+06, 0
6.79729e+06, 3.43979e+06, 0
3.2286e+06, 2.65451e+06, 0
2.90182e+06, 5.59296e+06, 0
6.68995e+06, 5.3184e+06, 0
652090, 7.98565e+06, 0
1.30928e+07, 2.66974e+06, 0
4.64028e+06, 6.11864e+06, 0
2.61881e+06, 1.04812e+07, 0
6.5061e+06, 1.02206e+07, 0
5.27794e+06, 5.33939e+06, 0
8.75563e+06, 1.47951e+07, 0
5.2651e+06, 2.72912e+06, 0
3.93176e+06, 4.18644e+06, 0
7.30325e+06, 6.91609e+06, 0
3.25842e+06, 2.36157e+06, 0
4.22277e+06, 6.4913e+06, 0
5.83039e+06, 5.87106e+06, 0
5.41113e+06, 4.44495e+06, 0
7.24663e+06, 7.01378e+06, 0
8.61241e+06, 4.84913e+06, 0
7.2882e+06, 6.48849e+06, 0
737145, 3.93204e+06, 0
3.18452e+06, 1.4529e+06, 0
2.41035e+06, 1.144e+06, 0
6.21063e+06, 5.68764e+06, 0
5.86588e+06, 7.52066e+06, 0
1.27818e+07, 5.18421e+06, 0
4.1087e+06, 2.8387e+06, 0
8.15947e+06, 2.5489e+06, 0
5.92915e+06, 7.63683e+06, 0
1.34919e+07, 4.60862e+06, 0
8.46317e+06, 5.57444e+06, 0
9.54712e+06, 2.26265e+06, 0
6.04321e+06, 709996, 0
2.62039e+06, 4.67736e+06, 0
5.60495e+06, 4.36444e+06, 0
2.50324e+06, 5.67559e+06, 0
6.3811e+06, 8.17248e+06, 0
6.2122e+06, 2.04641e+06, 0
1.49708e+06, 6.16919e+06, 0
2.41744e+06, 9.48087e+06, 0
4.67292e+06, 2.51229e+06, 0
7.35619e+06, 6.5575e+06, 0
4.78643e+06, 4.79961e+06, 0
1.49276e+06, 2.44984e+06, 0
6.38232e+06, 4.32842e+06, 0
8.62365e+06, 6.57602e+06, 0
3.45501e+06, 4.85204e+06, 0
7.41037e+06, 5.55194e+06, 0
3.71293e+06, 1.01477e+07, 0
3.78091e+06, 7.88601e+06, 0
8.75915e+06, 8.46675e+06, 0
2.57192e+06, 7.19794e+06, 0
2.68057e+06, 3.83437e+06, 0
9.10115e+06, 5.22073e+06, 0
3.0804e+06, 3.60282e+06, 0
5.58681e+06, 1.26933e+07, 0
5.26375e+06, 9.72659e+06, 0
5.7032e+06, 2.10309e+06, 0
1.22997e+07, 9.58857e+06, 0
9.08767e+06, 5.30151e+06, 0
6.3987e+06, 6.42015e+06, 0
1.0841e+06, 5.08547e+06, 0
7.93397e+06, 1.22882e+07, 0
5.35901e+06, 1.22951e+07, 0
3.40449e+06, 5.53925e+06, 0
6.32708e+06, 6.82831e+06, 0
1.16823e+06, 2.09428e+06, 0
2.68229e+06, 3.84608e+06, 0
9.86927e+06, 7.22281e+06, 0
3.88366e+06, 9.33272e+06, 0
7.26334e+06, 5.82763e+06, 0
5.74019e+06, 4.78675e+06, 0
5.91877e+06, 8.97465e+06, 0
2.83185e+06, 5.6383e+06, 0
5.5153e+06, 2.15029e+06, 0
4.9024e+06, 2.37933e+06, 0
3.37518e+06, 6.02082e+06, 0
7.75252e+06, 3.3638e+06, 0
4.85342e+06, 3.42907e+06, 0
5.80268e+06, 5.4681e+06, 0
5.06416e+06, 6.44676e+06, 0
7.60425e+06, 5.04318e+06, 0
4.01698e+06, 3.12883e+06, 0
6.63621e+06, 4.5307e+06, 0
2.86901e+06, 4.89346e+06, 0
7.31016e+06, 4.95219e+06, 0
8.93135e+06, 2.59782e+06, 0
6.63846e+06, 6.27132e+06, 0
2.37416e+06, 5.22207e+06, 0
4.21781e+06, 4.75223e+06, 0
8.91329e+06, 4.40866e+06, 0
1.10231e+07, 1.64085e+06, 0
860806, 7.50485e+06, 0
3.02329e+06, 3.32285e+06, 0
6.75418e+06, 6.83258e+06, 0
3.05289e+06, 5.53027e+06, 0
1.78852e+06, 7.44287e+06, 0
7.27987e+06, 1.79729e+06, 0
4.15336e+06, 8.57279e+06, 0
961479, 3.509e+06, 0
9.26575e+06, 4.49188e+06, 0
7.12326e+06, 3.86043e+06, 0
6.08221e+06, 2.33053e+06, 0
3.93345e+06, 2.63422e+06, 0
2.93559e+06, 3.07941e+06, 0
2.92577e+06, 1.31677e+07, 0
7.76949e+06, 4.84915e+06, 0
5.28707e+06, 1.16188e+07, 0
6.79475e+06, 5.61658e+06, 0
8.08053e+06, 3.79523e+06, 0
8.85956e+06, 5.30009e+06, 0
6.7628e+06, 8.22184e+06, 0
8.51965e+06, 4.1437e+06, 0
7.01256e+06, 6.85352e+06, 0
3.9818e+06, 1.33159e+06, 0
5.1419e+06, 5.3557e+06, 0
3.22264e+06, 5.5228e+06, 0
3.50324e+06, 3.92861e+06, 0
2.18725e+06, 987883, 0
3.38715e+06, 6.41031e+06, 0
1.95949e+06, 3.32759e+06, 0
8.4455e+06, 3.73007e+06, 0
9.05445e+06, 2.40997e+06, 0
1.1165e+06, 4.91056e+06, 0
453669, 5.34871e+06, 0
5.42428e+06, 4.371e+06, 0
1.9127e+06, 5.62143e+06, 0
3.23939e+06, 6.68388e+06, 0
1.21077e+07, 2.37166e+06, 0
3.17681e+06, 2.92187e+06, 0
2.66701e+06, 8.63116e+06, 0
4.11118e+06, 1.21676e+07, 0
2.57769e+06, 5.02128e+06, 0
2.30252e+06, 5.52031e+06, 0
2.47552e+06, 5.35191e+06, 0
2.39154e+06, 3.68861e+06, 0
6.93441e+06, 4.87024e+06, 0
6.27345e+06, 4.85792e+06, 0
2.8324e+06, 4.90981e+06, 0
3.11823e+06, 3.03273e+06, 0
3.33355e+06, 6.99439e+06, 0
1.89573e+06, 2.16233e+06, 0
8.51593e+06, 1.12515e+07, 0
3.15937e+06, 8.74324e+06, 0
2.31047e+06, 5.89701e+06, 0
6.87337e+06, 1.33592e+07, 0
6.81453e+06, 2.43365e+06, 0
3.42019e+06, 1.11333e+07, 0
8.39564e+06, 4.79402e+06, 0
5.14875e+06, 2.46936e+06, 0
2.76599e+06, 4.54005e+06, 0
1.05994e+07, 2.49026e+06, 0
7.43567e+06, 8.40783e+06, 0
9.96674e+06, 2.69706e+06, 0
3.89161e+06, 7.50485e+06, 0
3.18908e+06, 2.98863e+06, 0
7.51783e+06, 1.8573e+06, 0
2.57909e+06, 3.19002e+06, 0
5.8358e+06, 7.78938e+06, 0
2.05831e+06, 4.77543e+06, 0
4.35079e+06, 8.90205e+06, 0
6.98491e+06, 4.02464e+06, 0
3.32371e+06, 4.13288e+06, 0
4.60155e+06, 7.36401e+06, 0
1.15667e+07, 8.17734e+06, 0
1.76459e+06, 4.41056e+06, 0
4.94758e+06, 1.84873e+06, 0
2.06472e+06, 6.47696e+06, 0
6.50429e+06, 2.65178e+06, 0
3.45319e+06, 5.70228e+06, 0
903259, 5.97143e+06, 0
6.09882e+06, 1.10703e+07, 0
3.48059e+06, 6.453e+06, 0
6.95981e+06, 2.23008e+06, 0
9.79448e+06, 2.38689e+06, 0
1.33374e+06, 9.33301e+06, 0
4.72276e+06, 7.12488e+06, 0
3.76064e+06, 1.42489e+07, 0
7.50887e+06, 2.57873e+06, 0
2.55036e+06, 7.93497e+06, 0
2.29013e+06, 8.94222e+06, 0
2.09668e+06, 1.6557e+06, 0
7.09828e+06, 3.89769e+06, 0
1.03901e+07, 7.36892e+06, 0
2.13684e+06, 2.47339e+06, 0
1.20762e+07, 1.00254e+07, 0
1.13228e+06, 3.39012e+06, 0
2.25376e+06, 7.00765e+06, 0
205614, 6.56346e+06, 0
5.8761e+06, 5.16341e+06, 0
5.9045e+06, 7.47781e+06, 0
6.91906e+06, 3.28294e+06, 0
1.26203e+07, 3.59969e+06, 0
2.93919e+06, 3.66653e+06, 0
3.00343e+06, 6.74163e+06, 0
6.65704e+06, 3.64786e+06, 0
3.78333e+06, 5.20179e+06, 0
5.73766e+06, 7.89293e+06, 0
2.22881e+06, 3.48254e+06, 0
9.25999e+06, 4.45911e+06, 0
8.28527e+06, 9.55601e+06, 0
1.37375e+06, 4.87019e+06, 0
8.51279e+06, 4.7029e+06, 0
1.37339e+06, 2.4959e+06, 0
1.18845e+06, 1.13838e+07, 0
3.16624e+06, 5.79917e+06, 0
3.95007e+06, 4.77013e+06, 0
5.15744e+06, 4.8448e+06, 0
3.80252e+06, 1.15639e+07, 0
6.76411e+06, 5.38179e+06, 0
4.12978e+06, 1.09858e+06, 0
4.69498e+06, 9.1012e+06, 0
8.38765e+06, 6.31501e+06, 0
6.75994e+06, 9.08099e+06, 0
6.0816e+06, 6.57918e+06, 0
6.8715e+06, 5.75601e+06, 0
3.31167e+06, 2.89706e+06, 0
4.30448e+06, 1.90682e+06, 0
3.35708e+06, 4.35242e+06, 0
5.85065e+06, 3.34938e+06, 0
1.94769e+06, 5.83534e+06, 0
4.49955e+06, 8.25508e+06, 0
1.07966e+06, 2.18273e+06, 0
7.45084e+06, 8.1973e+06, 0
3.39261e+06, 2.31394e+06, 0
6.17936e+06, 7.81012e+06, 0
1.34362e+07, 3.58348e+06, 0
1.56946e+06, 4.57206e+06, 0
1.03747e+07, 723106, 0
7.14045e+06, 1.06406e+07, 0
3.1946e+06, 6.45987e+06, 0
6.92825e+06, 1.7594e+06, 0
7.95023e+06, 3.20676e+06, 0
7.63768e+06, 1.14192e+07, 0
5.91466e+06, 1.67122e+06, 0
700995, 2.74806e+06, 0
5.5755e+06, 7.7083e+06, 0
7.49763e+06, 5.36082e+06, 0
3.36354e+06, 1.90201e+06, 0
1.89134e+06, 5.30254e+06, 0
9.2481e+06, 6.63154e+06, 0
3.93484e+06, 1.48448e+07, 0
8.1311e+06, 3.24219e+06, 0
5.3326e+06, 7.34304e+06, 0
1.17687e+07, 8.49017e+06, 0
5.22702e+06, 3.10767e+06, 0
1.51759e+06, 1.26917e+06, 0
5.30658e+06, 1.03511e+06, 0
8.35667e+06, 9.85135e+06, 0
4.53677e+06, 8.15123e+06, 0
7.0645e+06, 2.17654e+06, 0
4.87557e+06, 6.15259e+06, 0
912868, 5.5974e+06, 0
8.66064e+06, 3.64137e+06, 0
3.72601e+06, 2.9186e+06, 0
6.53105e+06, 5.49954e+06, 0
6.46796e+06, 4.62212e+06, 0
3.26522e+06, 5.96648e+06, 0
3.76157e+06, 5.98956e+06, 0
5.026e+06, 3.14673e+06, 0
6.6854e+06, 1.0557e+07, 0
7.69078e+06, 3.7066e+06, 0
3.802e+06, 5.51539e+06, 0
3.06646e+06, 9.23404e+06, 0
5.76016e+06, 5.14098e+06, 0
6.25741e+06, 4.69914e+06, 0
4.05635e+06, 5.67089e+06, 0
7.4817e+06, 3.42687e+06, 0
2.54005e+06, 930105, 0
6.95041e+06, 6.30369e+06, 0
7.38785e+06, 7.68233e+06, 0
4.71246e+06, 1.44796e+06, 0
6.2399e+06, 5.62574e+06, 0
4.61404e+06, 3.6989e+06, 0
4.81003e+06, 1.03244e+07, 0
8.62201e+06, 8.51142e+06, 0
5.3664e+06, 1.45522e+07, 0
8.71445e+06, 4.77192e+06, 0
8.50538e+06, 4.98856e+06, 0
3.17343e+06, 1.17618e+06, 0
3.32347e+06, 7.00339e+06, 0
6.7282e+06, 3.25708e+06, 0
6.75813e+06, 3.56181e+06, 0
1.63343e+06, 1.49857e+06, 0
1.31627e+07, 5.49089e+06, 0
6.6963e+06, 4.79758e+06, 0
1.10217e+07, 7.31171e+06, 0
5.43807e+06, 778938, 0
1.40365e+07, 2.12781e+06, 0
8.85896e+06, 6.09386e+06, 0
3.4751e+06, 6.74092e+06, 0
5.9916e+06, 8.90972e+06, 0
1.04592e+06, 6.82611e+06, 0
2.93225e+06, 6.05611e+06, 0
8.02178e+06, 4.27926e+06, 0
3.70155e+06, 2.55088e+06, 0
9.44824e+06, 4.76509e+06, 0
8.78428e+06, 7.39777e+06, 0
3.41231e+06, 5.67893e+06, 0
5.97326e+06, 3.44917e+06, 0
4.80482e+06, 2.7731e+06, 0
2.23558e+06, 2.4091e+06, 0
3.35667e+06, 6.9107e+06, 0
4.08486e+06, 1.43114e+06, 0
1.21751e+06, 1.45601e+06, 0
3.11005e+06, 1.10874e+07, 0
4.16932e+06, 6.64835e+06, 0
2.40592e+06, 6.0934e+06, 0
2.23245e+06, 5.54763e+06, 0
9.30562e+06, 3.6407e+06, 0
5.41634e+06, 4.90388e+06, 0
5.02288e+06, 3.29754e+06, 0
5.98078e+06, 1.90361e+06, 0
742208, 4.86891e+06, 0
5.67593e+06, 3.58119e+06, 0
1.00918e+07, 1.76175e+06, 0
6.35425e+06, 1.00645e+07, 0
1.14097e+07, 1.69839e+06, 0
2.60962e+06, 7.01472e+06, 0
4.24599e+06, 5.20005e+06, 0
7.75773e+06, 4.88878e+06, 0
1.18621e+07, 3.1621e+06, 0
8.6334e+06, 2.10619e+06, 0
9.98945e+06, 5.40602e+06, 0
1.04836e+07, 4.11872e+06, 0
6.18464e+06, 7.06436e+06, 0
9.11297e+06, 1.27457e+06, 0
1.10285e+07, 5.18347e+06, 0
1.01139e+06, 8.52381e+06, 0
7.09587e+06, 6.32621e+06, 0
9.14114e+06, 2.24884e+06, 0
2.89309e+06, 4.48632e+06, 0
5.59144e+06, 7.27578e+06, 0
5.10241e+06, 7.58e+06, 0
5.18449e+06, 4.34433e+06, 0
7.44709e+06, 8.72207e+06, 0
5.44093e+06, 9.06893e+06, 0
6.04238e+06, 1.1553e+07, 0
1.92647e+06, 1.6389e+06, 0
1.043e+07, 578194, 0
8.46317e+06, 3.00481e+06, 0
4.35404e+06, 3.22392e+06, 0
2.14593e+06, 5.84872e+06, 0
1.17728e+07, 7.15641e+06, 0
3.81981e+06, 4.91031e+06, 0
1.04736e+07, 3.88543e+06, 0
1.99581e+06, 3.68771e+06, 0
5.05107e+06, 1.32917e+06, 0
4.17573e+06, 7.25228e+06, 0
3.32492e+06, 2.43439e+06, 0
5.8545e+06, 1.60727e+07, 0
6.27535e+06, 1.42328e+07, 0
1.00281e+07, 3.50528e+06, 0
4.85983e+06, 6.61102e+06, 0
3.92146e+06, 7.01375e+06, 0
3.15473e+06, 2.35628e+06, 0
9.94495e+06, 4.70954e+06, 0
9.5849e+06, 4.48479e+06, 0
8.03472e+06, 5.20194e+06, 0
1.13628e+07, 960709, 0
4.11587e+06, 4.2965e+06, 0
1.51211e+06, 3.47105e+06, 0
3.72187e+06, 2.85234e+06, 0
6.19797e+06, 2.7148e+06, 0
3.66652e+06, 1.03555e+07, 0
3.89661e+06, 1.25662e+07, 0
4.16947e+06, 2.84485e+06, 0
3.71699e+06, 8.43166e+06, 0
7.83307e+06, 4.54615e+06, 0
1.72138e+06, 7.56696e+06, 0
4.9076e+06, 1.32413e+07, 0
3.39056e+06, 4.35026e+06, 0
8.60644e+06, 6.14821e+06, 0
2.07181e+06, 1.21404e+07, 0
6.38825e+06, 4.87065e+06, 0
1.7676e+06, 2.6733e+06, 0
5.8561e+06, 4.89104e+06, 0
4.25763e+06, 2.29508e+06, 0
1.45903e+06, 8.19617e+06, 0
3.75563e+06, 4.1131e+06, 0
7.71881e+06, 2.62743e+06, 0
3.13326e+06, 8.76598e+06, 0
5.22216e+06, 5.5258e+06, 0
2.74504e+06, 3.79239e+06, 0
7.49957e+06, 3.16271e+06, 0
2.38691e+06, 6.59916e+06, 0
8.76573e+06, 7.15383e+06, 0
2.48584e+06, 5.794e+06, 0
8.50453e+06, 1.07717e+07, 0
2.17221e+06, 2.01762e+06, 0
3.81021e+06, 2.7314e+06, 0
5.78375e+06, 1.08155e+07, 0
3.35357e+06, 8.32524e+06, 0
7.63895e+06, 3.67207e+06, 0
6.07703e+06, 4.57367e+06, 0
5.37766e+06, 1.58431e+06, 0
2.21135e+06, 8.55339e+06, 0
1.32789e+06, 4.60513e+06, 0
2.72789e+06, 1.00729e+06, 0
5.91389e+06, 7.65316e+06, 0
7.27724e+06, 5.1381e+06, 0
7.44107e+06, 3.3779e+06, 0
3.31167e+06, 2.89706e+06, 0
7.02164e+06, 6.63884e+06, 0
2.13072e+06, 4.71601e+06, 0
5.12351e+06, 8.256e+06, 0
1.42286e+06, 1.74048e+06, 0
5.2624e+06, 2.61384e+06, 0
2.75903e+06, 9.09931e+06, 0
3.45986e+06, 3.35376e+06, 0
6.74525e+06, 1.98214e+06, 0
8.1608e+06, 9.38159e+06, 0
5.03956e+06, 8.26211e+06, 0
9.55451e+06, 1.08114e+07, 0
7.95631e+06, 3.56308e+06, 0
5.36732e+06, 3.03867e+06, 0
2.83582e+06, 3.73218e+06, 0
5.12964e+06, 1.06702e+07, 0
8.65522e+06, 5.91069e+06, 0
3.78711e+06, 6.97851e+06, 0
1.33562e+06, 3.75784e+06, 0
1.19656e+06, 3.93417e+06, 0
2.70139e+06, 7.33445e+06, 0
6.77358e+06, 1.57581e+06, 0
4.8925e+06, 3.20197e+06, 0
9.38301e+06, 816744, 0
4.01689e+06, 8.61505e+06, 0
6.85706e+06, 4.95265e+06, 0
6.31426e+06, 7.61744e+06, 0
5.48519e+06, 869459, 0
4.55626e+06, 3.71431e+06, 0
3.00413e+06, 9.85356e+06, 0
3.15117e+06, 5.31569e+06, 0
1.30205e+07, 5.99988e+06, 0
4.94454e+06, 7.49108e+06, 0
3.51294e+06, 7.18315e+06, 0
2.0312e+06, 3.06619e+06, 0
7.28499e+06, 6.6788e+06, 0
4.3371e+06, 5.18763e+06, 0
9.71617e+06, 939931, 0
1.57141e+06, 2.88046e+06, 0
6.27251e+06, 4.73898e+06, 0
4.568e+06, 2.76845e+06, 0
4.94948e+06, 4.85209e+06, 0
3.53213e+06, 5.59441e+06, 0
4.12879e+06, 1.95671e+06, 0
1.10539e+06, 2.40693e+06, 0
1.94433e+06, 4.4413e+06, 0
3.09652e+06, 1.81129e+06, 0
3.0754e+06, 3.54215e+06, 0
1.27878e+06, 8.97958e+06, 0
8.28739e+06, 4.2011e+06, 0
3.6491e+06, 5.74629e+06, 0
1.25834e+06, 3.82022e+06, 0
4.67897e+06, 5.51061e+06, 0
2.20041e+06, 4.58841e+06, 0
4.971e+06, 3.68261e+06, 0
7.6602e+06, 5.34397e+06, 0
6.09504e+06, 4.19169e+06, 0
1.13077e+07, 5.32767e+06, 0
6.27389e+06, 2.84209e+06, 0
3.29337e+06, 6.15839e+06, 0
3.219e+06, 4.80802e+06, 0
1.98107e+06, 3.6277e+06, 0
1.01746e+07, 8.8594e+06, 0
5.62079e+06, 6.84082e+06, 0
2.76808e+06, 1.71164e+06, 0
2.46274e+06, 4.45784e+06, 0
1.10425e+07, 5.37732e+06, 0
5.74071e+06, 6.63265e+06, 0
2.73917e+06, 4.4732e+06, 0
2.04797e+06, 7.19442e+06, 0
5.82814e+06, 7.10975e+06, 0
2.36552e+06, 8.6218e+06, 0
6.38233e+06, 710343, 0
4.51932e+06, 5.99958e+06, 0
4.43094e+06, 3.36837e+06, 0
3.1888e+06, 3.08281e+06, 0
6.45609e+06, 5.66074e+06, 0
8.40206e+06, 4.74137e+06, 0
7.05369e+06, 7.37555e+06, 0
5.53366e+06, 1.23476e+07, 0
3.19459e+06, 5.65129e+06, 0
1.71857e+06, 7.66966e+06, 0
4.03116e+06, 3.50772e+06, 0
7.46146e+06, 1.05663e+07, 0
5.57946e+06, 8.67684e+06, 0
1.62445e+06, 5.19605e+06, 0
1.60759e+06, 5.28495e+06, 0
1.65878e+06, 5.45593e+06, 0
3.14385e+06, 3.43243e+06, 0
4.00988e+06, 8.8e+06, 0
6.81235e+06, 3.30186e+06, 0
9.38818e+06, 333433, 0
5.1494e+06, 7.02438e+06, 0
3.53919e+06, 2.12052e+06, 0
2.36145e+06, 5.44144e+06, 0
6.64078e+06, 2.08839e+06, 0
1.07857e+07, 8.52738e+06, 0
9.04428e+06, 329422, 0
6.76707e+06, 3.7708e+06, 0
4.43049e+06, 6.14187e+06, 0
8.74474e+06, 2.84473e+06, 0
5.09711e+06, 5.13046e+06, 0
3.12792e+06, 8.36886e+06, 0
2.83477e+06, 3.83041e+06, 0
1.11266e+07, 9.75597e+06, 0
6.08255e+06, 4.72796e+06, 0
3.17395e+06, 3.59309e+06, 0
2.01082e+06, 1.82965e+06, 0
1.91447e+06, 1.82219e+06, 0
2.75756e+06, 1.56705e+06, 0
585581, 6.0333e+06, 0
4.75937e+06, 2.86129e+06, 0
4.5942e+06, 988988, 0
6.46342e+06, 4.20311e+06, 0
8.50979e+06, 3.46512e+06, 0
3.95405e+06, 8.5832e+06, 0
7.57991e+06, 7.12395e+06, 0
3.76559e+06, 2.62877e+06, 0
7.97878e+06, 2.30374e+06, 0
943917, 4.79744e+06, 0
6.58496e+06, 3.48981e+06, 0
6.84488e+06, 3.54295e+06, 0
7.9875e+06, 9.66546e+06, 0
5.13034e+06, 3.42334e+06, 0
5.82365e+06, 4.86748e+06, 0
617375, 3.00481e+06, 0
4.08036e+06, 3.04216e+06, 0
6.25621e+06, 4.86012e+06, 0
2.73059e+06, 6.05132e+06, 0
868511, 4.83926e+06, 0
3.50294e+06, 4.98205e+06, 0
4.09682e+06, 2.67567e+06, 0
7.56696e+06, 4.63867e+06, 0
2.94872e+06, 7.73327e+06, 0
1.47735e+06, 4.39089e+06, 0
4.11201e+06, 8.11122e+06, 0
3.34732e+06, 1.13416e+07, 0
2.07351e+06, 6.57695e+06, 0
3.52446e+06, 7.12135e+06, 0
1.58307e+06, 6.51751e+06, 0
8.8836e+06, 4.592e+06, 0
638603, 6.22438e+06, 0
896839, 2.37708e+06, 0
8.62761e+06, 2.3985e+06, 0
2.69462e+06, 2.3881e+06, 0
5.19318e+06, 4.97747e+06, 0
2.80591e+06, 5.85263e+06, 0
6.09419e+06, 4.92726e+06, 0
4.11411e+06, 4.04346e+06, 0
6.75954e+06, 5.01756e+06, 0
4.66327e+06, 4.71105e+06, 0
5.49624e+06, 3.64636e+06, 0
4.0739e+06, 4.49704e+06, 0
521809, 5.91506e+06, 0
2.80927e+06, 5.85277e+06, 0
3.90209e+06, 5.09571e+06, 0
2.2452e+06, 6.78805e+06, 0
7.07829e+06, 6.49409e+06, 0
2.36912e+06, 7.00206e+06, 0
2.16626e+06, 2.25292e+06, 0
5.08003e+06, 2.8603e+06, 0
6.67675e+06, 3.99893e+06, 0
4.31125e+06, 6.88648e+06, 0
3.97542e+06, 4.55688e+06, 0
3.56121e+06, 8.30701e+06, 0
1.28552e+07, 4.65509e+06, 0
3.37205e+06, 8.47381e+06, 0
3.00796e+06, 5.34775e+06, 0
2.43137e+06, 3.27487e+06, 0
5.32284e+06, 3.56204e+06, 0
5.49943e+06, 3.14097e+06, 0
3.21264e+06, 4.95302e+06, 0
2.32052e+06, 1.32869e+06, 0
1.31134e+06, 5.42081e+06, 0
3.22351e+06, 2.76189e+06, 0
2.9313e+06, 821353, 0
5.68522e+06, 4.14314e+06, 0
3.95018e+06, 6.89028e+06, 0
1.10252e+07, 4.38884e+06, 0
3.54044e+06, 3.3508e+06, 0
8.49101e+06, 2.89367e+06, 0
7.16106e+06, 8.89713e+06, 0
4.32995e+06, 981168, 0
7.13007e+06, 6.73211e+06, 0
1.88931e+06, 2.45456e+06, 0
4.05392e+06, 4.54914e+06, 0
5.14184e+06, 1.12844e+06, 0
8.50538e+06, 3.17596e+06, 0
8.7578e+06, 5.18125e+06, 0
7.47692e+06, 1.01632e+07, 0
5.10911e+06, 9.03595e+06, 0
9.60364e+06, 5.89558e+06, 0
3.67305e+06, 6.29212e+06, 0
5.42535e+06, 2.61468e+06, 0
6.64256e+06, 2.56385e+06, 0
4.97391e+06, 3.30716e+06, 0
4.32161e+06, 6.51811e+06, 0
4.81709e+06, 8.71584e+06, 0
3.14565e+06, 953543, 0
4.50748e+06, 4.1716e+06, 0
4.78378e+06, 2.90348e+06, 0
1.13069e+07, 1.47475e+07, 0
5.28152e+06, 8.31717e+06, 0
1.82823e+06, 4.24896e+06, 0
8.26695e+06, 7.83372e+06, 0
3.23589e+06, 4.11928e+06, 0
4.17595e+06, 1.4219e+06, 0
6.12835e+06, 1.21105e+06, 0
4.55699e+06, 5.50163e+06, 0
5.79247e+06, 6.93011e+06, 0
1.82803e+07, 5.62229e+06, 0
5.66288e+06, 6.75961e+06, 0
5.96069e+06, 7.82902e+06, 0
8.3771e+06, 6.09578e+06, 0
4.79356e+06, 8.1865e+06, 0
7.18077e+06, 3.24481e+06, 0
4.13514e+06, 6.37566e+06, 0
5.6191e+06, 2.42855e+06, 0
6.94514e+06, 2.54043e+06, 0
1.12624e+07, 5.9622e+06, 0
2.81951e+06, 3.9098e+06, 0
3.71417e+06, 1.77175e+06, 0
6.15725e+06, 1.99989e+06, 0
3.82997e+06, 7.89034e+06, 0
6.43643e+06, 5.26049e+06, 0
3.83112e+06, 2.10271e+06, 0
7.43564e+06, 7.47107e+06, 0
6.16013e+06, 8.31862e+06, 0
5.67331e+06, 4.04239e+06, 0
1.72815e+06, 4.57828e+06, 0
1.48919e+06, 7.57953e+06, 0
4.49464e+06, 2.27262e+06, 0
6.84326e+06, 2.22707e+06, 0
3.48483e+06, 6.37243e+06, 0
3.77767e+06, 6.40475e+06, 0
8.27191e+06, 2.7214e+06, 0
2.55525e+06, 2.1702e+06, 0
5.44747e+06, 3.87277e+06, 0
9.05032e+06, 6.61781e+06, 0
2.23008e+06, 7.52207e+06, 0
4.48325e+06, 9.84037e+06, 0
4.72299e+06, 6.28823e+06, 0
5.33888e+06, 7.52483e+06, 0
6.10204e+06, 5.11968e+06, 0
5.85087e+06, 1.10384e+07, 0
7.20599e+06, 1.04049e+07, 0
1.15074e+07, 2.88905e+06, 0
6.08863e+06, 642633, 0
9.02629e+06, 2.3454e+06, 0
1.94216e+06, 4.15877e+06, 0
6.28929e+06, 5.68295e+06, 0
4.12775e+06, 3.39914e+06, 0
8.59728e+06, 2.20741e+06, 0
4.40386e+06, 3.32237e+06, 0
5.29628e+06, 4.49564e+06, 0
3.43358e+06, 4.71224e+06, 0
1.40149e+06, 6.68733e+06, 0
1.32373e+07, 621904, 0
1.18693e+06, 1.01187e+07, 0
3.68097e+06, 6.92978e+06, 0
7.15641e+06, 3.29448e+06, 0
5.31617e+06, 9.25519e+06, 0
9.55953e+06, 1.23098e+06, 0
2.75376e+06, 8.14085e+06, 0
1.20603e+07, 3.52067e+06, 0
785258, 5.79118e+06, 0
801492, 4.58101e+06, 0
9.44169e+06, 6.09499e+06, 0
4.82543e+06, 1.4275e+07, 0
7.969e+06, 6.26197e+06, 0
5.60901e+06, 4.51991e+06, 0
1.22194e+06, 4.54577e+06, 0
8.63766e+06, 6.00845e+06, 0
4.57552e+06, 5.63722e+06, 0
5.11953e+06, 2.73661e+06, 0
2.53203e+06, 5.03305e+06, 0
1.87468e+06, 2.51085e+06, 0
6.84751e+06, 3.43767e+06, 0
4.23086e+06, 6.43563e+06, 0
7.25402e+06, 9.43559e+06, 0
2.84662e+06, 8.80571e+06, 0
6.127e+06, 7.0208e+06, 0
6.79489e+06, 4.17735e+06, 0
5.79811e+06, 1.10335e+07, 0
8.8313e+06, 8.28632e+06, 0
4.18392e+06, 4.75639e+06, 0
4.72674e+06, 5.03835e+06, 0
9.20927e+06, 2.80914e+06, 0
4.49234e+06, 2.9671e+06, 0
5.36348e+06, 8.21231e+06, 0
2.77099e+06, 2.28262e+06, 0
3.97713e+06, 4.91091e+06, 0
2.67404e+06, 726106, 0
5.39261e+06, 5.31401e+06, 0
9.92017e+06, 4.96036e+06, 0
2.93856e+06, 5.01652e+06, 0
2.93912e+06, 1.24821e+07, 0
7.57372e+06, 3.69824e+06, 0
6.81806e+06, 5.82146e+06, 0
7.38761e+06, 5.84867e+06, 0
7.13921e+06, 6.92999e+06, 0
3.42244e+06, 2.66583e+06, 0
6.00403e+06, 3.69115e+06, 0
6.77215e+06, 6.65885e+06, 0
2.93961e+06, 5.55249e+06, 0
4.8908e+06, 9.32982e+06, 0
1.12908e+07, 6.82215e+06, 0
5.71026e+06, 6.72584e+06, 0
5.93647e+06, 7.55435e+06, 0
2.2877e+06, 5.93098e+06, 0
6.44144e+06, 1.66562e+07, 0
5.9811e+06, 7.00386e+06, 0
6.34417e+06, 3.48088e+06, 0
860806, 8.60122e+06, 0
2.86221e+06, 1.69021e+06, 0
1.56949e+06, 9.89312e+06, 0
5.43678e+06, 2.31388e+06, 0
8.621e+06, 6.45699e+06, 0
5.83247e+06, 3.69726e+06, 0
4.09204e+06, 4.77363e+06, 0
5.74697e+06, 4.88514e+06, 0
6.21221e+06, 9.33124e+06, 0
4.06e+06, 2.76838e+06, 0
6.47592e+06, 7.0032e+06, 0
8.26105e+06, 4.67986e+06, 0
2.4108e+06, 2.88342e+06, 0
851133, 3.59621e+06, 0
3.67088e+06, 5.22029e+06, 0
5.22044e+06, 6.08161e+06, 0
3.1115e+06, 4.11817e+06, 0
3.79776e+06, 7.57713e+06, 0
4.12213e+06, 9.01949e+06, 0
7.80732e+06, 2.57959e+06, 0
8.27598e+06, 5.68193e+06, 0
5.28858e+06, 4.51906e+06, 0
3.23474e+06, 5.15092e+06, 0
3.77007e+06, 5.18859e+06, 0
5.15609e+06, 4.01812e+06, 0
9.20889e+06, 1.87628e+06, 0
3.71901e+06, 5.31272e+06, 0
1.00933e+07, 4.15367e+06, 0
5.9707e+06, 6.19632e+06, 0
6.45499e+06, 5.95677e+06, 0
3.85625e+06, 3.55452e+06, 0
5.7742e+06, 1.08935e+07, 0
3.29033e+06, 7.06167e+06, 0
9.55422e+06, 7.19652e+06, 0
542803, 3.17639e+06, 0
3.74463e+06, 5.59023e+06, 0
6.54147e+06, 6.314e+06, 0
9.32712e+06, 2.42697e+06, 0
664109, 3.76947e+06, 0
1.07802e+07, 5.17779e+06, 0
7.96813e+06, 5.15372e+06, 0
3.47213e+06, 6.32207e+06, 0
2.52755e+06, 4.48322e+06, 0
8.24366e+06, 3.84136e+06, 0
5.66517e+06, 4.78507e+06, 0
1.1191e+07, 5.56586e+06, 0
3.93874e+06, 3.79246e+06, 0
4.5932e+06, 1.16519e+07, 0
3.52953e+06, 7.49307e+06, 0
6.70231e+06, 2.18164e+06, 0
6.16947e+06, 6.99839e+06, 0
7.67178e+06, 4.13012e+06, 0
5.71941e+06, 6.04433e+06, 0
9.15748e+06, 1.0988e+07, 0
3.11756e+06, 3.87864e+06, 0
2.57533e+06, 2.98226e+06, 0
5.0623e+06, 4.52876e+06, 0
3.7519e+06, 651525, 0
3.70279e+06, 1.14591e+07, 0
7.84073e+06, 4.77107e+06, 0
5.31943e+06, 6.89682e+06, 0
4.52513e+06, 8.33114e+06, 0
798596, 1.54281e+06, 0
5.62079e+06, 4.27538e+06, 0
1.50279e+06, 1.017e+07, 0
3.34663e+06, 2.70768e+06, 0
8.03629e+06, 1.74905e+06, 0
5.12332e+06, 1.45845e+06, 0
5.59267e+06, 3.37083e+06, 0
6.79991e+06, 4.52274e+06, 0
5.59524e+06, 3.71188e+06, 0
6.84669e+06, 3.05244e+06, 0
4.3232e+06, 7.80762e+06, 0
3.54549e+06, 6.76832e+06, 0
4.84082e+06, 4.66135e+06, 0
1.59643e+06, 8.10283e+06, 0
5.51858e+06, 5.29598e+06, 0
4.58971e+06, 2.15209e+06, 0
5.73691e+06, 2.79514e+06, 0
4.73427e+06, 5.87004e+06, 0
2.68615e+06, 3.15525e+06, 0
5.21664e+06, 4.48578e+06, 0
1.01562e+07, 6.91755e+06, 0
4.88459e+06, 7.20012e+06, 0
4.1904e+06, 6.44496e+06, 0
8.96231e+06, 6.93132e+06, 0
4.03845e+06, 6.09538e+06, 0
3.61669e+06, 3.45736e+06, 0
6.89526e+06, 1.39618e+06, 0
5.47843e+06, 7.13422e+06, 0
3.38972e+06, 821304, 0
9.61732e+06, 7.66726e+06, 0
7.08498e+06, 1.77809e+06, 0
2.80553e+06, 9.51285e+06, 0
4.78818e+06, 1.322e+06, 0
7.55662e+06, 4.5607e+06, 0
8.08258e+06, 4.09688e+06, 0
6.30514e+06, 8.18511e+06, 0
4.40323e+06, 6.10201e+06, 0
4.11257e+06, 7.22514e+06, 0
9.40725e+06, 656913, 0
6.26913e+06, 4.27053e+06, 0
8.2078e+06, 2.62712e+06, 0
6.15825e+06, 5.72872e+06, 0
1.33481e+06, 6.15858e+06, 0
3.71201e+06, 494320, 0
5.60703e+06, 1.79708e+06, 0
1.51648e+06, 8.12318e+06, 0
9.1055e+06, 6.33395e+06, 0
2.98225e+06, 3.49408e+06, 0
8.01987e+06, 8.46142e+06, 0
7.08239e+06, 4.46914e+06, 0
5.83569e+06, 7.25564e+06, 0
6.82607e+06, 7.29964e+06, 0
6.74357e+06, 4.13088e+06, 0
1.30688e+06, 670702, 0
4.31518e+06, 5.51404e+06, 0
5.97999e+06, 4.84138e+06, 0
4.76258e+06, 6.55171e+06, 0
2.52799e+06, 7.07727e+06, 0
4.48928e+06, 6.64956e+06, 0
4.9883e+06, 902505, 0
6.343e+06, 5.25069e+06, 0
2.25834e+06, 6.21591e+06, 0
8.40037e+06, 2.83576e+06, 0
2.37054e+06, 3.33738e+06, 0
3.45049e+06, 1.17533e+06, 0
2.88241e+06, 3.90204e+06, 0
4.56337e+06, 3.09488e+06, 0
6.19906e+06, 6.7117e+06, 0
7.62373e+06, 3.09384e+06, 0
8.80007e+06, 946380, 0
9.04281e+06, 2.14771e+06, 0
1.83969e+06, 3.32808e+06, 0
1.11529e+07, 3.50983e+06, 0
4.24497e+06, 2.88403e+06, 0
327892, 1.14823e+07, 0
2.03261e+06, 9.37754e+06, 0
3.20056e+06, 6.89236e+06, 0
1.56997e+06, 1.10493e+07, 0
3.66066e+06, 9.16949e+06, 0
6.40326e+06, 2.32428e+06, 0
5.22976e+06, 6.02776e+06, 0
3.14045e+06, 5.54368e+06, 0
7.07961e+06, 8.3548e+06, 0
1.92119e+06, 6.35834e+06, 0
4.52346e+06, 2.10305e+06, 0
1.0318e+07, 1.69379e+06, 0
5.13578e+06, 7.18838e+06, 0
3.4242e+06, 3.36924e+06, 0
4.37383e+06, 1.86679e+06, 0
304873, 1.01019e+07, 0
5.07304e+06, 6.93125e+06, 0
3.55262e+06, 2.49945e+06, 0
7.05331e+06, 1.09322e+07, 0
5.34086e+06, 3.07589e+06, 0
6.28584e+06, 3.0392e+06, 0
4.93132e+06, 5.9296e+06, 0
1.17356e+07, 3.17493e+06, 0
327100, 5.28777e+06, 0
2.90117e+06, 4.84599e+06, 0
4.30582e+06, 1.92627e+06, 0
5.90819e+06, 5.88677e+06, 0
5.7634e+06, 7.82582e+06, 0
6.28279e+06, 6.12913e+06, 0
5.28098e+06, 4.01707e+06, 0
1.12444e+07, 3.86011e+06, 0
9.70736e+06, 5.31434e+06, 0
4.89384e+06, 5.99683e+06, 0
3.26012e+06, 4.55704e+06, 0
2.97333e+06, 4.2848e+06, 0
9.0508e+06, 477907, 0
8.74394e+06, 1.38402e+06, 0
7.34496e+06, 7.37948e+06, 0
6.02488e+06, 9.49357e+06, 0
828326, 1.08567e+06, 0
6.20473e+06, 3.4667e+06, 0
6.60407e+06, 5.29898e+06, 0
6.00068e+06, 2.24572e+06, 0
2.05312e+06, 6.60452e+06, 0
4.01289e+06, 2.88958e+06, 0
4.0064e+06, 1.04267e+07, 0
5.12404e+06, 4.5138e+06, 0
2.41891e+06, 3.71886e+06, 0
1.481e+06, 2.68577e+06, 0
2.78964e+06, 4.14246e+06, 0
4.73256e+06, 8.57196e+06, 0
4.16816e+06, 1.65366e+06, 0
8.46317e+06, 3.00481e+06, 0
7.27981e+06, 5.88383e+06, 0
9.63906e+06, 3.27193e+06, 0
5.90879e+06, 1.57975e+06, 0
3.21275e+06, 6.25502e+06, 0
1.39164e+06, 6.22958e+06, 0
8.48268e+06, 5.50805e+06, 0
4.8156e+06, 274986, 0
6.26619e+06, 8.20908e+06, 0
5.39205e+06, 6.44707e+06, 0
2.90631e+06, 1.28788e+07, 0
5.95611e+06, 5.639e+06, 0
4.91848e+06, 8.84021e+06, 0
1.70407e+06, 1.01908e+07, 0
4.82491e+06, 7.30307e+06, 0
4.66169e+06, 1.01337e+07, 0
1.12018e+07, 3.98467e+06, 0
1.90764e+06, 2.88941e+06, 0
6.44297e+06, 5.17964e+06, 0
4.01417e+06, 6.80921e+06, 0
4.94575e+06, 5.52814e+06, 0
3.46736e+06, 1.26739e+07, 0
4.9333e+06, 1.04252e+06, 0
8.76674e+06, 7.1729e+06, 0
2.00014e+06, 2.83766e+06, 0
6.7321e+06, 6.69269e+06, 0
7.3229e+06, 7.78503e+06, 0
8.94068e+06, 5.92071e+06, 0
3.87802e+06, 2.05406e+06, 0
6.04515e+06, 7.87757e+06, 0
4.94543e+06, 816038, 0
1.91562e+06, 3.6308e+06, 0
5.18506e+06, 6.48054e+06, 0
2.48631e+06, 8.62411e+06, 0
3.58498e+06, 3.88721e+06, 0
3.79922e+06, 8.29435e+06, 0
5.21908e+06, 5.34665e+06, 0
5.97798e+06, 3.16711e+06, 0
4.07918e+06, 1.61009e+06, 0
4.20825e+06, 5.1622e+06, 0
3.81287e+06, 2.87692e+06, 0
3.19196e+06, 5.2544e+06, 0
5.15091e+06, 750046, 0
1.65295e+06, 2.08554e+06, 0
2.12838e+06, 6.32601e+06, 0
3.66919e+06, 8.09162e+06, 0
204436, 4.21834e+06, 0
8.40503e+06, 1.79956e+06, 0
1.04499e+07, 2.45796e+06, 0
4.30361e+06, 9.81573e+06, 0
5.49802e+06, 1.4379e+06, 0
4.17511e+06, 2.6357e+06, 0
2.05645e+06, 4.59274e+06, 0
4.37503e+06, 2.88593e+06, 0
3.32492e+06, 1.21342e+07, 0
3.58962e+06, 4.17352e+06, 0
6.72918e+06, 1.05331e+07, 0
3.59391e+06, 3.62925e+06, 0
4.69362e+06, 4.2126e+06, 0
7.05507e+06, 7.51238e+06, 0
3.3049e+06, 5.83871e+06, 0
466755, 1.41513e+06, 0
6.66157e+06, 9.19532e+06, 0
8.46317e+06, 5.57444e+06, 0
4.98825e+06, 1.66339e+06, 0
3.8068e+06, 1.846e+06, 0
3.11801e+06, 4.0521e+06, 0
7.25561e+06, 7.93223e+06, 0
5.88369e+06, 1.16845e+07, 0
2.33012e+06, 3.85611e+06, 0
2.81958e+06, 2.67578e+06, 0
6.10923e+06, 6.33311e+06, 0
2.25928e+06, 4.9122e+06, 0
5.38923e+06, 1.04635e+07, 0
3.50423e+06, 5.82747e+06, 0
1.05417e+07, 1.22276e+07, 0
1.75947e+06, 5.40624e+06, 0
1.20772e+07, 2.04271e+06, 0
8.23509e+06, 4.29657e+06, 0
3.28728e+06, 4.93386e+06, 0
2.71343e+06, 9.24399e+06, 0
8.36529e+06, 2.64057e+06, 0
6.70789e+06, 5.58901e+06, 0
5.65873e+06, 5.88958e+06, 0
5.49286e+06, 8.66577e+06, 0
6.7152e+06, 4.00472e+06, 0
1.09078e+07, 9.29856e+06, 0
5.78363e+06, 5.70983e+06, 0
4.76488e+06, 7.43975e+06, 0
5.14961e+06, 3.98774e+06, 0
9.10209e+06, 4.7662e+06, 0
3.41671e+06, 5.9598e+06, 0
2.47301e+06, 2.37017e+06, 0
4.58876e+06, 1.34266e+06, 0
6.27757e+06, 5.13673e+06, 0
1.2762e+07, 1.09706e+06, 0
8.25974e+06, 5.42574e+06, 0
8.01132e+06, 1.00241e+07, 0
3.2192e+06, 1.36241e+06, 0
5.17889e+06, 2.81444e+06, 0
5.30817e+06, 6.03137e+06, 0
4.60075e+06, 1.96788e+06, 0
3.42061e+06, 1.3519e+07, 0
6.19067e+06, 7.64654e+06, 0
8.84428e+06, 5.84627e+06, 0
5.83918e+06, 6.96417e+06, 0
8.83373e+06, 4.27884e+06, 0
4.00741e+06, 1.62952e+07, 0
4.04073e+06, 1.20296e+07, 0
615387, 6.67659e+06, 0
4.24911e+06, 738613, 0
4.93686e+06, 5.12606e+06, 0
2.90223e+06, 1.09163e+07, 0
3.3577e+06, 5.40214e+06, 0
2.07676e+06, 8.18484e+06, 0
5.7294e+06, 6.1522e+06, 0
2.5733e+06, 9.04659e+06, 0
3.61511e+06, 5.04198e+06, 0
7.29476e+06, 5.34203e+06, 0
4.67442e+06, 3.63656e+06, 0
2.58181e+06, 4.99082e+06, 0
1.10818e+07, 2.20857e+06, 0
4.48265e+06, 8.58105e+06, 0
4.83833e+06, 4.69592e+06, 0
4.7483e+06, 8.6551e+06, 0
2.54016e+06, 9.86469e+06, 0
2.37054e+06, 1.12287e+06, 0
7.04485e+06, 8.50446e+06, 0
2.6324e+06, 8.35693e+06, 0
2.09919e+06, 2.61742e+06, 0
3.20431e+06, 4.87678e+06, 0
7.68684e+06, 6.47816e+06, 0
4.90705e+06, 5.34026e+06, 0
1.83207e+06, 3.87993e+06, 0
4.00132e+06, 1.39141e+06, 0
9.18901e+06, 6.06823e+06, 0
4.25935e+06, 2.74046e+06, 0
4.89329e+06, 3.46256e+06, 0
1.85768e+06, 6.77013e+06, 0
2.32092e+06, 2.93264e+06, 0
6.62007e+06, 4.27576e+06, 0
1.23015e+06, 6.24903e+06, 0
9.52053e+06, 3.41156e+06, 0
5.42498e+06, 5.12676e+06, 0
7.0378e+06, 3.47711e+06, 0
3.33226e+06, 6.60058e+06, 0
4.61355e+06, 6.97136e+06, 0
1.20764e+07, 1.0685e+07, 0
3.56778e+06, 8.66904e+06, 0
1.15841e+07, 6.99717e+06, 0
2.82127e+06, 3.65601e+06, 0
4.08305e+06, 876520, 0
8.29305e+06, 1.80909e+06, 0
3.17169e+06, 7.92948e+06, 0
6.30331e+06, 2.73954e+06, 0
5.19497e+06, 9.66121e+06, 0
1.32755e+06, 3.40399e+06, 0
1.59639e+07, 6.7191e+06, 0
886911, 2.54492e+06, 0
7.17903e+06, 6.57426e+06, 0
1.18442e+07, 3.28161e+06, 0
1.48153e+06, 5.51524e+06, 0
7.35746e+06, 7.59614e+06, 0
3.10157e+06, 1.64619e+06, 0
3.34723e+06, 2.73565e+06, 0
1.20042e+07, 6.18015e+06, 0
5.19942e+06, 8.36748e+06, 0
6.52762e+06, 4.1099e+06, 0
4.7348e+06, 6.08664e+06, 0
3.40364e+06, 3.33592e+06, 0
3.61864e+06, 2.98788e+06, 0
8.78907e+06, 4.35381e+06, 0
6.9504e+06, 7.04985e+06, 0
4.45648e+06, 6.46615e+06, 0
1.09384e+07, 2.66437e+06, 0
1.42614e+06, 4.28253e+06, 0
6.68359e+06, 7.12002e+06, 0
2.56766e+06, 1.45397e+06, 0
4.95913e+06, 4.43634e+06, 0
4.96346e+06, 2.21337e+06, 0
9.64978e+06, 6.07862e+06, 0
6.58235e+06, 5.91639e+06, 0
1.36207e+06, 1.56214e+06, 0
3.70785e+06, 3.79427e+06, 0
7.52915e+06, 5.68396e+06, 0
4.10364e+06, 3.19467e+06, 0
5.54937e+06, 7.17121e+06, 0
3.82402e+06, 4.48209e+06, 0
860806, 8.60122e+06, 0
5.16007e+06, 7.07667e+06, 0
7.39815e+06, 3.90118e+06, 0
9.37203e+06, 6.08061e+06, 0
7.99788e+06, 113824, 0
3.28591e+06, 8.2627e+06, 0
8.0706e+06, 1.52428e+06, 0
7.70324e+06, 5.30748e+06, 0
2.11037e+06, 1.13729e+06, 0
9.35611e+06, 3.57337e+06, 0
9.39315e+06, 1.6905e+06, 0
7.59832e+06, 3.92194e+06, 0
4.26712e+06, 1.07526e+07, 0
4.80101e+06, 6.57747e+06, 0
4.35745e+06, 5.0591e+06, 0
1.16356e+07, 4.19331e+06, 0
5.66266e+06, 1.62845e+06, 0
3.5458e+06, 4.51414e+06, 0
3.21696e+06, 1.09581e+07, 0
1.06736e+07, 4.49173e+06, 0
6.28921e+06, 2.60268e+06, 0
5.72302e+06, 5.40909e+06, 0
1.3408e+07, 5.16274e+06, 0
3.20461e+06, 1.7497e+06, 0
3.54712e+06, 5.06677e+06, 0
5.61431e+06, 9.65852e+06, 0
5.98084e+06, 6.48886e+06, 0
4.33902e+06, 7.60075e+06, 0
6.00441e+06, 2.4068e+06, 0
3.80434e+06, 3.50467e+06, 0
2.37941e+06, 7.03621e+06, 0
9.65796e+06, 1.00725e+07, 0
1.66909e+06, 7.54573e+06, 0
3.20611e+06, 3.88399e+06, 0
2.32043e+06, 4.83146e+06, 0
4.81009e+06, 5.25484e+06, 0
1.67229e+06, 3.19811e+06, 0
2.89955e+06, 2.9192e+06, 0
4.57341e+06, 4.4907e+06, 0
1.71739e+06, 7.86609e+06, 0
5.09726e+06, 1.69368e+06, 0
3.68387e+06, 8.05539e+06, 0
5.59873e+06, 3.31194e+06, 0
7.92656e+06, 8.14772e+06, 0
2.40524e+06, 1.33647e+06, 0
6.28565e+06, 8.88762e+06, 0
5.79426e+06, 2.05373e+06, 0
2.40838e+06, 3.09187e+06, 0
9.35398e+06, 1.35917e+07, 0
2.46517e+06, 3.24269e+06, 0
7.33751e+06, 2.25879e+06, 0
3.62921e+06, 5.33491e+06, 0
6.19132e+06, 7.24346e+06, 0
3.64097e+06, 4.42356e+06, 0
7.768e+06, 1.00883e+07, 0
7.6622e+06, 5.26689e+06, 0
5.6955e+06, 7.50412e+06, 0
1.59584e+06, 8.30677e+06, 0
4.56348e+06, 4.04312e+06, 0
4.60314e+06, 2.88895e+06, 0
3.20276e+06, 7.28614e+06, 0
4.20857e+06, 2.57628e+06, 0
5.62079e+06, 3.00481e+06, 0
4.27754e+06, 4.12822e+06, 0
5.11062e+06, 3.65571e+06, 0
7.34473e+06, 750391, 0
6.06477e+06, 3.45306e+06, 0
5.20576e+06, 1.22891e+07, 0
3.36878e+06, 2.80783e+06, 0
7.68547e+06, 5.63639e+06, 0
5.75523e+06, 450559, 0
2.62883e+06, 6.54088e+06, 0
5.38689e+06, 1.18337e+07, 0
2.52864e+06, 1.75465e+06, 0
7.97043e+06, 8.99057e+06, 0
1.31441e+06, 4.53904e+06, 0
2.2472e+06, 4.60409e+06, 0
8.88068e+06, 3.7279e+06, 0
2.03722e+06, 9.52254e+06, 0
2.30122e+06, 5.03449e+06, 0
2.26271e+06, 2.84177e+06, 0
3.95232e+06, 2.47925e+06, 0
1.2468e+07, 2.88047e+06, 0
1.06434e+07, 1.02602e+07, 0
3.93319e+06, 4.54203e+06, 0
4.56986e+06, 221028, 0
335952, 5.28004e+06, 0
7.81253e+06, 4.42112e+06, 0
3.67529e+06, 1.23379e+07, 0
4.74931e+06, 5.09332e+06, 0
5.32809e+06, 6.73153e+06, 0
4.33496e+06, 7.27888e+06, 0
1.00969e+07, 6.32597e+06, 0
6.04211e+06, 5.9569e+06, 0
5.98134e+06, 6.13926e+06, 0
6.78136e+06, 9.71229e+06, 0
4.21768e+06, 6.87479e+06, 0
4.09242e+06, 4.83133e+06, 0
5.25151e+06, 1.78307e+06, 0
6.9004e+06, 3.68058e+06, 0
1.26834e+06, 2.06386e+06, 0
2.27433e+06, 1.07072e+07, 0
4.13853e+06, 4.28073e+06, 0
6.554e+06, 6.07891e+06, 0
1.86217e+06, 1.25801e+07, 0
9.87074e+06, 2.58627e+06, 0
3.1626e+06, 5.19233e+06, 0
3.12694e+06, 720359, 0
6.29864e+06, 3.73817e+06, 0
4.94884e+06, 4.57243e+06, 0
1.11614e+06, 1.13021e+07, 0
2.07041e+06, 2.67634e+06, 0
2.52517e+06, 4.16131e+06, 0
9.33417e+06, 1.96991e+06, 0
6.75096e+06, 5.03446e+06, 0
5.81729e+06, 3.18134e+06, 0
6.79506e+06, 1.64666e+06, 0
6.43117e+06, 2.43612e+06, 0
4.5391e+06, 2.94882e+06, 0
8.37349e+06, 1.98103e+06, 0
6.94863e+06, 8.43178e+06, 0
3.46046e+06, 2.86562e+06, 0
2.38812e+06, 7.34055e+06, 0
8.882e+06, 6.76661e+06, 0
3.32535e+06, 9.64053e+06, 0
6.28929e+06, 5.68295e+06, 0
4.52549e+06, 4.14899e+06, 0
4.8842e+06, 1.31036e+07, 0
8.38194e+06, 4.4977e+06, 0
2.75584e+06, 6.23662e+06, 0
2.62775e+06, 9.60238e+06, 0
6.42462e+06, 8.60544e+06, 0
5.41011e+06, 2.30278e+06, 0
9.98536e+06, 5.67347e+06, 0
6.3873e+06, 5.01773e+06, 0
2.22655e+06, 1.71521e+06, 0
7.23037e+06, 6.56563e+06, 0
6.4013e+06, 7.04021e+06, 0
5.84769e+06, 1.87759e+06, 0
4.9549e+06, 5.83185e+06, 0
1.05967e+07, 7.02713e+06, 0
2.75005e+06, 1.84532e+06, 0
5.21386e+06, 1.32315e+07, 0
3.56647e+06, 4.53546e+06, 0
2.96657e+06, 5.25184e+06, 0
6.49606e+06, 2.6868e+06, 0
7.29344e+06, 4.91911e+06, 0
1.02875e+07, 6.57558e+06, 0
1.04188e+07, 8.83206e+06, 0
2.99424e+06, 1.06207e+07, 0
1.14644e+07, 1.07414e+07, 0
5.34862e+06, 1.38548e+06, 0
6.76447e+06, 6.44204e+06, 0
1.08522e+07, 3.90168e+06, 0
5.41796e+06, 8.20282e+06, 0
8.03135e+06, 5.2644e+06, 0
2.81483e+06, 2.45914e+06, 0
9.94934e+06, 3.34328e+06, 0
1.7871e+06, 2.52173e+06, 0
1.74488e+06, 8.72427e+06, 0
7.2327e+06, 5.90084e+06, 0
2.89001e+06, 5.58341e+06, 0
5.74394e+06, 3.02096e+06, 0
4.30034e+06, 4.47265e+06, 0
3.75383e+06, 7.72744e+06, 0
2.25059e+06, 5.17729e+06, 0
7.61466e+06, 1.00374e+07, 0
1.5369e+06, 5.68927e+06, 0
2.31355e+06, 3.27602e+06, 0
3.17959e+06, 4.86837e+06, 0
2.2913e+06, 6.58097e+06, 0
9.81251e+06, 1.1845e+07, 0
9.15171e+06, 1.90924e+06, 0
4.94107e+06, 4.69459e+06, 0
1.682e+06, 5.33771e+06, 0
2.18615e+06, 3.67648e+06, 0
4.09855e+06, 1.68061e+06, 0
4.60044e+06, 1.05707e+07, 0
4.56488e+06, 4.36728e+06, 0
1.23799e+06, 4.48016e+06, 0
5.46843e+06, 2.71053e+06, 0
7.45401e+06, 5.62948e+06, 0
4.93097e+06, 3.67168e+06, 0
5.60014e+06, 2.14002e+06, 0
6.87861e+06, 3.02091e+06, 0
128433, 3.3894e+06, 0
4.28029e+06, 7.49208e+06, 0
5.84801e+06, 8.60122e+06, 0
4.57638e+06, 4.45601e+06, 0
6.40551e+06, 6.30463e+06, 0
3.19908e+06, 7.71776e+06, 0
3.16053e+06, 1.96134e+06, 0
4.42696e+06, 3.45906e+06, 0
1.75355e+06, 2.44804e+06, 0
1.00456e+07, 7.64021e+06, 0
6.07224e+06, 1.87616e+06, 0
278922, 7.79554e+06, 0
6.62417e+06, 396125, 0
3.87413e+06, 1.30001e+07, 0
5.01783e+06, 2.31398e+06, 0
5.73666e+06, 8.1455e+06, 0
5.59915e+06, 8.56466e+06, 0
301878, 5.02729e+06, 0
3.72276e+06, 2.93242e+06, 0
7.76176e+06, 5.4179e+06, 0
3.26484e+06, 8.98934e+06, 0
6.52848e+06, 2.71016e+06, 0
2.59531e+06, 7.07543e+06, 0
4.66292e+06, 5.06539e+06, 0
8.01326e+06, 9.47022e+06, 0
7.81175e+06, 6.54056e+06, 0
6.70108e+06, 6.71589e+06, 0
7.04099e+06, 7.91272e+06, 0
7.55295e+06, 5.08748e+06, 0
2.68696e+06, 5.33973e+06, 0
6.85947e+06, 3.07296e+06, 0
5.62118e+06, 6.96195e+06, 0
1.22552e+07, 6.03602e+06, 0
9.07487e+06, 6.88226e+06, 0
7.05202e+06, 2.51953e+06, 0
6.58583e+06, 3.84156e+06, 0
4.10698e+06, 7.33294e+06, 0
6.8614e+06, 964746, 0
6.83268e+06, 8.8567e+06, 0
5.41966e+06, 4.61672e+06, 0
2.82193e+06, 1.60551e+06, 0
4.86857e+06, 5.71581e+06, 0
3.89827e+06, 1.03795e+07, 0
925572, 3.33983e+06, 0
2.8211e+06, 4.27945e+06, 0
1.24651e+07, 6.76903e+06, 0
4.22248e+06, 8.78417e+06, 0
7.66624e+06, 1.15592e+06, 0
3.60592e+06, 1.68339e+06, 0
782622, 5.81798e+06, 0
8.44917e+06, 4.65289e+06, 0
3.3604e+06, 3.36524e+06, 0
930582, 4.71444e+06, 0
8.47045e+06, 4.30456e+06, 0
2.57815e+06, 3.64388e+06, 0
6.70267e+06, 2.43168e+06, 0
6.27106e+06, 4.16831e+06, 0
4.77451e+06, 4.37865e+06, 0
6.369e+06, 2.44143e+06, 0
1.10098e+07, 1.27446e+06, 0
2.31114e+06, 1.22131e+06, 0
4.29926e+06, 6.96296e+06, 0
3.06172e+06, 6.03387e+06, 0
9.26542e+06, 8.86111e+06, 0
7.96299e+06, 6.2772e+06, 0
5.84801e+06, 8.60122e+06, 0
4.04745e+06, 8.50386e+06, 0
1.94194e+06, 4.43283e+06, 0
2.42612e+06, 3.2519e+06, 0
4.10334e+06, 3.19482e+06, 0
4.21375e+06, 8.24191e+06, 0
4.16235e+06, 5.78926e+06, 0
4.98627e+06, 1.59153e+07, 0
614187, 8.12987e+06, 0
4.46273e+06, 3.66125e+06, 0
1.11643e+06, 9.61822e+06, 0
4.03816e+06, 1.09047e+07, 0
3.71605e+06, 9.83528e+06, 0
8.20964e+06, 3.9736e+06, 0
1.90059e+06, 3.5293e+06, 0
4.41733e+06, 4.09489e+06, 0
7.69829e+06, 6.28618e+06, 0
1.89379e+06, 3.40448e+06, 0
2.7716e+06, 7.91963e+06, 0
2.94121e+06, 8.07006e+06, 0
5.06456e+06, 6.76098e+06, 0
8.54615e+06, 4.44739e+06, 0
3.33675e+06, 6.74987e+06, 0
4.68774e+06, 2.41742e+06, 0
5.87221e+06, 1.58544e+06, 0
3.54968e+06, 1.09275e+07, 0
3.14901e+06, 4.72206e+06, 0
8.44806e+06, 1.45497e+06, 0
6.26281e+06, 1.13262e+06, 0
2.51348e+06, 4.01691e+06, 0
5.98251e+06, 3.02788e+06, 0
5.37292e+06, 6.05017e+06, 0
2.18412e+06, 8.48952e+06, 0
3.13038e+06, 6.6954e+06, 0
6.56552e+06, 1.35101e+06, 0
8.32272e+06, 3.87535e+06, 0
6.23179e+06, 6.27327e+06, 0
3.35319e+06, 6.18024e+06, 0
3.02004e+06, 7.41293e+06, 0
1.52817e+06, 6.46572e+06, 0
9.17378e+06, 6.12847e+06, 0
1.05326e+07, 6.67743e+06, 0
7.33828e+06, 6.49936e+06, 0
1.38558e+06, 6.00218e+06, 0
5.72981e+06, 1.35407e+06, 0
3.23046e+06, 6.95335e+06, 0
4.50259e+06, 1.22449e+06, 0
2.2486e+06, 3.30817e+06, 0
4.47138e+06, 3.2237e+06, 0
1.12433e+06, 2.38003e+06, 0
5.93705e+06, 6.50283e+06, 0
1.06313e+07, 3.78596e+06, 0
1.10523e+07, 4.38043e+06, 0
1.38385e+07, 1.73478e+06, 0
4.68447e+06, 2.76372e+06, 0
4.06448e+06, 9.03397e+06, 0
7.72121e+06, 8.05304e+06, 0
5.57323e+06, 4.80719e+06, 0
1.03576e+07, 6.14423e+06, 0
5.19333e+06, 7.38754e+06, 0
1.47634e+06, 2.062e+06, 0
6.56036e+06, 5.04509e+06, 0
3.89161e+06, 7.50485e+06, 0
6.07854e+06, 5.655e+06, 0
3.82346e+06, 6.39867e+06, 0
3.79671e+06, 4.78342e+06, 0
7.34477e+06, 4.09204e+06, 0
2.73266e+06, 6.16425e+06, 0
523326, 7.23567e+06, 0
3.20503e+06, 5.45519e+06, 0
9.68065e+06, 4.81823e+06, 0
9.36859e+06, 6.03637e+06, 0
6.54845e+06, 3.35294e+06, 0
2.03836e+06, 3.42006e+06, 0
8.31101e+06, 7.82629e+06, 0
2.82503e+06, 1.06714e+07, 0
5.51239e+06, 3.15013e+06, 0
5.01125e+06, 7.17441e+06, 0
9.24472e+06, 3.63317e+06, 0
2.28928e+06, 4.34716e+06, 0
8.54442e+06, 2.29564e+06, 0
6.03006e+06, 4.51341e+06, 0
4.30393e+06, 2.42346e+06, 0
4.31192e+06, 5.78857e+06, 0
8.70625e+06, 941254, 0
8.37193e+06, 934319, 0
1.00941e+07, 2.93817e+06, 0
7.05587e+06, 6.59334e+06, 0
6.17456e+06, 6.93143e+06, 0
5.27013e+06, 9.82908e+06, 0
7.90096e+06, 5.93766e+06, 0
1.00196e+07, 4.21263e+06, 0
5.04573e+06, 2.62734e+06, 0
3.71681e+06, 2.74222e+06, 0
3.74999e+06, 7.41744e+06, 0
3.57449e+06, 3.57002e+06, 0
6.0523e+06, 3.10142e+06, 0
7.78034e+06, 2.28158e+06, 0
7.68457e+06, 4.20996e+06, 0
3.38679e+06, 6.6086e+06, 0
4.68033e+06, 2.60862e+06, 0
3.38108e+06, 1.23564e+06, 0
5.30551e+06, 8.55229e+06, 0
6.7311e+06, 7.99675e+06, 0
5.2211e+06, 5.06112e+06, 0
7.75203e+06, 9.29505e+06, 0
4.30056e+06, 3.76613e+06, 0
5.19913e+06, 5.53265e+06, 0
1.40277e+06, 2.34241e+06, 0
2.56884e+06, 5.15369e+06, 0
6.47128e+06, 6.10688e+06, 0
5.45769e+06, 3.5894e+06, 0
3.64464e+06, 3.05361e+06, 0
3.50846e+06, 479665, 0
5.46209e+06, 1.74121e+06, 0
7.13936e+06, 5.89563e+06, 0
2.11346e+06, 3.99187e+06, 0
5.28953e+06, 4.14737e+06, 0
7.38315e+06, 3.0343e+06, 0
549345, 5.21635e+06, 0
3.41942e+06, 3.17817e+06, 0
1.46885e+06, 1.63507e+06, 0
2.02473e+06, 6.81587e+06, 0
1.19137e+07, 2.65132e+06, 0
4.73694e+06, 1.05923e+07, 0
