136635, 83110.5, 0
143009, 58439.8, 0
68159.6, 45016.5, 0
31847.7, 180457, 0
157030, 28633.4, 0
114741, 152250, 0
31140.4, 209030, 0
159245, 64939.2, 0
118452, 129999, 0
127424, 85181.1, 0
84335.9, 95391.3, 0
226074, 209515, 0
129185, 165968, 0
118936, 128853, 0
124798, 309054, 0
255805, 53459, 0
57872.6, 97995, 0
46867.1, 143386, 0
176571, 141191, 0
31600.9, 155656, 0
19177.1, 128996, 0
73066.6, 283501, 0
56238.2, 161898, 0
113033, 110717, 0
187976, 153177, 0
92580, 144633, 0
122294, 90977.2, 0
179599, 192160, 0
110232, 125404, 0
158020, 51754.3, 0
166291, 99273.2, 0
86449.1, 155941, 0
95206.8, 56271.3, 0
40185.3, 121372, 0
121974, 52770, 0
69818.9, 66739.1, 0
177845, 47798.6, 0
139414, 168500, 0
77108.4, 61630.6, 0
92482.5, 140443, 0
101600, 23889, 0
158119, 28791.2, 0
115026, 8457.01, 0
291283, 122410, 0
19654.5, 62576.1, 0
122475, 193313, 0
187559, 42507, 0
46615.4, 107712, 0
98033.3, 153225, 0
33772.2, 119038, 0
66717.4, 119666, 0
53653.1, 112203, 0
206041, 87513.8, 0
144434, 227347, 0
104674, 162094, 0
191476, 145702, 0
202675, 195884, 0
219418, 102337, 0
102774, 85068.7, 0
135926, 5570.71, 0
120306, 13241.4, 0
188367, 47036.2, 0
36371.4, 70488.2, 0
65243.1, 148399, 0
135956, 40196.7, 0
193760, 243121, 0
26973.3, 118609, 0
166245, 135656, 0
247788, 53352.9, 0
170613, 54493.9, 0
188958, 115719, 0
50444.5, 164931, 0
68221.9, 127694, 0
100835, 151853, 0
276724, 136925, 0
48802.3, 70034.6, 0
164497, 93504.4, 0
115611, 115279, 0
68766, 156317, 0
148117, 128879, 0
168368, 86923.4, 0
271063, 50849.3, 0
234547, 192821, 0
197971, 101352, 0
123664, 67697.9, 0
22356.9, 28817.3, 0
87381.6, 33154.7, 0
24053.2, 100201, 0
176460, 114654, 0
77562.8, 161224, 0
69497.4, 216488, 0
255098, 165396, 0
60152.8, 121891, 0
222877, 38960.3, 0
186339, 281141, 0
169375, 108106, 0
165893, 162565, 0
224388, 13092.3, 0
207821, 52256.2, 0
287760, 73677.1, 0
123179, 131363, 0
22376.9, 187164, 0
62173.9, 161869, 0
182422, 126284, 0
30738.9, 6929.53, 0
33528.5, 154460, 0
68877.8, 382855, 0
201546, 8965.59, 0
43273, 130308, 0
169381, 103184, 0
27634, 271823, 0
180887, 137580, 0
114158, 142401, 0
367702, 90263.6, 0
145191, 114848, 0
74778, 45600, 0
45872.9, 95204.1, 0
118585, 59449.7, 0
132676, 20440.1, 0
69092.4, 10240.4, 0
114184, 136762, 0
167595, 197354, 0
62669, 67919.3, 0
135543, 159321, 0
242740, 57297.4, 0
123949, 38460.1, 0
69196.3, 85654.1, 0
168962, 143113, 0
104295, 207893, 0
113744, 239143, 0
120926, 177845, 0
177198, 161893, 0
152018, 156224, 0
87337.6, 62725.8, 0
129795, 122462, 0
94877.5, 238727, 0
27870.6, 157368, 0
135462, 210729, 0
64211, 141958, 0
90985.5, 108280, 0
86921.4, 94490, 0
185970, 237867, 0
164873, 170237, 0
136589, 39924.6, 0
69286.9, 237634, 0
144088, 66085.6, 0
123711, 151142, 0
169622, 145079, 0
199184, 130026, 0
85939.3, 60208.5, 0
120040, 149542, 0
27599.8, 116773, 0
247059, 148371, 0
159589, 92573.9, 0
142745, 197029, 0
194750, 80293.2, 0
148111, 63609.3, 0
205624, 66955.6, 0
58663.4, 80266.9, 0
203120, 166000, 0
86945.4, 28402, 0
55650.4, 137236, 0
88786.8, 90555.9, 0
187223, 81524.2, 0
61396.8, 102964, 0
93052.9, 26072.5, 0
45409.7, 140085, 0
120775, 80332, 0
103610, 109318, 0
141247, 91967.6, 0
79746.4, 95794.6, 0
98087.6, 89600.7, 0
135837, 137928, 0
115861, 186394, 0
247342, 308275, 0
211049, 23443.2, 0
44738.1, 103772, 0
87926, 248978, 0
153840, 75906, 0
104563, 119794, 0
129586, 115665, 0
84097.2, 367663, 0
88619.5, 129164, 0
108267, 91890.1, 0
99607.4, 159975, 0
153058, 116502, 0
132637, 197002, 0
156063, 132877, 0
88675.5, 90336.7, 0
96314.9, 101147, 0
159620, 172598, 0
88735.5, 123461, 0
135127, 105272, 0
85543.4, 61944.6, 0
70919, 125549, 0
26260, 155770, 0
60433.9, 87216.5, 0
134312, 210796, 0
139460, 270674, 0
160495, 178634, 0
91984.5, 76968.7, 0
155561, 142204, 0
74363.8, 87407.1, 0
358341, 82825.1, 0
335845, 96326.6, 0
66335.1, 57221.9, 0
61017.3, 71255.1, 0
102725, 101097, 0
17203.9, 50329.9, 0
92295.5, 85834.8, 0
57011, 101744, 0
75466, 148609, 0
97735.9, 142995, 0
14083.3, 32654, 0
112735, 61601, 0
107244, 23959.8, 0
189459, 107879, 0
73196.5, 90510.3, 0
190520, 19806.4, 0
41474.8, 118001, 0
132548, 79090.8, 0
80362, 127818, 0
179080, 95457.9, 0
84708.3, 63238.2, 0
110596, 74249.9, 0
51089.9, 110627, 0
201575, 282137, 0
54839.9, 284596, 0
41302.1, 94204.8, 0
196379, 132117, 0
49493.7, 101479, 0
90099.6, 62980.8, 0
250880, 45527.4, 0
187876, 130350, 0
72628, 129775, 0
226491, 159609, 0
221024, 61591.6, 0
234125, 48563.6, 0
62020.9, 68008.9, 0
147429, 144881, 0
310584, 121140, 0
123117, 56266.9, 0
61905, 104431, 0
68597.2, 189504, 0
207239, 119270, 0
34346.6, 194824, 0
106302, 56635.6, 0
89929.8, 99934.9, 0
143832, 290916, 0
93363.3, 163522, 0
67019.4, 133926, 0
58079.6, 126963, 0
242562, 88768.4, 0
92181.8, 84184, 0
173089, 96571.2, 0
126078, 97818.9, 0
86289.4, 43097.7, 0
107054, 52682.8, 0
75187.7, 19957.1, 0
147252, 186876, 0
199145, 111992, 0
246613, 38786.8, 0
72525.2, 147357, 0
37928.4, 141983, 0
110971, 48793.5, 0
228390, 130343, 0
120470, 195608, 0
83897.8, 33947.1, 0
71299.3, 158604, 0
33677.6, 148426, 0
137276, 244265, 0
115286, 34639.7, 0
137417, 117733, 0
107499, 168237, 0
123321, 227645, 0
240719, 108689, 0
119510, 124206, 0
91189.7, 125141, 0
38890.5, 61729.5, 0
136609, 115855, 0
99053.8, 67633.9, 0
64104.4, 51887.7, 0
188386, 192208, 0
138787, 98671.7, 0
89725.6, 252796, 0
77156.3, 63187.5, 0
119605, 40579.5, 0
241193, 107346, 0
215143, 110048, 0
143918, 56487.8, 0
37651.1, 138594, 0
78995.8, 188283, 0
150465, 45720, 0
145207, 136479, 0
46854.4, 103698, 0
129395, 74459.1, 0
132748, 76888.1, 0
43287, 158111, 0
223290, 128907, 0
167251, 93025, 0
121651, 192502, 0
90863.2, 56487.4, 0
55469.1, 50648.8, 0
156030, 195094, 0
45290.1, 298247, 0
61427.7, 210941, 0
83210.3, 76125.6, 0
136717, 93100.8, 0
112567, 170068, 0
49442.5, 199016, 0
71283.6, 152307, 0
49217.8, 55734.9, 0
67258.8, 69626.6, 0
25798, 256015, 0
71738.6, 146294, 0
87372.2, 91839.2, 0
56773.3, 140788, 0
67776.9, 155816, 0
141220, 249256, 0
164093, 128129, 0
160773, 200092, 0
173517, 175204, 0
103404, 75115.6, 0
71978.4, 139945, 0
192092, 66860.2, 0
241081, 31297.7, 0
128500, 127578, 0
180567, 115470, 0
183107, 49234, 0
150856, 193039, 0
138669, 141183, 0
194308, 181532, 0
93937.4, 78984.3, 0
161625, 83110.5, 0
136019, 182667, 0
37554.1, 142578, 0
84010.9, 59480.8, 0
120822, 105199, 0
135871, 237377, 0
140417, 157174, 0
142111, 16136.4, 0
162819, 93040.5, 0
191458, 138056, 0
68446.3, 172056, 0
134557, 257706, 0
81607.6, 77633.3, 0
128417, 103907, 0
99777.3, 131942, 0
65143.5, 198430, 0
85118.9, 292478, 0
158669, 83987.8, 0
164604, 308366, 0
66452.3, 149125, 0
163338, 160200, 0
105461, 140946, 0
184120, 153673, 0
79099, 93765.2, 0
80329, 161017, 0
139788, 70172, 0
108418, 261382, 0
54532.9, 203284, 0
88395.3, 197854, 0
86341.4, 71671.6, 0
115985, 66816.7, 0
151305, 49240, 0
104110, 216956, 0
220644, 121355, 0
246736, 174511, 0
37444, 82012.8, 0
81840.1, 218681, 0
70596, 216115, 0
104664, 127927, 0
86048.7, 98001, 0
241645, 161020, 0
98088.4, 147325, 0
41034.2, 65609, 0
128204, 226108, 0
101472, 266066, 0
88465.5, 137076, 0
146943, 95851.6, 0
110514, 158679, 0
95539.4, 82667.4, 0
56961, 170878, 0
69151.9, 82962.2, 0
93986.9, 79985.6, 0
134190, 230884, 0
102104, 164008, 0
182867, 145945, 0
54425.1, 144362, 0
119793, 147236, 0
58880, 69057.5, 0
78522.8, 114469, 0
207652, 160936, 0
106862, 244291, 0
95406.2, 65487.9, 0
151981, 273579, 0
103982, 126115, 0
70243.3, 67233, 0
241593, 52582.5, 0
88466.2, 158804, 0
130453, 283321, 0
97353.6, 193446, 0
137329, 61571.8, 0
84045.5, 31506.8, 0
214833, 135555, 0
134242, 17825.1, 0
107803, 159328, 0
13573.8, 237126, 0
159966, 56271.2, 0
172462, 142042, 0
49922.5, 72445.6, 0
94028.7, 101384, 0
128711, 51440, 0
79201, 65229.6, 0
73215.6, 135605, 0
74467.6, 134151, 0
154870, 111679, 0
81249.8, 214639, 0
153017, 127515, 0
173544, 79956.2, 0
61534.3, 142444, 0
22583, 204786, 0
106037, 101625, 0
118720, 188034, 0
136648, 175880, 0
89569.3, 233758, 0
109426, 93294.6, 0
59585, 161329, 0
139197, 72454.7, 0
48740.6, 182401, 0
19415.1, 92740.8, 0
117071, 211676, 0
159718, 24679.9, 0
90103.2, 132503, 0
267223, 284204, 0
255803, 40274.9, 0
25143.4, 134965, 0
32299.4, 78384.5, 0
250118, 273297, 0
73134.9, 70492.4, 0
68952.8, 19603.9, 0
69032.4, 116088, 0
88151.6, 139422, 0
110010, 213151, 0
75454.7, 67622.6, 0
168357, 117480, 0
39357.5, 241249, 0
70188.4, 136836, 0
150837, 92364.3, 0
52043.4, 166589, 0
168580, 40186.5, 0
78125.2, 42636.9, 0
103709, 232648, 0
78011.7, 91702.9, 0
82635.5, 311846, 0
258305, 169639, 0
69996.4, 77953.3, 0
48719.8, 95413.1, 0
128684, 45901.6, 0
163632, 152548, 0
170409, 163939, 0
229525, 153139, 0
202657, 131657, 0
114090, 167956, 0
117585, 176088, 0
73970.1, 171357, 0
120189, 106267, 0
34493.3, 28573.5, 0
135426, 80274.4, 0
176122, 83852.9, 0
157033, 232816, 0
25699.6, 79822.2, 0
64709.5, 133284, 0
96179.2, 123568, 0
219329, 120623, 0
74353.4, 46978, 0
110558, 170580, 0
164690, 92253.8, 0
236328, 133180, 0
56236.8, 104015, 0
81135.2, 170001, 0
166141, 197080, 0
54631.3, 88209.6, 0
113654, 107868, 0
83822, 61066.8, 0
104831, 70459, 0
220590, 191048, 0
66238.6, 40850.6, 0
273032, 115729, 0
180992, 274517, 0
253224, 71058.6, 0
226823, 176326, 0
105120, 48436.4, 0
31786.3, 100735, 0
47225.9, 171661, 0
229101, 23604, 0
179555, 140655, 0
186101, 339157, 0
194766, 180155, 0
63699.8, 105106, 0
56028.2, 250921, 0
19250.9, 144822, 0
164863, 127397, 0
187571, 37780.2, 0
54726.4, 175191, 0
78800.7, 64974.8, 0
241891, 62614.1, 0
202398, 14007.1, 0
78275.9, 55476.6, 0
108171, 142154, 0
207465, 110089, 0
80440.2, 39542.2, 0
113382, 40889.3, 0
83517.5, 210095, 0
168449, 157150, 0
68116, 221733, 0
93721.9, 128519, 0
127061, 270085, 0
110354, 204615, 0
165418, 164463, 0
66185, 183978, 0
80055.2, 86939, 0
296525, 104292, 0
76962, 23192.5, 0
106870, 174391, 0
136399, 34908.5, 0
47280.5, 92943.5, 0
196901, 56602.9, 0
80345.9, 86220.9, 0
100770, 69222.5, 0
201782, 80057.5, 0
104964, 209384, 0
125523, 98977.6, 0
241433, 71649.9, 0
126753, 61143, 0
63791.2, 143114, 0
234172, 139398, 0
180871, 234411, 0
72857, 49758, 0
74752.5, 80828.6, 0
152812, 209816, 0
131887, 84388.7, 0
136972, 181045, 0
149070, 43381.8, 0
148652, 121609, 0
109485, 18590, 0
156440, 188611, 0
282375, 77852.2, 0
138780, 69641, 0
65864.6, 155116, 0
79184, 132028, 0
107688, 128338, 0
35751.5, 55896, 0
70849.6, 97526.2, 0
166978, 116363, 0
101538, 89040.4, 0
127425, 133081, 0
81739.3, 30133.2, 0
121764, 129127, 0
164406, 310882, 0
56499.4, 186519, 0
89375.9, 20681, 0
225696, 79377.4, 0
214661, 76322.5, 0
150851, 191801, 0
213703, 100091, 0
61593.2, 202215, 0
196242, 30978.7, 0
196994, 84951.6, 0
55037.8, 256281, 0
143378, 127369, 0
10956, 92679.2, 0
71938.3, 24032.9, 0
82074.7, 32292.1, 0
106136, 22218.4, 0
152515, 61039.9, 0
146483, 101058, 0
109195, 125069, 0
184204, 100379, 0
123107, 165150, 0
71993.1, 107861, 0
205458, 197180, 0
132442, 163306, 0
172322, 76959.7, 0
135816, 53540.8, 0
80690.5, 94196.2, 0
168124, 98441.5, 0
87262.7, 298450, 0
32690.2, 57384.7, 0
92254.3, 122985, 0
61234.3, 148408, 0
93546.7, 56556, 0
82682, 93976.2, 0
57896.3, 181098, 0
75433.5, 154117, 0
329805, 139094, 0
274631, 92529.2, 0
129281, 177776, 0
169464, 75954.4, 0
206101, 24348.3, 0
99464.1, 153653, 0
140416, 129023, 0
84973.2, 183321, 0
242255, 28224.5, 0
148534, 171499, 0
86365.7, 141544, 0
41107.5, 125718, 0
170445, 218303, 0
65013.4, 98232, 0
17248.8, 126494, 0
81027.8, 79178.5, 0
5120.13, 78257.4, 0
148607, 36089.8, 0
134798, 75045.3, 0
248037, 23371.2, 0
25451.9, 116383, 0
91616.4, 57031.1, 0
76700, 189531, 0
131568, 111172, 0
194413, 174286, 0
99469.4, 45587.6, 0
45704.6, 38249.6, 0
86209.3, 186569, 0
120745, 170169, 0
156055, 138111, 0
165542, 57745.2, 0
283674, 78268.7, 0
76927.6, 90105.1, 0
198866, 16135.7, 0
167104, 187897, 0
123645, 58128.7, 0
42217.7, 280887, 0
199010, 75348.9, 0
134434, 180540, 0
81177.7, 57902, 0
193825, 64892.3, 0
126839, 82819.4, 0
227315, 69055.5, 0
155402, 158872, 0
56755.1, 239365, 0
111386, 98005.4, 0
45327, 219992, 0
114509, 56924.3, 0
64982, 76680.9, 0
86680.7, 223563, 0
107819, 123274, 0
138913, 124726, 0
190707, 76139.2, 0
130067, 73313.9, 0
47582.9, 111784, 0
61923, 203117, 0
67808.4, 149256, 0
245656, 172146, 0
84769.7, 190251, 0
91523.9, 78335.1, 0
133048, 232946, 0
63425.9, 183258, 0
186510, 108089, 0
35786.2, 123983, 0
113452, 33362.4, 0
145152, 141967, 0
86381.3, 176402, 0
42757.8, 133382, 0
171674, 218583, 0
19069.1, 140685, 0
53708.4, 204325, 0
257819, 94496.1, 0
113444, 125915, 0
109111, 193961, 0
68138.6, 142849, 0
177459, 62098, 0
163254, 17006, 0
143127, 86125.9, 0
84348.8, 93429.1, 0
119417, 30372.3, 0
61331.7, 201906, 0
52914.5, 185169, 0
138088, 152525, 0
178371, 79138.1, 0
123931, 155995, 0
65160.1, 116924, 0
64090.6, 143679, 0
94736.8, 202050, 0
95035.4, 81211.8, 0
198253, 129273, 0
52023.8, 55659.1, 0
55269.1, 98985.9, 0
135492, 136092, 0
22235.1, 218321, 0
111224, 206196, 0
219613, 109311, 0
163592, 153004, 0
149434, 99520.9, 0
129925, 151329, 0
43992.4, 150367, 0
49193.6, 196609, 0
97389.4, 138659, 0
97430.5, 14838.3, 0
251425, 215173, 0
120297, 171091, 0
69246.5, 138170, 0
194667, 190035, 0
137679, 105677, 0
87890.2, 83204.9, 0
23204.3, 148252, 0
178558, 150513, 0
94468.4, 93885.3, 0
138046, 46836.3, 0
317777, 195516, 0
118557, 83492.8, 0
16051.9, 210944, 0
20404, 69690.1, 0
234682, 86209.5, 0
35812.6, 83179.9, 0
136497, 167618, 0
31814.9, 80638.4, 0
172637, 164903, 0
130827, 20085.9, 0
161420, 21841.7, 0
136662, 28813.1, 0
149805, 139302, 0
71770.8, 146363, 0
26912.3, 161844, 0
216882, 158991, 0
14014, 195191, 0
238913, 4287.39, 0
117524, 153533, 0
60457.4, 94948.8, 0
105863, 112211, 0
183657, 87530.5, 0
37928.5, 179796, 0
54231.4, 139965, 0
138550, 49346.7, 0
107370, 234276, 0
103723, 320900, 0
190843, 159648, 0
148902, 96061.8, 0
82013.8, 135281, 0
177133, 44567.4, 0
92946.7, 173407, 0
50271.2, 100121, 0
85513.7, 161068, 0
177476, 43301.8, 0
66716.2, 217935, 0
93265.1, 45631.6, 0
88798.4, 79294.3, 0
113712, 86672.4, 0
203584, 107672, 0
94254.2, 176514, 0
192856, 94237.6, 0
131901, 52453.7, 0
75021.6, 166299, 0
89437.5, 93050.5, 0
89557.2, 103896, 0
34483.1, 79476.4, 0
44408, 138292, 0
125323, 155450, 0
100737, 154682, 0
86292.1, 178313, 0
210130, 71620.2, 0
109170, 116350, 0
204708, 44235.4, 0
153201, 75508.9, 0
66058.2, 42951, 0
35746.3, 150345, 0
107237, 83344.7, 0
189438, 27870.8, 0
14483.7, 100165, 0
250688, 207711, 0
304105, 216106, 0
318977, 39208.2, 0
88572.4, 92722.3, 0
130803, 238257, 0
72364.9, 120281, 0
72100.5, 82385.2, 0
209334, 156148, 0
35000.4, 211954, 0
88230.7, 207149, 0
168596, 104851, 0
169279, 107778, 0
215767, 118720, 0
179601, 157057, 0
31920.9, 126766, 0
220692, 180008, 0
61776.1, 196287, 0
181071, 54372.5, 0
200025, 314600, 0
99856.6, 96567.9, 0
119207, 69393.1, 0
157698, 120854, 0
134850, 274068, 0
72298.7, 136711, 0
28580.2, 188037, 0
217231, 62818.1, 0
90478.7, 219967, 0
176776, 165675, 0
138054, 33706.9, 0
139390, 253066, 0
83779.4, 22728.1, 0
170133, 202230, 0
17289.5, 82166.6, 0
57857.5, 52402.2, 0
336080, 177671, 0
50131.3, 99532.7, 0
244696, 67886, 0
242587, 210854, 0
46166.5, 172716, 0
103680, 169682, 0
83316, 22539, 0
84072.6, 183635, 0
57891.3, 90329.1, 0
77986.7, 65002.8, 0
49369.7, 104771, 0
170919, 114395, 0
192470, 264195, 0
228227, 165774, 0
90012.9, 68866.9, 0
112458, 146760, 0
60221.5, 151845, 0
130709, 242464, 0
65291.5, 82604.5, 0
82703.6, 119060, 0
231537, 198373, 0
243959, 19094.6, 0
95531.6, 25572.3, 0
116120, 122003, 0
76853.5, 351884, 0
5873.66, 129093, 0
123226, 149657, 0
49614.5, 66140.7, 0
161025, 54362, 0
68333.5, 26500.1, 0
188380, 88268.4, 0
191284, 180902, 0
52497.2, 64562.1, 0
137167, 182935, 0
43032.9, 148933, 0
175796, 66473.6, 0
276182, 104628, 0
126748, 239568, 0
203539, 122452, 0
177132, 87980.5, 0
163742, 185622, 0
77471.2, 105374, 0
167495, 207810, 0
48950.5, 114531, 0
246938, 86395.6, 0
77288, 125200, 0
187178, 58274.6, 0
140275, 170432, 0
297145, 106362, 0
24450.1, 294262, 0
44209.1, 71022.9, 0
57202.5, 55537.2, 0
167982, 31306.9, 0
205195, 56221.7, 0
290992, 129294, 0
129166, 175251, 0
88113.2, 79958.7, 0
139124, 100620, 0
43214.3, 41969.5, 0
127493, 126357, 0
115378, 125101, 0
36023.6, 88633.4, 0
97485.8, 227188, 0
103201, 40559.7, 0
107370, 68511.8, 0
156596, 117319, 0
187335, 68055.9, 0
96582.2, 89139, 0
134869, 57817.3, 0
316174, 166579, 0
182138, 90443.1, 0
34174.6, 152585, 0
156764, 90747.6, 0
67102.7, 39613.2, 0
99942.5, 57491.2, 0
141060, 94187.8, 0
189735, 129289, 0
110802, 103814, 0
330122, 121214, 0
59118.6, 57742.6, 0
252376, 102390, 0
58739, 131413, 0
162405, 126767, 0
71744.8, 317764, 0
72425.1, 176611, 0
62662.9, 146125, 0
105479, 192202, 0
118288, 215841, 0
183395, 57083, 0
109814, 140364, 0
116888, 61406.4, 0
155499, 135859, 0
110891, 113584, 0
173978, 130018, 0
107243, 104000, 0
79745.5, 87130.2, 0
76482.7, 52799.1, 0
118557, 137305, 0
60184.4, 97394.6, 0
175748, 147309, 0
128487, 35096.1, 0
117794, 93928.7, 0
214820, 115954, 0
177004, 221579, 0
188629, 141978, 0
170343, 205803, 0
93070, 113405, 0
107936, 217412, 0
185988, 82735.5, 0
270244, 63584.3, 0
120918, 139842, 0
81513.7, 92094.9, 0
119141, 126708, 0
120767, 51411.7, 0
86086.3, 10113.4, 0
113253, 100797, 0
118659, 149741, 0
66753.8, 55432.2, 0
201326, 50733, 0
49549.3, 19430.3, 0
58006.1, 41550.6, 0
172631, 53830.9, 0
185684, 234304, 0
94568.1, 103315, 0
179105, 68989.6, 0
193980, 237861, 0
52846.5, 52676.1, 0
136064, 106377, 0
109888, 137277, 0
25356.3, 95467.8, 0
66898.4, 148634, 0
36632.9, 79788.2, 0
162482, 59260.8, 0
116228, 132699, 0
109360, 111342, 0
38650.4, 58479.1, 0
124455, 87802.3, 0
69860.2, 51988.3, 0
160065, 45984.3, 0
55314.3, 123085, 0
138787, 88658.6, 0
349226, 267766, 0
109556, 115269, 0
182144, 159925, 0
60768.4, 123511, 0
72762.2, 168727, 0
93101.9, 55313.5, 0
100162, 85776.7, 0
161769, 180461, 0
41765.8, 88454.3, 0
108523, 96612.3, 0
126642, 248001, 0
154808, 22701, 0
203003, 89084, 0
155139, 116569, 0
44363.8, 177454, 0
84840.6, 138230, 0
103434, 85429, 0
86904.1, 48483.6, 0
107285, 64071.2, 0
120508, 38919.8, 0
100058, 66172.9, 0
64950.5, 132301, 0
117853, 39402.8, 0
106346, 81793.1, 0
41589.8, 17510.1, 0
96274.9, 39654.3, 0
88864.4, 124163, 0
192698, 242124, 0
193795, 256370, 0
38289.3, 54366.9, 0
16561.6, 158297, 0
50096.9, 145834, 0
49482.8, 79511.5, 0
184073, 115965, 0
120116, 74940.6, 0
134822, 212489, 0
147212, 233933, 0
55653.8, 81132.1, 0
194596, 239093, 0
88268.4, 51449.9, 0
47569.5, 163562, 0
79403.4, 72435.8, 0
77994, 183539, 0
150209, 110185, 0
45077.8, 102228, 0
104765, 129455, 0
210814, 108194, 0
177181, 130718, 0
101091, 80196.9, 0
65754.7, 130525, 0
32613, 173175, 0
219331, 93938.6, 0
81240.4, 26692.8, 0
263107, 360001, 0
55023.6, 105544, 0
251568, 40703.4, 0
38590.7, 210764, 0
37982.4, 7642.11, 0
245611, 153808, 0
221493, 186822, 0
124331, 150265, 0
148676, 337536, 0
53171.2, 13142.4, 0
169389, 99390.3, 0
85683.5, 166332, 0
24273.3, 114550, 0
127968, 249954, 0
176233, 114364, 0
271830, 127860, 0
306835, 174934, 0
109826, 253591, 0
189426, 180333, 0
63424.6, 227495, 0
175368, 231810, 0
91948.9, 122998, 0
125781, 82290.1, 0
88613.4, 282377, 0
108288, 209861, 0
9566.7, 151563, 0
170519, 195462, 0
116956, 194716, 0
96129.3, 78079.8, 0
265057, 74302.7, 0
152061, 84709.2, 0
141181, 114451, 0
10606.5, 82927.7, 0
255321, 66697.3, 0
64994.6, 118599, 0
58028, 138609, 0
236220, 201985, 0
120747, 110325, 0
92300.7, 98130, 0
33095.6, 178069, 0
48832.6, 55871.9, 0
308990, 158972, 0
70196.8, 45396.2, 0
104396, 144673, 0
288312, 67949.8, 0
115656, 136843, 0
65899.3, 89015.3, 0
58641.1, 111373, 0
51777.9, 176709, 0
148283, 103577, 0
165267, 45813.8, 0
9980.67, 54399.6, 0
67977.2, 111799, 0
185674, 128004, 0
17658.8, 178794, 0
94049, 58227.9, 0
211478, 144989, 0
193970, 82159.2, 0
84542.6, 284931, 0
126802, 86919, 0
238131, 147847, 0
21213.8, 93376.7, 0
140312, 208023, 0
21782, 66914.1, 0
55607.8, 69391.2, 0
265657, 85515.6, 0
85047.7, 22512.3, 0
75133.4, 40247.4, 0
230953, 180800, 0
71962.1, 148655, 0
246730, 234577, 0
92982.4, 83110.5, 0
139601, 160812, 0
66864.9, 103432, 0
14252.6, 141671, 0
112250, 123021, 0
229079, 26198.7, 0
83128.4, 26670.9, 0
62979.1, 67349.7, 0
78031.6, 123047, 0
126021, 173345, 0
153167, 65802, 0
170471, 144994, 0
148055, 35826.4, 0
67065.2, 77013.8, 0
11673.9, 37149.1, 0
218986, 184882, 0
44290.9, 83709.6, 0
83329.7, 211423, 0
191654, 97677.2, 0
183897, 171622, 0
119996, 148299, 0
53852.1, 66334.7, 0
184458, 69853.8, 0
199105, 84469.4, 0
161048, 88788.7, 0
73470.5, 63087.7, 0
102199, 185505, 0
101206, 256922, 0
63198, 198793, 0
66127.2, 62672, 0
95631.4, 145077, 0
124288, 88028.5, 0
153150, 186322, 0
117491, 128907, 0
107308, 27980.2, 0
128493, 12632.3, 0
95408.1, 95501.8, 0
192259, 59143, 0
115119, 83453.7, 0
177524, 77511.6, 0
30545.4, 14321.8, 0
64957.9, 118980, 0
156612, 119856, 0
197651, 127086, 0
73278.7, 285799, 0
162533, 57107.1, 0
47747.1, 188736, 0
134531, 258908, 0
98956.4, 43177.3, 0
191110, 87080.5, 0
217407, 164844, 0
138600, 13807.2, 0
179426, 36953.6, 0
185606, 11447.3, 0
127277, 223857, 0
107065, 32584.9, 0
33291.8, 217984, 0
148606, 114923, 0
204948, 197297, 0
94201.5, 237873, 0
13422.3, 140759, 0
139883, 309365, 0
245490, 164963, 0
88848.1, 150316, 0
195871, 154134, 0
178439, 32235.1, 0
147063, 29314.4, 0
69885, 97114.9, 0
300123, 23077.9, 0
35475, 141909, 0
167845, 123998, 0
130863, 116918, 0
164416, 214198, 0
168373, 201664, 0
19977.4, 231028, 0
165790, 126456, 0
27051.6, 67990.3, 0
243416, 90503.5, 0
183425, 43674.1, 0
140603, 53313, 0
43467.8, 52468.8, 0
155492, 143724, 0
25511.4, 60878.9, 0
121966, 99685.4, 0
87022.5, 52613.8, 0
154514, 169509, 0
60109.3, 205597, 0
193065, 140626, 0
118053, 254361, 0
65971.3, 63098.2, 0
91100.7, 122200, 0
44139, 132800, 0
171875, 91113, 0
147508, 44575.3, 0
116582, 78080.9, 0
62389.5, 56492.1, 0
122471, 210404, 0
102456, 12229.4, 0
33940, 183201, 0
114516, 98469.3, 0
168997, 84406.2, 0
306110, 95257.8, 0
86898.2, 104014, 0
68406.9, 61727.5, 0
169111, 213886, 0
118368, 118864, 0
157340, 127706, 0
57150.6, 30667.9, 0
259576, 81415.1, 0
103801, 80016.6, 0
234182, 128719, 0
76586.8, 221996, 0
161208, 74236.1, 0
163248, 95470.5, 0
129201, 99072, 0
153130, 145752, 0
70522.8, 181491, 0
304580, 39859.8, 0
28114.7, 51590.9, 0
45147.3, 166149, 0
42160.2, 98705.6, 0
215957, 231090, 0
90536.9, 76405.7, 0
141767, 32463.7, 0
125718, 37317.5, 0
207983, 109682, 0
129067, 122549, 0
139603, 60951.7, 0
122347, 126074, 0
233750, 159476, 0
133230, 132947, 0
50449.4, 95695.7, 0
79440.6, 72558.1, 0
38478, 118562, 0
92982.4, 83110.5, 0
33188.8, 47311.1, 0
110682, 103093, 0
111436, 138936, 0
101402, 106753, 0
134928, 102351, 0
152492, 72037.3, 0
173687, 88411.1, 0
81110.3, 47780, 0
146755, 59061.4, 0
155542, 255197, 0
99114.4, 264239, 0
195978, 38671.9, 0
75382.3, 111409, 0
35778.5, 181035, 0
247881, 68944.6, 0
42938.4, 35161.1, 0
215062, 93427.3, 0
121442, 123765, 0
187020, 67616.9, 0
146100, 80423.9, 0
33413.1, 126126, 0
38223.3, 209818, 0
155471, 106332, 0
220525, 212356, 0
118704, 180722, 0
54025.8, 139478, 0
145793, 102847, 0
132666, 135240, 0
149016, 92271.9, 0
69993.9, 49945.8, 0
75889.4, 91736.8, 0
67845.1, 67361.8, 0
153811, 108211, 0
43909.3, 27138.4, 0
190813, 44340.3, 0
279875, 96877.2, 0
162428, 83274.7, 0
105126, 102260, 0
134170, 53135.9, 0
193140, 71378.6, 0
152799, 133957, 0
93905, 173719, 0
81609.1, 116485, 0
69967, 166551, 0
33978.5, 101825, 0
104456, 286048, 0
133473, 111873, 0
134202, 147614, 0
79559.2, 222115, 0
163690, 114666, 0
92006, 61979.7, 0
80297.2, 222079, 0
33836.1, 127531, 0
83297.6, 115487, 0
167362, 165095, 0
52405.6, 179172, 0
120086, 124473, 0
164856, 176655, 0
214359, 146707, 0
145161, 131022, 0
88263.3, 98727.7, 0
166685, 368249, 0
20440.1, 90719.5, 0
46528, 22953, 0
169502, 146003, 0
240268, 162855, 0
120470, 125595, 0
93063.3, 47950.6, 0
193181, 158329, 0
183966, 116962, 0
206096, 106293, 0
128127, 137590, 0
143853, 130438, 0
110083, 24489.7, 0
358341, 82825.1, 0
223770, 60624.1, 0
142285, 123816, 0
56578.4, 366233, 0
91822, 36013.2, 0
260244, 126918, 0
154042, 59625.9, 0
90370.1, 114463, 0
53826.3, 127058, 0
171115, 122110, 0
74737.5, 136747, 0
241588, 169289, 0
213989, 43291.7, 0
103973, 66294.3, 0
55182.2, 159644, 0
71208, 68656, 0
186507, 184693, 0
201663, 65537.4, 0
159589, 63811.5, 0
59756.1, 142979, 0
79282.5, 131374, 0
91049.3, 98539.8, 0
132730, 106346, 0
149344, 212875, 0
216997, 49536, 0
59687.1, 147430, 0
180972, 255695, 0
147561, 193435, 0
104365, 150858, 0
30862.8, 116671, 0
64991.6, 93342, 0
207081, 110444, 0
167586, 77197.1, 0
175951, 76198.6, 0
43457.3, 105010, 0
126208, 65754.1, 0
10364.6, 175728, 0
74631.2, 256661, 0
155917, 118179, 0
67755.3, 315632, 0
208567, 185862, 0
15208.6, 195288, 0
176465, 232341, 0
139368, 182041, 0
120423, 117626, 0
63665.5, 157098, 0
133722, 241601, 0
183858, 211323, 0
162735, 5598.44, 0
302855, 106688, 0
55586.9, 33880.4, 0
84902.8, 154294, 0
239326, 294470, 0
149774, 277482, 0
182527, 23305.8, 0
45395.3, 94136.8, 0
43136.9, 63893.9, 0
72033.2, 151126, 0
172761, 62658.7, 0
107370, 68511.8, 0
58821.7, 96301.1, 0
216434, 148485, 0
167179, 143677, 0
159183, 66459.3, 0
47718.4, 49142.8, 0
69416.6, 208466, 0
33777.6, 51386, 0
73513.2, 174204, 0
105250, 179794, 0
119650, 263565, 0
175801, 112923, 0
150045, 57069.1, 0
83069.5, 105659, 0
211368, 74517.5, 0
286462, 172755, 0
110903, 120273, 0
86335.8, 81513.3, 0
43883.5, 73230.4, 0
152289, 49875.6, 0
80953.7, 241680, 0
167703, 325131, 0
94065.4, 113503, 0
234173, 84242.7, 0
49414.4, 77789.4, 0
68071.5, 187742, 0
136789, 51884.6, 0
29314.8, 103754, 0
209094, 64758.6, 0
73052.2, 100061, 0
67980.2, 155383, 0
71704.2, 140106, 0
160677, 175752, 0
61896.8, 162374, 0
187481, 93794.6, 0
136256, 204011, 0
158776, 11262.9, 0
24024.3, 11127.9, 0
231435, 53097.9, 0
88881, 35641.7, 0
59845.6, 125182, 0
91176.5, 48945.8, 0
155485, 161020, 0
17787.6, 64949, 0
18910.8, 39488.3, 0
150958, 132681, 0
91627, 84928.4, 0
179868, 117696, 0
134549, 42040.5, 0
207851, 70530.7, 0
101994, 38716.1, 0
106807, 322009, 0
200181, 72596.2, 0
111734, 57113.7, 0
40734, 319270, 0
73555.2, 62083.8, 0
83568.3, 74835, 0
200950, 60217.2, 0
121956, 80215.4, 0
35319.6, 208333, 0
110535, 46904.9, 0
219389, 160041, 0
165894, 57297, 0
181469, 208111, 0
77707.4, 129323, 0
60992, 196496, 0
142456, 145830, 0
82367.4, 37398.7, 0
65721.6, 146601, 0
69147, 96911.6, 0
165382, 95334.4, 0
104793, 145887, 0
59711.9, 116632, 0
77728.7, 175892, 0
105973, 160893, 0
76810.9, 130761, 0
182173, 130312, 0
42425.3, 161401, 0
57789.2, 148776, 0
234587, 134043, 0
86266.5, 205155, 0
83933.7, 76830.8, 0
48032.1, 24107.7, 0
60473.8, 223353, 0
221860, 45313.9, 0
149110, 64868.6, 0
144652, 72902.9, 0
53261.8, 89031.7, 0
15800.1, 73626.4, 0
76986.5, 126373, 0
150590, 42716.4, 0
19733.3, 216584, 0
152813, 12028.1, 0
108599, 154431, 0
137931, 66021.1, 0
145541, 23730.9, 0
31587.1, 173691, 0
90138.8, 110780, 0
82080.4, 135169, 0
31935, 129146, 0
184813, 168699, 0
57247, 42473.7, 0
46364.2, 128827, 0
132419, 146896, 0
138439, 134682, 0
222265, 170896, 0
25707.4, 228285, 0
65486.2, 160673, 0
147408, 113838, 0
110962, 113325, 0
60718, 142806, 0
161544, 86278.8, 0
238809, 67745.5, 0
16807.7, 150695, 0
59730.9, 189817, 0
190222, 241044, 0
148370, 218674, 0
89977.1, 204877, 0
169816, 188987, 0
89958.1, 140490, 0
264297, 44760.5, 0
137073, 154406, 0
141453, 189023, 0
174143, 130107, 0
118080, 28106.4, 0
211101, 52710.8, 0
62694.9, 63035.6, 0
181714, 136891, 0
178204, 180122, 0
140137, 131825, 0
138483, 116413, 0
85618.1, 89788.7, 0
110535, 211478, 0
136635, 83110.5, 0
157247, 127222, 0
76685.7, 130006, 0
92823.3, 140669, 0
6216.81, 307624, 0
88163.5, 308888, 0
163158, 137689, 0
136613, 13532.4, 0
114100, 110915, 0
46612, 92763.6, 0
229964, 161785, 0
53051.5, 103237, 0
89440.6, 72070.4, 0
82295.5, 23706.9, 0
73243.5, 248785, 0
161671, 75527.9, 0
143003, 38048.1, 0
94293.9, 154577, 0
248559, 256414, 0
108471, 183698, 0
195180, 44835.4, 0
92022.8, 288379, 0
28842.6, 57190.6, 0
24036.3, 27439.1, 0
180641, 111810, 0
136883, 56700.1, 0
68979, 136871, 0
145922, 182092, 0
117712, 54529.7, 0
193462, 80777.7, 0
152232, 140456, 0
110353, 112090, 0
44561.8, 159191, 0
57896.7, 52040.5, 0
147375, 51023.9, 0
60218.5, 158356, 0
112523, 209165, 0
91111.7, 49129.9, 0
36004.6, 11775.3, 0
104331, 156956, 0
165197, 88589.6, 0
112009, 78328.2, 0
153056, 144130, 0
85815.7, 82416.6, 0
68175.9, 62125.6, 0
60653.7, 48031.5, 0
104373, 245046, 0
46561.9, 141732, 0
45842.8, 223486, 0
66725.6, 213902, 0
76607.8, 49964.5, 0
114339, 169291, 0
185039, 47514.7, 0
171279, 195612, 0
20785, 203003, 0
92979.2, 172662, 0
114332, 122274, 0
88178.8, 166174, 0
79409.5, 89506.7, 0
24395, 145180, 0
114905, 128099, 0
100403, 142461, 0
31045.8, 89219.4, 0
144217, 89237.5, 0
143770, 125666, 0
69463.4, 51237.9, 0
241433, 71649.9, 0
126753, 61143, 0
114573, 108757, 0
98708.8, 137360, 0
167367, 162440, 0
173825, 47127.9, 0
99790.2, 94819.5, 0
97974.4, 93746.2, 0
58952.4, 136818, 0
117114, 179092, 0
208847, 137729, 0
37438.8, 142339, 0
142835, 201330, 0
289207, 145890, 0
193253, 166186, 0
111575, 47578.7, 0
201482, 136305, 0
65617.1, 60653.9, 0
15093, 143438, 0
148743, 85480.4, 0
182888, 86171.5, 0
93923.6, 25739.2, 0
85369.8, 113142, 0
68897.3, 198904, 0
139220, 200668, 0
107369, 50348.6, 0
140535, 85925.5, 0
171910, 99264.1, 0
108597, 98570.7, 0
308555, 209810, 0
129310, 147820, 0
94373.8, 112690, 0
68075.1, 207992, 0
66665.2, 213482, 0
148572, 91913.6, 0
90297.8, 208393, 0
52339, 124695, 0
117336, 163020, 0
83325.3, 78255.7, 0
122267, 45148.6, 0
36266.8, 51940.1, 0
171010, 84334.9, 0
217482, 108323, 0
221622, 148544, 0
134863, 62966.8, 0
171654, 222769, 0
88845, 9294.5, 0
100861, 272574, 0
152661, 194539, 0
149309, 114604, 0
247557, 94692.5, 0
154582, 53871.4, 0
137313, 287635, 0
22795.5, 73119, 0
146084, 132259, 0
89432.1, 104468, 0
144950, 67593.3, 0
99046.9, 282922, 0
102964, 149655, 0
143815, 157373, 0
134370, 150849, 0
109255, 238309, 0
81210.8, 21856.1, 0
115445, 131660, 0
65502.6, 189409, 0
171076, 143717, 0
139488, 112954, 0
136635, 62725.8, 0
43942.5, 217182, 0
124330, 172390, 0
186389, 82807.1, 0
173354, 164985, 0
110399, 262746, 0
16150.5, 102821, 0
70885, 105240, 0
76974.9, 260972, 0
113183, 99158.1, 0
157833, 239531, 0
177256, 128806, 0
167540, 82386.1, 0
19527.8, 238088, 0
176260, 148160, 0
67912.1, 18928.9, 0
127217, 63762.5, 0
337048, 69861.7, 0
48700.5, 91402.7, 0
49151.4, 188018, 0
117172, 33977, 0
113589, 70213.6, 0
93805.4, 132183, 0
157079, 106003, 0
27444.7, 60912.2, 0
133443, 195657, 0
198565, 255118, 0
143299, 110713, 0
117907, 90378.5, 0
131013, 178694, 0
101693, 85739.3, 0
17702.2, 192656, 0
101895, 133660, 0
41819.9, 146025, 0
115508, 175287, 0
54066, 158335, 0
149504, 191964, 0
160968, 109860, 0
76632.9, 82237.6, 0
58118.3, 227593, 0
95549.4, 136047, 0
41009.6, 77508.9, 0
119737, 140421, 0
104937, 207066, 0
133683, 124843, 0
128879, 77475.9, 0
169138, 19654.6, 0
142041, 43987.5, 0
202143, 55718, 0
166576, 104205, 0
264614, 45998.2, 0
165241, 201230, 0
119302, 8163.04, 0
134934, 207698, 0
147257, 142600, 0
169774, 219459, 0
106361, 150579, 0
172714, 63400.4, 0
203876, 107774, 0
118602, 288814, 0
115668, 209113, 0
161896, 92622.8, 0
133800, 78033.3, 0
230552, 91448.4, 0
135428, 83470.4, 0
70798.4, 36487.2, 0
170133, 202230, 0
238141, 146736, 0
188252, 53500.8, 0
234396, 212458, 0
79050.5, 188909, 0
146176, 91649.8, 0
103905, 70813.5, 0
49069.2, 74782.5, 0
126823, 74729.1, 0
91021.1, 145016, 0
69898.6, 164995, 0
43695.1, 57667.4, 0
82389.8, 52760.1, 0
61702.2, 192741, 0
185813, 163317, 0
124538, 49694.7, 0
135138, 108997, 0
192739, 74439.4, 0
150199, 267805, 0
161946, 140985, 0
159288, 131551, 0
136778, 118166, 0
110725, 112357, 0
48139.7, 31526.3, 0
246650, 150572, 0
173315, 96237, 0
38668.8, 174295, 0
307246, 102725, 0
137213, 179924, 0
100071, 54777.6, 0
170045, 32483.5, 0
175844, 157715, 0
105320, 162094, 0
198593, 158683, 0
75478.7, 160424, 0
97508.8, 17061.8, 0
97097.2, 155660, 0
87956.8, 117062, 0
172335, 79638.9, 0
114714, 38435.6, 0
27543, 131448, 0
110248, 44482.1, 0
53983.6, 90061.1, 0
89894.9, 207469, 0
158048, 183129, 0
135170, 100087, 0
104741, 73312.6, 0
94233.8, 137545, 0
42472.4, 127069, 0
109244, 94132.6, 0
84551.2, 183719, 0
54382, 168065, 0
25059.2, 53733.4, 0
308675, 241473, 0
39576, 64849.6, 0
49976.6, 233575, 0
101243, 143906, 0
55002.2, 212966, 0
66153.3, 63726.6, 0
82777.1, 185307, 0
170046, 153675, 0
135819, 206881, 0
131176, 212162, 0
91743.9, 125787, 0
155515, 57988, 0
213618, 120405, 0
217842, 44102.5, 0
210035, 83110.5, 0
277139, 110570, 0
66138, 176955, 0
90422.1, 100346, 0
251023, 117146, 0
99459.6, 130695, 0
90182.2, 97408.9, 0
35996.3, 37882.6, 0
67274.1, 99593.3, 0
129774, 43158.3, 0
183426, 63422.3, 0
86035, 249650, 0
72564, 131689, 0
91957.9, 108949, 0
53602.7, 67579.9, 0
99563, 28023.1, 0
224561, 53493.1, 0
149019, 137399, 0
200787, 143326, 0
86113.8, 139345, 0
123537, 162375, 0
119892, 56108.7, 0
22229.7, 84441, 0
223405, 179038, 0
93670.5, 158026, 0
153435, 143803, 0
135550, 172295, 0
125802, 162959, 0
205881, 236059, 0
133752, 173790, 0
27211.7, 112407, 0
64614.2, 111126, 0
197094, 169029, 0
214761, 153470, 0
127555, 152712, 0
60449.3, 174851, 0
194926, 89262.2, 0
86445.6, 50644.8, 0
244226, 152068, 0
22151.7, 104018, 0
92356.4, 94794.7, 0
58049.8, 69742.6, 0
232580, 104880, 0
77028.3, 159048, 0
131623, 84801.9, 0
129967, 82992.9, 0
129954, 150718, 0
189469, 269340, 0
30652.1, 189914, 0
121883, 182505, 0
28871.2, 247749, 0
72889.3, 55025.6, 0
112410, 58993.7, 0
115509, 44870.9, 0
49179.5, 85829.6, 0
160889, 193052, 0
90103.9, 167023, 0
311918, 60944.5, 0
213064, 164482, 0
162793, 145045, 0
98726.4, 52980.9, 0
70619.9, 217731, 0
168647, 143807, 0
180366, 55743.8, 0
107954, 165682, 0
248086, 142408, 0
167162, 104661, 0
182565, 282437, 0
111159, 144636, 0
59415.7, 142669, 0
172435, 236535, 0
80343.2, 224347, 0
110365, 287724, 0
63843.8, 228029, 0
156450, 110133, 0
167286, 120331, 0
87758.5, 25434.6, 0
53730, 78329.9, 0
127930, 96712.6, 0
173681, 131682, 0
131399, 98388.9, 0
94782.1, 67373.9, 0
14951.4, 24949.3, 0
249583, 53540.5, 0
156877, 313471, 0
130073, 267201, 0
23999.3, 154937, 0
87115.9, 117402, 0
198834, 42174.9, 0
22768.3, 114899, 0
66756.4, 60044.9, 0
132874, 126627, 0
96159, 145797, 0
91597.9, 95946, 0
87878.1, 113006, 0
135856, 61553.3, 0
132792, 121250, 0
191799, 172248, 0
77969.4, 166019, 0
190494, 160432, 0
49651.4, 102334, 0
55378, 283337, 0
197945, 51635.7, 0
292937, 114082, 0
51393.1, 138720, 0
57749.5, 101881, 0
174928, 133467, 0
235947, 209935, 0
90951.2, 30066.4, 0
145070, 139695, 0
147991, 94314.2, 0
203189, 152937, 0
100938, 76647.5, 0
145117, 105354, 0
38826.2, 100511, 0
163919, 154895, 0
125684, 110463, 0
52475, 192636, 0
278059, 155341, 0
32764, 43295.7, 0
99395.2, 125678, 0
32225.8, 42568.2, 0
149611, 86016.7, 0
151183, 198823, 0
124031, 117947, 0
34056.7, 230320, 0
71671.9, 115671, 0
82911.4, 94201.9, 0
10588, 69000.8, 0
149079, 24894, 0
55912.6, 96841.5, 0
48042.8, 130425, 0
139542, 202946, 0
235493, 71649.9, 0
20198.1, 146063, 0
172916, 215487, 0
158582, 180736, 0
200100, 107150, 0
12625.4, 141427, 0
89919.1, 308140, 0
130449, 23505.3, 0
34544.2, 120661, 0
135741, 128008, 0
115771, 70664.7, 0
102907, 65639.2, 0
195515, 81621.9, 0
19022.8, 93188.1, 0
157714, 50974.5, 0
179890, 174003, 0
120008, 78978.9, 0
65528.8, 76969.9, 0
85277.7, 66129.2, 0
25114.8, 47350, 0
59570.6, 65216.7, 0
102807, 145101, 0
104678, 68568.9, 0
236961, 97982.9, 0
121128, 61698.4, 0
255593, 40250.4, 0
127991, 114601, 0
63044.2, 110270, 0
137066, 108696, 0
221567, 106778, 0
79728, 194389, 0
201467, 132817, 0
259945, 160372, 0
44845.2, 187757, 0
167803, 238170, 0
102792, 29707.8, 0
149795, 73601.7, 0
92970.9, 151842, 0
106559, 100924, 0
64793.3, 170116, 0
179917, 132426, 0
126290, 173000, 0
134697, 68639.9, 0
160362, 242808, 0
216841, 149106, 0
172860, 141704, 0
58541.6, 31889.5, 0
79383.6, 160112, 0
220522, 336397, 0
22023.5, 239282, 0
247983, 136085, 0
153064, 123345, 0
117246, 199200, 0
91928.5, 31193.4, 0
127874, 32320, 0
49027.8, 82828.8, 0
182462, 112888, 0
45466.4, 29445.2, 0
37185.5, 176793, 0
154823, 75581.3, 0
35393.7, 112818, 0
214980, 127270, 0
86253.9, 42389.8, 0
75418.2, 116972, 0
129107, 40522.1, 0
109270, 81375.4, 0
192263, 62725.8, 0
173324, 46529.1, 0
78624.3, 175863, 0
94374.4, 48280.9, 0
69669.3, 130250, 0
151880, 91804.6, 0
79716, 115414, 0
197049, 88465.5, 0
84745, 188471, 0
80870.7, 96828.8, 0
122387, 270132, 0
84105.5, 142353, 0
103183, 38631, 0
103177, 29155.6, 0
136677, 169798, 0
132251, 203806, 0
149353, 144924, 0
78921.6, 90922.5, 0
153673, 161704, 0
70187.9, 109714, 0
105428, 94591.3, 0
140523, 119914, 0
97421.4, 92190.1, 0
80210.1, 100706, 0
135008, 19865.8, 0
43820.4, 146254, 0
194753, 22935.5, 0
243703, 165985, 0
197441, 103567, 0
26828.4, 177973, 0
153943, 116986, 0
131600, 64118.9, 0
211615, 47860.7, 0
209964, 266360, 0
61314.3, 49386.5, 0
155975, 146626, 0
126603, 122927, 0
135204, 252862, 0
118114, 116695, 0
157961, 88690.6, 0
204380, 215767, 0
125604, 117318, 0
138140, 37270.2, 0
22756.1, 151147, 0
136666, 89457.2, 0
156425, 36914.3, 0
24197.2, 53863.3, 0
117362, 94222.9, 0
57123.9, 166813, 0
113345, 83181.7, 0
189921, 201497, 0
102513, 99632.8, 0
202714, 128457, 0
217550, 148372, 0
35974.4, 69608.1, 0
88564.5, 40861.3, 0
140154, 81343.1, 0
173551, 98269.7, 0
177420, 163015, 0
83325, 82008.8, 0
93662.1, 118288, 0
23473.6, 154611, 0
213635, 147429, 0
24611.5, 164560, 0
77443, 154368, 0
32383.7, 248235, 0
132006, 121704, 0
