1.76535e+06, 2.08445e+06, 0
3.67649e+06, 3.57282e+06, 0
1.65232e+06, 2.20303e+06, 0
3.66471e+06, 4.84052e+06, 0
5.94425e+06, 6.29887e+06, 0
2.64453e+06, 3.50187e+06, 0
6.24734e+06, 2.58655e+06, 0
6.19366e+06, 2.94042e+06, 0
2.06514e+06, 6.82234e+06, 0
5.90678e+06, 2.32727e+06, 0
8.2187e+06, 6.1393e+06, 0
2.2906e+06, 1.42997e+06, 0
6.83457e+06, 5.63502e+06, 0
1.16473e+07, 6.87328e+06, 0
7.20184e+06, 7.12307e+06, 0
7.77478e+06, 4.43599e+06, 0
6.93915e+06, 4.60251e+06, 0
2.7904e+06, 4.08864e+06, 0
7.869e+06, 6.82002e+06, 0
2.42561e+06, 1.18997e+06, 0
3.50109e+06, 7.57013e+06, 0
1.01424e+07, 3.68099e+06, 0
3.0419e+06, 5.25746e+06, 0
5.83884e+06, 9.08781e+06, 0
7.05363e+06, 6.54631e+06, 0
8.3757e+06, 2.12045e+06, 0
8.7227e+06, 8.56814e+06, 0
2.80386e+06, 4.23006e+06, 0
7.78214e+06, 5.61572e+06, 0
7.58224e+06, 5.18519e+06, 0
3.82406e+06, 2.94663e+06, 0
7.40794e+06, 8.93162e+06, 0
8.34591e+06, 1.96969e+06, 0
1.07612e+07, 1.02127e+07, 0
4.45239e+06, 1.86655e+06, 0
1.78427e+06, 6.12001e+06, 0
4.17956e+06, 6.19118e+06, 0
4.783e+06, 4.56807e+06, 0
7.52709e+06, 4.1789e+06, 0
5.45403e+06, 5.6077e+06, 0
1.16726e+06, 4.69309e+06, 0
4.34538e+06, 5.38205e+06, 0
2.95299e+06, 356515, 0
8.10556e+06, 8.724e+06, 0
6.48729e+06, 6.18702e+06, 0
7.17268e+06, 5.1504e+06, 0
3.7879e+06, 2.25524e+06, 0
3.16942e+06, 5.21518e+06, 0
8.70088e+06, 4.16902e+06, 0
6.28585e+06, 6.84686e+06, 0
5.03107e+06, 4.5928e+06, 0
5.17446e+06, 1.12974e+06, 0
6.04846e+06, 6.56469e+06, 0
8.15227e+06, 6.58996e+06, 0
1.11973e+07, 5.23031e+06, 0
6.67963e+06, 6.26976e+06, 0
1.85049e+06, 3.27373e+06, 0
1.34415e+06, 6.52367e+06, 0
9.04951e+06, 3.03678e+06, 0
1.32006e+06, 4.09506e+06, 0
7.90621e+06, 2.35439e+06, 0
7.05172e+06, 4.30863e+06, 0
3.3701e+06, 3.31324e+06, 0
1.01431e+07, 5.01354e+06, 0
610301, 1.04906e+06, 0
3.63782e+06, 1.64167e+06, 0
5.86773e+06, 6.70842e+06, 0
6.01985e+06, 1.73654e+06, 0
1.06983e+07, 4.0946e+06, 0
1.10662e+07, 3.63066e+06, 0
4.96441e+06, 9.59768e+06, 0
3.77447e+06, 3.97302e+06, 0
3.56554e+06, 6.27577e+06, 0
6.07057e+06, 1.18781e+07, 0
6.44019e+06, 6.52174e+06, 0
6.99918e+06, 4.82561e+06, 0
6.32188e+06, 6.17292e+06, 0
4.53425e+06, 2.53325e+06, 0
6.90887e+06, 4.41953e+06, 0
4.58764e+06, 2.3617e+06, 0
3.19906e+06, 3.6565e+06, 0
7.61366e+06, 3.03078e+06, 0
4.19414e+06, 4.18694e+06, 0
4.54463e+06, 1.77939e+06, 0
2.98936e+06, 6.94876e+06, 0
1.8345e+06, 8.6645e+06, 0
4.37665e+06, 631647, 0
1.18544e+07, 3.4501e+06, 0
1.74546e+06, 420767, 0
6.45476e+06, 5.27755e+06, 0
1.92321e+06, 6.72444e+06, 0
4.37447e+06, 1.91902e+06, 0
5.5072e+06, 8.93768e+06, 0
4.4536e+06, 2.76255e+06, 0
3.06578e+06, 9.9188e+06, 0
3.10416e+06, 5.11636e+06, 0
3.87333e+06, 3.00511e+06, 0
2.8005e+06, 4.91176e+06, 0
4.26078e+06, 2.35321e+06, 0
6.01576e+06, 3.48996e+06, 0
9.84442e+06, 6.62337e+06, 0
26304.8, 9.9179e+06, 0
2.01229e+06, 1.22485e+07, 0
5.14973e+06, 3.77456e+06, 0
9.51767e+06, 2.8905e+06, 0
1.13903e+06, 7.91274e+06, 0
3.94545e+06, 4.91882e+06, 0
1.14598e+07, 2.01157e+06, 0
7.14308e+06, 7.80483e+06, 0
3.53214e+06, 1.18328e+06, 0
7.88453e+06, 3.1576e+06, 0
1.27648e+07, 2.65034e+06, 0
3.59458e+06, 4.57133e+06, 0
7.01967e+06, 1.45982e+07, 0
6.67546e+06, 2.07545e+06, 0
9.41415e+06, 3.99185e+06, 0
6.29256e+06, 3.62073e+06, 0
5.92448e+06, 6.24769e+06, 0
1.40648e+07, 2.07733e+06, 0
7.44406e+06, 4.74868e+06, 0
3.85748e+06, 2.68387e+06, 0
6.5385e+06, 5.33441e+06, 0
5.13853e+06, 4.76077e+06, 0
5.96958e+06, 4.66812e+06, 0
4.16512e+06, 7.62379e+06, 0
9.11328e+06, 4.87468e+06, 0
4.88341e+06, 9.12141e+06, 0
3.89267e+06, 5.20127e+06, 0
3.86366e+06, 2.72684e+06, 0
3.44592e+06, 6.55959e+06, 0
7.1951e+06, 2.15796e+06, 0
3.53536e+06, 5.73799e+06, 0
2.9416e+06, 1.90027e+06, 0
1.4056e+07, 1.44907e+06, 0
1.76535e+06, 1.66222e+06, 0
7.21195e+06, 1.1622e+06, 0
8.9642e+06, 8.25965e+06, 0
4.10431e+06, 8.39876e+06, 0
2.73896e+06, 8.23885e+06, 0
2.09734e+06, 1.01257e+07, 0
8.44467e+06, 3.04834e+06, 0
2.6617e+06, 4.19078e+06, 0
3.27205e+06, 1.75091e+06, 0
7.2106e+06, 3.84142e+06, 0
1.91343e+06, 6.11483e+06, 0
5.88028e+06, 3.90378e+06, 0
2.29423e+06, 8.52312e+06, 0
1.99047e+06, 3.74182e+06, 0
1.88372e+06, 1.08868e+07, 0
7.66084e+06, 3.4513e+06, 0
2.84659e+06, 3.99022e+06, 0
6.51362e+06, 6.21216e+06, 0
3.14433e+06, 1.11434e+07, 0
7.98412e+06, 4.86184e+06, 0
5.18104e+06, 7.85302e+06, 0
4.88384e+06, 5.44233e+06, 0
2.89881e+06, 1.93081e+06, 0
4.87321e+06, 1.31341e+07, 0
3.15209e+06, 7.19993e+06, 0
9.66342e+06, 4.9985e+06, 0
5.90629e+06, 4.70781e+06, 0
2.50112e+06, 3.43888e+06, 0
4.8285e+06, 1.92589e+06, 0
3.14357e+06, 3.2783e+06, 0
4.61662e+06, 6.69757e+06, 0
4.05194e+06, 4.78021e+06, 0
4.32552e+06, 6.50577e+06, 0
5.26092e+06, 6.64788e+06, 0
1.06176e+07, 3.38229e+06, 0
5.94327e+06, 7.07363e+06, 0
3.13747e+06, 6.66086e+06, 0
2.87188e+06, 1.23192e+06, 0
3.86549e+06, 2.2895e+06, 0
3.52674e+06, 8.70896e+06, 0
9.98847e+06, 9.9185e+06, 0
5.10497e+06, 8.59714e+06, 0
8.88212e+06, 6.2511e+06, 0
3.7069e+06, 2.73625e+06, 0
1.13317e+06, 4.62725e+06, 0
6.66262e+06, 4.91602e+06, 0
3.82535e+06, 3.93194e+06, 0
6.3646e+06, 2.11087e+06, 0
4.39977e+06, 7.16013e+06, 0
7.01531e+06, 2.99269e+06, 0
1.94986e+06, 1.16238e+07, 0
5.40796e+06, 3.43097e+06, 0
4.50432e+06, 3.80905e+06, 0
8.72037e+06, 9.4409e+06, 0
5.4921e+06, 960415, 0
8.81268e+06, 6.64847e+06, 0
4.74836e+06, 3.73008e+06, 0
1.34815e+07, 3.19053e+06, 0
6.13513e+06, 1.12653e+07, 0
3.7305e+06, 2.11397e+06, 0
4.68797e+06, 1.90901e+06, 0
7.44236e+06, 9.34985e+06, 0
6.68237e+06, 5.21444e+06, 0
1.9379e+06, 5.4415e+06, 0
5.4949e+06, 2.00716e+06, 0
3.51012e+06, 1.99286e+06, 0
5.28815e+06, 9.69555e+06, 0
1.42262e+07, 6.3603e+06, 0
5.15821e+06, 3.37131e+06, 0
3.21888e+06, 3.08874e+06, 0
4.08775e+06, 9.46723e+06, 0
6.91441e+06, 5.83609e+06, 0
2.04228e+06, 1.4484e+06, 0
6.67752e+06, 3.15869e+06, 0
9.9502e+06, 1.39923e+07, 0
3.59708e+06, 3.35004e+06, 0
5.7961e+06, 1.60021e+06, 0
7.89552e+06, 5.06557e+06, 0
9.04639e+06, 4.95146e+06, 0
5.56037e+06, 929923, 0
6.21478e+06, 1.31425e+06, 0
6.43211e+06, 8.50683e+06, 0
1.1125e+07, 4.01221e+06, 0
4.77381e+06, 4.87763e+06, 0
3.12716e+06, 307367, 0
2.63785e+06, 4.40569e+06, 0
3.7228e+06, 6.33714e+06, 0
6.38754e+06, 1.5088e+06, 0
2.65112e+06, 4.51462e+06, 0
1.05204e+07, 7.60049e+06, 0
5.18481e+06, 4.29281e+06, 0
4.43772e+06, 7.65555e+06, 0
7.85739e+06, 6.31898e+06, 0
6.84292e+06, 4.27747e+06, 0
2.01738e+06, 4.21674e+06, 0
2.5385e+06, 5.63126e+06, 0
9.26042e+06, 5.96758e+06, 0
1.60332e+06, 6.52576e+06, 0
3.35416e+06, 3.87446e+06, 0
3.18851e+06, 1.47592e+06, 0
1.34516e+07, 1.90765e+06, 0
5.79843e+06, 1.27082e+07, 0
619957, 2.42569e+06, 0
1.68577e+06, 9.38793e+06, 0
5.84039e+06, 2.641e+06, 0
7.68302e+06, 6.49424e+06, 0
4.57742e+06, 3.43538e+06, 0
6.13183e+06, 6.09169e+06, 0
5.70925e+06, 1.03704e+07, 0
7.0205e+06, 6.00302e+06, 0
9.16471e+06, 9.29713e+06, 0
2.50681e+06, 4.36369e+06, 0
3.95844e+06, 5.0595e+06, 0
1.11992e+07, 5.59765e+06, 0
3.33688e+06, 4.6961e+06, 0
5.44139e+06, 2.94855e+06, 0
6.46546e+06, 2.337e+06, 0
2.56967e+06, 5.50353e+06, 0
5.31459e+06, 3.51902e+06, 0
6.15024e+06, 7.86212e+06, 0
3.57287e+06, 1.12668e+07, 0
5.54124e+06, 1.58125e+07, 0
5.02703e+06, 2.60783e+06, 0
6.76965e+06, 4.59694e+06, 0
5.00212e+06, 6.72928e+06, 0
1.36123e+06, 6.04972e+06, 0
3.07784e+06, 1.14773e+06, 0
8.89043e+06, 2.56835e+06, 0
8.3794e+06, 1.85018e+06, 0
5.1207e+06, 3.64949e+06, 0
4.02377e+06, 5.47795e+06, 0
7.8069e+06, 3.84737e+06, 0
5.37578e+06, 4.93103e+06, 0
6.16363e+06, 1.66222e+06, 0
3.19532e+06, 8.36498e+06, 0
1.50059e+06, 1.12916e+07, 0
7.57519e+06, 8.13936e+06, 0
5.45004e+06, 7.97246e+06, 0
2.31358e+06, 3.89132e+06, 0
6.00442e+06, 5.73793e+06, 0
3.2665e+06, 8.04267e+06, 0
4.88474e+06, 3.19513e+06, 0
5.15953e+06, 4.63549e+06, 0
5.96303e+06, 435422, 0
9.0578e+06, 7.80861e+06, 0
9.92691e+06, 2.98933e+06, 0
2.4779e+06, 4.6558e+06, 0
673554, 5.16375e+06, 0
7.6095e+06, 6.51109e+06, 0
4.73238e+06, 5.29545e+06, 0
4.40744e+06, 2.3555e+06, 0
7.88294e+06, 6.7414e+06, 0
2.96793e+06, 4.46083e+06, 0
1.16022e+07, 3.30183e+06, 0
3.64174e+06, 5.69403e+06, 0
8.53817e+06, 5.27876e+06, 0
7.59563e+06, 460216, 0
3.87046e+06, 7.28661e+06, 0
7.64999e+06, 5.7849e+06, 0
6.48313e+06, 3.94537e+06, 0
4.26005e+06, 4.18605e+06, 0
6.96292e+06, 5.28613e+06, 0
6.37482e+06, 6.90325e+06, 0
3.76317e+06, 4.61514e+06, 0
5.65956e+06, 4.89019e+06, 0
2.56535e+06, 1.26828e+07, 0
2.12373e+06, 2.12541e+06, 0
5.63879e+06, 6.88012e+06, 0
6.30956e+06, 4.32605e+06, 0
4.91978e+06, 1.35343e+07, 0
3.15874e+06, 7.46103e+06, 0
1.7817e+06, 5.4998e+06, 0
1.47799e+06, 3.81146e+06, 0
4.64518e+06, 1.15086e+07, 0
7.38123e+06, 9.71464e+06, 0
1.11473e+07, 7.17929e+06, 0
1.01395e+07, 8.83052e+06, 0
5.9609e+06, 1.19896e+07, 0
6.88339e+06, 7.66964e+06, 0
7.95591e+06, 9.50385e+06, 0
2.19837e+06, 4.96754e+06, 0
4.94512e+06, 4.97641e+06, 0
7.97148e+06, 2.81184e+06, 0
3.49491e+06, 4.05389e+06, 0
7.70232e+06, 282332, 0
5.55171e+06, 1.52387e+06, 0
6.26889e+06, 4.3795e+06, 0
3.59172e+06, 3.68588e+06, 0
2.84598e+06, 4.52452e+06, 0
5.2135e+06, 3.65397e+06, 0
7.62141e+06, 3.26987e+06, 0
3.963e+06, 2.62418e+06, 0
2.1012e+06, 6.89388e+06, 0
2.72318e+06, 5.18347e+06, 0
179821, 4.2278e+06, 0
3.17326e+06, 4.73409e+06, 0
6.74076e+06, 3.67891e+06, 0
4.47099e+06, 3.74826e+06, 0
7.74316e+06, 9.09127e+06, 0
2.2853e+06, 5.24109e+06, 0
6.01985e+06, 1.73654e+06, 0
5.36503e+06, 4.65415e+06, 0
4.99411e+06, 6.79527e+06, 0
9.55213e+06, 4.22838e+06, 0
3.7568e+06, 1.19867e+06, 0
3.61951e+06, 7.2579e+06, 0
7.53702e+06, 2.79305e+06, 0
7.14715e+06, 5.33369e+06, 0
2.69602e+06, 6.228e+06, 0
6.1084e+06, 3.73096e+06, 0
5.617e+06, 6.05101e+06, 0
6.41727e+06, 7.13482e+06, 0
1.63877e+06, 8.02027e+06, 0
6.44843e+06, 3.55108e+06, 0
2.90528e+06, 1.7978e+06, 0
1.01588e+07, 6.9613e+06, 0
8.45441e+06, 1.02016e+07, 0
4.35514e+06, 6.86022e+06, 0
3.68792e+06, 3.4582e+06, 0
1.74379e+06, 4.12713e+06, 0
6.46738e+06, 2.78758e+06, 0
7.43998e+06, 4.59337e+06, 0
6.05536e+06, 3.08243e+06, 0
8.237e+06, 6.71708e+06, 0
6.24774e+06, 3.92277e+06, 0
7.74756e+06, 3.77035e+06, 0
1.92115e+06, 1.08299e+07, 0
5.51454e+06, 5.12e+06, 0
5.18139e+06, 5.62278e+06, 0
4.62351e+06, 2.3059e+06, 0
7.18638e+06, 4.55489e+06, 0
5.10729e+06, 2.97702e+06, 0
1.0818e+07, 7.77214e+06, 0
5.10612e+06, 3.31862e+06, 0
3.87847e+06, 7.01066e+06, 0
1.07866e+07, 3.93337e+06, 0
6.61406e+06, 5.47187e+06, 0
5.71555e+06, 2.77507e+06, 0
7.79494e+06, 2.60893e+06, 0
4.06121e+06, 2.68457e+06, 0
7.18519e+06, 9.96554e+06, 0
1.97363e+06, 3.26284e+06, 0
8.24927e+06, 3.27211e+06, 0
3.09842e+06, 1.34294e+06, 0
623151, 2.15759e+06, 0
5.70168e+06, 4.71178e+06, 0
4.97842e+06, 3.94563e+06, 0
8.11103e+06, 1.8716e+07, 0
4.74425e+06, 6.6342e+06, 0
5.74642e+06, 5.98833e+06, 0
9.82618e+06, 1.25061e+06, 0
3.35595e+06, 1.05497e+06, 0
4.09055e+06, 3.62834e+06, 0
5.13298e+06, 4.81091e+06, 0
1.05477e+07, 9.82318e+06, 0
6.37994e+06, 7.4231e+06, 0
8.94837e+06, 5.74717e+06, 0
5.25484e+06, 5.24561e+06, 0
4.34664e+06, 5.32133e+06, 0
6.01497e+06, 5.12594e+06, 0
1.55458e+06, 3.26034e+06, 0
6.86676e+06, 3.1395e+06, 0
6.35528e+06, 7.75507e+06, 0
1.01431e+07, 3.92902e+06, 0
4.80386e+06, 4.67721e+06, 0
7.12092e+06, 4.34452e+06, 0
3.26748e+06, 3.9366e+06, 0
7.26497e+06, 3.45741e+06, 0
5.85985e+06, 4.39114e+06, 0
2.88845e+06, 7.48019e+06, 0
9.36266e+06, 3.08658e+06, 0
849524, 583482, 0
8.35482e+06, 3.8248e+06, 0
7.258e+06, 2.06551e+06, 0
2.60646e+06, 3.73003e+06, 0
6.87909e+06, 2.61646e+06, 0
1.23474e+07, 4.35612e+06, 0
2.72538e+06, 3.36284e+06, 0
4.01639e+06, 4.27242e+06, 0
5.35164e+06, 7.27067e+06, 0
1.18043e+06, 4.98381e+06, 0
9.61865e+06, 7.04445e+06, 0
4.04291e+06, 892970, 0
2.28949e+06, 6.37118e+06, 0
8.55889e+06, 2.96138e+06, 0
1.21643e+07, 5.37032e+06, 0
9.34562e+06, 6.21384e+06, 0
1.87508e+06, 6.70347e+06, 0
2.29892e+06, 1.95805e+06, 0
3.03282e+06, 2.1916e+06, 0
5.1725e+06, 8.35153e+06, 0
6.30333e+06, 7.56147e+06, 0
2.72213e+06, 3.80989e+06, 0
1.74626e+06, 1.03848e+07, 0
3.48874e+06, 2.69367e+06, 0
4.10648e+06, 2.52836e+06, 0
4.4758e+06, 2.10429e+06, 0
3.02207e+06, 5.30958e+06, 0
4.39589e+06, 9.11603e+06, 0
3.02512e+06, 1.04655e+06, 0
1.44211e+06, 5.1811e+06, 0
2.81548e+06, 3.70119e+06, 0
5.97208e+06, 6.87837e+06, 0
4.98913e+06, 7.49558e+06, 0
3.00489e+06, 6.75194e+06, 0
2.93741e+06, 5.72362e+06, 0
3.76273e+06, 6.30001e+06, 0
8.43153e+06, 6.84391e+06, 0
3.72756e+06, 1.24146e+06, 0
914664, 3.66773e+06, 0
6.25109e+06, 5.23045e+06, 0
4.90482e+06, 1.76349e+06, 0
5.0181e+06, 5.03838e+06, 0
5.36539e+06, 6.26945e+06, 0
2.8143e+06, 3.82858e+06, 0
624807, 3.07912e+06, 0
2.46589e+06, 3.00232e+06, 0
3.78342e+06, 2.51938e+06, 0
6.62996e+06, 4.6676e+06, 0
9.74757e+06, 5.23508e+06, 0
807490, 9.23634e+06, 0
4.8783e+06, 5.58245e+06, 0
3.56748e+06, 2.23481e+06, 0
2.06753e+06, 1.25818e+07, 0
3.51214e+06, 5.30224e+06, 0
1.82176e+06, 6.58431e+06, 0
7.88705e+06, 4.81093e+06, 0
7.84723e+06, 1.93449e+06, 0
5.93301e+06, 4.87072e+06, 0
6.78404e+06, 2.80085e+06, 0
6.13976e+06, 3.39911e+06, 0
4.03607e+06, 2.84487e+06, 0
4.64691e+06, 5.00639e+06, 0
1.71e+06, 6.13633e+06, 0
3.90276e+06, 6.99371e+06, 0
6.19892e+06, 7.81965e+06, 0
6.44317e+06, 3.30465e+06, 0
2.16213e+06, 3.52977e+06, 0
2.92843e+06, 1.09164e+07, 0
1.7833e+06, 2.54185e+06, 0
5.377e+06, 4.63203e+06, 0
2.38391e+06, 2.39005e+06, 0
1.34369e+06, 1.01039e+07, 0
4.96232e+06, 5.67764e+06, 0
3.38077e+06, 6.3014e+06, 0
4.23955e+06, 495871, 0
1.24853e+06, 2.04745e+06, 0
8.08448e+06, 1.07242e+07, 0
7.83877e+06, 2.85306e+06, 0
2.19991e+06, 9.78036e+06, 0
1.96704e+06, 1.44568e+06, 0
3.516e+06, 4.88925e+06, 0
4.15544e+06, 3.86156e+06, 0
2.49539e+06, 5.2628e+06, 0
3.77148e+06, 7.72998e+06, 0
3.81873e+06, 3.30864e+06, 0
2.87916e+06, 1.2464e+07, 0
2.35748e+06, 6.85669e+06, 0
7.81762e+06, 5.05369e+06, 0
3.52695e+06, 2.07166e+06, 0
4.86836e+06, 1.09711e+07, 0
4.66096e+06, 5.79671e+06, 0
2.6348e+06, 2.51842e+06, 0
4.24562e+06, 6.94862e+06, 0
1.19664e+07, 4.06791e+06, 0
9.85803e+06, 4.864e+06, 0
4.76767e+06, 3.57119e+06, 0
7.42595e+06, 8.29857e+06, 0
3.02443e+06, 8.73507e+06, 0
4.49192e+06, 8.1569e+06, 0
4.92865e+06, 2.48043e+06, 0
1.05798e+07, 8.05586e+06, 0
6.41008e+06, 1.35576e+06, 0
6.35739e+06, 3.21724e+06, 0
6.53562e+06, 4.77225e+06, 0
5.65479e+06, 5.94666e+06, 0
6.18398e+06, 5.37938e+06, 0
5.72092e+06, 5.58448e+06, 0
3.53776e+06, 1.87715e+06, 0
6.25387e+06, 4.61726e+06, 0
4.95599e+06, 1.13489e+06, 0
1.14983e+07, 6.44295e+06, 0
6.13881e+06, 1.70231e+06, 0
3.03997e+06, 5.74493e+06, 0
3.5654e+06, 5.01018e+06, 0
7.37308e+06, 5.09676e+06, 0
3.02238e+06, 5.00814e+06, 0
5.56754e+06, 7.62831e+06, 0
4.53633e+06, 410683, 0
4.25753e+06, 3.66824e+06, 0
4.13936e+06, 1.86705e+06, 0
5.48735e+06, 2.67201e+06, 0
3.57334e+06, 2.37173e+06, 0
2.37567e+06, 6.60515e+06, 0
2.72336e+06, 8.73857e+06, 0
4.50549e+06, 3.065e+06, 0
4.08041e+06, 1.35131e+07, 0
6.68599e+06, 4.7727e+06, 0
4.4917e+06, 1.57187e+06, 0
6.728e+06, 1.01188e+07, 0
1.36383e+06, 1.02342e+07, 0
1.91608e+06, 5.19486e+06, 0
6.52738e+06, 3.21434e+06, 0
3.71318e+06, 5.07125e+06, 0
3.77574e+06, 5.24647e+06, 0
4.16088e+06, 8.40544e+06, 0
5.71056e+06, 7.59889e+06, 0
1.6065e+06, 1.83451e+06, 0
3.52632e+06, 9.30257e+06, 0
6.08848e+06, 4.40702e+06, 0
2.15511e+06, 3.46006e+06, 0
8.00593e+06, 9.73632e+06, 0
2.9971e+06, 1.14471e+07, 0
1.8627e+06, 2.9794e+06, 0
2.51092e+06, 7.28504e+06, 0
6.14537e+06, 5.9679e+06, 0
8.54474e+06, 3.77561e+06, 0
3.09774e+06, 5.72218e+06, 0
4.66111e+06, 5.94466e+06, 0
8.37116e+06, 4.92283e+06, 0
1.14175e+06, 3.07148e+06, 0
2.1994e+06, 4.642e+06, 0
6.22453e+06, 1.45476e+06, 0
7.98469e+06, 5.1624e+06, 0
3.43924e+06, 5.35009e+06, 0
3.33688e+06, 1.46521e+06, 0
4.59147e+06, 3.32282e+06, 0
6.90295e+06, 7.87383e+06, 0
2.66876e+06, 3.64667e+06, 0
3.76002e+06, 5.028e+06, 0
5.44564e+06, 4.12402e+06, 0
4.50008e+06, 1.60551e+06, 0
2.05802e+06, 1.1057e+07, 0
8.35746e+06, 2.73343e+06, 0
6.33626e+06, 1.77315e+06, 0
1.02648e+07, 6.40014e+06, 0
7.5247e+06, 2.99183e+06, 0
5.13804e+06, 8.5006e+06, 0
4.27286e+06, 6.11468e+06, 0
7.18336e+06, 7.9753e+06, 0
2.95989e+06, 1.03357e+07, 0
5.33185e+06, 6.78138e+06, 0
1.22832e+06, 3.4619e+06, 0
3.90664e+06, 4.70328e+06, 0
3.65089e+06, 9.45841e+06, 0
5.72327e+06, 5.4618e+06, 0
2.85506e+06, 1.55361e+06, 0
5.37709e+06, 7.10912e+06, 0
8.07862e+06, 4.34843e+06, 0
3.00116e+06, 4.82058e+06, 0
7.73891e+06, 2.18132e+06, 0
7.1267e+06, 4.56821e+06, 0
3.39374e+06, 5.1927e+06, 0
7.57162e+06, 2.99782e+06, 0
8.35032e+06, 7.63368e+06, 0
9.83941e+06, 4.69263e+06, 0
3.7211e+06, 1.90143e+06, 0
1.06042e+06, 8.32665e+06, 0
7.88279e+06, 7.78066e+06, 0
7.1477e+06, 3.93067e+06, 0
7.65631e+06, 2.43895e+06, 0
5.29183e+06, 1.9344e+06, 0
4.43576e+06, 8.14014e+06, 0
3.84436e+06, 3.12345e+06, 0
3.46187e+06, 4.75695e+06, 0
7.53261e+06, 4.56177e+06, 0
7.16004e+06, 8.59509e+06, 0
1.02289e+06, 4.20338e+06, 0
4.57405e+06, 8.5445e+06, 0
4.56589e+06, 970983, 0
3.11591e+06, 6.12406e+06, 0
3.67348e+06, 3.72097e+06, 0
5.86773e+06, 7.72987e+06, 0
4.31077e+06, 9.34325e+06, 0
3.78535e+06, 7.18392e+06, 0
7.69876e+06, 5.51741e+06, 0
3.40199e+06, 7.92453e+06, 0
3.79635e+06, 1.03077e+07, 0
3.25167e+06, 4.27852e+06, 0
7.31565e+06, 3.64098e+06, 0
1.3874e+06, 1.83417e+06, 0
7.68527e+06, 2.55513e+06, 0
1.43648e+07, 6.23481e+06, 0
4.72358e+06, 1.0078e+07, 0
5.41328e+06, 5.76851e+06, 0
4.18217e+06, 7.4539e+06, 0
7.83808e+06, 6.98584e+06, 0
2.71052e+06, 1.02477e+07, 0
2.00493e+06, 7.21887e+06, 0
1.291e+06, 6.40489e+06, 0
589256, 6.46315e+06, 0
3.85245e+06, 775694, 0
4.01563e+06, 7.82192e+06, 0
3.56865e+06, 3.09849e+06, 0
7.59468e+06, 5.17552e+06, 0
3.25793e+06, 6.81035e+06, 0
7.5031e+06, 2.80111e+06, 0
8.65599e+06, 5.71409e+06, 0
6.23044e+06, 767997, 0
6.17118e+06, 3.31204e+06, 0
4.33956e+06, 3.55215e+06, 0
560655, 7.60347e+06, 0
4.18014e+06, 5.48399e+06, 0
3.807e+06, 2.07833e+06, 0
8.56683e+06, 3.74681e+06, 0
8.51773e+06, 2.34203e+06, 0
5.40631e+06, 6.87337e+06, 0
4.71084e+06, 4.01323e+06, 0
917070, 1.48773e+06, 0
1.91898e+06, 5.69102e+06, 0
2.62047e+06, 5.33119e+06, 0
8.82877e+06, 2.85432e+06, 0
5.02121e+06, 2.96477e+06, 0
7.47868e+06, 3.84256e+06, 0
3.48487e+06, 553641, 0
2.41412e+06, 4.18316e+06, 0
6.23569e+06, 3.84556e+06, 0
2.11522e+06, 9.67282e+06, 0
2.75893e+06, 2.96373e+06, 0
6.76373e+06, 1.7791e+06, 0
909122, 5.39691e+06, 0
5.30963e+06, 4.59431e+06, 0
5.20371e+06, 3.33852e+06, 0
4.01222e+06, 4.10151e+06, 0
5.41662e+06, 1.34701e+06, 0
6.97233e+06, 3.94961e+06, 0
6.90969e+06, 4.95155e+06, 0
7.15482e+06, 5.13874e+06, 0
6.82469e+06, 8.50826e+06, 0
7.33552e+06, 4.9208e+06, 0
2.49121e+06, 2.42017e+06, 0
4.66699e+06, 1.27226e+06, 0
2.09437e+06, 3.35556e+06, 0
2.15838e+06, 6.99947e+06, 0
5.97054e+06, 8.80299e+06, 0
2.57197e+06, 8.87879e+06, 0
6.26474e+06, 1.1926e+07, 0
1.45753e+06, 4.91349e+06, 0
3.5123e+06, 1.21474e+07, 0
5.93902e+06, 2.11978e+06, 0
2.34857e+06, 4.89417e+06, 0
3.79626e+06, 1.05154e+07, 0
7.59627e+06, 2.66914e+06, 0
4.04778e+06, 1.17798e+07, 0
7.27366e+06, 4.24044e+06, 0
2.80457e+06, 6.43993e+06, 0
6.74987e+06, 8.97952e+06, 0
6.48379e+06, 2.74814e+06, 0
1.80855e+06, 5.08107e+06, 0
3.83198e+06, 6.8195e+06, 0
1.33018e+07, 1.67189e+06, 0
4.82237e+06, 5.3126e+06, 0
1.151e+07, 6.1638e+06, 0
2.13571e+06, 3.4183e+06, 0
4.38193e+06, 8.7955e+06, 0
3.85049e+06, 4.37188e+06, 0
3.15316e+06, 3.50794e+06, 0
3.18963e+06, 4.35166e+06, 0
3.92629e+06, 1.87835e+06, 0
9.57369e+06, 1.35575e+07, 0
2.07678e+06, 3.74036e+06, 0
8.60109e+06, 4.80425e+06, 0
5.35455e+06, 4.88182e+06, 0
4.67751e+06, 6.91022e+06, 0
8.14146e+06, 6.97035e+06, 0
3.19709e+06, 344647, 0
5.3964e+06, 3.77191e+06, 0
1.64623e+07, 3.68922e+06, 0
3.00277e+06, 3.18287e+06, 0
9.07827e+06, 2.46217e+06, 0
1.03094e+07, 8.55683e+06, 0
2.16801e+06, 6.19343e+06, 0
683326, 8.50957e+06, 0
3.40361e+06, 2.37269e+06, 0
1.44556e+07, 5.97597e+06, 0
4.37385e+06, 2.02086e+06, 0
4.86819e+06, 4.73963e+06, 0
1.82863e+06, 1.07572e+07, 0
5.1336e+06, 1.63112e+06, 0
877963, 2.93949e+06, 0
7.34106e+06, 7.00906e+06, 0
2.44342e+06, 6.24899e+06, 0
3.09837e+06, 5.39968e+06, 0
4.99347e+06, 2.4095e+06, 0
4.41595e+06, 3.6205e+06, 0
7.71447e+06, 5.34034e+06, 0
9.92172e+06, 1.04104e+07, 0
7.44235e+06, 6.25705e+06, 0
2.66158e+06, 8.88252e+06, 0
701141, 466795, 0
5.79214e+06, 9.98024e+06, 0
2.44113e+06, 1.50771e+06, 0
4.61215e+06, 7.73963e+06, 0
8.96447e+06, 2.83662e+06, 0
3.58887e+06, 1.06967e+07, 0
4.06302e+06, 1.09567e+07, 0
8.15236e+06, 9.31652e+06, 0
4.48037e+06, 3.33671e+06, 0
6.0456e+06, 2.10262e+06, 0
3.38534e+06, 3.78344e+06, 0
8.87612e+06, 5.44022e+06, 0
5.80807e+06, 2.08782e+06, 0
1.95558e+06, 8.01473e+06, 0
4.1836e+06, 6.07637e+06, 0
7.46089e+06, 2.65414e+06, 0
2.30049e+06, 5.26963e+06, 0
1.40685e+06, 6.67916e+06, 0
2.70355e+06, 5.64361e+06, 0
1.27825e+07, 860143, 0
3.7965e+06, 5.52065e+06, 0
3.29803e+06, 4.08755e+06, 0
5.41126e+06, 4.25473e+06, 0
3.36151e+06, 2.77737e+06, 0
8.20236e+06, 3.21105e+06, 0
2.09294e+06, 3.44792e+06, 0
4.16645e+06, 6.28129e+06, 0
4.32879e+06, 4.80127e+06, 0
5.84836e+06, 5.47872e+06, 0
1.31861e+06, 5.6783e+06, 0
2.7378e+06, 3.36374e+06, 0
8.36384e+06, 3.0326e+06, 0
2.03057e+06, 4.89491e+06, 0
5.52061e+06, 7.53262e+06, 0
1.75313e+06, 5.71394e+06, 0
4.59892e+06, 3.79888e+06, 0
7.24727e+06, 2.89679e+06, 0
6.68532e+06, 2.58153e+06, 0
3.59615e+06, 750344, 0
7.90821e+06, 3.75234e+06, 0
4.96963e+06, 2.33762e+06, 0
1.09669e+07, 4.2058e+06, 0
9.37505e+06, 4.07638e+06, 0
6.33727e+06, 8.86162e+06, 0
1.02921e+07, 2.06495e+06, 0
9.59648e+06, 7.00097e+06, 0
1.02805e+07, 700752, 0
8.69273e+06, 6.76863e+06, 0
4.06708e+06, 5.17277e+06, 0
6.87691e+06, 5.67033e+06, 0
2.46915e+06, 6.81279e+06, 0
1.14506e+07, 1.98856e+06, 0
5.17246e+06, 8.11454e+06, 0
3.04994e+06, 5.81568e+06, 0
4.07352e+06, 6.85295e+06, 0
4.41699e+06, 1.06769e+07, 0
2.75051e+06, 492206, 0
5.15411e+06, 3.75966e+06, 0
4.87693e+06, 6.94428e+06, 0
5.42999e+06, 3.99668e+06, 0
1.44185e+06, 2.25547e+06, 0
5.84277e+06, 3.20589e+06, 0
1.53299e+07, 5.67575e+06, 0
8.3014e+06, 3.49839e+06, 0
519822, 278275, 0
4.06711e+06, 9.30869e+06, 0
7.10545e+06, 2.81553e+06, 0
4.48779e+06, 4.98399e+06, 0
5.73795e+06, 6.70242e+06, 0
1.18576e+07, 3.6938e+06, 0
1.09446e+07, 9.80346e+06, 0
592923, 9.34927e+06, 0
2.04118e+06, 5.23877e+06, 0
7.82585e+06, 1.07929e+07, 0
5.0392e+06, 2.30795e+06, 0
1.09476e+07, 3.85419e+06, 0
3.96007e+06, 8.45299e+06, 0
4.41575e+06, 4.93218e+06, 0
6.41996e+06, 5.293e+06, 0
7.28391e+06, 7.08658e+06, 0
4.09498e+06, 2.61064e+06, 0
3.84698e+06, 2.75706e+06, 0
9.54389e+06, 1.21041e+07, 0
1.76827e+06, 4.57735e+06, 0
445934, 7.71179e+06, 0
2.26042e+06, 6.5674e+06, 0
5.67423e+06, 3.54206e+06, 0
3.56411e+06, 6.48143e+06, 0
4.09141e+06, 5.26873e+06, 0
4.33734e+06, 7.09582e+06, 0
1.90517e+06, 2.27781e+06, 0
3.96716e+06, 5.59796e+06, 0
1.9062e+06, 9.18987e+06, 0
9.81858e+06, 5.33809e+06, 0
6.14513e+06, 2.7098e+06, 0
7.21048e+06, 1.00815e+07, 0
6.23534e+06, 5.6179e+06, 0
6.02677e+06, 4.04204e+06, 0
7.68653e+06, 8.73765e+06, 0
7.3689e+06, 8.84623e+06, 0
1.32529e+07, 4.29025e+06, 0
5.07283e+06, 5.80158e+06, 0
466208, 2.79402e+06, 0
720841, 2.60285e+06, 0
5.64561e+06, 2.37206e+06, 0
1.02081e+07, 3.5769e+06, 0
5.21423e+06, 8.64208e+06, 0
3.77731e+06, 3.3794e+06, 0
1.63009e+06, 3.9681e+06, 0
3.21108e+06, 5.13938e+06, 0
7.67411e+06, 2.94685e+06, 0
2.20981e+06, 4.99981e+06, 0
778976, 2.98106e+06, 0
1.50944e+06, 5.77027e+06, 0
3.06242e+06, 4.81254e+06, 0
1.17957e+06, 6.66341e+06, 0
6.28967e+06, 1.58919e+06, 0
4.74681e+06, 4.01643e+06, 0
4.92682e+06, 7.88658e+06, 0
5.47805e+06, 8.07758e+06, 0
7.74753e+06, 4.47482e+06, 0
3.21816e+06, 1.18705e+06, 0
5.65618e+06, 7.82836e+06, 0
5.48464e+06, 7.34101e+06, 0
7.92398e+06, 4.9382e+06, 0
8.55095e+06, 8.23768e+06, 0
8.22234e+06, 4.3865e+06, 0
5.19858e+06, 6.86354e+06, 0
7.51778e+06, 5.6319e+06, 0
9.49566e+06, 8.88785e+06, 0
7.95559e+06, 9.26055e+06, 0
3.11091e+06, 7.65864e+06, 0
3.59946e+06, 3.84054e+06, 0
1.99523e+06, 7.32857e+06, 0
6.51776e+06, 8.0621e+06, 0
591443, 8.0997e+06, 0
5.08121e+06, 4.43536e+06, 0
6.27522e+06, 3.17736e+06, 0
4.77248e+06, 5.52677e+06, 0
2.05358e+06, 3.15033e+06, 0
6.87218e+06, 5.66547e+06, 0
8.10088e+06, 9.79685e+06, 0
7.95538e+06, 1.26832e+07, 0
8.4628e+06, 2.10262e+06, 0
9.33078e+06, 6.60499e+06, 0
1.35696e+06, 2.17557e+06, 0
3.4088e+06, 4.01032e+06, 0
3.16949e+06, 5.29095e+06, 0
6.98839e+06, 1.88598e+06, 0
7.97517e+06, 3.95876e+06, 0
218502, 7.1372e+06, 0
396011, 2.26396e+06, 0
2.78209e+06, 8.65399e+06, 0
7.55512e+06, 6.64992e+06, 0
6.32615e+06, 7.80947e+06, 0
3.48395e+06, 1.21246e+06, 0
8.71751e+06, 1.09714e+07, 0
8.83935e+06, 3.55993e+06, 0
1.82212e+06, 5.84693e+06, 0
1.07266e+07, 3.6166e+06, 0
3.79381e+06, 4.61262e+06, 0
9.13153e+06, 3.71601e+06, 0
308366, 3.82152e+06, 0
9.83031e+06, 4.88909e+06, 0
9.20362e+06, 9.86365e+06, 0
3.56343e+06, 9.06258e+06, 0
5.72271e+06, 2.6701e+06, 0
3.88138e+06, 5.40306e+06, 0
6.57995e+06, 8.11406e+06, 0
8.6585e+06, 7.07419e+06, 0
5.60363e+06, 6.95044e+06, 0
3.13888e+06, 1.03556e+07, 0
414616, 2.75381e+06, 0
2.11865e+06, 628164, 0
4.61937e+06, 2.79396e+06, 0
5.64608e+06, 8.47909e+06, 0
3.37145e+06, 5.20131e+06, 0
3.56044e+06, 3.63791e+06, 0
6.94581e+06, 2.61306e+06, 0
6.02693e+06, 3.50572e+06, 0
5.30232e+06, 2.08719e+06, 0
5.27373e+06, 2.60659e+06, 0
4.01613e+06, 5.44544e+06, 0
3.98685e+06, 2.86365e+06, 0
4.82869e+06, 864809, 0
2.51706e+06, 582471, 0
6.0913e+06, 7.42987e+06, 0
1.10609e+06, 8.73541e+06, 0
9.63401e+06, 1.35538e+07, 0
3.66803e+06, 1.52209e+07, 0
4.25053e+06, 7.54501e+06, 0
1.02543e+07, 3.44676e+06, 0
3.02297e+06, 6.65182e+06, 0
2.87754e+06, 3.55237e+06, 0
2.44812e+06, 3.18013e+06, 0
2.60772e+06, 4.58441e+06, 0
1.11097e+07, 4.9112e+06, 0
1.29041e+07, 8.1906e+06, 0
8.01285e+06, 8.33748e+06, 0
4.60506e+06, 4.25214e+06, 0
8.19404e+06, 6.72324e+06, 0
7.27011e+06, 2.21257e+06, 0
7.72379e+06, 1.3555e+06, 0
1.38195e+06, 1.57237e+06, 0
2.01591e+06, 8.28191e+06, 0
7.52429e+06, 8.89157e+06, 0
1.00308e+06, 7.00084e+06, 0
1.08109e+06, 5.50963e+06, 0
2.57423e+06, 2.38315e+06, 0
3.75183e+06, 7.04788e+06, 0
2.59468e+06, 8.45299e+06, 0
2.42506e+06, 4.84766e+06, 0
7.24895e+06, 2.60548e+06, 0
9.27252e+06, 8.82004e+06, 0
6.21203e+06, 6.12653e+06, 0
6.20967e+06, 8.46081e+06, 0
1.01702e+07, 5.27456e+06, 0
4.85614e+06, 6.49067e+06, 0
1.47482e+06, 6.65988e+06, 0
5.07864e+06, 4.75028e+06, 0
9.36056e+06, 8.66884e+06, 0
9.90874e+06, 3.62217e+06, 0
5.39923e+06, 3.52602e+06, 0
4.97419e+06, 5.89918e+06, 0
3.33417e+06, 4.10173e+06, 0
3.20967e+06, 6.18128e+06, 0
1.03844e+07, 1.00453e+07, 0
3.03099e+06, 8.58733e+06, 0
771888, 1.13295e+07, 0
4.28631e+06, 7.37865e+06, 0
9.68706e+06, 1.76287e+06, 0
2.34513e+06, 9.82422e+06, 0
3.73747e+06, 5.4295e+06, 0
8.35459e+06, 1.85223e+06, 0
1.35924e+06, 7.51206e+06, 0
3.7641e+06, 6.9738e+06, 0
3.43311e+06, 2.36229e+06, 0
4.76572e+06, 1.44676e+06, 0
4.10283e+06, 8.68066e+06, 0
4.00296e+06, 8.01343e+06, 0
7.22405e+06, 3.14333e+06, 0
6.08308e+06, 1.51424e+06, 0
1.56683e+06, 4.09741e+06, 0
5.49556e+06, 4.81564e+06, 0
2.93387e+06, 3.20676e+06, 0
2.91546e+06, 1.16749e+06, 0
4.31009e+06, 6.31237e+06, 0
8.75982e+06, 1.2282e+07, 0
7.24093e+06, 583874, 0
2.96213e+06, 6.38594e+06, 0
2.14715e+06, 9.11642e+06, 0
8.21862e+06, 2.90731e+06, 0
2.34754e+06, 2.34386e+06, 0
787699, 7.10786e+06, 0
8.33258e+06, 7.18802e+06, 0
4.04502e+06, 4.25738e+06, 0
1.08006e+07, 2.41827e+06, 0
6.41495e+06, 4.90816e+06, 0
6.31002e+06, 3.99865e+06, 0
3.05039e+06, 1.80574e+07, 0
6.94336e+06, 5.00721e+06, 0
6.97617e+06, 3.91719e+06, 0
2.62573e+06, 1.67996e+06, 0
9.76847e+06, 8.82395e+06, 0
1.43227e+07, 7.60351e+06, 0
6.51375e+06, 2.02699e+06, 0
7.97226e+06, 1.48431e+06, 0
3.61944e+06, 4.01305e+06, 0
1.0971e+07, 3.89518e+06, 0
7.41546e+06, 484419, 0
2.87743e+06, 9.26881e+06, 0
7.2499e+06, 5.46849e+06, 0
5.74556e+06, 6.93601e+06, 0
3.69019e+06, 6.45316e+06, 0
6.14493e+06, 3.58023e+06, 0
5.37485e+06, 4.47849e+06, 0
4.2055e+06, 5.13769e+06, 0
1.53163e+06, 3.68123e+06, 0
1.35729e+07, 9.06932e+06, 0
2.82568e+06, 4.57252e+06, 0
3.90328e+06, 1.4742e+06, 0
1.20351e+06, 5.37264e+06, 0
4.22921e+06, 5.06749e+06, 0
4.10391e+06, 1.15978e+06, 0
1.65929e+06, 1.91678e+06, 0
4.48437e+06, 1.68976e+06, 0
9.7782e+06, 2.42772e+06, 0
5.69863e+06, 4.43989e+06, 0
7.03635e+06, 3.85408e+06, 0
3.28121e+06, 3.44877e+06, 0
1.10606e+07, 3.18289e+06, 0
1.85243e+06, 4.53837e+06, 0
1.63215e+06, 6.22815e+06, 0
5.30193e+06, 7.37802e+06, 0
3.81521e+06, 9.94918e+06, 0
1.10839e+07, 3.89503e+06, 0
9.03683e+06, 5.37075e+06, 0
3.2183e+06, 2.83086e+06, 0
4.78012e+06, 2.06751e+06, 0
2.77016e+06, 8.83323e+06, 0
7.34747e+06, 1.6046e+06, 0
6.58812e+06, 6.87746e+06, 0
3.69634e+06, 5.51812e+06, 0
4.99802e+06, 8.72119e+06, 0
7.10422e+06, 7.78991e+06, 0
5.55776e+06, 4.22678e+06, 0
4.37748e+06, 7.52167e+06, 0
9.29973e+06, 9.32245e+06, 0
4.9643e+06, 6.12948e+06, 0
4.66784e+06, 6.11669e+06, 0
1.04037e+07, 6.88864e+06, 0
3.98696e+06, 7.66141e+06, 0
3.71224e+06, 9.62316e+06, 0
4.1322e+06, 1.47947e+06, 0
5.90878e+06, 3.94654e+06, 0
5.51075e+06, 5.46494e+06, 0
2.73611e+06, 4.78381e+06, 0
5.6967e+06, 2.11614e+06, 0
6.9322e+06, 7.04105e+06, 0
1.08199e+06, 4.88862e+06, 0
5.7262e+06, 3.99874e+06, 0
2.73452e+06, 5.85778e+06, 0
3.61829e+06, 1.06935e+07, 0
2.46175e+06, 5.57338e+06, 0
8.60799e+06, 7.97827e+06, 0
3.77065e+06, 7.51407e+06, 0
1.01246e+07, 9.00086e+06, 0
1.11978e+07, 7.61135e+06, 0
1.03179e+07, 676873, 0
5.97066e+06, 3.45319e+06, 0
4.56725e+06, 3.05663e+06, 0
5.7736e+06, 3.56249e+06, 0
5.6999e+06, 1.02461e+07, 0
1.573e+07, 6.1395e+06, 0
4.60341e+06, 5.05115e+06, 0
2.72446e+06, 5.98118e+06, 0
826750, 6.93938e+06, 0
5.21475e+06, 6.10328e+06, 0
3.32249e+06, 6.9567e+06, 0
2.9115e+06, 2.80819e+06, 0
8.04028e+06, 4.90761e+06, 0
6.87815e+06, 5.53946e+06, 0
3.21464e+06, 4.45263e+06, 0
1.76535e+06, 3.84908e+06, 0
1.0963e+07, 4.0932e+06, 0
7.41558e+06, 9.67888e+06, 0
7.70705e+06, 3.61132e+06, 0
1.03037e+07, 5.29524e+06, 0
4.90044e+06, 5.91259e+06, 0
7.91877e+06, 5.69823e+06, 0
7.71932e+06, 5.83115e+06, 0
4.18191e+06, 2.99479e+06, 0
8.62992e+06, 5.16878e+06, 0
2.51892e+06, 5.907e+06, 0
4.03993e+06, 2.88569e+06, 0
4.87148e+06, 3.24289e+06, 0
4.22716e+06, 1.11742e+07, 0
5.34376e+06, 3.29333e+06, 0
107318, 2.23781e+06, 0
6.19895e+06, 4.31365e+06, 0
5.56056e+06, 1.205e+07, 0
2.46697e+06, 3.38563e+06, 0
2.17302e+06, 1.39603e+06, 0
7.36549e+06, 9.5376e+06, 0
4.98953e+06, 856088, 0
9.22476e+06, 2.89895e+06, 0
2.39444e+06, 4.55857e+06, 0
1.43885e+06, 1.04537e+07, 0
7.45854e+06, 8.87187e+06, 0
3.56792e+06, 5.49528e+06, 0
768220, 3.63781e+06, 0
1.50685e+06, 5.05397e+06, 0
6.95532e+06, 2.95545e+06, 0
2.24301e+06, 9.42874e+06, 0
4.38539e+06, 5.1013e+06, 0
4.94153e+06, 1.246e+07, 0
1.35412e+07, 2.60272e+06, 0
5.23354e+06, 2.40368e+06, 0
7.75343e+06, 7.5516e+06, 0
2.54257e+06, 2.69343e+06, 0
9.89298e+06, 2.11187e+06, 0
4.66862e+06, 2.45812e+06, 0
1.07017e+07, 1.93497e+06, 0
2.59855e+06, 4.72433e+06, 0
433317, 3.77643e+06, 0
2.49065e+06, 1.66951e+06, 0
2.06486e+06, 7.14734e+06, 0
8.42696e+06, 8.01809e+06, 0
3.70312e+06, 3.57923e+06, 0
3.28533e+06, 4.34158e+06, 0
2.38802e+06, 2.55207e+06, 0
7.4579e+06, 6.67323e+06, 0
7.07764e+06, 8.70571e+06, 0
4.28644e+06, 5.2092e+06, 0
6.31271e+06, 1.253e+06, 0
7.466e+06, 7.09789e+06, 0
3.19754e+06, 1.76222e+06, 0
8.6088e+06, 4.27317e+06, 0
1.85389e+06, 6.0564e+06, 0
1.02654e+07, 7.41208e+06, 0
2.25615e+06, 3.79541e+06, 0
8.86306e+06, 2.7603e+06, 0
1.04784e+07, 1.62685e+06, 0
7.17463e+06, 7.70253e+06, 0
5.71118e+06, 7.75368e+06, 0
3.88116e+06, 1.35458e+07, 0
5.92138e+06, 9.72298e+06, 0
5.83783e+06, 1.00697e+06, 0
5.4405e+06, 6.6101e+06, 0
2.22672e+06, 4.20407e+06, 0
5.2664e+06, 822503, 0
1.87401e+06, 1.7015e+06, 0
4.10935e+06, 3.68954e+06, 0
5.80884e+06, 5.77703e+06, 0
4.2231e+06, 7.74531e+06, 0
1.02154e+07, 2.10259e+06, 0
5.61536e+06, 4.56304e+06, 0
7.43857e+06, 1.04709e+07, 0
5.4576e+06, 6.89977e+06, 0
5.03175e+06, 2.6751e+06, 0
4.11587e+06, 7.99226e+06, 0
4.55553e+06, 7.0032e+06, 0
4.1184e+06, 3.36134e+06, 0
3.75503e+06, 1.69058e+06, 0
5.91334e+06, 3.72585e+06, 0
5.57179e+06, 1.34318e+06, 0
7.48778e+06, 5.4313e+06, 0
2.04207e+06, 5.98477e+06, 0
5.07614e+06, 5.10103e+06, 0
1.03134e+07, 8.8497e+06, 0
1.31219e+06, 1.858e+06, 0
6.09205e+06, 6.68383e+06, 0
1.0222e+07, 2.12899e+06, 0
3.9803e+06, 4.54276e+06, 0
2.8966e+06, 2.52936e+06, 0
2.15686e+06, 7.34561e+06, 0
7.92946e+06, 1.51551e+06, 0
2.97616e+06, 4.34779e+06, 0
6.32223e+06, 6.26728e+06, 0
873974, 2.17852e+06, 0
9.22412e+06, 1.33188e+06, 0
2.23338e+06, 6.20152e+06, 0
2.43235e+06, 5.90218e+06, 0
5.02682e+06, 2.52164e+06, 0
3.46689e+06, 4.73848e+06, 0
3.21733e+06, 3.70673e+06, 0
2.86932e+06, 3.63897e+06, 0
1.00244e+06, 2.93585e+06, 0
2.938e+06, 4.60616e+06, 0
6.23385e+06, 5.20109e+06, 0
7.06088e+06, 4.90753e+06, 0
4.37649e+06, 5.17747e+06, 0
8.69183e+06, 9.73072e+06, 0
4.30928e+06, 4.6543e+06, 0
2.5357e+06, 7.73131e+06, 0
6.24472e+06, 7.81515e+06, 0
722495, 2.36312e+06, 0
6.88957e+06, 4.37322e+06, 0
8.16515e+06, 1.6139e+06, 0
2.16382e+06, 3.04829e+06, 0
1.90646e+06, 1.04331e+07, 0
5.19855e+06, 2.84362e+06, 0
6.62011e+06, 7.31424e+06, 0
8.73387e+06, 605189, 0
1.0927e+07, 4.40935e+06, 0
5.91665e+06, 5.14588e+06, 0
5.80344e+06, 8.70693e+06, 0
4.58744e+06, 4.41891e+06, 0
3.61507e+06, 4.23574e+06, 0
5.08954e+06, 8.8541e+06, 0
9.58017e+06, 3.89819e+06, 0
2.51015e+06, 7.82472e+06, 0
7.27986e+06, 7.01703e+06, 0
3.90475e+06, 5.21031e+06, 0
5.17535e+06, 4.41117e+06, 0
6.01985e+06, 1.73654e+06, 0
1.01132e+07, 6.13053e+06, 0
5.3795e+06, 3.57844e+06, 0
1.1713e+06, 2.64588e+06, 0
6.93026e+06, 3.07231e+06, 0
2.80198e+06, 3.54106e+06, 0
133215, 5.9507e+06, 0
3.86368e+06, 6.36437e+06, 0
7.69412e+06, 5.14953e+06, 0
1.81263e+06, 4.55389e+06, 0
6.6703e+06, 503057, 0
4.95653e+06, 7.25805e+06, 0
8.85927e+06, 8.34384e+06, 0
3.40178e+06, 3.14433e+06, 0
8.33519e+06, 5.49883e+06, 0
1.80295e+06, 651141, 0
9.29975e+06, 5.48513e+06, 0
1.65121e+06, 9.07178e+06, 0
5.55474e+06, 7.12069e+06, 0
590733, 5.57666e+06, 0
1.20956e+06, 4.02783e+06, 0
2.58021e+06, 7.10215e+06, 0
4.27972e+06, 4.08107e+06, 0
1.41476e+07, 3.92239e+06, 0
1.19593e+07, 1.07547e+06, 0
7.71809e+06, 4.33975e+06, 0
5.65946e+06, 2.03345e+06, 0
7.89488e+06, 9.27502e+06, 0
1.3725e+07, 4.89001e+06, 0
3.65335e+06, 6.32354e+06, 0
5.01034e+06, 1.09959e+07, 0
3.86232e+06, 4.50999e+06, 0
2.73426e+06, 1.66855e+06, 0
7.22489e+06, 7.60965e+06, 0
1.36789e+07, 3.21949e+06, 0
1.39598e+07, 5.92378e+06, 0
2.77773e+06, 4.45888e+06, 0
1.1067e+07, 3.42191e+06, 0
6.34235e+06, 1.20904e+07, 0
4.78048e+06, 5.19255e+06, 0
649989, 2.53919e+06, 0
1.02216e+07, 3.64509e+06, 0
4.63062e+06, 6.16199e+06, 0
5.83341e+06, 750002, 0
5.08887e+06, 5.75546e+06, 0
5.73965e+06, 4.49056e+06, 0
6.05998e+06, 2.41773e+06, 0
4.98476e+06, 8.61392e+06, 0
6.69666e+06, 2.02504e+06, 0
9.65054e+06, 7.06945e+06, 0
7.27875e+06, 5.41782e+06, 0
2.33679e+06, 5.75566e+06, 0
6.84147e+06, 3.63468e+06, 0
1.94445e+07, 4.93465e+06, 0
2.45475e+06, 7.24928e+06, 0
4.69213e+06, 1.65303e+06, 0
6.02739e+06, 4.41405e+06, 0
8.73022e+06, 1.13968e+07, 0
4.92612e+06, 2.79854e+06, 0
4.68368e+06, 3.03862e+06, 0
1.47235e+07, 9.57307e+06, 0
4.57046e+06, 5.9741e+06, 0
6.58664e+06, 2.54532e+06, 0
4.68856e+06, 6.37512e+06, 0
5.57278e+06, 7.13422e+06, 0
6.52179e+06, 7.71387e+06, 0
7.99947e+06, 2.48153e+06, 0
6.01985e+06, 1.73654e+06, 0
1.00549e+06, 5.70563e+06, 0
1.50812e+06, 1.6085e+06, 0
3.72594e+06, 7.59985e+06, 0
1.20604e+06, 7.14572e+06, 0
5.46693e+06, 2.23787e+06, 0
1.85248e+06, 1.05851e+06, 0
283230, 5.47631e+06, 0
3.53298e+06, 3.93925e+06, 0
2.70074e+06, 8.04589e+06, 0
3.06807e+06, 7.86877e+06, 0
4.69792e+06, 7.02439e+06, 0
9.67447e+06, 8.77524e+06, 0
6.67843e+06, 5.26903e+06, 0
4.01143e+06, 8.85275e+06, 0
3.468e+06, 6.2244e+06, 0
2.86766e+06, 1.06545e+07, 0
3.87544e+06, 7.0915e+06, 0
5.22016e+06, 2.44505e+06, 0
5.34969e+06, 4.95103e+06, 0
7.23109e+06, 5.812e+06, 0
591223, 5.68676e+06, 0
1.28576e+07, 5.95061e+06, 0
6.49033e+06, 3.66648e+06, 0
5.47428e+06, 8.13689e+06, 0
6.84958e+06, 4.52758e+06, 0
7.42357e+06, 4.90995e+06, 0
5.43331e+06, 6.30583e+06, 0
9.6339e+06, 6.35626e+06, 0
2.58725e+06, 7.42221e+06, 0
6.2404e+06, 9.27552e+06, 0
4.99185e+06, 8.28106e+06, 0
4.17669e+06, 6.30197e+06, 0
4.34157e+06, 4.36585e+06, 0
3.26836e+06, 5.84443e+06, 0
3.73809e+06, 8.32022e+06, 0
1.16071e+07, 1.08647e+07, 0
4.11434e+06, 1.87951e+06, 0
5.81979e+06, 1.71244e+06, 0
1.15385e+07, 4.97783e+06, 0
6.59845e+06, 7.29378e+06, 0
6.98824e+06, 1.86524e+06, 0
5.62221e+06, 5.53074e+06, 0
713359, 3.88282e+06, 0
3.19642e+06, 2.52183e+06, 0
5.94122e+06, 5.92622e+06, 0
4.04397e+06, 5.29894e+06, 0
5.24356e+06, 6.258e+06, 0
3.52145e+06, 6.82011e+06, 0
2.08942e+06, 5.42671e+06, 0
4.65743e+06, 8.13531e+06, 0
2.98671e+06, 7.07071e+06, 0
4.72627e+06, 1.06442e+07, 0
3.43801e+06, 4.20612e+06, 0
1.29409e+07, 5.63675e+06, 0
6.56172e+06, 5.83237e+06, 0
2.66037e+06, 4.77222e+06, 0
1.5902e+06, 2.46531e+06, 0
3.52986e+06, 4.68232e+06, 0
5.45593e+06, 3.47657e+06, 0
4.93351e+06, 6.60869e+06, 0
4.51774e+06, 7.42167e+06, 0
1.05455e+07, 1.04204e+07, 0
4.06249e+06, 7.94562e+06, 0
3.45562e+06, 4.5431e+06, 0
3.15777e+06, 5.60058e+06, 0
1.30248e+06, 4.38508e+06, 0
5.01812e+06, 4.06272e+06, 0
641894, 7.01264e+06, 0
5.40684e+06, 3.74088e+06, 0
3.59841e+06, 6.57681e+06, 0
9.46028e+06, 6.23037e+06, 0
6.77227e+06, 6.76804e+06, 0
6.09407e+06, 4.19142e+06, 0
2.2479e+06, 3.93117e+06, 0
9.3952e+06, 424405, 0
8.44117e+06, 4.0909e+06, 0
6.60236e+06, 5.89232e+06, 0
1.94433e+06, 3.702e+06, 0
1.3025e+06, 7.40058e+06, 0
2.89994e+06, 7.10396e+06, 0
2.83964e+06, 9.6307e+06, 0
4.49514e+06, 1.36421e+06, 0
2.72626e+06, 1.02851e+07, 0
3.79623e+06, 3.3442e+06, 0
4.14774e+06, 2.91216e+06, 0
9.30858e+06, 213772, 0
8.3586e+06, 6.77e+06, 0
4.96616e+06, 6.75995e+06, 0
1.06779e+06, 2.56065e+06, 0
5.36905e+06, 8.73211e+06, 0
2.35648e+06, 1.04614e+07, 0
6.50691e+06, 7.97385e+06, 0
1.31022e+06, 1.16811e+07, 0
545124, 8.73753e+06, 0
2.6929e+06, 5.47208e+06, 0
2.84901e+06, 1.42252e+06, 0
7.40378e+06, 5.35049e+06, 0
2.90786e+06, 9.90395e+06, 0
3.83851e+06, 1.72924e+06, 0
3.19706e+06, 2.44931e+06, 0
7.7688e+06, 2.56168e+06, 0
4.83204e+06, 7.5652e+06, 0
5.50504e+06, 4.40679e+06, 0
4.13401e+06, 2.67891e+06, 0
1.75439e+06, 6.33944e+06, 0
7.72374e+06, 4.11614e+06, 0
3.36029e+06, 4.47716e+06, 0
4.99943e+06, 5.85224e+06, 0
1.35436e+07, 7.11458e+06, 0
7.64049e+06, 6.7776e+06, 0
2.77302e+06, 6.9311e+06, 0
7.10803e+06, 1.04876e+07, 0
1.13447e+06, 7.37073e+06, 0
9.6154e+06, 4.32664e+06, 0
5.62989e+06, 2.58751e+06, 0
5.92956e+06, 2.45005e+06, 0
7.72466e+06, 5.58689e+06, 0
3.97136e+06, 4.79202e+06, 0
4.42305e+06, 4.24012e+06, 0
4.68021e+06, 8.90651e+06, 0
1.02157e+06, 1.92419e+06, 0
3.10529e+06, 3.55064e+06, 0
4.40587e+06, 4.07793e+06, 0
7.82511e+06, 4.8049e+06, 0
4.73703e+06, 9.59936e+06, 0
5.48894e+06, 7.58847e+06, 0
7.88697e+06, 1.0168e+07, 0
1.27e+07, 6.44053e+06, 0
8.19965e+06, 6.54394e+06, 0
9.93978e+06, 6.50924e+06, 0
1.45097e+06, 1.05494e+07, 0
3.33551e+06, 3.57095e+06, 0
6.07461e+06, 5.12846e+06, 0
2.04952e+06, 3.61851e+06, 0
3.93061e+06, 2.44054e+06, 0
6.50172e+06, 1.73135e+06, 0
8.13663e+06, 7.0966e+06, 0
2.0032e+06, 7.18848e+06, 0
6.79026e+06, 2.28491e+06, 0
7.92119e+06, 2.15017e+06, 0
2.15793e+06, 2.81203e+06, 0
3.53815e+06, 2.31659e+06, 0
1.07284e+07, 5.79908e+06, 0
1.02797e+07, 6.47998e+06, 0
5.87481e+06, 8.73434e+06, 0
8.12987e+06, 2.87917e+06, 0
6.65324e+06, 7.23711e+06, 0
8.97098e+06, 5.56285e+06, 0
4.02577e+06, 2.20411e+06, 0
9.26668e+06, 2.05625e+06, 0
7.41411e+06, 3.02666e+06, 0
5.37211e+06, 2.96538e+06, 0
4.84192e+06, 2.46378e+06, 0
6.1521e+06, 1.65853e+06, 0
358601, 3.56974e+06, 0
5.14726e+06, 6.18641e+06, 0
6.99939e+06, 7.69229e+06, 0
5.9473e+06, 4.96738e+06, 0
3.5874e+06, 8.62858e+06, 0
4.42953e+06, 3.64494e+06, 0
1.45789e+06, 5.89665e+06, 0
6.92439e+06, 5.00235e+06, 0
9.02913e+06, 2.32471e+06, 0
3.34312e+06, 881315, 0
6.41049e+06, 5.52383e+06, 0
4.86677e+06, 4.03649e+06, 0
4.58952e+06, 3.09569e+06, 0
4.07946e+06, 3.79648e+06, 0
6.33779e+06, 1.8431e+06, 0
8.02656e+06, 7.48809e+06, 0
1.03456e+07, 2.81881e+06, 0
4.2099e+06, 1.8426e+06, 0
7.80212e+06, 5.22908e+06, 0
5.22916e+06, 5.67077e+06, 0
1.80502e+06, 1.89633e+06, 0
6.11913e+06, 5.76836e+06, 0
5.29339e+06, 5.20114e+06, 0
1.0654e+07, 2.01951e+06, 0
4.86674e+06, 4.24254e+06, 0
3.01055e+06, 5.48364e+06, 0
3.97835e+06, 1.403e+06, 0
5.58561e+06, 2.55569e+06, 0
3.52625e+06, 5.23752e+06, 0
5.62843e+06, 4.5444e+06, 0
6.87662e+06, 5.28672e+06, 0
9.61133e+06, 4.54528e+06, 0
4.74451e+06, 9.63871e+06, 0
1.16503e+06, 7.22974e+06, 0
875560, 4.0656e+06, 0
3.30476e+06, 2.06435e+06, 0
7.36155e+06, 4.30018e+06, 0
5.01712e+06, 5.42337e+06, 0
4.16272e+06, 6.56412e+06, 0
2.4884e+06, 7.07762e+06, 0
7.00519e+06, 2.16399e+06, 0
5.66831e+06, 4.182e+06, 0
3.089e+06, 6.60123e+06, 0
1.68233e+06, 2.42499e+06, 0
6.63401e+06, 1.42082e+06, 0
6.91093e+06, 115593, 0
6.01985e+06, 8.59509e+06, 0
5.32011e+06, 1.57722e+07, 0
2.68002e+06, 3.04061e+06, 0
3.49892e+06, 4.01302e+06, 0
9.79171e+06, 6.66243e+06, 0
5.45259e+06, 4.23291e+06, 0
3.00467e+06, 9.39523e+06, 0
9.35198e+06, 6.37247e+06, 0
6.58909e+06, 1.08298e+07, 0
1.91473e+06, 6.61169e+06, 0
3.26229e+06, 3.58422e+06, 0
2.9179e+06, 4.1e+06, 0
8.00299e+06, 2.11054e+06, 0
5.53023e+06, 3.50896e+06, 0
8.29799e+06, 1.79064e+06, 0
6.43709e+06, 4.49337e+06, 0
1.41391e+06, 7.50632e+06, 0
4.17315e+06, 4.35728e+06, 0
3.70629e+06, 7.96294e+06, 0
1.18408e+07, 3.35909e+06, 0
8.98614e+06, 2.49038e+06, 0
832918, 5.23657e+06, 0
3.05462e+06, 6.2095e+06, 0
4.79547e+06, 5.29787e+06, 0
5.33286e+06, 8.17657e+06, 0
888471, 3.81916e+06, 0
2.46347e+06, 1.05513e+07, 0
2.20404e+06, 2.8404e+06, 0
8.12097e+06, 524172, 0
3.69357e+06, 8.48619e+06, 0
4.5406e+06, 4.63519e+06, 0
4.08689e+06, 1.41484e+06, 0
5.65041e+06, 6.7669e+06, 0
7.04895e+06, 4.20934e+06, 0
2.75311e+06, 2.08894e+06, 0
4.01238e+06, 5.20696e+06, 0
6.33919e+06, 3.29133e+06, 0
5.19358e+06, 3.11993e+06, 0
6.22878e+06, 4.27009e+06, 0
3.09946e+06, 3.15628e+06, 0
1.03309e+06, 7.57953e+06, 0
3.03295e+06, 1.75387e+06, 0
6.68693e+06, 7.0857e+06, 0
2.53841e+06, 6.68451e+06, 0
2.8152e+06, 8.42046e+06, 0
6.72841e+06, 3.1821e+06, 0
5.10647e+06, 3.26202e+06, 0
6.8312e+06, 6.2467e+06, 0
3.09414e+06, 4.3575e+06, 0
6.26391e+06, 2.00106e+06, 0
2.59565e+06, 2.14479e+06, 0
6.12727e+06, 4.34136e+06, 0
7.98103e+06, 4.32562e+06, 0
2.30218e+06, 7.56757e+06, 0
7.60054e+06, 1.0599e+07, 0
3.35537e+06, 7.82956e+06, 0
1.71422e+06, 3.35306e+06, 0
5.08663e+06, 5.69298e+06, 0
3.73729e+06, 9.49727e+06, 0
1.07329e+07, 463652, 0
3.58928e+06, 7.41933e+06, 0
1.78173e+06, 1.85396e+06, 0
8.17372e+06, 7.6009e+06, 0
2.67465e+06, 2.20328e+06, 0
2.62163e+06, 5.46182e+06, 0
3.58541e+06, 2.51398e+06, 0
2.04952e+06, 3.61851e+06, 0
5.29524e+06, 5.68402e+06, 0
6.39049e+06, 2.09882e+06, 0
1.02984e+06, 6.85469e+06, 0
3.62393e+06, 5.09025e+06, 0
1.08196e+06, 4.59276e+06, 0
1.53682e+06, 3.38998e+06, 0
5.95427e+06, 3.31483e+06, 0
8.55121e+06, 1.11407e+07, 0
1.48947e+06, 6.02874e+06, 0
5.05823e+06, 8.28967e+06, 0
1.02462e+07, 7.07644e+06, 0
3.87741e+06, 4.38869e+06, 0
5.75841e+06, 3.96409e+06, 0
3.24924e+06, 2.11796e+06, 0
6.68609e+06, 8.00442e+06, 0
934284, 5.01717e+06, 0
6.61424e+06, 8.7557e+06, 0
2.427e+06, 4.18805e+06, 0
1.99346e+06, 5.46178e+06, 0
6.2034e+06, 5.37929e+06, 0
6.63347e+06, 6.77268e+06, 0
3.04881e+06, 4.46635e+06, 0
4.89973e+06, 6.61134e+06, 0
4.8583e+06, 5.78321e+06, 0
5.4378e+06, 5.42527e+06, 0
6.48091e+06, 507216, 0
1.06937e+07, 8.55813e+06, 0
3.73732e+06, 1.44425e+06, 0
4.67307e+06, 9.20603e+06, 0
6.73061e+06, 7.78576e+06, 0
6.56284e+06, 8.58307e+06, 0
4.49182e+06, 7.25155e+06, 0
3.92588e+06, 2.7089e+06, 0
3.11456e+06, 1.33453e+07, 0
2.8652e+06, 6.45771e+06, 0
9.3139e+06, 9.28846e+06, 0
7.89502e+06, 1.09737e+06, 0
3.48609e+06, 5.12856e+06, 0
2.02572e+06, 7.56071e+06, 0
6.87015e+06, 2.72228e+06, 0
8.00927e+06, 1.02582e+07, 0
6.08153e+06, 4.73844e+06, 0
4.9745e+06, 3.74362e+06, 0
6.12397e+06, 5.6847e+06, 0
3.37179e+06, 2.39668e+06, 0
5.07651e+06, 2.69376e+06, 0
3.47563e+06, 1.40367e+06, 0
2.49012e+06, 2.36089e+06, 0
3.46516e+06, 3.29019e+06, 0
6.9502e+06, 9.0258e+06, 0
5.76548e+06, 7.4241e+06, 0
5.56794e+06, 6.10512e+06, 0
4.94009e+06, 3.18781e+06, 0
5.78108e+06, 6.10234e+06, 0
6.0255e+06, 7.6321e+06, 0
5.01003e+06, 4.72463e+06, 0
4.85006e+06, 8.90703e+06, 0
3.82332e+06, 4.07117e+06, 0
2.97974e+06, 6.13906e+06, 0
7.52187e+06, 7.92148e+06, 0
811600, 3.91995e+06, 0
3.16046e+06, 2.92634e+06, 0
5.73963e+06, 4.02512e+06, 0
7.60497e+06, 5.10466e+06, 0
6.41241e+06, 4.95774e+06, 0
7.26356e+06, 3.91128e+06, 0
7.16004e+06, 1.39935e+06, 0
2.39283e+06, 5.34367e+06, 0
2.99572e+06, 9.25945e+06, 0
4.71207e+06, 5.85381e+06, 0
5.78662e+06, 6.3569e+06, 0
4.68218e+06, 8.82786e+06, 0
9.56884e+06, 1.8784e+06, 0
4.80724e+06, 1.1084e+06, 0
2.54119e+06, 7.51456e+06, 0
9.34423e+06, 2.90756e+06, 0
3.82614e+06, 5.79811e+06, 0
5.21005e+06, 2.91277e+06, 0
5.06026e+06, 2.43645e+06, 0
3.726e+06, 6.35592e+06, 0
6.07345e+06, 5.36088e+06, 0
2.82876e+06, 4.60001e+06, 0
3.39963e+06, 5.63527e+06, 0
8.98401e+06, 1.96088e+06, 0
5.16956e+06, 613297, 0
8.84183e+06, 3.33347e+06, 0
831120, 7.56395e+06, 0
5.65124e+06, 8.05007e+06, 0
2.00881e+06, 5.93561e+06, 0
3.65564e+06, 4.99809e+06, 0
3.70902e+06, 5.5513e+06, 0
2.32887e+06, 7.55434e+06, 0
6.64074e+06, 1.45641e+06, 0
8.36443e+06, 4.7549e+06, 0
9.28542e+06, 4.83204e+06, 0
6.56542e+06, 7.01294e+06, 0
9.29262e+06, 923175, 0
6.90187e+06, 5.43942e+06, 0
1.56194e+06, 5.46594e+06, 0
9.00492e+06, 4.36619e+06, 0
1.34881e+06, 2.47082e+06, 0
8.35431e+06, 1.85166e+06, 0
9.48729e+06, 6.00658e+06, 0
6.29318e+06, 8.82412e+06, 0
5.58198e+06, 2.27634e+06, 0
3.01619e+06, 2.51585e+06, 0
1.3028e+07, 5.43554e+06, 0
7.50493e+06, 2.35398e+06, 0
5.17917e+06, 3.52286e+06, 0
5.29833e+06, 2.63662e+06, 0
2.18808e+06, 2.73762e+06, 0
1.37146e+07, 2.97111e+06, 0
9.5132e+06, 6.13276e+06, 0
7.76505e+06, 2.95726e+06, 0
3.70308e+06, 4.08777e+06, 0
6.14601e+06, 8.63626e+06, 0
5.91291e+06, 5.51829e+06, 0
3.24039e+06, 4.17074e+06, 0
1.00929e+07, 1.01067e+07, 0
2.25857e+06, 8.75008e+06, 0
1.18872e+07, 5.28238e+06, 0
5.31985e+06, 3.10293e+06, 0
4.8921e+06, 5.9641e+06, 0
3.16091e+06, 3.91904e+06, 0
3.74066e+06, 1.80939e+06, 0
1.03068e+07, 4.56969e+06, 0
4.48161e+06, 3.59012e+06, 0
6.30656e+06, 5.66057e+06, 0
3.78993e+06, 3.88719e+06, 0
6.99056e+06, 2.04415e+06, 0
4.71927e+06, 1.43523e+06, 0
3.51761e+06, 7.54684e+06, 0
7.80145e+06, 3.11232e+06, 0
2.72646e+06, 3.828e+06, 0
7.81603e+06, 2.92211e+06, 0
1.28298e+07, 1.15097e+07, 0
8.13363e+06, 2.59084e+06, 0
1.12206e+07, 5.05212e+06, 0
3.05646e+06, 1.01731e+07, 0
3.0924e+06, 8.27678e+06, 0
3.83045e+06, 3.25027e+06, 0
3.83847e+06, 4.01832e+06, 0
8.09869e+06, 7.2698e+06, 0
6.31831e+06, 1.33773e+06, 0
5.25376e+06, 3.68768e+06, 0
2.71571e+06, 4.80695e+06, 0
6.77889e+06, 6.21223e+06, 0
5.7692e+06, 2.22099e+06, 0
1.65996e+06, 8.03557e+06, 0
3.33037e+06, 3.17504e+06, 0
1.40904e+06, 4.38975e+06, 0
6.01349e+06, 6.26867e+06, 0
6.0586e+06, 9.45893e+06, 0
3.11319e+06, 9.04115e+06, 0
2.0315e+06, 4.31047e+06, 0
4.58196e+06, 8.43821e+06, 0
5.1206e+06, 2.38986e+06, 0
8.76103e+06, 5.71521e+06, 0
3.54587e+06, 8.44617e+06, 0
4.65279e+06, 1.15241e+07, 0
8.37156e+06, 1.00424e+07, 0
1.55516e+06, 5.91106e+06, 0
6.38218e+06, 7.00831e+06, 0
1.34376e+06, 3.18318e+06, 0
8.30734e+06, 7.18142e+06, 0
3.22009e+06, 1.43155e+06, 0
1.90627e+06, 6.70698e+06, 0
4.25671e+06, 2.21181e+06, 0
7.09806e+06, 8.46904e+06, 0
8.17377e+06, 4.92399e+06, 0
5.24886e+06, 4.5895e+06, 0
4.48831e+06, 7.01265e+06, 0
2.48292e+06, 1.69382e+06, 0
5.52484e+06, 3.78985e+06, 0
3.40822e+06, 8.90391e+06, 0
4.94609e+06, 3.29828e+06, 0
6.49568e+06, 2.04227e+06, 0
1.4107e+06, 4.06924e+06, 0
8.33782e+06, 3.03455e+06, 0
5.86079e+06, 1.92717e+06, 0
1.05899e+06, 4.68746e+06, 0
6.71963e+06, 7.20441e+06, 0
598619, 9.72406e+06, 0
3.86113e+06, 6.26611e+06, 0
4.60699e+06, 2.22734e+06, 0
4.19856e+06, 5.15891e+06, 0
5.60039e+06, 2.17582e+06, 0
1.0957e+06, 5.74177e+06, 0
1.95904e+06, 4.74867e+06, 0
1.70747e+06, 2.77936e+06, 0
2.7625e+06, 3.21163e+06, 0
4.00387e+06, 4.66511e+06, 0
1.74437e+06, 4.87347e+06, 0
8.65983e+06, 8.16829e+06, 0
7.24151e+06, 4.59855e+06, 0
6.02124e+06, 5.86979e+06, 0
4.73391e+06, 1.33103e+06, 0
2.94881e+06, 7.61104e+06, 0
5.81607e+06, 5.0665e+06, 0
9.065e+06, 4.25594e+06, 0
6.01985e+06, 8.59509e+06, 0
3.42681e+06, 9.62039e+06, 0
7.69206e+06, 6.49242e+06, 0
1.18527e+07, 4.05871e+06, 0
3.36941e+06, 1.09391e+06, 0
6.23447e+06, 7.71965e+06, 0
9.27829e+06, 5.15219e+06, 0
5.56964e+06, 4.16128e+06, 0
783674, 864239, 0
7.1406e+06, 5.85986e+06, 0
7.29621e+06, 4.77179e+06, 0
9.37504e+06, 5.64856e+06, 0
5.4424e+06, 7.58636e+06, 0
1.84109e+06, 1.38907e+07, 0
1.33712e+06, 4.36228e+06, 0
1.02944e+06, 5.22293e+06, 0
1.28104e+06, 1.94509e+06, 0
4.26012e+06, 6.2997e+06, 0
2.89262e+06, 9.4841e+06, 0
1.37504e+06, 1.01686e+07, 0
9.37751e+06, 3.39154e+06, 0
9.39119e+06, 7.68563e+06, 0
1.74722e+06, 2.96783e+06, 0
6.08233e+06, 6.21154e+06, 0
1.19335e+06, 5.46988e+06, 0
4.1694e+06, 8.01039e+06, 0
1.15274e+07, 4.91935e+06, 0
3.91279e+06, 8.22861e+06, 0
341115, 6.71393e+06, 0
8.92801e+06, 1.12482e+06, 0
4.41822e+06, 4.71851e+06, 0
2.98656e+06, 1.63329e+06, 0
2.87336e+06, 2.9159e+06, 0
8.49332e+06, 4.07595e+06, 0
1.81808e+06, 4.88318e+06, 0
7.53875e+06, 3.78438e+06, 0
1.19438e+06, 1.98025e+06, 0
4.39e+06, 8.30205e+06, 0
6.1541e+06, 6.50096e+06, 0
6.11925e+06, 1.24259e+07, 0
3.19435e+06, 6.65649e+06, 0
2.04969e+06, 1.84694e+06, 0
3.14133e+06, 301596, 0
5.09071e+06, 5.94996e+06, 0
5.04762e+06, 4.48102e+06, 0
4.65702e+06, 3.54447e+06, 0
2.71267e+06, 6.24536e+06, 0
4.28953e+06, 3.2904e+06, 0
1.59971e+06, 2.35924e+06, 0
1.04399e+07, 2.77851e+06, 0
6.79291e+06, 4.30067e+06, 0
4.09855e+06, 2.47869e+06, 0
4.49589e+06, 1.05945e+07, 0
5.88621e+06, 6.47644e+06, 0
2.07849e+06, 8.30057e+06, 0
3.37228e+06, 2.17596e+06, 0
5.40758e+06, 5.08328e+06, 0
1.16554e+07, 8.51108e+06, 0
1.11161e+07, 6.0679e+06, 0
9.50719e+06, 2.40245e+06, 0
3.09284e+06, 888917, 0
5.01141e+06, 3.68859e+06, 0
7.58778e+06, 3.8494e+06, 0
2.10142e+06, 5.41224e+06, 0
3.06859e+06, 2.71773e+06, 0
5.45276e+06, 3.57494e+06, 0
6.06164e+06, 4.98659e+06, 0
3.01033e+06, 1.63728e+06, 0
6.21382e+06, 1.08339e+07, 0
6.50132e+06, 8.59606e+06, 0
8.81437e+06, 3.92732e+06, 0
6.68918e+06, 1.60093e+06, 0
9.25331e+06, 6.09148e+06, 0
5.29198e+06, 7.17186e+06, 0
1.57734e+07, 3.18856e+06, 0
4.71367e+06, 3.2912e+06, 0
3.18463e+06, 4.59164e+06, 0
3.08833e+06, 6.36884e+06, 0
6.14089e+06, 5.99973e+06, 0
4.88464e+06, 3.18725e+06, 0
5.25935e+06, 5.08204e+06, 0
8.3227e+06, 9.95854e+06, 0
8.52124e+06, 6.10234e+06, 0
9.49287e+06, 7.9078e+06, 0
3.46118e+06, 3.27932e+06, 0
5.57974e+06, 2.18226e+06, 0
6.53203e+06, 6.66325e+06, 0
8.09983e+06, 3.66642e+06, 0
3.88015e+06, 4.22268e+06, 0
3.3106e+06, 7.15332e+06, 0
7.64444e+06, 4.79553e+06, 0
8.53985e+06, 2.39501e+06, 0
2.91177e+06, 5.82138e+06, 0
3.31912e+06, 1.39446e+06, 0
8.33346e+06, 7.42187e+06, 0
4.5152e+06, 3.82071e+06, 0
4.47609e+06, 4.02586e+06, 0
4.25994e+06, 3.22333e+06, 0
7.70638e+06, 1.04744e+07, 0
8.46393e+06, 3.67793e+06, 0
5.4322e+06, 6.76358e+06, 0
7.73782e+06, 1.51695e+06, 0
2.58779e+06, 3.0989e+06, 0
9.8834e+06, 4.24593e+06, 0
7.58772e+06, 4.51941e+06, 0
4.49441e+06, 1.75105e+06, 0
3.89455e+06, 5.09805e+06, 0
5.46964e+06, 1.87032e+06, 0
7.73085e+06, 4.34814e+06, 0
3.27623e+06, 1.80417e+06, 0
1.24612e+06, 1.12001e+07, 0
5.16591e+06, 6.17104e+06, 0
2.59681e+06, 7.96789e+06, 0
3.60567e+06, 2.27199e+06, 0
2.39293e+06, 2.63751e+06, 0
2.47915e+06, 5.59522e+06, 0
8.21684e+06, 5.77804e+06, 0
4.45482e+06, 2.63839e+06, 0
1.46382e+07, 8.62614e+06, 0
4.97289e+06, 3.583e+06, 0
5.83908e+06, 4.91935e+06, 0
8.75127e+06, 6.01636e+06, 0
2.02232e+06, 6.25804e+06, 0
7.41433e+06, 5.45908e+06, 0
3.93655e+06, 6.03848e+06, 0
6.44763e+06, 1.29271e+07, 0
3.25445e+06, 5.60597e+06, 0
3.09382e+06, 1.99387e+06, 0
5.36428e+06, 4.43731e+06, 0
4.54646e+06, 1.5176e+06, 0
4.80467e+06, 1.41739e+07, 0
2.5653e+06, 2.8523e+06, 0
5.21628e+06, 1.28695e+07, 0
4.79395e+06, 3.12081e+06, 0
1.76535e+06, 7.56281e+06, 0
4.77126e+06, 6.89514e+06, 0
6.9207e+06, 6.40193e+06, 0
1.80078e+07, 4.33871e+06, 0
6.85056e+06, 2.02043e+06, 0
3.24798e+06, 7.39343e+06, 0
6.88952e+06, 5.01968e+06, 0
1.78941e+06, 4.18287e+06, 0
2.93281e+06, 6.42587e+06, 0
4.40954e+06, 8.29191e+06, 0
3.02756e+06, 2.77108e+06, 0
9.20254e+06, 1.50571e+06, 0
7.53329e+06, 3.58937e+06, 0
8.44152e+06, 1.34775e+07, 0
6.45736e+06, 381325, 0
4.96365e+06, 6.80512e+06, 0
2.10174e+06, 7.46275e+06, 0
6.31991e+06, 5.53927e+06, 0
5.08006e+06, 5.26707e+06, 0
1.02232e+07, 7.94619e+06, 0
3.63045e+06, 1.33156e+07, 0
3.04308e+06, 3.99729e+06, 0
4.33619e+06, 7.30578e+06, 0
4.65941e+06, 1.88182e+06, 0
1.06835e+07, 2.15701e+06, 0
2.53684e+06, 1.82532e+06, 0
1.57514e+06, 5.91736e+06, 0
5.20684e+06, 7.02754e+06, 0
4.0486e+06, 4.18889e+06, 0
9.04134e+06, 1.26508e+06, 0
4.48137e+06, 6.32722e+06, 0
6.6015e+06, 5.86511e+06, 0
3.9491e+06, 9.37698e+06, 0
9.14397e+06, 1.21429e+06, 0
8.59604e+06, 1.21527e+07, 0
1.35874e+06, 6.75425e+06, 0
5.34791e+06, 1.84245e+06, 0
4.07034e+06, 3.317e+06, 0
4.33332e+06, 6.12446e+06, 0
5.34645e+06, 1.01164e+07, 0
1.49135e+06, 6.93159e+06, 0
5.35525e+06, 2.94047e+06, 0
4.78443e+06, 1.95389e+06, 0
7.75326e+06, 4.32592e+06, 0
5.80745e+06, 5.30521e+06, 0
5.25652e+06, 5.09082e+06, 0
8.10586e+06, 6.59895e+06, 0
2.17874e+06, 5.06142e+06, 0
1.10995e+07, 4.10003e+06, 0
6.75476e+06, 5.60347e+06, 0
4.8972e+06, 2.59111e+06, 0
6.78814e+06, 3.28209e+06, 0
4.74934e+06, 7.22153e+06, 0
6.5578e+06, 5.46768e+06, 0
1.10328e+07, 6.46145e+06, 0
1.98956e+06, 3.66196e+06, 0
3.55494e+06, 3.23196e+06, 0
2.23728e+06, 1.64422e+06, 0
2.14932e+06, 7.89658e+06, 0
2.8642e+06, 7.26035e+06, 0
4.0756e+06, 2.47705e+06, 0
5.05907e+06, 8.74361e+06, 0
4.32319e+06, 2.84881e+06, 0
7.84679e+06, 1.25835e+07, 0
3.07371e+06, 3.70566e+06, 0
4.12693e+06, 9.7051e+06, 0
1.54177e+06, 5.57294e+06, 0
7.78559e+06, 5.98771e+06, 0
3.21228e+06, 1.06181e+07, 0
3.65446e+06, 4.94377e+06, 0
6.58826e+06, 2.34017e+06, 0
9.1702e+06, 2.63894e+06, 0
3.36923e+06, 4.35411e+06, 0
2.12585e+06, 1.08888e+07, 0
1.42223e+07, 5.61704e+06, 0
1.87546e+06, 2.37769e+06, 0
8.23938e+06, 1.99912e+06, 0
8.08005e+06, 4.4207e+06, 0
4.56479e+06, 5.84085e+06, 0
6.53352e+06, 2.1805e+06, 0
5.7818e+06, 5.4011e+06, 0
7.62236e+06, 8.045e+06, 0
4.70336e+06, 7.45372e+06, 0
4.51141e+06, 7.57811e+06, 0
3.61882e+06, 9.68618e+06, 0
1.066e+06, 2.83558e+06, 0
2.31196e+06, 3.70229e+06, 0
4.80188e+06, 7.53668e+06, 0
3.64095e+06, 7.61062e+06, 0
8.76425e+06, 970558, 0
1.2498e+07, 5.92741e+06, 0
8.5868e+06, 2.88946e+06, 0
279370, 691957, 0
6.65106e+06, 5.00027e+06, 0
5.58508e+06, 543572, 0
1.6149e+06, 3.87652e+06, 0
6.74925e+06, 2.52569e+06, 0
2.34216e+06, 520507, 0
2.07029e+06, 3.91926e+06, 0
2.90632e+06, 8.80492e+06, 0
5.84898e+06, 2.83322e+06, 0
6.59932e+06, 1.70337e+06, 0
6.51521e+06, 7.22456e+06, 0
3.36178e+06, 3.54615e+06, 0
3.56276e+06, 3.67725e+06, 0
5.85734e+06, 3.93353e+06, 0
6.69111e+06, 404746, 0
7.47755e+06, 7.04415e+06, 0
5.52293e+06, 8.87706e+06, 0
5.4023e+06, 692240, 0
4.30466e+06, 4.13974e+06, 0
1.0871e+06, 4.17087e+06, 0
1.08112e+06, 3.87487e+06, 0
5.34087e+06, 3.58786e+06, 0
4.14934e+06, 5.38313e+06, 0
4.06272e+06, 5.67906e+06, 0
7.69456e+06, 5.67758e+06, 0
3.38322e+06, 5.80815e+06, 0
3.1334e+06, 2.98865e+06, 0
2.44461e+06, 5.71582e+06, 0
6.85631e+06, 7.21925e+06, 0
4.46032e+06, 4.21425e+06, 0
8.79494e+06, 5.85317e+06, 0
6.16902e+06, 4.98729e+06, 0
7.56322e+06, 2.51051e+06, 0
7.13441e+06, 4.38532e+06, 0
6.71032e+06, 1.7526e+06, 0
4.12071e+06, 4.41235e+06, 0
5.73285e+06, 1.34574e+06, 0
927444, 4.85073e+06, 0
5.23958e+06, 5.95047e+06, 0
8.46108e+06, 1.32584e+06, 0
2.18744e+06, 5.80039e+06, 0
