48084, 52002.6, 0
28937, 117084, 0
85115.5, 146721, 0
19191.9, 86772.8, 0
127541, 69087.3, 0
25288.8, 25158.7, 0
81125, 59551.7, 0
72240, 118487, 0
103553, 54586.1, 0
87412.9, 145582, 0
90618, 109195, 0
45222.9, 16973.7, 0
9414.7, 130070, 0
77439, 80811.7, 0
86293.3, 114355, 0
3144.26, 176753, 0
13550.8, 110368, 0
145716, 23883, 0
22747.5, 62226.2, 0
72727.2, 67833.1, 0
75597, 47946.8, 0
20565.4, 87343.9, 0
8013.48, 56254.9, 0
78514, 109158, 0
23565.7, 112309, 0
2498, 54090.8, 0
19195.6, 112098, 0
42998.4, 23186.4, 0
36476.8, 133511, 0
68970.3, 117646, 0
39979.4, 163961, 0
54375.8, 49834.5, 0
8658.8, 203859, 0
114975, 83929.9, 0
8486.42, 101403, 0
100832, 10589.5, 0
16007.3, 144278, 0
7866.87, 42998.8, 0
81525.2, 45133.5, 0
77070.4, 79976.5, 0
49102, 44085.8, 0
123949, 73032.3, 0
65986.4, 91558.9, 0
16018.7, 73496, 0
66592.7, 100944, 0
42558.3, 43586.8, 0
42359.8, 22537.8, 0
27130.8, 83051, 0
27405.3, 43581.5, 0
11173.8, 64842.4, 0
12826.8, 192598, 0
4400.52, 120498, 0
170634, 81993, 0
83894.7, 90311.7, 0
14560.8, 136699, 0
23684.4, 58886.1, 0
12251.3, 65311.4, 0
72114, 88582.2, 0
23945.2, 76277.4, 0
18285.5, 58229.3, 0
27269, 9914.11, 0
71890.2, 65390.3, 0
70631.5, 111564, 0
130486, 146725, 0
10759.9, 25769.7, 0
1906.99, 69085.9, 0
86493.5, 32765.4, 0
35755.8, 127770, 0
32529.1, 49341.6, 0
41834.2, 31689.1, 0
16917.9, 118271, 0
13406, 106609, 0
39348.7, 119785, 0
49534.5, 50382.6, 0
38089.4, 104175, 0
61170.8, 69218.6, 0
10686.6, 54956.8, 0
28729, 99621.9, 0
2138.97, 45291.4, 0
75108, 123198, 0
82007.5, 62835.6, 0
28724.2, 90872.4, 0
38962, 86698.7, 0
25081.8, 26853.2, 0
58397.3, 90020.9, 0
104066, 79311, 0
4387.19, 23079.6, 0
76739.1, 87919.6, 0
87001.1, 84918.9, 0
76807.1, 116395, 0
24597.8, 46418.4, 0
593.074, 61511, 0
68309.5, 119562, 0
44473.9, 75445.9, 0
89631.2, 49001.2, 0
33858.6, 69490.7, 0
46195.7, 41464.9, 0
102206, 96368.7, 0
6890.38, 84711.3, 0
6323.12, 38970.8, 0
57538.7, 118788, 0
6407.77, 109919, 0
93106.4, 43362.3, 0
15913.4, 113033, 0
9891.45, 121153, 0
11328.9, 106841, 0
26588.5, 40701.3, 0
35363, 56558.1, 0
47652, 34081.6, 0
57451.3, 67151.2, 0
30458.8, 152256, 0
95383.8, 97458.7, 0
84974.5, 71962, 0
21136.1, 122792, 0
3300.94, 99013.7, 0
39173.6, 92921.5, 0
2062.4, 49027.1, 0
58137.5, 35270.6, 0
92897.8, 88079.6, 0
101687, 62615.7, 0
25096.9, 77749, 0
197758, 31887.6, 0
54399.8, 138710, 0
956.511, 42323.7, 0
2595.06, 73082.4, 0
43602.1, 76019.8, 0
56106.1, 51475.9, 0
1087.56, 29214.8, 0
20586.4, 109997, 0
87968.2, 99056.8, 0
47188.8, 110114, 0
15503.3, 122379, 0
44333.9, 95789, 0
86740.5, 79868.2, 0
10763.4, 95678.4, 0
16555.3, 104021, 0
4463.95, 48249.8, 0
18633, 37785.9, 0
68145.6, 135330, 0
41654.9, 62728.9, 0
16596, 102692, 0
33652, 199420, 0
99222, 27560.1, 0
68831.8, 12873.5, 0
44721.7, 31850.8, 0
22077.7, 49671.4, 0
81090.8, 23794.6, 0
35896.2, 154965, 0
3026.99, 47171.9, 0
26496.2, 105100, 0
85505, 57067.8, 0
44435.8, 64769.1, 0
49448.4, 65705, 0
104944, 59050.5, 0
119297, 43341.6, 0
92610.4, 110752, 0
129942, 18158.3, 0
63314.2, 94831.9, 0
46489, 49473.9, 0
64789.4, 102254, 0
32762.5, 35139.4, 0
89584.8, 86724.2, 0
19720.4, 151112, 0
75830.7, 65014.1, 0
41781.9, 38865.4, 0
69471.6, 107166, 0
126053, 44109.8, 0
154705, 131364, 0
15743.4, 35324.7, 0
10267.4, 82381.9, 0
1890.72, 128714, 0
11875.8, 158923, 0
27108.5, 121412, 0
17141.3, 108033, 0
478.985, 106444, 0
185539, 64537, 0
11927.7, 114695, 0
2130.76, 60358.3, 0
44638.3, 61860.3, 0
22722.9, 160990, 0
53528.5, 77671.3, 0
15265, 13980.7, 0
133310, 66220.7, 0
84633.7, 123327, 0
87894.7, 175732, 0
119720, 92729.8, 0
8901.7, 37829.5, 0
29488.4, 74817.5, 0
68010.6, 17225.8, 0
19748, 85733.1, 0
60057.8, 72563.8, 0
24521.6, 164759, 0
3948.22, 40010.3, 0
18290.9, 147820, 0
131286, 152338, 0
12748.9, 47028, 0
74081.5, 54586.8, 0
33692.2, 72835.1, 0
112320, 22359.8, 0
75580.3, 28447, 0
43275.8, 26713.2, 0
20578, 60575.9, 0
18521.3, 33382.7, 0
75371.2, 65361.3, 0
13626.4, 117809, 0
53803.6, 106368, 0
57724.6, 70988.7, 0
67401.7, 80175.6, 0
90563.2, 11140.3, 0
35904.5, 59482.9, 0
87149.6, 52004, 0
58710.7, 112348, 0
24351.4, 51172, 0
29713.4, 23034.1, 0
64789.9, 57408.6, 0
60929.4, 67942.1, 0
11428.1, 38308.8, 0
100992, 70890.4, 0
96466.2, 107166, 0
7685.05, 70082.7, 0
66332.4, 51024.9, 0
33109.5, 137833, 0
46417.5, 73016.7, 0
37296, 97097.1, 0
17270.7, 83929.7, 0
110662, 70228.1, 0
37541.4, 130622, 0
29311.4, 85057.6, 0
33610.9, 66986.5, 0
87373.8, 75396, 0
33615.8, 88070.6, 0
52391.9, 66597.2, 0
44212, 29085.6, 0
123.346, 61829.4, 0
33409.8, 76293.4, 0
142455, 103509, 0
6521.01, 91016.4, 0
28131.4, 175808, 0
27348.4, 51500.8, 0
73382.6, 92821.8, 0
49578.9, 108645, 0
5618.66, 75053.4, 0
73345.8, 73021, 0
11541, 79353.2, 0
78093.7, 139002, 0
88245.8, 53854.2, 0
44658.6, 113894, 0
46231, 7046.17, 0
6376.64, 162972, 0
8264.1, 9433.97, 0
16127.9, 144985, 0
125731, 100762, 0
5848.36, 31179.7, 0
64980.2, 75478.6, 0
72988.2, 49722, 0
76415.2, 73152.9, 0
16050.3, 32737.1, 0
71971, 127264, 0
87673.6, 86391.5, 0
550.311, 66196.6, 0
182043, 129517, 0
22228.1, 109631, 0
73801.6, 121998, 0
35797.7, 52199.9, 0
105389, 59808.9, 0
15248.1, 98608.7, 0
106932, 89576, 0
82631.3, 94920.8, 0
51255.9, 105144, 0
27626, 127196, 0
48029.3, 26602.9, 0
56496.7, 133280, 0
82985.9, 39041.5, 0
9241.16, 90135.2, 0
124906, 33514, 0
127401, 48285.8, 0
31077.8, 26895.5, 0
41004.2, 65455.1, 0
129684, 72895.8, 0
63270.4, 76352.4, 0
1344.68, 43106.1, 0
70872.7, 77445.8, 0
59208.3, 72974.7, 0
26668.2, 153327, 0
33568.4, 100343, 0
16004.8, 45064.9, 0
25762.2, 76304.3, 0
105580, 30063.2, 0
46577.5, 58758.6, 0
35227.3, 67961.2, 0
48415.2, 35205.6, 0
44714.4, 164848, 0
119050, 124480, 0
89844.6, 143995, 0
63469.6, 110432, 0
73438.4, 17651.9, 0
2110.84, 93482.1, 0
106374, 40059.7, 0
26289.7, 20578.4, 0
47246.5, 25372.7, 0
36771.9, 65745.1, 0
100555, 89631.7, 0
13646.5, 96323.4, 0
98582.4, 154884, 0
34377.7, 64480.2, 0
81311.1, 71226.2, 0
38972.3, 85793.5, 0
22256.1, 83944.8, 0
65455.1, 105261, 0
18807.1, 34191.9, 0
50748.4, 64293.6, 0
56795.4, 64347.1, 0
57761, 36153.2, 0
60237.6, 32272.7, 0
90202.8, 23758.8, 0
74044.9, 106036, 0
140419, 44868, 0
16022.9, 23844.9, 0
71903.3, 27240.7, 0
114180, 94799.1, 0
46361.9, 42025.6, 0
20470.6, 85478.3, 0
15816.2, 17391.9, 0
20042.9, 68111.3, 0
11469.1, 73745.2, 0
54810.2, 38077.7, 0
120881, 75712.6, 0
77385.9, 117554, 0
55632.7, 76980.3, 0
29920.3, 45108.1, 0
10775.3, 196262, 0
24419.6, 150840, 0
14277, 68981.4, 0
7471.56, 68536.2, 0
54676.6, 153808, 0
30244.9, 57672.3, 0
46556.7, 84348, 0
37765.7, 92458.6, 0
72497.4, 173876, 0
46220.8, 74417.7, 0
77826.8, 43422.2, 0
73239, 101308, 0
95148.6, 3392.67, 0
91314.1, 22566.9, 0
105148, 85656.8, 0
15526.8, 54655.4, 0
14723.9, 45344.5, 0
9075.52, 56903.2, 0
46162.6, 63606.5, 0
32700.6, 45539.5, 0
1640.84, 92022, 0
101.094, 53278.2, 0
38782.8, 104410, 0
43671.7, 92769.4, 0
63772.6, 63394.9, 0
23103, 176615, 0
35398, 77489, 0
9869.2, 75729.3, 0
54142.9, 116142, 0
92279.2, 33012.8, 0
16410.6, 113475, 0
31014.7, 69959.1, 0
47783.9, 40052.7, 0
13006.1, 132144, 0
63991.3, 51732, 0
42413.3, 101783, 0
6889.61, 110283, 0
22105.2, 89931.2, 0
4971.86, 68921.3, 0
133097, 73249.9, 0
17270.9, 115356, 0
4462.74, 8218.16, 0
29541.2, 90141.2, 0
87675.6, 87179.9, 0
8168.31, 72836.3, 0
75740.5, 96602.7, 0
104.531, 127821, 0
51280.4, 113846, 0
40172.7, 59938.8, 0
25123.6, 93178.5, 0
88378.4, 82191, 0
14649.8, 44219.9, 0
100857, 121938, 0
29393.9, 65458.2, 0
113670, 67889.8, 0
19446.2, 66750.3, 0
6469.37, 102371, 0
58450.5, 45382.3, 0
31201.2, 24803.1, 0
46081.8, 80292.1, 0
69749.3, 117376, 0
75001.6, 96808.7, 0
28448.7, 87404.8, 0
25843.1, 97191.7, 0
11521.3, 94238.9, 0
72930.6, 189323, 0
53019.6, 89800.7, 0
29606.8, 86246.3, 0
90817.6, 115374, 0
37380.1, 92588.9, 0
90187.8, 39654.7, 0
161095, 44775.4, 0
110971, 35433.6, 0
3017.3, 107753, 0
8187.45, 173214, 0
8.77943, 91343.6, 0
67732.4, 20361.3, 0
72484.2, 49979.6, 0
4708.9, 27814.5, 0
24805, 125101, 0
16972.9, 136900, 0
8685.19, 70616.8, 0
90588, 67961.4, 0
91849.6, 67030.5, 0
34812.7, 77998.9, 0
40188.3, 44605.6, 0
39039.1, 78853.6, 0
8463.51, 69785.6, 0
23551, 34522.3, 0
115449, 62638.6, 0
70132.4, 93077.7, 0
53308.1, 78371.8, 0
15320.1, 193951, 0
74291.5, 97700.7, 0
6991.96, 70374, 0
6556.51, 61772.9, 0
89342.2, 54043.4, 0
6581.93, 118249, 0
23322.5, 73794.1, 0
102335, 82362.6, 0
57293.9, 32916.4, 0
73253.1, 54896.3, 0
1590.7, 156044, 0
79191.4, 20595.3, 0
99260.4, 75550.5, 0
105412, 43520.1, 0
69655.4, 87521.8, 0
50296.3, 8827.77, 0
81029.3, 162552, 0
12156.5, 24005.4, 0
4827.75, 66270.3, 0
11043.5, 148600, 0
23239.5, 29338.2, 0
1263.89, 31955.2, 0
23983, 101506, 0
14522.7, 125580, 0
109337, 47465.4, 0
1482.65, 52105.2, 0
56704.3, 61540.5, 0
78619, 100972, 0
6008.78, 41104.2, 0
76159.8, 87983.7, 0
81281.5, 41048.9, 0
83809.9, 133359, 0
6285.29, 52980.5, 0
2578.8, 69333.8, 0
18133, 62993.3, 0
20733.6, 89088.2, 0
58048.1, 17819.3, 0
56156.9, 46522.9, 0
16417.5, 155665, 0
23585.9, 20542, 0
41430.9, 9003.5, 0
87997, 124705, 0
105918, 68386.2, 0
85973.6, 43175.9, 0
28658, 69229.4, 0
28050.7, 60068.4, 0
62053.6, 13902.9, 0
66001.9, 86146.9, 0
31526, 61289, 0
72037.7, 126531, 0
74354.7, 75712.2, 0
145106, 202561, 0
74106.2, 80505.2, 0
52123.6, 140330, 0
66532.1, 127922, 0
24133.6, 56287.5, 0
47924.2, 11737.8, 0
104657, 90769.4, 0
5090.4, 79981.2, 0
4246.54, 76732.2, 0
35092.7, 20226.1, 0
9759.14, 81122.7, 0
6442.78, 40104.5, 0
39183, 84134.3, 0
98572.5, 22381.7, 0
34741.3, 116155, 0
70661.5, 141158, 0
50266.1, 53438.6, 0
18456.3, 129566, 0
154527, 68879.9, 0
9923.57, 60417.2, 0
133845, 83642, 0
43640.9, 78810.8, 0
97600.5, 131200, 0
49952.2, 16609.9, 0
141273, 81519.8, 0
54513, 173409, 0
38142.5, 72533.9, 0
158889, 58892.4, 0
40373.6, 92968.4, 0
34887.1, 34668.6, 0
49906.2, 125747, 0
48709.9, 115523, 0
5565.53, 156863, 0
32592.6, 123348, 0
22436.6, 38585.3, 0
91721.8, 60854.8, 0
77335.7, 46526.9, 0
73206.3, 82736.2, 0
19554.8, 97395.6, 0
12308.8, 28755.2, 0
35846.2, 63404.4, 0
69334.3, 133349, 0
2369.18, 64693.9, 0
58024.4, 59185.5, 0
10592.8, 46463.3, 0
20928, 138129, 0
116736, 107550, 0
10823.2, 24112.4, 0
12637.6, 76839.3, 0
93805.9, 102608, 0
79457.3, 60434.3, 0
10648.5, 76318.4, 0
18320.3, 67268.4, 0
35646.3, 87487.4, 0
102384, 47457.9, 0
6730.63, 14570.5, 0
36249.6, 99258.7, 0
37749, 42201.9, 0
106734, 120286, 0
43828.7, 105403, 0
33136.5, 78443.9, 0
114122, 20715.8, 0
16261.7, 116224, 0
92221.4, 62127.6, 0
9308.94, 21873.3, 0
3584.38, 141577, 0
62808.5, 8399.11, 0
90214.2, 11635, 0
31202.3, 142079, 0
87521.5, 58360.3, 0
73448.7, 30106.6, 0
25543, 97479.1, 0
74670.9, 115525, 0
45924.3, 95255.2, 0
79597.9, 143610, 0
25060.6, 108360, 0
58600.6, 161414, 0
29687.7, 10340.3, 0
8801.42, 55181.1, 0
24211.4, 47975.9, 0
8742.42, 86737.4, 0
88409.2, 125507, 0
12596.4, 76295, 0
7969.19, 110092, 0
42181.7, 117512, 0
20403.3, 25549.8, 0
71010.9, 70424.4, 0
108318, 155348, 0
12733.4, 104206, 0
9490.48, 94554, 0
23955, 66445.1, 0
1103.87, 72914.2, 0
46438.9, 89496.4, 0
40757.2, 34650.3, 0
57215.8, 131514, 0
57587.4, 34948.5, 0
21232.1, 58669.3, 0
58860.3, 49075.8, 0
22138.1, 172887, 0
54205.7, 116086, 0
115806, 111571, 0
18723.7, 124332, 0
98842.3, 123325, 0
78778.8, 75082.5, 0
22341.8, 32784.8, 0
56595.1, 79294, 0
11947.3, 53906.3, 0
8772.72, 96535.5, 0
13911.6, 71352.7, 0
5247.62, 88169.8, 0
47118.8, 23066.3, 0
38382.8, 37957.7, 0
91386.6, 80806.4, 0
61060.3, 68415.8, 0
51128.5, 116288, 0
22687.5, 70464.2, 0
15280.2, 104929, 0
6230.7, 121270, 0
7836.41, 173014, 0
22368.2, 161326, 0
68377.5, 135344, 0
53259.9, 39661.2, 0
37045.5, 39783.6, 0
35483.4, 111866, 0
117373, 20362.5, 0
19656.3, 111998, 0
62202.8, 44661.7, 0
125775, 68247.1, 0
35128.6, 140436, 0
2867.8, 100910, 0
5408.84, 76985.5, 0
52962.3, 16429.9, 0
373.35, 164213, 0
134629, 58888.9, 0
63066, 111693, 0
68361.4, 75960, 0
3712.04, 141228, 0
59582.2, 69448, 0
22018, 93748.8, 0
2475.85, 65230.4, 0
26693, 61271.1, 0
124897, 19274.4, 0
33098.4, 32972.6, 0
10764.1, 92153, 0
10396.4, 104365, 0
2139.8, 89408.2, 0
31469.6, 88486.9, 0
173069, 109078, 0
68492.5, 92725.8, 0
20392.5, 44616.9, 0
7672.51, 101171, 0
22684.7, 41257.5, 0
139935, 68965.7, 0
65080.2, 69332.6, 0
34791.8, 35531.5, 0
75161, 80439.5, 0
51560.3, 172956, 0
84117.2, 86847.4, 0
260910, 98473.3, 0
8276.4, 48090.6, 0
42915.5, 72402.7, 0
78229.9, 42666.2, 0
53437.3, 58519.5, 0
92578.9, 117192, 0
61949.1, 30788.6, 0
4036.51, 34378.4, 0
25988.3, 147432, 0
49545.3, 68858.3, 0
94471.8, 53789.2, 0
33309.4, 173718, 0
63123.8, 47521.7, 0
96728.4, 21469.7, 0
50956.7, 25705.9, 0
36650.4, 50399.3, 0
210393, 84571.3, 0
33385.2, 74977.1, 0
73536.9, 139774, 0
33289.6, 35071, 0
51416.5, 65767.8, 0
74534.3, 51601.9, 0
121237, 116699, 0
25053.4, 25502.2, 0
44128.9, 100929, 0
127613, 93545.3, 0
67753.1, 48422.4, 0
2950.4, 13480.8, 0
75980.2, 78124.9, 0
25970.2, 109562, 0
56506.3, 11783.3, 0
44526.6, 102625, 0
50745.1, 107539, 0
68109.6, 59874.1, 0
45036.4, 42778.6, 0
38405.7, 58681.8, 0
9278.22, 25756.1, 0
3330.06, 52224.6, 0
50835.7, 113945, 0
15060.7, 67020.6, 0
32116.1, 80903.6, 0
22188.1, 74377.8, 0
29715.4, 60777.8, 0
83850.2, 106612, 0
30884.7, 43887.9, 0
107300, 111114, 0
56000.3, 143883, 0
136188, 94204.4, 0
62003.9, 30424.4, 0
13354, 144652, 0
99397.2, 50761.8, 0
1654.22, 94161.8, 0
31972.1, 131393, 0
42871.9, 97593.6, 0
2563.39, 44613.7, 0
59699.2, 25307, 0
9037.76, 75222.2, 0
63651.5, 27545.3, 0
4369.78, 36361.7, 0
9571.62, 50405.2, 0
2661.6, 55205.4, 0
90999.9, 32718.9, 0
80067.6, 112438, 0
59607.5, 95060, 0
91364.9, 102526, 0
3030.68, 122736, 0
2540.17, 63060.7, 0
53766.2, 50610.4, 0
32059, 139623, 0
7252.75, 61935.6, 0
47736.8, 135850, 0
30720.6, 125727, 0
89891.8, 29100.3, 0
46470.8, 164140, 0
82292.5, 16666.9, 0
49613.9, 88327.1, 0
6306.58, 125161, 0
63173.6, 81444.1, 0
7987.45, 109931, 0
80551.1, 27265.5, 0
75671.6, 114541, 0
31191.4, 89469.8, 0
1759.45, 121508, 0
50115, 154530, 0
13911.4, 142198, 0
90674.7, 178130, 0
85747.8, 109011, 0
32883.1, 57842.8, 0
23751, 83917.3, 0
73364.6, 74416.3, 0
26686.7, 150808, 0
108404, 93456.8, 0
43160.6, 83845.3, 0
54134.6, 19243.7, 0
71312.9, 124122, 0
23269.6, 82460.9, 0
92712.2, 34474.6, 0
11520, 128116, 0
139403, 62569.8, 0
7166.91, 84532.3, 0
91410, 124352, 0
2587.36, 61841.8, 0
109860, 28110.1, 0
66909.8, 26105.4, 0
47827.4, 39835.7, 0
29480, 62627.3, 0
21414.9, 112620, 0
17634.4, 40115.8, 0
113214, 16657.1, 0
63383.3, 12678.3, 0
39192.2, 72738.6, 0
24230.2, 72829.6, 0
96344.1, 118525, 0
21976.6, 117087, 0
62315.8, 108238, 0
93681.5, 156220, 0
29032.2, 158517, 0
130732, 73975.4, 0
23627.8, 32015, 0
16701.7, 62238.5, 0
24598.4, 136699, 0
663.24, 7763.25, 0
27142.4, 65411.8, 0
115953, 33609.7, 0
78712.1, 90664.7, 0
117868, 103197, 0
133964, 29822.1, 0
29326.1, 116411, 0
56607.8, 105137, 0
31525.8, 50095.7, 0
12081, 98589.7, 0
44909.4, 21908, 0
31587.1, 75384.3, 0
6276.76, 187826, 0
28095.8, 43509.4, 0
59616, 111317, 0
24161.6, 20189.1, 0
85739.2, 96421.9, 0
95651.7, 92926.9, 0
33455, 4710.3, 0
5725.58, 144130, 0
52328.7, 62813.2, 0
71942.3, 118662, 0
46307.7, 68939.2, 0
78629.5, 104678, 0
5199.87, 106193, 0
59833.5, 92423.8, 0
13973.4, 54115.6, 0
102779, 73228.4, 0
73447.8, 51124, 0
77772.6, 68032.3, 0
29687.2, 37774.4, 0
52916.8, 136748, 0
8384.83, 30807.1, 0
20142.7, 50462.3, 0
86904, 54931.8, 0
23077.8, 80873.7, 0
96188.2, 26058.8, 0
16226.2, 158609, 0
73247.6, 68161.4, 0
27848.1, 61729.4, 0
20158.9, 94493, 0
27430.7, 53082, 0
23256, 43861.7, 0
100211, 107541, 0
45259.7, 60268.9, 0
47780, 52261, 0
47492.1, 53022.2, 0
85715.7, 99520.3, 0
19002.3, 61217.5, 0
83878.2, 48808.4, 0
1968.34, 28817.9, 0
103805, 85579.1, 0
13976.7, 42621.9, 0
57706.5, 88407.9, 0
32794.4, 8872.11, 0
64224.2, 90764.8, 0
37243.9, 6330.98, 0
62869.4, 43706.8, 0
12158.7, 139159, 0
24589, 146166, 0
83985, 142336, 0
34588.7, 113857, 0
800.322, 233883, 0
40389, 79922.1, 0
68066.2, 56505.6, 0
82966.8, 30829, 0
31276.9, 77517.8, 0
104681, 81212.8, 0
71504.1, 64417.6, 0
43847.5, 142529, 0
49654.4, 149280, 0
30541.2, 42360.5, 0
36376.7, 66534.8, 0
52436.3, 69558.7, 0
34474, 41568, 0
26243.5, 152921, 0
45316.9, 120650, 0
35704.6, 106959, 0
25669.1, 38739, 0
10878.8, 22439, 0
66311.4, 63858.7, 0
80628.1, 891.012, 0
9868.95, 111412, 0
1746.73, 99764.8, 0
10520, 166189, 0
90314.8, 107695, 0
19496.9, 146915, 0
2263.39, 109987, 0
38372.2, 136034, 0
80844.2, 52118.1, 0
8733.62, 74251.2, 0
37315.5, 85591.1, 0
69693.7, 119177, 0
71404.3, 110369, 0
32804.5, 63149.7, 0
16279.1, 19422, 0
102724, 80916.1, 0
44655.3, 22245.3, 0
30063.7, 144288, 0
14385.8, 104960, 0
95492.4, 18135.3, 0
78467.5, 13471.2, 0
26348.4, 53470.2, 0
15900.3, 54082, 0
26842.9, 74518, 0
13817.9, 134201, 0
125311, 56502.5, 0
44525.6, 63137.9, 0
43089.5, 192101, 0
56135.8, 24839.6, 0
83240, 61250.4, 0
137882, 58790, 0
15652.3, 122934, 0
63413.7, 59100.7, 0
54982.6, 68804.1, 0
17725.6, 127218, 0
77177.7, 20312.2, 0
43703, 28918.6, 0
28217.8, 73614.1, 0
19072.5, 110252, 0
30663.6, 107595, 0
18491.6, 131387, 0
54157.9, 110247, 0
9409.82, 124214, 0
39151.5, 77870.5, 0
55050.3, 60845, 0
122186, 145605, 0
27787.3, 113145, 0
22311.7, 27693, 0
63878.7, 72575.1, 0
21762.6, 78682.4, 0
31782.4, 141584, 0
61633.4, 88439.9, 0
35412, 12531.3, 0
34070.1, 18289.7, 0
5667.9, 101162, 0
46873.9, 39314.4, 0
16520.3, 52018, 0
175147, 49005, 0
29447.8, 18040.3, 0
30527.4, 73372.9, 0
3951.54, 87930, 0
40672.1, 16715, 0
13818.4, 37662.9, 0
14924.4, 117424, 0
15793.3, 62238.4, 0
121751, 125861, 0
26303.4, 93829.6, 0
12191.5, 83551, 0
34195.6, 45009.6, 0
7252.81, 44669.5, 0
96815.4, 109518, 0
34627.3, 108414, 0
57623.8, 86765.6, 0
54898.3, 71656.6, 0
26615.4, 137072, 0
61577.2, 123120, 0
38632.1, 96339, 0
56149, 50535.7, 0
12999.4, 99536.1, 0
90164.8, 53627.1, 0
42510.6, 24193.5, 0
41803.8, 22674.2, 0
133650, 51642.3, 0
80722.4, 55705.6, 0
10214.1, 86332.2, 0
34296.4, 54253.8, 0
79356.7, 81694.9, 0
94872, 28447.6, 0
66799.3, 33255.1, 0
90640, 46224.9, 0
43588.6, 49455.6, 0
50514.9, 114138, 0
18242.1, 96556.9, 0
16970.5, 11147.3, 0
43849, 82394.5, 0
19515.1, 38266.4, 0
26495.1, 80006.1, 0
17842.7, 55687.3, 0
20763.4, 78712.4, 0
108137, 66001.6, 0
83303.7, 87552, 0
2607.48, 116379, 0
87576.9, 80092.8, 0
24495.7, 21182.4, 0
42361.5, 130887, 0
50734.3, 140005, 0
14386.3, 46736.5, 0
14809.3, 38739.1, 0
17763.3, 105675, 0
70933.8, 43643.6, 0
51574.2, 76294.5, 0
35634.8, 111304, 0
37720.1, 22266.7, 0
19407.6, 106761, 0
76204.8, 113254, 0
8379.16, 66452.1, 0
84714.7, 93836.5, 0
79217.7, 76717.8, 0
73240.2, 148020, 0
92179.1, 107568, 0
31067.8, 74470.6, 0
11228.4, 61049.8, 0
37451.9, 99987.8, 0
113277, 41466.7, 0
72024.6, 120647, 0
60341.2, 57879.5, 0
6650.17, 50701, 0
127454, 80834.8, 0
62926.7, 94223.1, 0
11653.5, 77439.6, 0
82307.6, 56824.4, 0
90765.3, 45514.8, 0
29672.5, 148873, 0
20930.1, 68299.3, 0
92399, 38594, 0
43919.1, 242661, 0
13389.6, 87940.4, 0
68256.6, 74609.5, 0
528.107, 133786, 0
20290.6, 60735, 0
6776, 145947, 0
69750.6, 52081.4, 0
107129, 21941.9, 0
771.807, 71084.4, 0
37045.8, 73151.1, 0
60173, 86782.8, 0
19492.8, 68311.3, 0
11395.8, 54954.7, 0
10147.2, 125268, 0
96393, 93736.5, 0
3992, 96349.3, 0
4600.05, 162402, 0
127489, 20287.3, 0
118217, 73946.6, 0
81419.5, 75818.5, 0
79263.9, 157563, 0
111107, 39388.9, 0
64004.2, 76690, 0
16671.2, 101064, 0
48474.7, 46536.5, 0
33940.9, 46070.8, 0
4729.9, 200428, 0
58723.8, 105769, 0
48123, 77704, 0
5883.8, 8493.77, 0
49589.6, 74533.9, 0
100967, 62077.5, 0
22515.7, 76692.9, 0
495.915, 110253, 0
4723.24, 87005.1, 0
27342.9, 101435, 0
44377.7, 71315.2, 0
35227.2, 65656.3, 0
82442.4, 68879.7, 0
44229.3, 10160.8, 0
69541.6, 83570.8, 0
118712, 86908.5, 0
16412.1, 141560, 0
40565.4, 104676, 0
13103.7, 68961.2, 0
12529.2, 60664.2, 0
22830.8, 61943.1, 0
42855.1, 101537, 0
70414, 66434.5, 0
31170.5, 117516, 0
104374, 28734.1, 0
54015.2, 75993.4, 0
106151, 41866.9, 0
87569.9, 65898, 0
116359, 81780, 0
69090.2, 38627.6, 0
101232, 33214.7, 0
50622.4, 83520.7, 0
44305.6, 127417, 0
70404.8, 74811.3, 0
3071.51, 84109.1, 0
91568.9, 29010.4, 0
77425.7, 9613.29, 0
9470.89, 21457.9, 0
26934, 23026.6, 0
15937.2, 46644.3, 0
16501.7, 181287, 0
35118.5, 223200, 0
63798.1, 94453, 0
21378, 67976, 0
67745.7, 83159.8, 0
411.431, 46463.7, 0
8461.36, 69246.8, 0
111246, 26765.9, 0
24529.4, 87447.5, 0
81675.7, 25582.4, 0
7877.67, 30074.9, 0
58147.5, 156750, 0
7860.49, 88817, 0
454.408, 41477.1, 0
48562.8, 83215.7, 0
12297.2, 78163.9, 0
5747.14, 99564.1, 0
18835.5, 68550.9, 0
19330.3, 130568, 0
54.0695, 56590, 0
53955.4, 98379.8, 0
22473.6, 63056.6, 0
16736.9, 47898.1, 0
31959.6, 141434, 0
77339.5, 63154.7, 0
125695, 56327.6, 0
37294.4, 80785.6, 0
77696.9, 68665.6, 0
18471.8, 57313.3, 0
29049.8, 70500.5, 0
58916.3, 49530, 0
43690, 157897, 0
42488.7, 73028.4, 0
111764, 67267.6, 0
651.916, 159637, 0
62237.6, 82334.3, 0
19232.2, 84577.7, 0
105824, 68390.1, 0
123908, 112586, 0
39946.3, 111720, 0
137411, 36832.2, 0
39886.9, 114597, 0
17388, 79216.8, 0
117548, 36872.5, 0
11962.7, 82656.9, 0
72165.7, 37581.6, 0
1291.95, 11459.8, 0
61032.2, 117804, 0
43799.1, 86058.6, 0
2739.75, 104762, 0
69487.1, 156185, 0
86035.5, 25922.8, 0
49373.1, 112467, 0
82496.1, 54997.4, 0
43706.6, 97200.2, 0
8133.77, 91099.6, 0
28086.7, 67589.5, 0
19685.1, 29234.5, 0
86556.3, 48041.3, 0
35548.3, 46279.1, 0
16132.3, 23178.2, 0
131048, 154404, 0
134445, 90983.7, 0
97868.7, 68864.5, 0
42859.6, 5571.47, 0
204.946, 105576, 0
86471.6, 175774, 0
123706, 60204.1, 0
29167.6, 81741.7, 0
24529.5, 123835, 0
131242, 110639, 0
36576.8, 101846, 0
14712.3, 22293.4, 0
42924.5, 64583.2, 0
108212, 82738.8, 0
71703.4, 109047, 0
3995.53, 76687.6, 0
42056, 191197, 0
97097.7, 66912.8, 0
57896, 41562.3, 0
47461.6, 88163.3, 0
62930.3, 7756.33, 0
45958.7, 89922.8, 0
45400.6, 119922, 0
27891.4, 28758.2, 0
123625, 35837.6, 0
89634.6, 120341, 0
51930.6, 84043.3, 0
14234.4, 15783.1, 0
4215.62, 57837.1, 0
110999, 64702.3, 0
98651.7, 70790.9, 0
55508.1, 58919.9, 0
53268.1, 34157.3, 0
29107.8, 82082, 0
37354.9, 145854, 0
63087.5, 52389.3, 0
67668.6, 172621, 0
75820.2, 208810, 0
27383.7, 62512.8, 0
101095, 46141.5, 0
23306.7, 85600.1, 0
66187.4, 143832, 0
29328.4, 136710, 0
24239.8, 83617.7, 0
7364.48, 72998.3, 0
29137.9, 83383.7, 0
96413.4, 64160.3, 0
11555.2, 30381, 0
46909.7, 96344.6, 0
39642.4, 86406.4, 0
102815, 31502.7, 0
31371.1, 48515, 0
976.833, 105291, 0
51764.9, 153402, 0
27623.4, 69202.6, 0
17308.8, 209577, 0
49163.1, 45819.2, 0
113096, 111615, 0
5910.52, 56609.9, 0
14553.8, 50147.3, 0
24501.2, 41849.9, 0
33114.6, 89229.3, 0
16590.6, 79118, 0
39293.4, 72153.9, 0
102338, 103657, 0
56649.7, 101722, 0
77677.4, 9533.75, 0
73657, 41504.1, 0
66959.4, 34102.8, 0
68797.6, 49674.4, 0
124321, 64812, 0
20609, 128326, 0
64422.8, 79420.3, 0
24647.8, 28004.9, 0
108200, 9339.67, 0
21085.2, 136986, 0
287.5, 94113.6, 0
5959.35, 121481, 0
81783, 111443, 0
39303.5, 80394.3, 0
57595.5, 73801.1, 0
31353, 106350, 0
56671.4, 29734.6, 0
47237.6, 128105, 0
102278, 81866.1, 0
111389, 36886.3, 0
93701.5, 136266, 0
71536.5, 75922.8, 0
44099.4, 56959.5, 0
59807.3, 58178.6, 0
41669.1, 43557.1, 0
27473.1, 64927.6, 0
30802.1, 95704.3, 0
23762.3, 91523.6, 0
42569.8, 85552.7, 0
95137.2, 43927.3, 0
107358, 53440.2, 0
28522.1, 68749.9, 0
103990, 16177.9, 0
5556.37, 113468, 0
91196.7, 71036.9, 0
26457.2, 165574, 0
19977.8, 109204, 0
65447.3, 19239.3, 0
8208.43, 49051.9, 0
12136.2, 48267.8, 0
39080, 28828.2, 0
130724, 109990, 0
9186.94, 102505, 0
37753, 73738.8, 0
102979, 105519, 0
82068.1, 95895.8, 0
34913.8, 49134.3, 0
14648.7, 89747.5, 0
20303.3, 67686.7, 0
64.7771, 43387.4, 0
54913.5, 88742.1, 0
23205, 91954.8, 0
68749.7, 88338.9, 0
46259.3, 72377.6, 0
81801.4, 83347.8, 0
58733.3, 125042, 0
31917.1, 140703, 0
13433.9, 105792, 0
25768.9, 113345, 0
95662.8, 63619.7, 0
37266.5, 25625.7, 0
8552.87, 54388.3, 0
31599.4, 76943.9, 0
25063.7, 88883, 0
5134.14, 84268.1, 0
12259.7, 73408.4, 0
42768.1, 58253.7, 0
17795.4, 89199.6, 0
68752.3, 103617, 0
3859.65, 144360, 0
36304.6, 50227.6, 0
31352.7, 111778, 0
24205.7, 64419.2, 0
23256, 43082.2, 0
25097.4, 118306, 0
136069, 44621.7, 0
9955.36, 33336.3, 0
17302.9, 52594.4, 0
38949.7, 60160, 0
94070.4, 124828, 0
58355.2, 39470.2, 0
37725.1, 35729.3, 0
15897, 96422.7, 0
68584, 47145.1, 0
16415.4, 140058, 0
97988.4, 18580.1, 0
48185.3, 15035.9, 0
14385.1, 35774.3, 0
35344.9, 129476, 0
76263.8, 71072.1, 0
11245.7, 93495, 0
47467.8, 51212.3, 0
39724.5, 117578, 0
40544.2, 171316, 0
72736.1, 59198.2, 0
78602.9, 128078, 0
39071.2, 80225.8, 0
58972.6, 52044.3, 0
35302.2, 195215, 0
27307.5, 99102.4, 0
38336.9, 56844.9, 0
871.655, 26846.6, 0
126579, 60020.5, 0
98861.9, 30275.4, 0
3942.31, 106556, 0
9455.57, 69899.8, 0
82576.2, 128589, 0
87675.4, 41837.9, 0
903.891, 44645.8, 0
40516.9, 30300.5, 0
68242.5, 142322, 0
3924.53, 63342.9, 0
23627, 104598, 0
33421.7, 77643.4, 0
9257.71, 119356, 0
75044.2, 44734.5, 0
59707.9, 158450, 0
80383.3, 49765.4, 0
45967.9, 20142.5, 0
32884.2, 62088.9, 0
29592.7, 64162.9, 0
59906.2, 41200.8, 0
20503.6, 35347.8, 0
41714.5, 79909.6, 0
41044.1, 107066, 0
46339, 119611, 0
63007.4, 73079.4, 0
23798.3, 83051.1, 0
12211.5, 67954.8, 0
52749.6, 38991.3, 0
15273.4, 66149, 0
73587.5, 59731.8, 0
27552.8, 46528.1, 0
7214.37, 25510.9, 0
87584.3, 120147, 0
68723, 1319.75, 0
7223.83, 107069, 0
13004.7, 32701.8, 0
11563.6, 77222.2, 0
123342, 95108.1, 0
5232.97, 174871, 0
22265.4, 61289, 0
35188.4, 59326.3, 0
92958, 32776.4, 0
49446.3, 73793.2, 0
111955, 51137.7, 0
28046.4, 73552.5, 0
44527.1, 137530, 0
71970.9, 79003.6, 0
97253.3, 32753.4, 0
121763, 150081, 0
31228.6, 29515.3, 0
58419.2, 26476, 0
64340.8, 31975.3, 0
29365.1, 82379.6, 0
47946.9, 107954, 0
12502.2, 69995.5, 0
21890.1, 19423.5, 0
2104.98, 18117.9, 0
325.586, 17902.1, 0
6282.79, 77568.1, 0
17379, 67338.3, 0
13811.2, 97288.2, 0
16430.1, 12416.7, 0
10502.2, 75803.4, 0
4508.89, 6009.34, 0
72851, 77099.1, 0
69330.4, 63626, 0
27855.1, 83117.7, 0
21410.2, 25711.4, 0
48219.9, 36414.6, 0
24714.3, 33669.7, 0
65322, 162988, 0
81681.9, 39975.4, 0
43033.2, 188474, 0
6527.03, 84257.1, 0
134422, 79600.3, 0
56797.9, 75839.8, 0
97713.5, 12885.4, 0
79872.8, 164755, 0
124042, 109964, 0
27190.2, 113156, 0
78223, 31015.7, 0
113698, 63780.3, 0
2514.51, 62322, 0
62958.4, 171965, 0
26787.7, 72500.2, 0
75966.6, 21948.3, 0
21861.4, 79941, 0
82493.4, 126773, 0
18539, 118762, 0
3429.12, 30668.4, 0
27773.2, 55901.9, 0
31599.7, 21462.9, 0
150477, 103687, 0
45163.2, 59124.7, 0
16121.5, 108049, 0
58622.6, 45744, 0
135845, 42448.2, 0
159125, 51207.8, 0
35341.7, 113872, 0
19809.4, 102619, 0
27796.8, 34624.5, 0
11715.8, 112157, 0
30175.9, 109807, 0
113585, 87841.5, 0
70455.8, 23170.2, 0
86966.7, 74532, 0
113464, 5282.26, 0
46165.9, 113910, 0
184028, 55110.4, 0
82569.2, 29909.7, 0
56313.5, 65410.5, 0
130042, 113299, 0
9722.79, 142968, 0
76658.9, 56350.6, 0
139970, 97974.5, 0
12889.7, 5960.18, 0
20189.4, 115526, 0
51282.7, 99224.2, 0
92718.6, 47043.4, 0
61305.8, 42496.6, 0
14518.9, 62469.3, 0
9984.35, 99452.4, 0
70127.9, 113776, 0
209.548, 47960.1, 0
96747.7, 111084, 0
147011, 21692.9, 0
57252.9, 46545.5, 0
69432.3, 129142, 0
51882, 97569.1, 0
63504.4, 70834.7, 0
102559, 61557, 0
53778.7, 136693, 0
11733.1, 30071.7, 0
102400, 48620.1, 0
47255.6, 16221.1, 0
37595.3, 48499.8, 0
1223.87, 94759.5, 0
5702.21, 96112, 0
39243.4, 30653.9, 0
73043.1, 112116, 0
49732.6, 114035, 0
48040.2, 42408.5, 0
32693.4, 145589, 0
39232.2, 172768, 0
70289.9, 159582, 0
37532.9, 67628.4, 0
103137, 110317, 0
75401, 46139.2, 0
25946.4, 47215.1, 0
2377.04, 94508.5, 0
30393.9, 85787.4, 0
27726, 84300.3, 0
54162.5, 27329.1, 0
75703.2, 62448.2, 0
51464.8, 91177.3, 0
31966.7, 36760.9, 0
60983.6, 111400, 0
55386.8, 93819.5, 0
52262.1, 65243.9, 0
18766.7, 68409.1, 0
66140.2, 86672.5, 0
16444.5, 81137, 0
80491.7, 180436, 0
39986.6, 46512.4, 0
71961.5, 155472, 0
26082.1, 76782.3, 0
24596.1, 96624.9, 0
66844.8, 81248.5, 0
27814.5, 51871.7, 0
105289, 66787.6, 0
54658.6, 88323.4, 0
19359, 115578, 0
67647.7, 51072, 0
84312.5, 75537.3, 0
24769.3, 81457.4, 0
44929, 128658, 0
60076.5, 124233, 0
23668.5, 84720.8, 0
150815, 53694.7, 0
71187.4, 28775, 0
63004.8, 54729.7, 0
155053, 21945.4, 0
8455.26, 189254, 0
95140.9, 69011.4, 0
14858.3, 73694.2, 0
16011.5, 105502, 0
141632, 67230.4, 0
87192.3, 104460, 0
61930.1, 119433, 0
18570.1, 120738, 0
107858, 40516, 0
37979.3, 52705.8, 0
50321, 56537.9, 0
19877.2, 157817, 0
62484.4, 93243.2, 0
8580.77, 106107, 0
15821.8, 104595, 0
5517.29, 122068, 0
8585.67, 93880.4, 0
12088.6, 82477.2, 0
49527.5, 24674, 0
26327.7, 78436.2, 0
21296.3, 183941, 0
80079.5, 68088.4, 0
4002.28, 106506, 0
78167.6, 4185.35, 0
8943.1, 78827.8, 0
122532, 79078.7, 0
65334.9, 104982, 0
15232.1, 136007, 0
3485.69, 83431.4, 0
119623, 67942.5, 0
45867.5, 57588.6, 0
26107.3, 57922.3, 0
34909.2, 113960, 0
6438.14, 126630, 0
130560, 91027.2, 0
114951, 155865, 0
21447.5, 57214, 0
37006.7, 109354, 0
65305.2, 74093, 0
5324.48, 107081, 0
31417.7, 47649.2, 0
52885.3, 67407.4, 0
40093.9, 70964.2, 0
16566.2, 139721, 0
2504.24, 39022.2, 0
75.8924, 71686.8, 0
122485, 41645.8, 0
161946, 55080.1, 0
20658.1, 134624, 0
13630.4, 177732, 0
52208.6, 74221.5, 0
50288.8, 92488.7, 0
52353.6, 85157.6, 0
191825, 73240.6, 0
92421.9, 116504, 0
42113.3, 146908, 0
87009.5, 38975.8, 0
55937.9, 158099, 0
69495.5, 96014.1, 0
16091.6, 60908.5, 0
33113.3, 92326.2, 0
77038.1, 34156.7, 0
81844.9, 77440.9, 0
904.694, 29596.6, 0
7447.26, 142390, 0
48770.9, 63505, 0
33381.2, 65722, 0
15755.2, 107186, 0
132311, 49962.2, 0
77575.6, 201557, 0
52017.6, 99619.9, 0
9694.12, 132532, 0
90604.3, 45719.3, 0
29842.8, 5416.12, 0
54125.3, 98985, 0
43179, 73901.5, 0
65650.6, 170130, 0
17844, 123921, 0
15763.5, 100758, 0
108409, 66171.6, 0
9949.02, 89250.3, 0
106879, 32374.3, 0
878.298, 7189.52, 0
32337.4, 72110.9, 0
22188.2, 94189.3, 0
3988.54, 156686, 0
69244.9, 181093, 0
48540.8, 74902.9, 0
48687.6, 45109.7, 0
82537.8, 116489, 0
31528.7, 42882.4, 0
30897.8, 49213, 0
147273, 19936.2, 0
70350.6, 94441.8, 0
20473.6, 29617.6, 0
150662, 89633, 0
5728.88, 162602, 0
96762, 111403, 0
21283.5, 84053.2, 0
64116.8, 100805, 0
46866.1, 52481.7, 0
18714.8, 25020.4, 0
117381, 43976.6, 0
79187.5, 61200.2, 0
9485, 115584, 0
31460.4, 61248.3, 0
7335.76, 63160.7, 0
13043.9, 41465.7, 0
62247.3, 70825.4, 0
58327, 77004.1, 0
47219.8, 43710.3, 0
63597.8, 39785.7, 0
7900.23, 151174, 0
77556.1, 58777.9, 0
46912.6, 49033.8, 0
9827.3, 11006.5, 0
36976.1, 69063.9, 0
76874.4, 101296, 0
49878.6, 35798.3, 0
49999, 24161.8, 0
34870, 121799, 0
24309.2, 13960.5, 0
3287.98, 73774.9, 0
38887.8, 62189.1, 0
3790.5, 41690.2, 0
164318, 42890.5, 0
38941.7, 45388, 0
55895.9, 57269.8, 0
2571.8, 77624.5, 0
76654.2, 88947.1, 0
14333.7, 109443, 0
63052.3, 67103, 0
123193, 60164.7, 0
58325.8, 65625.6, 0
154101, 65606.8, 0
24283.3, 97011.2, 0
63499, 67711.6, 0
40846, 116964, 0
84552.7, 31895.9, 0
22168.3, 95139.6, 0
47051.4, 67466.2, 0
51593.4, 70085.7, 0
25175, 60308.7, 0
110086, 112493, 0
11615.6, 104318, 0
102031, 65070.7, 0
65060.1, 42967.6, 0
42534.5, 159499, 0
41985.8, 30683.3, 0
28187.7, 61517.5, 0
2272.14, 84690.1, 0
27039.8, 67609.4, 0
45244.7, 24901.8, 0
53654.9, 90210.4, 0
86637.7, 81502.2, 0
117274, 28806.9, 0
8604.89, 68049.6, 0
52930.5, 91671.3, 0
13649.4, 66331.4, 0
1145.24, 194299, 0
78218.9, 68554.2, 0
10850.5, 42726.5, 0
20795.6, 96343.3, 0
33206.3, 13789.2, 0
38781.4, 87158.5, 0
20479.4, 56048.1, 0
53006.4, 47568.7, 0
48090.2, 140929, 0
27201.1, 109798, 0
120127, 38128.5, 0
101768, 52896.8, 0
10381.8, 86365.8, 0
61304.7, 137826, 0
27528.8, 94753, 0
50892.1, 85716.4, 0
44743.2, 95016.1, 0
28602.9, 65436.3, 0
28303.9, 125415, 0
37773.8, 121151, 0
13683.3, 138658, 0
60388.5, 128457, 0
40526.1, 158524, 0
58317.7, 59732.5, 0
117312, 101652, 0
14668.1, 160874, 0
125992, 105532, 0
19160.6, 79499.6, 0
29052.5, 102796, 0
10544.3, 98730.8, 0
65176.7, 39000.6, 0
14734.6, 32580.1, 0
52591.8, 66105.5, 0
45434, 58872.7, 0
103958, 76876.5, 0
99920.6, 97025.8, 0
15937.9, 24286.2, 0
6046.11, 91033.9, 0
53445.6, 16858.8, 0
19186.1, 52126.4, 0
66596.8, 66324.3, 0
110387, 65090.4, 0
17132.2, 61178.2, 0
12629.2, 33789.2, 0
26428.6, 115341, 0
71280.2, 101996, 0
143021, 20432.9, 0
29249.2, 13005.3, 0
89450.9, 103609, 0
2090.17, 85794.6, 0
128.306, 29711.7, 0
64136.1, 121735, 0
23310.9, 34767.3, 0
72242.1, 124843, 0
38629.4, 63325.4, 0
100551, 83904.4, 0
104418, 129695, 0
158746, 68314.4, 0
55465.3, 83131.6, 0
45347.5, 65251.4, 0
42513.2, 216534, 0
13126.7, 25914, 0
91050.4, 111152, 0
9868.95, 91698, 0
41277.4, 71954.7, 0
13274.9, 32769, 0
9689.32, 6703.96, 0
123669, 102529, 0
20368.8, 23712.1, 0
30973.3, 102274, 0
56184.6, 50183.8, 0
67166.3, 50643.4, 0
14255.3, 93998.5, 0
102103, 106063, 0
18042.3, 140594, 0
60436.1, 87239.7, 0
88370.5, 60140, 0
25798.6, 111598, 0
1324.08, 130849, 0
37680.8, 185430, 0
28923.5, 15513.6, 0
8811.41, 30694.3, 0
26913.6, 39822.2, 0
19618.7, 49371.9, 0
32077.1, 73439.7, 0
9409.96, 55202.6, 0
49699.9, 74445, 0
34192.8, 25061.7, 0
14801, 49093.4, 0
6571.33, 180145, 0
76070.3, 45499.2, 0
8.21765, 60124.2, 0
132231, 50192.6, 0
85338.4, 36200.6, 0
23904.3, 66766.3, 0
71120.2, 46954.8, 0
60643.6, 23074.4, 0
71062.7, 8109.37, 0
48845.3, 21854.7, 0
37580.5, 118253, 0
60549.7, 77184.4, 0
38157.5, 25974.5, 0
10318.7, 98409.8, 0
46841.7, 55199.3, 0
55513.4, 30848.9, 0
69014.2, 67139.2, 0
1644.59, 42500.2, 0
10281.4, 31523.8, 0
146636, 20656.5, 0
127518, 39683.5, 0
21076.7, 54040.1, 0
4572.03, 71412.4, 0
52832.7, 127920, 0
8871.44, 42527.9, 0
12597.2, 6229, 0
61510.2, 72393.8, 0
26779.7, 54594.8, 0
83995.5, 75374.6, 0
3858.88, 22774.2, 0
65991.2, 86371.3, 0
17748.9, 73301.2, 0
14601.3, 87669.6, 0
21145.4, 32104.6, 0
116887, 104273, 0
25937.4, 64898.7, 0
71918.1, 82381, 0
7059.74, 57093.4, 0
43932.5, 150787, 0
46021.6, 117599, 0
3090.76, 28946.6, 0
7365.17, 43549.4, 0
14967.6, 109660, 0
28693.9, 62476.7, 0
108588, 126636, 0
85988, 55339.3, 0
23019.9, 76084.8, 0
6596.8, 60787.9, 0
41010.6, 209946, 0
712.912, 89167, 0
56448.6, 146536, 0
97110.4, 28315.4, 0
2668.84, 37317.3, 0
7919.46, 144471, 0
118724, 45174.9, 0
3141.33, 65419.6, 0
42262.7, 189820, 0
16150.1, 21085.5, 0
515.466, 5410.58, 0
69566.2, 33430.1, 0
54692.6, 115394, 0
14345.8, 121072, 0
56904.2, 82534, 0
31511, 103770, 0
48933, 79729.9, 0
134082, 64917, 0
15335.7, 136452, 0
5511.55, 138278, 0
12419.4, 102010, 0
29530.1, 55906, 0
4351.72, 106769, 0
85762.7, 29655.6, 0
24810.5, 28580.2, 0
14984.6, 86978.1, 0
38979.6, 109378, 0
97427.9, 168814, 0
37015, 91979, 0
19118.9, 240147, 0
73016, 67331, 0
4474.32, 80223.4, 0
30453.8, 35393.9, 0
27251.1, 67401.7, 0
5480.05, 163568, 0
2200.93, 106535, 0
59799.4, 43572.1, 0
22332.5, 103899, 0
3215.74, 96792.7, 0
81483.8, 42009.4, 0
99609.1, 86033.7, 0
20166.7, 38274.4, 0
1482.05, 74120, 0
9379.15, 21883.6, 0
47848.9, 44035.8, 0
31855.2, 64549.4, 0
59920.1, 79254.2, 0
77635.5, 50398.1, 0
7763.15, 16622.5, 0
71509.3, 51232.5, 0
143635, 6578.74, 0
38087.3, 67139.7, 0
34622.2, 87481.4, 0
29954.7, 58671.9, 0
8001.21, 15821.1, 0
51450.8, 95966.9, 0
28913.1, 86908.7, 0
19936, 96633.7, 0
67496, 110772, 0
15797.8, 163632, 0
34196.7, 52927.6, 0
14742.5, 164935, 0
112007, 121012, 0
61599.9, 79689.9, 0
18074.7, 27325.9, 0
14945.8, 48473.4, 0
98862.1, 35176.6, 0
29189.6, 89999.2, 0
11486.1, 93567.7, 0
128442, 39650.7, 0
53221.5, 76190.2, 0
57696.2, 66570.3, 0
51127.5, 35350.8, 0
21918.9, 86011.8, 0
12661, 25417.1, 0
29484.5, 85704, 0
3059.27, 107482, 0
86033.5, 99191.2, 0
26575.9, 82409.5, 0
25053.6, 14642.5, 0
94455.2, 52715.2, 0
81940.5, 132806, 0
15838.4, 51844.9, 0
92398.7, 39973.2, 0
31843.3, 44606.9, 0
10937.3, 167215, 0
53983.2, 109285, 0
24191.8, 102096, 0
2707.09, 91911.1, 0
81946.6, 64342.6, 0
112047, 32473, 0
106091, 42853.6, 0
19700.1, 75802.9, 0
9139.83, 51242.1, 0
704.03, 25841.9, 0
43357.4, 36471.3, 0
116465, 53757.7, 0
31185.3, 38225.5, 0
15428.6, 46605.7, 0
88947.5, 67938.2, 0
37819, 55368.3, 0
7408.44, 59951.1, 0
160910, 61101.3, 0
40188.3, 140511, 0
65318.7, 45777.8, 0
3612.85, 54765.4, 0
30164, 63153, 0
33634.8, 99747.3, 0
59307.7, 91387, 0
90771.5, 30684.5, 0
53592.4, 19446, 0
27221.2, 69497.3, 0
41267.2, 58940.3, 0
10719.4, 70811.3, 0
22957.4, 61011.5, 0
99804.2, 15031.4, 0
80113.4, 99370.9, 0
45877.8, 50132.3, 0
68271.5, 127714, 0
179.587, 88437.8, 0
31704.2, 50384.8, 0
23041.6, 118076, 0
89055.3, 22133.7, 0
63181.6, 28960.7, 0
116906, 106410, 0
10801.4, 88090.7, 0
35709.3, 87097.1, 0
38202.5, 106023, 0
58528.6, 67070.4, 0
41571.6, 56683.9, 0
34876.6, 62982.6, 0
6506.75, 57592.6, 0
2676.39, 51426.6, 0
81448.7, 54236.7, 0
67039.7, 73245.2, 0
55501.8, 16963.8, 0
59708.2, 209960, 0
15888.4, 75461.2, 0
62709.6, 38520.8, 0
84072.5, 43906.6, 0
39281, 26886.5, 0
82036.6, 31463.6, 0
2058.21, 137096, 0
18799.9, 121806, 0
101286, 104599, 0
20823.2, 28692, 0
24371.9, 52166.2, 0
8845.52, 70938.2, 0
104551, 45752.3, 0
38938.2, 209990, 0
78737.7, 187776, 0
54322.8, 107718, 0
524.443, 135129, 0
40040.7, 115528, 0
64835.5, 46977.3, 0
12986.6, 128970, 0
80269.7, 133728, 0
181.809, 77082.6, 0
25324.8, 18226.6, 0
3893.19, 156785, 0
63992.4, 66903.3, 0
28896.6, 162361, 0
60747.6, 79297, 0
23205.5, 90441.3, 0
56833.3, 163657, 0
38258.6, 36194.5, 0
37486.4, 144216, 0
31238.7, 125319, 0
169462, 57993.3, 0
32234.3, 10753.3, 0
14605.8, 35750.3, 0
98220.6, 121284, 0
84861.1, 79684.4, 0
40720.5, 34164.4, 0
21572, 99378.7, 0
62628.2, 85587.1, 0
80824.7, 30132.7, 0
29466.7, 23212.3, 0
59070.8, 69610, 0
33450.8, 68058.7, 0
111659, 58827.5, 0
49284.5, 39496.7, 0
63856.4, 158771, 0
11522.1, 67408.9, 0
57869.7, 86292.5, 0
64475.8, 78755.8, 0
11259.8, 57987.8, 0
40759.9, 20643.1, 0
23503.6, 49425.2, 0
66905.1, 90403.7, 0
108104, 37906.8, 0
88641.6, 48780.7, 0
10906.9, 111609, 0
5629.81, 83266.8, 0
52329.9, 81856.4, 0
19227.9, 41589.4, 0
50341.7, 12824.1, 0
82109.8, 22307.7, 0
3379.28, 145423, 0
12297.4, 75060.4, 0
12952.9, 27570.9, 0
23365.2, 62506.2, 0
63369.7, 174573, 0
51039, 97476.3, 0
86323, 75009.1, 0
121204, 128001, 0
49460.6, 59375.5, 0
12607.1, 50724.1, 0
57769, 72343.2, 0
112565, 18037.3, 0
29472.4, 67152.9, 0
11410.8, 82770.4, 0
195796, 107429, 0
104251, 89615.5, 0
62408.3, 112227, 0
23199.1, 77640.8, 0
125698, 112895, 0
23168.4, 36263.1, 0
53447.2, 32108.8, 0
14639.4, 54117.1, 0
83692.1, 146080, 0
26430.9, 80960.8, 0
690.029, 104257, 0
22701.9, 79433, 0
72919.4, 114114, 0
8899.15, 181552, 0
18069.9, 83746.2, 0
16007.9, 100667, 0
5047.18, 107830, 0
82335.5, 95734, 0
5818.77, 146074, 0
3109.38, 79403.2, 0
823.894, 42703.3, 0
16325.2, 66985.9, 0
26172.6, 65990.9, 0
19537.5, 79459.6, 0
48750.6, 90075.7, 0
34945.1, 6804.68, 0
25440, 118366, 0
78729.3, 186616, 0
70025.7, 55245, 0
22325.2, 33216.7, 0
92886.9, 43483, 0
36849, 74129.8, 0
12737.9, 44023.5, 0
75002.5, 69074.7, 0
69909.6, 121906, 0
47822.2, 45591.5, 0
15227.2, 77044.8, 0
12605.7, 51982.6, 0
23481.7, 32986.1, 0
91196.1, 144208, 0
19633.3, 30300, 0
30628.8, 64758.4, 0
71429.2, 19948.9, 0
8223.27, 189594, 0
45555.4, 42785.7, 0
61014.7, 45755.8, 0
23464.2, 9781.88, 0
97538.8, 112951, 0
55144.3, 121616, 0
59628.1, 150152, 0
29303.3, 45839.8, 0
60280, 24464.8, 0
105914, 136450, 0
28255.6, 110740, 0
12771.2, 61755.6, 0
34667.4, 90130.7, 0
60315.4, 134954, 0
8981.46, 102198, 0
12369.7, 167137, 0
12938.1, 119144, 0
65546.4, 65997.9, 0
15325, 33244.4, 0
53615.9, 29765.1, 0
6704.14, 119625, 0
17484.3, 12533.1, 0
59436, 70167.7, 0
17624, 105054, 0
5690.58, 105580, 0
30198.1, 77377.6, 0
109602, 64647.3, 0
81928.8, 48437.1, 0
10552.7, 74429.7, 0
58877.1, 43226.7, 0
31408, 66842.1, 0
4094.1, 5775.83, 0
55941.4, 15850.4, 0
103591, 109372, 0
9788.69, 89442.8, 0
56561.8, 15207.7, 0
30002.5, 38926.9, 0
96423.3, 58633.8, 0
3096.54, 41949.9, 0
34696.5, 172861, 0
48600.1, 111661, 0
75025.8, 69686, 0
57621.9, 69337.7, 0
69768.5, 48797.2, 0
5210.67, 69329.4, 0
24139.5, 142385, 0
47421.5, 85111.5, 0
35791.9, 142107, 0
17649.6, 22660, 0
52504.9, 51738.4, 0
28977.4, 14272.1, 0
20128.3, 68592.5, 0
8982.08, 104127, 0
43125.1, 51139.1, 0
71718.6, 86100.2, 0
20776.4, 85883, 0
26685.6, 15035.8, 0
59123.5, 82599.8, 0
77071.4, 116294, 0
28991.3, 15881.2, 0
27000.3, 130293, 0
68890.2, 97670.8, 0
17213.1, 55969.9, 0
62987, 95856.6, 0
43208, 90410.9, 0
22759.5, 7776.33, 0
46191.1, 81993.7, 0
90872.7, 41599.4, 0
83434, 90822.6, 0
42608.5, 42671, 0
29739.9, 106206, 0
67792.1, 35141.3, 0
49217, 82684.8, 0
112501, 88352.8, 0
138612, 90490.7, 0
27749, 49314.1, 0
52701.3, 106858, 0
95832.4, 28398.4, 0
53204.9, 24747.9, 0
32791.9, 97008.7, 0
5718.07, 36784, 0
698.392, 144820, 0
8059.9, 30338.7, 0
20890.8, 130089, 0
22616.4, 140077, 0
67677.1, 47020.7, 0
30769.3, 102225, 0
5842.03, 64622.5, 0
20143.4, 50846.7, 0
72466.3, 105238, 0
29691.1, 200637, 0
88415.9, 115358, 0
33615.9, 166115, 0
36311.2, 151120, 0
62382.6, 23519.7, 0
11008.9, 150790, 0
22713.3, 106425, 0
126234, 50526.9, 0
38415.8, 66799.9, 0
77236, 70143.2, 0
107656, 51400.1, 0
17360.8, 36958.3, 0
19969.4, 112289, 0
63620.3, 60864.9, 0
5232.69, 70084.7, 0
46835.5, 77838.1, 0
36118.7, 32649.7, 0
56480.7, 57240.7, 0
49543.4, 115305, 0
9684.22, 30936.6, 0
55512.3, 94629.2, 0
15032.5, 46626.1, 0
19898.5, 22864.8, 0
18491.1, 39355.3, 0
76307.2, 53494.7, 0
62376.8, 66690.1, 0
33705.1, 62474.8, 0
13922.8, 74667.5, 0
9305.24, 61849.5, 0
16404.9, 98250.3, 0
77217.3, 82023.3, 0
21606.3, 78613.2, 0
10295, 40754.4, 0
120898, 111223, 0
61952.9, 32934.7, 0
61846.7, 72300.3, 0
19251.9, 69196.9, 0
113609, 40079.2, 0
82832.7, 199249, 0
10.0624, 93646.8, 0
53073.1, 101369, 0
134082, 107690, 0
46289.6, 43927.9, 0
71404.6, 150478, 0
17220.8, 9090.45, 0
12998.3, 131247, 0
82311.9, 41005, 0
24815, 159057, 0
137358, 78622, 0
122500, 16519.5, 0
52573.3, 60023.7, 0
64905, 81856.3, 0
51058.7, 73401.5, 0
40479.7, 67182.4, 0
6908.31, 50552.2, 0
10252.7, 67095.5, 0
74213.1, 52942.8, 0
13055.7, 183382, 0
1507.67, 109817, 0
88320.3, 68930.1, 0
74963.8, 134405, 0
63925.2, 108181, 0
35060.9, 105638, 0
2178.75, 139320, 0
11398.9, 43016, 0
21704, 95346.2, 0
22063.9, 159136, 0
2982.61, 93893.8, 0
15448.4, 67877.6, 0
77169.3, 62340.6, 0
124222, 17818.5, 0
95415.6, 31341.2, 0
40499.1, 23776.3, 0
48610.3, 65837.8, 0
16466.7, 68237.6, 0
35660.1, 96361.5, 0
19009.7, 43774.8, 0
46939.3, 107672, 0
31150.6, 97021.7, 0
77834.3, 78924.9, 0
47376.3, 109208, 0
101585, 102855, 0
52532.3, 118110, 0
90484.9, 104344, 0
123390, 196450, 0
18390.2, 74357.4, 0
19053.9, 67898.2, 0
41731.7, 61657.4, 0
8779.7, 5011.28, 0
2681.78, 38716.4, 0
34902, 106633, 0
104833, 64201, 0
59545.1, 61301, 0
61048.6, 73320.8, 0
118547, 102696, 0
44674.3, 120686, 0
94702.5, 64649.1, 0
38725.8, 128843, 0
130501, 57195.6, 0
71619.3, 50950.5, 0
7686.5, 73045.9, 0
41309.1, 73818.4, 0
17386.7, 169889, 0
9955.01, 96451.7, 0
31316.2, 23405.3, 0
45102.4, 69849.5, 0
14288.2, 145646, 0
62468.1, 62656.6, 0
143197, 61552.3, 0
56890.8, 61771.5, 0
71000.5, 39726.2, 0
49985.4, 53793.6, 0
29591.3, 40746.7, 0
46974.1, 70586, 0
10094.7, 87518.4, 0
124479, 25491.4, 0
4188.02, 32272.7, 0
12423.4, 66752.3, 0
10868.7, 76369.5, 0
41306.8, 137206, 0
38244.4, 55933.6, 0
35509.1, 36671.9, 0
7020.65, 6348.89, 0
61078.9, 85659, 0
62050.4, 106487, 0
29714.8, 100617, 0
23265.6, 93585, 0
2033.74, 59209, 0
33825.1, 38259.8, 0
80495, 62812.1, 0
99184.1, 51176.3, 0
89717.5, 49752.3, 0
58169.2, 54395.7, 0
38876.4, 96872.4, 0
72361.5, 245570, 0
15152.4, 16599, 0
69392.4, 53453.1, 0
19400.3, 68149.7, 0
16654.2, 42254.9, 0
3936.19, 151352, 0
47762.1, 58788.5, 0
140166, 127697, 0
37262.1, 59983.5, 0
54235.7, 27153.7, 0
12671, 186399, 0
28112, 126746, 0
39609, 80275, 0
6385.53, 72657.7, 0
8736.4, 69499.3, 0
12410, 51446.6, 0
17672.5, 80198.9, 0
1968.8, 59532.1, 0
16704.8, 40443, 0
3723.73, 48861, 0
94585.1, 63715.8, 0
41410, 71851.9, 0
126059, 134889, 0
5661.48, 100769, 0
5872.82, 54027.2, 0
44124.7, 56352.2, 0
26135.8, 132192, 0
91337.3, 178466, 0
115748, 72450.5, 0
94093.4, 43354.6, 0
36649.1, 70649, 0
113500, 66949.6, 0
66161.2, 61102, 0
15865.5, 73150.4, 0
76632.6, 83067.3, 0
64305.5, 61533, 0
62096.4, 56228.4, 0
107131, 32437.2, 0
56618.7, 71403.3, 0
24095.5, 29478.7, 0
125018, 97042.7, 0
1538.07, 62738.5, 0
12635.9, 53559.8, 0
86307.8, 185807, 0
21251.5, 23765.3, 0
36218.7, 101893, 0
68763.8, 43957.5, 0
51440.7, 139935, 0
173584, 127663, 0
19943.5, 69964.5, 0
29414.5, 24703.1, 0
74227, 50134.1, 0
60690.6, 118058, 0
61562.6, 49620, 0
43267.5, 98196.2, 0
40739.6, 176633, 0
13420.5, 30127.2, 0
40847, 64553.3, 0
14556.5, 49453.8, 0
80573.8, 63735.1, 0
19332.8, 101482, 0
173997, 39890.1, 0
70274.4, 82127, 0
46245.2, 69376.2, 0
565.508, 75843.7, 0
96320.2, 78124.6, 0
61756.4, 26419, 0
94752.6, 21817, 0
6866.64, 26813.6, 0
23929.6, 37169.3, 0
38554.1, 139523, 0
52716, 46527.3, 0
8212.67, 42297.7, 0
4870.4, 80459.1, 0
70050.8, 141530, 0
4471.41, 111400, 0
65806.1, 129770, 0
119225, 29744, 0
85509.2, 14056.2, 0
21579.1, 58332.6, 0
112463, 82162.7, 0
121697, 135597, 0
20152, 168322, 0
10481.6, 107793, 0
167235, 97183.6, 0
134848, 83134.6, 0
2541.04, 44294.3, 0
78659, 134147, 0
66637.7, 88843.3, 0
55789.9, 91014.3, 0
39448.5, 44808.3, 0
20423.2, 55339.9, 0
102527, 29753.8, 0
22440.9, 46674.4, 0
49855, 114903, 0
69317.5, 48413.9, 0
41788.9, 131414, 0
49574.6, 139027, 0
39122.5, 37670, 0
8822.09, 149533, 0
34856.4, 71743.5, 0
55162.5, 135364, 0
12042.3, 174296, 0
77170, 18420.3, 0
35525.1, 46349.5, 0
44614.7, 120548, 0
100107, 135158, 0
832.835, 81707.9, 0
10187.7, 41854, 0
20111.3, 78826.6, 0
78614.1, 105755, 0
81930.3, 80448, 0
78598.2, 16133.4, 0
1719.53, 114905, 0
78598.4, 72840.1, 0
2032.21, 178621, 0
50752.1, 10427.9, 0
19306.9, 19209.1, 0
82394.6, 97971.2, 0
30754.4, 110579, 0
49158.8, 27461.6, 0
15423.6, 115497, 0
68358.8, 32959.5, 0
60991.3, 88626, 0
39478.8, 144054, 0
27468.6, 32573, 0
25008.6, 24504.2, 0
58800, 93834.2, 0
73903.2, 116279, 0
14528.5, 110158, 0
16117.7, 84603.2, 0
139539, 54414.3, 0
28695.8, 24202.6, 0
16094.5, 75304.9, 0
50177.4, 41224.7, 0
11397.6, 76285.9, 0
21255.5, 82232.7, 0
20648, 115048, 0
16462.4, 115667, 0
30289.2, 171354, 0
20569, 100163, 0
27690.9, 130039, 0
83097, 64486.8, 0
67366.6, 106152, 0
48123.5, 4719.23, 0
17415.2, 66552.1, 0
76339.7, 59258.5, 0
54015.7, 124382, 0
55259.8, 99661.2, 0
67870.8, 110557, 0
41075.7, 48358.2, 0
17592.7, 54753.7, 0
2189.16, 100460, 0
55057.1, 56198.8, 0
100710, 92845.1, 0
117572, 121215, 0
32018.4, 100869, 0
49728.2, 48370.4, 0
65426, 39466.3, 0
50827.1, 119318, 0
23918.4, 89982.9, 0
10152.2, 74794.7, 0
21135.9, 54625.2, 0
104213, 117189, 0
16763.4, 107979, 0
7000.97, 35463, 0
78839.4, 59349.4, 0
36771.1, 140994, 0
71268.7, 49198.7, 0
101074, 91497.7, 0
143849, 143612, 0
124437, 125241, 0
64710.1, 110495, 0
113177, 6387.63, 0
105905, 11289.8, 0
33817.7, 120731, 0
1878.59, 84626.5, 0
7249, 65038.2, 0
12778.1, 72704.2, 0
40811.8, 44680, 0
35205.9, 135360, 0
50458.1, 22897.5, 0
45951.5, 131767, 0
60352, 39022.7, 0
85758.1, 139120, 0
17588.3, 113063, 0
54369, 124454, 0
51270, 133686, 0
19552.3, 64800.2, 0
57461.1, 64890, 0
69099.7, 76344.3, 0
8066.52, 69055.5, 0
39473.3, 54669.9, 0
135929, 91150.8, 0
101152, 58644.8, 0
62437.1, 121574, 0
59482.3, 55364.4, 0
15625.3, 46043.1, 0
44141, 80850.9, 0
42662.6, 40671.3, 0
12109.5, 135074, 0
133649, 109589, 0
4047.61, 27288.7, 0
74571.6, 108275, 0
35361.6, 113087, 0
27403.9, 47866.5, 0
75729.6, 169439, 0
33649.5, 71085, 0
31941, 69834.1, 0
61065.3, 65246, 0
11610.7, 130800, 0
47159.3, 38907.3, 0
85404, 65567.6, 0
92568.7, 47674.3, 0
59123.7, 49990, 0
39896.1, 107357, 0
13021.8, 108889, 0
51745, 120068, 0
58541.3, 90602.3, 0
24204.6, 26974.1, 0
13892.2, 45540, 0
40115.6, 76557.8, 0
58130.8, 95467.5, 0
125644, 101541, 0
68973.1, 26395.3, 0
688.139, 69612.4, 0
26448.1, 82654, 0
13836.2, 3747.5, 0
5615.17, 47498.3, 0
84911.4, 144721, 0
33450.9, 69536.2, 0
84151.2, 107406, 0
14424.7, 64033.1, 0
77821.5, 74039.6, 0
6926.59, 65227.8, 0
38677.1, 40618.2, 0
63184.2, 15403, 0
12134.7, 86309.2, 0
20729.2, 65910.8, 0
1019.69, 120917, 0
42707.8, 73637, 0
50875.4, 87311.3, 0
1829.75, 53587.1, 0
10903.6, 88391.6, 0
54732, 36079, 0
39127.2, 55866.5, 0
41299, 75228.4, 0
13260.4, 110063, 0
91897.5, 75293.5, 0
74403.5, 82922.5, 0
41028.5, 82305, 0
62208.1, 125043, 0
67381.2, 18044.3, 0
85080.4, 67896.6, 0
150810, 38062.4, 0
31033.1, 92183.8, 0
25377.4, 51182.2, 0
13250.7, 44169, 0
152864, 67084.6, 0
48260.3, 54676.9, 0
6332.11, 91645.3, 0
18636.7, 33967.4, 0
73790.4, 53595.2, 0
62405.7, 114860, 0
21285.4, 109883, 0
133064, 46776.5, 0
41383.2, 223544, 0
4212.07, 86556.9, 0
88687, 39608.4, 0
88262.9, 53806, 0
5032.03, 153558, 0
31096.9, 64230.9, 0
61890.3, 82981.7, 0
81035.3, 48052.7, 0
99493.3, 106753, 0
2176.81, 48968.4, 0
7325.19, 29741.4, 0
40831.3, 100478, 0
67034.4, 94757.9, 0
51311.6, 188294, 0
20143.4, 92455.6, 0
88937.5, 41555.3, 0
42006.7, 118015, 0
88916.1, 90841.4, 0
142106, 79069.9, 0
12654.6, 104599, 0
97531, 66259.1, 0
7045, 101304, 0
142823, 57679.2, 0
99205, 152427, 0
44918, 79499.9, 0
64852.1, 59963.8, 0
5704.7, 78673.7, 0
64198.1, 37033, 0
70559.2, 38252.5, 0
31252.6, 96552.3, 0
44489, 99486, 0
22922.8, 43873.6, 0
55655.9, 28085.6, 0
54200.5, 64503.9, 0
18271.6, 75682.7, 0
15998.3, 114960, 0
3968.64, 15151.3, 0
26826.6, 69441.5, 0
38667.7, 129985, 0
108194, 83649.3, 0
4553.26, 61505.4, 0
43907.1, 37166.7, 0
19888, 130742, 0
25374, 33660.1, 0
22151.8, 34942.9, 0
64422.5, 21851, 0
31374.5, 56514.4, 0
30464, 55183.5, 0
25341.1, 58038.5, 0
20941.7, 137753, 0
92704.6, 54429.1, 0
66127.2, 88681.9, 0
86318.2, 93736.8, 0
9566.37, 38725.3, 0
38592.8, 77426.5, 0
21735.4, 101604, 0
11464.9, 9175.85, 0
5353.33, 37488.5, 0
1980.43, 116395, 0
74674.4, 47460.3, 0
74123.4, 90361.4, 0
25382, 41736.4, 0
27750.1, 31917.9, 0
10642.7, 86985.7, 0
87341, 99557.4, 0
76951.9, 81710.7, 0
115849, 39494.7, 0
118365, 54697.7, 0
3103.28, 25889.6, 0
52529.1, 55367.1, 0
9209.91, 26954.3, 0
41392.2, 57864.6, 0
75202.5, 61209.2, 0
67037.5, 141367, 0
13729.1, 194808, 0
31071, 122346, 0
22221.5, 60513.7, 0
4661.46, 113383, 0
141562, 63194.1, 0
64178.5, 98688.5, 0
77744.9, 98614.3, 0
53113.4, 107307, 0
86776, 89862.8, 0
3242.33, 114718, 0
7113.42, 49613.3, 0
2969.96, 16937.9, 0
21868.8, 54786.6, 0
73308.3, 20556.6, 0
7152.71, 53043.5, 0
24188.2, 47011.3, 0
44887.7, 53606.8, 0
95359.3, 27493.7, 0
37049, 81952.2, 0
66802.7, 100144, 0
32564.5, 109961, 0
2550.19, 93394.6, 0
22508.3, 157387, 0
35671.7, 103702, 0
33705.3, 101655, 0
93944.2, 102295, 0
27353, 57516.6, 0
41441.1, 42234.5, 0
40375.2, 48711.8, 0
20327.3, 86342.9, 0
42988.9, 59841.3, 0
25883.5, 76438.4, 0
14773, 88177.1, 0
47858, 28225.6, 0
97779.5, 12718.9, 0
173139, 78497.8, 0
18478.4, 151337, 0
56637.5, 6806.46, 0
54895.1, 47370.1, 0
27946.9, 64403, 0
10416.7, 86134, 0
76180.2, 98992.3, 0
15954.4, 52829.7, 0
36525.2, 123787, 0
54067.4, 4650.1, 0
64694.8, 52234.6, 0
6835.24, 87090.1, 0
49808.9, 56559.7, 0
70740.5, 119456, 0
28046.7, 96558.2, 0
17662.8, 53855.4, 0
43704.7, 39662.8, 0
38370.3, 58520.4, 0
2807.51, 106263, 0
3690.13, 141240, 0
36152.1, 149713, 0
63808.6, 47651.4, 0
153899, 68837.7, 0
11465.4, 52777, 0
19907.6, 92452.5, 0
4499.91, 78214.4, 0
78848.3, 173939, 0
43083.8, 47500.2, 0
4283.3, 11550, 0
31679.7, 134610, 0
70043.8, 82865.3, 0
101246, 107451, 0
26752.2, 35577.9, 0
70638.9, 61915.6, 0
54414.8, 17700.6, 0
69799, 75801.7, 0
160341, 74632.7, 0
63803.2, 68276.4, 0
65726.7, 46961.4, 0
32190.5, 87037.4, 0
120528, 95407.3, 0
96502.3, 198313, 0
48462.1, 31958.3, 0
70210.3, 30492.8, 0
32333.2, 57187.3, 0
81907, 62148.6, 0
33231.8, 15057, 0
3343.28, 69567.1, 0
25118.1, 79359.1, 0
63017, 81490.7, 0
117437, 78622.9, 0
15939.6, 100926, 0
23147.9, 30414.6, 0
35759.5, 75801.8, 0
54441.8, 22089.2, 0
51806.1, 130582, 0
6302.68, 144684, 0
27452.5, 63219.9, 0
10148.7, 74862, 0
36175.3, 123435, 0
74478.5, 18938.1, 0
30921.9, 47816.1, 0
85181.7, 64013.5, 0
58938, 31994, 0
36384.9, 26292.8, 0
39382.5, 52576.7, 0
15330.1, 96649.8, 0
47714, 56645.7, 0
15826.4, 20581.4, 0
61200.8, 27300.2, 0
790.4, 22179.5, 0
9834.51, 37916.5, 0
20609.8, 79682.5, 0
86507.5, 53057.6, 0
5129.3, 122625, 0
23482.2, 79377.7, 0
3121.62, 142674, 0
24243.3, 19158.3, 0
9229.23, 76742.4, 0
29707.8, 141383, 0
8278.81, 144260, 0
94844.4, 169104, 0
94052.3, 69443.2, 0
101507, 78632.1, 0
58690.9, 35316, 0
42469.5, 97269.8, 0
71504.5, 16894.2, 0
12955.4, 132373, 0
25927.3, 32006.2, 0
118998, 80180.5, 0
84765.4, 124842, 0
34981.6, 61357.1, 0
44457.8, 44440.6, 0
27588, 22225.1, 0
35902.7, 174902, 0
64381.8, 31927, 0
6369.86, 154284, 0
5880.5, 117915, 0
5035.98, 124544, 0
103884, 21787.4, 0
23194.4, 70199.2, 0
78689.9, 67332.6, 0
74530.8, 77048.1, 0
32676.7, 56565.6, 0
89378, 152729, 0
44845.8, 96398, 0
75163.5, 120254, 0
154088, 22698.2, 0
75182.1, 126143, 0
27105.9, 45161.8, 0
64260.6, 63751.3, 0
40584.7, 77658.3, 0
24651.1, 72007.3, 0
89293.7, 25462.9, 0
20010.7, 47624.6, 0
95650.5, 85209.1, 0
3455.07, 77358.8, 0
42834.4, 68446.7, 0
132896, 42236.4, 0
82574.6, 76928.3, 0
44620.4, 97159.1, 0
82794.8, 75566.5, 0
60373.2, 32424.2, 0
67564, 53431.1, 0
6846.31, 78495.5, 0
76117.5, 54939.1, 0
51756.5, 59200.3, 0
80117.1, 46750.2, 0
2476.06, 59463.8, 0
33388.3, 87973.4, 0
14159, 44024.9, 0
55774.7, 111283, 0
53426, 72411.9, 0
29263.3, 39399.2, 0
35497.7, 31608, 0
6595, 120217, 0
67279, 39984.7, 0
10259.8, 62149.8, 0
40748.3, 20172.3, 0
1745.47, 83626.7, 0
15689, 35265.7, 0
103197, 81020.9, 0
5132.05, 6725.91, 0
94308.8, 27807.5, 0
100074, 21458.8, 0
32784.1, 85905.6, 0
26999.4, 60247.6, 0
55528, 65630.5, 0
30869.8, 97737, 0
134251, 93707.3, 0
60934.1, 49132.4, 0
14238.8, 70034.7, 0
55064.9, 79888.8, 0
2473.94, 98709, 0
32047.1, 101720, 0
95686.4, 83041.8, 0
105318, 11312.6, 0
153377, 186528, 0
44246.5, 107179, 0
38145.7, 106143, 0
43846, 46457.1, 0
30118.6, 15449.2, 0
36212.7, 51879.8, 0
69004.7, 40035.4, 0
51871.7, 88780, 0
29885.8, 136675, 0
70406, 84989.7, 0
70005.4, 75239.2, 0
34943.1, 91713, 0
65695.4, 126289, 0
76727.8, 48101.4, 0
45825, 76155.6, 0
22823.6, 41281.1, 0
19661.3, 110898, 0
76577.4, 45614.9, 0
24006.3, 99051.4, 0
43640.5, 99454.3, 0
79020.9, 49197.8, 0
26142, 13326, 0
136403, 72966.3, 0
80047.1, 18984, 0
156.19, 14699.5, 0
46381.3, 102204, 0
70813.7, 32294.8, 0
30460.7, 137249, 0
21815.2, 37814.3, 0
110901, 26130.2, 0
62137.7, 106434, 0
40847.2, 186223, 0
4705.46, 141377, 0
79219.9, 51255.2, 0
20384, 127666, 0
91613.1, 50891.2, 0
185219, 4875.66, 0
88295.4, 64225.6, 0
45057.4, 13363.8, 0
5288.59, 83555.3, 0
6209.72, 76948.4, 0
44582.8, 114068, 0
11904.9, 36087.4, 0
14366.2, 148179, 0
77390.8, 5188.04, 0
19559, 32069.5, 0
19027.1, 75037.3, 0
16401, 82012.5, 0
48316.3, 77521.9, 0
62059.8, 89754.9, 0
28950, 70448.9, 0
62580.5, 68717.8, 0
3240.95, 100848, 0
68206.1, 72733, 0
73253.5, 23300.5, 0
39454.2, 43893.2, 0
31486, 32277.4, 0
109318, 67104.8, 0
41094.2, 101044, 0
14686.2, 107138, 0
90593.8, 131563, 0
51942.9, 93422.4, 0
16554.9, 115700, 0
41598.8, 41996.8, 0
51224.7, 53135.1, 0
33886.9, 164080, 0
48976, 37067.7, 0
36148.3, 65580.8, 0
65730.7, 65146.3, 0
128219, 35329, 0
21557.3, 79224.5, 0
32255.6, 32913.4, 0
11777.8, 51743.9, 0
7506.65, 112514, 0
1338.27, 58038, 0
22098.5, 112652, 0
67716.8, 99774.4, 0
218703, 148653, 0
14527.5, 102011, 0
48118.3, 99061.6, 0
45529.4, 80677.4, 0
5645.31, 137366, 0
159993, 90515.6, 0
34385.8, 62121, 0
5660.41, 148068, 0
125.672, 82914.8, 0
62365.6, 112731, 0
46882.2, 134168, 0
28006.7, 34310.6, 0
3968.24, 89017, 0
73536.8, 64121.8, 0
117573, 73269.9, 0
2462.93, 104011, 0
10149.7, 97484.1, 0
99081.8, 47872.5, 0
56895.7, 85631.7, 0
31135.6, 110563, 0
32104.5, 46548.1, 0
132590, 75309, 0
49714.4, 59688.3, 0
16369.1, 47238.9, 0
81363.4, 189017, 0
107419, 97786.4, 0
37357.2, 49967.4, 0
50710, 85952, 0
116317, 15326.9, 0
87735, 30621.4, 0
77757.1, 133651, 0
46251.5, 75760.7, 0
83034, 94136.9, 0
48712, 97788.6, 0
67380.8, 43639.9, 0
50778.2, 8993.72, 0
69185.5, 67848.4, 0
15575.2, 87329.3, 0
171457, 22175.3, 0
73480.2, 120214, 0
75542.2, 42157.1, 0
14687.3, 42912.2, 0
60436.3, 33242.6, 0
62110.5, 66782.4, 0
103892, 10734.8, 0
36678.1, 111135, 0
30559.7, 122162, 0
60068, 75521.6, 0
18318.4, 37271.7, 0
70307.4, 103801, 0
5555.04, 50247.6, 0
22562.8, 33109, 0
5538.86, 30637.5, 0
8250.62, 147031, 0
15601.5, 107106, 0
119675, 109500, 0
37113.6, 51885.8, 0
68047, 61239.7, 0
8829.7, 29676, 0
27902.9, 115462, 0
3640.64, 34944.8, 0
33836.6, 26554.9, 0
15089.9, 115837, 0
17496.9, 55614, 0
4263.97, 81297.1, 0
12747, 9786.21, 0
28682.6, 44792.6, 0
65162.1, 38522.5, 0
6851.02, 40328.9, 0
38004.5, 80517, 0
10819.5, 97780.8, 0
84687.7, 11223.5, 0
23069.9, 107347, 0
64024.8, 80955.7, 0
24942, 34369.7, 0
42810.9, 78009.3, 0
112447, 110080, 0
6065.45, 119765, 0
66325.1, 41522.2, 0
58035.6, 142347, 0
7657.49, 44015.7, 0
4459.61, 112125, 0
93284, 82958.8, 0
18092.6, 11655.4, 0
10809, 40172.5, 0
55674.2, 26857.5, 0
305.05, 134191, 0
80766, 63562.9, 0
32851.6, 33361.1, 0
100503, 163844, 0
12123.1, 95207.4, 0
10533.7, 60677.5, 0
122407, 31100.7, 0
46523.2, 19083.7, 0
86990.7, 67438.7, 0
15466.2, 76886.7, 0
66126.3, 165252, 0
22216.9, 84666.9, 0
65385, 57490.3, 0
32820.5, 87443, 0
13335.8, 49615.3, 0
71106.2, 49591.2, 0
57375.7, 129984, 0
13466.4, 10746.9, 0
78161.5, 20962.7, 0
94384.2, 42935.2, 0
55845.9, 66898.3, 0
17057.2, 106177, 0
31144.1, 94996, 0
16910.5, 46941.9, 0
11317.5, 31158.1, 0
18757.6, 38295.5, 0
5892.74, 149964, 0
71867, 28327.5, 0
6033.38, 27818.4, 0
30859, 45141.6, 0
91844.1, 109214, 0
28796.5, 45791.4, 0
171929, 125110, 0
76256.2, 34426.5, 0
13411.3, 30417.8, 0
47747.7, 53371.5, 0
25923.2, 95716.2, 0
44603.8, 21407, 0
68251.3, 145440, 0
56279.6, 100476, 0
68315.5, 27347.5, 0
7756.56, 100032, 0
29832.7, 60314.6, 0
32070.6, 76356.8, 0
39811.7, 24960, 0
98105.2, 18933.9, 0
7198.98, 53785.7, 0
21414.6, 127619, 0
105243, 116525, 0
44933.7, 64899.4, 0
8006.88, 29738.1, 0
83834.1, 72784, 0
76999.2, 66267.1, 0
95171.5, 94323, 0
50009, 34037.9, 0
58557.3, 120780, 0
116163, 57831, 0
118460, 90013.6, 0
92273.8, 77774, 0
26701.8, 83126, 0
35727.9, 141948, 0
21538.5, 61186, 0
34969.9, 22412.7, 0
51510.2, 39052.7, 0
45351.6, 68056.8, 0
34738.7, 98620.5, 0
109509, 88161.9, 0
40284.9, 81008.2, 0
36631, 79214.7, 0
103173, 62553.1, 0
206309, 55293.4, 0
16369.5, 92194.2, 0
52726.9, 73150.3, 0
3300.66, 87305.4, 0
35068.6, 80545.5, 0
52342.3, 50528.9, 0
87892.8, 121378, 0
8246.83, 96169.7, 0
13753.6, 39899.7, 0
5769.61, 143307, 0
21230.9, 29913.1, 0
44986.6, 91894.5, 0
23189.3, 43495, 0
105871, 111713, 0
42506.4, 17470.8, 0
69872.1, 87436.8, 0
1492.05, 54840.8, 0
128866, 132657, 0
20034.2, 12829.1, 0
92595.8, 89902.2, 0
51531.3, 64441.4, 0
41599.6, 67295.1, 0
16860.6, 59134.7, 0
76773.2, 58036.6, 0
26151.9, 137060, 0
53077.7, 35062.9, 0
54764.3, 84531.4, 0
55247.9, 90306.8, 0
21595.7, 65764.3, 0
39694.6, 97262, 0
29126.6, 83798.1, 0
27941.6, 45166.7, 0
90691, 85677.9, 0
19749.9, 160065, 0
24530.9, 31687.5, 0
83723.5, 216121, 0
102062, 31113, 0
7724.06, 109495, 0
52372, 151307, 0
112887, 98257, 0
135761, 147112, 0
57257.7, 70073.7, 0
37613.9, 19348.8, 0
20574.3, 102783, 0
31426.3, 118438, 0
66168.1, 17391.4, 0
15032.4, 31448.4, 0
107168, 106592, 0
78259.8, 7758.83, 0
85796.3, 85997.4, 0
55348.7, 71525.7, 0
154645, 71136.3, 0
19533.1, 55375.7, 0
36508.1, 72363, 0
59602.7, 68623.6, 0
5006.83, 19220, 0
51457.1, 78857.5, 0
84195.8, 40491.1, 0
32256.5, 115497, 0
39924.6, 51572.6, 0
206.281, 91597.5, 0
72499.4, 87026, 0
43330.8, 96045.3, 0
76239.7, 81605.5, 0
78639.3, 29818.5, 0
39172.5, 98097.3, 0
64273.7, 150098, 0
34769.3, 45546.5, 0
111746, 58878.5, 0
53735.2, 127912, 0
112319, 24186.5, 0
41580.8, 196033, 0
8631.1, 146184, 0
35024, 129878, 0
29462.8, 88954.8, 0
45492, 107348, 0
16262, 65188, 0
6669.21, 126081, 0
11955.3, 60517.3, 0
56041.6, 21564.5, 0
6824.41, 121680, 0
78325.3, 75599.1, 0
20575.4, 60879.9, 0
107405, 120740, 0
33798.4, 33987.8, 0
70310.1, 84172, 0
82187.8, 72078.7, 0
125731, 56808.4, 0
39069.6, 72779, 0
104088, 104382, 0
21964.8, 115682, 0
127204, 87531.1, 0
49462.5, 60011.5, 0
8984.78, 84465.9, 0
191573, 49043.6, 0
199633, 55042.6, 0
53390.2, 157512, 0
65935.2, 175203, 0
108287, 69885, 0
44260.1, 102847, 0
12595.8, 32731.7, 0
58983.3, 55008.6, 0
161745, 74128.4, 0
45894.8, 37794.7, 0
80436, 145118, 0
65857.6, 33583.5, 0
33078, 128054, 0
40011.1, 10332.2, 0
32622.3, 40464.8, 0
50510.4, 40982.9, 0
37860.5, 146229, 0
38325.9, 47713.9, 0
90906.5, 143464, 0
8151.16, 10170.2, 0
96761.6, 43216.5, 0
71192.8, 47695.3, 0
13883, 141120, 0
20712, 129879, 0
11451.1, 19205.3, 0
59639.4, 40635.1, 0
99681.3, 46792.9, 0
100629, 107525, 0
25269.1, 117211, 0
41848.3, 142008, 0
14511.8, 130131, 0
63461.2, 61096.4, 0
52477.8, 52893.1, 0
24997.3, 49448, 0
33160.6, 67120, 0
40197.5, 21011.2, 0
56000.1, 89288.3, 0
29928.3, 31299, 0
36484.4, 66592.3, 0
84674.8, 90634.6, 0
90339.1, 80043.8, 0
35016, 61360.9, 0
67137.4, 150404, 0
59087.8, 160429, 0
21348.7, 87980.2, 0
58492.4, 56033.9, 0
44929.2, 45611.2, 0
72064.9, 21145.2, 0
19092.3, 63451, 0
21385.1, 43673.6, 0
81430.1, 50261.1, 0
38761.2, 82928.7, 0
9543.38, 89261.4, 0
17523.1, 35624.6, 0
85544.5, 54128.6, 0
122273, 94652.3, 0
99355.9, 176776, 0
91452.8, 49628.7, 0
104142, 104592, 0
10264.3, 45551.7, 0
75842.2, 93589, 0
17460.2, 129080, 0
104461, 67911.2, 0
70990, 82196.5, 0
95467.3, 110459, 0
40381.5, 59643.8, 0
10820.5, 66888.1, 0
21.8595, 45964.4, 0
41945.1, 121162, 0
2258.19, 128108, 0
62008.4, 81739, 0
14211.4, 67228.4, 0
62963, 41725.4, 0
60911.4, 60210.2, 0
50609.7, 116394, 0
2653.45, 82159.6, 0
26462.9, 86663.9, 0
42191.8, 82308, 0
14054.4, 51437.8, 0
46087.8, 106893, 0
135835, 122475, 0
72704, 94073.9, 0
94762, 73401.5, 0
69742.5, 85074.3, 0
54342.7, 46919.7, 0
16738.7, 101955, 0
28675.8, 125797, 0
75988.4, 151223, 0
13743.4, 69692.5, 0
19581, 78863.8, 0
6502.03, 40483.4, 0
8758.82, 42744.4, 0
33165.2, 18637.6, 0
54579.1, 107829, 0
142250, 117242, 0
21115, 66900.5, 0
45300.3, 81309.4, 0
83446.3, 78463.9, 0
923.35, 61821.4, 0
15760.2, 105987, 0
32830.3, 53462.6, 0
17663, 78116.7, 0
140242, 40739.5, 0
36322.9, 108251, 0
14057.8, 68006.3, 0
7204.52, 31184.6, 0
47093.1, 115242, 0
23516.4, 97970.4, 0
5763.33, 57104.6, 0
39159.1, 27987.2, 0
45218.9, 43964.9, 0
8437.92, 74667.2, 0
135091, 163056, 0
94270.2, 150978, 0
5815.29, 179751, 0
71616.9, 33437.1, 0
20885.1, 204792, 0
38878.3, 82386.2, 0
41021.3, 80642.1, 0
40230.1, 181711, 0
95141.1, 127642, 0
12473.9, 60777, 0
89395.5, 17033.7, 0
23208.5, 47945.3, 0
14886.6, 87329.2, 0
47142, 43514.3, 0
103438, 66312, 0
50836.5, 58379, 0
95497.2, 33032.9, 0
151559, 64068, 0
23866.2, 65181.3, 0
76679.5, 98930.4, 0
42480.3, 43141.3, 0
9220.55, 58628.2, 0
4209.75, 57930.4, 0
14871.1, 58641.8, 0
22983.4, 66180.1, 0
1133.01, 13581.8, 0
13332.1, 103771, 0
64097.9, 49333.2, 0
64049.8, 114044, 0
16646.6, 98704.9, 0
17520.3, 70976.9, 0
74314.4, 101985, 0
18740.8, 49774.2, 0
18326.8, 144618, 0
61420.6, 46358.9, 0
66492.9, 131121, 0
64213.2, 45031.5, 0
25260.8, 154297, 0
37332.2, 118285, 0
57969.9, 117810, 0
12467, 74814.7, 0
36021.6, 68366.9, 0
17682.7, 70300.2, 0
19780.7, 39776.8, 0
24788.3, 100333, 0
3468.99, 63842.9, 0
9969.68, 139184, 0
25929.8, 128557, 0
2217.57, 115198, 0
54283.7, 74538.1, 0
12676, 95006.2, 0
72362.2, 49821.9, 0
61568.5, 90763.5, 0
6665.24, 106090, 0
7065.32, 9113.82, 0
52799.7, 56394.9, 0
21482.2, 37685.3, 0
75703.3, 62832.3, 0
1335.09, 120852, 0
56070.1, 23735.3, 0
29335.2, 108110, 0
37518.1, 93406.1, 0
29284.1, 129142, 0
59364.3, 21325.5, 0
10381.5, 139128, 0
12530.9, 31042.4, 0
6175.6, 41286, 0
20171.8, 100967, 0
16692, 107809, 0
59800.7, 107605, 0
41913.6, 127531, 0
99752.5, 157652, 0
27235.8, 141739, 0
67997.6, 55689.9, 0
62672.8, 133574, 0
56023.6, 90007.2, 0
9807.39, 49445.3, 0
140913, 25416.2, 0
100986, 8341.95, 0
39380.3, 22495.2, 0
117737, 87068.9, 0
107898, 130201, 0
93768.1, 82965.5, 0
10118.5, 74215.6, 0
29427.4, 45135.1, 0
21916.1, 106404, 0
74384.8, 25597.2, 0
84941.7, 90242, 0
15081.7, 127378, 0
77400.6, 13361.7, 0
2798.13, 106758, 0
33761, 64248.4, 0
41649, 115761, 0
83158.1, 33132.3, 0
55580.3, 59052, 0
49035.1, 17486.8, 0
94573.4, 54227.9, 0
8852.63, 74660.8, 0
86737, 82762.4, 0
128570, 33712.6, 0
35704.2, 118848, 0
39935.6, 81968.5, 0
123373, 43593.6, 0
60870.1, 84274.1, 0
8270.85, 95849.5, 0
55460, 20729.4, 0
75145.6, 91635.4, 0
32066.5, 83362.6, 0
42854.2, 29888.5, 0
12949.1, 13161.2, 0
59047.3, 62900.9, 0
64317.7, 102792, 0
128473, 133401, 0
14735.4, 117880, 0
10532.5, 66929.3, 0
61640.8, 121822, 0
1702.29, 25541.2, 0
112696, 46328.7, 0
91383.2, 155583, 0
27718.7, 85603.9, 0
28620.9, 82570, 0
13827.5, 52347.8, 0
13415.4, 54771.9, 0
78201.7, 84702.4, 0
107695, 61367.4, 0
12304.5, 201689, 0
48134.4, 148448, 0
51802.8, 44349.5, 0
50759.9, 105816, 0
49151.9, 41805.5, 0
3286.9, 67384.3, 0
145591, 41739.6, 0
116045, 64149.3, 0
17508.4, 91903.3, 0
27949.5, 79900.4, 0
82565.9, 55977.4, 0
9704.72, 55589, 0
16028.7, 86576.1, 0
46238.1, 97928.9, 0
81010.4, 143124, 0
59916.6, 39724.5, 0
91834.6, 8274.57, 0
5488.71, 71003.8, 0
11245.7, 27749.3, 0
46236.6, 68083.2, 0
72125.7, 95643.7, 0
13643.6, 129519, 0
107991, 122076, 0
102689, 113212, 0
30542.6, 97252.5, 0
27939.7, 100456, 0
9884.08, 58735.3, 0
100461, 42459.1, 0
70950, 15392.5, 0
26961.9, 62034.9, 0
1524.64, 34470.5, 0
36368.7, 113386, 0
37085.7, 37427.3, 0
24297.2, 83666.7, 0
87329.2, 55500.7, 0
179746, 106533, 0
33758.4, 86981.9, 0
147433, 31694.7, 0
35728.8, 83670.1, 0
12763.2, 32206.3, 0
26069.2, 57737.7, 0
25236, 68252.7, 0
52983.7, 35044, 0
24313.2, 76516.6, 0
56068, 69025.1, 0
73586.7, 77602, 0
8255.32, 62350.5, 0
81114.2, 62666.3, 0
52579.9, 192761, 0
1842.37, 48358.3, 0
133493, 67487.2, 0
53949.3, 134110, 0
48131.7, 88732.4, 0
23325.3, 171610, 0
93335.2, 85793.2, 0
72869.5, 70023, 0
86086.4, 166503, 0
22970.4, 113711, 0
36411.2, 224209, 0
38468.9, 72728.5, 0
29250.7, 49905.8, 0
15742.9, 74242.8, 0
57868.2, 160916, 0
56865.9, 100544, 0
12752.9, 62907.7, 0
29021.1, 50739.7, 0
9333.47, 38586.3, 0
25508.1, 80697.3, 0
68745.4, 202827, 0
50232.5, 46397.5, 0
21123.5, 21551.1, 0
74487.9, 30071.4, 0
73691, 65560.5, 0
47732.6, 58588.7, 0
61467.6, 18910.6, 0
74264.9, 140877, 0
65907.8, 68385.2, 0
28545.5, 71331.6, 0
31169.2, 73720, 0
33075.2, 68355, 0
26704.8, 53952.2, 0
14739.9, 129078, 0
56069.4, 80092.7, 0
91150, 137647, 0
40325.9, 53186.5, 0
10822.2, 69651.7, 0
104390, 51574.3, 0
22380.6, 123661, 0
55114, 117863, 0
58915.7, 45413.7, 0
47741.1, 119753, 0
15471.9, 51841.1, 0
30556.4, 69048.5, 0
19409.9, 45284.5, 0
41686.1, 1971.54, 0
310.879, 66370, 0
57994, 180598, 0
720.211, 56891, 0
1216.05, 66494.6, 0
27388.9, 112552, 0
177999, 24143.9, 0
51615.4, 87010, 0
42541.9, 29402.1, 0
48116.2, 86485.4, 0
41284.4, 64642.6, 0
43878, 108989, 0
36863, 87195.1, 0
46829.4, 204932, 0
45704.6, 34105.4, 0
17035.2, 63551.5, 0
90268.2, 113475, 0
51956.3, 31753, 0
47819.4, 32513.8, 0
25922.6, 124751, 0
59136.9, 70566.5, 0
7845.67, 99389.2, 0
7916.42, 63768, 0
50141.7, 34499.5, 0
60549.3, 65659.4, 0
28719.3, 20901.4, 0
97038.6, 73719.6, 0
76100.9, 165794, 0
64827.6, 216648, 0
9561.89, 169514, 0
42673.4, 75518.3, 0
27045.3, 89927, 0
4918.48, 47311.7, 0
49505.9, 40940, 0
19896.8, 48163.4, 0
22508.9, 21456.7, 0
11254.8, 66775.4, 0
106289, 86949.7, 0
7411.87, 25570.1, 0
2160.37, 41748.1, 0
11757.1, 47594.1, 0
61513.6, 91293.5, 0
21087.7, 90435.2, 0
30781.7, 109697, 0
47749.5, 72048, 0
18838.6, 67935.3, 0
16006.8, 5274.55, 0
5393.84, 28067.7, 0
46887.7, 83358.2, 0
63708.7, 36430.9, 0
20196.4, 18079.7, 0
50769.9, 145810, 0
3690, 44412.4, 0
66569.7, 91751.7, 0
32434.1, 23706.6, 0
22699.1, 28635.4, 0
79417.4, 89254.4, 0
22314.1, 69861.8, 0
108072, 45292, 0
12973.4, 79513.7, 0
12697.7, 102471, 0
151887, 47430.9, 0
33801.2, 34860.5, 0
23681.6, 50339.5, 0
124607, 34612.9, 0
82794.2, 82178.7, 0
23568.8, 21345.7, 0
62079, 148601, 0
112830, 83041.3, 0
52414.2, 59263.8, 0
35998.5, 147436, 0
106180, 111399, 0
33277, 108899, 0
63004.1, 92349.2, 0
71106.2, 63074.5, 0
147219, 28643.9, 0
35082.9, 80069.6, 0
19034.2, 77571.2, 0
28276.2, 63213.1, 0
1230.22, 83909.2, 0
11458.1, 67013.8, 0
72933.1, 45780.4, 0
25188.4, 46831.9, 0
13401.2, 64721.2, 0
63784.3, 72810, 0
19105.4, 75335.9, 0
46475.9, 43060.3, 0
77208, 37192.7, 0
37069.4, 52607.6, 0
63665.7, 124663, 0
45777.2, 97164, 0
9236.54, 57388.1, 0
21784.9, 25664, 0
24696.3, 77506.5, 0
38957.6, 110847, 0
1099.9, 99973.7, 0
18657.4, 16595.3, 0
30392.9, 100025, 0
8354.46, 82147.8, 0
134759, 56584.1, 0
74279.6, 56628.7, 0
62853.5, 104004, 0
26385.4, 54198.6, 0
29586.6, 41698.8, 0
45935.2, 114855, 0
84573.9, 43124.3, 0
40918.7, 118623, 0
18779.1, 67884.9, 0
104860, 35133.2, 0
27889.5, 102959, 0
48557.5, 124192, 0
49748.2, 57964.9, 0
17049.4, 37160.4, 0
15657, 58798.6, 0
57350, 33499.3, 0
33276.5, 36445.2, 0
37713.1, 44446.4, 0
145991, 65114.4, 0
27011.6, 77142.8, 0
39512.2, 42414.8, 0
72153.8, 128791, 0
9245.64, 32251.7, 0
98867.1, 29682.4, 0
52723.6, 82503.1, 0
78556.8, 62548, 0
12690.8, 96454.8, 0
28510.2, 66423.9, 0
2344.95, 72556.2, 0
78195.2, 92470, 0
54019.9, 72995.6, 0
19812.3, 9126.49, 0
21395.9, 70816.8, 0
49129, 36787.7, 0
18642.3, 74458.4, 0
88540.6, 92634.5, 0
54143, 100370, 0
19598.6, 107658, 0
13831.4, 41085.7, 0
25867.5, 15139.5, 0
23682.7, 105623, 0
25775.1, 64119, 0
113636, 143174, 0
40347.9, 55656.1, 0
23100.9, 34754.2, 0
42548, 115675, 0
60477.1, 41313.9, 0
34133.7, 100826, 0
48086.7, 78667.4, 0
10325.1, 101865, 0
167874, 26452.4, 0
76885.9, 69067.1, 0
47243.4, 65908.9, 0
35068.3, 109882, 0
24895.9, 27720.7, 0
13656.7, 78362.2, 0
18844.2, 102446, 0
74716.3, 51853.3, 0
122.832, 181231, 0
8970.43, 84260.2, 0
8977.15, 59461, 0
37161.9, 122498, 0
57133.3, 10141.5, 0
28558.9, 50775.6, 0
69232.8, 39193.4, 0
125214, 32628.3, 0
51009, 149388, 0
113006, 69550.4, 0
23132.3, 43035.8, 0
60472.4, 78247.8, 0
33987.3, 18317.9, 0
122797, 91078.7, 0
142102, 68375, 0
49814.5, 44041.4, 0
14474.8, 92567.5, 0
59867.5, 66483.4, 0
9660.79, 54452.1, 0
74369.7, 107226, 0
56878, 41027.6, 0
45655.5, 30951.6, 0
42773.2, 57528.1, 0
117191, 74103.5, 0
4780.7, 63163.8, 0
2131.46, 27876.1, 0
976.806, 81397.7, 0
17310.6, 30300.5, 0
41491, 82485.3, 0
10662.9, 47898.4, 0
34804.6, 154717, 0
57250.2, 108150, 0
37350.2, 58664.9, 0
16004.8, 42436.7, 0
26160.9, 82599.6, 0
8015.14, 53058.1, 0
24677.2, 117288, 0
50760.1, 80510.2, 0
33201.3, 53596.1, 0
51426.9, 119373, 0
41801, 78504, 0
12658, 71535.1, 0
128657, 58089.8, 0
14943, 111303, 0
38629.5, 63848, 0
77481.5, 167744, 0
74510.4, 34579.4, 0
45085.1, 89001.1, 0
36234.4, 74673.5, 0
38632.5, 129007, 0
101741, 119619, 0
42710.4, 49713.9, 0
38712.9, 118411, 0
9469.68, 78773.9, 0
85555.6, 70967.9, 0
36273.9, 108773, 0
111050, 111186, 0
24305.3, 26143.2, 0
14891.4, 77627.1, 0
82516.3, 74963.8, 0
109259, 152109, 0
71386.7, 158236, 0
58122.3, 66426, 0
36038.3, 92975.1, 0
65301, 67974.2, 0
55516.7, 80180.7, 0
90775, 68810.5, 0
2449.32, 163881, 0
78985.7, 54410.5, 0
82574.2, 9520.88, 0
57353.8, 118130, 0
19066, 174546, 0
79292, 63231.7, 0
105315, 14926.5, 0
28303.7, 96162.9, 0
20059, 97206.1, 0
87055.5, 30015.5, 0
85390.2, 23516, 0
13982.5, 85321.1, 0
29154.9, 72394.3, 0
3728.87, 137170, 0
58460.4, 119822, 0
160362, 85211.3, 0
70169.9, 83118, 0
24011.4, 126445, 0
61927.2, 68156.3, 0
26942.1, 41313.6, 0
66345.4, 130403, 0
1944.89, 113684, 0
14077.3, 64275.6, 0
17635.3, 68388.6, 0
3443.88, 114186, 0
54486.1, 64954.1, 0
4084.83, 151792, 0
52787.5, 23938.3, 0
29448.7, 144609, 0
27145, 84121.2, 0
3445.87, 23566, 0
59969.6, 45624.4, 0
20499.4, 74925.9, 0
44541.6, 82567.9, 0
413.364, 49210, 0
7099.11, 164812, 0
61082.6, 46186.7, 0
90889.7, 29196.3, 0
39462.9, 127738, 0
136089, 118155, 0
56296.3, 80129.7, 0
86800.8, 108087, 0
31081, 84368.1, 0
20772.1, 118792, 0
55284, 85272.9, 0
2359.31, 79760.3, 0
39650.2, 68229.6, 0
10470.3, 65487.8, 0
165413, 58792.9, 0
1529.39, 17937.8, 0
61732.3, 81129.3, 0
7512.95, 83885.5, 0
74156, 95071.3, 0
44383.7, 69111.3, 0
46597.6, 100118, 0
11475.5, 82196.8, 0
44695.9, 33785.7, 0
6689.56, 71166.8, 0
6463.84, 78704.5, 0
66824.2, 78953, 0
4532.19, 108017, 0
11252.5, 40083.9, 0
37161.8, 54481.9, 0
54543.4, 37716, 0
18272.4, 65270, 0
89796.8, 14464.5, 0
8424.98, 135952, 0
30663.8, 19599.3, 0
17637.5, 38882.5, 0
53653.9, 140651, 0
13581.6, 77296.5, 0
40043.6, 93818.7, 0
87567.8, 73585.5, 0
50407, 44906.8, 0
15141.7, 87132.8, 0
17409, 149246, 0
117613, 68074.2, 0
25272.8, 92287.4, 0
30316.7, 94295, 0
28376.5, 154020, 0
120864, 80166.6, 0
102456, 95406.2, 0
97613.1, 182435, 0
583.871, 140531, 0
17430, 22755.8, 0
88747.5, 53617.7, 0
30427, 57527.7, 0
102406, 71433.4, 0
29509.2, 2516.46, 0
85299.7, 139955, 0
91380.7, 121909, 0
91622.5, 41960.7, 0
34498.4, 119269, 0
64394.6, 78506, 0
18865.1, 124335, 0
16286.3, 37086.9, 0
101240, 135307, 0
73765.6, 71732.8, 0
38691.3, 58216.3, 0
38054.5, 99896.7, 0
33561.2, 89850, 0
56211.2, 45375.9, 0
58490, 61360.6, 0
61490.6, 120346, 0
26310.6, 120255, 0
52862.5, 125165, 0
97744.8, 118318, 0
45687.9, 57502.5, 0
14872.9, 119135, 0
141507, 25519.7, 0
41291.3, 41644.7, 0
5517.32, 76986.3, 0
70462.5, 85660.3, 0
32279.4, 150001, 0
21703.5, 198003, 0
7537.9, 38999.9, 0
7515.9, 174979, 0
11245.7, 33543, 0
58593.5, 60632.5, 0
36646.5, 140759, 0
55695.9, 126006, 0
11126.5, 91653.2, 0
10599.3, 114387, 0
51717.4, 96766.9, 0
23484.1, 88152.5, 0
29665, 38117.7, 0
1573.54, 57346.4, 0
38890.7, 67919.8, 0
1130.67, 40757, 0
145477, 54469.4, 0
91698.7, 58361.4, 0
77210.2, 127192, 0
100647, 116057, 0
116000, 77180.4, 0
7341.38, 40724.5, 0
18950.8, 42259.9, 0
38962.4, 101371, 0
45992.1, 26368.5, 0
44655.1, 48883.6, 0
24910.4, 32552.4, 0
66593.6, 49266.6, 0
60235.3, 157862, 0
7366.95, 60108.8, 0
50514.5, 25186.9, 0
50830.5, 50778.3, 0
11001.5, 70067.8, 0
31176.8, 110912, 0
841.007, 100325, 0
47613.7, 131709, 0
865.381, 30814.6, 0
92139.1, 22573.4, 0
56309.6, 142681, 0
21769.7, 53451.8, 0
100746, 104200, 0
64791.9, 151858, 0
38607.7, 39795, 0
146.358, 52848.5, 0
1089.7, 88328.3, 0
93529.1, 25647, 0
2595.3, 39171.1, 0
43989, 74200.8, 0
11391.9, 83115.3, 0
32997.7, 38526.3, 0
10249.8, 22689.2, 0
22088.5, 59323.4, 0
22362.3, 33365.6, 0
98028.1, 112459, 0
92726.8, 60846.5, 0
96763.1, 167704, 0
5627.17, 82449.6, 0
45841.5, 46860.9, 0
86542, 41629.7, 0
21385.2, 115777, 0
80030.1, 147140, 0
15374.9, 84558.9, 0
39550.9, 100771, 0
4946.48, 51999.6, 0
147011, 49140.3, 0
41395.4, 110680, 0
17315.3, 94771.9, 0
107634, 109340, 0
25746.2, 92133, 0
18700.1, 54362.3, 0
43076, 29509.2, 0
123964, 158418, 0
34202.5, 103599, 0
89488.2, 180075, 0
58794.6, 31403.2, 0
125486, 13879.4, 0
35406, 98701.9, 0
39925, 53353.5, 0
107133, 30894.7, 0
2158.68, 165547, 0
41216.7, 76458.9, 0
81971.7, 135992, 0
26644.3, 98159.1, 0
2003.17, 53015.2, 0
49078.2, 102109, 0
49761, 115108, 0
1063.26, 42285.3, 0
10471.6, 47226.6, 0
1760.31, 25655.9, 0
9466.38, 21306.1, 0
24722.9, 128920, 0
157284, 133887, 0
84264.4, 78835.6, 0
70340, 77618.7, 0
82424.3, 101649, 0
40654.4, 173248, 0
41116.7, 105524, 0
27165, 57877.6, 0
18758.6, 72220.3, 0
4457.24, 150962, 0
114116, 46569.2, 0
105224, 57167, 0
28490.2, 152680, 0
24342.2, 177338, 0
20806.6, 96659.7, 0
66942.1, 25560, 0
49300.9, 76387.4, 0
24472.5, 70799, 0
92778.7, 49032.1, 0
50379.3, 58629.8, 0
56519.1, 74947.6, 0
88136, 115175, 0
20431.8, 70833.4, 0
15170.4, 10093.6, 0
38487.7, 124269, 0
508.945, 71660.8, 0
40847.8, 10304.5, 0
20585.2, 74671.3, 0
113649, 30568.7, 0
47855.8, 52490.4, 0
4939.94, 37726.4, 0
780.806, 30645.3, 0
106146, 134530, 0
59284.8, 72554.1, 0
25818.2, 121863, 0
68261.9, 73309.2, 0
28445.3, 141764, 0
4574.37, 91259.9, 0
106439, 47605, 0
68091.6, 160766, 0
3421.68, 37053.3, 0
11437, 40045.2, 0
140623, 95505.2, 0
11307.5, 123211, 0
19344.8, 150835, 0
18694.6, 27908.5, 0
84011.7, 78526.4, 0
10948.3, 95054.2, 0
3516.59, 27813.9, 0
47772.9, 46537.2, 0
29246.2, 51239.2, 0
98976, 41541.8, 0
25889.1, 102625, 0
20063.7, 83131.6, 0
21727.7, 52872.2, 0
3310.86, 102950, 0
21089.2, 71412.8, 0
74161.4, 82642.5, 0
80199.1, 41532.9, 0
69762.8, 69774.4, 0
27495.8, 84238.5, 0
26117.8, 72376.9, 0
65127.6, 36833.1, 0
20466, 110220, 0
120781, 122444, 0
38875.6, 126681, 0
33607.5, 8938.86, 0
15721.2, 145996, 0
25056, 22734, 0
32680.2, 85149.5, 0
32479.3, 73706.8, 0
82688.6, 87149.9, 0
11043.7, 43607.7, 0
13003.2, 109699, 0
32869.8, 64922.9, 0
14607.6, 75791.4, 0
17824.8, 50249.9, 0
14997.1, 73906.9, 0
38316.4, 17267.7, 0
7415.79, 107631, 0
16741, 20094.9, 0
17406.6, 70390.8, 0
148933, 69424.6, 0
89948.8, 83393.7, 0
61944.9, 40274.3, 0
144575, 67569.2, 0
5825.64, 37676.6, 0
16826.2, 95807, 0
31490.1, 66927.2, 0
5163.29, 61695.4, 0
43823.2, 54307.9, 0
89550.5, 62992.5, 0
105954, 31101, 0
4753.18, 83429.6, 0
5450.07, 26430.8, 0
9052.97, 10072.3, 0
181273, 80081.3, 0
97105.2, 30979.3, 0
29732, 55754.7, 0
2047.99, 83888.2, 0
36147.3, 35451.7, 0
34907.6, 12107.9, 0
49925.6, 79342.5, 0
33425.2, 26233.7, 0
99104.6, 47641.3, 0
73332, 23182.6, 0
37395.9, 64683.7, 0
33741.2, 88142.4, 0
21092.7, 55054, 0
36065.8, 81009.9, 0
35628.7, 213276, 0
15427.6, 77707.4, 0
4871.72, 63652.5, 0
67125.9, 49665.3, 0
22106.8, 70194.6, 0
47124.7, 18519, 0
25151.2, 65292.1, 0
135313, 86100.1, 0
14457.8, 50348.1, 0
22023.5, 64246.7, 0
20378.3, 116763, 0
21634.2, 23947.3, 0
28173.2, 72444.1, 0
75048.1, 71918, 0
12137.6, 37026, 0
10004.9, 94924.7, 0
33660.1, 59896.3, 0
145632, 39780.9, 0
39043.2, 21352.7, 0
4686.64, 61793.7, 0
46547.6, 55726.4, 0
3437.74, 192801, 0
77733, 55065.7, 0
131475, 130802, 0
102961, 31891.9, 0
93243.3, 73727.2, 0
65474.8, 93058.4, 0
72310.2, 68976.9, 0
9452.16, 114142, 0
36216.2, 123917, 0
26522, 98573.5, 0
7596.93, 41660, 0
41498.1, 82816.2, 0
99232.8, 20040.8, 0
59376.1, 127869, 0
92488.4, 56463.8, 0
2639.78, 42403.5, 0
19936.7, 99222, 0
14356.2, 85339.9, 0
28979.6, 18309.1, 0
35855.5, 127407, 0
84665.4, 93131.9, 0
113208, 100768, 0
104626, 99923.4, 0
875.749, 128856, 0
65618.7, 73774.2, 0
21198.2, 75064.8, 0
40946, 68103.7, 0
3852.24, 146424, 0
15047.2, 176654, 0
48341.3, 75961.5, 0
79461.6, 109650, 0
103022, 91143.9, 0
44124.3, 89187.3, 0
71004.2, 45345.6, 0
83337.2, 22264.4, 0
5714.48, 113709, 0
72202.4, 44543.1, 0
13508.2, 42304.4, 0
75966.6, 157408, 0
83598.6, 77183.4, 0
40700.7, 52247.4, 0
62548.5, 66654.5, 0
47939.2, 46313.9, 0
158982, 53028.2, 0
114438, 190847, 0
29707, 23761.7, 0
24076.4, 81890.7, 0
4560.62, 109888, 0
35921.8, 99526.1, 0
34504.6, 72494.4, 0
12332.3, 159717, 0
95704.4, 80243.3, 0
74412.2, 77371.1, 0
8818.99, 83762.5, 0
42816.1, 60710.9, 0
53785.9, 177603, 0
56094.3, 147871, 0
25664.6, 109906, 0
5756.11, 34698.9, 0
57637.9, 115728, 0
72983.8, 90792.6, 0
81616.2, 108671, 0
36303, 75668.3, 0
52576.1, 68367.9, 0
29966.3, 79774.2, 0
27817.4, 47628.6, 0
25312.9, 49423.7, 0
48295.2, 64006.7, 0
67903.1, 101462, 0
7322.52, 58799.6, 0
25674.7, 87378.9, 0
17815.1, 10013.9, 0
46601, 130306, 0
31735, 10649, 0
30520.6, 60818.9, 0
47673.4, 57834.3, 0
100358, 17289.4, 0
68088.6, 52344, 0
47728.9, 41026.7, 0
21267.5, 99537, 0
14028.9, 97048.7, 0
142369, 32487.8, 0
6189.6, 142734, 0
10315.2, 46652.5, 0
5894.44, 39548.6, 0
82985.2, 114525, 0
12304.9, 47064.1, 0
25534.4, 40714.1, 0
5585.59, 172870, 0
85896.9, 56506.4, 0
81349.7, 130375, 0
11988.3, 92038.5, 0
17577.6, 33640.1, 0
71694.9, 100936, 0
13110.3, 109000, 0
76076.6, 86988.4, 0
38904.8, 104494, 0
32048.1, 22834.8, 0
19634.7, 54310.5, 0
96112.1, 73904, 0
57714.1, 78859.3, 0
31604, 51376.5, 0
64510.4, 93773.8, 0
32468.6, 68522.5, 0
85573.6, 74123.2, 0
46652, 47063.4, 0
23181.1, 83195, 0
38640.3, 33027.2, 0
51505.6, 93395.6, 0
45084.4, 19912, 0
36397.6, 111116, 0
125183, 10539.3, 0
19919.7, 84751.2, 0
7650.88, 64155.4, 0
78990.6, 90840, 0
2069.52, 67525.2, 0
98853.7, 139618, 0
64485.8, 63459.2, 0
94498.3, 76155.9, 0
42442.4, 149532, 0
28804.1, 63004.7, 0
3278.35, 33428.6, 0
105718, 21837.8, 0
65113.4, 115202, 0
88964.2, 67889, 0
30846.3, 98536.6, 0
11447.5, 67951.5, 0
44060.1, 110610, 0
9546.49, 93946, 0
26640.9, 80001.6, 0
10602.2, 21677, 0
7135.73, 132900, 0
73770.2, 35807.3, 0
45648.3, 49631.7, 0
146481, 26220.6, 0
1403.14, 71839.4, 0
50383.8, 110815, 0
39821.6, 44705.9, 0
28146.9, 63845.7, 0
33246.9, 139540, 0
39330.5, 83055, 0
97629.7, 27386.7, 0
54065.5, 112012, 0
104895, 151606, 0
85835.8, 73041.3, 0
53323.2, 54761.5, 0
6322.11, 123949, 0
35391.4, 94343.7, 0
18423.8, 51591.5, 0
29471.3, 104003, 0
18969, 43847, 0
25281.4, 128961, 0
20468.8, 97433.5, 0
28205, 155647, 0
22810.7, 74547.6, 0
74042.6, 113822, 0
25429.9, 45293.5, 0
66084.2, 141428, 0
49527.7, 85398.9, 0
146288, 16839.3, 0
7311.76, 123269, 0
19661.6, 100113, 0
26815.3, 85408.8, 0
33919.8, 49261.9, 0
66671.5, 129268, 0
27990.3, 138169, 0
2206.04, 93791.9, 0
141090, 102796, 0
41394.5, 52395.8, 0
37174, 53450.7, 0
93804.2, 22397.9, 0
38949.5, 143805, 0
33957.9, 46248.9, 0
58364.2, 126209, 0
134432, 95985.7, 0
64750.3, 127058, 0
13515.7, 117672, 0
78958.3, 148285, 0
15799.8, 55549.1, 0
68388.3, 54707.2, 0
44952.9, 85966.2, 0
52669.5, 130443, 0
62044.7, 61574.5, 0
21594.8, 116161, 0
63652.3, 87689.6, 0
66454.8, 40325, 0
30978.1, 174472, 0
2368.12, 43470.1, 0
21224.3, 68653.4, 0
40439.5, 70088.9, 0
15574.3, 43205.7, 0
24558.9, 101111, 0
25908.8, 52141.2, 0
65581.5, 130400, 0
15524.8, 98198.4, 0
55415.3, 49234.1, 0
5420.22, 131343, 0
83278.6, 55766.7, 0
33715.4, 35850.4, 0
11245.7, 133961, 0
49511.2, 43354.5, 0
67203.3, 59528.1, 0
88726.3, 42445.1, 0
68014.4, 43746.5, 0
12186, 47868.5, 0
147723, 81673.7, 0
45296.1, 20436.6, 0
56534.6, 50055.6, 0
20098.2, 55147.9, 0
48926, 187545, 0
44729.6, 48425.4, 0
86367.7, 68781.4, 0
10328.3, 90753.6, 0
5323.13, 35318.6, 0
1499.34, 27922.4, 0
13119.8, 165034, 0
8754.73, 56396.4, 0
107022, 91258.1, 0
25436.2, 40036.4, 0
50832.6, 3810.53, 0
109907, 117526, 0
51214.7, 26327.7, 0
24786.9, 106706, 0
6731.26, 47134, 0
85937.2, 15343.4, 0
8996.96, 155716, 0
49324.1, 43772.7, 0
58048.9, 83493.2, 0
32864.3, 114873, 0
11323, 77637, 0
92007.3, 116608, 0
53873.6, 97891.8, 0
68356.1, 92635.7, 0
26384.2, 19033, 0
39542.7, 64617.8, 0
98014.3, 27881, 0
61588.5, 42810.8, 0
106427, 132722, 0
42950.3, 34186.9, 0
23516.5, 193029, 0
4591.59, 160704, 0
14559.6, 59903, 0
100100, 162519, 0
132344, 46961.1, 0
23080.1, 90648.4, 0
18634.6, 122509, 0
37446.2, 43589.2, 0
139397, 165727, 0
18341, 61587.8, 0
57126.8, 31360.6, 0
61186.2, 105816, 0
23768.7, 49778.1, 0
14274.9, 63819.6, 0
87387, 42353.4, 0
61137.2, 27518.1, 0
39554.7, 60364, 0
46996.2, 54364.5, 0
17210.7, 69566.2, 0
22969.4, 63603.4, 0
45283.7, 129037, 0
24746.4, 97686.2, 0
7195.47, 22348.7, 0
45886.4, 98756.4, 0
7258.54, 53702.4, 0
23552.7, 101608, 0
34387.8, 24878.4, 0
73372.9, 106654, 0
153845, 49756.2, 0
103741, 30274.9, 0
45180.5, 136505, 0
4678.05, 165316, 0
85920.5, 97664.7, 0
23623.7, 55897.3, 0
13574.8, 69452.3, 0
22784, 87714.4, 0
37556.2, 91806, 0
13565.1, 34576.6, 0
21090.9, 77455.4, 0
114619, 27309.5, 0
22937.8, 94901.2, 0
25114.1, 88824, 0
50953.7, 80661.3, 0
54994.3, 13930.2, 0
68775.4, 23261.2, 0
59481.6, 67624.6, 0
77815.9, 138816, 0
20.5204, 67994.1, 0
39570.2, 30732.1, 0
10276.4, 72120.9, 0
6795.39, 32379.4, 0
44030.5, 49388.4, 0
43671, 38860.1, 0
39921.3, 28885.4, 0
82241, 36083.1, 0
21038.6, 68311.9, 0
36732, 81111.2, 0
57922.7, 92197.7, 0
86372, 53654.3, 0
3288.47, 9593.91, 0
28066.3, 74941, 0
66260.6, 93725.5, 0
41641.6, 22785.2, 0
65166.2, 63181.8, 0
50731.1, 93357.9, 0
20272.1, 120848, 0
6827.07, 54499.7, 0
18367.5, 29186.7, 0
72223.2, 79611.3, 0
28224.7, 49154, 0
171008, 77730.6, 0
19831.6, 58536.3, 0
78098, 113499, 0
10045.4, 77660.5, 0
64876.7, 13052.1, 0
50891.9, 39935.8, 0
11742.1, 106259, 0
15933, 93335.7, 0
47735.3, 89320.6, 0
41604.8, 31123.7, 0
30620.1, 44403.7, 0
80100.5, 48996.6, 0
27502.5, 30722, 0
10627.3, 40334.3, 0
94415.3, 99004.9, 0
130317, 153400, 0
87022.2, 152732, 0
17934, 97605.3, 0
153136, 59640.3, 0
77983.6, 54188.1, 0
37909.4, 94652.4, 0
10278.6, 83923.6, 0
56718, 55877.2, 0
52206, 76241.6, 0
34736.2, 116808, 0
1575.45, 93062.8, 0
33405.4, 31965.8, 0
39099.8, 88921.3, 0
96201.5, 80383.7, 0
62990.4, 75758.3, 0
3238.75, 23018.6, 0
61003, 119912, 0
39018.3, 86881.6, 0
31757.4, 57232.9, 0
49908.2, 30780.4, 0
16956.7, 78452.8, 0
124781, 126616, 0
46246.1, 44603.4, 0
1811.98, 161258, 0
66340.8, 56374.7, 0
65993.4, 45894, 0
83950.4, 154332, 0
6529.98, 153514, 0
19261.1, 106824, 0
37792, 73504.5, 0
14282.7, 38502.2, 0
2168.16, 64180.6, 0
32855.5, 68007.1, 0
19482.4, 95994.9, 0
3443.58, 43324.2, 0
15571.4, 59655.2, 0
7031.93, 124535, 0
18204.3, 41074.7, 0
27319, 73430.8, 0
2463.3, 135440, 0
43324.7, 121169, 0
16523.3, 107592, 0
16572.6, 130549, 0
66032.8, 188906, 0
127439, 106961, 0
18182.6, 76657.5, 0
39099.4, 29749.8, 0
55485.6, 108473, 0
150396, 104829, 0
102894, 36585.4, 0
26577.2, 99510.5, 0
92494.4, 45603.2, 0
32133.4, 4451.31, 0
86736.4, 23871, 0
14534.6, 27544.3, 0
13703.5, 85633.6, 0
41255.6, 44335.4, 0
8441.59, 103581, 0
49327.3, 64921.6, 0
34541.6, 66068.5, 0
25861.9, 126353, 0
42808.3, 44038.1, 0
15065.3, 83283.2, 0
65353.3, 143254, 0
87880.9, 21883.9, 0
71185.8, 70072.8, 0
57428.4, 46143.3, 0
29594.6, 196586, 0
36613.1, 54354.2, 0
25714.6, 87294.2, 0
105401, 107857, 0
52818.8, 90540.4, 0
79235.2, 97025.8, 0
37908.8, 176234, 0
121183, 136794, 0
92651, 55333.7, 0
54642, 97875.2, 0
34541.9, 148600, 0
7138.94, 21191.6, 0
53988, 12863.6, 0
18941.8, 120535, 0
2825.65, 90398.5, 0
39714.2, 69568.7, 0
68775, 97900.1, 0
116642, 100323, 0
114672, 33196.4, 0
35248.2, 64905.8, 0
30993.6, 69234.9, 0
52070, 78484.2, 0
736.431, 26844.2, 0
36862.6, 99063.7, 0
111175, 30081.7, 0
45097.8, 91534.4, 0
98901.3, 63777.9, 0
33694.8, 105459, 0
135279, 107889, 0
12452.1, 49865.8, 0
103985, 140899, 0
3847, 13765.9, 0
55316.4, 36772.4, 0
23084.6, 189071, 0
46844.1, 86891.7, 0
95748.2, 134783, 0
10891.1, 82771.6, 0
129360, 148189, 0
107092, 163150, 0
23507.2, 61194.9, 0
76691.6, 122070, 0
102823, 100368, 0
44320, 78401.3, 0
44392.8, 115017, 0
30694.6, 75789.7, 0
65448.8, 14035.8, 0
10365.3, 68468.5, 0
76710.6, 94954.2, 0
84529, 63584.6, 0
37129, 49040.9, 0
20553.7, 24592.6, 0
73052.9, 51605.2, 0
21843.3, 75649.6, 0
26985.3, 17259.1, 0
8710.86, 47263.2, 0
6460.85, 58813.4, 0
3581.02, 71894.7, 0
124862, 22850.6, 0
45028.4, 68852.8, 0
16366.7, 35898.5, 0
15225.1, 65623, 0
133250, 49354, 0
31080.9, 48666.9, 0
14715.3, 55556.5, 0
82861.2, 106751, 0
68183.7, 88701.4, 0
951.888, 84999.8, 0
2639.82, 58024.7, 0
23476.8, 63305.6, 0
80047.9, 88148.2, 0
91810.5, 154397, 0
86744.3, 83110.8, 0
130825, 56438.9, 0
10121.1, 154229, 0
6610.59, 4791.53, 0
16650.4, 39814.9, 0
22935.8, 151659, 0
88946.2, 65816.2, 0
29607.5, 56437.8, 0
167065, 53437.8, 0
156428, 68617.2, 0
21143, 106567, 0
54284.5, 49329.2, 0
128914, 93944.5, 0
52391.4, 61671.4, 0
52552.7, 43941.5, 0
87047.7, 86566.4, 0
11219.8, 67942.2, 0
9177.01, 39045.8, 0
34402.3, 107349, 0
18837.9, 79074.5, 0
80797.3, 113916, 0
28859.3, 83037.4, 0
27364, 151315, 0
72730.8, 120505, 0
80043.1, 110228, 0
25747.9, 109220, 0
23317.6, 12746.7, 0
3985.1, 100029, 0
40139, 71945.8, 0
96914.4, 101753, 0
29933.7, 67710.1, 0
5187.52, 225714, 0
17331.7, 70533.1, 0
40305.8, 62083.6, 0
62581.8, 87424.3, 0
3745.9, 70899.1, 0
37756.5, 54611.7, 0
66673.4, 112624, 0
63894.1, 22686.1, 0
62596.4, 78760.4, 0
33494.3, 62826.6, 0
36119.6, 32267.4, 0
60751.6, 101202, 0
54833.7, 82534.2, 0
89648.4, 46381.6, 0
74586.5, 26727.7, 0
1096.59, 134133, 0
926.461, 61695.9, 0
59812.1, 77964.6, 0
54368.5, 50441.8, 0
31333.3, 79709, 0
53844.2, 112288, 0
23724.8, 55339.5, 0
16907.6, 107200, 0
15783.5, 33047.7, 0
17490.5, 52429.2, 0
32758, 155698, 0
59918.3, 34780.6, 0
129.918, 77285.4, 0
18608.8, 53320.2, 0
126687, 74398, 0
42756.4, 48084.3, 0
100227, 109902, 0
62871.8, 21481.7, 0
4772.01, 65947.7, 0
37619.1, 128576, 0
30930.2, 146453, 0
3703.41, 69050.5, 0
117861, 108166, 0
1318.32, 21606.8, 0
9135.64, 13704, 0
19329.8, 44836.2, 0
41465.6, 88175.2, 0
33595.2, 40104.2, 0
46550.3, 79551.8, 0
31952.7, 80054.7, 0
3718.73, 99091.4, 0
13812, 96191.1, 0
162.16, 62526.7, 0
81116.5, 78591.7, 0
92444, 24616.3, 0
26672.1, 63005.4, 0
66503.7, 100298, 0
29735.6, 127386, 0
11993, 58576.6, 0
69904.2, 31311.5, 0
43770, 49136.9, 0
3348.3, 61133.5, 0
1785.04, 95151.7, 0
30871.8, 124927, 0
96744.5, 46203.6, 0
36053.9, 164929, 0
134773, 75361.4, 0
55361.2, 154409, 0
68047.7, 68589.6, 0
79997.1, 87454.1, 0
18659.4, 142911, 0
14979.4, 44348.2, 0
120195, 86151.1, 0
32301.4, 22058.9, 0
36363.3, 45172.1, 0
1510.5, 124784, 0
46836.2, 57424.1, 0
11194.9, 50586.1, 0
14118.1, 29883.2, 0
79678.1, 57604.1, 0
49215.8, 78086.4, 0
29751.6, 87001.1, 0
1840.47, 88828.3, 0
52435.9, 78170.9, 0
76166.5, 91661, 0
40613.4, 86309.9, 0
11146.1, 95855.3, 0
4253.21, 41048.3, 0
78033.4, 48774, 0
24579.6, 60238.3, 0
44607, 45738.8, 0
102236, 171039, 0
75631.4, 192624, 0
24921.6, 135881, 0
3290.02, 98176.1, 0
79739.7, 84676.2, 0
7470.15, 23019.8, 0
86726, 64599.5, 0
19733.5, 22969, 0
39385.2, 54743, 0
69576.4, 56388.3, 0
68805.8, 80476.5, 0
4832.59, 69615.5, 0
45184.4, 80138.8, 0
2151.54, 109238, 0
42974.9, 94364.5, 0
93801.4, 114771, 0
74956.3, 23292.5, 0
141977, 169387, 0
8439.69, 49548, 0
30357.9, 79846.7, 0
99100.4, 120029, 0
23281.9, 125342, 0
11854.1, 97670, 0
18090.3, 137267, 0
11579.7, 89769.8, 0
82592.6, 134364, 0
125752, 128716, 0
14382.4, 64960.1, 0
91011.4, 88588.7, 0
33548.8, 21392.9, 0
10104, 166612, 0
46320.2, 48036.9, 0
39255.2, 73337.3, 0
6893.41, 78911.9, 0
22882.8, 73758.8, 0
26041.8, 82198.5, 0
27793.7, 31719.4, 0
32851.6, 34830.6, 0
55641.8, 92775.8, 0
10663.5, 11575.3, 0
52325, 77455.5, 0
47981, 95521.8, 0
33056.8, 114957, 0
54136.9, 158220, 0
8827.61, 102933, 0
18587.3, 88984.4, 0
60865.9, 79376.5, 0
61044.8, 134203, 0
63633.7, 53239, 0
20506, 114799, 0
1157.35, 74562, 0
59199.5, 78562.8, 0
41163.7, 31349, 0
55570.5, 46173.3, 0
2198.27, 101118, 0
140770, 12199, 0
108992, 57195, 0
140480, 111303, 0
9841.61, 43558.3, 0
74966.2, 54410.4, 0
52240.7, 6835.58, 0
13800.5, 32654.3, 0
1075.61, 115281, 0
43938, 54373.1, 0
20653.9, 155438, 0
30282.5, 160039, 0
2161.03, 38790.9, 0
97067.2, 17384.8, 0
2393.7, 46683.3, 0
19868.4, 86089.4, 0
23330.8, 106646, 0
29150.8, 44591.5, 0
85613.1, 39692.2, 0
36038, 107926, 0
40169.4, 49339.4, 0
3744.55, 52015.4, 0
7415.29, 150127, 0
12200, 182627, 0
27700.8, 27565.8, 0
61510.3, 82257.2, 0
6328.52, 73039.2, 0
86941.4, 96629.4, 0
46500, 63390.1, 0
16210.4, 26477.2, 0
49541.4, 43585.6, 0
67203.1, 55011, 0
18428.8, 73190.3, 0
80432.5, 67373.7, 0
62990.7, 36436.1, 0
2008.86, 35840.6, 0
29226.9, 82961.5, 0
30040.3, 70111, 0
55823.7, 39632.3, 0
6498.48, 42730.8, 0
19661.4, 178857, 0
128135, 84698.3, 0
31346.8, 75764, 0
85456.7, 145011, 0
14036.8, 46991.6, 0
6960.2, 65373, 0
67727.1, 73469.2, 0
68472, 145359, 0
104040, 44775.9, 0
109855, 10595.3, 0
22721.7, 33041, 0
29370.5, 47798.1, 0
140972, 97471.5, 0
34495.2, 12901.4, 0
5909.65, 55185, 0
56037.8, 124549, 0
64908, 76947.6, 0
108109, 108459, 0
149597, 61935.1, 0
56214.7, 60407.9, 0
75426.9, 40699, 0
42061.9, 63776.4, 0
30687.2, 211438, 0
81538.5, 65353.5, 0
41751, 6198.44, 0
57999.2, 53933.9, 0
100955, 98760.5, 0
35784.3, 52360.7, 0
36599, 77053.2, 0
3020.73, 120860, 0
14878, 76065.8, 0
90975.7, 133965, 0
79145.5, 120428, 0
32807.6, 86932.8, 0
6106.35, 75227.6, 0
51367.1, 46502, 0
73222.2, 51912.6, 0
45592.4, 51909.5, 0
20329.7, 86500.9, 0
36965.9, 32968.4, 0
40516.5, 50466.7, 0
43164.4, 65660.8, 0
40625.9, 8017.94, 0
55482.2, 121916, 0
58425.9, 95958.8, 0
12080.4, 50583.4, 0
49424.5, 64091.4, 0
2960.12, 72879.8, 0
97285.5, 113880, 0
92138.1, 83317.1, 0
80250.7, 36999.7, 0
21839.8, 51189.1, 0
23470.8, 51747.8, 0
43486.8, 70956.2, 0
49966.6, 183883, 0
70856.5, 72127, 0
20340.2, 83616, 0
12810, 94609.7, 0
138416, 70387.4, 0
81490.4, 84102.9, 0
38008.8, 99239.9, 0
48626.3, 25285.8, 0
6579.45, 85187.3, 0
32910.8, 112832, 0
12277.4, 113673, 0
40799.4, 159930, 0
19956.7, 83715.3, 0
1438.42, 166844, 0
3473.65, 34473.5, 0
73374.4, 122967, 0
55649.6, 50426.8, 0
71400, 91392, 0
166406, 121320, 0
61107.3, 72032.5, 0
29929.2, 27989.7, 0
81198.9, 28152.8, 0
16955.6, 80650.8, 0
53008.1, 19667.8, 0
79878.1, 55921.4, 0
78008.4, 78951, 0
24216.5, 35793.2, 0
24495.1, 39901.5, 0
92699.9, 36434, 0
24831.8, 76387.2, 0
143551, 142148, 0
9155.43, 55007.5, 0
18389.7, 85453.6, 0
50877.8, 109201, 0
40142.1, 169461, 0
20580.1, 108686, 0
40099.4, 135489, 0
7249.53, 112583, 0
66771.9, 39883.5, 0
6763.3, 145710, 0
50932.4, 109573, 0
19340.6, 6978.16, 0
101057, 61748.4, 0
112062, 87546.3, 0
9586.33, 69129.8, 0
8105.5, 115970, 0
37067.5, 64276.9, 0
48201.7, 62875.7, 0
43500.1, 118757, 0
60462.7, 60440.4, 0
36860.9, 2770.77, 0
38519.6, 124330, 0
80936, 104991, 0
40519.5, 7578.04, 0
25127.4, 59999.9, 0
135608, 42887.9, 0
29320.8, 27090.3, 0
32219, 134881, 0
123334, 145486, 0
94304.1, 57348.6, 0
31135.7, 113771, 0
35726.7, 36060.1, 0
91495.7, 38136.4, 0
5323.62, 43906.5, 0
118691, 53517.2, 0
13151.9, 68798, 0
49342.6, 132721, 0
5553.38, 13040.7, 0
39940.7, 150847, 0
74525.6, 52183.1, 0
41097.7, 62084.1, 0
27301.8, 64668.8, 0
7849.54, 80440.8, 0
79720.5, 115599, 0
123067, 148305, 0
20342.4, 51249.1, 0
9921.89, 149009, 0
49502.6, 26483.9, 0
2342.73, 149330, 0
15121.3, 129226, 0
29351.3, 52093.7, 0
90839.9, 71727.5, 0
7483.68, 110510, 0
85110.6, 74448.9, 0
74562.8, 38473.2, 0
60943.3, 153852, 0
1695.98, 123103, 0
86056.5, 36842.4, 0
38118.5, 28910.1, 0
29637, 65180.3, 0
22047.7, 72678.7, 0
45690, 54830.6, 0
17014.9, 104857, 0
40113.8, 91623.2, 0
120236, 175963, 0
45800.3, 87118.1, 0
77739.2, 137134, 0
17435.4, 89882.8, 0
19774, 66750.8, 0
926.787, 174702, 0
21922.7, 47410.2, 0
42626.6, 22193.5, 0
21039.4, 106807, 0
24036.9, 105009, 0
6058.3, 16341, 0
103781, 113539, 0
64965.1, 55299.7, 0
138470, 53818.7, 0
16572.6, 34810.9, 0
23788.1, 6367.59, 0
3888.13, 33509.3, 0
48861.4, 44401.1, 0
110178, 90363.6, 0
89644.5, 54108.8, 0
8489.02, 39444.6, 0
16110.9, 26503.1, 0
13350.5, 42100.5, 0
8321.24, 3728.02, 0
44979.7, 74662.9, 0
74326.9, 50877.9, 0
79693.7, 67301.8, 0
28561, 6298.78, 0
9288.3, 41009.2, 0
44128.3, 63121, 0
72216.5, 59354.5, 0
16016.2, 73219.5, 0
30572.4, 82731.3, 0
13322.6, 73605.7, 0
29507.2, 198746, 0
26743.7, 26549.1, 0
50796.8, 91451, 0
53182.9, 108034, 0
11889.5, 92983.1, 0
3640.06, 35067.1, 0
4539.69, 56399.3, 0
40257.2, 16665, 0
1660.61, 23442.4, 0
73028.4, 93600.2, 0
32054.8, 68363.7, 0
58334, 97100.2, 0
31574.8, 41895.6, 0
35217.1, 141571, 0
23421.3, 130639, 0
62493.1, 114489, 0
103625, 152212, 0
68008, 123718, 0
87277.6, 58789.2, 0
109000, 142594, 0
13791.2, 158759, 0
130824, 142446, 0
85223.3, 119855, 0
47639.3, 22602.4, 0
55686, 86586.7, 0
77025.5, 86702.1, 0
20994, 41288.8, 0
4365.67, 72639.3, 0
82119.3, 72582.3, 0
85809.1, 135209, 0
51374.5, 59968.5, 0
42721.7, 59925, 0
62760.7, 111960, 0
977.978, 128271, 0
66570.2, 103130, 0
22780.5, 56836.6, 0
30587.1, 140238, 0
3129.02, 46913.5, 0
138448, 88891.5, 0
8153.3, 40524.4, 0
36154.1, 51217.3, 0
69528.3, 163918, 0
10801.4, 137742, 0
150380, 65962.8, 0
17341, 32294.6, 0
9108.96, 83016.6, 0
23841.1, 107193, 0
50776.6, 118109, 0
52698.9, 101664, 0
112982, 19317.9, 0
113699, 160659, 0
66949.1, 103207, 0
144862, 74129.9, 0
32536.5, 28647.2, 0
52389.1, 21171.6, 0
23254.5, 18626.3, 0
16342.6, 127009, 0
59591.2, 44748.7, 0
60005.6, 27344.8, 0
68616.6, 112339, 0
62112.5, 65565.3, 0
65907.1, 103878, 0
36618.8, 59387.4, 0
23373.1, 165892, 0
60556.6, 67710.5, 0
11872.6, 197018, 0
5921.27, 89405, 0
47896.1, 86771.8, 0
138849, 30959.1, 0
86064.3, 90014.9, 0
34781.8, 16312.2, 0
7413.05, 93894.9, 0
10110.8, 63652.9, 0
16703.2, 76582.4, 0
788.845, 63968.4, 0
109116, 95945.1, 0
36412.8, 50120.2, 0
48476, 74140.4, 0
152645, 209800, 0
34103, 124800, 0
4135.34, 65438.3, 0
104453, 84589.5, 0
81698.4, 4743.97, 0
120236, 85450.2, 0
46556.5, 74898.6, 0
28406.5, 87711.3, 0
20386.6, 64271.7, 0
92294.2, 78965, 0
23440, 64459.9, 0
112632, 80930.2, 0
6046.61, 79243, 0
6469.23, 79655.8, 0
132525, 15456.8, 0
74542.5, 26271.5, 0
47435.5, 3334.74, 0
24658.6, 125707, 0
470.993, 66870, 0
36105.6, 98172.8, 0
100611, 54992.1, 0
31155.7, 39827.1, 0
18515, 124870, 0
129764, 35411.7, 0
30938.4, 72818, 0
9593.87, 50269.8, 0
24594.4, 100106, 0
26360.5, 57391.1, 0
102539, 103155, 0
9251.21, 103306, 0
16737, 127062, 0
8166.38, 96637.6, 0
18266.5, 88106.1, 0
8857.82, 112834, 0
58006.4, 55630.6, 0
37837.9, 67357, 0
110649, 99108.8, 0
81214.5, 60348.3, 0
44473.9, 42564.8, 0
53121.7, 143597, 0
50690, 95519.2, 0
45939.8, 101202, 0
23815.7, 40194.4, 0
40326.5, 52300.5, 0
41395.5, 22343.8, 0
64852.8, 60927.9, 0
48196.1, 130502, 0
3708.12, 85159.3, 0
6942.02, 61401.7, 0
18564.9, 53151.9, 0
45245.5, 97508.6, 0
93837.9, 96071.2, 0
46911.4, 117012, 0
43367.2, 22894.6, 0
34490.8, 222988, 0
9764.54, 101195, 0
18504.7, 61957.9, 0
27947.1, 71721.5, 0
40368.5, 115203, 0
1570.09, 48782.5, 0
24670.3, 84199.7, 0
10012.7, 77049.5, 0
24049.8, 66647, 0
122673, 179870, 0
101570, 54083, 0
45679.3, 160037, 0
8155.91, 77534.4, 0
41003.5, 54477.6, 0
128546, 175233, 0
25015.8, 158000, 0
5562.83, 77731.5, 0
8077.15, 32013.9, 0
93039.1, 74218.4, 0
67062.2, 106973, 0
60439.9, 128510, 0
104402, 32865.7, 0
80791, 134096, 0
121561, 57506.3, 0
74723.4, 59175.4, 0
39708.4, 71562.6, 0
37204.2, 40161.5, 0
11557.2, 38661.9, 0
101068, 65004, 0
23008.5, 84507.6, 0
76929.4, 94308.6, 0
17261.1, 66441.2, 0
69698.5, 75845.5, 0
16783, 59987.2, 0
59602.9, 25544.4, 0
89044.8, 76167.7, 0
47456.6, 36975.2, 0
3511.11, 39569.1, 0
28092.9, 84980.4, 0
116341, 57503, 0
65668.2, 63044.2, 0
121037, 68286.2, 0
23518.5, 44213.5, 0
120686, 73661, 0
83578, 50549, 0
