30115.9, 363320, 0
243323, 119388, 0
68328.4, 43435.9, 0
187591, 147924, 0
137808, 317810, 0
187147, 164253, 0
173466, 83278.3, 0
140965, 29312.3, 0
324119, 92831.5, 0
106187, 27437.2, 0
46358.7, 143765, 0
111358, 98558.7, 0
105630, 96981, 0
183279, 63907, 0
128708, 67844.2, 0
189239, 35545.4, 0
234840, 156210, 0
86971.4, 109504, 0
76324.7, 135304, 0
52746.2, 265657, 0
184476, 28615.8, 0
37840.2, 41372.2, 0
140457, 83705, 0
73453.7, 273387, 0
213800, 200059, 0
48011.4, 48227.8, 0
263752, 120542, 0
133870, 202613, 0
207793, 78455.8, 0
164063, 95998.7, 0
14934.4, 76349.9, 0
196580, 244377, 0
190110, 51834, 0
67383.1, 174734, 0
115565, 149287, 0
55936, 89487.8, 0
141206, 213188, 0
68334.8, 58419.2, 0
77685.7, 18668, 0
187909, 56442.9, 0
42079.4, 136518, 0
45413.7, 180874, 0
51655.6, 190365, 0
233553, 99771.5, 0
94498.3, 311424, 0
131428, 89645.2, 0
86876.2, 281500, 0
167978, 189480, 0
53290.8, 88966.1, 0
109425, 86652.9, 0
17381.3, 90589.7, 0
133094, 85242, 0
132512, 90068.8, 0
271039, 173207, 0
60359.5, 52296.2, 0
198786, 50142.3, 0
55480.4, 77866.5, 0
191466, 129109, 0
54467.1, 74937.6, 0
58151.6, 87882.2, 0
102327, 23586.8, 0
103992, 69595.6, 0
166999, 158848, 0
82671.5, 37546.3, 0
64519.2, 96367.7, 0
109828, 81606, 0
79736.2, 25896.3, 0
88342.8, 90262.5, 0
7880.82, 170094, 0
119770, 31650.5, 0
94606.5, 175554, 0
131898, 95735.2, 0
221858, 164765, 0
29000.1, 40389.1, 0
209700, 56372.7, 0
28416, 168746, 0
148075, 86253.3, 0
263989, 168092, 0
169337, 110351, 0
152316, 136929, 0
144491, 154132, 0
242629, 147392, 0
42680, 176264, 0
163481, 281573, 0
259277, 87374.4, 0
20316.4, 82840.6, 0
100359, 115220, 0
76097, 135097, 0
89601.6, 166096, 0
161614, 58775.8, 0
138142, 162251, 0
157377, 207235, 0
204250, 45813.9, 0
158439, 91669.7, 0
37000, 89876.4, 0
112857, 38626.5, 0
50048, 78122.7, 0
206729, 128541, 0
178998, 152128, 0
214857, 66794.9, 0
122885, 89407.5, 0
116689, 90990.7, 0
40703.1, 214011, 0
97325.6, 31585.3, 0
128927, 68617.1, 0
55581.3, 170780, 0
48453.3, 173241, 0
125119, 132919, 0
99121.3, 151119, 0
44165, 79094.1, 0
64739.6, 112094, 0
236494, 252573, 0
92105.6, 44064.7, 0
176841, 108579, 0
211014, 130067, 0
34353.2, 63125.9, 0
205983, 103923, 0
102846, 92703.5, 0
85841.7, 138228, 0
84496.7, 28045.5, 0
12430.6, 145695, 0
67984.4, 68826.4, 0
106965, 171854, 0
84136.5, 24089.8, 0
47407.5, 259456, 0
74776, 118497, 0
16079.1, 181595, 0
104381, 64504.2, 0
68551.8, 84099.8, 0
187150, 37452.5, 0
223971, 166214, 0
221021, 176928, 0
75968.4, 144229, 0
245673, 100556, 0
173063, 148204, 0
47996, 89411.3, 0
204133, 205195, 0
38064.4, 66959.3, 0
73796.5, 91143.4, 0
148494, 162679, 0
125753, 151546, 0
92162.7, 45993, 0
34149.8, 92962, 0
117242, 61752.2, 0
134960, 114069, 0
205881, 85834, 0
287793, 101670, 0
208977, 72827.6, 0
94816.1, 204079, 0
82331.3, 97689.4, 0
51949.9, 63674.3, 0
109431, 112758, 0
80532.8, 116530, 0
132947, 71975.7, 0
232098, 23201.8, 0
106212, 176170, 0
79192.1, 122082, 0
146247, 74565.3, 0
144969, 193941, 0
300655, 63957.8, 0
198744, 82311.8, 0
82590.5, 238794, 0
47019, 136301, 0
63006.6, 154628, 0
107541, 90827, 0
80934.4, 94239.4, 0
79586, 134376, 0
92457.2, 257753, 0
207132, 147430, 0
221475, 99905, 0
116183, 122879, 0
130672, 104246, 0
164998, 92866.6, 0
42515, 265720, 0
320493, 198266, 0
252846, 186540, 0
223356, 60050.1, 0
100003, 55822.6, 0
158074, 24720.1, 0
46321.8, 79415.3, 0
12581.7, 52480.3, 0
81935.1, 203683, 0
180789, 52606.8, 0
163915, 117434, 0
97269.2, 80872.1, 0
72507, 125360, 0
39272.1, 109248, 0
94371, 125801, 0
109542, 140364, 0
225988, 94756.4, 0
174332, 43350.6, 0
190850, 29907.7, 0
48047, 190127, 0
108510, 70403.7, 0
173410, 45441.5, 0
37632.5, 167587, 0
139914, 37503.4, 0
133278, 55626.1, 0
116673, 109025, 0
135286, 127220, 0
93406.8, 82894.1, 0
131087, 61544.2, 0
107178, 42603.1, 0
113080, 249771, 0
118637, 294375, 0
309807, 176836, 0
22433, 43100.5, 0
62795.7, 259569, 0
142382, 105431, 0
182140, 221563, 0
163041, 121290, 0
11287.8, 131528, 0
120334, 84748.2, 0
203264, 95362.8, 0
120173, 83276.7, 0
249024, 131436, 0
74200.6, 76372.4, 0
137910, 207441, 0
129306, 259722, 0
52533.6, 49469.5, 0
80559.8, 120028, 0
147112, 239146, 0
49869.8, 181404, 0
128006, 157075, 0
137311, 208000, 0
128570, 113239, 0
19873.6, 241391, 0
95998.8, 221891, 0
155165, 191255, 0
31988.3, 32790.3, 0
38884.9, 68756.6, 0
66366.4, 130452, 0
134599, 91486.5, 0
157026, 135541, 0
54552.6, 137440, 0
11659.7, 76094.3, 0
103029, 78049.5, 0
64948.3, 47246.3, 0
147164, 207015, 0
159419, 157736, 0
95467.1, 172802, 0
288752, 226203, 0
68580.3, 201152, 0
101268, 14795.1, 0
112406, 108641, 0
189450, 67527.4, 0
21440.7, 59639, 0
170428, 100254, 0
57580.9, 81257.6, 0
76643.7, 70406.9, 0
175520, 81863.9, 0
221289, 48454.3, 0
75692.6, 192717, 0
72032.3, 204599, 0
21748, 181065, 0
64479.3, 51053.7, 0
229230, 69971.4, 0
151127, 105607, 0
232550, 25197.4, 0
134908, 124137, 0
141916, 55173.3, 0
115035, 22628.1, 0
190195, 59715.2, 0
201854, 64809.3, 0
166769, 92422.8, 0
139652, 253493, 0
263120, 135335, 0
266824, 139732, 0
173100, 136873, 0
123241, 112032, 0
90337.2, 199507, 0
204854, 97436.5, 0
73395.4, 233152, 0
88957.8, 199025, 0
217135, 186109, 0
44659.4, 274169, 0
69572.1, 115978, 0
43848.6, 69856.1, 0
244117, 148254, 0
55740.6, 85245.8, 0
75266, 157503, 0
158176, 270315, 0
107369, 99424.4, 0
95163.5, 245620, 0
113677, 153870, 0
82093.8, 74707.5, 0
164789, 187459, 0
137100, 52186.4, 0
66987.7, 172117, 0
79892.5, 205687, 0
174200, 69042.9, 0
27705.2, 103935, 0
268534, 253474, 0
70810.3, 195266, 0
61753.3, 61733.2, 0
66844.9, 81804.4, 0
67102.8, 277971, 0
170329, 104150, 0
30666.2, 43530.3, 0
171192, 143517, 0
311084, 84050.7, 0
149307, 49714.5, 0
81600.6, 54616.9, 0
106850, 139454, 0
112868, 119721, 0
93143.1, 59344.9, 0
108036, 134086, 0
250581, 60873.4, 0
93806.9, 147180, 0
57889.5, 91769.8, 0
28855.7, 214860, 0
155704, 115192, 0
117359, 96058, 0
88368.7, 75205.7, 0
209939, 219222, 0
87005.2, 202857, 0
88835.6, 80858.5, 0
111548, 120760, 0
21640.2, 69564.7, 0
170935, 58871.7, 0
293827, 102348, 0
286153, 84428.6, 0
174955, 76524.1, 0
86691.1, 55847.2, 0
47206.7, 54981.7, 0
269709, 203307, 0
191546, 126451, 0
134828, 68707.8, 0
60783.1, 105383, 0
119599, 205535, 0
48428.1, 172427, 0
31415.9, 191671, 0
53370.8, 100556, 0
119724, 98850.6, 0
146200, 18926.5, 0
211006, 31117.6, 0
42199, 178178, 0
142575, 64117.1, 0
84685.7, 260936, 0
185834, 38052.6, 0
195113, 37531.9, 0
137471, 129473, 0
213274, 184697, 0
301026, 100140, 0
216951, 200909, 0
121374, 143428, 0
97048.8, 58446.3, 0
112136, 130614, 0
77239, 105400, 0
65244, 93977.9, 0
163243, 37662.8, 0
52656.3, 92284.3, 0
206835, 101469, 0
110257, 102412, 0
202118, 155240, 0
86597.2, 101956, 0
136650, 83350.9, 0
305495, 168979, 0
70610.5, 109778, 0
94544.7, 98304.1, 0
115414, 247111, 0
34414.8, 79184.9, 0
155875, 103089, 0
225707, 43252.6, 0
65334.6, 134038, 0
158181, 63015.4, 0
39349.5, 41476.3, 0
201699, 87333.3, 0
68599.8, 69558, 0
125776, 4381.47, 0
154056, 100691, 0
29711.3, 212458, 0
139470, 76140.4, 0
105262, 53979.2, 0
122399, 91972.4, 0
253989, 41536.4, 0
222619, 9915.21, 0
76573.3, 247076, 0
171616, 170662, 0
23007.8, 187634, 0
143870, 116274, 0
67760, 179471, 0
43136.2, 114751, 0
115015, 90592.5, 0
107173, 79227, 0
60927.8, 49407.9, 0
213134, 67210.4, 0
29513, 254151, 0
93956, 44245.4, 0
71284.9, 50846.3, 0
102968, 67466.8, 0
65325.7, 134524, 0
117538, 67262, 0
222933, 181766, 0
62432.3, 90472.2, 0
207067, 73616.2, 0
94270.7, 251169, 0
148372, 95916, 0
241878, 162447, 0
123743, 66360.6, 0
108736, 52002.6, 0
45164.4, 88479.8, 0
115008, 175461, 0
142135, 143363, 0
50761.4, 224965, 0
82886.3, 234491, 0
157153, 205204, 0
186480, 100488, 0
61935.6, 182862, 0
104580, 136263, 0
104043, 124310, 0
93607.8, 129688, 0
120107, 152705, 0
206478, 60459.2, 0
53801, 49000.1, 0
94070.5, 41920.3, 0
114648, 164850, 0
191671, 158931, 0
210604, 170930, 0
234438, 134187, 0
48835.4, 79623.9, 0
388395, 238624, 0
189794, 236240, 0
108676, 29647.3, 0
113302, 113112, 0
82474.7, 139313, 0
82956.7, 114143, 0
121648, 36710, 0
105266, 122930, 0
155194, 117192, 0
234183, 200190, 0
79406.5, 162753, 0
102324, 139951, 0
167298, 169106, 0
148606, 94300.9, 0
144643, 116260, 0
180939, 61488.4, 0
155856, 1763.57, 0
198613, 72059.9, 0
97059.6, 73380.5, 0
115577, 142544, 0
203342, 113474, 0
90365.2, 158232, 0
95907, 91040.4, 0
173137, 121062, 0
245774, 254939, 0
16022.9, 229459, 0
157510, 21587.5, 0
32727.7, 122689, 0
133952, 71093.1, 0
153526, 71783.7, 0
144812, 48714.9, 0
126002, 88138.6, 0
251110, 157158, 0
81922.9, 105072, 0
96711.4, 158373, 0
193103, 143400, 0
56998.7, 166840, 0
23305.7, 121335, 0
205978, 82772.7, 0
115029, 130622, 0
170928, 227396, 0
46129.5, 91423.7, 0
87343.7, 106251, 0
148626, 311339, 0
75361.2, 94111.5, 0
314176, 146598, 0
187009, 214820, 0
214065, 91425.7, 0
122476, 49769.1, 0
90784.5, 76071, 0
80441, 47811.9, 0
119824, 158106, 0
64073.9, 230466, 0
87125.9, 114750, 0
51939.4, 198426, 0
108945, 99889.5, 0
142734, 92898.3, 0
20224.4, 204027, 0
210000, 71567.7, 0
106555, 83919.8, 0
144936, 134156, 0
153335, 135656, 0
152041, 32042, 0
120612, 131186, 0
151567, 45107.2, 0
107912, 61532, 0
76522.1, 80241, 0
231314, 130576, 0
71219.7, 24710.9, 0
104655, 95309.9, 0
91991.2, 224771, 0
78370.9, 39790, 0
148328, 23834.7, 0
135977, 188170, 0
226546, 275794, 0
124353, 19677.7, 0
84151.4, 246111, 0
130521, 98793.2, 0
91419.1, 148104, 0
133313, 45329.9, 0
177428, 85039.8, 0
105045, 84694.8, 0
88869.4, 107416, 0
151825, 19048.8, 0
61704.1, 93257.4, 0
196799, 101654, 0
70067.3, 89032.3, 0
94751.3, 243605, 0
116731, 116593, 0
28281.1, 209838, 0
141436, 44210.1, 0
169448, 42929.3, 0
96452.9, 106616, 0
140990, 92841.9, 0
270441, 231676, 0
51447.7, 229783, 0
178245, 200277, 0
212105, 167048, 0
136576, 111254, 0
96796.2, 214499, 0
196666, 138564, 0
172862, 86415.8, 0
75859.3, 47554.1, 0
81555.3, 91728.1, 0
92692.2, 175419, 0
101420, 103558, 0
144122, 190986, 0
58765, 66525.7, 0
72265.9, 76004.2, 0
117502, 46163.5, 0
49416, 120332, 0
98841.2, 107336, 0
80186.5, 282238, 0
136715, 275524, 0
156824, 47909, 0
200654, 102789, 0
75152.6, 68517.4, 0
122952, 107060, 0
109402, 143669, 0
218744, 78389.3, 0
41924.5, 182782, 0
49631.7, 69649, 0
186513, 44241.9, 0
149805, 57760.4, 0
125112, 198653, 0
133899, 72694.6, 0
20799.9, 20533.3, 0
71022.2, 60643.8, 0
138614, 55304.3, 0
203840, 68000.6, 0
201125, 8439.85, 0
67438.6, 78925.8, 0
110600, 124836, 0
18679.3, 26174.3, 0
96625.4, 54726.2, 0
81214.6, 103509, 0
235498, 154517, 0
84883.5, 135833, 0
199709, 258869, 0
92776.7, 162489, 0
182764, 247194, 0
99026, 191749, 0
157099, 139485, 0
180511, 157948, 0
275374, 257908, 0
240930, 240946, 0
148908, 137421, 0
88445.6, 193201, 0
93619.9, 38805.1, 0
126896, 188993, 0
182946, 129586, 0
165247, 194250, 0
92204.6, 146524, 0
69213, 120261, 0
222630, 140322, 0
23489.7, 34549.6, 0
178574, 143384, 0
66433.6, 133478, 0
195190, 204524, 0
30600.3, 61353.2, 0
72902.7, 83675.2, 0
58489.5, 107822, 0
64684, 56997.4, 0
210297, 180128, 0
91428.4, 118688, 0
202644, 197741, 0
195731, 223086, 0
95989, 131183, 0
243169, 107262, 0
62173.7, 159852, 0
49340.9, 131569, 0
117666, 61312.1, 0
104067, 198163, 0
132363, 267379, 0
81820.7, 202029, 0
43039, 176221, 0
135563, 71189.6, 0
101441, 83348.7, 0
57332.2, 66138.6, 0
91603, 157220, 0
70020.2, 58753.6, 0
113257, 176324, 0
191277, 174450, 0
118758, 99492.4, 0
142445, 175141, 0
156825, 268609, 0
45505.6, 87396.8, 0
87822.3, 142765, 0
135640, 146439, 0
313773, 84739.7, 0
123327, 75406.6, 0
112744, 243366, 0
123431, 52581.8, 0
187003, 72956.1, 0
21432.3, 209318, 0
100188, 120944, 0
165935, 22538.8, 0
250657, 46351.4, 0
90054.3, 207795, 0
52024.2, 105828, 0
187345, 132160, 0
79748.1, 206611, 0
85193.4, 46953, 0
52737.3, 135997, 0
169451, 128310, 0
60466.4, 79448.5, 0
83225.7, 140942, 0
18821.7, 118813, 0
171168, 69268.7, 0
153868, 44614.8, 0
64736.7, 119036, 0
169871, 197467, 0
86336.4, 184003, 0
115839, 101151, 0
75699, 34570.6, 0
174996, 142671, 0
98066.6, 192074, 0
63920.5, 78920.3, 0
98788.1, 56853.6, 0
84589.1, 74068.2, 0
122991, 230558, 0
78400.4, 105416, 0
47986.5, 177557, 0
45912.9, 140615, 0
21925.9, 102461, 0
188637, 226904, 0
147176, 86976.4, 0
116121, 92947.8, 0
93624.9, 153769, 0
211042, 166013, 0
87168.7, 171884, 0
176382, 121708, 0
157893, 189338, 0
118919, 63378.6, 0
123292, 218710, 0
157277, 127303, 0
159488, 254426, 0
171253, 31097.5, 0
172467, 9787.07, 0
69305.1, 92463.1, 0
262031, 148969, 0
65270.3, 113491, 0
46636.8, 73942.4, 0
103362, 87029.1, 0
230721, 9883.71, 0
64156.1, 203305, 0
166077, 245086, 0
120770, 115601, 0
128506, 225079, 0
164167, 138055, 0
147084, 150066, 0
116385, 137104, 0
88018.6, 113462, 0
20320.1, 100066, 0
61103.2, 40210.2, 0
46389.4, 156057, 0
139273, 216241, 0
43896, 220645, 0
110815, 171331, 0
123637, 43886.7, 0
99189.7, 33531.9, 0
98855.7, 50223.9, 0
133149, 188080, 0
10857.8, 87201.9, 0
84365, 68145, 0
114648, 223414, 0
92367.6, 55384.4, 0
52258.4, 109475, 0
42307.8, 178406, 0
53562.1, 228197, 0
81395.6, 127387, 0
145670, 119320, 0
205305, 25606.5, 0
42181.7, 26405.3, 0
155476, 79784.1, 0
89315.2, 134107, 0
21784.1, 292024, 0
230040, 286755, 0
277083, 59112.7, 0
116771, 63327.2, 0
76883, 58061.6, 0
144906, 81923, 0
150999, 243379, 0
38806.6, 227698, 0
141117, 51517.3, 0
107065, 123538, 0
167844, 58343.5, 0
215555, 146355, 0
202818, 74063.7, 0
88669.4, 122298, 0
177785, 44269.4, 0
141833, 77246.9, 0
48662.7, 82309.1, 0
240245, 71619.1, 0
191307, 83733.5, 0
80990.9, 97511.9, 0
219182, 67464.3, 0
93401.8, 115254, 0
137705, 113035, 0
160805, 65847.6, 0
173539, 132271, 0
155507, 130387, 0
104303, 93167.5, 0
143200, 181695, 0
39649.4, 114175, 0
234941, 82726.2, 0
122535, 276804, 0
162000, 113835, 0
29914.7, 137702, 0
160271, 215438, 0
96100.5, 241343, 0
57677.5, 35863.4, 0
254423, 57380.9, 0
314176, 146598, 0
103042, 235645, 0
137849, 100956, 0
141418, 28586.1, 0
230049, 105629, 0
88836.7, 157597, 0
238322, 94131.4, 0
108643, 137224, 0
117491, 115120, 0
31746, 156062, 0
86587.9, 28215.6, 0
102420, 92589.2, 0
102344, 154481, 0
229764, 60267.5, 0
119647, 124974, 0
172924, 27248.6, 0
150767, 96222.7, 0
205015, 39589.8, 0
58032.6, 248542, 0
64510.9, 70011.3, 0
109316, 127614, 0
61935.7, 126100, 0
118286, 70419.9, 0
169171, 51981.6, 0
207503, 95741.7, 0
107742, 148226, 0
203873, 286628, 0
107142, 198460, 0
109568, 134147, 0
40840.4, 47042, 0
163535, 113552, 0
216673, 236559, 0
44496.4, 96272.2, 0
38343, 182669, 0
110439, 17929, 0
162926, 124877, 0
205764, 190450, 0
250717, 100148, 0
93182.2, 153241, 0
121315, 73954.9, 0
151438, 6434.67, 0
89035.4, 193916, 0
49478.6, 62460.9, 0
142246, 66980.1, 0
155489, 244117, 0
95941.4, 254019, 0
226031, 56260.2, 0
336839, 108930, 0
213256, 73796.7, 0
143095, 109001, 0
176534, 43662.2, 0
89681.2, 54116.9, 0
88489.7, 22244, 0
106813, 126701, 0
89917.4, 53848.5, 0
120859, 115230, 0
199782, 41800.5, 0
57439.4, 168886, 0
149211, 93606.3, 0
190331, 129675, 0
126097, 174026, 0
62643.8, 60752.8, 0
222210, 77845.9, 0
76508.1, 69327, 0
58907.8, 154155, 0
95304, 154396, 0
106656, 154126, 0
188586, 357617, 0
275874, 73783.6, 0
207417, 76140.6, 0
194303, 126561, 0
232032, 143303, 0
103371, 200809, 0
107827, 68260.2, 0
162695, 217969, 0
138592, 183650, 0
84339, 96858.6, 0
54148.5, 81085.7, 0
122238, 190218, 0
101363, 79694.6, 0
188080, 65201.8, 0
84096.2, 138340, 0
90615.3, 183259, 0
82229.7, 81435.7, 0
33115.9, 70610.7, 0
134997, 115943, 0
125063, 148514, 0
133794, 175526, 0
103951, 176181, 0
58992.4, 62050.5, 0
94895.1, 273653, 0
66493.4, 70842, 0
47395.4, 204497, 0
87834.8, 85827.1, 0
67989.3, 56659.1, 0
79785.3, 130090, 0
102351, 98334.3, 0
105574, 178035, 0
141623, 66116.7, 0
101468, 140592, 0
98433.3, 204939, 0
211372, 156222, 0
90595.4, 152197, 0
129181, 110293, 0
110599, 50722.9, 0
85931.4, 113390, 0
147059, 63408, 0
133539, 114926, 0
136852, 62115.4, 0
97611.6, 107157, 0
83093.5, 104544, 0
104589, 105205, 0
197627, 67423.1, 0
42003.7, 112366, 0
254353, 147030, 0
110767, 260614, 0
110205, 223919, 0
60102.6, 97809.6, 0
99169.9, 151756, 0
150708, 53286, 0
201789, 219595, 0
74721.6, 131948, 0
76200.2, 121987, 0
137899, 127487, 0
136344, 209609, 0
241732, 233145, 0
194898, 100967, 0
134325, 56228.5, 0
81389.5, 19835.1, 0
235461, 47998.7, 0
98562.6, 45429.9, 0
29470.7, 86912.4, 0
275928, 228581, 0
53370.8, 100556, 0
182319, 195867, 0
164430, 120004, 0
68356.6, 132935, 0
129943, 356409, 0
50867.1, 130228, 0
239251, 75410.5, 0
147472, 56097.9, 0
171755, 34751.5, 0
108063, 63824.9, 0
55803.4, 96104, 0
67108.8, 110751, 0
41430.6, 86676.9, 0
39627.9, 43577.2, 0
180915, 88277.4, 0
89899.9, 160666, 0
24462.2, 129489, 0
216376, 221831, 0
136592, 135592, 0
201593, 80292.5, 0
69602.3, 227059, 0
80588.4, 154930, 0
195495, 106783, 0
208407, 252053, 0
161084, 205084, 0
211976, 59060.5, 0
65947.2, 161281, 0
129272, 120851, 0
29395.1, 131149, 0
139001, 192300, 0
129037, 114873, 0
158782, 25997.4, 0
60378.3, 149094, 0
134727, 257375, 0
53205.5, 142485, 0
170257, 105437, 0
38065.8, 120149, 0
120335, 126740, 0
122924, 108914, 0
180247, 101611, 0
103863, 227433, 0
40708.6, 149577, 0
25296.9, 218423, 0
174774, 201790, 0
78686.9, 142344, 0
94780.5, 143326, 0
100106, 199156, 0
111806, 30464.7, 0
99233.8, 64425, 0
195591, 72955.8, 0
36982.7, 217955, 0
172090, 154855, 0
44826.9, 109573, 0
127690, 10269.8, 0
71733.9, 165901, 0
98624.5, 221894, 0
31095.5, 173131, 0
70700.1, 155563, 0
224972, 136954, 0
80940, 168568, 0
87320.8, 184044, 0
115654, 55567.5, 0
23354.3, 140109, 0
107711, 152671, 0
130235, 163105, 0
65103.2, 114953, 0
117530, 27872.8, 0
123707, 72990.3, 0
53892.9, 122702, 0
178108, 52204, 0
156500, 102839, 0
168275, 95880.3, 0
20805.7, 179395, 0
145408, 176839, 0
86645.9, 19340.4, 0
276608, 241321, 0
86726, 111916, 0
155084, 38400.9, 0
147658, 103486, 0
129389, 305036, 0
101000, 141914, 0
50072.5, 217652, 0
105196, 198740, 0
103035, 135099, 0
134346, 36480.4, 0
101216, 20790.8, 0
60274.3, 204523, 0
66521.4, 114696, 0
124835, 212554, 0
219659, 212764, 0
181956, 142513, 0
128992, 126494, 0
88084.5, 59343.8, 0
164231, 140418, 0
12458.9, 159746, 0
98051.8, 50983.5, 0
21476.9, 109633, 0
100371, 88198.7, 0
48417.2, 54937, 0
37897.5, 122943, 0
59755.3, 97479.4, 0
142071, 132948, 0
38604.7, 126547, 0
62329.1, 186095, 0
44700.3, 144734, 0
169896, 47680, 0
101249, 65829.4, 0
49865.6, 211603, 0
104822, 125723, 0
58791.3, 143832, 0
195668, 146764, 0
114199, 119259, 0
138391, 82668.1, 0
130585, 86814.8, 0
117951, 127619, 0
120578, 65297.8, 0
198866, 134001, 0
50030.6, 73423.1, 0
121915, 201589, 0
77715.9, 99553.8, 0
55139.8, 124031, 0
62798.3, 186819, 0
145287, 209599, 0
190949, 142974, 0
164048, 83602.6, 0
110949, 109622, 0
126997, 78171.8, 0
71520.4, 101183, 0
269150, 95191.5, 0
229498, 142284, 0
167128, 92546.9, 0
208636, 84360.8, 0
80579.3, 60492.1, 0
57679.8, 77255.2, 0
56680.2, 110157, 0
202321, 71524, 0
82726.9, 67000.7, 0
81196.9, 205974, 0
73096.3, 117639, 0
93056.2, 129114, 0
191083, 53690.6, 0
131090, 182152, 0
41763.6, 63650.9, 0
25364.9, 108105, 0
108532, 151732, 0
212618, 182175, 0
142748, 306759, 0
67758.5, 85205.3, 0
80496.6, 133147, 0
44993.2, 163064, 0
166797, 56246.1, 0
144284, 93607.7, 0
140532, 178721, 0
37308.5, 111842, 0
9966.61, 82936.5, 0
168201, 107461, 0
138842, 80171.7, 0
81685.9, 137284, 0
88245.3, 9417.79, 0
94829.1, 226530, 0
108116, 184190, 0
214004, 161578, 0
82432.7, 87823.9, 0
70119.1, 231040, 0
131250, 120794, 0
54935.7, 83649.7, 0
97862.8, 264091, 0
27507.2, 72144.3, 0
46004.3, 105273, 0
84866.1, 97825.2, 0
170042, 188236, 0
140196, 8175.73, 0
77938.6, 158426, 0
127516, 145784, 0
72662.4, 119491, 0
108978, 134680, 0
134723, 19697.3, 0
35199.2, 31047.8, 0
239150, 272999, 0
131401, 84715.5, 0
28873.1, 138319, 0
125321, 67351.1, 0
140264, 223197, 0
215509, 126416, 0
192920, 54309.6, 0
43496.8, 85867, 0
79766.1, 76270.8, 0
95737.9, 114849, 0
161724, 181937, 0
249698, 166759, 0
77426.2, 200091, 0
64360.3, 53654.5, 0
110642, 50158.3, 0
104738, 180691, 0
73419.7, 201130, 0
205597, 120803, 0
91964.7, 247316, 0
156980, 103510, 0
46140.1, 84489.5, 0
245673, 100556, 0
75333.9, 162272, 0
35426.6, 127110, 0
108926, 218403, 0
254346, 122586, 0
58646.7, 109576, 0
139207, 139999, 0
27172, 52882.9, 0
119604, 118190, 0
174409, 177044, 0
94598.1, 28892.9, 0
137024, 131879, 0
55060.2, 169157, 0
117052, 37799.6, 0
50867.5, 61852.8, 0
313374, 304695, 0
58459.8, 134027, 0
164759, 59885.5, 0
168026, 35378.3, 0
204384, 53484.2, 0
128850, 216599, 0
164585, 112896, 0
162143, 64514.9, 0
116313, 13108.6, 0
72211.9, 56754.9, 0
45471.9, 125807, 0
53381, 14492.2, 0
131816, 245184, 0
50968.2, 225842, 0
133525, 102499, 0
41934.1, 184657, 0
169224, 25124.7, 0
228717, 134154, 0
136666, 125940, 0
304142, 186762, 0
148650, 56447.8, 0
81772.5, 79311.7, 0
194100, 21766.8, 0
65092.5, 131000, 0
137167, 42496.9, 0
322483, 165351, 0
11774.1, 85109.6, 0
94049.7, 136041, 0
191073, 32513.4, 0
218240, 147629, 0
83301, 148006, 0
82816.1, 91642.3, 0
142657, 209048, 0
162158, 105974, 0
50034, 54856.2, 0
51260.6, 180967, 0
167155, 132105, 0
142087, 54515.9, 0
144363, 59001.5, 0
98200.5, 203284, 0
78810.5, 126395, 0
88274.2, 53053.2, 0
111254, 118535, 0
143203, 149165, 0
52246.7, 223297, 0
142073, 65802.1, 0
186368, 134266, 0
183023, 152247, 0
124698, 128851, 0
111152, 198369, 0
85794.5, 143695, 0
213834, 120909, 0
43987.8, 138237, 0
52150.5, 17777.2, 0
217163, 126632, 0
202209, 111801, 0
57974.9, 249707, 0
53880, 121006, 0
257487, 160552, 0
202701, 23981.9, 0
239199, 220889, 0
89687.6, 142563, 0
39178.8, 37987.3, 0
61115.5, 113919, 0
40687.9, 129748, 0
172519, 222961, 0
217399, 208424, 0
226344, 194253, 0
113078, 260861, 0
58110.3, 87950.9, 0
131843, 281406, 0
141755, 123516, 0
192736, 177216, 0
22857.7, 65574.6, 0
128651, 80548.7, 0
89204.7, 200320, 0
191175, 209046, 0
168633, 123575, 0
175782, 137821, 0
154889, 41126.8, 0
13026.5, 170167, 0
123958, 109948, 0
124621, 177383, 0
237398, 53498, 0
134011, 217927, 0
79298.2, 153640, 0
91073.6, 115706, 0
109294, 199179, 0
11978.8, 73714.8, 0
52617.4, 117513, 0
155642, 85074.7, 0
105516, 51656.4, 0
84731.7, 149353, 0
125651, 78448.4, 0
61413.7, 37753, 0
79662.6, 224585, 0
160040, 255121, 0
101767, 274047, 0
143097, 88687.2, 0
105534, 139249, 0
38505.3, 163227, 0
157668, 167045, 0
123928, 145623, 0
105254, 85727.2, 0
142339, 11833.9, 0
181876, 50383.1, 0
155703, 88629.3, 0
147968, 286259, 0
171368, 27772.7, 0
143326, 108264, 0
92015.4, 76023.9, 0
192535, 74772, 0
219510, 65125.2, 0
154415, 118154, 0
237613, 138176, 0
35533.3, 63381.6, 0
202578, 200869, 0
134538, 230844, 0
53370.8, 72671, 0
193872, 96216.6, 0
127548, 74744.4, 0
111141, 74150, 0
224383, 229444, 0
154672, 53140.9, 0
232783, 89676.1, 0
33570.7, 62596.2, 0
29711.5, 38329.9, 0
192754, 60465.9, 0
77202.1, 180524, 0
122206, 152419, 0
185011, 22236.2, 0
153655, 209112, 0
178237, 163742, 0
55770.2, 123106, 0
89693.4, 235784, 0
167490, 178227, 0
128090, 118791, 0
247237, 42223.6, 0
91064, 62555.7, 0
179637, 52780, 0
58386.9, 171184, 0
57913.7, 274917, 0
82061.2, 84058.8, 0
158638, 104558, 0
143120, 149318, 0
58173.1, 128118, 0
72451.3, 90410.3, 0
49941.9, 157701, 0
67892, 49300.1, 0
2546.39, 240976, 0
182652, 114258, 0
176550, 41376.1, 0
64779, 154095, 0
80874.8, 151706, 0
70315.7, 130665, 0
55481.1, 77317.8, 0
78516.3, 84806.9, 0
100376, 160993, 0
103625, 23145.6, 0
218820, 198375, 0
27515.7, 58489.4, 0
139227, 184705, 0
46714.8, 149813, 0
55178.2, 131869, 0
121129, 64249.1, 0
131662, 334314, 0
149748, 188951, 0
338244, 115259, 0
99099.4, 140327, 0
207313, 136118, 0
103815, 76148.9, 0
106646, 136206, 0
211436, 129224, 0
60445.5, 115638, 0
122970, 35890.6, 0
142525, 195476, 0
173204, 38899.1, 0
224777, 297620, 0
80713.8, 166148, 0
166063, 86224.5, 0
204606, 206590, 0
82924.6, 179537, 0
79145.5, 119969, 0
74925.6, 13525.7, 0
187891, 131896, 0
80971.8, 334354, 0
59787.9, 63925.5, 0
144573, 152849, 0
35233.9, 220620, 0
218219, 27915.9, 0
198465, 229307, 0
89793.4, 182131, 0
35204.5, 85633.6, 0
121717, 121512, 0
126204, 71717.7, 0
101089, 165414, 0
134297, 67366, 0
249156, 8751.55, 0
94829.1, 180854, 0
52717.2, 129719, 0
29148.1, 171083, 0
62354.1, 51982.5, 0
174677, 136655, 0
187577, 28335.9, 0
125289, 124797, 0
141454, 114337, 0
97255.1, 209290, 0
156229, 44152.4, 0
108825, 117122, 0
30814.4, 228475, 0
29671.8, 88634.1, 0
32799.5, 62870.9, 0
19219.8, 76781.7, 0
97107.2, 35100.6, 0
85655.9, 65593.3, 0
226343, 53465.9, 0
108299, 266062, 0
109159, 169074, 0
102235, 125092, 0
147259, 221457, 0
175848, 170847, 0
30726.2, 72527, 0
117727, 189676, 0
97028.1, 68841.9, 0
138321, 118531, 0
185911, 147767, 0
72634.2, 245557, 0
155806, 160891, 0
41992.9, 202650, 0
90769.1, 148682, 0
149370, 122262, 0
84904.4, 103687, 0
130176, 260443, 0
127824, 92680.4, 0
96043, 54698.9, 0
91654.7, 74250.7, 0
188094, 64979.1, 0
123595, 204557, 0
86952.6, 28627.7, 0
145153, 126486, 0
13441.4, 229171, 0
155020, 208773, 0
75567.6, 104880, 0
166389, 121167, 0
165966, 145183, 0
49858, 328687, 0
236630, 68127.3, 0
151870, 170541, 0
129747, 66839, 0
155209, 150774, 0
181109, 161848, 0
80186.5, 54520.7, 0
54602.3, 222131, 0
140545, 67562.5, 0
166192, 132699, 0
167647, 100394, 0
149412, 207698, 0
111752, 124886, 0
170653, 209334, 0
84623.9, 60763.5, 0
74976.2, 43474.9, 0
126269, 52476.3, 0
237702, 104917, 0
73580.8, 143367, 0
219060, 80535.6, 0
74629.8, 128942, 0
164716, 84060.3, 0
267880, 9166.6, 0
5797.3, 145805, 0
58660.3, 93799.2, 0
185988, 119544, 0
240029, 227332, 0
199904, 175098, 0
105217, 68868.4, 0
154752, 44244.1, 0
63663.1, 220763, 0
87668, 82462.4, 0
56984.5, 61235.2, 0
99168.4, 174512, 0
114296, 123567, 0
47182.4, 42322.9, 0
91008.9, 145298, 0
181349, 94698.4, 0
108458, 128330, 0
147901, 119410, 0
59990.9, 84324.2, 0
154858, 160819, 0
92639.9, 115576, 0
20870.4, 23760.3, 0
45936.7, 21076.7, 0
184812, 151617, 0
213723, 36151, 0
124115, 157623, 0
160410, 240012, 0
61174.4, 191483, 0
54547.9, 245354, 0
214230, 54122.9, 0
209778, 146387, 0
278073, 19583.1, 0
126030, 113968, 0
175311, 186768, 0
41582.1, 139577, 0
156703, 135836, 0
52947.3, 190060, 0
103092, 170291, 0
153497, 159110, 0
165014, 153519, 0
168798, 146039, 0
110877, 157904, 0
47632.2, 258568, 0
167488, 112846, 0
170049, 134487, 0
118887, 24343.1, 0
248952, 184003, 0
104554, 197674, 0
135604, 107492, 0
170554, 210245, 0
290448, 49130.6, 0
81698.2, 172510, 0
148163, 120053, 0
162421, 114417, 0
131244, 75530.6, 0
71628.5, 171455, 0
205977, 74974.1, 0
48012, 212809, 0
92894, 218437, 0
185719, 263071, 0
135241, 80708.2, 0
104106, 39015.4, 0
26219.8, 51540.3, 0
128323, 19737.5, 0
239259, 66479.1, 0
61905.1, 218907, 0
153385, 172464, 0
73268.3, 85248.2, 0
131241, 67156.4, 0
123137, 31478.3, 0
225802, 143802, 0
116427, 149387, 0
84132.2, 85388.2, 0
146685, 125960, 0
40811.9, 375038, 0
100458, 217996, 0
172233, 130648, 0
29625.1, 117950, 0
68167.3, 160549, 0
164690, 136033, 0
148915, 163537, 0
203504, 88556.4, 0
76009.6, 84133.7, 0
67513.5, 125488, 0
173239, 93109.5, 0
157299, 126283, 0
84559.1, 126794, 0
144849, 171776, 0
128814, 65632.5, 0
179329, 122845, 0
24266.1, 138090, 0
152886, 195966, 0
42189.2, 34116.6, 0
212386, 195461, 0
84391.4, 72470, 0
122072, 139224, 0
226993, 116296, 0
260242, 205916, 0
76659.5, 80394.8, 0
192489, 52732.1, 0
239959, 166498, 0
126896, 37349.6, 0
161532, 122752, 0
45176.4, 121415, 0
90035.1, 193917, 0
186506, 198873, 0
35014.7, 77313.6, 0
81917.5, 85702.2, 0
80627.4, 42469.4, 0
295354, 88587.8, 0
84673.5, 52829.5, 0
106623, 104088, 0
213658, 67958.9, 0
36803.5, 143970, 0
116889, 200880, 0
196692, 112346, 0
210953, 167527, 0
57967, 214948, 0
37648.7, 157220, 0
60356.8, 44533.9, 0
151884, 77942.2, 0
59783.9, 247133, 0
100042, 152998, 0
52931.4, 108257, 0
219254, 146704, 0
35409.8, 67871, 0
182316, 62982.3, 0
134693, 107967, 0
79862.5, 96354.5, 0
11291.5, 38728.9, 0
110270, 29239.8, 0
144533, 158834, 0
74600.2, 164642, 0
69109.5, 77561.4, 0
88441.4, 63515.8, 0
128902, 54109.7, 0
59759.8, 139398, 0
156123, 21406.6, 0
138222, 84919.7, 0
89313.4, 144102, 0
107517, 179640, 0
158886, 280277, 0
247906, 86843.6, 0
168705, 157010, 0
105405, 86829.2, 0
52394.1, 177011, 0
317648, 126233, 0
120372, 108810, 0
166756, 253493, 0
75645.6, 123850, 0
53521.4, 55393.3, 0
157714, 208499, 0
76349.7, 134647, 0
82177.1, 90034.6, 0
100475, 72415.6, 0
44631.4, 274206, 0
196362, 166322, 0
210917, 96942.4, 0
26157.5, 76258.1, 0
40273.6, 11111.3, 0
88027.4, 76295.4, 0
102623, 210728, 0
113774, 238024, 0
67684.6, 170629, 0
152565, 120501, 0
192621, 98907.9, 0
163253, 179981, 0
180431, 82541.5, 0
145615, 100155, 0
107089, 56538.6, 0
91858.1, 130462, 0
68088.7, 20859.5, 0
110251, 246204, 0
81956.9, 103308, 0
125730, 136599, 0
161878, 141092, 0
160689, 189847, 0
31726.1, 175559, 0
125630, 138468, 0
167756, 89830.5, 0
60998.6, 139392, 0
145982, 97827.8, 0
170213, 101933, 0
55581.7, 103953, 0
91603, 157220, 0
227525, 38033.7, 0
113610, 104842, 0
168190, 138449, 0
96888.1, 70566.1, 0
103073, 52654.2, 0
191686, 64065.4, 0
235550, 200585, 0
161362, 140154, 0
84652.3, 46461.5, 0
116184, 162063, 0
89099.9, 72405.5, 0
75207.6, 61439, 0
260139, 31328.1, 0
155757, 229437, 0
120140, 136028, 0
238553, 84307.7, 0
39210.5, 91343.6, 0
20348.8, 201956, 0
113011, 26091.8, 0
215992, 86638.7, 0
108192, 102942, 0
295622, 170752, 0
50053.6, 48935.1, 0
49487.2, 102493, 0
130359, 168030, 0
10046.8, 203499, 0
76827.5, 196087, 0
130982, 141812, 0
41203.6, 45741.8, 0
193384, 139789, 0
188449, 319718, 0
52531.3, 121460, 0
61602.7, 34912.5, 0
167928, 143084, 0
122928, 221333, 0
45113.1, 48195.4, 0
154353, 79392, 0
133655, 28202.2, 0
167789, 160154, 0
19241.4, 131571, 0
117251, 41792.3, 0
192477, 19371.9, 0
151863, 239732, 0
25754.6, 94758.4, 0
198050, 113357, 0
93336, 25759.3, 0
186958, 69041.7, 0
226064, 110752, 0
90985.1, 77091, 0
127714, 135672, 0
73566.2, 18104.8, 0
77438, 170378, 0
63041.8, 71653.7, 0
108644, 224532, 0
207517, 149905, 0
157061, 191797, 0
211217, 216232, 0
97301.3, 239461, 0
181740, 43215.2, 0
88878.8, 31486.5, 0
21785.2, 29388.7, 0
94224.4, 107028, 0
49805.7, 199239, 0
68137.9, 244300, 0
138857, 155388, 0
274666, 135266, 0
196360, 183323, 0
167778, 75107.1, 0
124113, 107848, 0
48217.8, 149023, 0
50774.9, 113556, 0
31575.5, 121028, 0
131993, 182499, 0
152232, 182393, 0
93874.1, 215597, 0
42363.9, 97963.6, 0
109909, 122518, 0
136910, 85029, 0
123523, 56710, 0
74557.3, 113951, 0
139093, 156605, 0
107399, 55624, 0
163908, 135435, 0
29860.4, 97539.7, 0
88189.6, 204149, 0
31726.2, 119279, 0
184194, 190902, 0
138698, 48777.7, 0
165892, 300646, 0
106476, 95621.2, 0
67583.2, 145677, 0
127355, 23636.1, 0
169140, 61730, 0
233581, 59711.7, 0
104833, 157622, 0
148025, 43599.5, 0
61553.7, 187133, 0
68118, 78963.6, 0
89474.1, 12484.8, 0
94749.7, 169172, 0
161100, 190569, 0
43023.9, 306743, 0
140787, 163356, 0
106459, 29823.6, 0
128753, 89646.9, 0
46644, 160680, 0
222864, 41247, 0
75759, 88053.5, 0
108014, 94564.5, 0
47640.3, 212900, 0
56550.6, 156179, 0
171930, 92698.4, 0
103539, 212890, 0
216052, 41397, 0
87149.5, 99699, 0
193482, 114064, 0
134415, 220652, 0
202754, 129791, 0
113849, 77464.3, 0
226128, 141275, 0
81371.5, 121152, 0
311911, 66649, 0
119291, 207638, 0
191397, 131289, 0
89476.3, 214555, 0
52785.4, 78087.5, 0
61099.3, 132334, 0
8463.68, 194491, 0
165627, 180704, 0
94694.7, 183750, 0
186576, 179532, 0
49986.3, 212342, 0
79296.5, 181541, 0
70622.2, 223498, 0
128698, 190741, 0
95775.8, 144090, 0
187173, 87933.6, 0
235681, 167768, 0
206097, 258871, 0
109509, 50779.9, 0
86194.5, 69036.7, 0
265327, 108511, 0
88889.4, 36624.1, 0
95829.7, 75971.1, 0
103054, 96294.4, 0
246723, 44630.9, 0
62714.9, 274700, 0
64315.3, 189854, 0
141814, 79290.6, 0
87519.1, 105855, 0
100276, 285309, 0
120204, 151245, 0
88985.5, 23579.9, 0
58859.1, 61363.7, 0
93703.9, 219561, 0
214965, 32089.8, 0
99744.9, 114557, 0
135953, 30053.2, 0
84199.9, 180803, 0
253808, 196075, 0
194582, 67097.5, 0
136506, 2752.5, 0
72823.4, 130860, 0
102855, 66825.5, 0
61196.4, 65558.3, 0
60376.2, 159988, 0
97368.6, 110564, 0
116690, 92226.8, 0
65957.1, 16455.8, 0
128187, 253941, 0
107027, 129350, 0
58649.5, 25082.8, 0
159632, 169055, 0
69582.9, 131954, 0
146408, 92598.4, 0
86887.3, 124791, 0
78551.3, 48518.4, 0
95142.2, 158146, 0
215086, 155998, 0
269351, 171766, 0
147213, 167659, 0
109129, 214820, 0
47441.2, 30759.7, 0
161909, 38855.7, 0
139423, 134240, 0
86152, 30313.8, 0
106993, 196429, 0
217263, 197519, 0
100117, 188889, 0
69654.3, 71101, 0
19952.2, 175212, 0
86911.1, 70443.4, 0
149164, 11055.5, 0
65030.8, 207892, 0
122086, 52078.3, 0
125139, 146964, 0
153800, 55678.4, 0
160223, 90534.4, 0
145983, 115923, 0
78404.1, 84031, 0
245673, 100556, 0
223475, 188867, 0
85833.5, 102584, 0
216264, 99149.7, 0
196072, 294297, 0
117160, 79735, 0
142676, 122934, 0
83608.3, 63924.3, 0
166543, 113885, 0
164059, 175896, 0
76350.5, 158795, 0
57187.4, 57907.6, 0
34194.9, 50159.7, 0
129245, 130447, 0
89775.6, 82985.7, 0
135634, 135355, 0
100041, 129428, 0
89875.8, 46635, 0
121706, 27638.7, 0
107879, 94257.9, 0
154794, 92143.3, 0
158576, 180567, 0
123703, 59399, 0
120601, 181577, 0
97376.3, 87820.2, 0
100360, 89234.8, 0
119141, 215477, 0
72980.3, 152056, 0
161627, 113465, 0
193190, 21366.1, 0
144902, 251154, 0
113409, 147704, 0
66901, 154099, 0
28224.9, 280716, 0
117004, 216519, 0
41026.4, 136414, 0
136817, 63617, 0
101083, 206051, 0
99205.8, 170472, 0
72309.9, 115478, 0
118857, 207120, 0
95204.4, 51656.9, 0
51461.1, 25746.3, 0
271473, 258856, 0
160771, 327071, 0
79544, 23125.2, 0
163458, 94834.4, 0
67743.3, 163732, 0
91272.1, 169471, 0
88338.6, 87615.6, 0
95809.2, 187662, 0
117021, 113240, 0
162637, 35289, 0
252211, 142142, 0
123400, 88172.8, 0
125074, 185886, 0
120753, 195789, 0
104281, 41922.8, 0
97083.1, 153489, 0
70377.3, 155030, 0
27153.6, 153072, 0
91019.8, 139677, 0
135342, 31848, 0
150620, 128722, 0
240336, 56294.7, 0
211692, 195957, 0
246231, 132960, 0
100170, 53113.7, 0
55830.1, 52186.3, 0
86186.6, 194227, 0
161748, 29029.5, 0
77534.4, 112151, 0
56079.7, 38545.3, 0
160019, 157503, 0
66557.8, 117041, 0
170996, 67026.7, 0
177613, 166274, 0
146396, 103083, 0
192739, 128078, 0
51979.8, 44099.1, 0
105456, 84805.4, 0
74563.3, 24677.7, 0
161952, 152562, 0
264118, 128494, 0
68817.8, 183371, 0
65130.5, 221308, 0
133177, 49126.7, 0
61210.3, 241774, 0
188286, 99668.1, 0
159328, 43672.3, 0
66089.4, 187997, 0
192159, 161034, 0
136882, 157608, 0
142872, 79993.1, 0
216687, 115183, 0
220799, 83726.2, 0
198943, 187823, 0
208179, 61179.9, 0
111876, 121885, 0
109441, 75820.3, 0
151259, 132402, 0
196253, 183808, 0
59226.6, 134571, 0
83986, 207326, 0
97512.9, 271879, 0
189627, 72848.4, 0
67257, 54844.2, 0
243767, 292380, 0
89407.2, 134372, 0
28653.8, 220073, 0
163425, 117155, 0
55267.8, 174179, 0
131354, 136080, 0
222839, 60126.9, 0
140756, 49693.9, 0
18558.6, 51120.1, 0
280001, 85845.5, 0
57755, 95811.7, 0
122045, 50928.3, 0
138292, 154533, 0
50954.5, 178743, 0
81273.3, 148626, 0
146595, 62228.5, 0
73008, 115306, 0
150235, 305275, 0
35627.7, 184263, 0
28420.6, 133855, 0
84859.4, 73445.1, 0
44133.1, 143124, 0
97214.1, 69321.1, 0
85729.6, 95197.1, 0
119191, 115706, 0
44615.4, 135978, 0
133610, 208630, 0
105295, 76713.5, 0
214180, 54056.6, 0
187787, 68609, 0
110156, 72512.8, 0
191359, 144110, 0
57323.4, 151273, 0
87498.1, 36920.3, 0
15831.7, 84409.7, 0
292616, 165338, 0
154156, 115856, 0
118873, 121109, 0
105911, 200083, 0
62585.4, 40816.8, 0
98431.2, 107213, 0
125997, 124116, 0
123047, 151813, 0
135092, 257999, 0
146172, 25999.2, 0
55160.9, 100810, 0
128518, 256443, 0
186341, 63668.8, 0
69735.4, 150206, 0
48491.7, 170920, 0
66572.6, 195243, 0
169907, 27787.7, 0
140231, 87776.2, 0
109713, 62060.7, 0
114200, 148211, 0
152395, 80416, 0
186974, 143572, 0
250481, 158885, 0
149413, 47402.3, 0
205686, 92537.8, 0
101186, 46927.6, 0
54539.5, 166688, 0
30181.4, 96166.9, 0
116211, 43393.5, 0
88477.7, 14247.8, 0
131714, 33796.8, 0
72873.5, 151086, 0
29319.7, 32650.6, 0
104028, 126493, 0
58229.1, 235354, 0
162466, 150572, 0
78179.8, 216919, 0
90329, 139255, 0
278747, 165995, 0
203454, 223640, 0
7003.61, 239093, 0
53899.4, 112186, 0
43471.3, 146685, 0
69294.2, 151701, 0
195011, 302334, 0
66354.6, 4633.79, 0
48377.2, 93915.8, 0
95877.7, 14544.2, 0
76972.7, 131551, 0
134866, 29092.7, 0
94257.1, 203133, 0
84529.5, 13614.5, 0
82844.2, 90151.5, 0
33691.9, 54265.8, 0
77845, 202068, 0
146012, 98660.6, 0
44980.7, 127928, 0
100844, 224874, 0
124416, 123218, 0
146266, 71387.6, 0
177452, 265765, 0
67484, 188481, 0
34738.9, 87660.9, 0
201134, 78528.1, 0
102438, 25450, 0
139770, 105764, 0
187597, 248761, 0
40287.1, 66823.4, 0
116904, 227688, 0
189069, 111961, 0
137751, 92109.2, 0
264041, 127148, 0
108118, 124527, 0
128296, 146500, 0
52021.8, 98706.1, 0
196951, 88946.3, 0
183131, 69922.2, 0
185084, 53341, 0
69803.9, 93792.9, 0
133289, 97769.9, 0
130235, 109749, 0
42917.3, 240656, 0
246053, 18805.1, 0
75953.5, 74583.5, 0
133307, 69938.9, 0
165389, 75228.7, 0
249209, 95556.1, 0
152587, 50910.8, 0
303412, 154864, 0
115722, 140653, 0
85495.5, 143559, 0
88723.6, 84265.2, 0
48298.9, 179096, 0
96935.5, 114764, 0
53202.2, 54454.1, 0
169637, 137211, 0
123540, 33678.6, 0
98685.6, 54501.1, 0
144388, 173306, 0
182819, 224927, 0
316593, 186685, 0
77535.9, 37938, 0
97207, 218916, 0
163357, 185562, 0
39118.4, 125251, 0
78312.7, 155214, 0
70488.5, 62390.8, 0
114087, 84286.8, 0
38710.2, 131603, 0
168747, 302063, 0
135211, 202372, 0
25152.3, 121648, 0
130814, 111010, 0
95794.6, 181823, 0
35098.2, 108348, 0
48695.1, 80531.5, 0
111858, 96629.5, 0
51933.6, 147416, 0
127751, 53121.8, 0
83452.6, 155087, 0
42067.1, 125549, 0
63183.5, 235917, 0
76286.9, 139555, 0
180735, 11304.6, 0
129578, 145314, 0
