3.01354e+06, 5.50708e+06, 0
6.908e+06, 4.17171e+06, 0
8.32177e+06, 6.31925e+06, 0
6.62381e+06, 2.40741e+06, 0
1.1011e+07, 1.93733e+06, 0
6.57348e+06, 3.09434e+06, 0
6.63917e+06, 2.14877e+06, 0
7.59778e+06, 3.83954e+06, 0
4.64293e+06, 5.14648e+06, 0
5.76803e+06, 4.98901e+06, 0
5.68228e+06, 9.70105e+06, 0
6.42615e+06, 710736, 0
3.52972e+06, 5.46676e+06, 0
7.51839e+06, 9.65447e+06, 0
3.64696e+06, 5.63143e+06, 0
4.90585e+06, 690650, 0
4.27038e+06, 3.49419e+06, 0
908140, 3.56361e+06, 0
2.45126e+06, 9.35233e+06, 0
3.99926e+06, 570906, 0
1.00374e+06, 4.654e+06, 0
5.63341e+06, 5.01923e+06, 0
1.36653e+07, 3.05512e+06, 0
8.11181e+06, 5.86901e+06, 0
8.15788e+06, 3.62828e+06, 0
671828, 8.82086e+06, 0
4.62221e+06, 1.26001e+07, 0
7.61813e+06, 8.53493e+06, 0
5.31514e+06, 7.94586e+06, 0
7.91468e+06, 6.85835e+06, 0
5.66449e+06, 3.07715e+06, 0
2.01163e+06, 581398, 0
2.40223e+06, 1.36435e+07, 0
790064, 3.59987e+06, 0
4.49955e+06, 5.51218e+06, 0
1.06536e+07, 1.0805e+07, 0
2.86022e+06, 6.56857e+06, 0
8.01181e+06, 3.1597e+06, 0
4.09751e+06, 1.18804e+07, 0
7.87027e+06, 4.96727e+06, 0
8.79951e+06, 3.90969e+06, 0
1.51087e+06, 6.26879e+06, 0
1.00635e+07, 1.94553e+06, 0
8.71801e+06, 5.08251e+06, 0
3.12881e+06, 3.67165e+06, 0
4.10665e+06, 7.28883e+06, 0
1.61926e+06, 9.39273e+06, 0
2.85579e+06, 1.41976e+06, 0
5.1747e+06, 2.48804e+06, 0
8.41829e+06, 1.09588e+06, 0
1.22094e+07, 4.36663e+06, 0
3.95487e+06, 4.34563e+06, 0
5.34976e+06, 4.58142e+06, 0
3.72023e+06, 9.60801e+06, 0
3.29971e+06, 2.13986e+06, 0
4.07259e+06, 6.60369e+06, 0
7.47442e+06, 3.53785e+06, 0
8.10231e+06, 7.66691e+06, 0
3.62917e+06, 5.01146e+06, 0
3.06339e+06, 4.32546e+06, 0
1.86821e+06, 4.83171e+06, 0
4.98266e+06, 3.47947e+06, 0
4.11483e+06, 5.47507e+06, 0
4.2405e+06, 1.87922e+06, 0
7.49201e+06, 3.35854e+06, 0
8.23936e+06, 2.40803e+06, 0
9.78538e+06, 1.05079e+07, 0
9.28749e+06, 2.52197e+06, 0
5.71916e+06, 5.85391e+06, 0
4.17787e+06, 7.36924e+06, 0
5.7355e+06, 9.46459e+06, 0
8.45902e+06, 3.71199e+06, 0
6.55054e+06, 3.53862e+06, 0
3.38803e+06, 4.11613e+06, 0
4.59583e+06, 4.67951e+06, 0
4.62755e+06, 6.55187e+06, 0
3.95265e+06, 4.82666e+06, 0
8.0406e+06, 6.95064e+06, 0
2.45176e+06, 4.15989e+06, 0
1.91133e+06, 1.3882e+07, 0
6.75115e+06, 6.34918e+06, 0
5.17781e+06, 8.42065e+06, 0
3.81991e+06, 3.87794e+06, 0
1.08885e+07, 1.14965e+07, 0
2.26894e+06, 4.72398e+06, 0
1.61227e+07, 8.2454e+06, 0
7.65209e+06, 2.91154e+06, 0
9.95231e+06, 8.17333e+06, 0
7.9844e+06, 4.2231e+06, 0
3.47852e+06, 5.93146e+06, 0
2.60652e+06, 3.37476e+06, 0
5.02006e+06, 9.63024e+06, 0
1.08959e+07, 6.87543e+06, 0
4.22989e+06, 9.64115e+06, 0
5.81986e+06, 6.00994e+06, 0
4.15509e+06, 6.42644e+06, 0
7.68786e+06, 5.82701e+06, 0
3.86058e+06, 7.84015e+06, 0
9.06926e+06, 3.83039e+06, 0
1.07282e+06, 6.04033e+06, 0
9.41951e+06, 5.49525e+06, 0
6.24633e+06, 1.9514e+06, 0
3.95291e+06, 9.59628e+06, 0
4.10814e+06, 1.02438e+07, 0
5.02985e+06, 2.02886e+06, 0
6.67997e+06, 7.16002e+06, 0
1.86095e+06, 3.06509e+06, 0
2.13366e+06, 6.90497e+06, 0
4.31764e+06, 4.43966e+06, 0
3.73998e+06, 1.2195e+06, 0
7.88775e+06, 4.30608e+06, 0
1.07839e+07, 5.25587e+06, 0
8.02533e+06, 5.43189e+06, 0
2.88985e+06, 9.15972e+06, 0
3.4448e+06, 7.04615e+06, 0
8.13465e+06, 1.30348e+07, 0
8.97381e+06, 2.36367e+06, 0
585084, 8.19576e+06, 0
5.95621e+06, 2.9663e+06, 0
3.04774e+06, 2.40146e+06, 0
3.56447e+06, 3.1586e+06, 0
9.2489e+06, 7.80885e+06, 0
1.01475e+06, 566993, 0
2.38507e+06, 9.12411e+06, 0
9.15939e+06, 3.93279e+06, 0
6.82912e+06, 5.68152e+06, 0
6.62771e+06, 2.67208e+06, 0
1.58936e+06, 4.79423e+06, 0
2.91532e+06, 2.13421e+06, 0
3.48822e+06, 4.65587e+06, 0
1.68294e+06, 1.23448e+07, 0
4.33777e+06, 6.3003e+06, 0
3.772e+06, 701034, 0
2.42454e+06, 6.04432e+06, 0
8.94995e+06, 4.38352e+06, 0
9.77472e+06, 6.55703e+06, 0
6.41614e+06, 5.60579e+06, 0
8.53916e+06, 5.92889e+06, 0
5.40855e+06, 7.4104e+06, 0
3.9995e+06, 1.87595e+06, 0
1.24235e+06, 4.96716e+06, 0
3.23145e+06, 3.91976e+06, 0
9.18768e+06, 5.65099e+06, 0
5.10866e+06, 5.66517e+06, 0
1.09328e+07, 1.38321e+07, 0
4.64338e+06, 3.83373e+06, 0
4.76141e+06, 7.87809e+06, 0
1.0796e+07, 6.76119e+06, 0
5.15095e+06, 5.29927e+06, 0
9.59504e+06, 7.39448e+06, 0
1.6895e+06, 6.75836e+06, 0
3.58311e+06, 3.82058e+06, 0
5.09503e+06, 7.41756e+06, 0
4.68268e+06, 6.94424e+06, 0
6.28052e+06, 3.36167e+06, 0
2.22454e+06, 3.79827e+06, 0
5.08908e+06, 6.1856e+06, 0
9.02929e+06, 3.61211e+06, 0
2.91076e+06, 4.69092e+06, 0
6.52601e+06, 4.66476e+06, 0
7.22433e+06, 4.1331e+06, 0
5.34487e+06, 4.95934e+06, 0
1.50062e+06, 4.78327e+06, 0
3.80085e+06, 6.13533e+06, 0
9.80342e+06, 6.56766e+06, 0
4.78419e+06, 6.11274e+06, 0
5.80612e+06, 1.02064e+07, 0
7.67254e+06, 3.19249e+06, 0
6.39866e+06, 2.24385e+06, 0
1.26681e+06, 4.73106e+06, 0
9.50765e+06, 8.98253e+06, 0
3.5819e+06, 5.38057e+06, 0
4.38313e+06, 2.01831e+06, 0
1.08946e+07, 7.40891e+06, 0
8.41212e+06, 3.17182e+06, 0
3.44735e+06, 5.55757e+06, 0
4.87248e+06, 3.08088e+06, 0
1.52159e+06, 8.24555e+06, 0
2.79048e+06, 4.96225e+06, 0
3.86221e+06, 4.22057e+06, 0
6.2922e+06, 3.274e+06, 0
8.53065e+06, 1.00845e+06, 0
9.12894e+06, 6.35427e+06, 0
5.8592e+06, 2.32062e+06, 0
1.77191e+06, 4.55028e+06, 0
2.11732e+06, 6.61842e+06, 0
7.04307e+06, 1.62424e+06, 0
709680, 5.01935e+06, 0
4.95983e+06, 1.48503e+06, 0
3.8432e+06, 2.68756e+06, 0
8.34649e+06, 3.36026e+06, 0
1.09775e+07, 5.74793e+06, 0
3.15932e+06, 5.57105e+06, 0
6.66812e+06, 1.05965e+06, 0
9.02229e+06, 3.18881e+06, 0
4.16733e+06, 6.6013e+06, 0
2.44847e+06, 8.68962e+06, 0
1.07518e+07, 1.79416e+06, 0
3.87002e+06, 3.82422e+06, 0
3.37587e+06, 1.10087e+07, 0
7.6085e+06, 3.24059e+06, 0
6.40635e+06, 3.86619e+06, 0
6.01083e+06, 1.30376e+07, 0
6.63284e+06, 2.65408e+06, 0
5.50377e+06, 9.51007e+06, 0
3.66427e+06, 3.63111e+06, 0
1.21915e+07, 1.58775e+06, 0
6.10138e+06, 4.74983e+06, 0
3.08431e+06, 2.51102e+06, 0
6.39305e+06, 4.46621e+06, 0
4.73897e+06, 1.48117e+06, 0
6.52394e+06, 6.94098e+06, 0
9.87647e+06, 7.82719e+06, 0
4.01746e+06, 3.63379e+06, 0
8.87322e+06, 4.98679e+06, 0
5.56531e+06, 4.26153e+06, 0
6.34834e+06, 1.14802e+06, 0
5.90137e+06, 2.90369e+06, 0
4.16698e+06, 3.81785e+06, 0
6.19252e+06, 2.88915e+06, 0
2.92265e+06, 5.94074e+06, 0
5.88237e+06, 9.39266e+06, 0
9.49125e+06, 8.91223e+06, 0
7.95797e+06, 5.29146e+06, 0
3.13674e+06, 212493, 0
3.59061e+06, 8.5495e+06, 0
7.31238e+06, 5.8781e+06, 0
3.21695e+06, 8.26508e+06, 0
1.20267e+06, 8.72169e+06, 0
4.13394e+06, 4.58676e+06, 0
6.40154e+06, 6.84754e+06, 0
6.06078e+06, 4.90023e+06, 0
5.20022e+06, 2.92096e+06, 0
4.56981e+06, 8.49193e+06, 0
1.05287e+07, 6.62084e+06, 0
2.51587e+06, 1.78124e+06, 0
2.39156e+06, 3.09558e+06, 0
8.79463e+06, 8.38872e+06, 0
3.05963e+06, 5.1233e+06, 0
8.14453e+06, 6.69455e+06, 0
2.18671e+06, 1.31539e+06, 0
6.13863e+06, 6.51694e+06, 0
5.2084e+06, 2.26881e+06, 0
39852.1, 5.32408e+06, 0
1.84e+06, 2.33351e+06, 0
3.62233e+06, 3.2134e+06, 0
9.92466e+06, 658763, 0
5.27534e+06, 539192, 0
3.98759e+06, 4.19653e+06, 0
5.95365e+06, 6.77096e+06, 0
5.68576e+06, 1.69779e+06, 0
3.70733e+06, 2.36705e+06, 0
1.20545e+07, 1.06011e+07, 0
6.22492e+06, 5.04364e+06, 0
9.03319e+06, 9.52282e+06, 0
1.89821e+06, 4.71375e+06, 0
8.37534e+06, 3.72555e+06, 0
4.23286e+06, 4.04638e+06, 0
5.92091e+06, 9.55579e+06, 0
8.20222e+06, 8.2969e+06, 0
8.47805e+06, 7.55108e+06, 0
5.63282e+06, 2.70164e+06, 0
4.74901e+06, 2.04506e+06, 0
4.16618e+06, 3.95156e+06, 0
9.77656e+06, 4.65748e+06, 0
3.95632e+06, 9.00343e+06, 0
5.30829e+06, 3.25671e+06, 0
4.76637e+06, 9.21864e+06, 0
2.42553e+06, 7.22272e+06, 0
5.91594e+06, 4.83547e+06, 0
2.90609e+06, 6.97999e+06, 0
4.96419e+06, 8.62561e+06, 0
4.31265e+06, 9.37372e+06, 0
6.69971e+06, 2.74316e+06, 0
4.9723e+06, 4.02905e+06, 0
7.51514e+06, 533637, 0
7.43145e+06, 5.63107e+06, 0
9.46683e+06, 6.4477e+06, 0
7.15989e+06, 4.76004e+06, 0
2.55086e+06, 4.37613e+06, 0
4.89689e+06, 7.12462e+06, 0
5.75483e+06, 1.81521e+06, 0
6.08917e+06, 5.22801e+06, 0
4.38054e+06, 2.60649e+06, 0
7.08799e+06, 7.19208e+06, 0
6.97936e+06, 7.01957e+06, 0
4.07982e+06, 6.94599e+06, 0
8.16382e+06, 7.37796e+06, 0
7.80516e+06, 2.3889e+06, 0
5.75594e+06, 8.724e+06, 0
6.29321e+06, 5.64529e+06, 0
8.29926e+06, 6.30175e+06, 0
4.94037e+06, 2.72697e+06, 0
8.82045e+06, 5.33347e+06, 0
4.0055e+06, 8.90646e+06, 0
5.29504e+06, 2.46536e+06, 0
5.06608e+06, 7.12518e+06, 0
3.74009e+06, 6.25681e+06, 0
2.09977e+06, 7.44329e+06, 0
8.08658e+06, 4.4802e+06, 0
6.79846e+06, 3.14348e+06, 0
4.1331e+06, 5.29749e+06, 0
5.20783e+06, 7.08498e+06, 0
3.75411e+06, 1.286e+06, 0
8.55468e+06, 9.71769e+06, 0
7.50669e+06, 7.25655e+06, 0
9.04114e+06, 2.67496e+06, 0
6.78158e+06, 2.23749e+06, 0
1.33229e+06, 3.27201e+06, 0
1.64073e+06, 4.09586e+06, 0
1.29269e+06, 5.49614e+06, 0
8.81797e+06, 4.36883e+06, 0
4.3641e+06, 3.63062e+06, 0
2.49049e+06, 4.28554e+06, 0
4.76408e+06, 5.35912e+06, 0
3.60833e+06, 3.71019e+06, 0
9.27338e+06, 1.05104e+07, 0
2.37007e+06, 7.70397e+06, 0
1.44738e+06, 9.39041e+06, 0
3.52474e+06, 5.4709e+06, 0
2.20459e+06, 6.79874e+06, 0
4.00945e+06, 957548, 0
5.63943e+06, 4.67348e+06, 0
1.01755e+07, 7.11989e+06, 0
5.9419e+06, 1.29655e+07, 0
6.26985e+06, 5.56613e+06, 0
7.25724e+06, 6.7536e+06, 0
4.99872e+06, 5.21663e+06, 0
4.80696e+06, 6.01481e+06, 0
7.26206e+06, 2.10907e+06, 0
3.72224e+06, 9.96101e+06, 0
7.01031e+06, 7.18696e+06, 0
6.37115e+06, 3.07837e+06, 0
8.4359e+06, 2.75003e+06, 0
5.51675e+06, 3.62556e+06, 0
9.48022e+06, 4.12238e+06, 0
2.64614e+06, 1.70625e+06, 0
6.07707e+06, 974027, 0
3.97531e+06, 8.44984e+06, 0
8.20209e+06, 1.15338e+06, 0
6.55509e+06, 8.28139e+06, 0
2.93556e+06, 4.16711e+06, 0
7.50549e+06, 3.93229e+06, 0
7.63375e+06, 1.37144e+07, 0
7.98256e+06, 5.52558e+06, 0
7.43221e+06, 8.34154e+06, 0
1.54553e+06, 3.95416e+06, 0
6.51858e+06, 2.12544e+06, 0
2.74752e+06, 642024, 0
842632, 1.06456e+07, 0
2.31416e+06, 7.37968e+06, 0
2.07501e+06, 4.39574e+06, 0
4.09935e+06, 1.02796e+07, 0
7.15314e+06, 3.87557e+06, 0
4.14904e+06, 4.0911e+06, 0
5.01448e+06, 7.89502e+06, 0
2.70263e+06, 6.73942e+06, 0
3.46921e+06, 4.10242e+06, 0
1.02407e+06, 5.8355e+06, 0
1.59544e+06, 3.48359e+06, 0
6.42738e+06, 2.45973e+06, 0
5.25343e+06, 2.92091e+06, 0
8.50991e+06, 5.56177e+06, 0
3.8756e+06, 9.41986e+06, 0
3.32615e+06, 1.2809e+06, 0
1.31902e+06, 9.56613e+06, 0
1.42284e+06, 2.15748e+06, 0
4.25296e+06, 7.08612e+06, 0
5.49996e+06, 2.99945e+06, 0
3.46401e+06, 6.17908e+06, 0
7.22849e+06, 2.45739e+06, 0
3.36082e+06, 5.17313e+06, 0
7.54921e+06, 471729, 0
1.07053e+07, 9.41667e+06, 0
2.83984e+06, 5.00099e+06, 0
7.15849e+06, 1.03984e+07, 0
6.49123e+06, 8.10319e+06, 0
1.08288e+06, 2.05789e+06, 0
1.5247e+06, 5.15381e+06, 0
3.71409e+06, 935141, 0
8.11556e+06, 6.36241e+06, 0
9.41252e+06, 3.3051e+06, 0
5.5017e+06, 3.57291e+06, 0
2.79543e+06, 1.64271e+06, 0
6.4291e+06, 9.63051e+06, 0
3.88241e+06, 4.45404e+06, 0
4.41136e+06, 5.99096e+06, 0
4.3262e+06, 5.67439e+06, 0
5.32996e+06, 2.8514e+06, 0
3.18563e+06, 5.62482e+06, 0
7.84576e+06, 6.21702e+06, 0
1.44217e+07, 5.17381e+06, 0
4.73325e+06, 5.25772e+06, 0
2.58555e+06, 6.60213e+06, 0
2.63208e+06, 7.83452e+06, 0
7.21046e+06, 2.07068e+06, 0
9.9192e+06, 4.63988e+06, 0
1.03487e+07, 1.5834e+06, 0
8.50508e+06, 3.80783e+06, 0
4.96531e+06, 2.06698e+06, 0
6.51638e+06, 1.23884e+07, 0
2.51585e+06, 2.96412e+06, 0
3.45951e+06, 1.95079e+06, 0
3.77437e+06, 5.74204e+06, 0
4.17753e+06, 8.61891e+06, 0
5.4323e+06, 4.81533e+06, 0
887513, 3.24069e+06, 0
1.00593e+07, 2.62438e+06, 0
7.05303e+06, 2.49456e+06, 0
6.63345e+06, 1.05424e+06, 0
2.77249e+06, 8.03217e+06, 0
3.56102e+06, 3.68462e+06, 0
989715, 3.33316e+06, 0
9.94099e+06, 4.59342e+06, 0
8.86372e+06, 1.87103e+06, 0
6.01802e+06, 8.72447e+06, 0
3.00987e+06, 4.94824e+06, 0
1.08791e+07, 4.87815e+06, 0
3.48223e+06, 6.82917e+06, 0
2.51394e+06, 8.7128e+06, 0
7.18949e+06, 9.71696e+06, 0
2.03052e+06, 2.58495e+06, 0
8.06644e+06, 3.31025e+06, 0
2.05855e+06, 902681, 0
3.7638e+06, 6.17704e+06, 0
2.18168e+06, 7.30212e+06, 0
3.39177e+06, 3.08373e+06, 0
6.94163e+06, 2.94598e+06, 0
1.27745e+06, 1.34926e+07, 0
4.17733e+06, 8.85343e+06, 0
2.56827e+06, 2.02093e+06, 0
7.38214e+06, 2.88497e+06, 0
4.511e+06, 4.28576e+06, 0
7.23061e+06, 7.35976e+06, 0
1.18885e+06, 4.6247e+06, 0
4.9253e+06, 1.50316e+06, 0
5.55691e+06, 5.0338e+06, 0
2.38618e+06, 1.92552e+06, 0
4.85002e+06, 3.84251e+06, 0
7.13351e+06, 2.85987e+06, 0
8.80015e+06, 8.66922e+06, 0
2.03946e+06, 6.19719e+06, 0
4.74234e+06, 5.04941e+06, 0
3.47301e+06, 3.06689e+06, 0
3.90629e+06, 1.26716e+06, 0
5.18934e+06, 6.54666e+06, 0
3.12584e+06, 2.40566e+06, 0
3.88562e+06, 1.02931e+07, 0
7.65238e+06, 1.51237e+06, 0
4.48475e+06, 3.39477e+06, 0
6.08529e+06, 5.44092e+06, 0
5.23637e+06, 7.53643e+06, 0
5.21461e+06, 3.62098e+06, 0
5.39662e+06, 7.46115e+06, 0
7.58702e+06, 1.90416e+06, 0
1.02654e+07, 2.21853e+06, 0
7.06495e+06, 4.18188e+06, 0
3.19389e+06, 1.06156e+06, 0
2.19523e+06, 4.76481e+06, 0
7.16898e+06, 7.44124e+06, 0
2.63579e+06, 3.15559e+06, 0
7.59966e+06, 9.34369e+06, 0
1.72012e+06, 2.21824e+06, 0
2.93527e+06, 1.90835e+06, 0
1.13136e+07, 1.96602e+06, 0
3.821e+06, 2.45333e+06, 0
8.62852e+06, 6.33425e+06, 0
6.74148e+06, 2.43161e+06, 0
1.4664e+06, 2.94015e+06, 0
1.47364e+07, 6.17504e+06, 0
5.1767e+06, 3.38816e+06, 0
6.70086e+06, 7.40533e+06, 0
3.42735e+06, 1.31222e+07, 0
2.02362e+06, 3.48089e+06, 0
4.29437e+06, 2.25287e+06, 0
4.16037e+06, 6.65557e+06, 0
6.88797e+06, 3.05991e+06, 0
9.14548e+06, 8.08949e+06, 0
4.53898e+06, 2.2244e+06, 0
5.53332e+06, 1.78401e+06, 0
4.3297e+06, 6.33512e+06, 0
3.73954e+06, 494593, 0
5.61219e+06, 5.14296e+06, 0
4.39361e+06, 3.72055e+06, 0
4.88334e+06, 4.80631e+06, 0
5.42346e+06, 4.50693e+06, 0
5.8245e+06, 5.98381e+06, 0
5.87712e+06, 739490, 0
7.01723e+06, 3.35455e+06, 0
1.04301e+07, 3.40902e+06, 0
2.1003e+06, 1.28796e+07, 0
5.77613e+06, 8.13812e+06, 0
4.89801e+06, 6.03895e+06, 0
3.53911e+06, 5.72185e+06, 0
8.73295e+06, 4.33424e+06, 0
1.21861e+06, 6.68364e+06, 0
2.56056e+06, 4.18013e+06, 0
2.04107e+06, 4.97114e+06, 0
6.03668e+06, 3.89053e+06, 0
5.18864e+06, 2.61908e+06, 0
5.92461e+06, 4.46426e+06, 0
1.2185e+06, 2.61113e+06, 0
3.35783e+06, 8.8464e+06, 0
5.50095e+06, 822600, 0
6.29677e+06, 2.85842e+06, 0
1.78912e+06, 8.79555e+06, 0
7.06167e+06, 4.71394e+06, 0
6.16984e+06, 6.87396e+06, 0
4.8878e+06, 6.19617e+06, 0
7.76561e+06, 5.11285e+06, 0
1.3618e+06, 1.24391e+06, 0
4.17189e+06, 4.05385e+06, 0
6.37435e+06, 3.0185e+06, 0
412946, 9.82821e+06, 0
5.62248e+06, 1.02375e+07, 0
6.55154e+06, 2.25142e+06, 0
1.33022e+06, 815195, 0
1.82347e+06, 6.2486e+06, 0
4.12601e+06, 1.02933e+07, 0
1.9732e+06, 462685, 0
7.47002e+06, 6.13656e+06, 0
2.32126e+06, 5.19538e+06, 0
3.74259e+06, 6.89819e+06, 0
6.09832e+06, 7.14723e+06, 0
3.08545e+06, 2.80523e+06, 0
7.60216e+06, 4.62917e+06, 0
3.80333e+06, 597457, 0
3.72484e+06, 4.73217e+06, 0
718908, 7.65455e+06, 0
2.92825e+06, 5.88998e+06, 0
1.54451e+06, 3.03754e+06, 0
6.63628e+06, 4.16478e+06, 0
2.2516e+06, 6.1794e+06, 0
8.3632e+06, 2.9182e+06, 0
1.04149e+07, 4.28251e+06, 0
4.33934e+06, 2.74573e+06, 0
6.41028e+06, 5.82908e+06, 0
6.6988e+06, 5.87368e+06, 0
6.31972e+06, 2.93368e+06, 0
2.66521e+06, 2.0062e+06, 0
2.16602e+06, 6.87121e+06, 0
4.51821e+06, 2.79624e+06, 0
1.10896e+07, 4.71656e+06, 0
1.1857e+07, 5.8062e+06, 0
2.19857e+06, 6.6966e+06, 0
2.79319e+06, 2.95971e+06, 0
5.51092e+06, 4.4615e+06, 0
2.1148e+06, 3.05908e+06, 0
3.22449e+06, 8.31442e+06, 0
3.14019e+06, 9.62118e+06, 0
3.95579e+06, 5.55549e+06, 0
2.04508e+06, 3.53322e+06, 0
1.14108e+06, 8.35005e+06, 0
5.65974e+06, 5.713e+06, 0
1.13026e+07, 9.58357e+06, 0
1.03194e+06, 7.36203e+06, 0
2.39678e+06, 8.98068e+06, 0
1.16367e+07, 1.86811e+06, 0
1.60723e+06, 4.08727e+06, 0
1.09928e+07, 2.07061e+06, 0
4.40449e+06, 9.59204e+06, 0
5.98213e+06, 1.96794e+06, 0
5.26099e+06, 8.20712e+06, 0
4.59313e+06, 6.03614e+06, 0
8.93078e+06, 1.19532e+06, 0
5.39239e+06, 4.7927e+06, 0
4.17679e+06, 4.95844e+06, 0
4.083e+06, 8.9517e+06, 0
8.51463e+06, 3.66696e+06, 0
1.02116e+07, 5.29651e+06, 0
1.164e+07, 4.38251e+06, 0
2.54557e+06, 524780, 0
6.09577e+06, 6.31595e+06, 0
5.00613e+06, 2.23222e+06, 0
4.10371e+06, 7.31301e+06, 0
2.41752e+06, 4.32956e+06, 0
3.38215e+06, 9.38978e+06, 0
2.95182e+06, 8.45119e+06, 0
5.69054e+06, 8.0687e+06, 0
4.97267e+06, 1.40242e+06, 0
5.9411e+06, 5.89884e+06, 0
1.74178e+06, 7.01749e+06, 0
2.41975e+06, 4.81756e+06, 0
8.25707e+06, 3.79934e+06, 0
1.92412e+06, 3.49182e+06, 0
9.27813e+06, 3.39053e+06, 0
3.54466e+06, 5.86243e+06, 0
4.85785e+06, 1.28747e+06, 0
6.27816e+06, 4.5566e+06, 0
8.68266e+06, 4.82816e+06, 0
4.77196e+06, 2.85047e+06, 0
2.77263e+06, 7.71549e+06, 0
5.51487e+06, 2.21455e+06, 0
5.39934e+06, 3.88113e+06, 0
4.6773e+06, 3.87619e+06, 0
6.34172e+06, 1.8509e+06, 0
64266.3, 1.72897e+07, 0
2.40637e+06, 9.10347e+06, 0
2.55433e+06, 1.62429e+06, 0
2.23243e+06, 5.77163e+06, 0
9.71932e+06, 4.99544e+06, 0
7.6085e+06, 3.24059e+06, 0
1.14738e+07, 1.12932e+06, 0
6.74638e+06, 4.07323e+06, 0
1.02762e+07, 4.95259e+06, 0
7.42649e+06, 6.40911e+06, 0
8.49656e+06, 1.04267e+07, 0
3.40787e+06, 1.48423e+06, 0
7.74692e+06, 1.86347e+06, 0
2.92023e+06, 1.85076e+06, 0
4.90643e+06, 2.59805e+06, 0
5.90824e+06, 5.60969e+06, 0
3.54213e+06, 5.96954e+06, 0
7.26188e+06, 7.06664e+06, 0
7.5867e+06, 7.31275e+06, 0
1.90498e+06, 1.81445e+06, 0
2.75455e+06, 5.54138e+06, 0
1.5954e+06, 3.41061e+06, 0
2.96032e+06, 7.82096e+06, 0
8.67238e+06, 4.78093e+06, 0
9.77299e+06, 4.76129e+06, 0
7.86641e+06, 2.00933e+06, 0
6.38485e+06, 2.50204e+06, 0
1.20611e+07, 4.85733e+06, 0
2.37713e+06, 3.77812e+06, 0
2.15725e+06, 4.6382e+06, 0
599416, 1.78777e+06, 0
7.3868e+06, 7.93192e+06, 0
1.27158e+07, 5.31751e+06, 0
4.06475e+06, 6.76025e+06, 0
7.01349e+06, 4.80098e+06, 0
3.90414e+06, 2.51735e+06, 0
1.22182e+07, 9.00405e+06, 0
4.09812e+06, 2.6296e+06, 0
3.80188e+06, 4.11953e+06, 0
1.12334e+06, 4.48776e+06, 0
7.49491e+06, 6.14495e+06, 0
4.66682e+06, 3.4627e+06, 0
2.2466e+06, 3.96866e+06, 0
1.29897e+06, 8.66721e+06, 0
6.09066e+06, 4.81775e+06, 0
4.84134e+06, 1.48367e+07, 0
4.88034e+06, 7.16738e+06, 0
4.44045e+06, 1.5415e+06, 0
1.14727e+07, 3.49219e+06, 0
5.99071e+06, 1.00743e+07, 0
2.007e+06, 9.19108e+06, 0
1.08048e+06, 4.7123e+06, 0
1.16552e+07, 4.44148e+06, 0
9.39426e+06, 5.09244e+06, 0
2.4588e+06, 2.37653e+06, 0
972477, 9.42307e+06, 0
5.44816e+06, 3.05103e+06, 0
2.67215e+06, 8.64132e+06, 0
4.85965e+06, 2.05636e+06, 0
2.24189e+06, 7.11728e+06, 0
8.32221e+06, 5.5364e+06, 0
7.68995e+06, 3.80828e+06, 0
1.08975e+07, 5.74334e+06, 0
6.49068e+06, 4.09852e+06, 0
2.82693e+06, 8.14216e+06, 0
2.99437e+06, 4.07657e+06, 0
1.2201e+07, 4.62599e+06, 0
3.27e+06, 7.36348e+06, 0
4.61684e+06, 8.46547e+06, 0
2.16546e+06, 4.77559e+06, 0
7.67091e+06, 4.48014e+06, 0
5.86645e+06, 703770, 0
3.48871e+06, 9.80818e+06, 0
5.25093e+06, 6.88353e+06, 0
5.92754e+06, 3.25369e+06, 0
8.90028e+06, 5.28999e+06, 0
4.50255e+06, 3.27085e+06, 0
8.3052e+06, 8.69139e+06, 0
5.24831e+06, 6.45723e+06, 0
276875, 8.76024e+06, 0
9.08975e+06, 5.26757e+06, 0
4.51194e+06, 5.88235e+06, 0
6.30205e+06, 6.45652e+06, 0
1.0268e+06, 1.0351e+07, 0
5.31673e+06, 812232, 0
1.05416e+06, 1.60617e+06, 0
3.53005e+06, 3.52777e+06, 0
5.75319e+06, 8.02031e+06, 0
6.78124e+06, 874489, 0
4.39324e+06, 4.57438e+06, 0
4.26134e+06, 4.77714e+06, 0
9.43348e+06, 2.10114e+06, 0
5.03759e+06, 5.10176e+06, 0
6.24155e+06, 3.68073e+06, 0
2.95859e+06, 4.47296e+06, 0
3.29368e+06, 7.14327e+06, 0
8.6246e+06, 8.54271e+06, 0
4.57342e+06, 2.70877e+06, 0
4.66051e+06, 3.91101e+06, 0
2.24931e+06, 8.78062e+06, 0
3.56873e+06, 9.23929e+06, 0
1.84555e+06, 5.34611e+06, 0
9.28487e+06, 8.95109e+06, 0
3.38273e+06, 4.1887e+06, 0
3.86816e+06, 5.02606e+06, 0
6.8716e+06, 8.69609e+06, 0
5.58201e+06, 768700, 0
5.58138e+06, 2.2748e+06, 0
584151, 6.49723e+06, 0
4.64041e+06, 7.96648e+06, 0
9.77911e+06, 2.83474e+06, 0
6.66895e+06, 4.74895e+06, 0
1.57835e+07, 3.14211e+06, 0
1.686e+06, 3.55226e+06, 0
1.21005e+06, 6.0669e+06, 0
3.95473e+06, 1.09952e+07, 0
7.46759e+06, 611356, 0
5.04405e+06, 1.77657e+06, 0
4.88099e+06, 8.00383e+06, 0
3.54076e+06, 6.48224e+06, 0
5.84809e+06, 5.18311e+06, 0
4.61084e+06, 9.36749e+06, 0
6.66822e+06, 2.38302e+06, 0
1.63085e+07, 3.73086e+06, 0
5.16511e+06, 2.71002e+06, 0
9.00923e+06, 5.15805e+06, 0
1.31898e+06, 5.51338e+06, 0
1.72968e+06, 2.8642e+06, 0
4.5957e+06, 1.28028e+07, 0
667364, 1.0254e+07, 0
1.83611e+06, 2.42302e+06, 0
2.271e+06, 1.07348e+06, 0
7.60972e+06, 3.38353e+06, 0
3.32477e+06, 9.87192e+06, 0
2.4497e+06, 5.52116e+06, 0
1.92639e+06, 8.36923e+06, 0
2.78771e+06, 3.82058e+06, 0
6.01821e+06, 9.34165e+06, 0
4.53589e+06, 6.42448e+06, 0
5.57861e+06, 8.07015e+06, 0
6.9812e+06, 9.28849e+06, 0
5.99494e+06, 2.61027e+06, 0
1.07972e+07, 7.92577e+06, 0
1.04461e+07, 5.10064e+06, 0
1.83786e+06, 9.17922e+06, 0
382922, 1.79863e+06, 0
1.02759e+07, 6.3796e+06, 0
9.81471e+06, 9.34408e+06, 0
3.91864e+06, 6.02276e+06, 0
1.42004e+06, 7.11503e+06, 0
4.82547e+06, 684185, 0
4.01046e+06, 4.3317e+06, 0
5.27322e+06, 1.21385e+06, 0
6.29643e+06, 5.51342e+06, 0
6.53676e+06, 6.7989e+06, 0
2.33853e+06, 1.24448e+07, 0
1.02907e+07, 8.28841e+06, 0
4.23853e+06, 1.65808e+06, 0
2.34701e+06, 3.23163e+06, 0
3.35558e+06, 6.77592e+06, 0
4.2896e+06, 1.01786e+07, 0
926694, 6.33589e+06, 0
6.50235e+06, 3.84502e+06, 0
6.14458e+06, 3.2093e+06, 0
1.6534e+06, 5.78967e+06, 0
3.30233e+06, 3.42886e+06, 0
6.12119e+06, 5.16766e+06, 0
4.42124e+06, 5.01969e+06, 0
2.56838e+06, 4.88728e+06, 0
4.79919e+06, 1.74158e+06, 0
8.39077e+06, 4.13262e+06, 0
4.76358e+06, 2.63715e+06, 0
8.44721e+06, 6.05098e+06, 0
5.78819e+06, 8.13345e+06, 0
7.39481e+06, 3.42777e+06, 0
1.59572e+06, 4.05009e+06, 0
1.11507e+07, 5.7574e+06, 0
8.68663e+06, 4.89382e+06, 0
3.13649e+06, 2.35049e+06, 0
2.64368e+06, 4.26217e+06, 0
1.39022e+07, 5.91277e+06, 0
1.42685e+06, 2.3065e+06, 0
7.83142e+06, 5.51833e+06, 0
2.83741e+06, 3.85022e+06, 0
5.10498e+06, 7.54064e+06, 0
6.91166e+06, 5.89581e+06, 0
6.07704e+06, 6.93199e+06, 0
2.74272e+06, 2.85697e+06, 0
8.81605e+06, 8.45263e+06, 0
2.66094e+06, 989016, 0
3.53791e+06, 2.52339e+06, 0
8.41778e+06, 6.13874e+06, 0
6.7998e+06, 1.49195e+06, 0
5.00673e+06, 757224, 0
6.64209e+06, 4.71438e+06, 0
4.04833e+06, 1.4196e+06, 0
5.60696e+06, 6.68634e+06, 0
5.32711e+06, 1.14757e+06, 0
1.10021e+07, 6.38804e+06, 0
8.66506e+06, 7.37115e+06, 0
5.50998e+06, 2.6985e+06, 0
8.98339e+06, 9.15694e+06, 0
259580, 2.44898e+06, 0
1.12288e+07, 5.3364e+06, 0
1.81556e+06, 1.07456e+06, 0
1.83645e+06, 7.00215e+06, 0
6.15848e+06, 4.45791e+06, 0
3.85376e+06, 5.03908e+06, 0
7.32025e+06, 6.85912e+06, 0
3.4552e+06, 4.32123e+06, 0
1.03836e+07, 6.57505e+06, 0
8.72875e+06, 4.46654e+06, 0
7.2946e+06, 5.35578e+06, 0
4.77879e+06, 1.40266e+07, 0
1.56627e+06, 1.09778e+06, 0
4.86423e+06, 2.55501e+06, 0
3.43147e+06, 8.54271e+06, 0
2.96815e+06, 1.00884e+07, 0
8.6675e+06, 3.09662e+06, 0
7.44993e+06, 5.99338e+06, 0
6.40616e+06, 6.92962e+06, 0
3.53834e+06, 8.56691e+06, 0
3.53869e+06, 1.62578e+06, 0
5.93783e+06, 4.97381e+06, 0
4.36553e+06, 9.60745e+06, 0
4.84249e+06, 3.3688e+06, 0
4.71405e+06, 4.70672e+06, 0
7.97235e+06, 6.615e+06, 0
5.89409e+06, 6.86979e+06, 0
1.06414e+06, 3.35835e+06, 0
2.07718e+06, 5.91636e+06, 0
3.14415e+06, 5.13938e+06, 0
3.47611e+06, 7.9677e+06, 0
5.83179e+06, 7.48727e+06, 0
2.83425e+06, 2.27051e+06, 0
8.55704e+06, 9.11522e+06, 0
7.75581e+06, 2.15567e+06, 0
4.25217e+06, 6.08292e+06, 0
4.70255e+06, 5.98668e+06, 0
1.09648e+06, 3.31685e+06, 0
8.98232e+06, 675420, 0
1.25742e+07, 1.39366e+07, 0
1.85061e+06, 5.48827e+06, 0
4.42749e+06, 3.88007e+06, 0
811084, 5.90847e+06, 0
6.64762e+06, 2.151e+06, 0
2.21597e+06, 2.23847e+06, 0
9.48136e+06, 4.51989e+06, 0
6.74043e+06, 1.73248e+06, 0
5.43664e+06, 8.00916e+06, 0
1.91816e+06, 3.16482e+06, 0
7.24761e+06, 5.37504e+06, 0
4.38589e+06, 1.82312e+06, 0
2.67603e+06, 1.04903e+07, 0
1.01066e+07, 4.53894e+06, 0
5.26598e+06, 5.88538e+06, 0
1.04951e+07, 2.35994e+06, 0
4.86965e+06, 7.90072e+06, 0
7.38988e+06, 4.27404e+06, 0
1.2152e+06, 5.35598e+06, 0
6.92659e+06, 7.02026e+06, 0
1.80378e+06, 5.95918e+06, 0
2.46451e+06, 672898, 0
4.88865e+06, 6.35698e+06, 0
4.7259e+06, 2.27941e+06, 0
1.06169e+06, 2.26941e+06, 0
6.72701e+06, 6.61785e+06, 0
721251, 4.13934e+06, 0
4.18003e+06, 7.02626e+06, 0
2.7006e+06, 8.26064e+06, 0
1.04953e+07, 1.28177e+07, 0
9.78538e+06, 1.05079e+07, 0
5.93659e+06, 2.02849e+06, 0
9.17322e+06, 4.22269e+06, 0
3.94311e+06, 7.88701e+06, 0
4.41839e+06, 6.32934e+06, 0
3.62424e+06, 784357, 0
3.28046e+06, 2.43046e+06, 0
4.06629e+06, 4.64486e+06, 0
3.39044e+06, 2.4134e+06, 0
7.37276e+06, 8.27264e+06, 0
778647, 3.11747e+06, 0
3.9952e+06, 8.12005e+06, 0
2.01209e+06, 3.05844e+06, 0
3.54285e+06, 3.56476e+06, 0
4.4773e+06, 1.64665e+06, 0
7.06686e+06, 6.8066e+06, 0
1.42025e+06, 2.59597e+06, 0
4.41499e+06, 6.1784e+06, 0
4.99389e+06, 6.9403e+06, 0
1.71039e+06, 8.85844e+06, 0
3.32025e+06, 1.42967e+07, 0
1.14609e+07, 2.02012e+06, 0
4.72911e+06, 4.29882e+06, 0
5.9141e+06, 5.91055e+06, 0
2.75789e+06, 4.70562e+06, 0
1.03268e+07, 2.42421e+06, 0
1.02138e+07, 420992, 0
9.89127e+06, 1.1037e+06, 0
8.22629e+06, 6.01845e+06, 0
2.908e+06, 5.54105e+06, 0
4.51173e+06, 5.85976e+06, 0
735676, 7.6289e+06, 0
4.74987e+06, 7.26546e+06, 0
3.36535e+06, 2.04991e+06, 0
4.73337e+06, 3.23852e+06, 0
1.21597e+07, 8.87798e+06, 0
9.50901e+06, 8.10779e+06, 0
2.12563e+06, 6.40829e+06, 0
8.41791e+06, 2.84792e+06, 0
2.5569e+06, 5.57404e+06, 0
6.04858e+06, 2.65023e+06, 0
6.62849e+06, 6.33461e+06, 0
4.01764e+06, 3.35497e+06, 0
2.58114e+06, 6.29752e+06, 0
9.38635e+06, 2.53874e+06, 0
7.66809e+06, 5.1106e+06, 0
7.90664e+06, 5.07914e+06, 0
7.11651e+06, 2.52929e+06, 0
3.54015e+06, 6.47094e+06, 0
4.66914e+06, 5.92124e+06, 0
8.92776e+06, 4.2579e+06, 0
7.20914e+06, 5.32355e+06, 0
5.33324e+06, 3.47934e+06, 0
6.18816e+06, 9.08704e+06, 0
5.04856e+06, 1.01817e+07, 0
6.26341e+06, 452358, 0
491494, 3.58288e+06, 0
5.20856e+06, 9.00188e+06, 0
9.04443e+06, 5.03055e+06, 0
5.09301e+06, 4.06275e+06, 0
3.81811e+06, 3.45036e+06, 0
1.48981e+07, 7.09597e+06, 0
8.08868e+06, 7.02697e+06, 0
3.49573e+06, 1.48405e+07, 0
1.41315e+07, 6.86518e+06, 0
4.11778e+06, 3.25475e+06, 0
4.79339e+06, 4.53729e+06, 0
4.07424e+06, 1.11808e+06, 0
3.8034e+06, 1.05805e+06, 0
2.82487e+06, 4.72771e+06, 0
3.41483e+06, 2.48224e+06, 0
5.9906e+06, 5.34079e+06, 0
5.18653e+06, 1.21843e+07, 0
7.64385e+06, 3.5613e+06, 0
7.68976e+06, 8.98243e+06, 0
4.3978e+06, 7.58891e+06, 0
4.49928e+06, 2.86882e+06, 0
9.63471e+06, 4.91451e+06, 0
2.32179e+06, 4.8613e+06, 0
2.94749e+06, 5.47088e+06, 0
1.01882e+07, 1.21985e+06, 0
4.8503e+06, 2.01606e+06, 0
5.51394e+06, 9.02334e+06, 0
2.89559e+06, 7.38424e+06, 0
3.33973e+06, 5.31207e+06, 0
1.1592e+07, 7.55514e+06, 0
5.30325e+06, 2.56429e+06, 0
1.1074e+07, 4.21962e+06, 0
1.51798e+06, 3.77703e+06, 0
8.82849e+06, 4.09807e+06, 0
3.11798e+06, 8.82714e+06, 0
4.79498e+06, 7.90101e+06, 0
2.85029e+06, 6.58991e+06, 0
5.51184e+06, 8.26826e+06, 0
2.68599e+06, 7.80779e+06, 0
5.00641e+06, 2.42562e+06, 0
1.44209e+06, 1.88199e+06, 0
6.85263e+06, 9.52888e+06, 0
6.33971e+06, 2.51164e+06, 0
640051, 2.46973e+06, 0
3.2447e+06, 2.99442e+06, 0
1.11317e+07, 5.0893e+06, 0
6.95707e+06, 5.49907e+06, 0
4.51698e+06, 5.40878e+06, 0
4.98603e+06, 1.14725e+07, 0
1.22008e+07, 2.37525e+06, 0
7.32976e+06, 3.57363e+06, 0
2.82866e+06, 5.83339e+06, 0
8.17336e+06, 5.36381e+06, 0
8.17368e+06, 2.07991e+06, 0
7.81786e+06, 2.22636e+06, 0
2.27854e+06, 1.6404e+06, 0
2.36901e+06, 5.4634e+06, 0
7.9116e+06, 5.47475e+06, 0
6.0027e+06, 8.55662e+06, 0
5.72852e+06, 4.81219e+06, 0
4.7424e+06, 4.55097e+06, 0
1.88172e+06, 6.34675e+06, 0
6.73779e+06, 6.17856e+06, 0
1.58872e+06, 5.10344e+06, 0
8.9101e+06, 4.00772e+06, 0
581524, 5.50974e+06, 0
5.60663e+06, 5.1379e+06, 0
7.29261e+06, 7.0178e+06, 0
3.53334e+06, 3.98202e+06, 0
8.94994e+06, 4.98054e+06, 0
4.29739e+06, 6.93773e+06, 0
4.02137e+06, 3.73143e+06, 0
7.17388e+06, 1.20322e+07, 0
7.18796e+06, 1.11665e+07, 0
1.16255e+06, 4.93695e+06, 0
2.88052e+06, 3.161e+06, 0
7.4449e+06, 8.11827e+06, 0
4.7071e+06, 6.10057e+06, 0
5.22782e+06, 2.0153e+06, 0
4.82932e+06, 6.21812e+06, 0
7.44246e+06, 1.08039e+06, 0
4.96317e+06, 1.08175e+07, 0
5.21457e+06, 3.56033e+06, 0
7.3874e+06, 2.88639e+06, 0
3.44758e+06, 3.71869e+06, 0
1.09231e+06, 1.9865e+06, 0
6.83763e+06, 6.80101e+06, 0
7.25368e+06, 3.54761e+06, 0
1.96328e+06, 4.09578e+06, 0
8.38457e+06, 6.71582e+06, 0
6.62222e+06, 5.11245e+06, 0
3.02635e+06, 3.50073e+06, 0
7.48305e+06, 6.73957e+06, 0
7.98704e+06, 9.34989e+06, 0
4.25038e+06, 2.16395e+06, 0
5.46961e+06, 1.84118e+06, 0
1.04576e+06, 3.93063e+06, 0
9.87967e+06, 7.25605e+06, 0
2.14355e+06, 9.806e+06, 0
3.87068e+06, 9.19026e+06, 0
7.51356e+06, 5.35467e+06, 0
6.84779e+06, 2.0754e+06, 0
3.95416e+06, 2.33807e+06, 0
9.14477e+06, 3.92676e+06, 0
1.05818e+07, 2.78711e+06, 0
9.72157e+06, 4.64257e+06, 0
8.0703e+06, 6.30175e+06, 0
6.39807e+06, 1.04222e+07, 0
3.5011e+06, 7.68823e+06, 0
1.37802e+06, 5.6913e+06, 0
7.82841e+06, 2.62867e+06, 0
3.46323e+06, 1.02211e+07, 0
2.84927e+06, 7.13868e+06, 0
1.48813e+06, 4.48844e+06, 0
6.15111e+06, 3.3092e+06, 0
6.62179e+06, 7.9793e+06, 0
4.16552e+06, 1.00618e+07, 0
6.49946e+06, 5.62701e+06, 0
3.59543e+06, 1.3857e+06, 0
3.39697e+06, 4.37629e+06, 0
2.96909e+06, 708806, 0
4.58673e+06, 1.46007e+06, 0
4.21249e+06, 6.06412e+06, 0
2.61985e+06, 3.30196e+06, 0
5.30537e+06, 6.05819e+06, 0
1.13965e+06, 1.33101e+06, 0
3.7566e+06, 1.86183e+06, 0
1.42107e+07, 4.79648e+06, 0
2.74557e+06, 3.63137e+06, 0
4.84953e+06, 7.78479e+06, 0
6.42888e+06, 2.47093e+06, 0
8.34771e+06, 6.50999e+06, 0
4.05702e+06, 5.35026e+06, 0
5.05996e+06, 2.39858e+06, 0
9.32751e+06, 6.70202e+06, 0
7.74778e+06, 4.95067e+06, 0
1.23118e+06, 9.19296e+06, 0
4.58875e+06, 6.99175e+06, 0
1.4969e+06, 3.79821e+06, 0
1.4291e+07, 8.70644e+06, 0
4.8388e+06, 1.12922e+06, 0
6.23362e+06, 5.84745e+06, 0
4.13515e+06, 3.16912e+06, 0
3.0657e+06, 3.1362e+06, 0
2.30517e+06, 3.82184e+06, 0
4.06929e+06, 1.06444e+06, 0
5.46805e+06, 3.76299e+06, 0
8.00651e+06, 3.43137e+06, 0
1.21113e+06, 1.27175e+07, 0
5.57875e+06, 3.05003e+06, 0
8.84171e+06, 1.28521e+07, 0
6.64332e+06, 4.7008e+06, 0
8.20463e+06, 5.3959e+06, 0
9.82315e+06, 5.70914e+06, 0
5.31901e+06, 7.59303e+06, 0
775581, 4.15106e+06, 0
6.04917e+06, 964741, 0
2.36845e+06, 7.7318e+06, 0
7.16981e+06, 3.11573e+06, 0
5.13184e+06, 6.35298e+06, 0
5.16761e+06, 6.44122e+06, 0
366585, 2.94464e+06, 0
1.59084e+06, 1.94242e+06, 0
1.24772e+07, 3.84962e+06, 0
9.0224e+06, 4.2573e+06, 0
8.27237e+06, 6.00271e+06, 0
8.01038e+06, 3.79562e+06, 0
2.20904e+06, 4.58553e+06, 0
1.01509e+07, 6.04308e+06, 0
6.56036e+06, 8.79496e+06, 0
7.70943e+06, 6.68254e+06, 0
6.96022e+06, 3.78067e+06, 0
5.37784e+06, 6.87504e+06, 0
8.12738e+06, 1.15124e+06, 0
6.79962e+06, 8.13471e+06, 0
5.28078e+06, 6.82723e+06, 0
2.32921e+06, 3.53308e+06, 0
7.81595e+06, 6.574e+06, 0
1.14456e+06, 7.60027e+06, 0
7.12406e+06, 5.33115e+06, 0
1.23323e+07, 7.37484e+06, 0
1.09371e+07, 1.19824e+07, 0
7.28296e+06, 3.70547e+06, 0
4.62916e+06, 4.83173e+06, 0
3.01528e+06, 2.8683e+06, 0
5.37918e+06, 7.77834e+06, 0
4.54365e+06, 3.0505e+06, 0
3.91324e+06, 6.11891e+06, 0
4.87321e+06, 5.52647e+06, 0
5.37209e+06, 4.65707e+06, 0
1.13979e+07, 2.27144e+06, 0
4.61755e+06, 1.27673e+07, 0
3.16792e+06, 1.54788e+06, 0
7.06868e+06, 4.47186e+06, 0
9.76185e+06, 939946, 0
3.07666e+06, 6.52268e+06, 0
3.6015e+06, 1.20028e+06, 0
7.50929e+06, 1.0416e+07, 0
9.44192e+06, 8.22339e+06, 0
4.74002e+06, 5.77157e+06, 0
6.35334e+06, 7.17784e+06, 0
1.07025e+07, 5.99869e+06, 0
3.05938e+06, 2.25465e+06, 0
5.8698e+06, 3.08995e+06, 0
2.88499e+06, 7.51542e+06, 0
8.56255e+06, 2.32602e+06, 0
4.03347e+06, 6.50178e+06, 0
2.72188e+06, 8.72197e+06, 0
4.00933e+06, 6.77014e+06, 0
2.31424e+06, 5.15421e+06, 0
782738, 5.55077e+06, 0
4.15268e+06, 3.14216e+06, 0
3.31439e+06, 4.83015e+06, 0
1.02033e+07, 1.65769e+06, 0
4.85703e+06, 4.50053e+06, 0
5.84022e+06, 2.98281e+06, 0
8.18355e+06, 3.53512e+06, 0
5.50379e+06, 2.81295e+06, 0
8.68463e+06, 3.20472e+06, 0
3.25601e+06, 3.24468e+06, 0
9.38275e+06, 5.43415e+06, 0
1.34522e+07, 2.66186e+06, 0
8.3909e+06, 7.20063e+06, 0
3.53154e+06, 3.89916e+06, 0
1.12701e+07, 5.28408e+06, 0
6.05696e+06, 2.44878e+06, 0
5.96967e+06, 6.48867e+06, 0
2.89628e+06, 9.89134e+06, 0
3.95275e+06, 6.79908e+06, 0
6.8363e+06, 3.27352e+06, 0
7.96891e+06, 263195, 0
1.42493e+07, 8.49942e+06, 0
2.50923e+06, 7.89422e+06, 0
5.55946e+06, 1.40677e+06, 0
2.6512e+06, 3.65394e+06, 0
5.37953e+06, 5.46379e+06, 0
4.56151e+06, 7.7267e+06, 0
6.39464e+06, 4.00532e+06, 0
8.02279e+06, 7.9742e+06, 0
3.77619e+06, 5.51158e+06, 0
810663, 1.21925e+06, 0
2.94489e+06, 4.52805e+06, 0
5.46539e+06, 9.6684e+06, 0
2.3665e+06, 1.04255e+07, 0
8.47753e+06, 6.92712e+06, 0
8.06485e+06, 4.16514e+06, 0
3.44237e+06, 1.42028e+06, 0
4.12695e+06, 8.79294e+06, 0
3.52022e+06, 5.1876e+06, 0
8.03792e+06, 6.02047e+06, 0
6.58804e+06, 5.71899e+06, 0
9.65997e+06, 1.11649e+07, 0
7.54578e+06, 4.81723e+06, 0
4.05668e+06, 5.05325e+06, 0
1.16964e+07, 3.46395e+06, 0
2.17858e+06, 7.63062e+06, 0
1.14266e+06, 1.97035e+06, 0
3.92116e+06, 7.53998e+06, 0
5.97101e+06, 4.81162e+06, 0
6.77553e+06, 722949, 0
4.46158e+06, 7.55812e+06, 0
6.07371e+06, 3.40119e+06, 0
1.11053e+06, 2.3906e+06, 0
1.20971e+07, 3.07003e+06, 0
6.14089e+06, 2.8917e+06, 0
2.22165e+06, 2.05926e+06, 0
1.23321e+07, 1.92823e+06, 0
1.42968e+06, 7.96281e+06, 0
1.26716e+07, 5.16291e+06, 0
2.75288e+06, 862993, 0
5.25162e+06, 1.22092e+07, 0
8.84238e+06, 7.86625e+06, 0
3.33191e+06, 7.9824e+06, 0
2.59691e+06, 2.31659e+06, 0
6.948e+06, 4.94811e+06, 0
5.14382e+06, 5.94746e+06, 0
409110, 4.53502e+06, 0
5.15695e+06, 7.01588e+06, 0
7.3827e+06, 3.11965e+06, 0
2.94495e+06, 5.6376e+06, 0
1.23854e+06, 3.55199e+06, 0
4.37338e+06, 4.73792e+06, 0
7.98025e+06, 9.77676e+06, 0
4.11207e+06, 3.06454e+06, 0
3.43178e+06, 5.50078e+06, 0
2.15089e+06, 7.13963e+06, 0
3.97682e+06, 4.94392e+06, 0
7.91474e+06, 7.1347e+06, 0
6.73889e+06, 4.95865e+06, 0
7.83765e+06, 5.83794e+06, 0
2.82199e+06, 8.3909e+06, 0
6.45706e+06, 7.71072e+06, 0
4.39367e+06, 6.34137e+06, 0
634622, 4.42695e+06, 0
6.27305e+06, 5.96431e+06, 0
5.65339e+06, 2.12622e+06, 0
3.34116e+06, 4.02033e+06, 0
2.61301e+06, 2.18541e+06, 0
2.88898e+06, 2.25618e+06, 0
2.7829e+06, 1.06929e+07, 0
2.20516e+06, 3.83921e+06, 0
1.0373e+07, 1.0044e+07, 0
6.86866e+06, 1.82824e+06, 0
4.38648e+06, 9.32129e+06, 0
5.4921e+06, 5.07349e+06, 0
7.88747e+06, 8.88491e+06, 0
3.03713e+06, 7.05402e+06, 0
5.16603e+06, 4.68755e+06, 0
1.19256e+07, 2.71027e+06, 0
1.95784e+06, 5.81514e+06, 0
8.07051e+06, 1.41994e+06, 0
982165, 2.14826e+06, 0
8.2344e+06, 6.96284e+06, 0
5.11763e+06, 4.7647e+06, 0
4.48495e+06, 5.71196e+06, 0
958231, 3.50639e+06, 0
7.68678e+06, 5.87834e+06, 0
2.27256e+06, 4.38678e+06, 0
4.62066e+06, 1.45209e+06, 0
6.10508e+06, 3.81222e+06, 0
2.21079e+06, 4.20502e+06, 0
7.6313e+06, 1.00096e+07, 0
1.56975e+06, 3.71929e+06, 0
5.71354e+06, 5.06597e+06, 0
2.13383e+06, 7.55824e+06, 0
6.03907e+06, 8.33802e+06, 0
944582, 1.30614e+06, 0
3.35215e+06, 5.1438e+06, 0
2.12464e+06, 4.95251e+06, 0
9.0481e+06, 5.42442e+06, 0
5.55298e+06, 1.16386e+07, 0
7.6887e+06, 7.11079e+06, 0
9.16638e+06, 1.3229e+06, 0
6.32844e+06, 1.00261e+07, 0
2.93849e+06, 6.23127e+06, 0
1.95316e+06, 8.98924e+06, 0
4.47657e+06, 487527, 0
2.21503e+06, 7.08693e+06, 0
3.43981e+06, 4.82267e+06, 0
8.64134e+06, 5.64188e+06, 0
3.8276e+06, 6.89365e+06, 0
5.20813e+06, 3.84299e+06, 0
2.94707e+06, 3.62709e+06, 0
8.88925e+06, 2.74902e+06, 0
6.98321e+06, 8.55396e+06, 0
5.58196e+06, 1.37882e+07, 0
5.84655e+06, 3.74553e+06, 0
7.07306e+06, 6.80344e+06, 0
2.92643e+06, 6.9425e+06, 0
2.93423e+06, 6.08878e+06, 0
1.29138e+07, 6.49313e+06, 0
3.89794e+06, 1.94453e+06, 0
5.06192e+06, 6.01305e+06, 0
3.54752e+06, 4.966e+06, 0
1.32149e+06, 1.08554e+07, 0
1.2331e+06, 1.33852e+06, 0
6.08937e+06, 5.85521e+06, 0
6.39247e+06, 4.01678e+06, 0
8.74309e+06, 5.71474e+06, 0
1.51409e+06, 8.35051e+06, 0
7.98993e+06, 4.21837e+06, 0
1.10524e+07, 3.6263e+06, 0
4.37962e+06, 5.24781e+06, 0
4.18916e+06, 8.21129e+06, 0
2.44306e+06, 2.08589e+06, 0
8.40074e+06, 5.64281e+06, 0
2.73658e+06, 3.48243e+06, 0
4.07587e+06, 1.45956e+06, 0
8.18279e+06, 7.3506e+06, 0
8.46355e+06, 3.90632e+06, 0
5.72397e+06, 5.96399e+06, 0
5.11914e+06, 5.98493e+06, 0
6.77805e+06, 1.02641e+07, 0
5.45941e+06, 6.59458e+06, 0
3.64607e+06, 9.31532e+06, 0
974172, 1.41407e+06, 0
3.94426e+06, 883691, 0
9.34818e+06, 4.2707e+06, 0
7.1143e+06, 905509, 0
5.15443e+06, 8.277e+06, 0
7.91985e+06, 7.32868e+06, 0
706439, 6.96862e+06, 0
2.9357e+06, 4.46714e+06, 0
6.77104e+06, 4.8833e+06, 0
8.95018e+06, 6.36641e+06, 0
7.53875e+06, 6.22373e+06, 0
3.41173e+06, 4.17826e+06, 0
4.00263e+06, 2.78883e+06, 0
3.65884e+06, 7.73776e+06, 0
4.31571e+06, 4.62173e+06, 0
5.4928e+06, 1.07081e+07, 0
6.26561e+06, 6.69417e+06, 0
3.94039e+06, 6.6765e+06, 0
5.73388e+06, 2.50173e+06, 0
5.54975e+06, 7.8348e+06, 0
1.99412e+06, 4.51895e+06, 0
5.11168e+06, 7.64824e+06, 0
1.7489e+06, 5.9597e+06, 0
3.55866e+06, 2.07121e+06, 0
981306, 3.5569e+06, 0
2.24083e+06, 8.57679e+06, 0
1.03974e+07, 5.27807e+06, 0
4.38746e+06, 830807, 0
8.37443e+06, 3.40613e+06, 0
5.90987e+06, 3.30333e+06, 0
4.4866e+06, 1.19098e+06, 0
3.7565e+06, 4.1247e+06, 0
1.3403e+06, 858674, 0
5.55505e+06, 3.98067e+06, 0
2.19776e+06, 5.1058e+06, 0
9.04783e+06, 7.98264e+06, 0
4.13388e+06, 3.4224e+06, 0
2.89387e+06, 5.7142e+06, 0
3.20571e+06, 8.40561e+06, 0
4.53641e+06, 2.65002e+06, 0
3.45953e+06, 7.2013e+06, 0
5.63402e+06, 5.94227e+06, 0
1.06992e+06, 3.00902e+06, 0
7.99185e+06, 9.17057e+06, 0
3.00275e+06, 5.87839e+06, 0
5.42249e+06, 8.03794e+06, 0
6.72596e+06, 7.63005e+06, 0
7.53563e+06, 3.16584e+06, 0
6.48592e+06, 2.91991e+06, 0
5.65925e+06, 6.97141e+06, 0
2.13057e+06, 3.65444e+06, 0
1.60845e+06, 4.96626e+06, 0
4.98452e+06, 2.65282e+06, 0
1.81469e+06, 8.72362e+06, 0
3.95355e+06, 1.914e+06, 0
8.67757e+06, 1.01052e+07, 0
2.81405e+06, 5.21729e+06, 0
7.56896e+06, 6.78876e+06, 0
6.38078e+06, 4.14815e+06, 0
4.56144e+06, 2.9753e+06, 0
3.87435e+06, 4.27672e+06, 0
7.96692e+06, 346066, 0
4.79944e+06, 6.60386e+06, 0
1.52675e+06, 2.25011e+06, 0
4.53523e+06, 6.97048e+06, 0
6.95202e+06, 7.89284e+06, 0
5.71719e+06, 3.22307e+06, 0
6.03966e+06, 1.88186e+06, 0
8.85129e+06, 5.4951e+06, 0
1.32291e+06, 701332, 0
4.57653e+06, 6.31898e+06, 0
3.82365e+06, 4.80805e+06, 0
5.38069e+06, 5.51662e+06, 0
9.11457e+06, 5.43517e+06, 0
2.22324e+06, 3.15817e+06, 0
1.13765e+07, 5.00708e+06, 0
4.79976e+06, 9.8079e+06, 0
2.99578e+06, 4.91217e+06, 0
3.20092e+06, 2.00211e+06, 0
1.19427e+07, 226788, 0
2.30245e+06, 3.86199e+06, 0
9.67928e+06, 1.15976e+06, 0
7.54282e+06, 2.31844e+06, 0
7.83951e+06, 3.48012e+06, 0
1.05476e+07, 3.32228e+06, 0
5.6626e+06, 5.36658e+06, 0
5.95313e+06, 6.56496e+06, 0
2.44724e+06, 5.83883e+06, 0
4.87728e+06, 1.27678e+07, 0
1.00385e+07, 6.254e+06, 0
3.31699e+06, 5.06302e+06, 0
3.56241e+06, 5.3509e+06, 0
2.78928e+06, 3.71903e+06, 0
4.58957e+06, 7.62931e+06, 0
4.56625e+06, 8.89651e+06, 0
6.07131e+06, 1.87565e+06, 0
7.64426e+06, 6.91433e+06, 0
6.50914e+06, 2.10916e+06, 0
2.12882e+06, 1.68313e+06, 0
4.72149e+06, 5.57134e+06, 0
3.89035e+06, 1.33712e+06, 0
5.22429e+06, 1.38833e+06, 0
7.02148e+06, 288265, 0
7.60174e+06, 4.39644e+06, 0
1.72632e+06, 2.93613e+06, 0
6.21104e+06, 1.01329e+07, 0
3.02266e+06, 6.52026e+06, 0
2.24068e+06, 1.25654e+07, 0
2.22072e+06, 5.19559e+06, 0
1.18136e+07, 3.92947e+06, 0
5.38504e+06, 4.39328e+06, 0
5.23453e+06, 1.22224e+06, 0
2.79453e+06, 4.05388e+06, 0
2.60123e+06, 1.56325e+06, 0
2.54889e+06, 2.1717e+06, 0
4.45747e+06, 8.70108e+06, 0
5.31576e+06, 3.98235e+06, 0
1.97915e+06, 1.16602e+07, 0
2.52693e+06, 670643, 0
6.35947e+06, 8.22959e+06, 0
5.54566e+06, 4.55972e+06, 0
5.53736e+06, 5.84448e+06, 0
3.32686e+06, 9.1749e+06, 0
2.35665e+06, 6.01468e+06, 0
3.77791e+06, 3.74851e+06, 0
4.96389e+06, 4.4814e+06, 0
8.18191e+06, 4.98865e+06, 0
1.05631e+07, 4.04374e+06, 0
3.70841e+06, 5.07854e+06, 0
5.95231e+06, 3.6192e+06, 0
4.38662e+06, 8.55812e+06, 0
3.90016e+06, 3.26763e+06, 0
1.0242e+07, 3.57268e+06, 0
6.28165e+06, 4.7082e+06, 0
989505, 3.14454e+06, 0
2.70963e+06, 7.14771e+06, 0
7.31136e+06, 3.49291e+06, 0
2.4244e+06, 3.07987e+06, 0
1.2445e+07, 6.71465e+06, 0
1.53926e+06, 1.02677e+07, 0
6.47431e+06, 1.15577e+07, 0
2.22038e+06, 1.00682e+07, 0
3.52628e+06, 5.22676e+06, 0
8.47565e+06, 1.76522e+06, 0
7.27602e+06, 239493, 0
5.40226e+06, 5.26432e+06, 0
5.61954e+06, 4.41437e+06, 0
7.30752e+06, 5.30771e+06, 0
1.18963e+07, 4.42934e+06, 0
1.64436e+06, 2.79771e+06, 0
3.82846e+06, 1.5074e+06, 0
5.42865e+06, 6.22857e+06, 0
9.91362e+06, 5.95903e+06, 0
5.70635e+06, 6.11319e+06, 0
6.82778e+06, 5.48907e+06, 0
4.78363e+06, 5.07013e+06, 0
5.61095e+06, 2.51046e+06, 0
4.08718e+06, 4.83869e+06, 0
7.87378e+06, 5.82871e+06, 0
1.11027e+07, 4.53088e+06, 0
5.48594e+06, 5.71167e+06, 0
4.26588e+06, 4.90199e+06, 0
6.53511e+06, 5.02572e+06, 0
2.37267e+06, 2.76405e+06, 0
2.00288e+06, 5.13198e+06, 0
4.54533e+06, 4.11716e+06, 0
8.58179e+06, 935147, 0
4.66179e+06, 6.38947e+06, 0
7.37095e+06, 2.49671e+06, 0
6.46768e+06, 1.08876e+07, 0
6.78533e+06, 7.3791e+06, 0
6.19771e+06, 9.38073e+06, 0
6.4922e+06, 2.92134e+06, 0
6.15537e+06, 3.54536e+06, 0
2.3472e+06, 5.551e+06, 0
4.72175e+06, 2.44965e+06, 0
5.51365e+06, 3.60528e+06, 0
4.9178e+06, 7.03089e+06, 0
2.5932e+06, 5.40411e+06, 0
7.77132e+06, 5.46108e+06, 0
4.5413e+06, 1.71887e+07, 0
6.8103e+06, 2.0382e+06, 0
3.85252e+06, 5.36038e+06, 0
2.60013e+06, 2.52317e+06, 0
7.39679e+06, 7.84203e+06, 0
1.06784e+07, 5.22352e+06, 0
5.56339e+06, 1.92322e+06, 0
4.05035e+06, 3.26613e+06, 0
6.61897e+06, 2.21474e+06, 0
4.4268e+06, 1.11052e+07, 0
872037, 1.22415e+06, 0
3.86131e+06, 4.31121e+06, 0
7.67597e+06, 4.33085e+06, 0
5.26622e+06, 8.21934e+06, 0
6.15655e+06, 7.87191e+06, 0
4.58745e+06, 6.87446e+06, 0
4.12594e+06, 5.46299e+06, 0
5.61344e+06, 5.44425e+06, 0
7.88825e+06, 5.02554e+06, 0
2.45271e+06, 1.50491e+06, 0
745177, 2.78636e+06, 0
7.84893e+06, 3.40281e+06, 0
8.40656e+06, 3.83728e+06, 0
1.90147e+06, 1.14806e+07, 0
906255, 4.38333e+06, 0
4.76785e+06, 2.1976e+06, 0
5.54852e+06, 6.62564e+06, 0
975428, 2.77978e+06, 0
3.08433e+06, 4.87584e+06, 0
565281, 2.16895e+06, 0
5.80114e+06, 8.3359e+06, 0
8.26708e+06, 3.53693e+06, 0
7.27906e+06, 7.67933e+06, 0
1.12037e+07, 1.1229e+06, 0
6.7594e+06, 6.21339e+06, 0
4.24038e+06, 4.4487e+06, 0
5.0819e+06, 8.65157e+06, 0
4.38084e+06, 2.43187e+06, 0
1.91077e+06, 4.84602e+06, 0
1.19227e+07, 7.77951e+06, 0
5.17977e+06, 2.56375e+06, 0
2.27637e+06, 4.53137e+06, 0
3.64699e+06, 3.9099e+06, 0
4.73899e+06, 2.28044e+06, 0
8.62001e+06, 1.83659e+06, 0
6.36545e+06, 3.0198e+06, 0
1.13009e+07, 5.57598e+06, 0
4.61327e+06, 3.83023e+06, 0
4.50871e+06, 7.45909e+06, 0
4.48332e+06, 6.15217e+06, 0
2.35387e+06, 5.76792e+06, 0
6.88356e+06, 6.48566e+06, 0
5.77528e+06, 5.46219e+06, 0
6.80112e+06, 7.81653e+06, 0
1.13402e+07, 7.39945e+06, 0
1.08651e+07, 944354, 0
1.90648e+06, 1.95325e+06, 0
2.81273e+06, 4.3052e+06, 0
4.7016e+06, 4.92736e+06, 0
2.57291e+06, 9.32039e+06, 0
2.9948e+06, 3.07095e+06, 0
1.17334e+06, 6.3758e+06, 0
1.26017e+06, 5.03149e+06, 0
3.27245e+06, 1.79327e+06, 0
1.82751e+06, 6.88812e+06, 0
9.28196e+06, 4.26555e+06, 0
4.91568e+06, 6.88367e+06, 0
3.72722e+06, 4.98388e+06, 0
5.09406e+06, 3.43831e+06, 0
7.73915e+06, 8.36761e+06, 0
2.04521e+06, 4.79246e+06, 0
4.04763e+06, 9.21423e+06, 0
635301, 6.29772e+06, 0
451952, 5.5931e+06, 0
1.90601e+06, 4.84702e+06, 0
5.3651e+06, 7.67796e+06, 0
3.95852e+06, 8.97335e+06, 0
4.37734e+06, 6.38257e+06, 0
8.70395e+06, 178805, 0
3.51233e+06, 3.05736e+06, 0
518583, 613343, 0
5.88296e+06, 2.8469e+06, 0
3.96784e+06, 3.65212e+06, 0
5.99164e+06, 1.93575e+06, 0
1.04708e+07, 4.77292e+06, 0
4.4463e+06, 5.33545e+06, 0
6.93888e+06, 6.37095e+06, 0
1.46744e+06, 1.18661e+07, 0
6.53051e+06, 1.44522e+07, 0
782159, 3.19389e+06, 0
3.14429e+06, 1.81444e+06, 0
3.31462e+06, 6.22102e+06, 0
1.01648e+07, 3.53124e+06, 0
1.00805e+07, 6.12291e+06, 0
7.78992e+06, 9.65197e+06, 0
4.00815e+06, 4.25999e+06, 0
6.51422e+06, 7.0536e+06, 0
3.99765e+06, 2.40964e+06, 0
3.93279e+06, 1.35784e+06, 0
2.84265e+06, 7.05534e+06, 0
5.37839e+06, 1.1864e+07, 0
5.59525e+06, 794365, 0
4.82898e+06, 9.47825e+06, 0
1.07491e+06, 5.53001e+06, 0
5.14415e+06, 4.29631e+06, 0
1.01233e+07, 7.93326e+06, 0
6.97676e+06, 6.53153e+06, 0
6.31049e+06, 7.9228e+06, 0
2.47181e+06, 1.09267e+07, 0
3.17001e+06, 4.64954e+06, 0
3.00777e+06, 1.38945e+07, 0
3.47147e+06, 3.74086e+06, 0
2.50855e+06, 4.63455e+06, 0
4.71187e+06, 5.32778e+06, 0
7.66845e+06, 4.03375e+06, 0
2.85952e+06, 3.86932e+06, 0
7.36668e+06, 4.04901e+06, 0
9.71063e+06, 8.6676e+06, 0
1.29688e+07, 9.62056e+06, 0
7.90835e+06, 1.24294e+06, 0
665844, 2.31261e+06, 0
3.76823e+06, 4.15091e+06, 0
1.06711e+07, 3.50546e+06, 0
1.75677e+06, 2.62597e+06, 0
4.77842e+06, 4.91985e+06, 0
2.8793e+06, 6.36794e+06, 0
4.02416e+06, 5.26581e+06, 0
1.2075e+06, 1.27259e+06, 0
9.5306e+06, 6.2835e+06, 0
1.70506e+06, 5.15513e+06, 0
1.39537e+06, 4.19277e+06, 0
8.53133e+06, 6.44896e+06, 0
2.46662e+06, 9.17945e+06, 0
4.22845e+06, 7.29294e+06, 0
3.69231e+06, 7.04267e+06, 0
1.03143e+07, 2.93515e+06, 0
3.54436e+06, 1.52059e+06, 0
3.00671e+06, 2.73263e+06, 0
5.30206e+06, 8.01487e+06, 0
3.68004e+06, 4.94458e+06, 0
4.69485e+06, 3.87762e+06, 0
6.85791e+06, 6.4317e+06, 0
2.09681e+06, 8.90854e+06, 0
7.64612e+06, 2.70897e+06, 0
1.12458e+07, 5.28192e+06, 0
2.07496e+06, 2.4419e+06, 0
8.52724e+06, 9.2986e+06, 0
4.43863e+06, 2.72827e+06, 0
1.65193e+06, 4.74136e+06, 0
3.83012e+06, 1.02302e+07, 0
8.98107e+06, 4.16569e+06, 0
1.66762e+06, 7.16677e+06, 0
6.64859e+06, 1.71437e+06, 0
3.49236e+06, 1.63826e+06, 0
5.54572e+06, 2.3499e+06, 0
7.51435e+06, 4.64995e+06, 0
1.0756e+07, 2.83197e+06, 0
7.11175e+06, 6.10545e+06, 0
6.55109e+06, 3.94535e+06, 0
4.78945e+06, 1.49305e+06, 0
1.56447e+06, 7.36804e+06, 0
6.90533e+06, 5.21847e+06, 0
3.34914e+06, 7.3426e+06, 0
3.93025e+06, 8.91542e+06, 0
4.01505e+06, 1.05695e+07, 0
949281, 792357, 0
3.85614e+06, 1.81564e+06, 0
2.92251e+06, 7.53783e+06, 0
3.41631e+06, 6.09174e+06, 0
2.61046e+06, 3.82298e+06, 0
1.11757e+07, 3.67181e+06, 0
1.02534e+07, 2.38699e+06, 0
2.06068e+06, 4.66876e+06, 0
7.81346e+06, 1.95359e+06, 0
4.70343e+06, 2.11247e+06, 0
4.76919e+06, 7.20895e+06, 0
3.76095e+06, 3.07311e+06, 0
1.11212e+07, 3.49366e+06, 0
7.8753e+06, 6.06328e+06, 0
4.27007e+06, 6.16085e+06, 0
1.38559e+06, 4.8472e+06, 0
3.92786e+06, 1.88596e+06, 0
1.07327e+06, 1.89954e+06, 0
7.10301e+06, 3.91295e+06, 0
1.50378e+06, 3.24695e+06, 0
5.09216e+06, 1.68418e+06, 0
2.77153e+06, 2.25289e+06, 0
2.9656e+06, 6.24597e+06, 0
1.22073e+06, 4.94441e+06, 0
1.06711e+07, 3.50546e+06, 0
5.84782e+06, 1.59034e+06, 0
5.00366e+06, 3.44175e+06, 0
1.04021e+07, 8.26488e+06, 0
7.89996e+06, 3.49303e+06, 0
1.74652e+06, 8.89177e+06, 0
7.83006e+06, 7.82232e+06, 0
1.09473e+07, 3.12347e+06, 0
3.41072e+06, 9.34995e+06, 0
4.60675e+06, 4.59425e+06, 0
5.40211e+06, 6.15322e+06, 0
7.15444e+06, 1.77522e+06, 0
6.21757e+06, 3.88364e+06, 0
2.25953e+06, 5.78879e+06, 0
3.47455e+06, 2.84945e+06, 0
5.6433e+06, 8.85239e+06, 0
4.52964e+06, 1.18448e+07, 0
7.31706e+06, 5.9378e+06, 0
2.79765e+06, 1.3017e+06, 0
7.66595e+06, 6.61555e+06, 0
5.14583e+06, 5.98459e+06, 0
8.46365e+06, 9.00385e+06, 0
1.41763e+07, 1.0312e+07, 0
3.67623e+06, 7.02326e+06, 0
8.79818e+06, 3.77267e+06, 0
2.22401e+06, 1.70004e+06, 0
7.98087e+06, 3.28774e+06, 0
3.69572e+06, 2.65412e+06, 0
5.45431e+06, 1.7257e+06, 0
2.74648e+06, 5.38317e+06, 0
9.22091e+06, 7.10278e+06, 0
9.00634e+06, 6.35836e+06, 0
8.40182e+06, 6.37517e+06, 0
2.59669e+06, 1.10768e+07, 0
1.51311e+06, 1.13852e+06, 0
6.99268e+06, 7.33748e+06, 0
6.23901e+06, 1.46071e+06, 0
2.67359e+06, 4.85875e+06, 0
3.522e+06, 5.3606e+06, 0
5.42809e+06, 2.5845e+06, 0
5.80514e+06, 4.92924e+06, 0
6.63699e+06, 5.86742e+06, 0
5.23677e+06, 6.31052e+06, 0
3.52099e+06, 8.43541e+06, 0
4.50522e+06, 8.40385e+06, 0
6.31762e+06, 5.84692e+06, 0
5.90334e+06, 3.41152e+06, 0
5.88589e+06, 4.99079e+06, 0
2.6972e+06, 7.50367e+06, 0
3.68572e+06, 6.68782e+06, 0
3.20243e+06, 4.56957e+06, 0
2.29378e+06, 6.94277e+06, 0
9.40816e+06, 3.38944e+06, 0
5.18311e+06, 5.85867e+06, 0
1.9581e+06, 7.61022e+06, 0
1.42756e+06, 5.65671e+06, 0
3.80196e+06, 3.27036e+06, 0
6.8967e+06, 8.70912e+06, 0
751483, 4.0026e+06, 0
2.5317e+06, 6.04169e+06, 0
9.77988e+06, 914847, 0
5.42474e+06, 6.57619e+06, 0
4.73314e+06, 7.99647e+06, 0
3.87276e+06, 5.61642e+06, 0
6.77764e+06, 8.49176e+06, 0
1.00528e+07, 9.16715e+06, 0
9.961e+06, 4.51743e+06, 0
1.90648e+06, 7.00215e+06, 0
7.64031e+06, 9.04794e+06, 0
7.99203e+06, 850111, 0
2.50029e+06, 7.33319e+06, 0
3.85592e+06, 5.42977e+06, 0
2.58904e+06, 5.20185e+06, 0
4.1977e+06, 1.34525e+07, 0
7.24587e+06, 1.77156e+06, 0
4.14119e+06, 7.69438e+06, 0
5.05018e+06, 2.41429e+06, 0
7.96002e+06, 9.02294e+06, 0
1.11781e+07, 7.58595e+06, 0
3.47243e+06, 4.97592e+06, 0
5.09221e+06, 3.85022e+06, 0
7.28634e+06, 9.90355e+06, 0
3.58612e+06, 6.45437e+06, 0
5.55182e+06, 1.38741e+06, 0
3.51393e+06, 7.32079e+06, 0
9.03218e+06, 1.29124e+07, 0
6.9314e+06, 2.72149e+06, 0
2.38358e+06, 592550, 0
5.9803e+06, 4.56767e+06, 0
1.42298e+07, 3.29453e+06, 0
4.64055e+06, 562391, 0
5.02216e+06, 6.24988e+06, 0
3.56818e+06, 6.53886e+06, 0
7.96345e+06, 9.64685e+06, 0
1.52888e+06, 1.13655e+06, 0
1.16888e+07, 5.18226e+06, 0
5.58312e+06, 4.94316e+06, 0
6.62232e+06, 1.02389e+06, 0
4.10994e+06, 4.75796e+06, 0
8.04162e+06, 4.68209e+06, 0
2.13669e+06, 4.23e+06, 0
3.63078e+06, 3.50846e+06, 0
3.75376e+06, 779960, 0
779590, 1.83572e+06, 0
4.14979e+06, 8.62053e+06, 0
5.55715e+06, 7.17017e+06, 0
2.87293e+06, 1.05919e+06, 0
6.52043e+06, 1.07975e+07, 0
1.03582e+07, 4.39618e+06, 0
1.35061e+06, 6.17897e+06, 0
4.97987e+06, 4.63827e+06, 0
6.18764e+06, 7.04765e+06, 0
6.55962e+06, 1.2765e+07, 0
8.59407e+06, 2.43992e+06, 0
3.58004e+06, 7.99962e+06, 0
5.29737e+06, 3.2989e+06, 0
2.23839e+06, 3.95837e+06, 0
3.50924e+06, 3.57714e+06, 0
1.40865e+07, 7.05601e+06, 0
6.13297e+06, 6.74627e+06, 0
7.95205e+06, 5.31611e+06, 0
3.62302e+06, 6.15785e+06, 0
5.75236e+06, 5.40251e+06, 0
523429, 8.6892e+06, 0
5.94864e+06, 2.24637e+06, 0
4.49602e+06, 5.74572e+06, 0
7.47535e+06, 4.9435e+06, 0
4.57626e+06, 7.23077e+06, 0
5.5087e+06, 4.28271e+06, 0
2.71404e+06, 8.48702e+06, 0
6.04352e+06, 3.97817e+06, 0
7.36102e+06, 3.13108e+06, 0
5.80873e+06, 4.83569e+06, 0
5.57861e+06, 5.79968e+06, 0
4.64029e+06, 5.68123e+06, 0
2.28891e+06, 5.14238e+06, 0
4.16324e+06, 4.03551e+06, 0
3.68714e+06, 1.27674e+06, 0
1.19013e+07, 6.92084e+06, 0
4.81644e+06, 4.7799e+06, 0
1.87304e+06, 8.71476e+06, 0
1.82904e+06, 9.28167e+06, 0
5.28847e+06, 3.55631e+06, 0
2.26156e+06, 4.25903e+06, 0
3.91068e+06, 7.40621e+06, 0
7.60315e+06, 4.92057e+06, 0
3.04364e+06, 3.50083e+06, 0
4.40861e+06, 3.35346e+06, 0
5.56451e+06, 4.60736e+06, 0
3.46756e+06, 8.36231e+06, 0
4.50984e+06, 3.65711e+06, 0
4.64869e+06, 4.28309e+06, 0
3.16294e+06, 1.10844e+07, 0
6.14423e+06, 1.15329e+06, 0
677657, 3.04878e+06, 0
3.85192e+06, 9.82832e+06, 0
2.21875e+06, 9.51317e+06, 0
4.29558e+06, 1.94093e+06, 0
3.431e+06, 2.57818e+06, 0
9.9087e+06, 7.43704e+06, 0
2.92568e+06, 1.61403e+06, 0
1.25604e+06, 2.88891e+06, 0
4.20022e+06, 1.01194e+07, 0
4.41435e+06, 9.0522e+06, 0
7.46286e+06, 3.54872e+06, 0
1.98772e+06, 3.05406e+06, 0
2.43704e+06, 9.69237e+06, 0
8.16415e+06, 4.90411e+06, 0
9.72069e+06, 5.75537e+06, 0
5.64873e+06, 8.10546e+06, 0
5.95167e+06, 7.93999e+06, 0
3.74948e+06, 5.17316e+06, 0
5.12176e+06, 5.69184e+06, 0
3.88504e+06, 3.45324e+06, 0
4.0708e+06, 1.82875e+06, 0
6.89133e+06, 6.65232e+06, 0
1.01483e+07, 5.21646e+06, 0
5.23518e+06, 7.53194e+06, 0
3.84306e+06, 6.05451e+06, 0
7.18025e+06, 3.71318e+06, 0
4.28218e+06, 1.07251e+06, 0
2.39772e+06, 6.87505e+06, 0
2.72939e+06, 5.47892e+06, 0
4.2699e+06, 6.0842e+06, 0
1.0777e+07, 1.09302e+07, 0
2.92765e+06, 3.33576e+06, 0
3.9975e+06, 2.28465e+06, 0
3.87931e+06, 9.53604e+06, 0
5.69451e+06, 3.53599e+06, 0
1.04703e+07, 5.87394e+06, 0
1.23187e+07, 3.34097e+06, 0
4.8729e+06, 1.58022e+06, 0
1.17638e+07, 8.34895e+06, 0
6.93081e+06, 3.50065e+06, 0
6.33702e+06, 8.2809e+06, 0
5.46376e+06, 5.3689e+06, 0
3.74401e+06, 4.81337e+06, 0
2.89149e+06, 2.23368e+06, 0
6.48791e+06, 4.25274e+06, 0
4.80027e+06, 4.81328e+06, 0
4.06929e+06, 1.06444e+06, 0
7.12239e+06, 4.37771e+06, 0
5.126e+06, 2.22805e+06, 0
3.83792e+06, 7.9201e+06, 0
6.05402e+06, 6.87858e+06, 0
5.31558e+06, 2.83653e+06, 0
3.89727e+06, 4.43512e+06, 0
5.78296e+06, 4.61627e+06, 0
7.40934e+06, 8.72087e+06, 0
5.79806e+06, 9.17521e+06, 0
5.72204e+06, 1.9504e+06, 0
1.90609e+06, 4.82777e+06, 0
5.91459e+06, 477143, 0
3.34854e+06, 368316, 0
979680, 7.21732e+06, 0
4.22994e+06, 1.23617e+06, 0
4.38625e+06, 3.29382e+06, 0
1.15659e+06, 7.14366e+06, 0
5.95044e+06, 2.18308e+06, 0
3.53854e+06, 6.62182e+06, 0
1.9565e+06, 6.44133e+06, 0
1.15014e+07, 1.0614e+07, 0
1.28243e+07, 7.57055e+06, 0
7.12227e+06, 4.21253e+06, 0
1.00942e+06, 5.85554e+06, 0
4.27494e+06, 5.69769e+06, 0
6.34258e+06, 2.61963e+06, 0
2.72064e+06, 6.16603e+06, 0
1.99656e+06, 2.89213e+06, 0
7.14396e+06, 4.5134e+06, 0
4.67825e+06, 5.40418e+06, 0
2.93497e+06, 4.73966e+06, 0
2.61779e+06, 5.97466e+06, 0
2.12367e+06, 5.48339e+06, 0
3.58975e+06, 9.04801e+06, 0
4.08265e+06, 9.55776e+06, 0
759019, 4.32123e+06, 0
5.84605e+06, 7.04061e+06, 0
7.26076e+06, 1.81873e+06, 0
5.09218e+06, 3.09369e+06, 0
4.4375e+06, 5.53037e+06, 0
8.95149e+06, 2.25676e+06, 0
3.12278e+06, 6.79145e+06, 0
8.3547e+06, 3.86793e+06, 0
3.21204e+06, 4.24395e+06, 0
2.36318e+06, 8.98923e+06, 0
1.04318e+07, 3.38988e+06, 0
9.20905e+06, 4.67374e+06, 0
3.00158e+06, 4.3747e+06, 0
6.693e+06, 6.72756e+06, 0
5.27747e+06, 9.33608e+06, 0
9.01583e+06, 2.49537e+06, 0
5.05785e+06, 7.8765e+06, 0
4.12026e+06, 5.28484e+06, 0
2.35997e+06, 3.23275e+06, 0
1.57188e+06, 6.16694e+06, 0
3.68975e+06, 3.79945e+06, 0
3.85429e+06, 6.66756e+06, 0
5.96382e+06, 2.94876e+06, 0
8.20063e+06, 9.89829e+06, 0
3.63924e+06, 1.00984e+07, 0
2.48248e+06, 7.89597e+06, 0
3.1496e+06, 4.82376e+06, 0
3.71445e+06, 5.40845e+06, 0
4.53944e+06, 2.7991e+06, 0
4.24439e+06, 3.59345e+06, 0
3.20783e+06, 8.67576e+06, 0
6.4412e+06, 4.17528e+06, 0
3.36391e+06, 4.67108e+06, 0
4.20394e+06, 5.15871e+06, 0
8.72888e+06, 7.00538e+06, 0
9.46159e+06, 1.62222e+06, 0
4.10156e+06, 5.3939e+06, 0
1.93076e+06, 4.74321e+06, 0
4.8736e+06, 5.96475e+06, 0
7.21385e+06, 6.90056e+06, 0
2.22827e+06, 4.18368e+06, 0
4.58483e+06, 1.00467e+07, 0
1.18515e+07, 4.08687e+06, 0
8.35656e+06, 7.01238e+06, 0
7.19484e+06, 3.51738e+06, 0
9.51979e+06, 9.13625e+06, 0
6.50164e+06, 8.9336e+06, 0
2.71458e+06, 3.37542e+06, 0
1.18306e+07, 1.11667e+07, 0
5.86094e+06, 3.58058e+06, 0
5.30196e+06, 2.44218e+06, 0
2.19155e+06, 2.37564e+06, 0
3.31727e+06, 4.65827e+06, 0
4.57804e+06, 3.95428e+06, 0
1.14615e+07, 3.61494e+06, 0
4.50097e+06, 6.04012e+06, 0
3.35389e+06, 7.13129e+06, 0
4.63456e+06, 5.14073e+06, 0
3.08789e+06, 7.79931e+06, 0
4.91135e+06, 5.42799e+06, 0
3.02205e+06, 4.18429e+06, 0
6.69544e+06, 4.40826e+06, 0
6.86918e+06, 7.14769e+06, 0
7.51065e+06, 6.35371e+06, 0
3.15356e+06, 1.13772e+07, 0
5.48204e+06, 3.92993e+06, 0
2.13861e+06, 9.48845e+06, 0
5.80213e+06, 2.00793e+06, 0
3.29324e+06, 1.5378e+07, 0
6.77286e+06, 4.09758e+06, 0
4.41088e+06, 4.50304e+06, 0
5.84251e+06, 4.02363e+06, 0
4.99253e+06, 4.01361e+06, 0
4.3109e+06, 1.40677e+06, 0
2.13123e+06, 6.83657e+06, 0
3.27787e+06, 7.56998e+06, 0
1.02576e+07, 1.12306e+07, 0
1.08248e+07, 6.46493e+06, 0
1.67044e+06, 5.82375e+06, 0
4.05373e+06, 2.0848e+06, 0
6.9399e+06, 7.4475e+06, 0
3.51451e+06, 7.21371e+06, 0
3.13387e+06, 6.1531e+06, 0
2.76821e+06, 7.91776e+06, 0
4.13861e+06, 4.98431e+06, 0
1.08229e+07, 1.17651e+07, 0
2.59887e+06, 9.43189e+06, 0
7.02126e+06, 4.62394e+06, 0
9.95951e+06, 4.52646e+06, 0
7.4188e+06, 5.17193e+06, 0
2.62006e+06, 4.35658e+06, 0
7.72218e+06, 5.68515e+06, 0
5.75105e+06, 3.05096e+06, 0
7.73908e+06, 8.18571e+06, 0
7.73464e+06, 1.22814e+07, 0
4.50366e+06, 3.19455e+06, 0
8.00657e+06, 5.92353e+06, 0
