5.22845e+06, 982799, 0
3.45233e+06, 3.8844e+06, 0
2.0278e+06, 3.73794e+06, 0
2.8497e+06, 2.25972e+06, 0
2.23826e+06, 5.92716e+06, 0
7.44544e+06, 2.42133e+06, 0
2.84231e+06, 4.38516e+06, 0
2.64376e+06, 6.2537e+06, 0
2.82899e+06, 1.11878e+07, 0
7.4653e+06, 6.69571e+06, 0
4.35832e+06, 9.74478e+06, 0
5.35533e+06, 2.40733e+06, 0
5.00151e+06, 5.44114e+06, 0
5.55769e+06, 8.80178e+06, 0
2.48743e+06, 2.8631e+06, 0
3.11733e+06, 4.04023e+06, 0
1.01533e+07, 6.40767e+06, 0
4.43876e+06, 4.33837e+06, 0
2.99501e+06, 6.20836e+06, 0
2.85887e+06, 1.7723e+06, 0
3.95481e+06, 2.46427e+06, 0
6.49345e+06, 1.66722e+06, 0
8.16261e+06, 4.64544e+06, 0
2.11482e+06, 4.73799e+06, 0
5.0544e+06, 7.0171e+06, 0
1.18159e+07, 4.41087e+06, 0
3.83706e+06, 1.03002e+07, 0
3.66335e+06, 4.71532e+06, 0
3.4919e+06, 1.03445e+06, 0
4.63519e+06, 8.6847e+06, 0
3.81316e+06, 2.64776e+06, 0
7.4764e+06, 2.82547e+06, 0
4.71705e+06, 7.28531e+06, 0
4.93955e+06, 5.51981e+06, 0
8.73459e+06, 3.30347e+06, 0
4.64862e+06, 3.37669e+06, 0
2.41209e+06, 125050, 0
4.6832e+06, 1.07511e+07, 0
6.35557e+06, 2.03997e+06, 0
6.99779e+06, 5.0972e+06, 0
3.44289e+06, 1.41763e+06, 0
2.16542e+06, 8.32039e+06, 0
2.36171e+06, 7.34268e+06, 0
7.10139e+06, 7.10058e+06, 0
1.05415e+07, 9.48115e+06, 0
5.23432e+06, 7.37443e+06, 0
6.13741e+06, 4.67685e+06, 0
1.90356e+06, 6.41316e+06, 0
1.03154e+07, 3.03605e+06, 0
4.98072e+06, 6.14618e+06, 0
1.27404e+06, 5.07839e+06, 0
6.98163e+06, 1.77334e+06, 0
2.39578e+06, 3.20453e+06, 0
1.44643e+06, 1.58401e+06, 0
5.29999e+06, 910084, 0
2.46217e+06, 3.6079e+06, 0
1.291e+06, 3.72033e+06, 0
2.03963e+06, 3.51935e+06, 0
8.33685e+06, 6.56301e+06, 0
3.50143e+06, 1.34094e+06, 0
1.94606e+06, 2.00751e+06, 0
6.38877e+06, 2.30787e+06, 0
2.78758e+06, 4.21386e+06, 0
5.24632e+06, 2.71885e+06, 0
4.2038e+06, 4.3423e+06, 0
1.07625e+07, 1.73684e+06, 0
1.19141e+07, 4.91271e+06, 0
3.32821e+06, 4.42719e+06, 0
5.09176e+06, 1.19016e+07, 0
6.22289e+06, 2.34253e+06, 0
6.68434e+06, 6.79879e+06, 0
2.03496e+06, 7.69471e+06, 0
7.18918e+06, 2.79284e+06, 0
1.64716e+06, 3.5364e+06, 0
5.69103e+06, 2.78047e+06, 0
1.58136e+06, 4.89952e+06, 0
2.83591e+06, 4.74319e+06, 0
7.01945e+06, 701311, 0
1.03069e+07, 4.15706e+06, 0
6.10721e+06, 7.04238e+06, 0
6.18464e+06, 523147, 0
1.15908e+07, 1.62938e+06, 0
2.64081e+06, 9.56413e+06, 0
5.68127e+06, 1.16102e+07, 0
6.70959e+06, 6.82775e+06, 0
1.76193e+06, 2.82189e+06, 0
3.84667e+06, 8.06794e+06, 0
7.46131e+06, 1.09715e+06, 0
8.11706e+06, 6.70631e+06, 0
5.31232e+06, 6.67791e+06, 0
6.07276e+06, 4.81636e+06, 0
5.01169e+06, 7.90018e+06, 0
7.07087e+06, 6.20635e+06, 0
3.65691e+06, 4.98395e+06, 0
7.21652e+06, 5.28872e+06, 0
6.20849e+06, 4.52998e+06, 0
2.3903e+06, 5.83187e+06, 0
7.99521e+06, 8.78613e+06, 0
2.36264e+06, 7.72964e+06, 0
6.27861e+06, 6.05659e+06, 0
4.0666e+06, 6.40477e+06, 0
5.57189e+06, 4.92407e+06, 0
3.11851e+06, 6.20859e+06, 0
1.00093e+07, 6.15924e+06, 0
8.73018e+06, 6.60762e+06, 0
6.36425e+06, 302398, 0
4.79878e+06, 4.74779e+06, 0
1.02552e+07, 3.33545e+06, 0
3.61391e+06, 1.41136e+06, 0
3.22637e+06, 5.5236e+06, 0
1.24629e+07, 3.27106e+06, 0
5.38056e+06, 2.503e+06, 0
7.71543e+06, 2.70002e+06, 0
7.52635e+06, 2.31633e+06, 0
3.52162e+06, 994202, 0
7.97543e+06, 7.59782e+06, 0
1.41175e+06, 1.01198e+07, 0
8.33451e+06, 1.02172e+07, 0
3.12357e+06, 1.08098e+07, 0
4.19571e+06, 9.87618e+06, 0
1.22328e+07, 3.65993e+06, 0
1.22429e+07, 4.91968e+06, 0
6.00942e+06, 7.09495e+06, 0
3.5376e+06, 8.40178e+06, 0
1.31333e+07, 7.48233e+06, 0
5.01756e+06, 3.939e+06, 0
3.60977e+06, 4.45491e+06, 0
9.61682e+06, 4.08703e+06, 0
9.28398e+06, 6.01568e+06, 0
2.485e+06, 3.24606e+06, 0
2.72446e+06, 5.05351e+06, 0
4.88632e+06, 1.17032e+07, 0
6.13137e+06, 3.45202e+06, 0
1.19141e+07, 3.11957e+06, 0
2.05948e+06, 2.59825e+06, 0
9.45855e+06, 8.60323e+06, 0
3.43608e+06, 3.02371e+06, 0
8.74408e+06, 1.84627e+06, 0
6.08902e+06, 4.64293e+06, 0
4.65286e+06, 1.1669e+07, 0
8.24131e+06, 5.92756e+06, 0
3.411e+06, 1.09475e+07, 0
3.50894e+06, 2.41377e+06, 0
1.98807e+06, 5.4635e+06, 0
1.03528e+07, 5.18069e+06, 0
7.18956e+06, 4.35625e+06, 0
8.07927e+06, 9.35154e+06, 0
3.34238e+06, 1.23282e+06, 0
4.7743e+06, 3.89041e+06, 0
2.53288e+06, 361643, 0
1.97378e+06, 4.86956e+06, 0
5.24974e+06, 4.33415e+06, 0
2.10719e+06, 1.20962e+07, 0
5.56e+06, 5.30673e+06, 0
1.56145e+06, 4.81279e+06, 0
7.51501e+06, 4.2499e+06, 0
6.18976e+06, 4.25713e+06, 0
617049, 4.63634e+06, 0
2.86622e+06, 6.0082e+06, 0
5.50514e+06, 1.00454e+07, 0
6.6232e+06, 4.60198e+06, 0
2.83873e+06, 283005, 0
3.99694e+06, 9.92524e+06, 0
7.9593e+06, 3.8758e+06, 0
1.09892e+07, 4.38987e+06, 0
1.53424e+06, 5.25722e+06, 0
8.85081e+06, 1.21333e+07, 0
1.49499e+06, 1.13159e+07, 0
6.67591e+06, 7.751e+06, 0
3.41782e+06, 1.35119e+06, 0
4.44367e+06, 1.32684e+06, 0
6.78552e+06, 5.10566e+06, 0
1.03083e+07, 5.92527e+06, 0
2.78513e+06, 3.91001e+06, 0
3.88703e+06, 2.70223e+06, 0
6.21196e+06, 7.5941e+06, 0
2.44398e+06, 4.94858e+06, 0
6.54098e+06, 3.59574e+06, 0
5.30306e+06, 3.16497e+06, 0
8.04747e+06, 6.25725e+06, 0
1.8366e+06, 1.0219e+07, 0
1.99297e+06, 3.59257e+06, 0
1.80943e+06, 1.56171e+06, 0
5.96229e+06, 7.23002e+06, 0
2.97429e+06, 5.85385e+06, 0
1.27712e+06, 1.17693e+07, 0
2.89811e+06, 1.66448e+06, 0
8.69439e+06, 3.5605e+06, 0
8.76006e+06, 1.62622e+06, 0
4.2346e+06, 1.54815e+07, 0
4.29495e+06, 4.01661e+06, 0
5.64671e+06, 792806, 0
5.60665e+06, 5.99147e+06, 0
7.73406e+06, 1.88848e+06, 0
6.03141e+06, 3.13086e+06, 0
1.12029e+06, 3.71746e+06, 0
2.14418e+06, 1.41397e+07, 0
5.15455e+06, 5.98352e+06, 0
1.04982e+07, 6.5482e+06, 0
4.86251e+06, 4.90758e+06, 0
8.08629e+06, 3.46753e+06, 0
5.0301e+06, 5.64642e+06, 0
3.74813e+06, 5.75097e+06, 0
1.13917e+06, 4.57536e+06, 0
2.54782e+06, 2.65044e+06, 0
2.18045e+06, 6.20902e+06, 0
6.97637e+06, 6.99917e+06, 0
3.7649e+06, 1.21983e+06, 0
5.75055e+06, 3.03753e+06, 0
3.56005e+06, 1.78435e+06, 0
3.16533e+06, 6.5656e+06, 0
8.49162e+06, 1.86801e+07, 0
454984, 9.23832e+06, 0
6.4961e+06, 4.33321e+06, 0
2.53105e+06, 2.8525e+06, 0
1.43525e+06, 4.16209e+06, 0
3.6956e+06, 3.2371e+06, 0
1.0798e+06, 4.64917e+06, 0
1.08453e+07, 6.78348e+06, 0
6.5667e+06, 6.37001e+06, 0
1.78345e+06, 9.08081e+06, 0
6.60564e+06, 2.58656e+06, 0
7.0965e+06, 2.94584e+06, 0
3.88579e+06, 1.82172e+06, 0
3.06636e+06, 1.737e+06, 0
2.22684e+06, 1.55141e+06, 0
1.18271e+06, 7.00231e+06, 0
6.09433e+06, 2.26386e+06, 0
8.59233e+06, 7.6608e+06, 0
6.3536e+06, 5.05193e+06, 0
1.27835e+06, 8.53324e+06, 0
9.20134e+06, 3.17129e+06, 0
2.59011e+06, 4.08602e+06, 0
1.53999e+06, 2.63721e+06, 0
4.06558e+06, 5.27762e+06, 0
4.857e+06, 7.73378e+06, 0
1.74028e+06, 3.09849e+06, 0
7.84871e+06, 1.20836e+06, 0
5.99591e+06, 5.35199e+06, 0
3.6861e+06, 1.13049e+07, 0
4.60303e+06, 831684, 0
8.49056e+06, 6.85102e+06, 0
5.85517e+06, 2.22929e+06, 0
1.79061e+06, 3.03216e+06, 0
5.82455e+06, 3.63034e+06, 0
1.04507e+07, 6.91529e+06, 0
3.26249e+06, 4.14039e+06, 0
3.93435e+06, 6.95047e+06, 0
5.61635e+06, 4.4904e+06, 0
6.19675e+06, 1.45338e+06, 0
2.49253e+06, 7.00695e+06, 0
3.73416e+06, 6.60387e+06, 0
1.03457e+07, 4.54019e+06, 0
8.27121e+06, 3.18849e+06, 0
7.94364e+06, 4.55369e+06, 0
2.29749e+06, 4.25396e+06, 0
2.78787e+06, 2.45068e+06, 0
6.50142e+06, 2.87965e+06, 0
6.83244e+06, 1.50724e+06, 0
7.70234e+06, 6.20792e+06, 0
4.73565e+06, 4.89479e+06, 0
4.5679e+06, 7.10611e+06, 0
4.02643e+06, 2.91909e+06, 0
5.88618e+06, 6.67623e+06, 0
7.07448e+06, 4.49819e+06, 0
4.70779e+06, 8.24325e+06, 0
2.0925e+06, 5.36712e+06, 0
8.08629e+06, 917304, 0
7.16103e+06, 5.65016e+06, 0
3.87132e+06, 5.65535e+06, 0
6.41023e+06, 2.9391e+06, 0
4.29336e+06, 1.56113e+06, 0
8.60216e+06, 3.98568e+06, 0
9.88642e+06, 3.90268e+06, 0
1.02598e+07, 5.39924e+06, 0
1.01763e+07, 5.58105e+06, 0
3.83244e+06, 1.02086e+06, 0
1.36238e+06, 4.95393e+06, 0
9.68563e+06, 3.16448e+06, 0
9.78737e+06, 2.6905e+06, 0
1.80115e+06, 4.01925e+06, 0
4.84371e+06, 9.50084e+06, 0
4.88722e+06, 2.05976e+06, 0
3.60031e+06, 6.61404e+06, 0
1.00076e+07, 4.3532e+06, 0
4.84714e+06, 1.12761e+06, 0
6.73629e+06, 3.45954e+06, 0
8.29023e+06, 5.61053e+06, 0
557983, 2.22558e+06, 0
6.69826e+06, 2.32288e+06, 0
1.71096e+06, 1.6776e+06, 0
3.80434e+06, 4.97529e+06, 0
5.92636e+06, 5.21878e+06, 0
8.21664e+06, 1.24956e+07, 0
2.35141e+06, 7.26884e+06, 0
1.07087e+07, 1.20393e+07, 0
7.75478e+06, 6.79336e+06, 0
2.05792e+06, 3.06627e+06, 0
1.69338e+06, 3.54636e+06, 0
4.34026e+06, 1.28114e+07, 0
3.55212e+06, 2.367e+06, 0
4.33346e+06, 5.38985e+06, 0
4.32518e+06, 7.06689e+06, 0
3.98822e+06, 5.27238e+06, 0
4.60868e+06, 5.63908e+06, 0
5.63655e+06, 4.75414e+06, 0
1.06014e+07, 8.39588e+06, 0
6.91528e+06, 1.45487e+06, 0
1.34905e+06, 9.42787e+06, 0
1.08795e+06, 7.64077e+06, 0
9.51036e+06, 6.45599e+06, 0
9.38316e+06, 4.09699e+06, 0
1.0456e+07, 580757, 0
1.13386e+07, 3.26131e+06, 0
7.3387e+06, 4.10575e+06, 0
3.93838e+06, 4.29359e+06, 0
6.62922e+06, 1.49808e+06, 0
6.29826e+06, 7.50138e+06, 0
6.72513e+06, 6.07209e+06, 0
5.54902e+06, 4.38283e+06, 0
5.98677e+06, 3.28493e+06, 0
5.6894e+06, 4.34809e+06, 0
3.02588e+06, 2.29255e+06, 0
1.10114e+06, 5.28203e+06, 0
4.61976e+06, 4.2376e+06, 0
1.39925e+06, 4.23395e+06, 0
8.95603e+06, 1.11029e+07, 0
6.42387e+06, 5.37282e+06, 0
3.79053e+06, 5.10681e+06, 0
7.87015e+06, 5.72758e+06, 0
5.80318e+06, 1.09748e+06, 0
5.66992e+06, 8.16392e+06, 0
1.91148e+06, 4.0892e+06, 0
6.92439e+06, 4.26801e+06, 0
3.35486e+06, 6.14875e+06, 0
5.50494e+06, 5.02312e+06, 0
971523, 4.02782e+06, 0
7.62954e+06, 2.29373e+06, 0
3.86239e+06, 9.76089e+06, 0
5.08363e+06, 1.18965e+06, 0
8.02343e+06, 5.19936e+06, 0
6.05206e+06, 1.6934e+06, 0
1.64106e+06, 7.59282e+06, 0
3.42075e+06, 1.67243e+06, 0
6.02196e+06, 3.78432e+06, 0
3.46485e+06, 5.69945e+06, 0
6.91624e+06, 6.47922e+06, 0
7.44513e+06, 4.59288e+06, 0
5.77806e+06, 5.22954e+06, 0
2.76917e+06, 4.75723e+06, 0
4.3354e+06, 2.84433e+06, 0
7.67796e+06, 3.1848e+06, 0
7.48844e+06, 4.71054e+06, 0
6.47034e+06, 7.12264e+06, 0
2.76452e+06, 2.32141e+06, 0
8.36846e+06, 2.04774e+06, 0
1.00006e+06, 9.356e+06, 0
8.72618e+06, 7.07009e+06, 0
1.16692e+07, 5.41993e+06, 0
4.14487e+06, 2.47476e+06, 0
3.53634e+06, 3.64457e+06, 0
2.27243e+06, 9.57919e+06, 0
2.29288e+06, 3.40952e+06, 0
1.01427e+07, 358721, 0
1.03196e+07, 2.74407e+06, 0
6.18301e+06, 1.05023e+06, 0
4.59678e+06, 6.55011e+06, 0
6.07296e+06, 1.11665e+07, 0
3.11128e+06, 1.11965e+07, 0
4.72985e+06, 5.80358e+06, 0
1.45889e+06, 9.10011e+06, 0
1.11831e+06, 1.34744e+07, 0
9.68976e+06, 8.98974e+06, 0
4.94358e+06, 6.89327e+06, 0
2.03757e+06, 1.08766e+07, 0
4.19228e+06, 1.17547e+06, 0
7.42734e+06, 2.04826e+06, 0
3.57802e+06, 1.07006e+07, 0
1.08031e+07, 6.35316e+06, 0
2.68681e+06, 3.15889e+06, 0
9.00501e+06, 2.01072e+06, 0
5.19851e+06, 5.03642e+06, 0
7.25802e+06, 6.08961e+06, 0
7.43337e+06, 3.62388e+06, 0
4.094e+06, 2.04318e+06, 0
2.55834e+06, 2.39906e+06, 0
1.91677e+06, 4.73496e+06, 0
6.87491e+06, 5.69165e+06, 0
4.64952e+06, 4.79197e+06, 0
6.96635e+06, 7.16722e+06, 0
2.85024e+06, 3.11903e+06, 0
6.93499e+06, 4.60798e+06, 0
4.78853e+06, 5.31526e+06, 0
1.89847e+06, 345444, 0
4.6416e+06, 856984, 0
6.74339e+06, 2.99243e+06, 0
1.26586e+06, 1.20522e+06, 0
4.21027e+06, 3.14436e+06, 0
4.4032e+06, 3.36618e+06, 0
9.7329e+06, 5.83118e+06, 0
4.44603e+06, 2.37638e+06, 0
3.01837e+06, 9.24346e+06, 0
1.00306e+06, 1.64686e+06, 0
2.43422e+06, 227250, 0
4.2387e+06, 3.73461e+06, 0
5.12389e+06, 3.16381e+06, 0
5.15262e+06, 7.42484e+06, 0
2.67159e+06, 6.61585e+06, 0
3.05874e+06, 3.84789e+06, 0
8.5944e+06, 9.13994e+06, 0
6.59563e+06, 3.08097e+06, 0
1.48154e+06, 1.80614e+06, 0
8.85735e+06, 5.03302e+06, 0
413514, 1.44486e+06, 0
2.76433e+06, 3.53107e+06, 0
1.42782e+07, 5.51549e+06, 0
1.13714e+07, 2.70372e+06, 0
3.17091e+06, 7.96602e+06, 0
3.27598e+06, 4.90257e+06, 0
4.30569e+06, 6.18621e+06, 0
3.9003e+06, 8.07905e+06, 0
8.27015e+06, 4.74585e+06, 0
3.77824e+06, 2.60224e+06, 0
732731, 1.20818e+07, 0
5.86024e+06, 1.31938e+07, 0
1.08122e+06, 4.11924e+06, 0
5.01086e+06, 5.91273e+06, 0
7.19538e+06, 1.90619e+06, 0
9.85995e+06, 3.92531e+06, 0
3.40667e+06, 4.67412e+06, 0
3.88166e+06, 7.25092e+06, 0
8.37999e+06, 6.36499e+06, 0
7.3178e+06, 6.05022e+06, 0
4.51962e+06, 2.61996e+06, 0
792444, 1.13195e+07, 0
1.01281e+07, 749469, 0
1.46297e+06, 2.46488e+06, 0
4.44467e+06, 8.409e+06, 0
7.46924e+06, 280186, 0
7.12107e+06, 5.64272e+06, 0
2.61713e+06, 3.79913e+06, 0
2.53042e+06, 6.35484e+06, 0
3.35832e+06, 1.07011e+07, 0
1.68194e+06, 6.21561e+06, 0
4.42069e+06, 6.08308e+06, 0
981070, 7.17159e+06, 0
6.31339e+06, 3.8274e+06, 0
544570, 3.28473e+06, 0
6.79727e+06, 6.00744e+06, 0
3.58002e+06, 6.56856e+06, 0
9.04424e+06, 1.17269e+06, 0
5.91178e+06, 2.28971e+06, 0
1.1943e+07, 1.83017e+06, 0
2.88287e+06, 3.92714e+06, 0
5.63572e+06, 2.45844e+06, 0
5.27085e+06, 3.31912e+06, 0
5.1826e+06, 4.45378e+06, 0
8.41344e+06, 3.11916e+06, 0
6.28651e+06, 4.80146e+06, 0
5.87303e+06, 3.16465e+06, 0
7.96938e+06, 2.41057e+06, 0
1.05529e+07, 5.50887e+06, 0
4.18726e+06, 2.06742e+06, 0
4.49263e+06, 1.22796e+06, 0
3.3234e+06, 6.39851e+06, 0
4.63533e+06, 2.64704e+06, 0
5.33086e+06, 4.133e+06, 0
5.65576e+06, 6.80186e+06, 0
1.08234e+07, 1.733e+06, 0
7.61865e+06, 4.97356e+06, 0
7.81833e+06, 5.18983e+06, 0
5.28337e+06, 1.0391e+07, 0
7.08952e+06, 2.53923e+06, 0
4.92432e+06, 1.04898e+07, 0
5.66056e+06, 4.12311e+06, 0
6.26952e+06, 2.75454e+06, 0
2.99743e+06, 1.04434e+07, 0
7.09629e+06, 9.23949e+06, 0
5.11339e+06, 2.34667e+06, 0
6.32006e+06, 725692, 0
7.21249e+06, 4.49019e+06, 0
2.31252e+06, 6.71467e+06, 0
1.60195e+06, 9.4546e+06, 0
6.25523e+06, 9.64069e+06, 0
4.33585e+06, 4.33465e+06, 0
7.63278e+06, 2.62108e+06, 0
6.36266e+06, 5.15784e+06, 0
1.42783e+06, 4.43396e+06, 0
5.95105e+06, 1.81579e+06, 0
2.65818e+06, 4.27487e+06, 0
5.3158e+06, 5.89225e+06, 0
5.27802e+06, 1.52634e+06, 0
6.22034e+06, 4.2183e+06, 0
796500, 6.09675e+06, 0
4.88849e+06, 3.25345e+06, 0
3.55255e+06, 9.85756e+06, 0
4.5134e+06, 2.866e+06, 0
2.16138e+06, 1.90449e+06, 0
3.37089e+06, 6.40013e+06, 0
7.22059e+06, 3.96439e+06, 0
8.72365e+06, 1.45313e+07, 0
4.91116e+06, 1.15093e+07, 0
6.7472e+06, 2.48129e+06, 0
8.16692e+06, 8.42062e+06, 0
8.87882e+06, 9.47288e+06, 0
1.38058e+06, 4.52471e+06, 0
2.36925e+06, 6.05571e+06, 0
8.46419e+06, 5.62e+06, 0
3.74555e+06, 9.18803e+06, 0
6.84792e+06, 3.117e+06, 0
9.79457e+06, 1.57587e+07, 0
2.43508e+06, 6.89363e+06, 0
4.67557e+06, 1.13995e+07, 0
5.67505e+06, 3.34732e+06, 0
4.8392e+06, 6.70431e+06, 0
5.68468e+06, 7.79562e+06, 0
1.26934e+06, 3.42005e+06, 0
6.3482e+06, 5.41154e+06, 0
1.73469e+06, 7.75527e+06, 0
5.03356e+06, 5.78393e+06, 0
2.96663e+06, 6.34462e+06, 0
6.59611e+06, 5.33109e+06, 0
6.91311e+06, 6.35331e+06, 0
4.52869e+06, 2.66712e+06, 0
3.6087e+06, 8.17513e+06, 0
1.88878e+06, 3.80096e+06, 0
7.8119e+06, 9.91383e+06, 0
3.80441e+06, 3.69493e+06, 0
5.47677e+06, 3.63622e+06, 0
3.79809e+06, 3.44407e+06, 0
8.99872e+06, 3.65697e+06, 0
8.83867e+06, 3.09766e+06, 0
5.0592e+06, 5.27711e+06, 0
1.21756e+07, 7.15476e+06, 0
7.15347e+06, 8.21453e+06, 0
4.99665e+06, 6.33393e+06, 0
1.07055e+07, 7.3453e+06, 0
2.03912e+06, 8.46169e+06, 0
4.02394e+06, 5.43064e+06, 0
2.8325e+06, 6.0112e+06, 0
4.06274e+06, 8.98794e+06, 0
4.48646e+06, 5.30885e+06, 0
3.73776e+06, 7.56874e+06, 0
4.33224e+06, 7.96044e+06, 0
1.45631e+06, 1.16542e+07, 0
2.09287e+06, 6.66994e+06, 0
5.49204e+06, 4.13583e+06, 0
2.60995e+06, 3.30216e+06, 0
3.84122e+06, 4.11723e+06, 0
2.71579e+06, 4.92085e+06, 0
3.91575e+06, 3.17193e+06, 0
9.74705e+06, 1.83153e+06, 0
5.8714e+06, 8.11567e+06, 0
9.75286e+06, 8.35731e+06, 0
6.64189e+06, 1.61216e+06, 0
4.21062e+06, 4.03904e+06, 0
5.83739e+06, 7.37196e+06, 0
844586, 4.21574e+06, 0
6.87121e+06, 5.29555e+06, 0
5.43173e+06, 2.53623e+06, 0
565199, 5.3622e+06, 0
6.15664e+06, 7.99017e+06, 0
7.0331e+06, 1.28041e+06, 0
7.22601e+06, 7.82986e+06, 0
1.48916e+06, 2.27843e+06, 0
7.38958e+06, 2.89571e+06, 0
1.11638e+07, 1.04144e+07, 0
8.85311e+06, 6.15417e+06, 0
3.34024e+06, 3.67337e+06, 0
4.8434e+06, 6.90837e+06, 0
5.75322e+06, 1.58958e+06, 0
4.68996e+06, 5.66206e+06, 0
6.92657e+06, 4.19002e+06, 0
6.00694e+06, 3.45621e+06, 0
8.46039e+06, 8.56708e+06, 0
4.26398e+06, 5.87812e+06, 0
7.1351e+06, 4.89699e+06, 0
2.02626e+06, 6.93362e+06, 0
1.23767e+06, 8.23919e+06, 0
8.00805e+06, 9.19473e+06, 0
1.37689e+06, 6.14171e+06, 0
5.2626e+06, 3.05477e+06, 0
5.46662e+06, 9.92262e+06, 0
5.6367e+06, 7.063e+06, 0
8.49462e+06, 1.04832e+06, 0
3.95685e+06, 3.62071e+06, 0
9.35533e+06, 3.34697e+06, 0
1.97303e+06, 1.17156e+06, 0
7.14982e+06, 3.3862e+06, 0
5.17636e+06, 3.75756e+06, 0
4.43741e+06, 8.45175e+06, 0
7.75277e+06, 9.46167e+06, 0
1.06379e+07, 4.57088e+06, 0
3.79394e+06, 3.85104e+06, 0
1.10377e+07, 8.21216e+06, 0
1.01e+07, 1.16837e+07, 0
4.77152e+06, 2.74627e+06, 0
2.21735e+06, 4.86152e+06, 0
4.68196e+06, 5.58172e+06, 0
9.24594e+06, 8.49206e+06, 0
4.55878e+06, 5.88568e+06, 0
3.01837e+06, 9.24346e+06, 0
1.59515e+06, 6.18762e+06, 0
2.43387e+06, 5.02923e+06, 0
7.66336e+06, 6.45535e+06, 0
7.79938e+06, 4.22189e+06, 0
4.84523e+06, 3.30829e+06, 0
581080, 2.42552e+06, 0
1.19331e+06, 2.81998e+06, 0
6.37285e+06, 6.85709e+06, 0
4.60396e+06, 5.19974e+06, 0
6.30204e+06, 7.57339e+06, 0
2.75673e+06, 3.75136e+06, 0
6.34349e+06, 7.99334e+06, 0
2.30118e+06, 2.93992e+06, 0
7.88377e+06, 6.66915e+06, 0
5.3934e+06, 5.21298e+06, 0
4.58296e+06, 8.19028e+06, 0
3.65644e+06, 1.22306e+06, 0
6.04229e+06, 4.52086e+06, 0
2.69144e+06, 7.63332e+06, 0
4.32965e+06, 3.05967e+06, 0
8.7598e+06, 6.43886e+06, 0
5.17679e+06, 7.22655e+06, 0
6.02726e+06, 4.80672e+06, 0
2.28322e+06, 6.34659e+06, 0
3.3419e+06, 7.94925e+06, 0
5.59393e+06, 1.01881e+07, 0
6.67544e+06, 4.04382e+06, 0
5.80454e+06, 3.05963e+06, 0
7.96429e+06, 3.69746e+06, 0
3.87834e+06, 5.57683e+06, 0
5.64691e+06, 1.55693e+06, 0
7.86243e+06, 5.44705e+06, 0
3.96505e+06, 1.37222e+06, 0
6.66922e+06, 5.09847e+06, 0
1.55254e+06, 6.70044e+06, 0
4.02278e+06, 8.98676e+06, 0
8.56943e+06, 3.48745e+06, 0
8.05064e+06, 3.94009e+06, 0
6.10197e+06, 5.44903e+06, 0
6.99561e+06, 3.3399e+06, 0
6.28347e+06, 4.61934e+06, 0
2.30179e+06, 9.52757e+06, 0
3.33916e+06, 4.89916e+06, 0
5.61696e+06, 2.52262e+06, 0
6.91405e+06, 5.13782e+06, 0
5.163e+06, 7.50969e+06, 0
593372, 6.76419e+06, 0
7.54624e+06, 5.85801e+06, 0
9.08305e+06, 6.11775e+06, 0
4.18589e+06, 5.5367e+06, 0
3.1749e+06, 7.44486e+06, 0
7.5201e+06, 5.16211e+06, 0
6.05445e+06, 526957, 0
3.99516e+06, 4.33071e+06, 0
4.98592e+06, 7.43118e+06, 0
3.5964e+06, 2.5909e+06, 0
9.25468e+06, 3.4523e+06, 0
8.7738e+06, 7.8582e+06, 0
8.43728e+06, 6.58854e+06, 0
8.90887e+06, 3.63122e+06, 0
1.66908e+06, 9.6219e+06, 0
9.6494e+06, 4.73644e+06, 0
1.23119e+06, 1.56685e+06, 0
7.59507e+06, 3.02384e+06, 0
7.05057e+06, 5.3844e+06, 0
8.32277e+06, 8.12946e+06, 0
3.71071e+06, 9.24346e+06, 0
3.06953e+06, 6.37524e+06, 0
4.57753e+06, 4.76373e+06, 0
5.89721e+06, 5.58445e+06, 0
7.77173e+06, 4.21971e+06, 0
2.67416e+06, 5.84505e+06, 0
1.02496e+07, 1.04492e+06, 0
2.0312e+06, 3.0084e+06, 0
3.44964e+06, 4.3189e+06, 0
4.71242e+06, 1.03346e+06, 0
4.69308e+06, 4.27742e+06, 0
3.17138e+06, 2.16932e+06, 0
4.97664e+06, 7.16285e+06, 0
5.52757e+06, 3.20582e+06, 0
6.99775e+06, 3.64737e+06, 0
6.95236e+06, 1.17098e+07, 0
2.06546e+06, 6.54154e+06, 0
3.6563e+06, 1.0382e+07, 0
2.62737e+06, 8.6394e+06, 0
3.29774e+06, 1.90451e+06, 0
5.31269e+06, 9.26102e+06, 0
1.26287e+07, 1.7397e+06, 0
5.17268e+06, 5.7185e+06, 0
338310, 8.35599e+06, 0
1.8566e+06, 5.09976e+06, 0
7.38191e+06, 1.78351e+06, 0
8.26602e+06, 1.10926e+07, 0
5.25288e+06, 5.23416e+06, 0
8.31538e+06, 8.41277e+06, 0
2.64222e+06, 2.20781e+06, 0
7.76414e+06, 4.40834e+06, 0
3.57894e+06, 8.13128e+06, 0
1.70501e+06, 4.20187e+06, 0
2.56796e+06, 3.97157e+06, 0
8.00183e+06, 3.22115e+06, 0
9.90142e+06, 3.78012e+06, 0
2.62243e+06, 2.15648e+06, 0
2.40345e+06, 2.70059e+06, 0
1.81305e+06, 4.51364e+06, 0
5.63765e+06, 5.05609e+06, 0
7.87962e+06, 6.8404e+06, 0
6.33923e+06, 9.13745e+06, 0
9.94494e+06, 5.86599e+06, 0
4.29945e+06, 5.1565e+06, 0
1.17128e+07, 4.14371e+06, 0
6.54122e+06, 8.22925e+06, 0
5.29141e+06, 5.04826e+06, 0
5.97848e+06, 898895, 0
6.71735e+06, 2.15865e+06, 0
7.72236e+06, 5.19331e+06, 0
6.95155e+06, 5.204e+06, 0
3.72811e+06, 7.35401e+06, 0
1.33787e+06, 5.78761e+06, 0
1.42839e+06, 2.9536e+06, 0
8.16502e+06, 8.4986e+06, 0
4.37106e+06, 3.203e+06, 0
1.74134e+06, 4.9153e+06, 0
9.39252e+06, 8.56236e+06, 0
3.52733e+06, 3.34951e+06, 0
6.17424e+06, 5.87485e+06, 0
5.5016e+06, 1.54486e+06, 0
2.02057e+06, 2.01622e+06, 0
4.58426e+06, 3.0257e+06, 0
1.19213e+07, 8.14645e+06, 0
4.63174e+06, 1.91308e+06, 0
3.16292e+06, 2.81812e+06, 0
7.70005e+06, 4.38262e+06, 0
7.15347e+06, 8.21453e+06, 0
2.59754e+06, 7.99973e+06, 0
6.52658e+06, 1.0206e+07, 0
4.31259e+06, 7.98392e+06, 0
4.81031e+06, 732480, 0
3.9952e+06, 1.15e+06, 0
4.67322e+06, 5.40854e+06, 0
6.98754e+06, 4.54037e+06, 0
2.97535e+06, 2.41363e+06, 0
6.15545e+06, 5.97129e+06, 0
4.64579e+06, 3.15888e+06, 0
2.92767e+06, 6.66662e+06, 0
2.92233e+06, 2.478e+06, 0
525416, 4.59689e+06, 0
2.64821e+06, 5.27139e+06, 0
4.87331e+06, 1.17291e+07, 0
6.68686e+06, 5.9935e+06, 0
5.50822e+06, 676035, 0
8.63377e+06, 8.63615e+06, 0
348646, 5.87473e+06, 0
1.2579e+07, 4.36856e+06, 0
4.77165e+06, 5.11783e+06, 0
6.10236e+06, 8.25309e+06, 0
2.21494e+06, 5.67901e+06, 0
1.32581e+06, 9.12216e+06, 0
5.31146e+06, 6.02957e+06, 0
8.14753e+06, 7.82868e+06, 0
6.82268e+06, 1.22368e+07, 0
4.08976e+06, 2.31528e+06, 0
3.18476e+06, 6.38526e+06, 0
9.13453e+06, 5.74414e+06, 0
7.09474e+06, 1.27715e+07, 0
1.8584e+06, 6.75469e+06, 0
4.87118e+06, 7.88326e+06, 0
3.04936e+06, 4.22568e+06, 0
3.32396e+06, 1.04091e+07, 0
4.08892e+06, 4.80569e+06, 0
3.92731e+06, 1.86303e+06, 0
5.06823e+06, 7.41938e+06, 0
3.6965e+06, 2.75644e+06, 0
9.61666e+06, 1.52424e+06, 0
3.09435e+06, 3.72404e+06, 0
912520, 7.35791e+06, 0
3.80793e+06, 2.87244e+06, 0
5.57409e+06, 3.18792e+06, 0
7.58425e+06, 2.23431e+06, 0
2.83093e+06, 6.54248e+06, 0
2.6045e+06, 7.37839e+06, 0
8.34454e+06, 8.46733e+06, 0
5.46154e+06, 6.30838e+06, 0
1.13828e+07, 3.43173e+06, 0
1.07655e+07, 3.59967e+06, 0
5.27159e+06, 1.83702e+06, 0
4.8245e+06, 2.34215e+06, 0
4.54605e+06, 8.80799e+06, 0
5.53313e+06, 4.36929e+06, 0
4.29907e+06, 5.40707e+06, 0
2.43091e+06, 3.1718e+06, 0
3.81719e+06, 4.17691e+06, 0
5.98625e+06, 5.89589e+06, 0
2.20216e+06, 4.47286e+06, 0
6.16362e+06, 3.32806e+06, 0
5.16009e+06, 1.01884e+07, 0
8.04575e+06, 2.80547e+06, 0
7.16518e+06, 4.62022e+06, 0
3.96637e+06, 1.96442e+06, 0
3.67295e+06, 7.38701e+06, 0
2.98737e+06, 3.71564e+06, 0
7.00964e+06, 3.26028e+06, 0
8.61154e+06, 3.29459e+06, 0
6.40878e+06, 8.02588e+06, 0
4.56237e+06, 1.21303e+06, 0
6.78524e+06, 6.00564e+06, 0
9.79293e+06, 4.94327e+06, 0
6.80429e+06, 3.72302e+06, 0
5.4192e+06, 2.27502e+06, 0
3.68582e+06, 1.7427e+06, 0
1.74944e+06, 791939, 0
5.39197e+06, 6.00263e+06, 0
4.64908e+06, 3.87399e+06, 0
883635, 1.39919e+07, 0
6.34094e+06, 8.56677e+06, 0
4.38258e+06, 5.34664e+06, 0
1.57101e+06, 2.77018e+06, 0
5.53623e+06, 3.08918e+06, 0
3.02609e+06, 2.27917e+06, 0
3.00492e+06, 6.6619e+06, 0
1.23913e+06, 1.01258e+07, 0
4.21814e+06, 7.58215e+06, 0
3.02402e+06, 9.42352e+06, 0
4.5315e+06, 2.28386e+06, 0
3.71081e+06, 4.89964e+06, 0
9.10755e+06, 1.0426e+06, 0
8.62482e+06, 2.71494e+06, 0
6.26749e+06, 2.48324e+06, 0
3.6593e+06, 8.14329e+06, 0
3.32017e+06, 2.72633e+06, 0
6.39779e+06, 1.06917e+07, 0
4.74787e+06, 7.53967e+06, 0
5.53836e+06, 5.97278e+06, 0
5.71371e+06, 7.76081e+06, 0
3.02615e+06, 9.98167e+06, 0
645076, 6.55384e+06, 0
1.20057e+06, 9.08181e+06, 0
6.49922e+06, 4.67281e+06, 0
2.08819e+06, 2.45337e+06, 0
3.9618e+06, 6.79149e+06, 0
4.98755e+06, 1.56158e+06, 0
2.17542e+06, 7.38496e+06, 0
928954, 5.78194e+06, 0
3.25571e+06, 8.36127e+06, 0
5.7202e+06, 4.63758e+06, 0
6.07785e+06, 6.74221e+06, 0
2.45014e+06, 7.36887e+06, 0
1.07775e+07, 2.82659e+06, 0
4.75882e+06, 2.2219e+06, 0
4.27028e+06, 4.60587e+06, 0
9.72546e+06, 2.71398e+06, 0
5.49327e+06, 1.17822e+07, 0
4.52957e+06, 3.20937e+06, 0
3.51396e+06, 1.8398e+06, 0
5.57014e+06, 1.22585e+06, 0
5.87237e+06, 3.21906e+06, 0
9.24388e+06, 5.41484e+06, 0
8.28604e+06, 8.89781e+06, 0
6.30936e+06, 7.92473e+06, 0
6.94602e+06, 4.00283e+06, 0
4.73342e+06, 8.13384e+06, 0
5.77574e+06, 2.43233e+06, 0
3.70194e+06, 1.67783e+06, 0
3.53478e+06, 7.95116e+06, 0
3.09632e+06, 1.46225e+06, 0
7.87609e+06, 5.29961e+06, 0
2.94637e+06, 7.66277e+06, 0
4.90718e+06, 6.47162e+06, 0
2.57352e+06, 4.32169e+06, 0
5.87981e+06, 1.68355e+06, 0
5.84942e+06, 5.18217e+06, 0
7.62601e+06, 3.85067e+06, 0
5.81603e+06, 7.19996e+06, 0
6.45351e+06, 6.93382e+06, 0
2.66516e+06, 7.87314e+06, 0
3.57919e+06, 5.28096e+06, 0
4.05159e+06, 2.91117e+06, 0
5.49876e+06, 2.17904e+06, 0
5.1001e+06, 4.02437e+06, 0
4.12729e+06, 5.38858e+06, 0
3.58891e+06, 7.33887e+06, 0
1.08755e+06, 1.22661e+06, 0
5.38868e+06, 3.44685e+06, 0
2.28902e+06, 8.54744e+06, 0
7.29533e+06, 5.42417e+06, 0
4.62474e+06, 5.76178e+06, 0
4.4788e+06, 2.51815e+06, 0
4.44146e+06, 2.76264e+06, 0
3.08162e+06, 9.62967e+06, 0
2.23473e+06, 5.22072e+06, 0
7.01312e+06, 8.55809e+06, 0
2.60614e+06, 7.50673e+06, 0
3.55179e+06, 1.76975e+06, 0
2.79205e+06, 6.30778e+06, 0
2.21484e+06, 7.12042e+06, 0
1.16845e+07, 1.99491e+06, 0
2.75033e+06, 9.13571e+06, 0
9.12764e+06, 1.0427e+07, 0
1.86907e+06, 3.87177e+06, 0
1.04085e+07, 3.62202e+06, 0
2.85513e+06, 6.07185e+06, 0
3.16403e+06, 2.03326e+06, 0
5.6537e+06, 6.45111e+06, 0
3.97807e+06, 9.89466e+06, 0
1.90651e+06, 1.11723e+07, 0
2.07036e+06, 2.91052e+06, 0
5.06966e+06, 615885, 0
2.2359e+06, 5.10796e+06, 0
5.04798e+06, 6.27117e+06, 0
1.78181e+06, 9.59519e+06, 0
954117, 4.14648e+06, 0
3.05461e+06, 9.37461e+06, 0
5.81858e+06, 8.07036e+06, 0
3.10211e+06, 6.62309e+06, 0
4.84104e+06, 6.15189e+06, 0
1.09271e+06, 1.84298e+06, 0
2.18523e+06, 6.41473e+06, 0
3.63432e+06, 1.09014e+07, 0
9.8626e+06, 6.14971e+06, 0
2.74362e+06, 6.39622e+06, 0
4.88877e+06, 4.20348e+06, 0
2.39988e+06, 9.12334e+06, 0
3.27893e+06, 1.00946e+07, 0
6.70726e+06, 4.98147e+06, 0
5.3373e+06, 5.83544e+06, 0
6.59296e+06, 229037, 0
6.76576e+06, 8.97512e+06, 0
4.28967e+06, 2.07992e+06, 0
3.44141e+06, 2.72507e+06, 0
3.20822e+06, 5.04523e+06, 0
4.25906e+06, 8.61878e+06, 0
4.50356e+06, 6.60152e+06, 0
6.64588e+06, 5.91666e+06, 0
4.0919e+06, 3.97921e+06, 0
3.71071e+06, 9.24346e+06, 0
5.18646e+06, 4.39162e+06, 0
1.21298e+07, 3.30104e+06, 0
7.64584e+06, 4.80383e+06, 0
3.6843e+06, 6.87159e+06, 0
1.69861e+06, 3.30482e+06, 0
3.80953e+06, 6.09217e+06, 0
9.30462e+06, 2.44484e+06, 0
2.62894e+06, 8.33004e+06, 0
7.34186e+06, 5.11625e+06, 0
7.38364e+06, 1.06492e+07, 0
2.90756e+06, 7.26683e+06, 0
6.95473e+06, 9.2839e+06, 0
2.1604e+06, 3.94932e+06, 0
3.68155e+06, 4.49561e+06, 0
2.72174e+06, 3.53977e+06, 0
551134, 2.63636e+06, 0
3.46354e+06, 6.07676e+06, 0
2.36864e+06, 7.73028e+06, 0
3.01279e+06, 4.11894e+06, 0
5.45807e+06, 2.15414e+06, 0
4.64543e+06, 2.19259e+06, 0
9.56298e+06, 8.1846e+06, 0
4.43788e+06, 6.27362e+06, 0
4.63765e+06, 4.14652e+06, 0
3.26785e+06, 8.76719e+06, 0
2.51407e+06, 6.32296e+06, 0
6.39503e+06, 3.60121e+06, 0
2.17083e+06, 3.33634e+06, 0
4.95163e+06, 2.02496e+06, 0
8.27058e+06, 3.19265e+06, 0
6.13958e+06, 3.2247e+06, 0
6.96122e+06, 7.54255e+06, 0
6.96459e+06, 7.3191e+06, 0
7.3072e+06, 2.85166e+06, 0
1.22073e+06, 7.57125e+06, 0
2.28507e+06, 7.93534e+06, 0
3.42709e+06, 1.78729e+06, 0
4.41441e+06, 2.00315e+06, 0
4.77774e+06, 4.16443e+06, 0
2.85336e+06, 2.82458e+06, 0
6.27285e+06, 9.07551e+06, 0
7.79059e+06, 6.20322e+06, 0
9.06902e+06, 1.22987e+06, 0
934495, 6.5568e+06, 0
7.5311e+06, 1.07434e+06, 0
7.17364e+06, 7.27125e+06, 0
4.12454e+06, 4.72536e+06, 0
3.26062e+06, 8.53996e+06, 0
5.70756e+06, 2.26372e+06, 0
8.26899e+06, 6.88936e+06, 0
2.33041e+06, 5.37763e+06, 0
556350, 5.39916e+06, 0
3.29459e+06, 5.09954e+06, 0
5.74302e+06, 7.59795e+06, 0
2.5922e+06, 1.96728e+06, 0
6.86151e+06, 4.78816e+06, 0
8.23433e+06, 9.89027e+06, 0
7.41695e+06, 1.66042e+06, 0
908311, 1.24373e+06, 0
6.91675e+06, 5.95126e+06, 0
3.61379e+06, 1.01669e+07, 0
6.91045e+06, 1.03754e+07, 0
8.81713e+06, 3.8274e+06, 0
3.81398e+06, 8.82459e+06, 0
5.94468e+06, 2.18481e+06, 0
1.19141e+07, 4.91271e+06, 0
1.02664e+07, 6.34262e+06, 0
2.58321e+06, 5.58123e+06, 0
5.37916e+06, 9.30334e+06, 0
6.67342e+06, 9.70079e+06, 0
4.6011e+06, 2.79635e+06, 0
1.27623e+07, 4.55542e+06, 0
4.61391e+06, 5.45059e+06, 0
5.61777e+06, 7.36511e+06, 0
5.14444e+06, 3.84152e+06, 0
6.95496e+06, 1.68847e+06, 0
5.36242e+06, 1.81617e+06, 0
5.78173e+06, 819312, 0
2.75762e+06, 8.92312e+06, 0
6.32593e+06, 2.57176e+06, 0
1.52501e+06, 2.55345e+06, 0
365431, 6.18971e+06, 0
8.70564e+06, 3.28278e+06, 0
8.90692e+06, 4.41993e+06, 0
1.51796e+07, 4.63793e+06, 0
4.73106e+06, 6.73837e+06, 0
2.87825e+06, 4.23261e+06, 0
6.20819e+06, 9.274e+06, 0
5.81573e+06, 2.24212e+06, 0
5.00174e+06, 3.6203e+06, 0
884498, 5.84996e+06, 0
9.50152e+06, 2.98845e+06, 0
1.80208e+06, 1.24548e+07, 0
4.18896e+06, 6.69308e+06, 0
4.9574e+06, 4.19141e+06, 0
4.96509e+06, 5.90335e+06, 0
1.96125e+06, 2.33097e+06, 0
2.42484e+06, 1.5018e+06, 0
385032, 2.8572e+06, 0
5.87926e+06, 5.95149e+06, 0
1.02484e+07, 1.1263e+07, 0
3.58112e+06, 5.8283e+06, 0
5.68498e+06, 5.2139e+06, 0
3.22764e+06, 7.01531e+06, 0
5.59624e+06, 3.35654e+06, 0
4.23467e+06, 3.12403e+06, 0
1.16527e+07, 6.80021e+06, 0
5.06729e+06, 7.78639e+06, 0
9.80391e+06, 3.72901e+06, 0
8.80752e+06, 2.44366e+06, 0
7.09584e+06, 1.11943e+07, 0
2.42435e+06, 3.90314e+06, 0
2.69799e+06, 5.69511e+06, 0
2.88272e+06, 1.18965e+07, 0
9.44061e+06, 1.02944e+07, 0
3.91039e+06, 7.68272e+06, 0
1.12192e+07, 3.17165e+06, 0
9.41506e+06, 4.83225e+06, 0
7.01023e+06, 5.8332e+06, 0
8.10411e+06, 4.39659e+06, 0
1.36846e+06, 1.62978e+06, 0
2.68662e+06, 7.4725e+06, 0
5.09149e+06, 8.46281e+06, 0
4.4147e+06, 4.1249e+06, 0
3.25944e+06, 8.5186e+06, 0
7.61001e+06, 6.76866e+06, 0
5.78521e+06, 4.91483e+06, 0
1.71018e+06, 7.01634e+06, 0
3.02299e+06, 5.2931e+06, 0
6.94055e+06, 6.40098e+06, 0
1.04521e+06, 2.84031e+06, 0
7.3292e+06, 4.35789e+06, 0
3.35486e+06, 2.95933e+06, 0
6.36075e+06, 4.38084e+06, 0
3.42986e+06, 3.10247e+06, 0
1.06856e+07, 8.2912e+06, 0
4.20469e+06, 4.8578e+06, 0
2.55865e+06, 7.0462e+06, 0
5.53179e+06, 3.47513e+06, 0
7.55531e+06, 6.03145e+06, 0
3.83184e+06, 3.83127e+06, 0
4.37273e+06, 2.02211e+06, 0
2.0715e+06, 6.48957e+06, 0
2.63323e+06, 2.64826e+06, 0
6.31114e+06, 8.83799e+06, 0
5.27797e+06, 5.96876e+06, 0
6.02411e+06, 6.62866e+06, 0
2.99274e+06, 1.98312e+06, 0
7.48406e+06, 2.05911e+06, 0
2.09222e+06, 4.17902e+06, 0
8.6803e+06, 8.18862e+06, 0
4.24644e+06, 3.71478e+06, 0
4.46621e+06, 1.76257e+06, 0
7.54512e+06, 1.06099e+06, 0
6.77198e+06, 480600, 0
5.04827e+06, 3.52092e+06, 0
4.23168e+06, 5.14176e+06, 0
6.62294e+06, 1.02583e+07, 0
4.40968e+06, 2.95244e+06, 0
6.3456e+06, 7.75411e+06, 0
7.33674e+06, 2.93705e+06, 0
1.44756e+07, 6.47932e+06, 0
5.046e+06, 5.55528e+06, 0
2.56339e+06, 2.69678e+06, 0
4.59558e+06, 679232, 0
3.50834e+06, 5.19173e+06, 0
7.69221e+06, 1.69281e+06, 0
7.51249e+06, 2.06224e+06, 0
2.78914e+06, 3.96383e+06, 0
559704, 9.62251e+06, 0
3.8843e+06, 2.52005e+06, 0
4.55752e+06, 7.03526e+06, 0
2.27276e+06, 4.73716e+06, 0
7.30353e+06, 8.64703e+06, 0
2.5166e+06, 1.0388e+07, 0
175296, 3.16092e+06, 0
1.25781e+07, 5.54628e+06, 0
4.10138e+06, 2.82129e+06, 0
3.6734e+06, 6.31308e+06, 0
6.37554e+06, 950550, 0
2.80304e+06, 3.403e+06, 0
5.53063e+06, 5.06353e+06, 0
321715, 1.86365e+06, 0
3.89322e+06, 4.31508e+06, 0
2.65912e+06, 1.73813e+07, 0
3.0484e+06, 1.02456e+07, 0
7.83231e+06, 4.71063e+06, 0
6.49379e+06, 6.45299e+06, 0
9.21042e+06, 5.46591e+06, 0
3.72741e+06, 5.51566e+06, 0
1.24328e+06, 3.56933e+06, 0
3.33862e+06, 6.43138e+06, 0
3.65986e+06, 6.92575e+06, 0
7.51423e+06, 3.68951e+06, 0
4.45354e+06, 5.46642e+06, 0
1.16344e+07, 2.73796e+06, 0
4.71487e+06, 8.07738e+06, 0
4.064e+06, 9.00633e+06, 0
1.19141e+07, 5.05332e+06, 0
4.98066e+06, 4.8935e+06, 0
2.09193e+06, 7.65745e+06, 0
5.85957e+06, 4.08269e+06, 0
2.97865e+06, 4.81919e+06, 0
1.10978e+07, 9.38756e+06, 0
6.55052e+06, 2.87354e+06, 0
2.09843e+06, 4.08189e+06, 0
6.65921e+06, 4.32482e+06, 0
9.83586e+06, 1.99596e+06, 0
1.035e+06, 5.96882e+06, 0
1.21709e+06, 3.58377e+06, 0
7.86958e+06, 4.77367e+06, 0
1.12033e+07, 3.58676e+06, 0
7.96932e+06, 2.80825e+06, 0
4.10049e+06, 5.43163e+06, 0
2.49392e+06, 1.94222e+06, 0
5.68562e+06, 3.40265e+06, 0
6.26524e+06, 1.0005e+07, 0
3.8472e+06, 4.90717e+06, 0
1.74647e+06, 7.72843e+06, 0
7.43094e+06, 3.89012e+06, 0
5.75365e+06, 3.21116e+06, 0
4.55451e+06, 2.687e+06, 0
5.96462e+06, 1.69042e+06, 0
2.7597e+06, 8.50919e+06, 0
5.57314e+06, 2.96603e+06, 0
3.89835e+06, 4.72101e+06, 0
3.76137e+06, 8.46467e+06, 0
9.5764e+06, 1.01879e+07, 0
6.24704e+06, 1.24978e+06, 0
7.17117e+06, 7.2212e+06, 0
1.03038e+07, 2.1188e+06, 0
5.1281e+06, 3.06313e+06, 0
1.39496e+07, 5.13709e+06, 0
4.97617e+06, 6.8647e+06, 0
1.16303e+07, 6.31132e+06, 0
6.40039e+06, 8.94748e+06, 0
6.52362e+06, 4.63221e+06, 0
3.84481e+06, 1.10868e+07, 0
5.82157e+06, 6.95035e+06, 0
2.86716e+06, 8.12442e+06, 0
1.24244e+06, 5.54332e+06, 0
6.33495e+06, 8.25301e+06, 0
5.88559e+06, 4.15051e+06, 0
5.56041e+06, 5.14015e+06, 0
5.43152e+06, 1.87239e+06, 0
2.35167e+06, 4.77091e+06, 0
2.88444e+06, 2.97479e+06, 0
1.05439e+06, 2.51254e+06, 0
2.29145e+06, 3.33704e+06, 0
1.21366e+06, 5.4405e+06, 0
2.80946e+06, 1.01718e+07, 0
4.31079e+06, 6.80123e+06, 0
4.72895e+06, 5.29069e+06, 0
4.27953e+06, 8.13041e+06, 0
3.02907e+06, 6.45142e+06, 0
1.13607e+06, 1.54623e+06, 0
3.70728e+06, 3.85769e+06, 0
7.06661e+06, 8.51887e+06, 0
7.74298e+06, 3.29633e+06, 0
1.38782e+06, 1.32245e+07, 0
1.20647e+07, 2.98474e+06, 0
7.30982e+06, 4.49168e+06, 0
2.01639e+06, 6.78637e+06, 0
7.34296e+06, 950511, 0
1.19141e+07, 3.70207e+06, 0
1.11453e+07, 9.35291e+06, 0
1.24475e+06, 4.02515e+06, 0
1.4133e+06, 8.77596e+06, 0
7.52646e+06, 1.50597e+07, 0
6.60167e+06, 1.3432e+06, 0
7.59578e+06, 1.29384e+07, 0
7.30594e+06, 8.28692e+06, 0
4.10097e+06, 4.86027e+06, 0
2.93564e+06, 6.53432e+06, 0
2.35536e+06, 8.08356e+06, 0
4.06826e+06, 4.75921e+06, 0
3.00193e+06, 8.38761e+06, 0
5.03428e+06, 5.317e+06, 0
5.64453e+06, 7.58997e+06, 0
6.79189e+06, 521083, 0
2.6042e+06, 1.10365e+07, 0
6.09981e+06, 3.07317e+06, 0
3.58645e+06, 5.25891e+06, 0
3.79685e+06, 7.96624e+06, 0
1.35774e+06, 2.19481e+06, 0
7.87445e+06, 2.58898e+06, 0
2.57437e+06, 7.90052e+06, 0
4.50756e+06, 6.43376e+06, 0
7.7437e+06, 4.16127e+06, 0
1.83885e+06, 3.44378e+06, 0
8.8369e+06, 1.93342e+06, 0
353490, 6.24927e+06, 0
7.68344e+06, 9.34386e+06, 0
2.48084e+06, 1.23556e+06, 0
6.61649e+06, 5.43111e+06, 0
2.14437e+06, 6.6462e+06, 0
7.52816e+06, 2.57865e+06, 0
4.55656e+06, 6.27696e+06, 0
1.24632e+06, 5.94838e+06, 0
5.30248e+06, 2.06068e+06, 0
6.17866e+06, 9.01734e+06, 0
4.43332e+06, 6.90297e+06, 0
6.38313e+06, 4.57885e+06, 0
6.82878e+06, 8.94797e+06, 0
1.56999e+07, 3.68125e+06, 0
5.25e+06, 5.40101e+06, 0
4.35312e+06, 2.60207e+06, 0
3.71967e+06, 4.41448e+06, 0
7.94361e+06, 6.1732e+06, 0
8.74978e+06, 7.05943e+06, 0
7.33576e+06, 6.48738e+06, 0
1.02664e+07, 1.03738e+06, 0
5.32656e+06, 3.4374e+06, 0
6.69693e+06, 2.93853e+06, 0
4.14377e+06, 5.81219e+06, 0
4.26251e+06, 8.91334e+06, 0
9.95385e+06, 9.01505e+06, 0
4.04127e+06, 8.71241e+06, 0
1.00182e+07, 6.7228e+06, 0
6.91515e+06, 1.14397e+06, 0
7.77174e+06, 3.40934e+06, 0
1.20968e+07, 1.65934e+06, 0
5.10745e+06, 6.38393e+06, 0
1.7402e+06, 859691, 0
2.60474e+06, 1.85129e+06, 0
9.69073e+06, 5.20535e+06, 0
1.53675e+06, 1.11752e+06, 0
3.0846e+06, 5.03199e+06, 0
1.47629e+06, 2.11602e+06, 0
4.80987e+06, 3.87445e+06, 0
594678, 3.62173e+06, 0
2.98737e+06, 5.05332e+06, 0
2.42469e+06, 6.72281e+06, 0
6.7704e+06, 4.97146e+06, 0
3.89962e+06, 5.06368e+06, 0
2.51184e+06, 2.66352e+06, 0
7.77109e+06, 7.45682e+06, 0
3.2794e+06, 2.55137e+06, 0
4.70883e+06, 3.42558e+06, 0
3.43789e+06, 4.23951e+06, 0
7.61468e+06, 6.30265e+06, 0
8.13462e+06, 3.17544e+06, 0
2.57197e+06, 6.24468e+06, 0
4.41439e+06, 2.70645e+06, 0
1.34645e+06, 8.33522e+06, 0
1.97576e+06, 8.15197e+06, 0
1.38372e+06, 2.30325e+06, 0
4.35103e+06, 2.04729e+06, 0
1.15867e+07, 3.20724e+06, 0
6.1125e+06, 7.80566e+06, 0
8.71147e+06, 7.39856e+06, 0
4.20548e+06, 7.38165e+06, 0
6.19749e+06, 6.14184e+06, 0
6.56938e+06, 3.29287e+06, 0
4.57798e+06, 3.1405e+06, 0
5.1731e+06, 1.28769e+07, 0
3.00076e+06, 4.48566e+06, 0
9.30779e+06, 8.54719e+06, 0
5.45459e+06, 2.10514e+06, 0
1.71584e+06, 6.72313e+06, 0
3.32114e+06, 6.00292e+06, 0
5.24517e+06, 2.3516e+06, 0
3.76346e+06, 8.48231e+06, 0
2.79591e+06, 6.40682e+06, 0
5.59572e+06, 5.55411e+06, 0
8.21731e+06, 9.14215e+06, 0
181990, 6.17969e+06, 0
1.18854e+07, 3.52864e+06, 0
3.12001e+06, 5.94402e+06, 0
4.90723e+06, 2.72348e+06, 0
6.05163e+06, 3.70103e+06, 0
7.55451e+06, 4.36588e+06, 0
6.45551e+06, 9.5904e+06, 0
8.62514e+06, 5.11816e+06, 0
5.37867e+06, 3.48122e+06, 0
5.25319e+06, 3.07712e+06, 0
8.91962e+06, 9.92842e+06, 0
5.23916e+06, 6.8042e+06, 0
2.20814e+06, 6.27189e+06, 0
8.53422e+06, 5.20588e+06, 0
1.08807e+07, 5.26713e+06, 0
3.56806e+06, 9.04782e+06, 0
1.50412e+06, 4.18938e+06, 0
6.4903e+06, 4.84495e+06, 0
4.86271e+06, 4.35825e+06, 0
9.90263e+06, 6.24714e+06, 0
1.12716e+06, 1.75413e+06, 0
6.1258e+06, 4.17166e+06, 0
5.8833e+06, 2.8194e+06, 0
6.50117e+06, 2.60162e+06, 0
6.86723e+06, 8.39686e+06, 0
4.98946e+06, 6.81544e+06, 0
1.42749e+06, 9.31812e+06, 0
1.63103e+06, 4.86984e+06, 0
1.53402e+06, 5.73595e+06, 0
7.9002e+06, 1.91243e+06, 0
9.38769e+06, 6.13309e+06, 0
4.10148e+06, 5.98835e+06, 0
2.98737e+06, 3.71564e+06, 0
4.02284e+06, 6.33621e+06, 0
3.20442e+06, 4.49184e+06, 0
2.19713e+06, 8.84608e+06, 0
3.76114e+06, 2.30278e+06, 0
5.12727e+06, 7.43994e+06, 0
6.97958e+06, 7.93106e+06, 0
7.22488e+06, 7.5941e+06, 0
7.40671e+06, 2.68749e+06, 0
9.97102e+06, 2.94022e+06, 0
2.92714e+06, 9.57312e+06, 0
2.94414e+06, 4.43023e+06, 0
8.89928e+06, 3.37021e+06, 0
6.94538e+06, 5.97716e+06, 0
1.34354e+07, 7.30418e+06, 0
1.87782e+06, 8.79408e+06, 0
6.61745e+06, 7.5348e+06, 0
2.57635e+06, 5.96549e+06, 0
3.12399e+06, 7.96485e+06, 0
1.96373e+06, 8.46857e+06, 0
5.39364e+06, 1.82229e+06, 0
6.28932e+06, 2.30792e+06, 0
9.46797e+06, 4.75752e+06, 0
2.77213e+06, 4.94898e+06, 0
3.33653e+06, 6.49417e+06, 0
1.04071e+07, 4.66808e+06, 0
4.57373e+06, 8.10172e+06, 0
5.8127e+06, 9.52998e+06, 0
7.33465e+06, 5.54006e+06, 0
5.59418e+06, 3.41764e+06, 0
1.00717e+07, 7.0933e+06, 0
894287, 2.42455e+06, 0
6.41944e+06, 2.95671e+06, 0
6.16618e+06, 1.69213e+06, 0
2.45145e+06, 4.92684e+06, 0
6.33869e+06, 8.06116e+06, 0
5.92872e+06, 8.21629e+06, 0
5.75991e+06, 5.61043e+06, 0
9.18349e+06, 4.0572e+06, 0
5.53342e+06, 4.84626e+06, 0
3.7616e+06, 2.81541e+06, 0
4.50621e+06, 4.77776e+06, 0
4.38471e+06, 4.90254e+06, 0
1.06562e+06, 6.11089e+06, 0
1.74606e+06, 2.8814e+06, 0
4.45947e+06, 7.36587e+06, 0
5.73601e+06, 5.47369e+06, 0
4.41562e+06, 7.13158e+06, 0
1.04734e+07, 897622, 0
5.38707e+06, 5.04591e+06, 0
6.71607e+06, 3.16598e+06, 0
1.8771e+06, 4.91594e+06, 0
9.1232e+06, 7.15554e+06, 0
1.80302e+06, 1.01594e+07, 0
5.15487e+06, 858158, 0
4.80442e+06, 9.64556e+06, 0
4.64213e+06, 3.71994e+06, 0
2.48977e+06, 8.67795e+06, 0
3.3067e+06, 3.18315e+06, 0
3.26009e+06, 8.05545e+06, 0
5.15205e+06, 3.60577e+06, 0
7.76146e+06, 3.91257e+06, 0
1.04433e+06, 5.78638e+06, 0
4.7036e+06, 1.17787e+07, 0
3.55296e+06, 8.47057e+06, 0
3.28321e+06, 1.08877e+07, 0
5.68329e+06, 1.17503e+06, 0
1.8763e+06, 6.18669e+06, 0
6.84833e+06, 2.42339e+06, 0
2.91179e+06, 9.56437e+06, 0
6.42652e+06, 9.18347e+06, 0
5.87906e+06, 4.11029e+06, 0
1.07317e+07, 1.87694e+06, 0
3.56184e+06, 7.95295e+06, 0
7.44889e+06, 1.45368e+06, 0
4.04968e+06, 7.719e+06, 0
7.77411e+06, 3.70119e+06, 0
973473, 9.20334e+06, 0
5.05058e+06, 5.35974e+06, 0
3.98963e+06, 6.10206e+06, 0
6.10905e+06, 6.16903e+06, 0
2.52381e+06, 2.05883e+06, 0
7.03401e+06, 7.99195e+06, 0
609521, 3.05817e+06, 0
2.38343e+06, 4.85912e+06, 0
4.37577e+06, 1.5705e+06, 0
1.82607e+06, 4.17926e+06, 0
5.14289e+06, 3.52858e+06, 0
4.95073e+06, 6.18589e+06, 0
6.55548e+06, 669197, 0
2.15757e+06, 3.58802e+06, 0
2.5037e+06, 2.66785e+06, 0
4.82857e+06, 5.18338e+06, 0
1.53422e+06, 5.02416e+06, 0
2.85811e+06, 9.39087e+06, 0
5.99577e+06, 6.51446e+06, 0
4.44356e+06, 9.36401e+06, 0
3.23137e+06, 5.42037e+06, 0
6.6191e+06, 8.20531e+06, 0
4.91221e+06, 4.92059e+06, 0
5.62352e+06, 9.86434e+06, 0
5.84705e+06, 1.04523e+07, 0
5.76861e+06, 7.9044e+06, 0
1.56281e+06, 6.49974e+06, 0
7.63802e+06, 1.04302e+07, 0
4.75325e+06, 6.99932e+06, 0
7.10972e+06, 5.86333e+06, 0
4.55693e+06, 5.53296e+06, 0
6.30314e+06, 5.05797e+06, 0
1.52581e+06, 5.22265e+06, 0
5.88612e+06, 5.24531e+06, 0
4.04125e+06, 1.03933e+07, 0
3.20051e+06, 1.06271e+06, 0
1.3328e+06, 5.19381e+06, 0
5.4113e+06, 3.8873e+06, 0
4.45038e+06, 3.71163e+06, 0
4.37247e+06, 2.97121e+06, 0
2.81456e+06, 4.48301e+06, 0
5.57688e+06, 5.17483e+06, 0
2.07774e+06, 4.39814e+06, 0
8.50484e+06, 6.36532e+06, 0
3.25748e+06, 6.07311e+06, 0
8.51832e+06, 5.75829e+06, 0
5.15405e+06, 2.38454e+06, 0
5.8859e+06, 3.86126e+06, 0
5.64629e+06, 5.20256e+06, 0
7.56084e+06, 4.46902e+06, 0
3.34913e+06, 5.39837e+06, 0
5.20379e+06, 9.37392e+06, 0
6.81011e+06, 5.06401e+06, 0
5.85045e+06, 2.23942e+06, 0
5.72381e+06, 1.27632e+07, 0
9.62794e+06, 5.9505e+06, 0
1.19141e+07, 5.05332e+06, 0
5.48537e+06, 4.96278e+06, 0
6.33758e+06, 6.20837e+06, 0
4.71443e+06, 1.50322e+07, 0
3.85951e+06, 6.5191e+06, 0
5.26223e+06, 3.47896e+06, 0
9.18823e+06, 5.64996e+06, 0
8.11916e+06, 8.61863e+06, 0
4.69279e+06, 2.7774e+06, 0
1.74161e+06, 5.3088e+06, 0
3.22261e+06, 9.62808e+06, 0
5.04736e+06, 787768, 0
4.34258e+06, 3.60911e+06, 0
1.46553e+07, 7.17154e+06, 0
2.4327e+06, 5.09572e+06, 0
2.64861e+06, 7.22407e+06, 0
2.69029e+06, 4.672e+06, 0
4.50883e+06, 9.72534e+06, 0
1.89454e+06, 6.50332e+06, 0
5.39175e+06, 1.75178e+06, 0
3.65339e+06, 3.09431e+06, 0
7.06888e+06, 4.05306e+06, 0
5.63455e+06, 2.63244e+06, 0
2.99352e+06, 6.09927e+06, 0
1.12396e+07, 1.13713e+06, 0
8.04092e+06, 6.52111e+06, 0
3.75713e+06, 5.55244e+06, 0
7.89873e+06, 5.72032e+06, 0
6.51388e+06, 2.59208e+06, 0
4.62112e+06, 9.87055e+06, 0
5.77507e+06, 1.12515e+07, 0
4.82456e+06, 3.50509e+06, 0
3.13759e+06, 7.92485e+06, 0
8.91771e+06, 1.81783e+06, 0
2.17841e+06, 6.68434e+06, 0
2.33082e+06, 7.09318e+06, 0
1.98226e+06, 6.51081e+06, 0
6.09888e+06, 6.9194e+06, 0
6.66977e+06, 3.23702e+06, 0
6.7847e+06, 5.10228e+06, 0
3.76694e+06, 4.1911e+06, 0
3.41911e+06, 3.47858e+06, 0
8.77466e+06, 1.68156e+06, 0
4.46517e+06, 1.90419e+06, 0
5.80384e+06, 5.49423e+06, 0
5.67161e+06, 2.32789e+06, 0
5.46623e+06, 7.59479e+06, 0
5.21129e+06, 1.2483e+07, 0
5.82222e+06, 3.61406e+06, 0
7.09628e+06, 5.57008e+06, 0
4.67373e+06, 8.16065e+06, 0
1.39357e+06, 3.90457e+06, 0
4.09486e+06, 4.70506e+06, 0
2.66176e+06, 6.67785e+06, 0
4.7349e+06, 1.02302e+07, 0
3.41624e+06, 4.65453e+06, 0
8.31505e+06, 6.41859e+06, 0
9.62703e+06, 3.10908e+06, 0
2.53245e+06, 3.78493e+06, 0
5.55162e+06, 5.7182e+06, 0
4.59838e+06, 7.35655e+06, 0
6.30853e+06, 8.66319e+06, 0
3.11823e+06, 1.71197e+06, 0
4.22561e+06, 8.72003e+06, 0
4.64672e+06, 6.76512e+06, 0
8.65669e+06, 5.35752e+06, 0
7.94874e+06, 6.87222e+06, 0
1.19141e+07, 4.91271e+06, 0
8.82329e+06, 6.25435e+06, 0
4.80659e+06, 2.05907e+06, 0
1.25318e+06, 3.56101e+06, 0
2.24303e+06, 5.65496e+06, 0
1.40727e+06, 5.98582e+06, 0
4.24363e+06, 3.84713e+06, 0
4.89844e+06, 5.82721e+06, 0
6.56202e+06, 7.15833e+06, 0
1.48142e+06, 6.31096e+06, 0
2.71891e+06, 5.04384e+06, 0
3.51599e+06, 2.96551e+06, 0
7.35564e+06, 6.69273e+06, 0
7.85094e+06, 8.45946e+06, 0
959891, 7.21764e+06, 0
3.13746e+06, 8.4816e+06, 0
3.82553e+06, 5.57677e+06, 0
2.5655e+06, 9.13814e+06, 0
3.98252e+06, 9.67863e+06, 0
9.67826e+06, 3.84127e+06, 0
9.54618e+06, 4.10035e+06, 0
6.0985e+06, 5.59063e+06, 0
7.98614e+06, 285947, 0
6.67297e+06, 5.08382e+06, 0
1.7194e+06, 4.45917e+06, 0
6.96013e+06, 2.89738e+06, 0
3.43961e+06, 8.25505e+06, 0
624081, 3.85939e+06, 0
5.40106e+06, 7.91191e+06, 0
4.26098e+06, 5.74062e+06, 0
7.67542e+06, 6.54678e+06, 0
4.45683e+06, 7.82014e+06, 0
3.0165e+06, 5.42998e+06, 0
4.28624e+06, 2.67955e+06, 0
9.51641e+06, 4.83744e+06, 0
7.0504e+06, 4.35881e+06, 0
8.63225e+06, 3.7132e+06, 0
3.1628e+06, 7.3201e+06, 0
2.55973e+06, 4.0347e+06, 0
4.29157e+06, 5.92277e+06, 0
7.82389e+06, 7.99435e+06, 0
1.07362e+07, 5.47872e+06, 0
6.29423e+06, 2.52251e+06, 0
5.29089e+06, 3.34222e+06, 0
2.28472e+06, 5.66754e+06, 0
2.56863e+06, 9.17655e+06, 0
4.13017e+06, 5.28386e+06, 0
1.62754e+06, 5.26046e+06, 0
8.04574e+06, 3.91434e+06, 0
1.15026e+06, 4.20208e+06, 0
2.96247e+06, 6.978e+06, 0
3.9824e+06, 5.1938e+06, 0
8.4672e+06, 2.70418e+06, 0
4.11681e+06, 4.28457e+06, 0
4.92673e+06, 9.56442e+06, 0
8.63046e+06, 3.60314e+06, 0
5.64797e+06, 6.62834e+06, 0
8.80695e+06, 4.41987e+06, 0
3.99257e+06, 7.0953e+06, 0
1.10146e+06, 7.78589e+06, 0
2.42056e+06, 6.87097e+06, 0
5.38172e+06, 4.09354e+06, 0
6.09897e+06, 3.63786e+06, 0
947911, 7.468e+06, 0
4.13834e+06, 5.37836e+06, 0
5.1343e+06, 4.13429e+06, 0
2.35631e+06, 2.61777e+06, 0
1.08234e+07, 1.733e+06, 0
5.62363e+06, 7.13738e+06, 0
4.43751e+06, 9.64243e+06, 0
2.97496e+06, 2.87505e+06, 0
2.44547e+06, 1.25829e+07, 0
667816, 2.10731e+06, 0
6.32811e+06, 2.63598e+06, 0
1.84186e+06, 4.89393e+06, 0
6.46931e+06, 5.9547e+06, 0
7.24297e+06, 2.01968e+06, 0
3.48141e+06, 2.40377e+06, 0
1.88351e+06, 3.57458e+06, 0
5.47797e+06, 6.19918e+06, 0
856993, 1.70852e+06, 0
7.66119e+06, 2.01253e+06, 0
4.81451e+06, 2.13549e+06, 0
752782, 8.07253e+06, 0
6.27785e+06, 5.51543e+06, 0
1.08322e+07, 3.72529e+06, 0
1.23323e+07, 5.90004e+06, 0
1.7611e+06, 3.25292e+06, 0
4.5333e+06, 1.00387e+07, 0
8.54065e+06, 2.40775e+06, 0
9.54634e+06, 4.97528e+06, 0
6.65064e+06, 7.61326e+06, 0
1.96165e+06, 1.15518e+07, 0
1.66468e+06, 1.54642e+06, 0
5.11088e+06, 2.47338e+06, 0
7.88469e+06, 1.98701e+06, 0
3.98668e+06, 3.37703e+06, 0
5.38017e+06, 8.15638e+06, 0
6.88802e+06, 3.39705e+06, 0
5.14615e+06, 8.1839e+06, 0
2.76924e+06, 1.36047e+06, 0
3.62701e+06, 5.63897e+06, 0
6.31133e+06, 2.29013e+06, 0
4.37325e+06, 5.47743e+06, 0
6.63105e+06, 6.19318e+06, 0
1.54974e+06, 8.51219e+06, 0
5.03208e+06, 5.21211e+06, 0
2.63484e+06, 1.40542e+06, 0
5.10149e+06, 7.20793e+06, 0
2.67092e+06, 5.67209e+06, 0
6.29539e+06, 2.23189e+06, 0
5.28427e+06, 2.79128e+06, 0
1.04638e+07, 4.1962e+06, 0
8.14151e+06, 4.95317e+06, 0
5.36375e+06, 8.92128e+06, 0
7.81585e+06, 8.02123e+06, 0
4.73074e+06, 4.23582e+06, 0
3.68818e+06, 2.6105e+06, 0
6.29577e+06, 5.83053e+06, 0
2.08745e+06, 7.64862e+06, 0
7.5576e+06, 5.03784e+06, 0
3.41804e+06, 3.80958e+06, 0
6.11423e+06, 1.98439e+06, 0
9.46462e+06, 1.20707e+06, 0
5.17389e+06, 5.19108e+06, 0
2.56699e+06, 9.61708e+06, 0
9.33074e+06, 3.25679e+06, 0
1.30553e+07, 7.65426e+06, 0
7.88071e+06, 2.32956e+06, 0
5.43591e+06, 7.74463e+06, 0
6.53441e+06, 5.66392e+06, 0
5.14731e+06, 5.96196e+06, 0
8.3309e+06, 5.39933e+06, 0
4.67706e+06, 3.65158e+06, 0
5.22845e+06, 982799, 0
8.9853e+06, 1.18479e+06, 0
6.07193e+06, 2.68504e+06, 0
3.32133e+06, 4.71214e+06, 0
3.25137e+06, 5.9234e+06, 0
6.26668e+06, 6.24077e+06, 0
6.6336e+06, 5.44581e+06, 0
5.40789e+06, 4.93728e+06, 0
8.94869e+06, 5.20682e+06, 0
5.061e+06, 409774, 0
4.84559e+06, 1.37188e+06, 0
4.76066e+06, 6.42791e+06, 0
6.44281e+06, 1.15268e+06, 0
5.37273e+06, 2.66428e+06, 0
6.74649e+06, 3.46918e+06, 0
1.89147e+06, 2.33396e+06, 0
3.55207e+06, 3.78219e+06, 0
8.76575e+06, 3.4979e+06, 0
3.41079e+06, 738440, 0
3.32266e+06, 3.7413e+06, 0
2.27875e+06, 4.61788e+06, 0
1.33742e+06, 7.39563e+06, 0
6.95984e+06, 1.83273e+06, 0
6.35841e+06, 2.63557e+06, 0
3.18155e+06, 2.08e+06, 0
6.24438e+06, 2.79687e+06, 0
6.83426e+06, 1.82148e+06, 0
5.74282e+06, 3.76277e+06, 0
1.6615e+06, 868598, 0
4.73176e+06, 9.00813e+06, 0
821839, 3.42927e+06, 0
5.03132e+06, 1.59461e+06, 0
1.24128e+06, 6.36643e+06, 0
3.50199e+06, 1.04287e+07, 0
1.40312e+06, 4.05836e+06, 0
2.82262e+06, 3.3274e+06, 0
3.8181e+06, 8.0753e+06, 0
3.92079e+06, 5.84517e+06, 0
5.11886e+06, 7.77186e+06, 0
4.15984e+06, 2.19141e+06, 0
3.90499e+06, 8.91713e+06, 0
2.69746e+06, 1.92211e+06, 0
6.78503e+06, 7.28715e+06, 0
7.43023e+06, 2.31679e+06, 0
1.4622e+07, 3.51819e+06, 0
8.28331e+06, 4.32058e+06, 0
3.21208e+06, 508931, 0
5.44288e+06, 4.21114e+06, 0
1.12375e+07, 3.85862e+06, 0
3.25117e+06, 1.72742e+06, 0
6.57296e+06, 6.03311e+06, 0
2.51573e+06, 584395, 0
5.2499e+06, 1.06369e+07, 0
8.23493e+06, 6.80799e+06, 0
3.55426e+06, 6.70696e+06, 0
3.462e+06, 2.58257e+06, 0
4.47639e+06, 1.12065e+07, 0
1.68626e+06, 2.34631e+06, 0
1.42813e+06, 6.32627e+06, 0
6.88437e+06, 3.6478e+06, 0
1.94511e+06, 3.75786e+06, 0
2.92525e+06, 3.80526e+06, 0
2.77892e+06, 3.96464e+06, 0
7.49562e+06, 1.10945e+07, 0
484191, 5.93704e+06, 0
3.93365e+06, 1.30928e+07, 0
4.90718e+06, 6.47162e+06, 0
2.15727e+06, 6.5727e+06, 0
1.13044e+07, 4.07834e+06, 0
5.14457e+06, 6.67025e+06, 0
5.1245e+06, 5.9674e+06, 0
7.05151e+06, 4.88037e+06, 0
9.41674e+06, 5.606e+06, 0
5.10098e+06, 6.22929e+06, 0
5.48691e+06, 4.37633e+06, 0
8.17829e+06, 3.9128e+06, 0
9.90123e+06, 3.35835e+06, 0
6.06142e+06, 877008, 0
5.32476e+06, 9.33957e+06, 0
5.77212e+06, 3.14638e+06, 0
4.58677e+06, 2.42394e+06, 0
1.68778e+06, 7.36433e+06, 0
3.8876e+06, 2.12665e+06, 0
6.17073e+06, 6.53075e+06, 0
7.45134e+06, 3.68098e+06, 0
4.85606e+06, 5.92285e+06, 0
1.44332e+06, 7.40415e+06, 0
1.9143e+06, 2.25703e+06, 0
5.22225e+06, 1.92828e+06, 0
3.37442e+06, 1.52642e+06, 0
3.5362e+06, 4.98812e+06, 0
1.04607e+07, 8.13406e+06, 0
8.34787e+06, 4.46481e+06, 0
4.27106e+06, 8.32352e+06, 0
6.80937e+06, 4.64502e+06, 0
7.9106e+06, 4.52553e+06, 0
91907.3, 5.76185e+06, 0
5.27634e+06, 7.06128e+06, 0
1.93873e+06, 4.53765e+06, 0
6.08403e+06, 6.8882e+06, 0
7.2935e+06, 3.19113e+06, 0
3.26252e+06, 2.5403e+06, 0
5.19347e+06, 3.35724e+06, 0
5.25143e+06, 4.49229e+06, 0
8.27169e+06, 3.27498e+06, 0
5.85933e+06, 3.2246e+06, 0
2.96161e+06, 5.62294e+06, 0
4.43149e+06, 904539, 0
5.39468e+06, 5.60685e+06, 0
4.6117e+06, 3.96023e+06, 0
7.465e+06, 1.41927e+06, 0
8.40207e+06, 5.44154e+06, 0
3.83957e+06, 2.69207e+06, 0
5.19719e+06, 9.52151e+06, 0
5.59056e+06, 3.92891e+06, 0
6.42449e+06, 6.33357e+06, 0
1.75094e+06, 2.3276e+06, 0
999182, 6.98875e+06, 0
3.4331e+06, 1.0385e+07, 0
7.42258e+06, 5.59755e+06, 0
9.97491e+06, 1.38854e+06, 0
3.6616e+06, 1.43765e+06, 0
3.09415e+06, 3.0777e+06, 0
1.00612e+07, 5.63841e+06, 0
2.78267e+06, 4.64616e+06, 0
6.0647e+06, 5.15436e+06, 0
5.88767e+06, 989194, 0
4.23738e+06, 5.5133e+06, 0
1.90334e+06, 1.47516e+06, 0
1.31858e+06, 7.7397e+06, 0
7.21886e+06, 4.79158e+06, 0
7.1861e+06, 2.80636e+06, 0
8.46444e+06, 3.70207e+06, 0
2.03944e+06, 2.97089e+06, 0
4.59851e+06, 3.35479e+06, 0
4.978e+06, 4.41719e+06, 0
6.14455e+06, 1.04453e+07, 0
3.77443e+06, 9.29829e+06, 0
9.77464e+06, 1.17015e+06, 0
8.39989e+06, 163280, 0
7.43173e+06, 5.9897e+06, 0
6.56909e+06, 3.25509e+06, 0
3.84405e+06, 1.04379e+07, 0
4.97101e+06, 3.81928e+06, 0
3.79978e+06, 4.58041e+06, 0
9.83563e+06, 4.91238e+06, 0
3.77369e+06, 1.00028e+07, 0
2.0949e+06, 4.16697e+06, 0
1.1282e+07, 4.90037e+06, 0
1.33312e+06, 5.75615e+06, 0
5.18958e+06, 6.98477e+06, 0
4.80306e+06, 7.20652e+06, 0
4.1937e+06, 6.75769e+06, 0
5.11973e+06, 3.28397e+06, 0
4.56209e+06, 4.80676e+06, 0
5.65896e+06, 2.31068e+06, 0
4.45968e+06, 5.63837e+06, 0
6.92519e+06, 5.15274e+06, 0
5.22195e+06, 5.95581e+06, 0
1.9433e+06, 3.03144e+06, 0
9.22415e+06, 469790, 0
5.54642e+06, 7.23858e+06, 0
1.3085e+07, 9.48572e+06, 0
7.3127e+06, 8.59048e+06, 0
6.48231e+06, 8.95361e+06, 0
3.04264e+06, 6.27234e+06, 0
6.01058e+06, 6.93874e+06, 0
4.63642e+06, 517224, 0
4.30325e+06, 3.35447e+06, 0
5.31111e+06, 3.16932e+06, 0
5.86443e+06, 2.09269e+06, 0
1.07969e+07, 8.72834e+06, 0
5.85781e+06, 4.71999e+06, 0
6.19985e+06, 4.37715e+06, 0
375896, 4.36797e+06, 0
3.75564e+06, 7.85468e+06, 0
6.87365e+06, 2.3923e+06, 0
8.26341e+06, 4.19912e+06, 0
9.66493e+06, 1.25525e+07, 0
9.59752e+06, 7.37578e+06, 0
9.02566e+06, 4.66006e+06, 0
2.48299e+06, 4.73335e+06, 0
4.58337e+06, 6.68292e+06, 0
1.16964e+06, 1.31125e+07, 0
2.43188e+06, 2.4105e+06, 0
1.94877e+06, 5.11194e+06, 0
5.29108e+06, 2.25814e+06, 0
9.04165e+06, 5.70607e+06, 0
6.69859e+06, 1.93009e+06, 0
5.72431e+06, 8.86487e+06, 0
7.74837e+06, 4.28939e+06, 0
2.54049e+06, 7.40125e+06, 0
3.01341e+06, 6.92113e+06, 0
2.80052e+06, 5.00405e+06, 0
7.16069e+06, 4.50414e+06, 0
4.57163e+06, 5.85834e+06, 0
1.06256e+07, 5.15987e+06, 0
4.30089e+06, 1.54083e+06, 0
2.98737e+06, 5.05332e+06, 0
6.05472e+06, 7.41518e+06, 0
1.60112e+06, 2.67298e+06, 0
3.60519e+06, 5.22527e+06, 0
6.63707e+06, 9.028e+06, 0
3.57384e+06, 8.32559e+06, 0
3.91729e+06, 293092, 0
3.25779e+06, 2.79501e+06, 0
7.04234e+06, 6.14221e+06, 0
1.4966e+06, 5.85174e+06, 0
1.11087e+06, 8.71039e+06, 0
1.05064e+07, 5.62539e+06, 0
6.18265e+06, 5.74247e+06, 0
7.16303e+06, 3.18536e+06, 0
3.43864e+06, 6.29968e+06, 0
1.53169e+06, 2.70814e+06, 0
4.55989e+06, 3.51727e+06, 0
3.58884e+06, 890085, 0
7.81046e+06, 3.75075e+06, 0
2.41719e+06, 9.29835e+06, 0
5.27555e+06, 1.21276e+07, 0
1.12735e+06, 5.66862e+06, 0
3.54519e+06, 3.48057e+06, 0
6.68565e+06, 8.93979e+06, 0
4.10594e+06, 3.10718e+06, 0
3.27244e+06, 6.13933e+06, 0
4.45928e+06, 3.6459e+06, 0
2.10729e+06, 7.4737e+06, 0
2.42158e+06, 3.13618e+06, 0
5.22523e+06, 9.56588e+06, 0
9.57707e+06, 1.09463e+06, 0
9.77919e+06, 6.2187e+06, 0
5.0377e+06, 8.88526e+06, 0
8.43221e+06, 3.66937e+06, 0
6.44398e+06, 2.37615e+06, 0
6.26551e+06, 5.55232e+06, 0
7.85988e+06, 5.0619e+06, 0
6.30781e+06, 1.11374e+07, 0
6.2562e+06, 2.886e+06, 0
4.37329e+06, 1.51261e+06, 0
7.44256e+06, 3.30626e+06, 0
4.33956e+06, 1.69189e+06, 0
3.45081e+06, 4.99087e+06, 0
5.52898e+06, 4.87268e+06, 0
5.74389e+06, 8.35596e+06, 0
4.61179e+06, 3.58865e+06, 0
5.77928e+06, 3.49735e+06, 0
2.44167e+06, 5.75355e+06, 0
2.9682e+06, 4.98936e+06, 0
3.18587e+06, 3.04135e+06, 0
1.23849e+07, 4.48112e+06, 0
6.64518e+06, 4.1485e+06, 0
5.24991e+06, 5.60748e+06, 0
3.31584e+06, 5.11276e+06, 0
3.35964e+06, 4.64534e+06, 0
7.17027e+06, 6.49906e+06, 0
2.68209e+06, 7.77322e+06, 0
3.10643e+06, 2.08025e+06, 0
2.33875e+06, 898781, 0
7.11803e+06, 7.94133e+06, 0
5.77796e+06, 2.15948e+06, 0
2.67478e+06, 5.67309e+06, 0
3.86898e+06, 3.92465e+06, 0
2.5031e+06, 8.99662e+06, 0
371125, 4.20828e+06, 0
5.56057e+06, 3.31002e+06, 0
7.03422e+06, 5.25998e+06, 0
1.19141e+07, 4.91271e+06, 0
5.86371e+06, 1.30328e+07, 0
1.96222e+06, 6.91018e+06, 0
4.57054e+06, 4.43738e+06, 0
4.64536e+06, 4.868e+06, 0
9.04471e+06, 1.09276e+07, 0
5.76108e+06, 4.68506e+06, 0
2.97193e+06, 9.34957e+06, 0
2.14083e+06, 1.05741e+07, 0
1.38868e+06, 2.87873e+06, 0
1.10451e+07, 9.6232e+06, 0
6.09959e+06, 4.84373e+06, 0
2.71852e+06, 4.85092e+06, 0
5.41208e+06, 5.61421e+06, 0
1.61644e+06, 2.63214e+06, 0
7.73177e+06, 4.4384e+06, 0
4.479e+06, 3.42979e+06, 0
1.58513e+06, 2.43033e+06, 0
3.10215e+06, 3.61176e+06, 0
4.90489e+06, 6.4308e+06, 0
8.67584e+06, 5.31048e+06, 0
2.51501e+06, 2.0321e+06, 0
2.30912e+06, 3.58397e+06, 0
1.07858e+07, 7.41759e+06, 0
4.9066e+06, 5.67793e+06, 0
5.52112e+06, 7.30965e+06, 0
6.48162e+06, 9.77747e+06, 0
6.47144e+06, 5.46922e+06, 0
8.87113e+06, 4.27003e+06, 0
2.74052e+06, 2.71128e+06, 0
5.90713e+06, 835011, 0
6.8795e+06, 4.04095e+06, 0
5.90957e+06, 7.52566e+06, 0
3.00998e+06, 6.40273e+06, 0
1.79731e+06, 2.10894e+06, 0
2.70201e+06, 7.73764e+06, 0
8.63102e+06, 1.91487e+06, 0
1.13245e+06, 8.99402e+06, 0
3.79171e+06, 2.74359e+06, 0
4.61296e+06, 8.31977e+06, 0
3.79091e+06, 4.59907e+06, 0
2.46828e+06, 8.23739e+06, 0
5.9918e+06, 5.36629e+06, 0
2.59488e+06, 2.51831e+06, 0
4.98631e+06, 4.3912e+06, 0
2.95378e+06, 1.75097e+06, 0
3.43955e+06, 6.39194e+06, 0
6.84051e+06, 1.01992e+07, 0
1.05862e+06, 3.70546e+06, 0
7.78616e+06, 2.48308e+06, 0
7.32363e+06, 1.04598e+07, 0
7.43608e+06, 2.36754e+06, 0
4.06735e+06, 1.61643e+06, 0
2.44031e+06, 9.63332e+06, 0
3.15361e+06, 3.17124e+06, 0
5.00513e+06, 8.74484e+06, 0
3.70689e+06, 4.51759e+06, 0
2.62337e+06, 6.88561e+06, 0
4.22722e+06, 4.87315e+06, 0
5.69848e+06, 5.90169e+06, 0
1.42323e+06, 2.11999e+06, 0
2.51832e+06, 842692, 0
6.28234e+06, 2.09791e+06, 0
7.18977e+06, 5.7675e+06, 0
2.77539e+06, 1.24484e+07, 0
7.55118e+06, 2.67095e+06, 0
