7.63919e+06, 5.95963e+06, 0
7.41429e+06, 9.20205e+06, 0
4.52467e+06, 6.66085e+06, 0
4.51469e+06, 3.72165e+06, 0
7.5395e+06, 2.73665e+06, 0
1.1188e+07, 1.26832e+06, 0
3.35724e+06, 6.83217e+06, 0
1.03077e+07, 2.59259e+06, 0
2.69322e+06, 1.22057e+06, 0
5.56553e+06, 3.62505e+06, 0
7.50274e+06, 7.46349e+06, 0
3.24962e+06, 2.30417e+06, 0
6.36455e+06, 7.57067e+06, 0
685997, 7.39526e+06, 0
4.67701e+06, 7.13956e+06, 0
1.41354e+06, 2.34796e+06, 0
2.84656e+06, 4.3152e+06, 0
2.60761e+06, 6.65509e+06, 0
4.44759e+06, 1.75064e+06, 0
5.11246e+06, 1.00864e+07, 0
4.70655e+06, 8.00396e+06, 0
8.65733e+06, 4.25742e+06, 0
6.90467e+06, 3.71904e+06, 0
8.16753e+06, 7.52626e+06, 0
8.92742e+06, 5.70011e+06, 0
5.40735e+06, 7.30943e+06, 0
170743, 5.75809e+06, 0
6.80547e+06, 4.02796e+06, 0
3.65437e+06, 4.57499e+06, 0
6.14142e+06, 9.04116e+06, 0
8.68734e+06, 2.47865e+06, 0
8.70358e+06, 1.73737e+06, 0
9.29302e+06, 1.85476e+06, 0
1.14068e+06, 1.06707e+07, 0
2.88182e+06, 7.38059e+06, 0
7.64291e+06, 1.18096e+07, 0
2.98561e+06, 497018, 0
376281, 4.74397e+06, 0
3.13539e+06, 4.15057e+06, 0
4.38107e+06, 4.03214e+06, 0
5.63059e+06, 3.32939e+06, 0
8.21751e+06, 5.99895e+06, 0
4.86129e+06, 3.67483e+06, 0
1.04589e+07, 4.19699e+06, 0
5.74225e+06, 2.44515e+06, 0
1.02471e+06, 8.81655e+06, 0
1.36865e+07, 3.43853e+06, 0
1.31024e+06, 3.84897e+06, 0
5.21641e+06, 3.49774e+06, 0
5.18671e+06, 1.01132e+07, 0
2.87771e+06, 7.32518e+06, 0
4.53491e+06, 4.83183e+06, 0
2.18895e+06, 6.39692e+06, 0
9.04583e+06, 2.60248e+06, 0
3.83475e+06, 9.18346e+06, 0
8.29702e+06, 3.29736e+06, 0
5.72275e+06, 1.18319e+06, 0
1.09428e+06, 3.43102e+06, 0
2.35647e+06, 4.55137e+06, 0
4.41385e+06, 5.08264e+06, 0
3.01505e+06, 1.32076e+06, 0
4.96726e+06, 6.88433e+06, 0
3.76325e+06, 8.439e+06, 0
1.07559e+07, 2.20059e+06, 0
1.10092e+07, 4.6729e+06, 0
7.83219e+06, 2.78757e+06, 0
2.55786e+06, 6.01963e+06, 0
4.77527e+06, 6.89529e+06, 0
2.52671e+06, 3.87115e+06, 0
3.22125e+06, 1.34619e+06, 0
1.15437e+06, 2.79852e+06, 0
9.22675e+06, 5.05887e+06, 0
5.98275e+06, 4.38039e+06, 0
2.17958e+06, 5.50515e+06, 0
9.76506e+06, 8.80094e+06, 0
6.33071e+06, 3.85927e+06, 0
6.05767e+06, 4.12325e+06, 0
3.28435e+06, 916417, 0
6.52301e+06, 5.12173e+06, 0
1.14616e+06, 3.61125e+06, 0
2.55064e+06, 3.04316e+06, 0
3.77235e+06, 2.81168e+06, 0
3.52103e+06, 3.23878e+06, 0
7.87609e+06, 8.69195e+06, 0
8.37365e+06, 6.01591e+06, 0
4.14251e+06, 2.851e+06, 0
4.10007e+06, 3.86735e+06, 0
4.33873e+06, 5.64241e+06, 0
4.27329e+06, 1.54944e+06, 0
8.60013e+06, 9.91742e+06, 0
5.07012e+06, 7.60109e+06, 0
5.99131e+06, 5.37898e+06, 0
6.88144e+06, 6.20078e+06, 0
5.33916e+06, 2.71532e+06, 0
5.85559e+06, 4.8125e+06, 0
1.15477e+07, 4.04445e+06, 0
8.88466e+06, 8.29481e+06, 0
5.01858e+06, 9.75962e+06, 0
3.36515e+06, 5.4944e+06, 0
5.69073e+06, 3.25414e+06, 0
3.73952e+06, 492771, 0
7.2728e+06, 7.68163e+06, 0
6.7196e+06, 4.88554e+06, 0
5.8931e+06, 4.7936e+06, 0
9.41806e+06, 5.09442e+06, 0
983193, 3.90934e+06, 0
6.2283e+06, 5.27258e+06, 0
4.91308e+06, 6.98274e+06, 0
1.18872e+07, 2.15012e+06, 0
3.40808e+06, 1.00025e+07, 0
6.76013e+06, 8.14084e+06, 0
4.25625e+06, 7.10103e+06, 0
1.72672e+07, 4.98536e+06, 0
1.76251e+06, 4.23223e+06, 0
7.5584e+06, 5.17274e+06, 0
6.45229e+06, 3.23103e+06, 0
5.55657e+06, 2.50148e+06, 0
5.64113e+06, 1.11375e+06, 0
1.44575e+06, 4.84344e+06, 0
2.56978e+06, 5.16642e+06, 0
4.51702e+06, 9.31286e+06, 0
2.58798e+06, 593953, 0
2.9443e+06, 9.85044e+06, 0
1.69854e+06, 4.93897e+06, 0
3.35314e+06, 6.14275e+06, 0
7.69912e+06, 3.89401e+06, 0
7.06517e+06, 9.2486e+06, 0
2.97559e+06, 4.94872e+06, 0
8.07338e+06, 3.70209e+06, 0
2.64334e+06, 6.09353e+06, 0
5.39422e+06, 4.32099e+06, 0
2.5513e+06, 5.77966e+06, 0
8.04591e+06, 5.95963e+06, 0
7.91105e+06, 1.53032e+06, 0
5.65366e+06, 3.75012e+06, 0
3.16391e+06, 1.0986e+06, 0
6.90785e+06, 6.58184e+06, 0
1.36487e+06, 4.18098e+06, 0
6.65899e+06, 9.70342e+06, 0
1.094e+07, 5.55219e+06, 0
5.43972e+06, 2.73218e+06, 0
7.66909e+06, 2.8373e+06, 0
597249, 4.59664e+06, 0
2.24415e+06, 7.47963e+06, 0
3.68432e+06, 4.94585e+06, 0
6.86652e+06, 3.13818e+06, 0
4.7938e+06, 3.56265e+06, 0
3.53984e+06, 5.54745e+06, 0
2.28303e+06, 1.73448e+06, 0
6.88558e+06, 3.41147e+06, 0
1.17556e+07, 7.74105e+06, 0
4.66804e+06, 1.04167e+07, 0
4.80731e+06, 5.83654e+06, 0
4.53232e+06, 1.57466e+07, 0
783256, 2.29411e+06, 0
7.08371e+06, 5.12064e+06, 0
3.91622e+06, 7.39009e+06, 0
4.2471e+06, 1.01313e+07, 0
3.81271e+06, 9.15883e+06, 0
9.02816e+06, 8.56314e+06, 0
1.07654e+07, 4.08061e+06, 0
2.66569e+06, 822425, 0
4.95546e+06, 4.31978e+06, 0
5.98233e+06, 3.20355e+06, 0
4.34589e+06, 4.4115e+06, 0
4.72599e+06, 275374, 0
3.94291e+06, 4.56733e+06, 0
993601, 8.09833e+06, 0
5.37074e+06, 5.97984e+06, 0
5.26975e+06, 4.18466e+06, 0
660721, 1.41332e+06, 0
8.44338e+06, 9.97028e+06, 0
6.1115e+06, 6.33571e+06, 0
649965, 1.11021e+07, 0
424998, 5.82323e+06, 0
7.01644e+06, 4.0459e+06, 0
1.71993e+06, 8.92438e+06, 0
3.05067e+06, 2.84135e+06, 0
1.3923e+07, 4.12779e+06, 0
5.51351e+06, 1.9964e+06, 0
6.02907e+06, 3.48717e+06, 0
1.16796e+07, 1.51828e+06, 0
1.78788e+07, 3.3536e+06, 0
6.12963e+06, 4.83247e+06, 0
3.16988e+06, 1.32271e+07, 0
5.31224e+06, 3.74768e+06, 0
3.04793e+06, 4.68599e+06, 0
7.39948e+06, 6.4136e+06, 0
6.56896e+06, 5.3751e+06, 0
7.00052e+06, 4.18082e+06, 0
2.2535e+06, 6.84341e+06, 0
3.82451e+06, 3.73726e+06, 0
5.06435e+06, 5.88055e+06, 0
6.2681e+06, 2.9235e+06, 0
3.18862e+06, 7.62953e+06, 0
3.79817e+06, 4.43555e+06, 0
2.83952e+06, 8.26418e+06, 0
1.57468e+06, 6.46195e+06, 0
5.32484e+06, 7.04431e+06, 0
2.282e+06, 1.46041e+06, 0
5.23915e+06, 6.61078e+06, 0
3.18365e+06, 6.0618e+06, 0
8.62593e+06, 6.78554e+06, 0
6.57158e+06, 4.66242e+06, 0
7.93496e+06, 3.48688e+06, 0
6.49409e+06, 4.967e+06, 0
3.10415e+06, 1.38651e+06, 0
9.66907e+06, 6.77196e+06, 0
3.15726e+06, 960017, 0
7.03328e+06, 4.66285e+06, 0
6.89488e+06, 3.93513e+06, 0
7.00216e+06, 8.55404e+06, 0
1.39855e+06, 7.05714e+06, 0
5.53979e+06, 5.05555e+06, 0
3.20548e+06, 2.95777e+06, 0
3.53675e+06, 4.44151e+06, 0
3.39491e+06, 5.78716e+06, 0
2.53235e+06, 9.15643e+06, 0
4.4258e+06, 8.70047e+06, 0
1.48272e+06, 3.87932e+06, 0
2.34064e+06, 5.83523e+06, 0
3.51242e+06, 6.97499e+06, 0
6.06546e+06, 9.47839e+06, 0
7.78019e+06, 4.37249e+06, 0
4.43426e+06, 5.54037e+06, 0
3.23426e+06, 9.60506e+06, 0
7.56111e+06, 4.6828e+06, 0
1.93517e+06, 8.65984e+06, 0
3.94095e+06, 4.76733e+06, 0
2.95113e+06, 6.49869e+06, 0
2.17371e+06, 7.67906e+06, 0
4.55453e+06, 2.25324e+06, 0
5.68987e+06, 1.10633e+07, 0
2.8114e+06, 6.72764e+06, 0
4.99426e+06, 7.03864e+06, 0
4.87235e+06, 4.13271e+06, 0
5.96858e+06, 5.88852e+06, 0
3.41992e+06, 6.48368e+06, 0
4.22439e+06, 3.03401e+06, 0
4.40918e+06, 1.72741e+06, 0
4.4437e+06, 1.75921e+06, 0
1.99041e+06, 2.71785e+06, 0
1.99908e+06, 7.20711e+06, 0
3.0039e+06, 8.85139e+06, 0
7.81401e+06, 5.71169e+06, 0
6.18837e+06, 2.22285e+06, 0
8.25324e+06, 8.67215e+06, 0
3.54746e+06, 2.66288e+06, 0
5.07553e+06, 7.3075e+06, 0
8.02116e+06, 8.51829e+06, 0
9.03188e+06, 7.97322e+06, 0
3.98538e+06, 5.27402e+06, 0
5.07307e+06, 1.38384e+07, 0
4.18748e+06, 1.83007e+06, 0
9.58115e+06, 4.68992e+06, 0
4.59577e+06, 7.29433e+06, 0
4.90942e+06, 7.13953e+06, 0
3.35655e+06, 4.12765e+06, 0
6.93747e+06, 3.8328e+06, 0
4.27244e+06, 2.08079e+06, 0
4.16716e+06, 3.90864e+06, 0
4.32186e+06, 4.88151e+06, 0
3.55911e+06, 3.05894e+06, 0
8.6531e+06, 3.82852e+06, 0
1.13479e+06, 9.02201e+06, 0
4.78284e+06, 728197, 0
7.58385e+06, 1.02809e+06, 0
2.73633e+06, 4.12921e+06, 0
1.04221e+07, 1.38022e+06, 0
4.62128e+06, 2.55949e+06, 0
5.78827e+06, 8.03938e+06, 0
2.08077e+06, 3.90963e+06, 0
4.75865e+06, 2.16035e+06, 0
5.23924e+06, 1.24569e+06, 0
2.91908e+06, 5.9859e+06, 0
3.0519e+06, 9.79645e+06, 0
2.35596e+06, 7.09931e+06, 0
4.34805e+06, 3.28186e+06, 0
1.34564e+07, 1.00026e+07, 0
8.88689e+06, 2.54544e+06, 0
6.32398e+06, 1.79641e+06, 0
2.97525e+06, 7.28582e+06, 0
8.11129e+06, 5.15416e+06, 0
1.45635e+06, 1.05166e+07, 0
3.97153e+06, 5.54542e+06, 0
6.70156e+06, 7.58908e+06, 0
5.93935e+06, 7.88142e+06, 0
9.91952e+06, 2.86429e+06, 0
3.71837e+06, 6.06902e+06, 0
1.29113e+06, 8.85595e+06, 0
2.47383e+06, 8.42816e+06, 0
8.2428e+06, 7.12727e+06, 0
976151, 1.0293e+07, 0
2.3949e+06, 2.18192e+06, 0
5.37298e+06, 3.63042e+06, 0
7.05384e+06, 2.05939e+06, 0
1.45591e+07, 6.58486e+06, 0
4.65377e+06, 6.46512e+06, 0
6.47322e+06, 6.58845e+06, 0
2.1943e+06, 6.49822e+06, 0
745337, 4.16239e+06, 0
4.73699e+06, 7.07623e+06, 0
7.96225e+06, 2.82689e+06, 0
3.71833e+06, 6.75071e+06, 0
4.11213e+06, 6.6115e+06, 0
1.88998e+06, 4.98276e+06, 0
2.46729e+06, 1.05685e+07, 0
1.09814e+07, 7.0468e+06, 0
7.6704e+06, 4.41947e+06, 0
3.3284e+06, 6.0328e+06, 0
5.00155e+06, 3.40805e+06, 0
7.43789e+06, 3.51476e+06, 0
5.25282e+06, 4.96195e+06, 0
1.49502e+06, 3.99358e+06, 0
4.62148e+06, 6.70807e+06, 0
2.00989e+06, 5.41226e+06, 0
3.47296e+06, 7.64853e+06, 0
5.44235e+06, 1.50103e+06, 0
1.20748e+07, 5.55881e+06, 0
6.78579e+06, 9.30029e+06, 0
4.41146e+06, 1.54786e+06, 0
8.62175e+06, 8.2374e+06, 0
3.17404e+06, 3.69304e+06, 0
5.66569e+06, 4.79865e+06, 0
5.00202e+06, 5.55778e+06, 0
6.8716e+06, 7.1916e+06, 0
7.95586e+06, 2.4747e+06, 0
1.08691e+07, 6.96698e+06, 0
8.1607e+06, 3.65123e+06, 0
943968, 3.79673e+06, 0
3.44939e+06, 5.462e+06, 0
1.28772e+07, 1.1829e+06, 0
1.23222e+07, 3.24466e+06, 0
7.9425e+06, 5.52695e+06, 0
5.39179e+06, 6.5773e+06, 0
2.66227e+06, 3.73389e+06, 0
3.14735e+06, 8.41943e+06, 0
5.50537e+06, 5.57376e+06, 0
8.59335e+06, 4.99872e+06, 0
4.33729e+06, 4.45444e+06, 0
6.41223e+06, 5.93813e+06, 0
4.49627e+06, 5.0477e+06, 0
6.67868e+06, 2.39813e+06, 0
2.37925e+06, 5.42965e+06, 0
4.26094e+06, 5.843e+06, 0
5.681e+06, 4.14122e+06, 0
4.37155e+06, 2.36525e+06, 0
7.90207e+06, 7.2494e+06, 0
7.07929e+06, 4.45459e+06, 0
3.18979e+06, 2.74986e+06, 0
9.7458e+06, 6.46739e+06, 0
1.04946e+07, 1.60469e+06, 0
5.13537e+06, 6.43191e+06, 0
7.05517e+06, 3.88373e+06, 0
1.02334e+07, 2.45191e+06, 0
2.29159e+06, 2.39894e+06, 0
3.66171e+06, 2.85169e+06, 0
8.45035e+06, 6.90105e+06, 0
6.89241e+06, 4.77248e+06, 0
2.19666e+06, 7.74098e+06, 0
2.91244e+06, 8.02925e+06, 0
238922, 2.75694e+06, 0
5.69857e+06, 3.85177e+06, 0
4.93335e+06, 8.14512e+06, 0
4.54895e+06, 8.8294e+06, 0
7.01199e+06, 713589, 0
1.45194e+06, 5.02471e+06, 0
3.63845e+06, 6.74721e+06, 0
1.41634e+06, 7.32077e+06, 0
2.78767e+06, 5.52681e+06, 0
3.89095e+06, 1.27346e+07, 0
4.812e+06, 6.26941e+06, 0
9.17798e+06, 7.07271e+06, 0
1.46694e+07, 2.25951e+06, 0
7.64943e+06, 5.91306e+06, 0
5.27005e+06, 8.72056e+06, 0
2.78849e+06, 3.57118e+06, 0
7.47247e+06, 2.8263e+06, 0
1.57494e+06, 2.14764e+06, 0
7.20601e+06, 3.95266e+06, 0
4.04148e+06, 4.37901e+06, 0
6.5888e+06, 1.45137e+06, 0
472739, 4.08075e+06, 0
3.64856e+06, 6.71538e+06, 0
5.29941e+06, 5.41648e+06, 0
4.52855e+06, 5.61552e+06, 0
2.94162e+06, 3.69312e+06, 0
3.7697e+06, 4.95748e+06, 0
4.88549e+06, 5.35724e+06, 0
1.22407e+07, 5.07655e+06, 0
9.24486e+06, 7.13829e+06, 0
4.15946e+06, 4.76541e+06, 0
6.62711e+06, 3.7393e+06, 0
988556, 1.00052e+07, 0
5.94637e+06, 5.35522e+06, 0
7.72449e+06, 1.10107e+07, 0
302006, 2.62233e+06, 0
2.56342e+06, 1.15052e+07, 0
4.98234e+06, 2.54343e+06, 0
4.71604e+06, 6.01963e+06, 0
5.82062e+06, 3.30757e+06, 0
8.25088e+06, 1.15432e+07, 0
2.81726e+06, 9.26105e+06, 0
8.8635e+06, 6.25671e+06, 0
1.74367e+06, 7.24531e+06, 0
1.32344e+06, 1.40305e+06, 0
3.99166e+06, 5.13739e+06, 0
5.22442e+06, 4.88457e+06, 0
3.71531e+06, 6.78593e+06, 0
2.49697e+06, 5.31018e+06, 0
4.60346e+06, 8.99332e+06, 0
7.63421e+06, 3.12737e+06, 0
654083, 7.45436e+06, 0
7.13657e+06, 5.85189e+06, 0
2.32409e+06, 6.30577e+06, 0
2.96518e+06, 1.35104e+06, 0
2.66745e+06, 8.46727e+06, 0
2.84953e+06, 2.1137e+06, 0
1.22003e+06, 3.59522e+06, 0
6.50649e+06, 1.68947e+06, 0
7.15153e+06, 8.16842e+06, 0
1.58027e+06, 6.64801e+06, 0
6.88046e+06, 3.80447e+06, 0
2.34643e+06, 6.19905e+06, 0
2.84176e+06, 5.1053e+06, 0
4.17555e+06, 7.24659e+06, 0
4.41636e+06, 482498, 0
4.91081e+06, 1.93165e+06, 0
2.6901e+06, 5.75586e+06, 0
2.10897e+06, 5.08676e+06, 0
5.3233e+06, 3.93294e+06, 0
4.99221e+06, 5.0176e+06, 0
6.15524e+06, 4.9046e+06, 0
4.12741e+06, 6.92775e+06, 0
6.47782e+06, 8.08233e+06, 0
4.37778e+06, 7.947e+06, 0
1.37343e+06, 1.48458e+06, 0
4.49139e+06, 2.49539e+06, 0
3.5393e+06, 3.56084e+06, 0
6.80122e+06, 5.47144e+06, 0
4.79028e+06, 2.18246e+06, 0
1.9959e+06, 1.02521e+07, 0
1.33034e+07, 8.85e+06, 0
2.81546e+06, 5.28498e+06, 0
3.32483e+06, 4.7777e+06, 0
3.55796e+06, 5.35219e+06, 0
2.25194e+06, 1.02799e+07, 0
5.96327e+06, 1.05364e+07, 0
5.95459e+06, 7.71262e+06, 0
773518, 1.41245e+06, 0
7.17237e+06, 9.77013e+06, 0
6.67011e+06, 7.26951e+06, 0
5.08254e+06, 4.05147e+06, 0
2.60332e+06, 3.3147e+06, 0
1.94178e+06, 1.33016e+06, 0
3.83575e+06, 6.73259e+06, 0
6.39287e+06, 4.09333e+06, 0
2.83576e+06, 2.20689e+06, 0
4.67165e+06, 470974, 0
5.9956e+06, 7.06123e+06, 0
2.91403e+06, 5.27746e+06, 0
2.09636e+06, 4.70571e+06, 0
7.19442e+06, 1.73643e+06, 0
1.91651e+06, 6.3737e+06, 0
1.05748e+07, 2.41573e+06, 0
2.62922e+06, 3.27678e+06, 0
4.78284e+06, 1.15454e+07, 0
2.40364e+06, 8.27188e+06, 0
2.5226e+06, 2.56221e+06, 0
6.23603e+06, 6.98828e+06, 0
1.03096e+07, 6.56121e+06, 0
3.98727e+06, 3.7046e+06, 0
7.21798e+06, 713841, 0
2.51335e+06, 6.97324e+06, 0
1.00674e+07, 6.99203e+06, 0
5.56007e+06, 2.31471e+06, 0
4.23914e+06, 3.79203e+06, 0
2.95771e+06, 1.09833e+07, 0
7.15676e+06, 1.28232e+06, 0
7.59773e+06, 5.11088e+06, 0
4.8034e+06, 3.167e+06, 0
5.90752e+06, 6.65232e+06, 0
8.70548e+06, 5.62651e+06, 0
909225, 4.60876e+06, 0
6.55969e+06, 2.61459e+06, 0
3.79726e+06, 3.59933e+06, 0
6.62776e+06, 4.2725e+06, 0
4.26274e+06, 4.53503e+06, 0
6.91985e+06, 4.50343e+06, 0
7.47318e+06, 4.3769e+06, 0
6.8875e+06, 4.40126e+06, 0
1.05783e+06, 7.12688e+06, 0
5.90275e+06, 8.94549e+06, 0
4.16292e+06, 1.28603e+06, 0
8.92179e+06, 352040, 0
7.97126e+06, 1.11319e+06, 0
3.27955e+06, 2.89438e+06, 0
2.20014e+06, 2.57271e+06, 0
9.84561e+06, 4.70593e+06, 0
7.59451e+06, 2.9316e+06, 0
5.60883e+06, 5.37298e+06, 0
5.48847e+06, 4.02049e+06, 0
3.83822e+06, 1.21224e+06, 0
3.32515e+06, 8.03313e+06, 0
5.52781e+06, 2.44749e+06, 0
2.33797e+06, 5.28589e+06, 0
1.1664e+07, 9.2586e+06, 0
4.94808e+06, 5.01205e+06, 0
1.00706e+07, 8.53928e+06, 0
4.50719e+06, 4.31503e+06, 0
4.1702e+06, 5.527e+06, 0
7.69479e+06, 2.81485e+06, 0
5.1561e+06, 5.18837e+06, 0
2.33841e+06, 3.59914e+06, 0
3.82371e+06, 1.20508e+07, 0
3.78102e+06, 6.27463e+06, 0
4.64022e+06, 4.25107e+06, 0
8.42066e+06, 3.73792e+06, 0
6.3554e+06, 7.70497e+06, 0
2.39334e+06, 1.97183e+06, 0
1.92026e+06, 5.72861e+06, 0
3.56496e+06, 5.23794e+06, 0
2.03909e+06, 1.00381e+07, 0
3.43747e+06, 2.95318e+06, 0
2.18374e+06, 7.22213e+06, 0
7.66461e+06, 1.88164e+06, 0
6.24395e+06, 2.32793e+06, 0
5.58121e+06, 2.3257e+06, 0
7.51068e+06, 4.86904e+06, 0
1.37194e+07, 1.15643e+07, 0
2.32887e+06, 4.42984e+06, 0
3.37577e+06, 4.32326e+06, 0
2.79684e+06, 5.37513e+06, 0
1.84685e+06, 9.63384e+06, 0
4.2974e+06, 2.05593e+06, 0
9.5193e+06, 5.40676e+06, 0
4.18129e+06, 3.67238e+06, 0
3.10634e+06, 4.96729e+06, 0
7.16076e+06, 1.03428e+07, 0
2.8211e+06, 3.83776e+06, 0
7.98819e+06, 1.35602e+07, 0
4.91733e+06, 2.54373e+06, 0
1.14886e+06, 3.09934e+06, 0
3.93308e+06, 8.8066e+06, 0
1.05235e+07, 3.70287e+06, 0
4.17792e+06, 5.06886e+06, 0
4.32912e+06, 2.36373e+06, 0
4.01295e+06, 765525, 0
2.31533e+06, 4.49626e+06, 0
8.81672e+06, 9.66046e+06, 0
5.23712e+06, 3.49932e+06, 0
2.74797e+06, 2.32078e+06, 0
4.01461e+06, 5.72425e+06, 0
6.25476e+06, 7.67463e+06, 0
2.73279e+06, 8.21157e+06, 0
5.11832e+06, 2.10718e+06, 0
3.95195e+06, 2.66945e+06, 0
5.97721e+06, 1.07935e+07, 0
5.35598e+06, 5.9568e+06, 0
1.30497e+06, 6.92745e+06, 0
6.07491e+06, 1.68028e+06, 0
1.96849e+06, 2.38337e+06, 0
4.31369e+06, 8.35588e+06, 0
4.86652e+06, 4.13168e+06, 0
5.34701e+06, 6.58852e+06, 0
5.30267e+06, 4.73339e+06, 0
2.92331e+06, 2.67186e+06, 0
5.47997e+06, 897173, 0
2.54735e+06, 4.16383e+06, 0
1.47582e+06, 3.38099e+06, 0
3.56515e+06, 9.40596e+06, 0
8.8548e+06, 8.58294e+06, 0
2.85574e+06, 2.01901e+06, 0
9.46209e+06, 3.95339e+06, 0
8.09034e+06, 8.23214e+06, 0
5.4534e+06, 2.55555e+06, 0
1.05838e+07, 7.1001e+06, 0
3.28863e+06, 1.31483e+07, 0
7.17315e+06, 1.02444e+06, 0
5.66671e+06, 4.61229e+06, 0
8.06309e+06, 5.21025e+06, 0
2.31874e+06, 2.42648e+06, 0
5.78979e+06, 7.46358e+06, 0
5.64613e+06, 5.15166e+06, 0
8.8303e+06, 4.99072e+06, 0
1.07446e+07, 6.08547e+06, 0
1.16174e+07, 1.86201e+06, 0
9.68941e+06, 5.57263e+06, 0
4.27808e+06, 7.92283e+06, 0
3.56735e+06, 3.33564e+06, 0
2.98515e+06, 2.09375e+06, 0
5.75874e+06, 3.02691e+06, 0
2.30825e+06, 9.51476e+06, 0
9.60708e+06, 7.95324e+06, 0
8.94112e+06, 8.74815e+06, 0
1.0454e+07, 9.55281e+06, 0
8.1423e+06, 6.24156e+06, 0
3.61147e+06, 7.8981e+06, 0
7.5037e+06, 2.62698e+06, 0
8.3432e+06, 7.11541e+06, 0
1.84685e+06, 9.63384e+06, 0
1.34546e+06, 5.65636e+06, 0
5.98356e+06, 4.45038e+06, 0
2.52987e+06, 1.35092e+06, 0
8.61001e+06, 7.54232e+06, 0
4.14761e+06, 8.99713e+06, 0
7.46383e+06, 1.61084e+07, 0
5.27966e+06, 2.61072e+06, 0
5.72004e+06, 8.10194e+06, 0
8.42738e+06, 4.55087e+06, 0
2.75439e+06, 5.62098e+06, 0
1.16309e+07, 992845, 0
3.56178e+06, 3.61318e+06, 0
6.25143e+06, 6.68373e+06, 0
2.31408e+06, 9.52908e+06, 0
7.36275e+06, 2.11502e+06, 0
4.42635e+06, 7.61632e+06, 0
6.82704e+06, 1.14086e+07, 0
1.7017e+06, 904064, 0
7.20796e+06, 6.19053e+06, 0
99972.7, 4.56915e+06, 0
445117, 1.55376e+07, 0
5.19366e+06, 3.37935e+06, 0
4.65258e+06, 1.44533e+06, 0
4.74102e+06, 1.18154e+07, 0
2.9395e+06, 4.8796e+06, 0
4.65731e+06, 1.44513e+06, 0
1.07659e+07, 9.38386e+06, 0
6.72809e+06, 3.35349e+06, 0
6.48402e+06, 1.44981e+06, 0
9.265e+06, 4.89707e+06, 0
7.71515e+06, 2.06682e+06, 0
5.98924e+06, 2.37649e+06, 0
5.4447e+06, 5.26759e+06, 0
4.16013e+06, 8.73889e+06, 0
5.43129e+06, 4.86094e+06, 0
5.97043e+06, 1.18657e+07, 0
6.56396e+06, 8.88685e+06, 0
1.57876e+06, 7.55844e+06, 0
2.64971e+06, 2.57177e+06, 0
2.81286e+06, 5.31654e+06, 0
3.52549e+06, 7.75395e+06, 0
5.01587e+06, 5.69069e+06, 0
6.88191e+06, 3.10645e+06, 0
8.08251e+06, 2.21949e+06, 0
5.9386e+06, 4.55828e+06, 0
6.04965e+06, 6.92285e+06, 0
3.85445e+06, 3.85567e+06, 0
1.11493e+06, 5.15621e+06, 0
1.06441e+07, 2.45525e+06, 0
8.3158e+06, 2.51941e+06, 0
8.48826e+06, 1.30463e+06, 0
7.8467e+06, 4.32704e+06, 0
1.24548e+06, 3.85797e+06, 0
5.64138e+06, 972433, 0
1.59916e+06, 5.43901e+06, 0
8.62354e+06, 5.71364e+06, 0
4.44129e+06, 9.39151e+06, 0
1.03057e+07, 3.47472e+06, 0
1.25682e+07, 2.0986e+06, 0
1.25524e+07, 6.76824e+06, 0
5.84684e+06, 4.77582e+06, 0
2.77481e+06, 2.98412e+06, 0
4.37035e+06, 4.09195e+06, 0
1.48391e+06, 5.75223e+06, 0
7.07554e+06, 7.10151e+06, 0
5.49038e+06, 1.0474e+07, 0
4.24622e+06, 5.99297e+06, 0
8.7774e+06, 7.19887e+06, 0
1.17436e+06, 6.30066e+06, 0
2.24793e+06, 3.03323e+06, 0
1.91767e+06, 3.44994e+06, 0
1.22918e+07, 1.89904e+06, 0
2.67046e+06, 7.17041e+06, 0
1.16829e+07, 7.21079e+06, 0
4.19559e+06, 6.09614e+06, 0
3.6197e+06, 4.71063e+06, 0
8.82867e+06, 3.77111e+06, 0
7.14727e+06, 4.97431e+06, 0
3.77817e+06, 5.29119e+06, 0
4.26326e+06, 4.31633e+06, 0
5.96203e+06, 2.59755e+06, 0
5.48913e+06, 8.00106e+06, 0
1.41709e+06, 3.78933e+06, 0
2.19744e+06, 1.68293e+06, 0
6.39677e+06, 4.22597e+06, 0
4.97386e+06, 2.88556e+06, 0
5.24989e+06, 6.7828e+06, 0
4.36127e+06, 7.04653e+06, 0
932870, 4.26204e+06, 0
6.62705e+06, 1.90805e+06, 0
8.5349e+06, 2.90895e+06, 0
3.11335e+06, 8.02238e+06, 0
2.97742e+06, 5.81328e+06, 0
3.85923e+06, 7.25263e+06, 0
1.51516e+06, 5.2556e+06, 0
6.36363e+06, 1.62422e+06, 0
6.10688e+06, 2.04113e+06, 0
6.97512e+06, 2.24168e+06, 0
5.07887e+06, 2.62496e+06, 0
4.19165e+06, 4.11822e+06, 0
4.3847e+06, 3.31713e+06, 0
1.64936e+06, 9.54325e+06, 0
7.48231e+06, 6.05692e+06, 0
1.11131e+07, 7.98138e+06, 0
4.35746e+06, 9.21829e+06, 0
1.57955e+06, 6.215e+06, 0
9.93064e+06, 4.39839e+06, 0
6.79103e+06, 4.25977e+06, 0
7.00324e+06, 3.65155e+06, 0
6.37026e+06, 1.14511e+06, 0
5.81913e+06, 5.16995e+06, 0
4.85114e+06, 9.97205e+06, 0
5.75533e+06, 1.88633e+06, 0
5.90554e+06, 3.495e+06, 0
4.70008e+06, 3.02949e+06, 0
4.37557e+06, 8.84501e+06, 0
6.14878e+06, 4.30421e+06, 0
1.01023e+07, 1.74694e+06, 0
2.55765e+06, 1.21187e+06, 0
4.38209e+06, 1.37405e+06, 0
5.39255e+06, 6.15359e+06, 0
2.8668e+06, 3.46543e+06, 0
1.06249e+06, 5.06133e+06, 0
3.2448e+06, 4.48868e+06, 0
966569, 5.16234e+06, 0
5.43672e+06, 3.49727e+06, 0
4.63317e+06, 5.57256e+06, 0
5.11922e+06, 6.6145e+06, 0
8.16589e+06, 4.31365e+06, 0
3.84055e+06, 1.15725e+07, 0
8.52189e+06, 4.83587e+06, 0
5.98892e+06, 7.6567e+06, 0
5.49038e+06, 1.0474e+07, 0
3.64879e+06, 3.307e+06, 0
1.1236e+06, 6.75383e+06, 0
6.49785e+06, 1.35392e+06, 0
2.98834e+06, 5.75455e+06, 0
3.70099e+06, 1.51995e+06, 0
2.25595e+06, 4.82272e+06, 0
3.01018e+06, 8.46554e+06, 0
7.48194e+06, 5.62306e+06, 0
2.27099e+06, 9.44124e+06, 0
7.87032e+06, 3.20719e+06, 0
1.35652e+07, 5.61418e+06, 0
4.06416e+06, 3.87176e+06, 0
5.92519e+06, 1.02403e+07, 0
1.42357e+07, 4.13924e+06, 0
742245, 1.51885e+07, 0
2.30004e+06, 5.98591e+06, 0
4.87961e+06, 1.7355e+06, 0
5.1021e+06, 4.42446e+06, 0
3.94326e+06, 4.4273e+06, 0
4.6483e+06, 4.09101e+06, 0
3.81692e+06, 3.48627e+06, 0
8.23816e+06, 3.72685e+06, 0
7.38077e+06, 2.58492e+06, 0
6.98575e+06, 3.76777e+06, 0
4.00236e+06, 4.99509e+06, 0
6.93234e+06, 3.65698e+06, 0
3.16595e+06, 2.74605e+06, 0
6.45013e+06, 1.28647e+07, 0
8.33966e+06, 3.42318e+06, 0
4.57261e+06, 3.87093e+06, 0
6.84547e+06, 4.76267e+06, 0
4.97551e+06, 7.19364e+06, 0
6.40068e+06, 1.05039e+07, 0
5.22991e+06, 1.88663e+06, 0
8.73317e+06, 7.30128e+06, 0
7.56127e+06, 465667, 0
3.45425e+06, 7.31365e+06, 0
951734, 5.60719e+06, 0
3.51713e+06, 5.70633e+06, 0
1.03809e+06, 4.65197e+06, 0
6.61824e+06, 2.91341e+06, 0
8.83169e+06, 7.05497e+06, 0
3.47817e+06, 4.34171e+06, 0
5.78392e+06, 2.80763e+06, 0
6.9715e+06, 5.13121e+06, 0
6.85854e+06, 4.04528e+06, 0
7.28554e+06, 4.40001e+06, 0
5.53155e+06, 3.82083e+06, 0
7.23591e+06, 9.27087e+06, 0
6.38458e+06, 6.87776e+06, 0
7.59724e+06, 7.08739e+06, 0
3.14751e+06, 2.11294e+06, 0
1.53246e+06, 6.19042e+06, 0
3.2348e+06, 8.6628e+06, 0
3.40518e+06, 3.33158e+06, 0
4.32889e+06, 2.37625e+06, 0
6.44935e+06, 543407, 0
3.81414e+06, 4.38382e+06, 0
7.1132e+06, 5.0412e+06, 0
2.94221e+06, 4.882e+06, 0
1.23771e+06, 1.75533e+06, 0
8.39857e+06, 3.89695e+06, 0
5.59984e+06, 4.55657e+06, 0
4.79917e+06, 5.52215e+06, 0
5.11843e+06, 4.02488e+06, 0
4.78284e+06, 7.98854e+06, 0
7.06087e+06, 7.73774e+06, 0
6.77228e+06, 4.5435e+06, 0
6.30706e+06, 5.29942e+06, 0
6.97281e+06, 1.95598e+06, 0
4.05491e+06, 3.38009e+06, 0
1.00452e+07, 1.80985e+06, 0
4.64971e+06, 6.87763e+06, 0
6.07344e+06, 538684, 0
6.53173e+06, 6.29062e+06, 0
2.56508e+06, 5.76972e+06, 0
2.12316e+06, 6.22202e+06, 0
7.93418e+06, 8.02311e+06, 0
3.73254e+06, 1.3092e+07, 0
7.51406e+06, 2.56992e+06, 0
4.31077e+06, 1.28367e+07, 0
4.02843e+06, 5.78588e+06, 0
3.17606e+06, 1.06328e+07, 0
7.88426e+06, 3.44285e+06, 0
5.72542e+06, 6.29904e+06, 0
4.11557e+06, 2.36967e+06, 0
1.96862e+06, 1.02727e+06, 0
3.65106e+06, 5.76999e+06, 0
2.52573e+06, 6.55057e+06, 0
6.5473e+06, 8.72832e+06, 0
1.0101e+07, 2.95303e+06, 0
6.47445e+06, 1.21596e+06, 0
3.54243e+06, 2.98274e+06, 0
4.45055e+06, 5.86854e+06, 0
6.51143e+06, 3.43016e+06, 0
2.03096e+06, 1.06287e+07, 0
1.68898e+06, 740284, 0
4.14302e+06, 3.33673e+06, 0
1.16868e+06, 6.47201e+06, 0
7.50617e+06, 3.25168e+06, 0
1.75244e+06, 1.02135e+06, 0
2.06508e+06, 4.25269e+06, 0
6.79748e+06, 6.35604e+06, 0
5.98787e+06, 1.25749e+06, 0
3.77228e+06, 5.4181e+06, 0
7.95161e+06, 6.91902e+06, 0
4.88664e+06, 1.1166e+06, 0
2.59529e+06, 2.13258e+06, 0
3.51182e+06, 4.97421e+06, 0
6.24305e+06, 5.48851e+06, 0
9.07925e+06, 1.30974e+06, 0
4.34668e+06, 4.76734e+06, 0
1.02817e+07, 2.17008e+06, 0
4.99067e+06, 1.36945e+06, 0
961990, 5.68102e+06, 0
3.06262e+06, 1.9074e+06, 0
4.62347e+06, 2.77873e+06, 0
3.78774e+06, 3.52078e+06, 0
5.71592e+06, 3.87102e+06, 0
7.08816e+06, 3.87595e+06, 0
3.55957e+06, 5.00592e+06, 0
6.04555e+06, 5.81293e+06, 0
1.05635e+07, 1.6506e+06, 0
5.96029e+06, 4.54525e+06, 0
2.23746e+06, 2.27902e+06, 0
5.7022e+06, 5.8435e+06, 0
1.38581e+06, 5.40458e+06, 0
9.21244e+06, 5.46845e+06, 0
1.84533e+06, 6.02502e+06, 0
1.15867e+07, 1.4104e+06, 0
5.29698e+06, 5.09319e+06, 0
1.49571e+07, 5.83112e+06, 0
8.51085e+06, 4.17626e+06, 0
5.3379e+06, 4.67494e+06, 0
6.15437e+06, 6.66156e+06, 0
5.30799e+06, 5.22038e+06, 0
3.31895e+06, 5.39742e+06, 0
4.44352e+06, 3.56974e+06, 0
7.1715e+06, 6.11651e+06, 0
6.08783e+06, 1.10069e+07, 0
4.04109e+06, 6.04249e+06, 0
9.26708e+06, 6.13476e+06, 0
7.94133e+06, 4.52823e+06, 0
506928, 6.01248e+06, 0
5.20578e+06, 4.68344e+06, 0
1.05748e+07, 6.67681e+06, 0
3.22384e+06, 6.12129e+06, 0
4.68524e+06, 2.55143e+06, 0
4.81712e+06, 4.20328e+06, 0
1.42685e+06, 3.89603e+06, 0
7.22697e+06, 4.12752e+06, 0
6.90051e+06, 4.41713e+06, 0
5.54102e+06, 7.69628e+06, 0
6.96773e+06, 1.99422e+06, 0
3.39787e+06, 1.30217e+07, 0
4.72961e+06, 1.57057e+06, 0
4.54301e+06, 8.17485e+06, 0
3.93574e+06, 2.22421e+06, 0
3.02301e+06, 9.56208e+06, 0
1.84937e+06, 7.25691e+06, 0
1.83759e+06, 2.48976e+06, 0
4.58635e+06, 1.25473e+07, 0
3.07936e+06, 6.34161e+06, 0
8.57735e+06, 2.44536e+06, 0
8.50939e+06, 1.58133e+06, 0
1.13243e+07, 2.48939e+06, 0
6.10928e+06, 1.03979e+07, 0
5.1425e+06, 7.55892e+06, 0
6.40804e+06, 7.54488e+06, 0
1.02211e+07, 2.1801e+06, 0
3.53088e+06, 417348, 0
3.41773e+06, 3.77247e+06, 0
8.03364e+06, 4.75969e+06, 0
7.50089e+06, 3.90165e+06, 0
4.79746e+06, 1.04594e+07, 0
6.14084e+06, 4.1486e+06, 0
7.61244e+06, 6.03922e+06, 0
3.95176e+06, 9.96147e+06, 0
2.41668e+06, 2.5201e+06, 0
9.36725e+06, 3.88578e+06, 0
6.0421e+06, 1.04817e+07, 0
8.55021e+06, 5.61406e+06, 0
5.76736e+06, 1.49779e+07, 0
6.05145e+06, 3.90923e+06, 0
922113, 786806, 0
4.54751e+06, 7.78509e+06, 0
6.37455e+06, 2.07616e+06, 0
6.42448e+06, 7.02093e+06, 0
5.5349e+06, 1.07927e+07, 0
5.52379e+06, 2.0163e+06, 0
6.17162e+06, 7.56311e+06, 0
8.08885e+06, 6.95755e+06, 0
4.79121e+06, 6.22057e+06, 0
3.03699e+06, 3.0992e+06, 0
6.81303e+06, 5.04288e+06, 0
7.16229e+06, 4.6217e+06, 0
1.99918e+06, 3.47604e+06, 0
7.19471e+06, 1.382e+06, 0
5.49038e+06, 1.31537e+06, 0
4.67137e+06, 1.04157e+07, 0
6.07263e+06, 6.34988e+06, 0
3.91038e+06, 4.91817e+06, 0
4.24681e+06, 1.17347e+07, 0
3.14761e+06, 5.37139e+06, 0
6.35619e+06, 4.94153e+06, 0
4.70101e+06, 5.62383e+06, 0
3.72814e+06, 3.3865e+06, 0
3.23638e+06, 7.67138e+06, 0
3.12745e+06, 9.27597e+06, 0
1.08008e+07, 5.30956e+06, 0
4.45642e+06, 5.95138e+06, 0
4.19114e+06, 8.23436e+06, 0
1.65212e+06, 2.98263e+06, 0
7.19715e+06, 5.09159e+06, 0
2.29164e+06, 5.40288e+06, 0
4.71349e+06, 8.2769e+06, 0
5.69077e+06, 4.30245e+06, 0
6.2632e+06, 8.57873e+06, 0
4.27172e+06, 9.92594e+06, 0
4.25876e+06, 1.93515e+06, 0
2.81656e+06, 6.06841e+06, 0
5.56166e+06, 3.2198e+06, 0
6.85227e+06, 4.54592e+06, 0
5.70584e+06, 3.50952e+06, 0
3.55694e+06, 6.27075e+06, 0
4.54436e+06, 7.32587e+06, 0
4.7826e+06, 3.78203e+06, 0
2.51885e+06, 3.67839e+06, 0
7.22088e+06, 5.85455e+06, 0
8.46684e+06, 5.07309e+06, 0
4.27624e+06, 6.4327e+06, 0
1.176e+07, 4.93588e+06, 0
5.85883e+06, 3.38148e+06, 0
2.81136e+06, 859826, 0
6.62631e+06, 1.04766e+07, 0
2.37163e+06, 5.51168e+06, 0
1.03201e+06, 6.94758e+06, 0
4.18771e+06, 5.28845e+06, 0
5.24721e+06, 4.68258e+06, 0
3.55576e+06, 2.96365e+06, 0
8.65798e+06, 7.48773e+06, 0
3.22602e+06, 7.72046e+06, 0
6.80456e+06, 8.32627e+06, 0
3.50106e+06, 8.21854e+06, 0
3.44697e+06, 1.06295e+06, 0
2.45499e+06, 5.9239e+06, 0
5.37778e+06, 747185, 0
5.69548e+06, 3.41135e+06, 0
9.84803e+06, 9.58363e+06, 0
1.02821e+07, 4.38214e+06, 0
2.65557e+06, 2.26619e+06, 0
6.90954e+06, 6.32539e+06, 0
7.23165e+06, 1.2353e+06, 0
5.22336e+06, 1.16057e+07, 0
4.12325e+06, 7.69106e+06, 0
4.00566e+06, 6.30941e+06, 0
7.13982e+06, 1.8335e+06, 0
1.02041e+07, 4.35132e+06, 0
5.62509e+06, 7.24617e+06, 0
1.60407e+06, 4.57298e+06, 0
6.46232e+06, 3.51809e+06, 0
7.65416e+06, 4.80569e+06, 0
8.29936e+06, 5.08955e+06, 0
5.15455e+06, 4.97402e+06, 0
3.95933e+06, 4.11206e+06, 0
4.78284e+06, 7.98854e+06, 0
5.43149e+06, 5.8759e+06, 0
1.00939e+07, 4.87505e+06, 0
2.72332e+06, 8.36013e+06, 0
3.6689e+06, 9.94359e+06, 0
3.65669e+06, 4.30367e+06, 0
1.55342e+06, 2.8012e+06, 0
629018, 6.11098e+06, 0
6.27624e+06, 1.0669e+07, 0
4.86809e+06, 5.38402e+06, 0
4.99878e+06, 3.04476e+06, 0
4.24136e+06, 7.31136e+06, 0
318234, 4.85085e+06, 0
3.38695e+06, 3.23023e+06, 0
7.38553e+06, 5.47984e+06, 0
4.00004e+06, 1.06003e+07, 0
1.6553e+06, 6.1296e+06, 0
2.73058e+06, 2.22292e+06, 0
2.4221e+06, 6.048e+06, 0
6.35577e+06, 5.88387e+06, 0
1.6422e+06, 1.13773e+07, 0
9.06471e+06, 4.03246e+06, 0
3.91196e+06, 2.23309e+06, 0
3.57131e+06, 4.38301e+06, 0
6.73308e+06, 4.15127e+06, 0
3.57348e+06, 6.19678e+06, 0
1.01743e+07, 2.83601e+06, 0
4.09827e+06, 4.54422e+06, 0
3.74556e+06, 5.55813e+06, 0
4.09189e+06, 5.71004e+06, 0
4.77874e+06, 2.75571e+06, 0
3.15602e+06, 8.90537e+06, 0
3.52532e+06, 4.49331e+06, 0
4.47761e+06, 1.84873e+06, 0
726109, 6.42173e+06, 0
4.47975e+06, 4.83727e+06, 0
1.38116e+07, 3.40845e+06, 0
5.37578e+06, 5.52043e+06, 0
8.34208e+06, 9.47101e+06, 0
5.32704e+06, 4.05231e+06, 0
4.65254e+06, 6.06517e+06, 0
6.29351e+06, 1.11085e+07, 0
331650, 4.27632e+06, 0
5.12319e+06, 2.09669e+06, 0
1.08423e+07, 9.89396e+06, 0
1.14394e+06, 5.18643e+06, 0
1.20196e+06, 5.61185e+06, 0
1.59168e+06, 2.29301e+06, 0
4.88559e+06, 6.43521e+06, 0
6.29659e+06, 3.82027e+06, 0
4.91607e+06, 9.07606e+06, 0
4.61035e+06, 5.19279e+06, 0
8.52501e+06, 2.16441e+06, 0
5.40993e+06, 1.25163e+07, 0
6.48947e+06, 950615, 0
9.47459e+06, 8.99347e+06, 0
3.95039e+06, 7.54296e+06, 0
5.41565e+06, 5.73239e+06, 0
7.7921e+06, 4.03052e+06, 0
8.33711e+06, 7.31619e+06, 0
1.1484e+06, 9.64396e+06, 0
1.15242e+06, 2.69063e+06, 0
5.63795e+06, 4.18221e+06, 0
3.37832e+06, 3.8665e+06, 0
1.26088e+07, 7.81371e+06, 0
507576, 1.59474e+06, 0
8.1926e+06, 3.80874e+06, 0
8.04591e+06, 5.95963e+06, 0
4.6917e+06, 2.6184e+06, 0
6.43845e+06, 8.15594e+06, 0
6.24703e+06, 3.48428e+06, 0
5.61418e+06, 483320, 0
2.05853e+06, 6.85416e+06, 0
1.68954e+06, 5.94391e+06, 0
9.71887e+06, 3.61127e+06, 0
4.55765e+06, 4.26488e+06, 0
5.54095e+06, 2.38895e+06, 0
1.14873e+06, 1.36512e+06, 0
1.67022e+06, 3.59496e+06, 0
3.88106e+06, 2.28875e+06, 0
5.78744e+06, 4.61259e+06, 0
753126, 5.46857e+06, 0
6.21341e+06, 4.73676e+06, 0
7.53439e+06, 9.17426e+06, 0
7.47203e+06, 1.19749e+07, 0
5.58495e+06, 1.43618e+06, 0
9.44073e+06, 5.0102e+06, 0
7.34971e+06, 4.87621e+06, 0
7.80963e+06, 6.10181e+06, 0
9.80674e+06, 1.93848e+06, 0
2.27416e+06, 2.73767e+06, 0
72902.3, 4.0213e+06, 0
5.55491e+06, 9.39279e+06, 0
5.12191e+06, 8.00827e+06, 0
9.48134e+06, 2.80797e+06, 0
7.68937e+06, 4.10469e+06, 0
4.84125e+06, 4.28587e+06, 0
2.83517e+06, 8.56393e+06, 0
4.98478e+06, 3.09611e+06, 0
6.62052e+06, 3.61093e+06, 0
5.24692e+06, 1.05302e+07, 0
3.45219e+06, 6.11501e+06, 0
3.27185e+06, 2.8721e+06, 0
7.1009e+06, 8.88552e+06, 0
5.4898e+06, 4.51564e+06, 0
7.896e+06, 5.47263e+06, 0
5.08565e+06, 857413, 0
4.80073e+06, 7.96102e+06, 0
1.14604e+07, 4.96635e+06, 0
1.25318e+06, 2.62368e+06, 0
3.63263e+06, 1.21776e+06, 0
3.94551e+06, 1.7094e+06, 0
3.20559e+06, 5.70702e+06, 0
1.18245e+07, 5.49398e+06, 0
6.29614e+06, 4.6296e+06, 0
3.49574e+06, 5.1441e+06, 0
7.17716e+06, 3.92689e+06, 0
2.94671e+06, 3.66499e+06, 0
8.47255e+06, 5.11281e+06, 0
7.28213e+06, 1.01619e+07, 0
4.413e+06, 3.48236e+06, 0
2.17016e+06, 7.16967e+06, 0
3.52864e+06, 6.72789e+06, 0
4.68792e+06, 7.13728e+06, 0
5.31311e+06, 4.39007e+06, 0
4.32209e+06, 7.49575e+06, 0
4.63231e+06, 6.77084e+06, 0
5.73238e+06, 8.21865e+06, 0
3.19563e+06, 2.63029e+06, 0
5.79285e+06, 4.32643e+06, 0
5.99449e+06, 3.04192e+06, 0
6.89569e+06, 4.54342e+06, 0
1.90842e+06, 4.28181e+06, 0
1.62219e+06, 1.0527e+07, 0
6.32401e+06, 6.01963e+06, 0
4.7677e+06, 8.18572e+06, 0
2.90232e+06, 9.29443e+06, 0
3.33612e+06, 1.60819e+06, 0
3.16793e+06, 3.57915e+06, 0
7.7095e+06, 2.27929e+06, 0
5.42858e+06, 3.40072e+06, 0
4.33583e+06, 3.296e+06, 0
3.62759e+06, 2.10285e+06, 0
3.06369e+06, 5.47601e+06, 0
1.62498e+06, 4.68698e+06, 0
498124, 5.03802e+06, 0
5.42033e+06, 5.81097e+06, 0
8.29491e+06, 3.23169e+06, 0
7.07344e+06, 1.03743e+07, 0
1.32795e+06, 4.24695e+06, 0
1.21323e+06, 3.60209e+06, 0
3.57954e+06, 3.46958e+06, 0
6.36547e+06, 1.51472e+06, 0
1.70464e+06, 4.13923e+06, 0
6.93448e+06, 1.17256e+06, 0
2.93299e+06, 1.51091e+06, 0
7.12402e+06, 1.57902e+06, 0
4.88948e+06, 4.29675e+06, 0
6.16632e+06, 2.12552e+06, 0
6.40907e+06, 5.87196e+06, 0
1.08904e+06, 8.92419e+06, 0
3.49651e+06, 3.68854e+06, 0
4.06747e+06, 4.15334e+06, 0
1.57139e+06, 1.64415e+06, 0
4.45027e+06, 2.0474e+06, 0
1.25408e+06, 1.45967e+06, 0
2.01093e+06, 6.57084e+06, 0
4.58847e+06, 5.61276e+06, 0
910699, 3.08591e+06, 0
4.58383e+06, 9.14654e+06, 0
4.8166e+06, 4.81046e+06, 0
3.16558e+06, 1.90016e+06, 0
1.05024e+07, 3.24898e+06, 0
4.68705e+06, 3.88752e+06, 0
6.67715e+06, 1.60926e+06, 0
2.34603e+06, 1.90106e+06, 0
2.05031e+06, 3.44427e+06, 0
6.69786e+06, 1.01229e+07, 0
2.26195e+06, 7.03652e+06, 0
6.21708e+06, 4.96619e+06, 0
4.70983e+06, 5.57535e+06, 0
2.78864e+06, 9.3678e+06, 0
6.03754e+06, 6.88257e+06, 0
8.43631e+06, 3.57672e+06, 0
2.81553e+06, 8.51027e+06, 0
1.9559e+06, 3.57617e+06, 0
3.22704e+06, 7.2601e+06, 0
5.80222e+06, 8.95956e+06, 0
3.48103e+06, 5.87254e+06, 0
6.16388e+06, 2.87029e+06, 0
4.23195e+06, 6.81971e+06, 0
6.30135e+06, 1.22998e+07, 0
7.49534e+06, 4.63857e+06, 0
2.92233e+06, 1.25486e+06, 0
4.51446e+06, 1.46535e+06, 0
2.10998e+06, 4.26763e+06, 0
1.15731e+06, 5.32516e+06, 0
8.40733e+06, 9.28493e+06, 0
9.88152e+06, 2.84011e+06, 0
2.25884e+06, 1.41986e+06, 0
6.81568e+06, 7.80835e+06, 0
4.78284e+06, 5.95963e+06, 0
2.56923e+06, 2.07803e+06, 0
7.76215e+06, 2.73407e+06, 0
3.49995e+06, 288748, 0
8.56759e+06, 1.18279e+07, 0
6.25155e+06, 5.3759e+06, 0
4.62984e+06, 3.93405e+06, 0
3.40096e+06, 2.1039e+06, 0
1.00599e+06, 4.67497e+06, 0
8.25503e+06, 3.47381e+06, 0
3.73664e+06, 4.63085e+06, 0
2.11564e+06, 6.4138e+06, 0
1.07493e+07, 8.6066e+06, 0
7.63064e+06, 3.42257e+06, 0
7.09087e+06, 4.90232e+06, 0
5.99294e+06, 9.12577e+06, 0
9.33278e+06, 8.24511e+06, 0
3.39515e+06, 5.04677e+06, 0
1.37004e+06, 3.93098e+06, 0
1.47722e+06, 5.84613e+06, 0
2.57469e+06, 7.60444e+06, 0
4.12482e+06, 7.11507e+06, 0
8.522e+06, 7.58998e+06, 0
5.90879e+06, 5.14838e+06, 0
4.32746e+06, 8.55475e+06, 0
7.95331e+06, 1.29012e+07, 0
6.75913e+06, 6.70277e+06, 0
9.35733e+06, 5.7391e+06, 0
6.82419e+06, 8.23799e+06, 0
2.69284e+06, 5.62225e+06, 0
2.77957e+06, 5.96097e+06, 0
7.9613e+06, 4.65514e+06, 0
4.55828e+06, 5.61551e+06, 0
6.33369e+06, 1.30083e+06, 0
1.2623e+07, 6.38383e+06, 0
9.22167e+06, 3.88615e+06, 0
1.05327e+07, 3.15123e+06, 0
9.02407e+06, 5.81902e+06, 0
1.2961e+07, 8.26674e+06, 0
9.83134e+06, 2.70629e+06, 0
3.27446e+06, 9.03176e+06, 0
5.80526e+06, 7.19496e+06, 0
5.41428e+06, 5.98657e+06, 0
4.67489e+06, 4.55932e+06, 0
1.06534e+07, 9.02847e+06, 0
2.83156e+06, 5.71855e+06, 0
3.1823e+06, 7.21618e+06, 0
1.59588e+07, 4.99149e+06, 0
7.36129e+06, 6.06959e+06, 0
2.70596e+06, 2.4061e+06, 0
4.19823e+06, 1.84926e+06, 0
5.48502e+06, 5.58701e+06, 0
1.78246e+06, 4.92801e+06, 0
7.41241e+06, 8.8492e+06, 0
6.17962e+06, 755680, 0
2.68616e+06, 5.46462e+06, 0
6.39092e+06, 2.15747e+06, 0
3.35743e+06, 3.132e+06, 0
5.46688e+06, 7.22667e+06, 0
4.67428e+06, 8.18922e+06, 0
1.2553e+07, 7.06651e+06, 0
3.32002e+06, 7.016e+06, 0
992401, 9.88186e+06, 0
1.96724e+06, 6.03392e+06, 0
1.50514e+06, 1.10974e+07, 0
4.85745e+06, 6.14213e+06, 0
2.04048e+06, 1.67606e+06, 0
3.69581e+06, 3.24466e+06, 0
7.33165e+06, 2.36927e+06, 0
4.8378e+06, 1.06267e+07, 0
7.76422e+06, 8.30105e+06, 0
3.24912e+06, 865588, 0
4.96707e+06, 3.58697e+06, 0
6.83072e+06, 3.30511e+06, 0
1.59954e+06, 6.15586e+06, 0
2.92676e+06, 3.2675e+06, 0
7.34231e+06, 1.19603e+06, 0
5.83699e+06, 1.84114e+06, 0
632358, 8.20128e+06, 0
6.34506e+06, 8.86941e+06, 0
2.63829e+06, 3.59351e+06, 0
2.49339e+06, 3.95848e+06, 0
5.07112e+06, 1.07916e+07, 0
2.944e+06, 3.6175e+06, 0
6.54257e+06, 9.00634e+06, 0
1.77511e+06, 3.07534e+06, 0
4.61169e+06, 1.08667e+06, 0
1.61322e+07, 4.56904e+06, 0
5.22295e+06, 3.2107e+06, 0
5.39826e+06, 8.91298e+06, 0
3.50732e+06, 1.13822e+07, 0
3.54915e+06, 2.70113e+06, 0
2.4693e+06, 1.16282e+07, 0
5.10032e+06, 7.68009e+06, 0
5.6377e+06, 6.08298e+06, 0
2.92375e+06, 6.80743e+06, 0
8.08662e+06, 7.32436e+06, 0
4.673e+06, 1.72117e+06, 0
1.79767e+06, 4.43828e+06, 0
3.67555e+06, 8.79035e+06, 0
2.94272e+06, 5.28004e+06, 0
4.92467e+06, 7.89834e+06, 0
4.68967e+06, 1.09791e+06, 0
6.43475e+06, 1.04942e+07, 0
4.30484e+06, 8.19631e+06, 0
3.54922e+06, 4.81546e+06, 0
6.83206e+06, 5.03542e+06, 0
5.20809e+06, 5.12421e+06, 0
2.85175e+06, 8.09172e+06, 0
4.74203e+06, 3.81343e+06, 0
4.60377e+06, 1.45767e+06, 0
7.95381e+06, 7.878e+06, 0
822919, 2.84507e+06, 0
6.77592e+06, 2.7534e+06, 0
6.56043e+06, 2.1565e+06, 0
4.44904e+06, 3.90616e+06, 0
3.28878e+06, 6.75993e+06, 0
3.71373e+06, 2.50924e+06, 0
5.97308e+06, 1.06648e+07, 0
5.04318e+06, 5.14606e+06, 0
7.85878e+06, 5.67715e+06, 0
5.03895e+06, 5.06979e+06, 0
4.44935e+06, 2.63671e+06, 0
6.2782e+06, 3.76751e+06, 0
2.55519e+06, 2.40653e+06, 0
2.11558e+06, 5.10148e+06, 0
3.35556e+06, 1.93999e+06, 0
1.17035e+07, 5.10503e+06, 0
1.05603e+07, 9.92018e+06, 0
3.28334e+06, 2.3681e+06, 0
6.11313e+06, 4.67612e+06, 0
1.05851e+07, 9.15511e+06, 0
6.71288e+06, 1.65367e+06, 0
9.98809e+06, 4.74893e+06, 0
5.49038e+06, 4.17626e+06, 0
5.47981e+06, 5.28081e+06, 0
5.44825e+06, 6.58863e+06, 0
4.97674e+06, 3.41427e+06, 0
4.57011e+06, 5.99308e+06, 0
3.79495e+06, 2.64732e+06, 0
3.08762e+06, 2.98251e+06, 0
2.14726e+06, 1.53692e+06, 0
7.62077e+06, 8.41787e+06, 0
4.80839e+06, 996222, 0
2.23534e+06, 4.55399e+06, 0
4.44832e+06, 1.64027e+06, 0
1.24267e+06, 3.15835e+06, 0
6.24989e+06, 3.34224e+06, 0
2.5823e+06, 6.20344e+06, 0
3.84006e+06, 3.73622e+06, 0
7.40821e+06, 6.82735e+06, 0
2.94551e+06, 6.24969e+06, 0
3.37969e+06, 4.9068e+06, 0
2.50138e+06, 2.69601e+06, 0
6.35036e+06, 7.88781e+06, 0
5.90839e+06, 6.20612e+06, 0
4.43135e+06, 8.03415e+06, 0
6.19541e+06, 1.1485e+06, 0
301937, 2.11086e+06, 0
2.0249e+06, 7.13818e+06, 0
1.98336e+06, 1.08754e+07, 0
2.44431e+06, 4.70173e+06, 0
6.6807e+06, 9.40072e+06, 0
8.00704e+06, 2.70743e+06, 0
3.21662e+06, 6.46059e+06, 0
1.28226e+07, 636786, 0
6.72882e+06, 2.83408e+06, 0
2.06279e+06, 6.13097e+06, 0
1.07859e+07, 6.90667e+06, 0
5.51951e+06, 3.0359e+06, 0
3.40323e+06, 5.79953e+06, 0
3.48201e+06, 1.45508e+06, 0
7.28346e+06, 7.10432e+06, 0
1.93909e+06, 3.31449e+06, 0
5.39893e+06, 3.22936e+06, 0
3.31657e+06, 4.96414e+06, 0
2.99925e+06, 9.54095e+06, 0
1.35853e+07, 2.75746e+06, 0
4.75878e+06, 2.69165e+06, 0
9.33075e+06, 1.26885e+06, 0
1.46195e+06, 4.28797e+06, 0
6.69464e+06, 4.37382e+06, 0
485009, 8.02392e+06, 0
7.48565e+06, 3.64122e+06, 0
4.58875e+06, 4.10313e+06, 0
2.11657e+06, 5.48203e+06, 0
5.39251e+06, 3.80615e+06, 0
3.97434e+06, 1.12218e+07, 0
5.32905e+06, 3.99569e+06, 0
690397, 3.07395e+06, 0
1.93085e+06, 5.39387e+06, 0
1.79111e+06, 8.31333e+06, 0
4.32215e+06, 8.7705e+06, 0
2.58386e+06, 1.04409e+07, 0
1.49745e+06, 4.79214e+06, 0
5.00313e+06, 7.36534e+06, 0
4.71286e+06, 2.06474e+06, 0
3.11247e+06, 3.1567e+06, 0
4.60934e+06, 6.16392e+06, 0
7.44651e+06, 3.15983e+06, 0
4.78284e+06, 1.15454e+07, 0
7.95314e+06, 4.26579e+06, 0
9.81172e+06, 7.09365e+06, 0
3.00453e+06, 4.35938e+06, 0
5.41801e+06, 4.10392e+06, 0
2.17447e+06, 2.17358e+06, 0
3.57802e+06, 7.1002e+06, 0
1.04596e+07, 3.66561e+06, 0
1.37233e+06, 9.09011e+06, 0
8.62587e+06, 1.2647e+07, 0
5.39533e+06, 7.19731e+06, 0
2.25261e+06, 2.52598e+06, 0
3.56835e+06, 1.00057e+07, 0
7.60231e+06, 3.44356e+06, 0
4.07511e+06, 6.79111e+06, 0
3.77676e+06, 8.54691e+06, 0
1.08116e+07, 3.02678e+06, 0
6.11569e+06, 1.65548e+06, 0
6.09808e+06, 9.54554e+06, 0
7.06452e+06, 1.55296e+06, 0
4.32946e+06, 2.64625e+06, 0
4.88545e+06, 8.24252e+06, 0
3.61006e+06, 5.1169e+06, 0
4.62283e+06, 2.83769e+06, 0
4.02771e+06, 2.18188e+06, 0
1.28488e+07, 800571, 0
5.72862e+06, 6.08151e+06, 0
3.35239e+06, 9.58118e+06, 0
4.04775e+06, 2.0606e+06, 0
1.7204e+06, 2.11902e+06, 0
6.56088e+06, 5.09448e+06, 0
2.0411e+06, 4.41286e+06, 0
2.55642e+06, 2.23782e+06, 0
7.82106e+06, 478541, 0
5.51655e+06, 7.05242e+06, 0
2.82897e+06, 7.03089e+06, 0
524815, 1.46158e+06, 0
362451, 2.66167e+06, 0
8.49862e+06, 7.54285e+06, 0
429903, 4.17811e+06, 0
1.33888e+07, 6.99419e+06, 0
5.38712e+06, 4.16258e+06, 0
3.7396e+06, 1.55271e+06, 0
7.59945e+06, 3.69738e+06, 0
9.69245e+06, 6.40414e+06, 0
5.77789e+06, 2.99884e+06, 0
3.35732e+06, 7.20487e+06, 0
4.50876e+06, 4.44172e+06, 0
1.3015e+06, 4.78453e+06, 0
4.63776e+06, 1.24152e+07, 0
8.12621e+06, 3.31074e+06, 0
8.01677e+06, 6.50149e+06, 0
1.69365e+06, 3.18636e+06, 0
1.45566e+06, 7.2213e+06, 0
1.12897e+07, 1.92199e+06, 0
1.60988e+06, 3.85575e+06, 0
2.26262e+06, 6.95053e+06, 0
8.19487e+06, 6.11681e+06, 0
5.39397e+06, 6.73969e+06, 0
6.96254e+06, 6.33448e+06, 0
1.30024e+06, 7.95436e+06, 0
5.75529e+06, 4.7867e+06, 0
8.8417e+06, 5.46232e+06, 0
5.49659e+06, 9.53005e+06, 0
4.45776e+06, 5.25739e+06, 0
6.67393e+06, 4.48037e+06, 0
3.06623e+06, 4.00315e+06, 0
7.63919e+06, 1.31537e+06, 0
4.02461e+06, 7.32844e+06, 0
2.03284e+06, 7.82633e+06, 0
1.1542e+06, 3.92792e+06, 0
4.11292e+06, 3.57305e+06, 0
5.79364e+06, 3.99837e+06, 0
8.01715e+06, 831444, 0
5.61865e+06, 1.22428e+06, 0
2.56267e+06, 9.35838e+06, 0
3.28402e+06, 3.9581e+06, 0
6.21653e+06, 7.10593e+06, 0
4.42497e+06, 4.39842e+06, 0
6.53256e+06, 8.85734e+06, 0
1.29732e+07, 7.65336e+06, 0
1.13342e+07, 4.9993e+06, 0
4.24094e+06, 2.14339e+06, 0
7.98983e+06, 8.12773e+06, 0
6.88912e+06, 5.73769e+06, 0
3.26612e+06, 8.02791e+06, 0
8.0327e+06, 7.77081e+06, 0
6.457e+06, 6.10507e+06, 0
5.83625e+06, 4.60001e+06, 0
5.02465e+06, 2.49927e+06, 0
4.87721e+06, 6.43849e+06, 0
5.01381e+06, 4.52334e+06, 0
8.73813e+06, 7.64688e+06, 0
8.82855e+06, 2.58925e+06, 0
1.67531e+06, 6.20767e+06, 0
8.27027e+06, 4.28858e+06, 0
3.80777e+06, 1.92899e+06, 0
8.88963e+06, 1.37043e+07, 0
1.14937e+07, 1.98198e+06, 0
1.12752e+07, 3.99325e+06, 0
4.48256e+06, 6.69924e+06, 0
3.7915e+06, 4.24714e+06, 0
1.2124e+07, 6.28504e+06, 0
9.40882e+06, 2.03454e+06, 0
3.27188e+06, 4.34704e+06, 0
2.42328e+06, 3.24519e+06, 0
3.04077e+06, 4.75823e+06, 0
5.11713e+06, 1.10515e+07, 0
6.47987e+06, 4.28979e+06, 0
9.29867e+06, 7.03363e+06, 0
2.32874e+06, 3.94032e+06, 0
5.6678e+06, 6.60448e+06, 0
4.19212e+06, 2.59503e+06, 0
3.50424e+06, 739377, 0
4.50768e+06, 7.94995e+06, 0
838138, 8.23754e+06, 0
9.91114e+06, 1.08617e+07, 0
2.48343e+06, 1.30898e+07, 0
1.96478e+06, 2.01826e+06, 0
511899, 5.50718e+06, 0
7.60232e+06, 175286, 0
7.23607e+06, 2.41214e+06, 0
2.46407e+06, 8.07938e+06, 0
1.02983e+06, 4.71206e+06, 0
8.04829e+06, 1.20052e+07, 0
3.58649e+06, 9.10003e+06, 0
6.99915e+06, 4.4481e+06, 0
2.58567e+06, 4.41019e+06, 0
7.34513e+06, 1.80777e+06, 0
5.9505e+06, 1.93298e+06, 0
7.60612e+06, 7.04273e+06, 0
6.10909e+06, 5.86044e+06, 0
4.86426e+06, 6.22708e+06, 0
1.23222e+07, 3.24466e+06, 0
5.49957e+06, 2.82334e+06, 0
5.31338e+06, 6.9745e+06, 0
8.07892e+06, 2.29372e+06, 0
1.08077e+07, 2.5135e+06, 0
2.35613e+06, 6.33867e+06, 0
5.46422e+06, 3.54837e+06, 0
1.30172e+07, 4.16203e+06, 0
2.44855e+06, 5.58201e+06, 0
5.77363e+06, 673016, 0
9.06184e+06, 1.19286e+07, 0
8.27146e+06, 9.35954e+06, 0
8.81851e+06, 4.05663e+06, 0
4.96914e+06, 966109, 0
8.61306e+06, 7.41402e+06, 0
5.55122e+06, 5.10575e+06, 0
8.81987e+06, 4.92719e+06, 0
3.56629e+06, 7.36575e+06, 0
922169, 1.84847e+06, 0
5.77173e+06, 6.22858e+06, 0
1.08602e+07, 3.69645e+06, 0
1.31042e+06, 3.16896e+06, 0
2.01332e+06, 986622, 0
5.93031e+06, 2.28298e+06, 0
3.89325e+06, 4.65864e+06, 0
8.99659e+06, 5.82736e+06, 0
6.9333e+06, 2.3525e+06, 0
1.31227e+06, 3.56484e+06, 0
6.21007e+06, 8.83834e+06, 0
5.37594e+06, 3.05156e+06, 0
1.06877e+06, 6.83023e+06, 0
1.5662e+06, 7.27457e+06, 0
3.85763e+06, 4.52467e+06, 0
4.33844e+06, 6.95747e+06, 0
4.49769e+06, 3.93309e+06, 0
8.80447e+06, 5.59093e+06, 0
8.56397e+06, 7.17523e+06, 0
4.58975e+06, 892290, 0
8.96374e+06, 6.13376e+06, 0
3.67968e+06, 8.50363e+06, 0
4.81334e+06, 1.10313e+07, 0
1.23704e+06, 9.53069e+06, 0
8.05333e+06, 5.27317e+06, 0
1.47096e+06, 5.56025e+06, 0
2.44844e+06, 5.0449e+06, 0
4.28898e+06, 1.89402e+06, 0
5.47991e+06, 7.37521e+06, 0
6.35576e+06, 1.14064e+06, 0
4.13793e+06, 5.74435e+06, 0
6.17796e+06, 3.2964e+06, 0
1.23432e+07, 3.55798e+06, 0
5.29129e+06, 9.35563e+06, 0
2.39863e+06, 7.21065e+06, 0
1.30355e+06, 2.12968e+06, 0
3.9367e+06, 1.87917e+06, 0
2.06434e+06, 5.75125e+06, 0
7.08427e+06, 7.12008e+06, 0
8.03051e+06, 3.17787e+06, 0
3.77176e+06, 7.18429e+06, 0
2.88023e+06, 5.01274e+06, 0
3.22252e+06, 1.19469e+06, 0
3.83114e+06, 2.7672e+06, 0
7.03013e+06, 1.39599e+06, 0
4.0684e+06, 8.12924e+06, 0
5.08506e+06, 9.21808e+06, 0
4.3323e+06, 9.1439e+06, 0
7.63919e+06, 5.95963e+06, 0
1.52809e+06, 7.70548e+06, 0
2.61807e+06, 2.92201e+06, 0
2.25027e+06, 2.2453e+06, 0
4.34667e+06, 4.65496e+06, 0
9.69125e+06, 707882, 0
5.11425e+06, 7.23747e+06, 0
1.69389e+06, 1.11481e+07, 0
3.86109e+06, 5.61468e+06, 0
5.27591e+06, 2.95238e+06, 0
1.99975e+06, 5.0598e+06, 0
4.44736e+06, 5.77963e+06, 0
2.02152e+06, 5.08423e+06, 0
6.72172e+06, 5.56108e+06, 0
5.45428e+06, 3.59882e+06, 0
1.26831e+06, 3.80176e+06, 0
4.50347e+06, 1.31671e+07, 0
2.77389e+06, 1.16896e+06, 0
8.91332e+06, 8.47519e+06, 0
1.0135e+07, 2.10563e+06, 0
3.84889e+06, 1.11561e+06, 0
4.16257e+06, 8.45689e+06, 0
1.81285e+06, 6.17479e+06, 0
5.41867e+06, 4.14143e+06, 0
1.90039e+06, 4.39408e+06, 0
5.46387e+06, 7.29606e+06, 0
9.15543e+06, 5.09373e+06, 0
1.09142e+07, 2.4463e+06, 0
6.92694e+06, 6.53073e+06, 0
3.04491e+06, 2.4557e+06, 0
5.38765e+06, 2.63456e+06, 0
5.56772e+06, 5.14511e+06, 0
8.33934e+06, 5.76763e+06, 0
2.21433e+06, 9.46209e+06, 0
5.28734e+06, 2.50301e+06, 0
7.70988e+06, 4.88887e+06, 0
5.7149e+06, 4.41144e+06, 0
3.38309e+06, 2.50689e+06, 0
3.16435e+06, 6.96747e+06, 0
2.68095e+06, 3.22785e+06, 0
4.1016e+06, 8.02615e+06, 0
6.48546e+06, 5.51093e+06, 0
4.27545e+06, 3.40222e+06, 0
2.18946e+06, 7.59284e+06, 0
4.26975e+06, 9.08182e+06, 0
5.95816e+06, 3.64636e+06, 0
2.87544e+06, 4.86768e+06, 0
1.0228e+07, 7.8933e+06, 0
3.29392e+06, 2.24437e+06, 0
3.62857e+06, 3.63337e+06, 0
4.30191e+06, 1.0483e+07, 0
3.13213e+06, 3.44004e+06, 0
4.50759e+06, 5.22796e+06, 0
2.91848e+06, 4.56071e+06, 0
5.28297e+06, 8.60786e+06, 0
9.01118e+06, 1.07925e+07, 0
4.8094e+06, 4.8508e+06, 0
9.35662e+06, 2.63696e+06, 0
4.00904e+06, 7.7053e+06, 0
981130, 8.23664e+06, 0
2.25186e+06, 2.39144e+06, 0
7.35177e+06, 6.10882e+06, 0
4.86943e+06, 6.87746e+06, 0
6.32205e+06, 1.09402e+07, 0
4.52744e+06, 802051, 0
3.20199e+06, 6.57798e+06, 0
3.73783e+06, 4.33241e+06, 0
4.78284e+06, 4.17626e+06, 0
7.99543e+06, 4.5194e+06, 0
4.01093e+06, 8.9785e+06, 0
1.7195e+06, 1.4098e+06, 0
3.78323e+06, 2.69462e+06, 0
6.04557e+06, 4.78186e+06, 0
6.00859e+06, 1.87284e+06, 0
5.81274e+06, 8.5315e+06, 0
5.52669e+06, 8.40727e+06, 0
3.28269e+06, 8.16278e+06, 0
1.02401e+07, 745192, 0
5.03429e+06, 4.84578e+06, 0
2.76582e+06, 3.78286e+06, 0
180203, 7.59653e+06, 0
5.33756e+06, 4.70954e+06, 0
3.59013e+06, 2.39799e+06, 0
2.03357e+06, 2.12652e+06, 0
883216, 3.39914e+06, 0
5.01971e+06, 6.51676e+06, 0
3.27333e+06, 5.05036e+06, 0
6.79165e+06, 3.24505e+06, 0
6.23421e+06, 3.35635e+06, 0
3.18868e+06, 1.05495e+06, 0
3.05067e+06, 9.90279e+06, 0
1.26513e+07, 7.02263e+06, 0
3.54785e+06, 5.21207e+06, 0
1.69089e+06, 7.24154e+06, 0
7.68203e+06, 6.86741e+06, 0
1.01671e+07, 2.25985e+06, 0
1.13004e+06, 5.86386e+06, 0
7.64391e+06, 4.72464e+06, 0
6.0506e+06, 3.93476e+06, 0
1.58673e+06, 375505, 0
1.27057e+06, 9.80167e+06, 0
1.69939e+06, 4.25561e+06, 0
1.5391e+06, 5.50766e+06, 0
6.93527e+06, 1.76646e+06, 0
6.96441e+06, 5.90387e+06, 0
8.28195e+06, 1.01375e+07, 0
5.22561e+06, 1.01372e+07, 0
7.4385e+06, 4.15698e+06, 0
3.88096e+06, 3.90732e+06, 0
3.06161e+06, 1.01264e+07, 0
2.00863e+06, 1.70855e+06, 0
4.96468e+06, 6.76031e+06, 0
4.0249e+06, 2.46554e+06, 0
9.24541e+06, 4.92501e+06, 0
1.3983e+06, 8.20751e+06, 0
5.03731e+06, 1.45764e+07, 0
3.18768e+06, 1.18734e+07, 0
9.04294e+06, 7.21876e+06, 0
9.2051e+06, 7.75339e+06, 0
9.6233e+06, 6.51051e+06, 0
2.09753e+06, 4.01936e+06, 0
1.91955e+06, 6.92887e+06, 0
1.90071e+06, 1.02756e+07, 0
6.52529e+06, 7.63042e+06, 0
3.37105e+06, 8.33254e+06, 0
3.68907e+06, 3.62912e+06, 0
1.00621e+07, 1.21247e+07, 0
2.07689e+06, 1.32055e+07, 0
8.50228e+06, 5.75807e+06, 0
2.87804e+06, 3.77359e+06, 0
5.41149e+06, 5.94367e+06, 0
3.79577e+06, 2.20941e+06, 0
862841, 8.26956e+06, 0
4.96177e+06, 6.02675e+06, 0
4.78284e+06, 4.17626e+06, 0
7.37946e+06, 8.39134e+06, 0
4.60492e+06, 4.23126e+06, 0
4.02556e+06, 5.36249e+06, 0
390257, 7.37123e+06, 0
2.14309e+06, 2.32076e+06, 0
9.05924e+06, 4.41354e+06, 0
6.75818e+06, 2.08214e+06, 0
7.74075e+06, 8.0056e+06, 0
9.35168e+06, 3.45034e+06, 0
5.66007e+06, 8.54066e+06, 0
4.0632e+06, 3.83438e+06, 0
540771, 8.42355e+06, 0
6.24535e+06, 6.51271e+06, 0
3.05857e+06, 2.04785e+06, 0
1.79968e+06, 6.74834e+06, 0
7.29939e+06, 4.56538e+06, 0
3.63659e+06, 5.7191e+06, 0
5.2048e+06, 1.10024e+07, 0
4.80266e+06, 7.16133e+06, 0
4.92403e+06, 8.42731e+06, 0
1.96863e+06, 3.25379e+06, 0
8.11285e+06, 5.3618e+06, 0
7.01058e+06, 8.59954e+06, 0
3.24874e+06, 9.15029e+06, 0
8.28024e+06, 996728, 0
2.57699e+06, 9.25302e+06, 0
1.55457e+06, 1.10048e+06, 0
9.05366e+06, 2.64536e+06, 0
8.16407e+06, 3.49246e+06, 0
1.10898e+07, 4.07854e+06, 0
2.44628e+06, 2.93309e+06, 0
5.37642e+06, 8.38885e+06, 0
7.71481e+06, 1.73512e+06, 0
2.27456e+06, 2.6124e+06, 0
2.20004e+06, 1.71383e+06, 0
5.11041e+06, 4.62196e+06, 0
6.7637e+06, 2.64835e+06, 0
7.60629e+06, 3.84212e+06, 0
2.34139e+06, 5.06564e+06, 0
2.64146e+06, 3.11739e+06, 0
6.66872e+06, 1.66152e+06, 0
5.80835e+06, 7.61207e+06, 0
6.53148e+06, 7.68066e+06, 0
3.48269e+06, 3.86258e+06, 0
8.05895e+06, 1.0956e+07, 0
4.08017e+06, 6.36473e+06, 0
4.1546e+06, 5.62324e+06, 0
6.56829e+06, 6.82502e+06, 0
4.92616e+06, 5.72201e+06, 0
6.60537e+06, 4.77079e+06, 0
2.35874e+06, 4.21875e+06, 0
7.8201e+06, 2.07398e+06, 0
7.19059e+06, 5.59539e+06, 0
7.3259e+06, 6.1212e+06, 0
1.34144e+07, 3.70308e+06, 0
3.31288e+06, 3.28588e+06, 0
1.10523e+07, 2.75458e+06, 0
4.02709e+06, 3.57798e+06, 0
3.65215e+06, 3.17824e+06, 0
4.74907e+06, 5.81094e+06, 0
3.49923e+06, 9.72043e+06, 0
4.1118e+06, 5.82506e+06, 0
5.78942e+06, 1.81353e+06, 0
6.69998e+06, 9.93127e+06, 0
5.43068e+06, 4.16592e+06, 0
766473, 3.99862e+06, 0
8.51085e+06, 1.0474e+07, 0
6.24981e+06, 1.61091e+06, 0
1.84007e+06, 1.91381e+06, 0
1.11991e+07, 8.55664e+06, 0
3.33481e+06, 8.60013e+06, 0
2.38298e+06, 1.16156e+07, 0
4.85935e+06, 5.87216e+06, 0
4.75304e+06, 4.83944e+06, 0
3.34554e+06, 4.53187e+06, 0
5.03751e+06, 3.63633e+06, 0
4.2989e+06, 4.96484e+06, 0
4.01851e+06, 4.34487e+06, 0
1.52154e+06, 4.00111e+06, 0
1.99072e+06, 2.65005e+06, 0
1.16367e+07, 6.02269e+06, 0
5.68871e+06, 2.95099e+06, 0
6.26258e+06, 2.59896e+06, 0
1.04848e+07, 1.04714e+07, 0
3.89129e+06, 4.17633e+06, 0
7.15656e+06, 3.47654e+06, 0
3.95709e+06, 4.67463e+06, 0
8.8575e+06, 5.59624e+06, 0
1.13041e+07, 8.3602e+06, 0
2.81177e+06, 5.69661e+06, 0
6.50426e+06, 9.87739e+06, 0
2.04497e+06, 7.88806e+06, 0
1.59305e+06, 3.75993e+06, 0
6.6041e+06, 4.01902e+06, 0
9.78705e+06, 3.38074e+06, 0
4.56829e+06, 6.39375e+06, 0
1.0648e+07, 6.61552e+06, 0
6.83983e+06, 9.18713e+06, 0
3.48666e+06, 4.35036e+06, 0
1.56383e+06, 2.03131e+06, 0
7.42012e+06, 1.18432e+07, 0
7.5244e+06, 5.77964e+06, 0
2.41078e+06, 9.33861e+06, 0
2.99181e+06, 5.86475e+06, 0
4.03443e+06, 6.10075e+06, 0
3.23445e+06, 4.86342e+06, 0
4.19467e+06, 9.3228e+06, 0
2.13141e+06, 4.9795e+06, 0
6.88546e+06, 3.94357e+06, 0
7.84074e+06, 6.88859e+06, 0
2.25714e+06, 4.9861e+06, 0
2.32046e+06, 8.28369e+06, 0
5.12429e+06, 4.55773e+06, 0
5.98546e+06, 1.7167e+06, 0
4.35853e+06, 860165, 0
7.62238e+06, 3.05548e+06, 0
5.43038e+06, 6.22899e+06, 0
3.19713e+06, 1.79982e+06, 0
2.38341e+06, 7.11432e+06, 0
5.89663e+06, 8.07644e+06, 0
8.59132e+06, 3.42177e+06, 0
3.6649e+06, 5.72557e+06, 0
5.77641e+06, 3.23696e+06, 0
2.98529e+06, 579369, 0
2.41316e+06, 7.42192e+06, 0
8.30259e+06, 3.36581e+06, 0
2.93406e+06, 1.0115e+07, 0
1.12706e+07, 2.76573e+06, 0
2.87937e+06, 5.36107e+06, 0
3.91129e+06, 2.40773e+06, 0
1.15191e+07, 4.11957e+06, 0
7.12524e+06, 8.02547e+06, 0
3.11373e+06, 3.35633e+06, 0
4.78284e+06, 728197, 0
4.41039e+06, 2.39381e+06, 0
1.12339e+07, 1.73717e+06, 0
3.98855e+06, 6.04518e+06, 0
4.5353e+06, 5.50417e+06, 0
1.02515e+07, 4.19961e+06, 0
4.51384e+06, 4.32522e+06, 0
6.47148e+06, 2.0115e+06, 0
3.31459e+06, 7.44196e+06, 0
966443, 5.5019e+06, 0
3.54638e+06, 5.1707e+06, 0
2.11773e+06, 5.24277e+06, 0
1.01467e+06, 2.91864e+06, 0
1.66242e+06, 1.13263e+07, 0
3.51087e+06, 323513, 0
4.53256e+06, 987069, 0
1.08583e+07, 6.63772e+06, 0
6.62408e+06, 9.62744e+06, 0
7.3503e+06, 9.77552e+06, 0
7.84236e+06, 1.00777e+07, 0
3.86813e+06, 1.04043e+07, 0
1.16247e+07, 6.5657e+06, 0
6.94291e+06, 4.02034e+06, 0
6.66916e+06, 9.98574e+06, 0
3.60123e+06, 1.01736e+07, 0
4.69032e+06, 4.16274e+06, 0
7.40859e+06, 1.67742e+06, 0
6.2807e+06, 7.6024e+06, 0
6.0473e+06, 5.57339e+06, 0
3.70091e+06, 3.36036e+06, 0
8.55709e+06, 4.46955e+06, 0
6.30424e+06, 5.969e+06, 0
5.45217e+06, 6.34713e+06, 0
2.76695e+06, 4.52714e+06, 0
5.13916e+06, 1.5228e+06, 0
1.02877e+07, 6.33974e+06, 0
2.87731e+06, 1.70341e+06, 0
7.48978e+06, 4.5481e+06, 0
2.29224e+06, 2.83453e+06, 0
3.53246e+06, 5.53131e+06, 0
5.30135e+06, 7.86789e+06, 0
4.6736e+06, 6.29901e+06, 0
4.3329e+06, 3.9572e+06, 0
2.57642e+06, 3.70562e+06, 0
1.13189e+06, 1.91975e+06, 0
2.26639e+06, 8.07698e+06, 0
2.67876e+06, 2.93208e+06, 0
450601, 9.68151e+06, 0
6.50961e+06, 2.75969e+06, 0
3.35241e+06, 3.10772e+06, 0
4.71458e+06, 3.88467e+06, 0
5.60093e+06, 4.05251e+06, 0
9.32306e+06, 5.05042e+06, 0
6.438e+06, 8.18918e+06, 0
7.4457e+06, 772966, 0
5.17342e+06, 3.23005e+06, 0
1.17632e+07, 1.71741e+06, 0
2.09868e+06, 1.98815e+06, 0
2.94921e+06, 6.06186e+06, 0
7.32876e+06, 1.00291e+07, 0
5.66273e+06, 1.24131e+07, 0
5.48868e+06, 6.62238e+06, 0
3.9237e+06, 5.07632e+06, 0
7.59013e+06, 3.54996e+06, 0
5.40226e+06, 4.06215e+06, 0
7.66671e+06, 5.08534e+06, 0
8.99125e+06, 5.7888e+06, 0
8.51085e+06, 1.0474e+07, 0
6.73886e+06, 3.17947e+06, 0
3.90044e+06, 3.79882e+06, 0
1.96318e+06, 5.03519e+06, 0
8.9317e+06, 6.62851e+06, 0
6.93476e+06, 7.09909e+06, 0
9.37226e+06, 7.83857e+06, 0
7.62043e+06, 4.51324e+06, 0
7.61854e+06, 6.60699e+06, 0
3.15131e+06, 2.50897e+06, 0
1.21479e+06, 2.676e+06, 0
4.59457e+06, 6.49556e+06, 0
4.64036e+06, 1.29431e+07, 0
3.96345e+06, 5.80788e+06, 0
6.06571e+06, 2.44764e+06, 0
2.36432e+06, 6.70566e+06, 0
4.61493e+06, 2.69824e+06, 0
8.74057e+06, 1.87474e+06, 0
9.15417e+06, 3.62036e+06, 0
1.15273e+07, 1.32456e+07, 0
8.19248e+06, 4.29319e+06, 0
3.98756e+06, 4.112e+06, 0
7.2087e+06, 5.63796e+06, 0
3.54515e+06, 7.60777e+06, 0
6.12152e+06, 5.21162e+06, 0
3.71e+06, 6.51115e+06, 0
1.89606e+06, 2.39508e+06, 0
5.13371e+06, 8.08501e+06, 0
2.80899e+06, 2.56241e+06, 0
4.53193e+06, 9.21148e+06, 0
3.75672e+06, 5.00593e+06, 0
8.56188e+06, 1.01071e+07, 0
5.85484e+06, 5.53978e+06, 0
7.25678e+06, 3.78792e+06, 0
1.51692e+06, 4.10796e+06, 0
6.14952e+06, 4.90542e+06, 0
5.16915e+06, 5.85738e+06, 0
7.39557e+06, 1.02355e+07, 0
5.32145e+06, 9.94868e+06, 0
394496, 4.52827e+06, 0
4.54608e+06, 1.68075e+06, 0
2.97149e+06, 3.59903e+06, 0
2.45463e+06, 3.64887e+06, 0
4.20962e+06, 3.77139e+06, 0
4.85992e+06, 3.80325e+06, 0
1.45042e+07, 8.77766e+06, 0
3.11943e+06, 9.09289e+06, 0
5.92012e+06, 7.36651e+06, 0
3.18914e+06, 2.27433e+06, 0
3.69052e+06, 4.21434e+06, 0
4.75597e+06, 1.12639e+07, 0
4.28635e+06, 2.1221e+06, 0
1.12322e+06, 3.23481e+06, 0
1.38849e+07, 8.51244e+06, 0
5.97687e+06, 8.37277e+06, 0
6.21976e+06, 4.09333e+06, 0
1.0524e+07, 9.72994e+06, 0
5.27659e+06, 4.79133e+06, 0
3.83963e+06, 5.02603e+06, 0
7.57243e+06, 4.77175e+06, 0
6.71997e+06, 8.19787e+06, 0
8.51524e+06, 3.6843e+06, 0
4.64962e+06, 3.08656e+06, 0
3.93057e+06, 1.31952e+07, 0
8.86767e+06, 5.53207e+06, 0
3.20584e+06, 4.84185e+06, 0
