3.52638e+06, 856518, 0
8.14441e+06, 2.48857e+06, 0
7.55644e+06, 3.79819e+06, 0
8.10031e+06, 5.28977e+06, 0
1.96104e+06, 2.14651e+06, 0
4.76639e+06, 2.39048e+06, 0
6.69668e+06, 5.04163e+06, 0
1.21684e+07, 4.8305e+06, 0
7.17379e+06, 7.1546e+06, 0
2.19825e+06, 4.07119e+06, 0
9.78922e+06, 8.30144e+06, 0
3.38676e+06, 4.25176e+06, 0
1.83801e+06, 7.88205e+06, 0
3.47954e+06, 3.27445e+06, 0
9.75753e+06, 3.51707e+06, 0
1.07646e+07, 8.71157e+06, 0
5.42484e+06, 740491, 0
5.59666e+06, 2.34971e+06, 0
2.08488e+06, 8.38229e+06, 0
2.59275e+06, 5.45561e+06, 0
2.21918e+06, 2.5048e+06, 0
2.24018e+06, 8.00983e+06, 0
947580, 1.1411e+07, 0
2.48517e+06, 476177, 0
6.42459e+06, 4.57975e+06, 0
7.63139e+06, 7.66346e+06, 0
9.68781e+06, 3.61157e+06, 0
2.62651e+06, 7.80142e+06, 0
3.30384e+06, 5.41069e+06, 0
5.29774e+06, 4.32437e+06, 0
989336, 2.2768e+06, 0
6.26858e+06, 5.30612e+06, 0
3.99569e+06, 6.09265e+06, 0
5.28283e+06, 7.87604e+06, 0
5.85232e+06, 7.07857e+06, 0
3.88892e+06, 7.24818e+06, 0
3.69145e+06, 5.59001e+06, 0
7.41483e+06, 8.09608e+06, 0
5.85082e+06, 1.66386e+06, 0
5.95522e+06, 3.05313e+06, 0
3.88976e+06, 9.48625e+06, 0
456538, 1.53312e+06, 0
1.23973e+06, 524179, 0
3.24889e+06, 2.24411e+06, 0
2.00823e+06, 8.97663e+06, 0
3.99099e+06, 5.34756e+06, 0
4.45765e+06, 3.24775e+06, 0
8.77839e+06, 3.52241e+06, 0
5.95927e+06, 2.98447e+06, 0
2.89802e+06, 1.06593e+07, 0
3.19664e+06, 2.89746e+06, 0
3.60329e+06, 8.10108e+06, 0
5.88522e+06, 9.79575e+06, 0
949426, 3.21922e+06, 0
4.3091e+06, 4.85257e+06, 0
2.84459e+06, 4.68208e+06, 0
4.41295e+06, 1.46089e+06, 0
1.44225e+07, 4.51105e+06, 0
2.50594e+06, 1.00252e+07, 0
4.7997e+06, 7.01957e+06, 0
1.25979e+06, 7.44266e+06, 0
2.41204e+06, 1.48956e+06, 0
573139, 6.10623e+06, 0
9.07592e+06, 1.06993e+07, 0
7.53371e+06, 147687, 0
1.01053e+07, 1.40395e+06, 0
3.64644e+06, 5.19983e+06, 0
2.12529e+06, 7.18123e+06, 0
4.31101e+06, 1.05803e+06, 0
5.58489e+06, 6.11416e+06, 0
5.45047e+06, 1.95434e+06, 0
4.16416e+06, 4.93264e+06, 0
7.05048e+06, 4.09734e+06, 0
8.39959e+06, 1.00498e+07, 0
5.59908e+06, 3.19872e+06, 0
5.79704e+06, 5.44848e+06, 0
4.0505e+06, 8.44577e+06, 0
2.15914e+06, 4.792e+06, 0
3.59892e+06, 7.64766e+06, 0
8.08609e+06, 8.88756e+06, 0
4.49533e+06, 1.12237e+06, 0
5.61824e+06, 1.00742e+07, 0
7.76268e+06, 7.28695e+06, 0
591398, 2.00772e+06, 0
3.27209e+06, 5.56427e+06, 0
6.92131e+06, 5.25376e+06, 0
8.54706e+06, 6.46879e+06, 0
7.49265e+06, 6.25526e+06, 0
2.96128e+06, 5.01534e+06, 0
3.89312e+06, 6.65643e+06, 0
6.27472e+06, 941951, 0
8.50361e+06, 2.49822e+06, 0
9.92696e+06, 9.75359e+06, 0
3.0349e+06, 1.03227e+07, 0
3.82292e+06, 4.05344e+06, 0
5.792e+06, 2.66709e+06, 0
6.52781e+06, 3.08619e+06, 0
5.80284e+06, 4.56496e+06, 0
7.0484e+06, 259975, 0
7.44384e+06, 8.09786e+06, 0
5.47005e+06, 1.01643e+07, 0
5.78861e+06, 3.43524e+06, 0
4.43256e+06, 5.95865e+06, 0
2.41682e+06, 5.81993e+06, 0
3.14259e+06, 4.2021e+06, 0
450849, 3.91628e+06, 0
2.75218e+06, 4.46513e+06, 0
4.99244e+06, 2.09353e+06, 0
3.25247e+06, 2.38176e+06, 0
7.68845e+06, 8.93291e+06, 0
7.07386e+06, 4.92203e+06, 0
1.71097e+06, 2.42627e+06, 0
1.26866e+07, 1.2169e+07, 0
7.35246e+06, 4.44836e+06, 0
1.01739e+07, 973024, 0
9.58507e+06, 1.08266e+07, 0
7.7923e+06, 2.30709e+06, 0
793348, 8.61039e+06, 0
6.82328e+06, 5.41867e+06, 0
1.07266e+07, 6.13122e+06, 0
2.58621e+06, 2.32998e+06, 0
1.46244e+06, 6.14854e+06, 0
6.05276e+06, 7.2177e+06, 0
6.0093e+06, 2.02376e+06, 0
3.65593e+06, 2.85664e+06, 0
7.41783e+06, 7.61674e+06, 0
6.9812e+06, 1.24758e+07, 0
6.03772e+06, 9.01122e+06, 0
5.04263e+06, 569876, 0
6.85288e+06, 1.73321e+06, 0
2.75616e+06, 7.08058e+06, 0
6.59079e+06, 6.45837e+06, 0
2.06534e+06, 5.70637e+06, 0
2.65744e+06, 1.54877e+07, 0
4.08843e+06, 1.98198e+06, 0
2.46756e+06, 2.96931e+06, 0
2.2176e+06, 4.1074e+06, 0
5.27056e+06, 2.6735e+06, 0
1.07689e+07, 1.40265e+06, 0
7.67593e+06, 3.74324e+06, 0
3.84355e+06, 5.57396e+06, 0
4.15017e+06, 2.97698e+06, 0
1.23213e+06, 6.72585e+06, 0
7.95317e+06, 4.55089e+06, 0
4.29857e+06, 5.82077e+06, 0
5.67968e+06, 2.30905e+06, 0
1.5012e+07, 5.15361e+06, 0
7.97389e+06, 7.12582e+06, 0
3.27136e+06, 4.88661e+06, 0
6.65964e+06, 3.01082e+06, 0
6.26811e+06, 3.75566e+06, 0
2.18741e+06, 8.33233e+06, 0
2.8086e+06, 4.41801e+06, 0
7.86465e+06, 6.17343e+06, 0
9.44405e+06, 4.97593e+06, 0
1.20658e+06, 7.55955e+06, 0
1.9178e+06, 3.14659e+06, 0
4.00434e+06, 2.51463e+06, 0
5.39043e+06, 1.16219e+07, 0
6.37918e+06, 6.30149e+06, 0
6.33623e+06, 6.58827e+06, 0
6.84938e+06, 6.2023e+06, 0
4.11461e+06, 3.52154e+06, 0
6.39309e+06, 4.52094e+06, 0
1.50128e+06, 5.49985e+06, 0
1.04816e+06, 2.31851e+06, 0
6.50532e+06, 2.44014e+06, 0
4.16766e+06, 2.37435e+06, 0
171835, 2.12401e+06, 0
2.29093e+06, 3.75853e+06, 0
7.67825e+06, 5.57771e+06, 0
779727, 7.37346e+06, 0
6.83787e+06, 5.99788e+06, 0
3.70314e+06, 5.54809e+06, 0
2.9601e+06, 8.95069e+06, 0
3.8026e+06, 8.32965e+06, 0
4.32256e+06, 3.34823e+06, 0
5.53244e+06, 2.21383e+06, 0
4.78003e+06, 6.73894e+06, 0
4.20257e+06, 4.13654e+06, 0
5.99857e+06, 3.96591e+06, 0
6.08078e+06, 2.45454e+06, 0
1.35772e+06, 3.29956e+06, 0
6.12971e+06, 2.94815e+06, 0
9.86166e+06, 2.88316e+06, 0
7.1522e+06, 5.77438e+06, 0
6.07549e+06, 2.30176e+06, 0
8.85206e+06, 1.61639e+06, 0
4.95082e+06, 1.84261e+06, 0
6.89706e+06, 8.72892e+06, 0
2.17071e+06, 4.71586e+06, 0
3.4769e+06, 1.28893e+07, 0
1.62095e+06, 2.3727e+06, 0
1.26554e+06, 3.45314e+06, 0
6.23983e+06, 9.78178e+06, 0
3.44374e+06, 4.57181e+06, 0
3.80156e+06, 2.06589e+06, 0
6.36101e+06, 2.78769e+06, 0
6.71935e+06, 2.63227e+06, 0
878010, 6.0188e+06, 0
1.09355e+07, 2.83555e+06, 0
8.25142e+06, 6.5928e+06, 0
2.49473e+06, 6.70606e+06, 0
7.55298e+06, 4.56393e+06, 0
7.3986e+06, 3.05095e+06, 0
4.9801e+06, 5.32471e+06, 0
9.10164e+06, 2.65128e+06, 0
7.38918e+06, 3.01714e+06, 0
6.30763e+06, 4.38736e+06, 0
5.95564e+06, 3.0854e+06, 0
895521, 3.6831e+06, 0
8.66943e+06, 1.20396e+07, 0
2.66766e+06, 3.41852e+06, 0
2.361e+06, 4.45709e+06, 0
1.57234e+06, 4.6569e+06, 0
4.85988e+06, 1.93654e+06, 0
1.04846e+07, 6.60397e+06, 0
6.00716e+06, 1.06115e+07, 0
8.25246e+06, 3.49081e+06, 0
6.13804e+06, 3.34237e+06, 0
5.22418e+06, 3.6491e+06, 0
5.83795e+06, 9.63866e+06, 0
7.68076e+06, 257062, 0
9.30214e+06, 1.74137e+06, 0
5.73084e+06, 3.99107e+06, 0
6.12289e+06, 9.51466e+06, 0
3.326e+06, 4.2887e+06, 0
6.66753e+06, 1.74712e+06, 0
3.42626e+06, 2.49124e+06, 0
2.44997e+06, 2.43392e+06, 0
4.27649e+06, 4.64781e+06, 0
1.57821e+06, 2.73547e+06, 0
2.86047e+06, 2.86781e+06, 0
6.93369e+06, 4.11497e+06, 0
2.18043e+06, 1.10742e+07, 0
5.53382e+06, 4.47023e+06, 0
1.50844e+06, 1.06231e+07, 0
3.06854e+06, 5.31778e+06, 0
1.00044e+07, 6.22191e+06, 0
5.76295e+06, 1.52418e+06, 0
5.89106e+06, 1.80989e+06, 0
3.41939e+06, 6.79467e+06, 0
8.19555e+06, 4.01616e+06, 0
1.19826e+07, 6.76884e+06, 0
5.14142e+06, 6.06767e+06, 0
2.54486e+06, 8.45977e+06, 0
8.90849e+06, 2.9646e+06, 0
4.6108e+06, 5.06284e+06, 0
4.96552e+06, 3.12514e+06, 0
3.19025e+06, 5.61352e+06, 0
9.46417e+06, 6.66779e+06, 0
2.52857e+06, 4.02279e+06, 0
5.48858e+06, 5.00113e+06, 0
5.90259e+06, 7.12077e+06, 0
1.75815e+06, 9.95612e+06, 0
2.95818e+06, 9.32043e+06, 0
5.31692e+06, 3.01901e+06, 0
9.49077e+06, 6.73801e+06, 0
2.50478e+06, 3.09155e+06, 0
6.16506e+06, 3.98537e+06, 0
5.45784e+06, 1.70695e+06, 0
4.98404e+06, 2.66562e+06, 0
6.90305e+06, 6.62482e+06, 0
2.14763e+06, 2.04219e+06, 0
9.48214e+06, 5.1846e+06, 0
6.61164e+06, 6.0188e+06, 0
4.43064e+06, 3.49297e+06, 0
5.38303e+06, 3.58456e+06, 0
2.2175e+06, 3.6348e+06, 0
6.68923e+06, 2.02048e+06, 0
4.21998e+06, 1.30979e+06, 0
5.71569e+06, 3.6659e+06, 0
7.36756e+06, 3.58847e+06, 0
3.26455e+06, 4.3866e+06, 0
5.83721e+06, 1.97509e+06, 0
2.41093e+06, 559362, 0
891968, 944999, 0
3.13042e+06, 7.71512e+06, 0
4.10007e+06, 5.63189e+06, 0
6.21734e+06, 6.08251e+06, 0
7.12824e+06, 4.25309e+06, 0
9.26483e+06, 5.28448e+06, 0
6.50575e+06, 4.13099e+06, 0
4.32576e+06, 2.559e+06, 0
8.88339e+06, 2.05059e+06, 0
4.84193e+06, 4.36535e+06, 0
994579, 7.39663e+06, 0
4.50094e+06, 3.87199e+06, 0
3.38739e+06, 1.84178e+06, 0
5.7267e+06, 1.45183e+07, 0
5.42923e+06, 6.04065e+06, 0
4.55604e+06, 7.14837e+06, 0
3.93415e+06, 2.76685e+06, 0
1.16198e+07, 7.10866e+06, 0
1.08378e+07, 1.67934e+06, 0
6.92269e+06, 4.60843e+06, 0
5.42753e+06, 4.58394e+06, 0
835290, 1.05041e+07, 0
3.23854e+06, 3.89072e+06, 0
5.04027e+06, 4.17179e+06, 0
5.13676e+06, 5.93499e+06, 0
3.35523e+06, 662253, 0
4.9617e+06, 3.20474e+06, 0
2.5143e+06, 8.18074e+06, 0
6.08663e+06, 8.21621e+06, 0
2.76936e+06, 1.74313e+06, 0
6.50495e+06, 3.5117e+06, 0
1.99004e+06, 3.82005e+06, 0
6.26748e+06, 1.16445e+06, 0
8.2687e+06, 7.29317e+06, 0
7.93314e+06, 7.27458e+06, 0
6.93336e+06, 5.28015e+06, 0
3.28484e+06, 3.3425e+06, 0
1.54651e+06, 3.20825e+06, 0
5.58461e+06, 8.07224e+06, 0
6.57566e+06, 2.36596e+06, 0
6.5194e+06, 8.76677e+06, 0
6.53358e+06, 1.39539e+07, 0
8.3663e+06, 5.33071e+06, 0
579799, 5.90357e+06, 0
1.04028e+07, 2.52424e+06, 0
4.78719e+06, 9.0989e+06, 0
9.94588e+06, 1.071e+07, 0
2.15698e+06, 1.0987e+07, 0
1.34572e+06, 2.49197e+06, 0
3.59399e+06, 6.16255e+06, 0
6.65265e+06, 7.18332e+06, 0
3.0907e+06, 3.89725e+06, 0
5.24574e+06, 1.0518e+06, 0
5.15458e+06, 1.64044e+07, 0
8.57091e+06, 5.33472e+06, 0
5.7589e+06, 7.53144e+06, 0
2.93864e+06, 3.64494e+06, 0
1.7768e+06, 5.73788e+06, 0
1.42823e+06, 3.36804e+06, 0
6.92916e+06, 2.52169e+06, 0
6.69425e+06, 2.81931e+06, 0
3.89803e+06, 1.43815e+07, 0
6.71692e+06, 1.47916e+07, 0
6.61261e+06, 7.07633e+06, 0
6.89575e+06, 1.12505e+07, 0
1.80067e+06, 6.52691e+06, 0
7.96037e+06, 4.65361e+06, 0
6.53155e+06, 755264, 0
5.57384e+06, 5.08498e+06, 0
7.47562e+06, 6.06917e+06, 0
6.27474e+06, 1.54736e+06, 0
5.26072e+06, 3.94934e+06, 0
5.57052e+06, 9.15217e+06, 0
1.34264e+06, 3.58969e+06, 0
3.44609e+06, 9.95377e+06, 0
5.90663e+06, 7.02049e+06, 0
7.75141e+06, 4.758e+06, 0
4.6489e+06, 4.46468e+06, 0
8.06078e+06, 4.40559e+06, 0
1.62861e+06, 4.26171e+06, 0
5.67431e+06, 4.18336e+06, 0
6.43233e+06, 5.02391e+06, 0
1.90592e+06, 6.43099e+06, 0
3.56087e+06, 5.2666e+06, 0
2.48466e+06, 3.00927e+06, 0
1.44573e+06, 7.6266e+06, 0
6.65553e+06, 2.57609e+06, 0
1.16469e+06, 1.02672e+07, 0
1.39085e+07, 2.32799e+06, 0
5.20929e+06, 3.42839e+06, 0
4.25951e+06, 4.78211e+06, 0
932377, 6.06775e+06, 0
3.29944e+06, 3.20784e+06, 0
8.25357e+06, 4.99528e+06, 0
3.46142e+06, 5.59695e+06, 0
4.18962e+06, 1.48424e+06, 0
2.69343e+06, 7.6747e+06, 0
5.76976e+06, 2.83892e+06, 0
5.43186e+06, 6.49972e+06, 0
2.67041e+06, 6.43865e+06, 0
5.51457e+06, 4.96868e+06, 0
6.14285e+06, 2.14943e+06, 0
1.77613e+06, 5.67789e+06, 0
3.49854e+06, 4.94932e+06, 0
5.26726e+06, 5.91091e+06, 0
3.70447e+06, 4.83892e+06, 0
6.55108e+06, 2.14375e+06, 0
1.1388e+07, 4.117e+06, 0
1.32814e+06, 2.91898e+06, 0
4.88083e+06, 2.98327e+06, 0
2.57978e+06, 1.1397e+07, 0
1.25071e+07, 3.69248e+06, 0
4.70887e+06, 4.7904e+06, 0
2.6198e+06, 6.03187e+06, 0
4.39891e+06, 7.00971e+06, 0
5.99255e+06, 1.08902e+07, 0
4.36169e+06, 7.85412e+06, 0
7.52601e+06, 5.41679e+06, 0
5.94626e+06, 2.60892e+06, 0
1.85648e+06, 7.63774e+06, 0
7.30218e+06, 3.01392e+06, 0
668739, 5.51591e+06, 0
4.38016e+06, 3.20744e+06, 0
3.46412e+06, 4.70233e+06, 0
5.51105e+06, 2.47057e+06, 0
3.32209e+06, 2.57988e+06, 0
9.11471e+06, 2.77617e+06, 0
1.12041e+07, 7.08304e+06, 0
7.40181e+06, 2.22775e+06, 0
2.3074e+06, 2.55278e+06, 0
2.99048e+06, 2.85776e+06, 0
1.62562e+06, 8.89965e+06, 0
2.52846e+06, 5.63077e+06, 0
3.05648e+06, 7.89501e+06, 0
2.20184e+06, 2.90603e+06, 0
6.67932e+06, 1.23451e+07, 0
979404, 2.08377e+06, 0
3.27623e+06, 485131, 0
9.49615e+06, 4.71948e+06, 0
8.67332e+06, 2.35096e+06, 0
2.0404e+06, 4.31473e+06, 0
1.0281e+07, 5.5319e+06, 0
6.0195e+06, 857534, 0
4.38196e+06, 2.86556e+06, 0
7.82586e+06, 5.8115e+06, 0
1.69169e+06, 1.64007e+06, 0
1.56679e+06, 6.6231e+06, 0
2.757e+06, 2.92433e+06, 0
9.26095e+06, 5.20088e+06, 0
6.14688e+06, 1.49896e+06, 0
4.06907e+06, 4.89717e+06, 0
8.7647e+06, 3.04564e+06, 0
6.08546e+06, 5.20793e+06, 0
5.29514e+06, 3.01329e+06, 0
6.13693e+06, 5.38335e+06, 0
3.0426e+06, 4.74956e+06, 0
6.07276e+06, 5.31948e+06, 0
4.13458e+06, 3.78149e+06, 0
1.26348e+07, 4.2567e+06, 0
5.25646e+06, 1.07812e+06, 0
986947, 5.44276e+06, 0
8.87348e+06, 8.68602e+06, 0
7.88797e+06, 5.41997e+06, 0
5.6024e+06, 6.52919e+06, 0
2.05033e+06, 4.84155e+06, 0
2.12164e+06, 8.68955e+06, 0
5.75824e+06, 3.17585e+06, 0
7.20534e+06, 1.29473e+07, 0
7.00999e+06, 8.60611e+06, 0
4.36051e+06, 780415, 0
1.06107e+06, 7.98631e+06, 0
5.22277e+06, 3.52852e+06, 0
6.54355e+06, 7.01778e+06, 0
4.62318e+06, 2.77281e+06, 0
7.32595e+06, 5.23604e+06, 0
4.62962e+06, 2.58216e+06, 0
8.80964e+06, 8.68474e+06, 0
8.4693e+06, 4.6245e+06, 0
4.22389e+06, 1.23739e+07, 0
8.00098e+06, 6.6937e+06, 0
3.90814e+06, 3.55893e+06, 0
9.1578e+06, 2.81792e+06, 0
7.93977e+06, 3.05072e+06, 0
3.20727e+06, 1.27241e+06, 0
3.36525e+06, 6.16144e+06, 0
3.69798e+06, 5.29851e+06, 0
1.84028e+06, 6.4382e+06, 0
580657, 4.7471e+06, 0
6.88421e+06, 3.54959e+06, 0
5.84183e+06, 3.73128e+06, 0
4.23146e+06, 7.4349e+06, 0
5.19655e+06, 4.2876e+06, 0
6.32817e+06, 4.68476e+06, 0
6.73515e+06, 4.34918e+06, 0
2.94503e+06, 8.60053e+06, 0
3.04814e+06, 2.9171e+06, 0
5.59385e+06, 8.88922e+06, 0
9.16921e+06, 6.69096e+06, 0
3.88439e+06, 8.07383e+06, 0
814708, 8.93828e+06, 0
1.72247e+06, 7.44751e+06, 0
3.49656e+06, 8.81796e+06, 0
5.2693e+06, 6.9033e+06, 0
1.05483e+07, 8.07122e+06, 0
6.67285e+06, 8.86115e+06, 0
7.85482e+06, 1.16819e+07, 0
4.74329e+06, 4.33679e+06, 0
3.25159e+06, 6.06493e+06, 0
1.98009e+06, 1.07919e+06, 0
7.42379e+06, 4.83553e+06, 0
4.17704e+06, 5.68735e+06, 0
1.16658e+07, 2.74075e+06, 0
4.75185e+06, 1.24812e+06, 0
4.61412e+06, 6.47232e+06, 0
4.38376e+06, 8.24977e+06, 0
8.71422e+06, 3.71999e+06, 0
6.2756e+06, 3.40741e+06, 0
6.21517e+06, 2.29368e+06, 0
1.39849e+06, 5.35714e+06, 0
1.35638e+06, 3.22353e+06, 0
726218, 3.56707e+06, 0
6.86411e+06, 3.59312e+06, 0
1.46669e+06, 4.95476e+06, 0
5.38016e+06, 5.63443e+06, 0
6.47442e+06, 5.06079e+06, 0
8.15804e+06, 3.99351e+06, 0
6.4136e+06, 3.3028e+06, 0
1.68829e+06, 1.99051e+06, 0
6.76485e+06, 7.6529e+06, 0
6.22152e+06, 5.04898e+06, 0
8.81647e+06, 3.42678e+06, 0
6.18639e+06, 3.53906e+06, 0
1.06247e+07, 6.47943e+06, 0
2.22921e+06, 6.07573e+06, 0
6.33836e+06, 4.71739e+06, 0
2.94625e+06, 7.84135e+06, 0
1.04275e+06, 1.11562e+07, 0
8.40084e+06, 3.90713e+06, 0
6.09001e+06, 2.97684e+06, 0
5.97663e+06, 2.49265e+06, 0
785960, 4.63849e+06, 0
4.78999e+06, 7.51301e+06, 0
5.68711e+06, 5.04194e+06, 0
7.13647e+06, 4.10968e+06, 0
5.73025e+06, 3.84284e+06, 0
1.02572e+07, 9.11787e+06, 0
4.06617e+06, 3.58049e+06, 0
4.72178e+06, 1.34643e+06, 0
5.21187e+06, 5.12606e+06, 0
4.13439e+06, 1.33212e+06, 0
2.47278e+06, 1.09603e+07, 0
3.05386e+06, 2.33751e+06, 0
1.62828e+06, 5.96308e+06, 0
4.05555e+06, 6.03629e+06, 0
3.15453e+06, 3.87875e+06, 0
869301, 4.2976e+06, 0
5.7589e+06, 7.91247e+06, 0
5.742e+06, 5.88063e+06, 0
7.15265e+06, 3.05076e+06, 0
6.98014e+06, 4.526e+06, 0
6.40288e+06, 2.61642e+06, 0
1.24059e+06, 2.26514e+06, 0
9.25128e+06, 1.34362e+06, 0
9.77553e+06, 1.06507e+06, 0
1.51652e+06, 6.33305e+06, 0
4.49079e+06, 2.47884e+06, 0
3.58291e+06, 4.1528e+06, 0
2.3094e+06, 4.69066e+06, 0
6.69175e+06, 4.24879e+06, 0
909270, 5.52486e+06, 0
3.35661e+06, 1.55966e+06, 0
7.69858e+06, 4.87865e+06, 0
5.70612e+06, 4.71172e+06, 0
8.7673e+06, 5.82924e+06, 0
7.21871e+06, 9.17341e+06, 0
5.95064e+06, 5.46034e+06, 0
4.84474e+06, 4.51316e+06, 0
3.89681e+06, 6.01489e+06, 0
5.56799e+06, 1.34385e+07, 0
3.85792e+06, 5.43093e+06, 0
4.15179e+06, 6.14613e+06, 0
5.93646e+06, 3.98108e+06, 0
9.99295e+06, 1.24427e+06, 0
6.79365e+06, 7.3626e+06, 0
879489, 5.27218e+06, 0
2.01605e+06, 5.52222e+06, 0
7.17306e+06, 6.64216e+06, 0
3.05503e+06, 1.87417e+06, 0
8.35837e+06, 2.94908e+06, 0
7.30338e+06, 3.50279e+06, 0
3.26204e+06, 3.69073e+06, 0
2.83104e+06, 6.21133e+06, 0
5.98706e+06, 2.96705e+06, 0
1.49691e+06, 3.3464e+06, 0
4.02841e+06, 1.05406e+06, 0
1.35349e+06, 1.60473e+06, 0
4.93431e+06, 1.21703e+07, 0
3.80467e+06, 1.80665e+06, 0
5.68187e+06, 6.11679e+06, 0
9.18389e+06, 7.29261e+06, 0
2.58024e+06, 7.01699e+06, 0
2.4964e+06, 9.56396e+06, 0
4.29182e+06, 6.51533e+06, 0
6.24873e+06, 3.07447e+06, 0
2.84577e+06, 4.37018e+06, 0
5.14264e+06, 4.74203e+06, 0
2.55106e+06, 1.61377e+06, 0
6.56816e+06, 8.80874e+06, 0
3.57761e+06, 4.72068e+06, 0
1.48093e+06, 3.07878e+06, 0
1.04805e+07, 8.87337e+06, 0
5.81353e+06, 3.93136e+06, 0
3.8109e+06, 2.1678e+06, 0
4.2314e+06, 2.30611e+06, 0
9.33453e+06, 8.28507e+06, 0
4.86895e+06, 3.83747e+06, 0
5.62943e+06, 2.60197e+06, 0
3.87162e+06, 1.20308e+07, 0
7.94238e+06, 3.295e+06, 0
3.25333e+06, 2.30578e+06, 0
2.69387e+06, 6.35377e+06, 0
2.05273e+06, 7.76269e+06, 0
2.03092e+06, 2.66095e+06, 0
3.79074e+06, 4.5435e+06, 0
2.65255e+06, 2.24497e+06, 0
3.04205e+06, 5.61107e+06, 0
6.36253e+06, 3.24869e+06, 0
3.02269e+06, 7.65298e+06, 0
8.39241e+06, 6.72956e+06, 0
1.02127e+07, 7.81468e+06, 0
1.64735e+06, 5.03032e+06, 0
8.69427e+06, 2.11812e+06, 0
5.44755e+06, 3.21201e+06, 0
2.81841e+06, 8.87684e+06, 0
1.01752e+07, 5.98425e+06, 0
4.3982e+06, 3.68152e+06, 0
9.40062e+06, 5.96101e+06, 0
4.94255e+06, 1.3335e+06, 0
3.48507e+06, 3.44847e+06, 0
7.17667e+06, 7.84733e+06, 0
5.70942e+06, 7.91946e+06, 0
7.97705e+06, 7.22207e+06, 0
2.4794e+06, 4.97221e+06, 0
4.45943e+06, 9.14806e+06, 0
2.71416e+06, 4.03742e+06, 0
3.18426e+06, 1.34e+07, 0
9.92517e+06, 4.83442e+06, 0
1.09046e+07, 6.74841e+06, 0
1.78353e+06, 4.91386e+06, 0
3.38394e+06, 5.94414e+06, 0
5.09224e+06, 3.40381e+06, 0
3.37927e+06, 3.40423e+06, 0
5.40559e+06, 3.84459e+06, 0
6.2502e+06, 7.68059e+06, 0
6.84572e+06, 8.64329e+06, 0
2.65923e+06, 2.55148e+06, 0
6.78005e+06, 6.64714e+06, 0
4.59804e+06, 3.36704e+06, 0
6.55846e+06, 7.21707e+06, 0
5.88744e+06, 1.7632e+06, 0
3.46929e+06, 6.71939e+06, 0
5.27061e+06, 1.16057e+06, 0
4.10658e+06, 4.70307e+06, 0
5.18966e+06, 5.31112e+06, 0
7.71261e+06, 9.87445e+06, 0
1.14102e+07, 2.79376e+06, 0
5.31329e+06, 5.73126e+06, 0
1.31056e+06, 1.01755e+07, 0
1.16415e+06, 1.0246e+07, 0
2.7353e+06, 4.40337e+06, 0
5.19572e+06, 3.03324e+06, 0
6.63459e+06, 1.35142e+06, 0
2.32783e+06, 3.48986e+06, 0
6.25581e+06, 1.0372e+07, 0
4.02894e+06, 5.4586e+06, 0
5.57568e+06, 3.25717e+06, 0
2.25929e+06, 7.11769e+06, 0
4.31705e+06, 9.4891e+06, 0
6.65128e+06, 7.91514e+06, 0
2.79284e+06, 2.24566e+06, 0
5.10285e+06, 2.34089e+06, 0
2.73981e+06, 5.9536e+06, 0
1.09228e+07, 5.95696e+06, 0
7.65739e+06, 3.70497e+06, 0
1.07728e+07, 2.94428e+06, 0
4.89743e+06, 751019, 0
6.81691e+06, 9.57663e+06, 0
2.58038e+06, 4.00707e+06, 0
5.24349e+06, 3.67624e+06, 0
1.05951e+07, 6.30405e+06, 0
3.79074e+06, 4.5435e+06, 0
1.04364e+07, 4.96213e+06, 0
4.46514e+06, 3.35963e+06, 0
7.0459e+06, 2.75413e+06, 0
6.21686e+06, 6.40295e+06, 0
6.13889e+06, 3.09581e+06, 0
2.51833e+06, 7.12535e+06, 0
4.41005e+06, 5.85566e+06, 0
1.64681e+06, 4.25374e+06, 0
3.07828e+06, 2.26204e+06, 0
3.35365e+06, 1.33683e+06, 0
1.654e+06, 2.90206e+06, 0
2.00462e+06, 1.13268e+07, 0
5.15256e+06, 5.86528e+06, 0
5.19979e+06, 8.40733e+06, 0
2.11033e+06, 3.09111e+06, 0
2.04684e+06, 543771, 0
9.86574e+06, 2.92071e+06, 0
883305, 9.1478e+06, 0
4.77586e+06, 2.88134e+06, 0
4.7457e+06, 4.47977e+06, 0
5.39071e+06, 5.52414e+06, 0
6.04074e+06, 3.14336e+06, 0
3.00906e+06, 4.50709e+06, 0
2.37604e+06, 2.36121e+06, 0
3.71614e+06, 7.84731e+06, 0
6.8715e+06, 2.84222e+06, 0
3.72078e+06, 6.57312e+06, 0
3.03695e+06, 8.18913e+06, 0
4.45129e+06, 6.50726e+06, 0
7.8707e+06, 4.84815e+06, 0
3.22532e+06, 7.98675e+06, 0
2.30288e+06, 2.12609e+06, 0
6.7553e+06, 1.5158e+06, 0
5.28885e+06, 2.99849e+06, 0
1.55363e+06, 6.46876e+06, 0
61317.8, 4.32784e+06, 0
3.2664e+06, 2.59352e+06, 0
1.18922e+07, 6.3492e+06, 0
6.0575e+06, 5.75058e+06, 0
8.51836e+06, 3.29046e+06, 0
1.65913e+06, 4.70817e+06, 0
6.13641e+06, 6.26243e+06, 0
5.13159e+06, 1.04471e+07, 0
5.15597e+06, 4.39744e+06, 0
1.02257e+07, 9.6573e+06, 0
2.82851e+06, 8.84842e+06, 0
2.00126e+06, 1.43224e+06, 0
5.07687e+06, 6.12608e+06, 0
3.12934e+06, 8.32274e+06, 0
5.82734e+06, 6.46437e+06, 0
1.07619e+07, 4.62467e+06, 0
3.77995e+06, 3.82418e+06, 0
5.35497e+06, 5.87282e+06, 0
1.77724e+06, 5.33454e+06, 0
9.19556e+06, 5.54733e+06, 0
3.0131e+06, 8.46664e+06, 0
9.97396e+06, 4.03077e+06, 0
5.13181e+06, 5.1933e+06, 0
3.1968e+06, 9.15581e+06, 0
4.60663e+06, 7.17826e+06, 0
2.38794e+06, 1.43449e+06, 0
1.61166e+06, 9.83071e+06, 0
1.41033e+06, 7.55203e+06, 0
5.23329e+06, 5.21551e+06, 0
3.79654e+06, 720058, 0
1.12698e+07, 4.23248e+06, 0
7.86867e+06, 1.63361e+06, 0
3.33452e+06, 4.40324e+06, 0
2.47159e+06, 8.80655e+06, 0
3.68415e+06, 3.73904e+06, 0
6.15832e+06, 6.92023e+06, 0
4.63714e+06, 1.11048e+06, 0
3.24467e+06, 3.28123e+06, 0
4.83564e+06, 2.05412e+06, 0
3.50903e+06, 545132, 0
7.13359e+06, 1.0093e+07, 0
1.21711e+07, 3.6303e+06, 0
8.71661e+06, 2.5789e+06, 0
9.88128e+06, 1.35117e+06, 0
4.91826e+06, 4.36055e+06, 0
8.5471e+06, 4.23006e+06, 0
7.90555e+06, 3.38303e+06, 0
5.07599e+06, 5.21715e+06, 0
1.09166e+06, 4.36506e+06, 0
6.99112e+06, 559611, 0
6.44308e+06, 5.77542e+06, 0
2.10871e+06, 2.66007e+06, 0
5.63614e+06, 1.89438e+06, 0
7.45639e+06, 7.48955e+06, 0
4.6621e+06, 3.88007e+06, 0
3.3096e+06, 5.37432e+06, 0
2.57369e+06, 1.25687e+07, 0
431708, 6.15225e+06, 0
4.56649e+06, 2.90566e+06, 0
6.80474e+06, 1.02264e+07, 0
6.7694e+06, 8.45302e+06, 0
4.63989e+06, 8.47419e+06, 0
4.03355e+06, 5.07155e+06, 0
4.27574e+06, 5.91405e+06, 0
5.38204e+06, 7.76875e+06, 0
6.87003e+06, 6.05982e+06, 0
2.90286e+06, 1.93277e+06, 0
5.49356e+06, 4.48667e+06, 0
2.43375e+06, 3.43286e+06, 0
2.33087e+06, 6.67146e+06, 0
4.15773e+06, 6.45335e+06, 0
6.56308e+06, 9.34286e+06, 0
6.12954e+06, 5.24843e+06, 0
2.2431e+06, 8.18107e+06, 0
3.73706e+06, 5.13599e+06, 0
1.26975e+07, 5.93569e+06, 0
8.45801e+06, 8.04903e+06, 0
3.05883e+06, 1.6522e+06, 0
4.81826e+06, 5.82198e+06, 0
397072, 1.17305e+07, 0
4.59316e+06, 3.24413e+06, 0
6.57456e+06, 4.34515e+06, 0
5.07307e+06, 6.22524e+06, 0
1.08068e+07, 6.57878e+06, 0
5.67869e+06, 4.46066e+06, 0
3.75071e+06, 7.23103e+06, 0
6.27508e+06, 8.56974e+06, 0
7.5968e+06, 2.33159e+06, 0
1.52193e+06, 3.19306e+06, 0
5.36522e+06, 4.43731e+06, 0
6.09654e+06, 3.14372e+06, 0
4.16454e+06, 2.88627e+06, 0
4.65046e+06, 5.63439e+06, 0
1.2041e+07, 1.14939e+06, 0
4.94231e+06, 1.7957e+06, 0
4.46647e+06, 2.05853e+06, 0
4.75039e+06, 6.41724e+06, 0
7.6403e+06, 5.0403e+06, 0
8.42061e+06, 1.08886e+07, 0
1.73841e+06, 2.80588e+06, 0
1.02424e+07, 3.6901e+06, 0
3.6357e+06, 6.3127e+06, 0
6.25692e+06, 800019, 0
7.08419e+06, 5.10699e+06, 0
6.81362e+06, 1.81059e+06, 0
3.59664e+06, 6.04853e+06, 0
5.79586e+06, 2.02589e+06, 0
2.88374e+06, 9.77278e+06, 0
3.34231e+06, 8.35293e+06, 0
5.3633e+06, 1.28044e+06, 0
4.90364e+06, 1.64323e+06, 0
4.5916e+06, 7.15384e+06, 0
749527, 1.31821e+06, 0
1.90332e+06, 5.74893e+06, 0
4.23005e+06, 4.46868e+06, 0
6.1554e+06, 8.093e+06, 0
2.04449e+06, 5.35503e+06, 0
7.08422e+06, 1.19732e+07, 0
1.28336e+06, 6.71975e+06, 0
900135, 9.91303e+06, 0
1.03454e+07, 5.05333e+06, 0
3.79035e+06, 1.80829e+06, 0
2.20419e+06, 4.40638e+06, 0
7.51973e+06, 4.72484e+06, 0
3.30175e+06, 1.14689e+07, 0
6.4026e+06, 5.57106e+06, 0
4.23735e+06, 1.32022e+06, 0
3.38704e+06, 6.61142e+06, 0
4.39306e+06, 6.57476e+06, 0
1.18165e+06, 5.95622e+06, 0
4.89665e+06, 6.43945e+06, 0
1.93855e+06, 4.1076e+06, 0
5.50199e+06, 1.58015e+07, 0
1.50528e+06, 3.83932e+06, 0
8.22311e+06, 415176, 0
1.14343e+07, 1.92399e+06, 0
3.93906e+06, 5.7408e+06, 0
1.61592e+06, 3.75584e+06, 0
8.34958e+06, 1.38247e+07, 0
7.45455e+06, 4.11663e+06, 0
9.07281e+06, 6.48542e+06, 0
4.1221e+06, 2.13028e+06, 0
3.30813e+06, 1.28889e+07, 0
4.71681e+06, 5.03159e+06, 0
8.23118e+06, 2.80931e+06, 0
4.41027e+06, 3.60714e+06, 0
678400, 8.98511e+06, 0
9.76059e+06, 5.2893e+06, 0
3.16032e+06, 5.11339e+06, 0
1.54845e+06, 5.45134e+06, 0
5.35307e+06, 4.82519e+06, 0
8.21146e+06, 5.01181e+06, 0
6.02947e+06, 4.40295e+06, 0
8.08036e+06, 6.19902e+06, 0
5.0131e+06, 1.7322e+06, 0
6.08578e+06, 1.08437e+06, 0
7.72469e+06, 1.58555e+06, 0
8.55788e+06, 3.66813e+06, 0
796548, 2.97486e+06, 0
6.0742e+06, 1.31014e+06, 0
3.78037e+06, 4.64643e+06, 0
6.22227e+06, 5.52738e+06, 0
1.36392e+06, 6.06404e+06, 0
2.68436e+06, 9.22688e+06, 0
3.60897e+06, 7.854e+06, 0
1.06106e+07, 7.50544e+06, 0
1.03122e+07, 2.5592e+06, 0
5.66741e+06, 572093, 0
9.46939e+06, 2.96072e+06, 0
4.29503e+06, 6.09378e+06, 0
4.34172e+06, 6.7459e+06, 0
1.19673e+06, 1.12789e+07, 0
5.41344e+06, 3.02889e+06, 0
4.63772e+06, 1.26083e+06, 0
2.66387e+06, 4.44784e+06, 0
6.72965e+06, 8.50511e+06, 0
4.30293e+06, 7.17571e+06, 0
2.93374e+06, 7.85237e+06, 0
2.75036e+06, 7.91905e+06, 0
7.7709e+06, 2.04938e+06, 0
3.55822e+06, 1.98525e+06, 0
2.70726e+06, 6.26418e+06, 0
9.33292e+06, 5.54234e+06, 0
6.75827e+06, 6.47672e+06, 0
4.36343e+06, 4.99982e+06, 0
1.47232e+06, 1.98279e+06, 0
6.93361e+06, 4.71428e+06, 0
1.35847e+07, 5.73731e+06, 0
3.1542e+06, 2.81595e+06, 0
6.42604e+06, 5.2948e+06, 0
5.01749e+06, 4.35594e+06, 0
2.92358e+06, 1.23166e+06, 0
4.21403e+06, 9.64339e+06, 0
8.03454e+06, 4.7703e+06, 0
1.23051e+07, 3.71226e+06, 0
4.84542e+06, 5.34063e+06, 0
4.1656e+06, 6.49334e+06, 0
9.3892e+06, 5.06219e+06, 0
6.07059e+06, 4.94381e+06, 0
6.91944e+06, 8.70176e+06, 0
1.59461e+06, 3.29082e+06, 0
1.21006e+07, 4.72598e+06, 0
7.57703e+06, 4.57303e+06, 0
5.29081e+06, 6.77395e+06, 0
3.64169e+06, 1.09759e+07, 0
7.09659e+06, 4.84561e+06, 0
3.84234e+06, 4.96613e+06, 0
6.55084e+06, 3.5005e+06, 0
4.28572e+06, 5.13272e+06, 0
1.21353e+06, 4.25703e+06, 0
6.65309e+06, 1.0775e+06, 0
6.17713e+06, 6.6433e+06, 0
5.80528e+06, 4.21648e+06, 0
7.07132e+06, 2.49685e+06, 0
7.87431e+06, 8.26552e+06, 0
5.29432e+06, 1.07267e+07, 0
3.26774e+06, 901918, 0
1.32467e+06, 7.08729e+06, 0
6.80009e+06, 5.30506e+06, 0
6.22567e+06, 7.45915e+06, 0
3.9413e+06, 2.83691e+06, 0
1.18356e+07, 4.84123e+06, 0
6.96923e+06, 6.12244e+06, 0
3.85992e+06, 4.13316e+06, 0
3.05631e+06, 5.98047e+06, 0
1.41449e+06, 6.58657e+06, 0
1.59883e+06, 7.2946e+06, 0
4.15139e+06, 4.91535e+06, 0
8.85241e+06, 5.86395e+06, 0
5.8119e+06, 6.52943e+06, 0
1.02628e+06, 1.59256e+06, 0
1.21602e+06, 4.5435e+06, 0
8.99914e+06, 3.67205e+06, 0
793094, 7.44317e+06, 0
797428, 7.22835e+06, 0
2.3421e+06, 5.43016e+06, 0
4.3512e+06, 2.94706e+06, 0
1.76283e+06, 1.10844e+07, 0
9.87953e+06, 8.16691e+06, 0
3.5727e+06, 5.17743e+06, 0
5.39171e+06, 4.26152e+06, 0
1.13623e+07, 7.7562e+06, 0
9.81379e+06, 2.00448e+06, 0
5.09151e+06, 5.26186e+06, 0
3.08811e+06, 2.15673e+06, 0
1.38812e+06, 3.68281e+06, 0
2.44669e+06, 2.91242e+06, 0
7.18668e+06, 9.47209e+06, 0
6.49747e+06, 1.19326e+07, 0
3.15734e+06, 2.64824e+06, 0
9.64265e+06, 1.56858e+06, 0
7.22738e+06, 1.04031e+07, 0
4.52012e+06, 2.59871e+06, 0
1.30411e+06, 1.3288e+06, 0
3.89354e+06, 6.59126e+06, 0
9.06427e+06, 2.16066e+06, 0
4.60213e+06, 3.61226e+06, 0
8.18681e+06, 9.71254e+06, 0
5.61723e+06, 8.21826e+06, 0
4.16458e+06, 7.90142e+06, 0
2.30224e+06, 8.06325e+06, 0
1.9885e+06, 9.14981e+06, 0
8.43211e+06, 8.93681e+06, 0
1.23864e+06, 4.62864e+06, 0
1.01574e+07, 5.37454e+06, 0
2.33925e+06, 8.50899e+06, 0
5.99457e+06, 1.8545e+06, 0
7.63804e+06, 6.30461e+06, 0
2.02164e+06, 3.43875e+06, 0
1.01126e+07, 1.02884e+07, 0
6.33457e+06, 3.37663e+06, 0
5.29252e+06, 3.2624e+06, 0
5.80026e+06, 2.27455e+06, 0
3.12821e+06, 1.89775e+06, 0
5.43293e+06, 5.96539e+06, 0
1.13175e+06, 3.59191e+06, 0
6.04527e+06, 4.61367e+06, 0
6.08797e+06, 511929, 0
6.32874e+06, 3.21331e+06, 0
2.16557e+06, 3.28367e+06, 0
6.59887e+06, 1.18754e+06, 0
4.06767e+06, 1.1242e+06, 0
6.35682e+06, 8.24283e+06, 0
1.36754e+07, 7.3188e+06, 0
3.61326e+06, 1.44531e+06, 0
2.05765e+06, 3.36266e+06, 0
8.80447e+06, 6.61163e+06, 0
4.14914e+06, 3.30506e+06, 0
1.24895e+07, 4.95228e+06, 0
3.53479e+06, 3.59354e+06, 0
5.75955e+06, 1.01186e+07, 0
2.26255e+06, 2.83143e+06, 0
1.0638e+07, 915077, 0
4.91615e+06, 3.35089e+06, 0
1.12513e+07, 4.75368e+06, 0
1.29966e+06, 3.8854e+06, 0
9.13923e+06, 9.16315e+06, 0
2.89889e+06, 2.54722e+06, 0
5.84183e+06, 3.73128e+06, 0
7.24775e+06, 8.70886e+06, 0
4.62867e+06, 616915, 0
3.01564e+06, 9.12434e+06, 0
3.11472e+06, 1.26395e+06, 0
6.04115e+06, 5.95383e+06, 0
9.01893e+06, 6.9377e+06, 0
3.21144e+06, 3.35355e+06, 0
5.74891e+06, 4.22039e+06, 0
3.11081e+06, 4.1153e+06, 0
4.14879e+06, 3.05255e+06, 0
4.06269e+06, 5.26507e+06, 0
7.68318e+06, 2.27221e+06, 0
2.22511e+06, 6.81426e+06, 0
4.33264e+06, 2.25736e+06, 0
8.91982e+06, 2.10631e+06, 0
4.14027e+06, 7.80765e+06, 0
2.81521e+06, 1.78204e+06, 0
1.02392e+07, 7.3844e+06, 0
7.05329e+06, 6.24827e+06, 0
7.77482e+06, 3.76684e+06, 0
4.72577e+06, 6.00797e+06, 0
1.93263e+06, 704940, 0
1.24729e+07, 1.3513e+06, 0
1.0827e+07, 6.73589e+06, 0
8.6703e+06, 4.41997e+06, 0
6.59995e+06, 6.44559e+06, 0
6.11515e+06, 1.09685e+06, 0
1.34826e+06, 4.4051e+06, 0
7.21075e+06, 1.07692e+07, 0
5.89926e+06, 6.92886e+06, 0
4.02024e+06, 4.77852e+06, 0
1.74043e+06, 1.50775e+06, 0
2.63294e+06, 7.15551e+06, 0
3.21625e+06, 9.83457e+06, 0
7.37637e+06, 4.5424e+06, 0
1.18166e+07, 3.56268e+06, 0
2.88233e+06, 3.62515e+06, 0
7.74831e+06, 6.95781e+06, 0
1.98558e+06, 6.68457e+06, 0
5.28527e+06, 3.2453e+06, 0
5.33636e+06, 6.45984e+06, 0
3.37941e+06, 5.07743e+06, 0
8.79302e+06, 7.04791e+06, 0
1.00013e+07, 4.28589e+06, 0
3.04875e+06, 1.08413e+07, 0
2.37654e+06, 4.8465e+06, 0
2.4497e+06, 8.59555e+06, 0
6.05079e+06, 4.87958e+06, 0
3.82433e+06, 7.41402e+06, 0
4.37507e+06, 6.59439e+06, 0
4.48336e+06, 4.06662e+06, 0
2.64241e+06, 464295, 0
3.749e+06, 8.41051e+06, 0
7.62881e+06, 6.5104e+06, 0
7.66515e+06, 2.24296e+06, 0
3.84747e+06, 2.33629e+06, 0
1.99713e+06, 5.67468e+06, 0
1.69033e+06, 1.87015e+06, 0
6.48253e+06, 4.37634e+06, 0
3.153e+06, 2.98511e+06, 0
1.07211e+07, 6.62586e+06, 0
361504, 1.76714e+06, 0
8.68316e+06, 8.9921e+06, 0
2.4581e+06, 1.12015e+07, 0
9.82533e+06, 3.73096e+06, 0
3.47221e+06, 6.81004e+06, 0
4.51307e+06, 5.22981e+06, 0
4.47047e+06, 6.66594e+06, 0
3.92573e+06, 1.11166e+06, 0
5.47869e+06, 4.67114e+06, 0
1.24187e+07, 5.70119e+06, 0
5.34411e+06, 4.16283e+06, 0
6.9494e+06, 6.77994e+06, 0
9.08937e+06, 6.77801e+06, 0
5.45547e+06, 3.98269e+06, 0
2.35074e+06, 5.52161e+06, 0
5.67737e+06, 4.59043e+06, 0
2.90498e+06, 1.95933e+06, 0
4.98796e+06, 2.56578e+06, 0
4.38719e+06, 7.58123e+06, 0
5.62184e+06, 5.12236e+06, 0
1.00363e+07, 869747, 0
6.58892e+06, 426345, 0
3.02335e+06, 6.03148e+06, 0
6.08461e+06, 2.89661e+06, 0
2.9123e+06, 7.22028e+06, 0
7.30765e+06, 3.71557e+06, 0
4.51148e+06, 7.25693e+06, 0
4.39466e+06, 8.86175e+06, 0
5.62529e+06, 7.92202e+06, 0
7.59784e+06, 7.16674e+06, 0
3.11995e+06, 7.4619e+06, 0
2.85503e+06, 4.40498e+06, 0
5.91146e+06, 1.06968e+07, 0
6.59337e+06, 1.3628e+07, 0
6.29452e+06, 4.52652e+06, 0
5.60662e+06, 6.65016e+06, 0
9.76859e+06, 3.11383e+06, 0
1.62715e+06, 4.49097e+06, 0
4.12994e+06, 9.43467e+06, 0
7.60883e+06, 7.8183e+06, 0
3.01525e+06, 7.64643e+06, 0
1.22384e+07, 2.71942e+06, 0
5.42163e+06, 4.69687e+06, 0
3.67906e+06, 3.89604e+06, 0
921214, 2.91292e+06, 0
6.03894e+06, 1.48025e+06, 0
3.40548e+06, 8.65565e+06, 0
4.63566e+06, 1.8226e+06, 0
4.24328e+06, 7.08595e+06, 0
2.81917e+06, 323554, 0
3.86499e+06, 8.06208e+06, 0
7.51771e+06, 2.17952e+06, 0
2.98855e+06, 3.63351e+06, 0
8.9023e+06, 4.44743e+06, 0
7.19515e+06, 8.23371e+06, 0
7.64804e+06, 6.35146e+06, 0
3.04277e+06, 2.91221e+06, 0
1.32504e+06, 2.85168e+06, 0
5.05709e+06, 2.53758e+06, 0
9.49803e+06, 2.79873e+06, 0
2.85524e+06, 7.57963e+06, 0
5.51545e+06, 2.899e+06, 0
5.30564e+06, 5.70549e+06, 0
4.83958e+06, 4.15874e+06, 0
8.61496e+06, 9.52868e+06, 0
9.15944e+06, 5.76292e+06, 0
1.87535e+06, 6.35623e+06, 0
4.61994e+06, 7.77218e+06, 0
4.10104e+06, 6.33266e+06, 0
2.31176e+06, 4.49601e+06, 0
3.68577e+06, 1.76948e+06, 0
5.7589e+06, 6.62701e+06, 0
6.42827e+06, 4.53873e+06, 0
6.04034e+06, 4.11265e+06, 0
1.22116e+06, 4.61715e+06, 0
2.74288e+06, 1.73114e+06, 0
1.63228e+06, 3.60829e+06, 0
5.00442e+06, 4.32849e+06, 0
4.20243e+06, 7.35773e+06, 0
4.25618e+06, 3.82686e+06, 0
5.40716e+06, 6.31446e+06, 0
4.66591e+06, 685983, 0
1.03381e+06, 8.68042e+06, 0
3.8311e+06, 7.00007e+06, 0
5.79008e+06, 5.05831e+06, 0
2.04107e+06, 8.88113e+06, 0
8.50938e+06, 3.76769e+06, 0
4.75968e+06, 5.76482e+06, 0
1.78824e+06, 6.56358e+06, 0
6.00431e+06, 3.89117e+06, 0
8.13928e+06, 7.78755e+06, 0
3.04627e+06, 7.58572e+06, 0
1.51543e+06, 9.50936e+06, 0
2.59697e+06, 2.36531e+06, 0
5.49258e+06, 6.89628e+06, 0
3.58164e+06, 6.10386e+06, 0
8.46439e+06, 2.14955e+06, 0
1.46021e+07, 1.42121e+06, 0
6.21134e+06, 3.38841e+06, 0
1.7658e+06, 6.33697e+06, 0
7.02357e+06, 3.7484e+06, 0
1.95147e+06, 5.61939e+06, 0
7.1977e+06, 6.46717e+06, 0
5.2179e+06, 1.63469e+06, 0
5.88451e+06, 3.20791e+06, 0
1.22108e+07, 5.22407e+06, 0
1.00552e+06, 6.14623e+06, 0
1.42328e+06, 2.09035e+06, 0
6.82963e+06, 2.74796e+06, 0
7.87385e+06, 5.6485e+06, 0
1.04069e+06, 8.43032e+06, 0
3.32811e+06, 5.25249e+06, 0
6.90584e+06, 8.99001e+06, 0
1.72443e+06, 2.3478e+06, 0
3.63781e+06, 6.49072e+06, 0
1.2226e+06, 1.02551e+07, 0
2.00477e+06, 5.19187e+06, 0
1.15484e+06, 3.11776e+06, 0
2.85556e+06, 8.49287e+06, 0
6.77004e+06, 3.15334e+06, 0
7.52154e+06, 6.25426e+06, 0
6.45742e+06, 1.0255e+07, 0
4.79695e+06, 7.01632e+06, 0
8.0577e+06, 6.35414e+06, 0
5.91062e+06, 8.74112e+06, 0
4.07462e+06, 4.4995e+06, 0
5.78352e+06, 3.72461e+06, 0
2.4007e+06, 5.84441e+06, 0
4.8159e+06, 2.36187e+06, 0
3.96488e+06, 1.12982e+07, 0
4.9648e+06, 5.25464e+06, 0
5.47456e+06, 5.40562e+06, 0
3.74006e+06, 6.2591e+06, 0
6.49523e+06, 4.95732e+06, 0
4.79251e+06, 5.18351e+06, 0
2.76671e+06, 5.99911e+06, 0
5.81765e+06, 6.19422e+06, 0
3.97679e+06, 254822, 0
3.87447e+06, 4.59542e+06, 0
2.4105e+06, 9.78433e+06, 0
4.97286e+06, 2.78862e+06, 0
2.50131e+06, 2.65745e+06, 0
8.14568e+06, 2.73079e+06, 0
1.80359e+06, 6.22149e+06, 0
9.86353e+06, 3.2929e+06, 0
3.64024e+06, 9.28336e+06, 0
7.02277e+06, 1.1416e+06, 0
4.44892e+06, 6.76681e+06, 0
3.47968e+06, 1.78713e+06, 0
2.82348e+06, 8.62822e+06, 0
9.81882e+06, 5.73741e+06, 0
3.41037e+06, 1.57538e+07, 0
4.13707e+06, 5.14276e+06, 0
3.18266e+06, 5.34009e+06, 0
2.5752e+06, 5.50886e+06, 0
5.00319e+06, 7.23669e+06, 0
1.50339e+06, 7.56303e+06, 0
1.1697e+07, 1.1502e+07, 0
7.84481e+06, 7.44966e+06, 0
4.01908e+06, 4.78952e+06, 0
2.66758e+06, 7.50272e+06, 0
2.37274e+06, 4.60055e+06, 0
2.86607e+06, 2.00538e+06, 0
3.62833e+06, 7.39191e+06, 0
1.83996e+06, 4.20855e+06, 0
1.91294e+06, 4.76831e+06, 0
6.10531e+06, 8.90748e+06, 0
5.22562e+06, 7.35684e+06, 0
2.15263e+06, 5.27551e+06, 0
5.547e+06, 4.71852e+06, 0
6.86217e+06, 3.20391e+06, 0
1.08275e+07, 8.95933e+06, 0
5.74374e+06, 4.8808e+06, 0
699325, 3.55438e+06, 0
2.897e+06, 5.22405e+06, 0
5.19092e+06, 4.02087e+06, 0
4.25576e+06, 7.45091e+06, 0
5.23247e+06, 4.42516e+06, 0
1.03637e+07, 4.09414e+06, 0
6.20486e+06, 1.12702e+06, 0
5.56985e+06, 7.78054e+06, 0
5.39019e+06, 1.70382e+06, 0
1.06643e+07, 1.26512e+06, 0
2.40563e+06, 2.86838e+06, 0
5.38215e+06, 1.82054e+06, 0
7.7028e+06, 2.52257e+06, 0
4.42133e+06, 4.73429e+06, 0
1.05964e+07, 2.46694e+06, 0
3.80772e+06, 3.49424e+06, 0
1.09419e+07, 5.73988e+06, 0
5.42144e+06, 6.11943e+06, 0
6.00634e+06, 4.67338e+06, 0
9.07898e+06, 7.17993e+06, 0
4.01208e+06, 5.37481e+06, 0
8.5615e+06, 7.12055e+06, 0
5.39046e+06, 2.24435e+06, 0
3.42006e+06, 4.62623e+06, 0
2.58841e+06, 4.45285e+06, 0
7.98555e+06, 5.90135e+06, 0
8.15743e+06, 1.00836e+07, 0
2.63899e+06, 3.10379e+06, 0
6.07117e+06, 8.42573e+06, 0
8.36615e+06, 6.7812e+06, 0
6.58882e+06, 8.04954e+06, 0
6.87109e+06, 2.27391e+06, 0
6.94496e+06, 5.42351e+06, 0
1.17579e+07, 9.11599e+06, 0
7.57998e+06, 4.80747e+06, 0
1.3497e+07, 1.39123e+06, 0
3.78357e+06, 2.66866e+06, 0
8.29285e+06, 7.28207e+06, 0
5.00585e+06, 886803, 0
2.45044e+06, 9.62814e+06, 0
7.22799e+06, 1.08221e+06, 0
1.36573e+06, 3.52613e+06, 0
5.119e+06, 6.52911e+06, 0
4.73634e+06, 3.25235e+06, 0
3.05068e+06, 5.06379e+06, 0
1.1657e+07, 7.83903e+06, 0
5.64493e+06, 3.84331e+06, 0
5.22451e+06, 2.09798e+06, 0
6.57158e+06, 2.44058e+06, 0
4.98069e+06, 4.95567e+06, 0
4.2057e+06, 1.8899e+06, 0
3.75802e+06, 2.07018e+06, 0
3.88465e+06, 8.68075e+06, 0
3.79748e+06, 3.80588e+06, 0
3.30492e+06, 4.25118e+06, 0
2.68206e+06, 6.93067e+06, 0
2.49931e+06, 6.79208e+06, 0
3.72214e+06, 1.36862e+07, 0
2.76936e+06, 3.78987e+06, 0
2.46181e+06, 1.54594e+06, 0
9.86806e+06, 7.30163e+06, 0
4.95606e+06, 8.30021e+06, 0
3.51557e+06, 7.74808e+06, 0
2.61031e+06, 7.85429e+06, 0
5.91883e+06, 6.54409e+06, 0
4.05472e+06, 2.10011e+06, 0
4.57291e+06, 1.2197e+07, 0
8.52151e+06, 1.35032e+06, 0
2.51715e+06, 3.80791e+06, 0
3.6764e+06, 4.84225e+06, 0
6.20134e+06, 1.32426e+07, 0
7.36867e+06, 6.81003e+06, 0
5.30561e+06, 2.08088e+06, 0
5.07828e+06, 2.32999e+06, 0
8.73264e+06, 3.77822e+06, 0
3.21919e+06, 1.19488e+06, 0
4.85711e+06, 2.10486e+06, 0
219378, 2.24126e+06, 0
2.93233e+06, 9.35949e+06, 0
1.78769e+06, 9.20655e+06, 0
6.02899e+06, 715146, 0
8.55756e+06, 1.10079e+07, 0
4.91076e+06, 3.54535e+06, 0
5.26167e+06, 3.98005e+06, 0
3.5413e+06, 2.95217e+06, 0
2.89167e+06, 1.66124e+06, 0
5.76483e+06, 9.58861e+06, 0
6.6163e+06, 2.29821e+06, 0
5.37726e+06, 321592, 0
7.70969e+06, 6.86571e+06, 0
7.08514e+06, 7.58273e+06, 0
5.15082e+06, 3.83598e+06, 0
3.55027e+06, 4.77145e+06, 0
1.88955e+06, 1.37914e+07, 0
3.58856e+06, 9.58565e+06, 0
6.47034e+06, 5.79939e+06, 0
4.95733e+06, 2.86695e+06, 0
1.00689e+07, 7.16925e+06, 0
5.84183e+06, 3.73128e+06, 0
6.77738e+06, 1.51318e+06, 0
7.17841e+06, 1.68382e+06, 0
4.88078e+06, 2.60919e+06, 0
4.83191e+06, 3.80899e+06, 0
7.33445e+06, 6.21036e+06, 0
7.10784e+06, 4.95356e+06, 0
7.64735e+06, 6.45825e+06, 0
3.3062e+06, 3.92593e+06, 0
2.57491e+06, 3.91308e+06, 0
4.04601e+06, 1.02978e+07, 0
4.08443e+06, 1.69464e+06, 0
7.41045e+06, 6.99808e+06, 0
5.3181e+06, 1.8255e+06, 0
4.27482e+06, 5.33157e+06, 0
5.67759e+06, 3.30345e+06, 0
8.42112e+06, 8.27976e+06, 0
7.44797e+06, 8.73782e+06, 0
2.75045e+06, 4.4199e+06, 0
8.52081e+06, 2.58442e+06, 0
5.4266e+06, 6.98651e+06, 0
6.33854e+06, 5.65519e+06, 0
8.91418e+06, 9.22343e+06, 0
4.15535e+06, 4.71683e+06, 0
4.62936e+06, 8.26954e+06, 0
6.39713e+06, 1.1752e+07, 0
6.7357e+06, 2.54546e+06, 0
5.77797e+06, 6.94872e+06, 0
7.16557e+06, 3.24246e+06, 0
4.98766e+06, 5.7703e+06, 0
4.20315e+06, 7.79102e+06, 0
5.43168e+06, 949422, 0
882040, 1.98321e+06, 0
9.3875e+06, 2.66869e+06, 0
582663, 3.98881e+06, 0
1.50814e+06, 5.45467e+06, 0
4.53441e+06, 4.63325e+06, 0
4.60989e+06, 9.25863e+06, 0
3.49576e+06, 7.37379e+06, 0
2.75342e+06, 2.70825e+06, 0
4.07974e+06, 4.56664e+06, 0
5.80946e+06, 2.27099e+06, 0
6.33399e+06, 3.74894e+06, 0
3.59861e+06, 2.48789e+06, 0
5.08559e+06, 1.52405e+06, 0
4.37333e+06, 3.33085e+06, 0
538012, 3.72866e+06, 0
7.50671e+06, 3.56886e+06, 0
7.63423e+06, 1.0005e+07, 0
1.0788e+07, 1.1133e+06, 0
9.66872e+06, 5.86007e+06, 0
3.39827e+06, 2.59799e+06, 0
6.54349e+06, 3.08901e+06, 0
8.2903e+06, 7.44403e+06, 0
5.5795e+06, 6.40957e+06, 0
2.48247e+06, 4.92023e+06, 0
2.67668e+06, 2.90014e+06, 0
6.28347e+06, 2.78861e+06, 0
4.88028e+06, 6.92931e+06, 0
884237, 1.6208e+06, 0
7.76001e+06, 8.80217e+06, 0
4.25821e+06, 2.48615e+06, 0
1.00793e+07, 6.28357e+06, 0
7.21108e+06, 4.37739e+06, 0
5.02911e+06, 5.98557e+06, 0
1.35512e+07, 3.47967e+06, 0
4.04746e+06, 3.91109e+06, 0
4.46215e+06, 7.50544e+06, 0
5.13933e+06, 6.71647e+06, 0
9.29348e+06, 6.01125e+06, 0
2.84402e+06, 2.63751e+06, 0
6.85998e+06, 774286, 0
2.48326e+06, 9.15416e+06, 0
4.64397e+06, 5.7724e+06, 0
8.66588e+06, 7.92333e+06, 0
5.87487e+06, 2.93907e+06, 0
6.2557e+06, 3.7518e+06, 0
1.42008e+06, 4.65485e+06, 0
1.00182e+07, 5.21765e+06, 0
9.3856e+06, 9.0558e+06, 0
3.04998e+06, 1.32803e+06, 0
9.07672e+06, 3.00447e+06, 0
1.53545e+06, 5.82083e+06, 0
2.7997e+06, 987331, 0
7.79973e+06, 3.73663e+06, 0
1.36397e+06, 6.17981e+06, 0
5.03324e+06, 3.57943e+06, 0
4.36417e+06, 5.58868e+06, 0
1.38426e+06, 9.79973e+06, 0
962296, 5.89353e+06, 0
2.7153e+06, 7.124e+06, 0
2.18172e+06, 7.65254e+06, 0
2.0779e+06, 5.42432e+06, 0
2.59167e+06, 3.43169e+06, 0
2.09133e+06, 3.59371e+06, 0
3.32689e+06, 4.66671e+06, 0
2.39503e+06, 4.80669e+06, 0
1.07343e+07, 8.10532e+06, 0
4.1628e+06, 5.76879e+06, 0
5.72208e+06, 4.201e+06, 0
1.59068e+06, 5.90301e+06, 0
3.40942e+06, 8.17338e+06, 0
5.09993e+06, 588245, 0
2.1959e+06, 6.23668e+06, 0
5.10933e+06, 4.81207e+06, 0
587985, 1.17143e+07, 0
1.60151e+06, 4.24853e+06, 0
8.70512e+06, 6.4544e+06, 0
1.43621e+06, 9.16617e+06, 0
5.81073e+06, 4.32151e+06, 0
3.89471e+06, 8.88762e+06, 0
5.36022e+06, 5.64863e+06, 0
2.13202e+06, 5.75144e+06, 0
1.29125e+07, 9.30479e+06, 0
2.91566e+06, 1.14072e+07, 0
3.99135e+06, 4.16005e+06, 0
4.13334e+06, 9.71754e+06, 0
5.52676e+06, 6.94847e+06, 0
7.831e+06, 3.21063e+06, 0
2.46339e+06, 7.30422e+06, 0
7.02141e+06, 3.62857e+06, 0
9.57635e+06, 5.54535e+06, 0
2.16665e+06, 7.95699e+06, 0
4.72639e+06, 3.22737e+06, 0
9.69614e+06, 1.18121e+07, 0
8.69027e+06, 6.85306e+06, 0
1.54145e+06, 5.35976e+06, 0
5.883e+06, 4.79679e+06, 0
2.73759e+06, 3.41656e+06, 0
2.37025e+06, 1.30914e+07, 0
1.5237e+06, 1.16948e+07, 0
4.41203e+06, 2.45579e+06, 0
3.89796e+06, 3.61794e+06, 0
7.86867e+06, 6.62701e+06, 0
8.84691e+06, 5.82539e+06, 0
1.04301e+07, 5.93211e+06, 0
4.95312e+06, 4.22674e+06, 0
2.38476e+06, 654652, 0
6.64839e+06, 7.49881e+06, 0
4.65527e+06, 7.77062e+06, 0
1.1463e+06, 7.51857e+06, 0
3.93324e+06, 2.98877e+06, 0
3.61729e+06, 9.84021e+06, 0
3.94577e+06, 2.26704e+06, 0
7.46979e+06, 9.84827e+06, 0
2.98353e+06, 2.8213e+06, 0
5.71076e+06, 7.61519e+06, 0
5.30766e+06, 1.05981e+06, 0
6.14804e+06, 2.90585e+06, 0
3.35897e+06, 5.23945e+06, 0
3.73507e+06, 5.97222e+06, 0
3.05219e+06, 3.00261e+06, 0
4.83552e+06, 1.04427e+07, 0
9.34398e+06, 7.43539e+06, 0
4.63404e+06, 1.03134e+07, 0
6.07976e+06, 3.95851e+06, 0
2.66269e+06, 5.90829e+06, 0
1.74902e+06, 7.74e+06, 0
4.67306e+06, 3.07883e+06, 0
2.65483e+06, 5.79411e+06, 0
2.51835e+06, 7.84073e+06, 0
6.59523e+06, 3.79953e+06, 0
4.20103e+06, 2.91343e+06, 0
7.51732e+06, 5.70129e+06, 0
3.55686e+06, 2.25039e+06, 0
7.94792e+06, 8.83782e+06, 0
5.82184e+06, 2.07681e+06, 0
5.63345e+06, 4.7228e+06, 0
3.12662e+06, 2.93357e+06, 0
1.40787e+06, 7.00457e+06, 0
5.5725e+06, 1.10917e+07, 0
8.30206e+06, 7.92439e+06, 0
3.20851e+06, 8.76306e+06, 0
4.92642e+06, 4.08695e+06, 0
7.37095e+06, 1.11711e+07, 0
3.15195e+06, 6.86987e+06, 0
4.98115e+06, 5.71713e+06, 0
7.77564e+06, 6.08121e+06, 0
5.77959e+06, 7.91478e+06, 0
3.41411e+06, 2.50088e+06, 0
3.2752e+06, 3.6734e+06, 0
3.26525e+06, 6.08689e+06, 0
8.75799e+06, 3.20774e+06, 0
2.77827e+06, 1.04093e+07, 0
4.18586e+06, 3.9322e+06, 0
6.51453e+06, 9.98011e+06, 0
4.65869e+06, 1.10785e+07, 0
8.01097e+06, 1.39543e+06, 0
3.78751e+06, 1.68926e+06, 0
7.51299e+06, 5.93419e+06, 0
1.83282e+06, 6.90458e+06, 0
5.16387e+06, 8.36334e+06, 0
6.06887e+06, 7.39794e+06, 0
2.32043e+06, 3.29988e+06, 0
4.75562e+06, 2.34695e+06, 0
3.24113e+06, 672100, 0
5.68247e+06, 6.94471e+06, 0
3.13637e+06, 2.5044e+06, 0
1.60805e+06, 4.10153e+06, 0
6.61164e+06, 5.18294e+06, 0
9.8099e+06, 4.59243e+06, 0
5.08671e+06, 3.48942e+06, 0
9.55576e+06, 2.96135e+06, 0
2.65807e+06, 5.16166e+06, 0
3.02296e+06, 1.09276e+07, 0
5.09396e+06, 6.81581e+06, 0
4.02762e+06, 7.14128e+06, 0
8.14681e+06, 6.09902e+06, 0
5.46918e+06, 940625, 0
2.8355e+06, 3.52672e+06, 0
8.14425e+06, 3.97596e+06, 0
4.05748e+06, 4.29504e+06, 0
3.25209e+06, 4.8586e+06, 0
1.10277e+07, 8.48353e+06, 0
2.99599e+06, 5.28648e+06, 0
2.92078e+06, 2.61867e+06, 0
4.89769e+06, 3.08201e+06, 0
9.25396e+06, 3.09056e+06, 0
1.55274e+06, 1.58982e+06, 0
2.88451e+06, 2.67589e+06, 0
7.74588e+06, 6.73351e+06, 0
2.99302e+06, 8.28836e+06, 0
7.90905e+06, 1.402e+07, 0
3.36175e+06, 1.01456e+06, 0
5.35594e+06, 1.98143e+06, 0
8.54329e+06, 4.75244e+06, 0
3.42603e+06, 7.90995e+06, 0
9.56892e+06, 4.32132e+06, 0
9.3472e+06, 3.10263e+06, 0
3.8136e+06, 5.98047e+06, 0
2.84702e+06, 3.29498e+06, 0
2.43163e+06, 8.54967e+06, 0
1.60984e+06, 7.51403e+06, 0
8.16521e+06, 3.71384e+06, 0
4.20215e+06, 3.87309e+06, 0
6.79074e+06, 5.97045e+06, 0
2.96229e+06, 7.09189e+06, 0
7.75349e+06, 8.25576e+06, 0
4.4712e+06, 4.44916e+06, 0
8.85069e+06, 6.96323e+06, 0
1.78644e+06, 8.58956e+06, 0
8.74425e+06, 5.07149e+06, 0
5.33567e+06, 2.66734e+06, 0
3.69218e+06, 4.82055e+06, 0
3.02528e+06, 3.79231e+06, 0
1.32402e+06, 1.9709e+06, 0
2.54386e+06, 5.65638e+06, 0
1.448e+06, 7.91053e+06, 0
7.89912e+06, 2.99441e+06, 0
7.33951e+06, 1.68191e+06, 0
2.50222e+06, 968923, 0
5.39704e+06, 2.10121e+06, 0
7.69524e+06, 3.58375e+06, 0
6.89734e+06, 1.43343e+07, 0
4.5926e+06, 6.46993e+06, 0
4.53462e+06, 7.05638e+06, 0
1.65114e+06, 6.31104e+06, 0
4.06906e+06, 3.13521e+06, 0
989073, 3.6547e+06, 0
7.47051e+06, 5.76942e+06, 0
2.05531e+06, 9.41224e+06, 0
3.11195e+06, 7.90892e+06, 0
1.44939e+06, 9.73353e+06, 0
5.99226e+06, 5.9468e+06, 0
4.16705e+06, 1.06849e+06, 0
4.99734e+06, 5.95508e+06, 0
7.45554e+06, 5.9319e+06, 0
3.32871e+06, 7.99561e+06, 0
3.52612e+06, 4.65446e+06, 0
6.02137e+06, 6.95173e+06, 0
4.43864e+06, 3.7365e+06, 0
5.62861e+06, 3.8527e+06, 0
2.57997e+06, 9.29036e+06, 0
3.88785e+06, 8.76027e+06, 0
6.71134e+06, 2.57733e+06, 0
4.51976e+06, 7.1113e+06, 0
4.68979e+06, 3.98395e+06, 0
8.84229e+06, 1.25987e+07, 0
9.17043e+06, 86640.6, 0
9.57694e+06, 6.63994e+06, 0
7.22179e+06, 8.63868e+06, 0
5.22584e+06, 5.75788e+06, 0
2.44897e+06, 9.85508e+06, 0
1.3761e+07, 1.25259e+07, 0
597510, 3.26011e+06, 0
1.33422e+06, 5.08611e+06, 0
8.56402e+06, 1.03386e+07, 0
3.71823e+06, 5.54391e+06, 0
8.15365e+06, 1.95264e+06, 0
7.33033e+06, 6.32945e+06, 0
5.78952e+06, 2.35377e+06, 0
6.55937e+06, 6.45495e+06, 0
1.03404e+07, 3.75767e+06, 0
1.08788e+07, 7.2559e+06, 0
7.6035e+06, 2.86369e+06, 0
1.59138e+06, 1.46638e+07, 0
5.32553e+06, 7.28086e+06, 0
5.12772e+06, 2.94415e+06, 0
6.56688e+06, 1.03959e+06, 0
4.09974e+06, 1.07676e+07, 0
8.56552e+06, 2.67033e+06, 0
1.10241e+07, 9.6419e+06, 0
8.20153e+06, 1.62569e+06, 0
4.89082e+06, 6.91296e+06, 0
1.01026e+07, 3.61302e+06, 0
6.5276e+06, 8.47582e+06, 0
4.37624e+06, 6.72275e+06, 0
1.61679e+06, 7.21059e+06, 0
8.2063e+06, 9.16023e+06, 0
2.30098e+06, 1.04311e+06, 0
5.93864e+06, 6.31212e+06, 0
1.14305e+06, 5.76299e+06, 0
8.76613e+06, 6.36822e+06, 0
3.51741e+06, 1.4855e+07, 0
3.411e+06, 3.20226e+06, 0
7.06012e+06, 4.12976e+06, 0
4.87127e+06, 1.31279e+07, 0
6.44883e+06, 5.95465e+06, 0
5.63308e+06, 1.07435e+07, 0
3.08198e+06, 1.23011e+06, 0
3.62256e+06, 3.36112e+06, 0
2.33224e+06, 2.80099e+06, 0
6.11847e+06, 6.64628e+06, 0
6.55579e+06, 7.0475e+06, 0
3.00975e+06, 1.02351e+07, 0
3.85263e+06, 3.77636e+06, 0
9.28742e+06, 6.96107e+06, 0
1.28902e+06, 2.89748e+06, 0
6.23166e+06, 3.79511e+06, 0
6.1463e+06, 5.40707e+06, 0
1.67053e+06, 1.22487e+07, 0
5.608e+06, 4.79114e+06, 0
8.20947e+06, 9.00609e+06, 0
4.46215e+06, 1.13238e+07, 0
6.95086e+06, 5.76498e+06, 0
5.39134e+06, 4.71745e+06, 0
8.01117e+06, 3.1808e+06, 0
2.99158e+06, 1.45484e+06, 0
7.43417e+06, 5.53675e+06, 0
1.91526e+06, 7.98957e+06, 0
1.28683e+06, 5.36749e+06, 0
4.99887e+06, 3.45109e+06, 0
4.4238e+06, 2.93475e+06, 0
2.78029e+06, 5.37828e+06, 0
4.2477e+06, 2.51842e+06, 0
1.09643e+07, 1.04907e+07, 0
4.32267e+06, 2.83189e+06, 0
7.35791e+06, 9.70001e+06, 0
4.12471e+06, 5.50101e+06, 0
3.9288e+06, 5.84415e+06, 0
4.82465e+06, 4.73022e+06, 0
4.62207e+06, 5.59235e+06, 0
1.02519e+07, 1.30381e+06, 0
9.44347e+06, 6.1152e+06, 0
6.48894e+06, 8.69051e+06, 0
8.27838e+06, 6.92874e+06, 0
4.49852e+06, 2.63247e+06, 0
3.79784e+06, 4.69344e+06, 0
3.79139e+06, 3.18841e+06, 0
5.31316e+06, 2.60134e+06, 0
3.27816e+06, 6.37577e+06, 0
7.97882e+06, 4.34486e+06, 0
6.58811e+06, 4.02074e+06, 0
1.38615e+06, 4.9416e+06, 0
1.40822e+06, 3.94558e+06, 0
4.84218e+06, 6.22579e+06, 0
3.6821e+06, 7.50031e+06, 0
7.14551e+06, 5.72843e+06, 0
2.42775e+06, 7.73928e+06, 0
707011, 3.69191e+06, 0
9.32338e+06, 690305, 0
2.42403e+06, 4.94693e+06, 0
3.52628e+06, 928857, 0
2.62006e+06, 4.36504e+06, 0
9.00353e+06, 1.84066e+06, 0
4.89472e+06, 2.98654e+06, 0
3.29099e+06, 6.61629e+06, 0
9.84505e+06, 1.9633e+06, 0
6.92655e+06, 4.07563e+06, 0
9.91584e+06, 4.27821e+06, 0
3.14141e+06, 3.26027e+06, 0
4.1379e+06, 3.53883e+06, 0
6.18945e+06, 1.5462e+06, 0
1.09689e+07, 9.10725e+06, 0
6.29214e+06, 232596, 0
4.16352e+06, 4.68967e+06, 0
6.56449e+06, 2.56955e+06, 0
2.39206e+06, 8.29985e+06, 0
3.0303e+06, 5.38664e+06, 0
6.37957e+06, 7.51875e+06, 0
3.96611e+06, 2.60581e+06, 0
692924, 7.09676e+06, 0
8.48375e+06, 6.08844e+06, 0
8.9097e+06, 3.18313e+06, 0
8.42768e+06, 5.37253e+06, 0
2.7878e+06, 1.14258e+07, 0
7.11018e+06, 7.05541e+06, 0
5.72267e+06, 5.26061e+06, 0
3.19182e+06, 916129, 0
6.27791e+06, 3.62391e+06, 0
7.27053e+06, 6.92368e+06, 0
1.48916e+06, 2.23167e+06, 0
1.07848e+07, 5.43236e+06, 0
6.66714e+06, 2.9347e+06, 0
4.09696e+06, 6.72423e+06, 0
3.83863e+06, 2.53301e+06, 0
9.29631e+06, 3.047e+06, 0
1.25246e+07, 6.6474e+06, 0
7.05912e+06, 2.26329e+06, 0
1.16621e+06, 3.83006e+06, 0
2.17991e+06, 3.1738e+06, 0
4.08842e+06, 5.40159e+06, 0
1.52827e+06, 7.48694e+06, 0
2.50609e+06, 5.39294e+06, 0
2.05609e+06, 9.25242e+06, 0
1.74022e+06, 7.93464e+06, 0
3.53163e+06, 9.4005e+06, 0
3.16126e+06, 4.69962e+06, 0
6.04146e+06, 1.1571e+06, 0
7.32804e+06, 4.1663e+06, 0
2.24432e+06, 9.0425e+06, 0
3.73641e+06, 2.56885e+06, 0
4.82172e+06, 4.23557e+06, 0
8.61757e+06, 897898, 0
984704, 6.44472e+06, 0
7.69389e+06, 1.01675e+07, 0
8.32298e+06, 8.62562e+06, 0
3.13172e+06, 5.71809e+06, 0
6.5728e+06, 1.02421e+07, 0
5.60947e+06, 2.85144e+06, 0
5.02434e+06, 8.36228e+06, 0
1.20822e+06, 3.12828e+06, 0
3.24586e+06, 9.12289e+06, 0
2.66401e+06, 4.66174e+06, 0
7.26124e+06, 2.68272e+06, 0
5.34279e+06, 5.09127e+06, 0
5.20315e+06, 7.8326e+06, 0
7.52948e+06, 6.49625e+06, 0
3.3366e+06, 4.87599e+06, 0
1.57082e+06, 2.30881e+06, 0
5.3776e+06, 5.15838e+06, 0
4.3067e+06, 2.91834e+06, 0
7.75404e+06, 3.26182e+06, 0
1.27006e+06, 3.78087e+06, 0
3.80818e+06, 8.30965e+06, 0
5.72664e+06, 4.75536e+06, 0
1.04462e+07, 5.97659e+06, 0
9.69854e+06, 5.28696e+06, 0
4.75726e+06, 975343, 0
1.12524e+07, 7.21527e+06, 0
3.31623e+06, 4.12746e+06, 0
4.01667e+06, 5.11098e+06, 0
3.43333e+06, 6.00744e+06, 0
3.29237e+06, 2.89118e+06, 0
9.49494e+06, 6.55926e+06, 0
1.03569e+07, 5.48763e+06, 0
3.09943e+06, 6.6504e+06, 0
7.13528e+06, 3.27437e+06, 0
4.53444e+06, 3.99353e+06, 0
4.42902e+06, 3.82612e+06, 0
2.87591e+06, 2.51568e+06, 0
1.1363e+07, 7.1178e+06, 0
8.98308e+06, 3.04016e+06, 0
1.81425e+06, 4.03441e+06, 0
1.04997e+07, 7.82207e+06, 0
6.17457e+06, 5.53101e+06, 0
2.85954e+06, 4.52331e+06, 0
6.34579e+06, 7.26228e+06, 0
4.06867e+06, 1.46209e+06, 0
3.5851e+06, 3.62811e+06, 0
2.13097e+06, 3.44271e+06, 0
4.15226e+06, 893733, 0
9.18763e+06, 8.42539e+06, 0
6.03114e+06, 9.07003e+06, 0
5.45354e+06, 4.19855e+06, 0
4.12973e+06, 3.23083e+06, 0
8.56521e+06, 854124, 0
3.35892e+06, 7.4605e+06, 0
3.58136e+06, 1.60404e+06, 0
4.0654e+06, 4.86856e+06, 0
5.7014e+06, 1.27495e+06, 0
4.05997e+06, 4.25282e+06, 0
7.93644e+06, 4.14796e+06, 0
6.28186e+06, 2.94682e+06, 0
4.15807e+06, 5.08404e+06, 0
4.20114e+06, 1.17951e+07, 0
3.23095e+06, 9.58956e+06, 0
6.45193e+06, 5.24349e+06, 0
3.52941e+06, 1.0014e+07, 0
2.97801e+06, 3.15995e+06, 0
4.22688e+06, 3.88647e+06, 0
4.90732e+06, 9.15364e+06, 0
2.49722e+06, 6.86537e+06, 0
1.30618e+06, 6.37131e+06, 0
5.19351e+06, 3.78675e+06, 0
2.51389e+06, 6.86716e+06, 0
584581, 5.98318e+06, 0
8.42171e+06, 3.42412e+06, 0
4.38431e+06, 5.95589e+06, 0
8.55678e+06, 5.79816e+06, 0
2.85426e+06, 9.40496e+06, 0
2.76745e+06, 2.91567e+06, 0
6.29174e+06, 9.24191e+06, 0
8.32713e+06, 3.00338e+06, 0
1.61287e+06, 2.36788e+06, 0
5.80148e+06, 1.52087e+06, 0
4.03754e+06, 1.898e+06, 0
4.86547e+06, 7.24351e+06, 0
5.90089e+06, 1.07985e+07, 0
6.37893e+06, 1.04831e+06, 0
9.68654e+06, 7.46024e+06, 0
5.50681e+06, 1.27829e+06, 0
5.52874e+06, 2.28873e+06, 0
3.96443e+06, 1.04189e+07, 0
3.84789e+06, 1.81248e+06, 0
3.59238e+06, 4.37164e+06, 0
3.62835e+06, 4.07957e+06, 0
3.78503e+06, 3.61172e+06, 0
3.81233e+06, 6.24203e+06, 0
2.8856e+06, 9.42103e+06, 0
1.40517e+07, 2.34168e+06, 0
8.06442e+06, 3.47543e+06, 0
3.44918e+06, 3.074e+06, 0
6.62713e+06, 4.7439e+06, 0
4.07756e+06, 8.97208e+06, 0
5.65432e+06, 7.57756e+06, 0
3.31761e+06, 7.79566e+06, 0
4.92015e+06, 5.44982e+06, 0
1.0218e+07, 3.70925e+06, 0
7.9529e+06, 5.33248e+06, 0
8.16484e+06, 6.14732e+06, 0
3.42675e+06, 4.44058e+06, 0
5.55265e+06, 1.03558e+06, 0
8.42061e+06, 3.30104e+06, 0
4.20174e+06, 3.09102e+06, 0
258156, 4.65619e+06, 0
5.20713e+06, 5.24885e+06, 0
4.78854e+06, 6.4535e+06, 0
5.67768e+06, 4.08798e+06, 0
1.93389e+06, 1.86171e+06, 0
4.10411e+06, 4.19853e+06, 0
7.83843e+06, 8.81088e+06, 0
5.22943e+06, 1.67662e+06, 0
2.80339e+06, 3.25312e+06, 0
1.0159e+07, 7.48659e+06, 0
3.33486e+06, 7.75597e+06, 0
1.62995e+06, 4.58375e+06, 0
4.70139e+06, 4.27528e+06, 0
3.34174e+06, 3.11561e+06, 0
8.61612e+06, 7.5638e+06, 0
2.77804e+06, 7.92238e+06, 0
4.69568e+06, 5.6808e+06, 0
6.40948e+06, 4.22539e+06, 0
4.95019e+06, 2.80301e+06, 0
8.45062e+06, 3.91334e+06, 0
5.35942e+06, 8.14429e+06, 0
7.09017e+06, 7.51775e+06, 0
8.83313e+06, 3.81611e+06, 0
4.75179e+06, 124759, 0
4.16007e+06, 5.83849e+06, 0
4.62873e+06, 4.02676e+06, 0
1.72921e+06, 4.16046e+06, 0
6.39449e+06, 3.40278e+06, 0
3.41534e+06, 3.03348e+06, 0
8.21921e+06, 4.07144e+06, 0
1.10547e+07, 4.03995e+06, 0
8.03789e+06, 4.46557e+06, 0
5.3874e+06, 2.50965e+06, 0
7.81729e+06, 8.18531e+06, 0
1.58936e+06, 5.60231e+06, 0
3.0932e+06, 4.81791e+06, 0
989605, 8.07521e+06, 0
9.89387e+06, 673805, 0
6.79424e+06, 4.3551e+06, 0
3.2825e+06, 8.12415e+06, 0
3.63753e+06, 4.80397e+06, 0
7.02746e+06, 1.03549e+07, 0
385355, 7.10047e+06, 0
3.12157e+06, 9.03073e+06, 0
1.48243e+06, 2.57919e+06, 0
8.0321e+06, 7.52185e+06, 0
1.3112e+06, 8.22701e+06, 0
8.38856e+06, 3.1475e+06, 0
1.00768e+06, 4.21546e+06, 0
4.285e+06, 5.97671e+06, 0
1.09255e+06, 9.40785e+06, 0
5.90426e+06, 6.46351e+06, 0
6.17243e+06, 7.56696e+06, 0
4.37639e+06, 3.66333e+06, 0
1.2145e+07, 5.48959e+06, 0
6.25076e+06, 3.66238e+06, 0
5.59219e+06, 6.37284e+06, 0
4.9619e+06, 1.06462e+06, 0
1.96861e+06, 1.64245e+06, 0
2.60455e+06, 3.42019e+06, 0
4.1324e+06, 2.82566e+06, 0
1.03067e+07, 4.8304e+06, 0
2.58478e+06, 1.76495e+06, 0
3.56921e+06, 1.41545e+06, 0
1.77302e+06, 807103, 0
5.55106e+06, 3.83363e+06, 0
3.18943e+06, 1.1021e+07, 0
6.82298e+06, 5.61434e+06, 0
5.42489e+06, 4.49474e+06, 0
3.93165e+06, 4.71484e+06, 0
3.14471e+06, 5.90559e+06, 0
5.60001e+06, 935727, 0
9.87166e+06, 6.69567e+06, 0
4.13897e+06, 3.58235e+06, 0
4.97813e+06, 8.07745e+06, 0
962899, 5.14879e+06, 0
9.98775e+06, 7.83627e+06, 0
9.40079e+06, 9.35468e+06, 0
5.30186e+06, 4.51293e+06, 0
1.00601e+07, 7.44744e+06, 0
6.53414e+06, 6.43377e+06, 0
2.60428e+06, 4.15118e+06, 0
3.95682e+06, 1.13035e+06, 0
2.42163e+06, 3.06757e+06, 0
4.43021e+06, 1.21013e+07, 0
5.86686e+06, 5.76311e+06, 0
4.61298e+06, 3.08227e+06, 0
8.20879e+06, 6.65368e+06, 0
5.67737e+06, 5.58785e+06, 0
7.3806e+06, 1.91836e+06, 0
3.65702e+06, 1.80373e+06, 0
5.23157e+06, 5.75123e+06, 0
2.18514e+06, 6.15415e+06, 0
1.3921e+06, 1.438e+07, 0
4.80852e+06, 2.97682e+06, 0
5.30013e+06, 5.82294e+06, 0
7.24758e+06, 6.30432e+06, 0
3.89433e+06, 5.6839e+06, 0
6.21899e+06, 5.67476e+06, 0
7.13111e+06, 3.81748e+06, 0
5.8574e+06, 1.63043e+06, 0
2.09293e+06, 6.50606e+06, 0
1.03712e+07, 5.1216e+06, 0
5.17991e+06, 3.1695e+06, 0
3.16946e+06, 6.96034e+06, 0
3.94707e+06, 4.71531e+06, 0
2.14204e+06, 5.23616e+06, 0
9.35562e+06, 6.69851e+06, 0
5.54315e+06, 5.82583e+06, 0
1.63204e+06, 4.8306e+06, 0
2.84722e+06, 1.11841e+07, 0
5.23589e+06, 1.08237e+06, 0
6.86852e+06, 2.06776e+06, 0
5.38378e+06, 5.31862e+06, 0
5.57491e+06, 5.62873e+06, 0
6.78643e+06, 1.78706e+06, 0
4.36949e+06, 1.38234e+06, 0
2.98991e+06, 6.62381e+06, 0
4.5203e+06, 9.26131e+06, 0
6.09373e+06, 4.40749e+06, 0
3.44664e+06, 5.96643e+06, 0
1.84949e+06, 8.98054e+06, 0
3.63138e+06, 7.97095e+06, 0
7.49775e+06, 1.06189e+07, 0
4.05306e+06, 7.01416e+06, 0
1.09134e+07, 7.11888e+06, 0
4.38836e+06, 3.79657e+06, 0
8.50845e+06, 3.48985e+06, 0
4.23553e+06, 5.04161e+06, 0
5.91235e+06, 9.79138e+06, 0
5.56325e+06, 4.44912e+06, 0
8.851e+06, 7.74889e+06, 0
