150098, 137902, 0
25323.5, 104118, 0
130165, 89456.3, 0
36670.3, 81837.6, 0
171034, 59716.6, 0
99901.2, 52139.8, 0
89210.3, 64715.5, 0
93531.2, 86811.6, 0
104753, 74699.4, 0
105740, 47686.3, 0
102126, 186258, 0
65903.5, 66277.3, 0
131265, 160995, 0
199530, 168248, 0
148055, 40296.2, 0
135989, 117003, 0
83414, 188672, 0
204926, 68885.7, 0
156370, 173503, 0
98725.2, 155208, 0
26219.2, 13210.1, 0
228165, 58139.5, 0
88700.9, 208394, 0
97708.9, 78262.3, 0
141765, 126292, 0
88723.8, 42142.1, 0
83202.8, 88368.9, 0
66647.8, 33947.6, 0
94552.7, 116059, 0
81001.1, 27091.6, 0
13719.6, 106428, 0
194574, 127815, 0
130601, 210846, 0
146478, 87174, 0
43438.5, 214121, 0
47565, 94166, 0
43116, 207295, 0
152790, 120419, 0
156735, 159638, 0
121148, 169179, 0
34643.2, 130360, 0
83668.6, 101340, 0
176296, 153664, 0
87365.7, 119299, 0
150352, 162512, 0
81147.3, 38612, 0
101788, 123159, 0
140879, 12509.9, 0
107722, 94367.8, 0
113725, 105213, 0
271564, 82394, 0
120444, 96855.8, 0
66574.2, 109223, 0
256854, 134857, 0
147106, 87294.7, 0
233675, 121839, 0
89009.8, 84940, 0
276630, 36790.4, 0
72577.8, 140639, 0
113814, 80437.2, 0
264514, 32199.6, 0
91501.6, 131210, 0
152081, 112861, 0
79477.5, 176521, 0
140751, 67004.8, 0
128889, 195149, 0
205566, 145362, 0
78185.1, 129164, 0
136674, 59321.1, 0
61017.3, 105651, 0
205385, 90292, 0
82477.1, 178912, 0
107516, 64358.1, 0
126664, 191457, 0
105843, 45712.3, 0
160194, 86790.4, 0
94569.2, 149143, 0
86533.9, 144062, 0
111604, 165505, 0
54002.2, 265905, 0
91935.2, 39412.9, 0
234933, 129702, 0
31297, 105816, 0
32451.9, 170688, 0
130978, 110945, 0
54837.8, 143582, 0
42442.4, 115637, 0
44149.9, 39643.8, 0
224276, 260547, 0
76800.5, 173585, 0
199271, 105871, 0
29463.1, 139770, 0
68592.7, 170669, 0
45094.4, 101177, 0
228778, 108896, 0
78188.6, 117059, 0
85558.8, 123270, 0
113700, 72931.1, 0
59505.2, 213639, 0
192841, 133484, 0
80417.2, 115513, 0
216677, 128628, 0
101050, 70644.8, 0
67715.5, 128984, 0
152353, 152331, 0
52960.3, 63038, 0
281951, 216437, 0
161261, 176996, 0
78538.6, 182922, 0
57362.7, 23889.8, 0
161632, 51434.6, 0
206420, 136652, 0
258944, 192048, 0
185403, 67516.4, 0
140567, 41231.1, 0
215994, 224948, 0
40450.2, 94367.2, 0
149586, 145768, 0
230488, 106164, 0
67161.4, 102187, 0
126548, 78657.6, 0
120158, 128432, 0
67606.6, 65264.1, 0
122379, 167031, 0
116771, 68972, 0
87922.8, 115361, 0
78911.2, 138435, 0
253468, 119001, 0
54541.9, 27925.8, 0
213069, 148922, 0
63497.7, 161056, 0
101055, 193333, 0
47828.6, 114638, 0
55826.9, 137902, 0
33280.4, 10632.8, 0
84515.2, 20764.6, 0
96081.3, 198458, 0
111447, 64970.9, 0
227346, 237467, 0
175993, 112707, 0
115283, 259916, 0
80860, 30263.5, 0
146603, 96218.9, 0
77471, 37267.3, 0
77076.8, 330615, 0
239071, 157957, 0
274954, 154569, 0
76788.5, 57299.8, 0
171935, 39652.3, 0
125878, 31477, 0
15525.9, 134728, 0
142120, 39532.3, 0
142478, 211815, 0
74757.6, 173303, 0
80549.3, 163846, 0
217459, 97627.3, 0
369766, 121098, 0
245969, 222525, 0
21731.5, 119964, 0
225296, 131250, 0
52335.4, 98104.5, 0
273083, 153572, 0
95672.6, 95478.4, 0
173061, 78429.7, 0
84405.4, 119247, 0
251602, 90151.5, 0
173972, 54971.7, 0
46672.1, 121073, 0
87323.3, 133514, 0
93885.4, 107816, 0
123152, 234220, 0
150914, 118442, 0
245182, 58957.9, 0
88546.9, 108126, 0
84477.8, 47122.2, 0
134390, 76539.9, 0
39939.5, 33171.1, 0
51604.1, 111978, 0
120207, 48497.1, 0
152100, 78159.1, 0
156220, 110265, 0
93050.3, 43576.5, 0
63878.6, 257485, 0
138277, 34160.3, 0
118639, 170592, 0
59824, 172061, 0
122002, 66859.1, 0
74733.8, 86787.2, 0
111911, 133109, 0
191497, 64789.6, 0
213538, 286691, 0
33806.4, 149860, 0
107296, 181217, 0
117212, 217181, 0
140802, 101290, 0
144911, 187229, 0
37250.5, 104971, 0
49868.6, 236112, 0
101895, 191983, 0
72461.7, 84093.3, 0
118128, 11431, 0
47686.4, 173012, 0
187717, 85591.4, 0
92323.4, 139681, 0
224562, 177369, 0
66765.3, 127062, 0
265511, 94143.9, 0
177494, 199141, 0
74333.9, 199208, 0
124014, 132760, 0
84204.8, 51983.5, 0
90698, 172171, 0
217792, 20690.7, 0
117971, 188425, 0
39072.6, 257071, 0
29923.8, 291947, 0
181280, 46012, 0
68292.7, 51321.7, 0
225062, 82889.7, 0
99895.5, 79308.7, 0
96975.9, 49497.7, 0
168791, 138440, 0
105591, 136702, 0
105331, 114652, 0
194883, 95684.6, 0
94757.9, 173930, 0
36980.8, 82674.5, 0
170733, 124831, 0
88498.3, 150906, 0
94989, 148152, 0
114936, 165022, 0
226767, 185324, 0
141582, 53943.8, 0
194181, 82585.9, 0
140392, 81500.1, 0
202548, 93188.9, 0
164505, 58633.8, 0
153666, 58524.2, 0
91273.1, 164708, 0
210736, 298027, 0
54060.3, 72831.7, 0
100324, 94912.5, 0
116473, 23984.9, 0
173527, 129985, 0
157474, 120044, 0
38997.9, 159761, 0
157168, 90790, 0
133216, 25430.5, 0
60983.4, 185788, 0
117422, 66685.1, 0
190886, 219420, 0
111367, 61762.8, 0
58342.8, 13472.2, 0
69292.2, 114917, 0
61875.2, 93131.9, 0
86744.5, 108132, 0
64582.5, 202867, 0
84836.5, 81555.8, 0
182034, 157536, 0
209628, 136502, 0
100917, 145633, 0
26192.3, 138994, 0
157073, 226466, 0
154609, 177210, 0
143499, 240791, 0
138574, 77655.4, 0
99868.4, 229281, 0
143738, 126361, 0
83544.6, 156067, 0
164181, 170134, 0
159139, 118555, 0
60525.6, 231243, 0
47476.1, 89140.2, 0
99737, 31587.7, 0
104835, 11024.3, 0
15520.3, 173326, 0
99847.9, 241546, 0
94586.3, 153054, 0
84907.5, 120896, 0
141079, 42498.8, 0
108462, 61864.3, 0
111489, 45327.9, 0
56807, 70917.8, 0
41149, 129836, 0
107476, 121687, 0
119983, 31404.6, 0
254928, 46579.9, 0
219941, 219969, 0
45725.2, 22997.5, 0
75469.9, 121082, 0
9472.96, 156421, 0
44588.5, 22628.4, 0
128054, 58214.7, 0
72738.3, 171030, 0
16478.3, 97601.8, 0
117956, 36566.5, 0
27224.7, 147375, 0
120731, 34599.6, 0
158988, 254873, 0
190965, 80167.1, 0
168043, 184427, 0
203694, 128040, 0
151001, 167374, 0
113958, 78457.9, 0
108173, 132463, 0
151642, 90328.6, 0
66488.7, 249847, 0
199653, 219848, 0
51067.7, 128401, 0
135937, 81490.3, 0
103616, 225117, 0
138329, 106042, 0
165210, 65026, 0
141608, 94560.9, 0
42427.7, 127468, 0
36974.9, 128495, 0
162936, 118379, 0
88508.1, 103898, 0
51225.7, 113858, 0
126982, 80665.1, 0
203558, 104107, 0
61062.6, 258712, 0
127623, 231294, 0
199649, 59569.2, 0
76961.1, 156674, 0
122947, 116069, 0
35080.6, 90041.5, 0
167742, 117550, 0
222258, 113691, 0
50351.3, 49956.9, 0
30850.7, 148758, 0
108486, 139473, 0
126044, 229281, 0
7316.16, 113556, 0
134084, 243743, 0
168014, 109303, 0
37914.8, 105648, 0
73101, 204803, 0
103312, 120647, 0
77210.3, 231334, 0
141555, 91965.3, 0
139943, 109992, 0
137173, 81264.7, 0
34303.6, 27297.6, 0
38672.2, 176698, 0
64194, 91434.6, 0
105214, 73710.4, 0
46422.4, 111843, 0
213318, 105528, 0
46980.6, 156865, 0
120688, 221644, 0
71966.3, 153642, 0
23791.3, 76103.4, 0
164779, 148215, 0
141634, 286297, 0
83127, 209592, 0
77557.6, 107020, 0
63839.6, 56503.4, 0
98304.6, 57502.4, 0
137715, 151158, 0
98722.9, 193233, 0
143032, 115024, 0
80528.6, 85908, 0
132864, 135337, 0
85339.2, 31234.1, 0
16726.7, 155921, 0
30050.5, 80570.2, 0
32488.4, 80561.3, 0
119042, 141983, 0
54491.2, 107876, 0
148189, 137119, 0
238790, 199170, 0
100088, 46137.4, 0
173134, 123778, 0
45820.2, 45364.7, 0
146118, 264808, 0
171919, 156160, 0
130936, 107336, 0
81494.3, 134900, 0
122341, 135159, 0
248386, 71427.9, 0
91621.8, 170663, 0
139057, 98557.4, 0
90412.1, 111322, 0
38936, 45940.8, 0
160092, 210202, 0
217806, 62792.1, 0
102340, 63906.5, 0
92278.3, 148676, 0
73329, 285106, 0
100692, 111878, 0
54675.6, 112011, 0
100314, 98397.2, 0
95654.9, 150981, 0
149079, 51707, 0
86638.7, 139822, 0
258742, 164237, 0
75002.5, 162827, 0
205566, 35047.1, 0
167810, 31276.8, 0
113391, 26865.1, 0
159634, 119077, 0
90659, 157399, 0
23339, 95366.9, 0
82912.5, 188134, 0
78796, 97807.4, 0
42136.3, 216010, 0
142269, 114476, 0
68246.3, 68101.1, 0
210274, 98919.8, 0
53258.3, 79070.1, 0
193605, 89066.6, 0
15622.7, 100763, 0
105205, 105767, 0
57143.8, 130307, 0
256471, 109935, 0
212856, 56750.1, 0
171494, 29147.3, 0
121520, 104341, 0
129524, 144510, 0
41267.2, 88922.9, 0
149578, 208767, 0
166039, 73146.9, 0
181879, 50621.3, 0
154666, 149337, 0
180098, 29429.4, 0
36044.2, 9930.02, 0
133232, 174126, 0
115792, 162877, 0
123241, 251040, 0
91408.9, 87657.7, 0
42484.4, 149539, 0
29741.5, 105790, 0
52181.5, 123228, 0
198787, 184901, 0
177709, 25330.5, 0
24789.5, 48919.9, 0
27615.1, 149438, 0
136300, 134047, 0
159870, 158545, 0
83632.6, 212627, 0
127687, 90178.6, 0
115681, 119587, 0
66908.8, 265005, 0
234113, 102741, 0
154876, 188796, 0
143984, 217856, 0
205407, 142507, 0
110574, 85960.4, 0
135958, 139520, 0
127691, 97207.3, 0
64804, 81871.6, 0
112641, 222036, 0
155344, 54039.2, 0
214561, 45920.9, 0
33583.2, 90949.2, 0
238606, 157411, 0
256562, 28956.1, 0
60936.7, 117537, 0
272345, 86876.7, 0
72973.4, 172284, 0
87248.6, 200286, 0
150625, 235261, 0
37690.5, 25569, 0
15961.6, 175182, 0
196500, 110932, 0
115860, 76429.5, 0
50000.5, 72321.9, 0
158977, 69181.4, 0
52717.6, 134341, 0
165021, 136388, 0
105251, 124008, 0
43574.4, 50153.7, 0
97001.1, 72917.8, 0
148929, 62952.1, 0
34121.3, 183197, 0
103584, 104029, 0
85663.6, 187313, 0
78728.3, 49522.3, 0
170394, 173977, 0
57714.8, 102865, 0
88199.4, 161467, 0
256603, 19526.1, 0
35710.4, 95739.7, 0
171846, 292563, 0
5051.33, 218563, 0
160063, 90481.5, 0
141762, 113663, 0
100922, 54522.4, 0
160926, 85871.5, 0
72875.9, 182828, 0
96481.6, 198693, 0
164659, 265842, 0
45164.7, 21268.3, 0
103570, 185962, 0
127418, 120781, 0
45535.3, 163179, 0
47838.9, 78974.8, 0
37061.6, 17799.3, 0
139287, 244799, 0
58420.7, 219116, 0
107360, 160213, 0
155737, 156606, 0
245733, 191135, 0
104337, 111427, 0
146325, 179135, 0
148292, 239914, 0
41755.4, 24028, 0
239624, 120153, 0
65437.3, 28925.1, 0
111311, 170034, 0
165957, 105285, 0
51502.6, 219801, 0
146722, 167768, 0
182779, 165927, 0
41221.9, 127105, 0
109953, 127840, 0
158961, 178825, 0
66234.4, 148551, 0
212262, 55328.2, 0
133085, 160146, 0
62290.3, 163179, 0
161911, 65086.3, 0
27912, 131566, 0
153537, 126029, 0
213011, 119632, 0
216090, 194411, 0
34552.1, 82910.7, 0
86802.2, 148764, 0
52822.2, 158190, 0
176742, 84492.2, 0
139838, 84093.3, 0
67779, 171324, 0
243868, 191747, 0
82450.9, 175274, 0
55462.7, 63996.6, 0
127427, 235709, 0
83111.5, 265542, 0
104224, 203032, 0
34261.6, 232794, 0
115343, 159327, 0
106731, 80860.9, 0
23794.3, 307565, 0
313272, 140597, 0
79023.7, 229667, 0
167358, 201688, 0
123221, 265056, 0
61692.8, 73473.8, 0
91244, 202684, 0
198799, 70303.9, 0
122168, 163542, 0
37363.7, 98704.4, 0
36313, 169592, 0
177126, 89654.8, 0
180576, 118740, 0
90835.7, 151560, 0
48279.7, 172906, 0
91728.6, 153775, 0
120475, 22219.2, 0
69336.1, 180979, 0
242301, 48480.5, 0
147035, 72117.1, 0
37678.4, 33163.2, 0
273897, 118184, 0
162175, 121429, 0
174048, 181246, 0
47893.8, 254668, 0
187792, 133359, 0
140911, 88806.4, 0
146077, 44349.3, 0
123942, 53625.8, 0
158155, 55968.6, 0
17356, 159295, 0
132476, 35696.5, 0
173792, 32168, 0
111019, 148505, 0
10174.1, 263508, 0
136366, 105505, 0
212045, 258840, 0
111369, 59970.1, 0
225907, 199486, 0
102576, 106650, 0
68765, 38205.1, 0
71644, 50238.1, 0
99531.6, 157570, 0
147601, 71324, 0
93716.6, 148165, 0
87170.7, 28251.9, 0
154719, 79333.9, 0
183743, 113406, 0
31483.3, 98151.4, 0
99593.8, 74076.5, 0
147885, 74281.9, 0
161790, 107253, 0
133873, 161095, 0
128747, 80347.1, 0
63961, 252046, 0
208170, 70801.4, 0
33076.1, 165908, 0
165059, 221221, 0
126057, 50838.3, 0
213510, 184731, 0
271428, 31061.6, 0
167221, 196515, 0
211787, 56425.3, 0
114452, 219815, 0
47687.3, 92206.5, 0
196931, 157776, 0
73736.1, 133924, 0
73397.5, 146942, 0
83463.1, 88278.4, 0
146857, 135690, 0
105510, 109831, 0
62305, 135827, 0
103231, 23419.1, 0
92657.7, 133831, 0
107175, 167419, 0
109328, 125347, 0
173320, 42770, 0
150024, 247489, 0
86796.1, 122841, 0
167342, 94649.7, 0
153562, 35249, 0
53073.9, 125271, 0
175203, 293856, 0
156784, 98085.4, 0
90830.6, 199714, 0
199648, 235550, 0
105172, 299190, 0
213911, 104599, 0
77652, 188537, 0
129006, 44582.3, 0
196574, 43570.3, 0
103607, 97833.3, 0
33734.2, 75446.5, 0
223913, 214635, 0
124580, 34485, 0
113486, 121378, 0
267775, 93535, 0
60856.7, 122516, 0
130786, 218262, 0
53440.8, 132638, 0
98209.7, 194630, 0
128188, 184237, 0
95626, 77181.3, 0
16648.8, 46395.6, 0
92143.6, 202837, 0
256538, 120162, 0
138606, 138738, 0
138790, 18113.8, 0
106545, 245809, 0
134051, 30589.8, 0
121948, 149424, 0
43129.7, 35286.6, 0
273457, 92702.6, 0
155124, 111263, 0
107847, 90601.1, 0
206586, 55061.3, 0
74954.9, 157220, 0
195992, 33096.6, 0
118251, 80958.4, 0
97302.4, 181180, 0
79314.3, 157556, 0
205566, 15058.3, 0
110990, 66174.6, 0
181888, 90985.8, 0
90764.5, 98852.4, 0
155733, 137522, 0
172923, 212737, 0
173862, 273315, 0
27712.6, 73941.1, 0
166736, 149441, 0
90074.5, 174538, 0
141198, 116142, 0
194067, 178173, 0
29601.5, 218964, 0
69676.6, 94492.6, 0
122089, 53629.1, 0
226583, 181806, 0
98234.7, 81876.1, 0
179990, 172737, 0
61848.5, 228025, 0
136720, 140275, 0
123150, 238745, 0
114855, 155231, 0
151305, 176330, 0
112502, 107922, 0
25777.3, 31824.4, 0
22084.1, 178663, 0
60476.9, 70939.3, 0
54121, 151009, 0
81539.1, 135510, 0
190624, 106214, 0
203095, 36682.7, 0
68274.8, 121520, 0
170580, 205707, 0
154725, 114660, 0
69977.2, 151878, 0
11629.2, 45449.2, 0
128996, 37960.2, 0
31009.1, 40340.7, 0
26139.2, 49896.8, 0
204668, 69335.7, 0
105354, 134344, 0
60024.7, 168808, 0
92785, 36192.7, 0
189468, 190667, 0
64452.9, 121729, 0
272376, 12655.9, 0
71020.9, 181028, 0
31689.2, 304724, 0
191555, 130356, 0
71322.6, 184074, 0
148132, 184351, 0
246396, 140164, 0
168371, 13058.3, 0
101664, 100932, 0
173161, 88204.3, 0
100810, 166808, 0
152451, 117752, 0
171485, 128688, 0
139687, 118033, 0
136556, 166979, 0
108885, 135477, 0
160017, 165267, 0
69288.1, 123064, 0
142727, 108865, 0
94123.1, 60719.1, 0
44837.2, 4026.24, 0
100115, 7902.65, 0
46082.5, 110932, 0
126100, 67800.5, 0
119329, 123281, 0
109087, 222195, 0
287081, 146624, 0
67840.9, 148154, 0
120410, 67408.3, 0
70246.8, 84886.7, 0
184304, 113397, 0
169186, 111505, 0
181323, 125446, 0
123339, 157258, 0
82398.4, 134239, 0
39496.9, 194813, 0
134426, 124123, 0
84710.8, 82703.4, 0
137874, 131831, 0
203863, 45384.3, 0
15745.1, 115644, 0
23999.8, 164823, 0
135606, 12014.1, 0
151291, 66429.3, 0
134317, 38752.9, 0
165838, 24348.3, 0
210095, 97701.1, 0
143747, 22844.3, 0
103474, 174450, 0
96001.7, 158798, 0
52553.8, 203070, 0
233071, 158170, 0
215574, 82532.3, 0
14251.6, 131701, 0
63378.5, 106179, 0
96559.8, 32436, 0
99009.6, 51945.5, 0
46518.1, 104489, 0
104870, 135218, 0
224377, 226867, 0
35847.6, 72028, 0
17831.1, 48178.6, 0
125511, 55587.4, 0
102751, 110510, 0
294855, 33290.1, 0
134810, 123349, 0
161641, 373185, 0
29862.2, 96335.7, 0
66158.8, 233451, 0
72050.6, 86310.4, 0
46062.4, 108760, 0
111462, 103468, 0
199313, 92473.1, 0
134615, 135947, 0
107244, 98811.9, 0
227662, 246771, 0
132420, 150526, 0
87723, 94831.9, 0
71410.4, 130886, 0
121632, 144287, 0
26943.9, 100952, 0
86250.5, 27322.9, 0
93800.4, 142060, 0
213441, 240945, 0
99014.9, 118414, 0
52745.8, 273027, 0
48139.7, 36105.7, 0
98530.2, 205747, 0
212817, 195738, 0
20780.6, 21990.1, 0
132785, 72264, 0
99796, 104446, 0
132476, 163473, 0
140563, 39904.5, 0
237640, 146586, 0
129012, 76837.3, 0
43256.2, 49551.1, 0
25778.5, 55561.3, 0
59579.1, 17935.8, 0
23502.1, 109230, 0
56367.3, 95850.9, 0
94748.8, 158672, 0
37722.7, 76003.3, 0
129223, 31595.5, 0
148499, 56118.9, 0
128413, 100716, 0
204842, 88608.3, 0
57640.3, 72770.9, 0
46611.4, 100565, 0
75835.3, 74767.5, 0
183372, 171493, 0
85718.5, 89418.2, 0
53549.2, 199507, 0
148584, 121830, 0
209323, 65144.5, 0
73383.1, 197377, 0
130355, 221320, 0
57671.4, 119730, 0
220458, 127048, 0
216840, 185568, 0
51353.4, 217034, 0
151895, 91304, 0
82487, 154122, 0
51055.1, 108724, 0
152788, 100071, 0
88278.5, 217324, 0
60066.6, 148931, 0
44648.6, 130029, 0
153153, 114216, 0
95691.8, 95248.8, 0
71530.4, 264580, 0
205357, 143624, 0
58163.5, 180159, 0
104447, 115918, 0
92379.7, 162326, 0
35395.3, 154753, 0
80494.3, 203599, 0
100286, 79926.9, 0
87688.6, 241648, 0
192679, 163982, 0
61469.6, 104541, 0
225729, 112830, 0
75678.8, 42478.6, 0
79695.4, 72395.5, 0
62775.7, 19310.1, 0
75131, 171279, 0
169973, 41372, 0
120572, 58500.2, 0
116355, 112430, 0
99912.6, 66119.3, 0
100748, 101517, 0
363582, 81454.7, 0
75312.8, 122199, 0
45324.5, 174643, 0
172615, 90555.7, 0
116024, 186333, 0
55826.9, 21990.1, 0
129838, 90604, 0
93757.8, 20303.4, 0
126561, 137184, 0
234275, 101199, 0
74270.6, 168428, 0
139380, 105561, 0
142967, 83663.7, 0
50967.4, 157759, 0
34925.1, 229969, 0
273193, 51483.8, 0
86375.2, 59114.4, 0
263854, 142523, 0
99992.9, 60151.1, 0
140061, 82390.5, 0
48208.8, 196404, 0
213443, 190581, 0
170933, 154740, 0
30027.2, 56097.4, 0
126324, 67694.8, 0
142821, 96083.1, 0
22730, 82724.9, 0
222147, 256396, 0
44007.2, 165152, 0
126766, 53156.7, 0
157335, 114749, 0
144835, 33486.5, 0
146008, 262424, 0
202778, 245378, 0
83630.1, 217634, 0
141655, 91408.9, 0
106181, 211391, 0
68900.8, 32792.1, 0
75195, 135944, 0
90066.7, 195159, 0
121705, 298882, 0
9174.31, 205295, 0
131525, 112607, 0
81777.8, 175319, 0
25034, 94324.9, 0
145902, 172137, 0
67118.6, 149898, 0
99407.7, 231264, 0
40919.3, 63273.6, 0
17136.9, 175620, 0
40498.2, 127453, 0
56837.2, 113674, 0
116036, 158277, 0
72236.5, 170942, 0
168183, 66813.3, 0
92856.2, 46659, 0
131648, 190096, 0
156836, 194631, 0
87672.5, 10506.1, 0
160501, 149481, 0
62992.9, 117513, 0
219927, 163622, 0
149732, 224989, 0
112545, 129013, 0
187978, 131495, 0
110838, 24924.5, 0
249601, 75127.8, 0
171541, 34482.7, 0
67322.3, 17551.4, 0
77811.8, 100882, 0
120422, 99118.2, 0
110077, 41950.6, 0
208170, 70801.4, 0
31072.2, 50725.1, 0
151808, 200783, 0
155619, 58695.4, 0
78778.3, 125962, 0
130079, 115478, 0
53943.9, 57659, 0
208181, 270738, 0
92361, 25586.7, 0
261773, 192904, 0
164323, 136091, 0
71422.8, 83220.1, 0
117599, 131779, 0
167435, 71033.8, 0
179669, 128718, 0
42246, 62353.6, 0
112807, 184679, 0
51264.6, 24154.6, 0
31954.5, 58899.8, 0
159584, 73373.1, 0
83425.2, 184853, 0
144182, 113912, 0
45651.1, 180481, 0
108010, 127540, 0
35682.1, 149378, 0
127952, 149651, 0
119658, 51980, 0
48282.7, 150894, 0
143480, 72759.3, 0
122510, 219568, 0
161264, 124189, 0
164372, 145845, 0
131635, 133839, 0
219851, 102582, 0
222430, 95100.1, 0
134790, 91013, 0
249904, 166339, 0
181111, 130721, 0
153965, 111105, 0
19557.5, 149049, 0
73645.1, 148237, 0
98078.5, 87802.5, 0
58318.4, 30167.8, 0
37334.4, 28519.4, 0
230486, 169580, 0
55681.1, 232836, 0
120279, 48346.8, 0
66950.1, 80915.3, 0
218285, 174858, 0
89310.9, 158971, 0
86040.1, 165007, 0
70241.1, 92853.8, 0
113355, 52431.8, 0
164729, 168745, 0
169010, 111591, 0
6865.45, 67845.2, 0
74144.3, 291882, 0
179197, 77604.4, 0
90335.4, 134911, 0
27415.8, 40473.4, 0
192564, 16803.1, 0
100744, 61891.4, 0
137865, 180587, 0
233931, 80254.2, 0
92955.3, 116250, 0
69216.3, 170102, 0
62508.2, 120935, 0
205566, 145362, 0
200614, 130253, 0
121524, 323706, 0
88682.1, 48705.2, 0
297641, 102395, 0
89797, 51307.5, 0
85801.1, 86247.5, 0
70047.1, 196927, 0
44529.4, 103290, 0
158818, 194874, 0
107704, 69153.6, 0
160986, 140436, 0
93858.1, 88884.1, 0
51220.3, 76617.6, 0
158941, 113167, 0
173685, 50855.3, 0
123487, 113252, 0
145309, 91283.5, 0
40694, 105831, 0
223493, 206349, 0
174435, 214681, 0
183442, 138367, 0
120105, 54982.2, 0
47566.7, 80359.3, 0
112936, 12302.2, 0
125134, 66052.5, 0
54018.7, 37646.7, 0
142482, 47100.8, 0
109112, 90263.5, 0
116468, 124089, 0
208762, 50203.2, 0
113692, 63560.1, 0
53965.9, 184197, 0
91544.4, 140203, 0
167365, 33456.8, 0
87355.5, 43879.2, 0
54471, 236682, 0
144016, 90322, 0
79773.9, 176666, 0
155876, 81387.2, 0
82846.3, 39073.8, 0
173878, 159451, 0
221511, 132441, 0
158477, 191857, 0
110711, 163964, 0
233215, 6705.55, 0
50691.2, 31130.3, 0
57992.2, 70402, 0
28824, 213241, 0
167044, 111659, 0
166640, 27470.7, 0
107041, 57122.7, 0
107531, 129452, 0
114299, 23233.1, 0
140123, 157322, 0
174689, 260027, 0
175458, 180960, 0
146846, 98885.2, 0
121038, 73271.6, 0
93540.8, 67014.7, 0
26517.1, 161256, 0
166150, 199641, 0
101604, 60788.6, 0
75242.2, 157391, 0
111750, 217094, 0
82599.5, 52462, 0
251049, 67686.5, 0
205566, 84093.3, 0
14131.5, 75320.1, 0
163531, 67751.5, 0
135909, 131869, 0
202650, 168423, 0
73468, 111683, 0
107538, 81302, 0
154731, 178071, 0
132796, 202984, 0
181108, 84273.5, 0
272861, 6423.61, 0
75259.3, 106391, 0
153999, 128263, 0
147341, 126681, 0
133360, 108211, 0
59305.7, 80270.7, 0
88981.9, 57037, 0
148524, 213188, 0
139343, 139036, 0
133723, 204667, 0
19310.3, 102764, 0
45650.9, 243489, 0
33288.2, 180048, 0
27718.3, 72589.3, 0
83225.3, 85658.8, 0
56134.5, 164538, 0
249483, 85459.4, 0
98557.4, 239259, 0
134852, 132555, 0
171274, 73495.2, 0
47976.1, 143665, 0
81655.6, 144458, 0
253999, 58962.1, 0
158578, 43167.5, 0
127788, 15941.1, 0
105924, 89420.9, 0
98135.8, 106948, 0
133486, 207575, 0
48778.2, 193881, 0
85940.8, 54291.1, 0
96845.1, 74226, 0
234626, 170494, 0
223504, 89598.5, 0
40529.8, 56874.4, 0
241429, 219923, 0
285458, 118849, 0
110648, 279065, 0
77164.2, 310993, 0
78657.1, 180598, 0
42337.2, 195113, 0
104493, 56884.8, 0
138438, 149033, 0
195195, 117659, 0
158406, 139797, 0
48099.3, 178126, 0
69992, 135837, 0
60503.7, 114345, 0
251928, 151366, 0
40055, 172955, 0
98582.9, 112992, 0
178749, 38331.5, 0
122999, 155502, 0
45220.8, 197677, 0
143897, 149367, 0
181251, 97743.1, 0
164371, 137271, 0
243139, 269826, 0
84352.5, 15058.3, 0
107411, 85262.2, 0
88116.7, 207304, 0
198187, 112081, 0
68968.8, 106390, 0
76884, 89012.2, 0
52015.4, 89366.2, 0
113192, 92973.7, 0
50673.6, 65143.1, 0
94559.1, 24472.9, 0
61100.7, 129545, 0
237734, 174171, 0
129775, 94930.1, 0
227791, 93878.3, 0
205854, 170291, 0
51736.5, 245221, 0
304326, 125725, 0
14203.2, 126432, 0
298898, 153322, 0
166266, 26507.5, 0
166411, 59621, 0
91626.2, 106851, 0
142830, 203320, 0
43703.4, 50719.8, 0
118858, 82259.1, 0
61208.7, 132601, 0
38149.6, 185427, 0
85632.6, 206335, 0
25144.9, 132206, 0
323838, 169770, 0
137369, 27799.7, 0
144611, 123881, 0
174272, 284052, 0
75267.9, 190472, 0
48080.6, 160170, 0
180449, 110925, 0
62885.9, 157013, 0
138105, 64624.5, 0
91483.2, 148088, 0
70973.2, 130106, 0
245713, 95438.6, 0
173615, 34931.8, 0
140175, 95100.7, 0
88717, 98966.5, 0
181791, 225449, 0
71302.9, 170310, 0
31741.5, 53080.9, 0
65816.7, 288976, 0
98591, 95322.4, 0
42998.3, 124024, 0
257133, 143333, 0
62542.5, 149955, 0
142115, 191204, 0
104536, 173989, 0
52438.3, 196247, 0
185415, 13292.6, 0
78565.3, 106135, 0
152060, 249075, 0
106447, 60138.4, 0
100985, 42675.6, 0
83789.6, 150563, 0
174308, 166467, 0
135760, 111553, 0
186258, 90922.2, 0
146161, 131369, 0
45412.9, 110349, 0
152960, 198374, 0
27273.5, 260642, 0
186366, 62716.6, 0
154098, 112133, 0
105742, 86824, 0
87263.7, 67534.5, 0
159324, 152795, 0
131433, 146088, 0
57985.5, 163105, 0
80583.7, 158698, 0
133567, 121531, 0
223348, 111986, 0
168817, 221262, 0
107812, 140914, 0
92908.3, 142236, 0
86876.3, 85247.4, 0
40916.9, 176976, 0
13341.8, 232578, 0
258704, 99096.5, 0
101665, 116498, 0
159915, 127871, 0
61502.7, 173479, 0
129060, 127464, 0
57004.6, 151603, 0
106125, 21325.3, 0
111370, 157313, 0
175905, 81231.4, 0
132567, 54938.5, 0
164796, 185191, 0
237709, 94911.8, 0
52932.8, 162047, 0
274637, 90331.4, 0
122658, 112612, 0
287820, 214998, 0
87103.5, 115439, 0
159004, 148843, 0
33093.5, 150937, 0
30923.3, 146969, 0
76213.2, 101043, 0
187307, 20149.4, 0
105877, 123038, 0
195073, 204590, 0
80365.6, 140150, 0
79438, 237543, 0
222790, 114464, 0
79389.9, 111716, 0
103932, 45010.8, 0
194736, 103199, 0
92106.3, 160041, 0
81137.8, 167540, 0
122425, 99338.6, 0
162439, 92069, 0
78242.6, 147026, 0
55104.2, 29598.1, 0
211546, 105031, 0
32934.4, 38810.1, 0
103197, 45120.1, 0
213957, 205708, 0
80098.2, 173554, 0
184622, 94103.1, 0
186876, 85856.4, 0
85794.3, 71802, 0
207611, 99835.5, 0
85388.7, 155449, 0
260285, 103873, 0
87014.6, 117631, 0
111592, 135119, 0
206555, 80225.7, 0
84352.5, 15058.3, 0
107411, 51766.5, 0
109607, 102118, 0
230321, 54754.1, 0
60952.3, 281986, 0
224106, 207025, 0
77045, 209112, 0
218724, 71902.1, 0
124309, 16762.4, 0
35379.5, 76947.6, 0
81409.1, 34458.7, 0
164952, 88035.9, 0
98674.4, 38478.7, 0
191052, 138536, 0
195973, 109357, 0
158253, 81744.8, 0
169193, 227066, 0
75567.9, 83902.7, 0
297478, 163264, 0
78226.6, 101177, 0
189825, 38797.6, 0
113171, 69376.7, 0
76599, 161802, 0
68852.2, 23519.2, 0
171124, 19563.6, 0
121965, 266351, 0
114289, 257416, 0
102953, 153918, 0
102212, 69039.1, 0
225797, 178125, 0
27845.8, 63467.3, 0
37495.8, 115836, 0
108625, 165070, 0
83747, 95697.1, 0
76808.2, 128138, 0
133423, 180924, 0
98812.9, 251897, 0
181062, 146984, 0
123513, 64057.2, 0
222248, 101065, 0
140675, 125122, 0
160127, 52830.7, 0
120106, 58028.5, 0
114642, 100946, 0
132493, 218307, 0
109696, 235216, 0
207528, 47992.4, 0
290500, 157417, 0
134961, 108621, 0
83324.2, 177225, 0
70322.2, 52941, 0
18582, 76800.1, 0
62106.7, 103794, 0
158991, 109890, 0
291868, 51445.6, 0
118607, 100562, 0
56276, 205138, 0
94586, 232795, 0
127228, 45779.6, 0
156945, 83006.6, 0
107662, 102439, 0
71849.9, 11246.9, 0
292791, 45569, 0
115398, 11946.6, 0
22868.4, 114450, 0
80218.8, 213215, 0
106268, 135682, 0
205566, 35047.1, 0
106764, 212980, 0
101607, 294675, 0
94856.3, 240940, 0
90939.3, 155051, 0
89984.2, 135820, 0
133285, 138602, 0
172401, 13506.9, 0
55583.4, 11565.4, 0
80968, 115744, 0
189397, 125073, 0
197486, 117804, 0
116019, 127355, 0
57551.9, 99908.5, 0
197401, 258591, 0
276363, 140017, 0
46527.8, 59511.3, 0
194944, 172109, 0
122892, 71736.9, 0
117226, 95064.3, 0
150720, 298058, 0
152963, 58031.2, 0
53353.8, 73551.4, 0
111718, 87862.2, 0
9247.31, 20663.8, 0
134284, 94290.4, 0
149035, 125407, 0
203847, 132532, 0
67736, 101819, 0
76206, 122259, 0
54472.2, 180670, 0
77077.5, 58281, 0
121511, 135019, 0
25962.3, 30786.7, 0
113144, 133240, 0
120325, 121161, 0
48249.4, 292049, 0
134714, 104332, 0
153488, 109364, 0
47698.7, 66960.9, 0
90569.4, 82381.3, 0
140390, 121645, 0
140942, 98977.2, 0
115732, 249259, 0
157820, 81959.6, 0
123593, 109545, 0
162855, 54748.4, 0
148169, 144513, 0
118017, 40194.7, 0
279380, 93409.5, 0
270804, 194547, 0
148864, 221383, 0
60103, 102568, 0
128948, 95218.4, 0
275129, 146305, 0
228426, 80892.3, 0
116918, 46017.9, 0
144761, 36141.1, 0
155583, 199868, 0
224741, 130027, 0
100669, 47627.5, 0
83220.7, 91186.9, 0
136633, 25239.1, 0
80111.9, 133210, 0
68817.2, 141208, 0
154593, 163167, 0
67499.4, 80698.9, 0
103861, 69478.3, 0
139232, 46130.5, 0
99297.5, 117744, 0
40973.4, 159494, 0
107374, 165630, 0
99864.4, 64697.3, 0
26426.8, 109245, 0
65009.7, 15186.3, 0
152916, 113730, 0
59119, 119577, 0
178250, 102033, 0
141602, 74826.4, 0
58887, 211378, 0
324343, 19245.8, 0
25291.1, 100954, 0
102361, 143229, 0
195733, 8753.07, 0
22816.7, 231987, 0
194643, 114792, 0
159893, 103288, 0
130373, 109497, 0
101915, 131813, 0
104370, 147178, 0
31114.5, 105405, 0
121661, 178599, 0
79839.3, 61316.4, 0
199357, 147334, 0
56545, 125809, 0
98803, 10806.1, 0
78278.7, 87433.9, 0
54979.3, 115717, 0
207282, 74164.1, 0
157369, 282473, 0
91152.8, 84060.3, 0
166004, 92146, 0
206220, 86971.5, 0
298207, 189384, 0
71722.1, 117156, 0
182725, 150925, 0
206974, 141267, 0
93836.7, 186877, 0
119522, 124226, 0
130112, 143532, 0
152787, 13081.7, 0
40899, 186548, 0
117633, 145908, 0
45271.5, 93087.2, 0
85291.8, 43444.5, 0
86843.6, 36215.6, 0
95950.1, 78257.2, 0
150528, 282335, 0
74823.9, 93081.4, 0
124837, 81591.3, 0
175369, 122432, 0
80586.3, 211642, 0
110782, 164515, 0
39078.8, 161923, 0
151987, 118999, 0
135541, 162805, 0
113397, 264061, 0
99156.7, 59805, 0
182001, 22013.6, 0
98268, 247747, 0
274179, 147834, 0
95222, 227602, 0
133590, 203854, 0
67499.4, 80698.9, 0
128854, 148919, 0
69151.2, 241285, 0
45349.4, 207380, 0
96743, 89530.2, 0
177976, 164839, 0
122244, 66613, 0
55695.6, 45841.1, 0
212503, 149875, 0
14758.5, 172022, 0
104555, 129734, 0
126990, 146373, 0
179840, 60431.5, 0
134968, 166783, 0
39290.4, 117344, 0
176670, 71516, 0
69870.5, 116871, 0
126748, 124048, 0
49157.9, 130010, 0
123411, 172823, 0
141003, 207125, 0
17817, 88382.2, 0
116068, 59727.8, 0
102531, 44081.9, 0
50658.3, 79594.2, 0
98050.2, 93616.3, 0
147301, 165817, 0
94218.5, 120904, 0
127397, 39409.8, 0
66437.5, 88306, 0
96257.9, 311886, 0
139494, 105273, 0
108608, 86279.4, 0
132295, 174127, 0
175864, 73867.4, 0
116521, 141320, 0
117549, 175864, 0
138079, 23223.9, 0
128241, 125335, 0
171719, 230223, 0
33939.7, 113109, 0
123525, 49916.3, 0
218914, 188154, 0
52379.3, 79833.6, 0
36237.2, 220745, 0
341774, 68360.7, 0
107198, 65795.2, 0
221241, 55018.4, 0
117754, 109548, 0
102159, 74909.3, 0
157234, 97807.6, 0
169080, 248946, 0
82101.6, 135603, 0
39742.3, 110663, 0
51542.2, 140118, 0
132134, 138395, 0
76377.7, 89332.9, 0
58647.5, 171148, 0
63801.6, 265170, 0
251297, 255630, 0
113197, 134713, 0
157671, 76819.8, 0
68717, 158193, 0
165602, 37062.2, 0
140261, 91236, 0
229147, 98817.6, 0
205566, 46780.7, 0
141970, 176612, 0
28209.6, 46201.2, 0
160576, 110688, 0
32633, 180207, 0
104036, 156400, 0
98308.4, 198882, 0
215273, 79825.3, 0
99834.1, 103046, 0
61103.1, 123187, 0
154316, 133631, 0
177571, 77531.2, 0
206026, 87604.8, 0
72032.4, 187515, 0
145803, 186381, 0
74499.8, 170850, 0
53943, 151145, 0
102708, 103697, 0
164031, 101794, 0
147703, 191179, 0
63561.1, 84258.5, 0
145173, 210786, 0
40922.7, 265770, 0
120938, 79664.3, 0
55537.2, 147541, 0
226457, 60918, 0
53133.1, 177889, 0
146233, 227957, 0
170495, 69908.4, 0
209265, 144542, 0
63305.3, 102330, 0
88795.6, 65075.8, 0
43766.2, 138817, 0
163681, 74251.6, 0
72419.2, 72346.5, 0
7594.53, 169863, 0
248665, 191109, 0
130210, 88754.8, 0
164195, 45830.8, 0
108132, 38946.5, 0
189601, 150895, 0
288862, 131399, 0
58118.6, 185566, 0
94934.3, 194348, 0
171918, 234565, 0
94593.6, 65810.2, 0
176396, 190970, 0
277789, 60535.7, 0
109861, 117545, 0
49030.2, 80067.9, 0
88661.6, 122078, 0
193380, 139448, 0
135027, 87119.5, 0
33847.6, 63930.4, 0
88880.8, 110738, 0
133035, 113057, 0
273717, 115350, 0
237948, 241094, 0
139202, 152334, 0
121888, 140775, 0
73853.4, 106535, 0
156063, 53338, 0
79142.6, 187507, 0
171118, 148985, 0
68903.4, 73953.8, 0
133842, 112538, 0
103944, 246776, 0
132032, 215387, 0
162193, 79006.7, 0
144973, 38846.4, 0
50986.1, 240519, 0
75611.6, 71340.7, 0
45069.8, 101361, 0
61506.4, 53766, 0
72017.5, 116482, 0
118989, 196498, 0
59401.3, 195164, 0
126576, 106113, 0
131691, 154236, 0
237520, 58935, 0
26077.3, 15886, 0
45969.4, 105197, 0
91711.3, 42698.4, 0
41048.6, 103694, 0
130449, 11568.1, 0
44122.9, 88718.6, 0
118798, 199783, 0
153184, 193513, 0
170178, 185932, 0
89120.4, 111357, 0
81705.9, 154421, 0
41965.3, 117825, 0
8791.68, 266851, 0
24765.9, 196576, 0
242179, 57401.6, 0
107638, 228783, 0
63194.6, 120227, 0
127848, 71156.4, 0
242362, 5908.43, 0
27188.2, 210003, 0
102217, 149129, 0
107393, 82007, 0
93012.4, 121174, 0
27561.5, 127401, 0
175842, 60993.5, 0
113855, 86814.9, 0
96355.7, 238560, 0
91644.3, 164217, 0
138060, 55345.5, 0
87068.2, 108940, 0
45150.7, 34411.8, 0
89972.3, 126754, 0
112650, 173149, 0
343560, 207120, 0
94869.6, 134382, 0
132181, 159855, 0
113540, 70762.7, 0
60074.1, 86277.7, 0
168313, 117367, 0
91822.6, 193636, 0
149422, 80166.5, 0
35723, 105270, 0
102311, 145248, 0
348119, 178057, 0
76871.1, 171142, 0
83359.6, 105730, 0
201764, 146108, 0
248647, 95091.2, 0
143464, 93996.8, 0
82884.9, 101856, 0
91733.5, 140864, 0
153859, 154719, 0
226455, 192918, 0
95033.9, 164189, 0
27273.5, 53355.4, 0
109302, 59480, 0
297642, 163305, 0
103420, 32230.1, 0
50794.7, 73632.4, 0
160031, 118278, 0
96447.9, 74654, 0
67116.4, 91415.4, 0
108645, 102825, 0
80873.6, 88361.6, 0
127816, 198569, 0
35025.7, 111063, 0
110623, 262049, 0
39352.9, 164279, 0
79094, 52091.5, 0
84315, 125610, 0
120077, 45833.6, 0
94137.9, 87892.9, 0
148263, 24427.5, 0
67668.6, 155751, 0
137421, 55748, 0
122850, 125349, 0
162832, 27265.2, 0
104944, 128921, 0
42414.7, 42775.1, 0
128557, 170775, 0
65506.4, 206562, 0
71567.2, 111455, 0
111056, 49905.9, 0
73332.2, 140681, 0
102377, 82613.5, 0
164811, 231806, 0
133083, 18399.7, 0
140744, 50393, 0
119317, 168647, 0
134142, 130276, 0
49889.8, 130531, 0
45293.3, 22965.4, 0
84198.2, 67862.4, 0
115475, 139841, 0
109026, 241668, 0
168580, 139642, 0
166635, 59763.7, 0
66855.8, 148456, 0
171194, 142289, 0
204626, 238471, 0
114710, 135135, 0
16111.6, 37214.4, 0
111896, 69420.4, 0
90425.4, 17465.3, 0
76231.9, 74528.2, 0
58800.7, 125443, 0
99028.1, 122320, 0
188755, 67571.4, 0
11364.4, 113547, 0
83829.4, 160628, 0
130953, 170106, 0
87383.4, 121976, 0
173803, 169606, 0
120135, 32061.4, 0
340022, 95348.9, 0
132742, 219229, 0
143265, 144527, 0
168015, 68381.4, 0
107637, 97392.1, 0
45013.5, 27795.6, 0
107225, 298880, 0
126044, 229281, 0
241195, 90812.3, 0
120756, 141623, 0
162304, 40273.3, 0
104881, 70883.5, 0
103914, 25779.8, 0
66747.4, 149376, 0
104557, 42459.5, 0
227186, 34723.1, 0
115668, 106462, 0
153173, 79804.9, 0
98217.1, 103493, 0
312468, 112395, 0
189994, 31710, 0
112024, 20664.3, 0
247812, 50532.6, 0
176104, 332112, 0
248939, 28824.4, 0
89927.5, 32437.6, 0
157797, 15909.7, 0
43015.4, 121431, 0
112047, 76783.6, 0
148973, 67021.5, 0
247637, 87614.3, 0
106118, 180490, 0
92526.7, 84062.1, 0
22694.9, 68080.6, 0
93965, 141344, 0
92843.2, 126925, 0
89770.4, 42924.8, 0
165309, 260666, 0
317274, 66823.6, 0
71555.7, 151138, 0
24453.5, 32577.4, 0
262966, 154662, 0
160475, 143205, 0
183377, 168346, 0
142082, 140816, 0
310052, 173386, 0
65356.6, 118846, 0
117041, 138508, 0
92171.7, 59314.4, 0
157133, 109750, 0
51209.3, 85733.2, 0
46338, 140101, 0
274708, 61734.7, 0
38588.5, 140309, 0
345392, 58500.9, 0
222229, 139222, 0
80187.5, 86519.8, 0
159215, 135569, 0
76335.3, 168891, 0
206232, 53061.8, 0
108126, 79055.5, 0
14147, 78869, 0
156548, 185515, 0
40040.8, 89474, 0
214033, 115311, 0
136049, 118725, 0
83973, 236953, 0
168701, 57113.8, 0
174499, 41161.4, 0
45708.7, 116365, 0
120877, 5135.98, 0
162987, 9971.61, 0
187097, 218495, 0
100162, 27952.7, 0
205566, 46780.7, 0
145528, 145259, 0
88993.8, 60737.5, 0
124217, 62489.3, 0
142587, 196888, 0
49525, 93993.9, 0
150539, 8391.61, 0
166468, 168235, 0
125719, 156319, 0
95276.8, 97293.2, 0
37387.1, 60313.6, 0
109513, 70831.6, 0
94501.7, 181847, 0
226405, 286430, 0
170567, 111947, 0
56894.5, 70668.2, 0
201196, 89689, 0
170660, 171975, 0
135880, 71021.3, 0
50831.3, 115313, 0
126580, 78931.6, 0
137348, 137463, 0
122742, 35844.7, 0
116044, 144297, 0
52934, 32603.2, 0
164211, 156073, 0
139478, 209731, 0
219421, 191059, 0
263056, 130749, 0
184845, 107369, 0
191003, 123268, 0
46086.2, 79136.3, 0
74537, 196603, 0
161151, 242521, 0
148646, 189540, 0
93300.5, 195942, 0
168515, 83359.7, 0
132420, 140921, 0
125567, 20352.6, 0
67226.7, 156397, 0
155754, 183722, 0
197768, 216578, 0
114179, 126257, 0
290616, 102126, 0
141374, 172855, 0
96207, 47894.5, 0
47345.9, 97323.1, 0
113520, 76296.2, 0
68241.4, 136660, 0
88729.9, 204025, 0
24693.9, 75187.6, 0
93893, 104569, 0
132504, 112862, 0
254258, 120880, 0
43047.9, 29757.3, 0
142218, 286899, 0
117759, 175869, 0
39676, 122986, 0
1712.96, 185704, 0
170748, 206084, 0
143595, 14762.4, 0
97006.9, 91500.6, 0
28048.6, 134022, 0
279809, 77518.2, 0
19457.8, 76516.7, 0
82697.5, 106412, 0
112984, 249170, 0
139838, 84093.3, 0
118259, 17491.1, 0
191273, 71051.4, 0
221676, 109923, 0
22918.4, 174167, 0
60935.5, 38664.2, 0
27401.6, 113691, 0
329261, 153163, 0
124381, 160682, 0
249731, 18813.1, 0
90364.5, 95765.1, 0
91028.9, 87492, 0
168794, 29386.1, 0
106946, 99673, 0
132007, 109002, 0
125229, 127381, 0
66048.5, 148775, 0
118914, 109232, 0
236760, 260704, 0
15487.6, 139129, 0
117096, 122228, 0
48386.6, 105717, 0
125557, 135147, 0
66523.9, 76509.1, 0
115787, 181534, 0
193485, 209521, 0
103355, 203243, 0
103869, 75903.6, 0
34975.1, 186430, 0
144532, 135398, 0
43401.8, 219692, 0
97732.7, 71003.2, 0
154676, 114639, 0
131903, 25652.7, 0
184317, 166121, 0
163850, 130160, 0
132054, 177455, 0
140903, 227750, 0
23237.7, 14257.4, 0
10413.3, 113509, 0
137128, 82903.9, 0
146750, 86927.2, 0
86891.2, 10999.5, 0
148195, 153930, 0
122373, 121097, 0
96884.3, 273347, 0
94006.7, 26074.9, 0
120651, 119286, 0
63181.5, 93944.7, 0
64273.3, 44990.7, 0
92358, 61061.7, 0
156130, 69768.9, 0
104575, 166827, 0
91994.8, 81058, 0
104776, 252720, 0
248874, 172447, 0
178621, 63679.1, 0
149252, 75321.2, 0
33577.4, 209718, 0
110224, 86297.7, 0
110637, 47653.8, 0
155549, 30417.4, 0
135482, 175578, 0
216320, 69296.5, 0
159599, 74289.7, 0
23765.6, 81566.7, 0
128065, 117491, 0
72461.7, 84093.3, 0
141964, 174735, 0
117358, 95803.5, 0
109667, 163765, 0
184639, 124689, 0
41495, 36998.5, 0
180457, 80573.2, 0
184231, 50078.5, 0
99433.2, 181122, 0
63788.8, 152057, 0
100296, 70673.8, 0
247863, 218322, 0
120937, 73707.2, 0
142921, 99669.4, 0
31273, 71315.9, 0
145615, 132371, 0
130705, 168933, 0
197568, 201732, 0
87321.1, 120076, 0
128316, 147559, 0
111146, 129555, 0
147581, 126482, 0
70748.1, 102511, 0
74512, 97475.5, 0
68150.4, 86018.2, 0
93810.4, 77387.2, 0
119188, 41635.4, 0
62950.9, 53034.3, 0
167565, 156802, 0
149856, 226561, 0
130163, 94836.7, 0
51100.8, 155056, 0
83717.1, 91362.9, 0
95463.6, 202095, 0
201563, 152313, 0
95407.1, 239110, 0
70521.3, 95847.3, 0
50460.8, 123231, 0
72367.6, 26913.8, 0
253443, 167119, 0
115015, 91583, 0
64944.5, 261186, 0
108031, 117912, 0
88446.1, 243759, 0
86889.6, 328997, 0
144240, 120888, 0
108266, 55029.2, 0
169824, 82932.8, 0
189663, 180307, 0
22331.2, 118912, 0
92827.9, 119363, 0
40087.4, 19509.8, 0
154349, 248105, 0
120925, 170487, 0
75986.3, 112439, 0
145986, 100090, 0
97629.5, 161670, 0
82549.8, 61930.5, 0
119435, 15863.2, 0
99039.7, 32120.7, 0
122391, 158722, 0
115401, 90869.2, 0
183261, 131994, 0
97066.3, 190934, 0
173561, 42320.9, 0
269131, 268846, 0
