0.600891521,3.12552196e-05,1.025492405e-06
0.5972002625,0.01533144787,-0.003565197218
0.5937261696,0.03095506669,-0.005448167066
0.5912207318,0.04685348031,-0.006136562337
0.5901191956,0.06294020708,-0.006443490345
0.5904084125,0.07908763316,-0.007297092819
0.5916189779,0.0951332846,-0.009502541319
0.5929434465,0.1108986239,-0.01353244739
0.5934524673,0.1262175361,-0.01940062435
0.5923195848,0.1409713916,-0.02666736537
0.5890140504,0.1551212689,-0.03454900581
0.583429273,0.1687284449,-0.04210625611
0.5759057448,0.1819631784,-0.04846386517
0.5671473901,0.1950886668,-0.05302477987
0.5580520584,0.2084132801,-0.05562757989
0.5494947725,0.2222191774,-0.05660599232
0.5420970984,0.2366645854,-0.0567092527
0.5360654168,0.2517119362,-0.05689984166
0.5311531094,0.2671124833,-0.05809407526
0.5267526539,0.2824602983,-0.06091136357
0.5220813416,0.2972899604,-0.06553090516
0.5164023254,0.3111830682,-0.07167966501
0.5091986006,0.3238606493,-0.07873535338
0.5002758215,0.3352304054,-0.08590255079
0.4897666577,0.3454010324,-0.09240786061
0.4780582972,0.3546590358,-0.09766400174
0.4656734842,0.3634084141,-0.1013784394
0.4531477228,0.372076017,-0.1035841483
0.4409251512,0.3810159322,-0.1045960241
0.4292889125,0.3904343356,-0.1049077501
0.4183415155,0.4003622904,-0.1050672025
0.4080267432,0.4106694195,-0.1055563866
0.398183284,0.4211171726,-0.1067137764
0.3886024567,0.4314223312,-0.1087058186
0.3790813011,0.4413114882,-0.1115390368
0.3694603038,0.450562657,-0.1150977049
0.3596373337,0.4590275236,-0.1191945238
0.3495700915,0.4666332434,-0.123615463
0.3392676837,0.4733716151,-0.1281544586
0.3287738775,0.4792861618,-0.1326379022
0.3181546208,0.4844544187,-0.1369358898
0.3074832821,0.4889721176,-0.1409635741
0.2968317763,0.4929390621,-0.1446763222
0.2862658294,0.4964492262,-0.1480620436
0.2758427313,0.4995855089,-0.1511327811
0.2656107668,0.502417076,-0.1539153379
0.2556078305,0.5049997487,-0.1564442519
0.2458619241,0.5073771759,-0.1587563261
0.236394707,0.5095825351,-0.1608861917
0.2272211994,0.5116410108,-0.1628641243
0.2183520488,0.5135729486,-0.1647148678
0.2097958599,0.5153951374,-0.1664571514
0.2015596435,0.517121654,-0.1681027001
0.1936487382,0.5187649469,-0.1696567923
0.1860647625,0.5203368236,-0.1711196953
0.1788084095,0.5218478153,-0.1724862985
0.1718808476,0.5233069787,-0.1737471763
0.1652820344,0.524721643,-0.1748891772
0.1590109542,0.5260961731,-0.1758964195
0.1530654287,0.5274312274,-0.1767511958
0.1474418538,0.528722989,-0.1774355309
0.14213718,0.5299624179,-0.177932215
0.1371494423,0.5311351439,-0.1782261552
0.132478568,0.5322217516,-0.17830614
0.1281265893,0.5331983159,-0.1781663581
0.1240973726,0.5340378373,-0.177807942
0.1203966926,0.5347120065,-0.1772402924
0.117032437,0.5351933481,-0.1764815992
0.1140145528,0.5354576106,-0.1755587611
0.1113546285,0.5354862356,-0.1745065998
0.1090653704,0.535268615,-0.1733664441
0.1071599475,0.5348039328,-0.1721839323
0.1056511525,0.534102346,-0.1710062604
0.1045505622,0.5331853013,-0.1698790735
0.1038678004,0.5320848898,-0.1688432629
0.1036099159,0.5308422426,-0.1679319843
0.1037809267,0.5295050579,-0.1671682073
0.1043816189,0.5281244747,-0.1665630349
0.1054095848,0.5267515783,-0.166114979
0.1068594469,0.5254338662,-0.1658102823
0.1087233388,0.5242120215,-0.1656242454
0.1109917239,0.5231172958,-0.1655234101
0.1136544642,0.522169759,-0.1654681846
0.1167010545,0.5213774919,-0.1654159284
0.1201203547,0.5207367606,-0.1653240705
0.1239016296,0.5202330308,-0.1651526632
0.1280357916,0.5198425793,-0.1648663419
0.1325151356,0.519534452,-0.1644358357
0.1373328285,0.5192726877,-0.1638388704
0.1424823815,0.5190184182,-0.1630602533
0.1479559956,0.5187322002,-0.1620917963
0.1537472212,0.5183754104,-0.1609305745
0.1598481338,0.5179112113,-0.159578255
0.1662487412,0.5173055299,-0.1580397011
0.1729382386,0.5165272882,-0.1563213172
0.1799071046,0.5155485687,-0.1544295672
0.1871428,0.5143453386,-0.1523707264
0.1946322339,0.5128973478,-0.1501493331
0.20236125,0.5111873592,-0.1477672137
0.2103142894,0.5092014864,-0.1452232793
0.2184742204,0.5069301559,-0.1425137145
0.2268231734,0.5043688722,-0.1396319762
0.2353429303,0.5015188517,-0.1365690519
0.2440160246,0.4983868656,-0.1333138893
0.2528276218,0.494986053,-0.1298550197
0.2617671447,0.4913365047,-0.1261826327
0.2708293004,0.4874648358,-0.1222908164
0.2800153053,0.4834031374,-0.1181799025
0.2893330875,0.479187246,-0.1138610934
0.2987988324,0.4748524328,-0.1093582102
0.3084357082,0.4704291797,-0.1047109841
0.3182715201,0.4659366504,-0.09997679424
0.3283354602,0.4613762369,-0.09522954685
0.3386500173,0.4567260036,-0.09055694518
0.3492250594,0.4519374971,-0.08605492341
0.3600490221,0.4469329008,-0.08181844559
0.3710812171,0.4416097824,-0.07793108117
0.3822474874,0.4358483897,-0.07445295047
0.3934375625,0.4295257965,-0.07141093205
0.4045135654,0.4225276768,-0.06878820189
0.4153170259,0.4147663849,-0.06652155403
0.4256837309,0.4061935272,-0.06450124601
0.4354658275,0.3968075577,-0.06257755655
0.4445425859,0.3866620666,-0.06057448492
0.4528421993,0.3758638717,-0.05830460126
0.4603516538,0.3645640215,-0.05559022157
0.4671185262,0.3529459,-0.05228706053
0.4732545477,0.3412019089,-0.04829759398
0.4789254585,0.329515154,-0.04358541669
0.4843316403,0.3180370543,-0.03818578188
0.4896851737,0.3068649343,-0.03220229979
0.4951812109,0.2960360132,-0.02579957576
0.5009753918,0.2855210585,-0.01918410205
0.5071573691,0.2752341516,-0.01258344946
0.5137398111,0.2650490322,-0.006220401674
0.5206561924,0.2548169891,-0.0002886875048
0.5277690453,0.2443917495,0.005065674331
0.5348921473,0.2336485988,0.009758157484
0.5418086167,0.222499421,0.01376848086
0.5482977171,0.2108997612,0.01713912096
0.5541602865,0.1988524674,0.01996665509
0.5592368106,0.1864042883,0.02238524009
0.5634169542,0.1736369622,0.0245516494
0.5666487316,0.1606550476,0.02663039155
0.568940577,0.1475714687,0.02877854731
0.5703524845,0.1345013661,0.03113181303
0.5709858002,0.1215485213,0.03379325216
0.5709717529,0.1087971631,0.03683075216
0.5704574542,0.09630989509,0.04027367798
0.569590044,0.08412319002,0.04411465749
0.56850437,0.07224527961,0.04831470652
0.5673126071,0.06066613441,0.05280977288
0.566099221,0.04936384417,0.0575203787
0.5649184136,0.038307337,0.06235986632
0.5637948221,0.02746245286,0.06724333599
0.5627275718,0.01679975884,0.07209293293
0.5616966346,0.006296570362,0.07684325503
0.5606697019,-0.0040596413,0.08144318761
0.5596088003,-0.01427237174,0.08585720635
0.5584745079,-0.02433691291,0.09006392816
0.5572302445,-0.03424396735,0.09405475817
0.5558458485,-0.0439744535,0.0978295242
0.554300623,-0.05350396109,0.1013950055
0.5525819861,-0.0628095903,0.1047626907
0.5506845128,-0.07186837722,0.1079459797
0.5486070486,-0.0806640521,0.1109601485
0.5463545667,-0.08917969208,0.1138185738
0.5439378044,-0.09739917372,0.1165318053
0.5413708745,-0.1053083296,0.1191076092
0.5386711286,-0.1128942163,0.1215500469
0.5358576081,-0.1201473949,0.1238601217
0.5329507131,-0.1270612282,0.1260356328
0.5299714858,-0.1336331528,0.128071676
0.5269424318,-0.1398637441,0.1299609223
0.5238881805,-0.1457558764,0.1316941399
0.5208346989,-0.151315826,0.133261349
0.5178111403,-0.1565514571,0.1346526346
0.5148481292,-0.1614731981,0.1358588343
0.511978409,-0.1660939804,0.1368733106
0.5092369638,-0.170428352,0.1376931394
0.506660061,-0.1744924215,0.1383205965
0.5042849121,-0.1783018716,0.1387642058
0.50214837,-0.1818712951,0.1390396689
0.5002837577,-0.1852149605,0.1391707959
0.4987200528,-0.1883436798,0.1391886685
0.497480664,-0.1912625916,0.1391304795
0.4965817585,-0.1939702255,0.1390377812
0.4960305691,-0.1964583976,0.1389543779
0.495824351,-0.198712383,0.1389237026
0.4959499524,-0.2007115806,0.1389858041
0.4963843536,-0.2024303656,0.1391742802
0.4970961604,-0.2038393193,0.1395135271
0.4980475841,-0.2049071444,0.1400167231
0.4991967775,-0.2056030099,0.1406847405
0.5005004095,-0.2058989627,0.1415060591
0.5019163828,-0.2057719248,0.1424576371
0.5034064476,-0.205205116,0.1435066409
0.5049383773,-0.204188931,0.1446128849
0.5064875368,-0.2027212187,0.1457317264
0.5080377443,-0.2008069528,0.1468171331
0.5095814176,-0.198457362,0.1478246302
0.511119065,-0.1956885992,0.1487138792
0.5126582742,-0.1925200045,0.1494506793
0.5142122632,-0.1889723572,0.1500083355
0.5157980287,-0.1850665434,0.1503683051
0.5174344301,-0.1808223877,0.1505203249
0.5191403029,-0.1762579266,0.1504619728
0.5209329227,-0.1713887631,0.1501976794
0.5228275541,-0.1662262253,0.1497368949
0.5248372555,-0.1607763295,0.1490925276
0.5269717489,-0.1550411606,0.1482798362
0.5292362189,-0.1490211772,0.1473153011
0.53163133,-0.1427159856,0.1462154333
0.5341544564,-0.1361235479,0.1449950829
0.5368003002,-0.1292401692,0.1436665706
0.5395614184,-0.1220613956,0.1422388838
0.54242854,-0.1145829535,0.1407172054
0.5453909665,-0.1068011004,0.1391025476
0.5484358506,-0.09871456893,0.1373917493
0.5515481073,-0.09032193483,0.1355755087
0.5547102473,-0.08162185485,0.1336389079
0.5579006401,-0.07261343181,0.1315615111
0.5610922556,-0.06329681599,0.1293182205
0.5642508782,-0.05367377131,0.1268802243
0.5673330129,-0.0437453077,0.1242162116
0.570283017,-0.03351381679,0.1212958653
0.5730316107,-0.02298149028,0.1180932746
0.5754961308,-0.01215193126,0.1145926894
0.5775813832,-0.001031990761,0.1107957861
0.5791833297,0.01037040954,0.1067273795
0.5801968129,0.02204633937,0.1024422549
0.5805252878,0.03398240183,0.09802975279
0.5800953999,0.04616488063,0.09361523732
0.5788733202,0.05857742701,0.08935631146
0.5768812006,0.07120784694,0.08542965799
0.5742107318,0.08405342081,0.08201041956
0.5710282682,0.09712140212,0.07924362918
0.5675700532,0.1104260459,0.07721054724
0.5641187257,0.1239875588,0.07589258772
0.560961711,0.1378264407,0.0751465841
0.5583356725,0.1519500338,0.07470009035
0.5563679913,0.1663422171,0.07417291288
0.5550268051,0.1809513742,0.0731291451
0.5540986621,0.1956803982,0.07115504554
0.5532062618,0.2103866188,0.06794783437
0.5518627959,0.2248919731,0.06339073372
0.5495536771,0.2390063856,0.05759684028
0.5458358534,0.2525648503,0.05091171514
0.5404288735,0.2654679772,0.04386923324
0.5332754549,0.2777249108,0.03710279423
0.5245753142,0.2894689217,0.03122868114
0.5147654551,0.3009540521,0.02671541045
0.5044471806,0.312513844,0.02376618788
0.4942756806,0.32448914,0.02224438104
0.4848121924,0.3371404433,0.02166890869
0.4763856183,0.3505646947,0.02130758816
0.4690070061,0.3646416933,0.02034078095
0.462362677,0.3790337403,0.01805439715
0.4558952327,0.3932434159,0.01403008932
0.4489430895,0.4067227577,0.008249229589
0.4408939369,0.4189888779,0.001100087465
0.4313242945,0.429744394,-0.006706777046
0.4200875602,0.438965788,-0.01429678376
0.407343214,0.4469234072,-0.02082493271
0.3935129104,0.4541446695,-0.02567769964
0.3791887464,0.4613128968,-0.02863362036
0.3649929455,0.4691066464,-0.02994212738
0.3514235041,0.4780086335,-0.03027955455
0.3387366358,0.4881534604,-0.03058723818
0.3268972129,0.4992670874,-0.03182122032
0.3156054604,0.5107245475,-0.03468690972
0.3043927841,0.5217071309,-0.03945933635
0.292764046,0.5314046121,-0.04592259367
0.2803237437,0.539224258,-0.05343950958
0.2668635914,0.544921843,-0.06111815209
0.2523954785,0.5486558045,-0.06803098213
0.237124066,0.5509551818,-0.0734380013
0.2213672136,0.552600848,-0.0769639253
0.2054697227,0.5544321588,-0.07868817556
0.1897245742,0.5571383026,-0.07911885731
0.1743316141,0.5610740327,-0.07904832843
0.1593732772,0.5661774516,-0.07933125304
0.1448302575,0.5720211546,-0.08066461295
0.1306120944,0.5779509446,-0.0834375423
0.1166036752,0.5832679097,-0.08768304319
0.1027080676,0.5873854857,-0.09312567262
0.08886773121,0.5899336594,-0.09928984699
0.07507064065,0.5907928327,-0.1056270314
0.06133438273,0.5900728497,-0.1116291773
0.0476903331,0.5880539204,-0.1169099484
0.03416996666,0.5851094049,-0.121244209
0.02079407583,0.5816303983,-0.1245719012
0.007576311011,0.5779638881,-0.126972389
-0.005472954588,0.5743727051,-0.1286206439
-0.01834425349,0.571021051,-0.1297412038
-0.0310232626,0.5679771328,-0.1305627588
-0.04348842255,0.5652317697,-0.1312854948
-0.05571340149,0.5627235992,-0.132063666
-0.06766970984,0.5603645271,-0.1329986916
-0.07932901255,0.558060408,-0.1341429349
-0.0906647428,0.5557245175,-0.1355078519
-0.1016529478,0.5532869248,-0.1370752625
-0.1122733593,0.5506985774,-0.138808561
-0.1225098342,0.5479324972,-0.1406619169
-0.1323513332,0.5449773004,-0.1425879665
-0.1417905903,0.5418350396,-0.1445417613
-0.1508235591,0.5385175227,-0.1464837908
-0.1594485951,0.5350435113,-0.1483816075
-0.1676662216,0.5314347127,-0.1502110347
-0.1754763384,0.5277154819,-0.1519546323
-0.1828779415,0.5239105443,-0.1536013859
-0.1898702476,0.5200436888,-0.1551464225
-0.1964532853,0.5161374231,-0.1565906292
-0.2026267149,0.5122134996,-0.1579399186
-0.208389127,0.5082939353,-0.159204602
-0.2137395942,0.5044012629,-0.1603987748
-0.2186788851,0.5005587762,-0.1615398447
-0.2232104696,0.4967909689,-0.1626477947
-0.227341225,0.4931237756,-0.1637440743
-0.231081088,0.4895861239,-0.1648500396
-0.2344438173,0.4862095765,-0.1659856375
-0.2374472883,0.4830285822,-0.1671674487
-0.2401134796,0.4800799341,-0.1684067838
-0.2424689494,0.4774008819,-0.1697082622
-0.2445438984,0.4750277556,-0.1710682757
-0.2463706158,0.4729942824,-0.1724738094
-0.2479815189,0.4713296479,-0.1739019612
-0.2494069845,0.4700565228,-0.1753203255
-0.2506731131,0.4691893021,-0.1766882858
-0.2517995269,0.4687328258,-0.1779591457
-0.2527975902,0.4686816938,-0.1790830173
-0.2536692509,0.4690203529,-0.1800102505
-0.2544066737,0.4697239798,-0.1806949775
-0.2549927516,0.470760065,-0.1810984416
-0.2554024313,0.4720905742,-0.1811917465
-0.2556046777,0.4736744902,-0.1809577344
-0.2555649069,0.4754704259,-0.1803918428
-0.2552475826,0.4774390902,-0.1795018897
-0.2546186342,0.4795454551,-0.1783068545
-0.2536473359,0.4817606156,-0.1768347682
-0.2523078011,0.4840627389,-0.1751200897
-0.2505804297,0.4864369289,-0.1732011348
-0.2484526287,0.4888746372,-0.1711175483
-0.2459179753,0.4913735485,-0.16890771
-0.2429750115,0.4939370608,-0.1666065976
-0.2396266649,0.4965725865,-0.1642442626
-0.2358790858,0.4992900747,-0.1618447065
-0.2317415469,0.502099749,-0.1594260698
-0.2272254974,0.5050109325,-0.1570012172
-0.2223414115,0.5080323732,-0.1545774826
-0.2171002323,0.5111698331,-0.1521584838
-0.211513017,0.5144256062,-0.1497454379
-0.2055871029,0.51780035,-0.1473377317
-0.1993271801,0.5212920579,-0.1449335415
-0.1927371069,0.5248945298,-0.1425314059
-0.185817085,0.5285986759,-0.1401300593
-0.1785655563,0.5323913122,-0.1377301593
-0.1709779268,0.5362556292,-0.1353343154
-0.1630486168,0.5401703618,-0.1329479212
-0.1547715229,0.5441091218,-0.1305785969
-0.1461390975,0.5480397617,-0.1282344856
-0.1371434783,0.5519231583,-0.1259232508
-0.1277770067,0.5557135572,-0.1236513189
-0.1180333181,0.5593587527,-0.1214219203
-0.1079102704,0.5627995413,-0.1192333563
-0.09741191958,0.5659702829,-0.1170750572
-0.08655031026,0.5688023849,-0.1149251949
-0.07534759429,0.5712279541,-0.1127492687
-0.06383703367,0.5731845145,-0.1104986255
-0.05206510549,0.5746222058,-0.1081101413
-0.04008911395,0.5755120389,-0.105508316
-0.02797510836,0.5758520076,-0.1026112788
-0.01579205237,0.5756738102,-0.09933528498
-0.003608100139,0.5750468002,-0.0956057663
0.008518641127,0.5740766747,-0.09136879409
0.02054773138,0.5728986066,-0.08660286838
0.03246432716,0.5716670386,-0.08132876072
0.04428466751,0.5705353835,-0.07561525765
0.05605532581,0.5696358062,-0.06957982804
0.06785130513,0.5690569371,-0.06338162405
0.07976209309,0.5688253239,-0.05720768744
0.09188203319,0.5688941521,-0.0512536243
0.1042867178,0.5691428566,-0.04570068981
0.1170160486,0.5693880127,-0.04069492732
0.1300676831,0.5694057647,-0.03632902362
0.1433919708,0.568955214,-0.03263107188
0.1568944684,0.5678067605,-0.02955834027
0.1704448272,0.5657729986,-0.02700486803
0.1838951803,0.5627253182,-0.02481334708
0.1970926802,0.5586060908,-0.02278917241
0.209899821,0.5534381559,-0.02072004458
0.2222072415,0.547320858,-0.01840222987
0.2339467537,0.5404134949,-0.01565728948
0.2450997652,0.5329219354,-0.01234776737
0.2556980662,0.5250775826,-0.008393590137
0.2658222409,0.5171075361,-0.003778008395
0.275586649,0.5092119865,0.001452439117
0.2851291552,0.5015481751,0.007194344647
0.2945906174,0.4942137585,0.01329895519
0.3040972268,0.4872397495,0.01958949244
0.3137426744,0.4805962682,0.02587939013
0.3235805928,0.4742013044,0.03199280307
0.3336194573,0.4679370606,0.03777969774
0.3438218284,0.4616689709,0.04312673236
0.3541118642,0.4552628566,0.04796403275
0.3643892051,0.4486004235,0.05226582852
0.3745384591,0.4415891644,0.05604672238
0.3844428332,0.4341698882,0.05935434413
0.3939973687,0.4263146024,0.06226108866
0.4031146347,0.4180301091,0.06485076091
0.4117283878,0.4093501916,0.0672113185
0.4197972242,0.4003280918,0.06942813391
0.4273035792,0.3910311928,0.07157647754
0.4342509836,0.3815328096,0.07371733503
0.4406600141,0.3719074395,0.07589551813
0.4465635096,0.3622261355,0.07813974043
0.4520024076,0.3525526949,0.08046551649
0.457021547,0.3429407773,0.08287558306
0.4616663681,0.3334344381,0.08536272126
0.4659787611,0.3240716926,0.08791181881
0.469996068,0.314883413,0.09050301814
0.4737515361,0.3058933311,0.09311503359
0.4772756244,0.2971164925,0.09572905168
0.4805953055,0.2885633253,0.09832790239
0.4837319301,0.280242536,0.10089514
0.4867033996,0.2721618765,0.10341819
0.4895243617,0.2643301257,0.1058878234
0.4922073095,0.2567564097,0.1082986145
0.4947629887,0.2494509167,0.1106490996
0.4972011964,0.2424217117,0.1129418769
0.4995296726,0.2356756248,0.1151829119
0.5017536118,0.2292205352,0.1173804873
0.5038761171,0.2230634688,0.1195459262
0.5058970852,0.2172115942,0.1216916647
0.5078127979,0.2116723521,0.1238309847
0.5096158173,0.2064524253,0.1259767311
0.5112946157,0.2015574766,0.1281401143
0.5128336833,0.1969921261,0.1303294413
0.514214201,0.1927593015,0.1325488173
0.5154143329,0.1888616984,0.134796249
0.5164111953,0.1852998313,0.1370632305
0.5171826568,0.1820710038,0.139334418
0.5177088576,0.179171035,0.1415869036
0.5179741642,0.1765951584,0.143790451
0.5179690192,0.1743389061,0.1459085194
0.5176920123,0.1723973009,0.147900006
0.5171512293,0.1707652053,0.1497214617
0.516365,0.1694374059,0.1513298473
0.5153617282,0.1684095202,0.1526852247
0.5141789158,0.1676789489,0.1537535111
0.5128613852,0.1672454338,0.1545090398
0.5114587852,0.1671112498,0.1549366335
0.5100225492,0.1672810588,0.1550329394
0.5086025377,0.1677616945,0.1548068108
0.5072436851,0.1685619037,0.1542786671
0.5059830026,0.1696918873,0.1534789213
0.5048472328,0.1711626499,0.1524456418
0.5038513585,0.1729852368,0.1512216971
0.5029980689,0.1751699575,0.1498516781
0.5022781558,0.1777257543,0.1483788331
0.5016717683,0.1806596907,0.1468424873
0.5011503244,0.1839763243,0.1452760903
0.5006787869,0.1876772576,0.1437059647
0.5002180998,0.1917606703,0.1421508112
0.4997274946,0.1962210699,0.1406219478
0.4991662896,0.2010499329,0.139123902
0.4984950378,0.2062381961,0.1376549093
0.4976765934,0.2117764108,0.1362084355
0.4966770518,0.2176530973,0.1347750027
0.4954663592,0.2238538165,0.133343816
0.4940181139,0.2303623254,0.1319039855
0.4923091979,0.2371624965,0.1304454054
0.4903191688,0.2442384381,0.1289597535
0.4880297442,0.2515744487,0.1274415657
0.4854248593,0.2591544093,0.1258891547
0.482490306,0.2669626299,0.124305343
0.4792146514,0.2749817333,0.1226982986
0.4755882763,0.2831976603,0.1210798821
0.4716054958,0.2915985437,0.1194663464
0.4672657235,0.3001747585,0.1178777397
0.4625749432,0.3089189678,0.1163371461
0.4575461354,0.3178291969,0.1148687999
0.4522007417,0.3269093203,0.1134949846
0.4465700732,0.3361685425,0.1122320448
0.4406937706,0.345623474,0.1110843844
0.4346205593,0.3552951877,0.1100398364
0.4284035047,0.3652070793,0.1090640386
0.4220926954,0.3753818265,0.1080922564
0.4157268294,0.3858342741,0.1070305165
0.409326153,0.3965603975,0.1057556354
0.4028804896,0.4075298044,0.1041224939
0.396342564,0.418673006,0.1019780005
0.3896215705,0.4298792206,0.09918228711
0.3825841188,0.4409952534,0.09563387098
0.3750666964,0.451829818,0.09129816694
0.3668945121,0.4621686345,0.0862316428
0.3579049337,0.4718039408,0.08059620141
0.3479745018,0.4805696402,0.07465847273
0.3370465861,0.4883780245,0.06876947469
0.3251472607,0.4952581076,0.06332185677
0.3123947376,0.5013763803,0.05868815179
0.2989971514,0.5070327966,0.05514581056
0.2852289908,0.5126271329,0.05280315616
0.2713900059,0.5185885376,0.05154642797
0.2577527144,0.5252835155,0.05102358699
0.2445071231,0.5329175377,0.05068617853
0.2317215955,0.5414598343,0.04989239385
0.2193260577,0.5506168161,0.04804085005
0.2071378476,0.5598681424,0.04471174039
0.1949062864,0.5685660389,0.0397711864
0.1823744525,0.5760588047,0.03341263676
0.1693271232,0.5818325092,0.02613172939
0.1556265464,0.5856345906,0.0186326394
0.1412314513,0.5875427321,0.01169137295
0.1261933641,0.587969637,0.005988424919
0.1106442431,0.5876052349,0.001950902746
0.0947689836,0.5872775371,-0.0003693192518
0.07876522514,0.5877553828,-0.001335945643
0.06281435533,0.5895473178,-0.00166368794
0.04705459623,0.5927554556,-0.002257988167
0.03156511265,0.597028239,-0.003975046708
0.01636992815,0.6016398375,-0.007400007132
0.001452202074,0.6056669499,-0.01269883959
-0.01323231774,0.6082248492,-0.01957583094
-0.02774771452,0.60867819,-0.02735109812
-0.0421741721,0.606783136,-0.03512077215
-0.0566057344,0.6027509655,-0.04197019451
-0.07115169542,0.5972090721,-0.04719038148
-0.08593418697,0.5910569948,-0.0504604871
-0.1010607156,0.5852435203,-0.05194300969
-0.116585554,0.5805282405,-0.05226076343
-0.1324662411,0.577276064,-0.05233879113
-0.1485461986,0.5753579557,-0.05314483596
-0.1645706098,0.5742007727,-0.05543117896
-0.1802398494,0.5729645578,-0.05954158743
-0.1952740176,0.5707772953,-0.06534551884
-0.2094667549,0.5669555924,-0.07230534045
-0.2227302775,0.561152887,-0.07963382793
-0.2351123523,0.5534082044,-0.08649400782
-0.2467919996,0.5441008715,-0.09219244599
-0.2580559719,0.5338276326,-0.09632093423
-0.2692358113,0.5232544717,-0.09882307564
-0.2806256677,0.5129687802,-0.09997315661
-0.292411186,0.5033712424,-0.1002825272
-0.3046268943,0.4946243763,-0.1003591808
-0.3171608272,0.4866651591,-0.1007657685
-0.3297919877,0.4792655943,-0.1019151469
-0.3422478444,0.4721185094,-0.1040178142
-0.3542623171,0.4649196025,-0.1070897569
-0.3656152303,0.4574201971,-0.1109952132
-0.3761555013,0.4494605847,-0.1155043345
-0.3858084112,0.4409731741,-0.1203526711
-0.3945699303,0.431968049,-0.1252879804
-0.4024883904,0.4225128736,-0.1300987665
-0.4096469835,0.4127097824,-0.134630384
-0.4161471625,0.4026743209,-0.1387878915
-0.4220935495,0.3925206033,-0.1425299747
-0.4275840195,0.3823495481,-0.1458575749
-0.4327013191,0.3722457601,-0.1488013489
-0.4375102029,0.3622761319,-0.1514093412
-0.4420575821,0.3524929959,-0.153737727
-0.4463762667,0.3429344172,-0.1558428871
-0.4504876866,0.3336265351,-0.1577767832
-0.4544046312,0.3245873865,-0.1595839269
-0.4581349474,0.3158290053,-0.1613002506
-0.4616840886,0.3073596444,-0.1629527333
-0.4650580205,0.2991858155,-0.1645615417
-0.4682630043,0.2913141433,-0.1661390067
-0.4713069427,0.2837511216,-0.1676911478
-0.4742000443,0.2765024767,-0.1692181948
-0.4769553003,0.2695717295,-0.1707161221
-0.479586772,0.2629633756,-0.1721761404
-0.4821097079,0.2566816795,-0.1735858528
-0.4845394741,0.2507296537,-0.1749289783
-0.4868901807,0.2451088235,-0.1761859167
-0.4891737797,0.2398179841,-0.1773342902
-0.4913984215,0.2348536742,-0.1783499067
-0.4935669419,0.2302114857,-0.1792071783
-0.4956760604,0.2258862086,-0.1798806009
-0.4977156638,0.2218724545,-0.1803462696
-0.4996685365,0.218164895,-0.1805835022
-0.5015110603,0.2147583651,-0.1805769331
-0.5032142127,0.2116484254,-0.1803183605
-0.5047451528,0.2088321849,-0.179808091
-0.5060693544,0.2063089042,-0.1790558679
-0.5071531579,0.2040803603,-0.178081176
-0.5079664489,0.2021510191,-0.1769129085
-0.5084852716,0.2005280631,-0.1755881602
-0.5086941073,0.199221127,-0.1741502946
-0.5085875708,0.1982418097,-0.1726463962
-0.5081713135,0.1976030102,-0.171124298
-0.5074620248,0.1973181141,-0.1696294525
-0.5064864886,0.1974001758,-0.1682019103
-0.5052797805,0.1978610888,-0.1668737087
-0.5038827734,0.1987108235,-0.1656669093
-0.5023391722,0.1999568234,-0.1645924596
-0.5006923403,0.2016037579,-0.1636499354
-0.4989822128,0.2036537313,-0.162828089
-0.4972427601,0.2061058801,-0.1621063375
-0.4955002016,0.2089557667,-0.1614569558
-0.4937716898,0.2121962206,-0.1608473113
-0.492064648,0.215818723,-0.1602421283
-0.4903770659,0.2198135061,-0.159605863
-0.4886983722,0.2241694803,-0.1589047876
-0.4870106778,0.2288746468,-0.1581084489
-0.4852911081,0.2339146204,-0.1571912309
-0.483513235,0.2392753279,-0.1561322273
-0.4816484938,0.2449421902,-0.1549152104
-0.4796684212,0.2508986922,-0.1535285305
-0.47754571,0.2571274905,-0.151964116
-0.4752544374,0.263613729,-0.1502162247
-0.4727717851,0.270341326,-0.1482814094
-0.4700786876,0.2772946369,-0.1461576305
-0.4671595383,0.2844589515,-0.1438428922
-0.4640028075,0.2918200552,-0.141335058
-0.4606017681,0.2993647897,-0.1386321806
-0.456955209,0.3070808454,-0.1357329972
-0.4530673535,0.3149579508,-0.1326372777
-0.4489464382,0.3229892984,-0.1293461112
-0.444604434,0.3311716131,-0.125863774
-0.4400561157,0.3395068329,-0.1221997919
-0.4353171243,0.3480023484,-0.1183701501
-0.4304021408,0.3566695442,-0.1143993967
-0.4253215391,0.3655219254,-0.1103232975
-0.4200773099,0.3745746559,-0.106188437
-0.4146597834,0.3838401936,-0.1020526476
-0.4090438074,0.3933236387,-0.09798312382
-0.4031865534,0.4030169086,-0.09405283514
-0.3970275702,0.4128927913,-0.09033407635
-0.3904909405,0.4229015746,-0.08689150973
-0.3834898194,0.4329658482,-0.08377239773
-0.3759357051,0.4429800624,-0.08099789867
-0.3677488476,0.4528146578,-0.07855523899
-0.3588706657,0.4623237312,-0.07639351024
-0.3492738502,0.4713587143,-0.07442119731
-0.3389715362,0.4797825088,-0.07251131849
-0.3280210411,0.4874864728,-0.070509022
-0.3165229649,0.4944069881,-0.06824657474
-0.3046131009,0.5005360798,-0.06555911594
-0.2924528228,0.5059303476,-0.06230435553
-0.2802115957,0.5107080457,-0.05838179669
-0.2680484994,0.5150379245,-0.05374932236
-0.2560923745,0.5191231478,-0.04843188451
-0.2444241983,0.5231807391,-0.0425220472
-0.2330670619,0.5274103331,-0.036175166
-0.221983291,0.5319673613,-0.02959301374
-0.2110850226,0.5369394176,-0.02300376399
-0.2002424233,0.5423350692,-0.01663374418
-0.189314282,0.5480766748,-0.01068553335
-0.1781668069,0.5540147879,-0.005314958894
-0.1666893449,0.5599439064,-0.0006164648102
-0.1548119471,0.5656277098,0.003384067009
-0.1425123659,0.5708305748,0.006727438808
-0.1298136742,0.5753408877,0.009511985427
-0.1167798139,0.5789886239,0.01188080234
-0.1035071726,0.5816642848,0.01400622512
-0.09011327616,0.5833257894,0.01606822479
-0.07672017302,0.5839943968,0.01823942147
-0.06344522901,0.5837503037,0.02067002987
-0.05038804539,0.5827220676,0.02347624864
-0.03761996807,0.5810717436,0.02673367887
-0.0251856748,0.5789745948,0.03047185637
-0.01309776608,0.5766029423,0.03467715154
-0.001342994728,0.5741133524,0.03929837225
0.01011399776,0.571631674,0.04425383994
0.02132050906,0.5692461527,0.04944280094
0.03233192384,0.5670043916,0.05475597279
0.04319540092,0.5649179386,0.06008615286
0.05395092048,0.5629671427,0.06533715493
0.06462399645,0.5611084788,0.0704287891
0.07522523002,0.5592853688,0.07530195983
0.08575115202,0.557435406,0.07991840272
0.09618497009,0.5554996029,0.08425937639
0.10650092,0.5534277144,0.08832306848
0.1166682087,0.5511800403,0.0921210642
0.1266550719,0.548728862,0.09567455944
0.1364278086,0.5460593167,0.09900975007
0.1459528471,0.5431696862,0.1021548654
0.1551997068,0.540069151,0.105137401
0.1641443237,0.5367731605,0.107982983
0.1727683874,0.5333001651,0.1107154151
0.1810590096,0.5296704688,0.1133554918
0.1890047007,0.5259081506,0.115918046
0.1965967701,0.5220373719,0.1184136811
0.2038277645,0.5180823912,0.1208486485
0.210691226,0.5140664798,0.1232249038
0.2171825587,0.5100111115,0.1255409662
0.223299947,0.5059352185,0.1277920731
0.2290439073,0.5018555237,0.1299699961
0.2344156266,0.497788908,0.1320627703
0.2394192571,0.4937506935,0.1340560186
0.24406019,0.4897573581,0.1359326375
0.2483463177,0.4858261172,0.1376737025
0.2522876525,0.4819754981,0.13925892
0.2558981352,0.4782258693,0.1406679499
0.2591945468,0.4746007293,0.1418813168
0.2621980239,0.4711258873,0.1428823468
0.2649316199,0.4678312459,0.1436581987
0.2674213213,0.4647491536,0.1442020196
0.2696958005,0.4619125327,0.1445147916
0.2717831582,0.4593551952,0.1446059021
0.273708824,0.4571108253,0.1444936733
0.2754935898,0.4552112869,0.1442051616
0.2771523704,0.4536844857,0.1437755897
0.2786928129,0.4525524611,0.1432468456
0.2801143503,0.4518295783,0.1426652216
0.2814075309,0.4515214605,0.1420784688
0.2825539775,0.4516246428,0.141532515
0.2835273332,0.4521266713,0.14106827
0.2842950214,0.4530067553,0.1407188112
0.2848206102,0.4542369585,0.1405072186
0.2850664571,0.4557838934,0.1404452421
0.2849962598,0.4576108607,0.1405328885
0.284577351,0.4596801337,0.1407589538
0.2837825456,0.4619551498,0.1411023965
0.2825913832,0.464402437,0.1415343509
0.2809906628,0.4669931697,0.1420205259
0.2789743511,0.4697042229,0.1425237584
0.2765430473,0.4725185352,0.1430064989
0.2737030731,0.4754249597,0.1434329489
0.2704654345,0.4784176139,0.1437708984
0.2668446658,0.4814948799,0.1439930287
0.2628572836,0.4846584191,0.1440774945
0.2585193625,0.4879128569,0.1440076874
0.2538446766,0.4912654299,0.1437718041
0.2488449945,0.4947239664,0.1433625883
0.2435309395,0.4982947528,0.1427767357
0.237911937,0.5019814597,0.1420140165
0.2319948481,0.5057855756,0.1410756502
0.2257834868,0.5097062336,0.1399634625
0.2192789852,0.5137397254,0.1386786614
0.2124804583,0.5178788497,0.1372211705
0.2053854809,0.5221123863,0.1355891895
0.1979914321,0.5264241363,0.133779351
0.1902941134,0.5307923932,0.1317859408
0.1822865383,0.5351906565,0.1296009313
0.173960054,0.5395860789,0.1272155945
0.1653053028,0.5439386229,0.1246221174
0.1563135853,0.5482001403,0.1218156685
0.1469740915,0.5523154096,0.1187963786
0.1372763136,0.5562219523,0.1155732073
0.1272093585,0.5598516755,0.1121672352
0.1167637027,0.5631345548,0.1086152723
0.105934314,0.566003981,0.1049746197
0.09471941417,0.568403851,0.1013236292
0.08312040097,0.5702990822,0.09776035217
0.07114615496,0.5716834811,0.09439866883
0.05881190478,0.5725916642,0.09135964121
0.04614167377,0.5731065735,0.08875647388
0.03316621551,0.5733620664,0.08667366311
0.01991861058,0.5735373276,0.08514363267
0.006432752553,0.5738385108,0.08412322784
-0.007254417205,0.5744693195,0.08347755399
-0.02110609632,0.575590123,0.08297453751
-0.0350885709,0.5772732643,0.08230212167
-0.04916796841,0.5794646596,0.08110788362
-0.06330711181,0.5819646556,0.07905562991
-0.07746297778,0.584434385,0.07589176689
-0.09158279853,0.5864338645,0.07150827686
-0.1056048788,0.5874898539,0.06598637968
-0.1194680974,0.5871780728,0.0596073166
-0.1331323604,0.5852044327,0.05282463322
-0.1465992514,0.5814772114,0.04619932709
-0.1599254148,0.5761487666,0.04030468977
-0.1732294317,0.5696122639,0.03561179029
-0.1866716458,0.5624492765,0.03237817743
-0.2004248626,0.555326744,0.03056440916
-0.2146290028,0.5488548346,0.02981077332
-0.2293378152,0.5434450625,0.02948605318
-0.2444828227,0.5391951765,0.02881579982
-0.259864555,0.5358536479,0.0270679981
-0.2751738274,0.5328734083,0.02373153133
-0.2900411253,0.5295350793,0.018638692
-0.3041146978,0.5251183795,0.01201925579
-0.3171497282,0.5190638042,0.004450064213
-0.3290681274,0.5110899414,-0.003264861852
-0.3399985834,0.5012580706,-0.01027049309
-0.3502777541,0.4899644515,-0.01585312447
-0.3603915052,0.477858858,-0.01961637387
-0.3708680779,0.4656919701,-0.02159750606
-0.3821432156,0.4541402536,-0.02228526058
-0.3944257982,0.4436379844,-0.02251540811
-0.4076124569,0.4342646241,-0.02325281321
-0.4212875434,0.4257318397,-0.02533750287
-0.4348137695,0.4174800724,-0.02925984841
-0.44749281,0.408839847,-0.03503495542
-0.4587346973,0.3992013264,-0.04221270751
-0.4681926873,0.3881629247,-0.04999600006
-0.475856731,0.3756168884,-0.05744123037
-0.4820627425,0.361754977,-0.06368093223
-0.4874266599,0.3470002941,-0.06813517038
-0.4927066419,0.3318904891,-0.07065707506
-0.4986183965,0.3169425665,-0.07157636535
-0.5056314801,0.3025384614,-0.07160825676
-0.513840921,0.2888507578,-0.07165933993
-0.5229437596,0.2758325448,-0.07257867455
-0.532333412,0.2632630508,-0.07494130431
-0.5412788767,0.2508394711,-0.07893314142
-0.549104196,0.2382694665,-0.08435604293
-0.5553296162,0.2253479685,-0.09072332229
-0.559743569,0.2119870917,-0.09740434405
-0.5624091586,0.1982084383,-0.1037721911
-0.5636156571,0.1841115711,-0.1093228493
-0.5637944126,0.1698300661,-0.1137485835
-0.5634234402,0.155499991,-0.1169605126
-0.5629359753,0.1412407951,-0.1190645889
-0.562659176,0.1271427548,-0.1203070153
-0.5627814788,0.1132655823,-0.1210058968
-0.5633537299,0.09964719974,-0.1214839091
-0.5643162819,0.0863062402,-0.1220183571
-0.5655368936,0.07325031423,-0.1228111183
-0.5668500479,0.06048383825,-0.1239786934
-0.5680910675,0.04801163602,-0.1255605163
-0.569119325,0.0358386389,-0.1275363031
-0.5698315089,0.02397168319,-0.1298457284
-0.5701621997,0.01241746902,-0.1324071328
-0.5700817754,0.001184187248,-0.1351316456
-0.5695893258,-0.009720585941,-0.1379346657
-0.5687083146,-0.02028877407,-0.1407422858
-0.5674752394,-0.0305145784,-0.1434940794
-0.565933504,-0.04039414556,-0.1461430563
-0.5641290313,-0.04992541055,-0.1486547401
-0.5621069643,-0.05910678325,-0.1510050913
-0.5599088387,-0.06793888398,-0.1531792995
-0.5575717159,-0.07642180633,-0.155168908
-0.5551272432,-0.0845542514,-0.1569699163
-0.5526017545,-0.09233343001,-0.1585814309
-0.5500155234,-0.09975651158,-0.1600053213
-0.5473840034,-0.1068207531,-0.1612463305
-0.544718565,-0.11352113,-0.1623110676
-0.542028046,-0.1198499769,-0.1632083889
-0.5393187098,-0.1257990609,-0.1639499847
-0.536595615,-0.131359422,-0.1645509477
-0.5338630985,-0.1365225507,-0.1650298986
-0.5311265609,-0.1412802677,-0.1654092459
-0.5283940402,-0.1456246134,-0.1657147288
-0.5256771035,-0.1495490869,-0.1659749656
-0.5229924606,-0.1530491431,-0.1662204352
-0.5203624194,-0.1561234896,-0.1664822311
-0.5178148169,-0.1587755274,-0.1667904402
-0.5153830019,-0.1610138559,-0.1671721634
-0.5131051148,-0.1628524458,-0.1676492357
-0.511022764,-0.1643103679,-0.1682360394
-0.5091791104,-0.1654111043,-0.1689376307
-0.507616516,-0.1661814049,-0.1697484388
-0.5063739673,-0.166649659,-0.1706517041
-0.5054844826,-0.1668439343,-0.1716197897
-0.504972751,-0.1667899266,-0.1726155133
-0.5048532969,-0.1665090217,-0.1735943701
-0.5051293651,-0.1660167145,-0.1745074758
-0.5057926617,-0.1653215617,-0.175304941
-0.506823982,-0.1644247772,-0.1759393252
-0.5081946612,-0.1633204795,-0.1763688106
-0.5098687669,-0.1619964345,-0.176559766
-0.5118057415,-0.1604351112,-0.176488382
-0.5139629303,-0.1586153156,-0.176141449
-0.5162976671,-0.1565144921,-0.1755164154
-0.5187691759,-0.1541105018,-0.1746205362
-0.5213409454,-0.1513818144,-0.1734691828
-0.5239818659,-0.148308373,-0.1720839877
-0.526666541,-0.1448726776,-0.1704907175
-0.5293750556,-0.14106082,-0.1687172657
-0.5320919276,-0.1368632141,-0.166792131
-0.5348054547,-0.1322742299,-0.164743056
-0.5375076743,-0.1272895871,-0.1625951526
-0.5401916032,-0.1219088211,-0.1603711893
-0.5428502856,-0.1161344705,-0.1580912604
-0.545476558,-0.1099691846,-0.155772357
-0.5480627073,-0.1034150428,-0.1534278268
-0.5505983365,-0.09647618767,-0.1510681892
-0.553070695,-0.08915589877,-0.1487003975
-0.555462985,-0.0814582621,-0.1463289327
-0.557754161,-0.07338727888,-0.1439556271
-0.5599189911,-0.06494848561,-0.1415800685
-0.5619282505,-0.05614969038,-0.1391988191
-0.5637492858,-0.04700095623,-0.136803854
-0.5653462741,-0.0375154515,-0.134381873
-0.5666818839,-0.02771020024,-0.1319140889
-0.5677199735,-0.01760564198,-0.1293753278
-0.5684275092,-0.007227889674,-0.1267339339
-0.5687778781,0.00339058081,-0.1239506807
-0.5687556379,0.0142114166,-0.1209798565
-0.568360289,0.02519264531,-0.1177716068
-0.5676095861,0.03629075655,-0.114275376
-0.5665434347,0.04746265475,-0.1104448336
-0.5652249676,0.0586721801,-0.1062442869
-0.5637373635,0.06989377447,-0.1016563675
-0.5621784171,0.0811202344,-0.09668793934
-0.5606515038,0.09236285492,-0.09137813605
-0.5592512599,0.1036542486,-0.08580141728
-0.5580476779,0.1150463253,-0.0800665922
-0.5570718198,0.1266035742,-0.07431214188
-0.5563020939,0.1383933037,-0.06869346693
-0.5556591606,0.1504716603,-0.06336802606
-0.5550068956,0.1628712631,-0.05847694436
-0.5541648187,0.1755891827,-0.05412645692
-0.5529232159,0.1885839869,-0.0503724123
-0.5510696939,0.2017690158,-0.04721090928
-0.5484140288,0.2150211515,-0.04457474206
-0.5448122715,0.2281912788,-0.04234091155
-0.5401814691,0.241121528,-0.0403411749
-0.53451104,0.2536639919,-0.03837356214
-0.5278686154,0.2656951702,-0.03622842976
-0.5203895376,0.2771339439,-0.03370956876
-0.5122631426,0.2879479901,-0.03065189521
-0.503715815,0.2981629577,-0.02693933616
-0.4949857778,0.307856716,-0.0225210535
-0.4862932207,0.3171513067,-0.01741509487
-0.4778191366,0.3262003698,-0.01170628137
-0.4696873238,0.3351676579,-0.005538854345
-0.4619486663,0.3442082308,0.0009014913377
-0.4545834926,0.3534420303,0.007405959377
-0.4475065396,0.3629449477,0.01376764028
-0.440587139,0.3727328587,0.01980036075
-0.4336701131,0.3827646609,0.02535656152
-0.4265928081,0.3929489023,0.03033923234
-0.4192099594,0.4031538023,0.0347052562
-0.411404846,0.4132295078,0.03846459878
-0.4030999077,0.4230225505,0.04167349701
-0.3942604337,0.4323886077,0.04442248678
-0.3848930267,0.4412086453,0.04682374914
-0.3750395239,0.449394079,0.04900108566
-0.3647726565,0.4568910036,0.05107501538
-0.3541810554,0.463681923,0.05315552132
-0.3433625024,0.4697827341,0.05533072606
-0.3324166933,0.4752340077,0.05766544994
-0.3214352418,0.4800960616,0.06020140551
-0.3104988556,0.4844404129,0.06295499606
-0.2996712289,0.4883427962,0.06592164648
-0.2890008849,0.4918758309,0.06907884168
-0.2785217755,0.4951045716,0.07239175763
-0.2682552352,0.4980842072,0.07581861592
-0.2582111337,0.5008579825,0.07931430022
-0.2483911548,0.5034572409,0.08283402328
-0.2387942149,0.505902616,0.08633551539
-0.2294196917,0.5082049686,0.08978098545
-0.220267648,0.5103690294,0.09313843537
-0.2113355057,0.5123969177,0.0963829034
-0.2026214456,0.5142894402,0.09949537749
-0.1941233849,0.5160466809,0.102461768
-0.1858441669,0.5176691278,0.1052720754
-0.1777891184,0.5191594247,0.1079199356
-0.1699667246,0.5205228101,0.1104017477
-0.1623875791,0.5217677168,0.1127161697
-0.1550606797,0.5229063734,0.114865012
-0.1479948604,0.5239535292,0.1168526101
-0.1411986905,0.5249262117,0.1186855853
-0.1346813869,0.5258433971,0.1203734302
-0.1284515107,0.526725139,0.1219285873
-0.1225184004,0.5275914459,0.1233666033
-0.1168920411,0.5284612652,0.1247061563
-0.1115819902,0.5293512901,0.1259687129
-0.1065976884,0.5302743711,0.1271786428
-0.1019487443,0.5312387202,0.1283623775
-0.09764466259,0.5322463747,0.1295472862
-0.0936960777,0.5332924489,0.1307600492
-0.0901122703,0.5343649941,0.1320255793
-0.08690042571,0.5354448451,0.1333651194
-0.0840668675,0.5365063619,0.1347940461
-0.08161765864,0.5375187291,0.1363200119
-0.0795579387,0.5384478797,0.1379418399
-0.07789081682,0.5392586424,0.1396489063
-0.07661701494,0.5399172488,0.1414210632
-0.07573441561,0.5403938479,0.1432293432
-0.07523821773,0.5406648235,0.1450371989
-0.07512140818,0.5407147927,0.1468024206
-0.07537519873,0.5405379913,0.1484796117
-0.07598946067,0.5401389069,0.1500229964
-0.07695326998,0.5395320941,0.1513892926
-0.07825551978,0.5387411793,0.1525404023
-0.07988564626,0.5377971477,0.1534456606
-0.08183435158,0.5367360735,0.1540834701
-0.08409421715,0.5355965006,0.1544422053
-0.08666018172,0.5344166948,0.154520313
-0.08952979461,0.5332320692,0.1543256969
-0.09270310049,0.5320729484,0.1538745154
-0.09618235263,0.5309628996,0.1531894626
-0.09997131435,0.5299176506,0.1522978967
-0.1040744016,0.5289446545,0.1512298893
-0.1084958562,0.5280433021,0.1500164356
-0.1132402795,0.5272055838,0.1486874966
-0.1183136254,0.5264171271,0.1472704535
-0.1237221252,0.5256585192,0.1457895584
-0.1294700093,0.5249067291,0.1442658288
-0.1355581904,0.5241366377,0.1427170342
-0.1419849126,0.523322551,0.141157775
-0.1487479306,0.522439342,0.1395992964
-0.1558440578,0.5214634496,0.1380500965
-0.1632692477,0.5203738936,0.1365166561
-0.171018725,0.5191529942,0.1350038427
-0.1790871293,0.5177871033,0.1335155001
-0.1874666499,0.5162672785,0.1320542511
-0.196152069,0.5145886371,0.130619006
-0.2051389158,0.5127510429,0.1292051184
-0.2144226407,0.5107585601,0.1278029219
-0.2239983893,0.5086189853,0.1263967215
-0.2338610529,0.5063425964,0.124963186
-0.2440057594,0.5039390351,0.1234687579
-0.2544242338,0.5014145374,0.1218684953
-0.2651046869,0.4987669186,0.1201048489
-0.2760275849,0.4959822243,0.1181102425
-0.2871623419,0.4930296195,0.1158103992
-0.2984663114,0.4898546986,0.1131287345
-0.3098828675,0.4863777729,0.1099975173
-0.3213355808,0.4824951856,0.1063695689
-0.3327326482,0.4780820451,0.1022315597
-0.3439677273,0.4730026011,0.09761857401
-0.3549318984,0.4671233049,0.09262423264
-0.3655292225,0.4603300121,0.08740581198
-0.3756918823,0.4525500873,0.0821804819
-0.3853983322,0.443775171,0.07721037914
-0.3946934992,0.4340762937,0.07277084598
-0.4036997582,0.4236115089,0.0691069857
-0.4126099564,0.4126210128,0.06638217805
-0.421668915,0.4014013279,0.0646261721
-0.4311309879,0.3902633307,0.06369707061
-0.441201592,0.3794772383,0.06327207731
-0.4519779637,0.3692125598,0.06288170631
-0.4634001926,0.3594934214,0.06198697454
-0.475230803,0.3501818775,0.06008191101
-0.4870743178,0.3410011161,0.05680751475
-0.4984350664,0.3315958287,0.05204388102
-0.5088081478,0.3215979905,0.04595064559
-0.5177797046,0.310703999,0.03895482287
-0.5251287544,0.2987270153,0.03168027202
-0.5308894159,0.285631744,0.02483487449
-0.5353736734,0.2715402488,0.0190680422
-0.5391323325,0.2567185248,0.01482743158
-0.5428553761,0.2415193771,0.01223704493
-0.547215612,0.2263139978,0.01104355208
-0.5527054287,0.2114159926,0.01063897773
-0.5594867074,0.1970156798,0.01019242083
-0.5673266091,0.1831414237,0.00885626316
-0.5756307315,0.1696724582,0.005977377602
-0.5835776409,0.1563881311,0.001264269328
-0.5903217538,0.143029395,-0.005135353959
-0.5951868015,0.1293623827,-0.01267273491
-0.597822991,0.1152231793,-0.02052302238
-0.5983017828,0.1005374154,-0.02777574357
-0.5971148281,0.08532272659,-0.03364242301
-0.5950720171,0.06966437584,-0.03765252779
-0.5931159849,0.05368865204,-0.03978498674
-0.5920938114,0.03754109713,-0.04049688013
-0.5925215449,0.0213637108,-0.04061887603
-0.5944305918,0.005286740572,-0.04113518971
-0.5973555558,-0.01057818699,-0.04292059218
-0.6004685521,-0.02614470736,-0.04650236692
-0.6028077558,-0.04135764379,-0.05193072737
-0.6035210181,-0.05619038972,-0.05878974918
-0.6020729241,-0.07064712092,-0.06632181441
-0.5983553533,-0.08476942164,-0.073623451
-0.5926889349,-0.09863611294,-0.07986115936
-0.5857270631,-0.1123835918,-0.08446772121
-0.5782923812,-0.1261821192,-0.08726381694
-0.5711711224,-0.1401923439,-0.08848643322
-0.56493356,-0.1545134145,-0.08870561345
-0.5598239755,-0.1691400289,-0.08866398332
-0.5557430832,-0.1839532691,-0.08908146145
-0.5523219817,-0.198747432,-0.09049586356
-0.5490507894,-0.2132744453,-0.09317144156
-0.5454174223,-0.2272947579,-0.09709170339
-0.5410118622,-0.2406141142,-0.1020172175
-0.5355862209,-0.2531070934,-0.1075736695
-0.529066188,-0.2647247834,-0.1133478068
-0.5215204079,-0.2754903482,-0.1189602301
-0.5131192913,-0.2854855197,-0.1241167289
-0.5040867102,-0.294828464,-0.1286308516
-0.4946564782,-0.3036531516,-0.1324238849
-0.4850422532,-0.3120870858,-0.1355084429
-0.475418425,-0.3202341915,-0.1379627117
-0.4659124604,-0.3281683392,-0.1399035143
-0.4566063825,-0.3359319542,-0.1414625399
-0.4475426541,-0.343540583,-0.1427668615
-0.4387339216,-0.3509870246,-0.1439262632
-0.4301741399,-0.3582480433,-0.1450261972
-0.4218473299,-0.3652918204,-0.1461283186
-0.4137352254,-0.37208504,-0.1472707929
-0.4058202846,-0.3785964537,-0.1484739777
-0.3980881722,-0.3847993032,-0.1497446237
-0.3905297903,-0.3906727496,-0.1510800962
-0.3831412683,-0.3962027675,-0.1524718578
-0.3759237086,-0.4013821318,-0.1539103489
-0.3688835786,-0.4062087783,-0.1553855988
-0.3620315494,-0.410685408,-0.1568888493
-0.3553821427,-0.4148187127,-0.1584128238
-0.3489499083,-0.4186207957,-0.1599533206
-0.3427515538,-0.4221074997,-0.161507837
-0.3368055241,-0.425297667,-0.1630759723
-0.331131675,-0.428213639,-0.1646578523
-0.3257495398,-0.4308813266,-0.1662534751
-0.3206779286,-0.4333299334,-0.1678613474
-0.315933223,-0.43559178,-0.1694777901
-0.3115301059,-0.437700796,-0.1710953273
-0.3074816001,-0.4396911469,-0.1727016096
-0.3037980708,-0.4415959939,-0.1742790287
-0.3004870189,-0.4434457306,-0.1758039741
-0.2975525408,-0.4452661138,-0.1772471731
-0.2949943354,-0.447076712,-0.1785748392
-0.292807862,-0.4488890909,-0.179750065
-0.2909847618,-0.4507053867,-0.1807347267
-0.2895134166,-0.4525175356,-0.1814918455
-0.2883797354,-0.4543072682,-0.1819881626
-0.2875680884,-0.456046894,-0.1821966907
-0.2870623926,-0.4577008989,-0.182098928
-0.286847219,-0.4592282244,-0.1816865023
-0.286908804,-0.4605850337,-0.1809620539
-0.2872358965,-0.4617277148,-0.1799392627
-0.2878203497,-0.4626158195,-0.178641986
-0.2886574108,-0.4632146674,-0.1771026093
-0.2897457372,-0.4634973745,-0.1753597722
-0.2910871816,-0.4634461443,-0.1734556884
-0.2926865537,-0.4630526747,-0.1714332486
-0.2945510027,-0.4623177895,-0.1693333131
-0.2966888673,-0.4612505759,-0.1671925365
-0.2991083833,-0.4598670747,-0.1650416889
-0.3018178437,-0.4581880629,-0.1629043278
-0.3048256403,-0.4562368195,-0.1607959979
-0.3081390777,-0.4540373771,-0.1587244205
-0.3117638735,-0.4516125362,-0.156689791
-0.3157033429,-0.4489825973,-0.1546859677
-0.3199568844,-0.4461651985,-0.1527023913
-0.3245226726,-0.4431735834,-0.1507250335
-0.32939688,-0.4400165068,-0.148737666
-0.3345718918,-0.4366998669,-0.1467240852
-0.340038732,-0.4332260889,-0.1446688287
-0.3457898166,-0.429593607,-0.1425576852
-0.3518159681,-0.4257985294,-0.1403788797
-0.3581074539,-0.4218350547,-0.1381238474
-0.364655326,-0.4176951169,-0.1357872113
-0.3714503416,-0.4133693564,-0.1333677619
-0.3784837634,-0.4088471071,-0.1308686955
-0.3857467827,-0.4041167953,-0.1282984831
-0.3932298125,-0.3991651221,-0.1256706144
-0.4009218274,-0.3939756412,-0.1230028913
-0.4088085292,-0.3885281515,-0.1203173941
-0.4168729882,-0.3827975043,-0.1176396022
-0.4250928935,-0.3767535728,-0.1149976708
-0.4334375923,-0.3703615045,-0.1124206178
-0.4418648034,-0.3635816673,-0.1099346749
-0.4503206808,-0.3563712381,-0.1075598928
-0.4587378016,-0.3486874625,-0.1053069531
-0.4670358518,-0.3404900953,-0.1031722345
-0.4751234519,-0.3317477014,-0.1011336646
-0.4829036827,-0.3224425411,-0.0991473318
-0.4902808147,-0.3125758491,-0.09714807193
-0.4971690845,-0.3021718008,-0.09504746284
-0.5035028884,-0.2912826867,-0.09273961418
-0.50924789,-0.2799880948,-0.09010928997
-0.514409334,-0.2683924362,-0.08704407292
-0.5190403318,-0.2566175568,-0.08344686012
-0.5232408194,-0.2447902982,-0.07925176656
-0.5271523243,-0.2330298909,-0.07443727262
-0.5309465035,-0.2214286869,-0.06903598952
-0.5348025689,-0.2100413862,-0.06313910119
-0.5388866906,-0.1988723041,-0.05689325205
-0.5433229002,-0.1878748106,-0.0504872909
-0.5481702972,-0.176959546,-0.04413452944
-0.5534116994,-0.1660078713,-0.03804975859
-0.558950649,-0.1548857765,-0.03242187236
-0.5646160853,-0.1434705117,-0.02739393446
-0.570186053,-0.1316694087,-0.02304699837
-0.575412874,-0.1194288844,-0.01939218001
-0.5800474208,-0.1067441505,-0.01637057317
-0.5838714559,-0.09365956954,-0.01385977871
-0.5867211114,-0.08026349065,-0.01169249954
-0.5884979702,-0.06667300415,-0.009672522536
-0.5891806428,-0.05302181636,-0.007592529689
-0.5888266115,-0.03944655515,-0.00525784892
-0.5875613314,-0.02606753368,-0.00250440593
-0.5855610519,-0.01297988726,0.0007879411325
-0.5830392013,-0.0002428841098,0.004686127337
-0.5802210523,0.0121221975,0.009196623587
-0.5773174191,0.02413603457,0.01426972539
-0.5745065157,0.03585025705,0.01980581418
-0.5719191342,0.04733920555,0.02566846503
-0.569627619,0.05869323469,0.03170100846
-0.5676441859,0.0699974111,0.03774072813
-0.5659269205,0.08132124452,0.0436348816
-0.5643924171,0.09271271251,0.04925478114
-0.5629286088,0.1041929682,0.05450358027
-0.5614129406,0.1157513345,0.05931975744
-0.5597235581,0.1273589616,0.06367961951
-0.5577565076,0.138964388,0.06759029608
-0.5554307345,0.1505062647,0.07108448839
-0.5526904241,0.1619185464,0.07421410461
-0.5495092512,0.1731363569,0.0770414591
-0.5458854792,0.1841022339,0.07963273129
-0.5418401994,0.194767612,0.08205115761
-0.5374117209,0.2050948997,0.08435325611
-0.5326493571,0.2150580651,0.08658758147
-0.5276082288,0.2246426721,0.08879237334
-0.5223457303,0.2338433828,0.09099534744
-0.516919985,0.2426605892,0.09321420241
-0.511386761,0.2510990245,0.09545725617
-0.5057963293,0.259167542,0.09772683087
-0.5001915255,0.2668796548,0.1000228199
-0.4946084938,0.2742511293,0.1023436022
-0.4890787547,0.2812962631,0.104683817
-0.4836288477,0.2880275427,0.1070376273
-0.4782819402,0.294454809,0.1093998769
-0.4730582358,0.300584733,0.1117661451
-0.467975099,0.3064215866,0.1141339623
-0.4630457543,0.3119687789,0.116502622
-0.4582794808,0.3172278649,0.1188725712
-0.4536833213,0.3221974593,0.1212442811
-0.4492616422,0.3268740602,0.1236186685
-0.4450164645,0.331252024,0.1259959487
-0.4409482102,0.3353232558,0.1283745453
-0.4370557103,0.3390773992,0.1307506826
-0.4333357481,0.3425034804,0.1331173519
-0.429784061,0.3455900774,0.135463199
-0.4263952975,0.3483270419,0.1377724678
-0.423164498,0.3507058993,0.1400241267
-0.4200884861,0.3527208155,0.1421919179
-0.41716455,0.3543716934,0.1442458882
-0.4143920969,0.3556644198,0.1461531346
-0.4117743793,0.3566109582,0.1478790459
-0.4093193858,0.3572295119,0.14938917
-0.4070402026,0.3575444289,0.1506514956
-0.4049546557,0.3575860613,0.1516388105
-0.4030850456,0.357389478,0.1523309212
-0.4014571032,0.3569928894,0.1527166385
-0.4000990213,0.3564352928,0.1527950377
-0.3990402325,0.3557538184,0.1525760126
-0.3983098269,0.3549811477,0.1520800332
-0.3979347739,0.3541432414,0.1513370581
-0.3979381873,0.3532575471,0.1503846579
-0.3983378283,0.3523318575,0.1492655096
-0.3991449963,0.3513639253,0.1480245099
-0.4003639483,0.350341834,0.1467057803
-0.4019918425,0.3492450908,0.1453498609
-0.4040191536,0.34804632,0.1439913858
-0.4064304798,0.3467133363,0.142657469
-0.4092055558,0.34521139,0.1413668015
-0.4123203333,0.3435054234,0.1401295224
-0.4157480283,0.3415621378,0.1389477598
-0.4194602386,0.3393515142,0.1378166738
-0.4234282149,0.3368474396,0.1367257248
-0.4276250169,0.3340271044,0.1356597388
-0.4320261275,0.3308709139,0.1346005302
-0.4366083987,0.3273632848,0.1335286538
-0.4413490681,0.3234930411,0.1324249615
-0.4462256549,0.3192527972,0.1312716684
-0.4512167973,0.314637332,0.1300530443
-0.4563023973,0.3096425103,0.1287559927
-0.4614629297,0.3042641763,0.1273704922
-0.4666783314,0.2984986798,0.1258904563
-0.4719278626,0.2923422119,0.1243141
-0.4771893529,0.2857914195,0.1226449883
-0.4824393213,0.2788431183,0.1208918151
-0.4876563499,0.2714925438,0.1190681582
-0.492819942,0.2637360876,0.1171937318
-0.4979114731,0.2555729082,0.115294624
-0.5029165976,0.2470048672,0.1134028339
-0.5078275948,0.2380367758,0.1115556821
-0.512646439,0.2286781845,0.1097935082
-0.5173864829,0.2189448962,0.1081565845
-0.5220759369,0.2088593772,0.1066799644
-0.5267586927,0.1984520438,0.1053880039
-0.5314929022,0.1877599894,0.1042860321
-0.5363479112,0.1768235483,0.1033502343
-0.5413950318,0.1656833561,0.1025225246
-0.5466958796,0.1543785324,0.1017039522
-0.55228618,0.1429399024,0.1007549889
-0.5581566903,0.1313875384,0.09950227599
-0.5642388629,0.1197210637,0.09775486829
-0.5703921138,0.1079199953,0.09532949574
-0.5764009829,0.0959486384,0.09208297067
-0.5819866391,0.08376248037,0.08794668229
-0.586835842,0.07131449473,0.08295701823
-0.5906425987,0.05856503945,0.07727380649
-0.5931584745,0.04548993474,0.07117983338
-0.5942478097,0.03207759431,0.06505739186
-0.5939329671,0.01832805814,0.05934046962
-0.5924208604,0.00425241781,0.0544451459
-0.5900976409,-0.01013371132,0.05068633842
-0.5874800156,-0.02480954689,0.04819682984
-0.585130114,-0.03974508137,0.04686731442
-0.5835382144,-0.05489927281,0.04633127272
-0.5830012235,-0.07021246494,0.04601606995
-0.5835309181,-0.08560595686,0.04524780615
-0.5848278017,-0.1009774514,0.04339980062
-0.586331512,-0.1162078071,0.04004031938
-0.5873307682,-0.1311646143,0.03503634901
-0.5871141697,-0.145723931,0.02859945928
-0.5851274714,-0.1598057377,0.02124999291
-0.581090235,-0.1734013112,0.01371895356
-0.5750633215,-0.1865968126,0.006797820797
-0.5674564503,-0.1995770973,0.001169844541
-0.5589571824,-0.2125994141,-0.002752690936
-0.5503808677,-0.225944453,-0.004947236659
-0.5424852045,-0.2398389036,-0.00581247056
-0.5357831298,-0.254383567,-0.006100651942
-0.5304002575,-0.2694977787,-0.006729563258
-0.5260397478,-0.28491064,-0.008547383618
-0.5220614019,-0.3002061018,-0.01211380496
-0.5176585459,-0.3149140542,-0.01755090626
-0.5120615368,-0.3286218371,-0.02451969427
-0.5047145553,-0.3410685418,-0.03230632337
-0.4954062166,-0.3522176321,-0.03999353845
-0.4843099326,-0.3622848935,-0.04667593658
-0.4719338415,-0.3717107532,-0.05167627101
-0.4589917263,-0.3810700348,-0.05471980146
-0.4462306236,-0.3909412152,-0.05601902843
-0.434244295,-0.401743455,-0.0562337349
-0.4233264997,-0.4135969604,-0.05629229391
-0.4134156502,-0.426268574,-0.05714311199
-0.4041377567,-0.4392293155,-0.05949692128
-0.3949338328,-0.4517936884,-0.06364948775
-0.3852276748,-0.463291533,-0.06943819165
-0.3745741024,-0.4732258571,-0.07631666652
-0.3627530749,-0.4813682885,-0.08351616058
-0.3497951269,-0.4877910183,-0.09023953236
-0.3359272203,-0.4928366795,-0.09583738899
-0.3214934955,-0.4970337187,-0.09993358023
-0.3068642997,-0.5009713238,-0.1024771887
-0.2923626537,-0.5051707049,-0.1037190994
-0.2782177238,-0.5099784998,-0.1041224793
-0.2645455812,-0.5155165505,-0.1042376257
-0.2513589456,-0.5216894926,-0.1045795006
-0.2385964706,-0.5282408659,-0.1055328573
-0.226158983,-0.5348361204,-0.1073106488
-0.2139401517,-0.5411348735,-0.109957288
-0.2018536538,-0.5468494538,-0.1133807143
-0.1898437324,-0.551777972,-0.1174021828
-0.1778857937,-0.5558134066,-0.1218049494
-0.1659837482,-0.5589332719,-0.1263727406
-0.1541624302,-0.5611815959,-0.1309170486
-0.1424565682,-0.562648294,-0.1352925847
-0.1309053184,-0.56344834,-0.1394014542
-0.1195445546,-0.5637039616,-0.1431891295
-0.1084065832,-0.5635318605,-0.1466372289
-0.09751882158,-0.5630352656,-0.1497540404
-0.08690543964,-0.5623010632,-0.1525662088
-0.07658529649,-0.5613991938,-0.155109686
-0.06657252845,-0.5603837845,-0.1574240221
-0.05687730237,-0.5592953638,-0.159547663
-0.04750723839,-0.5581641992,-0.1615148337
-0.03846677509,-0.557012584,-0.1633539066
-0.0297586357,-0.5558588339,-0.1650875429
-0.02138522098,-0.5547182077,-0.1667314625
-0.01334783621,-0.5536041035,-0.1682949986
-0.00564682241,-0.5525287342,-0.1697811846
0.001721013784,-0.5515031004,-0.1711885637
0.008758589882,-0.5505373522,-0.1725105189
0.01546813031,-0.5496408466,-0.1737365489
0.02185253793,-0.5488210994,-0.1748526285
0.02791465923,-0.5480827696,-0.1758422186
0.03365722746,-0.5474268911,-0.1766869867
0.03908304256,-0.5468499788,-0.1773683955
0.04419272698,-0.5463439855,-0.1778684777
0.04898422267,-0.545896331,-0.1781711176
0.0534524625,-0.5454902207,-0.1782637152
0.05758907887,-0.5451053159,-0.178138537
0.06138279708,-0.5447187795,-0.1777940963
0.06482014663,-0.5443067298,-0.1772363944
0.06788596428,-0.5438461026,-0.1764795303
0.0705641595,-0.5433166488,-0.175545698
0.07283867515,-0.542702924,-0.1744645787
0.07469462896,-0.5419960602,-0.1732720795
0.07611944964,-0.5411951433,-0.1720085357
0.07710389816,-0.5403080411,-0.1707163828
0.07764288466,-0.5393515493,-0.1694375003
0.0777359624,-0.5383508014,-0.1682104611
0.07738745692,-0.5373379433,-0.1670679438
0.07660620183,-0.5363501782,-0.1660345481
0.07540490303,-0.535427347,-0.1651252229
0.07379918551,-0.5346092655,-0.1643444562
0.07180622586,-0.5339331262,-0.1636862506
0.06944334687,-0.5334311156,-0.1631348929
0.06672720446,-0.5331283258,-0.1626665464
0.06367337413,-0.5330411828,-0.162251391
0.06029519667,-0.5331769021,-0.161855832
0.05660221403,-0.5335338325,-0.1614446224
0.05260032797,-0.5341018914,-0.160983112
0.04829235512,-0.5348634253,-0.160439172
0.04367814696,-0.5357945786,-0.1597844613
0.03875716148,-0.5368663982,-0.1589957849
0.03352771718,-0.5380472211,-0.1580551032
0.027986485,-0.5393041138,-0.1569489156
0.02213207764,-0.5406032523,-0.1556683901
0.01596484446,-0.5419114727,-0.1542082084
0.009484864801,-0.5431976797,-0.1525653882
0.002693102891,-0.5444331915,-0.1507384553
-0.00440671938,-0.5455921882,-0.1487272406
-0.01180952492,-0.5466523101,-0.1465314348
-0.01950923701,-0.5475945216,-0.1441495394
-0.02749766091,-0.5484036492,-0.1415793692
-0.03576396875,-0.5490691541,-0.1388182661
-0.04429617601,-0.549586072,-0.13586322
-0.05308199103,-0.5499550283,-0.132711414
-0.06210925947,-0.5501819136,-0.1293609391
-0.0713675557,-0.5502786053,-0.1258132314
-0.08084957548,-0.5502625747,-0.1220744849
-0.09055220885,-0.5501555525,-0.1181577718
-0.1004772458,-0.5499810647,-0.1140851826
-0.1106311531,-0.5497609059,-0.1098910091
-0.1210270003,-0.5495107949,-0.1056211676
-0.1316814178,-0.5492355477,-0.1013349143
-0.1426143551,-0.5489219952,-0.09710234356
-0.1538440503,-0.5485345671,-0.09300088024
-0.1653817447,-0.548011054,-0.08910905482
-0.1772261708,-0.5472627662,-0.08549915884
-0.1893575123,-0.5461747841,-0.08222678815
-0.2017315718,-0.5446143945,-0.07932165828
-0.2142780431,-0.5424418618,-0.07677900474
-0.2268989541,-0.5395261486,-0.07455489069
-0.2394778153,-0.535759822,-0.07256246228
-0.2518858426,-0.5310758092,-0.07067705942
-0.2639944108,-0.5254596864,-0.06874349414
-0.2756951714,-0.5189559473,-0.06658914499
-0.2869060189,-0.5116706095,-0.06404279675
-0.2975888605,-0.5037663962,-0.06095225164
-0.3077563098,-0.4954459479,-0.05720467683
-0.3174680583,-0.4869332322,-0.05274541859
-0.326834601,-0.4784455336,-0.04758497498
-0.3360024524,-0.4701706516,-0.04180318411
-0.3451356012,-0.4622402838,-0.03554512014
-0.3543933976,-0.4547127091,-0.02900591632
-0.3639050279,-0.4475682759,-0.02241141303
-0.373752772,-0.4407114631,-0.0159908882
-0.3839509991,-0.4339906352,-0.009954512045
-0.3944489923,-0.4272193617,-0.004468380623
-0.4051311967,-0.420200557,0.0003596297097
-0.4158334333,-0.412753147,0.004489566301
-0.4263661725,-0.4047339537,0.007949023862
-0.436532521,-0.3960484804,0.01082473896
-0.4461487855,-0.3866583143,0.01325098135
-0.4550654039,-0.3765828616,0.01539437486
-0.4631786633,-0.3658936863,0.01743250291
-0.4704357036,-0.3547001934,0.0195385475
-0.476837428,-0.3431386749,0.02186686659
-0.4824378875,-0.3313549427,0.02454079591
-0.4873333595,-0.3194917579,0.02764417957
-0.4916480671,-0.3076755956,0.03121605608
-0.4955218395,-0.2960075413,0.03525283151
-0.4990962433,-0.2845595791,0.03971238488
-0.5024997907,-0.2733703474,0.04452120067
-0.5058377305,-0.2624473358,0.04958497977
-0.5091849335,-0.251772385,0.05479854406
-0.5125822342,-0.2413148153,0.06005659646
-0.5160397238,-0.231033611,0.06526235533
-0.5195398186,-0.2208864811,0.0703339091
-0.5230446014,-0.2108364053,0.07520861971
-0.5265030409,-0.2008547429,0.07984394628
-0.5298588874,-0.1909251418,0.08421651034
-0.5330575936,-0.1810426874,0.08831999915
-0.5360497814,-0.1712119892,0.09216173467
-0.5387950406,-0.1614441119,0.09575932023
-0.5412622611,-0.1517589518,0.09913587501
-0.5434314027,-0.1421831766,0.1023172376
-0.5452930967,-0.1327459758,0.1053292935
-0.5468465305,-0.1234744703,0.1081966691
-0.5480964527,-0.1143924336,0.1109426016
-0.5490521819,-0.1055205534,0.1135874561
-0.5497273146,-0.09688037718,0.1161459751
-0.5501372317,-0.08849122828,0.1186288791
-0.5502983891,-0.08037151219,0.1210425945
-0.550227269,-0.07253831684,0.1233893169
-0.5499400641,-0.06500611508,0.1256678526
-0.5494524898,-0.05778578557,0.1278737652
-0.5487797936,-0.05088511938,0.1299992623
-0.5479379069,-0.04431127048,0.1320330016
-0.5469431427,-0.03806824873,0.1339613222
-0.5458133666,-0.03215924698,0.1357681661
-0.5445685612,-0.02658595234,0.1374358928
-0.5432306776,-0.02134892301,0.1389457442
-0.5418249881,-0.01644616804,0.1402792948
-0.5403805839,-0.01187501702,0.1414192275
-0.538930195,-0.007630331387,0.1423512005
-0.5375103745,-0.003707198113,0.1430648459
-0.5361607697,-0.0001004888383,0.1435554509
-0.5349222336,0.003197132357,0.1438258861
-0.5338354074,0.006192403537,0.1438869998
-0.5329389342,0.008889959165,0.1437578774
-0.5322673143,0.01129138147,0.1434654854
-0.5318486553,0.01339498951,0.143043872
-0.5317026229,0.01519587882,0.1425327288
-0.5318388047,0.0166859196,0.1419752031
-0.5322555982,0.01785420035,0.141415301
-0.5329400514,0.01868727385,0.1408949042
-0.5338685448,0.01916978185,0.1404508968
-0.5350082464,0.0192854632,0.140112684
-0.5363192222,0.0190183683,0.1399003285
-0.5377570165,0.01835408666,0.1398234615
-0.5392754645,0.01728078705,0.1398810384
-0.540829463,0.0157899871,0.1400619207
-0.5423774556,0.01387696926,0.1403461733
-0.5438834479,0.011540819,0.1407068942
-0.5453183662,0.008784162352,0.1411124187
-0.5466607225,0.005612756247,0.1415285742
-0.5478966458,0.002034985766,0.1419208755
-0.5490193351,-0.001938606947,0.1422565147
-0.5500280864,-0.006295909147,0.142505929
-0.5509270012,-0.01102412469,0.1426437821
-0.5517236883,-0.01611156809,0.1426491906
-0.5524280639,-0.02154912721,0.1425056827
-0.5530507836,-0.02732953196,0.1422012534
-0.5536017383,-0.03344582497,0.1417280313
-0.5540888827,-0.03989066975,0.1410817455
-0.5545176296,-0.04665739301,0.140260425
-0.554890388,-0.05374091459,0.1392633753
-0.5552060444,-0.06113735196,0.1380903248
-0.5554596484,-0.06884314286,0.1367403874
-0.5556419573,-0.07685454233,0.1352118142
-0.555739416,-0.08516625349,0.1335017386
-0.5557332789,-0.09377107876,0.131606243
-0.5555990892,-0.1026613912,0.12951948
-0.5553065313,-0.1118291493,0.1272351896
-0.5548189219,-0.1212641015,0.1247479602
-0.5540932953,-0.1309515209,0.122055463
-0.5530804482,-0.1408745815,0.1191601274
-0.5517254147,-0.1510136103,0.1160719417
-0.5499689511,-0.1613468805,0.1128120042
-0.5477505429,-0.1718502117,0.1094153656
-0.5450137881,-0.1824983996,0.1059347405
-0.54171262,-0.1932671785,0.102442411
-0.53781812,-0.2041381253,0.09902855631
-0.53332789,-0.2151007541,0.09579790697
-0.5282730977,-0.2261573428,0.0928619444
-0.522727532,-0.2373251739,0.09032652425
-0.5168090388,-0.2486377767,0.08827347486
-0.5106754137,-0.260145367,0.08673932686
-0.504509108,-0.2719125441,0.08569265363
-0.4984951402,-0.2840036315,0.08501819481
-0.4927894895,-0.2964659243,0.0845096747
-0.487481498,-0.3093108836,0.08388072711
-0.482560238,-0.322496677,0.08279781433
-0.4778972141,-0.3359120012,0.08093173565
-0.473248406,-0.349374338,0.07801883147
-0.4682802932,-0.3626418893,0.07392194261
-0.4626209203,-0.3754404923,0.06867827574
-0.4559252731,-0.3875069371,0.06251795663
-0.4479347785,-0.398643572,0.05584764219
-0.4385307683,-0.4087715561,0.04919676628
-0.4277702238,-0.4179686201,0.04313255835
-0.4158912148,-0.426482298,0.03815200661
-0.4032851132,-0.4347004768,0.03457155514
-0.3904324429,-0.443085422,0.03243436037
-0.3778110122,-0.4520754119,0.03146827383
-0.3657920055,-0.4619706021,0.0311163045
-0.35455704,-0.4728360097,0.03063793919
-0.3440513325,-0.4844549656,0.02927843789
-0.3340020034,-0.4963575482,0.02645511958
-0.3239897215,-0.5079057896,0.02189616496
-0.3135521352,-0.5184274606,0.01571320085
-0.3022890811,-0.5273752914,0.008385338204
-0.2899419895,-0.5344538329,0.0006574148351
-0.2764402923,-0.5396980216,-0.006618276867
-0.2619083178,-0.5434893508,-0.0126712815
-0.2466358504,-0.5464997868,-0.01699509777
-0.2310080573,-0.5495458511,-0.0194861703
-0.2154172832,-0.5533907686,-0.02049286303
-0.2001790595,-0.5585428959,-0.02075588483
-0.1854667559,-0.5650986488,-0.0212219733
-0.1712854062,-0.572694628,-0.02279251443
-0.157489984,-0.5805903962,-0.02608724399
-0.1438493961,-0.5878609359,-0.0312809794
-0.1301124589,-0.5936340162,-0.03806773102
-0.1160685298,-0.5972945202,-0.04574820242
-0.1015958407,-0.5986293349,-0.05340334681
-0.08666667992,-0.5978814335,-0.06011716509
-0.07133140901,-0.5956939112,-0.06519397208
-0.05568272173,-0.5929563607,-0.06833230031
-0.03982771381,-0.5905903392,-0.06970645065
-0.02387318063,-0.5893115237,-0.06992463926
-0.007928221056,-0.5894392287,-0.06986131281
0.007899503902,-0.5908280825,-0.0704200665
0.02350543356,-0.5929302089,-0.07229348074
0.03879588652,-0.5949689394,-0.07580389259
0.05369143288,-0.596159374,-0.08086748422
0.0681332797,-0.595886739,-0.08706456986
0.08208904545,-0.5938200231,-0.09377667544
0.09555908467,-0.589938326,-0.1003408406
0.1085885564,-0.5844895803,-0.1061873166
0.1212632796,-0.5779025108,-0.1109326271
0.1336989274,-0.5706807279,-0.1144219825
0.1460127495,-0.56330357,-0.1167189646
0.1582961885,-0.5561512506,-0.1180553203
0.1706003826,-0.5494637979,-0.1187595413
0.1829269545,-0.5433351562,-0.1191834314
0.1952314102,-0.5377363254,-0.11963925
0.2074393135,-0.5325535495,-0.1203629976
0.2194605601,-0.5276308503,-0.1214977528
0.2312025633,-0.522806954,-0.123097991
0.2425824109,-0.5179416074,-0.1251476725
0.2535352492,-0.5129300748,-0.1275822807
0.2640165784,-0.5077080547,-0.1303109582
0.2740020869,-0.5022464657,-0.133233935
0.2834835863,-0.4965469045,-0.1362548051
0.292466282,-0.4906326778,-0.1392890189
0.3009647076,-0.4845443119,-0.1422680573
0.3089999402,-0.4783280312,-0.1451395301
0.3165961218,-0.4720316178,-0.1478655481
0.3237782906,-0.465701147,-0.150420683
0.3305701801,-0.4593794297,-0.1527891509
0.3369947308,-0.4531031118,-0.1549630768
0.3430712516,-0.4469043157,-0.1569393446
0.3488147998,-0.4408102559,-0.1587176995
0.3542362871,-0.4348436422,-0.1602995491
0.359343349,-0.4290217413,-0.1616876065
0.3641411624,-0.4233571404,-0.1628862454
0.3686307398,-0.4178598442,-0.1639005386
0.3728091631,-0.4125386554,-0.1647368459
0.3766713359,-0.4074001535,-0.1654035657
0.3802102014,-0.4024498597,-0.1659119269
0.383417932,-0.3976921896,-0.1662763867
0.3862866492,-0.393131657,-0.1665152359
0.3888088798,-0.3887745935,-0.1666504645
0.3909789536,-0.3846294676,-0.1667076162
0.3927943818,-0.3807077703,-0.166715317
0.3942571552,-0.3770244428,-0.1667042905
0.395375137,-0.3735974485,-0.1667060752
0.3961630213,-0.3704474705,-0.1667513946
0.3966426177,-0.3675975935,-0.1668680929
0.3968426242,-0.3650725204,-0.1670789485
0.3967977135,-0.362897571,-0.1673995974
0.3965470054,-0.3610974105,-0.1678367913
0.3961319884,-0.3596946561,-0.1683872154
0.3955939933,-0.3587085128,-0.1690370185
0.3949714524,-0.3581535398,-0.1697621872
0.3942972198,-0.358038708,-0.1705297968
0.393596263,-0.358366797,-0.1713000649
0.3928839677,-0.3591342103,-0.1720290174
0.3921652214,-0.360331249,-0.1726714942
0.3914343162,-0.3619429185,-0.1731841758
0.3906756205,-0.3639501086,-0.1735282659
0.3898651504,-0.3663306175,-0.1736717361
0.3889728587,-0.3690599292,-0.1735909746
0.3879649453,-0.3721122181,-0.173271539
0.3868054475,-0.3754626403,-0.17270792
0.385458111,-0.3790883837,-0.1719028886
0.3838882381,-0.3829690598,-0.1708663013
0.3820643617,-0.3870866674,-0.1696136142
0.3799593757,-0.3914249142,-0.168164361
0.3775513758,-0.3959684098,-0.166540779
0.3748218189,-0.400704855,-0.1647654928
0.3717561384,-0.4056226197,-0.1628607755
0.3683440775,-0.410708874,-0.160848046
0.3645771229,-0.4159509891,-0.1587465607
0.3604475442,-0.4213372436,-0.1565726109
0.3559496052,-0.42685371,-0.1543395613
0.3510780718,-0.4324853836,-0.1520569594
0.3458279495,-0.438214743,-0.1497309209
0.3401933334,-0.4440216532,-0.1473636166
0.3341689601,-0.4498828076,-0.1449537014
0.3277514152,-0.4557709918,-0.1424962476
0.3209388754,-0.4616568934,-0.1399811999
0.3137315317,-0.467509639,-0.1373926503
0.3061337615,-0.4732962175,-0.134709626
0.2981542767,-0.4789855182,-0.1319055271
0.2898080168,-0.484549183,-0.1289490732
0.2811176995,-0.4899640637,-0.1258047485
0.2721147816,-0.495215683,-0.122434135
0.2628392411,-0.5003025352,-0.1187993032
0.253337405,-0.5052370418,-0.1148671671
0.2436611592,-0.5100492412,-0.1106142844
0.2338623845,-0.5147876472,-0.106033102
0.2239868249,-0.519516921,-0.1011374114
0.2140667184,-0.5243123434,-0.09596683379
0.2041165075,-0.5292512275,-0.0905906966
0.1941258979,-0.5344006636,-0.0851074772
0.1840572961,-0.5398038811,-0.07963950009
0.1738479475,-0.5454663973,-0.0743240952
0.1634183958,-0.5513447401,-0.06930087091
0.1526793762,-0.5573423001,-0.0646939738
0.1415494968,-0.5633102277,-0.06059722761
0.1299675621,-0.5690580774,-0.05705956631
0.1178976549,-0.5743733664,-0.05407310656
0.105347712,-0.5790395813,-0.05157261927
0.09236546803,-0.5828646923,-0.04943612085
0.0790390418,-0.5857024633,-0.0474956405
0.0654897916,-0.5874698997,-0.04555844167
0.05185523421,-0.5881593917,-0.04341863543
0.03827583024,-0.5878443036,-0.04088015048
0.02487830631,-0.5866729957,-0.03778102184
0.01176025698,-0.584850972,-0.03401030565
-0.001019382378,-0.5826224676,-0.02951969749
-0.01345047552,-0.5802446991,-0.0243310862
-0.02556987092,-0.577955178,-0.01853697128
-0.03745508261,-0.5759432816,-0.01228985437
-0.04921171225,-0.5743318654,-0.005785924153
-0.06096053652,-0.5731618492,0.0007577745486
-0.07281045519,-0.5723912232,0.007124968835
-0.08484614689,-0.5719038048,0.01312409519
-0.09711610496,-0.5715277543,0.01860645615
-0.1096231336,-0.5710612739,0.0234773532
-0.1223289104,-0.5702977372,0.02770092494
-0.1351553603,-0.5690463103,0.03129704311
-0.1480024225,-0.5671513792,0.03433533222
-0.1607589827,-0.5645052826,0.03692330292
-0.1733103357,-0.5610530099,0.03919141587
-0.1855513521,-0.5567923325,0.04127741324
-0.1973966528,-0.5517670588,0.04331629987
-0.2087813117,-0.5460607984,0.0454284292
-0.2196685388,-0.539782647,0.04771132669
-0.2300494431,-0.5330552364,0.05023439545
-0.2399366443,-0.5260042191,0.05303565898
-0.2493585445,-0.5187492627,0.05612546347
-0.258356825,-0.5113952269,0.0594892928
-0.2669800828,-0.5040265997,0.06309303837
-0.2752760144,-0.4967062042,0.06688780448
-0.2832878335,-0.4894759964,0.07081704489
-0.2910504055,-0.4823601151,0.0748218648
-0.2985897414,-0.4753679475,0.07884604837
-0.3059219029,-0.4684972387,0.08283868309
-0.313055443,-0.4617378086,0.08675673694
-0.3199884823,-0.4550789524,0.09056453274
-0.3267118414,-0.4485117232,0.09423468589
-0.3332143781,-0.442028508,0.09774758196
-0.3394851579,-0.4356235087,0.1010907612
-0.3455156352,-0.4292919164,0.1042571731
-0.3512973564,-0.4230329396,0.1072431878
-0.3568227747,-0.4168516963,0.1100473348
-0.3620865047,-0.4107573632,0.1126694003
-0.3670859891,-0.4047631494,0.1151097399
-0.3718222836,-0.3988848158,0.1173690322
-0.3763010347,-0.3931390816,0.1194485561
-0.380531453,-0.387543525,0.1213500996
-0.3845259393,-0.3821166198,0.1230760028
-0.388299599,-0.3768787256,0.124629963
-0.3918704329,-0.3718497671,0.1260176159
-0.395257424,-0.3670513588,0.1272471223
-0.3984804947,-0.3625049242,0.1283296783
-0.4015592696,-0.3582314329,0.1292797906
-0.4045119288,-0.3542509443,0.1301161587
-0.4073541323,-0.3505822899,0.130861519
-0.4100975022,-0.3472419157,0.1315424341
-0.4127476785,-0.3442446986,0.1321882325
-0.4153044947,-0.3416014628,0.1328303068
-0.4177613867,-0.3393176734,0.1335005262
-0.4201043817,-0.3373944971,0.1342289163
-0.4223119777,-0.3358294082,0.1350413889
-0.4243562512,-0.3346161977,0.1359577926
-0.4262046129,-0.3337446614,0.1369903378
-0.4278218132,-0.3332010966,0.1381422733
-0.4291723641,-0.3329689069,0.139407222
-0.4302229016,-0.3330295433,0.1407691097
-0.4309443819,-0.333363917,0.1422027832
-0.4313140322,-0.3339537035,0.143675379
-0.4313168994,-0.3347824238,0.1451483101
-0.4309467772,-0.3358363435,0.1465796818
-0.430206426,-0.3371051468,0.1479269162
-0.4291070739,-0.3385823511,0.1491493519
-0.4276672568,-0.3402654504,0.150210596
-0.4259111123,-0.3421558085,0.1510804342
-0.4238663469,-0.3442582728,0.1517361874
-0.4215620957,-0.346580493,0.1521634665
-0.4190269161,-0.3491320198,0.1523562401
-0.4162870414,-0.3519232154,0.1523164462
-0.4133650282,-0.3549641127,0.1520531054
-0.4102788025,-0.3582634918,0.1515810841
-0.4070406683,-0.3618288702,0.1509193356
-0.4036565515,-0.3656671332,0.1500890901
-0.400126455,-0.3697840534,0.1491125922
-0.3964458862,-0.3741826768,0.1480121637
-0.3926073476,-0.3788623709,0.1468092418
-0.388601431,-0.3838189537,0.1455236478
-0.3844168035,-0.3890469184,0.1441723366
-0.3800410365,-0.3945397253,0.1427690045
-0.3754618385,-0.4002901065,0.1413240208
-0.3706680228,-0.4062901721,0.1398442087
-0.3656498714,-0.4125320819,0.1383328149
-0.3604008294,-0.4190066899,0.1367896294
-0.3549154467,-0.4257051606,0.135208925
-0.3491892123,-0.432619286,0.1335790703
-0.3432183562,-0.4397399522,0.1318823015
-0.3369997126,-0.4470555651,0.1300945269
-0.3305298121,-0.4545509904,0.1281848851
-0.3238019338,-0.4622065891,0.1261158213
-0.3168054055,-0.4699940242,0.1238437961
-0.3095219499,-0.4778744133,0.1213210023
-0.301926811,-0.4857940386,0.1185000911
-0.2939870068,-0.4936834931,0.1153395138
-0.2856602238,-0.501455359,0.111810244
-0.2768954101,-0.5090077148,0.107904339
-0.2676394639,-0.5162248256,0.1036450843
-0.2578395249,-0.5229876811,0.09909454626
-0.2474517957,-0.5291848463,0.09436038953
-0.2364492269,-0.5347292803,0.08959593648
-0.2248258936,-0.5395796348,0.08499304065
-0.2126029274,-0.5437595787,0.08076491582
-0.1998361811,-0.5473711389,0.07712085973
-0.1866153654,-0.5506010645,0.07422828353
-0.173057845,-0.5537104221,0.07217061701
-0.1592988396,-0.5570022779,0.07090919216
-0.1454740465,-0.5607711319,0.07025900312
-0.1316979933,-0.5652391709,0.06988963368
-0.1180452679,-0.5704900799,0.06936015436
-0.104539183,-0.5764207562,0.06819033686
-0.09115157801,-0.582730626,0.06595588023
-0.07781325783,-0.588949798,0.06237965548
-0.06443673915,-0.5945117474,0.05740606378
-0.0509380233,-0.5988580211,0.05123397571
-0.03724781277,-0.6015478597,0.04429895645
-0.02331475365,-0.6023547381,0.03720561933
-0.009102651215,-0.6013341478,0.03062107403
0.00541356696,-0.5988385841,0.02514387738
0.02024681886,-0.5954696245,0.02116984857
0.03539082238,-0.5919745235,0.01878394495
0.05081954759,-0.589085075,0.01770737347
0.06647867093,-0.5873372781,0.01733847719
0.08227750683,-0.5869283122,0.01687095548
0.0980853077,-0.5876473355,0.01548442873
0.1137435175,-0.5889164304,0.01255758058
0.1290835653,-0.5899259955,0.007822389519
0.1439515046,-0.5898244138,0.00143164137
0.1582479095,-0.5879218986,-0.00607343885
0.1719614296,-0.5838477093,-0.01388480624
0.1851878111,-0.5776323989,-0.02110708179
0.1981343676,-0.569704802,-0.02696526286
0.2110891111,-0.5608123822,-0.0309917698
0.2243679087,-0.5518462259,-0.03315981636
0.2382280756,-0.5436176434,-0.03391125221
0.2527780898,-0.536653724,-0.03406371783
0.2679205308,-0.5310571204,-0.0345991206
0.2833491712,-0.5264815554,-0.03639302489
0.2986143901,-0.5222339018,-0.03998457064
0.3132214046,-0.5174759342,-0.04544249614
0.3267562199,-0.5114483672,-0.05236122092
0.338974677,-0.5036495734,-0.05997917035
0.3498613604,-0.4939427219,-0.06737334429
0.3596433208,-0.4825692793,-0.0736828069
0.3687526987,-0.4700645768,-0.07831041001
0.3777359084,-0.4571112416,-0.0810640491
0.3871260881,-0.4443707079,-0.08219639004
0.3972876441,-0.4323365117,-0.08232739921
0.4083171457,-0.4212317996,-0.08226605696
0.4200247124,-0.4110005234,-0.08279604986
0.4319978098,-0.4013609937,-0.08448882295
0.4437178587,-0.3919137961,-0.08760023861
0.4546801936,-0.382260583,-0.09206245634
0.464495057,-0.372093563,-0.09755293799
0.4729383247,-0.3612445311,-0.1036036673
0.4799656784,-0.3496868282,-0.1097137363
0.4856895857,-0.3375096329,-0.1154433485
0.4903346263,-0.3248745681,-0.1204721764
0.4941855704,-0.3119697762,-0.1246251188
0.4975328116,-0.2989791778,-0.1278670446
0.5006301005,-0.2860581225,-0.1302757497
0.5036697566,-0.2733226016,-0.1320058698
0.5067694578,-0.260849046,-0.1332474515
0.5099761164,-0.2486799322,-0.1341913192
0.5132802142,-0.2368311866,-0.1350058561
0.5166340069,-0.2253010634,-0.1358218582
0.5199692722,-0.2140781354,-0.1367287318
0.5232109594,-0.2031477752,-0.1377763169
0.5262884954,-0.1924972531,-0.1389817062
0.5291428547,-0.1821181996,-0.1403380051
0.531731228,-0.1720076461,-0.1418223094
0.5340246822,-0.1621657151,-0.1434038843
0.5360072972,-0.1525961206,-0.1450489382
0.5376741944,-0.1433047807,-0.1467247635
0.539029519,-0.1342998278,-0.1484020927
0.5400834078,-0.1255895636,-0.1500579245
0.5408503438,-0.1171846701,-0.1516743634
0.5413470889,-0.1090967854,-0.1532393022
0.541592049,-0.1013380162,-0.1547459356
0.5416046529,-0.09391861147,-0.1561930849
0.5414055146,-0.08684878425,-0.1575840909
0.5410160817,-0.08013929955,-0.1589263953
0.5404596861,-0.07380091907,-0.1602305256
0.5397617271,-0.06784301479,-0.1615093969
0.5389503562,-0.06227316321,-0.162777248
0.5380563822,-0.05709607302,-0.1640486884
0.5371137699,-0.05231448674,-0.1653369731
0.5361594348,-0.04792938887,-0.1666525155
0.5352326083,-0.04393940043,-0.1680016098
0.5343741292,-0.04034084938,-0.1693847079
0.5336249134,-0.03712784006,-0.17079533
0.5330240057,-0.0342917846,-0.1722195096
0.5326065204,-0.03182194998,-0.1736355536
0.5324014602,-0.02970637928,-0.1750143688
0.5324296442,-0.02793275394,-0.176320547
0.5327020188,-0.02648938061,-0.1775141443
0.5332185498,-0.02536612167,-0.1785530403
0.5339678697,-0.02455521517,-0.1793956717
0.5349277811,-0.0240518857,-0.1800038824
0.5360666012,-0.02385467491,-0.1803456028
0.537345236,-0.02396544886,-0.1803970819
0.5387197855,-0.02438908403,-0.1801444472
0.5401444202,-0.02513289564,-0.1795844384
0.5415742724,-0.02620595796,-0.1787242577
0.5429680891,-0.02761850517,-0.1775805492
0.5442902632,-0.02938110033,-0.1761777824
0.5455122108,-0.03150347798,-0.1745462861
0.5466130533,-0.03399334359,-0.1727201054
0.5475797306,-0.03685651814,-0.1707346545
0.5484067641,-0.04009782034,-0.1686243502
0.5490951854,-0.0437205674,-0.1664209667
0.5496511187,-0.04772656473,-0.1641520387
0.5500841768,-0.05211587616,-0.1618400715
0.5504057345,-0.05688544749,-0.1595027904
0.550627757,-0.0620310578,-0.1571530737
0.5507614474,-0.06754882823,-0.1547987862
0.5508160353,-0.07343251179,-0.1524446063
0.5507982126,-0.07967446892,-0.1500928882
0.550711697,-0.08626926328,-0.1477441817
0.5505567931,-0.09321207282,-0.1453977485
0.5503300357,-0.1004967211,-0.1430530487
0.550023817,-0.1081185623,-0.1407095325
0.549626285,-0.1160721644,-0.1383683106
0.5491209427,-0.1243530956,-0.1360320514
0.5484869962,-0.1329553824,-0.1337057845
0.5476991421,-0.1418705784,-0.1313966613
0.5467266153,-0.1510886405,-0.1291120803
0.5455326549,-0.1605968631,-0.1268585231
0.5440750941,-0.1703783551,-0.1246411677
0.5423071004,-0.1804124333,-0.1224618128
0.5401783757,-0.1906712591,-0.1203174706
0.5376364976,-0.2011191087,-0.1181968141
0.5346304957,-0.2117120234,-0.1160774912
0.5311152563,-0.2223988334,-0.1139245453
0.5270557126,-0.2331211789,-0.1116903033
0.5224336658,-0.2438162093,-0.1093130101
0.5172538129,-0.254422061,-0.1067192998
0.511547607,-0.2648834908,-0.1038294496
0.5053758252,-0.2751586514,-0.1005630324
0.4988302614,-0.2852248973,-0.09684819338
0.4920286155,-0.2950852011,-0.09263341152
0.485104424,-0.3047725384,-0.08789849869
0.4781944212,-0.3143502272,-0.08266464161
0.4714207,-0.3239068632,-0.07700030183
0.4648709229,-0.3335478964,-0.07102109666
0.4585839866,-0.3433784833,-0.06488465047
0.4525386945,-0.3534871533,-0.05877626927
0.4466481052,-0.3639303838,-0.05288934652
0.4407711373,-0.3747128923,-0.04740409522
0.4347286582,-0.3857800273,-0.04246530503
0.4283280346,-0.3970164575,-0.0381644976
0.421386341,-0.4082598103,-0.03452990247
0.41375114,-0.4193139189,-0.03151931483
0.4053227515,-0.4299717817,-0.02902530446
0.3960645696,-0.4400403021,-0.02688870094
0.3860025182,-0.4493586337,-0.02491430274
0.3752251455,-0.4578175418,-0.02288854961
0.3638725419,-0.4653731481,-0.02060354273
0.3521197962,-0.4720479897,-0.01787955878
0.3401565386,-0.4779296289,-0.01457906723
0.3281687373,-0.4831632797,-0.01062124562
0.3163159719,-0.4879366941,-0.005990407215
0.3047161844,-0.4924525856,-0.0007364248772
0.2934373783,-0.4969105237,0.005032347402
0.2824904283,-0.5014850561,0.01116272681
0.2718366391,-0.5063020167,0.01747212557
0.2613992389,-0.5114266676,0.02376792694
0.2510782049,-0.5168593866,0.02986881202
0.2407608213,-0.5225441417,0.03562192557
0.2303449756,-0.5283747961,0.04091294572
0.2197491343,-0.5342106748,0.04567239692
0.2089201973,-0.5398979946,0.04987714641
0.1978329517,-0.5452847192,0.05354664328
0.1864976367,-0.5502338913,0.05673365432
0.1749446978,-0.5546365585,0.05951710281
0.163225332,-0.5584179086,0.06198866221
0.1514045742,-0.561538453,0.06424250136
0.1395540491,-0.563990056,0.06636934206
0.1277445629,-0.565794832,0.06844843219
0.116039982,-0.5669971628,0.07054483393
0.1044968773,-0.5676570765,0.07270469201
0.09316132265,-0.5678436664,0.07495689653
0.08206893882,-0.5676290984,0.07731432466
0.07124443197,-0.5670837052,0.07977722025
0.06070272248,-0.5662717279,0.08233477617
0.05045107299,-0.5652503342,0.08496856647
0.04049544753,-0.5640682017,0.08765422552
0.0308389884,-0.5627655826,0.09036560088
0.02148108307,-0.5613753832,0.0930771969
0.01241737395,-0.5599242636,0.09576734561
0.003641272212,-0.5584339978,0.09841683281
-0.004850711452,-0.5569216234,0.1010085504
-0.01306098732,-0.5554020925,0.1035299239
-0.02098893543,-0.5538892527,0.1059718389
-0.02863255967,-0.552396537,0.1083293144
-0.03598882737,-0.5509373283,0.1106012997
-0.04305590611,-0.5495240878,0.1127908388
-0.04983206692,-0.5481679667,0.1149044637
-0.05631373232,-0.546879284,0.1169512753
-0.06249705272,-0.5456669672,0.1189436441
-0.0683768684,-0.544537805,0.120895629
-0.07394584179,-0.543496175,0.1228226982
-0.07919564639,-0.5425431672,0.1247407568
-0.08411668752,-0.5416759646,0.1266650819
-0.08869789105,-0.5408876165,0.1286091948
-0.09292775893,-0.5401669761,0.1305837609
-0.09679340481,-0.5394991082,0.1325947259
-0.1002812729,-0.5388661669,0.1346423163
-0.1033802246,-0.5382476852,0.1367207284
-0.1060812882,-0.5376221905,0.1388171749
-0.1083775289,-0.5369692052,0.1409115465
-0.1102640415,-0.5362712367,0.14297668
-0.1117390453,-0.5355154178,0.1449795008
-0.1128049246,-0.5346948354,0.1468825471
-0.1134684265,-0.5338097409,0.1486459576
-0.1137409029,-0.5328681479,0.1502299085
-0.113637708,-0.5318860148,0.1515970181
-0.1131771094,-0.5308868832,0.1527147195
-0.1123790972,-0.5299008102,0.1535574141
-0.1112640946,-0.5289626905,0.1541081738
-0.1098516278,-0.5281101181,0.1543598177
