22682.7, -38580.6, 110187
-5860.35, -157773, 195883
-61213.6, -87905.4, 50122.5
84038.6, 26063.3, -120108
-45224.4, -59293.3, -77852.6
-102455, -269201, -180866
13522.7, -144433, 90302.2
-176058, -42905, 143696
-61702.6, 42067.8, -4498.27
34679.5, 125370, -59773.8
65519, -70436.1, 293455
75885.9, -120116, -261915
10106.4, 105030, -183671
-119087, -179330, -22005
-41845, 107202, -21944.3
-14280.8, -57666.5, 115481
17706, 99205.4, -92416.2
42300.7, -14752.6, 150233
13665.3, 47086.6, -62420
-46811.7, 66751.8, 59002.8
453634, 129291, -247007
72865.5, 21495.3, -86678.1
-189311, 319892, -366264
255078, -107386, -186298
865.426, 96838.9, -84127.4
220117, -170059, 207159
233694, -2751.27, 68312.9
126339, -103338, -167846
-44252, 30953.7, 215093
87621.1, -190044, 158662
132472, -33765, -103498
-23912.8, 154905, -223040
-64251.5, 54764.7, 16493.4
-89864.4, 169338, 228629
-115063, -10274.2, 25971.9
-246770, 311722, -124535
129510, 75944.1, -87748.1
-135930, -104009, 53433.4
54194.1, -36663.3, 108611
257803, -370449, 74779.2
74593.6, -109026, 55409.9
-47977.1, 93608.9, 171641
143386, 87744.2, 141177
127979, -203370, -160148
-111218, -251494, 585.872
80383.4, -193138, -143274
-238445, 45007.6, 202018
-62215, 76956.3, -1672.33
82118.3, -38352.6, -226814
87267.6, 29360.4, 196044
23257.4, 182532, -37447.4
-149974, -67200, -38199.6
-10959, -119667, -127765
250775, 72458.1, 108933
-93400.1, 177560, -63970
-70518.2, -323979, -72984
-57166, 160207, 12434.5
-258300, -287724, 160768
20164.8, 183466, 265335
-163013, 46369.7, 179619
-68943.3, -233404, 78456.6
44445.4, -73933.1, 103719
-29126.7, 178026, 24843.3
86659.1, 216652, -11909.4
-41473.6, -335459, -154809
76138.2, 66645, 4250.62
-83466.9, -124474, -115284
204691, -181307, -40865.8
146644, -168965, -115002
62649.8, 134353, -173467
-125785, 257431, 79850.3
78610.5, -129828, -227831
184721, 19021.9, -84765.5
-181474, -13382.2, 164113
-260103, 55684.8, 260119
260088, -26940.6, 58792.8
47050.9, -82437.1, -139086
68546.4, 160150, 16398.9
-56056.4, 180464, 34658.1
-284709, -87146.6, -70308.2
-253363, 244176, -146066
47757.6, 49996.5, 234874
24218.3, 92100, -63370.7
-133526, -270420, 50737.7
289950, -128318, -28339.9
28064.8, -161587, -127163
297473, -127977, -57349.2
50224.1, -82539.3, 34896.6
56719.4, 67365.9, 74580.8
-208499, 25208.5, -83723.5
-11935.6, -159059, 153985
-148944, -31585.2, -166753
-32727.4, -69470.8, 20391.1
31519.5, -84360.6, -84268.6
-28166.8, 128391, -43063.4
-52846.1, 5118.66, 82656.3
-157149, 120775, -9080.14
42245.8, 47657.5, -93591.6
60798, -72743.5, -62865.8
4218, 48211.4, 121777
-7460.42, 1295.9, 220098
118621, -109371, 45052.6
117224, 149789, -4592.64
86728.8, 345893, 37492
-91603.7, 135730, 55809.7
-308964, -52669.9, 83526.7
63935.5, -47173, -82987.8
-40567.8, -182468, 129504
163769, 95770.5, -518.283
-217198, -122102, 19841.2
-11153, 22266.9, -25259.3
1514.29, -225359, 43369.3
-217223, 120161, 104048
74708.7, -2091.67, -117538
235262, 105031, 118011
34616.7, 153788, 272573
111474, -34789.4, 230907
-170976, 246574, 144397
-31946.6, 222463, 30453.7
-229038, 38807, 128918
-5885.27, -54664.5, 109082
114102, -143408, 105253
-168062, -109625, -346104
107959, 101252, -175978
-274662, -35253.9, 3446.03
36000, 66313.5, 90361.7
-88487.4, -87885.9, 19761.9
-317670, 154701, -60930.7
118671, 28723.9, -166855
31388.5, -59138.4, 14951.8
4166.43, -78196.3, 142910
228686, -205034, 9148.11
22833, -203863, 28740.5
208251, -29994.9, 47575.5
61712.4, -15127.5, -178561
-358617, -170940, -300273
22668.3, -29336, 244883
219687, -313887, 92294.2
-93387.7, 69403.2, -51613.3
17555.4, -119771, -14982.3
-404830, -85081.6, -124181
-69646.3, 72704.6, 101241
95699.9, -31965.9, 92961
35312.5, -874.429, 56730.4
6071.55, -199931, -155537
2572.82, 107897, -212147
73444.7, -102321, 162343
54885.1, -26103, 58333.2
112592, -318181, -160666
-98626.2, 98056.7, -138718
150289, -127761, 105990
-326900, -11472.6, -151284
-29883.3, 208021, -121605
-33296, 40679.2, -204402
24688.3, 115872, 134037
-26833.7, 79654.2, 10367.2
270044, 221124, -77481.3
143667, -252405, 138539
-107452, -230661, -22461.7
-62739.8, 10133.2, -76329.3
-68844.5, -72660.3, 27862.6
43832.4, -81306, 129272
337995, -46393.4, 226198
-108351, -146594, 78084.3
81367.7, 319914, 43206.9
-134036, -193866, 5662.99
22682.7, -38580.6, -38580.6
10894.1, 137305, 120109
-18914.8, 122018, 82022.9
95698.5, 194885, -218499
238870, -57108.9, -217873
111036, -18202.3, 30003.5
-136407, -162482, 8118.97
-131219, 59848.7, -45018.5
191960, -165917, -244616
73390, -11483.8, 28042.3
-30015.5, 74441.8, 76688
-220615, -32363.2, -81084.4
-60708.6, -84982.1, 29490.2
-161816, 78998.6, 60413.3
47742.1, 61148.3, 98751.5
100113, 121737, -4572.46
24123.8, 103881, -38503
-47968.6, -225292, -17902.2
184895, 89868.9, -34961.1
87530.4, 21889.3, -67459.6
139540, -97816.5, 63320.3
-30714.1, 98523.2, 134478
178278, -757.178, -317835
-15807.9, 126887, -195881
176284, 13342, -330004
-152027, -83212.1, 131991
-247375, -241476, 45175.5
51291.4, 176803, -193965
15782.7, -71550.7, -206062
-81660.1, 16362.8, -7065.67
68733.4, 9845.43, -19097.4
-51976.4, -14810, 184376
189860, -247831, 79132.4
-32947.9, 14088.8, -27814.5
-251714, -21119.7, 105328
-276361, -55001.5, 62295.2
133225, -88031.7, -209087
60547.3, 17125.8, -189200
76378.3, -51887.8, 126137
-205830, -2740.12, -240399
-2535.15, 203167, -93377.2
-69610.2, -41439.5, -181614
-56262, -132051, 87496.1
63442.2, 47939.5, 34852.4
123918, -191148, -84175.8
49039.6, 245193, 271664
-2414.67, -88615.8, 49324
-154352, 10876.9, 48383.4
72247.5, -46610, 141319
-111968, 78952.8, -180040
-214468, 222704, 44868.4
-63901.2, -23823.1, -304472
-160640, 12484.8, 6819.52
235570, 186217, 17752.8
-78864.7, 82696.6, 91498.3
156703, 69614, 267213
-83611.9, -33242.7, 43283.1
-48949.7, -181201, 26802.8
-256806, -105102, 11059
-12134.6, -20670.3, -84350
-206295, 35866.9, -102076
-127812, 69772, 18961.9
-38641.8, -46749.5, 14408.3
-33611.6, 72398.9, -34486.4
51529, 107802, 107057
-104861, -128402, 45672.7
-154419, -7776.82, 277565
-72257.8, 92095.9, -34154.8
-9977.36, -3000.88, 44853.2
-15721.1, 121185, -44613.8
-51884.3, 127975, 10255.6
53482.6, -87935.3, 56979.6
-97519.9, 186289, 65854.3
171887, -127818, -252887
129746, -399024, -178114
-188385, -332321, -137433
-121711, 159408, -47707.3
-12915.8, 26827.5, -154124
-245148, -168512, -78764.1
82486.3, -18634.7, 440956
-5314.62, -44709.6, 153998
-100541, 194728, -92187.6
282878, 14020.7, -80000.9
224021, -137762, -198380
-108066, -91786.7, 1468.93
-144231, -91465.4, 53814.5
219635, -117635, 111621
-139173, -1735.16, 153986
197801, -72161.2, -117182
68496.6, -15053.2, -89597.2
-225444, 31610.3, -126874
41539.4, 53182.6, -108708
35321.8, -112994, 21030.4
61697.7, 86554.5, -149014
-107064, 77219.8, 129447
248487, 201710, -60279.6
-183733, 15974.4, 161965
-48706.1, -149180, -135514
451.515, -48510.1, -5025.25
-12207.9, 123099, 192461
-189142, -98767.9, 91477.4
169200, 24235.2, 44279.5
258844, -152529, 71117.1
7526.48, -58440.8, 35115.8
-125128, 228806, 24609.1
104931, -255664, -143930
194256, 150476, 297883
-159278, 67401.1, 227781
-152757, -167886, 89707.3
100519, -243043, -280535
-77108.3, -119668, 56389.1
28691.9, 208853, -206705
-36119.2, -23068.3, 45669
77860, 197441, 8696.26
200469, -61218.2, -50377.3
-96729.9, -57214.5, 4679.26
-33022.7, 340225, -260077
-215561, 74918.6, -9833.28
104494, -106144, -18881.5
29817, 146851, 8275.19
-6479.26, -184228, 61665.3
223002, 26612.5, -40402
-41845.8, -45093.5, -100231
128907, -147908, 78571.5
-197955, -14454.3, 308891
-13455, -131819, 41377.6
-8979.5, 3013.93, 5990.48
123656, 9035.81, -85417.2
37426.3, 95626.8, 5609.11
-93967.8, -202421, -107824
50194.8, 190474, 42698.5
71121.3, -57068.3, 55509
-138578, -342541, -128261
169187, -40370.9, 139216
157742, 124390, -273210
41454.3, -2345.05, 52347.9
-117984, -89536.8, -76647.2
-41268.2, 147894, 177637
-133891, -208894, -312300
77665.1, -110899, -77174.5
12854.1, 45599.9, -137204
-119548, 66908.3, -32195.9
-17571.7, -139193, 1883.26
-141518, -248794, 130741
-76735.8, 114730, 88784.7
-205042, -26235.8, 209630
-259820, -166543, -267216
-73983.9, 120234, 146601
19994.7, 55660.8, -101527
62562.2, 405091, 189716
100885, -14435.7, 21440.2
8923.28, 290909, 87085.7
-96125.9, -134591, 116970
108481, -88331.2, 37655.1
-99929, 194714, 78240.7
34883.3, 103300, -197340
165351, 130680, -182868
15959.1, -119640, 116676
-337823, -28051.4, -262210
-103361, 158503, -64850.7
31777.8, -70389, -10399.7
48717.6, 196754, -74847.7
12940.8, 197230, -215570
153751, 112528, -49955.5
15744.5, -107194, -39899.5
56497.3, -78843.5, 80459.5
31639.6, 267821, -95188.5
22682.7, -38580.6, -79959.7
-169396, 145811, 138199
219342, 150245, -228853
168050, 163290, -13993
113911, -12388.8, 95789.4
20922.9, 34520, 108735
110437, 49387.2, 89840.5
-101419, 220720, -11629.3
-171866, -102241, 49799.6
174794, -232344, -130803
34250.9, 84079.6, -242654
-125335, -48360.1, -76287.8
45158.7, 174222, -213829
97525, -119020, 45496.1
-174643, 338874, 149480
-70444.8, 12988.8, -19226
29314, 3327.88, 151958
233335, -244192, 89419
86037.4, -151626, -161132
-264757, 86258.2, 42901.5
37359.4, -129597, -462166
277965, -197150, 172778
48264.5, 22656.2, -98938.6
110394, -23008.5, 184077
52476.6, 121983, -105696
49231.2, -35983.2, 169315
154661, -25225.5, 151223
-88040.2, -253079, -270893
-91121.5, 40649.4, 86924.8
27165.7, 169638, 225182
-79457.1, -244285, 37437
-9926.9, 279674, -344802
211807, 176367, -131470
178285, -102303, 202612
11845.6, -59270.7, 68846
126444, 88594.1, -131085
157655, 8304.63, 54069.3
-143604, -138036, 317569
210688, 78259.9, -166383
-128696, -148307, 225381
-35637.2, -93208.7, 15316.8
-177546, -95636.5, -90631.7
-116870, -43068.6, -104836
106518, 84044.9, -58317.8
128273, 74610, -22718.5
199777, -53067.5, 2603.47
-188905, -22679.3, 27701
181815, -30554, -25711.7
-8044.82, -87048.7, 213225
-130020, 337281, -120050
-30125.8, -1607.58, 79681
-72320.7, 113465, 288282
109242, -91031.4, -183194
-15145.4, -115274, -259805
896.489, 134299, -3014.73
-106727, -70540.9, 96003
-28562.5, 30017.9, 131.007
-30840, 242056, 166817
-201906, 94801.9, -88817.7
53923.6, 97033.7, 57297.1
20996.4, -117080, -113663
90831.6, -67138.5, 667.983
-228563, -43347.2, 111003
154073, 12233.5, -39482.9
-69009.3, -60967.7, 29723.9
38985, -264068, 45861.3
-26997.1, -45951.9, -147763
-168743, -54358.8, -100707
-129417, -73246.1, 77393.9
144348, -195765, 113201
-66380.9, 19268.1, 64168
-205516, 113877, -93656.5
-285165, -13628, 92568.2
125401, 252541, -221529
180424, -73077.2, 348463
-85831.5, -12388.6, 93692.3
68461.8, 130478, 76218.8
-185700, 155728, 194481
-255808, 147309, 154181
25671.5, -28540, 63287.8
-16622.2, -77432.4, 43696.7
-71706, -19391.8, 51430.1
62223.4, -58261.3, 118147
-65624.8, -56823.5, -139047
-80953, -48915.9, -11490.7
142800, -91842.4, -305577
65069, 19941, 81435.3
-106827, 113117, 224646
253257, -110625, 144151
-228439, 147069, -31057.8
252418, 32539.2, 99691.3
-11057, 14673.5, 89019.3
-208287, -26942.4, 318519
15451, 53311.2, -43077.9
-137245, 80881.6, -19228.7
-140762, -49269.9, 289721
-28695.6, -137605, 29485.6
-6318.3, -121351, -107921
70037.7, -28214.8, -73908.1
202784, 91638.5, 151784
-105962, -86214.8, -119250
4146.85, -88983.2, -29718.7
-273544, 28044, 91027.6
11593.5, -200034, 19978.6
-38679.2, -88918.2, -60133
-125947, -44051.2, -132261
-70793.5, 242062, -37002.6
38321, -74429.1, -64598.5
-124485, 232493, -50175.3
101305, -120848, -7281.06
160866, -34211.2, -19518.6
-209073, 117923, 11593.3
-70768.7, -68098.8, 31331.7
37030.1, -163207, 178029
-97154.6, 37936.8, 11407.1
-60834.5, -38822, 115885
-14731.6, -111980, 141449
17408.5, 78132.3, 10011.1
90886.7, -229946, 352362
-175433, 122605, -93313.7
131269, -52229.3, 33180.8
149170, -165524, -117934
-72580.2, -9179.89, 356216
164955, 159112, -110546
56596.8, -140449, 166579
141971, -84777.2, 16475.4
-86636.6, -14757.8, 186233
-131983, 215533, -109306
76456.7, -258045, 43352.8
-125473, 69267.2, -120372
189776, -164010, -69200
-5616.85, -201154, -118708
-307973, -42844.8, -8090.64
12251.4, 271654, 150898
-31310.6, 37603.9, -151851
83865.8, -93508.2, -108053
-263177, -98320.3, -132645
-193470, -46784.3, -139376
182228, -49236.1, -150729
-29393.7, -22399.7, 11121.9
10741.6, -75988.5, 179690
-195887, 76199, 201292
276566, -93645.8, -160748
-66124.7, 152338, 5133.74
-21121.6, 8340.97, 125908
218162, 208006, 170215
413916, 78145.9, -144681
-77356.2, -29967, -5913.19
9903.96, -56211.6, -106182
-18716.8, 121537, -64252
72659.4, 131537, -35316.4
-218005, -59590.9, 166672
-11773.3, -143735, 8555.09
72320.8, 99102.9, -141375
-67549.1, 100064, 15146.3
-63753.2, -251505, 80469.2
85917.1, 161740, 170667
-191578, 168714, -108103
-151308, 142638, 167017
-172714, 51067.2, 304503
27682.1, 104564, -49622
199959, 141477, 1423.93
-40124.8, 175884, -31494.3
87139.9, 2276.78, -124086
-84765.7, -19589.2, 60818.2
52935.8, 9660.31, -206726
48470.7, -89077.9, -86662.5
41103.7, 193636, -127722
220487, -35946.2, 29262
248335, -108348, 214091
107546, -14081.9, -3626.92
149128, 23543.6, 120712
-82255.3, 89777.6, -80976.2
118554, -152233, -128307
253381, 4067.61, 249321
-81695.2, -75138.2, -47628.8
-41062, 191175, 194681
47792.6, 95630.4, -116534
-119167, 94841.3, 187914
-100503, -66941, -50166.5
91749.1, -337192, 113327
-243578, -132133, -108466
21621, 21459.1, -166090
4979.42, 223063, 105846
39686.4, -35551.9, -87356.8
59815.8, 261947, -61284.1
-172588, -42620.5, 40773.8
167696, 46967.6, -216629
-55304.8, -143017, -184615
41314.1, -219488, 53758.9
76374.3, 148525, -133959
-73846, -181005, -161620
170856, -137649, -98307.5
-90000.5, -87286.9, 155745
49671.9, -142740, 40879.7
-75493.2, -27721.3, -386197
-19257.6, 49200.8, -103404
746.738, -235551, -62439.7
-157329, 235717, 8146.54
79678.5, -83396.4, 40279.8
21164.6, 150222, -154998
340511, 30016.7, 160643
40309, 317839, -90631.7
99697.4, -79267.1, 18180.8
-77465.7, -119509, -76935.4
128215, -163481, -50870.3
44472.3, -8066.73, -165146
32172.4, -120396, 36216.9
-14410, -62552.3, -146427
98399, 115812, -160591
-51840.2, -63110.4, 145282
-14066.1, 27427.7, 53231.3
73333.9, 6876.32, 97954.7
66358, 75163.2, -109383
103259, -107546, 92997.9
76089, -8945.05, 15973.6
106799, 363894, -221405
119903, -101253, 48829.6
-43458.5, 96737.4, 273500
60781.4, -264233, 3688.81
31669.6, 74320.3, -173612
-6037.25, 168088, -160643
64471.9, 55436.1, -138678
-186414, -109601, 83436.1
88586.4, 115791, -171153
-117351, -97507, 191392
-12020.6, -8308.83, -53809.5
223588, -20615.6, -116347
46093.2, 50043.1, -53846.2
-198504, 180546, 64526.9
245940, -57734, -47850.2
9356.8, 105262, -268172
16075.4, 205154, -82590
-116502, -90139.7, 46372.3
-152419, -69972.3, 126649
86093.6, 118423, -167566
86811.3, 123549, -82082.2
-81684.1, 169275, 120050
-202193, -7411.93, -59962
-34465.8, 81013.1, 289290
281548, -124853, -15469.8
-235322, 62009.3, 87974.3
-108317, 11121.1, -36549.1
-172975, -21044.3, -53183.9
-347439, -26611.2, 188065
-36683.3, 110730, -94711.1
8795.78, -120122, 148940
110524, -128958, -92201.3
153019, 116821, -240497
190505, -10119.9, -359903
-248933, -10920.6, 223260
38634.8, 106070, 41415.2
139917, -282555, 354487
-2660.61, -137767, -164726
-119013, -105110, 24592.8
-115680, -100959, 12121.7
239708, 73510.8, -6899.36
172698, 10939.6, 58674.9
337594, 80041.3, 86938.4
126471, 110454, -56688.2
94971.7, -10486.7, 92917.1
74696.8, -57460.1, 31246.6
-33665.9, 187667, -276798
-87036.4, 125569, 42639.6
84695.5, -39107.8, 107102
19898.2, 40678.8, 92858.4
187409, 38959.3, -138993
59995.2, 34411.6, 54653.2
-191979, -35962.2, 26550
152013, -118813, -95191.2
21892, -237637, 123038
10368.3, -29333.8, -114637
49777.2, 218830, -144732
-161565, 136144, -24224.8
-97378.9, 154630, 27383.1
-195004, 247074, 12016.7
67046.9, -373003, 150964
-119874, -65124.8, -7153.85
95085.1, -893.056, -4017.47
205377, 133326, 34971.2
-36499.8, 372.436, -22383
284240, -308093, 144648
-30928.1, 13960.3, -51756.5
-208365, 86097.5, 281662
-149731, 187295, -141466
-147521, -184458, -215596
-232173, -174103, 305213
173658, 238925, -9359.74
128785, -141145, 20944.7
10508.5, -36909.2, -7301.11
-73232.2, -256756, -41580.5
-136111, -183785, -24181
102264, -8952.14, -54547.2
-71204, 44565.3, 136997
200616, 28293.4, 86375.4
-22323.3, 290021, 125655
-66300.8, 78339.6, -7511.12
161121, -123909, -208628
201762, -333799, -78142.2
32294.2, -106175, -9264.29
18895.6, -290379, 31217.3
218039, -64882.5, 32716.1
-110317, 39136.5, -111662
75911.6, 61278.5, 77094.7
-258634, 134046, 34393.6
-100800, 93747.4, -163019
324629, -35172, -205837
267797, -95936.7, -91372.4
1909.42, 114357, 107104
-73962.3, -12833.7, -897.45
-81806.8, 62308.6, 269743
172252, 173991, 89269.1
-24837.9, -13137.4, 115460
-101755, 88100.6, 243011
-139119, 154562, 54895.3
-57349.4, 106676, 55898.2
-145263, 69778.8, -110731
-23730.5, 85788.7, -330695
-130177, -383116, -188192
-148894, 87875.7, -33426.9
34311.6, 174664, 215697
-64500, 15917.7, 28603.3
260953, 22794, 70619.5
106140, -146317, -76065.7
-59820.1, -253776, -99326.5
93360, 67533.1, -66477.8
39171.5, -95562.1, -26167.4
-7227.37, -58083.7, 12700.5
80951.7, -351721, -104291
-109872, 222560, -145607
-26627.9, -208484, -45814.8
4690.82, 51985.2, -46753.1
135242, -288052, 62414.4
-52321.1, -50830.7, 47191.5
-127722, -252820, -76984.8
128627, 36523.6, 15751
10826, -7398.55, -249320
130645, 116135, -54821
59131.3, 112053, 64289.8
-104757, 32058.4, 119554
18738, 150969, -15233.9
-153544, -153708, -26026.3
-229428, 141827, -241581
4374.75, 62997.5, 29681
-58253.5, -83375.9, -169504
-259714, -115678, 47383.6
-218443, -51115.1, 167537
274580, -86764.1, 162935
-38777.6, 70873.1, -17262.7
-123371, 69803.5, 297006
72957.6, -27796.3, 19269.7
-233703, 93880.9, 164206
-39877.4, -265186, -207595
187197, 124614, -268623
-15763.2, 73614.8, -13753.7
146035, 58885.6, -349762
-2800.39, -69770, -37176.3
-85473.9, 234139, 75825.6
210800, -244315, -94815.5
174761, -32430.8, -121750
-92927.2, 87397.1, 6877.26
-106615, 258997, 4874.61
-46833.3, 32960.1, -147051
164497, 103492, -96025
411415, -11227.7, 36663.7
27397.3, -186589, -211327
88020.5, -16232.6, 124558
-136389, -32055.6, -38250.7
50071.9, 103114, 84297
149735, -58547.1, 39032.4
17693.4, 84477.4, -96648.7
-204905, 34497.3, -292528
-93987.8, 23233.6, 37801.3
-49864.6, -121804, -12631.6
-168318, 55161.6, 115323
-16265, 80389.2, -62706.8
-509.292, 100205, 209676
71373.9, 68422.1, 170488
-71245.5, -232396, -95438.7
-2114.1, 52985.5, -61566.2
256199, -93728.4, 4448.44
16727.9, -146928, -99372.6
-29539.4, 204405, 162335
-41410.1, -63830.6, -78307.1
-123285, -63574.6, 109426
-90898.1, -64223.9, -86135.6
-1295.95, -7575.76, -117956
-151802, 133325, 13762.6
56118.7, 6202.27, 129672
188555, 40321.7, 248902
4729.4, 148557, -138631
7432.56, 66060.7, -104374
62729.5, 59848.4, 72975.9
-138541, -2318, 199519
70786.2, 112776, 126536
-274617, -39717.7, 37445.9
-104175, -46420.1, -226756
-41671.4, 21027.2, 64783.9
89581.8, -68884.5, -88792.9
57482.2, 34889.2, -23791.5
36067.6, -178368, -136973
-15929.6, -170162, 155917
101986, 65834.2, -229279
-20557.5, -74431.9, 253512
-272964, -194299, -133207
-62993.4, -77617.7, -180350
-227338, 29573.3, 90040
159152, 2790.83, -14375.3
206553, -23593.9, -154965
69219.4, -108059, 199937
-158777, 81085.8, -96802.4
-5546.35, 226904, -78459.6
31482.4, -150604, -65681.6
-122786, 227307, 11332.4
41672.7, -274985, 93925.2
-64634.2, -110478, 77075.9
-110302, -133564, -215239
-179458, 278294, 41862.7
-117738, 161962, 174467
195285, 4350.91, 137009
18496.1, 14128, -73770.9
-128787, -110790, 159972
-48008.3, 12133.2, -128479
207943, 88229.3, -45708.4
268888, 214454, 81867.6
28936.9, -134539, 270031
-198263, 165982, 31163.8
-134471, 195051, 217217
252133, -158670, -3785.26
-93547.7, -107225, -194750
236236, 26076.1, 41510.4
-29191.5, 123511, -43862
84801, 124322, -266269
-33360.9, -102881, -104561
-114011, -12187.8, 271806
51841.1, -24059.5, -127752
-2545.58, -60775.1, -71167.5
350699, 170214, -69976.6
204833, 119075, -8972.69
-45750.6, 94417, 196010
176590, -24749.7, -82520.4
-19756.2, -27088.4, 273822
138228, -5895.13, 68127.7
70571.5, -101748, -222539
-100521, -121512, -9167.46
94584.3, -85762.5, -87374.7
-158631, -88789.6, 128751
19427.8, -16249.4, -206808
120327, -25042.1, 150624
-201318, -25391, 221362
-12762.6, 265413, -43782.6
-134158, 4574.04, 32229.4
-5677.12, -22251.9, 63172.6
-45017.4, 187496, 29447.9
-31566.9, -14728.7, -112864
134237, 268967, 292807
146828, -159833, -123589
156243, -73554.9, -213187
162174, 297989, -127378
183977, 73757.7, -258331
-129759, 45049.2, -81437.9
-29192.8, -78914.8, -30281.4
-2537.54, 155429, -287325
-87666.1, -3449.58, -12463.5
-41050.1, 24012.7, -81189.1
221462, -207335, -26481.7
208046, -107033, 116924
-168513, 144963, -48728.4
-48761.2, 170367, 33178.4
-98477.8, 289267, 339398
13047, 20911.1, -27129.3
-50240.7, -189195, -237407
-47505.9, -46117.8, -148066
-52027.5, 12063, -179999
-45196.3, -110586, 5584.66
-50837.1, 88864.6, -13.2944
172969, -92121.1, -140941
-280013, 111937, -61926.1
61477.6, 149386, -150357
-57638.9, -182498, 88492.7
188439, 71947.6, -166827
-190593, -212189, 56803.9
270987, -163906, -243663
-9088.45, -24156.2, -37897.7
-4707.76, 88089.3, -17264.4
-125506, 53722, 191806
155820, 162912, -256410
-202218, -53714, 73200.2
-64717.2, 178184, -84799.4
188175, -77514.4, -58721.3
-28258.4, 37324.7, 254034
-221947, 82562, 34740.4
96916.9, 163067, -359178
195934, -131586, 20220
-174319, -34298.3, -68260.5
-16883.5, 53259.4, 268466
-266265, 171803, 25148.2
70381.6, 129177, -101271
69739.2, 202426, 103065
-153774, -207087, -91079.8
58097.5, 39133.9, -198597
22682.7, -38580.6, -126802
-105797, 66733.8, -126895
148134, 10615.8, 71639.9
201555, 286179, -165277
11611.9, -383195, 183298
30668.9, -76686.6, -47977.1
157661, 59237, 49089.9
129440, -157441, -89711.8
-190456, -82885.4, 216303
-208513, 19521, 93902.4
-135908, -189963, 126266
5598.14, 110841, -193494
-58068, 217668, -52953.5
84077.6, 41389.5, 7884.88
193989, -83914.1, -186015
-255012, 202580, -66083.8
95089.7, 155503, 84909.7
57409.4, -55071.4, 222949
36594.6, 129516, 47455.2
178116, 161121, -155264
6590.89, -3835.91, -16468.7
-29940.6, -299857, 50604.5
-69894.3, 202944, -16591.3
66599.3, 167328, -17594
178511, 60209.9, -57843.9
-116956, 90613.9, 171321
-191651, -28878.1, -74857
-4188.53, 70772.1, 71232.8
286593, 132314, -39306.4
-82532.7, -74948, -52147.2
83074, -154552, 146977
168192, -39813.4, 19958.3
-115342, -50.4, -187392
-253446, -105116, -114189
-58122.4, 14010.1, -97741.2
-127041, -20073.5, -42275.6
13162, -38943.1, 282610
-17748.1, 71739.7, -5392.88
27485.5, -103498, -78586.6
150558, 335144, -62680.5
202272, 29665.6, 179275
-42492.1, 153009, 215779
93878.6, 53120.9, 97928.1
-176212, -16210.8, -109613
-166959, -116812, 12873.3
-47953.4, 267136, -79967.9
49676.9, 27069.3, -214858
58240.1, 190179, -76645.7
284427, 23524.4, 84304.8
-185054, 53422.7, -53607.7
-192848, 135835, -192544
-93474.6, 56404.5, -202067
229278, -125259, -284510
-85814.4, 6172, 105.422
41864.6, -117790, 15614
-233635, -23617.5, 216572
248503, -38323.7, 86298.8
48853.1, -8641.01, 239530
-122067, -63327.2, 149528
-186933, -167718, -46445
-13357.9, -73971.7, -7103
-109136, 141389, 52261.7
-26989.3, -18086.7, -122352
104964, 175732, 39332.3
-206739, 28327.5, 75738.1
162787, -430590, 120985
40918.5, -66314.9, -59003
-1411.97, -107047, -255376
219631, -31839.1, 236322
1424.63, -160080, -93242.4
-2194.98, 91475.9, 104900
52002.8, 37030.9, 70446.3
26079.1, -53431.1, -133307
-86768.8, -132966, -87399.6
-254382, 172587, -213151
-101305, 144345, 103724
189785, 197704, 17412.2
-113783, 30152.7, 9126.16
-76581, -30983.2, -17578.5
47399.6, 64065, 31941.4
163464, 71305.8, 143080
30786.3, 107413, 67369.9
-106298, 29502.9, -66896.8
-74753.9, -159724, -68196
-62734.1, -34463.1, 25475.8
95056.2, -28698.1, -46320.2
232876, -57933, 72187.3
62252.8, -173499, 173082
134271, -3117.22, -111970
-7513.49, 138891, 74227.4
178018, -24938.1, -89843.1
126182, -41222.4, -191696
-158735, -95576.6, 40728
-227605, -130173, -19162.4
-85396, 13479.5, 162651
115776, 181082, 56128.7
-134563, -24001.4, -155022
-70589.8, -159975, -89344.8
113176, -20651.4, -116092
-46775.5, -218302, -98789.4
-105731, -71643, 48554
42767.5, -67334.5, 66716.1
-153838, -248917, 105040
-1306.09, 18171.2, -16541.5
-22907.1, -58902, -102476
6210.06, -129248, -89579.7
146556, -33103.6, 23821.1
-58523.1, 73631.5, 40486.6
211935, -153318, -239524
263662, -139932, 115809
1182.73, 205514, 185215
-189584, 137340, 24134.7
143242, 41654.1, 55229.3
7286.31, 165576, 28729.3
-44287.8, -262513, 180679
78093.8, -201286, -184255
-305295, 22097.5, -59711.2
4894.63, -193853, -54796.7
58456.3, -207745, 80689.8
-109227, 83819.9, -35264.9
199692, -241582, 243196
-61451, 58992.7, 60464.3
8161.73, -142013, 11063.4
92827.6, 115164, -181475
69804.1, 208150, 185570
80607.2, -286702, 38515
148826, -183518, 118457
59079.5, -191320, -4549.76
161967, 169879, -95924.8
-29822.6, 165374, -128766
393678, 135621, 12768.8
232564, 45372.2, -211105
-56794.2, 16652.6, -107423
-142787, -48162.8, 113547
-57733.3, -82090.6, -6850.67
-58672.9, 64312.5, -91174.4
98022, 39240.7, -111023
43176.7, -59803.6, -161154
-257307, 97245, -96447.1
35029.1, -68260.7, 331311
122910, -167531, -7470.81
89113.8, -198676, -188788
-53468.7, -5672.89, 46659.7
-45553.8, -6980.54, 127363
154248, -66944.1, 216638
-285329, -10880.2, -357580
-20334.6, 69096.3, 149457
-308584, -114510, -149080
218946, -146162, 115772
165946, 208810, 130802
-309161, -28791.8, -30953.2
48997.9, 188827, -144478
-157617, 108242, 39020.2
-70820.2, -165750, -143864
67830.8, 254782, -72267.1
53599.7, -86841.1, -116272
317684, 107359, 24801.6
-192026, 25511.3, 83684.8
1474.98, 102161, -368275
164393, -85067.8, -158174
98352.4, -149754, 70689.2
-241058, -216352, -163625
-163467, -158379, 161275
51968.2, -174153, 304913
252320, 86118.7, 43058.8
105662, -129147, -157925
143862, -42040.2, -115658
60519.5, 298932, 62348.2
-161559, -103520, 121721
-158883, -113084, -41422.9
84772.7, 61720, 197967
-15790.3, 54566.1, 9954.75
24238.9, 159211, 183083
-29643.6, -11413.9, 53395.3
-158176, -161551, -147066
-187755, 150790, -285055
-123938, 9888.75, 164010
-167012, -52762.6, -76740.7
-54179.3, -62074.1, 59369.4
-50573.8, 138838, 20684.1
-162287, -85641.1, -42163.8
-191510, 146879, 134797
-22731.2, 198542, 50456.9
64196.5, -3132.66, -35636.9
-5379.78, -265148, -75196.1
-131973, 53974.5, 107305
54397.7, 126800, 300331
139732, 258265, 269972
-329466, -354.883, -48936.9
-115357, 61509, 102389
-15259.4, -153167, -28551.9
-202068, 54781.6, 24500.8
39667.3, -93794, -78311.1
43579.4, -40703.7, -77681.4
333432, -235449, 29523.1
90109.9, -208953, -258925
177506, 196178, -12331.2
-35530.3, -80400.9, -158968
57927.3, -38630.3, -50769.9
179193, -43889.9, 37516
-81987.1, 106043, 95976.4
99477.7, -253098, -64894.4
25160.7, 60753.5, -15965.3
-118413, 208423, 333187
-133441, -178466, 59536.3
-23272.4, -14068.5, -194621
-127729, 110594, 174011
-87895.7, 163377, 45847.9
-50109.6, 211023, 62726.4
108883, 259560, -59101.5
-58195.8, 278962, 24663.7
285752, -70058.6, -170306
-172171, 27902.4, -25168.3
-77519.4, 54106.6, 58501.3
25469.7, 128604, 40795.3
-96900.5, -15756.8, 217608
43942.7, 104719, 12500.9
104825, 82292, -312057
87764.5, -126635, 144973
-763.857, -73651.2, 8864.88
-7269.95, 79315.3, -67274.9
129720, -13234.9, 79537.4
109931, -42576.3, 38361.6
157265, 93040.5, -29934.1
-153238, 367155, -106080
113217, 104743, 119143
106275, -15550.4, -215364
237449, 123247, -96706.6
23155.9, 174628, 50690.6
244087, -267931, 150173
207734, 15557, -138087
55891.7, 194482, -331388
79867.2, 183625, -10858.5
-151089, -52242.3, -239984
168630, -77063.2, -29073.7
-53020.3, 79833.2, -25625
-66745.1, 46339.6, 111441
-73372.2, 228649, 5202.88
176194, -33372, 267388
-38712.6, -60199.2, -134651
-14725.2, -197917, -160475
101857, -67451.4, 73309.1
-37121.3, -72286.4, 191934
16787.5, 143719, 114493
-113131, -11436.2, 22327.5
53759.5, -234089, 121063
6520.6, -222549, -27463.5
-76954.2, -74456.3, 11681.5
-132677, 35271.5, -176351
-186129, -117438, 184327
-315324, -126956, -149102
-132372, -448128, -64770.9
149690, -48349.8, -104149
-98374.5, -289807, -59548.9
190580, 181435, -100994
158548, -49424.3, 141003
-55340.9, 244361, 27735.1
2814.96, 36248.2, -2600.01
-172009, 69953.2, -124000
234007, 109981, -84665.6
-13414.9, 106495, 50559.2
-134819, -19248.9, 1079.54
-46775.1, 63058.3, 203348
194300, -71550.2, 41381.2
223114, 56177.8, -274126
-148538, -15970.5, -77026.4
-76787.8, -188534, 107333
-163130, -157929, -85015.2
71365, 215217, 104983
74575.6, 57871.7, 32666.8
128921, 65622.2, 23546.4
239161, 288358, -106198
118131, 136685, -228603
61136.8, -170565, -373974
10945.3, -32623.8, 182344
698.077, -230197, -84125
70134, 159902, -147959
-26362.4, 160863, 144632
19699.1, 19768.1, -153298
-33402.5, 209939, -358533
-23176.2, 18605.1, 5921.32
-2145.71, 134188, -99413.5
-199953, 53129.1, 212798
80260.3, -107482, 116438
-143771, 67062, -23259.9
220594, -145000, -26663.6
-125125, 4903.19, 136939
-95994.8, -93828.3, 131960
-111181, 124025, -67973
-158892, 137364, -39374.4
44576.9, 48749.3, -259939
-84703.6, 80122.1, -106695
-122422, -233039, 87047.5
61970.4, 144839, -117265
161460, -140918, -22050.6
-109411, -226039, -17868
-50312.9, -52425.5, -288556
173964, -128857, -214611
45229.9, 118017, 111239
-148538, -39187, -29037.2
-193660, 13943, -104973
63824.6, -228077, -63995.9
90762.2, -54210.9, 160246
-51115.9, -188406, -101739
157299, 188845, 21701.6
-122486, 59866.8, -19287.2
112361, -105379, 115912
-43506.5, 23275.6, 103610
-27478, -107471, 188396
9832.8, -159318, 63008.8
8044.18, 26199.1, -76518.7
-211063, -68938.3, 77908.1
-173137, -231306, 67594.7
80379.2, 187098, 232644
-43009.5, -41272.9, 44753.6
50707.6, -117633, 180266
141808, -66671.1, 144333
12897.6, 56805.9, 114239
-330711, -323083, -164866
132914, 118012, 79628.1
151144, -56678.7, -50295
90122.4, 320530, 73858.2
134265, -129086, 70444.9
89209.1, 203319, -58454
-25847.9, 334783, 56523.1
161987, -49639.8, -225302
82704, 29824, 172351
-105888, 118336, -98840.6
320102, 253482, -35006.8
161912, 23122.2, 95984.6
185635, 140532, -27424.4
197395, -174054, 235098
-277830, 273467, -23051.7
31304.7, -99259.3, -45951.1
66584.7, -127722, 66584.7
-89639.2, -95742.6, 32867
-110818, -74311, -57904.7
-55764.6, -48377.9, 196355
38240.9, -29319, -124491
-48280.1, 281088, -149069
-122955, -203794, -67840.4
282125, -66717, -85396.6
-124948, 66132.6, -52983
15783.6, -128416, -122468
424106, -58947.1, 133365
-58627.8, -262961, -69491.5
208206, -257501, 153645
320594, -32468.4, -191517
548.487, 646.386, 241255
-122926, 32268.1, 113626
85699.9, -85446.4, -35988.9
78482, 62132, 40696.8
6760.8, -39119, -70931.9
-116578, 149412, 85647.2
-63679.6, 224814, -221407
-86952.8, 214393, 175610
-99627, 64199.2, -104593
-180860, 180675, 6505.77
186983, -62339.3, 106781
177606, -102400, -118424
101866, -97671, -101359
-27011.7, 89266.3, -123018
113559, 213963, -97531
133551, -40441.2, -233140
-76020.4, 240349, -80835
-44061.6, 139266, 284988
-18550.7, -169465, -368184
19274.3, -59290.6, -156224
-193901, -136173, -30226.3
86549.6, -104700, 56475.7
-192736, 296074, -87788.9
-217658, 83577, -76599
220092, -115897, -83776
-309446, 62334.1, 170375
212484, -192656, 321891
159446, 14769.9, 97278.5
345606, -62251.5, -102916
32206.1, -48317.8, -262172
292441, 123704, 162568
209595, 13386.8, 92566.6
195338, 28238.8, 101071
54889.8, -10328.6, 28585.3
93976.3, -30905.6, 147903
121398, -96380.9, 42957.3
31632.1, -264314, 66711
21212.1, -313105, -2509.27
123362, 27463.7, -116083
-79733.3, 262659, 280395
-86877.2, 164692, 146174
75314.2, -12703.9, 41315.9
18740.1, -126885, 157922
-212912, 334192, -122094
94631.8, 99831, -154647
-75571.5, 85652.5, -69965.3
-66258.7, -132262, 96942.2
38676, 199105, 263506
-16228, -122474, 169616
-255582, -341467, -86669.9
17952, 106737, 55700
-2485.31, 66412.3, -45433.5
-119420, 28842, -28007.3
-184093, -203924, 148322
68958.2, -55929.7, 36093.5
32401.7, 71458.1, -37790.9
255817, -223801, -72402.2
-48221.6, 198294, -12038.6
-73674.6, -175498, -40508
4721.49, -146854, 176108
47450.5, 47214.9, 62695
-29462.2, 85748.9, 15902.4
-95219.4, 7585.09, 28211.6
28914, 139361, 133590
128781, -91378.1, 88977.5
-31846.2, -153894, -67792.9
-75100.2, -228750, -46701.9
36268.7, -61585.5, 168287
113156, 211487, 58976.5
-14880.8, 71026.1, -188958
12645.8, -127269, -124827
195563, 135697, -118329
-154072, -123235, -39744.8
51248.4, 91634, -247027
-144222, -71018, -96815.2
-183371, -115276, -53196.2
-33983, 29108.3, -84669.4
-3090.96, -186145, 400290
-85597.6, -33016.6, 17914.2
-60766, -157594, -256284
108318, 1769.46, -171542
81416.1, 6798.07, 97551.9
-65718.5, 79643.2, 5318.66
-58654.1, 108570, 55116
140518, 123247, -358127
56297, -210158, 19281.9
-20280.7, -58151.6, 199685
160259, -20719.4, 51164.6
118717, 185797, -88960.4
-11574.7, 89309.5, 64187.5
54587.7, -378094, -65078.2
247853, 203974, -9086.36
8020.67, -208457, 76937.9
112256, -158127, -120505
44083, 299058, -86173.9
198284, 72149.9, -50637.9
184445, 258183, 55230
102444, 174500, 177049
-218550, -1703.27, 177156
-140736, -148869, 51432.5
12295.5, 4542.89, -137330
-137260, 154728, 75766.1
-229545, 161569, 200546
83459.3, 163950, 194520
99723.2, 183328, -95065.8
168990, 40963.6, 120369
-153143, 4608.34, -242383
3564.58, 273275, 106921
35324.3, 13584.2, -133632
95523.2, -77541.1, -31147.1
19733.2, 120036, -136568
155321, -61163.7, 149247
-179978, 40131.3, -162456
-257427, -104460, 213175
-268899, 328306, 23872.6
-36695.2, 160817, -348986
59940.3, 6022.64, 272088
17337.1, -56649.3, 159690
45489, 22247.4, 213338
52568.4, 213638, 149770
-36161, 22757, 82684.2
150451, 11948.4, 36725
-279263, 307357, -250348
-67096.2, -126387, -2250
-65446.3, 430337, 372861
-58359.4, 16072.8, 204970
-261576, 107405, 24748.7
-71614.8, -38040.3, -124485
53176.7, 21873.8, -72714.5
-253443, 124686, 24239.1
4242.55, 15274.8, -94577.3
-187242, 41411.8, 169805
-141170, 195411, 130470
-183660, -122705, 67790.5
210115, -34796.2, 663.801
-213034, 13210.2, -61866.3
-1227.1, -28721.9, 74576
-71792.5, 25582.3, -25536.4
94946, 56141.8, 9348.46
87380.3, -106903, -103251
-114661, 19764.5, -136988
74293.3, 28063.6, 6959.36
208171, 214110, 289094
-50763, -54304.4, -1285.24
-121379, 63169.7, -257695
39217.1, 16043.5, 201713
-89610.9, 195827, 209425
-113480, -1155.94, -144018
197928, 49496.3, 20376
20654.7, -47341.7, -3834.15
64655.4, -165428, 92290.4
181827, -150410, 28843.9
-127722, -252820, 9639.56
-61685.6, 23117, 87418.4
-84639.4, -75898.8, 187089
-82316.8, -153775, 60123.7
5634.27, -108105, 164442
-48114, 72489.4, -121529
-237441, -30519.8, -263459
-134946, -50225.3, -48990.9
-126825, -117374, -294294
-80734.3, 177077, -209712
-157433, -225568, -23142.1
-104287, 201579, -127253
-80519, -157622, -139147
108281, 50057.5, -967.191
-133819, -157024, 16067.2
93801.4, 312055, -34845.9
29334.9, 89769.7, -26061.8
182844, -190732, 34734.5
96433, 93106.9, 281399
197780, 21853.5, 111386
80399.7, 68114.2, 8088.31
-52240.2, -173376, -161245
-169145, 69753.4, 4463.7
-16638.2, 218936, -57712.4
-94280.4, -166223, 48614.3
51826.1, -37138.7, 912.928
104389, -286165, 68031.6
-144166, -387741, 46727.2
66111.2, 183509, -47495.7
-25225.2, 44501, -161490
-82412, 79178.2, 203124
123798, 26801.1, -87797.2
-79383.4, 314190, 24044.9
48845.1, -26035.8, -250987
-101616, 182493, 224396
-49025.2, -154357, 110998
76619, -156413, 289820
67416.3, -9956.54, -86089.8
167816, 77848, -25540.9
9058.71, 309773, -186951
17833.2, -30103.8, -92455.3
91470, 90394.9, 24111.8
-142914, 25031.8, 104700
-81887.4, 16792.5, 114194
-219271, -66963, 62307.1
2004.41, 26681, 55101.2
-107039, 84350.8, -25624.3
-242752, 65766.7, 67635.4
-265571, -20002.4, -29033.8
156257, 266780, 175449
-76624.8, 118544, -56112.4
14410.9, -206171, 238208
2036.92, -22046, -322973
-198711, 44654.8, 97872.2
-187345, 282861, 166921
-280.559, -196310, -142509
254015, 96640.1, -12694.7
-18479.9, -18030.5, 143519
288702, 169573, -369227
96171.8, -9186.18, -60219.1
-121783, -91314.1, -55550.5
-195953, -55840.2, 100538
35385.3, 23888.1, -137302
-112346, -122687, -176046
68654.3, 96580.6, -51269.8
-252825, 82344.2, -163496
-159328, -120896, 106064
-79658.3, 77932.2, -20823.7
-326413, -101458, -3740.17
-29487.9, -106165, -43155.5
-47193.9, -269170, 140400
-99413.5, 110817, 31546.8
-124070, 136038, -42638.8
-85237, 40240.9, -211962
85846.7, 217428, 64661.8
-141718, -157865, 88149.3
199868, -54894.9, 249873
-129898, 128474, -57254.3
253999, 23670.4, 205007
-217611, -59507.3, -108931
111405, 288732, -175168
-11482.5, 167400, -63467.1
132969, -114675, -120093
95593.2, 166776, -58844.1
161845, -24041.6, 263039
240689, -112603, -187145
-175928, -21691.4, -58739.6
-34048.3, 17267.8, 142076
-52682.7, 110453, -93543.6
-3610.37, 28161.8, -107665
-96253.8, 145943, 51032.7
-276702, -166820, 57155.4
66612.1, -18586.5, 55422
-132311, 29565.1, -2671.48
-5027.99, 123895, -208230
30640.5, 62857.7, -92626.2
81953.1, 28939, 203083
-103512, -441443, 296088
188837, 124379, 261472
67941.9, -102026, 8657.89
125664, -5236.08, 64549.6
92280.8, -15686, -294557
-65568.8, -112615, -84205.5
-13022.4, -144917, -155948
72543.9, -21632.5, 66414.9
62881.1, -13671.4, 29533.3
107408, 22738.7, -13210.8
181751, -37920.9, -37374.1
93982.7, -10225.3, 162218
-113504, -71848, -116469
40143.7, -146589, 246650
-47994.6, 58021.3, 57154.2
-60573.1, -104302, 25808.1
67167.3, 211782, 175398
33490, 130520, 114133
-71283.2, -12783.1, 160987
257131, 100102, -313466
-82950.4, 234734, -68343.9
-83542.1, 6350.74, 73313
-10151.8, -65731.7, -42783.2
-66767.6, -114477, -64825
15663.5, 60675.1, -102960
77202.3, -24011.1, -77710.3
-35886.2, 145883, 28287.9
107971, 199986, -263346
84743.8, -75604.3, 185503
-72196.7, -13826, 161921
158607, -30569.2, 112835
-201847, -62077.2, 115172
-255443, 21633.9, 81970.5
186661, 99483.5, 252526
-228328, 53041.8, 90087.6
-1029.41, -175483, 156471
137934, -150851, 201583
-9982.65, -25723.6, 117479
-383374, -42667.3, -220883
52018.2, -270558, -333597
-63910.1, -64394.8, 4814.23
313.293, -145867, 144325
-71493.3, -2128.89, -52213.1
-3105.08, -3703.47, -127019
325503, 56725.1, -150782
68064.3, -213482, -114289
114033, 80194.1, 119628
-17720.5, 163797, -117531
-133551, -47779.1, 36855.1
-21792.3, -278747, 135774
168694, 108108, -290894
-467575, 99375.4, 8017
-43646.8, -217248, -286986
-37818.8, 41683.1, -215054
173021, -44715.1, 124984
202526, 12243.7, 268433
102411, 92599, 157467
1650.42, -131948, 25385.2
388389, 312091, -44419.1
-45717.4, -231540, -234573
63205, -13322.1, -487087
-307135, -189134, 42596.4
-72659.1, -156124, 44745.6
-134027, -146361, 17941.9
139719, -200694, -227718
-78995, -141289, 47473
-218476, 131805, 44841.6
58526.6, 11394.9, 33965.8
94967.4, 74505, 130947
-37982.9, 98690.7, -195153
66584.7, -127722, 66584.7
46541.9, -54840.8, 178890
-110946, 246670, -69012.2
44119.6, -131302, 127459
-41495.4, 69290.4, -154984
-117226, 265585, -217906
-25856.2, 99919.1, 120483
-16765.6, 100024, 45168.5
9189.04, 11468.6, 16714.6
258326, 105315, -152994
58789.2, 120664, 20384.7
-2625.3, 153107, 114580
-163001, 51323.6, -245206
128675, -17539, -293379
102981, -105610, -138023
-250453, 83634.8, -155307
-182978, 21722.8, 9676.33
-7751.24, 28971.4, 28619.6
-14158.2, -104040, 211642
25516.1, -138938, 1670.13
311494, -202517, -53857
-288682, -226497, -103689
50511, 54084.8, -85545.4
188498, 96393.3, 99074
-67757.9, -164159, 223125
169906, -49311, 90944.5
11980.4, 82926.6, 90767.9
26493.2, -91213.5, -191983
190053, -151106, 199113
87289.6, -225354, -129387
-76534.4, 94479.1, 73265.4
-88783.6, -19183, 20502.1
218982, -179766, -95767.7
-82640.1, 176665, 223009
-2085.55, -37366.4, 138078
-135604, 69855.4, -144733
126129, 236394, -597.073
-39843.6, -290118, 162420
38453.2, -126085, -128167
-233851, -184631, -27294.1
81571.8, 103491, -52903.1
226123, 178286, 75871.3
122937, 199271, 222366
30804.5, 166806, 221683
-17509.3, -31241.7, -61534.6
-10130.3, 98690.5, -85643
-95012.5, 34788.4, 67865.4
65357.6, 92400.3, -113533
36703.5, -116385, 5128.39
25150.4, -98727.4, 142532
75378.4, 169082, -268767
-225988, 102066, -142533
-277105, -20552.9, -81684
-181353, -89073.9, -3973.57
36477.7, 33954.2, 5592.48
-56438.7, -33513.5, 12097.7
-33914.1, 65923.7, 34757.7
41550.3, 125494, 33987.8
-54155.7, -8822.1, 136661
-61832.3, 24793.8, 50295.3
-89490.9, 113042, 38792.1
-42704, -23306.7, -42928.8
15303.5, -115889, 84471.7
-16963.5, 27129.5, 44649
144821, -62566.4, -40244.3
-109201, -121606, 245260
-56331.5, 4020.44, -58779.9
172982, 60387.6, -119081
229094, -75047.1, 99560.2
14669.4, 232110, -16599.7
3839.47, -11764.6, 55369.3
37856.4, 153344, 178668
-209045, 12012.5, 61769.1
-158287, -186539, 111885
5152.7, -11905.7, 34529.7
-164366, 30642, -61496.7
-84479.3, 31078.5, 87730.9
266187, -41355.3, 56718.6
-212975, 37821.6, -146553
-30440.5, -87033.6, -128811
-67167.7, 28948.1, -79849.8
-93691.3, 93677.3, -62518.9
-78952.7, 256315, 248286
-224025, 79453, -251058
315102, -89632.1, -15519
117189, -9779.54, -186022
48943.4, -23488.6, -306561
-175841, -63657.2, -156950
172785, -240208, 200569
-411189, -93465.1, 44640.3
-41886.3, 124827, -178743
-26699.8, 67793.3, 173799
-149821, 317683, 51956.5
-116058, 90271.1, 11045.3
130627, -41971.9, 154115
305079, 87366.8, -72688
-53895.1, 199680, -272416
-11741.4, -65483.3, 151340
91816.3, 72380.2, 62993.1
119335, -50777.1, 23788.7
-172122, 7718.62, 172521
35647.2, 113407, 157570
26459.2, 69658.6, -26150.5
-102712, -102318, 16949.9
33576.4, 41044.5, 70972.9
-144391, -288606, 142509
-103831, -189937, -46296.2
-196962, 175093, 67159.6
-79031.5, 195754, -32553.4
77169.1, 247159, -141966
3910.01, -90825.1, 162789
-30208, 28495.6, -152536
42031.9, -32494, -57655.3
84538.1, 130049, 5780.82
-117727, 52471.4, -234493
65187.3, -46623.2, 85597.3
-120688, 124919, 198622
-42025.8, 167848, -41436.9
130103, -180887, -26249.3
148999, 80414.9, -72703
140373, 74608.5, 63431.7
58925.4, -56940.3, 117712
94891.5, -36740.6, -163543
-130125, 208346, 89863.6
85264, -21696.4, 84514.9
91130.1, -100648, 85862.3
-25980, -13236.7, -30771.5
65603.7, -7522.18, 329120
-130800, 202238, 115290
-256553, -133337, 71302.3
49797.3, -10577.5, 241679
93192.7, -86341.9, -25850.4
-216591, 157730, 101079
-70391.6, 71225.7, 169893
229262, -109652, -105008
195927, 43655.7, -39341.8
-64548, 135271, 62009.3
-53451.1, -221963, -114643
78580.3, 217787, -6163.82
-20348.9, -24506.2, 224654
52962.4, -130393, 137867
83340.7, -123593, 69558.8
-140349, -108905, -72409.2
-166298, 15193.7, -80402.1
-239407, 112114, -243082
-72141.6, 375447, 53083.3
133374, -6457.62, -58759.2
-76512.7, -94986.3, -85396.1
-145143, 89377.8, -111727
224395, -39525.8, -41431.9
-147477, 83726.8, 57262.6
54596.3, 3315.99, -23166.4
24508.3, -95392.7, -91020
144179, -41989.1, 134633
178750, 99794, 116176
-232400, 15045.6, 121040
6698.33, 204068, 163758
-44613.2, -62392.4, 40973.5
213617, -118873, 44009.8
59736.6, -28054.5, 11382.5
-11884.5, 67899.8, 182847
10017.3, 158943, -155575
-797.061, 243376, -98394
-20904.9, -104804, -159763
76519.1, -25945, -37703.8
-291400, -51293.5, 388190
298932, 62348.2, -171912
-40681.6, 7638.6, -16975
2072.42, 79513.1, 21994.2
12771.4, -155584, -92023.4
49308.2, -30725.3, -74693
-116848, 30676.7, -34092.4
-338259, 51446.5, 203153
-4662.65, 238601, 64172.1
265903, -196695, 92492.7
69784, 239373, 97417.4
-83409.5, -760.295, -154762
81131.9, 120475, -44217.6
140493, 19088.4, 34328.2
86396.3, 64506.5, -227703
-150825, 768.571, 62987.5
-35898, -63775.6, 118958
140460, -290059, -33040
-21182.5, -296258, 6560.49
-178754, 114644, 306932
76782.3, -161152, 195398
-186839, -198304, -32828.3
-189301, -24949.9, 240580
86304.1, -37707.4, 114095
-96001.8, -103586, 45283.4
-381870, 40155.1, -196427
-78449.6, 89598.3, 157503
89690.1, -73344.4, -266397
170846, -190694, 49352.6
-69710.9, 211294, 64548.6
-5335.96, 153883, -88036.8
82378.4, 55242.7, -68769.9
-95839, -179691, 44255.7
4157.16, -285862, 64431.8
53341.3, -178196, -57115.4
77517.9, -75450.9, -118331
-89963.3, -152791, -113919
143722, -361419, -102101
-17237.7, -56401.6, 105481
29487.5, -140211, 53858.7
7225.68, -128656, 9604.8
-43703.5, -12169.8, 71245.1
87550.6, -81065.7, -40695.4
-9046.44, 174663, -63104.3
95605.7, 81786.6, -30604
-174951, -223242, 9300.78
10926.1, 240277, -221487
-51833.2, -222873, 167596
-57102.4, 334464, -189225
-58372.7, -155653, -469.266
8112.79, 42503.8, 6919.49
-222780, -248692, -45221.1
-14566.8, -108865, -43039.3
-29118.6, 132850, 149313
-19233.1, 40978.1, -263195
-125828, -284976, 19901.5
42149.2, -130747, 314254
-96111.5, -7694.2, 30743.9
-37914.8, -175782, -23105.1
101314, 154845, 6945.67
19025.8, 86114.2, -88876.6
197552, -98237.8, 26720.9
-53104.8, -139730, -48818.9
216528, -59357, 34939.5
133207, 70442.6, 11448.2
-161768, -179012, 341731
-75945.1, 202711, 30389.8
150908, 283244, 316042
-100298, 177496, 80222.9
-79507.4, -188594, -84733.1
-308807, -130997, 311516
4523.63, -83359.7, -99819.4
-14654.1, -86370.3, 35077
185861, -272480, -74141.6
99461.5, 66461.2, 199038
155211, 181373, -188631
-64482.1, -20711.2, -136605
-126360, -157807, 143302
75911.8, 71614.5, 66599.7
76281.8, -66589.6, 77574.3
60368.1, 290012, 25185.5
-35219.8, -2395.66, 107357
-17624.6, 193706, 3622.6
-264369, 74251.1, 135228
-151691, 41096.8, 60543.5
-11529.5, 297953, -129791
-191864, -114659, 74691.3
-175388, 105344, 96380.1
25040.4, 182745, -17718.1
-221202, -232026, -17405.5
77851.5, -239279, -112647
45803.8, -11170.5, 146565
-195907, 33016.2, 40579.7
92792.1, -98241.6, -73902.4
73284.3, 134566, -13629.7
242701, 117512, -46356.5
264044, -67178.6, 10095.6
-149880, -183556, -170051
-119311, 16063.3, -84220.3
79536.3, -150999, -185396
34909.3, -189748, -52696.3
-144362, -130988, 57175.4
32084.2, 68337.4, 58465.3
-101663, -2879.64, 73166.7
-175907, 33445.7, -27376.7
65048.7, 53138.6, 67583.7
-123595, 208353, -25596.4
93524.6, -82971.9, 239098
254859, -47469.7, 86271.3
109846, 6905.5, -27400.8
-155899, -172933, -197262
104877, 42348, 208669
39238.3, 52276.8, -86218.2
-403862, 10758.5, -172440
-67266.1, 81829.8, -56928.8
36831.3, -33927, -76375.3
159230, 63700.1, -221403
-185193, 9011.91, 146914
-150667, -80200, -15563
-163417, -90434.3, 114002
-138037, -85868.5, -170586
53324.5, 146822, -13480.1
73698.5, -82120.9, 220154
66325.4, 138525, 226786
-323140, 139904, -239019
-70650.1, -102459, -193601
-184744, -47473.2, -114968
67718.7, -61561.6, -46829.3
-76942.4, 83892.2, 186948
107193, -12107.6, -12003.6
-97122.3, -131391, -182567
16425.9, 67609.3, -67823.3
-117309, 278216, -182080
-129818, -8583.83, -43232.8
242632, -50622.7, -236374
23948, 15157.6, -9251.63
-105793, 222022, -416986
21778, 106097, -107305
201353, -51992.5, -213808
-33009.1, 230577, -146336
-171807, -144860, -55740.8
-78118.8, -4626.61, 148391
7800.1, 15948.8, 254892
133570, 66658.1, -140691
-207209, 222865, -1579.71
-183182, -131939, 112403
92479.7, 59873.6, -170112
111373, 49145.3, 63383.7
-25355.1, 32304.8, 109728
16259.6, 52123.9, -61259.9
-79776.4, -71173.6, 304193
-259286, 25104.9, -96706.9
14138.5, -123367, 169235
98061.7, -170353, 8534.43
-262031, -146423, -35699.9
-159715, 72459.7, 144002
123001, 64997.2, -352793
33640.3, -92042, -87457.6
243570, 22970.6, 153315
2952.49, -245764, 356491
15062.2, -136367, -315168
-68247.4, -48830.4, 287401
-188814, 221147, -191758
144010, -24277, 127228
153586, 95198.1, 159443
-360250, -6877.6, 16054.7
-17805.5, 9902.78, 68222.2
23864, 1048.81, 65009.8
-127722, 66584.7, -87661
-27359.2, -14597.9, 99972.1
-32848.4, 158845, -64284.4
-102476, -5821.09, -44370.8
-41979.4, 126907, 273951
-56113.1, 22298.7, -119897
66210.9, 58865.9, -139466
173100, -58350.8, -7954.96
43545, 33720.8, 518289
-72469.8, -247108, 60367.5
-221022, -74074.3, -114057
-137061, -257994, -170286
136237, -61528.3, 182180
14613.3, 61034.7, 101788
110144, 159146, 9115.34
-59320.6, 3175.58, -14330.5
-246412, -319156, 238283
250351, -27639.3, -31814.1
226979, 75305.3, 103481
-66034.6, 122776, -130655
54824.3, -108334, 267701
57915.5, 96127.4, -48714.8
-57900.1, -124755, -21817.9
44320.3, 12443.8, -71547.9
46651.8, 34681.4, 28256.8
-133809, -122881, 13794.3
-151321, -110075, 195455
-15725.3, 47824.3, -108577
-77937.6, -99846, -75677
342179, 131462, 635.037
-173028, -55546.5, -43072.5
-67902.1, 160467, -282102
9337.38, 182298, -102370
-51926.9, -222300, 191948
-388822, -48335.5, 222225
46938.8, 6589.81, 153354
313750, 151070, -86519.1
155386, -94444.5, -224633
-36868.7, -33882.8, -114908
142457, 13551.3, 148571
-69798.3, -190943, 126425
-75934, 6048.2, -130600
-60038.8, 87255.7, -102942
-57412.4, 183447, -110932
-960.396, 19046, -156199
-24129.1, 233930, -27751.5
-259.086, 90483.1, 207182
131767, -48024, -77197.6
-37118.9, 56325.7, 26819.2
57057.7, -102271, 246915
99593.7, 122517, 217158
-62876.1, -113447, 72131.4
75678.9, -165720, -119835
-10326.3, -205437, -30771.7
-23815.8, 20307, 20394.1
-5696.26, 68879.4, 149786
-202253, 61934.3, -347283
91667.8, 220470, -36245.1
-283811, 47079.1, -119358
-107254, 150873, -111561
-101449, -140488, 202114
-20650.4, -87572.2, 258969
19362.7, -168836, 125511
301065, 63955, 280614
-81514.5, 151891, -91053.6
109307, -16802.1, -106014
37584, -110874, -130808
8055.2, 139472, 158078
9382.87, 56910.5, 101248
-28170.6, -123609, -133374
-204142, 270844, 291289
136246, 92404.8, 209548
253296, -61213.3, -21626.3
-230185, 161643, 150377
119990, 252307, 76101.4
-50987.6, -229945, -152311
-214320, -8692.55, -121508
-67250.5, -141976, 68864.5
-133016, -50356.6, 274178
10574.1, -49177.7, 36003.8
179129, -42331.1, 11508.5
-11429.4, -172671, 118094
97460.5, -45097.6, 201907
-73256.6, 356716, 222412
-74720.1, 102478, 18476.3
78367.9, -263556, -53497.6
-22807.4, -127934, 4824.85
34.1236, -144073, 274663
72319.6, -284349, -30230.6
-91739.6, 219126, 40897.2
-165581, 116321, 153041
48509.9, 2815.93, 152932
-83156.6, 204182, -126311
-11209.9, -150037, 206208
-157537, 17056.6, -317336
212403, -136670, -281436
-59698.5, -180210, -167799
-52176.9, 177879, -7176.13
-261937, -2465.76, 169457
79185.3, -197242, 56738.3
-125384, 172249, 145525
136502, -229308, 773.188
-363086, 10013.7, 39637.1
140630, -180239, 40123.7
124165, -5243.14, 180850
-89580.5, -2680.51, -3040.11
23396.6, 102265, -75231.4
181135, 73068, 6339.96
237052, 12528.7, -106512
-115669, 55643.7, -20066.1
-96534.9, 58825.9, -126494
-19614.3, 150572, 106209
171046, 188979, -93127.1
-110791, -37602.4, -364865
-74912.2, 2853.97, -30663.2
-12426.5, -114638, 105753
164998, -8193.79, -100689
21434.2, -264657, -40415.7
104676, -12520.8, 119369
282909, 22872.8, 100783
-145332, -105644, 53040.7
-18808.6, 268562, -233682
-30033.9, -62576.7, -40083.4
199467, 270939, -37805.5
3745.89, 17275, 207005
-17084.8, 129993, -17563.1
-361562, -36132.1, 56984.6
-124881, -17190.2, -50264.3
-132408, 46244.8, 67661.9
17250.3, -76211.8, 172589
-29368.1, 146197, -106429
220732, -87403.2, -127053
-64406.8, -126931, 19562.6
106546, -29023.6, -162442
121020, 44862.2, -187608
-143512, 32480.9, -45176.1
-160850, -266602, -1296.82
-333192, 3263.78, -160001
169758, 105089, 235711
-37006.3, -347728, 76102.4
70227.7, -214394, 193963
-186009, -71637.8, 219723
-140814, 78728.4, 143883
74086.3, -194675, 266087
54083.8, -119283, 35252.4
-97247.4, 86299.9, 7337.15
-96321.5, -96722.6, -222361
-69871.5, -62878.4, 140142
56113, 131832, -92871.9
-150364, -79394.4, 38959
-226320, 262494, 188562
-80914.1, -27597.3, -58293.2
-160498, 167530, -226477
43779.4, -29302.4, 36909
226182, 168606, -56978.2
-294654, -258401, -138261
-238099, -18960.9, -49006.4
-4369.61, 114944, 150477
44162.8, 207916, 113852
149759, 121671, -98302.4
-51271.3, -119596, 157503
-128254, -183965, -89072.6
129005, 25467.1, 171516
-16469.4, 53627.1, 107148
6127.46, -166534, -107759
71665.2, 66288.4, -119565
