100
100.0000000000001
100.0000000000001
99.99999999999999
100.0000000000004
100.0000000000005
100.0000000000004
100.0000000000005
100.0000000000006
100.0000000000006
100.0000000000007
100.000000000001
100.0000000000013
100.0000000000014
100.0000000000016
100.0000000000017
100.0000000000015
100.0000000000013
100.0000000000013
100.0000000000011
100.0000000000013
100.0000000000009
100.000000000001
100.0000000000009
100.0000000000006
100.0000000000006
100.0000000000005
100.0000000000003
100.0000000000002
100.0000000000003
100.0000000000003
100.0000000000003
100.0000000000002
100.0000000000002
100.0000000000002
100.0000000000003
100.0000000000005
100.0000000000005
100.0000000000001
100.0000000000001
100
99.99999999999984
99.9999999999999
100
100.0000000000001
99.99999999999996
99.99999999999989
99.99999999999972
99.99999999999994
99.99999999999989
99.99999999999972
99.99999999999966
99.99999999999933
99.99999999999945
99.99999999999942
99.99999999999946
99.99999999999956
99.99999999999949
99.99999999999956
99.9999999999994
99.99999999999903
99.99999999999929
99.99999999999922
99.99999999999969
99.99999999999946
99.99999999999939
99.99999999999918
99.99999999999923
99.99999999999906
99.99999999999889
99.99999999999901
99.99999999999906
99.99999999999901
99.99999999999885
99.99999999999885
99.99999999999885
99.99999999999885
99.99999999999896
99.99999999999901
99.99999999999889
99.99999999999895
99.99999999999882
99.99999999999876
99.99999999999876
99.99999999999889
99.99999999999886
99.99999999999882
99.99999999999875
99.99999999999895
99.99999999999885
99.99999999999856
99.99999999999844
99.99999999999848
99.99999999999856
99.99999999999832
99.99999999999814
99.99999999999797
99.99999999999791
99.99999999999802
99.9999999999982
99.99999999999781
99.99999999999778
99.99999999999784
99.99999999999814
99.99999999999831
99.99999999999858
99.99999999999844
99.99999999999869
99.99999999999852
99.99999999999864
99.99999999999848
99.99999999999838
99.99999999999849
99.99999999999841
99.99999999999864
99.99999999999849
99.99999999999838
99.99999999999848
99.99999999999858
99.99999999999844
99.99999999999831
99.99999999999847
99.99999999999849
99.99999999999854
99.99999999999862
99.99999999999902
99.99999999999889
99.99999999999885
99.99999999999876
99.99999999999885
99.99999999999881
99.99999999999856
99.99999999999856
99.99999999999875
99.99999999999856
99.99999999999864
99.99999999999854
99.99999999999879
99.99999999999886
99.99999999999876
99.99999999999874
99.99999999999903
99.99999999999876
99.99999999999886
99.99999999999906
99.99999999999925
99.99999999999895
99.99999999999891
99.99999999999871
99.99999999999882
99.99999999999856
99.99999999999856
99.9999999999982
99.99999999999852
99.99999999999849
99.99999999999868
99.99999999999881
99.99999999999871
99.99999999999879
99.99999999999885
99.99999999999858
99.99999999999864
99.99999999999854
99.99999999999875
99.99999999999842
99.99999999999862
99.99999999999824
99.99999999999852
99.99999999999875
99.99999999999881
99.99999999999889
99.99999999999896
99.99999999999874
99.99999999999871
99.99999999999876
99.99999999999842
99.99999999999825
99.99999999999814
99.99999999999802
99.99999999999821
99.99999999999815
99.99999999999805
99.99999999999783
99.99999999999751
99.99999999999706
99.9999999999971
99.99999999999743
99.9999999999974
99.99999999999733
99.99999999999748
99.99999999999751
99.99999999999733
99.9999999999971
99.99999999999716
99.99999999999739
99.99999999999734
99.99999999999707
99.99999999999719
99.99999999999767
99.99999999999783
99.99999999999771
99.99999999999764
99.9999999999977
99.99999999999773
99.99999999999788
99.99999999999787
99.99999999999788
99.99999999999793
99.99999999999751
99.99999999999791
99.99999999999808
99.99999999999815
99.99999999999805
99.99999999999835
99.99999999999824
99.99999999999832
99.99999999999831
99.99999999999837
99.99999999999842
99.99999999999862
99.99999999999862
99.99999999999849
99.99999999999856
99.99999999999879
99.99999999999852
99.99999999999841
99.99999999999856
99.99999999999856
99.99999999999854
99.99999999999841
99.99999999999835
99.99999999999829
99.99999999999817
99.99999999999784
99.9999999999982
99.99999999999831
99.99999999999824
99.99999999999802
99.99999999999797
99.99999999999778
99.99999999999775
99.99999999999783
99.99999999999781
99.99999999999777
99.99999999999784
99.99999999999761
99.99999999999744
99.99999999999716
99.99999999999686
99.99999999999694
99.99999999999699
99.99999999999723
99.99999999999717
99.99999999999689
99.99999999999685
99.99999999999672
99.99999999999677
99.9999999999971
99.99999999999717
99.9999999999971
99.99999999999694
99.99999999999677
99.99999999999653
99.99999999999652
99.99999999999663
99.99999999999646
99.99999999999659
99.99999999999633
99.99999999999639
99.99999999999626
99.99999999999604
99.99999999999591
99.99999999999601
99.99999999999606
99.99999999999602
99.99999999999618
99.99999999999591
99.99999999999554
99.99999999999508
99.9999999999951
99.99999999999547
99.99999999999527
99.99999999999531
99.99999999999508
99.99999999999478
99.99999999999478
99.99999999999484
99.99999999999488
99.99999999999471
99.99999999999483
99.99999999999484
99.99999999999511
99.99999999999514
99.99999999999503
99.99999999999527
99.99999999999558
99.99999999999575
99.99999999999564
99.99999999999559
99.99999999999559
99.99999999999579
99.99999999999575
99.99999999999598
99.99999999999621
99.99999999999629
99.99999999999631
99.99999999999619
99.99999999999608
99.99999999999625
99.99999999999618
99.99999999999636
99.99999999999645
99.99999999999633
99.99999999999618
99.99999999999602
99.99999999999596
99.99999999999575
99.9999999999955
99.99999999999541
99.99999999999532
99.99999999999514
99.99999999999514
99.99999999999515
99.99999999999503
99.99999999999517
99.99999999999523
99.99999999999569
99.99999999999581
99.99999999999569
99.99999999999559
99.99999999999548
99.9999999999952
99.99999999999511
99.99999999999515
99.99999999999528
99.99999999999523
99.99999999999525
99.99999999999532
99.99999999999503
99.99999999999505
99.99999999999476
99.99999999999471
99.99999999999457
99.99999999999446
99.99999999999483
99.99999999999461
99.99999999999483
99.9999999999947
99.99999999999449
99.99999999999444
99.99999999999446
99.99999999999444
99.99999999999454
99.99999999999476
99.99999999999484
99.99999999999473
99.9999999999947
99.99999999999488
99.99999999999471
99.99999999999484
99.99999999999471
99.99999999999487
99.99999999999493
99.99999999999496
99.99999999999505
99.99999999999514
99.99999999999496
99.99999999999527
99.99999999999531
99.99999999999523
99.99999999999511
99.99999999999531
99.99999999999558
99.99999999999552
99.99999999999531
99.99999999999559
99.99999999999558
99.99999999999558
99.99999999999574
99.99999999999537
99.99999999999515
99.99999999999537
99.99999999999541
99.99999999999517
99.99999999999504
99.9999999999949
99.99999999999476
99.99999999999471
99.99999999999457
99.99999999999478
99.99999999999481
99.99999999999476
99.99999999999467
99.99999999999483
99.99999999999505
99.99999999999504
99.99999999999525
99.99999999999476
99.99999999999477
99.99999999999461
99.99999999999471
99.99999999999484
99.99999999999488
99.99999999999487
99.99999999999476
99.99999999999484
99.99999999999505
99.99999999999504
99.999999999995
99.9999999999951
99.99999999999498
99.99999999999478
99.99999999999493
99.99999999999503
99.99999999999511
99.99999999999498
99.99999999999494
99.99999999999515
99.99999999999505
99.9999999999949
99.99999999999494
99.99999999999483
99.99999999999477
99.99999999999463
99.99999999999467
99.99999999999477
99.99999999999463
99.99999999999473
99.99999999999451
99.99999999999487
99.99999999999498
99.99999999999504
99.99999999999538
99.99999999999541
99.99999999999537
99.99999999999532
99.99999999999498
99.9999999999949
99.99999999999494
99.99999999999511
99.99999999999488
99.99999999999498
99.99999999999511
99.99999999999505
99.99999999999496
99.9999999999947
99.9999999999944
99.99999999999429
99.99999999999416
99.99999999999413
99.9999999999938
99.99999999999396
99.9999999999941
99.99999999999412
99.99999999999419
99.99999999999406
99.99999999999396
99.99999999999383
99.99999999999338
99.99999999999331
99.99999999999351
99.99999999999338
99.99999999999369
99.99999999999362
99.99999999999378
99.99999999999332
99.99999999999342
99.99999999999324
99.99999999999335
99.99999999999329
99.99999999999351
99.99999999999321
99.99999999999348
99.99999999999356
99.99999999999365
99.99999999999362
99.9999999999937
99.99999999999356
99.99999999999358
99.99999999999363
99.99999999999356
99.9999999999937
99.99999999999368
99.99999999999406
99.99999999999427
99.99999999999427
99.9999999999938
99.99999999999379
99.99999999999368
99.99999999999379
99.9999999999938
99.99999999999402
99.99999999999389
99.99999999999386
99.99999999999406
99.9999999999937
99.99999999999346
99.99999999999368
99.99999999999342
99.99999999999331
99.99999999999335
99.99999999999319
99.99999999999315
99.99999999999331
99.99999999999341
99.99999999999351
99.99999999999375
99.99999999999386
99.99999999999375
99.99999999999385
99.99999999999389
99.99999999999365
99.99999999999342
99.99999999999346
99.99999999999314
99.9999999999928
99.99999999999271
99.99999999999265
99.99999999999248
99.99999999999244
99.99999999999254
99.99999999999265
99.99999999999291
99.99999999999304
99.99999999999288
99.99999999999272
99.9999999999926
99.9999999999926
99.99999999999261
99.99999999999265
99.99999999999299
99.99999999999282
99.99999999999275
99.99999999999294
99.99999999999315
99.99999999999285
99.99999999999255
99.99999999999255
99.99999999999248
99.99999999999243
99.9999999999928
99.99999999999267
99.99999999999255
99.99999999999255
99.99999999999244
99.9999999999925
99.99999999999247
99.9999999999922
99.99999999999206
99.99999999999177
99.99999999999147
99.9999999999915
99.9999999999914
99.99999999999136
99.99999999999133
99.99999999999129
99.99999999999177
99.99999999999136
99.99999999999145
99.99999999999145
99.99999999999142
99.99999999999123
99.99999999999122
99.99999999999122
99.99999999999129
99.9999999999915
99.9999999999914
99.99999999999169
99.99999999999179
99.99999999999196
99.99999999999213
99.99999999999216
99.99999999999173
99.99999999999163
99.99999999999146
99.99999999999145
99.99999999999136
99.9999999999918
99.99999999999187
99.99999999999194
99.99999999999204
99.99999999999248
99.9999999999925
99.99999999999221
99.9999999999919
99.999999999992
99.999999999992
99.99999999999179
99.99999999999166
99.99999999999179
99.99999999999207
99.999999999992
99.99999999999196
99.99999999999207
99.99999999999204
99.99999999999199
99.99999999999194
99.99999999999193
99.9999999999922
99.99999999999216
99.9999999999924
99.99999999999216
99.99999999999231
99.99999999999223
99.99999999999227
99.9999999999925
99.99999999999244
99.99999999999253
99.99999999999271
99.99999999999298
99.99999999999312
99.99999999999348
99.99999999999351
99.99999999999363
99.99999999999368
99.99999999999359
99.99999999999358
99.99999999999363
99.99999999999348
99.99999999999358
99.99999999999392
99.99999999999373
99.99999999999365
99.99999999999379
99.99999999999368
99.9999999999937
99.9999999999937
99.99999999999373
99.99999999999363
99.99999999999348
99.99999999999326
99.99999999999335
99.99999999999346
99.99999999999335
99.99999999999324
99.99999999999304
99.99999999999318
99.99999999999309
99.99999999999314
99.99999999999326
99.99999999999288
99.99999999999267
99.99999999999291
99.99999999999291
99.99999999999309
99.99999999999312
99.99999999999319
99.99999999999277
99.99999999999291
99.99999999999267
99.9999999999926
99.99999999999264
99.99999999999288
99.99999999999291
99.9999999999928
99.9999999999926
99.99999999999261
99.99999999999285
99.9999999999928
99.99999999999255
99.99999999999277
99.99999999999258
99.99999999999265
99.99999999999255
99.99999999999254
99.99999999999253
99.99999999999258
99.99999999999255
99.99999999999237
99.99999999999248
99.99999999999254
99.9999999999927
99.99999999999271
99.99999999999291
99.99999999999285
99.99999999999275
99.9999999999928
99.99999999999305
99.99999999999288
99.99999999999308
99.99999999999282
99.99999999999265
99.99999999999261
99.9999999999926
99.99999999999292
99.99999999999305
99.99999999999294
99.99999999999304
99.99999999999346
99.99999999999348
99.9999999999937
99.99999999999351
99.99999999999329
99.99999999999319
99.99999999999302
99.99999999999305
99.99999999999308
99.99999999999325
99.99999999999308
99.99999999999298
99.99999999999292
99.9999999999928
99.9999999999926
99.99999999999277
99.99999999999265
99.99999999999267
99.99999999999272
99.99999999999272
99.99999999999291
99.99999999999291
99.99999999999275
99.99999999999261
99.99999999999234
99.99999999999237
99.99999999999258
99.99999999999264
99.99999999999275
99.99999999999261
99.99999999999244
99.99999999999265
99.99999999999264
99.9999999999925
99.99999999999244
99.99999999999221
99.99999999999201
99.99999999999172
99.99999999999173
99.99999999999173
99.99999999999169
99.99999999999199
99.99999999999206
99.99999999999228
99.99999999999243
99.99999999999221
99.99999999999204
99.9999999999918
99.99999999999157
99.99999999999136
99.99999999999119
99.99999999999106
99.99999999999123
99.99999999999133
99.99999999999133
99.99999999999108
99.99999999999098
99.999999999991
99.99999999999079
99.99999999999021
99.99999999999048
99.99999999999037
99.99999999999048
99.99999999999059
99.99999999999062
99.99999999999089
99.99999999999086
99.99999999999085
99.99999999999079
99.99999999999075
99.99999999999091
99.99999999999059
99.99999999999068
99.99999999999073
99.99999999999048
99.99999999999011
99.99999999999019
99.99999999999024
99.99999999999005
99.99999999999011
99.99999999999041
99.99999999999032
99.99999999999031
99.99999999999035
99.99999999999035
99.99999999999037
99.99999999999046
99.99999999999048
99.99999999999059
99.99999999999068
99.99999999999059
99.99999999999076
99.99999999999081
99.99999999999086
99.99999999999059
99.99999999999052
99.99999999999031
99.99999999999025
99.99999999999008
99.99999999999
99.99999999998988
99.99999999999015
99.99999999999024
99.99999999999027
99.99999999999064
99.99999999999059
99.99999999999041
99.99999999999073
99.99999999999049
99.99999999999049
99.99999999999059
99.99999999999071
99.99999999999071
99.99999999999073
99.99999999999041
99.99999999999024
99.99999999999032
99.99999999999025
99.99999999999004
99.99999999999004
99.99999999998978
99.99999999998951
99.99999999998965
99.99999999998984
99.99999999998965
99.9999999999897
99.99999999998964
99.9999999999895
99.99999999998929
99.99999999998906
99.99999999998913
99.9999999999891
99.99999999998894
99.99999999998906
99.99999999998913
99.99999999998921
99.99999999998933
99.99999999998951
99.99999999998924
99.99999999998934
99.99999999998921
99.99999999998917
99.99999999998933
99.99999999998933
99.99999999998919
99.99999999998943
99.99999999998973
99.9999999999894
99.99999999998931
99.99999999998929
99.99999999998933
99.99999999998933
99.99999999998906
99.99999999998892
99.99999999998916
99.99999999998931
99.99999999998934
99.99999999998873
99.99999999998859
99.99999999998877
99.99999999998872
99.99999999998846
99.99999999998856
99.99999999998872
99.99999999998879
99.99999999998896
99.9999999999891
99.9999999999888
99.9999999999888
99.9999999999888
99.99999999998889
99.99999999998886
99.99999999998879
99.99999999998884
99.99999999998889
99.99999999998866
99.99999999998862
99.99999999998863
99.99999999998853
99.99999999998836
99.9999999999884
99.99999999998842
99.99999999998802
99.99999999998846
99.99999999998846
99.99999999998866
99.99999999998902
99.99999999998911
99.99999999998904
99.99999999998927
99.99999999998911
99.99999999998896
99.99999999998886
99.9999999999888
99.99999999998873
99.9999999999885
99.99999999998842
99.99999999998833
99.99999999998808
99.9999999999883
99.99999999998835
99.99999999998835
99.9999999999884
99.99999999998809
99.99999999998818
99.9999999999882
99.99999999998803
99.99999999998808
99.99999999998815
99.99999999998813
99.9999999999883
99.99999999998835
99.99999999998859
99.99999999998896
99.99999999998869
99.99999999998889
99.99999999998867
99.99999999998873
99.99999999998875
99.99999999998902
99.9999999999891
99.99999999998917
99.99999999998892
99.99999999998879
99.99999999998892
99.99999999998866
99.99999999998866
99.99999999998839
99.99999999998835
99.99999999998847
99.99999999998833
99.99999999998826
99.99999999998818
99.99999999998781
99.99999999998771
99.99999999998791
99.99999999998802
99.99999999998761
99.99999999998722
99.999999999987
99.99999999998715
99.99999999998715
99.99999999998705
99.99999999998717
99.99999999998711
99.99999999998684
99.99999999998705
99.99999999998708
99.9999999999871
99.9999999999869
99.99999999998657
99.99999999998657
99.9999999999865
99.99999999998695
99.9999999999872
99.99999999998715
99.99999999998744
99.99999999998752
99.99999999998758
99.99999999998725
99.99999999998749
99.99999999998742
99.99999999998734
99.99999999998755
99.99999999998758
99.99999999998774
99.99999999998791
99.99999999998774
99.99999999998781
99.99999999998755
99.99999999998768
99.99999999998758
99.99999999998752
99.99999999998752
99.99999999998738
99.99999999998722
99.99999999998727
99.99999999998748
99.99999999998742
99.99999999998769
99.99999999998776
99.99999999998776
99.99999999998761
99.99999999998721
99.99999999998727
99.99999999998775
99.99999999998776
99.99999999998792
99.99999999998806
99.99999999998812
99.99999999998813
99.9999999999882
99.9999999999883
99.99999999998835
99.99999999998829
99.99999999998873
99.99999999998873
99.99999999998879
99.99999999998906
99.9999999999888
99.99999999998884
99.99999999998873
99.99999999998919
99.99999999998902
99.99999999998904
99.9999999999889
99.99999999998906
99.99999999998917
99.99999999998933
99.9999999999891
99.99999999998904
99.99999999998896
99.99999999998899
99.99999999998892
99.99999999998911
99.99999999998902
99.99999999998907
99.99999999998933
99.99999999998931
99.99999999998906
99.99999999998902
99.99999999998892
99.99999999998886
99.99999999998862
99.99999999998883
99.99999999998902
99.99999999998879
99.99999999998889
99.99999999998866
99.99999999998862
99.99999999998857
99.99999999998872
99.99999999998873
99.99999999998853
99.99999999998859
99.99999999998862
99.99999999998886
99.99999999998886
99.99999999998869
99.99999999998872
99.99999999998869
99.99999999998872
99.99999999998896
99.99999999998911
99.99999999998927
99.9999999999894
99.99999999998921
99.99999999998911
99.99999999998921
99.99999999998902
99.99999999998899
99.99999999998906
99.99999999998894
99.99999999998889
99.99999999998863
99.9999999999888
99.99999999998856
99.9999999999885
99.99999999998866
99.99999999998877
99.99999999998866
99.99999999998866
99.99999999998862
99.99999999998869
99.99999999998852
99.99999999998859
99.99999999998839
99.99999999998842
99.99999999998825
99.9999999999882
99.99999999998823
99.99999999998802
99.99999999998801
99.99999999998808
99.99999999998785
99.99999999998791
99.99999999998808
99.99999999998818
99.99999999998847
99.99999999998846
99.99999999998873
99.99999999998875
99.9999999999888
99.9999999999888
99.99999999998894
99.99999999998894
99.99999999998917
99.99999999998938
99.99999999998933
99.99999999998954
99.99999999998978
99.99999999999017
99.99999999999031
99.99999999999052
99.99999999999076
99.999999999991
99.99999999999106
99.999999999991
99.999999999991
99.99999999999089
99.99999999999113
99.99999999999108
99.99999999999119
99.99999999999135
99.99999999999125
99.99999999999133
99.99999999999136
99.99999999999133
99.99999999999139
99.99999999999133
99.99999999999135
99.99999999999125
99.99999999999129
99.99999999999109
99.99999999999098
99.99999999999133
99.99999999999146
99.99999999999122
99.9999999999915
99.9999999999915
99.99999999999167
99.99999999999163
99.9999999999916
99.99999999999194
99.9999999999919
99.99999999999187
99.99999999999189
99.99999999999174
99.9999999999922
99.99999999999204
99.99999999999179
99.99999999999167
99.9999999999918
99.99999999999156
99.99999999999119
99.99999999999112
99.99999999999118
99.99999999999136
99.99999999999129
99.99999999999129
99.99999999999122
99.99999999999118
99.99999999999122
99.99999999999154
99.9999999999915
99.99999999999145
99.9999999999914
99.99999999999152
99.99999999999157
99.99999999999167
99.99999999999179
99.99999999999179
99.9999999999916
99.99999999999162
99.99999999999173
99.99999999999194
99.99999999999196
99.99999999999228
99.99999999999216
99.99999999999211
99.9999999999919
99.99999999999172
99.99999999999166
99.99999999999179
99.99999999999174
99.99999999999177
99.99999999999187
99.99999999999163
99.9999999999916
99.99999999999163
99.99999999999162
99.99999999999157
99.9999999999913
99.99999999999156
99.99999999999184
99.9999999999918
99.99999999999184
99.99999999999196
99.99999999999204
99.99999999999177
99.99999999999196
99.99999999999201
99.99999999999201
99.99999999999193
99.9999999999919
99.99999999999162
99.99999999999167
99.99999999999142
99.99999999999102
99.99999999999098
99.99999999999108
99.99999999999133
99.9999999999914
99.99999999999123
99.99999999999115
99.99999999999108
99.99999999999085
99.99999999999073
99.99999999999052
99.99999999999081
99.99999999999076
99.99999999999095
99.99999999999092
99.99999999999073
99.99999999999058
99.99999999999082
99.99999999999106
99.99999999999102
99.99999999999092
99.99999999999075
99.99999999999089
99.99999999999081
99.99999999999081
99.99999999999079
99.99999999999081
99.99999999999081
99.99999999999096
99.99999999999095
99.99999999999086
99.99999999999119
99.99999999999136
99.99999999999115
99.99999999999133
99.99999999999136
99.9999999999915
99.99999999999173
99.99999999999216
99.9999999999922
99.99999999999217
99.99999999999221
99.99999999999223
99.99999999999267
99.99999999999267
99.99999999999264
99.9999999999927
99.99999999999234
99.99999999999221
99.99999999999234
99.99999999999244
99.99999999999248
99.99999999999261
99.99999999999264
99.99999999999282
99.99999999999267
99.99999999999291
99.99999999999288
99.99999999999315
99.99999999999308
99.99999999999315
99.99999999999325
99.99999999999365
99.99999999999385
99.99999999999416
99.99999999999412
99.99999999999416
99.99999999999419
99.99999999999423
99.9999999999939
99.99999999999386
99.99999999999356
99.99999999999365
99.99999999999356
99.99999999999375
99.99999999999392
99.9999999999939
99.99999999999369
99.99999999999369
99.99999999999378
99.99999999999385
99.99999999999386
99.99999999999368
99.99999999999375
99.99999999999359
99.99999999999345
99.99999999999353
99.99999999999356
99.99999999999359
99.99999999999368
99.99999999999336
99.99999999999314
99.99999999999308
99.99999999999287
99.99999999999275
99.99999999999272
99.99999999999294
99.99999999999308
99.99999999999314
99.99999999999299
99.99999999999331
99.99999999999342
99.99999999999331
99.99999999999324
99.99999999999336
99.99999999999332
99.99999999999325
99.9999999999928
99.99999999999265
99.9999999999928
99.99999999999287
99.99999999999275
99.99999999999271
99.99999999999287
99.99999999999271
99.99999999999285
99.99999999999287
99.99999999999298
99.99999999999314
99.99999999999314
99.99999999999326
99.99999999999315
99.99999999999302
99.99999999999299
99.99999999999315
99.99999999999315
99.99999999999318
99.99999999999302
99.99999999999308
99.99999999999308
99.99999999999331
99.99999999999308
99.99999999999292
99.99999999999302
99.99999999999299
99.99999999999282
99.99999999999299
99.99999999999302
99.99999999999265
99.9999999999925
99.99999999999264
99.99999999999272
99.99999999999261
99.99999999999264
99.99999999999282
99.99999999999324
99.99999999999329
99.99999999999342
99.99999999999335
99.99999999999314
99.99999999999304
99.99999999999304
99.99999999999315
99.99999999999335
99.99999999999338
99.99999999999319
99.99999999999294
99.99999999999305
99.99999999999315
99.99999999999305
99.99999999999314
99.99999999999291
99.99999999999292
99.99999999999291
99.99999999999305
99.99999999999326
99.99999999999338
99.99999999999325
99.99999999999324
99.99999999999314
99.99999999999314
99.99999999999324
99.99999999999312
99.99999999999319
99.99999999999314
99.99999999999294
99.99999999999302
99.99999999999299
99.99999999999305
99.99999999999291
99.9999999999928
99.99999999999265
99.9999999999927
99.99999999999267
99.99999999999267
99.99999999999287
99.99999999999302
99.99999999999308
99.99999999999314
99.99999999999292
99.99999999999275
99.99999999999261
99.99999999999267
99.99999999999275
99.99999999999247
99.99999999999255
99.9999999999926
99.99999999999234
99.9999999999922
99.99999999999226
99.99999999999234
99.99999999999217
99.99999999999193
99.99999999999199
99.999999999992
99.99999999999206
99.9999999999918
99.99999999999187
99.99999999999145
99.99999999999142
99.99999999999163
99.99999999999169
99.99999999999136
99.9999999999913
99.99999999999129
99.99999999999118
99.99999999999115
99.99999999999119
99.99999999999139
99.99999999999142
99.99999999999163
99.9999999999919
99.99999999999213
99.99999999999207
99.99999999999227
99.99999999999226
99.99999999999217
99.99999999999254
99.99999999999255
99.99999999999217
99.99999999999207
99.99999999999189
99.99999999999201
99.99999999999216
99.99999999999233
99.99999999999217
99.99999999999221
99.99999999999243
99.99999999999244
99.99999999999248
99.99999999999255
99.99999999999258
99.99999999999234
99.99999999999254
99.99999999999231
99.99999999999255
99.99999999999282
99.99999999999287
99.99999999999282
99.99999999999291
99.99999999999312
99.99999999999336
99.99999999999342
99.99999999999345
99.99999999999346
99.99999999999341
99.99999999999335
99.99999999999326
99.99999999999314
99.99999999999298
99.99999999999271
99.99999999999244
99.99999999999237
99.99999999999267
99.9999999999926
99.99999999999267
99.9999999999927
99.99999999999304
99.99999999999282
99.99999999999267
99.99999999999277
99.99999999999272
99.99999999999294
99.99999999999277
99.99999999999261
99.99999999999271
99.99999999999312
99.99999999999325
99.99999999999305
99.99999999999329
99.99999999999308
99.99999999999292
99.99999999999287
99.99999999999248
99.99999999999237
99.9999999999924
99.99999999999233
99.99999999999287
99.9999999999928
99.99999999999304
99.99999999999309
99.99999999999329
99.99999999999329
99.99999999999331
99.99999999999341
99.99999999999346
99.99999999999368
99.9999999999937
99.9999999999938
99.9999999999939
99.99999999999392
99.99999999999417
99.99999999999436
99.99999999999433
99.99999999999416
99.99999999999427
99.99999999999434
99.99999999999444
99.99999999999457
99.99999999999451
99.99999999999433
99.99999999999443
99.99999999999454
99.99999999999446
99.99999999999483
99.99999999999463
99.99999999999461
99.99999999999477
99.99999999999476
99.99999999999446
99.99999999999443
99.99999999999446
99.99999999999451
99.9999999999945
99.99999999999467
99.99999999999449
99.99999999999467
99.99999999999457
99.99999999999451
99.99999999999434
99.99999999999423
99.99999999999416
99.99999999999429
99.9999999999943
99.99999999999436
99.99999999999433
99.99999999999419
99.99999999999419
99.99999999999406
99.99999999999416
99.999999999994
99.99999999999383
99.99999999999385
99.99999999999395
99.99999999999389
99.999999999994
99.99999999999397
99.99999999999416
99.9999999999943
99.99999999999427
99.99999999999402
99.99999999999396
99.99999999999392
99.99999999999383
99.99999999999342
99.99999999999326
99.99999999999312
99.99999999999271
99.99999999999275
99.99999999999282
99.99999999999254
99.99999999999292
99.99999999999312
99.99999999999294
99.99999999999294
99.99999999999292
99.99999999999312
99.99999999999287
99.99999999999277
99.99999999999277
99.99999999999258
99.99999999999253
99.9999999999925
99.99999999999261
99.99999999999247
99.99999999999234
99.99999999999223
99.99999999999217
99.99999999999206
99.99999999999196
99.99999999999211
99.99999999999216
99.99999999999244
99.99999999999247
99.99999999999267
99.9999999999928
99.99999999999277
99.99999999999281
99.99999999999312
99.99999999999321
99.99999999999342
99.99999999999335
99.99999999999338
99.99999999999379
99.99999999999359
99.99999999999373
99.99999999999362
99.99999999999359
99.99999999999338
99.99999999999325
99.99999999999277
99.99999999999294
99.99999999999287
99.99999999999302
99.99999999999315
99.99999999999321
99.99999999999287
99.99999999999294
99.99999999999287
99.9999999999927
99.99999999999272
99.99999999999281
99.99999999999265
99.9999999999924
99.99999999999233
99.99999999999233
99.99999999999244
99.99999999999243
99.99999999999248
99.9999999999924
99.99999999999248
99.9999999999925
99.99999999999244
99.9999999999922
99.99999999999228
99.99999999999194
99.99999999999196
99.99999999999196
99.99999999999193
99.99999999999196
99.99999999999207
99.99999999999221
99.99999999999234
99.99999999999253
99.99999999999267
99.9999999999924
99.99999999999213
99.99999999999228
99.99999999999233
99.99999999999244
99.99999999999247
99.9999999999925
99.99999999999237
99.99999999999255
99.99999999999258
99.99999999999277
99.99999999999275
99.99999999999271
99.9999999999928
99.9999999999925
99.99999999999254
99.99999999999258
99.99999999999248
99.99999999999227
99.99999999999227
99.99999999999237
99.99999999999231
99.99999999999244
99.99999999999253
99.99999999999247
99.99999999999254
99.99999999999267
99.9999999999926
99.99999999999255
99.99999999999255
99.99999999999272
99.99999999999277
99.9999999999927
99.99999999999275
99.99999999999272
99.99999999999267
99.99999999999255
99.99999999999264
99.99999999999287
99.99999999999298
99.99999999999298
99.99999999999304
99.99999999999277
99.99999999999308
99.99999999999315
99.99999999999299
99.99999999999287
99.99999999999282
99.99999999999292
99.99999999999275
99.99999999999261
99.9999999999925
99.99999999999226
99.999999999992
99.99999999999217
99.99999999999223
99.99999999999247
99.9999999999922
99.99999999999223
99.99999999999231
99.99999999999216
99.99999999999207
99.9999999999919
99.99999999999199
99.99999999999217
99.99999999999227
99.9999999999921
99.99999999999223
99.99999999999196
99.9999999999919
99.99999999999179
99.99999999999174
99.99999999999172
99.99999999999162
99.99999999999154
99.99999999999147
99.99999999999147
99.99999999999154
99.99999999999154
99.99999999999152
99.99999999999145
99.99999999999169
99.99999999999169
99.99999999999166
99.999999999992
99.99999999999193
99.9999999999921
99.99999999999169
99.99999999999156
99.99999999999169
99.99999999999157
99.99999999999179
99.99999999999156
99.99999999999133
99.9999999999914
99.99999999999115
99.99999999999147
99.99999999999154
99.99999999999152
99.99999999999147
99.99999999999156
99.99999999999147
99.9999999999916
99.99999999999169
99.99999999999193
99.99999999999172
99.9999999999916
99.99999999999133
99.99999999999129
99.999999999991
99.99999999999115
99.99999999999119
99.99999999999129
99.99999999999145
99.99999999999147
99.9999999999916
99.99999999999167
99.99999999999193
99.99999999999174
99.99999999999199
99.99999999999173
99.99999999999184
99.9999999999919
99.99999999999206
99.99999999999189
99.99999999999204
99.9999999999918
99.99999999999217
99.99999999999204
99.99999999999199
99.99999999999189
99.99999999999193
99.99999999999206
99.999999999992
99.99999999999207
99.999999999992
99.99999999999189
99.99999999999199
99.999999999992
99.9999999999918
99.99999999999216
99.99999999999213
99.99999999999216
99.99999999999201
99.99999999999193
99.9999999999919
99.99999999999173
99.99999999999196
99.99999999999207
99.99999999999223
99.9999999999922
99.99999999999201
99.99999999999196
99.99999999999194
99.99999999999211
99.99999999999213
99.99999999999227
99.9999999999922
99.99999999999189
99.99999999999184
99.99999999999196
99.99999999999179
99.99999999999194
99.99999999999174
99.99999999999193
99.9999999999918
99.99999999999194
99.99999999999194
99.99999999999184
99.9999999999918
99.99999999999163
99.99999999999196
99.99999999999163
99.99999999999152
99.99999999999136
99.99999999999136
99.99999999999106
99.99999999999113
99.999999999991
99.99999999999096
99.99999999999106
99.99999999999115
99.99999999999112
99.99999999999103
99.99999999999073
99.99999999999079
99.99999999999098
99.99999999999108
99.99999999999129
99.99999999999136
99.99999999999106
99.99999999999115
99.99999999999103
99.99999999999076
99.99999999999068
99.99999999999075
99.99999999999085
99.99999999999058
99.99999999999032
99.99999999999038
99.99999999999049
99.99999999999037
99.99999999999031
99.99999999999056
99.99999999999076
99.99999999999079
99.99999999999113
99.99999999999103
99.99999999999103
99.99999999999086
99.99999999999081
99.99999999999075
99.99999999999082
99.99999999999059
99.99999999999054
99.99999999999054
99.99999999999065
99.99999999999059
99.99999999999056
99.99999999999048
99.99999999999037
99.99999999999049
99.99999999999041
99.99999999999076
99.99999999999091
99.99999999999092
99.99999999999113
99.99999999999115
99.99999999999125
99.99999999999123
99.99999999999112
99.99999999999135
99.99999999999118
99.99999999999113
99.99999999999079
99.99999999999081
99.99999999999091
99.99999999999068
99.99999999999038
99.99999999999025
99.99999999999041
99.99999999999035
99.99999999999049
99.99999999999054
99.99999999999056
99.99999999999056
99.99999999999046
99.99999999999046
99.99999999999048
99.99999999999052
99.99999999999027
99.99999999999037
99.99999999999068
99.99999999999108
99.99999999999073
99.99999999999073
99.99999999999075
99.99999999999079
99.99999999999086
99.99999999999095
99.999999999991
99.99999999999096
99.99999999999092
99.99999999999076
99.99999999999106
99.99999999999113
99.99999999999109
99.99999999999112
99.99999999999098
99.99999999999089
99.99999999999092
99.99999999999103
99.99999999999157
99.99999999999207
99.99999999999243
99.99999999999233
99.99999999999227
99.99999999999211
99.99999999999204
99.99999999999226
99.99999999999217
99.99999999999237
99.99999999999221
99.99999999999231
99.9999999999921
99.9999999999919
99.9999999999918
99.99999999999147
99.99999999999133
99.9999999999914
99.99999999999154
99.99999999999147
99.9999999999914
99.99999999999142
99.99999999999147
99.99999999999135
99.9999999999915
99.99999999999156
99.99999999999163
99.99999999999174
99.99999999999194
99.99999999999227
99.99999999999187
99.99999999999216
99.99999999999207
99.99999999999211
99.99999999999196
99.99999999999162
99.99999999999156
99.99999999999154
99.99999999999157
99.99999999999173
99.99999999999167
99.99999999999189
99.99999999999217
99.99999999999228
99.99999999999264
99.99999999999255
99.99999999999258
99.9999999999924
99.99999999999237
99.99999999999243
99.99999999999221
99.99999999999207
99.99999999999184
99.99999999999173
99.99999999999193
99.99999999999204
99.9999999999921
99.999999999992
99.99999999999174
99.99999999999163
99.99999999999194
99.99999999999201
99.99999999999196
99.99999999999189
99.99999999999189
99.99999999999169
99.9999999999916
99.99999999999146
99.99999999999145
99.99999999999115
99.99999999999142
99.99999999999163
99.99999999999152
99.99999999999157
99.99999999999125
99.99999999999147
99.99999999999147
99.99999999999145
99.99999999999154
99.99999999999147
99.99999999999142
99.99999999999156
99.99999999999162
99.99999999999179
99.99999999999204
99.99999999999228
99.99999999999206
99.99999999999213
99.99999999999216
99.99999999999228
99.99999999999234
99.99999999999217
99.99999999999248
99.99999999999261
99.99999999999247
99.99999999999248
99.9999999999926
99.9999999999924
99.99999999999267
99.9999999999926
99.9999999999927
99.99999999999282
99.99999999999287
99.99999999999267
99.99999999999267
99.9999999999925
99.99999999999234
99.99999999999227
99.99999999999217
99.99999999999189
99.99999999999184
99.9999999999916
99.99999999999177
99.99999999999162
99.99999999999162
99.9999999999914
99.99999999999145
