8.87682e+06, 3.02112e+06, 0
4.84468e+06, 1.62465e+06, 0
8.69208e+06, 4.41734e+06, 0
7.25438e+06, 2.18909e+06, 0
1.09844e+07, 1.82801e+06, 0
1.06212e+07, 4.0506e+06, 0
9.60422e+06, 1.19461e+06, 0
7.67996e+06, 1.95226e+06, 0
7.36541e+06, 2.28579e+06, 0
8.36565e+06, 2.48424e+06, 0
1.24388e+07, 3.23768e+06, 0
1.20196e+07, 1.03623e+06, 0
7.86464e+06, 2.50277e+06, 0
1.00632e+07, 3.67049e+06, 0
1.03805e+07, 2.21955e+06, 0
9.04295e+06, 3.03833e+06, 0
1.16725e+07, 3.55608e+06, 0
7.98214e+06, 2.72903e+06, 0
6.35633e+06, 1.71836e+06, 0
6.00073e+06, 2.66017e+06, 0
8.53372e+06, 3.98218e+06, 0
8.68257e+06, 1.32832e+06, 0
5.89975e+06, 2.19564e+06, 0
7.17523e+06, 2.83762e+06, 0
1.00698e+07, 1.56336e+06, 0
4.53669e+06, 1.29442e+06, 0
6.27277e+06, 2.70759e+06, 0
7.62112e+06, 1.56716e+06, 0
7.05664e+06, 1.41772e+06, 0
5.50235e+06, 1.61111e+06, 0
4.84817e+06, 1.56157e+06, 0
9.83164e+06, 3.50211e+06, 0
5.46608e+06, 610188, 0
8.51549e+06, 1.2674e+06, 0
6.49481e+06, 2.58722e+06, 0
1.14851e+07, 2.02995e+06, 0
1.45032e+07, 7.01702e+06, 0
5.79862e+06, 1.13437e+06, 0
4.42591e+06, 989043, 0
7.77346e+06, 909199, 0
9.01283e+06, 4.18675e+06, 0
5.82833e+06, 2.55019e+06, 0
8.94442e+06, 2.46166e+06, 0
7.55632e+06, 2.66198e+06, 0
7.52218e+06, 3.19273e+06, 0
1.32424e+07, 961902, 0
7.907e+06, 3.14429e+06, 0
5.61492e+06, 1.3248e+06, 0
5.69902e+06, 1.57036e+06, 0
9.1677e+06, 3.73108e+06, 0
1.03817e+07, 4.78522e+06, 0
9.22242e+06, 1.97551e+06, 0
1.06419e+07, 3.41063e+06, 0
8.41629e+06, 3.39328e+06, 0
9.00255e+06, 1.52241e+06, 0
1.54292e+07, 2.22081e+06, 0
7.40843e+06, 2.36748e+06, 0
8.51419e+06, 727386, 0
7.34888e+06, 1.85893e+06, 0
1.12489e+07, 6.20752e+06, 0
1.27096e+07, 4.56059e+06, 0
6.18972e+06, 2.33701e+06, 0
5.21441e+06, 2.0868e+06, 0
6.15315e+06, 2.3264e+06, 0
6.6723e+06, 2.29513e+06, 0
9.49859e+06, 3.97638e+06, 0
5.54015e+06, 595118, 0
7.77298e+06, 1.60518e+06, 0
6.55575e+06, 2.9511e+06, 0
6.28178e+06, 1.48746e+06, 0
1.21022e+07, 1.75825e+06, 0
6.02553e+06, 2.30458e+06, 0
5.08477e+06, 1.95145e+06, 0
7.94375e+06, 3.84964e+06, 0
5.84572e+06, 2.47649e+06, 0
5.50256e+06, 1.48486e+06, 0
4.78382e+06, 1.37208e+06, 0
5.52998e+06, 2.2341e+06, 0
9.55185e+06, 3.64821e+06, 0
5.53822e+06, 1.64347e+06, 0
7.98662e+06, 2.38744e+06, 0
9.1252e+06, 2.40571e+06, 0
8.7826e+06, 3.4077e+06, 0
4.66838e+06, 1.38572e+06, 0
4.55827e+06, 1.23829e+06, 0
1.67128e+07, 4.49188e+06, 0
6.99259e+06, 1.52426e+06, 0
6.41542e+06, 1.86463e+06, 0
7.35605e+06, 3.26147e+06, 0
9.00505e+06, 3.25032e+06, 0
1.13201e+07, 4.83888e+06, 0
6.88502e+06, 356912, 0
6.54203e+06, 1.59215e+06, 0
7.1295e+06, 2.86357e+06, 0
8.03402e+06, 3.49686e+06, 0
7.48036e+06, 3.51714e+06, 0
8.00927e+06, 1.58477e+06, 0
1.00414e+07, 5.12442e+06, 0
5.39884e+06, 497094, 0
5.51101e+06, 1.8403e+06, 0
6.89882e+06, 3.23787e+06, 0
5.26122e+06, 1.38779e+06, 0
5.41047e+06, 1.76642e+06, 0
8.87691e+06, 1.85397e+06, 0
1.10815e+07, 4.45532e+06, 0
4.44398e+06, 1.02444e+06, 0
6.22969e+06, 1.6444e+06, 0
7.40596e+06, 1.95783e+06, 0
8.05826e+06, 3.30811e+06, 0
1.0701e+07, 1.82128e+06, 0
1.05667e+07, 4.55232e+06, 0
6.87142e+06, 1.59914e+06, 0
8.8848e+06, 1.83439e+06, 0
7.5595e+06, 2.7155e+06, 0
7.07647e+06, 2.3285e+06, 0
6.4092e+06, 1.54544e+06, 0
7.56617e+06, 2.52134e+06, 0
7.74926e+06, 3.32171e+06, 0
9.46597e+06, 1.02694e+06, 0
8.42438e+06, 2.62084e+06, 0
6.28468e+06, 2.02888e+06, 0
6.37155e+06, 2.13351e+06, 0
5.52652e+06, 1.5411e+06, 0
4.27117e+06, 570788, 0
6.3457e+06, 2.85056e+06, 0
1.05264e+07, 3.73253e+06, 0
5.44768e+06, 1.55868e+06, 0
7.16684e+06, 1.83613e+06, 0
1.11312e+07, 6.02348e+06, 0
5.40223e+06, 2.0598e+06, 0
5.68251e+06, 919550, 0
6.75726e+06, 924917, 0
7.98645e+06, 4.04255e+06, 0
8.58783e+06, 1.34216e+06, 0
6.69396e+06, 2.13477e+06, 0
9.86444e+06, 4.73032e+06, 0
6.58135e+06, 2.34091e+06, 0
6.73373e+06, 1.0717e+06, 0
8.44996e+06, 1.36926e+06, 0
9.21579e+06, 3.37724e+06, 0
5.65497e+06, 617474, 0
7.97682e+06, 3.43862e+06, 0
4.4658e+06, 829782, 0
9.52135e+06, 4.87125e+06, 0
7.76937e+06, 1.93653e+06, 0
1.29426e+07, 2.96973e+06, 0
4.24914e+06, 1.04732e+06, 0
6.04999e+06, 2.43361e+06, 0
5.31387e+06, 913777, 0
5.82386e+06, 1.93102e+06, 0
8.67589e+06, 782865, 0
8.88848e+06, 2.68241e+06, 0
1.01528e+07, 4.68124e+06, 0
9.01855e+06, 2.70051e+06, 0
7.76687e+06, 2.72031e+06, 0
5.99143e+06, 1.8209e+06, 0
6.29728e+06, 2.71473e+06, 0
9.175e+06, 4.23306e+06, 0
8.92983e+06, 3.42431e+06, 0
5.41861e+06, 2.15061e+06, 0
6.27461e+06, 2.46039e+06, 0
5.46077e+06, 2.25781e+06, 0
5.94435e+06, 1.50704e+06, 0
8.72359e+06, 3.88011e+06, 0
5.54632e+06, 983386, 0
7.83822e+06, 3.80466e+06, 0
5.60196e+06, 872562, 0
5.25016e+06, 2.05447e+06, 0
1.15226e+07, 6.05462e+06, 0
7.02038e+06, 3.31168e+06, 0
5.73732e+06, 2.00605e+06, 0
4.49664e+06, 986813, 0
9.77156e+06, 3.6246e+06, 0
6.33484e+06, 1.10716e+06, 0
6.58732e+06, 2.96414e+06, 0
5.71957e+06, 933499, 0
7.85877e+06, 3.21012e+06, 0
5.72871e+06, 2.25429e+06, 0
7.91558e+06, 3.09244e+06, 0
6.57358e+06, 1.29737e+06, 0
6.71078e+06, 2.98177e+06, 0
4.98863e+06, 1.55611e+06, 0
6.39342e+06, 2.2182e+06, 0
6.79814e+06, 2.48416e+06, 0
8.88613e+06, 2.6856e+06, 0
9.00818e+06, 4.80502e+06, 0
7.28365e+06, 2.71646e+06, 0
4.9027e+06, 903554, 0
4.40671e+06, 510414, 0
6.53451e+06, 3.03886e+06, 0
7.6513e+06, 3.74741e+06, 0
7.60136e+06, 598612, 0
8.54516e+06, 517578, 0
5.37554e+06, 669179, 0
7.14757e+06, 1.72966e+06, 0
5.81042e+06, 555136, 0
6.99717e+06, 3.03933e+06, 0
6.14243e+06, 856790, 0
1.0454e+07, 4.2546e+06, 0
6.38366e+06, 1.89609e+06, 0
4.44677e+06, 1.04911e+06, 0
1.2951e+07, 1.89257e+06, 0
9.80004e+06, 3.88186e+06, 0
7.41347e+06, 1.78455e+06, 0
5.94284e+06, 2.45872e+06, 0
5.04437e+06, 1.08426e+06, 0
6.72579e+06, 3.25292e+06, 0
1.24136e+07, 999097, 0
5.24821e+06, 2.11332e+06, 0
7.13068e+06, 2.87021e+06, 0
5.10411e+06, 1.25602e+06, 0
1.08328e+07, 4.3294e+06, 0
6.7631e+06, 924868, 0
8.60183e+06, 979834, 0
9.27985e+06, 4.1417e+06, 0
8.18754e+06, 362267, 0
1.25032e+07, 1.22781e+06, 0
7.3382e+06, 2.25013e+06, 0
5.75024e+06, 1.72393e+06, 0
8.21646e+06, 2.61966e+06, 0
6.72819e+06, 1.79478e+06, 0
1.05082e+07, 4.98518e+06, 0
1.05199e+07, 2.92862e+06, 0
8.08903e+06, 775820, 0
6.28959e+06, 1.18183e+06, 0
1.08658e+07, 4.74603e+06, 0
1.58711e+07, 3.92481e+06, 0
6.82186e+06, 3.03999e+06, 0
8.92018e+06, 2.72611e+06, 0
9.86196e+06, 3.45218e+06, 0
1.04943e+07, 850492, 0
6.33875e+06, 1.26725e+06, 0
6.02625e+06, 752945, 0
4.11145e+06, 606966, 0
6.3853e+06, 1.97486e+06, 0
5.73859e+06, 2.01228e+06, 0
6.61455e+06, 2.27721e+06, 0
6.00166e+06, 2.5937e+06, 0
7.70161e+06, 3.22167e+06, 0
7.46917e+06, 3.6983e+06, 0
1.03096e+07, 5.17666e+06, 0
7.35677e+06, 3.63051e+06, 0
7.9158e+06, 3.07477e+06, 0
7.14835e+06, 1.94932e+06, 0
8.91785e+06, 1.59366e+06, 0
1.15673e+07, 4.5228e+06, 0
1.21111e+07, 4.52196e+06, 0
6.75742e+06, 2.78596e+06, 0
9.155e+06, 1.81247e+06, 0
9.66858e+06, 2.7691e+06, 0
7.2434e+06, 2.97411e+06, 0
1.03761e+07, 5.28531e+06, 0
5.00573e+06, 216362, 0
8.25555e+06, 4.2314e+06, 0
1.2362e+07, 3.285e+06, 0
7.81177e+06, 2.16633e+06, 0
7.88912e+06, 870582, 0
7.3158e+06, 2.2251e+06, 0
6.09516e+06, 1.69898e+06, 0
4.44009e+06, 496162, 0
1.26704e+07, 2.29726e+06, 0
5.63555e+06, 1.39808e+06, 0
7.88153e+06, 3.19209e+06, 0
7.75073e+06, 2.15626e+06, 0
5.66965e+06, 519727, 0
9.23061e+06, 545724, 0
8.35193e+06, 2.20036e+06, 0
6.08029e+06, 1.16514e+06, 0
8.47549e+06, 3.64899e+06, 0
8.66733e+06, 4.51082e+06, 0
1.06702e+07, 1.82593e+06, 0
7.50849e+06, 1.298e+06, 0
9.46391e+06, 4.78981e+06, 0
6.92423e+06, 2.46744e+06, 0
1.06238e+07, 5.55365e+06, 0
6.59489e+06, 2.17275e+06, 0
4.68005e+06, 865087, 0
5.8403e+06, 1.68117e+06, 0
5.61412e+06, 1.49493e+06, 0
8.51649e+06, 3.3224e+06, 0
6.56575e+06, 2.49997e+06, 0
6.83081e+06, 3.16363e+06, 0
6.95172e+06, 3.15842e+06, 0
8.99843e+06, 1.8985e+06, 0
5.58873e+06, 2.12904e+06, 0
6.79111e+06, 2.3717e+06, 0
9.93186e+06, 1.5126e+06, 0
6.41232e+06, 2.23597e+06, 0
8.18139e+06, 1.26262e+06, 0
5.00361e+06, 1.73457e+06, 0
8.27745e+06, 2.7095e+06, 0
7.06412e+06, 1.52369e+06, 0
9.32784e+06, 3.36506e+06, 0
6.8201e+06, 3.30878e+06, 0
6.02329e+06, 2.64649e+06, 0
1.04585e+07, 929128, 0
5.07005e+06, 754048, 0
9.77975e+06, 433211, 0
3.98865e+06, 197085, 0
6.99861e+06, 1.22019e+06, 0
8.92069e+06, 4.45777e+06, 0
9.24743e+06, 4.18648e+06, 0
7.69856e+06, 3.55319e+06, 0
8.26407e+06, 3.29992e+06, 0
8.25096e+06, 4.24715e+06, 0
6.78966e+06, 943274, 0
8.16342e+06, 3.82427e+06, 0
8.19331e+06, 3.41123e+06, 0
7.79798e+06, 2.45284e+06, 0
9.59651e+06, 4.63426e+06, 0
4.56435e+06, 1.41543e+06, 0
6.64196e+06, 2.22736e+06, 0
9.85508e+06, 4.10175e+06, 0
6.16982e+06, 2.46274e+06, 0
8.53534e+06, 2.08747e+06, 0
4.36181e+06, 1.11246e+06, 0
8.16971e+06, 1.91373e+06, 0
7.71644e+06, 3.68153e+06, 0
8.75467e+06, 2.53938e+06, 0
7.21539e+06, 1.87932e+06, 0
5.88588e+06, 907030, 0
6.78761e+06, 2.22547e+06, 0
8.3429e+06, 3.17878e+06, 0
7.6623e+06, 2.47469e+06, 0
7.53818e+06, 3.09109e+06, 0
1.05365e+07, 3.32715e+06, 0
1.09112e+07, 4.399e+06, 0
1.07775e+07, 2.18934e+06, 0
7.04417e+06, 1.05208e+06, 0
5.97845e+06, 2.40711e+06, 0
7.12096e+06, 2.39504e+06, 0
1.12235e+07, 4.40091e+06, 0
9.49803e+06, 3.96343e+06, 0
8.70801e+06, 1.58292e+06, 0
7.39905e+06, 818613, 0
8.72729e+06, 1.41534e+06, 0
6.77466e+06, 1.01563e+06, 0
5.968e+06, 2.62314e+06, 0
8.06852e+06, 3.98066e+06, 0
8.41421e+06, 3.69216e+06, 0
5.15797e+06, 1.33045e+06, 0
7.08283e+06, 2.54658e+06, 0
8.23275e+06, 4.06811e+06, 0
6.20416e+06, 2.21585e+06, 0
4.34014e+06, 450186, 0
8.12331e+06, 2.41088e+06, 0
6.11005e+06, 1.3856e+06, 0
1.03001e+07, 1.89844e+06, 0
6.83124e+06, 3.14772e+06, 0
1.01214e+07, 3.21549e+06, 0
5.67773e+06, 1.88346e+06, 0
8.68818e+06, 4.44348e+06, 0
7.62287e+06, 2.96175e+06, 0
9.12949e+06, 458409, 0
8.5672e+06, 3.18841e+06, 0
5.96505e+06, 911893, 0
1.08253e+07, 2.5156e+06, 0
1.05708e+07, 2.39428e+06, 0
7.56797e+06, 3.73399e+06, 0
6.68956e+06, 708933, 0
7.86962e+06, 3.61929e+06, 0
6.71583e+06, 2.53236e+06, 0
7.83938e+06, 1.38832e+06, 0
6.83754e+06, 2.18593e+06, 0
1.02653e+07, 1.82273e+06, 0
7.43502e+06, 2.80185e+06, 0
9.28919e+06, 3.01125e+06, 0
6.72646e+06, 2.06664e+06, 0
8.6632e+06, 4.14155e+06, 0
9.27397e+06, 425394, 0
4.71182e+06, 1.18803e+06, 0
8.18826e+06, 3.37883e+06, 0
8.66327e+06, 1.93295e+06, 0
1.46632e+07, 1.50284e+06, 0
1.17604e+07, 4.54117e+06, 0
1.29792e+07, 4.63362e+06, 0
1.17736e+07, 4.48067e+06, 0
9.44324e+06, 434873, 0
6.42155e+06, 2.21771e+06, 0
6.50156e+06, 1.17911e+06, 0
7.79495e+06, 2.76122e+06, 0
5.78021e+06, 2.30586e+06, 0
7.27995e+06, 3.53976e+06, 0
6.90547e+06, 3.17052e+06, 0
5.26761e+06, 1.79344e+06, 0
1.17412e+07, 2.76456e+06, 0
1.04255e+07, 2.92821e+06, 0
7.67929e+06, 1.47159e+06, 0
8.70965e+06, 2.40773e+06, 0
4.80502e+06, 343928, 0
6.57851e+06, 2.06829e+06, 0
8.52327e+06, 3.999e+06, 0
6.34388e+06, 2.0611e+06, 0
6.07129e+06, 2.42942e+06, 0
6.53207e+06, 2.63391e+06, 0
5.67363e+06, 1.60768e+06, 0
1.05713e+07, 3.26838e+06, 0
7.04397e+06, 2.95487e+06, 0
8.94752e+06, 4.61473e+06, 0
9.79989e+06, 2.16628e+06, 0
5.71885e+06, 1.05009e+06, 0
1.02219e+07, 4.00813e+06, 0
1.13029e+07, 2.52749e+06, 0
1.04433e+07, 4.17106e+06, 0
4.96022e+06, 1.29889e+06, 0
5.34795e+06, 698797, 0
5.10505e+06, 1.8914e+06, 0
4.28329e+06, 454787, 0
8.53953e+06, 3.36246e+06, 0
1.32666e+07, 5.29654e+06, 0
6.86971e+06, 2.1239e+06, 0
7.0772e+06, 1.47256e+06, 0
8.17749e+06, 4.05455e+06, 0
8.63436e+06, 2.77468e+06, 0
6.31047e+06, 2.00458e+06, 0
6.94034e+06, 633800, 0
7.77442e+06, 840329, 0
6.05982e+06, 2.76185e+06, 0
8.93382e+06, 3.00179e+06, 0
7.16547e+06, 934801, 0
1.09105e+07, 3.66212e+06, 0
8.22883e+06, 3.70974e+06, 0
9.87161e+06, 4.93167e+06, 0
6.90282e+06, 1.87422e+06, 0
7.8662e+06, 3.82435e+06, 0
7.91635e+06, 3.56899e+06, 0
5.39173e+06, 838954, 0
7.13955e+06, 3.24763e+06, 0
9.33782e+06, 3.12753e+06, 0
8.60808e+06, 3.24121e+06, 0
6.96987e+06, 546434, 0
8.38987e+06, 3.25676e+06, 0
7.32493e+06, 380417, 0
7.96732e+06, 2.40391e+06, 0
6.44077e+06, 2.48747e+06, 0
7.24202e+06, 2.36155e+06, 0
7.71941e+06, 3.80944e+06, 0
6.1743e+06, 1.66471e+06, 0
5.00374e+06, 1.14134e+06, 0
8.01045e+06, 2.09198e+06, 0
7.18397e+06, 1.01089e+06, 0
6.61948e+06, 1.72156e+06, 0
7.86242e+06, 2.68307e+06, 0
1.06259e+07, 1.84087e+06, 0
6.51456e+06, 3.05778e+06, 0
6.95593e+06, 1.35842e+06, 0
5.67543e+06, 1.99782e+06, 0
5.29237e+06, 1.1259e+06, 0
7.51221e+06, 2.83504e+06, 0
5.98576e+06, 2.47825e+06, 0
4.68774e+06, 1.39185e+06, 0
9.10665e+06, 3.34531e+06, 0
1.03331e+07, 2.54696e+06, 0
8.29022e+06, 3.28338e+06, 0
6.304e+06, 2.24485e+06, 0
1.04617e+07, 3.5735e+06, 0
6.04546e+06, 2.25228e+06, 0
8.1494e+06, 3.33711e+06, 0
1.02529e+07, 4.43521e+06, 0
4.54469e+06, 346188, 0
4.47752e+06, 366215, 0
4.14664e+06, 419609, 0
7.8395e+06, 881774, 0
5.82265e+06, 1.93797e+06, 0
5.73602e+06, 1.14845e+06, 0
7.97871e+06, 3.90224e+06, 0
6.14479e+06, 2.57105e+06, 0
9.35887e+06, 4.00867e+06, 0
7.8043e+06, 3.12381e+06, 0
5.1574e+06, 1.20197e+06, 0
9.828e+06, 2.51647e+06, 0
7.69671e+06, 3.3242e+06, 0
9.96958e+06, 4.58776e+06, 0
6.53396e+06, 2.59493e+06, 0
9.4903e+06, 4.38523e+06, 0
8.34225e+06, 2.56718e+06, 0
9.44159e+06, 4.58137e+06, 0
7.17152e+06, 3.08112e+06, 0
1.1157e+07, 4.75784e+06, 0
6.98308e+06, 2.37099e+06, 0
7.64057e+06, 928021, 0
5.99436e+06, 1.08412e+06, 0
6.62661e+06, 2.61456e+06, 0
8.98815e+06, 2.66671e+06, 0
6.23935e+06, 2.7288e+06, 0
7.96608e+06, 2.02215e+06, 0
1.03038e+07, 3.38752e+06, 0
8.81309e+06, 3.99822e+06, 0
1.19669e+07, 3.59861e+06, 0
8.26386e+06, 523996, 0
1.07213e+07, 2.43481e+06, 0
9.33353e+06, 2.66313e+06, 0
6.66179e+06, 1.62832e+06, 0
7.49188e+06, 1.01983e+06, 0
7.25991e+06, 3.01531e+06, 0
5.36102e+06, 1.32355e+06, 0
5.06129e+06, 1.45011e+06, 0
5.34786e+06, 1.70283e+06, 0
5.30047e+06, 1.24754e+06, 0
9.09441e+06, 4.7617e+06, 0
7.57647e+06, 3.47129e+06, 0
6.45542e+06, 2.68317e+06, 0
7.34831e+06, 2.72385e+06, 0
7.09772e+06, 1.80116e+06, 0
5.60126e+06, 2.04015e+06, 0
7.43422e+06, 3.28291e+06, 0
6.85826e+06, 1.81713e+06, 0
1.35423e+07, 3.3128e+06, 0
7.56637e+06, 2.32208e+06, 0
7.92516e+06, 3.65802e+06, 0
8.70272e+06, 3.33488e+06, 0
6.94709e+06, 3.12769e+06, 0
8.6495e+06, 2.97396e+06, 0
9.017e+06, 4.76354e+06, 0
8.91289e+06, 1.23594e+06, 0
1.0467e+07, 4.77629e+06, 0
8.7603e+06, 4.19795e+06, 0
5.20388e+06, 1.9418e+06, 0
8.51803e+06, 2.9686e+06, 0
5.21582e+06, 2.09445e+06, 0
5.1154e+06, 1.4253e+06, 0
7.20747e+06, 2.82146e+06, 0
1.19114e+07, 6.5536e+06, 0
4.82401e+06, 1.31449e+06, 0
7.98553e+06, 3.23908e+06, 0
9.43091e+06, 3.96592e+06, 0
6.17838e+06, 2.01152e+06, 0
6.13456e+06, 1.5596e+06, 0
5.67893e+06, 1.57431e+06, 0
8.67378e+06, 761769, 0
5.24375e+06, 1.49905e+06, 0
6.68012e+06, 2.51766e+06, 0
6.60884e+06, 2.25675e+06, 0
4.38127e+06, 406351, 0
1.33495e+07, 2.48772e+06, 0
9.59557e+06, 4.61683e+06, 0
5.12409e+06, 509178, 0
6.51716e+06, 1.14441e+06, 0
9.52416e+06, 4.70551e+06, 0
5.75892e+06, 312454, 0
1.05695e+07, 990981, 0
1.03129e+07, 1.52893e+06, 0
1.06459e+07, 5.13723e+06, 0
6.33694e+06, 1.8967e+06, 0
5.19958e+06, 889470, 0
5.9087e+06, 2.56366e+06, 0
5.2558e+06, 2.06318e+06, 0
7.834e+06, 697941, 0
1.13517e+07, 6.20652e+06, 0
7.80167e+06, 1.91162e+06, 0
6.18701e+06, 2.012e+06, 0
7.97836e+06, 2.67034e+06, 0
6.73686e+06, 2.98106e+06, 0
7.13312e+06, 1.85729e+06, 0
4.84052e+06, 1.13146e+06, 0
7.47954e+06, 1.57285e+06, 0
1.04923e+07, 2.40603e+06, 0
8.19251e+06, 3.67853e+06, 0
6.05624e+06, 2.28219e+06, 0
5.61268e+06, 982508, 0
4.45117e+06, 648999, 0
7.15398e+06, 1.7971e+06, 0
1.01537e+07, 3.0895e+06, 0
9.00377e+06, 4.03725e+06, 0
5.96486e+06, 2.20861e+06, 0
9.99836e+06, 2.74662e+06, 0
6.97233e+06, 1.9161e+06, 0
4.4238e+06, 938031, 0
1.28139e+07, 6.09628e+06, 0
4.78883e+06, 981116, 0
4.79167e+06, 583629, 0
5.98281e+06, 1.72181e+06, 0
1.06271e+07, 823670, 0
6.41361e+06, 2.98052e+06, 0
1.18695e+07, 5.59351e+06, 0
6.925e+06, 2.12608e+06, 0
7.22869e+06, 2.12187e+06, 0
1.07182e+07, 3.66871e+06, 0
7.7196e+06, 3.45761e+06, 0
6.57903e+06, 1.69609e+06, 0
4.84013e+06, 1.55935e+06, 0
5.25692e+06, 1.74926e+06, 0
6.18631e+06, 2.36976e+06, 0
4.93817e+06, 1.28924e+06, 0
7.58652e+06, 3.08066e+06, 0
1.29751e+07, 7.02061e+06, 0
1.05958e+07, 1.95818e+06, 0
4.48739e+06, 1.23712e+06, 0
8.60022e+06, 1.03864e+06, 0
7.27743e+06, 1.91537e+06, 0
1.09419e+07, 5.53082e+06, 0
5.97197e+06, 1.66105e+06, 0
4.61115e+06, 62898.4, 0
1.01022e+07, 4.33956e+06, 0
7.90831e+06, 3.0018e+06, 0
9.17836e+06, 1.56283e+06, 0
9.17855e+06, 3.40657e+06, 0
7.12053e+06, 1.54606e+06, 0
7.4245e+06, 464486, 0
7.17995e+06, 2.81129e+06, 0
5.81263e+06, 2.20571e+06, 0
7.03786e+06, 900983, 0
1.00036e+07, 2.78246e+06, 0
6.9737e+06, 3.0603e+06, 0
7.89804e+06, 3.51888e+06, 0
9.93505e+06, 3.89028e+06, 0
1.00541e+07, 2.01469e+06, 0
7.64804e+06, 3.65115e+06, 0
1.06459e+07, 4.81627e+06, 0
6.25134e+06, 1.58107e+06, 0
9.42951e+06, 4.00892e+06, 0
4.10755e+06, 245353, 0
4.93992e+06, 1.75796e+06, 0
7.72518e+06, 2.4684e+06, 0
6.74825e+06, 2.45645e+06, 0
4.88886e+06, 1.16537e+06, 0
5.11914e+06, 1.4974e+06, 0
7.30517e+06, 1.34858e+06, 0
8.7385e+06, 2.48482e+06, 0
7.20875e+06, 2.59872e+06, 0
8.20557e+06, 4.25625e+06, 0
8.93534e+06, 3.18454e+06, 0
6.82497e+06, 3.14083e+06, 0
6.51381e+06, 1.63006e+06, 0
4.56167e+06, 932280, 0
6.20442e+06, 435222, 0
6.06596e+06, 2.54191e+06, 0
1.02048e+07, 1.80588e+06, 0
9.34628e+06, 1.96753e+06, 0
4.11551e+06, 499813, 0
7.9248e+06, 2.33264e+06, 0
1.03521e+07, 1.2783e+06, 0
1.08065e+07, 4.65465e+06, 0
8.4334e+06, 3.70518e+06, 0
6.25585e+06, 1.14301e+06, 0
9.92569e+06, 4.32431e+06, 0
7.896e+06, 4.07143e+06, 0
7.80757e+06, 3.87704e+06, 0
8.46438e+06, 4.19781e+06, 0
4.79764e+06, 1.64131e+06, 0
1.27422e+07, 4.41535e+06, 0
8.15861e+06, 389052, 0
7.23496e+06, 1.2621e+06, 0
8.37855e+06, 4.06543e+06, 0
1.02599e+07, 3.57034e+06, 0
9.54248e+06, 3.991e+06, 0
5.87221e+06, 798927, 0
5.66907e+06, 1.93507e+06, 0
7.94675e+06, 3.04396e+06, 0
5.26711e+06, 1.30739e+06, 0
1.08165e+07, 4.8538e+06, 0
5.71579e+06, 1.54495e+06, 0
8.94319e+06, 770334, 0
9.07531e+06, 3.57931e+06, 0
8.57453e+06, 2.03827e+06, 0
8.66545e+06, 3.7079e+06, 0
4.6079e+06, 1.18507e+06, 0
6.77789e+06, 3.14292e+06, 0
7.22629e+06, 1.51693e+06, 0
8.1529e+06, 1.26327e+06, 0
8.04469e+06, 1.73847e+06, 0
6.88828e+06, 3.06387e+06, 0
1.00788e+07, 4.81337e+06, 0
1.20905e+07, 6.56816e+06, 0
7.46478e+06, 3.67344e+06, 0
1.15154e+07, 4.49546e+06, 0
6.18477e+06, 1.7227e+06, 0
9.14901e+06, 4.79366e+06, 0
6.97692e+06, 2.5272e+06, 0
9.19563e+06, 1.99819e+06, 0
1.14255e+07, 5.05863e+06, 0
9.27415e+06, 1.87866e+06, 0
5.59016e+06, 584419, 0
1.27989e+07, 6.49476e+06, 0
5.92308e+06, 1.36545e+06, 0
6.95717e+06, 3.04394e+06, 0
4.79382e+06, 1.65546e+06, 0
1.10471e+07, 5.42801e+06, 0
4.43836e+06, 383659, 0
6.63071e+06, 2.77602e+06, 0
1.196e+07, 3.82628e+06, 0
7.26768e+06, 1.3315e+06, 0
5.97721e+06, 1.16344e+06, 0
4.4586e+06, 875598, 0
6.48554e+06, 2.91828e+06, 0
5.22353e+06, 1.85223e+06, 0
1.01111e+07, 1.51793e+06, 0
9.95141e+06, 4.46644e+06, 0
9.08927e+06, 3.31753e+06, 0
1.0725e+07, 5.44568e+06, 0
1.00672e+07, 2.24634e+06, 0
9.49329e+06, 4.56049e+06, 0
1.10645e+07, 6.05018e+06, 0
7.20975e+06, 1.92466e+06, 0
7.63597e+06, 3.49913e+06, 0
7.03082e+06, 355777, 0
6.14651e+06, 2.527e+06, 0
8.02773e+06, 4.07698e+06, 0
4.54246e+06, 677986, 0
9.13468e+06, 3.89156e+06, 0
9.75988e+06, 2.16214e+06, 0
7.03257e+06, 1.26102e+06, 0
5.09585e+06, 1.97946e+06, 0
1.12413e+07, 3.79321e+06, 0
5.33885e+06, 195554, 0
7.93912e+06, 3.74008e+06, 0
8.86435e+06, 3.64333e+06, 0
1.42724e+07, 3.17622e+06, 0
1.1805e+07, 6.20808e+06, 0
9.20598e+06, 3.96754e+06, 0
5.39042e+06, 1.62398e+06, 0
9.87137e+06, 2.71423e+06, 0
4.60274e+06, 1.0695e+06, 0
5.23579e+06, 1.50367e+06, 0
7.07025e+06, 3.11668e+06, 0
6.28876e+06, 2.77026e+06, 0
7.753e+06, 2.50167e+06, 0
6.37985e+06, 1.88592e+06, 0
1.1332e+07, 4.63199e+06, 0
8.19531e+06, 2.8421e+06, 0
7.61812e+06, 2.90508e+06, 0
8.94227e+06, 3.38753e+06, 0
6.10505e+06, 2.69393e+06, 0
7.98712e+06, 2.18479e+06, 0
8.24039e+06, 3.75178e+06, 0
8.88751e+06, 2.94411e+06, 0
8.61826e+06, 3.06932e+06, 0
8.20572e+06, 888621, 0
8.69161e+06, 3.27656e+06, 0
6.20694e+06, 1.52016e+06, 0
5.52047e+06, 1.39605e+06, 0
8.2312e+06, 2.33859e+06, 0
7.47652e+06, 2.24646e+06, 0
1.03677e+07, 4.99925e+06, 0
9.14068e+06, 3.67911e+06, 0
7.56737e+06, 3.65821e+06, 0
6.68342e+06, 2.90024e+06, 0
4.1028e+06, 869393, 0
9.01418e+06, 4.53864e+06, 0
5.7721e+06, 2.04468e+06, 0
1.01226e+07, 4.49015e+06, 0
8.7324e+06, 2.35598e+06, 0
8.75354e+06, 3.41102e+06, 0
9.8481e+06, 3.33717e+06, 0
1.06649e+07, 1.50379e+06, 0
1.33724e+07, 5.18448e+06, 0
5.16296e+06, 1.01727e+06, 0
7.22751e+06, 3.33229e+06, 0
8.87808e+06, 2.86461e+06, 0
6.76329e+06, 2.54409e+06, 0
8.09706e+06, 1.11603e+06, 0
5.50945e+06, 2.24692e+06, 0
5.72884e+06, 195404, 0
9.35161e+06, 4.17724e+06, 0
5.35293e+06, 2.06757e+06, 0
6.10975e+06, 1.02188e+06, 0
9.36452e+06, 2.99078e+06, 0
9.15965e+06, 3.44383e+06, 0
4.48618e+06, 940289, 0
9.39761e+06, 1.79633e+06, 0
4.8297e+06, 999550, 0
9.67876e+06, 4.33828e+06, 0
6.84879e+06, 1.67079e+06, 0
9.34738e+06, 4.99168e+06, 0
8.55994e+06, 2.72663e+06, 0
6.75017e+06, 2.38937e+06, 0
6.15922e+06, 2.52137e+06, 0
5.52527e+06, 149217, 0
5.35557e+06, 2.05978e+06, 0
1.37192e+07, 4.99608e+06, 0
8.25906e+06, 3.60046e+06, 0
4.5776e+06, 374755, 0
5.60946e+06, 2.12797e+06, 0
6.22178e+06, 1.58893e+06, 0
7.58994e+06, 2.75684e+06, 0
6.41278e+06, 1.20507e+06, 0
7.58893e+06, 2.97546e+06, 0
1.57418e+07, 5.35415e+06, 0
5.84132e+06, 1.49301e+06, 0
8.55523e+06, 1.83959e+06, 0
9.26806e+06, 1.90984e+06, 0
7.00761e+06, 1.12366e+06, 0
6.67628e+06, 1.93442e+06, 0
1.04063e+07, 1.82874e+06, 0
7.46417e+06, 1.01278e+06, 0
6.82399e+06, 2.67676e+06, 0
7.74914e+06, 3.82205e+06, 0
5.29223e+06, 1.98517e+06, 0
5.771e+06, 592113, 0
6.6848e+06, 1.96808e+06, 0
7.50661e+06, 1.47405e+06, 0
5.3416e+06, 1.8268e+06, 0
6.67417e+06, 2.61667e+06, 0
7.99648e+06, 4.0379e+06, 0
9.74733e+06, 2.59863e+06, 0
9.19458e+06, 3.31078e+06, 0
9.53231e+06, 2.08228e+06, 0
6.28994e+06, 1.87524e+06, 0
6.73538e+06, 2.45947e+06, 0
6.48604e+06, 1.51814e+06, 0
7.03214e+06, 2.43589e+06, 0
8.39304e+06, 3.40876e+06, 0
7.77779e+06, 3.59381e+06, 0
8.2537e+06, 2.7842e+06, 0
5.08808e+06, 1.45323e+06, 0
7.22986e+06, 3.42137e+06, 0
5.27868e+06, 797093, 0
6.99307e+06, 2.16029e+06, 0
7.98437e+06, 3.02169e+06, 0
7.16382e+06, 3.07809e+06, 0
6.06355e+06, 1.93667e+06, 0
7.1092e+06, 1.01808e+06, 0
7.3956e+06, 2.30395e+06, 0
8.82001e+06, 2.67564e+06, 0
4.58955e+06, 730061, 0
5.41129e+06, 1.55968e+06, 0
8.66678e+06, 1.29814e+06, 0
6.08762e+06, 2.09288e+06, 0
7.57455e+06, 2.41534e+06, 0
7.89137e+06, 3.46016e+06, 0
5.09554e+06, 858681, 0
8.024e+06, 1.91066e+06, 0
9.69956e+06, 2.01377e+06, 0
6.5554e+06, 2.80615e+06, 0
5.5608e+06, 1.75498e+06, 0
8.25897e+06, 2.56361e+06, 0
7.21778e+06, 1.78919e+06, 0
6.23158e+06, 2.5408e+06, 0
8.70975e+06, 1.50112e+06, 0
9.30445e+06, 1.69156e+06, 0
8.66274e+06, 1.92663e+06, 0
7.54582e+06, 1.98467e+06, 0
5.8387e+06, 1.76255e+06, 0
1.23004e+07, 6.11528e+06, 0
8.30633e+06, 2.47859e+06, 0
9.16612e+06, 4.71615e+06, 0
6.6257e+06, 1.5775e+06, 0
4.87821e+06, 1.71195e+06, 0
1.03855e+07, 5.64384e+06, 0
8.146e+06, 1.04216e+06, 0
9.61324e+06, 4.53412e+06, 0
6.45815e+06, 362363, 0
6.12717e+06, 2.11325e+06, 0
1.21682e+07, 5.00445e+06, 0
6.08908e+06, 2.54438e+06, 0
1.04302e+07, 2.31743e+06, 0
4.3537e+06, 701436, 0
5.75358e+06, 2.404e+06, 0
5.6731e+06, 1.70743e+06, 0
4.32347e+06, 902971, 0
1.08922e+07, 5.43237e+06, 0
5.2038e+06, 2.01176e+06, 0
7.58912e+06, 437830, 0
9.60632e+06, 2.34041e+06, 0
1.00783e+07, 4.60227e+06, 0
8.45547e+06, 2.42018e+06, 0
6.78098e+06, 2.58959e+06, 0
6.56768e+06, 3.13522e+06, 0
9.97684e+06, 1.76499e+06, 0
9.88505e+06, 5.07241e+06, 0
7.9312e+06, 1.57323e+06, 0
9.09035e+06, 4.38501e+06, 0
9.28034e+06, 2.28602e+06, 0
1.06124e+07, 2.29535e+06, 0
7.72092e+06, 3.90232e+06, 0
1.56462e+07, 2.43382e+06, 0
8.15859e+06, 232778, 0
9.44195e+06, 1.63893e+06, 0
4.29467e+06, 957708, 0
7.42491e+06, 1.61951e+06, 0
9.75483e+06, 4.79642e+06, 0
7.1695e+06, 2.73159e+06, 0
8.30503e+06, 1.1666e+06, 0
8.43396e+06, 1.80531e+06, 0
7.07341e+06, 2.94619e+06, 0
6.87306e+06, 745972, 0
1.22542e+07, 4.48e+06, 0
5.52689e+06, 2.04888e+06, 0
7.45422e+06, 1.7547e+06, 0
6.96584e+06, 2.85442e+06, 0
1.20796e+07, 3.20338e+06, 0
6.89817e+06, 2.15223e+06, 0
9.37194e+06, 2.12313e+06, 0
4.45658e+06, 673912, 0
4.73552e+06, 652151, 0
1.06869e+07, 4.90317e+06, 0
5.6068e+06, 1.48249e+06, 0
9.24885e+06, 3.76385e+06, 0
6.24414e+06, 2.81701e+06, 0
9.82419e+06, 645091, 0
7.72841e+06, 1.99416e+06, 0
7.14422e+06, 3.39046e+06, 0
6.7509e+06, 1.44004e+06, 0
6.61427e+06, 1.80743e+06, 0
6.62438e+06, 1.00138e+06, 0
6.23838e+06, 718646, 0
8.16263e+06, 1.10079e+06, 0
9.35897e+06, 2.8911e+06, 0
6.51789e+06, 1.33831e+06, 0
5.72887e+06, 2.38337e+06, 0
1.16824e+07, 1.98131e+06, 0
1.10974e+07, 947182, 0
7.42024e+06, 1.73706e+06, 0
6.97146e+06, 2.54563e+06, 0
4.78646e+06, 1.0509e+06, 0
1.11202e+07, 6.03063e+06, 0
5.71608e+06, 1.68371e+06, 0
7.16017e+06, 2.54911e+06, 0
6.74831e+06, 2.41454e+06, 0
7.41207e+06, 1.86927e+06, 0
8.08969e+06, 3.51202e+06, 0
6.25385e+06, 2.22428e+06, 0
4.48413e+06, 1.09322e+06, 0
1.0436e+07, 2.18358e+06, 0
4.89776e+06, 782025, 0
6.37246e+06, 1.08921e+06, 0
5.75462e+06, 1.998e+06, 0
9.97023e+06, 4.08082e+06, 0
5.49645e+06, 681410, 0
4.21738e+06, 842056, 0
7.14165e+06, 3.42296e+06, 0
8.17087e+06, 2.99943e+06, 0
7.33294e+06, 1.81654e+06, 0
6.46866e+06, 2.93803e+06, 0
9.6879e+06, 2.43987e+06, 0
7.31814e+06, 1.23561e+06, 0
1.00606e+07, 4.16594e+06, 0
8.63115e+06, 4.4173e+06, 0
6.36555e+06, 1.49873e+06, 0
1.10025e+07, 4.59904e+06, 0
7.33008e+06, 1.87826e+06, 0
8.40508e+06, 3.03683e+06, 0
6.2625e+06, 751818, 0
6.89885e+06, 1.55568e+06, 0
7.58868e+06, 3.67342e+06, 0
6.91651e+06, 3.25408e+06, 0
9.05131e+06, 2.77945e+06, 0
1.26124e+07, 3.05491e+06, 0
8.66238e+06, 3.17273e+06, 0
4.85636e+06, 1.73856e+06, 0
4.71815e+06, 1.48159e+06, 0
7.21984e+06, 3.42307e+06, 0
4.04657e+06, 520801, 0
8.00269e+06, 3.67352e+06, 0
8.70114e+06, 2.70702e+06, 0
8.0428e+06, 1.3616e+06, 0
5.91687e+06, 1.70893e+06, 0
8.62179e+06, 3.11181e+06, 0
4.66683e+06, 1.16181e+06, 0
4.72578e+06, 409049, 0
1.00854e+07, 3.17513e+06, 0
1.12811e+07, 2.10413e+06, 0
9.77615e+06, 3.35489e+06, 0
7.88036e+06, 3.73881e+06, 0
9.8057e+06, 3.81364e+06, 0
5.9487e+06, 1.47632e+06, 0
1.05449e+07, 1.50661e+06, 0
1.06527e+07, 2.89047e+06, 0
1.13979e+07, 2.18349e+06, 0
1.00467e+07, 4.80929e+06, 0
9.62568e+06, 4.61356e+06, 0
5.23111e+06, 498771, 0
4.82119e+06, 1.07253e+06, 0
7.7109e+06, 2.31247e+06, 0
8.27546e+06, 2.78291e+06, 0
9.95367e+06, 4.48312e+06, 0
8.13064e+06, 2.27123e+06, 0
6.41049e+06, 3.03257e+06, 0
5.64911e+06, 1.98849e+06, 0
7.67718e+06, 1.56743e+06, 0
6.81627e+06, 1.19378e+06, 0
7.78843e+06, 1.42278e+06, 0
7.85558e+06, 3.67636e+06, 0
8.062e+06, 3.20329e+06, 0
5.91188e+06, 2.34057e+06, 0
1.11974e+07, 4.67884e+06, 0
4.70672e+06, 760912, 0
7.37951e+06, 3.39582e+06, 0
9.84449e+06, 4.9264e+06, 0
9.89417e+06, 2.96001e+06, 0
6.22453e+06, 1.33493e+06, 0
6.58113e+06, 2.41508e+06, 0
7.51389e+06, 544482, 0
8.98376e+06, 1.15319e+06, 0
6.01785e+06, 1.85423e+06, 0
4.93463e+06, 1.5655e+06, 0
5.34569e+06, 727292, 0
9.95294e+06, 3.7003e+06, 0
8.23221e+06, 3.94898e+06, 0
9.35015e+06, 4.42944e+06, 0
7.37745e+06, 1.38232e+06, 0
6.62615e+06, 729929, 0
9.00946e+06, 4.17321e+06, 0
6.44532e+06, 871697, 0
1.04703e+07, 2.71139e+06, 0
7.40683e+06, 3.71643e+06, 0
4.27008e+06, 634202, 0
7.84371e+06, 2.00354e+06, 0
5.84338e+06, 1.0761e+06, 0
5.95864e+06, 2.1995e+06, 0
6.27639e+06, 2.67411e+06, 0
7.19369e+06, 792224, 0
7.27708e+06, 2.92424e+06, 0
8.27988e+06, 528828, 0
1.2771e+07, 3.80048e+06, 0
9.38228e+06, 3.96603e+06, 0
5.99364e+06, 2.08616e+06, 0
5.14553e+06, 1.65745e+06, 0
6.02918e+06, 2.11857e+06, 0
1.02706e+07, 1.25798e+06, 0
6.78569e+06, 1.59079e+06, 0
7.59923e+06, 1.58951e+06, 0
1.02177e+07, 5.58265e+06, 0
7.40528e+06, 3.35962e+06, 0
1.00708e+07, 1.00179e+06, 0
5.80932e+06, 1.72552e+06, 0
1.06769e+07, 2.40046e+06, 0
4.65793e+06, 826125, 0
9.96745e+06, 1.60984e+06, 0
9.77614e+06, 3.76396e+06, 0
6.60948e+06, 2.40814e+06, 0
7.42947e+06, 3.66425e+06, 0
6.06687e+06, 2.59625e+06, 0
7.09976e+06, 2.4771e+06, 0
9.90925e+06, 5.25473e+06, 0
8.71116e+06, 2.52566e+06, 0
4.9848e+06, 1.73738e+06, 0
1.72338e+07, 6.61713e+06, 0
1.03023e+07, 2.11318e+06, 0
8.1149e+06, 4.03931e+06, 0
4.96547e+06, 1.75622e+06, 0
5.06922e+06, 1.647e+06, 0
8.98237e+06, 2.93114e+06, 0
8.15055e+06, 2.87673e+06, 0
4.5093e+06, 1.32919e+06, 0
4.15444e+06, 289782, 0
5.0981e+06, 1.09462e+06, 0
5.27257e+06, 1.68225e+06, 0
6.01902e+06, 2.07333e+06, 0
7.01154e+06, 1.23054e+06, 0
9.70028e+06, 960655, 0
8.33536e+06, 1.78196e+06, 0
6.30884e+06, 1.84872e+06, 0
8.5143e+06, 737774, 0
5.5857e+06, 1.7355e+06, 0
8.07363e+06, 2.17789e+06, 0
6.19561e+06, 2.76594e+06, 0
8.75886e+06, 2.33593e+06, 0
9.17363e+06, 1.20333e+06, 0
7.27818e+06, 1.30802e+06, 0
6.13222e+06, 1.49422e+06, 0
7.11318e+06, 2.39717e+06, 0
7.32467e+06, 1.95099e+06, 0
5.03986e+06, 1.20739e+06, 0
5.9722e+06, 252845, 0
8.45159e+06, 3.95201e+06, 0
9.086e+06, 4.2679e+06, 0
5.02117e+06, 914252, 0
8.42843e+06, 4.04404e+06, 0
9.06516e+06, 3.68194e+06, 0
8.96055e+06, 1.10829e+06, 0
7.50799e+06, 2.51257e+06, 0
8.84884e+06, 2.80913e+06, 0
8.66706e+06, 2.73342e+06, 0
6.96107e+06, 1.98673e+06, 0
7.30218e+06, 2.20445e+06, 0
5.40651e+06, 619614, 0
1.13425e+07, 5.55569e+06, 0
9.02767e+06, 4.62616e+06, 0
1.11306e+07, 2.61149e+06, 0
6.56904e+06, 2.55944e+06, 0
6.17558e+06, 2.57501e+06, 0
7.85541e+06, 2.61996e+06, 0
9.35623e+06, 2.36853e+06, 0
5.87552e+06, 2.45158e+06, 0
8.15559e+06, 1.39977e+06, 0
6.31566e+06, 1.57364e+06, 0
1.02762e+07, 1.43045e+06, 0
7.07845e+06, 2.00745e+06, 0
5.61465e+06, 1.62583e+06, 0
9.15272e+06, 3.89382e+06, 0
7.80194e+06, 2.22531e+06, 0
4.55776e+06, 712657, 0
8.30792e+06, 2.75325e+06, 0
6.67188e+06, 2.84666e+06, 0
7.25113e+06, 2.01692e+06, 0
6.16469e+06, 1.49279e+06, 0
6.32561e+06, 1.61926e+06, 0
6.34617e+06, 2.67045e+06, 0
6.15842e+06, 2.14749e+06, 0
8.64587e+06, 1.8176e+06, 0
4.88717e+06, 1.47849e+06, 0
6.09539e+06, 2.45018e+06, 0
7.90092e+06, 3.6464e+06, 0
5.00758e+06, 1.01983e+06, 0
1.05914e+07, 3.42259e+06, 0
9.06672e+06, 4.67609e+06, 0
6.53223e+06, 835442, 0
5.86552e+06, 1.06633e+06, 0
9.16973e+06, 4.36997e+06, 0
5.95234e+06, 1.61493e+06, 0
6.13439e+06, 1.31311e+06, 0
6.71913e+06, 2.80683e+06, 0
9.47155e+06, 1.1316e+06, 0
5.21408e+06, 1.91866e+06, 0
1.01209e+07, 1.79597e+06, 0
7.01908e+06, 1.69027e+06, 0
5.05635e+06, 1.79268e+06, 0
1.18306e+07, 6.16326e+06, 0
1.09481e+07, 4.26101e+06, 0
4.29835e+06, 903499, 0
7.89633e+06, 1.93465e+06, 0
7.28285e+06, 1.91613e+06, 0
7.04381e+06, 254909, 0
5.58455e+06, 2.40224e+06, 0
5.83337e+06, 1.77875e+06, 0
6.76447e+06, 1.39799e+06, 0
6.86664e+06, 1.25845e+06, 0
5.28374e+06, 1.40334e+06, 0
1.04416e+07, 425695, 0
8.20749e+06, 2.80283e+06, 0
6.83706e+06, 2.93657e+06, 0
7.91079e+06, 2.50517e+06, 0
1.00974e+07, 3.86249e+06, 0
8.8213e+06, 860001, 0
6.0703e+06, 2.49517e+06, 0
5.35842e+06, 1.83898e+06, 0
6.53779e+06, 2.00613e+06, 0
5.61217e+06, 851492, 0
1.0649e+07, 3.54002e+06, 0
1.4413e+07, 3.13704e+06, 0
9.06739e+06, 1.68385e+06, 0
5.9036e+06, 861553, 0
6.99122e+06, 1.81879e+06, 0
4.40065e+06, 1.10373e+06, 0
7.78773e+06, 2.69022e+06, 0
7.86822e+06, 2.69296e+06, 0
6.59918e+06, 410220, 0
9.64997e+06, 724935, 0
8.46619e+06, 4.2176e+06, 0
6.87316e+06, 2.72026e+06, 0
9.30956e+06, 2.84072e+06, 0
9.29458e+06, 2.42788e+06, 0
5.27652e+06, 900642, 0
6.76497e+06, 521359, 0
8.14543e+06, 2.61975e+06, 0
7.92863e+06, 3.46559e+06, 0
5.14451e+06, 734360, 0
9.53627e+06, 3.0373e+06, 0
4.12597e+06, 567151, 0
5.52337e+06, 1.24551e+06, 0
6.19588e+06, 519088, 0
8.08116e+06, 2.43882e+06, 0
1.2025e+07, 6.5702e+06, 0
5.65066e+06, 1.92401e+06, 0
4.97711e+06, 1.86487e+06, 0
8.50162e+06, 4.22217e+06, 0
1.19312e+07, 6.07117e+06, 0
6.52523e+06, 2.33866e+06, 0
8.60159e+06, 3.2157e+06, 0
6.29853e+06, 1.36717e+06, 0
6.46444e+06, 2.05531e+06, 0
9.20657e+06, 3.25159e+06, 0
5.93724e+06, 1.79414e+06, 0
5.50774e+06, 1.11299e+06, 0
9.08849e+06, 1.83014e+06, 0
5.55544e+06, 2.02934e+06, 0
5.69826e+06, 1.56308e+06, 0
6.23461e+06, 2.11906e+06, 0
7.3368e+06, 542045, 0
7.27275e+06, 1.85077e+06, 0
5.03048e+06, 1.70872e+06, 0
7.39706e+06, 947053, 0
9.93335e+06, 1.23527e+06, 0
6.11951e+06, 2.30455e+06, 0
8.46512e+06, 1.92762e+06, 0
4.97533e+06, 1.02163e+06, 0
7.7612e+06, 1.31077e+06, 0
8.4971e+06, 1.27926e+06, 0
5.15713e+06, 1.79804e+06, 0
6.65204e+06, 1.71373e+06, 0
6.83789e+06, 2.04391e+06, 0
9.51456e+06, 4.4201e+06, 0
1.26136e+07, 3.75641e+06, 0
7.52638e+06, 2.01746e+06, 0
6.86877e+06, 2.50793e+06, 0
6.40788e+06, 1.33124e+06, 0
1.1142e+07, 5.66951e+06, 0
4.57609e+06, 534798, 0
8.14583e+06, 3.02768e+06, 0
6.91308e+06, 1.39223e+06, 0
8.8717e+06, 390528, 0
9.79734e+06, 3.70515e+06, 0
1.05888e+07, 1.32412e+06, 0
7.04493e+06, 1.78593e+06, 0
1.31157e+07, 6.30956e+06, 0
7.11088e+06, 1.46208e+06, 0
9.58869e+06, 3.50217e+06, 0
6.45953e+06, 1.9053e+06, 0
6.7199e+06, 3.18777e+06, 0
7.88571e+06, 2.55689e+06, 0
7.44756e+06, 2.22031e+06, 0
8.40896e+06, 3.11325e+06, 0
1.06921e+07, 2.48493e+06, 0
7.80023e+06, 4.00952e+06, 0
5.63455e+06, 1.95179e+06, 0
7.80285e+06, 2.46725e+06, 0
5.1891e+06, 1.65704e+06, 0
5.55668e+06, 1.63844e+06, 0
5.18519e+06, 1.81975e+06, 0
8.89636e+06, 3.07086e+06, 0
6.93515e+06, 1.747e+06, 0
4.99862e+06, 418481, 0
1.08153e+07, 3.71705e+06, 0
5.51732e+06, 801282, 0
8.07456e+06, 2.54823e+06, 0
8.52182e+06, 3.44418e+06, 0
8.05793e+06, 2.11574e+06, 0
8.60675e+06, 3.00889e+06, 0
9.7052e+06, 3.41827e+06, 0
6.54391e+06, 2.11476e+06, 0
7.90356e+06, 3.84526e+06, 0
6.64122e+06, 1.93312e+06, 0
8.67625e+06, 1.20887e+06, 0
7.16062e+06, 2.82759e+06, 0
5.34675e+06, 1.5733e+06, 0
1.00102e+07, 4.32908e+06, 0
7.79208e+06, 2.2429e+06, 0
7.99259e+06, 3.23695e+06, 0
7.53934e+06, 3.03881e+06, 0
1.06665e+07, 663395, 0
5.29881e+06, 1.31265e+06, 0
9.82568e+06, 1.34895e+06, 0
1.13228e+07, 3.51605e+06, 0
5.71115e+06, 2.13376e+06, 0
9.8938e+06, 2.33414e+06, 0
7.15598e+06, 1.49346e+06, 0
4.47448e+06, 1.0707e+06, 0
1.11375e+07, 4.71738e+06, 0
8.33429e+06, 1.296e+06, 0
4.97401e+06, 768747, 0
8.35517e+06, 907621, 0
9.60901e+06, 3.05541e+06, 0
5.15303e+06, 415772, 0
6.87999e+06, 2.40453e+06, 0
1.14325e+07, 2.88982e+06, 0
7.37478e+06, 3.279e+06, 0
8.03983e+06, 3.27108e+06, 0
5.96756e+06, 2.55293e+06, 0
6.32959e+06, 1.36834e+06, 0
5.30794e+06, 1.96621e+06, 0
4.42285e+06, 588479, 0
8.99e+06, 3.19733e+06, 0
7.13279e+06, 3.27973e+06, 0
5.90467e+06, 1.09781e+06, 0
5.92846e+06, 1.95066e+06, 0
8.31566e+06, 1.57614e+06, 0
9.71564e+06, 5.10924e+06, 0
6.5191e+06, 1.11875e+06, 0
8.83417e+06, 2.06932e+06, 0
1.31198e+07, 6.5979e+06, 0
9.67593e+06, 3.75766e+06, 0
7.91078e+06, 4.08695e+06, 0
1.01237e+07, 2.39466e+06, 0
7.24085e+06, 1.72953e+06, 0
5.6033e+06, 2.33724e+06, 0
5.40424e+06, 2.18688e+06, 0
7.94515e+06, 2.62441e+06, 0
5.57522e+06, 2.35247e+06, 0
4.41031e+06, 827576, 0
8.3288e+06, 4.26779e+06, 0
5.82975e+06, 2.22984e+06, 0
8.79656e+06, 2.7867e+06, 0
1.07918e+07, 3.20457e+06, 0
1.20737e+07, 1.05861e+06, 0
4.39248e+06, 551457, 0
7.20454e+06, 2.57446e+06, 0
5.92796e+06, 1.66762e+06, 0
7.16734e+06, 3.40062e+06, 0
1.01311e+07, 4.03542e+06, 0
7.70823e+06, 1.64985e+06, 0
6.70247e+06, 3.23433e+06, 0
7.86065e+06, 2.63402e+06, 0
5.7622e+06, 846731, 0
7.45627e+06, 2.94472e+06, 0
6.60383e+06, 2.75753e+06, 0
5.62557e+06, 1.84265e+06, 0
7.96525e+06, 1.95931e+06, 0
9.00996e+06, 2.39731e+06, 0
4.67237e+06, 1.11801e+06, 0
7.01279e+06, 3.44218e+06, 0
9.70327e+06, 1.12285e+06, 0
8.84968e+06, 3.14348e+06, 0
8.67854e+06, 2.9169e+06, 0
8.97849e+06, 1.64274e+06, 0
6.85877e+06, 523566, 0
8.00821e+06, 4.01473e+06, 0
6.66178e+06, 3.08278e+06, 0
1.36197e+07, 5.53726e+06, 0
5.79495e+06, 896760, 0
9.62345e+06, 4.55749e+06, 0
4.29336e+06, 527780, 0
7.4798e+06, 2.28887e+06, 0
6.85913e+06, 2.20827e+06, 0
1.23943e+07, 4.52473e+06, 0
1.33774e+07, 2.39354e+06, 0
7.80357e+06, 3.93944e+06, 0
7.58033e+06, 736578, 0
8.76149e+06, 1.2012e+06, 0
9.07479e+06, 3.37685e+06, 0
4.64961e+06, 1.42881e+06, 0
9.69871e+06, 3.50422e+06, 0
1.10508e+07, 5.56284e+06, 0
4.58629e+06, 1.09355e+06, 0
5.79259e+06, 1.77065e+06, 0
8.03226e+06, 971187, 0
4.96851e+06, 1.27381e+06, 0
4.21206e+06, 666641, 0
6.21238e+06, 590251, 0
6.25195e+06, 2.50176e+06, 0
7.95147e+06, 2.70761e+06, 0
5.12771e+06, 1.58206e+06, 0
7.24186e+06, 2.19528e+06, 0
6.24364e+06, 1.2302e+06, 0
5.3514e+06, 975854, 0
1.14821e+07, 6.35676e+06, 0
5.5892e+06, 1.06272e+06, 0
6.63146e+06, 2.41081e+06, 0
7.00581e+06, 3.15829e+06, 0
5.50016e+06, 1.48658e+06, 0
1.08776e+07, 4.1426e+06, 0
5.79521e+06, 2.42002e+06, 0
6.63566e+06, 2.59913e+06, 0
6.62376e+06, 1.66569e+06, 0
1.166e+07, 5.22638e+06, 0
8.60627e+06, 2.10507e+06, 0
8.3265e+06, 3.94302e+06, 0
9.08652e+06, 3.84086e+06, 0
8.63784e+06, 295145, 0
5.20026e+06, 1.27222e+06, 0
6.18042e+06, 1.57875e+06, 0
6.12719e+06, 1.34549e+06, 0
1.00466e+07, 3.03091e+06, 0
7.66879e+06, 3.32363e+06, 0
9.3708e+06, 3.30182e+06, 0
7.06964e+06, 1.3671e+06, 0
9.52586e+06, 3.6558e+06, 0
6.02723e+06, 2.31965e+06, 0
6.30204e+06, 1.67885e+06, 0
6.24102e+06, 2.15886e+06, 0
8.42712e+06, 2.94753e+06, 0
1.08389e+07, 3.23536e+06, 0
8.98908e+06, 4.04355e+06, 0
6.19504e+06, 1.5095e+06, 0
6.0527e+06, 2.35835e+06, 0
4.27608e+06, 665963, 0
8.44783e+06, 3.40036e+06, 0
9.59814e+06, 2.79749e+06, 0
7.13101e+06, 2.06292e+06, 0
7.55061e+06, 2.84792e+06, 0
7.38777e+06, 2.28061e+06, 0
8.57232e+06, 3.91189e+06, 0
5.27052e+06, 1.50057e+06, 0
7.12828e+06, 1.90638e+06, 0
6.62735e+06, 2.55809e+06, 0
6.87657e+06, 2.82798e+06, 0
1.30352e+07, 4.48179e+06, 0
9.89567e+06, 4.11325e+06, 0
7.28933e+06, 1.26245e+06, 0
7.9899e+06, 2.83821e+06, 0
5.9464e+06, 2.47536e+06, 0
5.4524e+06, 1.9793e+06, 0
1.25827e+07, 5.01205e+06, 0
1.1322e+07, 3.37817e+06, 0
5.13254e+06, 2.00841e+06, 0
1.21984e+07, 2.84433e+06, 0
6.35967e+06, 2.69969e+06, 0
7.20997e+06, 3.36742e+06, 0
6.34588e+06, 1.8783e+06, 0
8.77372e+06, 2.80087e+06, 0
7.21294e+06, 2.73086e+06, 0
6.96431e+06, 1.70419e+06, 0
5.74203e+06, 938317, 0
1.10248e+07, 5.97409e+06, 0
9.06717e+06, 1.63477e+06, 0
5.96249e+06, 2.55256e+06, 0
6.90603e+06, 1.10541e+06, 0
6.88601e+06, 533262, 0
5.28014e+06, 464178, 0
7.30882e+06, 1.82585e+06, 0
1.18979e+07, 2.75817e+06, 0
7.22298e+06, 1.58193e+06, 0
1.41817e+07, 4.21819e+06, 0
6.92449e+06, 3.26712e+06, 0
4.53409e+06, 1.31838e+06, 0
6.58413e+06, 2.04088e+06, 0
4.67822e+06, 1.58963e+06, 0
7.82507e+06, 3.28595e+06, 0
1.12569e+07, 2.32e+06, 0
7.07199e+06, 2.54696e+06, 0
9.60437e+06, 3.56925e+06, 0
8.85059e+06, 2.81743e+06, 0
4.97604e+06, 1.38062e+06, 0
1.12439e+07, 2.71868e+06, 0
8.29214e+06, 4.232e+06, 0
7.33049e+06, 2.09847e+06, 0
9.99256e+06, 1.69875e+06, 0
9.07055e+06, 2.50635e+06, 0
5.77216e+06, 1.38452e+06, 0
7.62922e+06, 223201, 0
1.09419e+07, 2.05709e+06, 0
6.47659e+06, 2.51591e+06, 0
7.99444e+06, 3.44965e+06, 0
5.61143e+06, 1.46594e+06, 0
5.904e+06, 1.62882e+06, 0
9.69392e+06, 113977, 0
6.96255e+06, 2.30036e+06, 0
4.46116e+06, 1.00153e+06, 0
5.30919e+06, 574205, 0
8.87912e+06, 3.99155e+06, 0
1.17687e+07, 5.01049e+06, 0
5.92462e+06, 2.28531e+06, 0
9.38928e+06, 3.782e+06, 0
4.82835e+06, 423610, 0
6.58689e+06, 2.36338e+06, 0
6.0522e+06, 824520, 0
6.09404e+06, 1.0794e+06, 0
6.39714e+06, 1.33677e+06, 0
7.6367e+06, 2.78214e+06, 0
7.79539e+06, 3.61979e+06, 0
7.57521e+06, 2.32811e+06, 0
8.76932e+06, 3.20872e+06, 0
5.56203e+06, 2.18097e+06, 0
4.84423e+06, 1.2061e+06, 0
6.46615e+06, 2.87169e+06, 0
7.07239e+06, 1.15367e+06, 0
9.15343e+06, 3.29602e+06, 0
1.36838e+07, 5.02465e+06, 0
7.82395e+06, 1.25239e+06, 0
7.12035e+06, 2.17117e+06, 0
8.42739e+06, 934285, 0
1.39184e+07, 4.89159e+06, 0
9.67672e+06, 3.57262e+06, 0
6.21233e+06, 1.21904e+06, 0
6.43484e+06, 1.1153e+06, 0
6.25616e+06, 1.04283e+06, 0
5.4842e+06, 1.98628e+06, 0
7.45729e+06, 529520, 0
6.29103e+06, 1.3524e+06, 0
8.34188e+06, 379805, 0
5.90044e+06, 1.71005e+06, 0
1.01477e+07, 5.01334e+06, 0
7.81103e+06, 2.73488e+06, 0
6.02202e+06, 1.81516e+06, 0
1.13493e+07, 1.81462e+06, 0
5.0389e+06, 1.4544e+06, 0
9.49383e+06, 3.42035e+06, 0
6.13828e+06, 2.62301e+06, 0
4.66618e+06, 1.29673e+06, 0
4.97804e+06, 1.82893e+06, 0
7.42976e+06, 3.07728e+06, 0
8.61603e+06, 2.50397e+06, 0
4.96379e+06, 1.31205e+06, 0
8.12744e+06, 4.18725e+06, 0
5.14492e+06, 1.21142e+06, 0
5.73335e+06, 1.16725e+06, 0
8.90908e+06, 3.28276e+06, 0
7.75253e+06, 3.59108e+06, 0
6.11375e+06, 424725, 0
8.38028e+06, 2.31745e+06, 0
8.2347e+06, 739547, 0
6.38574e+06, 2.695e+06, 0
6.09883e+06, 2.68949e+06, 0
4.46145e+06, 1.01617e+06, 0
7.28956e+06, 3.5932e+06, 0
8.71031e+06, 3.36185e+06, 0
7.85133e+06, 2.38548e+06, 0
8.96439e+06, 290166, 0
4.58014e+06, 986565, 0
7.82418e+06, 3.98593e+06, 0
1.0463e+07, 4.43668e+06, 0
6.15232e+06, 868791, 0
9.61173e+06, 4.29322e+06, 0
1.54098e+07, 6.70582e+06, 0
7.54193e+06, 2.24872e+06, 0
8.0178e+06, 4.09922e+06, 0
6.94044e+06, 3.3281e+06, 0
8.95638e+06, 3.66299e+06, 0
4.85192e+06, 1.4526e+06, 0
8.54824e+06, 4.18394e+06, 0
8.50701e+06, 984443, 0
6.28847e+06, 397663, 0
1.17397e+07, 4.36538e+06, 0
6.56024e+06, 2.57085e+06, 0
5.82366e+06, 2.26488e+06, 0
4.82491e+06, 929112, 0
6.73124e+06, 1.83627e+06, 0
8.8975e+06, 2.99525e+06, 0
9.36769e+06, 2.52795e+06, 0
6.62951e+06, 2.55e+06, 0
