1.14857e+07, 2.31603e+06, 0
1.34015e+07, 2.53406e+06, 0
8.86881e+06, 8.96993e+06, 0
1.02839e+07, 4.73512e+06, 0
1.02776e+07, 3.00746e+06, 0
9.49063e+06, 3.97668e+06, 0
1.3843e+07, 2.26977e+06, 0
9.00657e+06, 5.58802e+06, 0
8.57804e+06, 3.77643e+06, 0
8.76809e+06, 8.79035e+06, 0
1.31245e+07, 6.33959e+06, 0
9.28789e+06, 2.95179e+06, 0
9.74501e+06, 1.80184e+06, 0
9.00705e+06, 3.61084e+06, 0
8.46257e+06, 8.58353e+06, 0
9.0547e+06, 5.8723e+06, 0
1.00191e+07, 9.96089e+06, 0
9.38579e+06, 2.3398e+06, 0
9.79837e+06, 2.39564e+06, 0
9.68163e+06, 3.07368e+06, 0
9.39646e+06, 5.19314e+06, 0
9.00101e+06, 2.55392e+06, 0
1.12101e+07, 2.67849e+06, 0
8.88693e+06, 4.97541e+06, 0
1.11269e+07, 2.65998e+06, 0
8.65203e+06, 6.96219e+06, 0
1.13128e+07, 6.4725e+06, 0
1.33677e+07, 4.917e+06, 0
8.8105e+06, 7.44797e+06, 0
1.06912e+07, 9.30329e+06, 0
1.10864e+07, 8.9419e+06, 0
1.01244e+07, 7.49063e+06, 0
1.06179e+07, 5.13864e+06, 0
9.41976e+06, 5.2395e+06, 0
1.36309e+07, 865783, 0
8.52491e+06, 3.65553e+06, 0
8.59316e+06, 4.4921e+06, 0
1.47532e+07, 7.39922e+06, 0
9.52606e+06, 1.08761e+07, 0
8.55008e+06, 5.82535e+06, 0
1.02642e+07, 6.68184e+06, 0
9.52519e+06, 1.03951e+07, 0
9.89334e+06, 9.38848e+06, 0
8.89609e+06, 4.50965e+06, 0
8.74912e+06, 2.29031e+06, 0
8.94224e+06, 7.25247e+06, 0
1.10985e+07, 5.17338e+06, 0
8.76376e+06, 1.05033e+07, 0
8.44982e+06, 6.28417e+06, 0
8.44259e+06, 979422, 0
8.85163e+06, 1.15328e+06, 0
1.08006e+07, 4.24389e+06, 0
1.29573e+07, 6.44718e+06, 0
8.95852e+06, 2.90825e+06, 0
9.67667e+06, 7.42775e+06, 0
8.48577e+06, 4.86772e+06, 0
8.75578e+06, 4.1952e+06, 0
1.1266e+07, 6.96147e+06, 0
1.00347e+07, 4.03624e+06, 0
8.6026e+06, 563945, 0
9.12798e+06, 5.34293e+06, 0
8.49035e+06, 9.52475e+06, 0
8.84388e+06, 7.85638e+06, 0
9.71696e+06, 9.68914e+06, 0
1.28686e+07, 2.26642e+06, 0
1.04593e+07, 1.1491e+07, 0
1.21657e+07, 5.13156e+06, 0
1.39845e+07, 3.37667e+06, 0
1.04296e+07, 3.8323e+06, 0
9.32197e+06, 1.07255e+07, 0
9.86661e+06, 7.59472e+06, 0
9.59802e+06, 3.68878e+06, 0
9.33697e+06, 9.66545e+06, 0
1.58924e+07, 4.73467e+06, 0
9.11115e+06, 2.39709e+06, 0
8.63331e+06, 1.31293e+06, 0
9.50673e+06, 1.23056e+06, 0
1.05229e+07, 3.05253e+06, 0
1.05084e+07, 5.48164e+06, 0
8.96132e+06, 2.89887e+06, 0
9.41983e+06, 6.67363e+06, 0
8.86923e+06, 3.99254e+06, 0
1.21494e+07, 2.31196e+06, 0
8.86924e+06, 4.62396e+06, 0
1.19844e+07, 9.81031e+06, 0
8.70809e+06, 1.04778e+07, 0
8.92921e+06, 1.21935e+07, 0
8.89207e+06, 7.80056e+06, 0
1.10478e+07, 8.26011e+06, 0
8.44648e+06, 1.01527e+07, 0
8.91181e+06, 4.74688e+06, 0
9.77562e+06, 3.33202e+06, 0
1.13733e+07, 4.2038e+06, 0
8.87895e+06, 601356, 0
1.4707e+07, 4.96815e+06, 0
9.70175e+06, 5.64406e+06, 0
9.31909e+06, 7.04457e+06, 0
9.57225e+06, 2.11807e+06, 0
9.67131e+06, 2.7567e+06, 0
1.0066e+07, 7.47935e+06, 0
8.95152e+06, 9.69737e+06, 0
9.73609e+06, 7.395e+06, 0
9.2892e+06, 4.62331e+06, 0
9.41225e+06, 4.95309e+06, 0
9.12236e+06, 1.25456e+07, 0
8.82986e+06, 2.4829e+06, 0
1.0687e+07, 7.15176e+06, 0
9.78753e+06, 6.23595e+06, 0
9.55734e+06, 2.69546e+06, 0
1.04093e+07, 4.51431e+06, 0
9.82708e+06, 8.03622e+06, 0
1.0229e+07, 1.32832e+06, 0
8.4408e+06, 1.32358e+07, 0
9.26169e+06, 8.56009e+06, 0
1.0259e+07, 3.92726e+06, 0
9.77099e+06, 9.16001e+06, 0
9.34247e+06, 1.0188e+07, 0
8.71605e+06, 3.23702e+06, 0
1.05931e+07, 5.91979e+06, 0
9.40001e+06, 3.47201e+06, 0
8.87118e+06, 6.34558e+06, 0
1.14901e+07, 4.54471e+06, 0
1.08245e+07, 6.64274e+06, 0
8.95132e+06, 3.61939e+06, 0
1.53484e+07, 8.86289e+06, 0
1.10278e+07, 2.24486e+06, 0
8.69221e+06, 1.41387e+06, 0
1.21948e+07, 6.94566e+06, 0
1.09488e+07, 8.05361e+06, 0
1.25343e+07, 5.96193e+06, 0
9.80448e+06, 5.36112e+06, 0
8.80562e+06, 5.29186e+06, 0
1.18746e+07, 7.97382e+06, 0
9.80242e+06, 4.52907e+06, 0
8.82564e+06, 958394, 0
8.5196e+06, 1.7651e+06, 0
1.27799e+07, 2.33453e+06, 0
1.12114e+07, 4.98205e+06, 0
1.05531e+07, 3.96497e+06, 0
9.35976e+06, 5.56654e+06, 0
9.52585e+06, 8.21111e+06, 0
1.1699e+07, 1.42148e+07, 0
9.27076e+06, 3.74885e+06, 0
8.83183e+06, 5.57507e+06, 0
8.73205e+06, 1.30781e+07, 0
8.63448e+06, 4.90898e+06, 0
9.64888e+06, 9.25251e+06, 0
9.84298e+06, 5.72071e+06, 0
8.76049e+06, 6.95793e+06, 0
8.77562e+06, 8.25559e+06, 0
1.30306e+07, 5.95042e+06, 0
1.11101e+07, 1.64385e+06, 0
9.53705e+06, 4.95407e+06, 0
9.4026e+06, 6.74081e+06, 0
1.00273e+07, 1.09975e+07, 0
1.15818e+07, 2.43365e+06, 0
1.10136e+07, 5.63949e+06, 0
9.42401e+06, 4.79137e+06, 0
9.57502e+06, 6.56681e+06, 0
1.06032e+07, 2.18421e+06, 0
1.3228e+07, 3.11512e+06, 0
1.33679e+07, 3.09179e+06, 0
1.00111e+07, 1.25197e+06, 0
1.00521e+07, 2.75039e+06, 0
1.08771e+07, 3.91826e+06, 0
8.60707e+06, 8.74256e+06, 0
1.07442e+07, 8.55799e+06, 0
9.0859e+06, 1.51708e+07, 0
9.65209e+06, 3.69842e+06, 0
1.21542e+07, 6.72739e+06, 0
8.92057e+06, 8.10067e+06, 0
1.02313e+07, 8.8351e+06, 0
9.18003e+06, 3.88056e+06, 0
1.28564e+07, 3.77449e+06, 0
1.02429e+07, 5.3661e+06, 0
1.06806e+07, 3.79994e+06, 0
9.28168e+06, 6.03507e+06, 0
1.03725e+07, 1.8934e+06, 0
9.61924e+06, 1.00806e+07, 0
1.05414e+07, 1.16131e+06, 0
1.01616e+07, 8.6904e+06, 0
1.04335e+07, 5.13941e+06, 0
1.3165e+07, 2.31638e+06, 0
1.00514e+07, 2.13554e+06, 0
9.44321e+06, 1.02132e+06, 0
1.22645e+07, 2.69563e+06, 0
1.10317e+07, 6.80426e+06, 0
1.07759e+07, 1.00141e+07, 0
9.89025e+06, 4.28245e+06, 0
9.41759e+06, 1.0002e+07, 0
9.6955e+06, 3.79058e+06, 0
9.2028e+06, 6.07416e+06, 0
1.50937e+07, 2.14374e+06, 0
9.20779e+06, 3.9699e+06, 0
8.79383e+06, 5.93526e+06, 0
8.75733e+06, 3.45793e+06, 0
8.9657e+06, 2.72236e+06, 0
1.14031e+07, 3.56992e+06, 0
1.11465e+07, 5.73438e+06, 0
1.08168e+07, 2.01446e+06, 0
8.97799e+06, 2.13555e+06, 0
9.19505e+06, 2.1934e+06, 0
1.15749e+07, 3.80604e+06, 0
9.31634e+06, 6.71066e+06, 0
8.51088e+06, 1.20455e+07, 0
1.0283e+07, 4.59302e+06, 0
1.11808e+07, 4.21727e+06, 0
1.44429e+07, 7.0732e+06, 0
1.05424e+07, 6.38562e+06, 0
1.04586e+07, 5.42941e+06, 0
1.02286e+07, 5.94961e+06, 0
9.18306e+06, 1.84143e+06, 0
1.16252e+07, 7.68113e+06, 0
8.84217e+06, 2.89315e+06, 0
9.74075e+06, 5.18252e+06, 0
1.06657e+07, 1.35762e+06, 0
8.59998e+06, 2.02427e+06, 0
1.06389e+07, 2.84297e+06, 0
1.11967e+07, 8.56736e+06, 0
1.00312e+07, 4.53505e+06, 0
9.84185e+06, 3.48127e+06, 0
8.55427e+06, 3.74647e+06, 0
1.04676e+07, 1.25064e+06, 0
8.49152e+06, 5.31897e+06, 0
1.05538e+07, 1.42922e+07, 0
9.95185e+06, 2.69975e+06, 0
9.61811e+06, 5.38661e+06, 0
9.63004e+06, 3.29967e+06, 0
1.46211e+07, 8.40253e+06, 0
9.38928e+06, 3.67246e+06, 0
8.99412e+06, 5.50745e+06, 0
8.73128e+06, 2.67201e+06, 0
9.36664e+06, 5.6199e+06, 0
9.0897e+06, 1.38008e+06, 0
8.64954e+06, 1.51784e+06, 0
9.0614e+06, 1.00685e+06, 0
9.6083e+06, 2.45801e+06, 0
8.54633e+06, 3.16767e+06, 0
1.24261e+07, 5.50985e+06, 0
9.51441e+06, 9.19568e+06, 0
8.80993e+06, 4.00646e+06, 0
9.71559e+06, 5.91571e+06, 0
8.64236e+06, 4.28218e+06, 0
1.14411e+07, 2.70959e+06, 0
9.21855e+06, 1.02231e+07, 0
8.52068e+06, 8.12324e+06, 0
1.02853e+07, 4.01375e+06, 0
9.88978e+06, 8.89754e+06, 0
9.08016e+06, 1.08478e+07, 0
8.63564e+06, 5.54224e+06, 0
8.62968e+06, 8.07639e+06, 0
9.70168e+06, 491158, 0
9.89829e+06, 1.16321e+06, 0
8.59579e+06, 1.4569e+06, 0
9.89101e+06, 3.86989e+06, 0
1.08484e+07, 7.0574e+06, 0
8.78615e+06, 8.03356e+06, 0
8.95056e+06, 3.99156e+06, 0
9.52864e+06, 2.91477e+06, 0
8.44018e+06, 5.78903e+06, 0
9.43659e+06, 4.85154e+06, 0
9.65406e+06, 5.80907e+06, 0
8.99337e+06, 7.37705e+06, 0
9.20293e+06, 3.98563e+06, 0
8.98156e+06, 8.72493e+06, 0
1.01834e+07, 4.99128e+06, 0
8.49489e+06, 6.53998e+06, 0
1.04693e+07, 1.65178e+06, 0
9.22284e+06, 6.16974e+06, 0
9.02388e+06, 9.42921e+06, 0
1.36729e+07, 8.89322e+06, 0
8.54416e+06, 6.04839e+06, 0
9.91607e+06, 1.28696e+06, 0
1.49828e+07, 3.34496e+06, 0
1.02371e+07, 1.20197e+06, 0
8.62045e+06, 4.58702e+06, 0
8.81548e+06, 4.46801e+06, 0
9.0154e+06, 6.87678e+06, 0
9.09695e+06, 4.34882e+06, 0
8.94505e+06, 262378, 0
1.07761e+07, 1.01613e+07, 0
9.30972e+06, 1.00079e+07, 0
1.14789e+07, 4.11339e+06, 0
1.37896e+07, 3.37901e+06, 0
1.21942e+07, 1.19474e+06, 0
9.67901e+06, 2.47903e+06, 0
9.03466e+06, 7.49693e+06, 0
1.17562e+07, 6.86064e+06, 0
8.65163e+06, 6.67973e+06, 0
9.25739e+06, 6.79375e+06, 0
9.63553e+06, 8.91709e+06, 0
8.50886e+06, 2.47998e+06, 0
9.93912e+06, 1.15861e+07, 0
9.60673e+06, 5.89961e+06, 0
9.59171e+06, 5.45147e+06, 0
1.04725e+07, 3.51528e+06, 0
8.70768e+06, 8.82449e+06, 0
1.08879e+07, 4.79001e+06, 0
8.78888e+06, 1.02968e+07, 0
8.95018e+06, 7.15661e+06, 0
1.22574e+07, 5.05125e+06, 0
1.0472e+07, 9.42227e+06, 0
9.96417e+06, 6.48084e+06, 0
1.15752e+07, 1.03881e+07, 0
1.36603e+07, 4.91894e+06, 0
1.10536e+07, 2.19247e+06, 0
1.10062e+07, 1.59653e+06, 0
1.13563e+07, 4.75552e+06, 0
9.74652e+06, 7.94837e+06, 0
9.084e+06, 1.10731e+07, 0
1.03339e+07, 4.42198e+06, 0
9.36444e+06, 6.60889e+06, 0
1.18197e+07, 4.85997e+06, 0
9.14845e+06, 1.03558e+07, 0
1.10199e+07, 7.81961e+06, 0
8.74341e+06, 5.77186e+06, 0
9.64822e+06, 1.2798e+06, 0
8.51859e+06, 6.85722e+06, 0
8.52867e+06, 1.13164e+07, 0
8.50427e+06, 5.09209e+06, 0
9.64215e+06, 5.24567e+06, 0
1.20634e+07, 1.30307e+07, 0
1.17824e+07, 3.18492e+06, 0
9.32964e+06, 9.26108e+06, 0
8.63092e+06, 3.57931e+06, 0
8.77172e+06, 1.01426e+07, 0
9.04537e+06, 7.36065e+06, 0
9.61515e+06, 3.9502e+06, 0
1.52204e+07, 7.93557e+06, 0
9.37677e+06, 1.37366e+06, 0
9.41591e+06, 2.44699e+06, 0
1.1999e+07, 2.18791e+06, 0
9.74194e+06, 2.23105e+06, 0
9.15582e+06, 1.28015e+07, 0
9.23339e+06, 6.85722e+06, 0
9.13382e+06, 4.41801e+06, 0
1.12924e+07, 4.98348e+06, 0
1.35666e+07, 3.29294e+06, 0
9.10898e+06, 2.55439e+06, 0
8.68839e+06, 9.71331e+06, 0
9.88984e+06, 3.91837e+06, 0
9.30693e+06, 3.64436e+06, 0
8.9288e+06, 4.1455e+06, 0
9.30675e+06, 4.15906e+06, 0
8.47817e+06, 2.77123e+06, 0
9.04008e+06, 5.35746e+06, 0
9.4955e+06, 2.25344e+06, 0
9.12463e+06, 1.61643e+06, 0
1.11289e+07, 5.9548e+06, 0
9.00178e+06, 6.73413e+06, 0
8.56848e+06, 8.4996e+06, 0
8.70996e+06, 1.10113e+06, 0
1.1326e+07, 1.71142e+06, 0
1.14675e+07, 9.18118e+06, 0
1.13183e+07, 5.57456e+06, 0
9.07304e+06, 7.54957e+06, 0
1.36438e+07, 6.44379e+06, 0
8.80934e+06, 4.86567e+06, 0
8.79039e+06, 3.56909e+06, 0
9.11033e+06, 7.60101e+06, 0
9.03653e+06, 5.65108e+06, 0
9.92308e+06, 3.21054e+06, 0
8.61789e+06, 3.05733e+06, 0
9.46254e+06, 7.77781e+06, 0
8.71323e+06, 8.52107e+06, 0
9.39559e+06, 1.00326e+07, 0
1.22453e+07, 4.79273e+06, 0
9.2401e+06, 6.59015e+06, 0
1.09988e+07, 2.08917e+06, 0
8.4428e+06, 8.036e+06, 0
8.92843e+06, 6.01244e+06, 0
9.30645e+06, 2.24557e+06, 0
1.0421e+07, 4.0235e+06, 0
8.7831e+06, 4.70285e+06, 0
1.32299e+07, 6.47132e+06, 0
9.70887e+06, 3.52468e+06, 0
1.11036e+07, 1.04414e+06, 0
8.56538e+06, 4.17103e+06, 0
9.80435e+06, 5.5937e+06, 0
8.82321e+06, 8.40798e+06, 0
1.07874e+07, 5.88935e+06, 0
9.0006e+06, 4.50137e+06, 0
1.39607e+07, 4.49495e+06, 0
8.93474e+06, 1.18119e+07, 0
1.14292e+07, 3.44299e+06, 0
1.12e+07, 2.09756e+06, 0
1.00016e+07, 1.51049e+07, 0
1.02604e+07, 6.94278e+06, 0
1.06343e+07, 8.49282e+06, 0
8.83095e+06, 5.10695e+06, 0
9.55508e+06, 5.7657e+06, 0
1.13255e+07, 1.14238e+06, 0
1.03715e+07, 6.25994e+06, 0
8.76794e+06, 1.33308e+06, 0
1.01317e+07, 5.53152e+06, 0
9.75718e+06, 9.91497e+06, 0
8.78612e+06, 2.59942e+06, 0
1.17095e+07, 8.27733e+06, 0
1.02194e+07, 3.00049e+06, 0
9.81107e+06, 643428, 0
1.16477e+07, 1.59083e+06, 0
8.70191e+06, 5.97871e+06, 0
1.20685e+07, 1.44202e+06, 0
8.93818e+06, 2.18745e+06, 0
8.97067e+06, 5.85875e+06, 0
1.0112e+07, 3.36381e+06, 0
8.43594e+06, 5.18661e+06, 0
1.05009e+07, 2.28138e+06, 0
1.3632e+07, 7.30963e+06, 0
1.39355e+07, 8.69062e+06, 0
8.82956e+06, 2.22949e+06, 0
9.82374e+06, 8.24199e+06, 0
1.19071e+07, 2.81141e+06, 0
1.26164e+07, 7.75171e+06, 0
1.03084e+07, 5.36325e+06, 0
8.54052e+06, 5.56636e+06, 0
1.0114e+07, 8.30169e+06, 0
9.25381e+06, 4.82727e+06, 0
9.48911e+06, 5.10488e+06, 0
1.01346e+07, 4.20123e+06, 0
1.59469e+07, 4.71787e+06, 0
8.63422e+06, 4.69141e+06, 0
9.82323e+06, 1.65302e+06, 0
1.09613e+07, 1.94296e+06, 0
1.03531e+07, 9.79744e+06, 0
8.72254e+06, 5.4422e+06, 0
1.2842e+07, 2.76024e+06, 0
9.07067e+06, 5.59607e+06, 0
9.72678e+06, 4.92602e+06, 0
9.31424e+06, 3.97042e+06, 0
1.08292e+07, 2.24715e+06, 0
9.68078e+06, 4.44353e+06, 0
1.09404e+07, 4.41349e+06, 0
9.24637e+06, 7.1629e+06, 0
9.16715e+06, 2.39975e+06, 0
1.03507e+07, 7.51628e+06, 0
1.02694e+07, 5.28144e+06, 0
8.90811e+06, 7.36417e+06, 0
8.66607e+06, 4.17749e+06, 0
9.32773e+06, 7.35077e+06, 0
9.36019e+06, 4.3642e+06, 0
9.77301e+06, 8.39771e+06, 0
1.01534e+07, 6.54188e+06, 0
8.95012e+06, 4.68143e+06, 0
9.16508e+06, 6.32543e+06, 0
9.75534e+06, 7.01845e+06, 0
9.96614e+06, 2.77908e+06, 0
9.83679e+06, 2.4011e+06, 0
8.99076e+06, 8.94178e+06, 0
1.05884e+07, 1.01389e+07, 0
1.08135e+07, 6.53618e+06, 0
1.27333e+07, 4.95422e+06, 0
9.81881e+06, 1.4472e+07, 0
1.14384e+07, 2.0491e+06, 0
9.47025e+06, 1.02159e+06, 0
1.71506e+07, 1.5785e+06, 0
1.43999e+07, 4.418e+06, 0
8.51337e+06, 5.04949e+06, 0
1.33869e+07, 5.1422e+06, 0
9.82461e+06, 3.41467e+06, 0
9.68072e+06, 1.64731e+06, 0
8.45165e+06, 7.9521e+06, 0
9.87706e+06, 1.72246e+06, 0
1.07023e+07, 3.19566e+06, 0
9.97847e+06, 4.02785e+06, 0
1.03671e+07, 2.25711e+06, 0
9.36948e+06, 4.29995e+06, 0
1.017e+07, 4.20699e+06, 0
1.11355e+07, 1.8035e+06, 0
8.77255e+06, 3.08587e+06, 0
8.9147e+06, 4.50762e+06, 0
8.85731e+06, 4.45985e+06, 0
8.95333e+06, 4.85782e+06, 0
8.60173e+06, 1.24866e+07, 0
8.65917e+06, 3.06871e+06, 0
9.35686e+06, 2.59436e+06, 0
1.48232e+07, 7.12218e+06, 0
1.05762e+07, 5.65632e+06, 0
8.753e+06, 1.1397e+07, 0
8.65835e+06, 8.33055e+06, 0
1.17629e+07, 3.97325e+06, 0
1.4849e+07, 7.58279e+06, 0
9.78021e+06, 1.6341e+06, 0
1.29254e+07, 7.31956e+06, 0
1.1552e+07, 6.94186e+06, 0
1.3849e+07, 3.7682e+06, 0
9.58356e+06, 4.7405e+06, 0
8.56589e+06, 5.45038e+06, 0
1.00799e+07, 7.27348e+06, 0
9.66058e+06, 3.35981e+06, 0
9.00263e+06, 1.96996e+06, 0
1.0547e+07, 8.5649e+06, 0
9.68101e+06, 5.61773e+06, 0
9.97901e+06, 1.6512e+06, 0
8.83253e+06, 1.47442e+07, 0
8.74271e+06, 2.4357e+06, 0
9.14052e+06, 9.26645e+06, 0
9.56013e+06, 3.37017e+06, 0
9.14775e+06, 3.23412e+06, 0
8.74159e+06, 6.16336e+06, 0
1.15952e+07, 6.60623e+06, 0
9.10213e+06, 2.99679e+06, 0
9.27064e+06, 810304, 0
1.10273e+07, 9.04113e+06, 0
9.87431e+06, 7.90432e+06, 0
9.93041e+06, 4.91041e+06, 0
1.06482e+07, 3.77366e+06, 0
1.04457e+07, 5.2308e+06, 0
1.31041e+07, 6.13792e+06, 0
8.60261e+06, 806611, 0
1.0185e+07, 7.90822e+06, 0
9.63538e+06, 6.87076e+06, 0
1.13527e+07, 716838, 0
8.52786e+06, 5.73251e+06, 0
8.69853e+06, 244538, 0
9.12836e+06, 7.09196e+06, 0
9.15147e+06, 7.73448e+06, 0
1.06549e+07, 2.37581e+06, 0
9.56806e+06, 7.57541e+06, 0
1.03585e+07, 7.23449e+06, 0
9.37704e+06, 1.0676e+07, 0
1.02994e+07, 3.19858e+06, 0
1.07725e+07, 3.94276e+06, 0
9.16562e+06, 2.39717e+06, 0
1.02225e+07, 7.42602e+06, 0
8.5881e+06, 5.61712e+06, 0
8.66787e+06, 2.72678e+06, 0
1.00246e+07, 6.07859e+06, 0
9.57721e+06, 3.04056e+06, 0
8.47102e+06, 3.34457e+06, 0
1.22732e+07, 7.69039e+06, 0
1.23928e+07, 1.23966e+07, 0
1.14327e+07, 6.16178e+06, 0
8.61151e+06, 8.09551e+06, 0
8.87932e+06, 5.776e+06, 0
1.10844e+07, 8.42521e+06, 0
9.37473e+06, 3.8047e+06, 0
8.71291e+06, 3.96405e+06, 0
8.49002e+06, 4.68599e+06, 0
9.63887e+06, 4.97699e+06, 0
1.28907e+07, 3.11776e+06, 0
8.82304e+06, 6.86473e+06, 0
1.40586e+07, 6.75783e+06, 0
8.62664e+06, 1.16998e+06, 0
8.77161e+06, 5.38062e+06, 0
9.70559e+06, 5.55087e+06, 0
8.63027e+06, 6.35723e+06, 0
8.51706e+06, 8.31302e+06, 0
8.70476e+06, 1.01656e+07, 0
9.09339e+06, 3.80378e+06, 0
9.61043e+06, 4.15612e+06, 0
1.00554e+07, 2.13897e+06, 0
1.48743e+07, 1.17694e+07, 0
9.17165e+06, 5.85935e+06, 0
8.566e+06, 3.6439e+06, 0
9.63588e+06, 2.60421e+06, 0
9.0783e+06, 1.66646e+06, 0
8.80101e+06, 5.02288e+06, 0
8.52552e+06, 1.06257e+07, 0
8.44568e+06, 2.84322e+06, 0
1.36533e+07, 3.46416e+06, 0
9.4408e+06, 1.13476e+07, 0
8.52187e+06, 3.37481e+06, 0
1.10559e+07, 5.49068e+06, 0
8.83325e+06, 1.36117e+07, 0
1.00845e+07, 4.68214e+06, 0
1.10962e+07, 4.14229e+06, 0
9.22991e+06, 1.50993e+06, 0
8.83989e+06, 5.3724e+06, 0
9.16753e+06, 8.14705e+06, 0
9.54304e+06, 1.88049e+06, 0
1.30721e+07, 8.54321e+06, 0
9.69117e+06, 4.70811e+06, 0
9.4162e+06, 3.96683e+06, 0
9.38196e+06, 3.58435e+06, 0
9.85039e+06, 7.45538e+06, 0
1.16081e+07, 6.32157e+06, 0
9.73176e+06, 2.88657e+06, 0
8.84367e+06, 8.85811e+06, 0
8.88246e+06, 2.01205e+06, 0
1.07135e+07, 6.47856e+06, 0
9.10813e+06, 3.50805e+06, 0
1.19671e+07, 6.8753e+06, 0
8.68439e+06, 7.71829e+06, 0
8.71399e+06, 7.20099e+06, 0
1.44278e+07, 4.46654e+06, 0
1.01824e+07, 8.52572e+06, 0
9.10064e+06, 4.14999e+06, 0
9.12497e+06, 2.86945e+06, 0
9.49422e+06, 9.53581e+06, 0
1.18042e+07, 7.75839e+06, 0
9.52699e+06, 7.13044e+06, 0
8.55333e+06, 3.74968e+06, 0
1.03645e+07, 1.93492e+06, 0
9.20606e+06, 1.08669e+07, 0
1.03821e+07, 785685, 0
8.99109e+06, 3.40789e+06, 0
9.01415e+06, 3.12098e+06, 0
8.68726e+06, 5.01318e+06, 0
1.01416e+07, 3.49399e+06, 0
9.51118e+06, 3.69293e+06, 0
8.52991e+06, 1.13121e+07, 0
9.51491e+06, 5.07601e+06, 0
8.8564e+06, 1.3963e+07, 0
9.27284e+06, 1.49152e+07, 0
9.60727e+06, 1.3068e+07, 0
8.76235e+06, 9.16113e+06, 0
1.07138e+07, 2.59426e+06, 0
8.4563e+06, 5.68538e+06, 0
9.87881e+06, 2.49159e+06, 0
1.03016e+07, 3.0976e+06, 0
9.04967e+06, 7.1475e+06, 0
9.70319e+06, 5.94841e+06, 0
8.69922e+06, 3.52045e+06, 0
8.80996e+06, 8.04522e+06, 0
9.62018e+06, 6.12761e+06, 0
8.8088e+06, 6.74022e+06, 0
1.1426e+07, 1.87963e+06, 0
9.58154e+06, 3.76666e+06, 0
9.90366e+06, 3.39893e+06, 0
1.05102e+07, 5.39504e+06, 0
8.59804e+06, 2.13921e+06, 0
1.18108e+07, 4.71185e+06, 0
1.02562e+07, 5.92204e+06, 0
8.77964e+06, 7.94561e+06, 0
9.80168e+06, 7.52165e+06, 0
9.34612e+06, 4.61667e+06, 0
1.33659e+07, 6.1055e+06, 0
8.90316e+06, 4.54916e+06, 0
9.67591e+06, 1.47851e+07, 0
9.72716e+06, 2.77467e+06, 0
8.59965e+06, 561559, 0
8.48854e+06, 1.70158e+06, 0
1.09262e+07, 4.54769e+06, 0
1.15717e+07, 2.13288e+06, 0
1.034e+07, 6.6151e+06, 0
1.27887e+07, 2.63856e+06, 0
1.19192e+07, 812956, 0
9.20605e+06, 4.6219e+06, 0
9.78166e+06, 3.70062e+06, 0
8.7824e+06, 4.93487e+06, 0
1.32622e+07, 3.25006e+06, 0
1.06045e+07, 1.26947e+06, 0
9.23306e+06, 1.26708e+07, 0
8.77995e+06, 5.6272e+06, 0
9.01414e+06, 4.39655e+06, 0
1.03808e+07, 4.71549e+06, 0
9.06402e+06, 2.76613e+06, 0
1.11329e+07, 7.24679e+06, 0
9.77031e+06, 6.2397e+06, 0
1.49093e+07, 3.95937e+06, 0
8.88827e+06, 5.61003e+06, 0
8.47751e+06, 7.66718e+06, 0
1.22454e+07, 3.0186e+06, 0
1.2825e+07, 3.07672e+06, 0
8.45382e+06, 2.03557e+06, 0
9.53266e+06, 7.34282e+06, 0
8.52047e+06, 4.2652e+06, 0
9.62805e+06, 4.11275e+06, 0
8.59831e+06, 7.32463e+06, 0
9.8587e+06, 8.927e+06, 0
9.66623e+06, 4.37519e+06, 0
9.55439e+06, 5.5928e+06, 0
9.80438e+06, 4.10441e+06, 0
1.2995e+07, 1.78508e+06, 0
9.38357e+06, 5.52951e+06, 0
8.59992e+06, 5.08287e+06, 0
1.05608e+07, 527730, 0
8.66314e+06, 5.49889e+06, 0
1.24522e+07, 8.17642e+06, 0
8.88989e+06, 3.74762e+06, 0
1.10928e+07, 8.29259e+06, 0
9.74513e+06, 3.24475e+06, 0
9.2519e+06, 3.37198e+06, 0
1.39838e+07, 7.08811e+06, 0
1.13003e+07, 1.3926e+06, 0
8.53627e+06, 425230, 0
1.26115e+07, 4.91757e+06, 0
9.87959e+06, 5.39768e+06, 0
8.71784e+06, 7.82874e+06, 0
1.03666e+07, 6.14819e+06, 0
9.06373e+06, 5.24472e+06, 0
1.04396e+07, 7.06417e+06, 0
9.55365e+06, 4.19639e+06, 0
1.02051e+07, 3.00242e+06, 0
1.20162e+07, 8.32734e+06, 0
1.11402e+07, 5.15747e+06, 0
9.04939e+06, 8.30435e+06, 0
9.04162e+06, 7.84431e+06, 0
1.00845e+07, 3.6352e+06, 0
8.43642e+06, 2.49811e+06, 0
8.57226e+06, 4.50061e+06, 0
1.15745e+07, 7.30202e+06, 0
8.52394e+06, 6.09534e+06, 0
9.13209e+06, 4.38546e+06, 0
8.4914e+06, 3.39552e+06, 0
1.03291e+07, 4.81758e+06, 0
1.0583e+07, 7.07519e+06, 0
8.58464e+06, 7.01997e+06, 0
1.12298e+07, 5.91837e+06, 0
1.00498e+07, 6.46241e+06, 0
1.02713e+07, 7.69982e+06, 0
9.37485e+06, 6.02722e+06, 0
1.13054e+07, 1.72046e+06, 0
8.45741e+06, 5.17325e+06, 0
1.23693e+07, 4.58076e+06, 0
1.19154e+07, 4.15852e+06, 0
1.29299e+07, 7.53348e+06, 0
1.18154e+07, 8.92635e+06, 0
1.06317e+07, 1.26921e+06, 0
9.22164e+06, 2.74439e+06, 0
8.60931e+06, 4.14609e+06, 0
9.28884e+06, 3.28763e+06, 0
9.36018e+06, 1.19434e+07, 0
9.23754e+06, 7.79789e+06, 0
1.05665e+07, 7.36059e+06, 0
8.5827e+06, 1.86074e+06, 0
8.96668e+06, 6.59139e+06, 0
8.52899e+06, 5.63893e+06, 0
8.72223e+06, 4.32504e+06, 0
9.20368e+06, 1.00322e+07, 0
8.53039e+06, 2.30183e+06, 0
9.4672e+06, 5.26238e+06, 0
8.5143e+06, 6.36923e+06, 0
8.58773e+06, 2.15393e+06, 0
1.28443e+07, 3.30538e+06, 0
8.84038e+06, 6.48306e+06, 0
8.96109e+06, 8.19497e+06, 0
9.28077e+06, 8.81783e+06, 0
9.4217e+06, 4.69297e+06, 0
1.01394e+07, 2.61184e+06, 0
9.24771e+06, 4.99244e+06, 0
9.12451e+06, 4.11075e+06, 0
8.62588e+06, 6.76829e+06, 0
9.66497e+06, 3.13785e+06, 0
8.52945e+06, 8.95803e+06, 0
8.97046e+06, 4.47408e+06, 0
9.10116e+06, 5.07371e+06, 0
8.62736e+06, 7.32588e+06, 0
9.84158e+06, 1.12565e+06, 0
9.55997e+06, 2.77435e+06, 0
1.01057e+07, 1.08023e+06, 0
1.01196e+07, 3.04756e+06, 0
8.52522e+06, 6.31209e+06, 0
1.06688e+07, 4.57997e+06, 0
8.44364e+06, 3.59132e+06, 0
9.73684e+06, 7.14053e+06, 0
1.15776e+07, 1.99721e+06, 0
8.999e+06, 2.64036e+06, 0
1.34425e+07, 8.0731e+06, 0
8.64539e+06, 3.28884e+06, 0
1.1955e+07, 3.79004e+06, 0
9.92097e+06, 9.61181e+06, 0
1.31297e+07, 2.78083e+06, 0
1.05477e+07, 6.44081e+06, 0
8.64478e+06, 6.79396e+06, 0
1.09669e+07, 5.69558e+06, 0
1.44683e+07, 1.3767e+06, 0
8.77251e+06, 5.57244e+06, 0
9.76469e+06, 6.92713e+06, 0
1.0167e+07, 5.83939e+06, 0
8.8109e+06, 6.97958e+06, 0
8.88249e+06, 1.02364e+07, 0
8.68e+06, 8.4265e+06, 0
9.63612e+06, 3.41723e+06, 0
1.16634e+07, 5.11269e+06, 0
8.70375e+06, 1.10908e+07, 0
8.60821e+06, 7.76529e+06, 0
1.11761e+07, 2.34417e+06, 0
9.98843e+06, 5.87348e+06, 0
9.11404e+06, 2.54209e+06, 0
8.70972e+06, 6.22039e+06, 0
8.69395e+06, 2.37066e+06, 0
9.91793e+06, 2.89156e+06, 0
1.04822e+07, 6.16804e+06, 0
8.60623e+06, 2.46685e+06, 0
1.1364e+07, 1.986e+06, 0
9.93482e+06, 1.00303e+07, 0
9.94391e+06, 5.89264e+06, 0
1.0985e+07, 3.95976e+06, 0
8.83493e+06, 8.81298e+06, 0
9.1333e+06, 2.80816e+06, 0
8.4901e+06, 5.48851e+06, 0
8.92852e+06, 8.26949e+06, 0
9.45751e+06, 6.64699e+06, 0
1.01386e+07, 3.92601e+06, 0
8.53823e+06, 6.072e+06, 0
9.92727e+06, 3.59891e+06, 0
9.94833e+06, 7.52987e+06, 0
9.06227e+06, 5.00041e+06, 0
8.86097e+06, 4.86452e+06, 0
8.57022e+06, 9.85108e+06, 0
1.0301e+07, 5.54367e+06, 0
9.24477e+06, 1.11077e+07, 0
9.6069e+06, 2.17009e+06, 0
9.45494e+06, 1.12886e+06, 0
9.05473e+06, 2.69434e+06, 0
9.31338e+06, 3.72446e+06, 0
1.09968e+07, 1.25314e+06, 0
9.89722e+06, 8.16641e+06, 0
9.67166e+06, 2.6358e+06, 0
1.17861e+07, 2.30996e+06, 0
8.86475e+06, 9.45563e+06, 0
9.42905e+06, 2.84937e+06, 0
8.58076e+06, 4.08548e+06, 0
9.76217e+06, 1.74069e+06, 0
9.86367e+06, 4.03255e+06, 0
8.88911e+06, 7.21491e+06, 0
1.0123e+07, 3.18623e+06, 0
8.44178e+06, 3.69694e+06, 0
9.39062e+06, 9.52685e+06, 0
9.83257e+06, 7.35107e+06, 0
1.0749e+07, 2.09301e+06, 0
1.10246e+07, 9.4794e+06, 0
9.4004e+06, 3.37951e+06, 0
1.54334e+07, 6.2274e+06, 0
1.19309e+07, 9.14436e+06, 0
9.05544e+06, 3.49891e+06, 0
8.51577e+06, 5.05998e+06, 0
8.87497e+06, 8.56378e+06, 0
1.29221e+07, 8.89102e+06, 0
1.27096e+07, 2.84172e+06, 0
8.65791e+06, 8.30234e+06, 0
1.04264e+07, 2.3009e+06, 0
1.16551e+07, 4.11294e+06, 0
1.04914e+07, 7.13032e+06, 0
8.56784e+06, 2.31962e+06, 0
1.19045e+07, 4.59027e+06, 0
9.9739e+06, 2.675e+06, 0
1.19425e+07, 6.19953e+06, 0
9.50262e+06, 4.14933e+06, 0
9.47973e+06, 6.09018e+06, 0
9.56571e+06, 4.50926e+06, 0
1.03414e+07, 3.26909e+06, 0
9.17697e+06, 3.60536e+06, 0
9.92278e+06, 8.64324e+06, 0
9.29315e+06, 1.79422e+06, 0
8.6661e+06, 2.81431e+06, 0
8.70938e+06, 4.23053e+06, 0
1.35205e+07, 3.76562e+06, 0
1.16364e+07, 2.82622e+06, 0
8.57647e+06, 7.50506e+06, 0
9.98162e+06, 5.6612e+06, 0
9.65498e+06, 6.76164e+06, 0
9.19169e+06, 5.90565e+06, 0
8.67602e+06, 549413, 0
9.06201e+06, 7.04814e+06, 0
8.86731e+06, 4.21565e+06, 0
9.80182e+06, 2.2456e+06, 0
9.22614e+06, 1.00961e+07, 0
9.21018e+06, 3.04203e+06, 0
1.02001e+07, 5.20448e+06, 0
1.30254e+07, 3.19906e+06, 0
9.20612e+06, 7.58845e+06, 0
1.05455e+07, 7.61201e+06, 0
1.17711e+07, 8.38034e+06, 0
8.59277e+06, 6.77801e+06, 0
1.00579e+07, 5.42836e+06, 0
9.89921e+06, 1.75105e+06, 0
9.79965e+06, 2.0141e+06, 0
8.56809e+06, 9.44137e+06, 0
8.64194e+06, 5.63665e+06, 0
1.02814e+07, 5.56525e+06, 0
1.04899e+07, 2.47256e+06, 0
8.48005e+06, 3.87707e+06, 0
1.14898e+07, 4.09956e+06, 0
9.81106e+06, 4.53184e+06, 0
1.10667e+07, 3.35925e+06, 0
9.55922e+06, 5.4733e+06, 0
1.23945e+07, 4.71926e+06, 0
8.64916e+06, 901066, 0
8.60969e+06, 6.31359e+06, 0
9.84928e+06, 7.44103e+06, 0
8.78472e+06, 7.26013e+06, 0
9.38544e+06, 5.55443e+06, 0
1.11846e+07, 6.7118e+06, 0
9.163e+06, 8.88609e+06, 0
1.09622e+07, 7.1218e+06, 0
9.89862e+06, 2.08476e+06, 0
8.89492e+06, 7.28121e+06, 0
9.01522e+06, 1.23214e+07, 0
8.7315e+06, 8.77675e+06, 0
1.16441e+07, 7.88145e+06, 0
1.24947e+07, 8.21523e+06, 0
9.00726e+06, 1.66559e+06, 0
9.75076e+06, 4.51581e+06, 0
