7.42673e+06, 3.46851e+06, 0
9.56376e+06, 3.59937e+06, 0
8.37223e+06, 5.62522e+06, 0
4.28491e+06, 512887, 0
2.52088e+06, 518046, 0
8.13963e+06, 1.60324e+06, 0
8.53271e+06, 5.70786e+06, 0
6.99769e+06, 3.38624e+06, 0
8.02208e+06, 1.65276e+06, 0
1.01291e+07, 6.49204e+06, 0
1.09602e+07, 4.06887e+06, 0
5.9479e+06, 2.1672e+06, 0
3.60278e+06, 1.6652e+06, 0
3.57458e+06, 979764, 0
5.35022e+06, 1.79258e+06, 0
8.16823e+06, 5.1713e+06, 0
6.17544e+06, 3.38572e+06, 0
5.71171e+06, 3.21144e+06, 0
9.49679e+06, 5.61238e+06, 0
6.97356e+06, 3.99197e+06, 0
1.30722e+07, 5.43386e+06, 0
3.90827e+06, 1.58342e+06, 0
3.08905e+06, 1.31415e+06, 0
8.10878e+06, 3.93264e+06, 0
5.36119e+06, 3.07677e+06, 0
5.95139e+06, 2.90553e+06, 0
4.22338e+06, 1.62484e+06, 0
6.21011e+06, 4.09056e+06, 0
9.13355e+06, 5.97134e+06, 0
8.63612e+06, 4.61115e+06, 0
5.16982e+06, 1.53235e+06, 0
9.82479e+06, 6.28752e+06, 0
8.06494e+06, 4.66427e+06, 0
7.55068e+06, 1.70175e+06, 0
8.35199e+06, 3.30555e+06, 0
1.31146e+07, 1.9003e+06, 0
8.09511e+06, 4.84561e+06, 0
5.3981e+06, 3.3759e+06, 0
3.90335e+06, 928288, 0
7.77603e+06, 3.71462e+06, 0
1.08208e+07, 2.7162e+06, 0
7.03831e+06, 2.69927e+06, 0
1.07976e+07, 2.99002e+06, 0
4.99927e+06, 1.03419e+06, 0
2.90465e+06, 1.0276e+06, 0
9.0446e+06, 4.06661e+06, 0
8.46084e+06, 5.15151e+06, 0
4.80761e+06, 1.63852e+06, 0
5.29761e+06, 2.2911e+06, 0
7.00289e+06, 3.39397e+06, 0
1.00944e+07, 6.68138e+06, 0
7.4268e+06, 4.3977e+06, 0
9.21272e+06, 5.93374e+06, 0
7.64596e+06, 3.43169e+06, 0
6.0792e+06, 3.20825e+06, 0
2.86614e+06, 226419, 0
3.89773e+06, 1.71597e+06, 0
5.01221e+06, 2.25882e+06, 0
4.10742e+06, 1.79218e+06, 0
9.36537e+06, 3.19633e+06, 0
9.58565e+06, 6.35006e+06, 0
5.4213e+06, 3.19969e+06, 0
3.72399e+06, 1.99438e+06, 0
2.94402e+06, 1.09637e+06, 0
4.65075e+06, 1.66092e+06, 0
8.76484e+06, 5.93367e+06, 0
1.17621e+07, 2.05826e+06, 0
6.81802e+06, 1.98832e+06, 0
7.09672e+06, 4.75146e+06, 0
4.75142e+06, 1.75038e+06, 0
4.03364e+06, 607165, 0
5.77634e+06, 2.08069e+06, 0
9.17098e+06, 3.04441e+06, 0
5.79465e+06, 2.79469e+06, 0
4.5833e+06, 2.04089e+06, 0
4.00695e+06, 1.89998e+06, 0
2.82239e+06, 838337, 0
1.03184e+07, 4.20899e+06, 0
8.33426e+06, 2.53207e+06, 0
6.1375e+06, 2.3055e+06, 0
6.28862e+06, 1.81415e+06, 0
5.92562e+06, 3.41828e+06, 0
8.22976e+06, 3.19539e+06, 0
3.61965e+06, 906155, 0
5.32143e+06, 2.27901e+06, 0
5.93818e+06, 544124, 0
3.82721e+06, 460967, 0
5.32585e+06, 3.20969e+06, 0
5.69033e+06, 3.37107e+06, 0
6.49211e+06, 4.29225e+06, 0
9.87574e+06, 5.51705e+06, 0
4.19575e+06, 1.28936e+06, 0
4.37957e+06, 2.52675e+06, 0
4.9754e+06, 2.54694e+06, 0
7.87762e+06, 2.17121e+06, 0
9.08017e+06, 5.13249e+06, 0
5.12297e+06, 1.19035e+06, 0
1.28828e+07, 5.04587e+06, 0
8.86751e+06, 2.41943e+06, 0
8.79413e+06, 5.96585e+06, 0
5.05968e+06, 1.57668e+06, 0
7.01946e+06, 3.4663e+06, 0
6.27108e+06, 1.15623e+06, 0
5.07266e+06, 728313, 0
8.60142e+06, 3.78818e+06, 0
4.81628e+06, 1.68858e+06, 0
1.23142e+07, 3.63872e+06, 0
3.98891e+06, 1.67974e+06, 0
3.91841e+06, 866677, 0
7.87218e+06, 3.45418e+06, 0
7.0348e+06, 2.40771e+06, 0
5.67515e+06, 1.36027e+06, 0
7.92363e+06, 2.26485e+06, 0
9.23516e+06, 2.93042e+06, 0
3.75637e+06, 1.65274e+06, 0
4.21079e+06, 1.26627e+06, 0
5.54149e+06, 2.26804e+06, 0
6.03986e+06, 2.67212e+06, 0
7.28249e+06, 1.63042e+06, 0
1.04998e+07, 2.31693e+06, 0
7.56425e+06, 4.1347e+06, 0
4.56354e+06, 1.91266e+06, 0
6.17038e+06, 2.83096e+06, 0
7.9128e+06, 2.52399e+06, 0
6.17583e+06, 2.99967e+06, 0
4.93823e+06, 2.96234e+06, 0
1.04191e+07, 3.96378e+06, 0
3.58207e+06, 1.40804e+06, 0
9.34193e+06, 5.48813e+06, 0
5.3006e+06, 3.14619e+06, 0
3.70046e+06, 1.93583e+06, 0
6.38166e+06, 4.07923e+06, 0
8.39325e+06, 2.27589e+06, 0
7.90277e+06, 4.0649e+06, 0
8.20483e+06, 3.31803e+06, 0
7.93373e+06, 5.35737e+06, 0
4.87522e+06, 2.52092e+06, 0
7.81009e+06, 1.8435e+06, 0
7.29226e+06, 3.52096e+06, 0
5.18148e+06, 956480, 0
5.84502e+06, 1.63787e+06, 0
7.46029e+06, 2.15738e+06, 0
4.09518e+06, 2.1715e+06, 0
4.05857e+06, 1.26795e+06, 0
7.12544e+06, 2.59342e+06, 0
8.96822e+06, 4.92425e+06, 0
7.53278e+06, 2.83473e+06, 0
1.04074e+07, 2.28786e+06, 0
1.03652e+07, 3.26005e+06, 0
8.62824e+06, 4.27007e+06, 0
6.71107e+06, 4.25935e+06, 0
4.09781e+06, 2.358e+06, 0
7.34787e+06, 1.78899e+06, 0
3.91765e+06, 990946, 0
3.83949e+06, 1.45904e+06, 0
5.54128e+06, 2.34875e+06, 0
5.56958e+06, 2.14776e+06, 0
5.76674e+06, 3.60549e+06, 0
6.52815e+06, 3.30961e+06, 0
1.01417e+07, 893901, 0
8.36531e+06, 3.95965e+06, 0
5.95291e+06, 1.23046e+06, 0
4.61443e+06, 2.19792e+06, 0
5.70836e+06, 1.55632e+06, 0
4.12148e+06, 1.74043e+06, 0
5.21222e+06, 2.71867e+06, 0
3.55869e+06, 1.35322e+06, 0
7.88226e+06, 1.4003e+06, 0
1.0135e+07, 7.0383e+06, 0
6.32044e+06, 1.25013e+06, 0
7.96814e+06, 1.53128e+06, 0
7.68726e+06, 1.56248e+06, 0
4.17078e+06, 1.19788e+06, 0
6.53029e+06, 3.64133e+06, 0
4.61697e+06, 2.21041e+06, 0
1.2136e+07, 5.80827e+06, 0
1.2731e+07, 6.37598e+06, 0
1.309e+07, 7.07521e+06, 0
4.65865e+06, 2.00195e+06, 0
5.85406e+06, 2.07918e+06, 0
3.31342e+06, 1.52396e+06, 0
5.194e+06, 3.1044e+06, 0
4.37889e+06, 2.59784e+06, 0
6.75303e+06, 761643, 0
6.41542e+06, 1.78088e+06, 0
7.88293e+06, 4.2021e+06, 0
9.90446e+06, 2.14588e+06, 0
8.16507e+06, 2.68717e+06, 0
4.22603e+06, 1.76484e+06, 0
7.76308e+06, 2.71735e+06, 0
4.31738e+06, 1.57932e+06, 0
7.8923e+06, 3.34806e+06, 0
1.00679e+07, 6.4338e+06, 0
4.71849e+06, 722325, 0
8.80037e+06, 2.39994e+06, 0
9.44982e+06, 2.69195e+06, 0
7.41858e+06, 3.52834e+06, 0
5.06394e+06, 2.34811e+06, 0
4.70164e+06, 1.60201e+06, 0
9.9863e+06, 3.86353e+06, 0
5.18723e+06, 1.21614e+06, 0
1.01564e+07, 2.37379e+06, 0
3.59258e+06, 1.78357e+06, 0
7.20306e+06, 4.28416e+06, 0
6.23549e+06, 3.47761e+06, 0
9.42194e+06, 4.96419e+06, 0
7.7365e+06, 2.61428e+06, 0
1.19407e+07, 4.06845e+06, 0
3.4227e+06, 1.19909e+06, 0
6.75178e+06, 2.87682e+06, 0
1.04341e+07, 1.86336e+06, 0
5.69263e+06, 1.69769e+06, 0
6.44685e+06, 1.97424e+06, 0
6.79684e+06, 2.70717e+06, 0
4.68893e+06, 2.57608e+06, 0
5.70155e+06, 1.24572e+06, 0
4.88062e+06, 1.31225e+06, 0
9.30802e+06, 5.45056e+06, 0
4.54391e+06, 1.73314e+06, 0
4.0756e+06, 1.14932e+06, 0
5.41354e+06, 2.94501e+06, 0
9.79899e+06, 5.00905e+06, 0
1.49209e+07, 7.5605e+06, 0
9.79061e+06, 2.63073e+06, 0
6.18284e+06, 950581, 0
5.19918e+06, 228224, 0
9.19129e+06, 4.58027e+06, 0
4.21394e+06, 2.40268e+06, 0
6.62693e+06, 2.47255e+06, 0
3.77843e+06, 2.0515e+06, 0
8.85129e+06, 2.74355e+06, 0
3.38368e+06, 1.64117e+06, 0
6.36419e+06, 1.72908e+06, 0
1.00322e+07, 5.93264e+06, 0
9.85222e+06, 3.90746e+06, 0
1.11412e+07, 4.67813e+06, 0
1.48564e+07, 4.62063e+06, 0
5.8668e+06, 3.20321e+06, 0
8.52009e+06, 5.21753e+06, 0
8.53097e+06, 5.26809e+06, 0
4.25057e+06, 1.32085e+06, 0
5.60649e+06, 2.17339e+06, 0
3.36182e+06, 1.33209e+06, 0
8.48993e+06, 1.90626e+06, 0
5.84883e+06, 2.31645e+06, 0
5.76866e+06, 1.81021e+06, 0
5.75472e+06, 1.20942e+06, 0
6.22947e+06, 2.01044e+06, 0
4.40008e+06, 2.33512e+06, 0
5.28386e+06, 1.28586e+06, 0
5.10793e+06, 1.34358e+06, 0
3.43535e+06, 363847, 0
4.65656e+06, 1.45612e+06, 0
4.10414e+06, 2.26182e+06, 0
8.958e+06, 3.86395e+06, 0
6.18674e+06, 3.16665e+06, 0
6.82282e+06, 2.67246e+06, 0
9.93948e+06, 3.22093e+06, 0
8.51966e+06, 4.58574e+06, 0
4.70179e+06, 502952, 0
8.27325e+06, 2.89948e+06, 0
3.83476e+06, 2.04637e+06, 0
7.26172e+06, 2.91405e+06, 0
5.91369e+06, 1.6388e+06, 0
8.23181e+06, 4.57153e+06, 0
4.5602e+06, 1.75645e+06, 0
5.95892e+06, 985749, 0
8.34628e+06, 2.80308e+06, 0
9.64066e+06, 4.13619e+06, 0
4.49435e+06, 1.37596e+06, 0
6.11728e+06, 1.01395e+06, 0
5.43899e+06, 2.95626e+06, 0
7.35158e+06, 3.38008e+06, 0
3.91956e+06, 1.09315e+06, 0
6.63712e+06, 3.11917e+06, 0
9.18176e+06, 3.61497e+06, 0
9.11579e+06, 4.26527e+06, 0
6.72154e+06, 3.06557e+06, 0
1.06667e+07, 2.64322e+06, 0
4.6991e+06, 1.58967e+06, 0
4.45365e+06, 1.72205e+06, 0
4.78267e+06, 2.79602e+06, 0
4.73249e+06, 1.91281e+06, 0
3.58538e+06, 510423, 0
7.15724e+06, 1.70676e+06, 0
5.94821e+06, 3.03389e+06, 0
6.17934e+06, 2.41645e+06, 0
1.06925e+07, 7.3975e+06, 0
7.33065e+06, 1.68613e+06, 0
6.66021e+06, 842046, 0
1.00775e+07, 4.47339e+06, 0
1.18914e+07, 5.47243e+06, 0
9.94671e+06, 2.51104e+06, 0
8.19017e+06, 1.96719e+06, 0
8.69054e+06, 1.05271e+06, 0
6.48632e+06, 2.06166e+06, 0
3.93885e+06, 2.24307e+06, 0
5.70703e+06, 2.62474e+06, 0
1.03649e+07, 2.77956e+06, 0
4.60253e+06, 2.50285e+06, 0
3.84612e+06, 440814, 0
5.87666e+06, 1.38941e+06, 0
7.60314e+06, 5.16818e+06, 0
5.64938e+06, 1.81138e+06, 0
7.97813e+06, 3.38472e+06, 0
5.26242e+06, 1.3907e+06, 0
7.2884e+06, 1.86186e+06, 0
1.01243e+07, 1.79205e+06, 0
1.12235e+07, 7.72559e+06, 0
4.66841e+06, 2.79606e+06, 0
4.28497e+06, 691658, 0
6.22069e+06, 4.01731e+06, 0
6.82992e+06, 3.49345e+06, 0
9.61834e+06, 6.68213e+06, 0
3.92545e+06, 1.62765e+06, 0
8.18276e+06, 2.73688e+06, 0
6.24812e+06, 1.90745e+06, 0
1.12971e+07, 4.17959e+06, 0
7.24418e+06, 3.38968e+06, 0
8.59132e+06, 3.04217e+06, 0
6.8381e+06, 3.74612e+06, 0
5.66512e+06, 2.21996e+06, 0
7.89449e+06, 4.50877e+06, 0
7.3829e+06, 774186, 0
4.07957e+06, 400868, 0
5.86052e+06, 3.31499e+06, 0
5.69926e+06, 3.29325e+06, 0
8.57086e+06, 4.59455e+06, 0
4.54911e+06, 1.72407e+06, 0
5.62508e+06, 1.26008e+06, 0
1.02371e+07, 5.02541e+06, 0
3.74153e+06, 982124, 0
9.42936e+06, 4.89046e+06, 0
7.82359e+06, 1.4164e+06, 0
6.82664e+06, 1.54121e+06, 0
4.61257e+06, 2.73486e+06, 0
6.20166e+06, 3.57966e+06, 0
1.05995e+07, 3.58527e+06, 0
6.14265e+06, 2.78907e+06, 0
4.46546e+06, 1.76516e+06, 0
8.96456e+06, 5.74348e+06, 0
4.02539e+06, 627633, 0
7.63799e+06, 3.67952e+06, 0
6.40785e+06, 2.26722e+06, 0
5.75802e+06, 3.51763e+06, 0
5.68315e+06, 3.57678e+06, 0
5.49039e+06, 2.39205e+06, 0
1.32e+07, 2.63255e+06, 0
3.73519e+06, 539670, 0
7.56503e+06, 5.12338e+06, 0
4.88023e+06, 1.11598e+06, 0
4.95269e+06, 2.10098e+06, 0
4.85879e+06, 2.41579e+06, 0
7.82555e+06, 1.12007e+06, 0
6.85596e+06, 2.75062e+06, 0
8.14248e+06, 3.85486e+06, 0
9.26801e+06, 5.87827e+06, 0
8.48737e+06, 919910, 0
5.83216e+06, 2.94936e+06, 0
1.05087e+07, 5.17475e+06, 0
7.18317e+06, 3.69711e+06, 0
1.18301e+07, 4.00361e+06, 0
8.2579e+06, 3.46474e+06, 0
6.56763e+06, 1.63098e+06, 0
3.7662e+06, 1.1573e+06, 0
5.83936e+06, 1.52599e+06, 0
2.79999e+06, 614773, 0
8.24734e+06, 3.66699e+06, 0
8.68307e+06, 3.53385e+06, 0
9.46391e+06, 4.28157e+06, 0
6.93688e+06, 3.75195e+06, 0
8.07467e+06, 3.20275e+06, 0
6.00437e+06, 2.06359e+06, 0
8.98147e+06, 4.84581e+06, 0
8.23373e+06, 3.30743e+06, 0
1.06231e+07, 3.69082e+06, 0
8.05678e+06, 1.55211e+06, 0
9.78479e+06, 5.66244e+06, 0
7.44191e+06, 3.42539e+06, 0
7.27485e+06, 3.58799e+06, 0
8.88931e+06, 2.39416e+06, 0
9.93303e+06, 6.82395e+06, 0
3.90833e+06, 1.88096e+06, 0
4.79944e+06, 2.51254e+06, 0
8.00072e+06, 5.48362e+06, 0
5.03388e+06, 882999, 0
4.2787e+06, 1.10327e+06, 0
4.508e+06, 2.34699e+06, 0
1.14737e+07, 974875, 0
8.80699e+06, 3.3619e+06, 0
3.49789e+06, 633901, 0
7.89951e+06, 3.65862e+06, 0
1.35416e+07, 5.71071e+06, 0
4.85749e+06, 1.69658e+06, 0
1.3242e+07, 2.43144e+06, 0
7.86309e+06, 4.12993e+06, 0
6.58958e+06, 3.1187e+06, 0
8.73248e+06, 3.28715e+06, 0
5.55692e+06, 2.90025e+06, 0
7.65883e+06, 4.90208e+06, 0
3.3219e+06, 1.45935e+06, 0
5.17184e+06, 1.90577e+06, 0
4.53213e+06, 2.51491e+06, 0
9.33559e+06, 2.8446e+06, 0
4.49032e+06, 1.98789e+06, 0
7.78939e+06, 2.43062e+06, 0
4.46012e+06, 1.13127e+06, 0
8.55449e+06, 3.59429e+06, 0
3.94474e+06, 1.39786e+06, 0
4.56741e+06, 2.11271e+06, 0
7.92615e+06, 3.84307e+06, 0
9.94105e+06, 2.45265e+06, 0
8.20552e+06, 5.11473e+06, 0
7.77228e+06, 3.52655e+06, 0
9.24383e+06, 5.97974e+06, 0
1.20813e+07, 5.62087e+06, 0
6.01957e+06, 3.07182e+06, 0
5.15351e+06, 2.66904e+06, 0
4.85156e+06, 2.33351e+06, 0
6.97059e+06, 3.71711e+06, 0
6.8604e+06, 2.46886e+06, 0
1.00058e+07, 188705, 0
9.80269e+06, 3.78098e+06, 0
6.06494e+06, 2.54084e+06, 0
4.36046e+06, 2.3288e+06, 0
7.0446e+06, 2.91093e+06, 0
8.56421e+06, 3.04885e+06, 0
9.09654e+06, 5.03242e+06, 0
7.66e+06, 2.46898e+06, 0
5.4234e+06, 2.92703e+06, 0
6.36714e+06, 1.62328e+06, 0
7.62693e+06, 3.37123e+06, 0
7.46952e+06, 3.80646e+06, 0
7.68847e+06, 4.46149e+06, 0
5.21933e+06, 1.39879e+06, 0
6.45995e+06, 1.14009e+06, 0
5.72763e+06, 1.27605e+06, 0
5.74338e+06, 3.24621e+06, 0
8.73844e+06, 2.72889e+06, 0
7.44775e+06, 4.57969e+06, 0
4.37607e+06, 1.66432e+06, 0
5.89851e+06, 2.05467e+06, 0
5.36648e+06, 2.93055e+06, 0
1.21991e+07, 6.32645e+06, 0
5.92827e+06, 2.66884e+06, 0
5.63023e+06, 3.17376e+06, 0
6.99815e+06, 4.34648e+06, 0
5.82888e+06, 3.06864e+06, 0
8.51273e+06, 5.24458e+06, 0
8.35595e+06, 3.21372e+06, 0
8.92434e+06, 3.16893e+06, 0
4.44804e+06, 2.28655e+06, 0
5.57506e+06, 2.86376e+06, 0
7.20449e+06, 3.27297e+06, 0
5.70152e+06, 2.2749e+06, 0
8.24458e+06, 4.22648e+06, 0
1.41511e+07, 4.51785e+06, 0
3.23214e+06, 1.36392e+06, 0
7.89894e+06, 4.69424e+06, 0
1.01361e+07, 4.13078e+06, 0
7.1237e+06, 4.3223e+06, 0
6.97485e+06, 2.92277e+06, 0
1.22319e+07, 6.77428e+06, 0
4.43418e+06, 1.29714e+06, 0
1.01776e+07, 3.14441e+06, 0
1.44274e+07, 4.87463e+06, 0
6.97298e+06, 757155, 0
4.95267e+06, 2.4921e+06, 0
5.12535e+06, 774760, 0
9.68653e+06, 5.1226e+06, 0
6.88573e+06, 3.17146e+06, 0
4.71859e+06, 1.61237e+06, 0
4.92518e+06, 1.44082e+06, 0
8.58387e+06, 2.88788e+06, 0
4.07e+06, 1.61574e+06, 0
9.74154e+06, 4.49043e+06, 0
7.11713e+06, 4.79082e+06, 0
5.81968e+06, 2.54794e+06, 0
5.2335e+06, 2.36094e+06, 0
7.16596e+06, 2.66783e+06, 0
5.76239e+06, 2.40138e+06, 0
3.85828e+06, 1.67022e+06, 0
7.01603e+06, 3.49258e+06, 0
3.61487e+06, 889974, 0
9.56909e+06, 5.72446e+06, 0
8.12752e+06, 691577, 0
7.29808e+06, 3.39016e+06, 0
6.75115e+06, 3.32803e+06, 0
4.93834e+06, 1.77818e+06, 0
1.08647e+07, 2.57026e+06, 0
5.22249e+06, 2.97225e+06, 0
3.22983e+06, 968079, 0
4.6192e+06, 2.78695e+06, 0
6.76046e+06, 2.52419e+06, 0
1.07152e+07, 348338, 0
6.63221e+06, 4.01287e+06, 0
3.65839e+06, 668994, 0
5.09881e+06, 2.73181e+06, 0
1.14209e+07, 5.41931e+06, 0
8.58646e+06, 2.56169e+06, 0
6.71438e+06, 1.08211e+06, 0
7.71139e+06, 3.65251e+06, 0
4.02609e+06, 1.76933e+06, 0
4.61631e+06, 2.20573e+06, 0
5.22207e+06, 2.96521e+06, 0
7.72549e+06, 1.40918e+06, 0
1.07534e+07, 5.00262e+06, 0
3.77918e+06, 2.07181e+06, 0
7.69677e+06, 569609, 0
8.05037e+06, 2.38957e+06, 0
4.95913e+06, 2.41857e+06, 0
4.3927e+06, 1.50747e+06, 0
4.61693e+06, 1.45784e+06, 0
6.22424e+06, 2.3037e+06, 0
6.72631e+06, 2.08199e+06, 0
7.15578e+06, 4.68386e+06, 0
6.65677e+06, 2.49552e+06, 0
5.18732e+06, 2.08105e+06, 0
6.55176e+06, 3.89131e+06, 0
8.64876e+06, 3.97276e+06, 0
9.65296e+06, 1.2134e+06, 0
8.74075e+06, 2.40622e+06, 0
3.5539e+06, 407419, 0
3.57498e+06, 1.59398e+06, 0
5.60914e+06, 2.18673e+06, 0
8.05381e+06, 2.02169e+06, 0
7.4158e+06, 2.71586e+06, 0
5.06837e+06, 1.45496e+06, 0
9.5321e+06, 3.09693e+06, 0
7.127e+06, 4.26412e+06, 0
4.90392e+06, 1.18116e+06, 0
5.23352e+06, 1.78608e+06, 0
8.42871e+06, 3.74716e+06, 0
6.75835e+06, 2.88007e+06, 0
9.5762e+06, 2.98251e+06, 0
5.68779e+06, 3.39428e+06, 0
5.46891e+06, 2.9067e+06, 0
6.92994e+06, 1.71946e+06, 0
3.48368e+06, 490923, 0
6.51704e+06, 1.23945e+06, 0
9.92346e+06, 4.87024e+06, 0
6.32299e+06, 2.51533e+06, 0
4.6216e+06, 2.82434e+06, 0
4.43527e+06, 552323, 0
1.07138e+07, 3.69145e+06, 0
8.90825e+06, 3.59631e+06, 0
8.52111e+06, 3.56713e+06, 0
6.53434e+06, 2.95212e+06, 0
7.37696e+06, 2.68e+06, 0
5.60101e+06, 1.48166e+06, 0
5.14601e+06, 1.60272e+06, 0
7.21664e+06, 4.45094e+06, 0
9.67123e+06, 4.02984e+06, 0
7.36588e+06, 3.26444e+06, 0
1.01261e+07, 1.48703e+06, 0
7.02884e+06, 1.81438e+06, 0
1.08376e+07, 1.09369e+06, 0
7.85201e+06, 2.42903e+06, 0
4.69426e+06, 2.81199e+06, 0
7.11239e+06, 4.58223e+06, 0
6.12562e+06, 2.15912e+06, 0
7.71259e+06, 4.1743e+06, 0
9.81995e+06, 1.3677e+06, 0
4.31306e+06, 1.48612e+06, 0
4.7096e+06, 401919, 0
5.31233e+06, 2.87974e+06, 0
4.48282e+06, 1.52987e+06, 0
5.52109e+06, 2.6476e+06, 0
3.86863e+06, 1.4244e+06, 0
6.128e+06, 3.65352e+06, 0
4.85597e+06, 2.43257e+06, 0
3.47807e+06, 1.35188e+06, 0
4.46521e+06, 2.46466e+06, 0
4.33095e+06, 565542, 0
8.13864e+06, 2.29111e+06, 0
8.16468e+06, 3.77085e+06, 0
8.44839e+06, 3.90554e+06, 0
3.16916e+06, 1.2991e+06, 0
6.27858e+06, 1.88382e+06, 0
7.61943e+06, 2.40681e+06, 0
7.32389e+06, 4.108e+06, 0
6.52471e+06, 962644, 0
4.42968e+06, 1.72864e+06, 0
9.74574e+06, 5.58807e+06, 0
5.879e+06, 2.84022e+06, 0
6.39649e+06, 4.23285e+06, 0
8.13604e+06, 4.77755e+06, 0
4.87748e+06, 1.16006e+06, 0
7.27271e+06, 3.58867e+06, 0
7.9949e+06, 3.05655e+06, 0
1.07865e+07, 3.17834e+06, 0
6.98695e+06, 3.06139e+06, 0
7.77526e+06, 3.53344e+06, 0
6.80178e+06, 2.90815e+06, 0
4.28786e+06, 2.11457e+06, 0
5.22054e+06, 3.13714e+06, 0
1.11723e+07, 6.20502e+06, 0
7.83023e+06, 1.65844e+06, 0
6.57669e+06, 4.18059e+06, 0
4.80664e+06, 1.72106e+06, 0
6.9729e+06, 3.44273e+06, 0
5.74425e+06, 3.354e+06, 0
5.40913e+06, 489973, 0
4.53111e+06, 2.66013e+06, 0
7.4598e+06, 1.2968e+06, 0
3.90489e+06, 1.94596e+06, 0
6.51175e+06, 4.27642e+06, 0
7.91119e+06, 2.57305e+06, 0
3.91695e+06, 2.02142e+06, 0
1.52798e+07, 4.58872e+06, 0
1.29469e+07, 2.56457e+06, 0
9.61346e+06, 3.22096e+06, 0
4.49238e+06, 1.99627e+06, 0
8.4276e+06, 2.54164e+06, 0
6.24451e+06, 2.23405e+06, 0
9.74616e+06, 6.54833e+06, 0
6.00233e+06, 2.87791e+06, 0
6.90354e+06, 1.79767e+06, 0
4.94171e+06, 2.04663e+06, 0
4.97142e+06, 2.25466e+06, 0
5.83686e+06, 3.48789e+06, 0
6.01379e+06, 506981, 0
6.31383e+06, 2.43479e+06, 0
8.7756e+06, 3.40555e+06, 0
7.62576e+06, 3.54566e+06, 0
6.32161e+06, 2.18112e+06, 0
5.33375e+06, 1.74834e+06, 0
3.53856e+06, 526657, 0
7.57616e+06, 2.97442e+06, 0
3.7129e+06, 661799, 0
4.4274e+06, 1.98269e+06, 0
6.24666e+06, 3.62192e+06, 0
8.33791e+06, 5.14177e+06, 0
5.69758e+06, 1.21319e+06, 0
4.14848e+06, 1.2711e+06, 0
6.74949e+06, 3.61795e+06, 0
4.28611e+06, 1.11242e+06, 0
7.85467e+06, 430160, 0
5.14363e+06, 1.50645e+06, 0
1.05642e+07, 3.90065e+06, 0
9.67217e+06, 5.95555e+06, 0
4.90527e+06, 2.09156e+06, 0
6.9803e+06, 3.68897e+06, 0
8.9315e+06, 4.82891e+06, 0
2.87639e+06, 537952, 0
8.14755e+06, 2.63354e+06, 0
1.08933e+07, 3.19292e+06, 0
7.97683e+06, 3.5716e+06, 0
6.65353e+06, 3.95743e+06, 0
8.8674e+06, 2.84566e+06, 0
1.19117e+07, 5.38508e+06, 0
6.1003e+06, 2.75373e+06, 0
5.55429e+06, 2.74893e+06, 0
3.84593e+06, 2.0756e+06, 0
7.59338e+06, 1.47189e+06, 0
7.92294e+06, 1.5841e+06, 0
4.3035e+06, 2.0227e+06, 0
8.08502e+06, 946728, 0
4.161e+06, 2.19805e+06, 0
5.98163e+06, 487130, 0
4.99277e+06, 2.74151e+06, 0
9.06248e+06, 5.97251e+06, 0
5.08253e+06, 901325, 0
3.0568e+06, 832776, 0
5.29741e+06, 2.0091e+06, 0
8.32808e+06, 4.36502e+06, 0
6.07409e+06, 2.71245e+06, 0
5.962e+06, 1.18349e+06, 0
9.05551e+06, 5.24037e+06, 0
7.79012e+06, 3.03427e+06, 0
8.09875e+06, 2.1516e+06, 0
8.07886e+06, 2.35286e+06, 0
4.92354e+06, 1.53033e+06, 0
5.16083e+06, 1.23983e+06, 0
5.2379e+06, 1.13404e+06, 0
4.5815e+06, 1.93884e+06, 0
6.32308e+06, 3.10806e+06, 0
1.16394e+07, 2.01744e+06, 0
5.71511e+06, 2.76834e+06, 0
5.63932e+06, 2.33654e+06, 0
1.06754e+07, 781036, 0
4.27465e+06, 1.04222e+06, 0
6.42997e+06, 1.23767e+06, 0
8.29423e+06, 4.68035e+06, 0
6.85589e+06, 1.69051e+06, 0
6.45766e+06, 3.23953e+06, 0
7.43716e+06, 3.41539e+06, 0
5.43662e+06, 2.79407e+06, 0
5.75112e+06, 3.69499e+06, 0
6.15885e+06, 2.88512e+06, 0
7.0876e+06, 2.14672e+06, 0
8.68535e+06, 3.82782e+06, 0
8.01179e+06, 3.82091e+06, 0
9.49012e+06, 3.21658e+06, 0
6.14894e+06, 3.3489e+06, 0
5.02999e+06, 3.15075e+06, 0
6.03966e+06, 2.89949e+06, 0
8.20425e+06, 2.36586e+06, 0
6.67006e+06, 2.30971e+06, 0
7.69372e+06, 2.27252e+06, 0
5.86748e+06, 2.62685e+06, 0
8.18782e+06, 1.67463e+06, 0
3.69181e+06, 1.59382e+06, 0
9.14467e+06, 5.10868e+06, 0
4.89937e+06, 1.5596e+06, 0
9.15577e+06, 4.22426e+06, 0
6.77275e+06, 2.0216e+06, 0
5.69235e+06, 2.54238e+06, 0
7.47177e+06, 5.05367e+06, 0
6.50169e+06, 4.34775e+06, 0
5.90445e+06, 3.66197e+06, 0
6.20853e+06, 2.39846e+06, 0
4.80709e+06, 2.01603e+06, 0
8.9236e+06, 5.92986e+06, 0
7.28954e+06, 3.87753e+06, 0
7.70914e+06, 2.82274e+06, 0
3.70351e+06, 1.9284e+06, 0
8.09123e+06, 1.72129e+06, 0
4.59203e+06, 1.56617e+06, 0
6.69825e+06, 4.45457e+06, 0
4.57459e+06, 1.78374e+06, 0
5.70943e+06, 2.57207e+06, 0
4.46288e+06, 560721, 0
6.27438e+06, 2.94367e+06, 0
4.11719e+06, 941281, 0
5.37863e+06, 3.28324e+06, 0
4.25738e+06, 2.16295e+06, 0
6.35904e+06, 2.75111e+06, 0
4.66615e+06, 2.15175e+06, 0
7.10009e+06, 1.29796e+06, 0
6.73155e+06, 1.24263e+06, 0
7.42673e+06, 2.62767e+06, 0
4.18674e+06, 2.1733e+06, 0
6.21434e+06, 1.86731e+06, 0
4.00872e+06, 1.47755e+06, 0
7.23526e+06, 3.46572e+06, 0
4.83411e+06, 2.03025e+06, 0
1.03555e+07, 3.6906e+06, 0
9.56724e+06, 5.02666e+06, 0
1.00123e+07, 5.29724e+06, 0
1.03753e+07, 4.01046e+06, 0
3.45582e+06, 617178, 0
4.91275e+06, 1.25505e+06, 0
7.25055e+06, 1.09404e+06, 0
6.83489e+06, 1.84415e+06, 0
5.966e+06, 2.57496e+06, 0
3.32198e+06, 1.56238e+06, 0
5.23355e+06, 1.59566e+06, 0
9.10085e+06, 3.29482e+06, 0
4.67148e+06, 1.76324e+06, 0
9.09481e+06, 5.06491e+06, 0
5.6564e+06, 3.06174e+06, 0
1.01224e+07, 4.14905e+06, 0
5.0007e+06, 2.62131e+06, 0
1.11124e+07, 6.49852e+06, 0
4.93859e+06, 1.36597e+06, 0
5.62122e+06, 3.63562e+06, 0
6.45867e+06, 3.99713e+06, 0
7.40686e+06, 1.78792e+06, 0
4.9204e+06, 2.37534e+06, 0
7.589e+06, 4.04561e+06, 0
7.87251e+06, 2.01182e+06, 0
6.35858e+06, 989915, 0
9.9e+06, 4.47116e+06, 0
5.9225e+06, 2.64133e+06, 0
5.93945e+06, 3.14513e+06, 0
3.28558e+06, 1.04922e+06, 0
4.16745e+06, 1.63768e+06, 0
7.79576e+06, 3.04074e+06, 0
2.87649e+06, 960586, 0
6.70911e+06, 4.43937e+06, 0
8.54123e+06, 2.63997e+06, 0
4.75116e+06, 2.56619e+06, 0
7.98301e+06, 4.52985e+06, 0
6.12713e+06, 2.96443e+06, 0
1.00135e+07, 3.65342e+06, 0
4.72657e+06, 2.92581e+06, 0
1.1657e+07, 4.70963e+06, 0
5.94915e+06, 2.81264e+06, 0
6.28158e+06, 2.67145e+06, 0
5.33478e+06, 2.4635e+06, 0
3.12819e+06, 686306, 0
7.01687e+06, 2.85314e+06, 0
5.40256e+06, 1.43178e+06, 0
3.3874e+06, 1.18187e+06, 0
5.08716e+06, 2.90949e+06, 0
7.15901e+06, 4.19491e+06, 0
6.5157e+06, 397666, 0
7.64265e+06, 1.31742e+06, 0
9.99111e+06, 6.21028e+06, 0
6.93791e+06, 314601, 0
5.22999e+06, 2.03028e+06, 0
1.07633e+07, 860812, 0
2.60521e+06, 364440, 0
6.78164e+06, 4.04042e+06, 0
6.99978e+06, 2.26843e+06, 0
9.7434e+06, 3.1484e+06, 0
3.66586e+06, 1.61822e+06, 0
1.24776e+07, 5.0308e+06, 0
1.0431e+07, 3.34571e+06, 0
5.76044e+06, 536881, 0
3.83295e+06, 1.24941e+06, 0
8.6676e+06, 4.87026e+06, 0
3.22008e+06, 856758, 0
3.2492e+06, 984537, 0
6.71288e+06, 3.71268e+06, 0
5.15652e+06, 572875, 0
3.92866e+06, 1.78013e+06, 0
5.31942e+06, 2.88419e+06, 0
4.25455e+06, 2.43141e+06, 0
4.94008e+06, 2.54927e+06, 0
1.09328e+07, 4.67082e+06, 0
3.71683e+06, 1.36084e+06, 0
1.02689e+07, 5.2332e+06, 0
8.33935e+06, 5.61752e+06, 0
5.47287e+06, 1.72396e+06, 0
8.0102e+06, 3.20256e+06, 0
8.15661e+06, 2.2978e+06, 0
5.59033e+06, 2.27524e+06, 0
5.77367e+06, 2.85369e+06, 0
8.36998e+06, 3.49762e+06, 0
7.7999e+06, 2.26994e+06, 0
8.54415e+06, 5.80033e+06, 0
6.0115e+06, 2.58415e+06, 0
6.9228e+06, 4.11444e+06, 0
9.11028e+06, 2.08387e+06, 0
6.99642e+06, 2.65088e+06, 0
6.16303e+06, 2.37507e+06, 0
5.64866e+06, 2.59626e+06, 0
5.78926e+06, 2.71861e+06, 0
5.36147e+06, 2.45185e+06, 0
4.46524e+06, 2.30613e+06, 0
5.99269e+06, 3.51362e+06, 0
1.19244e+07, 5.15225e+06, 0
6.04938e+06, 3.7732e+06, 0
7.72539e+06, 1.50734e+06, 0
3.4761e+06, 1.5173e+06, 0
8.60325e+06, 2.98475e+06, 0
7.88376e+06, 1.52379e+06, 0
7.88518e+06, 5.3949e+06, 0
6.86978e+06, 2.33036e+06, 0
8.32645e+06, 4.5033e+06, 0
7.29724e+06, 1.81557e+06, 0
7.69618e+06, 846718, 0
7.15837e+06, 3.68575e+06, 0
1.02419e+07, 2.20069e+06, 0
7.11394e+06, 2.46815e+06, 0
6.17042e+06, 3.13064e+06, 0
8.20472e+06, 3.95624e+06, 0
1.28134e+07, 5.55187e+06, 0
8.86012e+06, 4.54768e+06, 0
7.70407e+06, 3.95124e+06, 0
9.52218e+06, 4.6534e+06, 0
6.354e+06, 3.94626e+06, 0
8.41607e+06, 2.90711e+06, 0
3.67271e+06, 1.26388e+06, 0
7.9647e+06, 4.10179e+06, 0
6.02324e+06, 2.23935e+06, 0
2.71145e+06, 861574, 0
8.99545e+06, 4.0289e+06, 0
7.19484e+06, 2.05418e+06, 0
4.54083e+06, 2.24205e+06, 0
6.03282e+06, 1.76356e+06, 0
6.76185e+06, 752878, 0
4.08295e+06, 1.705e+06, 0
7.72476e+06, 2.64791e+06, 0
3.96177e+06, 2.05492e+06, 0
6.08533e+06, 1.35968e+06, 0
4.11228e+06, 1.45033e+06, 0
4.82818e+06, 2.10559e+06, 0
4.8879e+06, 2.68126e+06, 0
5.22381e+06, 2.8929e+06, 0
4.65752e+06, 993652, 0
7.92681e+06, 2.91149e+06, 0
7.91845e+06, 4.78477e+06, 0
1.07397e+07, 6.55244e+06, 0
5.64425e+06, 3.3387e+06, 0
6.11262e+06, 901130, 0
4.91602e+06, 1.91643e+06, 0
1.02091e+07, 3.25877e+06, 0
9.27044e+06, 4.0897e+06, 0
9.498e+06, 5.38631e+06, 0
4.83845e+06, 2.39629e+06, 0
1.04787e+07, 3.72057e+06, 0
8.06334e+06, 5.20947e+06, 0
5.0282e+06, 1.15667e+06, 0
4.50291e+06, 1.594e+06, 0
8.06372e+06, 5.008e+06, 0
5.6414e+06, 637096, 0
7.55508e+06, 3.73981e+06, 0
5.75723e+06, 2.79795e+06, 0
4.06584e+06, 1.86417e+06, 0
7.93988e+06, 5.00513e+06, 0
1.14444e+07, 5.17594e+06, 0
8.54134e+06, 5.48771e+06, 0
2.96785e+06, 940179, 0
6.9114e+06, 729911, 0
6.65307e+06, 3.72675e+06, 0
3.34453e+06, 699885, 0
8.47897e+06, 5.75287e+06, 0
2.98496e+06, 954472, 0
5.40822e+06, 2.46253e+06, 0
4.26115e+06, 299310, 0
7.47982e+06, 984181, 0
1.06811e+07, 5.51389e+06, 0
6.83137e+06, 2.18505e+06, 0
6.16122e+06, 1.24793e+06, 0
6.99263e+06, 1.86479e+06, 0
7.70526e+06, 5.05272e+06, 0
1.14851e+07, 5.38185e+06, 0
4.80496e+06, 2.9387e+06, 0
5.44785e+06, 2.01425e+06, 0
1.04239e+07, 5.08602e+06, 0
1.04228e+07, 1.85337e+06, 0
4.88881e+06, 1.67583e+06, 0
1.0651e+07, 4.95393e+06, 0
5.40234e+06, 2.85721e+06, 0
4.71849e+06, 1.21313e+06, 0
7.15769e+06, 1.39655e+06, 0
6.24985e+06, 2.80771e+06, 0
6.81057e+06, 4.29003e+06, 0
1.16802e+07, 3.87129e+06, 0
6.46754e+06, 2.80354e+06, 0
6.1647e+06, 3.22544e+06, 0
1.11232e+07, 2.46204e+06, 0
5.16296e+06, 2.25475e+06, 0
8.78268e+06, 1.79191e+06, 0
4.47214e+06, 1.23978e+06, 0
1.19274e+07, 4.91352e+06, 0
1.00056e+07, 3.16371e+06, 0
5.10244e+06, 3.18728e+06, 0
8.06621e+06, 3.57318e+06, 0
8.21625e+06, 4.0808e+06, 0
4.72728e+06, 2.48125e+06, 0
6.90621e+06, 3.26394e+06, 0
4.90135e+06, 2.52084e+06, 0
5.31923e+06, 2.06783e+06, 0
6.45825e+06, 1.41265e+06, 0
1.02547e+07, 4.26274e+06, 0
6.0605e+06, 3.67867e+06, 0
8.46048e+06, 4.83746e+06, 0
8.4092e+06, 2.65553e+06, 0
8.55419e+06, 1.38087e+06, 0
7.60965e+06, 4.31119e+06, 0
6.1966e+06, 1.85504e+06, 0
3.8796e+06, 186050, 0
7.48573e+06, 3.61788e+06, 0
6.0899e+06, 3.89751e+06, 0
1.15108e+07, 1.74569e+06, 0
6.44372e+06, 911442, 0
5.73195e+06, 2.58969e+06, 0
5.07616e+06, 2.52339e+06, 0
3.74653e+06, 1.99555e+06, 0
7.00768e+06, 3.48345e+06, 0
7.9435e+06, 2.79109e+06, 0
7.04636e+06, 4.72433e+06, 0
7.65946e+06, 4.5591e+06, 0
4.84734e+06, 2.76206e+06, 0
7.70871e+06, 4.71991e+06, 0
7.45087e+06, 3.9563e+06, 0
7.07679e+06, 2.46256e+06, 0
5.9268e+06, 1.67205e+06, 0
4.03638e+06, 1.69772e+06, 0
5.34749e+06, 1.97387e+06, 0
8.09507e+06, 4.45335e+06, 0
1.03395e+07, 4.22416e+06, 0
4.79998e+06, 2.51448e+06, 0
6.44515e+06, 2.94393e+06, 0
1.36513e+07, 9.39592e+06, 0
7.85611e+06, 1.00616e+06, 0
4.63362e+06, 2.68889e+06, 0
3.92068e+06, 2.14754e+06, 0
3.3214e+06, 1.33843e+06, 0
8.68857e+06, 2.41449e+06, 0
8.21319e+06, 2.41685e+06, 0
4.80097e+06, 2.01139e+06, 0
5.52622e+06, 2.55641e+06, 0
9.32978e+06, 976797, 0
6.74643e+06, 4.20344e+06, 0
1.11747e+07, 4.35394e+06, 0
4.91155e+06, 2.49313e+06, 0
5.07018e+06, 1.43931e+06, 0
7.61405e+06, 2.83799e+06, 0
7.75339e+06, 1.92402e+06, 0
9.95168e+06, 3.71468e+06, 0
9.51336e+06, 3.15494e+06, 0
7.5897e+06, 656195, 0
1.06297e+07, 1.68985e+06, 0
6.05039e+06, 3.38069e+06, 0
7.09293e+06, 4.79166e+06, 0
3.19182e+06, 1.46753e+06, 0
5.76567e+06, 1.21813e+06, 0
5.51565e+06, 2.9604e+06, 0
5.42072e+06, 3.37337e+06, 0
6.1364e+06, 1.7551e+06, 0
3.43365e+06, 1.41502e+06, 0
5.76611e+06, 3.55926e+06, 0
9.3705e+06, 4.38094e+06, 0
2.8242e+06, 713858, 0
9.73903e+06, 3.6712e+06, 0
9.13765e+06, 2.63739e+06, 0
5.5109e+06, 3.35961e+06, 0
9.72052e+06, 1.67336e+06, 0
4.701e+06, 2.09892e+06, 0
1.28549e+07, 4.58257e+06, 0
3.63039e+06, 1.52982e+06, 0
1.26943e+07, 2.23041e+06, 0
7.67012e+06, 2.90932e+06, 0
5.36749e+06, 2.32666e+06, 0
6.87016e+06, 1.19825e+06, 0
1.03933e+07, 2.82462e+06, 0
4.96027e+06, 2.21496e+06, 0
5.60204e+06, 2.9588e+06, 0
7.55031e+06, 4.26592e+06, 0
6.13793e+06, 3.44972e+06, 0
3.30688e+06, 156766, 0
1.09537e+07, 6.54088e+06, 0
9.53095e+06, 3.22573e+06, 0
7.41774e+06, 2.92926e+06, 0
4.7652e+06, 725172, 0
6.66071e+06, 4.46274e+06, 0
5.86266e+06, 1.79918e+06, 0
9.30405e+06, 1.24483e+06, 0
7.68585e+06, 3.77718e+06, 0
1.14474e+07, 4.37079e+06, 0
4.60774e+06, 2.12626e+06, 0
4.80738e+06, 995145, 0
4.82963e+06, 2.41943e+06, 0
6.64646e+06, 3.33625e+06, 0
8.27899e+06, 4.10214e+06, 0
5.66475e+06, 1.68644e+06, 0
1.15493e+07, 6.69676e+06, 0
4.08404e+06, 384679, 0
5.99997e+06, 2.28922e+06, 0
9.9954e+06, 2.49577e+06, 0
7.51345e+06, 3.05972e+06, 0
6.93596e+06, 2.46687e+06, 0
5.96615e+06, 3.76998e+06, 0
5.05084e+06, 460096, 0
5.34153e+06, 3.36388e+06, 0
1.04972e+07, 3.08407e+06, 0
7.18353e+06, 4.25135e+06, 0
6.69104e+06, 2.26115e+06, 0
6.22895e+06, 2.90016e+06, 0
4.59087e+06, 2.41297e+06, 0
5.65249e+06, 1.28022e+06, 0
6.77643e+06, 2.33186e+06, 0
9.02726e+06, 2.66326e+06, 0
1.12647e+07, 7.49626e+06, 0
8.32834e+06, 4.43526e+06, 0
1.03505e+07, 2.1966e+06, 0
3.17479e+06, 1.06463e+06, 0
4.98524e+06, 1.25703e+06, 0
6.40665e+06, 1.1826e+06, 0
4.54457e+06, 1.7681e+06, 0
3.89756e+06, 1.43928e+06, 0
7.12149e+06, 3.06351e+06, 0
7.11991e+06, 4.71766e+06, 0
7.64706e+06, 1.36455e+06, 0
6.34394e+06, 1.14973e+06, 0
6.33377e+06, 1.87304e+06, 0
4.34146e+06, 2.2441e+06, 0
7.4342e+06, 1.40824e+06, 0
7.08706e+06, 530458, 0
8.63503e+06, 4.08019e+06, 0
1.49633e+07, 842722, 0
5.40042e+06, 2.16212e+06, 0
9.17789e+06, 5.69043e+06, 0
3.91358e+06, 2.01322e+06, 0
6.03698e+06, 3.80281e+06, 0
6.83766e+06, 3.6089e+06, 0
5.45077e+06, 433048, 0
7.09796e+06, 4.32458e+06, 0
4.06032e+06, 2.27779e+06, 0
5.39262e+06, 2.6485e+06, 0
5.18298e+06, 2.8068e+06, 0
1.18635e+07, 1.98239e+06, 0
4.43487e+06, 1.13026e+06, 0
7.70352e+06, 4.94661e+06, 0
4.43781e+06, 2.60306e+06, 0
5.86854e+06, 2.32752e+06, 0
6.95309e+06, 1.27979e+06, 0
3.79089e+06, 1.64302e+06, 0
8.48219e+06, 571650, 0
3.46362e+06, 1.6679e+06, 0
6.9365e+06, 1.15142e+06, 0
4.79612e+06, 2.29072e+06, 0
5.40029e+06, 951509, 0
9.48068e+06, 5.96789e+06, 0
4.41856e+06, 1.19151e+06, 0
7.047e+06, 1.90034e+06, 0
6.01846e+06, 2.55784e+06, 0
7.09759e+06, 3.09173e+06, 0
8.87916e+06, 1.8902e+06, 0
5.87228e+06, 2.2458e+06, 0
6.89256e+06, 1.36e+06, 0
7.77824e+06, 3.98449e+06, 0
1.19402e+07, 2.47104e+06, 0
3.03558e+06, 1.33679e+06, 0
1.01457e+07, 6.27383e+06, 0
8.51407e+06, 1.4268e+06, 0
6.93593e+06, 546777, 0
5.43564e+06, 2.38527e+06, 0
9.04626e+06, 2.08284e+06, 0
5.30462e+06, 3.25157e+06, 0
8.55547e+06, 4.76182e+06, 0
9.11196e+06, 2.93416e+06, 0
7.9008e+06, 3.45382e+06, 0
6.43098e+06, 3.74287e+06, 0
1.01599e+07, 386784, 0
4.98772e+06, 2.45868e+06, 0
9.25598e+06, 2.8906e+06, 0
4.17631e+06, 2.29185e+06, 0
6.53601e+06, 3.71278e+06, 0
7.95143e+06, 3.25208e+06, 0
5.98298e+06, 2.9253e+06, 0
6.06533e+06, 2.5067e+06, 0
5.41317e+06, 1.61925e+06, 0
6.48743e+06, 3.86714e+06, 0
1.29382e+07, 3.76637e+06, 0
7.31731e+06, 2.48251e+06, 0
5.45962e+06, 2.65151e+06, 0
6.42622e+06, 1.01803e+06, 0
3.7754e+06, 2.09106e+06, 0
9.63414e+06, 4.59076e+06, 0
3.61264e+06, 712648, 0
1.20148e+07, 708760, 0
8.82737e+06, 5.0081e+06, 0
8.99542e+06, 2.36069e+06, 0
4.82804e+06, 1.54736e+06, 0
7.8328e+06, 3.59663e+06, 0
3.36322e+06, 637852, 0
5.81202e+06, 3.28804e+06, 0
8.43662e+06, 5.08031e+06, 0
3.54639e+06, 1.51024e+06, 0
3.90582e+06, 1.82659e+06, 0
5.73971e+06, 3.18923e+06, 0
3.24032e+06, 1.17542e+06, 0
4.66057e+06, 2.00886e+06, 0
5.64194e+06, 2.77055e+06, 0
5.56618e+06, 2.98791e+06, 0
5.84224e+06, 2.48728e+06, 0
6.00946e+06, 2.49445e+06, 0
5.90691e+06, 3.48436e+06, 0
5.63418e+06, 3.19605e+06, 0
1.0842e+07, 5.85933e+06, 0
1.0404e+07, 6.48946e+06, 0
3.82267e+06, 1.96202e+06, 0
8.66378e+06, 2.72245e+06, 0
6.48407e+06, 3.15729e+06, 0
7.25112e+06, 4.06062e+06, 0
4.49433e+06, 2.2345e+06, 0
3.56063e+06, 1.20681e+06, 0
6.36821e+06, 4.12473e+06, 0
3.95277e+06, 1.47744e+06, 0
5.93379e+06, 3.45044e+06, 0
6.76124e+06, 2.85262e+06, 0
5.54564e+06, 2.51629e+06, 0
4.22011e+06, 2.09178e+06, 0
6.842e+06, 2.62034e+06, 0
1.23255e+07, 2.56267e+06, 0
7.43902e+06, 2.84758e+06, 0
6.88616e+06, 2.91136e+06, 0
1.14691e+07, 2.36897e+06, 0
6.97418e+06, 1.86329e+06, 0
7.88291e+06, 4.40526e+06, 0
7.58286e+06, 4.79288e+06, 0
4.21494e+06, 2.21318e+06, 0
5.62481e+06, 3.21003e+06, 0
4.51755e+06, 1.79152e+06, 0
1.0145e+07, 5.38059e+06, 0
5.56703e+06, 2.16447e+06, 0
6.23169e+06, 1.53318e+06, 0
5.93819e+06, 2.26116e+06, 0
7.27574e+06, 3.95205e+06, 0
7.09796e+06, 4.18549e+06, 0
7.41595e+06, 2.97203e+06, 0
8.82413e+06, 4.58322e+06, 0
9.94634e+06, 2.37945e+06, 0
3.81806e+06, 937790, 0
7.12579e+06, 4.29231e+06, 0
3.7284e+06, 648790, 0
4.5347e+06, 976572, 0
6.05739e+06, 1.11587e+06, 0
5.4525e+06, 3.32426e+06, 0
5.50727e+06, 3.40738e+06, 0
1.07591e+07, 6.58937e+06, 0
3.8509e+06, 1.05132e+06, 0
2.83951e+06, 799599, 0
6.3197e+06, 2.53003e+06, 0
7.27222e+06, 1.69592e+06, 0
5.05427e+06, 971067, 0
3.61105e+06, 1.02e+06, 0
8.5095e+06, 3.53292e+06, 0
5.16693e+06, 1.77546e+06, 0
1.04768e+07, 4.14207e+06, 0
9.20751e+06, 6.06534e+06, 0
1.05179e+07, 6.20728e+06, 0
3.69044e+06, 856728, 0
3.39828e+06, 1.13182e+06, 0
6.7785e+06, 3.78713e+06, 0
7.24787e+06, 3.34926e+06, 0
8.27503e+06, 556323, 0
9.26592e+06, 5.56896e+06, 0
7.88434e+06, 2.93593e+06, 0
1.06686e+07, 6.29577e+06, 0
8.0904e+06, 4.63962e+06, 0
6.15618e+06, 2.80797e+06, 0
8.7361e+06, 927102, 0
4.05759e+06, 1.04141e+06, 0
7.12932e+06, 3.14138e+06, 0
7.49541e+06, 2.08218e+06, 0
8.50615e+06, 2.16164e+06, 0
4.57056e+06, 1.7085e+06, 0
3.85514e+06, 2.01182e+06, 0
4.31049e+06, 2.13759e+06, 0
3.99645e+06, 834970, 0
6.7074e+06, 1.68972e+06, 0
7.50099e+06, 4.41541e+06, 0
1.07481e+07, 1.69879e+06, 0
1.09828e+07, 4.20065e+06, 0
3.38903e+06, 510227, 0
6.0502e+06, 838731, 0
8.16574e+06, 3.39873e+06, 0
5.5245e+06, 3.14937e+06, 0
5.36849e+06, 1.02013e+06, 0
2.9605e+06, 878400, 0
8.71764e+06, 4.47624e+06, 0
5.12271e+06, 2.94214e+06, 0
1.09459e+07, 4.84071e+06, 0
6.29805e+06, 1.29892e+06, 0
1.25177e+07, 1.53555e+06, 0
7.4226e+06, 4.68848e+06, 0
1.03335e+07, 893299, 0
2.95973e+06, 862880, 0
5.16591e+06, 2.65253e+06, 0
6.94927e+06, 4.46009e+06, 0
6.49351e+06, 2.81385e+06, 0
7.14636e+06, 2.54708e+06, 0
5.91543e+06, 1.9207e+06, 0
1.31628e+07, 5.37216e+06, 0
8.42989e+06, 4.87035e+06, 0
3.49579e+06, 1.55273e+06, 0
8.52453e+06, 4.41475e+06, 0
5.04802e+06, 1.3935e+06, 0
5.3847e+06, 3.34734e+06, 0
4.72886e+06, 2.38808e+06, 0
6.50979e+06, 2.20999e+06, 0
6.30783e+06, 2.41812e+06, 0
8.10251e+06, 3.43347e+06, 0
7.33818e+06, 834569, 0
6.90957e+06, 4.60007e+06, 0
1.12025e+07, 4.40357e+06, 0
6.18088e+06, 3.57876e+06, 0
9.3095e+06, 3.88168e+06, 0
8.31714e+06, 3.64534e+06, 0
5.79084e+06, 3.06325e+06, 0
5.299e+06, 2.9688e+06, 0
5.63772e+06, 1.46372e+06, 0
6.58186e+06, 1.98996e+06, 0
5.83663e+06, 2.27478e+06, 0
3.6871e+06, 637386, 0
8.23549e+06, 3.05873e+06, 0
4.02952e+06, 1.87746e+06, 0
4.34837e+06, 1.67817e+06, 0
6.27171e+06, 1.98652e+06, 0
1.19282e+07, 2.06548e+06, 0
4.80026e+06, 1.68072e+06, 0
8.20074e+06, 4.92932e+06, 0
5.56975e+06, 2.81989e+06, 0
9.37435e+06, 2.16431e+06, 0
4.88371e+06, 1.99191e+06, 0
6.05492e+06, 2.94065e+06, 0
7.88975e+06, 3.56414e+06, 0
7.70848e+06, 3.43058e+06, 0
9.45759e+06, 2.23604e+06, 0
6.51852e+06, 2.29599e+06, 0
4.71849e+06, 1.80577e+06, 0
3.79282e+06, 1.37821e+06, 0
1.10704e+07, 1.66009e+06, 0
3.38963e+06, 1.41295e+06, 0
5.83492e+06, 3.48328e+06, 0
5.56714e+06, 1.88552e+06, 0
7.15085e+06, 4.80376e+06, 0
6.25473e+06, 2.42156e+06, 0
9.03928e+06, 1.42288e+06, 0
1.10918e+07, 5.57588e+06, 0
8.05625e+06, 5.37804e+06, 0
1.05152e+07, 7.36433e+06, 0
1.39255e+07, 7.77909e+06, 0
4.38641e+06, 2.16267e+06, 0
6.19879e+06, 1.78966e+06, 0
5.84009e+06, 3.21135e+06, 0
1.00713e+07, 3.34481e+06, 0
5.14139e+06, 3.25424e+06, 0
4.28223e+06, 2.04052e+06, 0
9.70388e+06, 3.70099e+06, 0
8.49017e+06, 2.77837e+06, 0
5.11659e+06, 2.13416e+06, 0
4.74288e+06, 1.76821e+06, 0
6.93567e+06, 2.69218e+06, 0
7.08287e+06, 4.50893e+06, 0
1.06963e+07, 5.34391e+06, 0
5.88425e+06, 775399, 0
6.92312e+06, 803444, 0
2.85121e+06, 487259, 0
5.15182e+06, 1.73235e+06, 0
4.05549e+06, 1.34087e+06, 0
2.94329e+06, 1.19731e+06, 0
3.89202e+06, 1.16142e+06, 0
1.02761e+07, 6.65285e+06, 0
9.92726e+06, 6.21058e+06, 0
1.26852e+07, 5.87585e+06, 0
6.88858e+06, 1.47855e+06, 0
7.64348e+06, 2.25974e+06, 0
6.51022e+06, 2.86688e+06, 0
3.97406e+06, 979345, 0
8.79236e+06, 3.43975e+06, 0
4.68248e+06, 2.32914e+06, 0
8.83711e+06, 3.59078e+06, 0
4.85694e+06, 2.36688e+06, 0
1.03918e+07, 3.61452e+06, 0
5.18894e+06, 2.57134e+06, 0
6.71314e+06, 2.08724e+06, 0
4.62618e+06, 2.21909e+06, 0
8.25896e+06, 5.67675e+06, 0
5.98469e+06, 3.23848e+06, 0
6.65839e+06, 1.54237e+06, 0
7.42677e+06, 1.21137e+06, 0
5.72324e+06, 1.75827e+06, 0
5.76757e+06, 3.09133e+06, 0
6.51453e+06, 3.75932e+06, 0
5.9036e+06, 3.49676e+06, 0
7.78376e+06, 4.69326e+06, 0
4.63626e+06, 2.21245e+06, 0
4.81655e+06, 2.97314e+06, 0
7.1297e+06, 2.42893e+06, 0
3.02642e+06, 392224, 0
8.84206e+06, 4.53502e+06, 0
2.72782e+06, 657119, 0
1.34604e+07, 3.85684e+06, 0
9.38054e+06, 2.90272e+06, 0
3.776e+06, 1.96841e+06, 0
7.5635e+06, 3.63416e+06, 0
6.4449e+06, 3.86914e+06, 0
8.3147e+06, 3.55197e+06, 0
7.51736e+06, 2.84926e+06, 0
7.23721e+06, 749010, 0
4.41846e+06, 2.44351e+06, 0
7.03271e+06, 2.53503e+06, 0
6.51802e+06, 4.13321e+06, 0
5.9245e+06, 2.81018e+06, 0
1.04735e+07, 3.96986e+06, 0
7.8353e+06, 5.30644e+06, 0
5.36176e+06, 3.00361e+06, 0
8.21158e+06, 2.27123e+06, 0
5.40636e+06, 1.11005e+06, 0
9.12114e+06, 4.04315e+06, 0
3.93964e+06, 2.24944e+06, 0
1.08622e+07, 1.4245e+06, 0
5.69253e+06, 3.26059e+06, 0
6.69428e+06, 1.88922e+06, 0
7.21252e+06, 1.34814e+06, 0
2.83326e+06, 1.07547e+06, 0
7.89738e+06, 1.90322e+06, 0
7.69563e+06, 608485, 0
9.33012e+06, 86059.6, 0
6.52225e+06, 2.75883e+06, 0
6.91244e+06, 2.80361e+06, 0
5.70037e+06, 2.60374e+06, 0
5.92736e+06, 3.7338e+06, 0
8.64984e+06, 4.18849e+06, 0
4.96724e+06, 1.59627e+06, 0
4.18515e+06, 474196, 0
5.63354e+06, 88664.8, 0
6.50832e+06, 3.29938e+06, 0
4.98183e+06, 3.08108e+06, 0
5.84585e+06, 3.79005e+06, 0
5.48218e+06, 2.78068e+06, 0
7.54033e+06, 3.98566e+06, 0
5.67748e+06, 3.66262e+06, 0
5.41364e+06, 3.35916e+06, 0
8.57527e+06, 4.17822e+06, 0
8.36447e+06, 2.54739e+06, 0
3.78022e+06, 1.87669e+06, 0
1.0039e+07, 2.66545e+06, 0
7.65154e+06, 3.71068e+06, 0
6.95259e+06, 4.47003e+06, 0
7.6515e+06, 4.37944e+06, 0
3.88695e+06, 2.02605e+06, 0
8.07267e+06, 4.57658e+06, 0
6.25791e+06, 1.17783e+06, 0
4.60669e+06, 1.24872e+06, 0
5.35677e+06, 3.287e+06, 0
6.27979e+06, 3.91643e+06, 0
7.12646e+06, 1.63608e+06, 0
9.41565e+06, 3.98769e+06, 0
5.93863e+06, 2.49347e+06, 0
9.29836e+06, 1.72435e+06, 0
9.61345e+06, 5.1995e+06, 0
2.68574e+06, 415097, 0
8.56046e+06, 5.85146e+06, 0
9.49937e+06, 5.92863e+06, 0
6.62209e+06, 3.76897e+06, 0
8.77585e+06, 4.94815e+06, 0
4.62848e+06, 1.98246e+06, 0
8.84793e+06, 1.9914e+06, 0
8.61475e+06, 5.26213e+06, 0
7.73583e+06, 4.39133e+06, 0
7.51267e+06, 5.00078e+06, 0
4.9853e+06, 2.95285e+06, 0
5.32289e+06, 2.33139e+06, 0
7.76131e+06, 4.95701e+06, 0
7.47829e+06, 4.09568e+06, 0
1.35163e+07, 9.12955e+06, 0
7.8633e+06, 1.3325e+06, 0
3.83418e+06, 2.04036e+06, 0
5.50711e+06, 1.80905e+06, 0
9.37053e+06, 5.20807e+06, 0
6.1245e+06, 2.50327e+06, 0
5.20901e+06, 3.05372e+06, 0
4.2101e+06, 1.26372e+06, 0
4.84925e+06, 2.49828e+06, 0
5.93998e+06, 2.7503e+06, 0
7.94796e+06, 4.16091e+06, 0
5.79429e+06, 1.20408e+06, 0
6.91532e+06, 4.43305e+06, 0
6.75139e+06, 1.70905e+06, 0
5.75978e+06, 3.54747e+06, 0
1.07626e+07, 1.35677e+06, 0
8.94435e+06, 1.50529e+06, 0
7.80963e+06, 2.49687e+06, 0
8.15284e+06, 5.38058e+06, 0
6.03206e+06, 986162, 0
3.55334e+06, 1.81617e+06, 0
9.66703e+06, 5.94058e+06, 0
6.82398e+06, 2.42651e+06, 0
4.55293e+06, 1.07215e+06, 0
5.73594e+06, 1.434e+06, 0
6.74264e+06, 2.853e+06, 0
8.1184e+06, 4.47216e+06, 0
5.43583e+06, 853309, 0
9.99672e+06, 3.83487e+06, 0
6.22542e+06, 3.79478e+06, 0
9.34489e+06, 6.27721e+06, 0
7.64022e+06, 2.88e+06, 0
3.51693e+06, 1.47216e+06, 0
6.38357e+06, 2.85074e+06, 0
5.89247e+06, 2.49491e+06, 0
5.57711e+06, 2.60545e+06, 0
2.8712e+06, 201486, 0
4.92802e+06, 2.58931e+06, 0
5.62248e+06, 2.63695e+06, 0
5.36502e+06, 690994, 0
8.47798e+06, 1.94375e+06, 0
5.86556e+06, 2.46124e+06, 0
4.95561e+06, 2.66092e+06, 0
5.76771e+06, 3.22123e+06, 0
5.2626e+06, 1.34472e+06, 0
6.0801e+06, 1.59302e+06, 0
8.40368e+06, 3.83367e+06, 0
1.00028e+07, 1.88861e+06, 0
1.14384e+07, 5.36081e+06, 0
3.73835e+06, 1.55208e+06, 0
6.94687e+06, 2.88797e+06, 0
9.87111e+06, 2.58691e+06, 0
3.05248e+06, 1.09808e+06, 0
8.00256e+06, 1.88666e+06, 0
1.08202e+07, 2.90158e+06, 0
1.03766e+07, 6.96382e+06, 0
5.09193e+06, 2.59851e+06, 0
5.02035e+06, 3.15594e+06, 0
4.94132e+06, 2.99367e+06, 0
4.21888e+06, 1.52612e+06, 0
3.81072e+06, 2.02693e+06, 0
1.22654e+07, 7.34575e+06, 0
3.78272e+06, 1.9248e+06, 0
8.02389e+06, 2.27595e+06, 0
5.66136e+06, 3.29834e+06, 0
9.01447e+06, 5.02745e+06, 0
7.88481e+06, 1.48088e+06, 0
6.79787e+06, 4.57861e+06, 0
8.98409e+06, 1.24233e+06, 0
8.02921e+06, 4.83317e+06, 0
6.80443e+06, 3.81016e+06, 0
6.88122e+06, 1.57831e+06, 0
3.83796e+06, 1.8896e+06, 0
3.38533e+06, 1.09711e+06, 0
2.64919e+06, 488913, 0
6.1854e+06, 2.2059e+06, 0
4.40906e+06, 1.28081e+06, 0
4.60206e+06, 817009, 0
7.63986e+06, 4.66191e+06, 0
8.41262e+06, 4.93024e+06, 0
6.74031e+06, 3.08398e+06, 0
5.55021e+06, 1.15944e+06, 0
3.19343e+06, 644461, 0
6.10702e+06, 3.25138e+06, 0
3.08244e+06, 1.36445e+06, 0
5.50047e+06, 3.15073e+06, 0
9.37956e+06, 3.42666e+06, 0
4.45645e+06, 2.56402e+06, 0
3.7204e+06, 1.99383e+06, 0
4.49809e+06, 1.92935e+06, 0
4.34595e+06, 2.27905e+06, 0
9.3386e+06, 5.76962e+06, 0
1.08215e+07, 2.53826e+06, 0
8.03951e+06, 3.53069e+06, 0
8.10007e+06, 5.20864e+06, 0
6.61303e+06, 3.56295e+06, 0
6.92236e+06, 2.46144e+06, 0
5.21383e+06, 2.94857e+06, 0
7.19886e+06, 4.56057e+06, 0
7.23989e+06, 4.83383e+06, 0
7.29725e+06, 4.94103e+06, 0
1.14162e+07, 5.162e+06, 0
5.4477e+06, 2.03606e+06, 0
7.45608e+06, 4.01004e+06, 0
4.9538e+06, 1.80457e+06, 0
6.5822e+06, 3.39456e+06, 0
5.33908e+06, 794776, 0
8.06461e+06, 1.58083e+06, 0
4.22213e+06, 1.80389e+06, 0
1.12413e+07, 4.08685e+06, 0
6.44038e+06, 2.83799e+06, 0
8.86954e+06, 4.54818e+06, 0
4.07191e+06, 1.08664e+06, 0
8.54299e+06, 2.34734e+06, 0
6.16597e+06, 2.22369e+06, 0
7.6077e+06, 4.0829e+06, 0
8.42525e+06, 1.67296e+06, 0
5.93379e+06, 2.62104e+06, 0
6.19482e+06, 3.1204e+06, 0
7.6587e+06, 4.52742e+06, 0
8.54423e+06, 3.67026e+06, 0
9.23485e+06, 5.80958e+06, 0
7.47617e+06, 2.74706e+06, 0
6.5448e+06, 2.95228e+06, 0
7.51642e+06, 857628, 0
7.80471e+06, 2.75332e+06, 0
5.74478e+06, 2.72214e+06, 0
4.34275e+06, 1.12735e+06, 0
1.20236e+07, 6.18919e+06, 0
3.36873e+06, 1.22404e+06, 0
7.94585e+06, 5.41509e+06, 0
8.75183e+06, 2.93465e+06, 0
6.16618e+06, 1.54528e+06, 0
2.88939e+06, 1.11977e+06, 0
6.46267e+06, 445742, 0
6.38072e+06, 1.61806e+06, 0
6.68831e+06, 4.00322e+06, 0
8.4153e+06, 4.62179e+06, 0
1.11959e+07, 5.02774e+06, 0
9.36361e+06, 6.19336e+06, 0
1.08522e+07, 6.05011e+06, 0
7.08759e+06, 4.72871e+06, 0
8.7379e+06, 2.85815e+06, 0
6.97361e+06, 3.93719e+06, 0
4.47782e+06, 1.86261e+06, 0
4.78323e+06, 2.67226e+06, 0
6.39697e+06, 198878, 0
4.48562e+06, 2.72524e+06, 0
6.7037e+06, 2.52567e+06, 0
3.58682e+06, 1.85849e+06, 0
7.28982e+06, 4.95263e+06, 0
7.19835e+06, 1.46501e+06, 0
6.01807e+06, 3.06029e+06, 0
8.5897e+06, 3.57707e+06, 0
3.7866e+06, 1.88812e+06, 0
6.56564e+06, 2.47384e+06, 0
7.72077e+06, 1.30499e+06, 0
3.72416e+06, 868395, 0
7.61227e+06, 3.88404e+06, 0
1.05879e+07, 2.56321e+06, 0
4.95304e+06, 1.20551e+06, 0
8.82311e+06, 3.81989e+06, 0
7.78864e+06, 3.09903e+06, 0
9.01274e+06, 2.29588e+06, 0
4.62212e+06, 1.89277e+06, 0
3.87984e+06, 2.18436e+06, 0
8.6426e+06, 4.09247e+06, 0
7.99396e+06, 4.73096e+06, 0
4.4532e+06, 1.71616e+06, 0
2.97677e+06, 889124, 0
9.14345e+06, 2.12808e+06, 0
4.20115e+06, 867941, 0
1.14846e+07, 3.02204e+06, 0
6.38497e+06, 2.41907e+06, 0
7.56326e+06, 2.63814e+06, 0
5.97163e+06, 3.54089e+06, 0
5.46926e+06, 1.33288e+06, 0
5.46556e+06, 1.61959e+06, 0
1.0791e+07, 3.08417e+06, 0
6.68357e+06, 2.82071e+06, 0
7.2166e+06, 2.40838e+06, 0
6.48223e+06, 3.85079e+06, 0
7.61589e+06, 4.32739e+06, 0
4.54253e+06, 1.6336e+06, 0
7.92887e+06, 5.0987e+06, 0
8.36436e+06, 5.48114e+06, 0
4.73103e+06, 2.30823e+06, 0
6.8184e+06, 3.02538e+06, 0
2.51873e+06, 511421, 0
4.28838e+06, 1.23038e+06, 0
4.78233e+06, 2.20013e+06, 0
6.02141e+06, 3.88471e+06, 0
4.86704e+06, 670207, 0
7.90458e+06, 4.04022e+06, 0
4.18098e+06, 1.18123e+06, 0
7.8143e+06, 1.01997e+06, 0
5.9564e+06, 3.35604e+06, 0
8.79738e+06, 3.56443e+06, 0
5.40635e+06, 2.87071e+06, 0
9.85548e+06, 5.74787e+06, 0
1.07767e+07, 4.64132e+06, 0
4.84722e+06, 2.48445e+06, 0
3.13374e+06, 1.39177e+06, 0
8.55026e+06, 3.48649e+06, 0
5.25056e+06, 2.05428e+06, 0
6.11475e+06, 2.07812e+06, 0
6.21773e+06, 516380, 0
4.10401e+06, 2.23861e+06, 0
7.86973e+06, 2.76752e+06, 0
7.89879e+06, 3.25047e+06, 0
8.1817e+06, 4.13828e+06, 0
5.6806e+06, 684722, 0
3.70701e+06, 1.78119e+06, 0
6.69327e+06, 2.53414e+06, 0
7.03543e+06, 919997, 0
6.27568e+06, 1.791e+06, 0
4.46756e+06, 504283, 0
7.67271e+06, 1.93384e+06, 0
9.41148e+06, 3.03978e+06, 0
8.97198e+06, 3.74815e+06, 0
7.03554e+06, 2.8968e+06, 0
8.17047e+06, 5.29862e+06, 0
9.3197e+06, 4.77295e+06, 0
2.98315e+06, 1.00725e+06, 0
1.15093e+07, 6.50963e+06, 0
1.04154e+07, 3.43034e+06, 0
8.13931e+06, 3.38755e+06, 0
1.29279e+07, 6.49607e+06, 0
8.28451e+06, 1.8099e+06, 0
2.91113e+06, 195707, 0
3.53255e+06, 459882, 0
4.65669e+06, 573867, 0
6.40468e+06, 4.05913e+06, 0
8.23911e+06, 4.73374e+06, 0
9.31253e+06, 4.13608e+06, 0
5.09194e+06, 3.18508e+06, 0
9.57468e+06, 6.19918e+06, 0
3.97133e+06, 681112, 0
7.28379e+06, 3.00369e+06, 0
4.64037e+06, 2.86057e+06, 0
3.54605e+06, 953864, 0
5.92214e+06, 1.21322e+06, 0
6.8818e+06, 405092, 0
8.13376e+06, 4.4673e+06, 0
3.02599e+06, 763060, 0
6.58446e+06, 3.18897e+06, 0
5.24036e+06, 1.52856e+06, 0
9.82808e+06, 3.07273e+06, 0
8.52947e+06, 3.81148e+06, 0
1.06242e+07, 7.36477e+06, 0
3.60197e+06, 1.19622e+06, 0
8.4518e+06, 1.89129e+06, 0
4.84639e+06, 3.02578e+06, 0
4.95069e+06, 2.04272e+06, 0
6.08688e+06, 313644, 0
8.12128e+06, 5.32094e+06, 0
5.51222e+06, 323597, 0
8.56642e+06, 2.42135e+06, 0
1.1045e+07, 1.03514e+06, 0
6.86754e+06, 249308, 0
8.79723e+06, 4.82005e+06, 0
7.88147e+06, 5.12879e+06, 0
3.06359e+06, 1.08134e+06, 0
5.59952e+06, 2.78039e+06, 0
3.96163e+06, 1.77725e+06, 0
6.04871e+06, 2.1913e+06, 0
3.90583e+06, 1.9188e+06, 0
3.98773e+06, 1.86811e+06, 0
5.8793e+06, 2.36172e+06, 0
6.95328e+06, 2.22201e+06, 0
7.52113e+06, 4.4392e+06, 0
1.10099e+07, 7.57346e+06, 0
5.88839e+06, 3.72982e+06, 0
9.52088e+06, 2.81144e+06, 0
6.67554e+06, 1.87526e+06, 0
6.57581e+06, 4.36621e+06, 0
4.68488e+06, 657926, 0
4.07101e+06, 2.05164e+06, 0
4.41906e+06, 2.10484e+06, 0
8.4276e+06, 3.78751e+06, 0
9.4714e+06, 1.84569e+06, 0
4.88376e+06, 2.71499e+06, 0
4.80387e+06, 1.35673e+06, 0
5.56971e+06, 2.07556e+06, 0
5.10594e+06, 1.40677e+06, 0
5.8001e+06, 1.95521e+06, 0
3.62319e+06, 1.66817e+06, 0
9.29101e+06, 1.82821e+06, 0
3.88124e+06, 1.6526e+06, 0
3.88409e+06, 1.2784e+06, 0
4.80521e+06, 1.54924e+06, 0
5.24406e+06, 3.15421e+06, 0
3.83683e+06, 790091, 0
9.23373e+06, 2.28394e+06, 0
3.94716e+06, 1.74711e+06, 0
6.20275e+06, 633346, 0
1.39652e+07, 5.64599e+06, 0
3.54603e+06, 1.15972e+06, 0
5.24656e+06, 1.8045e+06, 0
8.08045e+06, 2.1648e+06, 0
4.69111e+06, 1.38287e+06, 0
6.37313e+06, 4.1643e+06, 0
4.01518e+06, 776437, 0
4.82226e+06, 762309, 0
6.32756e+06, 3.20416e+06, 0
8.11729e+06, 3.79735e+06, 0
6.85076e+06, 2.72672e+06, 0
6.89421e+06, 3.54855e+06, 0
1.06714e+07, 5.67277e+06, 0
7.0127e+06, 3.04708e+06, 0
5.35283e+06, 2.65706e+06, 0
4.76632e+06, 1.77378e+06, 0
1.05041e+07, 2.70542e+06, 0
5.54692e+06, 2.09466e+06, 0
6.25186e+06, 3.07687e+06, 0
1.15011e+07, 4.27314e+06, 0
1.15353e+07, 1.83132e+06, 0
3.2337e+06, 1.23104e+06, 0
6.24066e+06, 3.40696e+06, 0
2.7959e+06, 174960, 0
2.69475e+06, 778794, 0
5.11667e+06, 1.14008e+06, 0
3.40031e+06, 1.43225e+06, 0
5.25621e+06, 2.90728e+06, 0
6.05271e+06, 1.77393e+06, 0
7.58873e+06, 4.85397e+06, 0
4.30388e+06, 540514, 0
7.33313e+06, 3.10947e+06, 0
1.169e+07, 6.29682e+06, 0
6.1329e+06, 1.90833e+06, 0
7.19646e+06, 4.40974e+06, 0
6.54479e+06, 3.32091e+06, 0
4.97308e+06, 1.77997e+06, 0
7.18414e+06, 1.3529e+06, 0
8.01466e+06, 4.24788e+06, 0
1.21475e+07, 2.78601e+06, 0
8.53608e+06, 4.09295e+06, 0
3.57684e+06, 1.90793e+06, 0
4.78824e+06, 758932, 0
4.56137e+06, 1.78464e+06, 0
4.24357e+06, 2.04564e+06, 0
4.96025e+06, 599651, 0
9.17125e+06, 2.54479e+06, 0
1.1863e+07, 4.13959e+06, 0
6.35491e+06, 2.93328e+06, 0
7.9796e+06, 5.1959e+06, 0
1.0623e+07, 1.74494e+06, 0
7.03051e+06, 2.86094e+06, 0
1.2599e+07, 3.52038e+06, 0
7.17415e+06, 2.4943e+06, 0
3.05222e+06, 111879, 0
3.49842e+06, 1.26044e+06, 0
6.184e+06, 2.04082e+06, 0
7.73518e+06, 3.93598e+06, 0
4.83237e+06, 2.78444e+06, 0
4.94188e+06, 2.40111e+06, 0
7.9267e+06, 2.92461e+06, 0
7.11333e+06, 2.37979e+06, 0
4.83434e+06, 2.95287e+06, 0
3.4557e+06, 1.72623e+06, 0
7.91402e+06, 1.62022e+06, 0
5.81293e+06, 3.76735e+06, 0
5.58155e+06, 1.91328e+06, 0
4.82054e+06, 2.22761e+06, 0
6.49283e+06, 2.1175e+06, 0
7.53385e+06, 4.2593e+06, 0
3.25277e+06, 1.09345e+06, 0
7.45015e+06, 1.0746e+06, 0
4.7119e+06, 2.44645e+06, 0
5.18484e+06, 2.94732e+06, 0
8.59372e+06, 3.12575e+06, 0
6.80734e+06, 4.25625e+06, 0
7.70014e+06, 3.77362e+06, 0
7.05583e+06, 4.59629e+06, 0
4.98542e+06, 2.90018e+06, 0
5.92079e+06, 2.85903e+06, 0
4.47256e+06, 1.10346e+06, 0
7.50274e+06, 5.05582e+06, 0
2.53996e+06, 298945, 0
5.67402e+06, 2.08395e+06, 0
1.68635e+07, 3.38809e+06, 0
5.37114e+06, 2.3251e+06, 0
5.18332e+06, 1.58796e+06, 0
8.0327e+06, 2.59627e+06, 0
3.90898e+06, 2.07867e+06, 0
5.3672e+06, 2.26824e+06, 0
3.99538e+06, 1.66906e+06, 0
1.00984e+07, 2.28381e+06, 0
1.1856e+07, 3.90447e+06, 0
1.2197e+07, 7.32767e+06, 0
6.69783e+06, 1.38978e+06, 0
4.68568e+06, 1.64639e+06, 0
6.37339e+06, 2.93289e+06, 0
8.91933e+06, 1.89898e+06, 0
4.19094e+06, 1.95968e+06, 0
5.18826e+06, 1.14184e+06, 0
4.43824e+06, 2.62823e+06, 0
1.18477e+07, 5.79826e+06, 0
4.92308e+06, 1.13993e+06, 0
4.92247e+06, 819897, 0
3.40125e+06, 1.53211e+06, 0
7.64349e+06, 1.02189e+06, 0
9.95693e+06, 2.99293e+06, 0
3.22597e+06, 871967, 0
3.29695e+06, 1.01351e+06, 0
1.09478e+07, 1.21728e+06, 0
3.01846e+06, 578468, 0
6.26802e+06, 835347, 0
8.05962e+06, 3.76563e+06, 0
5.38929e+06, 2.00299e+06, 0
6.9502e+06, 4.41929e+06, 0
5.856e+06, 3.55857e+06, 0
4.56534e+06, 2.18859e+06, 0
1.03322e+07, 4.91071e+06, 0
4.34293e+06, 2.24723e+06, 0
6.99158e+06, 3.54584e+06, 0
4.57738e+06, 1.01375e+06, 0
6.15917e+06, 3.02816e+06, 0
4.00673e+06, 1.88027e+06, 0
6.61539e+06, 3.0036e+06, 0
6.95954e+06, 4.37981e+06, 0
6.24736e+06, 1.43718e+06, 0
8.9089e+06, 2.24871e+06, 0
6.87265e+06, 3.97546e+06, 0
4.98074e+06, 3.04442e+06, 0
4.35845e+06, 2.5629e+06, 0
1.12762e+07, 7.92922e+06, 0
8.253e+06, 3.22744e+06, 0
6.3364e+06, 2.82667e+06, 0
1.32691e+07, 2.69022e+06, 0
3.8803e+06, 2.01638e+06, 0
4.73685e+06, 2.261e+06, 0
7.88941e+06, 2.83227e+06, 0
3.57665e+06, 1.75892e+06, 0
7.31284e+06, 3.35647e+06, 0
6.92219e+06, 4.59542e+06, 0
6.57261e+06, 4.3269e+06, 0
4.59548e+06, 2.02629e+06, 0
6.1767e+06, 2.41667e+06, 0
7.26666e+06, 3.05856e+06, 0
7.55003e+06, 1.76106e+06, 0
1.06851e+07, 4.54475e+06, 0
6.91235e+06, 3.83984e+06, 0
3.87282e+06, 1.99503e+06, 0
5.48159e+06, 2.34148e+06, 0
7.08339e+06, 3.31002e+06, 0
6.48183e+06, 1.62578e+06, 0
7.81942e+06, 4.72074e+06, 0
8.82695e+06, 2.62948e+06, 0
1.23632e+07, 3.14632e+06, 0
6.31393e+06, 1.93902e+06, 0
9.03118e+06, 1.65797e+06, 0
4.81677e+06, 2.76778e+06, 0
4.37661e+06, 2.23665e+06, 0
4.46562e+06, 1.84495e+06, 0
5.61956e+06, 3.02827e+06, 0
6.84659e+06, 3.30587e+06, 0
5.97641e+06, 3.33865e+06, 0
2.76659e+06, 496979, 0
8.99331e+06, 2.40002e+06, 0
6.10796e+06, 3.00223e+06, 0
5.45159e+06, 1.58404e+06, 0
7.05775e+06, 2.70187e+06, 0
6.59889e+06, 3.79109e+06, 0
4.86795e+06, 274334, 0
7.96613e+06, 1.60871e+06, 0
5.91174e+06, 1.83319e+06, 0
1.11472e+07, 1.73306e+06, 0
7.82966e+06, 4.2004e+06, 0
9.32473e+06, 3.81647e+06, 0
8.18821e+06, 3.25202e+06, 0
4.82271e+06, 2.832e+06, 0
1.13344e+07, 5.54943e+06, 0
4.31889e+06, 2.09573e+06, 0
6.6477e+06, 2.63689e+06, 0
7.04519e+06, 1.309e+06, 0
9.51643e+06, 5.38835e+06, 0
6.14595e+06, 3.65567e+06, 0
7.134e+06, 3.43756e+06, 0
1.46571e+07, 1.38316e+06, 0
4.20712e+06, 480183, 0
7.43224e+06, 1.23786e+06, 0
1.05496e+07, 4.16555e+06, 0
8.56702e+06, 1.44963e+06, 0
1.01678e+07, 6.63464e+06, 0
5.69372e+06, 2.79145e+06, 0
3.66363e+06, 351334, 0
6.616e+06, 3.31011e+06, 0
3.36462e+06, 1.06609e+06, 0
5.68832e+06, 3.53129e+06, 0
3.79822e+06, 794991, 0
3.83489e+06, 2.08181e+06, 0
1.23194e+07, 6.06041e+06, 0
5.26582e+06, 2.56136e+06, 0
5.86927e+06, 2.97548e+06, 0
8.7267e+06, 3.22543e+06, 0
6.9917e+06, 876542, 0
8.81347e+06, 5.32059e+06, 0
8.34871e+06, 2.15306e+06, 0
6.55029e+06, 3.19403e+06, 0
9.30325e+06, 2.37076e+06, 0
1.22114e+07, 5.87681e+06, 0
1.07521e+07, 6.09744e+06, 0
6.22245e+06, 4.12258e+06, 0
4.27506e+06, 2.54422e+06, 0
4.64873e+06, 1.65622e+06, 0
4.2327e+06, 1.34938e+06, 0
1.02057e+07, 2.66317e+06, 0
7.84189e+06, 994279, 0
6.12284e+06, 1.31494e+06, 0
6.13806e+06, 3.35019e+06, 0
8.29333e+06, 2.28487e+06, 0
5.89771e+06, 1.52295e+06, 0
8.95856e+06, 4.61185e+06, 0
3.59966e+06, 1.02489e+06, 0
4.65897e+06, 1.27791e+06, 0
8.87491e+06, 4.46433e+06, 0
8.81373e+06, 3.02593e+06, 0
3.72291e+06, 1.39254e+06, 0
6.5584e+06, 3.71219e+06, 0
4.73009e+06, 2.56069e+06, 0
1.08723e+07, 5.6038e+06, 0
3.00986e+06, 1.28926e+06, 0
1.08344e+07, 1.62083e+06, 0
7.9324e+06, 2.20916e+06, 0
1.36371e+07, 4.49689e+06, 0
8.26816e+06, 1.78177e+06, 0
5.81023e+06, 3.38052e+06, 0
5.30004e+06, 2.37445e+06, 0
7.42673e+06, 2.26198e+06, 0
3.783e+06, 923023, 0
6.67549e+06, 2.68246e+06, 0
6.63518e+06, 3.79928e+06, 0
1.11455e+07, 4.18094e+06, 0
6.82189e+06, 4.49174e+06, 0
1.14896e+07, 3.68917e+06, 0
6.55708e+06, 2.95378e+06, 0
4.53377e+06, 515760, 0
7.70157e+06, 928042, 0
4.02912e+06, 1.08068e+06, 0
4.91304e+06, 1.97419e+06, 0
1.0343e+07, 4.79289e+06, 0
8.4075e+06, 4.00912e+06, 0
4.39561e+06, 2.28608e+06, 0
3.63552e+06, 774852, 0
5.44366e+06, 2.22443e+06, 0
1.02969e+07, 2.24287e+06, 0
4.40232e+06, 2.61452e+06, 0
8.3175e+06, 2.55358e+06, 0
5.99073e+06, 2.27044e+06, 0
6.00604e+06, 2.80687e+06, 0
9.64334e+06, 4.04849e+06, 0
5.13177e+06, 2.69791e+06, 0
1.1801e+07, 3.68215e+06, 0
1.55185e+07, 6.9453e+06, 0
2.66999e+06, 711789, 0
6.3772e+06, 929572, 0
3.68146e+06, 1.82977e+06, 0
4.98252e+06, 849442, 0
3.41264e+06, 1.32824e+06, 0
6.02629e+06, 1.68044e+06, 0
7.74982e+06, 3.75127e+06, 0
9.83016e+06, 2.77008e+06, 0
7.64103e+06, 1.972e+06, 0
6.0497e+06, 2.82985e+06, 0
6.63911e+06, 3.21933e+06, 0
5.29581e+06, 2.05462e+06, 0
1.00004e+07, 4.12008e+06, 0
4.19744e+06, 1.97689e+06, 0
4.45485e+06, 1.58595e+06, 0
4.64631e+06, 2.07153e+06, 0
1.19618e+07, 999079, 0
7.52247e+06, 3.83906e+06, 0
5.10642e+06, 2.9758e+06, 0
8.68537e+06, 1.43098e+06, 0
6.86995e+06, 1.71383e+06, 0
6.62871e+06, 1.60152e+06, 0
3.58334e+06, 1.33943e+06, 0
1.583e+07, 8.73063e+06, 0
2.62052e+06, 345209, 0
4.66529e+06, 1.5099e+06, 0
3.51285e+06, 1.77274e+06, 0
6.91427e+06, 4.27134e+06, 0
2.68898e+06, 486521, 0
3.84506e+06, 2.08466e+06, 0
6.81883e+06, 3.19599e+06, 0
6.80064e+06, 3.06651e+06, 0
5.77429e+06, 3.31919e+06, 0
4.82659e+06, 935164, 0
4.57566e+06, 2.00103e+06, 0
7.47371e+06, 4.25965e+06, 0
6.42028e+06, 4.05634e+06, 0
6.29541e+06, 1.38455e+06, 0
1.15972e+07, 5.15246e+06, 0
4.94698e+06, 195788, 0
7.10126e+06, 1.22147e+06, 0
3.00302e+06, 836708, 0
8.51504e+06, 4.64965e+06, 0
5.92314e+06, 3.64893e+06, 0
5.87317e+06, 1.82629e+06, 0
5.63413e+06, 3.57846e+06, 0
3.34677e+06, 1.50357e+06, 0
1.20862e+07, 4.16869e+06, 0
7.6081e+06, 2.41143e+06, 0
6.74574e+06, 1.80158e+06, 0
5.37912e+06, 1.90514e+06, 0
5.07257e+06, 1.89417e+06, 0
6.74084e+06, 3.30637e+06, 0
1.42925e+07, 7.00148e+06, 0
8.6718e+06, 5.56766e+06, 0
6.94723e+06, 4.12216e+06, 0
3.77229e+06, 976034, 0
6.66968e+06, 2.80181e+06, 0
6.30859e+06, 2.89733e+06, 0
6.76916e+06, 4.42607e+06, 0
4.65943e+06, 1.4737e+06, 0
5.54461e+06, 2.68275e+06, 0
1.18556e+07, 3.11288e+06, 0
5.87704e+06, 3.54312e+06, 0
5.46503e+06, 1.37928e+06, 0
5.45551e+06, 1.15679e+06, 0
4.53685e+06, 1.12112e+06, 0
8.54945e+06, 2.7092e+06, 0
7.16603e+06, 4.79487e+06, 0
4.62394e+06, 2.03068e+06, 0
5.85787e+06, 2.96187e+06, 0
5.29438e+06, 3.37679e+06, 0
7.6741e+06, 2.47635e+06, 0
1.09796e+07, 2.29329e+06, 0
2.81032e+06, 531967, 0
6.10953e+06, 1.22902e+06, 0
9.41689e+06, 974703, 0
8.62086e+06, 1.55557e+06, 0
8.45947e+06, 3.53609e+06, 0
9.16933e+06, 4.36707e+06, 0
9.87707e+06, 5.44191e+06, 0
5.07861e+06, 702122, 0
5.83521e+06, 3.63971e+06, 0
7.48763e+06, 777722, 0
1.29242e+07, 6.92857e+06, 0
8.8478e+06, 2.30555e+06, 0
6.36971e+06, 1.17831e+06, 0
5.43742e+06, 3.11204e+06, 0
4.49222e+06, 675101, 0
6.21826e+06, 3.67455e+06, 0
6.69305e+06, 402674, 0
3.85342e+06, 2.045e+06, 0
7.56705e+06, 2.35959e+06, 0
6.94982e+06, 3.5102e+06, 0
8.32267e+06, 2.52481e+06, 0
6.75e+06, 1.20165e+06, 0
7.18606e+06, 2.42081e+06, 0
5.69418e+06, 3.07519e+06, 0
8.15783e+06, 452411, 0
3.47123e+06, 1.37093e+06, 0
9.24419e+06, 4.91485e+06, 0
8.8707e+06, 3.08413e+06, 0
6.45104e+06, 3.44249e+06, 0
6.79685e+06, 3.85618e+06, 0
5.01661e+06, 2.24903e+06, 0
8.1357e+06, 1.44008e+06, 0
6.94081e+06, 3.22381e+06, 0
3.57442e+06, 1.85915e+06, 0
7.91187e+06, 5.01546e+06, 0
4.08385e+06, 1.79592e+06, 0
3.3891e+06, 792811, 0
8.65069e+06, 4.21052e+06, 0
1.25413e+07, 3.51894e+06, 0
6.93975e+06, 3.71566e+06, 0
2.74402e+06, 138774, 0
3.01445e+06, 1.21554e+06, 0
4.59152e+06, 2.1063e+06, 0
4.09764e+06, 105755, 0
6.87107e+06, 795698, 0
8.11815e+06, 4.77149e+06, 0
7.04737e+06, 2.50461e+06, 0
6.0734e+06, 1.14199e+06, 0
7.35859e+06, 3.36499e+06, 0
5.55124e+06, 945918, 0
6.12741e+06, 2.88355e+06, 0
8.30956e+06, 3.01493e+06, 0
1.21968e+07, 4.45848e+06, 0
4.17294e+06, 577599, 0
7.09614e+06, 2.02957e+06, 0
5.92472e+06, 3.14835e+06, 0
5.95272e+06, 3.40739e+06, 0
5.77534e+06, 3.05407e+06, 0
4.27515e+06, 1.81818e+06, 0
1.30095e+07, 2.49928e+06, 0
5.90407e+06, 3.33479e+06, 0
6.21015e+06, 2.23173e+06, 0
5.16788e+06, 3.20583e+06, 0
5.77831e+06, 1.78714e+06, 0
5.35958e+06, 2.67915e+06, 0
5.38555e+06, 2.64764e+06, 0
1.02501e+07, 2.54455e+06, 0
1.37921e+07, 7.42738e+06, 0
4.28148e+06, 2.25043e+06, 0
4.90331e+06, 2.2511e+06, 0
8.91718e+06, 4.16907e+06, 0
5.04965e+06, 2.3522e+06, 0
7.26622e+06, 4.24068e+06, 0
5.85801e+06, 2.28e+06, 0
6.52263e+06, 2.12958e+06, 0
5.68358e+06, 1.04302e+06, 0
7.09359e+06, 4.00161e+06, 0
8.79841e+06, 2.76476e+06, 0
7.12111e+06, 3.08631e+06, 0
4.32788e+06, 287814, 0
7.09782e+06, 4.57773e+06, 0
4.52841e+06, 578890, 0
4.75213e+06, 917592, 0
9.77909e+06, 5.39537e+06, 0
6.75563e+06, 1.38676e+06, 0
8.17074e+06, 4.88258e+06, 0
1.03936e+07, 3.3574e+06, 0
4.00689e+06, 1.4734e+06, 0
6.47744e+06, 1.11129e+06, 0
5.48192e+06, 1.73686e+06, 0
9.57981e+06, 5.53663e+06, 0
6.0541e+06, 3.57805e+06, 0
6.82975e+06, 3.4773e+06, 0
8.16342e+06, 4.38739e+06, 0
5.97264e+06, 3.57239e+06, 0
6.69787e+06, 847578, 0
3.78544e+06, 733242, 0
2.88572e+06, 292652, 0
4.05364e+06, 1.96949e+06, 0
6.53435e+06, 3.23021e+06, 0
2.85992e+06, 1.09471e+06, 0
8.79051e+06, 3.27611e+06, 0
7.29169e+06, 1.79841e+06, 0
1.13339e+07, 6.70509e+06, 0
8.91769e+06, 4.71294e+06, 0
4.20302e+06, 1.48017e+06, 0
6.76992e+06, 90987.2, 0
5.7026e+06, 444780, 0
7.98724e+06, 4.99372e+06, 0
4.71354e+06, 921089, 0
5.66466e+06, 2.57471e+06, 0
8.44843e+06, 3.95117e+06, 0
7.94386e+06, 4.94654e+06, 0
6.51799e+06, 2.65956e+06, 0
1.19414e+07, 5.21407e+06, 0
8.41092e+06, 3.86953e+06, 0
4.63355e+06, 584514, 0
5.67009e+06, 2.87389e+06, 0
5.89955e+06, 1.80256e+06, 0
5.44148e+06, 2.3935e+06, 0
5.61443e+06, 1.75519e+06, 0
6.46841e+06, 2.23338e+06, 0
1.08928e+07, 6.05856e+06, 0
9.15968e+06, 3.06923e+06, 0
7.7018e+06, 2.5292e+06, 0
6.61994e+06, 900523, 0
5.48285e+06, 3.24062e+06, 0
6.52137e+06, 1.99934e+06, 0
5.25256e+06, 542506, 0
6.53181e+06, 3.33082e+06, 0
7.09086e+06, 3.73076e+06, 0
4.64049e+06, 1.33997e+06, 0
4.18312e+06, 1.82478e+06, 0
1.03562e+07, 3.66806e+06, 0
5.11686e+06, 2.46534e+06, 0
1.15277e+07, 2.29559e+06, 0
4.57347e+06, 2.55088e+06, 0
4.22282e+06, 2.49117e+06, 0
5.57699e+06, 2.64866e+06, 0
4.31449e+06, 1.46084e+06, 0
7.13223e+06, 4.61533e+06, 0
7.84581e+06, 1.94489e+06, 0
5.52454e+06, 2.48759e+06, 0
5.7754e+06, 1.80357e+06, 0
7.62556e+06, 5.19831e+06, 0
5.83848e+06, 2.91474e+06, 0
4.0458e+06, 1.67397e+06, 0
7.87871e+06, 841782, 0
7.53026e+06, 950301, 0
8.55846e+06, 2.35302e+06, 0
5.65233e+06, 3.16361e+06, 0
1.12006e+07, 2.56613e+06, 0
7.76202e+06, 5.31067e+06, 0
6.84766e+06, 2.2954e+06, 0
4.48847e+06, 1.62612e+06, 0
4.67846e+06, 2.28086e+06, 0
4.67688e+06, 717110, 0
7.35336e+06, 2.71949e+06, 0
6.76414e+06, 3.87754e+06, 0
6.48616e+06, 2.51536e+06, 0
8.97105e+06, 3.90138e+06, 0
3.35335e+06, 1.02456e+06, 0
6.06286e+06, 1.66251e+06, 0
5.76584e+06, 1.47333e+06, 0
5.56292e+06, 1.06348e+06, 0
6.66197e+06, 1.17197e+06, 0
9.03793e+06, 5.42378e+06, 0
5.58679e+06, 2.30952e+06, 0
7.06109e+06, 502181, 0
4.871e+06, 2.8343e+06, 0
3.98633e+06, 277335, 0
7.57142e+06, 710599, 0
6.67752e+06, 3.13276e+06, 0
5.9386e+06, 604694, 0
7.01807e+06, 3.17682e+06, 0
4.70636e+06, 2.29368e+06, 0
8.53334e+06, 3.91395e+06, 0
5.07309e+06, 1.60185e+06, 0
5.08141e+06, 1.66711e+06, 0
5.41847e+06, 3.40947e+06, 0
3.2078e+06, 944312, 0
6.3768e+06, 3.33476e+06, 0
5.08307e+06, 2.86565e+06, 0
2.94806e+06, 1.02506e+06, 0
6.29534e+06, 4.13556e+06, 0
8.36718e+06, 5.59199e+06, 0
6.43515e+06, 3.92669e+06, 0
6.10507e+06, 3.89359e+06, 0
8.06838e+06, 3.53005e+06, 0
3.54532e+06, 1.48134e+06, 0
6.88699e+06, 2.60169e+06, 0
5.29669e+06, 2.76811e+06, 0
4.84216e+06, 2.43574e+06, 0
1.23338e+07, 7.55377e+06, 0
3.38696e+06, 1.40787e+06, 0
6.21385e+06, 2.45723e+06, 0
7.52921e+06, 4.94344e+06, 0
5.0152e+06, 2.28871e+06, 0
8.96361e+06, 2.50654e+06, 0
6.15705e+06, 1.13209e+06, 0
6.81094e+06, 4.42663e+06, 0
6.46932e+06, 2.02395e+06, 0
9.32441e+06, 5.62011e+06, 0
1.12534e+07, 7.5496e+06, 0
4.78419e+06, 2.71847e+06, 0
8.20139e+06, 1.92388e+06, 0
5.59876e+06, 3.1937e+06, 0
3.95737e+06, 509190, 0
3.41728e+06, 472395, 0
9.13974e+06, 4.66842e+06, 0
3.9348e+06, 1.53e+06, 0
8.7246e+06, 2.1957e+06, 0
4.06074e+06, 941525, 0
4.05786e+06, 1.71408e+06, 0
8.6445e+06, 2.47287e+06, 0
6.27214e+06, 4.0609e+06, 0
7.11675e+06, 3.25428e+06, 0
7.15192e+06, 3.96497e+06, 0
4.37415e+06, 329958, 0
7.15599e+06, 3.78622e+06, 0
4.7821e+06, 2.0466e+06, 0
1.09624e+07, 2.98313e+06, 0
4.07475e+06, 2.01443e+06, 0
3.76514e+06, 1.48442e+06, 0
4.96581e+06, 1.64364e+06, 0
5.7731e+06, 796323, 0
9.71218e+06, 4.16599e+06, 0
4.53932e+06, 2.21226e+06, 0
8.27065e+06, 3.0672e+06, 0
9.10363e+06, 3.45903e+06, 0
9.99615e+06, 3.42538e+06, 0
6.71383e+06, 3.47196e+06, 0
6.50205e+06, 3.0976e+06, 0
1.05633e+07, 2.08257e+06, 0
3.82619e+06, 1.26449e+06, 0
5.95986e+06, 3.03677e+06, 0
5.51229e+06, 2.19617e+06, 0
7.79591e+06, 4.16031e+06, 0
4.00376e+06, 837654, 0
7.35908e+06, 5.00632e+06, 0
6.97058e+06, 2.88834e+06, 0
5.22646e+06, 2.25536e+06, 0
5.82741e+06, 3.81394e+06, 0
6.20183e+06, 2.11603e+06, 0
7.16193e+06, 3.93623e+06, 0
5.02945e+06, 2.99434e+06, 0
8.74605e+06, 1.59671e+06, 0
1.00445e+07, 3.95957e+06, 0
9.50707e+06, 3.87949e+06, 0
6.1867e+06, 3.09336e+06, 0
4.05173e+06, 882680, 0
4.35646e+06, 2.10136e+06, 0
1.01213e+07, 3.18376e+06, 0
9.25155e+06, 2.0575e+06, 0
9.4956e+06, 3.47751e+06, 0
4.39517e+06, 1.99165e+06, 0
7.84515e+06, 4.43334e+06, 0
6.13534e+06, 2.0779e+06, 0
3.21302e+06, 978159, 0
3.04486e+06, 330893, 0
8.97737e+06, 4.16555e+06, 0
7.21067e+06, 1.02461e+06, 0
8.52347e+06, 4.47238e+06, 0
5.9634e+06, 2.70934e+06, 0
3.40861e+06, 1.67772e+06, 0
3.95848e+06, 711759, 0
3.12063e+06, 559257, 0
4.15419e+06, 1.30016e+06, 0
9.63084e+06, 1.16282e+06, 0
6.99395e+06, 3.87667e+06, 0
7.12402e+06, 3.21244e+06, 0
5.96352e+06, 1.47696e+06, 0
9.05629e+06, 3.75287e+06, 0
5.59509e+06, 1.05062e+06, 0
1.10679e+07, 1.95047e+06, 0
6.245e+06, 3.12041e+06, 0
4.98792e+06, 798889, 0
4.45975e+06, 1.15521e+06, 0
4.23088e+06, 1.30145e+06, 0
3.60923e+06, 813980, 0
8.41577e+06, 5.5225e+06, 0
9.72525e+06, 3.23398e+06, 0
6.44043e+06, 3.87754e+06, 0
7.42759e+06, 4.30901e+06, 0
4.41488e+06, 889497, 0
6.65425e+06, 3.97314e+06, 0
7.19465e+06, 3.30027e+06, 0
3.20821e+06, 1.0856e+06, 0
5.31437e+06, 2.62254e+06, 0
5.26584e+06, 3.15806e+06, 0
7.35593e+06, 4.77335e+06, 0
4.96782e+06, 1.58809e+06, 0
4.03911e+06, 1.85282e+06, 0
4.21907e+06, 2.43512e+06, 0
6.82468e+06, 1.95486e+06, 0
5.74453e+06, 2.21129e+06, 0
4.80785e+06, 1.93129e+06, 0
3.19081e+06, 1.3571e+06, 0
1.06212e+07, 5.75939e+06, 0
6.69199e+06, 2.97399e+06, 0
7.29953e+06, 2.50127e+06, 0
3.56034e+06, 1.15922e+06, 0
7.56783e+06, 1.99475e+06, 0
7.24956e+06, 2.29638e+06, 0
3.74161e+06, 1.84451e+06, 0
6.88876e+06, 2.60027e+06, 0
6.24707e+06, 3.9059e+06, 0
4.01729e+06, 1.81116e+06, 0
1.63869e+07, 4.99287e+06, 0
1.37445e+07, 6.32847e+06, 0
4.8373e+06, 2.2328e+06, 0
5.78736e+06, 1.61726e+06, 0
7.92124e+06, 5.03478e+06, 0
8.40602e+06, 5.32392e+06, 0
4.67146e+06, 2.85326e+06, 0
6.12658e+06, 3.15603e+06, 0
6.0044e+06, 3.43441e+06, 0
8.51331e+06, 3.725e+06, 0
1.02794e+07, 4.26422e+06, 0
6.99467e+06, 2.57845e+06, 0
8.88678e+06, 3.1879e+06, 0
7.76893e+06, 3.79423e+06, 0
8.20361e+06, 5.5782e+06, 0
6.09911e+06, 3.23428e+06, 0
6.76429e+06, 3.24912e+06, 0
6.0426e+06, 2.92967e+06, 0
7.80896e+06, 4.56304e+06, 0
8.15239e+06, 5.28411e+06, 0
4.58045e+06, 2.57414e+06, 0
7.38593e+06, 3.62872e+06, 0
6.94991e+06, 3.48363e+06, 0
5.48305e+06, 966622, 0
1.1995e+07, 6.46346e+06, 0
6.76589e+06, 4.29802e+06, 0
6.24451e+06, 3.9452e+06, 0
9.23349e+06, 4.56512e+06, 0
4.41922e+06, 1.79356e+06, 0
5.4526e+06, 2.08234e+06, 0
8.19197e+06, 4.77599e+06, 0
1.01139e+07, 4.01598e+06, 0
5.74422e+06, 3.38236e+06, 0
5.86628e+06, 2.86672e+06, 0
5.49412e+06, 2.77624e+06, 0
8.49378e+06, 4.12142e+06, 0
7.20393e+06, 4.68771e+06, 0
5.36093e+06, 2.9182e+06, 0
7.12613e+06, 3.44947e+06, 0
3.13866e+06, 1.07811e+06, 0
5.34672e+06, 2.90808e+06, 0
9.28805e+06, 5.49769e+06, 0
3.74831e+06, 1.08895e+06, 0
6.53807e+06, 3.26375e+06, 0
3.54418e+06, 963016, 0
5.31339e+06, 3.1117e+06, 0
1.07203e+07, 6.56837e+06, 0
3.5891e+06, 1.71412e+06, 0
5.26572e+06, 774469, 0
7.29952e+06, 4.52117e+06, 0
3.78884e+06, 1.31915e+06, 0
8.44019e+06, 4.64175e+06, 0
8.30441e+06, 1.1888e+06, 0
1.02778e+07, 4.57402e+06, 0
8.80228e+06, 1.763e+06, 0
7.79842e+06, 4.3086e+06, 0
4.41941e+06, 34545.9, 0
1.10692e+07, 3.86436e+06, 0
1.40124e+07, 4.41717e+06, 0
4.27058e+06, 1.28646e+06, 0
7.1342e+06, 4.4037e+06, 0
5.61387e+06, 1.47117e+06, 0
7.86128e+06, 3.74342e+06, 0
1.28363e+07, 7.29107e+06, 0
6.84779e+06, 2.07056e+06, 0
7.22121e+06, 4.18358e+06, 0
6.07828e+06, 2.56979e+06, 0
7.55973e+06, 966262, 0
7.79061e+06, 4.47774e+06, 0
9.54314e+06, 4.44359e+06, 0
3.5081e+06, 882738, 0
7.32379e+06, 1.54985e+06, 0
7.09903e+06, 4.21025e+06, 0
1.53803e+07, 2.24952e+06, 0
7.60462e+06, 2.26596e+06, 0
5.31639e+06, 2.84309e+06, 0
7.76929e+06, 4.47057e+06, 0
4.69544e+06, 1.12206e+06, 0
7.19426e+06, 2.45487e+06, 0
7.08925e+06, 2.628e+06, 0
7.17704e+06, 652619, 0
8.98175e+06, 5.28862e+06, 0
3.57234e+06, 504456, 0
6.00608e+06, 2.3297e+06, 0
5.66629e+06, 1.72535e+06, 0
6.7128e+06, 3.89692e+06, 0
6.89505e+06, 3.86693e+06, 0
4.90263e+06, 2.45198e+06, 0
7.77163e+06, 4.99878e+06, 0
6.48333e+06, 1.38072e+06, 0
1.13599e+07, 5.53092e+06, 0
3.17116e+06, 1.29908e+06, 0
3.93859e+06, 1.21735e+06, 0
1.00167e+07, 5.15336e+06, 0
5.23831e+06, 886689, 0
6.23164e+06, 977893, 0
9.56799e+06, 6.19217e+06, 0
5.99456e+06, 3.62392e+06, 0
4.14321e+06, 1.82124e+06, 0
5.56169e+06, 3.28932e+06, 0
4.85805e+06, 2.70382e+06, 0
7.03258e+06, 4.10337e+06, 0
4.29448e+06, 887919, 0
6.03951e+06, 2.1575e+06, 0
4.17885e+06, 2.38362e+06, 0
4.96693e+06, 2.21967e+06, 0
5.46537e+06, 3.23727e+06, 0
4.00201e+06, 1.77105e+06, 0
3.70874e+06, 1.88778e+06, 0
4.75583e+06, 2.2281e+06, 0
8.32393e+06, 3.55247e+06, 0
6.77842e+06, 4.38936e+06, 0
7.384e+06, 4.1156e+06, 0
9.87625e+06, 5.85978e+06, 0
4.90438e+06, 2.30213e+06, 0
7.17866e+06, 3.17583e+06, 0
8.26052e+06, 4.89752e+06, 0
9.03666e+06, 4.56282e+06, 0
4.09148e+06, 1.57212e+06, 0
6.20372e+06, 3.7998e+06, 0
1.0426e+07, 2.09456e+06, 0
6.69313e+06, 2.21843e+06, 0
5.8264e+06, 1.65799e+06, 0
3.98734e+06, 1.62795e+06, 0
4.95698e+06, 874793, 0
6.7366e+06, 1.48389e+06, 0
6.48202e+06, 1.7906e+06, 0
5.25959e+06, 2.9308e+06, 0
4.9752e+06, 2.39052e+06, 0
7.62744e+06, 2.68873e+06, 0
8.1452e+06, 3.19871e+06, 0
5.31895e+06, 3.32997e+06, 0
5.88078e+06, 729776, 0
9.41903e+06, 6.48221e+06, 0
5.11553e+06, 2.97633e+06, 0
9.93999e+06, 5.839e+06, 0
5.91095e+06, 3.57151e+06, 0
5.7277e+06, 2.72621e+06, 0
3.48673e+06, 829008, 0
1.0028e+07, 4.63515e+06, 0
8.29949e+06, 1.38777e+06, 0
8.13274e+06, 5.37104e+06, 0
5.27557e+06, 2.84164e+06, 0
8.45077e+06, 3.59019e+06, 0
7.18641e+06, 4.08538e+06, 0
4.64645e+06, 2.84657e+06, 0
4.83304e+06, 2.84262e+06, 0
7.55597e+06, 5.1515e+06, 0
1.16506e+07, 4.17512e+06, 0
4.42171e+06, 1.87461e+06, 0
5.96914e+06, 1.04055e+06, 0
9.57005e+06, 625289, 0
4.93824e+06, 1.90702e+06, 0
1.33917e+07, 5.09778e+06, 0
7.42099e+06, 4.37364e+06, 0
3.37056e+06, 1.11103e+06, 0
3.67857e+06, 824392, 0
9.64102e+06, 2.79476e+06, 0
6.48794e+06, 4.28892e+06, 0
1.08544e+07, 4.32523e+06, 0
5.81892e+06, 3.29698e+06, 0
8.2058e+06, 4.87117e+06, 0
3.24735e+06, 930769, 0
7.72898e+06, 1.89437e+06, 0
3.55989e+06, 1.56054e+06, 0
1.16965e+07, 4.61381e+06, 0
7.75037e+06, 1.41926e+06, 0
5.13124e+06, 2.63734e+06, 0
1.12213e+07, 5.92793e+06, 0
4.93027e+06, 2.90961e+06, 0
7.01632e+06, 4.0985e+06, 0
2.80822e+06, 175286, 0
6.37637e+06, 4.22281e+06, 0
7.79439e+06, 5.28112e+06, 0
3.38411e+06, 1.7119e+06, 0
8.22528e+06, 3.21496e+06, 0
3.8723e+06, 940241, 0
9.72577e+06, 4.87458e+06, 0
8.12991e+06, 3.69337e+06, 0
5.54728e+06, 3.27835e+06, 0
9.29739e+06, 1.65315e+06, 0
9.86454e+06, 5.35579e+06, 0
7.03112e+06, 4.26017e+06, 0
4.06482e+06, 1.2773e+06, 0
1.07364e+07, 7.47642e+06, 0
4.79617e+06, 1.9278e+06, 0
2.8233e+06, 744478, 0
6.7677e+06, 4.15479e+06, 0
8.53461e+06, 2.29587e+06, 0
5.08635e+06, 2.39044e+06, 0
5.35743e+06, 2.42836e+06, 0
1.09794e+07, 1.32366e+06, 0
5.81637e+06, 2.60199e+06, 0
6.14672e+06, 1.72446e+06, 0
5.68596e+06, 3.18423e+06, 0
3.32755e+06, 1.51217e+06, 0
7.5648e+06, 1.00651e+06, 0
5.2174e+06, 3.32664e+06, 0
7.18368e+06, 4.52286e+06, 0
7.5245e+06, 5.12396e+06, 0
6.54345e+06, 873212, 0
6.72537e+06, 3.60718e+06, 0
5.23211e+06, 3.05931e+06, 0
6.59768e+06, 1.05535e+06, 0
1.06124e+07, 4.94983e+06, 0
8.2487e+06, 5.50764e+06, 0
3.78872e+06, 1.78029e+06, 0
7.09125e+06, 4.60108e+06, 0
7.41233e+06, 4.16436e+06, 0
3.71813e+06, 641178, 0
9.45627e+06, 4.43387e+06, 0
3.26782e+06, 817129, 0
9.70133e+06, 2.1519e+06, 0
4.83424e+06, 1.00802e+06, 0
6.12948e+06, 3.07428e+06, 0
1.04096e+07, 4.36378e+06, 0
5.21298e+06, 3.11234e+06, 0
4.68794e+06, 1.968e+06, 0
5.01872e+06, 1.08021e+06, 0
4.50653e+06, 2.34749e+06, 0
6.60901e+06, 3.18017e+06, 0
5.52293e+06, 3.34036e+06, 0
2.51772e+06, 503756, 0
4.52155e+06, 2.51812e+06, 0
7.34051e+06, 815065, 0
7.91915e+06, 4.44642e+06, 0
5.20145e+06, 3.05429e+06, 0
6.42903e+06, 2.65668e+06, 0
7.48182e+06, 4.74475e+06, 0
5.33242e+06, 2.35514e+06, 0
3.75819e+06, 1.3955e+06, 0
7.12472e+06, 1.86444e+06, 0
3.27055e+06, 1.31588e+06, 0
1.02978e+07, 1.00675e+06, 0
4.2969e+06, 1.42872e+06, 0
6.56661e+06, 684959, 0
6.94601e+06, 3.16061e+06, 0
5.97875e+06, 3.00877e+06, 0
4.96272e+06, 2.6184e+06, 0
5.24118e+06, 2.19414e+06, 0
1.22561e+07, 3.72902e+06, 0
9.04927e+06, 1.58142e+06, 0
8.09727e+06, 2.98598e+06, 0
7.33031e+06, 829646, 0
5.34377e+06, 2.86487e+06, 0
5.93197e+06, 1.70534e+06, 0
7.84822e+06, 2.93387e+06, 0
7.66839e+06, 1.15346e+06, 0
5.11957e+06, 433434, 0
5.75033e+06, 3.43567e+06, 0
6.49774e+06, 1.55197e+06, 0
7.15072e+06, 3.16465e+06, 0
6.15137e+06, 3.49704e+06, 0
6.18292e+06, 3.21246e+06, 0
9.52622e+06, 1.98494e+06, 0
8.8846e+06, 2.14802e+06, 0
6.19215e+06, 2.63035e+06, 0
5.57499e+06, 3.13363e+06, 0
6.50012e+06, 3.62652e+06, 0
5.97474e+06, 3.02804e+06, 0
6.69509e+06, 3.99517e+06, 0
6.9974e+06, 1.00467e+06, 0
5.65762e+06, 1.96899e+06, 0
1.01027e+07, 4.82644e+06, 0
4.37436e+06, 2.05713e+06, 0
4.45951e+06, 1.8557e+06, 0
5.94121e+06, 3.64979e+06, 0
6.91437e+06, 3.92773e+06, 0
3.98024e+06, 1.06918e+06, 0
9.23069e+06, 842268, 0
7.5786e+06, 4.30625e+06, 0
6.33316e+06, 976021, 0
1.35849e+07, 2.70553e+06, 0
5.79201e+06, 1.71251e+06, 0
6.61653e+06, 4.39765e+06, 0
5.79606e+06, 2.30829e+06, 0
5.87725e+06, 1.21789e+06, 0
5.34595e+06, 1.58597e+06, 0
4.8457e+06, 1.63011e+06, 0
3.32208e+06, 736123, 0
4.03992e+06, 1.58987e+06, 0
2.85588e+06, 1.0292e+06, 0
9.10646e+06, 5.56702e+06, 0
4.9219e+06, 2.42776e+06, 0
4.32e+06, 680113, 0
6.50824e+06, 3.34365e+06, 0
8.18578e+06, 5.4258e+06, 0
2.42468e+06, 260450, 0
6.02804e+06, 2.65352e+06, 0
3.29318e+06, 1.43099e+06, 0
1.0962e+07, 4.05838e+06, 0
8.36142e+06, 1.28142e+06, 0
6.97379e+06, 2.80829e+06, 0
6.26111e+06, 1.96167e+06, 0
6.14308e+06, 1.55398e+06, 0
5.13842e+06, 1.20884e+06, 0
7.05065e+06, 3.74491e+06, 0
5.57956e+06, 3.57357e+06, 0
7.09438e+06, 1.6956e+06, 0
6.02662e+06, 3.15041e+06, 0
2.8442e+06, 181887, 0
8.47015e+06, 5.12624e+06, 0
9.3303e+06, 6.22031e+06, 0
5.68759e+06, 1.06663e+06, 0
8.0563e+06, 3.24936e+06, 0
6.21775e+06, 2.70582e+06, 0
4.05848e+06, 2.02385e+06, 0
7.90039e+06, 3.43734e+06, 0
1.69221e+07, 7.82367e+06, 0
7.92091e+06, 5.04588e+06, 0
5.99439e+06, 2.0965e+06, 0
7.50238e+06, 5.06677e+06, 0
6.36052e+06, 895556, 0
8.97386e+06, 5.62029e+06, 0
8.1982e+06, 4.67393e+06, 0
5.51277e+06, 2.35501e+06, 0
4.00477e+06, 2.03855e+06, 0
7.239e+06, 1.8267e+06, 0
1.09134e+07, 2.66357e+06, 0
4.73805e+06, 1.29124e+06, 0
7.62378e+06, 1.88839e+06, 0
7.97246e+06, 3.50812e+06, 0
6.29221e+06, 2.5591e+06, 0
9.42518e+06, 1.18542e+06, 0
6.13397e+06, 2.50437e+06, 0
7.46808e+06, 4.87916e+06, 0
6.06255e+06, 3.49858e+06, 0
7.30191e+06, 2.31681e+06, 0
5.13949e+06, 1.26781e+06, 0
5.7787e+06, 2.15795e+06, 0
4.57137e+06, 2.2417e+06, 0
5.13843e+06, 2.7614e+06, 0
6.96734e+06, 1.55679e+06, 0
3.33601e+06, 858090, 0
3.08628e+06, 720688, 0
9.72413e+06, 5.439e+06, 0
6.13793e+06, 1.11707e+06, 0
5.25446e+06, 1.96437e+06, 0
7.95693e+06, 3.79632e+06, 0
4.0336e+06, 873385, 0
8.67039e+06, 4.03822e+06, 0
4.04258e+06, 311952, 0
6.61472e+06, 1.88332e+06, 0
7.03647e+06, 726210, 0
5.51267e+06, 3.56026e+06, 0
1.15761e+07, 4.99144e+06, 0
8.63551e+06, 5.5929e+06, 0
4.31024e+06, 1.33775e+06, 0
7.16703e+06, 3.34486e+06, 0
3.14069e+06, 802973, 0
5.37517e+06, 871566, 0
5.57145e+06, 2.40593e+06, 0
3.46859e+06, 1.10948e+06, 0
7.88233e+06, 1.52533e+06, 0
8.58209e+06, 3.3664e+06, 0
5.22772e+06, 1.72102e+06, 0
6.81366e+06, 3.95797e+06, 0
3.86907e+06, 2.09083e+06, 0
1.48919e+07, 4.37922e+06, 0
3.10982e+06, 999805, 0
4.05742e+06, 1.96843e+06, 0
4.8412e+06, 1.78972e+06, 0
8.7163e+06, 4.74762e+06, 0
8.20735e+06, 4.69586e+06, 0
9.8649e+06, 2.09642e+06, 0
1.04208e+07, 6.96075e+06, 0
7.28063e+06, 2.96532e+06, 0
6.22513e+06, 1.05262e+06, 0
1.12998e+07, 4.93303e+06, 0
3.63081e+06, 1.75124e+06, 0
7.54621e+06, 3.84286e+06, 0
4.37181e+06, 1.87e+06, 0
5.107e+06, 1.42659e+06, 0
4.19702e+06, 1.56277e+06, 0
5.7964e+06, 2.39417e+06, 0
1.00853e+07, 6.56849e+06, 0
4.61546e+06, 215596, 0
5.41714e+06, 981450, 0
4.55379e+06, 1.53309e+06, 0
9.10759e+06, 5.41749e+06, 0
9.50139e+06, 4.4977e+06, 0
5.03662e+06, 3.10204e+06, 0
8.74601e+06, 474594, 0
6.46363e+06, 2.60413e+06, 0
4.6626e+06, 2.31499e+06, 0
1.1947e+07, 3.77182e+06, 0
3.64993e+06, 1.389e+06, 0
5.74187e+06, 1.51866e+06, 0
4.40864e+06, 1.08912e+06, 0
7.55071e+06, 4.67327e+06, 0
6.10062e+06, 3.02828e+06, 0
8.29145e+06, 3.59334e+06, 0
8.09129e+06, 2.70459e+06, 0
1.2152e+07, 3.74485e+06, 0
3.81046e+06, 1.6976e+06, 0
4.56149e+06, 2.31067e+06, 0
3.36719e+06, 1.4184e+06, 0
4.34857e+06, 2.31879e+06, 0
8.83054e+06, 222338, 0
5.66906e+06, 2.63775e+06, 0
6.10415e+06, 855701, 0
9.61586e+06, 3.74198e+06, 0
4.97364e+06, 2.27529e+06, 0
3.39325e+06, 1.1471e+06, 0
5.05288e+06, 3.1891e+06, 0
1.07345e+07, 3.27408e+06, 0
1.21205e+07, 811202, 0
7.16107e+06, 2.36295e+06, 0
9.1057e+06, 4.6619e+06, 0
4.04255e+06, 2.17855e+06, 0
4.96628e+06, 2.39821e+06, 0
5.83081e+06, 2.87149e+06, 0
7.72671e+06, 2.77803e+06, 0
8.6043e+06, 5.32441e+06, 0
7.15861e+06, 2.57148e+06, 0
7.07427e+06, 2.3303e+06, 0
8.47332e+06, 3.52355e+06, 0
4.61706e+06, 2.2552e+06, 0
5.90878e+06, 1.73332e+06, 0
4.71849e+06, 1.80577e+06, 0
4.52499e+06, 1.82015e+06, 0
7.24793e+06, 1.23388e+06, 0
8.31041e+06, 1.35594e+06, 0
6.73311e+06, 4.4346e+06, 0
5.57435e+06, 2.09084e+06, 0
1.16923e+07, 7.40396e+06, 0
6.12998e+06, 1.28159e+06, 0
5.01971e+06, 2.4341e+06, 0
7.43574e+06, 3.64656e+06, 0
5.14871e+06, 2.87581e+06, 0
4.489e+06, 2.45619e+06, 0
4.15862e+06, 1.53366e+06, 0
5.51258e+06, 813170, 0
6.92887e+06, 2.74652e+06, 0
8.61443e+06, 5.64696e+06, 0
6.19871e+06, 2.36577e+06, 0
5.76865e+06, 3.71903e+06, 0
6.73333e+06, 3.31969e+06, 0
6.04844e+06, 2.75219e+06, 0
4.6396e+06, 387822, 0
5.1837e+06, 2.91943e+06, 0
9.72528e+06, 6.27205e+06, 0
6.30923e+06, 3.11111e+06, 0
6.25218e+06, 4.08882e+06, 0
5.03033e+06, 1.17109e+06, 0
5.99415e+06, 3.88431e+06, 0
4.93324e+06, 1.62262e+06, 0
6.79945e+06, 3.20493e+06, 0
7.13465e+06, 1.67069e+06, 0
7.21564e+06, 1.55813e+06, 0
7.44857e+06, 4.92161e+06, 0
1.10252e+07, 3.56689e+06, 0
4.78882e+06, 2.04705e+06, 0
7.34255e+06, 3.28318e+06, 0
1.07833e+07, 6.48614e+06, 0
8.41922e+06, 5.79704e+06, 0
7.81855e+06, 3.97452e+06, 0
5.07994e+06, 2.77604e+06, 0
1.10967e+07, 7.43677e+06, 0
1.31491e+07, 6.81874e+06, 0
6.9446e+06, 4.59644e+06, 0
1.07801e+07, 4.92457e+06, 0
8.27949e+06, 752379, 0
7.15941e+06, 3.33643e+06, 0
8.12803e+06, 5.32155e+06, 0
7.98329e+06, 4.35817e+06, 0
4.27632e+06, 955389, 0
6.16115e+06, 3.47638e+06, 0
6.38133e+06, 4.18771e+06, 0
5.57099e+06, 1.31048e+06, 0
3.69696e+06, 1.1145e+06, 0
6.05086e+06, 3.26674e+06, 0
3.05828e+06, 1.24293e+06, 0
9.53884e+06, 2.01458e+06, 0
7.47656e+06, 5.05346e+06, 0
6.64249e+06, 1.62125e+06, 0
1.08649e+07, 3.90616e+06, 0
7.28187e+06, 582617, 0
6.84419e+06, 2.7607e+06, 0
6.3737e+06, 3.81843e+06, 0
6.2559e+06, 3.5635e+06, 0
6.36535e+06, 2.61349e+06, 0
7.92455e+06, 2.71282e+06, 0
7.47611e+06, 572995, 0
6.65324e+06, 3.88567e+06, 0
4.58653e+06, 872141, 0
7.6577e+06, 2.63732e+06, 0
5.18695e+06, 2.70389e+06, 0
6.82534e+06, 4.36932e+06, 0
7.90499e+06, 4.3315e+06, 0
5.98561e+06, 2.25263e+06, 0
6.91266e+06, 4.39165e+06, 0
1.04856e+07, 6.15556e+06, 0
6.50952e+06, 2.35052e+06, 0
8.33736e+06, 5.53459e+06, 0
7.27433e+06, 4.86087e+06, 0
7.14626e+06, 2.77812e+06, 0
5.08964e+06, 2.13513e+06, 0
1.00389e+07, 4.44961e+06, 0
6.69395e+06, 2.39572e+06, 0
4.35508e+06, 2.20936e+06, 0
8.89692e+06, 576765, 0
7.075e+06, 74072.2, 0
1.07676e+07, 5.08279e+06, 0
8.59309e+06, 2.6858e+06, 0
5.63348e+06, 2.22806e+06, 0
4.31591e+06, 696380, 0
8.98897e+06, 401543, 0
8.19628e+06, 4.07242e+06, 0
7.98869e+06, 4.89696e+06, 0
7.68978e+06, 4.44214e+06, 0
4.33006e+06, 2.49172e+06, 0
8.88079e+06, 5.82261e+06, 0
5.8972e+06, 1.34717e+06, 0
1.0519e+07, 4.2014e+06, 0
5.91358e+06, 2.87593e+06, 0
3.36472e+06, 1.43263e+06, 0
4.12552e+06, 875405, 0
8.52927e+06, 5.37019e+06, 0
8.54702e+06, 5.22199e+06, 0
8.48364e+06, 2.58719e+06, 0
6.28009e+06, 2.68873e+06, 0
7.76967e+06, 3.50519e+06, 0
5.11327e+06, 2.46797e+06, 0
9.21562e+06, 3.5687e+06, 0
7.10939e+06, 2.74214e+06, 0
9.21649e+06, 4.96266e+06, 0
7.64605e+06, 4.81806e+06, 0
6.0322e+06, 3.7406e+06, 0
1.22668e+07, 7.32645e+06, 0
9.77916e+06, 3.84108e+06, 0
1.12793e+07, 3.78954e+06, 0
1.20234e+07, 5.55042e+06, 0
7.18578e+06, 3.24153e+06, 0
5.30941e+06, 1.29801e+06, 0
1.03804e+07, 6.58173e+06, 0
8.50963e+06, 4.19771e+06, 0
6.85331e+06, 3.56987e+06, 0
4.84507e+06, 2.22057e+06, 0
5.67885e+06, 2.41136e+06, 0
9.44394e+06, 3.65242e+06, 0
6.94136e+06, 3.58033e+06, 0
7.65857e+06, 1.42675e+06, 0
9.04515e+06, 5.70224e+06, 0
7.09576e+06, 4.24682e+06, 0
5.77622e+06, 917832, 0
5.73754e+06, 3.02104e+06, 0
5.15226e+06, 2.6377e+06, 0
8.81353e+06, 3.82456e+06, 0
6.97688e+06, 2.96674e+06, 0
1.10605e+07, 4.54629e+06, 0
6.61239e+06, 1.95987e+06, 0
9.28623e+06, 1.53304e+06, 0
4.04201e+06, 814239, 0
1.26726e+07, 1.44756e+06, 0
9.00083e+06, 4.13905e+06, 0
6.39028e+06, 2.09824e+06, 0
6.7008e+06, 2.35679e+06, 0
5.57805e+06, 957098, 0
6.48069e+06, 3.05068e+06, 0
4.96815e+06, 3.06626e+06, 0
4.52204e+06, 2.35354e+06, 0
7.87442e+06, 3.01045e+06, 0
5.96478e+06, 1.32631e+06, 0
6.89627e+06, 4.5492e+06, 0
4.87371e+06, 187317, 0
5.88852e+06, 3.02153e+06, 0
8.64003e+06, 3.68037e+06, 0
1.02185e+07, 5.47527e+06, 0
7.36415e+06, 4.23818e+06, 0
6.21655e+06, 3.72441e+06, 0
3.64886e+06, 1.53105e+06, 0
4.75145e+06, 2.60409e+06, 0
8.20245e+06, 2.71623e+06, 0
8.79897e+06, 3.46716e+06, 0
5.21425e+06, 1.78237e+06, 0
1.02361e+07, 3.14376e+06, 0
7.63119e+06, 4.23074e+06, 0
7.42939e+06, 3.48056e+06, 0
6.80228e+06, 2.57297e+06, 0
3.31065e+06, 553189, 0
