9.62736e+06, 1.51347e+06, 0
1.09152e+07, 1.99715e+06, 0
1.06356e+07, 818211, 0
1.05457e+07, 3.17096e+06, 0
8.23563e+06, 980374, 0
1.03212e+07, 3.89615e+06, 0
9.7589e+06, 1.5492e+06, 0
9.56255e+06, 2.07389e+06, 0
8.75486e+06, 1.6618e+06, 0
1.09737e+07, 4.22466e+06, 0
1.1713e+07, 3.94379e+06, 0
1.35688e+07, 2.36385e+06, 0
1.04779e+07, 2.17473e+06, 0
1.25418e+07, 4.1132e+06, 0
1.03018e+07, 4.37358e+06, 0
1.00064e+07, 3.14848e+06, 0
9.17233e+06, 1.31304e+06, 0
8.32287e+06, 2.40429e+06, 0
1.30078e+07, 6.19459e+06, 0
1.00934e+07, 2.06932e+06, 0
1.23702e+07, 3.4533e+06, 0
1.56104e+07, 4.18267e+06, 0
9.27755e+06, 2.95508e+06, 0
1.01513e+07, 3.63152e+06, 0
1.26066e+07, 6.64984e+06, 0
8.31772e+06, 2.41604e+06, 0
1.14695e+07, 4.59141e+06, 0
1.04347e+07, 2.67071e+06, 0
9.99926e+06, 1.16787e+06, 0
1.26318e+07, 3.5912e+06, 0
1.0155e+07, 2.56541e+06, 0
1.18678e+07, 3.33526e+06, 0
1.19643e+07, 2.10202e+06, 0
1.00189e+07, 3.37666e+06, 0
1.32173e+07, 4.33989e+06, 0
7.64111e+06, 667110, 0
8.76664e+06, 2.45899e+06, 0
1.13259e+07, 4.56691e+06, 0
9.37599e+06, 832011, 0
1.00248e+07, 2.88501e+06, 0
9.91765e+06, 2.65521e+06, 0
1.45785e+07, 7.79231e+06, 0
1.07022e+07, 2.67304e+06, 0
1.02373e+07, 3.57077e+06, 0
9.9176e+06, 2.28692e+06, 0
1.16716e+07, 5.58215e+06, 0
9.45617e+06, 3.97809e+06, 0
1.03448e+07, 3.47316e+06, 0
9.70366e+06, 3.59608e+06, 0
1.12216e+07, 2.1027e+06, 0
1.04696e+07, 1.51794e+06, 0
8.63191e+06, 2.06544e+06, 0
9.01602e+06, 2.06361e+06, 0
1.49853e+07, 4.29398e+06, 0
1.03877e+07, 4.67879e+06, 0
1.06567e+07, 334645, 0
7.7742e+06, 1.0362e+06, 0
8.66898e+06, 1.68971e+06, 0
1.0762e+07, 2.51783e+06, 0
1.01774e+07, 2.27424e+06, 0
8.95669e+06, 2.56919e+06, 0
9.69268e+06, 554540, 0
1.04096e+07, 1.31504e+06, 0
1.20983e+07, 4.1122e+06, 0
1.12772e+07, 2.80131e+06, 0
1.09748e+07, 2.74324e+06, 0
1.13449e+07, 1.12569e+06, 0
1.11579e+07, 4.31301e+06, 0
1.01094e+07, 3.82469e+06, 0
1.13291e+07, 3.10301e+06, 0
8.23379e+06, 2.23987e+06, 0
1.0037e+07, 3.69998e+06, 0
8.60857e+06, 1.89022e+06, 0
1.4035e+07, 3.20293e+06, 0
1.06777e+07, 4.31595e+06, 0
9.12661e+06, 2.59774e+06, 0
8.25123e+06, 1.29705e+06, 0
9.28953e+06, 3.00561e+06, 0
8.05777e+06, 891581, 0
1.11975e+07, 4.29638e+06, 0
1.24184e+07, 4.4983e+06, 0
1.23526e+07, 1.6362e+06, 0
8.96286e+06, 1.78895e+06, 0
8.7349e+06, 830476, 0
1.35743e+07, 2.60926e+06, 0
1.08881e+07, 4.74538e+06, 0
1.29766e+07, 1.05116e+06, 0
1.33937e+07, 3.0322e+06, 0
1.02104e+07, 3.41358e+06, 0
1.20083e+07, 1.56009e+06, 0
1.16332e+07, 6.2614e+06, 0
1.05984e+07, 1.59175e+06, 0
9.90494e+06, 3.10415e+06, 0
1.15666e+07, 2.01768e+06, 0
1.12587e+07, 2.19949e+06, 0
1.03738e+07, 4.83889e+06, 0
8.84547e+06, 1.47236e+06, 0
9.60523e+06, 3.10344e+06, 0
1.15426e+07, 2.10421e+06, 0
1.30393e+07, 3.19468e+06, 0
1.4541e+07, 6.37485e+06, 0
9.32739e+06, 2.5357e+06, 0
1.12664e+07, 2.57103e+06, 0
8.94459e+06, 2.89789e+06, 0
8.72041e+06, 3.06657e+06, 0
8.42254e+06, 1.64575e+06, 0
1.33013e+07, 2.59995e+06, 0
9.28933e+06, 2.65019e+06, 0
9.24362e+06, 2.95746e+06, 0
1.24531e+07, 717047, 0
8.00803e+06, 1.39106e+06, 0
1.07347e+07, 336869, 0
9.40403e+06, 1.84571e+06, 0
8.31131e+06, 1.23978e+06, 0
9.41115e+06, 2.93405e+06, 0
1.16747e+07, 4.45448e+06, 0
9.37971e+06, 3.57002e+06, 0
1.14834e+07, 5.61424e+06, 0
1.29991e+07, 3.82622e+06, 0
1.23521e+07, 1.05813e+06, 0
9.52266e+06, 698197, 0
8.8387e+06, 2.70116e+06, 0
9.27402e+06, 2.80977e+06, 0
1.23601e+07, 2.84122e+06, 0
9.23455e+06, 3.43492e+06, 0
9.55849e+06, 3.37627e+06, 0
9.74337e+06, 2.71498e+06, 0
1.15033e+07, 2.25856e+06, 0
9.78738e+06, 1.40591e+06, 0
7.87089e+06, 1.02133e+06, 0
1.15473e+07, 2.41779e+06, 0
9.55904e+06, 4.01492e+06, 0
1.17386e+07, 1.50934e+06, 0
9.01729e+06, 3.47658e+06, 0
9.53176e+06, 2.37189e+06, 0
8.49652e+06, 2.52578e+06, 0
7.68955e+06, 678819, 0
9.01671e+06, 1.41144e+06, 0
9.0907e+06, 1.26433e+06, 0
1.07245e+07, 3.851e+06, 0
1.0105e+07, 3.14779e+06, 0
1.18314e+07, 3.50393e+06, 0
1.16697e+07, 4.96787e+06, 0
1.2451e+07, 6.12628e+06, 0
9.7315e+06, 3.93424e+06, 0
1.06534e+07, 1.58677e+06, 0
1.06282e+07, 2.02724e+06, 0
9.05384e+06, 3.37233e+06, 0
8.9203e+06, 2.26868e+06, 0
1.31713e+07, 4.87024e+06, 0
1.3776e+07, 2.50483e+06, 0
1.09662e+07, 4.04146e+06, 0
1.08848e+07, 1.6884e+06, 0
9.31938e+06, 3.48662e+06, 0
1.17546e+07, 140277, 0
1.03107e+07, 2.47098e+06, 0
1.43882e+07, 1.8384e+06, 0
1.22785e+07, 3.44462e+06, 0
1.18233e+07, 4.45417e+06, 0
9.36916e+06, 2.7724e+06, 0
8.128e+06, 1.99133e+06, 0
1.07676e+07, 5.42879e+06, 0
9.47861e+06, 3.13528e+06, 0
9.32244e+06, 3.4826e+06, 0
1.06696e+07, 5.30168e+06, 0
1.17257e+07, 4.65837e+06, 0
1.1486e+07, 5.82773e+06, 0
1.34939e+07, 1.78195e+06, 0
9.26529e+06, 3.46237e+06, 0
9.36222e+06, 3.13569e+06, 0
8.8756e+06, 1.18598e+06, 0
8.59568e+06, 2.27744e+06, 0
7.71501e+06, 719126, 0
1.04518e+07, 1.76293e+06, 0
1.00401e+07, 3.5502e+06, 0
1.17384e+07, 5.06728e+06, 0
8.24849e+06, 1.08623e+06, 0
1.00415e+07, 3.84705e+06, 0
8.54505e+06, 2.06668e+06, 0
9.60901e+06, 2.24954e+06, 0
8.61269e+06, 946195, 0
8.974e+06, 2.14703e+06, 0
1.16411e+07, 4.03482e+06, 0
8.27366e+06, 1.15898e+06, 0
1.02752e+07, 3.27181e+06, 0
9.87905e+06, 1.11709e+06, 0
1.04161e+07, 3.94926e+06, 0
8.20092e+06, 523711, 0
1.01616e+07, 897889, 0
8.81342e+06, 2.831e+06, 0
1.17187e+07, 6.07953e+06, 0
1.32266e+07, 4.17517e+06, 0
1.01938e+07, 3.69303e+06, 0
9.6665e+06, 3.35752e+06, 0
1.00392e+07, 2.14001e+06, 0
8.75165e+06, 1.19594e+06, 0
9.62191e+06, 3.40594e+06, 0
1.08936e+07, 4.82206e+06, 0
8.23095e+06, 1.52131e+06, 0
8.33879e+06, 2.25686e+06, 0
1.78554e+07, 4.2903e+06, 0
1.21342e+07, 1.0077e+06, 0
1.03567e+07, 2.39535e+06, 0
9.92888e+06, 2.79958e+06, 0
8.43781e+06, 2.62717e+06, 0
9.20179e+06, 2.37579e+06, 0
9.14446e+06, 1.27548e+06, 0
9.14159e+06, 2.95327e+06, 0
7.91725e+06, 1.18359e+06, 0
1.36438e+07, 5.74033e+06, 0
8.60639e+06, 2.33207e+06, 0
7.79807e+06, 1.01324e+06, 0
1.41757e+07, 2.11719e+06, 0
9.70484e+06, 1.70496e+06, 0
8.37723e+06, 1.97039e+06, 0
9.23788e+06, 3.53723e+06, 0
1.0422e+07, 2.52925e+06, 0
9.79072e+06, 4.17369e+06, 0
1.14382e+07, 3.72585e+06, 0
1.11476e+07, 2.04692e+06, 0
1.09124e+07, 3.72214e+06, 0
8.32016e+06, 2.4751e+06, 0
1.38803e+07, 5.6946e+06, 0
1.03461e+07, 1.22053e+06, 0
1.26591e+07, 4.32517e+06, 0
1.07335e+07, 139651, 0
1.12762e+07, 2.88961e+06, 0
9.79844e+06, 2.84642e+06, 0
1.12705e+07, 4.38874e+06, 0
1.3151e+07, 2.24134e+06, 0
1.06957e+07, 1.95918e+06, 0
1.31993e+07, 6.37944e+06, 0
9.57994e+06, 2.39551e+06, 0
8.37825e+06, 2.0106e+06, 0
1.20422e+07, 4.12253e+06, 0
1.01508e+07, 1.02661e+06, 0
8.15061e+06, 1.57369e+06, 0
9.02647e+06, 3.3041e+06, 0
8.20257e+06, 148842, 0
1.09669e+07, 4.12187e+06, 0
9.36906e+06, 1.9872e+06, 0
9.74534e+06, 4.25696e+06, 0
1.03161e+07, 5.04456e+06, 0
8.42101e+06, 461173, 0
9.72838e+06, 4.03209e+06, 0
1.23645e+07, 6.00519e+06, 0
8.23207e+06, 1.66716e+06, 0
1.0126e+07, 3.83162e+06, 0
1.07592e+07, 5.38319e+06, 0
9.33758e+06, 3.85366e+06, 0
9.71988e+06, 4.3347e+06, 0
9.51789e+06, 3.36957e+06, 0
8.59419e+06, 2.48557e+06, 0
8.95524e+06, 1.21013e+06, 0
9.51448e+06, 3.05378e+06, 0
8.71496e+06, 804615, 0
1.22798e+07, 4.31938e+06, 0
1.15183e+07, 6.23089e+06, 0
9.16149e+06, 3.24701e+06, 0
1.04212e+07, 4.24202e+06, 0
8.72724e+06, 1.93117e+06, 0
8.66858e+06, 789425, 0
9.19699e+06, 2.85936e+06, 0
9.06838e+06, 2.07544e+06, 0
9.1408e+06, 2.52125e+06, 0
1.09739e+07, 5.35289e+06, 0
9.66919e+06, 3.52547e+06, 0
8.82779e+06, 960016, 0
1.00394e+07, 3.44086e+06, 0
1.03018e+07, 4.31368e+06, 0
8.03625e+06, 937999, 0
1.00519e+07, 2.76736e+06, 0
1.09148e+07, 5.46393e+06, 0
7.81231e+06, 1.19849e+06, 0
9.04857e+06, 1.56875e+06, 0
1.03495e+07, 3.80834e+06, 0
1.11939e+07, 5.30487e+06, 0
9.58697e+06, 1.39573e+06, 0
1.30253e+07, 4.35232e+06, 0
1.13793e+07, 4.44595e+06, 0
7.76651e+06, 1.14344e+06, 0
8.432e+06, 1.70852e+06, 0
9.05856e+06, 2.0867e+06, 0
1.17244e+07, 1.30655e+06, 0
9.10643e+06, 1.65763e+06, 0
9.6755e+06, 1.65403e+06, 0
8.46184e+06, 442031, 0
1.09747e+07, 5.49625e+06, 0
1.34596e+07, 3.43915e+06, 0
1.04172e+07, 3.03813e+06, 0
1.02117e+07, 3.5189e+06, 0
8.34942e+06, 1.78698e+06, 0
1.21772e+07, 4.25495e+06, 0
9.65748e+06, 3.54927e+06, 0
7.6921e+06, 923954, 0
7.99908e+06, 1.78479e+06, 0
8.75369e+06, 1.94183e+06, 0
1.24445e+07, 5.57986e+06, 0
1.00962e+07, 2.62032e+06, 0
1.30825e+07, 4.73958e+06, 0
1.29504e+07, 5.21605e+06, 0
1.04318e+07, 3.2982e+06, 0
1.13112e+07, 2.97691e+06, 0
8.17377e+06, 1.97594e+06, 0
8.68564e+06, 1.10585e+06, 0
1.19658e+07, 3.31727e+06, 0
1.08115e+07, 5.24388e+06, 0
1.08551e+07, 5.1832e+06, 0
8.64474e+06, 2.73751e+06, 0
8.2896e+06, 119826, 0
1.07935e+07, 3.55088e+06, 0
1.09377e+07, 4.96183e+06, 0
1.03602e+07, 4.98353e+06, 0
1.268e+07, 5.29256e+06, 0
1.09726e+07, 4.39827e+06, 0
9.49219e+06, 2.1549e+06, 0
9.94343e+06, 3.04884e+06, 0
8.71696e+06, 2.87951e+06, 0
1.05195e+07, 1.36206e+06, 0
1.06458e+07, 3.65765e+06, 0
1.2185e+07, 1.72111e+06, 0
9.86616e+06, 2.44822e+06, 0
9.74986e+06, 800901, 0
9.58979e+06, 2.44612e+06, 0
8.50646e+06, 597512, 0
9.58184e+06, 2.1174e+06, 0
9.83355e+06, 2.10566e+06, 0
1.09681e+07, 5.44805e+06, 0
8.44349e+06, 2.31392e+06, 0
9.67051e+06, 1.29886e+06, 0
9.14248e+06, 1.71419e+06, 0
1.09945e+07, 3.95738e+06, 0
8.58202e+06, 1.64704e+06, 0
1.09636e+07, 3.90483e+06, 0
8.63538e+06, 2.75055e+06, 0
1.21629e+07, 1.36322e+06, 0
1.02234e+07, 3.45747e+06, 0
1.12344e+07, 3.71736e+06, 0
1.24836e+07, 5.9003e+06, 0
9.13283e+06, 2.92495e+06, 0
1.169e+07, 5.57879e+06, 0
1.02875e+07, 2.10486e+06, 0
1.40378e+07, 985209, 0
9.34318e+06, 1.0776e+06, 0
8.06093e+06, 728704, 0
1.14394e+07, 4.31201e+06, 0
8.42806e+06, 1.44383e+06, 0
9.04788e+06, 2.5616e+06, 0
1.0446e+07, 632873, 0
9.71886e+06, 1.39879e+06, 0
8.48031e+06, 2.13131e+06, 0
1.30581e+07, 1.11611e+06, 0
9.6667e+06, 4.16967e+06, 0
1.11039e+07, 4.26303e+06, 0
8.21092e+06, 2.06592e+06, 0
1.28662e+07, 1.41976e+06, 0
9.20795e+06, 1.23852e+06, 0
1.0177e+07, 3.74774e+06, 0
9.715e+06, 1.91854e+06, 0
9.11449e+06, 3.13041e+06, 0
1.12524e+07, 4.19201e+06, 0
1.28741e+07, 3.20601e+06, 0
1.22851e+07, 3.95407e+06, 0
9.81359e+06, 3.90147e+06, 0
1.34047e+07, 3.99776e+06, 0
8.33253e+06, 2.26533e+06, 0
1.33096e+07, 3.33608e+06, 0
1.05689e+07, 3.00239e+06, 0
1.26826e+07, 7.11934e+06, 0
8.29589e+06, 2.31975e+06, 0
9.10603e+06, 2.39135e+06, 0
8.96904e+06, 2.22074e+06, 0
9.6021e+06, 3.14776e+06, 0
1.03595e+07, 678686, 0
9.81539e+06, 2.15585e+06, 0
1.05754e+07, 2.22485e+06, 0
9.77856e+06, 3.53976e+06, 0
9.29942e+06, 3.60468e+06, 0
9.47748e+06, 3.00284e+06, 0
1.19961e+07, 1.51432e+06, 0
9.26254e+06, 2.10997e+06, 0
8.35863e+06, 1.68439e+06, 0
1.01289e+07, 4.57117e+06, 0
1.00468e+07, 990469, 0
1.17577e+07, 3.9449e+06, 0
9.55073e+06, 2.24119e+06, 0
8.19163e+06, 1.90404e+06, 0
8.73271e+06, 2.14714e+06, 0
9.21271e+06, 2.48744e+06, 0
1.21618e+07, 5.52893e+06, 0
1.36082e+07, 3.32801e+06, 0
1.11334e+07, 4.35438e+06, 0
9.54683e+06, 1.62153e+06, 0
9.45859e+06, 439268, 0
1.00469e+07, 3.3787e+06, 0
1.12714e+07, 5.16724e+06, 0
1.10392e+07, 3.50302e+06, 0
9.90763e+06, 4.48619e+06, 0
8.90055e+06, 1.82681e+06, 0
7.68304e+06, 239157, 0
1.022e+07, 1.86173e+06, 0
1.02726e+07, 1.52836e+06, 0
9.4448e+06, 3.62675e+06, 0
1.12495e+07, 4.08342e+06, 0
1.5604e+07, 8.97388e+06, 0
