1.22287e+07, 3.85264e+06, 0
1.17479e+07, 1.67117e+06, 0
1.07764e+07, 5.40356e+06, 0
8.60242e+06, 2.6267e+06, 0
1.16598e+07, 2.62477e+06, 0
1.0384e+07, 3.70797e+06, 0
1.03083e+07, 838236, 0
9.71012e+06, 1.33937e+06, 0
8.78002e+06, 2.98828e+06, 0
1.16151e+07, 5.73253e+06, 0
1.21828e+07, 3.9335e+06, 0
9.27667e+06, 2.77506e+06, 0
1.111e+07, 4.3268e+06, 0
1.11782e+07, 3.75077e+06, 0
8.9532e+06, 637452, 0
9.73395e+06, 3.77852e+06, 0
1.10053e+07, 5.12258e+06, 0
8.76039e+06, 2.48104e+06, 0
1.12919e+07, 3.39188e+06, 0
1.16754e+07, 2.47255e+06, 0
1.03138e+07, 2.77188e+06, 0
8.55615e+06, 2.16833e+06, 0
9.72465e+06, 2.29265e+06, 0
8.21652e+06, 2.05652e+06, 0
8.61686e+06, 811680, 0
8.78772e+06, 2.32624e+06, 0
8.83313e+06, 2.64367e+06, 0
8.68824e+06, 2.14033e+06, 0
1.19328e+07, 3.22686e+06, 0
1.19057e+07, 5.25009e+06, 0
1.05887e+07, 5.0855e+06, 0
1.07125e+07, 2.83151e+06, 0
8.00123e+06, 1.51303e+06, 0
1.05877e+07, 3.46009e+06, 0
9.30493e+06, 3.37419e+06, 0
1.02576e+07, 4.19807e+06, 0
1.17085e+07, 5.99131e+06, 0
9.52888e+06, 2.08108e+06, 0
9.39543e+06, 2.70881e+06, 0
1.0968e+07, 4.61224e+06, 0
9.25003e+06, 1.41326e+06, 0
1.26817e+07, 4.19583e+06, 0
1.27953e+07, 6.72009e+06, 0
8.85674e+06, 1.47043e+06, 0
8.65623e+06, 1.69127e+06, 0
1.20164e+07, 3.19538e+06, 0
8.89866e+06, 3.20125e+06, 0
1.15895e+07, 5.693e+06, 0
9.26174e+06, 1.74681e+06, 0
8.95822e+06, 1.28654e+06, 0
1.22765e+07, 5.8818e+06, 0
1.13269e+07, 3.79457e+06, 0
8.44369e+06, 1.39322e+06, 0
8.05974e+06, 489296, 0
1.35847e+07, 5.52453e+06, 0
1.13789e+07, 5.93494e+06, 0
1.26774e+07, 5.69453e+06, 0
9.89393e+06, 2.6237e+06, 0
9.76813e+06, 3.18262e+06, 0
8.60027e+06, 2.32574e+06, 0
7.99809e+06, 1.24931e+06, 0
9.42335e+06, 1.5021e+06, 0
1.02875e+07, 2.08548e+06, 0
1.04778e+07, 4.21764e+06, 0
1.00276e+07, 1.30575e+06, 0
9.21135e+06, 2.45911e+06, 0
1.40429e+07, 3.17216e+06, 0
1.08661e+07, 1.92866e+06, 0
1.0126e+07, 2.02613e+06, 0
1.32172e+07, 6.95087e+06, 0
1.03566e+07, 2.21049e+06, 0
9.65451e+06, 3.77201e+06, 0
8.50401e+06, 2.17205e+06, 0
9.44129e+06, 1.90711e+06, 0
7.86422e+06, 805974, 0
1.16478e+07, 6.24309e+06, 0
1.1632e+07, 4.51064e+06, 0
1.06608e+07, 1.938e+06, 0
1.00258e+07, 3.87353e+06, 0
1.07183e+07, 3.32664e+06, 0
9.70893e+06, 120475, 0
1.12868e+07, 3.74251e+06, 0
1.09572e+07, 3.77224e+06, 0
1.14845e+07, 4.83552e+06, 0
1.27214e+07, 5.58374e+06, 0
9.84026e+06, 282550, 0
8.33775e+06, 2.28525e+06, 0
1.17825e+07, 2.7614e+06, 0
8.65459e+06, 201046, 0
1.1578e+07, 3.40638e+06, 0
9.6796e+06, 3.6765e+06, 0
1.18969e+07, 3.5593e+06, 0
1.22967e+07, 4.73355e+06, 0
8.44698e+06, 1.00824e+06, 0
1.22813e+07, 4.41774e+06, 0
1.2502e+07, 4.99576e+06, 0
8.94301e+06, 887856, 0
9.87067e+06, 2.65115e+06, 0
1.08778e+07, 3.22253e+06, 0
8.79587e+06, 2.34495e+06, 0
1.39484e+07, 2.03108e+06, 0
1.09825e+07, 5.41705e+06, 0
9.52457e+06, 3.8483e+06, 0
1.1591e+07, 5.95051e+06, 0
1.2182e+07, 5.02496e+06, 0
9.87878e+06, 207097, 0
8.65188e+06, 2.54778e+06, 0
8.18386e+06, 549833, 0
8.14421e+06, 654757, 0
8.91825e+06, 3.10818e+06, 0
1.34709e+07, 7.82158e+06, 0
9.0605e+06, 2.24031e+06, 0
1.20524e+07, 5.25923e+06, 0
9.05494e+06, 1.76842e+06, 0
8.26839e+06, 1.29372e+06, 0
1.10739e+07, 3.7522e+06, 0
1.18703e+07, 2.09738e+06, 0
9.72451e+06, 3.77356e+06, 0
9.48185e+06, 2.94021e+06, 0
8.52767e+06, 2.64239e+06, 0
8.17399e+06, 1.65672e+06, 0
9.16486e+06, 1.62066e+06, 0
8.39017e+06, 2.42106e+06, 0
9.48629e+06, 1.1201e+06, 0
1.70912e+07, 5.37261e+06, 0
1.28388e+07, 2.99449e+06, 0
1.06193e+07, 2.27747e+06, 0
9.55775e+06, 2.93165e+06, 0
8.30921e+06, 1.87908e+06, 0
1.13952e+07, 4.5227e+06, 0
1.10115e+07, 4.00053e+06, 0
9.68119e+06, 4.01879e+06, 0
8.99129e+06, 2.20935e+06, 0
1.23626e+07, 4.83847e+06, 0
1.14757e+07, 1.91882e+06, 0
9.38298e+06, 2.33336e+06, 0
1.40138e+07, 7.25597e+06, 0
9.387e+06, 3.67125e+06, 0
1.23763e+07, 5.56616e+06, 0
8.56945e+06, 1.38829e+06, 0
1.16576e+07, 3.09506e+06, 0
1.04291e+07, 4.91109e+06, 0
8.04513e+06, 1.47592e+06, 0
9.52706e+06, 1.83215e+06, 0
1.00473e+07, 1.7951e+06, 0
9.82243e+06, 3.94847e+06, 0
9.31205e+06, 2.77303e+06, 0
9.37541e+06, 1.0656e+06, 0
9.05524e+06, 550603, 0
1.05374e+07, 2.6119e+06, 0
8.56817e+06, 1.53305e+06, 0
1.16707e+07, 4.33699e+06, 0
1.26153e+07, 4.51399e+06, 0
1.11387e+07, 2.61895e+06, 0
9.18648e+06, 739229, 0
1.24457e+07, 3.44913e+06, 0
8.88572e+06, 1.83298e+06, 0
1.18082e+07, 1.01543e+06, 0
8.16875e+06, 1.6227e+06, 0
1.18041e+07, 5.15508e+06, 0
1.19359e+07, 5.55854e+06, 0
9.45155e+06, 1.61026e+06, 0
9.75152e+06, 3.67029e+06, 0
1.14439e+07, 5.02256e+06, 0
1.1025e+07, 4.34934e+06, 0
1.30908e+07, 5.11863e+06, 0
9.87626e+06, 206673, 0
1.77025e+07, 7.49966e+06, 0
8.73339e+06, 2.43233e+06, 0
1.22397e+07, 4.43104e+06, 0
1.14058e+07, 4.4706e+06, 0
8.95378e+06, 2.76618e+06, 0
7.94162e+06, 868668, 0
9.54349e+06, 3.54246e+06, 0
1.01766e+07, 3.58525e+06, 0
9.41471e+06, 2.50667e+06, 0
9.81347e+06, 2.03234e+06, 0
1.23749e+07, 2.74481e+06, 0
1.22346e+07, 440328, 0
8.9116e+06, 2.66319e+06, 0
9.48812e+06, 2.95419e+06, 0
9.44023e+06, 3.86778e+06, 0
9.5157e+06, 2.96856e+06, 0
1.12947e+07, 4.85838e+06, 0
8.84057e+06, 1.02334e+06, 0
8.98842e+06, 3.07801e+06, 0
8.01295e+06, 1.58985e+06, 0
1.14156e+07, 1.36895e+06, 0
1.10062e+07, 4.58034e+06, 0
1.06168e+07, 3.31972e+06, 0
1.0621e+07, 3.61882e+06, 0
8.87329e+06, 2.33137e+06, 0
8.38482e+06, 1.42295e+06, 0
1.17969e+07, 1.86591e+06, 0
1.18776e+07, 3.81952e+06, 0
1.23768e+07, 750561, 0
8.98328e+06, 2.61367e+06, 0
8.05323e+06, 1.43655e+06, 0
8.59822e+06, 2.73607e+06, 0
1.27343e+07, 5.53003e+06, 0
1.05095e+07, 4.11181e+06, 0
9.35262e+06, 1.52396e+06, 0
1.02556e+07, 3.90412e+06, 0
9.46474e+06, 2.98424e+06, 0
1.04142e+07, 4.18928e+06, 0
1.01181e+07, 2.63622e+06, 0
1.06605e+07, 2.47873e+06, 0
9.23881e+06, 3.12814e+06, 0
1.05962e+07, 4.87131e+06, 0
7.90898e+06, 1.13254e+06, 0
9.12224e+06, 2.85634e+06, 0
1.05122e+07, 475212, 0
1.31753e+07, 4.00139e+06, 0
9.59858e+06, 3.18975e+06, 0
9.43855e+06, 1.343e+06, 0
9.0965e+06, 2.92316e+06, 0
7.70143e+06, 293181, 0
1.05398e+07, 1.88509e+06, 0
9.31069e+06, 3.44123e+06, 0
1.02241e+07, 3.77479e+06, 0
8.63769e+06, 1.0831e+06, 0
1.03057e+07, 2.72527e+06, 0
8.63334e+06, 1.55428e+06, 0
9.30044e+06, 2.44459e+06, 0
8.5942e+06, 2.33082e+06, 0
9.00413e+06, 1.80274e+06, 0
1.16935e+07, 5.95785e+06, 0
9.35294e+06, 1.72254e+06, 0
1.11283e+07, 5.4655e+06, 0
8.16314e+06, 1.67743e+06, 0
1.09412e+07, 3.53193e+06, 0
8.25469e+06, 1.35936e+06, 0
9.29801e+06, 131599, 0
9.99936e+06, 3.7891e+06, 0
9.23456e+06, 2.15971e+06, 0
8.3766e+06, 2.39595e+06, 0
1.08759e+07, 4.07538e+06, 0
8.99651e+06, 2.53887e+06, 0
1.18377e+07, 5.08871e+06, 0
1.08048e+07, 5.32017e+06, 0
8.67193e+06, 2.12771e+06, 0
1.0986e+07, 3.01322e+06, 0
1.17673e+07, 1.06609e+06, 0
9.44384e+06, 2.16528e+06, 0
9.42334e+06, 3.86084e+06, 0
9.20962e+06, 2.07698e+06, 0
9.3049e+06, 369024, 0
7.8303e+06, 1.06572e+06, 0
1.11454e+07, 5.29763e+06, 0
9.24497e+06, 3.57721e+06, 0
1.11197e+07, 1.39401e+06, 0
1.04487e+07, 3.32821e+06, 0
8.59084e+06, 1.04287e+06, 0
1.55404e+07, 8.09448e+06, 0
1.07649e+07, 3.36598e+06, 0
1.15932e+07, 972001, 0
8.29249e+06, 1.23491e+06, 0
8.69361e+06, 1.68894e+06, 0
8.91855e+06, 2.61108e+06, 0
1.24373e+07, 3.84156e+06, 0
1.00354e+07, 2.60016e+06, 0
1.11945e+07, 5.84792e+06, 0
1.10627e+07, 2.75678e+06, 0
9.2781e+06, 827293, 0
9.94208e+06, 718779, 0
1.15851e+07, 5.03928e+06, 0
1.69311e+07, 947394, 0
8.74133e+06, 2.28017e+06, 0
1.20781e+07, 3.69523e+06, 0
1.04505e+07, 2.70568e+06, 0
1.12737e+07, 3.68806e+06, 0
1.00824e+07, 4.41185e+06, 0
1.01103e+07, 4.12901e+06, 0
9.32396e+06, 3.29001e+06, 0
8.60758e+06, 695637, 0
9.16647e+06, 3.26212e+06, 0
1.56109e+07, 958446, 0
8.24336e+06, 1.82008e+06, 0
8.58336e+06, 1.5646e+06, 0
9.18052e+06, 2.89224e+06, 0
8.61375e+06, 1.76852e+06, 0
9.89948e+06, 3.6661e+06, 0
1.05679e+07, 3.30906e+06, 0
1.5736e+07, 6.90051e+06, 0
1.1353e+07, 3.8767e+06, 0
1.04067e+07, 3.10875e+06, 0
9.22813e+06, 2.93749e+06, 0
1.29947e+07, 3.64453e+06, 0
1.23584e+07, 2.05409e+06, 0
1.10014e+07, 2.81586e+06, 0
9.81098e+06, 3.98099e+06, 0
8.3308e+06, 2.09487e+06, 0
8.86073e+06, 2.39738e+06, 0
9.98459e+06, 3.44505e+06, 0
1.61455e+07, 4.17982e+06, 0
9.12441e+06, 1.96542e+06, 0
9.11299e+06, 2.18247e+06, 0
1.14448e+07, 4.53793e+06, 0
1.43911e+07, 1.15254e+06, 0
9.70478e+06, 837704, 0
1.10754e+07, 4.44989e+06, 0
8.60708e+06, 1.77548e+06, 0
9.22627e+06, 2.9144e+06, 0
8.73903e+06, 2.36692e+06, 0
8.28661e+06, 1.16623e+06, 0
1.21477e+07, 4.11518e+06, 0
1.15562e+07, 4.74618e+06, 0
8.19929e+06, 1.98483e+06, 0
9.92838e+06, 2.11259e+06, 0
9.27635e+06, 2.2218e+06, 0
1.22615e+07, 2.08565e+06, 0
1.03165e+07, 4.36873e+06, 0
1.29289e+07, 1.56476e+06, 0
9.9952e+06, 4.20897e+06, 0
1.02202e+07, 2.89515e+06, 0
1.3342e+07, 6.69707e+06, 0
1.08159e+07, 5.02621e+06, 0
9.29066e+06, 2.72059e+06, 0
9.31384e+06, 3.353e+06, 0
8.60698e+06, 2.35518e+06, 0
8.7495e+06, 1.67077e+06, 0
1.155e+07, 3.45183e+06, 0
9.33755e+06, 3.44032e+06, 0
9.52912e+06, 1.20317e+06, 0
1.17751e+07, 6.32171e+06, 0
1.14292e+07, 5.56762e+06, 0
8.40195e+06, 1.97928e+06, 0
9.31873e+06, 3.66348e+06, 0
1.11828e+07, 4.4094e+06, 0
9.78021e+06, 3.74079e+06, 0
1.05255e+07, 2.37642e+06, 0
8.91505e+06, 2.54022e+06, 0
1.33511e+07, 5.13413e+06, 0
1.29159e+07, 2.43047e+06, 0
1.37729e+07, 7.99046e+06, 0
1.02264e+07, 2.91503e+06, 0
8.08582e+06, 1.24655e+06, 0
1.29549e+07, 3.75624e+06, 0
8.77213e+06, 2.88643e+06, 0
1.20271e+07, 5.60909e+06, 0
1.00821e+07, 3.23367e+06, 0
9.89309e+06, 3.4297e+06, 0
1.04683e+07, 4.01316e+06, 0
1.01156e+07, 1.18069e+06, 0
9.93612e+06, 3.83408e+06, 0
7.96129e+06, 1.4697e+06, 0
1.12551e+07, 3.3678e+06, 0
8.89627e+06, 2.84666e+06, 0
8.59178e+06, 2.53407e+06, 0
8.50183e+06, 1.0776e+06, 0
1.01707e+07, 1.35646e+06, 0
1.03031e+07, 649471, 0
9.10143e+06, 3.18513e+06, 0
1.19855e+07, 2.07233e+06, 0
8.72768e+06, 2.68106e+06, 0
9.82266e+06, 4.08426e+06, 0
8.32594e+06, 658669, 0
1.50315e+07, 7.23069e+06, 0
9.39628e+06, 3.42079e+06, 0
1.38143e+07, 6.40247e+06, 0
9.38571e+06, 2.91451e+06, 0
1.09806e+07, 4.23383e+06, 0
1.19046e+07, 429563, 0
9.11218e+06, 3.51664e+06, 0
7.87662e+06, 408979, 0
1.19519e+07, 5.7198e+06, 0
9.27207e+06, 2.72078e+06, 0
1.36014e+07, 6.89455e+06, 0
8.86707e+06, 1.85173e+06, 0
9.1233e+06, 2.77613e+06, 0
9.05512e+06, 3.35514e+06, 0
7.96842e+06, 1.08212e+06, 0
8.99223e+06, 2.70169e+06, 0
1.13957e+07, 3.18782e+06, 0
1.54722e+07, 5.11783e+06, 0
8.93244e+06, 2.18366e+06, 0
9.18644e+06, 3.35936e+06, 0
1.0907e+07, 3.82051e+06, 0
1.31698e+07, 7.00009e+06, 0
1.1435e+07, 5.9215e+06, 0
1.08578e+07, 3.10845e+06, 0
9.47943e+06, 3.63363e+06, 0
1.25837e+07, 4.41863e+06, 0
1.13999e+07, 3.67857e+06, 0
1.23001e+07, 5.55822e+06, 0
9.94646e+06, 2.43718e+06, 0
8.98244e+06, 2.37221e+06, 0
9.13965e+06, 2.06713e+06, 0
9.77577e+06, 4.087e+06, 0
9.48692e+06, 1.80265e+06, 0
1.12422e+07, 2.81275e+06, 0
1.0974e+07, 2.60192e+06, 0
1.40229e+07, 6.26992e+06, 0
8.34438e+06, 1.0726e+06, 0
1.00316e+07, 582185, 0
8.9632e+06, 3.28013e+06, 0
8.28569e+06, 1.4591e+06, 0
9.82416e+06, 2.87876e+06, 0
1.00746e+07, 1.18113e+06, 0
1.06803e+07, 4.75753e+06, 0
1.32181e+07, 3.84852e+06, 0
8.3293e+06, 566346, 0
9.1463e+06, 3.55988e+06, 0
1.06244e+07, 4.57039e+06, 0
8.10521e+06, 1.74463e+06, 0
1.02802e+07, 3.49042e+06, 0
8.69669e+06, 1.89497e+06, 0
1.23552e+07, 1.24779e+06, 0
1.4515e+07, 1.14982e+06, 0
8.00275e+06, 1.40229e+06, 0
1.71774e+07, 7.96292e+06, 0
8.84323e+06, 504175, 0
1.0665e+07, 4.40634e+06, 0
1.10199e+07, 5.29611e+06, 0
1.39321e+07, 5.43987e+06, 0
1.04672e+07, 5.04281e+06, 0
9.0414e+06, 2.90518e+06, 0
1.01244e+07, 3.27069e+06, 0
9.19283e+06, 2.09464e+06, 0
7.87289e+06, 870715, 0
9.51133e+06, 1.93108e+06, 0
1.04117e+07, 1.9313e+06, 0
1.25538e+07, 2.82263e+06, 0
9.10142e+06, 2.76463e+06, 0
1.28449e+07, 2.61814e+06, 0
1.24634e+07, 4.37984e+06, 0
1.07752e+07, 3.21635e+06, 0
8.49038e+06, 2.50823e+06, 0
9.06375e+06, 3.25526e+06, 0
1.17913e+07, 3.83447e+06, 0
9.62962e+06, 2.86256e+06, 0
1.3075e+07, 4.40392e+06, 0
9.64244e+06, 3.67684e+06, 0
9.66931e+06, 1.23376e+06, 0
1.12241e+07, 3.08812e+06, 0
1.17836e+07, 3.06631e+06, 0
8.60041e+06, 2.68574e+06, 0
8.60259e+06, 1.98727e+06, 0
