6.78985e+06, 1.94401e+06, 0
1.01208e+07, 5.84015e+06, 0
4.31799e+06, 1.34493e+06, 0
1.06078e+07, 2.08582e+06, 0
8.6409e+06, 4.18948e+06, 0
7.73617e+06, 2.91942e+06, 0
5.58276e+06, 1.52903e+06, 0
7.28042e+06, 3.39577e+06, 0
4.42429e+06, 198877, 0
1.0745e+07, 3.15283e+06, 0
9.30354e+06, 2.55798e+06, 0
6.07104e+06, 3.1357e+06, 0
9.39357e+06, 1.91503e+06, 0
8.26118e+06, 1.52254e+06, 0
9.15861e+06, 5.19576e+06, 0
7.41682e+06, 4.47981e+06, 0
1.09446e+07, 1.5188e+06, 0
6.15184e+06, 2.98744e+06, 0
8.24003e+06, 1.08554e+06, 0
1.09511e+07, 3.86316e+06, 0
4.6093e+06, 947436, 0
5.07675e+06, 1.53851e+06, 0
8.24757e+06, 4.71048e+06, 0
8.96937e+06, 4.71337e+06, 0
1.15072e+07, 4.22847e+06, 0
6.35616e+06, 3.43725e+06, 0
5.81226e+06, 2.58925e+06, 0
8.60674e+06, 3.12386e+06, 0
9.70455e+06, 3.56842e+06, 0
5.42568e+06, 1.79054e+06, 0
5.14245e+06, 1.80591e+06, 0
7.94958e+06, 4.7032e+06, 0
8.8304e+06, 4.99633e+06, 0
8.57251e+06, 3.17698e+06, 0
6.12439e+06, 2.21359e+06, 0
6.05985e+06, 1.07911e+06, 0
7.42987e+06, 418773, 0
5.13842e+06, 2.3177e+06, 0
8.25774e+06, 2.62093e+06, 0
6.65148e+06, 4.00923e+06, 0
8.54344e+06, 3.47133e+06, 0
7.05749e+06, 1.06376e+06, 0
6.49187e+06, 1.53456e+06, 0
8.13049e+06, 5.18189e+06, 0
7.13951e+06, 3.25756e+06, 0
5.89391e+06, 3.29318e+06, 0
7.67351e+06, 4.07855e+06, 0
7.98519e+06, 3.4565e+06, 0
4.11418e+06, 465213, 0
6.08186e+06, 1.99604e+06, 0
4.68833e+06, 1.45921e+06, 0
6.57425e+06, 3.84367e+06, 0
4.17795e+06, 748363, 0
8.74254e+06, 1.01553e+06, 0
6.43511e+06, 2.56985e+06, 0
9.76725e+06, 4.69104e+06, 0
1.51572e+07, 8.54245e+06, 0
9.87268e+06, 2.98681e+06, 0
7.49214e+06, 3.1805e+06, 0
7.22104e+06, 4.36371e+06, 0
9.73086e+06, 5.169e+06, 0
7.25265e+06, 3.33125e+06, 0
9.16159e+06, 3.82652e+06, 0
6.29952e+06, 2.70449e+06, 0
9.13343e+06, 3.82559e+06, 0
1.02367e+07, 5.08e+06, 0
6.03906e+06, 1.70115e+06, 0
1.00136e+07, 6.74182e+06, 0
9.35105e+06, 5.61742e+06, 0
6.73951e+06, 2.80193e+06, 0
4.21738e+06, 1.54874e+06, 0
6.13545e+06, 926632, 0
9.94026e+06, 5.60579e+06, 0
1.40056e+07, 7.41953e+06, 0
6.36967e+06, 2.97043e+06, 0
7.66419e+06, 2.99008e+06, 0
9.23666e+06, 1.17888e+06, 0
7.34782e+06, 2.68212e+06, 0
7.2493e+06, 924947, 0
8.18859e+06, 5.07382e+06, 0
3.96279e+06, 1.28478e+06, 0
5.51696e+06, 852599, 0
7.78945e+06, 2.35675e+06, 0
7.18094e+06, 3.77906e+06, 0
7.93531e+06, 3.42945e+06, 0
6.32388e+06, 2.23564e+06, 0
7.27446e+06, 1.39923e+06, 0
8.71793e+06, 4.82595e+06, 0
7.13577e+06, 2.18383e+06, 0
7.56971e+06, 2.00604e+06, 0
9.48073e+06, 3.4572e+06, 0
5.81814e+06, 2.86327e+06, 0
5.56145e+06, 2.60544e+06, 0
1.1603e+07, 5.21598e+06, 0
9.03748e+06, 2.80554e+06, 0
1.00706e+07, 1.43892e+06, 0
1.04905e+07, 963472, 0
5.217e+06, 2.15164e+06, 0
7.21432e+06, 3.4711e+06, 0
9.22683e+06, 1.18252e+06, 0
7.14923e+06, 2.20038e+06, 0
9.21533e+06, 2.46731e+06, 0
5.67717e+06, 1.81074e+06, 0
4.87243e+06, 358470, 0
7.93033e+06, 3.51764e+06, 0
8.14462e+06, 4.58513e+06, 0
5.53299e+06, 2.14404e+06, 0
1.09375e+07, 7.09842e+06, 0
6.88452e+06, 964267, 0
5.94171e+06, 2.49158e+06, 0
7.00633e+06, 2.01113e+06, 0
4.64051e+06, 1.61098e+06, 0
9.62028e+06, 1.99794e+06, 0
7.33414e+06, 1.37901e+06, 0
4.36006e+06, 1.83849e+06, 0
7.90191e+06, 4.23715e+06, 0
4.85829e+06, 285711, 0
5.34476e+06, 1.84763e+06, 0
5.11921e+06, 815433, 0
4.42374e+06, 659685, 0
4.70573e+06, 2.0024e+06, 0
9.70356e+06, 1.41735e+06, 0
6.19722e+06, 3.38111e+06, 0
6.1393e+06, 3.35221e+06, 0
1.11496e+07, 5.61679e+06, 0
5.43728e+06, 1.86998e+06, 0
4.26262e+06, 1.61669e+06, 0
1.41441e+07, 5.62372e+06, 0
1.53468e+07, 3.95416e+06, 0
5.27531e+06, 2.01096e+06, 0
9.64536e+06, 4.01864e+06, 0
9.31778e+06, 3.30943e+06, 0
5.46964e+06, 959543, 0
7.00635e+06, 3.41107e+06, 0
7.4397e+06, 2.28531e+06, 0
5.90379e+06, 3.38159e+06, 0
8.23272e+06, 1.00762e+06, 0
8.99453e+06, 3.9481e+06, 0
5.70104e+06, 801297, 0
7.87793e+06, 4.35366e+06, 0
1.00344e+07, 3.59213e+06, 0
4.89206e+06, 1.53992e+06, 0
4.43997e+06, 1.22443e+06, 0
7.9968e+06, 931329, 0
7.54666e+06, 3.85836e+06, 0
4.97935e+06, 1.16263e+06, 0
5.46445e+06, 2.90232e+06, 0
1.35049e+07, 1.69599e+06, 0
7.27439e+06, 2.26578e+06, 0
7.77753e+06, 2.0758e+06, 0
8.23944e+06, 4.39888e+06, 0
6.80321e+06, 1.05527e+06, 0
5.33194e+06, 1.89391e+06, 0
7.91738e+06, 3.29945e+06, 0
7.66331e+06, 4.03283e+06, 0
8.07011e+06, 2.54266e+06, 0
6.50142e+06, 1.93156e+06, 0
6.11987e+06, 1.94908e+06, 0
7.50912e+06, 2.12536e+06, 0
4.04071e+06, 1.07041e+06, 0
5.172e+06, 2.49884e+06, 0
7.55991e+06, 3.87344e+06, 0
5.9554e+06, 2.7843e+06, 0
7.6154e+06, 1.69955e+06, 0
4.80411e+06, 2.05514e+06, 0
8.13935e+06, 1.08547e+06, 0
8.5295e+06, 5.28382e+06, 0
5.32939e+06, 840602, 0
5.6636e+06, 3.11279e+06, 0
5.19184e+06, 2.62043e+06, 0
9.9655e+06, 2.44412e+06, 0
4.64185e+06, 2.20256e+06, 0
7.11368e+06, 635875, 0
4.31832e+06, 872287, 0
5.65903e+06, 3.19314e+06, 0
7.82343e+06, 3.342e+06, 0
9.61327e+06, 1.41805e+06, 0
9.82752e+06, 2.67598e+06, 0
7.19884e+06, 1.39992e+06, 0
7.91367e+06, 3.72543e+06, 0
6.30432e+06, 1.26829e+06, 0
7.52152e+06, 4.11418e+06, 0
9.05583e+06, 1.43406e+06, 0
7.58892e+06, 2.72644e+06, 0
1.23707e+07, 3.36328e+06, 0
6.93499e+06, 4.02432e+06, 0
4.65934e+06, 1.53503e+06, 0
5.7914e+06, 1.62078e+06, 0
1.13236e+07, 4.04038e+06, 0
5.92899e+06, 3.11084e+06, 0
7.19105e+06, 3.41657e+06, 0
4.92362e+06, 2.41063e+06, 0
9.85158e+06, 5.74202e+06, 0
4.80227e+06, 873158, 0
5.62125e+06, 2.35068e+06, 0
1.39238e+07, 4.81739e+06, 0
9.1092e+06, 4.93075e+06, 0
8.08066e+06, 1.99963e+06, 0
5.09872e+06, 448917, 0
4.62636e+06, 1.68555e+06, 0
6.8793e+06, 1.23507e+06, 0
7.75096e+06, 2.52228e+06, 0
1.19003e+07, 6.7774e+06, 0
7.86648e+06, 4.68807e+06, 0
7.43473e+06, 4.70087e+06, 0
9.28463e+06, 4.56161e+06, 0
7.81776e+06, 4.16923e+06, 0
6.17416e+06, 3.34307e+06, 0
5.17494e+06, 1.49055e+06, 0
8.13608e+06, 5.0016e+06, 0
5.80143e+06, 1.81137e+06, 0
5.65985e+06, 2.79431e+06, 0
7.3566e+06, 1.93539e+06, 0
6.56517e+06, 2.24986e+06, 0
9.80414e+06, 6.44702e+06, 0
3.92576e+06, 1.21428e+06, 0
4.18728e+06, 1.31387e+06, 0
6.36483e+06, 2.311e+06, 0
6.68e+06, 3.29985e+06, 0
5.9697e+06, 2.79065e+06, 0
1.12809e+07, 3.09595e+06, 0
8.21059e+06, 2.072e+06, 0
6.46056e+06, 1.80686e+06, 0
7.94175e+06, 1.91467e+06, 0
6.38034e+06, 3.50149e+06, 0
6.27357e+06, 1.59461e+06, 0
6.51161e+06, 1.58858e+06, 0
8.28606e+06, 2.26652e+06, 0
8.5766e+06, 3.91544e+06, 0
6.35985e+06, 2.00938e+06, 0
4.7365e+06, 647124, 0
5.33881e+06, 402439, 0
1.14971e+07, 2.45164e+06, 0
9.51578e+06, 2.78357e+06, 0
6.2005e+06, 1.30294e+06, 0
8.3749e+06, 1.08214e+06, 0
9.23334e+06, 4.53008e+06, 0
9.02461e+06, 5.1571e+06, 0
4.91479e+06, 2.47963e+06, 0
8.66928e+06, 4.48665e+06, 0
4.97038e+06, 1.0033e+06, 0
8.75946e+06, 2.06413e+06, 0
9.71374e+06, 3.19859e+06, 0
8.94867e+06, 5.0744e+06, 0
3.76955e+06, 883227, 0
8.44464e+06, 1.14836e+06, 0
5.5658e+06, 2.12664e+06, 0
1.21465e+07, 7.88483e+06, 0
6.04634e+06, 3.09901e+06, 0
7.28919e+06, 4.59874e+06, 0
6.73439e+06, 1.37503e+06, 0
1.18828e+07, 6.27089e+06, 0
4.3267e+06, 1.29797e+06, 0
5.364e+06, 2.09268e+06, 0
4.77319e+06, 384792, 0
7.47807e+06, 2.08452e+06, 0
1.00148e+07, 4.88894e+06, 0
4.6343e+06, 317325, 0
7.9288e+06, 4.81363e+06, 0
7.07716e+06, 2.54854e+06, 0
1.03144e+07, 1.86712e+06, 0
6.17928e+06, 3.3605e+06, 0
7.10367e+06, 532833, 0
7.45382e+06, 2.32775e+06, 0
7.00163e+06, 3.18519e+06, 0
6.79018e+06, 2.5999e+06, 0
7.90331e+06, 2.72897e+06, 0
9.04809e+06, 3.35097e+06, 0
7.38222e+06, 4.22713e+06, 0
7.4572e+06, 2.92196e+06, 0
5.90806e+06, 2.38691e+06, 0
5.6999e+06, 1.59965e+06, 0
9.28797e+06, 3.42897e+06, 0
6.37027e+06, 2.71597e+06, 0
8.44985e+06, 4.63364e+06, 0
6.65116e+06, 3.75908e+06, 0
6.03814e+06, 2.56311e+06, 0
5.12484e+06, 2.65854e+06, 0
4.43232e+06, 1.74855e+06, 0
9.49385e+06, 1.58302e+06, 0
5.99985e+06, 1.13015e+06, 0
7.79433e+06, 3.8377e+06, 0
1.1009e+07, 6.40948e+06, 0
8.54496e+06, 5.59379e+06, 0
8.26413e+06, 2.08113e+06, 0
7.29023e+06, 1.07152e+06, 0
7.01119e+06, 3.95479e+06, 0
7.53497e+06, 4.40336e+06, 0
1.05705e+07, 1.49844e+06, 0
8.70369e+06, 2.24685e+06, 0
5.13716e+06, 2.23416e+06, 0
5.72026e+06, 2.42228e+06, 0
6.23591e+06, 2.20716e+06, 0
5.437e+06, 2.71828e+06, 0
4.96925e+06, 2.34125e+06, 0
7.71331e+06, 1.27232e+06, 0
9.8453e+06, 3.59612e+06, 0
6.98741e+06, 2.15833e+06, 0
1.21394e+07, 3.52127e+06, 0
6.25299e+06, 3.72445e+06, 0
8.58496e+06, 4.51227e+06, 0
7.23779e+06, 886102, 0
3.90838e+06, 962655, 0
8.02147e+06, 3.12241e+06, 0
9.47991e+06, 3.55565e+06, 0
4.15558e+06, 928687, 0
7.86664e+06, 3.45319e+06, 0
8.64125e+06, 4.7407e+06, 0
9.3789e+06, 5.04508e+06, 0
6.82194e+06, 3.06972e+06, 0
6.1833e+06, 2.43841e+06, 0
7.86069e+06, 3.88463e+06, 0
8.09724e+06, 3.84895e+06, 0
6.54102e+06, 2.21427e+06, 0
7.60935e+06, 2.92217e+06, 0
6.4523e+06, 3.85474e+06, 0
9.43924e+06, 674722, 0
4.19011e+06, 985284, 0
6.78616e+06, 2.28411e+06, 0
5.45384e+06, 2.68703e+06, 0
8.86665e+06, 2.93199e+06, 0
5.13222e+06, 2.22018e+06, 0
7.12372e+06, 2.3568e+06, 0
6.75776e+06, 2.57999e+06, 0
9.20808e+06, 5.05333e+06, 0
7.67646e+06, 4.15413e+06, 0
6.37889e+06, 3.0204e+06, 0
4.99631e+06, 2.36445e+06, 0
5.32934e+06, 2.06839e+06, 0
4.5766e+06, 1.78835e+06, 0
5.89628e+06, 1.39495e+06, 0
8.38181e+06, 3.87514e+06, 0
5.75897e+06, 676145, 0
3.93053e+06, 1.26285e+06, 0
5.71252e+06, 694456, 0
8.53538e+06, 3.92834e+06, 0
8.53296e+06, 3.35819e+06, 0
6.27362e+06, 1.45355e+06, 0
5.3403e+06, 2.845e+06, 0
8.10014e+06, 3.78991e+06, 0
5.89797e+06, 2.46814e+06, 0
8.43536e+06, 2.55233e+06, 0
7.80963e+06, 3.09519e+06, 0
6.6789e+06, 1.90184e+06, 0
1.04927e+07, 2.01964e+06, 0
8.56513e+06, 3.14749e+06, 0
5.30042e+06, 2.76595e+06, 0
4.79395e+06, 1.94453e+06, 0
5.67415e+06, 1.86466e+06, 0
7.61485e+06, 1.62295e+06, 0
1.03879e+07, 3.14308e+06, 0
9.04794e+06, 5.71474e+06, 0
9.23566e+06, 4.17722e+06, 0
9.46508e+06, 4.95915e+06, 0
1.0899e+07, 5.22652e+06, 0
6.34878e+06, 1.36449e+06, 0
5.13443e+06, 1.136e+06, 0
8.20604e+06, 1.45135e+06, 0
8.20411e+06, 3.40235e+06, 0
6.39992e+06, 1.48401e+06, 0
4.26621e+06, 1.74546e+06, 0
1.11577e+07, 7.09856e+06, 0
6.89036e+06, 1.8583e+06, 0
7.53868e+06, 3.28819e+06, 0
5.93052e+06, 2.31143e+06, 0
9.51128e+06, 2.77886e+06, 0
1.18965e+07, 2.91898e+06, 0
7.01989e+06, 3.25777e+06, 0
8.02661e+06, 3.49371e+06, 0
7.36769e+06, 4.28256e+06, 0
6.30929e+06, 3.58751e+06, 0
7.41912e+06, 4.38142e+06, 0
1.40322e+07, 6.23222e+06, 0
1.17626e+07, 7.35369e+06, 0
7.17222e+06, 1.80884e+06, 0
3.67993e+06, 693753, 0
1.09705e+07, 2.74636e+06, 0
1.13508e+07, 2.07452e+06, 0
4.84048e+06, 1.5339e+06, 0
1.00207e+07, 5.79476e+06, 0
8.31443e+06, 2.58513e+06, 0
6.44393e+06, 1.1455e+06, 0
4.31474e+06, 1.1525e+06, 0
1.0592e+07, 1.24875e+06, 0
4.93647e+06, 2.36617e+06, 0
6.95041e+06, 3.12054e+06, 0
5.37784e+06, 863817, 0
5.22054e+06, 2.10475e+06, 0
5.70751e+06, 2.23323e+06, 0
6.79911e+06, 3.50177e+06, 0
5.39774e+06, 2.00215e+06, 0
9.91664e+06, 4.77328e+06, 0
6.57199e+06, 3.58285e+06, 0
1.43042e+07, 4.55529e+06, 0
7.80454e+06, 3.30797e+06, 0
5.01281e+06, 2.45253e+06, 0
5.62143e+06, 527163, 0
4.37725e+06, 1.52874e+06, 0
7.75766e+06, 4.09552e+06, 0
5.57822e+06, 2.69056e+06, 0
6.35475e+06, 2.37256e+06, 0
8.10798e+06, 3.19242e+06, 0
6.65244e+06, 3.24124e+06, 0
8.00241e+06, 2.06772e+06, 0
5.82415e+06, 3.2471e+06, 0
5.36698e+06, 2.76486e+06, 0
5.44905e+06, 1.22504e+06, 0
7.92595e+06, 3.40101e+06, 0
7.3712e+06, 4.2899e+06, 0
5.98743e+06, 1.33269e+06, 0
9.05087e+06, 4.31315e+06, 0
7.95477e+06, 2.44618e+06, 0
1.03573e+07, 1.63383e+06, 0
7.51709e+06, 1.56533e+06, 0
7.17819e+06, 3.95428e+06, 0
1.0592e+07, 5.39577e+06, 0
5.25065e+06, 2.80737e+06, 0
6.63688e+06, 3.47108e+06, 0
7.17568e+06, 1.53546e+06, 0
4.90579e+06, 1.84732e+06, 0
5.17039e+06, 1.10866e+06, 0
9.4016e+06, 4.42634e+06, 0
1.03892e+07, 4.81173e+06, 0
7.43863e+06, 3.60659e+06, 0
5.78189e+06, 2.01882e+06, 0
7.70653e+06, 4.75082e+06, 0
6.83875e+06, 1.625e+06, 0
9.06424e+06, 4.80684e+06, 0
4.75403e+06, 881111, 0
7.65549e+06, 613329, 0
6.9378e+06, 569289, 0
5.52206e+06, 1.89826e+06, 0
1.18499e+07, 1.20582e+06, 0
9.21961e+06, 2.22255e+06, 0
1.17685e+07, 5.83348e+06, 0
4.4392e+06, 1.85561e+06, 0
9.13109e+06, 4.36124e+06, 0
7.99864e+06, 4.69819e+06, 0
8.45085e+06, 4.84507e+06, 0
9.0291e+06, 5.92074e+06, 0
8.2599e+06, 5.00466e+06, 0
7.97549e+06, 3.55418e+06, 0
4.72994e+06, 1.09479e+06, 0
6.64258e+06, 3.91567e+06, 0
6.04454e+06, 1.07096e+06, 0
6.39014e+06, 2.88417e+06, 0
7.19741e+06, 2.49651e+06, 0
6.47188e+06, 1.55519e+06, 0
6.83991e+06, 1.98124e+06, 0
9.36086e+06, 2.0078e+06, 0
9.82629e+06, 6.32219e+06, 0
1.08208e+07, 7.00077e+06, 0
6.14691e+06, 3.55174e+06, 0
8.58303e+06, 5.64024e+06, 0
1.05709e+07, 4.05574e+06, 0
4.94219e+06, 1.30905e+06, 0
6.63373e+06, 3.05852e+06, 0
5.18093e+06, 1.384e+06, 0
5.22066e+06, 753476, 0
8.5102e+06, 3.84532e+06, 0
5.11925e+06, 1.59512e+06, 0
6.084e+06, 1.92338e+06, 0
5.84248e+06, 2.06938e+06, 0
4.59803e+06, 1.20589e+06, 0
6.93367e+06, 2.32119e+06, 0
5.95599e+06, 3.218e+06, 0
5.81882e+06, 2.27996e+06, 0
1.02859e+07, 4.94983e+06, 0
9.19651e+06, 4.58631e+06, 0
5.00051e+06, 1.7032e+06, 0
3.66372e+06, 711295, 0
5.72841e+06, 2.39564e+06, 0
1.01844e+07, 4.95254e+06, 0
6.96911e+06, 3.1202e+06, 0
5.59209e+06, 1.14723e+06, 0
6.22374e+06, 3.47824e+06, 0
9.46971e+06, 4.71652e+06, 0
1.08216e+07, 2.58708e+06, 0
6.67913e+06, 3.82603e+06, 0
5.78773e+06, 1.5561e+06, 0
7.5074e+06, 2.48438e+06, 0
6.49973e+06, 2.16378e+06, 0
7.29994e+06, 3.63383e+06, 0
7.45017e+06, 4.05394e+06, 0
6.51343e+06, 3.81407e+06, 0
7.48217e+06, 2.98626e+06, 0
1.22865e+07, 6.1933e+06, 0
9.5712e+06, 3.10363e+06, 0
8.31e+06, 3.61197e+06, 0
8.07734e+06, 2.45852e+06, 0
6.11499e+06, 1.09495e+06, 0
3.84979e+06, 1.02386e+06, 0
7.72402e+06, 2.93721e+06, 0
4.40298e+06, 103991, 0
3.73606e+06, 454992, 0
7.39032e+06, 4.53961e+06, 0
1.12578e+07, 3.32436e+06, 0
8.30842e+06, 5.15872e+06, 0
5.60121e+06, 1.61748e+06, 0
6.42934e+06, 2.90284e+06, 0
5.97203e+06, 3.43657e+06, 0
9.56157e+06, 2.61946e+06, 0
1.02646e+07, 3.00877e+06, 0
1.2169e+07, 6.33712e+06, 0
6.85951e+06, 3.43334e+06, 0
5.98903e+06, 2.28663e+06, 0
4.01461e+06, 975967, 0
5.09113e+06, 2.33103e+06, 0
1.01842e+07, 5.97211e+06, 0
1.01353e+07, 844342, 0
9.86733e+06, 6.41951e+06, 0
7.20447e+06, 4.26107e+06, 0
1.17098e+07, 5.95244e+06, 0
5.74527e+06, 2.10409e+06, 0
4.28866e+06, 1.07306e+06, 0
5.21461e+06, 2.474e+06, 0
5.52152e+06, 1.63988e+06, 0
7.29582e+06, 1.95018e+06, 0
9.15509e+06, 1.82888e+06, 0
4.35149e+06, 223525, 0
7.45914e+06, 3.4121e+06, 0
6.09862e+06, 2.77789e+06, 0
8.4044e+06, 2.8799e+06, 0
6.44138e+06, 2.86068e+06, 0
8.10454e+06, 36550.4, 0
6.89287e+06, 4.05913e+06, 0
6.08397e+06, 2.62744e+06, 0
9.11976e+06, 2.75464e+06, 0
5.03923e+06, 1.84252e+06, 0
7.20963e+06, 1.50313e+06, 0
4.95126e+06, 1.15648e+06, 0
8.74499e+06, 5.32783e+06, 0
6.99442e+06, 4.24843e+06, 0
6.68792e+06, 1.32233e+06, 0
5.98824e+06, 3.08991e+06, 0
7.84146e+06, 1.45798e+06, 0
6.72848e+06, 2.82124e+06, 0
6.47531e+06, 1.77797e+06, 0
7.09936e+06, 1.3616e+06, 0
8.4915e+06, 2.81409e+06, 0
7.15565e+06, 1.16775e+06, 0
8.72399e+06, 4.05516e+06, 0
5.81424e+06, 498683, 0
7.01655e+06, 2.41542e+06, 0
9.03653e+06, 4.10393e+06, 0
1.09193e+07, 5.66994e+06, 0
4.58112e+06, 1.01371e+06, 0
9.76788e+06, 5.37025e+06, 0
8.56761e+06, 3.57361e+06, 0
6.09957e+06, 3.3942e+06, 0
7.82457e+06, 3.07985e+06, 0
7.04219e+06, 824149, 0
7.6954e+06, 4.59009e+06, 0
6.54501e+06, 3.94978e+06, 0
7.42433e+06, 4.47961e+06, 0
9.32461e+06, 2.05323e+06, 0
1.01714e+07, 2.21854e+06, 0
1.01775e+07, 2.96994e+06, 0
5.99219e+06, 414979, 0
1.27728e+07, 1.05866e+06, 0
6.64325e+06, 1.43075e+06, 0
9.8722e+06, 4.6296e+06, 0
6.87956e+06, 1.77675e+06, 0
6.72502e+06, 2.73511e+06, 0
9.07402e+06, 2.56487e+06, 0
1.37678e+07, 4.55007e+06, 0
6.40145e+06, 1.51355e+06, 0
9.21201e+06, 3.08717e+06, 0
5.86891e+06, 3.18911e+06, 0
7.85648e+06, 1.55496e+06, 0
1.00036e+07, 4.75517e+06, 0
1.03262e+07, 6.50989e+06, 0
9.92401e+06, 3.21002e+06, 0
7.3077e+06, 3.36801e+06, 0
1.13083e+07, 5.94038e+06, 0
7.51643e+06, 3.47273e+06, 0
5.00211e+06, 1.74557e+06, 0
7.95693e+06, 5.04485e+06, 0
1.10446e+07, 2.52428e+06, 0
5.51928e+06, 1.12145e+06, 0
5.88808e+06, 2.41035e+06, 0
1.38505e+07, 1.4848e+06, 0
4.22428e+06, 1.20262e+06, 0
8.08976e+06, 608998, 0
7.58592e+06, 878093, 0
4.51083e+06, 2.0375e+06, 0
9.30728e+06, 2.28189e+06, 0
7.2997e+06, 771004, 0
6.64477e+06, 2.78015e+06, 0
9.77394e+06, 6.11272e+06, 0
5.28923e+06, 2.85696e+06, 0
4.99346e+06, 580721, 0
4.25517e+06, 1.60372e+06, 0
6.71733e+06, 3.50087e+06, 0
7.28299e+06, 659345, 0
4.20139e+06, 1.11552e+06, 0
6.84844e+06, 2.17562e+06, 0
4.88604e+06, 2.09003e+06, 0
9.59073e+06, 1.54996e+06, 0
8.99654e+06, 4.1414e+06, 0
1.18607e+07, 6.64995e+06, 0
5.83507e+06, 1.94386e+06, 0
7.73674e+06, 3.79266e+06, 0
9.53451e+06, 4.47902e+06, 0
1.01983e+07, 5.36274e+06, 0
9.92089e+06, 4.12859e+06, 0
1.00644e+07, 5.95986e+06, 0
9.39544e+06, 4.86907e+06, 0
9.97144e+06, 3.7447e+06, 0
5.49998e+06, 3.02115e+06, 0
9.24999e+06, 2.99623e+06, 0
5.78122e+06, 3.13962e+06, 0
4.67384e+06, 870366, 0
8.47535e+06, 2.40438e+06, 0
6.69547e+06, 3.73264e+06, 0
6.2967e+06, 3.36517e+06, 0
6.01622e+06, 1.5965e+06, 0
4.65269e+06, 1.97712e+06, 0
6.6552e+06, 3.83077e+06, 0
6.24404e+06, 829498, 0
5.80136e+06, 2.57424e+06, 0
6.75378e+06, 1.64889e+06, 0
7.56524e+06, 4.33023e+06, 0
1.15904e+07, 3.36082e+06, 0
5.58152e+06, 2.90156e+06, 0
4.01092e+06, 1.29304e+06, 0
7.19075e+06, 3.51681e+06, 0
1.03014e+07, 5.0278e+06, 0
4.19712e+06, 771318, 0
8.02219e+06, 3.5505e+06, 0
1.30648e+07, 5.40294e+06, 0
6.15466e+06, 2.06584e+06, 0
8.48662e+06, 1.12817e+06, 0
3.89482e+06, 506144, 0
9.27235e+06, 2.87844e+06, 0
7.40234e+06, 4.67503e+06, 0
1.21509e+07, 1.36494e+06, 0
7.34904e+06, 200436, 0
1.1502e+07, 2.90724e+06, 0
7.10259e+06, 3.02301e+06, 0
4.1433e+06, 900733, 0
4.84922e+06, 1.52716e+06, 0
1.05664e+07, 2.29202e+06, 0
4.31339e+06, 837586, 0
3.81578e+06, 734014, 0
9.62325e+06, 4.4347e+06, 0
6.07667e+06, 2.58268e+06, 0
6.14158e+06, 2.683e+06, 0
7.83373e+06, 1.82689e+06, 0
7.38698e+06, 4.4507e+06, 0
9.57957e+06, 4.44174e+06, 0
3.7284e+06, 343718, 0
4.91763e+06, 1.15348e+06, 0
1.36172e+07, 2.59481e+06, 0
4.56661e+06, 584665, 0
7.58955e+06, 1.5895e+06, 0
8.50835e+06, 2.57994e+06, 0
5.71566e+06, 2.0144e+06, 0
8.68418e+06, 3.08217e+06, 0
8.57391e+06, 5.25018e+06, 0
6.56296e+06, 2.1052e+06, 0
6.21898e+06, 3.33685e+06, 0
4.90428e+06, 2.46173e+06, 0
9.38395e+06, 508247, 0
5.17894e+06, 2.28606e+06, 0
4.39394e+06, 1.17349e+06, 0
5.96829e+06, 1.85327e+06, 0
8.5455e+06, 4.32098e+06, 0
5.8323e+06, 1.38082e+06, 0
4.27557e+06, 1.61505e+06, 0
9.37793e+06, 4.2786e+06, 0
4.63533e+06, 2.12607e+06, 0
6.75016e+06, 1.90812e+06, 0
1.00086e+07, 2.27481e+06, 0
7.18421e+06, 1.88067e+06, 0
8.7353e+06, 4.96726e+06, 0
9.07734e+06, 5.73825e+06, 0
5.56792e+06, 1.97581e+06, 0
6.85652e+06, 1.78902e+06, 0
9.56957e+06, 2.66308e+06, 0
4.70739e+06, 1.14585e+06, 0
8.87916e+06, 4.10611e+06, 0
7.75965e+06, 4.98541e+06, 0
9.26862e+06, 5.50019e+06, 0
5.65067e+06, 3.01126e+06, 0
8.69918e+06, 4.85511e+06, 0
5.16742e+06, 2.64546e+06, 0
8.87711e+06, 2.71203e+06, 0
5.2723e+06, 2.2173e+06, 0
8.22139e+06, 2.23011e+06, 0
3.82343e+06, 486595, 0
4.95194e+06, 465704, 0
5.87174e+06, 1.56036e+06, 0
9.51887e+06, 1.09645e+06, 0
4.3981e+06, 949451, 0
4.82227e+06, 2.30825e+06, 0
6.91896e+06, 2.14333e+06, 0
8.80843e+06, 2.96015e+06, 0
5.94515e+06, 2.97777e+06, 0
8.65264e+06, 4.65718e+06, 0
1.11767e+07, 3.65574e+06, 0
5.27526e+06, 1.32908e+06, 0
5.37398e+06, 1.79627e+06, 0
4.48185e+06, 1.60578e+06, 0
8.46104e+06, 3.25877e+06, 0
6.41848e+06, 3.50479e+06, 0
9.25045e+06, 3.70695e+06, 0
8.04693e+06, 4.9924e+06, 0
1.10495e+07, 5.59814e+06, 0
7.19498e+06, 2.57389e+06, 0
7.27943e+06, 4.26565e+06, 0
7.90929e+06, 3.87936e+06, 0
4.66457e+06, 1.42955e+06, 0
5.79907e+06, 2.62091e+06, 0
1.10089e+07, 6.61147e+06, 0
5.05979e+06, 1.33079e+06, 0
5.29562e+06, 1.22012e+06, 0
5.72089e+06, 2.84612e+06, 0
1.12291e+07, 7.11183e+06, 0
3.85093e+06, 878452, 0
7.24761e+06, 854845, 0
5.41126e+06, 2.93803e+06, 0
1.01255e+07, 4.49474e+06, 0
7.19474e+06, 2.96943e+06, 0
4.08886e+06, 79986.1, 0
8.67122e+06, 5.67489e+06, 0
1.03039e+07, 3.28317e+06, 0
6.99553e+06, 2.08137e+06, 0
5.2319e+06, 2.38442e+06, 0
7.15762e+06, 1.13901e+06, 0
8.49505e+06, 4.25862e+06, 0
8.62718e+06, 2.98927e+06, 0
6.18059e+06, 3.19408e+06, 0
3.66209e+06, 631708, 0
5.27573e+06, 2.04386e+06, 0
4.20882e+06, 91204.6, 0
4.06515e+06, 1.45518e+06, 0
8.64776e+06, 5.6004e+06, 0
7.31803e+06, 2.09089e+06, 0
9.0495e+06, 4.52129e+06, 0
3.8877e+06, 953965, 0
8.69864e+06, 4.0251e+06, 0
8.30396e+06, 3.40487e+06, 0
1.28006e+07, 5.32791e+06, 0
9.86357e+06, 2.17151e+06, 0
8.67693e+06, 3.78494e+06, 0
1.1409e+07, 2.21254e+06, 0
4.64078e+06, 1.89853e+06, 0
6.96321e+06, 3.0485e+06, 0
5.62219e+06, 1.6044e+06, 0
9.83688e+06, 6.39157e+06, 0
1.11883e+07, 6.8907e+06, 0
9.81794e+06, 3.93694e+06, 0
6.33862e+06, 2.80293e+06, 0
8.42515e+06, 3.06007e+06, 0
9.55335e+06, 5.74498e+06, 0
5.64035e+06, 504316, 0
6.31281e+06, 3.31591e+06, 0
4.95213e+06, 1.55332e+06, 0
1.2403e+07, 2.80572e+06, 0
7.92021e+06, 4.88247e+06, 0
8.67624e+06, 2.95768e+06, 0
7.51018e+06, 3.98643e+06, 0
8.24769e+06, 2.77695e+06, 0
1.05403e+07, 3.4979e+06, 0
1.17977e+07, 4.85517e+06, 0
8.60865e+06, 2.41078e+06, 0
1.05952e+07, 4.96772e+06, 0
9.14085e+06, 4.83218e+06, 0
4.47023e+06, 1.83491e+06, 0
8.57904e+06, 5.52329e+06, 0
8.65106e+06, 2.83447e+06, 0
6.45135e+06, 2.56267e+06, 0
5.0774e+06, 1.10998e+06, 0
1.52999e+07, 8.77871e+06, 0
1.04919e+07, 3.98876e+06, 0
5.25246e+06, 2.81957e+06, 0
6.09331e+06, 3.15954e+06, 0
1.34806e+07, 1.78469e+06, 0
6.85543e+06, 3.11382e+06, 0
7.76765e+06, 1.31226e+06, 0
6.54333e+06, 3.30841e+06, 0
4.95668e+06, 1.20943e+06, 0
6.63473e+06, 2.36814e+06, 0
4.3283e+06, 656523, 0
5.72485e+06, 1.83452e+06, 0
4.69506e+06, 1.70391e+06, 0
4.82282e+06, 1.6419e+06, 0
5.28099e+06, 883733, 0
1.29055e+07, 440617, 0
1.09964e+07, 4.65035e+06, 0
9.10281e+06, 4.57485e+06, 0
1.19303e+07, 4.56526e+06, 0
5.19167e+06, 1.77286e+06, 0
7.60058e+06, 4.55574e+06, 0
8.22042e+06, 2.7712e+06, 0
5.40533e+06, 2.76804e+06, 0
8.02975e+06, 3.12857e+06, 0
4.72082e+06, 514887, 0
7.7101e+06, 2.07336e+06, 0
7.26585e+06, 4.32513e+06, 0
7.78905e+06, 3.32593e+06, 0
5.70636e+06, 697471, 0
1.07112e+07, 782313, 0
7.61818e+06, 3.80492e+06, 0
7.06079e+06, 3.31537e+06, 0
6.84528e+06, 1.17792e+06, 0
7.31771e+06, 1.11031e+06, 0
6.10155e+06, 2.04134e+06, 0
7.6445e+06, 4.40732e+06, 0
7.91792e+06, 499676, 0
5.31573e+06, 1.37021e+06, 0
7.86067e+06, 4.48457e+06, 0
6.88069e+06, 3.52568e+06, 0
6.09655e+06, 2.26065e+06, 0
9.52737e+06, 2.58889e+06, 0
5.84837e+06, 1.76484e+06, 0
6.11926e+06, 1.5019e+06, 0
1.1258e+07, 6.40777e+06, 0
6.43904e+06, 1.68579e+06, 0
4.70009e+06, 1.89098e+06, 0
5.28059e+06, 745756, 0
9.13773e+06, 1.02146e+06, 0
1.2055e+07, 7.89928e+06, 0
1.07101e+07, 4.97126e+06, 0
1.32441e+07, 1.59281e+06, 0
5.42996e+06, 1.10846e+06, 0
8.10495e+06, 5.10199e+06, 0
9.31666e+06, 1.90697e+06, 0
7.23275e+06, 382595, 0
5.15143e+06, 737470, 0
4.55696e+06, 1.57416e+06, 0
6.42832e+06, 1.74235e+06, 0
8.71266e+06, 4.40745e+06, 0
6.28883e+06, 2.09975e+06, 0
9.76655e+06, 4.13245e+06, 0
5.45592e+06, 679783, 0
5.19451e+06, 1.04365e+06, 0
6.38009e+06, 3.65811e+06, 0
1.1661e+07, 6.80408e+06, 0
8.94977e+06, 3.02668e+06, 0
7.15613e+06, 4.29748e+06, 0
4.71357e+06, 2.27623e+06, 0
8.13408e+06, 5.23125e+06, 0
5.63899e+06, 1.87519e+06, 0
6.94417e+06, 1.14016e+06, 0
6.8462e+06, 1.95869e+06, 0
6.52195e+06, 1.58418e+06, 0
5.18037e+06, 2.48231e+06, 0
5.39808e+06, 1.7128e+06, 0
5.37417e+06, 2.33977e+06, 0
5.44369e+06, 2.56121e+06, 0
8.15739e+06, 2.7944e+06, 0
8.66004e+06, 5.32194e+06, 0
7.37573e+06, 3.13141e+06, 0
5.4361e+06, 1.94083e+06, 0
9.53883e+06, 5.09353e+06, 0
7.44607e+06, 1.19843e+06, 0
9.03068e+06, 3.07979e+06, 0
9.24743e+06, 2.31668e+06, 0
7.42434e+06, 1.52797e+06, 0
6.85987e+06, 958109, 0
7.10526e+06, 1.3359e+06, 0
1.17157e+07, 3.26752e+06, 0
6.80468e+06, 3.58109e+06, 0
5.60163e+06, 2.77395e+06, 0
1.12633e+07, 6.81937e+06, 0
7.21475e+06, 1.8272e+06, 0
5.15029e+06, 1.92854e+06, 0
5.75717e+06, 1.28241e+06, 0
4.67433e+06, 2.10446e+06, 0
4.55173e+06, 1.75053e+06, 0
9.75135e+06, 2.95449e+06, 0
8.21082e+06, 2.73157e+06, 0
8.66505e+06, 1.34964e+06, 0
6.75269e+06, 1.35063e+06, 0
3.66682e+06, 242923, 0
3.82466e+06, 440142, 0
7.46776e+06, 2.07398e+06, 0
1.12064e+07, 6.81963e+06, 0
7.46958e+06, 2.94031e+06, 0
5.60099e+06, 1.67822e+06, 0
5.72303e+06, 2.895e+06, 0
7.34595e+06, 1.89257e+06, 0
9.36273e+06, 1.21561e+06, 0
7.98612e+06, 3.41564e+06, 0
6.90437e+06, 1.66103e+06, 0
6.57134e+06, 1.82919e+06, 0
1.27373e+07, 2.89186e+06, 0
4.02798e+06, 1.07498e+06, 0
9.68692e+06, 4.66586e+06, 0
5.03744e+06, 1.57323e+06, 0
5.11488e+06, 1.54296e+06, 0
6.21933e+06, 1.9596e+06, 0
1.12336e+07, 3.23454e+06, 0
7.24615e+06, 3.26726e+06, 0
9.52865e+06, 1.15127e+06, 0
4.03896e+06, 1.13137e+06, 0
5.17287e+06, 715728, 0
6.85927e+06, 3.13276e+06, 0
7.94522e+06, 4.60698e+06, 0
9.90194e+06, 5.01059e+06, 0
5.43042e+06, 1.67547e+06, 0
7.32696e+06, 1.69381e+06, 0
7.21743e+06, 2.99325e+06, 0
6.10376e+06, 3.36455e+06, 0
7.099e+06, 3.26201e+06, 0
7.77875e+06, 1.73671e+06, 0
3.75166e+06, 760646, 0
7.06025e+06, 708996, 0
4.98616e+06, 957481, 0
1.15786e+07, 2.04895e+06, 0
6.87596e+06, 1.27994e+06, 0
3.90794e+06, 609961, 0
4.76638e+06, 2.25875e+06, 0
1.05818e+07, 1.22664e+06, 0
7.90959e+06, 5.0798e+06, 0
7.7384e+06, 2.43446e+06, 0
1.6942e+07, 1.06654e+07, 0
3.73422e+06, 708005, 0
7.29525e+06, 905027, 0
6.87173e+06, 1.55917e+06, 0
9.24246e+06, 4.29807e+06, 0
5.81013e+06, 2.92812e+06, 0
3.87375e+06, 859132, 0
4.48138e+06, 1.72448e+06, 0
6.11192e+06, 1.21296e+06, 0
8.32828e+06, 4.80226e+06, 0
9.99144e+06, 2.75725e+06, 0
1.57984e+07, 1.31556e+06, 0
1.04646e+07, 518889, 0
4.67623e+06, 1.84539e+06, 0
5.88618e+06, 3.09862e+06, 0
3.82788e+06, 400733, 0
7.80862e+06, 3.68018e+06, 0
8.92199e+06, 2.52014e+06, 0
5.96975e+06, 1.29925e+06, 0
6.39921e+06, 3.52965e+06, 0
5.32371e+06, 2.84763e+06, 0
8.41142e+06, 4.84869e+06, 0
4.74781e+06, 1.22919e+06, 0
5.29932e+06, 1.19283e+06, 0
1.03268e+07, 4.14081e+06, 0
3.95501e+06, 840067, 0
4.92514e+06, 1.85082e+06, 0
4.54384e+06, 1.67164e+06, 0
7.8826e+06, 2.87339e+06, 0
1.16267e+07, 5.99767e+06, 0
3.75503e+06, 456719, 0
8.61576e+06, 5.31589e+06, 0
5.78194e+06, 1.0177e+06, 0
8.55236e+06, 2.08586e+06, 0
6.27232e+06, 2.01949e+06, 0
1.07938e+07, 4.17008e+06, 0
6.18108e+06, 3.28553e+06, 0
5.35213e+06, 898093, 0
4.76773e+06, 496421, 0
1.63792e+07, 4.89344e+06, 0
7.84334e+06, 4.33269e+06, 0
8.13315e+06, 4.16548e+06, 0
7.52781e+06, 2.94985e+06, 0
4.06016e+06, 916517, 0
8.4226e+06, 4.30439e+06, 0
7.13706e+06, 1.87638e+06, 0
7.03063e+06, 3.54176e+06, 0
1.12759e+07, 1.49137e+06, 0
7.29404e+06, 2.66047e+06, 0
7.44715e+06, 4.33508e+06, 0
4.01246e+06, 674053, 0
1.45991e+07, 2.4511e+06, 0
4.27967e+06, 628851, 0
7.21897e+06, 605806, 0
1.0459e+07, 6.60558e+06, 0
5.41307e+06, 2.48872e+06, 0
6.99752e+06, 4.01693e+06, 0
9.53978e+06, 5.61227e+06, 0
6.8119e+06, 1.49682e+06, 0
9.03591e+06, 5.86645e+06, 0
8.22737e+06, 4.30454e+06, 0
4.64089e+06, 457874, 0
4.63834e+06, 1.82372e+06, 0
5.11864e+06, 2.61746e+06, 0
9.64301e+06, 6.27361e+06, 0
8.41994e+06, 3.96417e+06, 0
7.11679e+06, 4.35171e+06, 0
6.81942e+06, 2.13012e+06, 0
7.66594e+06, 2.80073e+06, 0
8.3765e+06, 2.85725e+06, 0
9.1259e+06, 2.87841e+06, 0
6.60275e+06, 3.38278e+06, 0
8.00741e+06, 4.51194e+06, 0
9.83382e+06, 5.86587e+06, 0
6.50436e+06, 1.57009e+06, 0
7.28423e+06, 1.4523e+06, 0
8.19711e+06, 2.53991e+06, 0
1.01703e+07, 2.41503e+06, 0
9.17834e+06, 3.45155e+06, 0
8.39951e+06, 2.95826e+06, 0
1.07446e+07, 2.64349e+06, 0
9.60958e+06, 3.87968e+06, 0
4.76381e+06, 2.06838e+06, 0
6.21404e+06, 2.15658e+06, 0
7.06805e+06, 4.05398e+06, 0
4.11545e+06, 299768, 0
9.37966e+06, 1.20212e+06, 0
7.50795e+06, 2.13352e+06, 0
5.13167e+06, 1.00977e+06, 0
6.78034e+06, 3.68266e+06, 0
7.26879e+06, 645447, 0
9.67213e+06, 2.60908e+06, 0
6.19255e+06, 469351, 0
8.18342e+06, 4.88244e+06, 0
7.23322e+06, 2.51236e+06, 0
4.6696e+06, 1.98261e+06, 0
7.92612e+06, 2.40117e+06, 0
6.35534e+06, 2.88664e+06, 0
4.96628e+06, 660461, 0
7.35909e+06, 3.36964e+06, 0
9.26712e+06, 3.31813e+06, 0
8.29226e+06, 4.084e+06, 0
9.46796e+06, 5.34493e+06, 0
6.13135e+06, 2.88378e+06, 0
4.50783e+06, 596235, 0
5.634e+06, 2.39264e+06, 0
9.32798e+06, 2.56409e+06, 0
6.89781e+06, 4.11195e+06, 0
5.72109e+06, 2.90458e+06, 0
9.03322e+06, 2.93749e+06, 0
3.83326e+06, 826486, 0
1.08818e+07, 3.72568e+06, 0
5.71769e+06, 2.94208e+06, 0
7.57809e+06, 3.4456e+06, 0
5.00328e+06, 2.45568e+06, 0
5.83704e+06, 959592, 0
7.4623e+06, 1.10064e+06, 0
9.81402e+06, 3.42163e+06, 0
1.4137e+07, 6.26524e+06, 0
7.14189e+06, 2.68722e+06, 0
9.37713e+06, 3.51542e+06, 0
7.34603e+06, 3.72835e+06, 0
7.37814e+06, 4.27175e+06, 0
5.96994e+06, 1.46772e+06, 0
5.07541e+06, 1.76623e+06, 0
8.1224e+06, 3.59447e+06, 0
5.99795e+06, 481058, 0
6.12936e+06, 2.23378e+06, 0
6.50167e+06, 1.24703e+06, 0
1.35633e+07, 4.47694e+06, 0
4.41347e+06, 1.29231e+06, 0
7.86445e+06, 2.49345e+06, 0
8.67256e+06, 2.08591e+06, 0
1.11019e+07, 5.74671e+06, 0
5.95792e+06, 2.51084e+06, 0
1.17257e+07, 947112, 0
6.06331e+06, 1.49102e+06, 0
8.98706e+06, 2.27706e+06, 0
8.07073e+06, 4.36575e+06, 0
1.18931e+07, 1.79539e+06, 0
7.14872e+06, 3.05603e+06, 0
1.19481e+07, 6.18148e+06, 0
8.37322e+06, 2.03535e+06, 0
8.53137e+06, 4.75151e+06, 0
8.99143e+06, 2.22585e+06, 0
5.56004e+06, 921835, 0
6.15818e+06, 3.49321e+06, 0
6.53898e+06, 3.54595e+06, 0
4.23805e+06, 1.72607e+06, 0
5.98198e+06, 2.15326e+06, 0
8.39638e+06, 5.44888e+06, 0
7.74063e+06, 2.46035e+06, 0
4.26491e+06, 1.05646e+06, 0
6.10703e+06, 3.04451e+06, 0
7.05804e+06, 645777, 0
9.79509e+06, 6.43085e+06, 0
3.736e+06, 776992, 0
5.99316e+06, 2.94061e+06, 0
6.97215e+06, 2.22782e+06, 0
9.86017e+06, 5.3896e+06, 0
7.3371e+06, 1.54612e+06, 0
1.01771e+07, 4.84157e+06, 0
5.73186e+06, 2.4648e+06, 0
8.26114e+06, 687462, 0
1.01671e+07, 5.93999e+06, 0
5.52554e+06, 2.92606e+06, 0
1.24381e+07, 2.63723e+06, 0
9.60023e+06, 3.29665e+06, 0
6.08527e+06, 2.39634e+06, 0
9.0824e+06, 3.85326e+06, 0
1.12196e+07, 6.38712e+06, 0
4.76299e+06, 630210, 0
4.85959e+06, 1.62656e+06, 0
8.02455e+06, 3.64765e+06, 0
5.06288e+06, 1.86551e+06, 0
8.36963e+06, 4.71622e+06, 0
4.75552e+06, 1.93856e+06, 0
5.9828e+06, 2.62449e+06, 0
5.76998e+06, 3.2394e+06, 0
1.02158e+07, 6.16266e+06, 0
6.18222e+06, 2.24144e+06, 0
5.27926e+06, 2.55076e+06, 0
6.778e+06, 3.84064e+06, 0
6.3092e+06, 2.43424e+06, 0
7.28185e+06, 2.58461e+06, 0
6.66635e+06, 3.25289e+06, 0
6.95e+06, 3.13557e+06, 0
6.86811e+06, 1.33588e+06, 0
8.18361e+06, 2.47211e+06, 0
7.71604e+06, 4.87572e+06, 0
4.86848e+06, 1.74471e+06, 0
1.22911e+07, 5.70957e+06, 0
6.43357e+06, 3.48377e+06, 0
1.09009e+07, 4.95499e+06, 0
5.97783e+06, 1.04741e+06, 0
7.33847e+06, 4.20772e+06, 0
7.15833e+06, 3.85175e+06, 0
1.0365e+07, 4.93625e+06, 0
9.01289e+06, 5.25508e+06, 0
8.27321e+06, 3.76637e+06, 0
6.66884e+06, 3.80178e+06, 0
5.95174e+06, 997086, 0
6.80925e+06, 640597, 0
7.43465e+06, 3.61103e+06, 0
6.66801e+06, 2.96453e+06, 0
6.46954e+06, 635595, 0
7.35308e+06, 4.6362e+06, 0
8.42982e+06, 5.15798e+06, 0
5.28024e+06, 1.2694e+06, 0
1.0828e+07, 1.82769e+06, 0
9.84548e+06, 2.95399e+06, 0
5.46086e+06, 2.06019e+06, 0
6.00695e+06, 3.17923e+06, 0
8.09806e+06, 3.91284e+06, 0
1.29831e+07, 4.00631e+06, 0
4.60207e+06, 1.83588e+06, 0
4.83456e+06, 1.7116e+06, 0
3.89784e+06, 800405, 0
5.11981e+06, 976032, 0
7.8101e+06, 2.94127e+06, 0
1.04795e+07, 6.76283e+06, 0
9.44347e+06, 5.87068e+06, 0
4.41955e+06, 1.89237e+06, 0
1.23294e+07, 8.2979e+06, 0
7.98287e+06, 1.85209e+06, 0
6.81259e+06, 3.88458e+06, 0
7.46534e+06, 3.29507e+06, 0
1.06429e+07, 7.1599e+06, 0
6.91289e+06, 1.49965e+06, 0
8.31247e+06, 4.06856e+06, 0
8.76378e+06, 4.16117e+06, 0
6.5721e+06, 924399, 0
7.01572e+06, 3.00151e+06, 0
8.63555e+06, 670226, 0
9.03058e+06, 2.86759e+06, 0
9.59578e+06, 839145, 0
6.69716e+06, 1.87768e+06, 0
6.08235e+06, 1.42843e+06, 0
6.88995e+06, 2.44576e+06, 0
8.93089e+06, 3.27719e+06, 0
7.2089e+06, 3.06215e+06, 0
6.26066e+06, 3.33024e+06, 0
5.69168e+06, 3.01581e+06, 0
6.43958e+06, 2.52318e+06, 0
9.2939e+06, 4.55887e+06, 0
6.70817e+06, 3.97259e+06, 0
6.60175e+06, 3.10966e+06, 0
7.17688e+06, 1.30424e+06, 0
4.32588e+06, 1.48125e+06, 0
8.77584e+06, 2.51684e+06, 0
5.7993e+06, 2.53744e+06, 0
8.14955e+06, 4.11576e+06, 0
9.30881e+06, 4.6978e+06, 0
4.59387e+06, 1.67675e+06, 0
6.85895e+06, 3.86699e+06, 0
5.26042e+06, 2.26456e+06, 0
7.67447e+06, 3.72405e+06, 0
8.40971e+06, 4.95655e+06, 0
7.11233e+06, 2.96435e+06, 0
4.54707e+06, 1.88369e+06, 0
9.33388e+06, 3.38054e+06, 0
1.54808e+07, 7.16573e+06, 0
5.72766e+06, 2.50109e+06, 0
8.77725e+06, 3.09649e+06, 0
6.8593e+06, 4.02732e+06, 0
9.02374e+06, 3.90002e+06, 0
1.18209e+07, 3.62842e+06, 0
6.99147e+06, 2.62707e+06, 0
8.7637e+06, 4.21871e+06, 0
1.01547e+07, 5.48235e+06, 0
7.05781e+06, 3.83469e+06, 0
7.61098e+06, 3.78348e+06, 0
6.99661e+06, 2.12228e+06, 0
9.10794e+06, 4.72937e+06, 0
8.58721e+06, 2.50053e+06, 0
9.32806e+06, 4.8217e+06, 0
7.78314e+06, 666335, 0
4.56774e+06, 1.02806e+06, 0
8.00477e+06, 2.20142e+06, 0
6.81518e+06, 3.9307e+06, 0
5.68569e+06, 1.09159e+06, 0
8.49596e+06, 5.04054e+06, 0
5.82645e+06, 2.3756e+06, 0
9.50559e+06, 2.42487e+06, 0
1.03141e+07, 6.23564e+06, 0
7.25406e+06, 2.89562e+06, 0
8.1281e+06, 2.24533e+06, 0
9.76043e+06, 1.03558e+06, 0
6.17068e+06, 2.30874e+06, 0
9.06537e+06, 4.04392e+06, 0
5.02125e+06, 2.13375e+06, 0
6.81722e+06, 3.6486e+06, 0
1.09281e+07, 3.31436e+06, 0
6.64725e+06, 2.58883e+06, 0
5.46914e+06, 955870, 0
5.73395e+06, 2.3761e+06, 0
6.76772e+06, 727807, 0
1.01211e+07, 2.65332e+06, 0
5.03196e+06, 2.47067e+06, 0
5.24332e+06, 290496, 0
5.62653e+06, 3.13431e+06, 0
7.31931e+06, 3.25729e+06, 0
8.04159e+06, 3.28112e+06, 0
1.05314e+07, 5.40257e+06, 0
9.0666e+06, 5.61998e+06, 0
5.86892e+06, 3.33066e+06, 0
9.14054e+06, 2.73521e+06, 0
1.1044e+07, 4.98479e+06, 0
5.91279e+06, 66284.5, 0
1.10664e+07, 1.27715e+06, 0
6.54622e+06, 934231, 0
4.65849e+06, 908196, 0
1.02503e+07, 5.42296e+06, 0
1.31126e+07, 8.15074e+06, 0
9.77707e+06, 5.35242e+06, 0
6.76222e+06, 2.62907e+06, 0
5.09217e+06, 891600, 0
1.03694e+07, 5.97329e+06, 0
5.66632e+06, 2.15291e+06, 0
6.97035e+06, 2.96965e+06, 0
8.46848e+06, 2.1267e+06, 0
1.22654e+07, 5.88854e+06, 0
6.64607e+06, 3.92099e+06, 0
4.4544e+06, 323675, 0
4.41495e+06, 1.70918e+06, 0
7.27516e+06, 3.29079e+06, 0
8.03861e+06, 3.24943e+06, 0
6.23495e+06, 2.76763e+06, 0
8.8222e+06, 4.58078e+06, 0
8.80903e+06, 3.28684e+06, 0
3.83514e+06, 818221, 0
9.06687e+06, 2.39489e+06, 0
5.58654e+06, 1.89758e+06, 0
9.3405e+06, 2.58656e+06, 0
4.25284e+06, 1.72732e+06, 0
5.61509e+06, 1.77581e+06, 0
8.70454e+06, 1.26757e+06, 0
7.83407e+06, 958605, 0
8.43142e+06, 4.23736e+06, 0
5.76757e+06, 956053, 0
8.65601e+06, 714318, 0
6.26725e+06, 2.53479e+06, 0
5.88043e+06, 2.78033e+06, 0
6.20288e+06, 2.99884e+06, 0
8.18345e+06, 4.76474e+06, 0
9.24885e+06, 5.63187e+06, 0
6.46282e+06, 3.34726e+06, 0
5.98159e+06, 3.12256e+06, 0
3.77552e+06, 482429, 0
5.60728e+06, 2.16277e+06, 0
4.19188e+06, 1.6521e+06, 0
1.09362e+07, 1.56445e+06, 0
5.02827e+06, 1.95609e+06, 0
4.87782e+06, 1.6638e+06, 0
5.5912e+06, 3.0735e+06, 0
9.79088e+06, 5.94445e+06, 0
7.1411e+06, 3.81405e+06, 0
6.87339e+06, 2.92615e+06, 0
5.00494e+06, 1.79928e+06, 0
6.84214e+06, 4.00519e+06, 0
1.14281e+07, 6.2987e+06, 0
4.23389e+06, 346529, 0
1.07339e+07, 3.93045e+06, 0
7.49473e+06, 4.73673e+06, 0
6.92367e+06, 2.93734e+06, 0
7.2667e+06, 2.78516e+06, 0
7.70879e+06, 2.40466e+06, 0
1.14263e+07, 3.84351e+06, 0
5.74923e+06, 1.08959e+06, 0
8.56213e+06, 5.15944e+06, 0
6.39554e+06, 588435, 0
8.08259e+06, 4.34206e+06, 0
1.00791e+07, 2.89011e+06, 0
1.04933e+07, 4.92816e+06, 0
8.90305e+06, 3.91039e+06, 0
1.0184e+07, 1.52363e+06, 0
5.12512e+06, 2.31221e+06, 0
5.03158e+06, 2.00189e+06, 0
9.45338e+06, 3.53782e+06, 0
4.4342e+06, 1.38886e+06, 0
1.3519e+07, 5.79534e+06, 0
5.36235e+06, 1.85284e+06, 0
6.93693e+06, 1.78813e+06, 0
9.51654e+06, 5.63011e+06, 0
1.01018e+07, 3.04885e+06, 0
3.77954e+06, 338345, 0
8.3842e+06, 3.28332e+06, 0
1.1688e+07, 7.01529e+06, 0
8.4125e+06, 4.03811e+06, 0
4.66487e+06, 1.49176e+06, 0
5.02659e+06, 1.06464e+06, 0
6.38984e+06, 1.48629e+06, 0
7.35498e+06, 1.95834e+06, 0
8.18284e+06, 2.13094e+06, 0
8.9012e+06, 3.31669e+06, 0
8.15868e+06, 4.29177e+06, 0
8.25352e+06, 1.39377e+06, 0
1.16405e+07, 3.26007e+06, 0
6.56329e+06, 491712, 0
6.41181e+06, 1.66354e+06, 0
1.01811e+07, 5.536e+06, 0
5.05405e+06, 2.18614e+06, 0
7.36161e+06, 3.46707e+06, 0
4.27452e+06, 1.44101e+06, 0
4.93995e+06, 2.23227e+06, 0
7.12653e+06, 2.05184e+06, 0
7.32643e+06, 3.06662e+06, 0
7.7504e+06, 3.78805e+06, 0
6.82678e+06, 3.08674e+06, 0
1.05176e+07, 3.24047e+06, 0
4.45245e+06, 1.01781e+06, 0
5.84615e+06, 1.60918e+06, 0
5.78944e+06, 3.0566e+06, 0
9.16032e+06, 5.60112e+06, 0
8.98741e+06, 344311, 0
1.0285e+07, 2.52069e+06, 0
4.92799e+06, 2.21428e+06, 0
1.27136e+07, 3.00407e+06, 0
4.00447e+06, 1.15514e+06, 0
4.90581e+06, 1.32213e+06, 0
7.88252e+06, 1.80269e+06, 0
5.59047e+06, 2.42978e+06, 0
4.82313e+06, 1.87547e+06, 0
4.91236e+06, 1.61865e+06, 0
7.00881e+06, 1.44194e+06, 0
6.38142e+06, 324739, 0
6.23697e+06, 2.56057e+06, 0
7.85973e+06, 5.04847e+06, 0
6.87513e+06, 3.08039e+06, 0
1.1195e+07, 3.46817e+06, 0
6.79784e+06, 3.05968e+06, 0
5.36461e+06, 2.30266e+06, 0
5.0549e+06, 2.16278e+06, 0
1.03548e+07, 2.92468e+06, 0
7.7603e+06, 3.56022e+06, 0
4.21203e+06, 1.19153e+06, 0
6.28075e+06, 1.51175e+06, 0
8.01413e+06, 4.45532e+06, 0
5.66732e+06, 2.23981e+06, 0
8.77092e+06, 5.40361e+06, 0
1.26232e+07, 1.09721e+06, 0
1.04168e+07, 5.97605e+06, 0
4.62453e+06, 1.07614e+06, 0
6.71508e+06, 3.75484e+06, 0
9.1287e+06, 3.82215e+06, 0
4.74187e+06, 1.73531e+06, 0
5.6237e+06, 931245, 0
5.55515e+06, 557487, 0
5.10765e+06, 1.49527e+06, 0
4.27338e+06, 1.16376e+06, 0
5.91494e+06, 515495, 0
7.21415e+06, 3.7637e+06, 0
4.76176e+06, 2.19468e+06, 0
8.76749e+06, 5.74999e+06, 0
4.20592e+06, 1.25833e+06, 0
7.04104e+06, 1.64013e+06, 0
5.87048e+06, 1.81752e+06, 0
7.88988e+06, 4.37086e+06, 0
5.15239e+06, 2.07601e+06, 0
6.34104e+06, 3.42893e+06, 0
1.02456e+07, 4.69658e+06, 0
9.13539e+06, 3.89651e+06, 0
5.96132e+06, 1.16706e+06, 0
5.44178e+06, 1.38984e+06, 0
8.95362e+06, 5.3712e+06, 0
5.60133e+06, 1.93952e+06, 0
5.92595e+06, 2.45885e+06, 0
6.48725e+06, 1.23104e+06, 0
4.8528e+06, 2.15997e+06, 0
1.62503e+07, 1.46468e+06, 0
6.51011e+06, 2.76705e+06, 0
1.07323e+07, 5.73381e+06, 0
1.1722e+07, 6.42373e+06, 0
5.21537e+06, 2.05127e+06, 0
4.93419e+06, 800689, 0
5.30318e+06, 2.8266e+06, 0
6.26007e+06, 3.09694e+06, 0
7.71279e+06, 845861, 0
1.24239e+07, 3.89776e+06, 0
6.91316e+06, 3.79738e+06, 0
8.93298e+06, 4.35677e+06, 0
5.35494e+06, 922588, 0
6.08442e+06, 3.33872e+06, 0
6.63834e+06, 3.82422e+06, 0
5.85461e+06, 2.44651e+06, 0
4.80254e+06, 1.98559e+06, 0
8.64054e+06, 4.63104e+06, 0
7.02016e+06, 4.29843e+06, 0
9.29584e+06, 2.60661e+06, 0
5.57873e+06, 2.85524e+06, 0
4.05488e+06, 425956, 0
8.84367e+06, 1.50708e+06, 0
8.3089e+06, 4.86348e+06, 0
7.79387e+06, 345679, 0
6.69286e+06, 3.20549e+06, 0
1.07772e+07, 6.13953e+06, 0
7.4735e+06, 3.4563e+06, 0
6.84851e+06, 1.26716e+06, 0
5.40038e+06, 2.71904e+06, 0
6.76433e+06, 3.64378e+06, 0
6.95703e+06, 3.37215e+06, 0
6.2569e+06, 1.15641e+06, 0
5.93686e+06, 1.04424e+06, 0
8.71509e+06, 5.62256e+06, 0
5.00264e+06, 2.51141e+06, 0
8.88714e+06, 3.97101e+06, 0
6.66207e+06, 1.56174e+06, 0
6.46913e+06, 3.66861e+06, 0
5.2372e+06, 408058, 0
1.19217e+07, 2.88977e+06, 0
1.06655e+07, 5.86568e+06, 0
8.01158e+06, 2.268e+06, 0
6.31712e+06, 1.39412e+06, 0
4.41791e+06, 1.15525e+06, 0
4.41973e+06, 1.07217e+06, 0
7.6007e+06, 3.0581e+06, 0
5.19857e+06, 2.02838e+06, 0
4.64992e+06, 925206, 0
5.31353e+06, 2.72483e+06, 0
6.08039e+06, 2.1869e+06, 0
5.56746e+06, 1.69962e+06, 0
5.92658e+06, 2.5106e+06, 0
5.18751e+06, 146794, 0
8.48764e+06, 2.50075e+06, 0
7.65653e+06, 3.27383e+06, 0
4.00266e+06, 1.22725e+06, 0
6.19299e+06, 3.31606e+06, 0
6.82387e+06, 1.25805e+06, 0
5.81759e+06, 1.53977e+06, 0
4.60055e+06, 1.90955e+06, 0
4.65509e+06, 1.10696e+06, 0
1.02419e+07, 6.02652e+06, 0
6.40827e+06, 3.38303e+06, 0
5.22736e+06, 1.86018e+06, 0
7.34078e+06, 4.46132e+06, 0
7.04794e+06, 2.05886e+06, 0
4.24695e+06, 959400, 0
5.15296e+06, 1.33784e+06, 0
9.17523e+06, 2.45141e+06, 0
9.14786e+06, 3.5562e+06, 0
7.93817e+06, 4.70665e+06, 0
4.73269e+06, 1.95733e+06, 0
5.08134e+06, 2.26887e+06, 0
1.28595e+07, 711686, 0
6.31102e+06, 3.15969e+06, 0
6.06121e+06, 1.5287e+06, 0
6.69376e+06, 3.32274e+06, 0
5.72137e+06, 1.99167e+06, 0
8.97249e+06, 2.60632e+06, 0
5.3175e+06, 1.95317e+06, 0
8.27799e+06, 3.00142e+06, 0
6.55782e+06, 1.38579e+06, 0
1.08712e+07, 3.29109e+06, 0
1.02327e+07, 951390, 0
4.93659e+06, 1.63185e+06, 0
8.19779e+06, 3.80438e+06, 0
7.56254e+06, 3.78652e+06, 0
6.27527e+06, 772926, 0
4.76392e+06, 1.59267e+06, 0
5.01578e+06, 1.60517e+06, 0
9.16147e+06, 4.42095e+06, 0
8.3478e+06, 4.40717e+06, 0
6.09256e+06, 874787, 0
7.57465e+06, 4.6028e+06, 0
1.27575e+07, 4.17729e+06, 0
9.68509e+06, 6.17123e+06, 0
4.2655e+06, 1.58812e+06, 0
4.31571e+06, 1.23395e+06, 0
8.09154e+06, 4.03068e+06, 0
5.37934e+06, 1.30738e+06, 0
4.80176e+06, 1.08887e+06, 0
6.82921e+06, 348076, 0
6.16653e+06, 1.29542e+06, 0
1.20831e+07, 3.06214e+06, 0
5.21023e+06, 2.37176e+06, 0
8.05985e+06, 4.97162e+06, 0
8.22706e+06, 5.02387e+06, 0
6.59735e+06, 2.5991e+06, 0
5.23277e+06, 590686, 0
5.6876e+06, 2.25982e+06, 0
9.54952e+06, 6.33556e+06, 0
7.88968e+06, 1.18523e+06, 0
1.06159e+07, 1.27004e+06, 0
8.11992e+06, 3.5984e+06, 0
8.50089e+06, 4.44219e+06, 0
6.33693e+06, 3.39908e+06, 0
1.40401e+07, 3.55035e+06, 0
8.57985e+06, 4.13228e+06, 0
4.80603e+06, 1.61201e+06, 0
1.1184e+07, 5.03371e+06, 0
4.83611e+06, 1.64477e+06, 0
1.01454e+07, 6.2442e+06, 0
5.2086e+06, 1.19949e+06, 0
4.12769e+06, 1.01969e+06, 0
4.44604e+06, 811818, 0
7.01828e+06, 1.67306e+06, 0
1.48212e+07, 1.47535e+06, 0
4.36382e+06, 143545, 0
1.05723e+07, 4.52058e+06, 0
7.08573e+06, 3.68684e+06, 0
6.97922e+06, 1.34184e+06, 0
8.05308e+06, 3.61373e+06, 0
5.92751e+06, 760695, 0
9.67175e+06, 4.53823e+06, 0
8.8922e+06, 4.32567e+06, 0
5.96284e+06, 3.29444e+06, 0
9.19481e+06, 4.46865e+06, 0
3.76343e+06, 847024, 0
5.26703e+06, 1.16045e+06, 0
5.90365e+06, 2.36572e+06, 0
8.56319e+06, 2.58596e+06, 0
5.84789e+06, 2.171e+06, 0
8.92498e+06, 5.66965e+06, 0
9.38622e+06, 6.25489e+06, 0
1.20353e+07, 7.58131e+06, 0
1.09058e+07, 823506, 0
7.50466e+06, 3.87842e+06, 0
8.6849e+06, 2.11141e+06, 0
8.56661e+06, 4.62157e+06, 0
4.26025e+06, 1.47765e+06, 0
4.06497e+06, 1.23283e+06, 0
8.93964e+06, 5.72501e+06, 0
8.25179e+06, 3.16088e+06, 0
6.86919e+06, 1.10665e+06, 0
4.56484e+06, 725875, 0
1.17027e+07, 6.31978e+06, 0
7.84122e+06, 3.84818e+06, 0
5.39575e+06, 1.81819e+06, 0
7.56912e+06, 2.60526e+06, 0
4.98261e+06, 2.50708e+06, 0
5.15159e+06, 2.56354e+06, 0
7.397e+06, 1.26967e+06, 0
4.35883e+06, 1.54789e+06, 0
1.04084e+07, 2.08166e+06, 0
4.5754e+06, 250219, 0
5.48396e+06, 2.84182e+06, 0
1.08465e+07, 3.67948e+06, 0
3.59661e+06, 523392, 0
7.78816e+06, 4.89075e+06, 0
9.39783e+06, 988784, 0
9.74014e+06, 3.75979e+06, 0
8.48948e+06, 3.29353e+06, 0
5.96257e+06, 2.05007e+06, 0
8.18416e+06, 5.13268e+06, 0
4.34031e+06, 1.63556e+06, 0
3.7626e+06, 850355, 0
5.34662e+06, 2.80035e+06, 0
8.29384e+06, 1.79857e+06, 0
1.10644e+07, 3.35932e+06, 0
6.93735e+06, 1.28878e+06, 0
6.5884e+06, 2.52773e+06, 0
6.71414e+06, 2.57244e+06, 0
5.51709e+06, 2.00594e+06, 0
7.5669e+06, 3.66589e+06, 0
7.01335e+06, 1.81831e+06, 0
7.31927e+06, 4.63608e+06, 0
5.7568e+06, 2.19994e+06, 0
7.75936e+06, 2.91444e+06, 0
8.80071e+06, 2.33953e+06, 0
6.39783e+06, 2.36914e+06, 0
5.38065e+06, 2.64586e+06, 0
8.87506e+06, 3.17934e+06, 0
6.8773e+06, 3.72793e+06, 0
7.01756e+06, 1.85824e+06, 0
9.11328e+06, 1.69835e+06, 0
6.84675e+06, 2.71673e+06, 0
6.80668e+06, 1.94088e+06, 0
5.13574e+06, 2.55502e+06, 0
8.1755e+06, 2.98166e+06, 0
9.40344e+06, 2.90616e+06, 0
5.72373e+06, 2.42329e+06, 0
5.62991e+06, 3.15619e+06, 0
7.23524e+06, 2.6638e+06, 0
5.22466e+06, 2.77825e+06, 0
5.49128e+06, 2.28388e+06, 0
8.04039e+06, 4.65816e+06, 0
1.01355e+07, 2.78476e+06, 0
5.02232e+06, 989268, 0
4.80201e+06, 2.32494e+06, 0
5.64047e+06, 1.72982e+06, 0
9.28505e+06, 4.39697e+06, 0
5.38829e+06, 2.34662e+06, 0
6.57283e+06, 3.66402e+06, 0
9.89942e+06, 4.42155e+06, 0
6.44892e+06, 2.49871e+06, 0
7.4564e+06, 3.84539e+06, 0
1.19279e+07, 6.84572e+06, 0
4.52493e+06, 1.80835e+06, 0
6.64077e+06, 2.15291e+06, 0
7.86991e+06, 3.70132e+06, 0
4.75142e+06, 2.30433e+06, 0
4.59631e+06, 1.07191e+06, 0
9.421e+06, 4.30311e+06, 0
6.88887e+06, 4.01815e+06, 0
6.66413e+06, 1.50073e+06, 0
1.00653e+07, 1.46043e+06, 0
7.8464e+06, 4.25199e+06, 0
9.87299e+06, 3.15813e+06, 0
6.77759e+06, 3.16489e+06, 0
6.58124e+06, 3.52625e+06, 0
6.65245e+06, 2.67134e+06, 0
6.84032e+06, 3.86429e+06, 0
5.79858e+06, 2.06888e+06, 0
6.3049e+06, 1.24626e+06, 0
7.50175e+06, 3.08398e+06, 0
6.2569e+06, 2.48033e+06, 0
3.76601e+06, 599684, 0
5.78547e+06, 2.82555e+06, 0
8.34374e+06, 993494, 0
7.15654e+06, 4.29015e+06, 0
1.08435e+07, 7.38344e+06, 0
6.87412e+06, 4.05524e+06, 0
6.00324e+06, 2.90025e+06, 0
4.31199e+06, 1.33845e+06, 0
9.1149e+06, 1.95373e+06, 0
8.11156e+06, 4.2845e+06, 0
5.65381e+06, 1.16528e+06, 0
4.05578e+06, 1.19439e+06, 0
4.68614e+06, 1.07716e+06, 0
5.52625e+06, 1.33826e+06, 0
9.13564e+06, 2.71036e+06, 0
6.42656e+06, 2.47754e+06, 0
7.25495e+06, 2.30216e+06, 0
1.20164e+07, 6.11566e+06, 0
1.32581e+07, 2.37458e+06, 0
5.7305e+06, 2.56615e+06, 0
1.43996e+07, 4.53093e+06, 0
5.40887e+06, 2.69042e+06, 0
7.18644e+06, 3.28903e+06, 0
5.99991e+06, 2.62539e+06, 0
5.96046e+06, 2.63259e+06, 0
4.8194e+06, 470073, 0
8.61538e+06, 5.46454e+06, 0
1.17432e+07, 2.08368e+06, 0
8.8648e+06, 2.26977e+06, 0
6.98992e+06, 3.28856e+06, 0
7.30629e+06, 4.36248e+06, 0
6.90785e+06, 1.4037e+06, 0
5.15984e+06, 1.88566e+06, 0
5.54035e+06, 2.5514e+06, 0
7.98863e+06, 4.12311e+06, 0
5.38989e+06, 2.63407e+06, 0
1.05528e+07, 3.89713e+06, 0
5.51018e+06, 1.87298e+06, 0
1.0921e+07, 2.6073e+06, 0
6.89594e+06, 1.46324e+06, 0
5.66248e+06, 2.28559e+06, 0
9.88031e+06, 1.99117e+06, 0
4.70998e+06, 1.19921e+06, 0
5.59765e+06, 1.37778e+06, 0
8.58749e+06, 4.08674e+06, 0
4.97647e+06, 2.41457e+06, 0
5.62407e+06, 1.61389e+06, 0
7.71297e+06, 1.55221e+06, 0
8.27853e+06, 3.50674e+06, 0
5.2987e+06, 704797, 0
7.67881e+06, 2.31933e+06, 0
9.12278e+06, 2.34975e+06, 0
6.72894e+06, 713902, 0
5.34361e+06, 2.63645e+06, 0
9.41354e+06, 3.48605e+06, 0
6.82609e+06, 1.87306e+06, 0
6.83409e+06, 3.94414e+06, 0
4.82329e+06, 1.91739e+06, 0
7.66479e+06, 3.35417e+06, 0
1.08674e+07, 3.22181e+06, 0
5.05457e+06, 1.33169e+06, 0
8.09571e+06, 4.76286e+06, 0
3.80294e+06, 495460, 0
7.80357e+06, 4.74146e+06, 0
6.02552e+06, 2.54725e+06, 0
4.88156e+06, 1.62605e+06, 0
6.79611e+06, 2.84178e+06, 0
5.9903e+06, 2.53989e+06, 0
6.05896e+06, 1.54768e+06, 0
9.47448e+06, 6.04808e+06, 0
1.47083e+07, 4.81141e+06, 0
1.13759e+07, 3.70347e+06, 0
7.17524e+06, 1.48019e+06, 0
4.27869e+06, 305504, 0
1.08884e+07, 7.01992e+06, 0
1.08844e+07, 3.81303e+06, 0
5.82923e+06, 1.8125e+06, 0
7.83569e+06, 1.87938e+06, 0
4.13778e+06, 572151, 0
4.71331e+06, 2.19805e+06, 0
1.1276e+07, 4.22365e+06, 0
6.65881e+06, 4.02032e+06, 0
6.26484e+06, 2.43794e+06, 0
5.34106e+06, 2.74157e+06, 0
7.8068e+06, 2.34672e+06, 0
7.00155e+06, 2.29729e+06, 0
7.87667e+06, 2.71636e+06, 0
8.81435e+06, 3.68176e+06, 0
8.10783e+06, 3.15095e+06, 0
5.80886e+06, 2.2545e+06, 0
7.79755e+06, 2.93246e+06, 0
6.69688e+06, 3.41702e+06, 0
6.8745e+06, 945220, 0
1.12062e+07, 5.21599e+06, 0
6.59545e+06, 2.30783e+06, 0
4.95757e+06, 856918, 0
9.89936e+06, 1.46611e+06, 0
8.9128e+06, 4.01377e+06, 0
8.06709e+06, 4.96391e+06, 0
4.94665e+06, 2.25307e+06, 0
5.52504e+06, 2.05867e+06, 0
6.82552e+06, 3.91875e+06, 0
4.68322e+06, 1.15045e+06, 0
7.99146e+06, 926533, 0
5.84035e+06, 2.61065e+06, 0
6.03014e+06, 2.77694e+06, 0
1.38996e+07, 2.80505e+06, 0
8.33629e+06, 2.50326e+06, 0
7.52383e+06, 3.01353e+06, 0
6.85837e+06, 628115, 0
8.38888e+06, 1.1351e+06, 0
6.69211e+06, 3.79941e+06, 0
1.13524e+07, 6.53068e+06, 0
4.98145e+06, 885012, 0
9.58409e+06, 2.32697e+06, 0
6.8767e+06, 634482, 0
8.78101e+06, 2.83103e+06, 0
6.83643e+06, 2.89876e+06, 0
5.15172e+06, 1.65897e+06, 0
8.70526e+06, 2.65679e+06, 0
5.81597e+06, 2.17465e+06, 0
9.31527e+06, 5.42698e+06, 0
9.55196e+06, 2.69262e+06, 0
5.01128e+06, 1.3274e+06, 0
1.19665e+07, 6.07113e+06, 0
6.71629e+06, 2.50174e+06, 0
4.27829e+06, 1.33058e+06, 0
8.55112e+06, 1.72264e+06, 0
5.52236e+06, 2.56575e+06, 0
1.13837e+07, 4.93251e+06, 0
8.95299e+06, 3.76084e+06, 0
8.61938e+06, 3.157e+06, 0
6.84866e+06, 3.73839e+06, 0
5.87692e+06, 3.40593e+06, 0
5.97864e+06, 205577, 0
8.7102e+06, 1.92351e+06, 0
8.64868e+06, 2.24945e+06, 0
3.87152e+06, 820530, 0
4.24797e+06, 715816, 0
5.71174e+06, 2.63918e+06, 0
5.05285e+06, 2.41438e+06, 0
7.00301e+06, 4.13965e+06, 0
4.37824e+06, 1.15009e+06, 0
5.62736e+06, 2.99926e+06, 0
4.47631e+06, 919267, 0
1.16974e+07, 4.74784e+06, 0
6.84162e+06, 3.13109e+06, 0
1.26197e+07, 3.73895e+06, 0
6.79578e+06, 1.10371e+06, 0
6.44277e+06, 1.98787e+06, 0
1.13469e+07, 5.08284e+06, 0
6.86201e+06, 2.04227e+06, 0
5.47283e+06, 1.56591e+06, 0
7.30573e+06, 3.0956e+06, 0
7.56982e+06, 2.00222e+06, 0
6.10738e+06, 586395, 0
9.22751e+06, 5.33209e+06, 0
8.57931e+06, 3.79225e+06, 0
9.46635e+06, 4.37582e+06, 0
5.41818e+06, 1.8501e+06, 0
7.94564e+06, 2.41849e+06, 0
9.0287e+06, 5.52018e+06, 0
4.7784e+06, 1.64066e+06, 0
6.68624e+06, 4.02319e+06, 0
9.06351e+06, 2.54372e+06, 0
1.03641e+07, 6.79807e+06, 0
7.11042e+06, 2.33196e+06, 0
7.12132e+06, 3.92121e+06, 0
1.351e+07, 2.68458e+06, 0
5.3669e+06, 2.74473e+06, 0
7.54593e+06, 4.20397e+06, 0
7.67622e+06, 2.80598e+06, 0
8.69324e+06, 1.86151e+06, 0
6.92483e+06, 2.06839e+06, 0
7.02925e+06, 3.89495e+06, 0
7.51021e+06, 3.60796e+06, 0
6.64059e+06, 2.84994e+06, 0
4.99592e+06, 1.58054e+06, 0
9.07499e+06, 3.33352e+06, 0
1.06543e+07, 3.29947e+06, 0
6.69426e+06, 1.30942e+06, 0
7.91773e+06, 3.90092e+06, 0
6.83599e+06, 1.12528e+06, 0
7.64515e+06, 1.5013e+06, 0
9.00969e+06, 2.46821e+06, 0
7.76573e+06, 2.39418e+06, 0
6.31106e+06, 3.61503e+06, 0
8.29882e+06, 4.16868e+06, 0
9.89934e+06, 4.54212e+06, 0
1.0475e+07, 3.12817e+06, 0
5.50512e+06, 2.99136e+06, 0
1.08534e+07, 6.52174e+06, 0
7.92369e+06, 3.52621e+06, 0
6.64816e+06, 2.14946e+06, 0
7.83256e+06, 3.08834e+06, 0
8.52759e+06, 5.28556e+06, 0
7.94712e+06, 3.15404e+06, 0
4.63628e+06, 2.10397e+06, 0
4.8043e+06, 1.14438e+06, 0
9.02585e+06, 1.21621e+06, 0
1.02558e+07, 3.24639e+06, 0
9.46193e+06, 4.80143e+06, 0
6.14752e+06, 2.82358e+06, 0
4.26377e+06, 380960, 0
3.69826e+06, 784272, 0
4.77603e+06, 650083, 0
9.99775e+06, 6.55197e+06, 0
6.50635e+06, 2.61722e+06, 0
8.68058e+06, 4.61962e+06, 0
9.34536e+06, 1.06458e+06, 0
1.00914e+07, 3.47227e+06, 0
7.64542e+06, 3.36782e+06, 0
8.3674e+06, 2.07252e+06, 0
6.00405e+06, 1.51415e+06, 0
7.83429e+06, 4.85587e+06, 0
5.43573e+06, 2.67974e+06, 0
5.21238e+06, 2.52379e+06, 0
7.15515e+06, 3.40831e+06, 0
8.95756e+06, 2.94313e+06, 0
5.4615e+06, 2.39375e+06, 0
4.41965e+06, 1.74038e+06, 0
8.8801e+06, 5.13918e+06, 0
9.11578e+06, 5.36125e+06, 0
8.2692e+06, 441515, 0
5.63329e+06, 1.03662e+06, 0
8.31756e+06, 4.90569e+06, 0
8.76913e+06, 1.30814e+06, 0
7.13602e+06, 3.30701e+06, 0
4.926e+06, 1.20536e+06, 0
6.2189e+06, 2.2566e+06, 0
4.6452e+06, 1.67001e+06, 0
5.28948e+06, 1.85817e+06, 0
9.29354e+06, 2.98509e+06, 0
5.30043e+06, 2.27476e+06, 0
1.00703e+07, 2.20281e+06, 0
5.54142e+06, 1.15072e+06, 0
4.05928e+06, 404437, 0
5.85529e+06, 2.44978e+06, 0
5.83769e+06, 2.28261e+06, 0
7.32591e+06, 4.12866e+06, 0
5.61066e+06, 1.19178e+06, 0
6.39487e+06, 2.26104e+06, 0
6.96886e+06, 3.13615e+06, 0
9.15367e+06, 4.57978e+06, 0
9.60065e+06, 5.95382e+06, 0
7.8399e+06, 3.41379e+06, 0
4.30399e+06, 1.46665e+06, 0
5.74819e+06, 3.29283e+06, 0
6.89936e+06, 1.31637e+06, 0
7.44591e+06, 1.01043e+06, 0
6.69712e+06, 2.3419e+06, 0
7.13555e+06, 1.27863e+06, 0
1.17e+07, 2.91048e+06, 0
8.86743e+06, 952726, 0
5.99593e+06, 1.40063e+06, 0
4.58119e+06, 1.28915e+06, 0
4.28561e+06, 1.21473e+06, 0
5.04634e+06, 1.11251e+06, 0
4.9934e+06, 1.9883e+06, 0
6.34383e+06, 3.43576e+06, 0
9.34672e+06, 6.01398e+06, 0
7.91305e+06, 3.80948e+06, 0
6.74248e+06, 3.21999e+06, 0
5.30124e+06, 1.33328e+06, 0
1.47361e+07, 5.38355e+06, 0
7.71542e+06, 2.68737e+06, 0
8.30063e+06, 4.84776e+06, 0
6.09326e+06, 2.30495e+06, 0
6.20918e+06, 1.11818e+06, 0
4.78709e+06, 755292, 0
7.55773e+06, 4.65386e+06, 0
6.44159e+06, 3.22265e+06, 0
4.51582e+06, 1.7915e+06, 0
5.85947e+06, 3.36137e+06, 0
6.53815e+06, 3.06184e+06, 0
7.78243e+06, 4.77834e+06, 0
7.64464e+06, 3.08888e+06, 0
1.02933e+07, 4.44246e+06, 0
8.24657e+06, 2.52235e+06, 0
7.38334e+06, 4.53574e+06, 0
6.05045e+06, 3.46362e+06, 0
7.09498e+06, 909143, 0
5.45887e+06, 3.02339e+06, 0
7.08012e+06, 2.54605e+06, 0
4.34057e+06, 1.85426e+06, 0
9.75825e+06, 2.61362e+06, 0
5.17576e+06, 671940, 0
6.62611e+06, 1.24297e+06, 0
1.25964e+07, 4.66923e+06, 0
9.91606e+06, 1.75323e+06, 0
6.08526e+06, 1.58861e+06, 0
6.95403e+06, 4.11839e+06, 0
9.20416e+06, 5.93999e+06, 0
1.3646e+07, 4.26273e+06, 0
5.76328e+06, 1.42017e+06, 0
8.50709e+06, 3.16171e+06, 0
5.91866e+06, 1.96579e+06, 0
7.58326e+06, 3.97582e+06, 0
8.89565e+06, 1.02743e+06, 0
6.09844e+06, 3.11019e+06, 0
9.86949e+06, 2.64541e+06, 0
5.50395e+06, 2.01528e+06, 0
6.8209e+06, 502414, 0
1.08136e+07, 6.69763e+06, 0
7.81358e+06, 3.17113e+06, 0
9.2941e+06, 3.3365e+06, 0
7.67268e+06, 1.23682e+06, 0
4.45857e+06, 498998, 0
6.28544e+06, 3.567e+06, 0
6.51695e+06, 3.74543e+06, 0
4.94154e+06, 438383, 0
6.31405e+06, 3.48118e+06, 0
5.85711e+06, 2.47254e+06, 0
6.0495e+06, 3.35554e+06, 0
1.2919e+07, 4.20845e+06, 0
4.61286e+06, 780638, 0
8.34676e+06, 5.17831e+06, 0
5.88277e+06, 1.95196e+06, 0
8.60561e+06, 3.7805e+06, 0
1.08263e+07, 6.46251e+06, 0
6.48303e+06, 3.7952e+06, 0
4.33373e+06, 1.61216e+06, 0
4.53464e+06, 273570, 0
6.82177e+06, 2.94283e+06, 0
1.32217e+07, 7.80504e+06, 0
9.5376e+06, 4.24904e+06, 0
4.48118e+06, 1.67858e+06, 0
7.84988e+06, 3.65945e+06, 0
8.37235e+06, 2.90003e+06, 0
6.77217e+06, 2.61557e+06, 0
4.2623e+06, 971527, 0
5.52635e+06, 1.56606e+06, 0
1.06266e+07, 6.65456e+06, 0
1.00639e+07, 6.2381e+06, 0
6.13163e+06, 3.09449e+06, 0
5.56959e+06, 2.08751e+06, 0
5.72101e+06, 1.16033e+06, 0
6.84385e+06, 1.93835e+06, 0
1.05999e+07, 1.49362e+06, 0
9.67838e+06, 6.11393e+06, 0
8.03672e+06, 3.07195e+06, 0
5.84113e+06, 1.60016e+06, 0
8.76215e+06, 3.75558e+06, 0
8.96902e+06, 2.88032e+06, 0
7.50021e+06, 3.4474e+06, 0
8.44857e+06, 3.65519e+06, 0
9.09421e+06, 5.42881e+06, 0
4.49124e+06, 532039, 0
4.62229e+06, 1.81324e+06, 0
8.30957e+06, 1.23426e+06, 0
7.59839e+06, 3.53774e+06, 0
4.10017e+06, 1.33214e+06, 0
1.29936e+07, 7.81061e+06, 0
8.62963e+06, 2.83976e+06, 0
8.50248e+06, 688550, 0
8.94679e+06, 3.86513e+06, 0
9.16171e+06, 3.45594e+06, 0
8.4565e+06, 2.95314e+06, 0
9.44992e+06, 2.95961e+06, 0
6.57788e+06, 3.37221e+06, 0
4.80452e+06, 1.90631e+06, 0
6.63589e+06, 2.1197e+06, 0
9.79905e+06, 2.96917e+06, 0
1.13374e+07, 2.74702e+06, 0
1.28706e+07, 3.1703e+06, 0
4.95508e+06, 492297, 0
7.95754e+06, 1.75254e+06, 0
5.96637e+06, 1.98319e+06, 0
9.09916e+06, 5.21859e+06, 0
8.91274e+06, 3.7503e+06, 0
1.24993e+07, 5.47244e+06, 0
6.71215e+06, 3.43572e+06, 0
6.6861e+06, 3.89073e+06, 0
7.68058e+06, 2.93045e+06, 0
3.76263e+06, 402010, 0
1.16327e+07, 2.13449e+06, 0
1.3632e+07, 5.82234e+06, 0
4.84389e+06, 1.49288e+06, 0
9.56438e+06, 1.91364e+06, 0
9.2221e+06, 5.65191e+06, 0
5.08771e+06, 2.13746e+06, 0
6.98801e+06, 1.9234e+06, 0
9.4547e+06, 5.18148e+06, 0
6.56951e+06, 2.27107e+06, 0
7.50252e+06, 1.86891e+06, 0
5.14175e+06, 1.68856e+06, 0
6.0825e+06, 1.54325e+06, 0
8.20394e+06, 2.77751e+06, 0
9.7855e+06, 4.94721e+06, 0
9.21803e+06, 2.95544e+06, 0
4.68075e+06, 855301, 0
5.08056e+06, 1.54697e+06, 0
7.69524e+06, 3.03886e+06, 0
9.24692e+06, 2.5475e+06, 0
9.39712e+06, 3.36542e+06, 0
5.20565e+06, 2.5286e+06, 0
5.38186e+06, 1.56274e+06, 0
6.05967e+06, 3.50788e+06, 0
7.63877e+06, 3.6407e+06, 0
6.96585e+06, 3.76251e+06, 0
7.75694e+06, 3.59792e+06, 0
5.59308e+06, 2.26926e+06, 0
4.71156e+06, 514270, 0
4.32754e+06, 764802, 0
7.22255e+06, 1.26207e+06, 0
1.09503e+07, 3.61928e+06, 0
8.61002e+06, 4.29127e+06, 0
6.5578e+06, 3.10461e+06, 0
7.7345e+06, 3.57936e+06, 0
5.45705e+06, 2.59077e+06, 0
7.02516e+06, 3.07879e+06, 0
9.28185e+06, 2.716e+06, 0
4.64133e+06, 1.60378e+06, 0
4.81206e+06, 1.84414e+06, 0
1.31549e+07, 6.78928e+06, 0
6.39533e+06, 3.7353e+06, 0
5.50452e+06, 1.10882e+06, 0
6.61235e+06, 3.13393e+06, 0
9.55622e+06, 4.98136e+06, 0
4.48089e+06, 1.92074e+06, 0
5.82055e+06, 2.57688e+06, 0
8.14376e+06, 3.65072e+06, 0
6.18238e+06, 1.30266e+06, 0
5.51145e+06, 1.0156e+06, 0
1.27191e+07, 2.30134e+06, 0
6.66828e+06, 950902, 0
8.60109e+06, 2.51807e+06, 0
4.92295e+06, 1.80168e+06, 0
4.38529e+06, 950257, 0
5.2181e+06, 966881, 0
1.07013e+07, 5.59522e+06, 0
5.68372e+06, 1.11146e+06, 0
6.11691e+06, 2.93271e+06, 0
5.69681e+06, 1.27713e+06, 0
1.17944e+07, 5.51629e+06, 0
8.98102e+06, 4.85511e+06, 0
7.17359e+06, 3.94815e+06, 0
4.91273e+06, 2.19406e+06, 0
6.37631e+06, 1.33106e+06, 0
6.53804e+06, 2.19943e+06, 0
6.30165e+06, 3.18209e+06, 0
4.08628e+06, 1.16129e+06, 0
8.81483e+06, 2.17015e+06, 0
1.29049e+07, 3.3465e+06, 0
5.36627e+06, 1.43306e+06, 0
4.07634e+06, 1.39933e+06, 0
6.71763e+06, 927394, 0
5.14033e+06, 1.21481e+06, 0
8.56528e+06, 2.32442e+06, 0
6.39017e+06, 2.38443e+06, 0
6.95524e+06, 4.2612e+06, 0
3.75734e+06, 875278, 0
5.55108e+06, 2.20832e+06, 0
7.1835e+06, 2.36886e+06, 0
8.27231e+06, 5.04173e+06, 0
8.36052e+06, 2.0289e+06, 0
4.81862e+06, 1.94537e+06, 0
8.61036e+06, 2.74302e+06, 0
9.44256e+06, 2.27224e+06, 0
7.98776e+06, 5.05609e+06, 0
9.28639e+06, 4.87021e+06, 0
6.35201e+06, 3.47461e+06, 0
8.78581e+06, 4.34101e+06, 0
4.61056e+06, 319162, 0
9.41875e+06, 3.54665e+06, 0
1.0542e+07, 3.7455e+06, 0
6.00612e+06, 2.63533e+06, 0
4.24398e+06, 736119, 0
7.05601e+06, 2.50801e+06, 0
5.06362e+06, 1.8181e+06, 0
1.41238e+07, 9.65192e+06, 0
5.63145e+06, 612002, 0
8.47544e+06, 4.0463e+06, 0
1.04179e+07, 5.01327e+06, 0
8.85058e+06, 804693, 0
7.67584e+06, 3.66041e+06, 0
7.19734e+06, 4.3717e+06, 0
6.87877e+06, 2.83655e+06, 0
8.91851e+06, 3.60024e+06, 0
1.16161e+07, 7.52138e+06, 0
1.0312e+07, 1.086e+06, 0
5.93194e+06, 1.21887e+06, 0
7.42549e+06, 3.42603e+06, 0
7.91488e+06, 4.4604e+06, 0
6.58121e+06, 3.61499e+06, 0
8.69642e+06, 5.4033e+06, 0
9.44748e+06, 2.90084e+06, 0
6.24981e+06, 3.27886e+06, 0
4.55585e+06, 1.04287e+06, 0
6.32023e+06, 2.23233e+06, 0
5.20639e+06, 1.96423e+06, 0
4.43172e+06, 1.85634e+06, 0
6.10464e+06, 753998, 0
5.94615e+06, 1.50731e+06, 0
6.54833e+06, 1.74903e+06, 0
8.00895e+06, 2.24049e+06, 0
5.46862e+06, 3.02517e+06, 0
7.66135e+06, 4.82152e+06, 0
9.55099e+06, 3.85106e+06, 0
6.06923e+06, 2.10421e+06, 0
7.59375e+06, 310652, 0
4.92536e+06, 2.14538e+06, 0
5.50919e+06, 2.07024e+06, 0
5.29419e+06, 1.49718e+06, 0
5.35551e+06, 1.93408e+06, 0
1.07563e+07, 7.30258e+06, 0
7.79195e+06, 1.34714e+06, 0
5.63814e+06, 2.11444e+06, 0
7.11403e+06, 2.5823e+06, 0
6.4311e+06, 1.49432e+06, 0
3.90744e+06, 782863, 0
1.00013e+07, 3.09726e+06, 0
5.84039e+06, 1.91534e+06, 0
8.2138e+06, 1.90692e+06, 0
7.8159e+06, 4.60601e+06, 0
3.79939e+06, 793101, 0
8.15864e+06, 2.53921e+06, 0
5.74115e+06, 1.906e+06, 0
7.6354e+06, 4.57909e+06, 0
1.31886e+07, 5.40565e+06, 0
4.08663e+06, 1.09596e+06, 0
7.61719e+06, 497835, 0
3.96262e+06, 1.29422e+06, 0
4.7516e+06, 1.37706e+06, 0
5.90588e+06, 1.04752e+06, 0
9.5664e+06, 3.98491e+06, 0
5.59031e+06, 1.16567e+06, 0
8.50717e+06, 5.45944e+06, 0
1.03234e+07, 1.62849e+06, 0
6.71334e+06, 2.19771e+06, 0
7.17858e+06, 1.81514e+06, 0
1.54395e+07, 6.092e+06, 0
9.1673e+06, 2.98355e+06, 0
7.95296e+06, 4.92173e+06, 0
8.1587e+06, 4.023e+06, 0
5.11421e+06, 2.47241e+06, 0
5.79812e+06, 1.90171e+06, 0
1.22241e+07, 3.24513e+06, 0
7.48907e+06, 2.22357e+06, 0
5.37973e+06, 1.05926e+06, 0
6.18369e+06, 1.96426e+06, 0
1.08866e+07, 3.49482e+06, 0
8.05808e+06, 2.35348e+06, 0
8.13389e+06, 1.92415e+06, 0
1.04437e+07, 3.06823e+06, 0
4.32256e+06, 1.81748e+06, 0
7.87247e+06, 4.2629e+06, 0
4.78399e+06, 1.09061e+06, 0
6.71698e+06, 3.88139e+06, 0
9.02205e+06, 4.51223e+06, 0
1.13486e+07, 5.86494e+06, 0
4.99799e+06, 1.5324e+06, 0
6.11808e+06, 1.60167e+06, 0
8.31137e+06, 1.49154e+06, 0
7.05369e+06, 3.95123e+06, 0
5.28339e+06, 2.81937e+06, 0
1.47207e+07, 8.8266e+06, 0
8.86832e+06, 2.00603e+06, 0
1.08207e+07, 5.43118e+06, 0
9.03214e+06, 5.34461e+06, 0
1.02266e+07, 645325, 0
5.93139e+06, 3.08543e+06, 0
8.4015e+06, 3.76664e+06, 0
5.43409e+06, 1.20788e+06, 0
5.92984e+06, 1.38064e+06, 0
7.12104e+06, 1.30709e+06, 0
6.47647e+06, 2.30053e+06, 0
8.29513e+06, 1.96462e+06, 0
8.39505e+06, 4.14366e+06, 0
7.2719e+06, 1.6693e+06, 0
6.70794e+06, 3.44272e+06, 0
6.04913e+06, 3.00226e+06, 0
5.45566e+06, 2.21997e+06, 0
5.54542e+06, 1.45409e+06, 0
6.66508e+06, 1.02739e+06, 0
4.78944e+06, 1.06942e+06, 0
4.6531e+06, 2.14989e+06, 0
4.94284e+06, 1.56541e+06, 0
8.2751e+06, 3.75775e+06, 0
8.20823e+06, 1.25916e+06, 0
6.8467e+06, 2.97132e+06, 0
7.94226e+06, 4.1641e+06, 0
8.1035e+06, 5.02326e+06, 0
4.54385e+06, 1.7646e+06, 0
7.45101e+06, 2.19684e+06, 0
5.3104e+06, 2.84603e+06, 0
6.19915e+06, 1.36989e+06, 0
1.03186e+07, 1.93041e+06, 0
1.21152e+07, 3.82986e+06, 0
1.05942e+07, 6.02115e+06, 0
6.9454e+06, 1.04844e+06, 0
9.29009e+06, 3.68065e+06, 0
9.92834e+06, 3.20384e+06, 0
5.20404e+06, 2.00415e+06, 0
8.45155e+06, 4.69298e+06, 0
6.5902e+06, 1.38617e+06, 0
4.71939e+06, 2.27385e+06, 0
1.00411e+07, 5.82359e+06, 0
7.0647e+06, 4.30782e+06, 0
7.98668e+06, 3.63154e+06, 0
5.30811e+06, 577453, 0
4.97787e+06, 1.98379e+06, 0
5.82837e+06, 3.1066e+06, 0
1.09568e+07, 5.33282e+06, 0
1.1764e+07, 1.12951e+06, 0
1.08651e+07, 871397, 0
1.00443e+07, 3.30221e+06, 0
8.35597e+06, 4.49386e+06, 0
6.22623e+06, 2.04413e+06, 0
9.96458e+06, 4.83103e+06, 0
4.57593e+06, 390418, 0
1.00584e+07, 4.80781e+06, 0
9.54497e+06, 4.9642e+06, 0
8.8183e+06, 4.25733e+06, 0
8.43413e+06, 4.19759e+06, 0
8.4425e+06, 2.00741e+06, 0
1.30914e+07, 6.75169e+06, 0
6.04984e+06, 2.57489e+06, 0
