2.92801e+07, 7.32907e+06, 0
2.73093e+07, 9.65054e+06, 0
3.36547e+07, 9.87921e+06, 0
2.25849e+07, 7.36915e+06, 0
2.31006e+07, 4.49863e+06, 0
2.65101e+07, 1.21013e+07, 0
2.78391e+07, 1.28991e+07, 0
1.62413e+07, 2.68568e+06, 0
3.1169e+07, 1.40166e+07, 0
2.97738e+07, 1.77461e+07, 0
1.83495e+07, 6.31274e+06, 0
3.28537e+07, 3.92309e+06, 0
3.20527e+07, 4.08363e+06, 0
3.16126e+07, 1.4435e+07, 0
2.67423e+07, 7.5938e+06, 0
2.76273e+07, 1.47863e+07, 0
4.16459e+07, 2.2561e+07, 0
2.11976e+07, 8.54408e+06, 0
3.49701e+07, 8.06374e+06, 0
2.47476e+07, 9.556e+06, 0
2.4981e+07, 1.06579e+07, 0
2.43176e+07, 1.03713e+07, 0
2.65541e+07, 1.09658e+07, 0
2.14687e+07, 9.25343e+06, 0
2.78946e+07, 5.50728e+06, 0
1.99571e+07, 7.43315e+06, 0
2.53752e+07, 1.23781e+07, 0
2.9444e+07, 1.25726e+07, 0
2.05552e+07, 6.87204e+06, 0
3.041e+07, 5.13244e+06, 0
3.85226e+07, 5.59403e+06, 0
2.80067e+07, 1.13844e+07, 0
1.8369e+07, 6.94678e+06, 0
2.4232e+07, 9.71331e+06, 0
2.17788e+07, 8.69496e+06, 0
3.26855e+07, 2.05238e+07, 0
2.57495e+07, 7.64314e+06, 0
2.89732e+07, 1.6826e+07, 0
2.0184e+07, 8.2077e+06, 0
2.16811e+07, 7.91735e+06, 0
2.7877e+07, 1.38745e+07, 0
3.43369e+07, 6.35788e+06, 0
2.15406e+07, 3.79311e+06, 0
3.34936e+07, 1.89573e+07, 0
1.73317e+07, 3.3565e+06, 0
2.33078e+07, 4.5106e+06, 0
3.17496e+07, 1.08602e+07, 0
2.33177e+07, 8.71375e+06, 0
2.44498e+07, 5.02357e+06, 0
2.68432e+07, 6.96232e+06, 0
2.28621e+07, 4.58573e+06, 0
3.07876e+07, 1.54013e+07, 0
1.97636e+07, 3.17564e+06, 0
2.52829e+07, 7.33429e+06, 0
2.11958e+07, 366894, 0
2.07048e+07, 4.94512e+06, 0
2.53901e+07, 1.15923e+07, 0
3.03429e+07, 1.0539e+07, 0
2.09182e+07, 4.26507e+06, 0
2.53822e+07, 9.33229e+06, 0
1.96511e+07, 4.97213e+06, 0
2.50307e+07, 5.88712e+06, 0
2.69341e+07, 7.47019e+06, 0
3.84438e+07, 1.09298e+07, 0
3.24166e+07, 1.15217e+07, 0
2.54953e+07, 1.07667e+07, 0
1.81333e+07, 5.3102e+06, 0
2.96271e+07, 1.68737e+07, 0
2.13446e+07, 1.03589e+06, 0
2.70758e+07, 1.43187e+07, 0
3.70274e+07, 2.39432e+07, 0
5.06095e+07, 1.11975e+07, 0
3.18208e+07, 1.7191e+07, 0
2.11691e+07, 3.57364e+06, 0
3.49204e+07, 3.76507e+06, 0
2.73208e+07, 1.05112e+07, 0
2.56465e+07, 8.90805e+06, 0
4.6774e+07, 2.65285e+07, 0
3.2766e+07, 1.79208e+07, 0
2.85592e+07, 2.82745e+06, 0
1.79116e+07, 5.03334e+06, 0
2.41532e+07, 1.24635e+07, 0
2.20549e+07, 651363, 0
2.35878e+07, 9.19375e+06, 0
2.15515e+07, 1.00099e+07, 0
2.28679e+07, 1.11651e+07, 0
3.44752e+07, 7.85795e+06, 0
2.87688e+07, 1.54673e+07, 0
3.07816e+07, 1.48455e+07, 0
1.99506e+07, 7.17236e+06, 0
2.58813e+07, 1.31395e+07, 0
2.36999e+07, 7.83164e+06, 0
2.05956e+07, 4.67128e+06, 0
2.72475e+07, 1.37228e+07, 0
2.15646e+07, 3.74265e+06, 0
2.19608e+07, 5.5669e+06, 0
3.06642e+07, 8.88396e+06, 0
1.71413e+07, 3.87738e+06, 0
2.94943e+07, 1.00884e+07, 0
2.38809e+07, 1.13031e+07, 0
2.53505e+07, 9.91728e+06, 0
1.72352e+07, 4.94431e+06, 0
2.61364e+07, 9.73748e+06, 0
2.09158e+07, 6.52422e+06, 0
2.33366e+07, 4.79219e+06, 0
2.70783e+07, 4.91156e+06, 0
1.6644e+07, 2.95307e+06, 0
2.30329e+07, 1.85125e+06, 0
2.5098e+07, 9.87045e+06, 0
3.11496e+07, 1.89106e+07, 0
1.77523e+07, 6.08719e+06, 0
2.96328e+07, 6.181e+06, 0
1.80073e+07, 6.44706e+06, 0
3.39821e+07, 2.13932e+07, 0
1.7262e+07, 4.05385e+06, 0
1.81854e+07, 4.91414e+06, 0
4.64505e+07, 1.24674e+07, 0
1.88616e+07, 3.49864e+06, 0
4.49516e+07, 2.32543e+07, 0
2.37657e+07, 6.1824e+06, 0
3.47705e+07, 6.75645e+06, 0
2.95042e+07, 1.60929e+06, 0
2.88298e+07, 8.87816e+06, 0
5.01487e+07, 1.13314e+07, 0
2.54864e+07, 6.22761e+06, 0
3.29478e+07, 9.75923e+06, 0
2.96756e+07, 1.05061e+07, 0
2.6588e+07, 1.47228e+07, 0
3.44952e+07, 4.85973e+06, 0
2.40521e+07, 9.77186e+06, 0
4.11201e+07, 7.04706e+06, 0
4.36268e+07, 2.09034e+07, 0
1.86205e+07, 2.53747e+06, 0
3.10457e+07, 1.4906e+06, 0
3.20184e+07, 1.58854e+07, 0
1.94646e+07, 2.62077e+06, 0
4.1155e+07, 1.71639e+07, 0
2.25922e+07, 6.64847e+06, 0
2.40711e+07, 8.38365e+06, 0
2.15225e+07, 6.43197e+06, 0
2.43699e+07, 6.59327e+06, 0
3.01879e+07, 5.42439e+06, 0
2.83301e+07, 1.58248e+07, 0
3.05412e+07, 8.74876e+06, 0
2.49758e+07, 8.20654e+06, 0
2.56571e+07, 9.78534e+06, 0
2.22685e+07, 1.0709e+07, 0
2.39986e+07, 5.47412e+06, 0
2.92501e+07, 4.25332e+06, 0
2.36698e+07, 9.12344e+06, 0
1.83886e+07, 3.58542e+06, 0
2.25693e+07, 1.05806e+07, 0
1.9832e+07, 5.94552e+06, 0
2.99121e+07, 1.40436e+07, 0
3.07497e+07, 1.40909e+07, 0
2.65399e+07, 1.48294e+07, 0
2.49011e+07, 8.06451e+06, 0
1.94856e+07, 4.44452e+06, 0
2.96215e+07, 1.79894e+07, 0
2.6991e+07, 1.41457e+07, 0
2.55587e+07, 8.95667e+06, 0
3.04715e+07, 1.61261e+07, 0
2.10103e+07, 2.97869e+06, 0
2.61675e+07, 1.31675e+07, 0
2.9154e+07, 1.39851e+07, 0
1.79528e+07, 6.31205e+06, 0
2.48405e+07, 4.82611e+06, 0
2.94353e+07, 1.38723e+07, 0
2.12646e+07, 2.34565e+06, 0
2.19565e+07, 6.6031e+06, 0
1.81914e+07, 1.23226e+06, 0
3.37074e+07, 2.14185e+07, 0
2.38001e+07, 1.03224e+07, 0
2.92544e+07, 8.3014e+06, 0
2.83835e+07, 1.21794e+07, 0
1.81095e+07, 3.64565e+06, 0
2.51802e+07, 1.15838e+07, 0
4.74557e+07, 1.83635e+07, 0
3.2243e+07, 6.24049e+06, 0
1.98128e+07, 4.65365e+06, 0
2.37364e+07, 1.13249e+07, 0
2.18601e+07, 9.40592e+06, 0
2.58503e+07, 9.39455e+06, 0
1.8049e+07, 4.62107e+06, 0
2.80573e+07, 1.23011e+07, 0
2.19833e+07, 9.42912e+06, 0
2.52875e+07, 8.11366e+06, 0
2.24567e+07, 7.47162e+06, 0
2.07015e+07, 2.07749e+06, 0
3.84774e+07, 2.19691e+07, 0
2.05734e+07, 9.16667e+06, 0
4.31119e+07, 8.39929e+06, 0
3.38019e+07, 7.06016e+06, 0
2.48382e+07, 7.20911e+06, 0
2.69651e+07, 6.37739e+06, 0
3.09444e+07, 1.91306e+07, 0
2.22488e+07, 7.65326e+06, 0
2.66753e+07, 1.54924e+07, 0
3.53349e+07, 6.13838e+06, 0
3.17636e+07, 8.12109e+06, 0
2.64086e+07, 1.169e+07, 0
2.70835e+07, 1.23048e+07, 0
3.17479e+07, 1.89738e+07, 0
2.15769e+07, 1.0513e+07, 0
2.32157e+07, 7.44952e+06, 0
3.40584e+07, 7.20823e+06, 0
2.83544e+07, 3.28206e+06, 0
3.09955e+07, 5.18255e+06, 0
2.67102e+07, 1.47306e+07, 0
2.5137e+07, 1.01326e+07, 0
1.80867e+07, 6.50587e+06, 0
1.84697e+07, 4.85753e+06, 0
2.77467e+07, 5.67223e+06, 0
3.8046e+07, 1.99235e+07, 0
1.67541e+07, 2.91505e+06, 0
1.89702e+07, 3.1679e+06, 0
1.99373e+07, 5.47512e+06, 0
1.91263e+07, 3.40213e+06, 0
3.05224e+07, 1.22066e+07, 0
3.23428e+07, 1.45086e+07, 0
2.65884e+07, 1.19972e+07, 0
1.62837e+07, 660248, 0
2.29626e+07, 1.61955e+06, 0
2.57948e+07, 4.36003e+06, 0
2.41976e+07, 7.02142e+06, 0
2.20408e+07, 7.33589e+06, 0
3.75509e+07, 1.90441e+07, 0
2.02672e+07, 7.0709e+06, 0
3.6016e+07, 7.60203e+06, 0
1.73492e+07, 4.24248e+06, 0
2.00644e+07, 8.20715e+06, 0
3.52954e+07, 1.294e+07, 0
2.17923e+07, 1.95106e+06, 0
2.01922e+07, 2.20366e+06, 0
2.69518e+07, 7.05873e+06, 0
2.32845e+07, 7.22382e+06, 0
2.35895e+07, 9.07741e+06, 0
2.41094e+07, 3.01058e+06, 0
5.53425e+07, 2.51219e+07, 0
2.01708e+07, 5.1019e+06, 0
2.9889e+07, 5.3928e+06, 0
2.23001e+07, 9.90815e+06, 0
2.2968e+07, 7.29629e+06, 0
2.28587e+07, 8.40773e+06, 0
2.41468e+07, 8.00465e+06, 0
4.08688e+07, 9.28844e+06, 0
2.25197e+07, 4.88592e+06, 0
1.78194e+07, 5.56199e+06, 0
1.9053e+07, 6.60482e+06, 0
3.56532e+07, 2.97099e+06, 0
2.67444e+07, 1.08178e+07, 0
3.45882e+07, 1.33392e+07, 0
1.78534e+07, 3.77789e+06, 0
3.10563e+07, 1.65082e+07, 0
3.03721e+07, 1.82155e+07, 0
2.65026e+07, 5.5766e+06, 0
2.80246e+07, 1.1617e+07, 0
2.72869e+07, 9.32803e+06, 0
1.99701e+07, 8.30553e+06, 0
2.76383e+07, 1.19098e+07, 0
1.88015e+07, 6.61314e+06, 0
1.80421e+07, 3.57034e+06, 0
3.62096e+07, 1.19978e+07, 0
2.48932e+07, 1.18408e+07, 0
3.06619e+07, 1.7548e+07, 0
2.46697e+07, 9.29562e+06, 0
3.17139e+07, 7.90824e+06, 0
4.39656e+07, 7.23629e+06, 0
3.66987e+07, 1.71622e+07, 0
1.75448e+07, 4.87248e+06, 0
3.26503e+07, 1.13276e+07, 0
2.27487e+07, 7.77504e+06, 0
3.22184e+07, 1.9048e+07, 0
2.47091e+07, 4.33808e+06, 0
2.40769e+07, 7.74942e+06, 0
2.77973e+07, 8.09445e+06, 0
2.81525e+07, 1.4237e+07, 0
3.19732e+07, 1.25305e+07, 0
2.36732e+07, 9.30917e+06, 0
2.00029e+07, 3.58239e+06, 0
2.47195e+07, 1.11083e+07, 0
3.54787e+07, 1.26102e+07, 0
1.91239e+07, 6.49788e+06, 0
2.57302e+07, 9.97012e+06, 0
3.76041e+07, 6.72095e+06, 0
2.09521e+07, 7.45358e+06, 0
2.98721e+07, 1.21023e+07, 0
2.93057e+07, 5.47713e+06, 0
2.74292e+07, 8.56017e+06, 0
2.45538e+07, 3.69551e+06, 0
2.70662e+07, 2.33932e+06, 0
1.89018e+07, 2.15747e+06, 0
1.87324e+07, 3.21403e+06, 0
2.44189e+07, 1.01777e+07, 0
1.90166e+07, 7.39896e+06, 0
2.50244e+07, 3.6041e+06, 0
3.01231e+07, 7.32192e+06, 0
2.44887e+07, 9.5625e+06, 0
2.28608e+07, 4.1671e+06, 0
3.27337e+07, 1.24867e+07, 0
2.96308e+07, 7.77642e+06, 0
2.21126e+07, 8.45782e+06, 0
2.54417e+07, 1.43056e+07, 0
2.96222e+07, 1.5028e+07, 0
2.34497e+07, 1.24754e+07, 0
2.25294e+07, 1.17175e+07, 0
2.58485e+07, 1.29717e+07, 0
2.31841e+07, 8.01092e+06, 0
2.14428e+07, 4.7268e+06, 0
2.18781e+07, 1.0989e+06, 0
3.01401e+07, 1.51547e+07, 0
3.10893e+07, 1.72604e+07, 0
2.18677e+07, 8.42441e+06, 0
4.14848e+07, 1.25808e+07, 0
2.613e+07, 1.15397e+07, 0
2.89228e+07, 1.72269e+07, 0
2.42866e+07, 1.02098e+07, 0
4.16036e+07, 2.59926e+07, 0
2.28551e+07, 1.18779e+07, 0
2.46511e+07, 2.2911e+06, 0
2.33153e+07, 1.17009e+07, 0
2.99905e+07, 6.36167e+06, 0
4.14592e+07, 5.73943e+06, 0
2.37362e+07, 5.02639e+06, 0
2.40971e+07, 4.90077e+06, 0
2.61121e+07, 1.21294e+07, 0
1.72277e+07, 4.60175e+06, 0
2.29386e+07, 5.74612e+06, 0
2.70654e+07, 1.20491e+07, 0
3.56793e+07, 1.28237e+07, 0
2.74251e+07, 1.22808e+07, 0
2.35654e+07, 1.04865e+07, 0
2.62282e+07, 5.79114e+06, 0
2.3689e+07, 7.87295e+06, 0
2.39507e+07, 1.03526e+07, 0
2.05311e+07, 7.1934e+06, 0
3.31993e+07, 4.08538e+06, 0
2.39006e+07, 1.2159e+07, 0
2.21752e+07, 9.19247e+06, 0
2.32883e+07, 3.75346e+06, 0
2.3635e+07, 1.15522e+07, 0
2.88021e+07, 9.57492e+06, 0
3.90592e+07, 1.52537e+07, 0
2.76761e+07, 1.22908e+07, 0
2.73972e+07, 1.13637e+07, 0
2.71368e+07, 5.68704e+06, 0
2.24156e+07, 3.42253e+06, 0
2.55181e+07, 1.42896e+07, 0
2.82319e+07, 1.01812e+07, 0
1.89819e+07, 7.0843e+06, 0
2.26413e+07, 5.04695e+06, 0
2.67675e+07, 9.82154e+06, 0
2.28139e+07, 6.81784e+06, 0
2.99829e+07, 1.7017e+07, 0
3.02505e+07, 1.33786e+07, 0
2.30016e+07, 9.8464e+06, 0
2.47609e+07, 1.29715e+07, 0
2.66557e+07, 5.51831e+06, 0
3.20931e+07, 1.82258e+06, 0
1.90224e+07, 6.73018e+06, 0
4.72959e+07, 1.56874e+07, 0
2.02145e+07, 7.15254e+06, 0
3.32611e+07, 9.33967e+06, 0
3.75995e+07, 6.70764e+06, 0
2.7288e+07, 1.3638e+07, 0
2.4572e+07, 1.18688e+07, 0
1.89541e+07, 6.68695e+06, 0
1.84929e+07, 5.01677e+06, 0
2.39765e+07, 1.12857e+07, 0
2.5255e+07, 6.44549e+06, 0
3.8419e+07, 1.98346e+07, 0
2.76221e+07, 7.89854e+06, 0
2.66017e+07, 1.22558e+07, 0
2.74908e+07, 1.43355e+07, 0
2.78981e+07, 1.08547e+07, 0
3.26866e+07, 2.05337e+07, 0
2.57417e+07, 1.12436e+07, 0
1.85578e+07, 3.52485e+06, 0
3.87839e+07, 1.50549e+07, 0
2.8658e+07, 1.23812e+07, 0
4.32435e+07, 1.24934e+07, 0
1.8384e+07, 4.31667e+06, 0
2.4405e+07, 1.08482e+07, 0
3.1357e+07, 8.12495e+06, 0
2.97552e+07, 6.66734e+06, 0
2.87044e+07, 8.76226e+06, 0
1.82701e+07, 4.87195e+06, 0
2.61268e+07, 9.02912e+06, 0
2.71302e+07, 6.60381e+06, 0
2.30607e+07, 736817, 0
2.16129e+07, 5.90269e+06, 0
2.51634e+07, 1.10118e+07, 0
2.67219e+07, 7.05784e+06, 0
2.32748e+07, 1.12334e+07, 0
2.57618e+07, 9.9251e+06, 0
4.04744e+07, 2.44174e+07, 0
3.56007e+07, 4.86994e+06, 0
1.92558e+07, 1.05874e+06, 0
3.04599e+07, 1.25611e+07, 0
3.59105e+07, 1.02376e+07, 0
2.8964e+07, 5.03541e+06, 0
1.82275e+07, 6.62999e+06, 0
3.19966e+07, 1.33435e+07, 0
2.21526e+07, 9.55685e+06, 0
1.66014e+07, 3.10414e+06, 0
1.90631e+07, 7.26954e+06, 0
2.96247e+07, 1.30742e+07, 0
2.12266e+07, 1.02809e+07, 0
2.7057e+07, 1.43296e+06, 0
2.2986e+07, 4.5356e+06, 0
2.56991e+07, 4.31766e+06, 0
2.91131e+07, 1.01351e+07, 0
1.7651e+07, 3.95285e+06, 0
2.64344e+07, 1.3907e+07, 0
2.66463e+07, 1.24507e+06, 0
3.65203e+07, 1.37809e+07, 0
2.81576e+07, 1.63636e+07, 0
1.68137e+07, 3.48879e+06, 0
2.60551e+07, 9.37e+06, 0
2.12039e+07, 3.4502e+06, 0
3.05523e+07, 9.4494e+06, 0
3.88254e+07, 2.16112e+07, 0
1.95857e+07, 7.24248e+06, 0
2.75418e+07, 6.3233e+06, 0
3.20775e+07, 1.06615e+07, 0
3.33379e+07, 5.42144e+06, 0
2.24347e+07, 9.7513e+06, 0
2.35929e+07, 5.55451e+06, 0
2.48065e+07, 1.20606e+07, 0
2.25315e+07, 1.67884e+06, 0
2.60563e+07, 7.73007e+06, 0
2.07341e+07, 7.46048e+06, 0
3.72738e+07, 1.8027e+07, 0
2.66741e+07, 9.73071e+06, 0
3.27566e+07, 5.07873e+06, 0
2.56381e+07, 1.08862e+07, 0
1.92478e+07, 6.75092e+06, 0
1.75984e+07, 5.01977e+06, 0
2.48334e+07, 6.3369e+06, 0
2.86077e+07, 1.41385e+07, 0
2.2617e+07, 8.21209e+06, 0
2.47424e+07, 9.67516e+06, 0
2.45238e+07, 7.93836e+06, 0
2.30721e+07, 9.52467e+06, 0
3.79824e+07, 7.46649e+06, 0
2.08288e+07, 4.51119e+06, 0
2.15647e+07, 9.94843e+06, 0
1.84228e+07, 6.30394e+06, 0
3.13678e+07, 1.25122e+07, 0
2.86034e+07, 9.05616e+06, 0
2.10122e+07, 6.01716e+06, 0
2.11672e+07, 4.9312e+06, 0
3.51031e+07, 2.09203e+07, 0
2.99683e+07, 1.75125e+07, 0
2.13449e+07, 4.51091e+06, 0
2.6447e+07, 1.06747e+07, 0
3.92148e+07, 1.56111e+07, 0
2.14979e+07, 7.92289e+06, 0
2.4279e+07, 9.57684e+06, 0
3.61164e+07, 7.05869e+06, 0
2.58615e+07, 1.00546e+07, 0
1.96193e+07, 5.42547e+06, 0
1.92915e+07, 3.74696e+06, 0
3.56035e+07, 1.44137e+07, 0
2.23587e+07, 1.15478e+07, 0
2.48037e+07, 8.11097e+06, 0
2.28831e+07, 6.34122e+06, 0
1.9129e+07, 4.5366e+06, 0
3.1367e+07, 1.0642e+07, 0
2.38891e+07, 8.54907e+06, 0
2.21992e+07, 3.3282e+06, 0
2.88192e+07, 1.25719e+07, 0
2.16907e+07, 8.6941e+06, 0
3.78128e+07, 1.42835e+07, 0
2.14197e+07, 9.87164e+06, 0
3.63848e+07, 1.80284e+07, 0
3.87905e+07, 9.35113e+06, 0
3.05449e+07, 1.50397e+07, 0
3.20334e+07, 1.14226e+07, 0
2.60323e+07, 6.66175e+06, 0
3.06834e+07, 1.36624e+07, 0
3.40863e+07, 1.91985e+07, 0
3.0377e+07, 8.01332e+06, 0
1.97785e+07, 5.01965e+06, 0
2.45592e+07, 6.13432e+06, 0
2.68617e+07, 1.50622e+07, 0
1.99609e+07, 5.71934e+06, 0
4.03034e+07, 1.01236e+07, 0
3.01116e+07, 1.02902e+07, 0
2.7499e+07, 1.39767e+07, 0
2.19202e+07, 1.17374e+06, 0
1.94873e+07, 6.4678e+06, 0
2.03819e+07, 913723, 0
1.93481e+07, 7.90909e+06, 0
3.14532e+07, 1.63017e+07, 0
3.05026e+07, 7.39747e+06, 0
2.70886e+07, 1.22163e+07, 0
2.71649e+07, 1.40999e+07, 0
2.68294e+07, 7.82956e+06, 0
4.27764e+07, 2.3456e+07, 0
2.55776e+07, 9.28603e+06, 0
2.90504e+07, 1.21406e+07, 0
2.79302e+07, 1.05233e+07, 0
2.49546e+07, 1.28508e+07, 0
3.39677e+07, 1.25391e+07, 0
3.29201e+07, 1.86323e+07, 0
2.00019e+07, 2.50985e+06, 0
2.10976e+07, 5.91767e+06, 0
2.19686e+07, 4.52774e+06, 0
1.79107e+07, 6.19701e+06, 0
1.97788e+07, 5.79796e+06, 0
3.01721e+07, 7.08985e+06, 0
4.91366e+07, 2.744e+07, 0
2.95361e+07, 1.73287e+07, 0
3.34064e+07, 1.55404e+07, 0
2.58551e+07, 1.01264e+07, 0
2.52825e+07, 1.22521e+07, 0
1.82258e+07, 2.04539e+06, 0
1.66194e+07, 3.26463e+06, 0
2.2029e+07, 1.10429e+07, 0
2.91249e+07, 1.6412e+07, 0
3.01885e+07, 1.37597e+07, 0
2.40363e+07, 1.28674e+07, 0
2.33634e+07, 7.12573e+06, 0
3.70709e+07, 1.54422e+07, 0
3.33633e+07, 7.95741e+06, 0
2.61084e+07, 1.46134e+07, 0
2.60673e+07, 7.45542e+06, 0
2.08038e+07, 9.3733e+06, 0
3.03613e+07, 8.14824e+06, 0
2.43423e+07, 1.0637e+07, 0
2.28475e+07, 9.41028e+06, 0
1.68789e+07, 2.21073e+06, 0
2.48554e+07, 3.09161e+06, 0
2.12135e+07, 4.16986e+06, 0
2.70455e+07, 1.46239e+07, 0
2.82154e+07, 1.57356e+07, 0
2.43588e+07, 8.46172e+06, 0
1.75815e+07, 5.77188e+06, 0
2.73721e+07, 6.40503e+06, 0
2.81801e+07, 1.03044e+07, 0
2.84972e+07, 9.08571e+06, 0
2.95339e+07, 5.44861e+06, 0
2.42925e+07, 8.07635e+06, 0
3.68993e+07, 1.31111e+07, 0
2.31902e+07, 6.30939e+06, 0
2.24537e+07, 8.13461e+06, 0
2.5352e+07, 1.01824e+07, 0
2.33605e+07, 7.94284e+06, 0
2.61245e+07, 1.27383e+07, 0
3.49107e+07, 1.86859e+07, 0
3.46116e+07, 1.30452e+07, 0
2.81211e+07, 680188, 0
3.35125e+07, 1.6595e+07, 0
2.22181e+07, 1.10894e+07, 0
3.52524e+07, 1.35578e+07, 0
1.74058e+07, 5.09019e+06, 0
4.07099e+07, 2.08981e+07, 0
2.44235e+07, 1.24596e+07, 0
2.27223e+07, 358812, 0
2.61605e+07, 1.04112e+07, 0
2.08842e+07, 6.75218e+06, 0
2.45785e+07, 7.70988e+06, 0
2.40164e+07, 1.28329e+07, 0
2.71777e+07, 9.39376e+06, 0
3.0108e+07, 9.34233e+06, 0
2.94614e+07, 1.53477e+07, 0
3.82456e+07, 1.72277e+07, 0
2.71073e+07, 9.24603e+06, 0
3.07495e+07, 1.4271e+07, 0
2.46534e+07, 5.08237e+06, 0
4.16194e+07, 1.5942e+07, 0
2.31435e+07, 1.16502e+07, 0
3.37127e+07, 1.42616e+07, 0
2.8937e+07, 5.73228e+06, 0
1.97179e+07, 8.42032e+06, 0
3.8968e+07, 1.01779e+07, 0
2.45315e+07, 5.00048e+06, 0
2.28204e+07, 758341, 0
2.67478e+07, 6.82449e+06, 0
1.6323e+07, 3.13826e+06, 0
2.41256e+07, 1.04568e+07, 0
2.78364e+07, 8.48468e+06, 0
2.39062e+07, 1.03816e+07, 0
2.75957e+07, 7.23899e+06, 0
3.26615e+07, 1.23853e+07, 0
4.88588e+07, 3.58614e+06, 0
1.87598e+07, 3.85754e+06, 0
3.60326e+07, 1.00462e+07, 0
3.58528e+07, 1.64314e+07, 0
4.0292e+07, 2.46231e+07, 0
2.4363e+07, 6.46146e+06, 0
1.98845e+07, 5.50937e+06, 0
2.49164e+07, 2.97166e+06, 0
2.31494e+07, 4.42831e+06, 0
2.3794e+07, 9.84314e+06, 0
2.30415e+07, 5.06705e+06, 0
2.73528e+07, 9.33072e+06, 0
3.48731e+07, 1.93803e+06, 0
1.79012e+07, 1.90441e+06, 0
3.70361e+07, 9.99379e+06, 0
2.24972e+07, 9.73364e+06, 0
1.94318e+07, 6.9882e+06, 0
4.07141e+07, 1.97886e+06, 0
2.50116e+07, 1.31857e+07, 0
2.36529e+07, 8.15886e+06, 0
2.22808e+07, 4.14352e+06, 0
2.85654e+07, 4.76989e+06, 0
3.10099e+07, 1.18734e+07, 0
3.32265e+07, 1.26903e+07, 0
1.7619e+07, 4.35462e+06, 0
3.97944e+07, 9.14865e+06, 0
1.62265e+07, 2.63712e+06, 0
2.57458e+07, 1.08221e+07, 0
3.00397e+07, 1.62777e+07, 0
1.64914e+07, 1.75308e+06, 0
2.30475e+07, 1.11764e+07, 0
3.76004e+07, 1.03981e+07, 0
2.71988e+07, 1.0456e+07, 0
2.56361e+07, 1.41446e+07, 0
3.0466e+07, 1.34061e+07, 0
2.38724e+07, 1.25158e+07, 0
2.43082e+07, 1.31795e+07, 0
3.71332e+07, 8.2789e+06, 0
2.90211e+07, 1.55945e+07, 0
2.58124e+07, 6.36988e+06, 0
2.87685e+07, 1.13253e+07, 0
2.10084e+07, 7.73472e+06, 0
2.79481e+07, 1.42204e+07, 0
2.07237e+07, 9.03154e+06, 0
2.17198e+07, 9.3765e+06, 0
3.18931e+07, 1.84923e+07, 0
3.02542e+07, 4.006e+06, 0
1.76936e+07, 3.88515e+06, 0
2.4354e+07, 7.91938e+06, 0
2.93656e+07, 1.22875e+07, 0
1.82824e+07, 1.76075e+06, 0
3.16058e+07, 1.6127e+07, 0
2.797e+07, 6.41328e+06, 0
2.07197e+07, 3.3081e+06, 0
2.68039e+07, 1.31674e+07, 0
1.72062e+07, 1.77408e+06, 0
3.29414e+07, 4.35523e+06, 0
2.9681e+07, 5.13986e+06, 0
3.39601e+07, 1.49238e+07, 0
2.43136e+07, 8.78657e+06, 0
4.25832e+07, 1.17976e+07, 0
3.08255e+07, 1.46475e+07, 0
3.37563e+07, 1.4243e+07, 0
2.9481e+07, 1.20868e+07, 0
3.68236e+07, 1.85861e+07, 0
2.08308e+07, 4.379e+06, 0
2.52026e+07, 3.69723e+06, 0
3.23465e+07, 1.7297e+07, 0
1.96928e+07, 4.93161e+06, 0
2.24457e+07, 1.12706e+07, 0
3.20316e+07, 1.07305e+07, 0
2.44187e+07, 6.25285e+06, 0
2.36844e+07, 5.95588e+06, 0
3.60917e+07, 1.60198e+06, 0
2.20558e+07, 7.30515e+06, 0
2.03429e+07, 1.57563e+06, 0
3.44102e+07, 1.83352e+07, 0
1.85263e+07, 6.15192e+06, 0
3.94256e+07, 9.01634e+06, 0
2.33727e+07, 1.11004e+07, 0
2.76205e+07, 6.08526e+06, 0
3.34471e+07, 3.4628e+06, 0
2.31471e+07, 6.61076e+06, 0
2.93769e+07, 1.55321e+07, 0
2.83055e+07, 1.66849e+07, 0
2.29371e+07, 1.08139e+07, 0
2.39301e+07, 1.02046e+07, 0
2.38779e+07, 1.06625e+07, 0
2.68583e+07, 1.51401e+07, 0
4.05973e+07, 1.73976e+07, 0
2.39356e+07, 2.74302e+06, 0
3.33677e+07, 1.77957e+07, 0
2.43751e+07, 4.57145e+06, 0
4.81179e+07, 1.15535e+07, 0
2.79894e+07, 9.12563e+06, 0
3.28722e+07, 1.99667e+07, 0
3.92532e+07, 1.66703e+07, 0
3.05032e+07, 5.84826e+06, 0
3.02576e+07, 1.56569e+07, 0
3.5794e+07, 7.88873e+06, 0
3.66435e+07, 1.97258e+07, 0
2.96952e+07, 1.13099e+07, 0
1.9389e+07, 5.97085e+06, 0
2.61471e+07, 1.40906e+07, 0
1.77076e+07, 3.36982e+06, 0
3.17426e+07, 5.9048e+06, 0
3.008e+07, 1.72063e+07, 0
2.70944e+07, 7.71248e+06, 0
2.64017e+07, 5.83174e+06, 0
3.3614e+07, 5.30734e+06, 0
2.43092e+07, 7.53972e+06, 0
3.23656e+07, 1.55791e+07, 0
1.6809e+07, 3.05768e+06, 0
3.5805e+07, 1.29717e+07, 0
2.57629e+07, 9.29382e+06, 0
1.62881e+07, 2.08989e+06, 0
2.07132e+07, 3.07901e+06, 0
2.46595e+07, 1.07646e+07, 0
2.10439e+07, 1.92039e+06, 0
2.02814e+07, 6.12896e+06, 0
1.80161e+07, 5.0357e+06, 0
3.00585e+07, 1.38502e+07, 0
2.90599e+07, 5.70251e+06, 0
2.64157e+07, 1.1011e+07, 0
2.80658e+07, 1.38193e+07, 0
2.62407e+07, 1.21457e+07, 0
1.78877e+07, 4.85187e+06, 0
2.09538e+07, 3.94609e+06, 0
2.05601e+07, 8.80228e+06, 0
2.16782e+07, 6.42208e+06, 0
3.67396e+07, 2.22293e+07, 0
2.40055e+07, 4.23423e+06, 0
1.66155e+07, 2.23311e+06, 0
2.00206e+07, 8.76912e+06, 0
1.80747e+07, 1.87061e+06, 0
3.87159e+07, 1.11367e+07, 0
1.87734e+07, 3.33035e+06, 0
2.32831e+07, 6.34602e+06, 0
2.67802e+07, 4.8926e+06, 0
2.08869e+07, 2.37731e+06, 0
1.86987e+07, 7.14468e+06, 0
1.93424e+07, 3.76292e+06, 0
1.75764e+07, 1.08507e+06, 0
2.3357e+07, 1.87324e+06, 0
2.25011e+07, 8.78698e+06, 0
1.99983e+07, 3.51323e+06, 0
3.68086e+07, 9.13121e+06, 0
1.9287e+07, 6.1588e+06, 0
3.83001e+07, 9.96078e+06, 0
2.83415e+07, 1.11373e+07, 0
2.92764e+07, 1.36219e+07, 0
1.71002e+07, 4.79637e+06, 0
3.61067e+07, 8.33143e+06, 0
1.98e+07, 5.96243e+06, 0
2.62133e+07, 1.37288e+06, 0
2.6333e+07, 4.56135e+06, 0
3.31656e+07, 1.63502e+06, 0
4.04471e+07, 1.48223e+07, 0
2.25074e+07, 8.11685e+06, 0
2.44394e+07, 8.85765e+06, 0
2.74342e+07, 7.62468e+06, 0
2.02268e+07, 9.12013e+06, 0
2.20742e+07, 9.76166e+06, 0
3.38064e+07, 1.00618e+07, 0
3.08273e+07, 1.18685e+07, 0
2.94866e+07, 1.04631e+07, 0
3.29078e+07, 3.23709e+06, 0
2.08146e+07, 6.86497e+06, 0
2.40464e+07, 8.61036e+06, 0
2.1725e+07, 7.40512e+06, 0
1.75715e+07, 5.0741e+06, 0
1.99702e+07, 7.43873e+06, 0
2.91645e+07, 6.0197e+06, 0
2.24324e+07, 1.10498e+07, 0
1.97718e+07, 5.63645e+06, 0
2.821e+07, 5.52213e+06, 0
2.41428e+07, 1.02818e+07, 0
3.10442e+07, 1.40092e+07, 0
1.8632e+07, 5.49946e+06, 0
2.32567e+07, 1.02063e+07, 0
2.98036e+07, 1.30281e+07, 0
2.14608e+07, 6.40354e+06, 0
2.20244e+07, 3.18184e+06, 0
1.87396e+07, 5.80471e+06, 0
2.10044e+07, 7.28246e+06, 0
1.9167e+07, 7.90659e+06, 0
2.20868e+07, 9.80454e+06, 0
2.69705e+07, 2.57665e+06, 0
2.50163e+07, 1.14937e+07, 0
2.75807e+07, 1.35916e+07, 0
2.41135e+07, 9.98084e+06, 0
1.97028e+07, 5.85844e+06, 0
2.92384e+07, 6.28229e+06, 0
2.0985e+07, 7.50875e+06, 0
2.61759e+07, 4.91316e+06, 0
2.2283e+07, 4.26222e+06, 0
2.56175e+07, 7.24731e+06, 0
2.88118e+07, 7.67696e+06, 0
4.05023e+07, 7.1594e+06, 0
2.79787e+07, 7.28011e+06, 0
2.00645e+07, 4.44222e+06, 0
2.97652e+07, 2.52286e+06, 0
2.13934e+07, 5.96309e+06, 0
2.42159e+07, 1.17183e+07, 0
1.93404e+07, 2.89619e+06, 0
2.47468e+07, 1.19191e+07, 0
2.7484e+07, 9.47172e+06, 0
2.47323e+07, 7.32234e+06, 0
3.55774e+07, 5.22016e+06, 0
1.96398e+07, 4.87896e+06, 0
2.65681e+07, 1.20484e+07, 0
2.23709e+07, 1.08448e+07, 0
3.0633e+07, 1.52743e+07, 0
2.63073e+07, 1.13514e+07, 0
2.13943e+07, 1.94982e+06, 0
2.44834e+07, 4.48081e+06, 0
3.06154e+07, 1.43161e+07, 0
1.90188e+07, 5.98819e+06, 0
2.20972e+07, 7.09591e+06, 0
1.73301e+07, 2.57205e+06, 0
2.9025e+07, 4.51016e+06, 0
2.42366e+07, 8.93904e+06, 0
4.04596e+07, 2.05622e+07, 0
2.10598e+07, 1.81407e+06, 0
3.06977e+07, 1.78757e+07, 0
2.78491e+07, 4.12324e+06, 0
4.06778e+07, 6.62549e+06, 0
2.41011e+07, 9.87393e+06, 0
2.77406e+07, 1.4509e+07, 0
1.98721e+07, 8.42091e+06, 0
2.16718e+07, 3.75845e+06, 0
1.74973e+07, 4.74694e+06, 0
2.24925e+07, 7.31191e+06, 0
2.02806e+07, 2.34524e+06, 0
2.95988e+07, 1.17771e+07, 0
2.44699e+07, 1.02639e+07, 0
4.41454e+07, 2.26246e+07, 0
1.66219e+07, 1.76168e+06, 0
1.71318e+07, 2.93434e+06, 0
1.84674e+07, 5.57488e+06, 0
2.80057e+07, 9.63881e+06, 0
2.01067e+07, 5.92038e+06, 0
2.09403e+07, 9.56057e+06, 0
3.92079e+07, 2.3312e+07, 0
3.87511e+07, 2.3805e+07, 0
2.81356e+07, 1.48876e+06, 0
2.693e+07, 9.57664e+06, 0
2.80276e+07, 2.57589e+06, 0
2.61338e+07, 1.42111e+07, 0
3.14256e+07, 3.12509e+06, 0
2.56695e+07, 1.24571e+07, 0
2.26309e+07, 1.04193e+07, 0
2.32853e+07, 1.07358e+07, 0
1.97558e+07, 8.75265e+06, 0
1.70127e+07, 4.91024e+06, 0
3.09038e+07, 1.18843e+07, 0
1.8967e+07, 5.76071e+06, 0
2.01476e+07, 5.42789e+06, 0
1.93931e+07, 4.39776e+06, 0
2.05659e+07, 3.54642e+06, 0
3.80483e+07, 2.30405e+07, 0
1.80124e+07, 4.31173e+06, 0
3.01764e+07, 4.35055e+06, 0
2.25117e+07, 2.77257e+06, 0
1.81829e+07, 6.18312e+06, 0
2.0683e+07, 3.89819e+06, 0
3.43033e+07, 1.45359e+07, 0
1.86585e+07, 4.72451e+06, 0
2.68045e+07, 1.56428e+07, 0
3.63381e+07, 1.98494e+07, 0
2.82782e+07, 1.14071e+07, 0
2.90966e+07, 4.63001e+06, 0
2.26719e+07, 1.06307e+07, 0
2.49892e+07, 1.15112e+07, 0
1.9848e+07, 3.69954e+06, 0
4.59381e+07, 1.64424e+07, 0
2.0708e+07, 5.16202e+06, 0
3.05388e+07, 1.11906e+07, 0
1.76021e+07, 3.43768e+06, 0
2.39075e+07, 1.23977e+07, 0
2.93619e+07, 6.5178e+06, 0
3.00819e+07, 8.71533e+06, 0
2.49606e+07, 4.42389e+06, 0
1.91277e+07, 7.00859e+06, 0
2.02489e+07, 6.55961e+06, 0
2.45556e+07, 1.34244e+07, 0
2.53276e+07, 9.90913e+06, 0
2.38248e+07, 9.88335e+06, 0
2.68287e+07, 1.36905e+07, 0
2.38137e+07, 2.54094e+06, 0
4.05386e+07, 1.95617e+07, 0
2.49141e+07, 6.08036e+06, 0
3.54415e+07, 1.80513e+07, 0
2.36101e+07, 882976, 0
2.38301e+07, 3.60729e+06, 0
2.16665e+07, 8.56665e+06, 0
2.47591e+07, 4.39131e+06, 0
2.22908e+07, 6.13239e+06, 0
2.5481e+07, 1.35888e+07, 0
2.34084e+07, 7.66491e+06, 0
3.75696e+07, 1.24723e+07, 0
2.33769e+07, 9.49144e+06, 0
2.75683e+07, 1.33225e+07, 0
1.66532e+07, 3.96468e+06, 0
2.34274e+07, 9.21204e+06, 0
2.33076e+07, 3.36169e+06, 0
2.40137e+07, 5.89825e+06, 0
2.33681e+07, 1.15129e+07, 0
2.18611e+07, 1.10253e+07, 0
3.89736e+07, 1.83904e+07, 0
2.82542e+07, 1.69579e+07, 0
1.76044e+07, 2.41641e+06, 0
1.98462e+07, 6.21209e+06, 0
1.5957e+07, 2.46779e+06, 0
2.30543e+07, 7.01262e+06, 0
2.12683e+07, 7.66337e+06, 0
2.05092e+07, 8.09013e+06, 0
2.52026e+07, 1.00248e+07, 0
2.21428e+07, 5.62913e+06, 0
3.15448e+07, 1.03604e+07, 0
1.96481e+07, 8.49335e+06, 0
2.42489e+07, 1.29259e+07, 0
2.2122e+07, 9.42468e+06, 0
2.68822e+07, 1.37404e+07, 0
1.68599e+07, 4.30651e+06, 0
2.81147e+07, 3.47734e+06, 0
2.38165e+07, 7.9141e+06, 0
3.26401e+07, 2.04113e+07, 0
1.71041e+07, 3.55502e+06, 0
2.90481e+07, 7.73562e+06, 0
2.65467e+07, 3.87799e+06, 0
1.88675e+07, 5.69383e+06, 0
2.40537e+07, 4.69382e+06, 0
2.01346e+07, 8.07894e+06, 0
3.6985e+07, 6.43302e+06, 0
1.87192e+07, 959683, 0
2.22185e+07, 768494, 0
2.00068e+07, 8.60604e+06, 0
2.33338e+07, 1.16139e+07, 0
2.11424e+07, 3.73452e+06, 0
3.41505e+07, 598031, 0
3.64312e+07, 1.63374e+07, 0
2.96006e+07, 1.15348e+07, 0
2.95032e+07, 5.94295e+06, 0
3.66707e+07, 1.20356e+07, 0
2.41462e+07, 1.05024e+07, 0
2.30362e+07, 1.01061e+07, 0
2.86868e+07, 6.34336e+06, 0
2.44694e+07, 1.15535e+07, 0
2.3409e+07, 1.05611e+07, 0
3.0773e+07, 1.76393e+07, 0
2.57645e+07, 1.23856e+07, 0
2.22169e+07, 2.98638e+06, 0
2.24928e+07, 6.81987e+06, 0
2.53653e+07, 4.48843e+06, 0
2.0628e+07, 9.43303e+06, 0
2.00128e+07, 7.76923e+06, 0
2.06081e+07, 8.40343e+06, 0
1.68289e+07, 4.34598e+06, 0
2.68783e+07, 1.26223e+07, 0
2.91947e+07, 7.30965e+06, 0
2.8546e+07, 1.63311e+07, 0
4.94771e+07, 1.95411e+07, 0
3.60131e+07, 1.74607e+07, 0
1.8296e+07, 2.84628e+06, 0
1.82819e+07, 2.9011e+06, 0
1.94735e+07, 8.32937e+06, 0
2.69291e+07, 1.2738e+07, 0
3.14312e+07, 1.00974e+07, 0
3.42718e+07, 6.11685e+06, 0
2.86157e+07, 7.90059e+06, 0
1.95528e+07, 7.24598e+06, 0
3.50971e+07, 1.89219e+07, 0
2.65701e+07, 4.58845e+06, 0
1.90025e+07, 6.28287e+06, 0
2.86186e+07, 1.08591e+07, 0
1.79564e+07, 6.34974e+06, 0
2.04806e+07, 4.5984e+06, 0
2.30301e+07, 8.054e+06, 0
3.49483e+07, 1.47909e+07, 0
2.49848e+07, 1.24916e+07, 0
1.89139e+07, 7.1218e+06, 0
2.20819e+07, 5.21741e+06, 0
4.02504e+07, 1.06529e+07, 0
3.03908e+07, 1.86497e+07, 0
1.81582e+07, 2.17782e+06, 0
2.45673e+07, 9.79315e+06, 0
2.45753e+07, 5.22006e+06, 0
2.48929e+07, 1.32498e+07, 0
1.75468e+07, 5.49343e+06, 0
3.14217e+07, 1.243e+07, 0
3.467e+07, 8.99365e+06, 0
2.71999e+07, 3.79315e+06, 0
4.14975e+07, 1.7294e+07, 0
3.8527e+07, 1.21039e+07, 0
2.58284e+07, 1.46657e+07, 0
2.98646e+07, 6.23791e+06, 0
3.61338e+07, 1.33454e+07, 0
3.59344e+07, 1.87802e+07, 0
3.04003e+07, 1.45191e+07, 0
2.42207e+07, 9.1313e+06, 0
1.93091e+07, 5.44188e+06, 0
2.57796e+07, 1.33777e+07, 0
4.02995e+07, 1.8202e+07, 0
2.21753e+07, 7.32482e+06, 0
3.29057e+07, 1.59843e+07, 0
2.16195e+07, 7.36281e+06, 0
3.50193e+07, 1.99936e+07, 0
2.69307e+07, 7.94571e+06, 0
1.88601e+07, 5.9725e+06, 0
2.1587e+07, 5.16777e+06, 0
3.25232e+07, 1.85969e+07, 0
2.89894e+07, 8.80372e+06, 0
2.78303e+07, 1.49481e+07, 0
3.36754e+07, 5.8207e+06, 0
1.97502e+07, 6.54507e+06, 0
1.60977e+07, 2.34866e+06, 0
2.51102e+07, 7.28413e+06, 0
2.92185e+07, 1.5031e+07, 0
2.10718e+07, 1.02287e+07, 0
2.67108e+07, 9.68015e+06, 0
3.05459e+07, 9.59016e+06, 0
2.79038e+07, 1.32899e+07, 0
3.05297e+07, 1.42257e+07, 0
2.9601e+07, 4.35647e+06, 0
2.10196e+07, 7.68262e+06, 0
2.30859e+07, 6.21126e+06, 0
3.06434e+07, 7.21544e+06, 0
2.55305e+07, 2.84249e+06, 0
3.1734e+07, 1.59142e+07, 0
2.42319e+07, 1.32998e+07, 0
2.83843e+07, 6.79935e+06, 0
3.57359e+07, 8.89526e+06, 0
2.98944e+07, 8.78372e+06, 0
2.41836e+07, 9.6298e+06, 0
2.37415e+07, 9.96231e+06, 0
2.43945e+07, 1.07976e+07, 0
2.24692e+07, 1.07942e+07, 0
1.81673e+07, 3.82147e+06, 0
3.26916e+07, 1.07348e+07, 0
2.05294e+07, 9.56047e+06, 0
3.14994e+07, 1.27445e+07, 0
3.68691e+07, 6.964e+06, 0
2.40488e+07, 4.68175e+06, 0
3.7408e+07, 1.74437e+07, 0
2.78514e+07, 1.35656e+07, 0
1.89806e+07, 5.91605e+06, 0
2.25351e+07, 9.16067e+06, 0
2.37823e+07, 1.25625e+07, 0
2.06238e+07, 8.08654e+06, 0
2.75716e+07, 7.76548e+06, 0
2.27251e+07, 4.47081e+06, 0
2.87468e+07, 1.09567e+07, 0
2.35204e+07, 4.97561e+06, 0
2.11561e+07, 7.28623e+06, 0
2.84964e+07, 1.66834e+07, 0
2.47246e+07, 3.587e+06, 0
2.80508e+07, 1.50094e+07, 0
2.74015e+07, 5.53303e+06, 0
2.20445e+07, 8.95972e+06, 0
2.72502e+07, 1.35549e+07, 0
2.49846e+07, 1.207e+07, 0
2.13577e+07, 9.13759e+06, 0
2.14146e+07, 6.48589e+06, 0
2.87782e+07, 1.07389e+07, 0
3.33042e+07, 1.03195e+07, 0
3.06692e+07, 8.48521e+06, 0
2.93254e+07, 4.47754e+06, 0
4.87751e+07, 3.60159e+06, 0
2.86472e+07, 1.11418e+07, 0
2.21043e+07, 1.09986e+07, 0
2.28314e+07, 5.99682e+06, 0
3.08119e+07, 1.58223e+07, 0
3.80299e+07, 1.69915e+07, 0
2.49318e+07, 1.27147e+07, 0
2.47549e+07, 1.28347e+07, 0
2.49634e+07, 5.59738e+06, 0
2.24281e+07, 3.58025e+06, 0
2.97006e+07, 1.59755e+07, 0
2.44436e+07, 1.11002e+07, 0
2.31917e+07, 1.14325e+07, 0
2.38435e+07, 1.03116e+07, 0
2.25469e+07, 1.07963e+07, 0
2.41159e+07, 1.13471e+06, 0
2.17766e+07, 9.22004e+06, 0
2.83648e+07, 1.09085e+07, 0
3.61411e+07, 1.81878e+07, 0
2.71718e+07, 1.15872e+07, 0
3.34862e+07, 1.15381e+07, 0
2.081e+07, 9.45907e+06, 0
3.10574e+07, 5.17279e+06, 0
2.58207e+07, 7.16019e+06, 0
2.07738e+07, 5.01343e+06, 0
1.77825e+07, 5.03267e+06, 0
1.98947e+07, 3.2772e+06, 0
3.39844e+07, 1.75717e+07, 0
4.56695e+07, 6.28879e+06, 0
1.97675e+07, 6.98287e+06, 0
1.99319e+07, 6.04047e+06, 0
1.83627e+07, 4.20368e+06, 0
2.78627e+07, 1.24648e+07, 0
1.77968e+07, 3.82001e+06, 0
1.88726e+07, 7.21474e+06, 0
2.84791e+07, 1.60283e+07, 0
2.89501e+07, 1.20663e+07, 0
2.32096e+07, 7.74533e+06, 0
1.82282e+07, 6.08072e+06, 0
2.89498e+07, 603789, 0
3.11751e+07, 1.20344e+07, 0
2.93573e+07, 1.36559e+07, 0
2.71502e+07, 7.62208e+06, 0
3.60754e+07, 1.45614e+07, 0
2.13571e+07, 5.42978e+06, 0
2.9546e+07, 4.08202e+06, 0
2.47555e+07, 1.27602e+07, 0
2.51824e+07, 1.11102e+07, 0
2.99728e+07, 1.41507e+07, 0
2.50364e+07, 8.12345e+06, 0
2.18509e+07, 4.94912e+06, 0
2.15008e+07, 1.0156e+07, 0
2.74092e+07, 8.86644e+06, 0
2.48583e+07, 1.31821e+07, 0
2.00981e+07, 4.54836e+06, 0
2.97755e+07, 4.27876e+06, 0
2.0583e+07, 2.69456e+06, 0
2.96827e+07, 4.66671e+06, 0
3.15713e+07, 9.65256e+06, 0
2.16511e+07, 4.58097e+06, 0
2.29127e+07, 8.02953e+06, 0
2.72325e+07, 1.13353e+07, 0
4.44507e+07, 1.50956e+07, 0
2.73522e+07, 1.44807e+07, 0
2.52667e+07, 1.28724e+07, 0
3.00571e+07, 1.72699e+07, 0
3.06535e+07, 6.49803e+06, 0
2.7035e+07, 4.88871e+06, 0
2.65542e+07, 1.25177e+07, 0
2.82379e+07, 1.6934e+07, 0
2.16497e+07, 1.04906e+07, 0
2.38857e+07, 1.11589e+07, 0
2.1252e+07, 3.57549e+06, 0
2.01744e+07, 8.91198e+06, 0
2.36655e+07, 8.16011e+06, 0
3.10788e+07, 1.24339e+07, 0
2.38313e+07, 1.08197e+07, 0
1.81045e+07, 6.19498e+06, 0
3.08353e+07, 1.3639e+07, 0
2.65948e+07, 5.98814e+06, 0
1.92862e+07, 5.06131e+06, 0
2.40601e+07, 9.80342e+06, 0
3.13251e+07, 4.43757e+06, 0
2.24372e+07, 3.75021e+06, 0
3.16045e+07, 1.93193e+06, 0
2.61235e+07, 6.49501e+06, 0
4.46658e+07, 1.20353e+07, 0
2.1478e+07, 2.71594e+06, 0
2.71695e+07, 5.74897e+06, 0
2.05095e+07, 9.0951e+06, 0
2.50357e+07, 1.31421e+07, 0
2.31049e+07, 5.09062e+06, 0
2.15881e+07, 2.44216e+06, 0
2.47989e+07, 6.3052e+06, 0
3.8766e+07, 1.79878e+07, 0
3.77947e+07, 9.31711e+06, 0
2.26003e+07, 7.75031e+06, 0
2.18947e+07, 4.72313e+06, 0
2.61353e+07, 1.10577e+07, 0
2.45203e+07, 1.00954e+07, 0
2.1389e+07, 6.76646e+06, 0
1.75124e+07, 4.90987e+06, 0
3.94711e+07, 8.7407e+06, 0
2.54083e+07, 5.12924e+06, 0
1.72744e+07, 4.20058e+06, 0
2.19674e+07, 5.29757e+06, 0
2.55543e+07, 7.11488e+06, 0
1.67932e+07, 2.5326e+06, 0
1.86692e+07, 5.25283e+06, 0
2.23416e+07, 9.08779e+06, 0
2.25265e+07, 2.16884e+06, 0
2.12669e+07, 7.09979e+06, 0
3.5053e+07, 1.06383e+07, 0
3.51971e+07, 1.60828e+07, 0
2.25642e+07, 1.14713e+07, 0
3.39938e+07, 1.08484e+07, 0
2.90202e+07, 1.55347e+06, 0
2.60073e+07, 1.49991e+07, 0
2.9077e+07, 7.90058e+06, 0
3.29015e+07, 1.29166e+07, 0
2.69777e+07, 1.18518e+07, 0
2.22385e+07, 4.46366e+06, 0
2.30713e+07, 6.35787e+06, 0
2.61313e+07, 6.88656e+06, 0
3.098e+07, 3.08486e+06, 0
2.1968e+07, 8.04957e+06, 0
2.22126e+07, 6.4379e+06, 0
1.84632e+07, 4.57294e+06, 0
2.19325e+07, 1.10927e+07, 0
2.0682e+07, 7.90675e+06, 0
2.05726e+07, 9.58923e+06, 0
2.26623e+07, 6.56916e+06, 0
2.84428e+07, 1.09537e+07, 0
2.37975e+07, 4.32343e+06, 0
2.34611e+07, 7.92018e+06, 0
2.92947e+07, 8.72886e+06, 0
1.85465e+07, 5.85583e+06, 0
2.18029e+07, 8.50433e+06, 0
3.07394e+07, 9.82604e+06, 0
1.98896e+07, 8.63858e+06, 0
2.05544e+07, 7.44191e+06, 0
2.6059e+07, 1.38529e+06, 0
1.96677e+07, 4.93999e+06, 0
2.59143e+07, 1.20148e+07, 0
2.89956e+07, 6.80493e+06, 0
3.97096e+07, 5.15025e+06, 0
3.38237e+07, 2.4123e+06, 0
2.52379e+07, 9.64008e+06, 0
2.01576e+07, 3.19924e+06, 0
3.07518e+07, 1.13064e+07, 0
2.26357e+07, 2.59984e+06, 0
2.33788e+07, 1.12195e+07, 0
2.36707e+07, 1.05674e+07, 0
2.1716e+07, 4.43312e+06, 0
3.06946e+07, 1.31436e+07, 0
2.11417e+07, 8.51185e+06, 0
3.71818e+07, 1.49653e+06, 0
2.61686e+07, 1.47412e+07, 0
1.94524e+07, 2.65983e+06, 0
2.06234e+07, 9.41801e+06, 0
3.10425e+07, 1.41407e+07, 0
1.85114e+07, 5.74921e+06, 0
1.74744e+07, 1.45238e+06, 0
2.00559e+07, 3.87468e+06, 0
2.563e+07, 5.49692e+06, 0
2.94275e+07, 4.59617e+06, 0
3.28845e+07, 1.51187e+07, 0
2.51444e+07, 1.0704e+07, 0
1.99523e+07, 2.30403e+06, 0
2.26931e+07, 1.09228e+07, 0
1.64331e+07, 3.2375e+06, 0
2.44314e+07, 7.08161e+06, 0
5.73282e+07, 1.12796e+07, 0
2.53845e+07, 2.07627e+06, 0
2.15926e+07, 4.89416e+06, 0
3.05017e+07, 1.59245e+07, 0
2.12953e+07, 9.95261e+06, 0
3.28123e+07, 1.89965e+07, 0
2.17266e+07, 5.72523e+06, 0
4.27034e+07, 1.98147e+07, 0
3.19545e+07, 1.31724e+07, 0
1.83257e+07, 6.64925e+06, 0
4.69876e+07, 4.10095e+06, 0
2.47715e+07, 1.33061e+07, 0
2.0886e+07, 6.08094e+06, 0
2.24273e+07, 4.83937e+06, 0
2.16225e+07, 8.665e+06, 0
2.55931e+07, 1.41157e+07, 0
3.0004e+07, 1.09324e+07, 0
2.3665e+07, 7.4845e+06, 0
1.73192e+07, 3.29164e+06, 0
1.97713e+07, 3.11973e+06, 0
2.16424e+07, 2.67032e+06, 0
2.48621e+07, 1.30467e+07, 0
3.42859e+07, 1.06597e+07, 0
2.55429e+07, 1.35329e+07, 0
2.41684e+07, 1.12282e+07, 0
2.38462e+07, 1.23578e+07, 0
2.62877e+07, 1.278e+07, 0
2.5678e+07, 4.57096e+06, 0
3.67481e+07, 2.23183e+07, 0
2.17636e+07, 4.13651e+06, 0
2.74333e+07, 1.07656e+07, 0
2.08209e+07, 5.49345e+06, 0
2.33699e+07, 1.04437e+07, 0
2.31274e+07, 1.01399e+07, 0
3.41009e+07, 1.39483e+07, 0
3.33323e+07, 9.92674e+06, 0
2.48666e+07, 1.33859e+07, 0
1.957e+07, 2.00317e+06, 0
2.46728e+07, 1.10375e+07, 0
3.11131e+07, 1.40736e+07, 0
2.59169e+07, 8.07714e+06, 0
2.56387e+07, 8.62012e+06, 0
3.3381e+07, 3.22888e+06, 0
2.3077e+07, 1.02147e+07, 0
1.74733e+07, 3.06282e+06, 0
1.9975e+07, 4.56911e+06, 0
2.40568e+07, 9.04938e+06, 0
2.70223e+07, 1.10211e+07, 0
2.45212e+07, 6.19337e+06, 0
2.35204e+07, 7.20418e+06, 0
2.11867e+07, 9.55698e+06, 0
2.0977e+07, 7.08088e+06, 0
2.67153e+07, 1.24498e+07, 0
3.15431e+07, 1.64597e+07, 0
3.20879e+07, 3.00231e+06, 0
2.55436e+07, 8.60341e+06, 0
2.19884e+07, 6.95316e+06, 0
1.77995e+07, 4.0576e+06, 0
2.43328e+07, 5.85116e+06, 0
2.39805e+07, 1.02111e+07, 0
1.79403e+07, 4.17405e+06, 0
3.37787e+07, 2.13575e+07, 0
2.27058e+07, 6.52308e+06, 0
3.10994e+07, 1.06387e+07, 0
2.66411e+07, 1.49318e+07, 0
2.87625e+07, 1.69773e+07, 0
2.01864e+07, 8.67221e+06, 0
3.07036e+07, 1.11364e+07, 0
2.32193e+07, 7.62594e+06, 0
3.07907e+07, 1.04078e+07, 0
2.61138e+07, 7.2033e+06, 0
2.05624e+07, 4.26582e+06, 0
2.37425e+07, 7.49645e+06, 0
2.21094e+07, 5.95641e+06, 0
2.15225e+07, 9.99729e+06, 0
2.77925e+07, 1.49822e+07, 0
2.7973e+07, 1.26862e+07, 0
1.61745e+07, 1.7378e+06, 0
2.11206e+07, 7.25431e+06, 0
1.83279e+07, 3.71863e+06, 0
3.33316e+07, 5.15396e+06, 0
3.03905e+07, 1.60226e+07, 0
1.97602e+07, 3.96537e+06, 0
2.68927e+07, 7.45493e+06, 0
3.17543e+07, 1.00904e+07, 0
2.34043e+07, 3.33191e+06, 0
2.77648e+07, 7.15714e+06, 0
2.4004e+07, 7.26083e+06, 0
2.63674e+07, 7.50417e+06, 0
3.5049e+07, 8.4251e+06, 0
2.687e+07, 7.10547e+06, 0
3.46273e+07, 1.56438e+07, 0
3.11063e+07, 8.74513e+06, 0
3.07995e+07, 1.52794e+07, 0
2.91387e+07, 3.81805e+06, 0
1.85023e+07, 5.25903e+06, 0
3.7518e+07, 2.38936e+07, 0
2.42925e+07, 4.23642e+06, 0
2.40816e+07, 9.70434e+06, 0
2.26527e+07, 1.02363e+07, 0
2.61096e+07, 1.20001e+07, 0
2.95378e+07, 1.53032e+07, 0
2.28697e+07, 9.47158e+06, 0
3.07395e+07, 1.57702e+07, 0
2.63521e+07, 5.15876e+06, 0
2.42391e+07, 6.72798e+06, 0
2.78757e+07, 3.61385e+06, 0
2.31744e+07, 1.14499e+07, 0
3.22861e+07, 1.54918e+07, 0
2.74901e+07, 3.49105e+06, 0
3.01123e+07, 1.80773e+07, 0
2.98156e+07, 4.17155e+06, 0
1.70188e+07, 4.33605e+06, 0
1.60391e+07, 2.05642e+06, 0
1.80403e+07, 5.62407e+06, 0
4.37031e+07, 4.74732e+06, 0
1.97427e+07, 5.90081e+06, 0
2.16922e+07, 4.66058e+06, 0
2.43002e+07, 1.29867e+07, 0
3.20263e+07, 1.06881e+07, 0
2.66961e+07, 3.09626e+06, 0
2.2799e+07, 4.56114e+06, 0
2.52951e+07, 1.22033e+07, 0
2.59887e+07, 1.46173e+07, 0
3.51058e+07, 1.8205e+07, 0
2.72224e+07, 9.79466e+06, 0
2.08696e+07, 3.92866e+06, 0
2.8813e+07, 1.462e+07, 0
2.58316e+07, 4.54666e+06, 0
2.35447e+07, 3.57779e+06, 0
1.83913e+07, 5.96873e+06, 0
2.77679e+07, 3.48882e+06, 0
3.07263e+07, 1.78559e+07, 0
1.99222e+07, 1.78283e+06, 0
2.33857e+07, 9.45744e+06, 0
2.88923e+07, 5.8177e+06, 0
2.00054e+07, 8.3286e+06, 0
2.00177e+07, 6.5669e+06, 0
1.75435e+07, 625145, 0
1.92605e+07, 5.96664e+06, 0
3.67711e+07, 1.54157e+07, 0
3.81572e+07, 4.44546e+06, 0
2.49062e+07, 6.59721e+06, 0
3.2379e+07, 7.00651e+06, 0
2.82408e+07, 1.26504e+07, 0
2.67476e+07, 5.84206e+06, 0
3.15946e+07, 1.83909e+07, 0
2.22916e+07, 2.44036e+06, 0
2.21065e+07, 5.35139e+06, 0
2.68906e+07, 1.04124e+07, 0
2.02229e+07, 1.76751e+06, 0
2.7155e+07, 8.67048e+06, 0
2.11408e+07, 5.95906e+06, 0
2.2419e+07, 7.76343e+06, 0
2.08335e+07, 3.73776e+06, 0
2.36713e+07, 3.28695e+06, 0
2.34684e+07, 8.28043e+06, 0
3.39582e+07, 1.89064e+07, 0
4.8609e+07, 5.9392e+06, 0
2.6186e+07, 1.11121e+07, 0
1.89564e+07, 7.2102e+06, 0
2.98964e+07, 1.77192e+07, 0
2.61023e+07, 1.17903e+07, 0
3.86719e+07, 7.78715e+06, 0
2.50948e+07, 1.14366e+07, 0
2.39927e+07, 5.33281e+06, 0
2.67996e+07, 7.32924e+06, 0
2.80855e+07, 8.40733e+06, 0
2.48854e+07, 7.33958e+06, 0
2.03723e+07, 5.33347e+06, 0
2.32746e+07, 8.78638e+06, 0
2.17076e+07, 5.25267e+06, 0
3.25102e+07, 1.42801e+07, 0
2.56349e+07, 9.00995e+06, 0
2.9108e+07, 1.59954e+07, 0
1.99621e+07, 8.73559e+06, 0
3.30672e+07, 6.66782e+06, 0
2.13813e+07, 9.71389e+06, 0
2.83489e+07, 3.22904e+06, 0
2.26302e+07, 2.82837e+06, 0
2.65736e+07, 7.25024e+06, 0
2.38383e+07, 1.13629e+07, 0
2.39632e+07, 3.6915e+06, 0
2.1702e+07, 6.62634e+06, 0
2.6932e+07, 1.08754e+07, 0
3.09406e+07, 1.43567e+07, 0
2.28157e+07, 1.06525e+07, 0
4.09587e+07, 2.03102e+07, 0
3.13363e+07, 7.7534e+06, 0
3.43966e+07, 1.55775e+07, 0
3.34652e+07, 2.57734e+06, 0
3.27833e+07, 1.84009e+07, 0
1.78505e+07, 4.69495e+06, 0
2.25615e+07, 3.34086e+06, 0
2.34818e+07, 1.1647e+07, 0
2.80668e+07, 1.35053e+07, 0
3.07691e+07, 1.37165e+07, 0
3.17999e+07, 1.83138e+07, 0
3.02631e+07, 6.09813e+06, 0
2.12577e+07, 9.76017e+06, 0
1.88083e+07, 5.52592e+06, 0
2.37262e+07, 4.96944e+06, 0
2.85019e+07, 1.52321e+07, 0
1.94288e+07, 4.82412e+06, 0
2.19095e+07, 4.77747e+06, 0
2.68871e+07, 1.18877e+07, 0
2.13328e+07, 7.31003e+06, 0
2.24534e+07, 3.23164e+06, 0
2.75562e+07, 1.478e+07, 0
3.26881e+07, 1.29362e+07, 0
