9.70949e+06, 3.89204e+06, 0
8.37369e+06, 2.46084e+06, 0
2.03527e+06, 171259, 0
4.19379e+06, 1.40665e+06, 0
2.57148e+06, 283884, 0
7.39203e+06, 3.1776e+06, 0
5.27914e+06, 2.65103e+06, 0
4.50846e+06, 1.36857e+06, 0
1.1726e+06, 250079, 0
3.20591e+06, 1.56635e+06, 0
8.34626e+06, 966717, 0
6.4654e+06, 2.24118e+06, 0
2.47959e+06, 390974, 0
6.43196e+06, 1.24881e+06, 0
1.24472e+07, 645149, 0
1.00345e+07, 3.96996e+06, 0
5.26467e+06, 904221, 0
6.24552e+06, 3.03589e+06, 0
8.30067e+06, 284594, 0
7.9071e+06, 2.70696e+06, 0
7.87272e+06, 2.6913e+06, 0
2.06875e+06, 905143, 0
2.47767e+06, 980588, 0
2.35854e+06, 667096, 0
9.7744e+06, 3.4659e+06, 0
6.45713e+06, 1.27771e+06, 0
1.01864e+07, 3.50638e+06, 0
6.52492e+06, 3.02947e+06, 0
8.43336e+06, 1.71167e+06, 0
6.77419e+06, 1.62453e+06, 0
3.98639e+06, 1.00275e+06, 0
6.31611e+06, 289791, 0
6.92229e+06, 1.49787e+06, 0
8.1788e+06, 3.28575e+06, 0
5.33823e+06, 847055, 0
6.63363e+06, 2.99319e+06, 0
6.02697e+06, 1.82924e+06, 0
7.99707e+06, 2.27799e+06, 0
6.34215e+06, 1.42718e+06, 0
3.21418e+06, 1.56769e+06, 0
3.9854e+06, 1.67256e+06, 0
1.72517e+06, 432978, 0
1.11578e+07, 5.26227e+06, 0
4.46253e+06, 1.74095e+06, 0
3.97898e+06, 1.55314e+06, 0
7.03598e+06, 1.78332e+06, 0
5.13118e+06, 213771, 0
7.66983e+06, 2.85516e+06, 0
7.33901e+06, 2.51718e+06, 0
1.05755e+07, 5.10058e+06, 0
1.37105e+07, 4.69946e+06, 0
8.93786e+06, 2.40478e+06, 0
6.72067e+06, 2.29777e+06, 0
2.70633e+06, 431924, 0
1.13181e+07, 5.50258e+06, 0
4.22235e+06, 1.92232e+06, 0
3.22176e+06, 1.196e+06, 0
2.20135e+06, 989040, 0
8.77314e+06, 3.81057e+06, 0
4.99814e+06, 2.11191e+06, 0
8.28406e+06, 4.10439e+06, 0
1.12247e+06, 334158, 0
7.11928e+06, 3.5169e+06, 0
4.89845e+06, 2.39112e+06, 0
8.72297e+06, 3.82629e+06, 0
3.65944e+06, 1.17576e+06, 0
1.00121e+07, 2.54696e+06, 0
1.35059e+06, 340492, 0
9.47067e+06, 4.09085e+06, 0
2.6185e+06, 785141, 0
984528, 359310, 0
5.03042e+06, 1.36108e+06, 0
4.56786e+06, 305325, 0
8.00456e+06, 3.82417e+06, 0
3.39491e+06, 1.41817e+06, 0
4.85705e+06, 2.14707e+06, 0
1.26938e+07, 2.82461e+06, 0
9.93364e+06, 1.93861e+06, 0
3.91471e+06, 1.98464e+06, 0
6.8436e+06, 2.44096e+06, 0
5.95398e+06, 897963, 0
3.01359e+06, 1.38072e+06, 0
8.05086e+06, 3.62434e+06, 0
8.66113e+06, 4.329e+06, 0
9.54913e+06, 3.59965e+06, 0
5.66595e+06, 1.42593e+06, 0
5.45345e+06, 1.34308e+06, 0
6.68251e+06, 1.0645e+06, 0
6.60295e+06, 674812, 0
6.85898e+06, 1.93605e+06, 0
7.57625e+06, 2.34836e+06, 0
3.8902e+06, 1.84863e+06, 0
6.98169e+06, 3.35619e+06, 0
7.02805e+06, 1.11919e+06, 0
5.47649e+06, 2.31299e+06, 0
8.77472e+06, 4.36186e+06, 0
5.21351e+06, 1.84996e+06, 0
7.80313e+06, 409975, 0
6.8605e+06, 2.12807e+06, 0
6.27372e+06, 2.47716e+06, 0
7.193e+06, 1.1263e+06, 0
5.02401e+06, 2.31208e+06, 0
9.48609e+06, 4.72748e+06, 0
5.59936e+06, 2.41962e+06, 0
6.22941e+06, 1.00075e+06, 0
4.96006e+06, 731300, 0
7.53587e+06, 3.87673e+06, 0
4.42477e+06, 2.19794e+06, 0
2.87641e+06, 762821, 0
3.72268e+06, 1.66827e+06, 0
2.96215e+06, 1.40298e+06, 0
8.0751e+06, 1.21268e+06, 0
2.94794e+06, 1.01187e+06, 0
8.891e+06, 1.11872e+06, 0
6.21413e+06, 2.50185e+06, 0
2.12534e+06, 543650, 0
1.08514e+07, 2.62439e+06, 0
3.875e+06, 1.70468e+06, 0
8.75123e+06, 4.29258e+06, 0
5.9522e+06, 1.59838e+06, 0
6.2165e+06, 1.29958e+06, 0
2.28699e+06, 997923, 0
4.67008e+06, 947687, 0
9.7322e+06, 1.93385e+06, 0
7.78068e+06, 3.60819e+06, 0
2.84115e+06, 1.22094e+06, 0
6.22393e+06, 505889, 0
5.61694e+06, 1.6059e+06, 0
5.30307e+06, 2.06734e+06, 0
8.19047e+06, 1.47457e+06, 0
7.02962e+06, 2.43727e+06, 0
7.77362e+06, 3.91899e+06, 0
8.23028e+06, 1.51134e+06, 0
4.91393e+06, 1.70761e+06, 0
6.46898e+06, 2.59528e+06, 0
5.70013e+06, 2.05716e+06, 0
6.85102e+06, 1.68382e+06, 0
1.33059e+07, 5.03229e+06, 0
8.83294e+06, 3.52401e+06, 0
9.53056e+06, 3.15727e+06, 0
8.51555e+06, 1.93367e+06, 0
6.91139e+06, 2.14509e+06, 0
1.11372e+07, 907193, 0
5.66699e+06, 2.59901e+06, 0
7.26865e+06, 2.5023e+06, 0
1.01371e+07, 3.09707e+06, 0
6.13209e+06, 1.49277e+06, 0
6.11122e+06, 813875, 0
1.01518e+07, 4.06955e+06, 0
4.47855e+06, 2.29016e+06, 0
7.17681e+06, 2.09825e+06, 0
3.95549e+06, 735705, 0
6.92822e+06, 1.88991e+06, 0
4.27899e+06, 1.96446e+06, 0
1.37568e+07, 5.39692e+06, 0
1.14762e+07, 3.93131e+06, 0
2.73703e+06, 1.25294e+06, 0
4.47082e+06, 1.53413e+06, 0
8.66983e+06, 4.14093e+06, 0
5.89799e+06, 1.19216e+06, 0
2.08422e+06, 467173, 0
6.1865e+06, 2.7555e+06, 0
8.10985e+06, 3.4978e+06, 0
5.30282e+06, 2.71563e+06, 0
6.30179e+06, 2.64634e+06, 0
1.23377e+07, 5.37588e+06, 0
5.93631e+06, 1.83149e+06, 0
3.76015e+06, 291523, 0
1.09466e+07, 2.87519e+06, 0
4.20717e+06, 1.76999e+06, 0
3.3373e+06, 546268, 0
7.85537e+06, 3.66753e+06, 0
4.53089e+06, 599526, 0
5.65299e+06, 862136, 0
2.47991e+06, 1.25821e+06, 0
2.13573e+06, 597056, 0
3.34827e+06, 1.01716e+06, 0
5.60475e+06, 1.75935e+06, 0
3.74415e+06, 1.72537e+06, 0
6.1324e+06, 3.01471e+06, 0
7.915e+06, 3.62757e+06, 0
886299, 347997, 0
1.84124e+06, 852676, 0
4.6928e+06, 656548, 0
5.135e+06, 2.49681e+06, 0
8.84183e+06, 1.99219e+06, 0
6.24085e+06, 2.81296e+06, 0
1.20378e+07, 460021, 0
5.79823e+06, 655950, 0
7.92391e+06, 1.88545e+06, 0
4.65192e+06, 1.3356e+06, 0
9.96663e+06, 4.98867e+06, 0
1.07421e+07, 3.61813e+06, 0
7.2253e+06, 123100, 0
7.46349e+06, 2.77137e+06, 0
6.93508e+06, 2.45597e+06, 0
4.02755e+06, 1.15133e+06, 0
8.01142e+06, 1.75788e+06, 0
8.4892e+06, 2.33307e+06, 0
2.91593e+06, 1.48057e+06, 0
3.11787e+06, 445121, 0
3.71723e+06, 560257, 0
9.42386e+06, 1.16526e+06, 0
8.57402e+06, 2.52119e+06, 0
5.81359e+06, 2.25311e+06, 0
4.97506e+06, 452373, 0
5.90663e+06, 2.02616e+06, 0
7.23049e+06, 2.81422e+06, 0
5.04214e+06, 1.62616e+06, 0
6.1736e+06, 1.28575e+06, 0
4.68126e+06, 1.43736e+06, 0
4.90226e+06, 2.50845e+06, 0
6.76335e+06, 1.98351e+06, 0
9.67159e+06, 1.25027e+06, 0
1.75076e+06, 744808, 0
6.2554e+06, 1.40491e+06, 0
6.38887e+06, 2.4645e+06, 0
8.71358e+06, 1.56571e+06, 0
4.87718e+06, 1.09154e+06, 0
3.23059e+06, 1.5062e+06, 0
6.24804e+06, 3.09249e+06, 0
6.29087e+06, 1.73873e+06, 0
5.47351e+06, 2.03727e+06, 0
5.91229e+06, 396922, 0
3.71232e+06, 1.6124e+06, 0
6.71238e+06, 1.74e+06, 0
9.33996e+06, 2.41834e+06, 0
6.04476e+06, 385883, 0
9.68846e+06, 4.65832e+06, 0
4.91817e+06, 2.03431e+06, 0
6.65247e+06, 1.27931e+06, 0
8.11859e+06, 3.9676e+06, 0
3.54838e+06, 295398, 0
3.31117e+06, 1.18607e+06, 0
1.01076e+07, 3.28469e+06, 0
5.9919e+06, 2.32653e+06, 0
8.39766e+06, 2.63678e+06, 0
4.52993e+06, 2.18639e+06, 0
6.09291e+06, 3.11822e+06, 0
2.43309e+06, 454569, 0
5.40552e+06, 1.53344e+06, 0
4.22296e+06, 1.3418e+06, 0
2.13861e+06, 808003, 0
1.32117e+07, 2.15179e+06, 0
6.67618e+06, 2.40834e+06, 0
1.01822e+07, 2.30909e+06, 0
7.71932e+06, 2.03761e+06, 0
4.92244e+06, 2.15533e+06, 0
1.02905e+07, 2.68935e+06, 0
2.76378e+06, 763773, 0
4.77153e+06, 639811, 0
1.00172e+07, 3.36468e+06, 0
5.9846e+06, 1.8802e+06, 0
843855, 286215, 0
8.03466e+06, 3.12783e+06, 0
8.28992e+06, 3.9128e+06, 0
6.12727e+06, 2.59997e+06, 0
3.01428e+06, 1.05233e+06, 0
6.13822e+06, 2.96947e+06, 0
1.13611e+07, 4.87055e+06, 0
7.33351e+06, 2.05116e+06, 0
8.56763e+06, 3.94e+06, 0
4.12278e+06, 1.97432e+06, 0
4.5423e+06, 1.67239e+06, 0
7.79029e+06, 1.4281e+06, 0
6.26073e+06, 709009, 0
6.80133e+06, 1.14068e+06, 0
3.95693e+06, 1.45281e+06, 0
3.01641e+06, 796190, 0
5.85936e+06, 2.117e+06, 0
9.05575e+06, 3.44176e+06, 0
7.37907e+06, 3.61195e+06, 0
4.81742e+06, 2.03634e+06, 0
1.02663e+07, 2.02033e+06, 0
7.38592e+06, 3.43932e+06, 0
6.67914e+06, 396553, 0
7.0817e+06, 3.05004e+06, 0
8.93318e+06, 2.26194e+06, 0
2.32099e+06, 555897, 0
3.7553e+06, 1.20396e+06, 0
3.89699e+06, 1.70602e+06, 0
8.69544e+06, 1.96902e+06, 0
2.04545e+06, 843901, 0
9.62088e+06, 3.7508e+06, 0
5.53448e+06, 2.43141e+06, 0
4.72241e+06, 1.97289e+06, 0
7.09746e+06, 407680, 0
6.21695e+06, 842498, 0
2.57783e+06, 724267, 0
7.33539e+06, 2.72402e+06, 0
7.36802e+06, 3.06639e+06, 0
5.19294e+06, 818820, 0
8.30801e+06, 2.53766e+06, 0
5.06426e+06, 1.5271e+06, 0
9.65858e+06, 3.42301e+06, 0
3.5075e+06, 937719, 0
4.63973e+06, 1.99831e+06, 0
3.57789e+06, 1.78004e+06, 0
5.6675e+06, 2.00114e+06, 0
6.69797e+06, 1.69019e+06, 0
1.02141e+07, 3.79523e+06, 0
1.47603e+06, 217923, 0
5.00554e+06, 2.50071e+06, 0
6.53256e+06, 1.45104e+06, 0
4.82019e+06, 1.97202e+06, 0
9.07573e+06, 2.98055e+06, 0
7.90383e+06, 2.62121e+06, 0
9.76187e+06, 3.71462e+06, 0
7.88866e+06, 3.29395e+06, 0
9.59793e+06, 3.71946e+06, 0
9.00248e+06, 3.78377e+06, 0
2.0472e+06, 759580, 0
7.73083e+06, 2.06292e+06, 0
3.14783e+06, 740206, 0
7.87035e+06, 2.1971e+06, 0
8.76752e+06, 1.34216e+06, 0
8.17214e+06, 4.12437e+06, 0
9.61889e+06, 4.51304e+06, 0
3.65451e+06, 1.66478e+06, 0
5.44367e+06, 1.34376e+06, 0
5.19575e+06, 2.33421e+06, 0
2.43152e+06, 1.01878e+06, 0
1.80748e+06, 742767, 0
1.26386e+07, 3.31192e+06, 0
3.86712e+06, 1.71612e+06, 0
6.49227e+06, 3.01635e+06, 0
6.6589e+06, 1.58493e+06, 0
6.40346e+06, 3.16694e+06, 0
5.71044e+06, 1.55777e+06, 0
7.87632e+06, 2.40576e+06, 0
6.81196e+06, 2.16356e+06, 0
8.79693e+06, 4.00574e+06, 0
2.01135e+06, 1.03358e+06, 0
7.41491e+06, 2.84599e+06, 0
6.18949e+06, 839984, 0
5.86878e+06, 1.23043e+06, 0
7.93788e+06, 2.52658e+06, 0
4.30819e+06, 297199, 0
2.41853e+06, 883893, 0
5.37568e+06, 1.41548e+06, 0
5.85432e+06, 1.81784e+06, 0
4.29465e+06, 1.04262e+06, 0
5.28919e+06, 2.61035e+06, 0
9.56451e+06, 2.6474e+06, 0
7.61492e+06, 1.31367e+06, 0
1.68604e+06, 701554, 0
3.67194e+06, 1.29801e+06, 0
7.50225e+06, 1.20665e+06, 0
5.8301e+06, 934851, 0
6.25724e+06, 2.85062e+06, 0
7.02892e+06, 3.03381e+06, 0
2.29436e+06, 758290, 0
2.63638e+06, 1.23781e+06, 0
7.66546e+06, 2.40621e+06, 0
4.46453e+06, 1.82327e+06, 0
1.16497e+07, 5.75978e+06, 0
3.17294e+06, 1.60666e+06, 0
1.46362e+07, 2.63273e+06, 0
4.63402e+06, 2.11873e+06, 0
8.44395e+06, 1.28445e+06, 0
5.94761e+06, 2.36431e+06, 0
5.93543e+06, 2.7881e+06, 0
3.63855e+06, 1.7079e+06, 0
2.80812e+06, 1.38037e+06, 0
4.43751e+06, 1.34519e+06, 0
7.21352e+06, 3.63552e+06, 0
1.51277e+07, 5.64034e+06, 0
8.96549e+06, 4.07397e+06, 0
5.84901e+06, 2.96284e+06, 0
4.11784e+06, 435033, 0
5.41404e+06, 2.02784e+06, 0
7.46373e+06, 2.53686e+06, 0
6.32973e+06, 1.80206e+06, 0
7.68747e+06, 1.88633e+06, 0
7.90033e+06, 1.61326e+06, 0
6.91228e+06, 3.39012e+06, 0
4.15056e+06, 1.8457e+06, 0
5.80833e+06, 2.85655e+06, 0
3.20822e+06, 753693, 0
6.73396e+06, 2.2167e+06, 0
5.51077e+06, 1.76893e+06, 0
4.83677e+06, 878975, 0
4.94594e+06, 58021.9, 0
1.19921e+07, 1.17035e+06, 0
5.94362e+06, 2.6179e+06, 0
6.37069e+06, 706027, 0
7.25442e+06, 2.69157e+06, 0
9.17311e+06, 4.23398e+06, 0
1.16377e+07, 3.47361e+06, 0
4.74671e+06, 1.69494e+06, 0
6.29233e+06, 1.90992e+06, 0
4.72649e+06, 1.75722e+06, 0
6.14029e+06, 1.86206e+06, 0
5.02971e+06, 1.80827e+06, 0
8.68154e+06, 2.82565e+06, 0
8.08653e+06, 1.80744e+06, 0
6.63211e+06, 2.43145e+06, 0
5.20823e+06, 1.12155e+06, 0
7.19475e+06, 1.82935e+06, 0
1.115e+07, 1.12171e+06, 0
7.7524e+06, 2.4843e+06, 0
8.10844e+06, 1.59797e+06, 0
5.16909e+06, 530243, 0
4.65456e+06, 1.51313e+06, 0
9.20103e+06, 2.29063e+06, 0
2.05922e+06, 755444, 0
4.08422e+06, 1.26411e+06, 0
2.23745e+06, 705995, 0
2.66698e+06, 1.13635e+06, 0
9.76973e+06, 2.45274e+06, 0
6.49275e+06, 2.33204e+06, 0
6.32516e+06, 1.73569e+06, 0
6.89453e+06, 2.90132e+06, 0
5.77438e+06, 816637, 0
4.5708e+06, 2.1096e+06, 0
6.05235e+06, 1.78738e+06, 0
5.35322e+06, 1.80135e+06, 0
3.38384e+06, 789879, 0
9.37675e+06, 2.96742e+06, 0
9.35526e+06, 2.24472e+06, 0
2.30711e+06, 913441, 0
8.37874e+06, 2.61739e+06, 0
9.03602e+06, 1.60629e+06, 0
5.80924e+06, 1.70354e+06, 0
3.75072e+06, 1.52054e+06, 0
9.56147e+06, 2.59791e+06, 0
2.57282e+06, 948414, 0
8.076e+06, 1.53528e+06, 0
6.1011e+06, 2.8736e+06, 0
8.46466e+06, 3.8047e+06, 0
8.88309e+06, 3.44657e+06, 0
7.60314e+06, 2.42808e+06, 0
5.33008e+06, 2.64376e+06, 0
2.86082e+06, 1.394e+06, 0
5.61594e+06, 2.29498e+06, 0
6.55915e+06, 3.08838e+06, 0
4.84339e+06, 2.36315e+06, 0
1.11498e+07, 2.15964e+06, 0
3.69731e+06, 906918, 0
9.97095e+06, 4.53858e+06, 0
3.51524e+06, 482837, 0
8.54638e+06, 4.12062e+06, 0
1.1135e+07, 4.79003e+06, 0
7.72796e+06, 3.05496e+06, 0
9.56487e+06, 2.73695e+06, 0
9.33049e+06, 1.42072e+06, 0
6.89629e+06, 2.99225e+06, 0
9.4583e+06, 3.65611e+06, 0
5.89701e+06, 2.50147e+06, 0
5.04179e+06, 1.0953e+06, 0
7.51209e+06, 3.75234e+06, 0
951977, 431276, 0
6.4909e+06, 1.61039e+06, 0
5.80482e+06, 2.89738e+06, 0
7.68347e+06, 1.1899e+06, 0
6.53545e+06, 2.95713e+06, 0
7.29514e+06, 2.15857e+06, 0
4.96155e+06, 840172, 0
4.11076e+06, 1.94273e+06, 0
6.12597e+06, 2.98354e+06, 0
2.77163e+06, 524399, 0
5.96025e+06, 2.98599e+06, 0
5.54506e+06, 393144, 0
6.22361e+06, 573600, 0
2.69124e+06, 1.37675e+06, 0
4.53254e+06, 1.57139e+06, 0
1.02013e+07, 3.15678e+06, 0
4.12441e+06, 1.89292e+06, 0
4.92185e+06, 1.68133e+06, 0
4.46827e+06, 1.78437e+06, 0
4.73735e+06, 1.47813e+06, 0
7.75951e+06, 3.56133e+06, 0
8.61489e+06, 1.18294e+06, 0
6.92604e+06, 1.16276e+06, 0
4.67964e+06, 818456, 0
8.47493e+06, 2.94882e+06, 0
3.83043e+06, 1.57476e+06, 0
1.0857e+07, 4.72134e+06, 0
3.41004e+06, 1.00736e+06, 0
3.60431e+06, 1.17048e+06, 0
5.39524e+06, 942272, 0
3.85558e+06, 1.05107e+06, 0
2.09626e+06, 1.03366e+06, 0
7.80422e+06, 3.93568e+06, 0
4.72e+06, 1.83575e+06, 0
8.32094e+06, 2.25981e+06, 0
3.56215e+06, 1.53966e+06, 0
7.66248e+06, 2.26282e+06, 0
7.12824e+06, 1.12313e+06, 0
5.49212e+06, 566057, 0
4.39221e+06, 2.05914e+06, 0
9.23895e+06, 2.01169e+06, 0
4.11444e+06, 1.66529e+06, 0
7.82459e+06, 2.59708e+06, 0
1.62445e+06, 441515, 0
4.69353e+06, 1.98639e+06, 0
7.80861e+06, 3.41035e+06, 0
1.08261e+07, 1.03865e+06, 0
8.17996e+06, 1.51748e+06, 0
9.85281e+06, 4.23536e+06, 0
3.42587e+06, 1.00311e+06, 0
2.33956e+06, 1.01741e+06, 0
6.61541e+06, 3.21384e+06, 0
3.858e+06, 1.00098e+06, 0
7.13994e+06, 3.19439e+06, 0
3.06455e+06, 939607, 0
9.3926e+06, 3.02375e+06, 0
4.79041e+06, 2.15694e+06, 0
7.90495e+06, 3.41021e+06, 0
7.14037e+06, 2.48917e+06, 0
4.15864e+06, 350159, 0
3.851e+06, 547492, 0
3.84104e+06, 1.45834e+06, 0
3.32128e+06, 1.56256e+06, 0
3.35392e+06, 1.65182e+06, 0
6.30977e+06, 836882, 0
487388, 125178, 0
8.15006e+06, 1.58194e+06, 0
1.05587e+07, 5.01738e+06, 0
1.06694e+07, 2.60177e+06, 0
7.06167e+06, 1.57281e+06, 0
9.53239e+06, 4.88242e+06, 0
3.86526e+06, 349851, 0
3.22811e+06, 1.58762e+06, 0
5.45478e+06, 2.06831e+06, 0
1.78424e+06, 820244, 0
5.68312e+06, 2.6028e+06, 0
6.4547e+06, 3.13692e+06, 0
1.99231e+06, 223076, 0
1.1357e+07, 5.22258e+06, 0
3.49414e+06, 1.30612e+06, 0
3.9429e+06, 1.20086e+06, 0
4.19765e+06, 1.76606e+06, 0
1.04847e+07, 5.33191e+06, 0
7.50674e+06, 2.96793e+06, 0
5.94191e+06, 2.13733e+06, 0
5.11104e+06, 1.66531e+06, 0
5.90711e+06, 2.21434e+06, 0
6.02352e+06, 2.2887e+06, 0
4.86721e+06, 341243, 0
3.04284e+06, 1.13591e+06, 0
1.5488e+06, 207656, 0
6.36324e+06, 698449, 0
4.12612e+06, 1.49726e+06, 0
5.91079e+06, 1.71502e+06, 0
6.24598e+06, 2.33789e+06, 0
3.25237e+06, 1.36122e+06, 0
7.58628e+06, 3.05508e+06, 0
8.72092e+06, 2.04061e+06, 0
6.36103e+06, 2.70253e+06, 0
3.99893e+06, 1.45441e+06, 0
9.74274e+06, 1.51262e+06, 0
1.17503e+07, 3.02167e+06, 0
2.42003e+06, 1.14007e+06, 0
6.45941e+06, 3.1127e+06, 0
1.07252e+07, 5.37828e+06, 0
8.06491e+06, 3.52759e+06, 0
2.56538e+06, 885423, 0
6.74689e+06, 2.17606e+06, 0
3.10425e+06, 1.20959e+06, 0
3.54773e+06, 1.63997e+06, 0
2.83171e+06, 506767, 0
1.11363e+07, 4.8839e+06, 0
5.31705e+06, 2.10645e+06, 0
1.05909e+07, 1.2161e+06, 0
7.27157e+06, 2.56601e+06, 0
6.58203e+06, 3.06751e+06, 0
4.81988e+06, 1.07276e+06, 0
3.18442e+06, 1.1214e+06, 0
3.75394e+06, 997092, 0
6.88957e+06, 3.4387e+06, 0
4.08379e+06, 1.44334e+06, 0
8.77982e+06, 3.18399e+06, 0
5.02519e+06, 1.631e+06, 0
4.71111e+06, 2.40344e+06, 0
1.7182e+06, 869165, 0
5.26304e+06, 2.52808e+06, 0
3.0349e+06, 904913, 0
1.31862e+07, 3.21912e+06, 0
6.97761e+06, 3.16623e+06, 0
1.60312e+06, 413535, 0
4.29553e+06, 1.40508e+06, 0
3.80796e+06, 1.4836e+06, 0
7.27407e+06, 2.56653e+06, 0
5.91776e+06, 1.08552e+06, 0
3.53923e+06, 363069, 0
1.14495e+07, 5.34351e+06, 0
4.5637e+06, 2.06392e+06, 0
7.13528e+06, 1.813e+06, 0
6.39974e+06, 2.69814e+06, 0
6.16224e+06, 1.67603e+06, 0
8.17781e+06, 4.13047e+06, 0
2.40327e+06, 1.15594e+06, 0
2.25475e+06, 928549, 0
5.19367e+06, 2.21543e+06, 0
9.18975e+06, 3.95206e+06, 0
7.78387e+06, 3.14119e+06, 0
2.53003e+06, 1.24219e+06, 0
4.19866e+06, 1.47791e+06, 0
5.55216e+06, 1.22762e+06, 0
5.82741e+06, 1.7523e+06, 0
1.28334e+07, 5.57115e+06, 0
7.32245e+06, 367483, 0
4.02327e+06, 1.67851e+06, 0
3.08226e+06, 1.41824e+06, 0
3.29303e+06, 1.25005e+06, 0
4.35674e+06, 1.52177e+06, 0
8.20757e+06, 3.11497e+06, 0
8.37386e+06, 2.94053e+06, 0
3.26768e+06, 1.67476e+06, 0
9.61348e+06, 3.66484e+06, 0
5.38316e+06, 406621, 0
7.41013e+06, 1.39579e+06, 0
4.10051e+06, 923873, 0
5.3503e+06, 2.28166e+06, 0
5.50372e+06, 785364, 0
3.77457e+06, 1.58307e+06, 0
1.62838e+06, 829080, 0
1.01452e+07, 3.7974e+06, 0
4.98339e+06, 1.06604e+06, 0
5.79642e+06, 2.02244e+06, 0
1.16409e+07, 1.80812e+06, 0
4.03833e+06, 1.50901e+06, 0
3.46912e+06, 1.13042e+06, 0
6.5761e+06, 2.61634e+06, 0
5.842e+06, 2.03325e+06, 0
7.81812e+06, 2.21459e+06, 0
7.05905e+06, 3.30935e+06, 0
4.91524e+06, 1.24947e+06, 0
5.54891e+06, 2.44969e+06, 0
9.82499e+06, 3.73862e+06, 0
1.07799e+07, 4.64746e+06, 0
8.20321e+06, 2.00061e+06, 0
4.75352e+06, 406208, 0
6.51184e+06, 1.72801e+06, 0
6.07287e+06, 2.49271e+06, 0
1.07797e+07, 2.1403e+06, 0
2.87112e+06, 392170, 0
8.09794e+06, 3.068e+06, 0
5.47581e+06, 2.41512e+06, 0
5.89397e+06, 3.00381e+06, 0
1.51683e+07, 3.24505e+06, 0
6.85857e+06, 547142, 0
6.85655e+06, 2.82553e+06, 0
6.88878e+06, 2.1556e+06, 0
9.2167e+06, 2.96487e+06, 0
5.84654e+06, 2.2925e+06, 0
6.09654e+06, 2.49516e+06, 0
6.16902e+06, 1.16033e+06, 0
4.836e+06, 1.9655e+06, 0
1.01757e+07, 3.72168e+06, 0
6.66556e+06, 3.03779e+06, 0
4.73848e+06, 2.12986e+06, 0
3.59096e+06, 1.64325e+06, 0
1.26371e+07, 2.81782e+06, 0
8.11686e+06, 3.1812e+06, 0
1.06396e+07, 2.92237e+06, 0
5.4662e+06, 2.02732e+06, 0
6.05121e+06, 1.47238e+06, 0
7.81795e+06, 1.5994e+06, 0
8.59521e+06, 3.50643e+06, 0
4.04507e+06, 872913, 0
6.18903e+06, 2.564e+06, 0
4.98631e+06, 1.35758e+06, 0
5.05843e+06, 2.44545e+06, 0
1.00877e+07, 4.76659e+06, 0
4.59778e+06, 1.64947e+06, 0
4.47381e+06, 2.16254e+06, 0
8.8447e+06, 3.45404e+06, 0
4.40148e+06, 611590, 0
1.02214e+07, 3.60812e+06, 0
4.82717e+06, 901013, 0
7.78558e+06, 3.7093e+06, 0
5.63616e+06, 1.94937e+06, 0
7.46008e+06, 2.427e+06, 0
1.0998e+07, 3.39116e+06, 0
6.72942e+06, 1.55285e+06, 0
6.90571e+06, 3.3917e+06, 0
6.4022e+06, 537497, 0
5.75234e+06, 975220, 0
1.08214e+07, 2.50816e+06, 0
7.35208e+06, 3.57126e+06, 0
8.43968e+06, 4.09597e+06, 0
2.92824e+06, 1.41239e+06, 0
1.06723e+07, 2.56895e+06, 0
4.5012e+06, 2.12262e+06, 0
3.27847e+06, 1.32715e+06, 0
5.06042e+06, 1.18611e+06, 0
1.23492e+07, 3.05291e+06, 0
6.80514e+06, 3.31743e+06, 0
5.52964e+06, 2.23954e+06, 0
2.31201e+06, 743422, 0
5.55074e+06, 2.62998e+06, 0
4.79705e+06, 1.17276e+06, 0
4.75849e+06, 1.29983e+06, 0
8.92892e+06, 4.05474e+06, 0
7.17715e+06, 2.13914e+06, 0
5.59066e+06, 1.19836e+06, 0
1.28609e+07, 4.87345e+06, 0
2.2348e+06, 429204, 0
5.47517e+06, 2.70455e+06, 0
8.99439e+06, 1.77316e+06, 0
4.1186e+06, 724473, 0
3.46285e+06, 1.58392e+06, 0
1.3003e+06, 613937, 0
592006, 226688, 0
5.96983e+06, 2.83145e+06, 0
6.97321e+06, 1.59657e+06, 0
7.39167e+06, 1.31954e+06, 0
2.20462e+06, 898182, 0
6.49555e+06, 3.11408e+06, 0
1.20042e+07, 5.72818e+06, 0
7.40849e+06, 2.88991e+06, 0
5.03285e+06, 2.38912e+06, 0
6.01755e+06, 554156, 0
6.37175e+06, 2.98419e+06, 0
2.38155e+06, 647274, 0
9.94914e+06, 3.99344e+06, 0
7.42719e+06, 2.61475e+06, 0
1.01044e+07, 4.17569e+06, 0
7.3304e+06, 1.61808e+06, 0
8.51291e+06, 3.71608e+06, 0
6.60139e+06, 1.72125e+06, 0
5.7302e+06, 2.24285e+06, 0
6.07674e+06, 1.70096e+06, 0
1.04206e+07, 5.27566e+06, 0
9.59841e+06, 4.32179e+06, 0
6.48849e+06, 2.67858e+06, 0
8.14726e+06, 1.6146e+06, 0
6.07181e+06, 2.8793e+06, 0
7.55171e+06, 2.24949e+06, 0
1.24646e+07, 3.77621e+06, 0
5.1632e+06, 2.59774e+06, 0
3.60706e+06, 1.05365e+06, 0
3.87606e+06, 1.48654e+06, 0
5.10159e+06, 1.10131e+06, 0
7.56474e+06, 2.20822e+06, 0
5.05279e+06, 2.02886e+06, 0
6.78803e+06, 2.99047e+06, 0
4.93671e+06, 1.44871e+06, 0
5.02667e+06, 1.59322e+06, 0
2.46943e+06, 994829, 0
4.47944e+06, 1.77702e+06, 0
5.76967e+06, 2.33005e+06, 0
1.27487e+07, 6.48671e+06, 0
1.26409e+07, 4.36991e+06, 0
5.35275e+06, 1.19618e+06, 0
1.23691e+07, 3.24604e+06, 0
6.84829e+06, 2.09823e+06, 0
7.86869e+06, 3.81445e+06, 0
4.35933e+06, 669794, 0
5.34591e+06, 1.36877e+06, 0
5.06876e+06, 2.23296e+06, 0
1.00443e+07, 3.05581e+06, 0
7.51143e+06, 2.35508e+06, 0
9.91692e+06, 4.82521e+06, 0
6.55234e+06, 3.14457e+06, 0
5.90679e+06, 1.00719e+06, 0
1.4259e+07, 2.94792e+06, 0
5.18968e+06, 1.79641e+06, 0
6.148e+06, 3.04402e+06, 0
3.60997e+06, 500176, 0
6.45225e+06, 1.7113e+06, 0
1.08443e+07, 505293, 0
3.80466e+06, 1.38585e+06, 0
5.65289e+06, 2.78512e+06, 0
8.89204e+06, 4.24414e+06, 0
4.81429e+06, 1.70638e+06, 0
8.23291e+06, 2.20882e+06, 0
1.15033e+07, 4.05401e+06, 0
8.80756e+06, 400479, 0
7.79627e+06, 3.98724e+06, 0
1.09861e+07, 1.87748e+06, 0
8.48878e+06, 2.59006e+06, 0
8.0254e+06, 3.27626e+06, 0
3.04461e+06, 1.18894e+06, 0
1.04049e+07, 3.33261e+06, 0
4.32631e+06, 1.95142e+06, 0
9.00697e+06, 4.00301e+06, 0
2.33742e+06, 572209, 0
3.27676e+06, 154638, 0
5.71021e+06, 762335, 0
8.09899e+06, 3.7304e+06, 0
4.41483e+06, 518573, 0
6.92405e+06, 1.94545e+06, 0
7.03625e+06, 3.61567e+06, 0
9.22834e+06, 4.45132e+06, 0
4.9894e+06, 1.37055e+06, 0
5.92612e+06, 2.06275e+06, 0
1.15073e+07, 5.30899e+06, 0
5.298e+06, 550511, 0
4.31553e+06, 1.1289e+06, 0
4.65616e+06, 1.20249e+06, 0
1.09028e+07, 3.07882e+06, 0
6.17828e+06, 2.0505e+06, 0
4.95505e+06, 2.46716e+06, 0
9.52236e+06, 3.60552e+06, 0
6.7765e+06, 852891, 0
5.48996e+06, 2.12546e+06, 0
8.26454e+06, 2.91822e+06, 0
5.09204e+06, 1.85636e+06, 0
8.70903e+06, 1.59123e+06, 0
4.30412e+06, 1.17716e+06, 0
6.00563e+06, 2.67062e+06, 0
5.57794e+06, 2.63904e+06, 0
8.63923e+06, 1.4103e+06, 0
5.36163e+06, 1.74932e+06, 0
7.60158e+06, 1.44631e+06, 0
5.12038e+06, 1.7318e+06, 0
9.24712e+06, 2.42709e+06, 0
4.63629e+06, 2.16978e+06, 0
6.62848e+06, 2.21287e+06, 0
3.75856e+06, 1.10349e+06, 0
7.26743e+06, 1.19617e+06, 0
1.12803e+07, 5.27746e+06, 0
4.03783e+06, 1.34634e+06, 0
3.96874e+06, 1.58782e+06, 0
7.54195e+06, 2.02253e+06, 0
8.1778e+06, 1.35859e+06, 0
5.30144e+06, 2.27394e+06, 0
7.54128e+06, 2.64011e+06, 0
5.01446e+06, 2.11286e+06, 0
6.01998e+06, 649757, 0
2.40646e+06, 1.22736e+06, 0
8.09845e+06, 1.99432e+06, 0
6.67245e+06, 3.41238e+06, 0
6.12995e+06, 2.258e+06, 0
1.01298e+07, 1.76081e+06, 0
5.46373e+06, 2.71796e+06, 0
2.26111e+06, 703594, 0
6.33375e+06, 2.70362e+06, 0
3.60015e+06, 1.09379e+06, 0
4.10543e+06, 2.00015e+06, 0
7.23233e+06, 2.32184e+06, 0
1.57674e+06, 305468, 0
7.59747e+06, 2.81202e+06, 0
9.05927e+06, 4.11449e+06, 0
1.04801e+07, 1.43213e+06, 0
8.51399e+06, 2.97117e+06, 0
5.56047e+06, 1.63489e+06, 0
2.80887e+06, 1.12567e+06, 0
3.05163e+06, 1.40419e+06, 0
4.36007e+06, 1.19436e+06, 0
3.51703e+06, 523966, 0
5.76712e+06, 2.04674e+06, 0
6.22892e+06, 3.10933e+06, 0
3.77216e+06, 776899, 0
3.50722e+06, 416385, 0
4.11966e+06, 1.73376e+06, 0
6.41519e+06, 1.54099e+06, 0
3.77328e+06, 1.70949e+06, 0
8.24799e+06, 2.64013e+06, 0
3.52591e+06, 1.14433e+06, 0
6.52337e+06, 1.66922e+06, 0
3.35408e+06, 1.48166e+06, 0
7.2766e+06, 2.61236e+06, 0
6.2849e+06, 2.57692e+06, 0
3.64603e+06, 487204, 0
1.05368e+07, 1.60782e+06, 0
1.12425e+07, 3.39689e+06, 0
8.14675e+06, 2.38786e+06, 0
9.69679e+06, 1.52897e+06, 0
8.56894e+06, 3.80599e+06, 0
6.20954e+06, 2.84359e+06, 0
6.75085e+06, 2.76765e+06, 0
2.87842e+06, 974154, 0
3.01791e+06, 1.53998e+06, 0
8.27768e+06, 1.65426e+06, 0
7.01525e+06, 3.54679e+06, 0
3.54441e+06, 1.20852e+06, 0
6.08069e+06, 2.09231e+06, 0
4.40072e+06, 1.18553e+06, 0
4.14207e+06, 1.51344e+06, 0
4.21423e+06, 994104, 0
1.15352e+07, 5.08816e+06, 0
1.12675e+07, 4.02067e+06, 0
3.65767e+06, 1.52365e+06, 0
5.73497e+06, 953657, 0
9.30433e+06, 1.37297e+06, 0
7.66692e+06, 2.15217e+06, 0
1.28772e+07, 5.18801e+06, 0
3.20281e+06, 541399, 0
7.83807e+06, 2.43719e+06, 0
6.65162e+06, 1.95264e+06, 0
2.92931e+06, 1.26282e+06, 0
9.25096e+06, 4.41972e+06, 0
8.45595e+06, 3.93218e+06, 0
4.26483e+06, 1.61702e+06, 0
2.47105e+06, 732721, 0
7.15514e+06, 3.54351e+06, 0
9.08828e+06, 3.42821e+06, 0
5.94954e+06, 2.2997e+06, 0
7.30446e+06, 3.73628e+06, 0
7.41312e+06, 1.88348e+06, 0
8.20274e+06, 1.35397e+06, 0
2.54046e+06, 705290, 0
2.84215e+06, 1.03943e+06, 0
3.44339e+06, 1.61678e+06, 0
3.71609e+06, 1.3844e+06, 0
5.31222e+06, 2.48071e+06, 0
4.40795e+06, 1.64912e+06, 0
1.17884e+07, 4.09983e+06, 0
4.46487e+06, 548306, 0
2.59314e+06, 527925, 0
4.56979e+06, 2.13257e+06, 0
8.87738e+06, 4.18906e+06, 0
6.73734e+06, 1.98706e+06, 0
1.12243e+07, 4.84733e+06, 0
5.57658e+06, 1.07503e+06, 0
7.66021e+06, 1.80747e+06, 0
7.38273e+06, 3.75073e+06, 0
5.29101e+06, 1.91643e+06, 0
9.79129e+06, 4.70736e+06, 0
4.98494e+06, 1.81559e+06, 0
7.84808e+06, 3.6035e+06, 0
1.04429e+07, 4.66844e+06, 0
4.9052e+06, 734249, 0
7.34162e+06, 3.55622e+06, 0
8.8462e+06, 3.51148e+06, 0
4.97993e+06, 1.90445e+06, 0
6.87692e+06, 1.10484e+06, 0
5.72452e+06, 2.74954e+06, 0
6.78341e+06, 1.45704e+06, 0
5.56266e+06, 796832, 0
2.09673e+06, 462221, 0
4.80418e+06, 1.6198e+06, 0
8.00783e+06, 1.2944e+06, 0
4.27396e+06, 1.84556e+06, 0
1.02671e+07, 4.69963e+06, 0
8.37068e+06, 2.87641e+06, 0
1.14079e+07, 2.51229e+06, 0
7.72917e+06, 3.86521e+06, 0
1.07103e+07, 3.2213e+06, 0
7.71177e+06, 3.70894e+06, 0
2.75113e+06, 1.09266e+06, 0
4.13277e+06, 639471, 0
7.37137e+06, 3.70443e+06, 0
8.18606e+06, 3.47037e+06, 0
5.19508e+06, 2.16067e+06, 0
5.35216e+06, 1.33517e+06, 0
5.85397e+06, 2.91046e+06, 0
3.76528e+06, 1.47114e+06, 0
8.33164e+06, 3.23663e+06, 0
5.18998e+06, 1.17044e+06, 0
4.31028e+06, 582741, 0
3.24877e+06, 1.47664e+06, 0
6.31202e+06, 2.95631e+06, 0
9.02799e+06, 3.29364e+06, 0
7.1248e+06, 3.28232e+06, 0
1.00062e+07, 4.53962e+06, 0
4.92021e+06, 2.45709e+06, 0
4.25093e+06, 2.13114e+06, 0
6.30351e+06, 2.68899e+06, 0
9.18272e+06, 941925, 0
6.24266e+06, 2.32281e+06, 0
5.35918e+06, 2.4398e+06, 0
3.28434e+06, 930624, 0
4.26469e+06, 376122, 0
8.21583e+06, 1.25291e+06, 0
1.87001e+06, 902139, 0
6.10432e+06, 2.46697e+06, 0
8.31369e+06, 3.20283e+06, 0
5.36229e+06, 2.08365e+06, 0
1.226e+06, 110326, 0
3.9191e+06, 1.61057e+06, 0
6.76042e+06, 2.3441e+06, 0
9.97852e+06, 2.38847e+06, 0
4.93379e+06, 2.41808e+06, 0
3.09203e+06, 803474, 0
1.02405e+07, 1.29455e+06, 0
4.63937e+06, 2.24181e+06, 0
5.3259e+06, 2.31242e+06, 0
4.64611e+06, 2.05278e+06, 0
7.85794e+06, 3.84756e+06, 0
5.9092e+06, 2.48479e+06, 0
8.73315e+06, 2.12154e+06, 0
4.15158e+06, 1.13021e+06, 0
3.18318e+06, 663951, 0
4.55097e+06, 989309, 0
8.70053e+06, 2.15691e+06, 0
5.83697e+06, 2.38088e+06, 0
2.06162e+06, 827622, 0
3.18144e+06, 653425, 0
1.0779e+07, 5.48122e+06, 0
7.8097e+06, 937767, 0
6.26983e+06, 1.55576e+06, 0
4.92561e+06, 970847, 0
5.6941e+06, 1.03863e+06, 0
5.04877e+06, 1.57558e+06, 0
5.2648e+06, 1.61297e+06, 0
6.26828e+06, 1.87077e+06, 0
2.88244e+06, 1.44375e+06, 0
5.69474e+06, 970365, 0
8.1347e+06, 2.04096e+06, 0
1.4704e+06, 746868, 0
3.47156e+06, 1.29673e+06, 0
7.08368e+06, 2.75418e+06, 0
3.45731e+06, 1.13521e+06, 0
8.80939e+06, 3.23987e+06, 0
8.56175e+06, 4.30013e+06, 0
5.93381e+06, 1.56214e+06, 0
1.86664e+06, 550976, 0
8.78426e+06, 1.02839e+06, 0
2.42319e+06, 1.11239e+06, 0
6.28002e+06, 208830, 0
5.72539e+06, 881984, 0
6.78873e+06, 1.94963e+06, 0
1.83341e+06, 932832, 0
6.06632e+06, 1.56729e+06, 0
9.89402e+06, 1.6725e+06, 0
4.79254e+06, 2.08222e+06, 0
4.42163e+06, 1.47929e+06, 0
5.14326e+06, 1.57205e+06, 0
6.85057e+06, 2.17829e+06, 0
3.67405e+06, 1.51943e+06, 0
7.19066e+06, 3.10721e+06, 0
6.33219e+06, 2.88686e+06, 0
5.56671e+06, 2.00711e+06, 0
7.38547e+06, 2.04193e+06, 0
6.11718e+06, 2.66472e+06, 0
9.4822e+06, 4.32742e+06, 0
9.22576e+06, 4.57321e+06, 0
3.19333e+06, 859557, 0
3.60045e+06, 1.21462e+06, 0
6.53368e+06, 3.13656e+06, 0
6.11649e+06, 2.49754e+06, 0
1.09442e+07, 261718, 0
9.22329e+06, 4.10315e+06, 0
1.22901e+07, 1.15701e+06, 0
8.62228e+06, 1.22348e+06, 0
5.95795e+06, 2.78593e+06, 0
6.83726e+06, 2.48461e+06, 0
2.22649e+06, 515911, 0
9.2808e+06, 4.24456e+06, 0
1.15081e+07, 3.14381e+06, 0
1.00053e+07, 3.95544e+06, 0
8.44835e+06, 4.19518e+06, 0
7.16789e+06, 1.01216e+06, 0
7.95386e+06, 3.52561e+06, 0
8.73709e+06, 1.31524e+06, 0
9.28339e+06, 1.38663e+06, 0
8.65251e+06, 3.69051e+06, 0
7.4481e+06, 3.14868e+06, 0
2.84389e+06, 1.30463e+06, 0
1.01749e+07, 3.23003e+06, 0
1.21406e+07, 4.5417e+06, 0
7.27009e+06, 3.14382e+06, 0
9.12029e+06, 3.99669e+06, 0
8.1119e+06, 2.55563e+06, 0
1.24327e+07, 3.43321e+06, 0
9.01468e+06, 1.84479e+06, 0
6.05195e+06, 2.54397e+06, 0
1.04239e+07, 3.65385e+06, 0
9.00083e+06, 1.30101e+06, 0
5.34034e+06, 1.74688e+06, 0
5.65131e+06, 1.4131e+06, 0
8.02577e+06, 3.89509e+06, 0
6.96116e+06, 3.15187e+06, 0
2.74793e+06, 851334, 0
7.26725e+06, 1.03005e+06, 0
4.55472e+06, 1.0805e+06, 0
3.39083e+06, 1.51194e+06, 0
6.03944e+06, 1.3363e+06, 0
5.47183e+06, 1.83801e+06, 0
6.90486e+06, 2.16438e+06, 0
4.93402e+06, 2.01547e+06, 0
6.53448e+06, 2.68312e+06, 0
7.27267e+06, 2.54239e+06, 0
4.15484e+06, 1.80783e+06, 0
1.15955e+07, 5.30913e+06, 0
1.17402e+07, 4.33909e+06, 0
4.86318e+06, 2.42105e+06, 0
1.08416e+07, 1.54827e+06, 0
1.09972e+07, 2.68156e+06, 0
6.70054e+06, 2.78013e+06, 0
1.14733e+07, 3.60745e+06, 0
4.28281e+06, 1.16095e+06, 0
6.72087e+06, 3.23767e+06, 0
1.01117e+07, 2.69109e+06, 0
5.28855e+06, 1.28781e+06, 0
5.68042e+06, 1.9326e+06, 0
5.436e+06, 2.15951e+06, 0
6.56662e+06, 1.79047e+06, 0
4.51997e+06, 1.63319e+06, 0
8.05966e+06, 3.99693e+06, 0
2.42502e+06, 417384, 0
1.13268e+07, 5.11699e+06, 0
7.69099e+06, 2.81411e+06, 0
4.10791e+06, 1.61405e+06, 0
4.71208e+06, 350364, 0
6.08877e+06, 2.39914e+06, 0
8.08395e+06, 1.27666e+06, 0
6.81705e+06, 1.71999e+06, 0
5.23859e+06, 916669, 0
8.50124e+06, 1.62118e+06, 0
4.32838e+06, 1.74195e+06, 0
9.50637e+06, 581021, 0
6.96513e+06, 1.15035e+06, 0
4.44937e+06, 1.70155e+06, 0
6.5781e+06, 2.61093e+06, 0
7.01534e+06, 868149, 0
5.41533e+06, 2.21895e+06, 0
4.25205e+06, 983485, 0
6.55037e+06, 3.25013e+06, 0
5.94534e+06, 2.09278e+06, 0
1.27524e+07, 2.14254e+06, 0
8.33778e+06, 3.9402e+06, 0
9.99136e+06, 3.40267e+06, 0
6.27835e+06, 589592, 0
6.87452e+06, 3.05192e+06, 0
5.17703e+06, 2.13422e+06, 0
2.72048e+06, 1.16464e+06, 0
7.01681e+06, 914748, 0
6.35451e+06, 2.43468e+06, 0
4.58894e+06, 1.45796e+06, 0
7.3631e+06, 3.05543e+06, 0
5.36253e+06, 1.08587e+06, 0
1.06848e+07, 2.31837e+06, 0
4.68454e+06, 2.19403e+06, 0
5.28104e+06, 455517, 0
2.56442e+06, 288588, 0
5.31255e+06, 2.46382e+06, 0
6.63709e+06, 2.50766e+06, 0
7.72152e+06, 3.36621e+06, 0
3.90554e+06, 606785, 0
4.0904e+06, 1.55646e+06, 0
7.20705e+06, 2.14917e+06, 0
5.61495e+06, 1.96894e+06, 0
1.20345e+07, 5.93372e+06, 0
2.23345e+06, 1.05804e+06, 0
1.03746e+07, 4.59214e+06, 0
1.70182e+06, 819908, 0
4.55511e+06, 535678, 0
7.12036e+06, 1.83659e+06, 0
8.02225e+06, 3.44639e+06, 0
9.63892e+06, 3.03509e+06, 0
8.84488e+06, 3.10143e+06, 0
7.38525e+06, 1.25791e+06, 0
7.33832e+06, 1.09621e+06, 0
2.58625e+06, 903305, 0
5.73093e+06, 2.8479e+06, 0
9.60093e+06, 1.94564e+06, 0
1.99719e+06, 521400, 0
1.1922e+07, 4.0671e+06, 0
7.89223e+06, 2.98411e+06, 0
5.10798e+06, 2.53271e+06, 0
2.69984e+06, 1.08368e+06, 0
8.8036e+06, 953889, 0
7.74975e+06, 3.93719e+06, 0
9.59045e+06, 1.45279e+06, 0
4.0284e+06, 1.5699e+06, 0
5.53583e+06, 1.96144e+06, 0
7.81405e+06, 3.89023e+06, 0
1.08868e+06, 224286, 0
3.98113e+06, 924813, 0
1.41582e+06, 186697, 0
4.74738e+06, 2.26098e+06, 0
1.13172e+07, 2.30022e+06, 0
5.8033e+06, 1.77865e+06, 0
9.50846e+06, 4.09062e+06, 0
6.55412e+06, 2.66639e+06, 0
7.75511e+06, 1.40951e+06, 0
7.20459e+06, 2.58499e+06, 0
8.69891e+06, 2.41807e+06, 0
7.84915e+06, 3.34559e+06, 0
6.47853e+06, 2.52397e+06, 0
8.64227e+06, 4.22607e+06, 0
3.86153e+06, 187855, 0
8.8893e+06, 3.597e+06, 0
6.81456e+06, 2.97059e+06, 0
9.96292e+06, 1.95237e+06, 0
3.24473e+06, 471409, 0
6.2152e+06, 2.51808e+06, 0
8.59858e+06, 2.62973e+06, 0
2.56272e+06, 1.23645e+06, 0
2.31071e+06, 792455, 0
2.72507e+06, 1.29949e+06, 0
8.04295e+06, 4.07826e+06, 0
6.4102e+06, 2.36901e+06, 0
8.22548e+06, 762727, 0
3.56789e+06, 556794, 0
7.18402e+06, 3.07685e+06, 0
1.12942e+07, 3.84396e+06, 0
4.72141e+06, 1.83556e+06, 0
4.54495e+06, 1.70553e+06, 0
7.15844e+06, 3.42416e+06, 0
1.55366e+06, 595282, 0
7.05603e+06, 3.55245e+06, 0
4.61018e+06, 432911, 0
6.57834e+06, 2.52237e+06, 0
7.25844e+06, 1.75429e+06, 0
1.1521e+07, 3.38882e+06, 0
3.78216e+06, 1.73902e+06, 0
4.36404e+06, 878914, 0
1.23305e+07, 2.2096e+06, 0
6.95289e+06, 2.62295e+06, 0
6.19675e+06, 1.20084e+06, 0
7.45628e+06, 752615, 0
9.56348e+06, 4.78497e+06, 0
1.03488e+07, 4.30801e+06, 0
1.07003e+07, 1.51876e+06, 0
3.46465e+06, 414490, 0
5.3052e+06, 2.29639e+06, 0
2.87874e+06, 1.43053e+06, 0
4.20863e+06, 1.31124e+06, 0
7.27496e+06, 1.8946e+06, 0
8.41394e+06, 2.08449e+06, 0
2.52078e+06, 297881, 0
3.33287e+06, 903070, 0
3.32235e+06, 744537, 0
5.95834e+06, 2.23437e+06, 0
2.98822e+06, 1.34107e+06, 0
6.11104e+06, 1.49126e+06, 0
7.27637e+06, 234365, 0
4.42324e+06, 2.25157e+06, 0
9.33614e+06, 1.81501e+06, 0
7.39071e+06, 1.61384e+06, 0
5.19009e+06, 2.19911e+06, 0
7.29987e+06, 2.60831e+06, 0
8.54108e+06, 2.11999e+06, 0
4.80698e+06, 960586, 0
7.73481e+06, 1.91848e+06, 0
2.60767e+06, 690966, 0
1.24093e+07, 5.08483e+06, 0
6.69465e+06, 931487, 0
7.57492e+06, 1.31442e+06, 0
4.45201e+06, 720077, 0
4.03734e+06, 669517, 0
9.41335e+06, 4.71837e+06, 0
7.65789e+06, 1.8342e+06, 0
6.20631e+06, 619704, 0
8.30592e+06, 4.14303e+06, 0
9.01377e+06, 2.81744e+06, 0
6.16359e+06, 2.68575e+06, 0
3.61176e+06, 1.51695e+06, 0
9.52853e+06, 4.6922e+06, 0
8.17016e+06, 2.38996e+06, 0
7.69846e+06, 2.3001e+06, 0
9.98394e+06, 2.68768e+06, 0
2.72172e+06, 1.04789e+06, 0
5.91359e+06, 1.68303e+06, 0
6.81707e+06, 1.97183e+06, 0
3.01546e+06, 1.24236e+06, 0
3.15548e+06, 784506, 0
3.61863e+06, 1.6226e+06, 0
4.69106e+06, 2.25639e+06, 0
6.90088e+06, 1.79221e+06, 0
1.30084e+07, 5.35429e+06, 0
3.86958e+06, 1.20013e+06, 0
3.22302e+06, 1.43676e+06, 0
3.41233e+06, 720432, 0
8.40645e+06, 666931, 0
7.90675e+06, 2.40723e+06, 0
4.14897e+06, 1.77366e+06, 0
4.78175e+06, 1.36118e+06, 0
5.70345e+06, 757688, 0
2.12517e+06, 351037, 0
4.25222e+06, 1.72841e+06, 0
5.97847e+06, 1.41482e+06, 0
9.15843e+06, 1.81642e+06, 0
5.61937e+06, 958112, 0
8.22681e+06, 4.00567e+06, 0
9.29489e+06, 2.63443e+06, 0
6.87777e+06, 2.58589e+06, 0
3.26969e+06, 1.57079e+06, 0
6.21362e+06, 1.21891e+06, 0
1.27877e+07, 4.19996e+06, 0
3.04702e+06, 1.32785e+06, 0
6.13797e+06, 745762, 0
8.54452e+06, 2.66263e+06, 0
3.01474e+06, 731836, 0
6.50029e+06, 2.05816e+06, 0
6.75977e+06, 2.63509e+06, 0
5.74325e+06, 1.74612e+06, 0
3.07777e+06, 1.26406e+06, 0
8.69614e+06, 1.17725e+06, 0
9.47677e+06, 4.36568e+06, 0
3.51237e+06, 567933, 0
3.63392e+06, 452784, 0
9.03415e+06, 924132, 0
7.59924e+06, 1.82846e+06, 0
3.28184e+06, 1.531e+06, 0
4.74431e+06, 591588, 0
7.48128e+06, 3.56914e+06, 0
2.67293e+06, 514072, 0
4.73488e+06, 1.99457e+06, 0
5.52856e+06, 971011, 0
7.83387e+06, 1.66153e+06, 0
5.28023e+06, 2.34477e+06, 0
6.77955e+06, 1.67973e+06, 0
5.70443e+06, 710321, 0
8.34078e+06, 2.37724e+06, 0
9.08101e+06, 2.87843e+06, 0
6.81605e+06, 2.92537e+06, 0
8.97366e+06, 3.92371e+06, 0
6.71368e+06, 1.96873e+06, 0
5.91599e+06, 2.77009e+06, 0
6.44436e+06, 2.15654e+06, 0
7.00252e+06, 1.67632e+06, 0
5.50656e+06, 2.48569e+06, 0
5.33514e+06, 2.73273e+06, 0
3.63123e+06, 1.7918e+06, 0
1.2753e+07, 387832, 0
1.00617e+07, 2.51479e+06, 0
5.45224e+06, 2.72725e+06, 0
2.12274e+06, 774956, 0
7.69557e+06, 3.48229e+06, 0
4.14242e+06, 1.28006e+06, 0
6.8831e+06, 2.7299e+06, 0
7.68372e+06, 1.74792e+06, 0
9.32199e+06, 4.79308e+06, 0
2.67411e+06, 374953, 0
5.04795e+06, 1.56326e+06, 0
7.00281e+06, 3.042e+06, 0
3.79751e+06, 1.12941e+06, 0
6.46881e+06, 1.01237e+06, 0
1.08293e+07, 3.52718e+06, 0
7.74009e+06, 913447, 0
3.79708e+06, 301946, 0
3.5691e+06, 1.69055e+06, 0
3.01209e+06, 937693, 0
3.68411e+06, 1.8099e+06, 0
7.82588e+06, 1.03593e+06, 0
7.57023e+06, 3.54727e+06, 0
6.83692e+06, 1.02733e+06, 0
4.17774e+06, 1.74387e+06, 0
7.75252e+06, 766427, 0
5.80159e+06, 622270, 0
1.38105e+07, 6.45457e+06, 0
5.72524e+06, 2.03177e+06, 0
6.0728e+06, 999685, 0
5.70079e+06, 1.29096e+06, 0
9.56306e+06, 2.67127e+06, 0
6.49369e+06, 2.09764e+06, 0
7.39454e+06, 2.16997e+06, 0
2.98832e+06, 515883, 0
7.33838e+06, 2.44411e+06, 0
9.4278e+06, 3.40681e+06, 0
7.49566e+06, 1.54545e+06, 0
6.37574e+06, 2.58025e+06, 0
1.1381e+07, 3.42247e+06, 0
9.63999e+06, 3.5825e+06, 0
4.37943e+06, 1.39369e+06, 0
4.49078e+06, 2.30254e+06, 0
7.8493e+06, 2.07482e+06, 0
8.29204e+06, 1.66502e+06, 0
1.20664e+07, 5.31469e+06, 0
6.70117e+06, 539208, 0
5.48361e+06, 2.53093e+06, 0
2.57157e+06, 587759, 0
6.44318e+06, 2.41412e+06, 0
1.08768e+07, 4.61828e+06, 0
6.00506e+06, 2.00351e+06, 0
4.58218e+06, 1.80644e+06, 0
7.90594e+06, 2.78304e+06, 0
8.98819e+06, 1.28466e+06, 0
6.70719e+06, 1.61342e+06, 0
6.36379e+06, 1.71574e+06, 0
4.46351e+06, 1.69763e+06, 0
5.73381e+06, 1.35525e+06, 0
8.02256e+06, 2.91185e+06, 0
4.83376e+06, 1.78273e+06, 0
5.73025e+06, 936418, 0
9.87412e+06, 2.00236e+06, 0
5.91837e+06, 2.36308e+06, 0
6.01735e+06, 2.87644e+06, 0
2.62327e+06, 1.20533e+06, 0
9.03949e+06, 2.7986e+06, 0
1.00898e+07, 5.06669e+06, 0
9.97965e+06, 2.95999e+06, 0
9.34068e+06, 2.9889e+06, 0
9.0476e+06, 1.98039e+06, 0
8.14207e+06, 2.65484e+06, 0
765096, 220938, 0
6.52426e+06, 2.35953e+06, 0
754243, 272856, 0
4.86743e+06, 2.15581e+06, 0
9.59588e+06, 4.59069e+06, 0
3.30213e+06, 1.45467e+06, 0
2.13944e+06, 684808, 0
5.62849e+06, 1.21085e+06, 0
6.24483e+06, 2.06042e+06, 0
6.94783e+06, 2.24319e+06, 0
2.47801e+06, 711100, 0
3.39615e+06, 1.6843e+06, 0
4.91916e+06, 793740, 0
1.83579e+06, 59858.1, 0
2.58618e+06, 1.16957e+06, 0
1.26618e+07, 2.82565e+06, 0
6.4757e+06, 1.0712e+06, 0
1.28519e+07, 5.69808e+06, 0
7.81951e+06, 3.63759e+06, 0
6.91341e+06, 1.39756e+06, 0
7.53284e+06, 2.50835e+06, 0
3.57703e+06, 1.44533e+06, 0
4.17632e+06, 999261, 0
2.11396e+06, 583134, 0
8.71913e+06, 3.94604e+06, 0
7.57433e+06, 2.56929e+06, 0
6.72786e+06, 2.0529e+06, 0
7.44973e+06, 1.87076e+06, 0
2.16959e+06, 1.10458e+06, 0
6.32842e+06, 2.19911e+06, 0
8.59119e+06, 3.58145e+06, 0
1.11886e+07, 5.20843e+06, 0
6.81589e+06, 3.43908e+06, 0
5.05863e+06, 38512.7, 0
4.13647e+06, 2.07117e+06, 0
1.11367e+07, 5.41167e+06, 0
6.49747e+06, 2.89548e+06, 0
7.96384e+06, 627874, 0
1.0455e+07, 4.33273e+06, 0
1.71961e+06, 552045, 0
3.10587e+06, 736346, 0
5.64299e+06, 546915, 0
1.05409e+06, 532353, 0
5.54562e+06, 1.52596e+06, 0
1.00611e+07, 3.35042e+06, 0
8.26944e+06, 2.18381e+06, 0
3.48524e+06, 1.10341e+06, 0
9.96935e+06, 4.57778e+06, 0
1.02968e+07, 3.34769e+06, 0
7.1363e+06, 3.65667e+06, 0
4.76353e+06, 1.92595e+06, 0
4.68335e+06, 814011, 0
9.23411e+06, 4.04562e+06, 0
5.88259e+06, 1.48489e+06, 0
5.82312e+06, 1.48041e+06, 0
5.24819e+06, 792419, 0
7.00792e+06, 3.26201e+06, 0
4.50871e+06, 1.74145e+06, 0
5.02336e+06, 1.35345e+06, 0
6.10767e+06, 2.45755e+06, 0
7.6621e+06, 2.88489e+06, 0
1.38515e+07, 5.6363e+06, 0
1.07923e+07, 2.20113e+06, 0
6.91815e+06, 1.65835e+06, 0
8.461e+06, 1.78526e+06, 0
1.41591e+07, 2.45061e+06, 0
6.32163e+06, 505349, 0
5.28145e+06, 987439, 0
3.80967e+06, 1.91727e+06, 0
4.59748e+06, 1.69024e+06, 0
5.75796e+06, 2.75015e+06, 0
9.30746e+06, 3.5484e+06, 0
5.06304e+06, 1.91678e+06, 0
8.00193e+06, 2.96362e+06, 0
2.5207e+06, 1.03122e+06, 0
1.55409e+07, 7.11042e+06, 0
2.32134e+06, 138223, 0
3.88851e+06, 1.50875e+06, 0
5.67086e+06, 2.48288e+06, 0
3.69069e+06, 836263, 0
4.82775e+06, 1.54099e+06, 0
9.25379e+06, 530050, 0
7.39555e+06, 1.14447e+06, 0
2.30468e+06, 579089, 0
1.04281e+07, 1.99242e+06, 0
5.16494e+06, 2.29625e+06, 0
2.99174e+06, 995755, 0
6.74391e+06, 2.40828e+06, 0
1.84179e+06, 389678, 0
5.34899e+06, 478851, 0
6.89236e+06, 1.01603e+06, 0
6.52252e+06, 2.43287e+06, 0
3.59389e+06, 1.64895e+06, 0
5.48503e+06, 2.68985e+06, 0
8.43114e+06, 3.21115e+06, 0
7.07762e+06, 1.33952e+06, 0
5.64337e+06, 2.77574e+06, 0
1.25028e+06, 595193, 0
5.76566e+06, 2.38828e+06, 0
6.84877e+06, 3.1222e+06, 0
2.1708e+06, 610661, 0
8.68939e+06, 2.10874e+06, 0
9.57429e+06, 64127.9, 0
3.83446e+06, 725580, 0
2.02537e+06, 959019, 0
6.2528e+06, 2.42783e+06, 0
7.62556e+06, 3.82197e+06, 0
5.13749e+06, 566971, 0
6.04313e+06, 2.72493e+06, 0
8.02646e+06, 2.55436e+06, 0
6.90619e+06, 2.13273e+06, 0
2.92035e+06, 1.24419e+06, 0
7.21367e+06, 2.83519e+06, 0
4.23905e+06, 1.64341e+06, 0
4.53289e+06, 954725, 0
8.61e+06, 3.37563e+06, 0
2.5836e+06, 965681, 0
8.2337e+06, 3.28008e+06, 0
5.31123e+06, 2.69055e+06, 0
4.15995e+06, 1.93454e+06, 0
947209, 421718, 0
3.80395e+06, 1.49299e+06, 0
8.10246e+06, 3.81972e+06, 0
3.70054e+06, 1.03037e+06, 0
3.06692e+06, 1.50997e+06, 0
5.03377e+06, 1.77278e+06, 0
3.4132e+06, 1.05296e+06, 0
8.79536e+06, 2.62234e+06, 0
1.18882e+07, 4.64773e+06, 0
7.24988e+06, 1.84289e+06, 0
4.86573e+06, 1.55148e+06, 0
7.82432e+06, 1.37643e+06, 0
1.6882e+06, 762094, 0
8.46122e+06, 3.4527e+06, 0
6.42462e+06, 2.71706e+06, 0
3.79358e+06, 1.09753e+06, 0
6.38592e+06, 470900, 0
7.12859e+06, 996312, 0
5.49345e+06, 1.77904e+06, 0
1.27906e+07, 2.71158e+06, 0
4.70317e+06, 1.53519e+06, 0
4.67452e+06, 1.75621e+06, 0
1.43536e+06, 525947, 0
1.08648e+07, 3.66196e+06, 0
8.91079e+06, 4.36997e+06, 0
7.39679e+06, 3.61699e+06, 0
5.34515e+06, 1.2111e+06, 0
2.55425e+06, 852934, 0
6.68988e+06, 3.12585e+06, 0
8.07009e+06, 3.10853e+06, 0
1.01823e+07, 5.10293e+06, 0
1.27487e+06, 126698, 0
5.52487e+06, 2.24808e+06, 0
6.33102e+06, 1.36138e+06, 0
3.18701e+06, 1.02473e+06, 0
7.60836e+06, 1.64747e+06, 0
7.60305e+06, 2.95864e+06, 0
3.53944e+06, 1.44138e+06, 0
1.98549e+06, 465512, 0
1.30017e+07, 5.2326e+06, 0
7.57245e+06, 3.35868e+06, 0
6.77554e+06, 3.4559e+06, 0
7.63306e+06, 3.49652e+06, 0
4.13156e+06, 863080, 0
6.86237e+06, 3.15783e+06, 0
5.21614e+06, 2.27407e+06, 0
6.86168e+06, 2.43354e+06, 0
3.59808e+06, 1.75883e+06, 0
5.1934e+06, 2.41599e+06, 0
5.28043e+06, 1.43531e+06, 0
8.45933e+06, 1.39573e+06, 0
5.63881e+06, 848551, 0
5.07798e+06, 1.35771e+06, 0
4.39652e+06, 527382, 0
5.26456e+06, 439015, 0
6.19388e+06, 2.15522e+06, 0
7.62834e+06, 2.21593e+06, 0
9.96455e+06, 5.10175e+06, 0
4.84363e+06, 2.39682e+06, 0
8.70947e+06, 2.99174e+06, 0
3.25736e+06, 1.46986e+06, 0
7.61888e+06, 696081, 0
6.19477e+06, 1.83116e+06, 0
4.48197e+06, 1.56867e+06, 0
2.55816e+06, 981674, 0
8.31457e+06, 3.91242e+06, 0
1.3103e+07, 3.44208e+06, 0
4.76457e+06, 1.44372e+06, 0
3.90552e+06, 1.00315e+06, 0
9.88019e+06, 2.23753e+06, 0
8.94796e+06, 3.74132e+06, 0
6.45059e+06, 3.31744e+06, 0
2.75335e+06, 1.15104e+06, 0
5.72023e+06, 2.07277e+06, 0
7.91576e+06, 4.07064e+06, 0
1.07826e+07, 1.51409e+06, 0
4.71182e+06, 1.46625e+06, 0
3.15369e+06, 1.24252e+06, 0
4.33744e+06, 1.59479e+06, 0
8.12537e+06, 3.0532e+06, 0
3.60119e+06, 1.68545e+06, 0
5.98998e+06, 2.07733e+06, 0
5.43295e+06, 1.9395e+06, 0
7.52762e+06, 331749, 0
8.8162e+06, 1.66342e+06, 0
1.61632e+06, 605460, 0
6.31695e+06, 1.82274e+06, 0
7.73507e+06, 2.01864e+06, 0
4.46813e+06, 652357, 0
3.83436e+06, 398586, 0
5.45433e+06, 828108, 0
7.37209e+06, 1.48695e+06, 0
1.07887e+07, 1.74163e+06, 0
7.55447e+06, 958663, 0
9.23263e+06, 2.87537e+06, 0
4.26984e+06, 527533, 0
7.72106e+06, 3.73528e+06, 0
1.5491e+06, 760652, 0
7.77565e+06, 1.96929e+06, 0
8.902e+06, 3.01304e+06, 0
6.49427e+06, 1.64759e+06, 0
7.27282e+06, 1.535e+06, 0
4.56277e+06, 1.50103e+06, 0
3.90073e+06, 1.80407e+06, 0
7.20309e+06, 2.07629e+06, 0
3.99755e+06, 1.91451e+06, 0
4.96025e+06, 2.37254e+06, 0
9.73189e+06, 2.30471e+06, 0
3.19438e+06, 1.57037e+06, 0
4.56001e+06, 1.66982e+06, 0
6.8671e+06, 1.31436e+06, 0
6.27349e+06, 2.03464e+06, 0
4.0708e+06, 1.68029e+06, 0
2.09063e+06, 569391, 0
8.38224e+06, 2.99633e+06, 0
3.16228e+06, 1.34869e+06, 0
2.52203e+06, 1.11991e+06, 0
5.41245e+06, 573477, 0
3.72482e+06, 787367, 0
7.32547e+06, 3.45107e+06, 0
2.93082e+06, 751563, 0
6.53386e+06, 2.90776e+06, 0
3.46245e+06, 1.51191e+06, 0
8.49704e+06, 3.24717e+06, 0
4.88171e+06, 726930, 0
6.77545e+06, 1.22973e+06, 0
5.31536e+06, 1.25547e+06, 0
6.10578e+06, 1.20788e+06, 0
6.80881e+06, 2.70368e+06, 0
1.85625e+06, 681611, 0
1.10545e+07, 5.68794e+06, 0
8.59995e+06, 4.06206e+06, 0
2.42588e+06, 1.09064e+06, 0
1.45426e+06, 355855, 0
5.99082e+06, 1.55395e+06, 0
4.05464e+06, 1.76634e+06, 0
7.21609e+06, 3.30173e+06, 0
3.54036e+06, 953081, 0
7.13924e+06, 1.86148e+06, 0
7.56549e+06, 3.50535e+06, 0
5.73945e+06, 2.2469e+06, 0
1.48564e+06, 337468, 0
7.04591e+06, 1.64803e+06, 0
3.63639e+06, 1.35611e+06, 0
5.00249e+06, 1.48514e+06, 0
7.38378e+06, 2.15595e+06, 0
7.9483e+06, 4.00618e+06, 0
5.28984e+06, 1.24778e+06, 0
3.74538e+06, 374527, 0
5.13493e+06, 1.85857e+06, 0
5.28738e+06, 2.21888e+06, 0
4.44153e+06, 1.68631e+06, 0
4.77932e+06, 1.96696e+06, 0
5.31945e+06, 1.41182e+06, 0
1.03712e+07, 3.52469e+06, 0
6.98098e+06, 1.68837e+06, 0
6.52032e+06, 1.56066e+06, 0
8.84486e+06, 2.87178e+06, 0
7.97217e+06, 3.79948e+06, 0
7.49577e+06, 1.28405e+06, 0
1.41408e+07, 4.09736e+06, 0
5.209e+06, 1.54777e+06, 0
2.29946e+06, 396256, 0
2.59466e+06, 991641, 0
4.72685e+06, 1.96953e+06, 0
5.19253e+06, 1.81412e+06, 0
2.98919e+06, 905778, 0
1.07272e+07, 4.39342e+06, 0
3.88189e+06, 1.90235e+06, 0
6.25278e+06, 1.50996e+06, 0
3.64006e+06, 231705, 0
6.70569e+06, 2.85926e+06, 0
7.72595e+06, 2.94119e+06, 0
1.44062e+06, 285984, 0
7.66297e+06, 3.85033e+06, 0
1.02664e+07, 2.79499e+06, 0
8.62425e+06, 802314, 0
5.2774e+06, 2.60362e+06, 0
6.21577e+06, 2.28155e+06, 0
3.21359e+06, 623412, 0
4.44067e+06, 1.78894e+06, 0
7.70831e+06, 3.50434e+06, 0
9.85837e+06, 3.25159e+06, 0
4.93296e+06, 1.12341e+06, 0
6.45793e+06, 2.80041e+06, 0
4.77758e+06, 1.97799e+06, 0
3.93516e+06, 1.39224e+06, 0
6.42291e+06, 1.00199e+06, 0
1.00264e+07, 1.52018e+06, 0
5.36777e+06, 2.63826e+06, 0
4.58107e+06, 2.20938e+06, 0
1.33712e+07, 726812, 0
9.34431e+06, 4.62048e+06, 0
4.18643e+06, 1.97014e+06, 0
1.00757e+07, 2.89545e+06, 0
9.37989e+06, 4.01324e+06, 0
4.94768e+06, 2.29565e+06, 0
4.39064e+06, 1.44908e+06, 0
1.34839e+07, 6.07424e+06, 0
7.96062e+06, 1.37179e+06, 0
4.17671e+06, 1.71585e+06, 0
823532, 414200, 0
5.68317e+06, 2.33002e+06, 0
9.16732e+06, 1.5741e+06, 0
5.99314e+06, 2.65149e+06, 0
4.74434e+06, 2.34014e+06, 0
8.55399e+06, 3.06999e+06, 0
1.13695e+07, 2.56524e+06, 0
5.43112e+06, 87575.4, 0
7.11648e+06, 3.54752e+06, 0
6.35272e+06, 2.81345e+06, 0
8.39476e+06, 2.54821e+06, 0
4.95495e+06, 1.93963e+06, 0
4.81765e+06, 988827, 0
3.05157e+06, 1.31638e+06, 0
7.76807e+06, 2.45971e+06, 0
8.66809e+06, 2.82328e+06, 0
4.79309e+06, 2.30315e+06, 0
5.34178e+06, 954507, 0
2.30066e+06, 702417, 0
2.47308e+06, 992640, 0
6.82543e+06, 2.14426e+06, 0
5.11855e+06, 2.2254e+06, 0
5.52812e+06, 1.06993e+06, 0
6.25255e+06, 1.61029e+06, 0
1.1628e+07, 4.98688e+06, 0
4.51791e+06, 2.25899e+06, 0
4.12503e+06, 651787, 0
6.89677e+06, 1.32093e+06, 0
4.93048e+06, 1.79244e+06, 0
8.07268e+06, 758054, 0
7.30887e+06, 3.32643e+06, 0
8.18629e+06, 458773, 0
3.93777e+06, 1.75635e+06, 0
3.58567e+06, 354496, 0
7.77346e+06, 2.08264e+06, 0
7.40544e+06, 2.23737e+06, 0
1.00463e+07, 1.0292e+06, 0
8.15477e+06, 1.58162e+06, 0
5.80633e+06, 2.40661e+06, 0
1.33094e+07, 6.11719e+06, 0
4.16742e+06, 1.80392e+06, 0
4.8595e+06, 1.53449e+06, 0
6.03524e+06, 1.4074e+06, 0
8.96235e+06, 4.13729e+06, 0
3.94161e+06, 1.85549e+06, 0
7.91104e+06, 2.01435e+06, 0
6.17944e+06, 1.44885e+06, 0
5.79289e+06, 2.46921e+06, 0
4.67553e+06, 906593, 0
9.42325e+06, 931601, 0
9.66607e+06, 2.43409e+06, 0
1.05219e+07, 1.48305e+06, 0
8.57665e+06, 1.04368e+06, 0
3.06503e+06, 361146, 0
7.02485e+06, 1.16809e+06, 0
5.24926e+06, 1.18457e+06, 0
3.53206e+06, 1.68754e+06, 0
6.35232e+06, 3.15936e+06, 0
8.75974e+06, 3.0975e+06, 0
5.15925e+06, 910825, 0
4.77785e+06, 686269, 0
9.34858e+06, 2.64694e+06, 0
7.19748e+06, 3.36988e+06, 0
8.71282e+06, 2.21901e+06, 0
6.47142e+06, 3.32051e+06, 0
2.79804e+06, 615692, 0
6.32763e+06, 1.6687e+06, 0
2.63302e+06, 976494, 0
2.49918e+06, 832035, 0
822638, 365831, 0
9.58636e+06, 3.3443e+06, 0
6.70806e+06, 2.07539e+06, 0
3.019e+06, 970612, 0
5.10083e+06, 2.00419e+06, 0
3.16476e+06, 1.0143e+06, 0
6.49935e+06, 919670, 0
7.29637e+06, 83030.8, 0
6.61989e+06, 3.30541e+06, 0
7.22588e+06, 1.82681e+06, 0
5.8734e+06, 2.7879e+06, 0
4.33864e+06, 617677, 0
3.12719e+06, 753720, 0
5.41961e+06, 1.88191e+06, 0
7.02269e+06, 2.34888e+06, 0
3.06634e+06, 1.12843e+06, 0
6.37921e+06, 1.98589e+06, 0
5.7173e+06, 1.86024e+06, 0
3.59448e+06, 1.06536e+06, 0
7.69368e+06, 3.20661e+06, 0
5.10606e+06, 899803, 0
5.86359e+06, 1.73553e+06, 0
4.96771e+06, 2.11548e+06, 0
7.30866e+06, 2.30474e+06, 0
7.80937e+06, 2.1754e+06, 0
1.87429e+06, 955446, 0
5.9253e+06, 2.22442e+06, 0
2.03032e+06, 803496, 0
7.41642e+06, 3.48133e+06, 0
8.14128e+06, 3.25584e+06, 0
2.14095e+06, 329830, 0
5.71726e+06, 2.12548e+06, 0
8.28493e+06, 2.86878e+06, 0
5.81114e+06, 719396, 0
7.39934e+06, 3.38605e+06, 0
4.83057e+06, 606790, 0
1.17291e+07, 3.0887e+06, 0
5.16265e+06, 1.48825e+06, 0
6.42272e+06, 1.48424e+06, 0
1.0435e+07, 3.97344e+06, 0
9.20965e+06, 2.08282e+06, 0
6.42534e+06, 2.43108e+06, 0
4.17732e+06, 900991, 0
1.59127e+06, 743174, 0
5.32981e+06, 2.6786e+06, 0
5.61006e+06, 2.21662e+06, 0
7.53879e+06, 3.16335e+06, 0
2.59831e+06, 1.20484e+06, 0
5.85055e+06, 3.01281e+06, 0
4.46239e+06, 1.36102e+06, 0
2.7674e+06, 862842, 0
6.52823e+06, 3.07183e+06, 0
7.39188e+06, 2.20876e+06, 0
3.75752e+06, 705159, 0
3.38881e+06, 657799, 0
2.70355e+06, 1.18455e+06, 0
3.94638e+06, 1.97253e+06, 0
5.07664e+06, 1.82433e+06, 0
1.46118e+06, 177286, 0
4.30038e+06, 1.01895e+06, 0
3.62234e+06, 791782, 0
6.01543e+06, 1.72568e+06, 0
9.76187e+06, 3.70835e+06, 0
2.8092e+06, 504281, 0
5.18839e+06, 2.1391e+06, 0
1.37484e+07, 3.81959e+06, 0
4.5276e+06, 1.02387e+06, 0
9.93381e+06, 2.68342e+06, 0
7.58992e+06, 2.48884e+06, 0
5.69826e+06, 2.15028e+06, 0
4.26832e+06, 1.62786e+06, 0
7.00677e+06, 1.29777e+06, 0
7.52309e+06, 3.80174e+06, 0
8.81141e+06, 3.37937e+06, 0
4.95294e+06, 1.67298e+06, 0
6.66616e+06, 920428, 0
2.89342e+06, 1.45578e+06, 0
6.11083e+06, 2.79877e+06, 0
4.14677e+06, 1.73579e+06, 0
6.00177e+06, 2.80215e+06, 0
3.28674e+06, 1.40145e+06, 0
6.68166e+06, 1.78322e+06, 0
5.35723e+06, 2.41795e+06, 0
3.91553e+06, 1.08564e+06, 0
7.52415e+06, 3.80239e+06, 0
2.58011e+06, 936548, 0
1.17902e+07, 3.20476e+06, 0
4.28621e+06, 2.17819e+06, 0
7.52958e+06, 977484, 0
9.20803e+06, 4.68553e+06, 0
1.27728e+07, 1.43208e+06, 0
4.52253e+06, 2.17563e+06, 0
5.98269e+06, 2.79368e+06, 0
7.06296e+06, 3.4748e+06, 0
3.93375e+06, 1.90998e+06, 0
939324, 382447, 0
5.95041e+06, 2.07927e+06, 0
6.03356e+06, 723466, 0
3.20568e+06, 281524, 0
1.0445e+07, 2.95288e+06, 0
6.12419e+06, 3.02918e+06, 0
3.30978e+06, 901862, 0
1.06414e+07, 3.37363e+06, 0
5.57854e+06, 2.56695e+06, 0
9.55353e+06, 2.2505e+06, 0
5.53966e+06, 2.85108e+06, 0
1.20364e+07, 3.94079e+06, 0
4.80942e+06, 1.67746e+06, 0
9.29189e+06, 3.79583e+06, 0
5.49284e+06, 1.05766e+06, 0
3.88125e+06, 1.15339e+06, 0
2.14244e+06, 792162, 0
7.33154e+06, 2.91635e+06, 0
9.55081e+06, 1.66543e+06, 0
1.06425e+07, 2.97068e+06, 0
5.57517e+06, 2.541e+06, 0
5.65485e+06, 1.43782e+06, 0
7.26962e+06, 3.63837e+06, 0
2.55469e+06, 514063, 0
3.66563e+06, 1.68368e+06, 0
6.76766e+06, 3.45551e+06, 0
8.26882e+06, 3.87347e+06, 0
8.8134e+06, 1.7442e+06, 0
4.79611e+06, 1.94805e+06, 0
3.70817e+06, 1.07036e+06, 0
8.93912e+06, 2.86489e+06, 0
6.45358e+06, 2.97589e+06, 0
1.1387e+07, 3.9398e+06, 0
8.90322e+06, 2.25344e+06, 0
5.32223e+06, 1.72043e+06, 0
1.18996e+07, 5.66071e+06, 0
6.16869e+06, 2.55843e+06, 0
1.51592e+06, 128289, 0
5.60223e+06, 2.00675e+06, 0
7.88208e+06, 1.25956e+06, 0
1.48052e+06, 502908, 0
3.84476e+06, 1.14124e+06, 0
6.25653e+06, 313681, 0
8.32189e+06, 2.22719e+06, 0
9.96454e+06, 4.13893e+06, 0
4.83091e+06, 1.95374e+06, 0
4.65297e+06, 812551, 0
6.53752e+06, 2.82042e+06, 0
7.55959e+06, 3.78823e+06, 0
1.09128e+07, 4.96129e+06, 0
7.25274e+06, 1.13727e+06, 0
5.14882e+06, 2.54066e+06, 0
6.8229e+06, 3.37456e+06, 0
5.89898e+06, 1.68159e+06, 0
7.06375e+06, 1.28221e+06, 0
7.48419e+06, 2.42962e+06, 0
5.5513e+06, 2.46762e+06, 0
8.81099e+06, 4.47263e+06, 0
1.38284e+06, 121758, 0
9.93719e+06, 3.48509e+06, 0
2.33083e+06, 1.10138e+06, 0
4.72775e+06, 2.29338e+06, 0
1.05926e+07, 2.73384e+06, 0
4.27316e+06, 1.62441e+06, 0
5.63719e+06, 995162, 0
8.50467e+06, 921820, 0
2.91519e+06, 760579, 0
3.32118e+06, 537361, 0
5.3316e+06, 2.49854e+06, 0
6.88014e+06, 1.22725e+06, 0
8.28015e+06, 2.68763e+06, 0
6.38633e+06, 3.04024e+06, 0
5.40893e+06, 2.20525e+06, 0
3.0727e+06, 273966, 0
3.32266e+06, 520760, 0
5.80206e+06, 962891, 0
6.70968e+06, 2.51865e+06, 0
2.52141e+06, 650984, 0
6.51312e+06, 1.8798e+06, 0
8.54291e+06, 4.088e+06, 0
3.72767e+06, 853922, 0
5.49246e+06, 2.69795e+06, 0
5.95341e+06, 1.2898e+06, 0
6.80597e+06, 1.66297e+06, 0
5.66909e+06, 2.39844e+06, 0
8.15856e+06, 1.74048e+06, 0
3.5393e+06, 1.12089e+06, 0
7.02908e+06, 1.58448e+06, 0
4.18331e+06, 514651, 0
7.53749e+06, 3.65261e+06, 0
5.77068e+06, 2.56792e+06, 0
5.30122e+06, 1.85969e+06, 0
6.9411e+06, 3.01387e+06, 0
5.59705e+06, 2.74384e+06, 0
8.59235e+06, 2.07584e+06, 0
3.69644e+06, 884312, 0
6.31033e+06, 1.8099e+06, 0
2.76176e+06, 1.30816e+06, 0
7.41658e+06, 2.62836e+06, 0
5.76411e+06, 1.41163e+06, 0
1.11049e+07, 1.48322e+06, 0
5.65923e+06, 2.82846e+06, 0
9.44718e+06, 2.14174e+06, 0
7.3423e+06, 1.60724e+06, 0
7.20327e+06, 2.68714e+06, 0
3.07179e+06, 1.57584e+06, 0
6.52398e+06, 1.97103e+06, 0
8.72618e+06, 3.03815e+06, 0
7.39482e+06, 3.44144e+06, 0
1.19535e+07, 2.02675e+06, 0
4.70532e+06, 1.74843e+06, 0
5.32975e+06, 2.47611e+06, 0
9.73262e+06, 3.54862e+06, 0
4.45094e+06, 2.23132e+06, 0
7.30821e+06, 2.86505e+06, 0
6.71939e+06, 2.09834e+06, 0
8.44753e+06, 3.81962e+06, 0
6.19574e+06, 145605, 0
4.32576e+06, 1.81589e+06, 0
6.52294e+06, 1.89648e+06, 0
4.49864e+06, 1.03863e+06, 0
8.11483e+06, 2.71457e+06, 0
4.89576e+06, 1.62406e+06, 0
8.19448e+06, 3.80912e+06, 0
1.08659e+07, 4.77583e+06, 0
3.50452e+06, 610614, 0
6.97836e+06, 2.45872e+06, 0
4.5799e+06, 1.13663e+06, 0
5.05581e+06, 2.50766e+06, 0
7.15558e+06, 2.48842e+06, 0
6.24991e+06, 2.06123e+06, 0
7.85076e+06, 2.77085e+06, 0
8.40252e+06, 339944, 0
8.32744e+06, 548840, 0
2.98581e+06, 923784, 0
1.04859e+07, 2.12624e+06, 0
8.2558e+06, 3.31994e+06, 0
8.4383e+06, 3.05912e+06, 0
4.1128e+06, 1.13939e+06, 0
3.42813e+06, 1.2478e+06, 0
3.70166e+06, 1.11193e+06, 0
2.71285e+06, 763696, 0
5.71724e+06, 1.71154e+06, 0
1.24731e+07, 3.58707e+06, 0
8.84738e+06, 3.23421e+06, 0
5.31944e+06, 1.32617e+06, 0
8.39221e+06, 3.95177e+06, 0
3.20927e+06, 1.39713e+06, 0
4.06543e+06, 1.32914e+06, 0
8.07034e+06, 2.95683e+06, 0
5.53643e+06, 832585, 0
7.17905e+06, 3.45417e+06, 0
8.88506e+06, 3.44257e+06, 0
5.3644e+06, 576075, 0
1.18307e+07, 3.41878e+06, 0
7.36046e+06, 3.1385e+06, 0
6.14293e+06, 1.66737e+06, 0
7.06295e+06, 3.10723e+06, 0
7.32658e+06, 2.33304e+06, 0
1.00821e+07, 2.86352e+06, 0
7.26734e+06, 629819, 0
3.06856e+06, 1.35235e+06, 0
7.79057e+06, 3.95531e+06, 0
8.4868e+06, 2.71951e+06, 0
9.13717e+06, 2.79195e+06, 0
2.7314e+06, 1.04497e+06, 0
5.96849e+06, 1.16438e+06, 0
1.05872e+07, 3.94643e+06, 0
1.44186e+07, 3.86957e+06, 0
5.33843e+06, 2.46262e+06, 0
3.37731e+06, 965949, 0
5.7825e+06, 173918, 0
1.02567e+07, 3.13308e+06, 0
3.47514e+06, 1.64159e+06, 0
7.48606e+06, 2.90049e+06, 0
5.3924e+06, 1.39695e+06, 0
8.77754e+06, 1.0955e+06, 0
5.70365e+06, 1.75957e+06, 0
3.59238e+06, 857834, 0
6.61488e+06, 784890, 0
4.75775e+06, 1.44817e+06, 0
4.98672e+06, 2.35505e+06, 0
6.44756e+06, 923319, 0
3.17091e+06, 1.21311e+06, 0
1.04562e+07, 4.90182e+06, 0
4.71647e+06, 79939.5, 0
1.23922e+07, 4.06286e+06, 0
4.88196e+06, 1.14962e+06, 0
4.24957e+06, 1.636e+06, 0
7.9249e+06, 3.66811e+06, 0
5.9184e+06, 1.69984e+06, 0
1.21773e+07, 3.50203e+06, 0
1.12011e+07, 5.04916e+06, 0
2.67099e+06, 1.31304e+06, 0
2.65406e+06, 552734, 0
2.57785e+06, 1.29261e+06, 0
8.68166e+06, 4.44277e+06, 0
9.38732e+06, 4.23023e+06, 0
3.10116e+06, 622085, 0
5.78891e+06, 2.553e+06, 0
1.12597e+07, 5.59808e+06, 0
5.83529e+06, 1.64125e+06, 0
4.69073e+06, 1.56485e+06, 0
3.3737e+06, 1.45679e+06, 0
3.67623e+06, 1.88918e+06, 0
6.44866e+06, 1.95856e+06, 0
4.69767e+06, 2.29564e+06, 0
4.13031e+06, 1.61592e+06, 0
1.5391e+06, 581138, 0
9.06623e+06, 2.07338e+06, 0
5.03406e+06, 1.93692e+06, 0
7.46691e+06, 2.18051e+06, 0
3.96504e+06, 1.71783e+06, 0
9.45521e+06, 4.62517e+06, 0
4.59369e+06, 1.31653e+06, 0
7.62938e+06, 2.03148e+06, 0
3.13063e+06, 768091, 0
5.37652e+06, 2.18617e+06, 0
6.99511e+06, 2.87231e+06, 0
3.12479e+06, 1.33442e+06, 0
7.20933e+06, 1.87426e+06, 0
4.10779e+06, 1.0952e+06, 0
7.62702e+06, 3.40156e+06, 0
8.15923e+06, 2.42361e+06, 0
1.40672e+07, 5.75837e+06, 0
5.57491e+06, 1.52664e+06, 0
5.10814e+06, 1.84998e+06, 0
6.68537e+06, 3.35531e+06, 0
1.04312e+07, 4.18885e+06, 0
4.5142e+06, 1.91828e+06, 0
8.59892e+06, 1.82394e+06, 0
4.85778e+06, 767405, 0
2.73494e+06, 616549, 0
7.68115e+06, 3.27241e+06, 0
6.73019e+06, 2.09606e+06, 0
6.86185e+06, 602950, 0
7.43446e+06, 2.91741e+06, 0
4.60775e+06, 994963, 0
6.62589e+06, 1.99859e+06, 0
1.05861e+07, 4.4072e+06, 0
8.73054e+06, 3.44297e+06, 0
2.85237e+06, 869847, 0
8.57331e+06, 2.77287e+06, 0
8.01428e+06, 2.84125e+06, 0
5.19835e+06, 363982, 0
5.78729e+06, 1.95265e+06, 0
3.05215e+06, 207280, 0
5.88864e+06, 599740, 0
1.87969e+06, 593731, 0
5.67351e+06, 1.30015e+06, 0
5.10337e+06, 1.79063e+06, 0
7.02706e+06, 3.28951e+06, 0
6.13761e+06, 1.59521e+06, 0
3.44026e+06, 1.75449e+06, 0
1.69753e+06, 810318, 0
6.79486e+06, 498519, 0
5.88703e+06, 2.41187e+06, 0
9.92033e+06, 4.48359e+06, 0
1.20729e+07, 2.50726e+06, 0
4.59823e+06, 1.54606e+06, 0
1.02027e+07, 1.79872e+06, 0
4.37937e+06, 1.8753e+06, 0
4.54057e+06, 749495, 0
4.49689e+06, 2.12715e+06, 0
5.00166e+06, 1.63871e+06, 0
4.32886e+06, 1.82061e+06, 0
3.70683e+06, 1.90462e+06, 0
8.64969e+06, 1.02126e+06, 0
8.0564e+06, 3.19177e+06, 0
4.64501e+06, 2.22517e+06, 0
5.1662e+06, 2.30776e+06, 0
3.93529e+06, 834377, 0
6.06894e+06, 1.05733e+06, 0
7.59849e+06, 2.79532e+06, 0
6.82065e+06, 3.3314e+06, 0
6.82045e+06, 2.65187e+06, 0
3.07125e+06, 1.23484e+06, 0
7.20325e+06, 2.17275e+06, 0
4.98533e+06, 1.90724e+06, 0
1.13134e+07, 3.54267e+06, 0
8.64684e+06, 4.07967e+06, 0
4.10129e+06, 1.79079e+06, 0
7.65818e+06, 1.69092e+06, 0
4.82445e+06, 556557, 0
2.27411e+06, 595646, 0
4.45144e+06, 2.23708e+06, 0
5.29581e+06, 984730, 0
3.93302e+06, 1.285e+06, 0
8.57251e+06, 3.16949e+06, 0
1.46222e+06, 133219, 0
2.50044e+06, 1.18312e+06, 0
5.69536e+06, 2.49642e+06, 0
6.19366e+06, 3.13109e+06, 0
8.21587e+06, 355307, 0
4.14404e+06, 2.04013e+06, 0
6.84527e+06, 3.27033e+06, 0
6.88847e+06, 340287, 0
5.77143e+06, 1.67799e+06, 0
2.38709e+06, 639282, 0
6.19752e+06, 1.81178e+06, 0
6.9463e+06, 1.77275e+06, 0
5.35633e+06, 2.73558e+06, 0
9.9179e+06, 4.26656e+06, 0
7.4781e+06, 1.90448e+06, 0
7.90429e+06, 3.78897e+06, 0
6.72276e+06, 697238, 0
6.69749e+06, 1.78205e+06, 0
1.00386e+07, 4.96744e+06, 0
8.81917e+06, 4.38081e+06, 0
7.24763e+06, 3.63928e+06, 0
2.71493e+06, 1.05912e+06, 0
6.44501e+06, 2.93528e+06, 0
6.9772e+06, 1.33775e+06, 0
3.94626e+06, 975566, 0
1.06908e+07, 4.73699e+06, 0
6.20268e+06, 620171, 0
4.97022e+06, 897397, 0
1.10198e+07, 1.20801e+06, 0
3.936e+06, 2.01313e+06, 0
5.0172e+06, 2.57442e+06, 0
5.98534e+06, 1.56549e+06, 0
3.53983e+06, 647692, 0
4.12263e+06, 622822, 0
6.52563e+06, 3.12216e+06, 0
7.27715e+06, 662021, 0
6.67478e+06, 990429, 0
4.75882e+06, 1.96984e+06, 0
1.00668e+07, 2.03972e+06, 0
3.82544e+06, 1.47746e+06, 0
5.52582e+06, 1.86954e+06, 0
7.95068e+06, 2.84976e+06, 0
4.76626e+06, 770121, 0
8.61926e+06, 4.13731e+06, 0
4.1285e+06, 1.98377e+06, 0
9.65028e+06, 3.02729e+06, 0
6.94259e+06, 1.70852e+06, 0
8.91537e+06, 3.66554e+06, 0
5.77034e+06, 1.50568e+06, 0
3.50665e+06, 964966, 0
3.14741e+06, 492927, 0
8.29492e+06, 3.37631e+06, 0
8.24505e+06, 2.1357e+06, 0
1.01254e+07, 1.4445e+06, 0
9.59081e+06, 1.95915e+06, 0
6.19223e+06, 2.30653e+06, 0
3.68698e+06, 808702, 0
4.76601e+06, 2.31939e+06, 0
4.02453e+06, 594737, 0
9.20523e+06, 4.26833e+06, 0
5.17349e+06, 1.26895e+06, 0
2.65883e+06, 819610, 0
8.26657e+06, 2.00669e+06, 0
3.66601e+06, 1.33898e+06, 0
2.68649e+06, 131188, 0
3.63264e+06, 1.71624e+06, 0
5.54124e+06, 2.21585e+06, 0
1.86544e+06, 473963, 0
6.63858e+06, 779627, 0
3.96521e+06, 1.34024e+06, 0
5.2064e+06, 2.65318e+06, 0
9.04121e+06, 1.13517e+06, 0
1.44782e+07, 4.03131e+06, 0
1.95444e+06, 156472, 0
1.36785e+07, 5.25186e+06, 0
3.97662e+06, 262001, 0
5.35954e+06, 2.15006e+06, 0
2.31936e+06, 905463, 0
3.37795e+06, 1.44882e+06, 0
2.34056e+06, 605714, 0
