165726, 100574, 0
105877, 60092.1, 0
92900, 64703.7, 0
183422, 104348, 0
179153, 60770.7, 0
260898, 99742.6, 0
285070, 185208, 0
134534, 95295.1, 0
104647, 53566, 0
204866, 109546, 0
252814, 77481.7, 0
174218, 74236.3, 0
404314, 109785, 0
215532, 92548.3, 0
117926, 30893.5, 0
93562.4, 52657.4, 0
283542, 50256.5, 0
313968, 171047, 0
127865, 55579.2, 0
169074, 95961.6, 0
300876, 79446.1, 0
130232, 73261.2, 0
122714, 47305.9, 0
254758, 47514.7, 0
158336, 40451.1, 0
267865, 147803, 0
271959, 152707, 0
92653.3, 37170.3, 0
296725, 195373, 0
40683.4, 27098.2, 0
410677, 111113, 0
41148.3, 11870.5, 0
217252, 131710, 0
208502, 104146, 0
143863, 54978.6, 0
60214.7, 42956.8, 0
208475, 108369, 0
103205, 32022.9, 0
213802, 128227, 0
149327, 66128.7, 0
125825, 10891.9, 0
194521, 100168, 0
266462, 118304, 0
100030, 46457.6, 0
258223, 175195, 0
136392, 30073.6, 0
179415, 116896, 0
161859, 52427.6, 0
186753, 109040, 0
251756, 40657.5, 0
231902, 162130, 0
240777, 64932.1, 0
153557, 90095.6, 0
191010, 75247.7, 0
224082, 135697, 0
163297, 115641, 0
141660, 46608.6, 0
284863, 162499, 0
172362, 31252.6, 0
202090, 123773, 0
197695, 59843.7, 0
168399, 62577.5, 0
333205, 126355, 0
148496, 54529.5, 0
139937, 65997.5, 0
70511.1, 50313.5, 0
182847, 86435.5, 0
154168, 82661.1, 0
332005, 226973, 0
296324, 203599, 0
280031, 29311.8, 0
340256, 115431, 0
268722, 98637.6, 0
261091, 122219, 0
115399, 72937.3, 0
207364, 60400.9, 0
224436, 57134.9, 0
323466, 47416.7, 0
219213, 31478.9, 0
181230, 127929, 0
290983, 130463, 0
184256, 42897.4, 0
272532, 86237.7, 0
213773, 86537.5, 0
171007, 96505.6, 0
135930, 67318.3, 0
78941.5, 56831.7, 0
397805, 229348, 0
191140, 45076.3, 0
341211, 225504, 0
141984, 8714.96, 0
374935, 163040, 0
200559, 96215.3, 0
241787, 55201.2, 0
222546, 64921.6, 0
243218, 174221, 0
122178, 75298, 0
122025, 38769.8, 0
95903.6, 29616.8, 0
186018, 132035, 0
444125, 116952, 0
389083, 179886, 0
183822, 113003, 0
160227, 39162.9, 0
321248, 205350, 0
246274, 61101.4, 0
202762, 93871.5, 0
211358, 64225.5, 0
118573, 79859.5, 0
276933, 107542, 0
247965, 66789.6, 0
189594, 118182, 0
276410, 78057.6, 0
154979, 24852.8, 0
299236, 185317, 0
322500, 161540, 0
242685, 73541.7, 0
441227, 129230, 0
361061, 58077.7, 0
186990, 92098.1, 0
252983, 53402.9, 0
262608, 41549.8, 0
149749, 59543.1, 0
243066, 165942, 0
141175, 78147.8, 0
129729, 66153.6, 0
242993, 59544.2, 0
113053, 29113, 0
112505, 49609.5, 0
324564, 126210, 0
245466, 144430, 0
266780, 127329, 0
226870, 119143, 0
210426, 132914, 0
270223, 73467.8, 0
325702, 183159, 0
108614, 69713.6, 0
181787, 83272.6, 0
387413, 61760.6, 0
423256, 132982, 0
354050, 198361, 0
174696, 110652, 0
96938.5, 30058.9, 0
200328, 52956.2, 0
297924, 197864, 0
101557, 35398, 0
207945, 53373.6, 0
302348, 180957, 0
340588, 151660, 0
352139, 100562, 0
187523, 46398.5, 0
175601, 95084.6, 0
110072, 37284.3, 0
227460, 36904.1, 0
253886, 63214.7, 0
66838.4, 33603.4, 0
324548, 130679, 0
260066, 76954.6, 0
311351, 217391, 0
223239, 107646, 0
111214, 48419, 0
240072, 131443, 0
208158, 148470, 0
42161.3, 24790.6, 0
114293, 71590.8, 0
250756, 92159.5, 0
105727, 50071, 0
133185, 11571.9, 0
206070, 137157, 0
58306.5, 20862.7, 0
133424, 57009.5, 0
100936, 31144.9, 0
219922, 100915, 0
299282, 122251, 0
184751, 123031, 0
106028, 28613.7, 0
149460, 40530.9, 0
153740, 76730.2, 0
150527, 81238.3, 0
165166, 115707, 0
249661, 74828.1, 0
223359, 74391.3, 0
169982, 121879, 0
251399, 140754, 0
243788, 75525.5, 0
216218, 21805.4, 0
107361, 61872.9, 0
246026, 109853, 0
202352, 130044, 0
115940, 32972.6, 0
200397, 50184.2, 0
194815, 108485, 0
266599, 59172.3, 0
154259, 64950.2, 0
186115, 128681, 0
191890, 114766, 0
260835, 42689.3, 0
127564, 62161.7, 0
210271, 124087, 0
362668, 180047, 0
147622, 47023.9, 0
150392, 98451.8, 0
240655, 152901, 0
140496, 61067, 0
212326, 79892.1, 0
215896, 113453, 0
45365.5, 25501.1, 0
124070, 81729.6, 0
98053.9, 64838, 0
151664, 43334.8, 0
159483, 100822, 0
111771, 38427, 0
168988, 61079.3, 0
239984, 91127.5, 0
178588, 68309.6, 0
330334, 194131, 0
246275, 132188, 0
146990, 77977.7, 0
281753, 93531.7, 0
270777, 104823, 0
230873, 27897.8, 0
114616, 37303.9, 0
189743, 80206.3, 0
108786, 12997.7, 0
116931, 79113, 0
183818, 122864, 0
349404, 61952.4, 0
194482, 36812.1, 0
145844, 54799.9, 0
299102, 115690, 0
209197, 145822, 0
176202, 56398.9, 0
323251, 64131, 0
231631, 27750.9, 0
116561, 29089.2, 0
304781, 79211.5, 0
102808, 46469.3, 0
278614, 150970, 0
197818, 129126, 0
132576, 65029.2, 0
196339, 62875.5, 0
78130.9, 40701.4, 0
141293, 90574, 0
279584, 27523.2, 0
60352.4, 27035.6, 0
110624, 60812.3, 0
57425.6, 39191.2, 0
154110, 85723.8, 0
222381, 24918.2, 0
409691, 202533, 0
116153, 57177.5, 0
94007.1, 41372.9, 0
215220, 66445.9, 0
165035, 104733, 0
273833, 147744, 0
247619, 97004.5, 0
163965, 48378.6, 0
257807, 144803, 0
418035, 66294.7, 0
242037, 168385, 0
232322, 107342, 0
167446, 15894.6, 0
344943, 152378, 0
238929, 145461, 0
348843, 130543, 0
194394, 67043.2, 0
170022, 70392.2, 0
94193.8, 52861.7, 0
240230, 74856.2, 0
401813, 128257, 0
249619, 87301.3, 0
208820, 136457, 0
299318, 90745.4, 0
230119, 124383, 0
344317, 61669.6, 0
224084, 105080, 0
395560, 250961, 0
104821, 17947.2, 0
213315, 119840, 0
263536, 77649.5, 0
147843, 87114.4, 0
128858, 59860.1, 0
207999, 141206, 0
242090, 85476.5, 0
198710, 76631, 0
185652, 29896.8, 0
167242, 72660.7, 0
95792.1, 33829.4, 0
149343, 86356.5, 0
280107, 119792, 0
189375, 89004.2, 0
264724, 46178.9, 0
58978.3, 24818, 0
116575, 82572, 0
333437, 97308.6, 0
171431, 29976.8, 0
140889, 82942.3, 0
218303, 62566.2, 0
203188, 40719.9, 0
61480.1, 33236.3, 0
279775, 60112.3, 0
126612, 73966.5, 0
256664, 12152, 0
116332, 28147.3, 0
338968, 176373, 0
325055, 185107, 0
232509, 135223, 0
241815, 111978, 0
310080, 201853, 0
83055.4, 19126.9, 0
238706, 127268, 0
129614, 51583, 0
267916, 117139, 0
212717, 79498.5, 0
242597, 99517, 0
105867, 28386.7, 0
299893, 191942, 0
148637, 36115.9, 0
182143, 65662.9, 0
315459, 215397, 0
53648.6, 36788.5, 0
119457, 41908.2, 0
293973, 145619, 0
47681.3, 16069.2, 0
157152, 103859, 0
51255.1, 35535, 0
122281, 83680.6, 0
298410, 149215, 0
326822, 160955, 0
254658, 170258, 0
312334, 86052.1, 0
169909, 95246.4, 0
316288, 106549, 0
258785, 13328.4, 0
183167, 104945, 0
199750, 89134, 0
175187, 121748, 0
227496, 118084, 0
188190, 71711.1, 0
133619, 53553.2, 0
236519, 131161, 0
147140, 66458.8, 0
190145, 10890.5, 0
341780, 50521.8, 0
169116, 68728.5, 0
196369, 88708.3, 0
517613, 272016, 0
361452, 63727.7, 0
49764, 21419.1, 0
277426, 174475, 0
130099, 81072, 0
287175, 187576, 0
125788, 66373.9, 0
199576, 118062, 0
189042, 114075, 0
271313, 159350, 0
335158, 153943, 0
258583, 171247, 0
202524, 85786.7, 0
177039, 91890.4, 0
168524, 45595.3, 0
130075, 59526.1, 0
349985, 91895.6, 0
236923, 52862.4, 0
267416, 154128, 0
180844, 76158.4, 0
258728, 157146, 0
88047.4, 28358.9, 0
105728, 71955.4, 0
182105, 128744, 0
224557, 112620, 0
121880, 69428.6, 0
414923, 205544, 0
241753, 118031, 0
167651, 37739.9, 0
116250, 75453, 0
51001.9, 16322.8, 0
332443, 180601, 0
92864.3, 11499.7, 0
102508, 57534.7, 0
136613, 56662.5, 0
372806, 68479, 0
261047, 106335, 0
130403, 61571.8, 0
128953, 91766.9, 0
412840, 224232, 0
298998, 79040.1, 0
250678, 137103, 0
323704, 210741, 0
102666, 52960.4, 0
80475.5, 10766.6, 0
198245, 109766, 0
232706, 93094.9, 0
214439, 140320, 0
158723, 83432.7, 0
231985, 59405.2, 0
166149, 118902, 0
109140, 47549.5, 0
89220.8, 51059.8, 0
182234, 35925.9, 0
238015, 145913, 0
219304, 148735, 0
126906, 76988.2, 0
148184, 31111.1, 0
222983, 144469, 0
284755, 154214, 0
193444, 133517, 0
203935, 88382, 0
194728, 114143, 0
329596, 213579, 0
167441, 109068, 0
226040, 74001.1, 0
390304, 264536, 0
165293, 77639.2, 0
216178, 78750.6, 0
116730, 71316.1, 0
188260, 93992.7, 0
98795.7, 62879.4, 0
200274, 138179, 0
270524, 176364, 0
193709, 7923.74, 0
159941, 75212.6, 0
198667, 101492, 0
233678, 44244.9, 0
182348, 70855.6, 0
251305, 74327.2, 0
344912, 127892, 0
315082, 214559, 0
82837, 31059.1, 0
192090, 89953.6, 0
205360, 146152, 0
181852, 70464.6, 0
207390, 92573.8, 0
265119, 169276, 0
141927, 14458.8, 0
53780.5, 14276.3, 0
260018, 34646.8, 0
164523, 24644.4, 0
155538, 95585.6, 0
286732, 153285, 0
35380.1, 23410.2, 0
162959, 98765, 0
267413, 67232.3, 0
64270.9, 44197.1, 0
57569.3, 29487.5, 0
184943, 45254.2, 0
210409, 148886, 0
241177, 110098, 0
290066, 135257, 0
158028, 15256.4, 0
169692, 11238.2, 0
176543, 68711.8, 0
164582, 79326.3, 0
352799, 134571, 0
177373, 42073.8, 0
115816, 31162.4, 0
114468, 64819, 0
113571, 34643.9, 0
189934, 86789.6, 0
263453, 120115, 0
111460, 39459.8, 0
201851, 114954, 0
168227, 111892, 0
139745, 29079.8, 0
158000, 36240.5, 0
331106, 74775.6, 0
143724, 33320.9, 0
88040.2, 44965.4, 0
224940, 72578.6, 0
228960, 64663.1, 0
251766, 71257.9, 0
154085, 79693.6, 0
258968, 123082, 0
222749, 127696, 0
126816, 40549.6, 0
76105.5, 52210.9, 0
245354, 112003, 0
84733.8, 58596.4, 0
282361, 31717.7, 0
322145, 24660.9, 0
254401, 150030, 0
218336, 105895, 0
181584, 56420.8, 0
144818, 44429, 0
312914, 192733, 0
168176, 114374, 0
403881, 206837, 0
355193, 235411, 0
137983, 72510.6, 0
239507, 72390.2, 0
187854, 53939.3, 0
254350, 126435, 0
195818, 131732, 0
258960, 153018, 0
60012.1, 1812.44, 0
279178, 195362, 0
185723, 97631.1, 0
305706, 155204, 0
108055, 19672.4, 0
113464, 80247.3, 0
145002, 41251, 0
120182, 21874, 0
168151, 36204.9, 0
165686, 7224.04, 0
204497, 33650, 0
103597, 30691.4, 0
272464, 79119.4, 0
374846, 149826, 0
388384, 101950, 0
221343, 147487, 0
303565, 160414, 0
139044, 87535.8, 0
71752.2, 45618.8, 0
262884, 89996.9, 0
175237, 66659.1, 0
154249, 92592.9, 0
162329, 70044.2, 0
248656, 94401.4, 0
250687, 33357.5, 0
122559, 75437.6, 0
188039, 111534, 0
110435, 71922.3, 0
233400, 53906, 0
168376, 117983, 0
319555, 83055.4, 0
293165, 139472, 0
144941, 99575.6, 0
487292, 224191, 0
189133, 113116, 0
115141, 69384.2, 0
337601, 134298, 0
100108, 70106.7, 0
189169, 129424, 0
299741, 156159, 0
290767, 153416, 0
158903, 66265.6, 0
297678, 202934, 0
183929, 122661, 0
71380.1, 20494.1, 0
96177.7, 36245, 0
162678, 115219, 0
145944, 93954.8, 0
120198, 39523.8, 0
295336, 206969, 0
264548, 188921, 0
239231, 118909, 0
198172, 38273.1, 0
213899, 131314, 0
74230.4, 8836.46, 0
418789, 187072, 0
85877.9, 52761.1, 0
96736, 32062.5, 0
231542, 154328, 0
189704, 78324.5, 0
178886, 97114.9, 0
94677.8, 23345.9, 0
187648, 34894.2, 0
125481, 79215.6, 0
198412, 94192.3, 0
201939, 119765, 0
265785, 151989, 0
58539.4, 29403.7, 0
183888, 126686, 0
209446, 74967.3, 0
291710, 153731, 0
190920, 105370, 0
250382, 115090, 0
303163, 147987, 0
256273, 143300, 0
306158, 195247, 0
228233, 36687.4, 0
266372, 28677.9, 0
393742, 225637, 0
157920, 77727.8, 0
389420, 153633, 0
217857, 126551, 0
158231, 90844.4, 0
322960, 82791.6, 0
267624, 190441, 0
397328, 53978.8, 0
324774, 128375, 0
224276, 129199, 0
287921, 142257, 0
374299, 231217, 0
285247, 116518, 0
166446, 94321.6, 0
216246, 32165.6, 0
154146, 106315, 0
238620, 115687, 0
271775, 75894.2, 0
165802, 56495.4, 0
117782, 70618.2, 0
67791.7, 32250.9, 0
135703, 69896.8, 0
138394, 99255.3, 0
219443, 75108.3, 0
71017.9, 28088.5, 0
302390, 34992.3, 0
95815.6, 18752.9, 0
69759.2, 19297.3, 0
221231, 72895.3, 0
385414, 61236.3, 0
79912.5, 10804.7, 0
200384, 54867.3, 0
194970, 61603.8, 0
150976, 98364.5, 0
342149, 139197, 0
121084, 37805.8, 0
224521, 133048, 0
84920.3, 40199.3, 0
160387, 67973.4, 0
236388, 155913, 0
79079.1, 26742.2, 0
255553, 52548.2, 0
119964, 24236.8, 0
312467, 90340.4, 0
393501, 133718, 0
146445, 44893.4, 0
356022, 123137, 0
232736, 104308, 0
165024, 93285.6, 0
290142, 97178.3, 0
107185, 4835.02, 0
209756, 48380.8, 0
298470, 52873.7, 0
255269, 83631.6, 0
94438.7, 30972.7, 0
189233, 77780.3, 0
102245, 47519.1, 0
94062, 20834.7, 0
149724, 81278.2, 0
215469, 140958, 0
146780, 45765.7, 0
202136, 88647.1, 0
357821, 31430.5, 0
183115, 121374, 0
166162, 39566.9, 0
117835, 70148.1, 0
216221, 145764, 0
163258, 50272.9, 0
235747, 59629.9, 0
407466, 85603.7, 0
21185.2, 12621.9, 0
56650.4, 10331.5, 0
175268, 113490, 0
274441, 162687, 0
176624, 74174.9, 0
84091.1, 34441.6, 0
225005, 34665.2, 0
331006, 80374.6, 0
185102, 11565.4, 0
132860, 35781.2, 0
242632, 15320.4, 0
156304, 93527.1, 0
182749, 113899, 0
126056, 64445.5, 0
77881, 55520.4, 0
133633, 32961.5, 0
185534, 56250.3, 0
174306, 115068, 0
163624, 95945.1, 0
223691, 160352, 0
55178, 28578.5, 0
135397, 88521.5, 0
230604, 162416, 0
195166, 87854.6, 0
70487, 41802.9, 0
270189, 35060.7, 0
232799, 49780.5, 0
412403, 120591, 0
342726, 180250, 0
238628, 97331.3, 0
237884, 46893, 0
407746, 97826.4, 0
223035, 126071, 0
271248, 145315, 0
271184, 134048, 0
205698, 145838, 0
245765, 104734, 0
297450, 46214, 0
249773, 99538.3, 0
158990, 9439.57, 0
386526, 105638, 0
116572, 23634.5, 0
138219, 99391.1, 0
242894, 159338, 0
184743, 56820.3, 0
228079, 29127.7, 0
158667, 95951.7, 0
131384, 86735.9, 0
149206, 67264.8, 0
149614, 86835.7, 0
250191, 98333.3, 0
306593, 149677, 0
130972, 33575.1, 0
225271, 58084.9, 0
178087, 97784.4, 0
159276, 61927.9, 0
67354, 46630, 0
272874, 158366, 0
178661, 91974.9, 0
206660, 97477.3, 0
134050, 81705.8, 0
98030.2, 21082.5, 0
155009, 97828, 0
332732, 94603.2, 0
195293, 81960.1, 0
274507, 25982.1, 0
448313, 118127, 0
138126, 44171.4, 0
172222, 115063, 0
232360, 132083, 0
239187, 90902.8, 0
65969.6, 43116.9, 0
109922, 72992.9, 0
144062, 96738.4, 0
212137, 104855, 0
333112, 196012, 0
156662, 97337.5, 0
368379, 64213.8, 0
228057, 26640, 0
230328, 145717, 0
222802, 157258, 0
139906, 91356.7, 0
149345, 16211.2, 0
235942, 49222, 0
175061, 93013.5, 0
267371, 175325, 0
255863, 92762.5, 0
302698, 107244, 0
162184, 65920.4, 0
218713, 123545, 0
204762, 113770, 0
228655, 34844.8, 0
178975, 88986.8, 0
235480, 137373, 0
84324.5, 22155.6, 0
179863, 71981.6, 0
89422.9, 47695, 0
35924.6, 16355.3, 0
165602, 22481.4, 0
234063, 112776, 0
150090, 50843.1, 0
189164, 119556, 0
191449, 137173, 0
393883, 139887, 0
132302, 55136.3, 0
143211, 90560.4, 0
150113, 80490.9, 0
313151, 216864, 0
112918, 41298.9, 0
157549, 67632, 0
89027.2, 48598.3, 0
135608, 82682.6, 0
174752, 51777.7, 0
212781, 35529, 0
105001, 28558.1, 0
245063, 128686, 0
138046, 49719.2, 0
66605.8, 37705.5, 0
283202, 162576, 0
100841, 38465.8, 0
91359.8, 55116, 0
226693, 35212.8, 0
129629, 63525.3, 0
99998.7, 12314.3, 0
200661, 43388, 0
53728, 30568.3, 0
162925, 107243, 0
212563, 61558, 0
266167, 102763, 0
336326, 209516, 0
302173, 147365, 0
207960, 133966, 0
258541, 184678, 0
240811, 89865.6, 0
286726, 113332, 0
90863.7, 27836.3, 0
218673, 87280.1, 0
48855.2, 15733.3, 0
107901, 71553.1, 0
521457, 132905, 0
137087, 80259.5, 0
221626, 91406.7, 0
127473, 90238.4, 0
234768, 92618.8, 0
162720, 96695.1, 0
278927, 29471.9, 0
190553, 98466.3, 0
185190, 16825.2, 0
177480, 97735.2, 0
147100, 98509.8, 0
237520, 49679.8, 0
252168, 154384, 0
252755, 153945, 0
174042, 95763.1, 0
234492, 82052.8, 0
206231, 94691.2, 0
135974, 42763.5, 0
139385, 58565.3, 0
268217, 175123, 0
268467, 164985, 0
209881, 55850.9, 0
189984, 111636, 0
408481, 191831, 0
272808, 106415, 0
316852, 185046, 0
260739, 63310.8, 0
94651, 59347.9, 0
277076, 56334.7, 0
148992, 44809.9, 0
97072.3, 63130.2, 0
215544, 142057, 0
242157, 48435.4, 0
193044, 28889.3, 0
139374, 40879.1, 0
325966, 190984, 0
236061, 136675, 0
222743, 151684, 0
320293, 220140, 0
139074, 53802.5, 0
90251.7, 54822.4, 0
142483, 53646.2, 0
230114, 105302, 0
265856, 52275.7, 0
334517, 196341, 0
110734, 67689.4, 0
205222, 53260.2, 0
174360, 96441.2, 0
368838, 111518, 0
357188, 45228.2, 0
55782.3, 39795.7, 0
295714, 152579, 0
283913, 134465, 0
172840, 8299.48, 0
273943, 183824, 0
132444, 67057.3, 0
176437, 85147.9, 0
337097, 35312.8, 0
168367, 60137, 0
113000, 34279.8, 0
115548, 52067.8, 0
204239, 125336, 0
208644, 34424.9, 0
369651, 42534.5, 0
254762, 56212.1, 0
128839, 72364.7, 0
254038, 162110, 0
297551, 44952.8, 0
55179, 16796.3, 0
368402, 96104.1, 0
320021, 83983.9, 0
223828, 140299, 0
201696, 39617.7, 0
146546, 104272, 0
145357, 39848.8, 0
366635, 40409.1, 0
137433, 82269, 0
180312, 97446.3, 0
123178, 78586.2, 0
154686, 46295.4, 0
129393, 84837.6, 0
84335.8, 55656.8, 0
100474, 68924.4, 0
158767, 111826, 0
413840, 220228, 0
93980.5, 42566.8, 0
206361, 40537.7, 0
140080, 92232.4, 0
232308, 73012.7, 0
121799, 26364.7, 0
335552, 151405, 0
328930, 165501, 0
250875, 125897, 0
159076, 59827.1, 0
198536, 139137, 0
80870.2, 39904.7, 0
171090, 53227.4, 0
184260, 89469.9, 0
154475, 60337.1, 0
260471, 132258, 0
112016, 40190.1, 0
126429, 62218.7, 0
320883, 180937, 0
73725.1, 22635, 0
80643.7, 51316.3, 0
170605, 77801.7, 0
65961.1, 45027.6, 0
79416.7, 43696.8, 0
102383, 64013.5, 0
335150, 106307, 0
163147, 34653.4, 0
219688, 6255.55, 0
177983, 100706, 0
71033, 46332.5, 0
316779, 22120.9, 0
217751, 142180, 0
289878, 80392.7, 0
254138, 99015.2, 0
183531, 94986, 0
249784, 108425, 0
156974, 35251.4, 0
286670, 50957.9, 0
204323, 110727, 0
148464, 32340.2, 0
229888, 153979, 0
206926, 140977, 0
127526, 23545.2, 0
159325, 39827.8, 0
222757, 93531.2, 0
118016, 36740.3, 0
131495, 70766.2, 0
191725, 114776, 0
246922, 52959.7, 0
112654, 56519.1, 0
406838, 269292, 0
205880, 76951.2, 0
427376, 73760.5, 0
157281, 61986.9, 0
68687.3, 16468.8, 0
169715, 57312.7, 0
161540, 47703.3, 0
130562, 86144.7, 0
268032, 86802.5, 0
250019, 93872.7, 0
317875, 70997.2, 0
150133, 12331.9, 0
225841, 115390, 0
200479, 93519.5, 0
247082, 106860, 0
235633, 59882.7, 0
192530, 110539, 0
240619, 46179.7, 0
424450, 111075, 0
216383, 91620.2, 0
160891, 50882.1, 0
119792, 50682.1, 0
363725, 37084.4, 0
232303, 129087, 0
328771, 201888, 0
349988, 149305, 0
461816, 134837, 0
140446, 82933.8, 0
170794, 61569.8, 0
241983, 133247, 0
381260, 183468, 0
313706, 62763.8, 0
318863, 172866, 0
131883, 63678.3, 0
228217, 135312, 0
191798, 99604.1, 0
135134, 94391.9, 0
101217, 48904.1, 0
391141, 124138, 0
302774, 165577, 0
120797, 85334.5, 0
259278, 40842, 0
170783, 50953.6, 0
129644, 31561.3, 0
308973, 186786, 0
152197, 61055.6, 0
91789.8, 50762.3, 0
234415, 66276.4, 0
265992, 164284, 0
151728, 47689.8, 0
165291, 68675.1, 0
229029, 105047, 0
110367, 59375.7, 0
185337, 73860.6, 0
211802, 133862, 0
380175, 118275, 0
231765, 127296, 0
233344, 89661.3, 0
408248, 173532, 0
59958.5, 40272.4, 0
239282, 66705, 0
365295, 171971, 0
71736.4, 33524.6, 0
226993, 70506.1, 0
229049, 62530.7, 0
380108, 250149, 0
324141, 178623, 0
223796, 138874, 0
104232, 62744.7, 0
53908.3, 24405.6, 0
126666, 68846, 0
83454.7, 27498.3, 0
354874, 216429, 0
78410.5, 38460.4, 0
99731.2, 40962.8, 0
327888, 122874, 0
79044.4, 24087.8, 0
306693, 98477.3, 0
223324, 103737, 0
229069, 73990.6, 0
40049.2, 11423.6, 0
227698, 32618.4, 0
75556.8, 21736.7, 0
217683, 40592, 0
195742, 59905, 0
148458, 85939.4, 0
213986, 127045, 0
140812, 68500, 0
242910, 160306, 0
189510, 117411, 0
314122, 69860.7, 0
117239, 35903.5, 0
16922.7, 11121.3, 0
96844.3, 29673.5, 0
75514.8, 19882, 0
107543, 51360.9, 0
132146, 92965.6, 0
96714.5, 54979.9, 0
123081, 60722.1, 0
337470, 123699, 0
240943, 29766.8, 0
363982, 161299, 0
181804, 112520, 0
91568.8, 40336.4, 0
208550, 79705.7, 0
128601, 51367.3, 0
338006, 122361, 0
427929, 69631.2, 0
44994.2, 13008.8, 0
39844.3, 24885.1, 0
169468, 70598.5, 0
51259.5, 18268.4, 0
168693, 109360, 0
96144.3, 63398.9, 0
160733, 62285.9, 0
257104, 108273, 0
64006.6, 29985.4, 0
329438, 203450, 0
172120, 110569, 0
121016, 50756.4, 0
174916, 48907.3, 0
184035, 92608.3, 0
253260, 176505, 0
300586, 210370, 0
331829, 164572, 0
215041, 100999, 0
420519, 176538, 0
168878, 69755.4, 0
300292, 159818, 0
216374, 101389, 0
222766, 158542, 0
117590, 70987.9, 0
133097, 41412.2, 0
236188, 45741.1, 0
220580, 123665, 0
193349, 114220, 0
152767, 87591.2, 0
273299, 84178, 0
380060, 160402, 0
226676, 95972.2, 0
381746, 98177.3, 0
331292, 175930, 0
295575, 180758, 0
400833, 129945, 0
115653, 75268.4, 0
49385.2, 29537, 0
217069, 127890, 0
240943, 95176.5, 0
106186, 56418.3, 0
123690, 50240, 0
213200, 96063.8, 0
179864, 114934, 0
102156, 41435.6, 0
229354, 85299.6, 0
204015, 119488, 0
255396, 153960, 0
212241, 123245, 0
212947, 111999, 0
190029, 100256, 0
341696, 142512, 0
138138, 78235.3, 0
131254, 76958, 0
85349.7, 18566.3, 0
362335, 71309.4, 0
128854, 67280.5, 0
181352, 38072.9, 0
83919.4, 2618.74, 0
244203, 140306, 0
125911, 26777.7, 0
230893, 126274, 0
268703, 49166.3, 0
156901, 110202, 0
279111, 120450, 0
247438, 68806.6, 0
128795, 55435.2, 0
215556, 117575, 0
83226.1, 31301.6, 0
341850, 192504, 0
232012, 68414.3, 0
106195, 37660.8, 0
213215, 50757.8, 0
113758, 69977, 0
154427, 101234, 0
266792, 106719, 0
162165, 113284, 0
74989.6, 38259.5, 0
85757.6, 50344.6, 0
256372, 133751, 0
251882, 170959, 0
166779, 96671.1, 0
354125, 23970.6, 0
272196, 86761.4, 0
200490, 47931.9, 0
290513, 73745.1, 0
378428, 233995, 0
311319, 126814, 0
201431, 134513, 0
90659.7, 49885.1, 0
166778, 87605.4, 0
54822.1, 22661.1, 0
208847, 74101, 0
162541, 113878, 0
123252, 71177.4, 0
101147, 60346.2, 0
457490, 281597, 0
240347, 148504, 0
67268.9, 16289.8, 0
269849, 188237, 0
125807, 40312.4, 0
209616, 14139.5, 0
126293, 28031.3, 0
309737, 75765.6, 0
223371, 72274.9, 0
260283, 67610, 0
131525, 69068.5, 0
163785, 84205, 0
277178, 135351, 0
267426, 50874.7, 0
194433, 99282.2, 0
143273, 48918.7, 0
218011, 156903, 0
190086, 122362, 0
385259, 224905, 0
314965, 66247.1, 0
330936, 95633.1, 0
150024, 52860.7, 0
341528, 114040, 0
171525, 63118.1, 0
235685, 81166.3, 0
176458, 111093, 0
151714, 77013, 0
389167, 165194, 0
282493, 129838, 0
241021, 157247, 0
104589, 47791.8, 0
289675, 78827.8, 0
132968, 17937.1, 0
244885, 76809.4, 0
210486, 77709.3, 0
321478, 147608, 0
250189, 148311, 0
123958, 77278, 0
415749, 78554.1, 0
311832, 174611, 0
351174, 87391.2, 0
113174, 59237.2, 0
212265, 134241, 0
54096.7, 28417.5, 0
232803, 148702, 0
281370, 99826, 0
259385, 161972, 0
328846, 39016.5, 0
247070, 142560, 0
295032, 163229, 0
246683, 70937, 0
199872, 126651, 0
234553, 23344.5, 0
113439, 47854, 0
177151, 103231, 0
237541, 55029.2, 0
227384, 67965.8, 0
160082, 84956.5, 0
224727, 94135.3, 0
268548, 121377, 0
254510, 118830, 0
208489, 62016.3, 0
69057.3, 30435.7, 0
116789, 49889.3, 0
183875, 83807.7, 0
264118, 171068, 0
175916, 74857.2, 0
116583, 44541.7, 0
174374, 41734.4, 0
329023, 42411, 0
114516, 43810.5, 0
185935, 116348, 0
278195, 189352, 0
173375, 88554.5, 0
180708, 51287.5, 0
175643, 111235, 0
405217, 201140, 0
264495, 99808.4, 0
215445, 140592, 0
236065, 160269, 0
297276, 200718, 0
259983, 85523.6, 0
253646, 137194, 0
268153, 71630.5, 0
152609, 97370.6, 0
88543.5, 59294.2, 0
87088, 47537.4, 0
309055, 169096, 0
180967, 79266.2, 0
137083, 65147.1, 0
221082, 41953, 0
101362, 60626.6, 0
72676.5, 50830.2, 0
215667, 154955, 0
155954, 78575.2, 0
180353, 105896, 0
201205, 105062, 0
242117, 116121, 0
116887, 48335.5, 0
305448, 58456.7, 0
135882, 43411.5, 0
163871, 109618, 0
250281, 150488, 0
135317, 70211.9, 0
120770, 52697.5, 0
198331, 103283, 0
162291, 57173.8, 0
103322, 53784.9, 0
66625.8, 31890.7, 0
221929, 118560, 0
137757, 44580.6, 0
144005, 39872.3, 0
475292, 215308, 0
174445, 39753, 0
81565.7, 10735, 0
388515, 266061, 0
166743, 35572, 0
342844, 231392, 0
149659, 70285.8, 0
131814, 63024.1, 0
107954, 52673, 0
95924.4, 19646.9, 0
217920, 130864, 0
121766, 61657.4, 0
297320, 158097, 0
147865, 100306, 0
102023, 52556.2, 0
155568, 111080, 0
188578, 129515, 0
228628, 115519, 0
186582, 122297, 0
263635, 72181.2, 0
138964, 39795.9, 0
176304, 14554.2, 0
66233.4, 10797.7, 0
101815, 43205.4, 0
345657, 235011, 0
187977, 126648, 0
171342, 95613.3, 0
148373, 70468.7, 0
212348, 81156.4, 0
165258, 103859, 0
197371, 69419.8, 0
224235, 53277.2, 0
193734, 45487.8, 0
269736, 174289, 0
260162, 133543, 0
202490, 143789, 0
171419, 68252.7, 0
130883, 44517.5, 0
207706, 113531, 0
385395, 63389.8, 0
93230.1, 63151.7, 0
153826, 51132.7, 0
146700, 10077, 0
145692, 78847.4, 0
96222.2, 55888.7, 0
215153, 104964, 0
229396, 125542, 0
160015, 91954, 0
149417, 102076, 0
254965, 147604, 0
257675, 113818, 0
211625, 86198, 0
273797, 26906.7, 0
64812.6, 18483.9, 0
119012, 65836, 0
305918, 162955, 0
101176, 65407.5, 0
179865, 60615, 0
122874, 52641.6, 0
175938, 17662.1, 0
103677, 63069.7, 0
208943, 66108.9, 0
265137, 149537, 0
287809, 160162, 0
82930.4, 19415.7, 0
159806, 68570.4, 0
252746, 141585, 0
394063, 198046, 0
322446, 74904.5, 0
266796, 145008, 0
156409, 94426.6, 0
138586, 45047.4, 0
284979, 184073, 0
305585, 180321, 0
200623, 107548, 0
78876.1, 7048.54, 0
241405, 135222, 0
121610, 83443.7, 0
371364, 146279, 0
269448, 124497, 0
189185, 88338.7, 0
192680, 94809.8, 0
345262, 178425, 0
79918.8, 49166.4, 0
177932, 107524, 0
182599, 91434.9, 0
237836, 128384, 0
116268, 44823.6, 0
159077, 91384.9, 0
185208, 76412.3, 0
213846, 79180.2, 0
33336.4, 10884.2, 0
122181, 78444, 0
127504, 87431.9, 0
83863.6, 54289.3, 0
117960, 40676.7, 0
110774, 44681.3, 0
143074, 97629.2, 0
297862, 69263.2, 0
156840, 91204.6, 0
249872, 162783, 0
166524, 114155, 0
339062, 191942, 0
147593, 81976.4, 0
133585, 50980.5, 0
321857, 66021.7, 0
152006, 78218.1, 0
128925, 50478.8, 0
116327, 48791.5, 0
171295, 65245, 0
289978, 120918, 0
264848, 117201, 0
303641, 110304, 0
259203, 44738.5, 0
243769, 56531.2, 0
130676, 63811.2, 0
79290, 53083.5, 0
324669, 69848, 0
382772, 83489.5, 0
246658, 99875.7, 0
135269, 58982.2, 0
278335, 23492.5, 0
257277, 68119.5, 0
280371, 185016, 0
256736, 80395.5, 0
269680, 182987, 0
185824, 96730.9, 0
196537, 13168.9, 0
256438, 149929, 0
212337, 108911, 0
184954, 40851.2, 0
146266, 78812.3, 0
178279, 82718.7, 0
103848, 35503.4, 0
174897, 80845.5, 0
137306, 71019.6, 0
92046.9, 62861.3, 0
158348, 98697.5, 0
158505, 80266.6, 0
154372, 22128, 0
219914, 105270, 0
223977, 101584, 0
155026, 82912.1, 0
328372, 149852, 0
120552, 67263.7, 0
142205, 58892.7, 0
104288, 34172.2, 0
293689, 77254.4, 0
154002, 91524.8, 0
193215, 110847, 0
337723, 141466, 0
169234, 89854.7, 0
225483, 87409.6, 0
208097, 124119, 0
339723, 53598.1, 0
190014, 15101.9, 0
98346.1, 32534.6, 0
264741, 45794.2, 0
239169, 111208, 0
242699, 44729, 0
174896, 116575, 0
210655, 122651, 0
133216, 65777.4, 0
297686, 117615, 0
82369.9, 34649, 0
94340, 44523.1, 0
141363, 61262.2, 0
101927, 56945.6, 0
217803, 128852, 0
296538, 92876.9, 0
255758, 169931, 0
278433, 45051.8, 0
109922, 44157.4, 0
237117, 149036, 0
179616, 57441.7, 0
210623, 99537.8, 0
86414.9, 53870.9, 0
176578, 107085, 0
170811, 67498.8, 0
269942, 184518, 0
321680, 170524, 0
274748, 144789, 0
175649, 15930.2, 0
86540.2, 18789.9, 0
267583, 146642, 0
182035, 99784.3, 0
167750, 104355, 0
235668, 88525.7, 0
97492.9, 43300.9, 0
195178, 133191, 0
165669, 108202, 0
117968, 48138.2, 0
374837, 208863, 0
190393, 7849.65, 0
73904.9, 50794.4, 0
237783, 25310.9, 0
151127, 105786, 0
339891, 100146, 0
108050, 51703.4, 0
69879.8, 39280.4, 0
105261, 33615.9, 0
144321, 25180, 0
179651, 41034.7, 0
86678.7, 14512.8, 0
95753.6, 58405.5, 0
168224, 112177, 0
110789, 31518.3, 0
222182, 51315.3, 0
110097, 66290, 0
110434, 42291.8, 0
332114, 143793, 0
63537.2, 28014, 0
237508, 89652, 0
209729, 116512, 0
287529, 127718, 0
60803.3, 27456.7, 0
254245, 156602, 0
87928.7, 54590.1, 0
151503, 47459.3, 0
88013.6, 37182.2, 0
71702.9, 36685.2, 0
126210, 78181.4, 0
93087.1, 18444.8, 0
128122, 82239.5, 0
147779, 98549.3, 0
245878, 171335, 0
130025, 82441.8, 0
153354, 72054.6, 0
108004, 48162.3, 0
144499, 102561, 0
49022.3, 30544.1, 0
95794.5, 11498.8, 0
142603, 88309.8, 0
181523, 128121, 0
69271.6, 38226.5, 0
211681, 89134.5, 0
218533, 145559, 0
142418, 57140.3, 0
108111, 43673.2, 0
155914, 87161.3, 0
171308, 80746.1, 0
199442, 72893.4, 0
328915, 128244, 0
170440, 115023, 0
168614, 79228.9, 0
221127, 102349, 0
225032, 26378.6, 0
166012, 16292.4, 0
120512, 59451.2, 0
266110, 117689, 0
190045, 131253, 0
232431, 158375, 0
165525, 25486, 0
115999, 45456.2, 0
267157, 149192, 0
153489, 89480.1, 0
162781, 80072.3, 0
135371, 58479.7, 0
213651, 150400, 0
211893, 97083.2, 0
311204, 93544.4, 0
293085, 91689.2, 0
150776, 97122.7, 0
137841, 67728.9, 0
97642.5, 55558.3, 0
137920, 66689.9, 0
456491, 274173, 0
89919.9, 38959.8, 0
175077, 111521, 0
267863, 127214, 0
178607, 74713.2, 0
64312.4, 20327.6, 0
239424, 89518.7, 0
153585, 96970.8, 0
186908, 66128.6, 0
309301, 19520.9, 0
283021, 136494, 0
248613, 89171.6, 0
333539, 141127, 0
149085, 92423, 0
205377, 112126, 0
220714, 7327.74, 0
43584.5, 17332.9, 0
354558, 165375, 0
173352, 50163, 0
106871, 22776.2, 0
344415, 171885, 0
253954, 95200.3, 0
264256, 66306.1, 0
228599, 90753.2, 0
375075, 176857, 0
233554, 113343, 0
92029.3, 47372, 0
98490.4, 69249.4, 0
244761, 128934, 0
271429, 52657.5, 0
106591, 4207.33, 0
333589, 75370, 0
149977, 54580.1, 0
233720, 90774.6, 0
155715, 80102, 0
169387, 62520.9, 0
268354, 25330, 0
326926, 68521.8, 0
219620, 36016.8, 0
162080, 65278.5, 0
236962, 167347, 0
141398, 26541.1, 0
162894, 32844.8, 0
234359, 86527.1, 0
156106, 41760.1, 0
166000, 86319.5, 0
260601, 122131, 0
207431, 75333.5, 0
167505, 117066, 0
353078, 179907, 0
210002, 132085, 0
318076, 190121, 0
327936, 22439.7, 0
156541, 90719.6, 0
286162, 63467.7, 0
164440, 93579.9, 0
216046, 9410.78, 0
173250, 95652.5, 0
137955, 83611, 0
138418, 59908.1, 0
184753, 72719.6, 0
87040.1, 26548.7, 0
151715, 105415, 0
244897, 120348, 0
219392, 54654.3, 0
283655, 200370, 0
344115, 235708, 0
156502, 55114.3, 0
215779, 40008.2, 0
182849, 96204.6, 0
110754, 20003.4, 0
395879, 47799.7, 0
254438, 100256, 0
170307, 78632.7, 0
340622, 77500.1, 0
280327, 158067, 0
101085, 59657.4, 0
209416, 132590, 0
288878, 138429, 0
187436, 74639, 0
218345, 133597, 0
288976, 104391, 0
64664.8, 31861.7, 0
149025, 96364.9, 0
151699, 40756.9, 0
210448, 34199.7, 0
137533, 77970.4, 0
200936, 91324.9, 0
112418, 74542.8, 0
100403, 61185.8, 0
134208, 60562.4, 0
183729, 30302.3, 0
147423, 47790.2, 0
186784, 44967.9, 0
391351, 130941, 0
179961, 57079.6, 0
206515, 86784.5, 0
269606, 121913, 0
106132, 12836.5, 0
237965, 138029, 0
212199, 11881.6, 0
197037, 43367.7, 0
287540, 97975.3, 0
342763, 193570, 0
164849, 116602, 0
249183, 112421, 0
69442.2, 31472.2, 0
223575, 126622, 0
270350, 176374, 0
311805, 67276.2, 0
126053, 75721.1, 0
289906, 80304.8, 0
142393, 76109.7, 0
295207, 153334, 0
52757.6, 24953.9, 0
156236, 53845, 0
99138.4, 42715.2, 0
222620, 122327, 0
366703, 119226, 0
268798, 78984.8, 0
79453.2, 8713.41, 0
398063, 214352, 0
190587, 53871.4, 0
161769, 115307, 0
168285, 32756, 0
190113, 84208.5, 0
135677, 87227.1, 0
292178, 159882, 0
113792, 61699, 0
231309, 106175, 0
138572, 47214.3, 0
130688, 28578.8, 0
52307.8, 19247.6, 0
140313, 45151, 0
161674, 8536.48, 0
249053, 96045.6, 0
189116, 101609, 0
227000, 115793, 0
195429, 53127.1, 0
290926, 73156.7, 0
123774, 79363.9, 0
141704, 87683.3, 0
242646, 120578, 0
213743, 136535, 0
225579, 82531.8, 0
105927, 74548.3, 0
209652, 72228.1, 0
105012, 48855.1, 0
201392, 107999, 0
106843, 53510.5, 0
79678, 23639.7, 0
139846, 53215.7, 0
349678, 116347, 0
333287, 183802, 0
120482, 21031.8, 0
320604, 137263, 0
222754, 136398, 0
361588, 230534, 0
361585, 57784.7, 0
33659.8, 6947.5, 0
185425, 131313, 0
251385, 120436, 0
268219, 120471, 0
317158, 108490, 0
119452, 52274.6, 0
159191, 39937.4, 0
230692, 48793.2, 0
200889, 111740, 0
389578, 226522, 0
102844, 56452.8, 0
269675, 83538.2, 0
201582, 34600.5, 0
266452, 164705, 0
111233, 32271.7, 0
78772.3, 46519.8, 0
252718, 67612.7, 0
251111, 120898, 0
266025, 187011, 0
220381, 93955.4, 0
278826, 91946.5, 0
218470, 91721.5, 0
181593, 26663.6, 0
254550, 172730, 0
226552, 102722, 0
172150, 53007.7, 0
106466, 40112.3, 0
169823, 24685.8, 0
306805, 146281, 0
168673, 108652, 0
352712, 155622, 0
192499, 36014.3, 0
223110, 132872, 0
173188, 123384, 0
73338.2, 9152.28, 0
350111, 159759, 0
236301, 100285, 0
156096, 41093.5, 0
365365, 129601, 0
171419, 55825.3, 0
145957, 30296.3, 0
267817, 121654, 0
170761, 65826.4, 0
96041.9, 37209.6, 0
209945, 100958, 0
99932.1, 69277.3, 0
108238, 31813.6, 0
327215, 78242.5, 0
344137, 199594, 0
164666, 71475.5, 0
175119, 39491.7, 0
106592, 34093.9, 0
282315, 188443, 0
238064, 76343, 0
165378, 117615, 0
295218, 56619.8, 0
91050, 10030, 0
140177, 83066.5, 0
88003.2, 50711.2, 0
210831, 118316, 0
99602, 56357.1, 0
160962, 89274.7, 0
369856, 156460, 0
130988, 93183.8, 0
460949, 131639, 0
76945.5, 16056.4, 0
292494, 189285, 0
97912.2, 68990.4, 0
134105, 54344.5, 0
223603, 159983, 0
350052, 165216, 0
161323, 82475.7, 0
318118, 41118.7, 0
332394, 230118, 0
84823.2, 49183.2, 0
176094, 47687, 0
67489.5, 27202.8, 0
198779, 120538, 0
142465, 15059.2, 0
66471.1, 44868.6, 0
113925, 37267.8, 0
197278, 134112, 0
169089, 47770.6, 0
206288, 112969, 0
339628, 69721.8, 0
115808, 81303.5, 0
275003, 196358, 0
380384, 104850, 0
101361, 13709.3, 0
231358, 82291.6, 0
26371.2, 4929.59, 0
335829, 97652.5, 0
248889, 168660, 0
297619, 92960.9, 0
111465, 72984.6, 0
265527, 31682.5, 0
281085, 114186, 0
178745, 122648, 0
179781, 115505, 0
353392, 219115, 0
291311, 66321.2, 0
80755.5, 36925.6, 0
162676, 97483.5, 0
176642, 46604.1, 0
148295, 106281, 0
203378, 144779, 0
213584, 78056.3, 0
321874, 155599, 0
206079, 32395.6, 0
233753, 95379.8, 0
178584, 114284, 0
151880, 65574.9, 0
141995, 81770.7, 0
115870, 56785, 0
151896, 105709, 0
311160, 222268, 0
214871, 97973.1, 0
52679.2, 30752.6, 0
243193, 126396, 0
133145, 44413.3, 0
331574, 99941.2, 0
241375, 145010, 0
205108, 142418, 0
241671, 59495.4, 0
54123.6, 30188.8, 0
325925, 107483, 0
35394.6, 21775.7, 0
165106, 99572.4, 0
335139, 177339, 0
301965, 76187, 0
99383.7, 16692.1, 0
205160, 95918.2, 0
132051, 58104.1, 0
142912, 27730.8, 0
185164, 105583, 0
126108, 52279.3, 0
157074, 24834.1, 0
47503.2, 17473.9, 0
78239.6, 27208, 0
138680, 88633.2, 0
505439, 299489, 0
147216, 35848.2, 0
287605, 182889, 0
170238, 80124.3, 0
311655, 160783, 0
164772, 71648.9, 0
123624, 86211.8, 0
117493, 76327, 0
252596, 150602, 0
49026.1, 14549.5, 0
227792, 83936, 0
505937, 197736, 0
168384, 91439, 0
36147.2, 21613.5, 0
222457, 72245.7, 0
271463, 135216, 0
295495, 134713, 0
77973.3, 15423.5, 0
287750, 116808, 0
173514, 124448, 0
262104, 138652, 0
145129, 39935.4, 0
309092, 20936.1, 0
24213, 10549.8, 0
89290.8, 58391.8, 0
338711, 114702, 0
337460, 130806, 0
222729, 159017, 0
106074, 32381.1, 0
162958, 110445, 0
70499.1, 40158.7, 0
175918, 67482.9, 0
165764, 63648.4, 0
188503, 121097, 0
250424, 37150.8, 0
168333, 100412, 0
68295.8, 29547.6, 0
131812, 93942.3, 0
82089.3, 27241.1, 0
241153, 129609, 0
204113, 85022.8, 0
76171.9, 30633.6, 0
280348, 150118, 0
244469, 63623.5, 0
156213, 101828, 0
297610, 194897, 0
202588, 47343.2, 0
195558, 21356.1, 0
296368, 195720, 0
180169, 75124.5, 0
70223.4, 35495, 0
476036, 234347, 0
140311, 100040, 0
214192, 57301.7, 0
70568.4, 31407.2, 0
189186, 39278, 0
218624, 87507.9, 0
368730, 189158, 0
125558, 34233, 0
382463, 39204.8, 0
196931, 70681.8, 0
125903, 56215, 0
155518, 45589.7, 0
66040.7, 5412.43, 0
134673, 51476.2, 0
191524, 15967.1, 0
271282, 177232, 0
292428, 157797, 0
220707, 151302, 0
158987, 14879.5, 0
118816, 62019.3, 0
175660, 48969.4, 0
243490, 21954.8, 0
154076, 26803.5, 0
146268, 99735.7, 0
153039, 64987.8, 0
162965, 26703.2, 0
255368, 46316.4, 0
124351, 83348.7, 0
163144, 67107.3, 0
138170, 72221.3, 0
325252, 168675, 0
225632, 95465.2, 0
237986, 151060, 0
445221, 44275, 0
50358.8, 17101.5, 0
148757, 60906.2, 0
240633, 21531.3, 0
316364, 105041, 0
82465, 47926.4, 0
242829, 94420.9, 0
214766, 70472.2, 0
86582.5, 54376.8, 0
154342, 89189.1, 0
179905, 74476, 0
104324, 58393, 0
152149, 104805, 0
135524, 73195, 0
248545, 147004, 0
106226, 51965.3, 0
212260, 92966.6, 0
240677, 120166, 0
67617.3, 43298.9, 0
116932, 51503.7, 0
76742, 48284.3, 0
190728, 89339, 0
358635, 186709, 0
192161, 103671, 0
194160, 92924.6, 0
52883.8, 13278.2, 0
246813, 166589, 0
283198, 151939, 0
160508, 83396.8, 0
357847, 162250, 0
328208, 53904.5, 0
228278, 157458, 0
180303, 107722, 0
229255, 145772, 0
170702, 100083, 0
97949.2, 50445.2, 0
82160.5, 52589.2, 0
157250, 64545.8, 0
315047, 224183, 0
140145, 41626.2, 0
300787, 212877, 0
284403, 144394, 0
250143, 135894, 0
189866, 96640.7, 0
133876, 32742.7, 0
194511, 129616, 0
230200, 163405, 0
333600, 97332.6, 0
274486, 145811, 0
278443, 104276, 0
227143, 46800.3, 0
190090, 20962.4, 0
170783, 68263.1, 0
142882, 18915, 0
231622, 126743, 0
321642, 38022.8, 0
184740, 84798, 0
272897, 163722, 0
182692, 66013.9, 0
174921, 94811.5, 0
252106, 95247.7, 0
298285, 56276.7, 0
136789, 77506.8, 0
172691, 109109, 0
241601, 143953, 0
156062, 94701.3, 0
225246, 125906, 0
110104, 67103.7, 0
268405, 131420, 0
148048, 83179.5, 0
241887, 152689, 0
236560, 145884, 0
269998, 149389, 0
194738, 80835.1, 0
257198, 85995.6, 0
301781, 172335, 0
160546, 112961, 0
180736, 82029.9, 0
154988, 93782.7, 0
96216.1, 64168.6, 0
152610, 22410, 0
232753, 128200, 0
109802, 30828.5, 0
251369, 149121, 0
338149, 64253.9, 0
348206, 26322.5, 0
327530, 107433, 0
280881, 161051, 0
238484, 97204.6, 0
297528, 16780, 0
187900, 44410.6, 0
203447, 33726.7, 0
276910, 136728, 0
80186.4, 20877.2, 0
220239, 115356, 0
237181, 110759, 0
183956, 28539.9, 0
384861, 73527.2, 0
324298, 229352, 0
254403, 84544.6, 0
281520, 20071.3, 0
225379, 108130, 0
183573, 55814.8, 0
182225, 57149.2, 0
240118, 117338, 0
262135, 37844.4, 0
207114, 110918, 0
213991, 46980, 0
172791, 46420.9, 0
161504, 114127, 0
58190.5, 9061.94, 0
77087.4, 19767.1, 0
92956.2, 44950.9, 0
15532.8, 10969.1, 0
139728, 90810.3, 0
170047, 41148.9, 0
211350, 78035.8, 0
185927, 91032, 0
243141, 157871, 0
143931, 42682.7, 0
138052, 53932.5, 0
131260, 39786, 0
214668, 98412.8, 0
242744, 151953, 0
133022, 54891.7, 0
422425, 136195, 0
177015, 32630.1, 0
218290, 119508, 0
180762, 122677, 0
224690, 79756.7, 0
164680, 43710.5, 0
155030, 67313.9, 0
205892, 74784.5, 0
171392, 84021, 0
214603, 152659, 0
130076, 61473.6, 0
275440, 36799, 0
347204, 81831.3, 0
68378.2, 22592.7, 0
251548, 179816, 0
131078, 74621.1, 0
78668.4, 42267.8, 0
225071, 88013.7, 0
328559, 83339.4, 0
180158, 123242, 0
79808.7, 39984.2, 0
58824.3, 32640.8, 0
67223.1, 44631.1, 0
98542, 50562.6, 0
192074, 95647.2, 0
265297, 45730.9, 0
186025, 125326, 0
204785, 108314, 0
245182, 110805, 0
159807, 69634.3, 0
175520, 80526.1, 0
243792, 69407.6, 0
329678, 152439, 0
315261, 216740, 0
166185, 70236.9, 0
173928, 61223.6, 0
222601, 121369, 0
183208, 90733.4, 0
197244, 121691, 0
239860, 28920.5, 0
249033, 89572.1, 0
240891, 99823, 0
140238, 57373.2, 0
266050, 69962.2, 0
153192, 86418.6, 0
158322, 18240.8, 0
104902, 64056.6, 0
289184, 165142, 0
282113, 98582.4, 0
78644.9, 13559.9, 0
171096, 120134, 0
145170, 35639.2, 0
169385, 36493.7, 0
146503, 68490, 0
251885, 166067, 0
137076, 90318.1, 0
306296, 134913, 0
110332, 45327.6, 0
162190, 20258.1, 0
177201, 94782.7, 0
169049, 116244, 0
97383.3, 31924.8, 0
55040.1, 37313.2, 0
298409, 170821, 0
182573, 110484, 0
125475, 79822.2, 0
135046, 29353.8, 0
100866, 52962.8, 0
218486, 35311.5, 0
131986, 27040.2, 0
249224, 82424.2, 0
263033, 130557, 0
146057, 77314.7, 0
356616, 198516, 0
108150, 30986.1, 0
177636, 110947, 0
192380, 121265, 0
269216, 173560, 0
137023, 86010.9, 0
206528, 86847.4, 0
261436, 117821, 0
80145.5, 29895.7, 0
114549, 47800.4, 0
105392, 29710.1, 0
55598.8, 27823.2, 0
297520, 87064.6, 0
252449, 108006, 0
210549, 42057.9, 0
203414, 134416, 0
156435, 76165.5, 0
347759, 45637.7, 0
478289, 286414, 0
208865, 94856.5, 0
134212, 58680.2, 0
288738, 141204, 0
143763, 84626, 0
129565, 84226.2, 0
258460, 182157, 0
213138, 55580.7, 0
69169.1, 28681.7, 0
317349, 162273, 0
80665.1, 37177.3, 0
215462, 81948.3, 0
115234, 47718, 0
254733, 122026, 0
319590, 197118, 0
277625, 63123.1, 0
225063, 116394, 0
372767, 160118, 0
34645.6, 23068.4, 0
223590, 26355, 0
188789, 59108.4, 0
93633.9, 66087.3, 0
203957, 86619.9, 0
154127, 103635, 0
182993, 95763.8, 0
169576, 93102.2, 0
51023.9, 35213, 0
175874, 88898.4, 0
101400, 49043.7, 0
138225, 31300.3, 0
356712, 87087.3, 0
167234, 74792.7, 0
234861, 115002, 0
254947, 165070, 0
324702, 139873, 0
243292, 119489, 0
473742, 123987, 0
200871, 142788, 0
97366.1, 66926.6, 0
163029, 80290.3, 0
176207, 66185.4, 0
304203, 184268, 0
264211, 118075, 0
160976, 91047.8, 0
159652, 77087.3, 0
210576, 133231, 0
213142, 98422, 0
178573, 40690.5, 0
159486, 59510.9, 0
186800, 72713.3, 0
259697, 184346, 0
278486, 159703, 0
116674, 81528.2, 0
229341, 150700, 0
301681, 185992, 0
84540.4, 56867.5, 0
219710, 147210, 0
62103.4, 36137.3, 0
342424, 203368, 0
172671, 89859.3, 0
74556.7, 46091.6, 0
128891, 45396.7, 0
233289, 43094, 0
196920, 135124, 0
99674.6, 65205.8, 0
151869, 96436.4, 0
215679, 31789.4, 0
418290, 96813.9, 0
120546, 71034.6, 0
155825, 36210.5, 0
278899, 47809.7, 0
203048, 145410, 0
329227, 225282, 0
93824.3, 37244.8, 0
111675, 29559.5, 0
205384, 28063, 0
142223, 35158.9, 0
300979, 89857.5, 0
396749, 140144, 0
181608, 74701, 0
166604, 119478, 0
181396, 115775, 0
124592, 84700.4, 0
358201, 240352, 0
298629, 90323.7, 0
148698, 42868.6, 0
280607, 63267.4, 0
146291, 49288.9, 0
76720.8, 13142.5, 0
158931, 65453.2, 0
153487, 26249.7, 0
251435, 162177, 0
192521, 107279, 0
194786, 137716, 0
145723, 59377.6, 0
289872, 203087, 0
195122, 121699, 0
179632, 52477.6, 0
169731, 84326.6, 0
187310, 106977, 0
320519, 197833, 0
216947, 124304, 0
187242, 45750.5, 0
122496, 79430.7, 0
181585, 120674, 0
199466, 54381.9, 0
94825, 52531.9, 0
320501, 211194, 0
131243, 47954.7, 0
156770, 106144, 0
94385.7, 47833.5, 0
87385.9, 22295.3, 0
258552, 116888, 0
472981, 213228, 0
235267, 96602.9, 0
254729, 111745, 0
231990, 70999.7, 0
181317, 108380, 0
214308, 69455.4, 0
135568, 90648.8, 0
325597, 217423, 0
242453, 106540, 0
169196, 113101, 0
180797, 67075.8, 0
174726, 109465, 0
178291, 75779.2, 0
135439, 92593.1, 0
276295, 88989.5, 0
111232, 46281.5, 0
207811, 102842, 0
143275, 102957, 0
336198, 34572.4, 0
192345, 126788, 0
203510, 119697, 0
102025, 40321.2, 0
164281, 22345.6, 0
60128.9, 19498.1, 0
238184, 92299.4, 0
299632, 122657, 0
135293, 13614.5, 0
191492, 87356.9, 0
166194, 74870.9, 0
146653, 57600.2, 0
213613, 122288, 0
280180, 160180, 0
95478, 59143.8, 0
94263.7, 27665.8, 0
308014, 47078.9, 0
240775, 123908, 0
157626, 65306.5, 0
127221, 89172.6, 0
109608, 49099.7, 0
228167, 149014, 0
189839, 22711.6, 0
116539, 77394, 0
39647, 21322.7, 0
278087, 152568, 0
265968, 117107, 0
109391, 73897.4, 0
97253, 50509.3, 0
197921, 100895, 0
355166, 74509.7, 0
249912, 57382.9, 0
313305, 202643, 0
198078, 69090.1, 0
179971, 53731.6, 0
483926, 123784, 0
210237, 63331, 0
69363.2, 15641.7, 0
250816, 151470, 0
160774, 93023.1, 0
104355, 62310.7, 0
324396, 21656.5, 0
249416, 72220.9, 0
225609, 39531.5, 0
138172, 71479.3, 0
146566, 83801.5, 0
432675, 231756, 0
57395.6, 21937.4, 0
147127, 90946.5, 0
143941, 103024, 0
297895, 122844, 0
183400, 65232.8, 0
258801, 139689, 0
221716, 24982.9, 0
169248, 20537.7, 0
147823, 44287.3, 0
196053, 134369, 0
78818.8, 33622.9, 0
101599, 47668.2, 0
280795, 36510, 0
151358, 83513.1, 0
134044, 72359.8, 0
276982, 108571, 0
304446, 129235, 0
67978.3, 36515.3, 0
272503, 144800, 0
337090, 103737, 0
116658, 14835, 0
125193, 49188.1, 0
108523, 54442.6, 0
207887, 101286, 0
124950, 80115.3, 0
171546, 109757, 0
252985, 128461, 0
244950, 87371.8, 0
171637, 54614.8, 0
203773, 144130, 0
182903, 63833.7, 0
268929, 162110, 0
297309, 58491.3, 0
94348, 45427.2, 0
178129, 94047.7, 0
277357, 83209.7, 0
155324, 20918.5, 0
85941.1, 15653, 0
334182, 117031, 0
113506, 46474.6, 0
137502, 81859.1, 0
279259, 19546.6, 0
93183.1, 52606.6, 0
390838, 277465, 0
87928.8, 63140, 0
183247, 56656.1, 0
151631, 64962.3, 0
139999, 82433.6, 0
166950, 57094.8, 0
54438.7, 35808.6, 0
149660, 57902.5, 0
151391, 31647.9, 0
168291, 32059.6, 0
177536, 119785, 0
139065, 67425.5, 0
346661, 188424, 0
324456, 109658, 0
346759, 223172, 0
218813, 157171, 0
119478, 62762.1, 0
221580, 72172.4, 0
248521, 100699, 0
72951.9, 33404.9, 0
226017, 150882, 0
213191, 103381, 0
192262, 17064.5, 0
216632, 16604.3, 0
148734, 73986.9, 0
296877, 40145.9, 0
370239, 86476.7, 0
185798, 118676, 0
274059, 173561, 0
190554, 95432.4, 0
78619.4, 55823.4, 0
80201.2, 23955.5, 0
145949, 92988.3, 0
156655, 28536.2, 0
157176, 58824.5, 0
87111.9, 49588.5, 0
235098, 165952, 0
62991.7, 43749, 0
192793, 45463.2, 0
125634, 61910.1, 0
154501, 83020.3, 0
245918, 44637.4, 0
121907, 67833.2, 0
255289, 55601.5, 0
157684, 66055.4, 0
151750, 43949, 0
156906, 111176, 0
148160, 84604.5, 0
60367.8, 37939.4, 0
317657, 124262, 0
88912.3, 58694.5, 0
311735, 39725.9, 0
164184, 76124.1, 0
142298, 67975.5, 0
166123, 98692.6, 0
172333, 120886, 0
223418, 119044, 0
262757, 65834.3, 0
177682, 32257.8, 0
207260, 127561, 0
104953, 60580.7, 0
224427, 36839.7, 0
180502, 76256.4, 0
140068, 51737.5, 0
357249, 150744, 0
267324, 102816, 0
121999, 53157.1, 0
290858, 4788.18, 0
210661, 132457, 0
84485.6, 56195.1, 0
159862, 36716.4, 0
144928, 101360, 0
183315, 97866.5, 0
233602, 147970, 0
121805, 58194.3, 0
420395, 235683, 0
171209, 75407.4, 0
327737, 146296, 0
52161.1, 18984.2, 0
226859, 152438, 0
119543, 83835.3, 0
259202, 80631, 0
260327, 155466, 0
311934, 166802, 0
189919, 111051, 0
376313, 156219, 0
180738, 121812, 0
167722, 94345.4, 0
186840, 78931.2, 0
386501, 266463, 0
183272, 81555.4, 0
106301, 58996, 0
111972, 36550.5, 0
270083, 106210, 0
141891, 50202.2, 0
331944, 157224, 0
159957, 53484.6, 0
163238, 105884, 0
98323.2, 21269.6, 0
146698, 24945.5, 0
197599, 123322, 0
174535, 118691, 0
244931, 113335, 0
239642, 89323.9, 0
422791, 215962, 0
162387, 103113, 0
162308, 72028.7, 0
221056, 70938.5, 0
355587, 69014.6, 0
190839, 45412, 0
312535, 198870, 0
512346, 90489.9, 0
151447, 76614.9, 0
229839, 160672, 0
156293, 36298.2, 0
176217, 53520.9, 0
99488.2, 27580.6, 0
218549, 113857, 0
114101, 26973.4, 0
296222, 25554.3, 0
185547, 89281.9, 0
221169, 39380.1, 0
314175, 111067, 0
241829, 113246, 0
173530, 123150, 0
53683.3, 2940.52, 0
268507, 92242.8, 0
147011, 88338.8, 0
188811, 106686, 0
149896, 103473, 0
113939, 26102.3, 0
170210, 60727.1, 0
279678, 97290.9, 0
157193, 47055.3, 0
88881.8, 47890.7, 0
310123, 162597, 0
206344, 97060.2, 0
244383, 89730.2, 0
162792, 43913.8, 0
279501, 91434, 0
166110, 62664.1, 0
168714, 113817, 0
109717, 61979.6, 0
124266, 56829.6, 0
205094, 97412, 0
306113, 190251, 0
140068, 94691.9, 0
86472.5, 58015, 0
194286, 49582.2, 0
123672, 71532.2, 0
275765, 21922.2, 0
190984, 110651, 0
150026, 86521.3, 0
239380, 69286, 0
117584, 68052.4, 0
163979, 110253, 0
169310, 88103.1, 0
73519.8, 27927.9, 0
112806, 47028.5, 0
251431, 113983, 0
163047, 60799.8, 0
115907, 38888.2, 0
216841, 22536.5, 0
136276, 61206.3, 0
187477, 108852, 0
184887, 30537.3, 0
30305.7, 11662.7, 0
234351, 8925.71, 0
240061, 149549, 0
161702, 24431, 0
183186, 70813.9, 0
292108, 177902, 0
63172.9, 42747.8, 0
260463, 141663, 0
340599, 85992.1, 0
199807, 54586.3, 0
228330, 142399, 0
342770, 199032, 0
171963, 59670.9, 0
116576, 63305, 0
515062, 244716, 0
280218, 85291.7, 0
236954, 155037, 0
218282, 92683.1, 0
159290, 93007, 0
142586, 67972.3, 0
326381, 140014, 0
138403, 79493.9, 0
19574.6, 10815.5, 0
157125, 46338, 0
231679, 68185.3, 0
85892.1, 41127, 0
234505, 76951.5, 0
249609, 37526.8, 0
151085, 67337.6, 0
218976, 66640.8, 0
138424, 79201.3, 0
83265.5, 51762.7, 0
196848, 86183.5, 0
172633, 61224.3, 0
97280.5, 39710, 0
48918.5, 20728.5, 0
126566, 89381.2, 0
214158, 143025, 0
125207, 81822.5, 0
231561, 165468, 0
138459, 68858.2, 0
183365, 72897.8, 0
193287, 74540.9, 0
248720, 45440.1, 0
311226, 211496, 0
245177, 175630, 0
48247.7, 10801.9, 0
192129, 60743, 0
218198, 141966, 0
392721, 271934, 0
138397, 55570.8, 0
150215, 89298.6, 0
239065, 50176, 0
321782, 62917.8, 0
408774, 149345, 0
228983, 125448, 0
132280, 87313.4, 0
156310, 59529.9, 0
228639, 66137.5, 0
78768.3, 40750, 0
273894, 151002, 0
206910, 43926.1, 0
155794, 59898.5, 0
39280.1, 19944, 0
131540, 68465, 0
176835, 74479.1, 0
65426.3, 46178.8, 0
227054, 80062.8, 0
54118, 37088.2, 0
78204.7, 7029.76, 0
311742, 173416, 0
260159, 79966.7, 0
155597, 68781.8, 0
66378, 24339.7, 0
370768, 67507.6, 0
129974, 83995.6, 0
124500, 34363.9, 0
132663, 65890.9, 0
66711.6, 19399.8, 0
359557, 214773, 0
323987, 82934.7, 0
425293, 195712, 0
217028, 55247.6, 0
244159, 73130.7, 0
254056, 111732, 0
275222, 182014, 0
102051, 66995.1, 0
260503, 144059, 0
95411.8, 29867.5, 0
279724, 120050, 0
105795, 72539.2, 0
183341, 112070, 0
122974, 30662.2, 0
189286, 125763, 0
217763, 136931, 0
162903, 20637.8, 0
536158, 68250.3, 0
269377, 174693, 0
49316.3, 33857.1, 0
178247, 67455.5, 0
223039, 147100, 0
286426, 192581, 0
231395, 161545, 0
95999.4, 52551.1, 0
389586, 93521.3, 0
198391, 55741.8, 0
139659, 29430.9, 0
113576, 64682.3, 0
232223, 164214, 0
193856, 64142.9, 0
199486, 126330, 0
399195, 80790, 0
237231, 110646, 0
87520.9, 14342.4, 0
128760, 80710.5, 0
295814, 96090.6, 0
89658.5, 33137.3, 0
329135, 84593.9, 0
99364.9, 31353.8, 0
226191, 100062, 0
238368, 83041.9, 0
216955, 151225, 0
130513, 18655.2, 0
196590, 101874, 0
298871, 45454.1, 0
330614, 214205, 0
285074, 193546, 0
93205.3, 43867, 0
290433, 56137.8, 0
112792, 52129.8, 0
142767, 83199.2, 0
242056, 114091, 0
167730, 23822.2, 0
130347, 45395.5, 0
237129, 38273.3, 0
138000, 24601.8, 0
237125, 160721, 0
244713, 149248, 0
171965, 83249.3, 0
275946, 155734, 0
348291, 120992, 0
144355, 85283.6, 0
140704, 74884.9, 0
310425, 39277.2, 0
191242, 109703, 0
164465, 98273.5, 0
149994, 102524, 0
89709.4, 39275.1, 0
226940, 49949.6, 0
186940, 10793.6, 0
372104, 128276, 0
257751, 47113.8, 0
213243, 48375, 0
229340, 81936.8, 0
439719, 79868.2, 0
109897, 32175.4, 0
186792, 85927.6, 0
275416, 197683, 0
190245, 109282, 0
122704, 61073.1, 0
228370, 111709, 0
180231, 107459, 0
200191, 31287.9, 0
132404, 66078.3, 0
89374.5, 55763.5, 0
183845, 33730, 0
222959, 135854, 0
268547, 65786.4, 0
139439, 9313.71, 0
167716, 80283.3, 0
226897, 138731, 0
274902, 55048.6, 0
128048, 17508.2, 0
209319, 62255.6, 0
208519, 73808.9, 0
113264, 77283.4, 0
109467, 71709.1, 0
126614, 78074.1, 0
294408, 51110.9, 0
288490, 193689, 0
106133, 74768.4, 0
126053, 68837.9, 0
132382, 72030.2, 0
98893, 44023.6, 0
294768, 193660, 0
160255, 110140, 0
182172, 96330.7, 0
237240, 149492, 0
118428, 53782.2, 0
230668, 127667, 0
243405, 140058, 0
194988, 55765.3, 0
79865, 54778.3, 0
198478, 50013.8, 0
236567, 80495.5, 0
177870, 60546.1, 0
352403, 89125.3, 0
302286, 95512.9, 0
153994, 64041.5, 0
56522.1, 26488.7, 0
414009, 98725.5, 0
61750.5, 8015.73, 0
366900, 176830, 0
163226, 31681, 0
215341, 110295, 0
322849, 222731, 0
240401, 99229.3, 0
46847.1, 24736.6, 0
122462, 48279.9, 0
116063, 53684.6, 0
149123, 89525, 0
329789, 40636.1, 0
155086, 61099.9, 0
190783, 57538.9, 0
127198, 48891.3, 0
205896, 90847.4, 0
179489, 77302, 0
217174, 91484.1, 0
332774, 97373.9, 0
194595, 33122.5, 0
451760, 90212.7, 0
227820, 85504, 0
148100, 63264.7, 0
303282, 193909, 0
351916, 51781.2, 0
69415.7, 49315.1, 0
203954, 102050, 0
129356, 90452.3, 0
128835, 62556.1, 0
119326, 66874.2, 0
156569, 95272.2, 0
140307, 51621.4, 0
113600, 63012.6, 0
385254, 81264.8, 0
162573, 92592, 0
44665.4, 22194.7, 0
358363, 198395, 0
73185.9, 48748.3, 0
243156, 67830, 0
260446, 103983, 0
69437.4, 35060.5, 0
306399, 79472.5, 0
285476, 148616, 0
121371, 34538.2, 0
261131, 152820, 0
338341, 146431, 0
190389, 34527.2, 0
208571, 46479.8, 0
319950, 128351, 0
150286, 33331.6, 0
62310.6, 39139.5, 0
146984, 85714.5, 0
221801, 48741.5, 0
163772, 64768.7, 0
333008, 105770, 0
150143, 72494.3, 0
267813, 77803.3, 0
124666, 3296.53, 0
157653, 95637.6, 0
173395, 121606, 0
216602, 140617, 0
247867, 125158, 0
17678.4, 6986.26, 0
113162, 57972.3, 0
132945, 67598.2, 0
43611.6, 30171.6, 0
141243, 84206.9, 0
181260, 123433, 0
190536, 45031.1, 0
317649, 89481.5, 0
221410, 31457.8, 0
230861, 137008, 0
132348, 88810.5, 0
218105, 18109.4, 0
115378, 81138, 0
171042, 49024.2, 0
276631, 156260, 0
136928, 98186.1, 0
138121, 97962.6, 0
188692, 89724.2, 0
230187, 104813, 0
103248, 67883.5, 0
206262, 137174, 0
151394, 59327.3, 0
136368, 38692.4, 0
307400, 161361, 0
131093, 85441.5, 0
222119, 139245, 0
334312, 31431.3, 0
143559, 49197, 0
61013.5, 36007, 0
134056, 84437.2, 0
121452, 87294.3, 0
236055, 155587, 0
259256, 120182, 0
438836, 249268, 0
247557, 171988, 0
62409.9, 15359.2, 0
185496, 78133.3, 0
70324.9, 19474, 0
63548.1, 38376.8, 0
241719, 101743, 0
310183, 187731, 0
352180, 193493, 0
308337, 202738, 0
115480, 73685.2, 0
76580.7, 13909.4, 0
367566, 162925, 0
166476, 116543, 0
244090, 123352, 0
126286, 21511.5, 0
321092, 134781, 0
126339, 59696.5, 0
151001, 76292.2, 0
316035, 158357, 0
288575, 73683.1, 0
165984, 16235.4, 0
119760, 70774.2, 0
126750, 73809.2, 0
226216, 59066.9, 0
302768, 151330, 0
225635, 141166, 0
109714, 76119.4, 0
181442, 72102.3, 0
269616, 119012, 0
287369, 144705, 0
199704, 60557.9, 0
212507, 60486.1, 0
101433, 22083.1, 0
148559, 45963.9, 0
306721, 162126, 0
149442, 86778.6, 0
321583, 201746, 0
364794, 44219.2, 0
163277, 53777.7, 0
352336, 232757, 0
112998, 35332.4, 0
87694.7, 52865.4, 0
160918, 55979.3, 0
245800, 152494, 0
307762, 102447, 0
135376, 15276.8, 0
360732, 216685, 0
441593, 74884.3, 0
73648.9, 44817.4, 0
196210, 71715.4, 0
134982, 50503.7, 0
300152, 114146, 0
360706, 207974, 0
203936, 44174.5, 0
237168, 47239.1, 0
81007.1, 56951.5, 0
139932, 13865.8, 0
235310, 94603.4, 0
259477, 150462, 0
308004, 220505, 0
195419, 125371, 0
153638, 36520, 0
240712, 156082, 0
251604, 150545, 0
182373, 68959.8, 0
323249, 230407, 0
154954, 88814.9, 0
93862.1, 51320.1, 0
107485, 76449, 0
96417.8, 49065.7, 0
385874, 89679.3, 0
289488, 106043, 0
235708, 60245.4, 0
136991, 62467.3, 0
304800, 99354.4, 0
81981.5, 52320.4, 0
103558, 72321, 0
142748, 38722.3, 0
267800, 64555.2, 0
105365, 67111, 0
346503, 200116, 0
208770, 137727, 0
59272.2, 23187.4, 0
184304, 58230.4, 0
165537, 31798.4, 0
261210, 162540, 0
138692, 23100, 0
175464, 100680, 0
153171, 64041, 0
213323, 52222.6, 0
236537, 165784, 0
159025, 102584, 0
158224, 57427.9, 0
115077, 43408.9, 0
150212, 90454.7, 0
288695, 148868, 0
247264, 80017.4, 0
187155, 94327.7, 0
210167, 85672.2, 0
224620, 80506.2, 0
104150, 54516.5, 0
273521, 98796.4, 0
288705, 126423, 0
293035, 76779.5, 0
172821, 81071.6, 0
313019, 124886, 0
222435, 137351, 0
274133, 19041.4, 0
143250, 90162.4, 0
182956, 73740.6, 0
185266, 56499.4, 0
236150, 68158.3, 0
106650, 56517.6, 0
171956, 96509.8, 0
90783, 59483.1, 0
193090, 88576, 0
146150, 13840.8, 0
279451, 174203, 0
102694, 48054.4, 0
219782, 88421.3, 0
110718, 53323.1, 0
379766, 47824.3, 0
144982, 77482.2, 0
132152, 57688.1, 0
141809, 94191.8, 0
160318, 43607.5, 0
209082, 134551, 0
195802, 34937, 0
260807, 169590, 0
320346, 219046, 0
79851.1, 13150.2, 0
98998.9, 61587.4, 0
200074, 132389, 0
172314, 92475.8, 0
214420, 20338.2, 0
248236, 37060.3, 0
146796, 93133.5, 0
270690, 93657.5, 0
171156, 99227.3, 0
236760, 98242.8, 0
225780, 132964, 0
131556, 87355.1, 0
166801, 58636.4, 0
129352, 55390.2, 0
247917, 160194, 0
170279, 58276.1, 0
410281, 96361.2, 0
20708.8, 9530.68, 0
122017, 42087.5, 0
155388, 108720, 0
248896, 135293, 0
376202, 41858.3, 0
205454, 112931, 0
66920.5, 35772.4, 0
214467, 23486.6, 0
114279, 43080, 0
156671, 77606.4, 0
246094, 161906, 0
91974.8, 24440.4, 0
122196, 64211.1, 0
240486, 82929.5, 0
240272, 48060, 0
178589, 47995.4, 0
135209, 95872.6, 0
160490, 73298.9, 0
102335, 49841.4, 0
192716, 85903.4, 0
51179.7, 27277.4, 0
241220, 132002, 0
278284, 116366, 0
105424, 58226.5, 0
122625, 16386, 0
181490, 89720.6, 0
187699, 42713.9, 0
294930, 86323.2, 0
274936, 61737.9, 0
308908, 112219, 0
86254.5, 46997.4, 0
337125, 33712.8, 0
235120, 139080, 0
51951.1, 31315.9, 0
103053, 61675.9, 0
238200, 43931.9, 0
133241, 57599.3, 0
221361, 42488.8, 0
187756, 119259, 0
187835, 122648, 0
229461, 30163.6, 0
98233.5, 56124.5, 0
404899, 100413, 0
259713, 133913, 0
387670, 69925.3, 0
188923, 131441, 0
151149, 83780.2, 0
287014, 139938, 0
292884, 174763, 0
214481, 135246, 0
180411, 61114.9, 0
78689.9, 46451.8, 0
232509, 39902, 0
342675, 188912, 0
159210, 95127.6, 0
233212, 71489.5, 0
260120, 83106.1, 0
229895, 93356.5, 0
216658, 132319, 0
263014, 51308.7, 0
239943, 154861, 0
230574, 77149.7, 0
244999, 175892, 0
398694, 185310, 0
247087, 117006, 0
302192, 181445, 0
230531, 159162, 0
177679, 111044, 0
197695, 59885.3, 0
188270, 38789.9, 0
209225, 129791, 0
133688, 65457.6, 0
211306, 117848, 0
283532, 85674.7, 0
126223, 72227.8, 0
344542, 63214, 0
211584, 85017, 0
393737, 171757, 0
103631, 55610.5, 0
185562, 68451.2, 0
149285, 48260.3, 0
180954, 108541, 0
219286, 73237.8, 0
117604, 71493.4, 0
117061, 16609.5, 0
135468, 44463.1, 0
146018, 93854.6, 0
68952.7, 44965.6, 0
209095, 146152, 0
211050, 119555, 0
118793, 17356.1, 0
249943, 129625, 0
115962, 50655.1, 0
180496, 127731, 0
132401, 87163.1, 0
133189, 57600, 0
289158, 91992.5, 0
182035, 91421.4, 0
155664, 80205.9, 0
282503, 117774, 0
208857, 18939.5, 0
206437, 63732.5, 0
136155, 80049.6, 0
118185, 76633.4, 0
127364, 90244.4, 0
175925, 84113.6, 0
114368, 54017.5, 0
115651, 71393, 0
439560, 93489.6, 0
204050, 34800.4, 0
284777, 38147.3, 0
495741, 141779, 0
119906, 21289.3, 0
377054, 152618, 0
197556, 118494, 0
202689, 42427.9, 0
118105, 56575.9, 0
150752, 102165, 0
161946, 99419.4, 0
155228, 37924.7, 0
185307, 89045.3, 0
240179, 76553.8, 0
164697, 65451.1, 0
173956, 109005, 0
225573, 103945, 0
195727, 88020.8, 0
175650, 62577, 0
136714, 32448.9, 0
335098, 211185, 0
115705, 51194.6, 0
154017, 99332.4, 0
133769, 24445.8, 0
131242, 72804.2, 0
159433, 63048.3, 0
49274.3, 11363.9, 0
284350, 27300.6, 0
116570, 74342.7, 0
327621, 134313, 0
57531.3, 38755.9, 0
438195, 238630, 0
228735, 89343.1, 0
409966, 258524, 0
284278, 83319.2, 0
150922, 87414.9, 0
250213, 77248.2, 0
231816, 51268.9, 0
184137, 46226, 0
257073, 81823.7, 0
186651, 110943, 0
301123, 167419, 0
258482, 118056, 0
218727, 65853.1, 0
292482, 100721, 0
164581, 110203, 0
262153, 14629.7, 0
108454, 60767.2, 0
421584, 85324.6, 0
288601, 175881, 0
251840, 116276, 0
146242, 93101.2, 0
94986.7, 42948.6, 0
242943, 111596, 0
216782, 99931.6, 0
202136, 125412, 0
219977, 65375.5, 0
96976.8, 55462.1, 0
166258, 102293, 0
255292, 133469, 0
323365, 145525, 0
155886, 74451.4, 0
364828, 90249.1, 0
210485, 129563, 0
220667, 84147.1, 0
69836.6, 19570.6, 0
113280, 65132.5, 0
242795, 95826.3, 0
198984, 117365, 0
289260, 119447, 0
234470, 95508.6, 0
121136, 48216.5, 0
161665, 94725.7, 0
241494, 158207, 0
187064, 94044.3, 0
236504, 111957, 0
309042, 159888, 0
202681, 74202.6, 0
227729, 140798, 0
335604, 219759, 0
174095, 123295, 0
280969, 114955, 0
40856.2, 20455.2, 0
214153, 147699, 0
263695, 85229.7, 0
165743, 65421.3, 0
152200, 76124.2, 0
219117, 105709, 0
257242, 41091.1, 0
162150, 100623, 0
374812, 213818, 0
136602, 62747, 0
246158, 59391.5, 0
266737, 18113.7, 0
46715.6, 8432.97, 0
182966, 74258.4, 0
85313, 31366.5, 0
315833, 88352.3, 0
277064, 180000, 0
141856, 49517.1, 0
243988, 123795, 0
120466, 64764.7, 0
133221, 36104.4, 0
329390, 103636, 0
114790, 26405.4, 0
209393, 55309.8, 0
195451, 80690, 0
174950, 29623, 0
211135, 64527, 0
272890, 103058, 0
206835, 140723, 0
172047, 43878.1, 0
328207, 121514, 0
91409.8, 21931.5, 0
107316, 11460.4, 0
132977, 85218.4, 0
153279, 52662.2, 0
74133.1, 43377.2, 0
147213, 73867, 0
273420, 117274, 0
156619, 50401.2, 0
272075, 130476, 0
127133, 41286.5, 0
145163, 87320.4, 0
159265, 105149, 0
165537, 93129.6, 0
313337, 183980, 0
125548, 88524.1, 0
160655, 50095.2, 0
265405, 66489.7, 0
42206.3, 25379, 0
316493, 175370, 0
197930, 62145.7, 0
80279, 37397.8, 0
158326, 51208.4, 0
185871, 111291, 0
287385, 171315, 0
177605, 64613.4, 0
134394, 21162.6, 0
215841, 132874, 0
221355, 114381, 0
178794, 80428.1, 0
176687, 123730, 0
324433, 150016, 0
164124, 97847.1, 0
290861, 153217, 0
123724, 30019.9, 0
173997, 26609.2, 0
419676, 174171, 0
95989.7, 40009.7, 0
247538, 151870, 0
70099, 20157, 0
155238, 86728, 0
396521, 213668, 0
141559, 30332.1, 0
138810, 79304.6, 0
259584, 129911, 0
97448.3, 23636.9, 0
73374, 50761.3, 0
266982, 119886, 0
131447, 93795, 0
256636, 20405.9, 0
118125, 63506.7, 0
273505, 146035, 0
114756, 72471.6, 0
237041, 29143.2, 0
355698, 52835.4, 0
240878, 71362.7, 0
317235, 122803, 0
418199, 27730.6, 0
293497, 152343, 0
258202, 95209.1, 0
114407, 33807.8, 0
152475, 84976.6, 0
197231, 122478, 0
403828, 120704, 0
246014, 93275.8, 0
120173, 43111.9, 0
90773.2, 45170.8, 0
340431, 47542.5, 0
258607, 112517, 0
242242, 111013, 0
34933.3, 15893.7, 0
296925, 133667, 0
161215, 104056, 0
251654, 60013, 0
111747, 47918.4, 0
115870, 59733.7, 0
91678, 33756.8, 0
201545, 77896.1, 0
198679, 82541, 0
193798, 90771.9, 0
125215, 73387.9, 0
213812, 73291.9, 0
255037, 70573.4, 0
123869, 72083.9, 0
281808, 187703, 0
152791, 49451.7, 0
158155, 105609, 0
235479, 47737.2, 0
277585, 174073, 0
149234, 105853, 0
200762, 139031, 0
151738, 51676.1, 0
155548, 12658.1, 0
116049, 65409.3, 0
104442, 59807.1, 0
99794.8, 65340.4, 0
111737, 18546, 0
199194, 13813.3, 0
411358, 189306, 0
102906, 68649.6, 0
94208.7, 19476, 0
196302, 51659.3, 0
129803, 86782.3, 0
120768, 58369.3, 0
238885, 10301, 0
152570, 106122, 0
113970, 72052.7, 0
77154.1, 51472.8, 0
177450, 76672.5, 0
58466.3, 40203.4, 0
220796, 111517, 0
201310, 141621, 0
158166, 88531.2, 0
148423, 48506.5, 0
97142.6, 26891.3, 0
342282, 209169, 0
160799, 48197.4, 0
79604.6, 4048.77, 0
270862, 174177, 0
177469, 89306.3, 0
294700, 113644, 0
178256, 55692.7, 0
204223, 35178.5, 0
73620.9, 51060.9, 0
237389, 113698, 0
147480, 66683.2, 0
222031, 65124.4, 0
243197, 163798, 0
249889, 84847, 0
292882, 94879, 0
307712, 144519, 0
162176, 82980.1, 0
259463, 35466.3, 0
281325, 106310, 0
246127, 44933.6, 0
204620, 110773, 0
149564, 38222.8, 0
186684, 102202, 0
210005, 143012, 0
225090, 141370, 0
290657, 131098, 0
106762, 52964, 0
240857, 119955, 0
199920, 98602, 0
87663.9, 48073.2, 0
307089, 129403, 0
77089.4, 45641.1, 0
139525, 71114.8, 0
241362, 87084.8, 0
48756.2, 11342.4, 0
120458, 80739.3, 0
36591.2, 10152.6, 0
319660, 61751.8, 0
81185.4, 26318.9, 0
224082, 110317, 0
200795, 75187.7, 0
187059, 73931, 0
131872, 65610.8, 0
218473, 137832, 0
156945, 93388.7, 0
71071.7, 44006.8, 0
163554, 110924, 0
109076, 54596.4, 0
37019.1, 16636.4, 0
65401.9, 26974.5, 0
218489, 110670, 0
237883, 39620.8, 0
138986, 60261.5, 0
224109, 153867, 0
95950.3, 63732.8, 0
43908.5, 25127.7, 0
227866, 76208.2, 0
271571, 160472, 0
283024, 167651, 0
355587, 137234, 0
169251, 94227.2, 0
41380.8, 18336.6, 0
209364, 127314, 0
77411.8, 49653.8, 0
135557, 54456, 0
291709, 28618.1, 0
189708, 131958, 0
175141, 59260.7, 0
282369, 186121, 0
449666, 146192, 0
155081, 50068.1, 0
276403, 151756, 0
416122, 8770.02, 0
215743, 129808, 0
194312, 68879, 0
121357, 69828, 0
164825, 59975.3, 0
284860, 163956, 0
235244, 117046, 0
152412, 43378.3, 0
192898, 91596.5, 0
398923, 185486, 0
195046, 59773.6, 0
209713, 82701.8, 0
284370, 86684.5, 0
111829, 23214.8, 0
340674, 135353, 0
206381, 74937.2, 0
111348, 78558.1, 0
463464, 155970, 0
291584, 96428.6, 0
261988, 127601, 0
290295, 172181, 0
171358, 108257, 0
143457, 96581.1, 0
142695, 13759.3, 0
188904, 134182, 0
165907, 84725.5, 0
58612.3, 35021.5, 0
346817, 242931, 0
96976.3, 35270.3, 0
163506, 90572.7, 0
108810, 57871.2, 0
244643, 124254, 0
322373, 164213, 0
116885, 41184, 0
222441, 118177, 0
46664.1, 11306.1, 0
152175, 15261.1, 0
147932, 39867.8, 0
214887, 106930, 0
70846.9, 40514.1, 0
202222, 84167, 0
292513, 135163, 0
208644, 87718.3, 0
171783, 49822.3, 0
272670, 77872.1, 0
221792, 112355, 0
267821, 117278, 0
136320, 34042.1, 0
107647, 31106.3, 0
199886, 70445.2, 0
294584, 81201.5, 0
351479, 154297, 0
99998.1, 28292, 0
387696, 77916.1, 0
352312, 175373, 0
266485, 133033, 0
143059, 99890.1, 0
286730, 195518, 0
257107, 177250, 0
103647, 47388.9, 0
261615, 33494, 0
290368, 147410, 0
187483, 132465, 0
99921.2, 68260, 0
266677, 185893, 0
111849, 44742.8, 0
287137, 78680.5, 0
72782.1, 39055, 0
213896, 98785.1, 0
166891, 101723, 0
285473, 201934, 0
197723, 7504.88, 0
60099.7, 5079.6, 0
94268.6, 66407.2, 0
12641.3, 8197.15, 0
314726, 131560, 0
389087, 63528.4, 0
242766, 125729, 0
188730, 123091, 0
176602, 87614.7, 0
168883, 12420, 0
122669, 83134.7, 0
129826, 44794.1, 0
158064, 91510.2, 0
164415, 55234.2, 0
164106, 106813, 0
309224, 141075, 0
292518, 160990, 0
51497.5, 34747.3, 0
328263, 168657, 0
261322, 168969, 0
269746, 134783, 0
144688, 58555.3, 0
203465, 135361, 0
212513, 152576, 0
138433, 25271.3, 0
265091, 45278, 0
230420, 124872, 0
170408, 31899.2, 0
75980.7, 53464.8, 0
191814, 40753.2, 0
224505, 147080, 0
353481, 194807, 0
162452, 13005.8, 0
344599, 198043, 0
218154, 154017, 0
171199, 89435.1, 0
192979, 112525, 0
132615, 6439.94, 0
257394, 35082.3, 0
154590, 93073.5, 0
148782, 74981.6, 0
89664.9, 23915.6, 0
329596, 76818.5, 0
239560, 140009, 0
304120, 204680, 0
110429, 77854, 0
209296, 109792, 0
171325, 61430.1, 0
339381, 94376.4, 0
191553, 45070.8, 0
233009, 28732.9, 0
59281, 9201.09, 0
199941, 52034.4, 0
171641, 101249, 0
182682, 38737.3, 0
345180, 129714, 0
116866, 39515.9, 0
356836, 71769.6, 0
96096, 38005.3, 0
475799, 127118, 0
226156, 139144, 0
61557, 28075, 0
210636, 135291, 0
200985, 112488, 0
196890, 84375.1, 0
194213, 77540.4, 0
297811, 123541, 0
232303, 59605.9, 0
346149, 208933, 0
236696, 148650, 0
82216.2, 46721.8, 0
295272, 187041, 0
270900, 68948.3, 0
266544, 150783, 0
234140, 166691, 0
246916, 92878.4, 0
122025, 75105.2, 0
170639, 6623.85, 0
342097, 217158, 0
83754.2, 45486.4, 0
237215, 140750, 0
368418, 69535.5, 0
312647, 129993, 0
108869, 37991.5, 0
158314, 87900.8, 0
166013, 67759.7, 0
333808, 81568.9, 0
70509.9, 27028.2, 0
152714, 96718.3, 0
23670, 10465, 0
179381, 55066.6, 0
209965, 133232, 0
231708, 134141, 0
366675, 107332, 0
133091, 63673, 0
167890, 86441.5, 0
274398, 73958.2, 0
93111.8, 65521, 0
257902, 139713, 0
193270, 118202, 0
213865, 108507, 0
119133, 39956.8, 0
37367.8, 24503.5, 0
263827, 117317, 0
240315, 119421, 0
212714, 88171.8, 0
75833.5, 51893.9, 0
121816, 81390.2, 0
132775, 38184, 0
153431, 68426.5, 0
301939, 206270, 0
206111, 121611, 0
300858, 210941, 0
309800, 72699, 0
373528, 29293.3, 0
165747, 99034.2, 0
441515, 126812, 0
118778, 55619.7, 0
179145, 124624, 0
194599, 137019, 0
120536, 57649.2, 0
123947, 80324.5, 0
194459, 124373, 0
112971, 62559.8, 0
110449, 75690.9, 0
100637, 48950.4, 0
339494, 83910.3, 0
165075, 113123, 0
195953, 16560.1, 0
189527, 100061, 0
61496.7, 39744.9, 0
313719, 90595.7, 0
195800, 137604, 0
278719, 181218, 0
225830, 136100, 0
231690, 114237, 0
195973, 76587.2, 0
98564.9, 25437.3, 0
206209, 139177, 0
118848, 35843.5, 0
155546, 79390.1, 0
110805, 57287.5, 0
69304, 36516.6, 0
177826, 96506.2, 0
313207, 150529, 0
284226, 70484.9, 0
357075, 206727, 0
229185, 124323, 0
341590, 142934, 0
225391, 34558.6, 0
313086, 208957, 0
75299.8, 46582.6, 0
289822, 191739, 0
162196, 70083.1, 0
240280, 166348, 0
348305, 169128, 0
104701, 65083.6, 0
92769.4, 56993.9, 0
203348, 141983, 0
184705, 36968.1, 0
283258, 103104, 0
428238, 119530, 0
217168, 107624, 0
121327, 41219.3, 0
73315.1, 17486.7, 0
77448, 47170.3, 0
105759, 32308.4, 0
462598, 288381, 0
307578, 122298, 0
285500, 77341.7, 0
168247, 108761, 0
297529, 26619.6, 0
204601, 110475, 0
199155, 46998.4, 0
102075, 41002.3, 0
240396, 36371.6, 0
207835, 66580.5, 0
394055, 127248, 0
176530, 72977.1, 0
266056, 178605, 0
75381.2, 45496.6, 0
302364, 109317, 0
130958, 37186.8, 0
152057, 78233.1, 0
322717, 82655.9, 0
111319, 79819.3, 0
321488, 186199, 0
92254.8, 31232.6, 0
91605.6, 49091.1, 0
49544.7, 31499.4, 0
194509, 18432.7, 0
204665, 36783.9, 0
217922, 142481, 0
146399, 66846.4, 0
192216, 66725.5, 0
150399, 36632.2, 0
150874, 68458, 0
150815, 68938.8, 0
143751, 81830.6, 0
287045, 148149, 0
238418, 134283, 0
165112, 107455, 0
189132, 55363.8, 0
226465, 158637, 0
181618, 125769, 0
218074, 129321, 0
249584, 118456, 0
141694, 66973.3, 0
136238, 72331.6, 0
255426, 83507.7, 0
107115, 69450.7, 0
115759, 57085.3, 0
358402, 94083.3, 0
191536, 71426.4, 0
101119, 38275.2, 0
74707, 42998, 0
210549, 58024.2, 0
251315, 99399.6, 0
141654, 54677, 0
268056, 161274, 0
178492, 112984, 0
179308, 100962, 0
145602, 104790, 0
330481, 182029, 0
300857, 188063, 0
108121, 51275.3, 0
205184, 134669, 0
132921, 62232.4, 0
100387, 64487.4, 0
206229, 91484.7, 0
138489, 61971, 0
181364, 50814.3, 0
228514, 123400, 0
420544, 172469, 0
155093, 87276.5, 0
221187, 109353, 0
129898, 34442.7, 0
241412, 116918, 0
150594, 46532.2, 0
226979, 71136.5, 0
258331, 133255, 0
183498, 103414, 0
307728, 138436, 0
211179, 103926, 0
47769, 28552.2, 0
92515.9, 47461.7, 0
246931, 176526, 0
296508, 80775.4, 0
77903.7, 50342.7, 0
114392, 74831.9, 0
209524, 79622.9, 0
189433, 51943.1, 0
102095, 7911.74, 0
237315, 124449, 0
302363, 59398.3, 0
164377, 58541.5, 0
270787, 67248.2, 0
279394, 26210.5, 0
37163.4, 1827.09, 0
188100, 69933.2, 0
167647, 119470, 0
233647, 11774.2, 0
119467, 62435.5, 0
34674, 14516.5, 0
216403, 98242.8, 0
119844, 39022.2, 0
141735, 89504.1, 0
97425.2, 67295, 0
146399, 57161.6, 0
356855, 132521, 0
341383, 141352, 0
49577.1, 19381.9, 0
168600, 42048.9, 0
383374, 17090.4, 0
248620, 147842, 0
162292, 62349.6, 0
160732, 19417, 0
233251, 118436, 0
228443, 81343.5, 0
123740, 36266.8, 0
150070, 44524.1, 0
78810.6, 34510.2, 0
182429, 94506.3, 0
278095, 91229.3, 0
152493, 87089.9, 0
204881, 103423, 0
370746, 63544.1, 0
242702, 163884, 0
215007, 43324, 0
397976, 203788, 0
167205, 109870, 0
154670, 87926.6, 0
398692, 102462, 0
198043, 42975.7, 0
130660, 43268.7, 0
276408, 69401.2, 0
151381, 105608, 0
222376, 157322, 0
125129, 3569.04, 0
138117, 80710.2, 0
187200, 98757.3, 0
220788, 147877, 0
85933.9, 31974.2, 0
172639, 122616, 0
193550, 128596, 0
117402, 58183.6, 0
157097, 97780.5, 0
176002, 95029.8, 0
134208, 58764.4, 0
245344, 104061, 0
313469, 141511, 0
160269, 59687.8, 0
440447, 55679.8, 0
171050, 122859, 0
224683, 61696, 0
186111, 89697.1, 0
232197, 164477, 0
104754, 60439.8, 0
494355, 165991, 0
67065.1, 13605.7, 0
245822, 159847, 0
108319, 60441.3, 0
309336, 190048, 0
167801, 93021.6, 0
151193, 13437.1, 0
96178.3, 68075.6, 0
191163, 97250.5, 0
234259, 97662.6, 0
119386, 82693.4, 0
177550, 57782.3, 0
127867, 77818.7, 0
167217, 119891, 0
215465, 110112, 0
181673, 54679.5, 0
270256, 162100, 0
357854, 226193, 0
283514, 98151.1, 0
292204, 178548, 0
140629, 50554.7, 0
89604.9, 36673.1, 0
357662, 210690, 0
139694, 51618.6, 0
124609, 24147.8, 0
167555, 51872.8, 0
282575, 189443, 0
203664, 80468.6, 0
311478, 150087, 0
329850, 133945, 0
171445, 111568, 0
218774, 8023.17, 0
206461, 25874.5, 0
154215, 18082.8, 0
381064, 168057, 0
217206, 64657.6, 0
117613, 41065.5, 0
158935, 86420.7, 0
149622, 58567.3, 0
348117, 49075.3, 0
217605, 155136, 0
77358.6, 55404.6, 0
185761, 109503, 0
364007, 172663, 0
60156.7, 40346.2, 0
74583.2, 36000.8, 0
208913, 134901, 0
250836, 110408, 0
162503, 82823.3, 0
93626, 36771, 0
209631, 10923.9, 0
94254.4, 61839.3, 0
154044, 74090.6, 0
144272, 53867.7, 0
269504, 63101.9, 0
276826, 170169, 0
222661, 122645, 0
118590, 34316, 0
288641, 119136, 0
143372, 29220.9, 0
114853, 62828.6, 0
191664, 120103, 0
137135, 40842, 0
155656, 18168, 0
257332, 106447, 0
232047, 11629, 0
61296, 26912.7, 0
251104, 91422.5, 0
255792, 142103, 0
