6.62756e+06, 3.02937e+06, 0
5.99298e+06, 2.45143e+06, 0
3.86296e+06, 1.53634e+06, 0
4.11851e+06, 1.37327e+06, 0
8.00235e+06, 888499, 0
1.38591e+07, 3.06834e+06, 0
5.83096e+06, 796208, 0
8.55265e+06, 3.16415e+06, 0
6.89295e+06, 2.02327e+06, 0
5.4234e+06, 1.64248e+06, 0
4.73502e+06, 1.42797e+06, 0
5.36026e+06, 2.13043e+06, 0
7.50723e+06, 1.38629e+06, 0
7.76422e+06, 3.5489e+06, 0
4.77793e+06, 1.59663e+06, 0
6.96464e+06, 1.77638e+06, 0
1.50925e+07, 3.97752e+06, 0
9.73473e+06, 1.54572e+06, 0
6.30564e+06, 2.14786e+06, 0
7.26224e+06, 567951, 0
8.20063e+06, 3.92485e+06, 0
5.6638e+06, 1.20827e+06, 0
8.22142e+06, 3.5575e+06, 0
5.68788e+06, 2.30599e+06, 0
5.54381e+06, 1.80897e+06, 0
9.21221e+06, 868607, 0
1.00358e+07, 3.62662e+06, 0
5.82692e+06, 1.03001e+06, 0
8.00086e+06, 2.89341e+06, 0
8.36391e+06, 2.89958e+06, 0
6.2628e+06, 790846, 0
7.81985e+06, 2.69996e+06, 0
8.13865e+06, 2.86596e+06, 0
6.50279e+06, 2.21302e+06, 0
4.43968e+06, 562141, 0
8.28027e+06, 3.47174e+06, 0
6.79438e+06, 1.03639e+06, 0
8.31499e+06, 2.87018e+06, 0
7.16801e+06, 3.3548e+06, 0
5.57172e+06, 914756, 0
5.54282e+06, 1.32601e+06, 0
3.66705e+06, 605032, 0
4.58853e+06, 1.24156e+06, 0
5.80331e+06, 2.62354e+06, 0
4.29809e+06, 1.57809e+06, 0
7.046e+06, 2.44366e+06, 0
3.34087e+06, 310842, 0
7.71878e+06, 2.65486e+06, 0
5.47477e+06, 1.74961e+06, 0
6.10599e+06, 2.7574e+06, 0
5.59375e+06, 2.40652e+06, 0
6.20407e+06, 2.07589e+06, 0
7.14617e+06, 1.77661e+06, 0
1.20419e+07, 340865, 0
5.82316e+06, 2.09971e+06, 0
3.66462e+06, 1.15434e+06, 0
8.24074e+06, 1.39115e+06, 0
4.63129e+06, 1.28266e+06, 0
4.31536e+06, 1.20886e+06, 0
6.71243e+06, 2.83273e+06, 0
9.29711e+06, 2.1623e+06, 0
8.6976e+06, 791749, 0
5.39353e+06, 1.05961e+06, 0
8.64312e+06, 2.85878e+06, 0
4.5785e+06, 1.15547e+06, 0
6.28201e+06, 1.76139e+06, 0
7.97313e+06, 1.45389e+06, 0
1.28248e+07, 3.62248e+06, 0
6.60541e+06, 1.56307e+06, 0
1.20602e+07, 4.00474e+06, 0
7.46647e+06, 2.09571e+06, 0
8.72404e+06, 2.20775e+06, 0
6.40572e+06, 1.4832e+06, 0
6.83438e+06, 2.98152e+06, 0
6.68311e+06, 3.14139e+06, 0
3.30237e+06, 1.06844e+06, 0
1.12149e+07, 3.79719e+06, 0
8.19997e+06, 3.34357e+06, 0
1.09053e+07, 1.93415e+06, 0
5.16646e+06, 2.04571e+06, 0
1.28193e+07, 1.90708e+06, 0
6.09844e+06, 965939, 0
4.30019e+06, 1.78968e+06, 0
6.91083e+06, 3.25479e+06, 0
6.02446e+06, 2.2827e+06, 0
4.477e+06, 434982, 0
1.0706e+07, 3.20814e+06, 0
7.96061e+06, 3.56497e+06, 0
1.09818e+07, 4.74935e+06, 0
5.91153e+06, 2.18424e+06, 0
7.89879e+06, 2.0395e+06, 0
7.00366e+06, 2.86155e+06, 0
6.40973e+06, 2.68774e+06, 0
5.84201e+06, 1.86604e+06, 0
3.38395e+06, 1.14338e+06, 0
5.70031e+06, 1.33434e+06, 0
7.92368e+06, 2.73025e+06, 0
1.09087e+07, 1.73623e+06, 0
1.03905e+07, 4.82527e+06, 0
5.71301e+06, 2.66224e+06, 0
9.91395e+06, 3.99228e+06, 0
7.04142e+06, 2.40461e+06, 0
6.26943e+06, 2.05096e+06, 0
8.27852e+06, 555321, 0
5.53093e+06, 643070, 0
7.44874e+06, 301995, 0
8.90427e+06, 2.25636e+06, 0
3.56123e+06, 1.11972e+06, 0
9.87066e+06, 2.84952e+06, 0
5.84988e+06, 347726, 0
6.94117e+06, 2.08675e+06, 0
5.45195e+06, 1.1369e+06, 0
5.77125e+06, 2.32819e+06, 0
1.12162e+07, 3.86366e+06, 0
5.46479e+06, 1.5482e+06, 0
1.28543e+07, 2.88477e+06, 0
5.95333e+06, 218936, 0
1.28171e+07, 3.93242e+06, 0
3.96397e+06, 784858, 0
1.32066e+07, 5.39077e+06, 0
4.91254e+06, 530772, 0
5.84593e+06, 2.12266e+06, 0
4.82913e+06, 2.04011e+06, 0
4.2343e+06, 679949, 0
5.62662e+06, 2.49465e+06, 0
5.42717e+06, 1.48315e+06, 0
6.34948e+06, 2.00612e+06, 0
5.24884e+06, 1.82626e+06, 0
1.15321e+07, 1.90376e+06, 0
8.4698e+06, 3.71331e+06, 0
7.76585e+06, 2.94189e+06, 0
7.52724e+06, 3.59184e+06, 0
5.39281e+06, 2.32789e+06, 0
6.33752e+06, 1.86934e+06, 0
1.36106e+07, 4.95313e+06, 0
6.53393e+06, 2.76078e+06, 0
4.11684e+06, 1.46556e+06, 0
8.32861e+06, 1.88109e+06, 0
6.09461e+06, 2.15067e+06, 0
9.74976e+06, 1.34339e+06, 0
7.09498e+06, 3.11029e+06, 0
5.51042e+06, 2.46915e+06, 0
4.52736e+06, 1.14016e+06, 0
6.23301e+06, 2.94265e+06, 0
7.44314e+06, 3.58186e+06, 0
6.98492e+06, 2.4679e+06, 0
5.74568e+06, 1.6058e+06, 0
5.61477e+06, 925075, 0
9.16974e+06, 1.38252e+06, 0
6.19119e+06, 426467, 0
1.01075e+07, 3.69279e+06, 0
1.32012e+07, 6.54096e+06, 0
7.79364e+06, 2.82058e+06, 0
5.93385e+06, 2.74727e+06, 0
7.27711e+06, 2.44671e+06, 0
6.99577e+06, 473128, 0
7.46577e+06, 3.10936e+06, 0
9.38175e+06, 3.28878e+06, 0
8.44579e+06, 1.9464e+06, 0
6.80802e+06, 1.89116e+06, 0
8.11087e+06, 983026, 0
8.28022e+06, 905339, 0
1.031e+07, 4.5197e+06, 0
2.53356e+06, 175176, 0
5.81866e+06, 1.23955e+06, 0
6.15037e+06, 2.39655e+06, 0
6.24555e+06, 1.74621e+06, 0
9.7176e+06, 2.43334e+06, 0
6.42856e+06, 2.916e+06, 0
8.54252e+06, 1.87373e+06, 0
1.00693e+07, 2.58231e+06, 0
1.05995e+07, 2.8348e+06, 0
4.6241e+06, 1.8107e+06, 0
4.76699e+06, 1.52962e+06, 0
5.31509e+06, 1.03343e+06, 0
8.00046e+06, 1.061e+06, 0
9.46425e+06, 3.9515e+06, 0
7.14241e+06, 2.98053e+06, 0
6.8176e+06, 2.41917e+06, 0
5.30575e+06, 1.8615e+06, 0
9.87715e+06, 4.63867e+06, 0
8.91473e+06, 1.8277e+06, 0
3.25173e+06, 1.10571e+06, 0
1.34684e+07, 6.19944e+06, 0
4.56901e+06, 1.07734e+06, 0
6.71578e+06, 3.04974e+06, 0
3.27808e+06, 936649, 0
8.54139e+06, 4.12555e+06, 0
5.46804e+06, 1.65763e+06, 0
6.32455e+06, 958974, 0
1.12688e+07, 3.11632e+06, 0
7.28197e+06, 3.23007e+06, 0
6.08636e+06, 1.38533e+06, 0
7.24421e+06, 1.88302e+06, 0
1.3837e+07, 4.39533e+06, 0
1.24408e+07, 1.97015e+06, 0
4.37605e+06, 1.37113e+06, 0
1.03475e+07, 1.9709e+06, 0
5.56678e+06, 1.93978e+06, 0
1.11122e+07, 5.50123e+06, 0
8.8531e+06, 3.28111e+06, 0
5.79996e+06, 1.76836e+06, 0
4.17394e+06, 846011, 0
4.92374e+06, 1.16658e+06, 0
1.02811e+07, 3.64607e+06, 0
9.93967e+06, 2.91076e+06, 0
7.62609e+06, 3.16333e+06, 0
4.4346e+06, 926672, 0
8.86829e+06, 1.81405e+06, 0
7.62603e+06, 1.92405e+06, 0
1.33704e+07, 5.30386e+06, 0
9.92486e+06, 4.782e+06, 0
1.02124e+07, 5.09158e+06, 0
6.45284e+06, 2.14539e+06, 0
6.14617e+06, 2.03429e+06, 0
1.05923e+07, 2.33009e+06, 0
9.19002e+06, 1.21065e+06, 0
7.83908e+06, 1.91526e+06, 0
6.48521e+06, 2.22176e+06, 0
1.49579e+07, 4.80412e+06, 0
6.57003e+06, 2.26269e+06, 0
7.76058e+06, 3.14625e+06, 0
7.28452e+06, 3.34287e+06, 0
5.40621e+06, 1.23977e+06, 0
5.15514e+06, 2.19451e+06, 0
3.11e+06, 905980, 0
8.73662e+06, 3.38884e+06, 0
5.21841e+06, 1.34198e+06, 0
1.19813e+07, 732992, 0
8.70117e+06, 1.63492e+06, 0
8.23836e+06, 1.78778e+06, 0
1.15585e+07, 2.38821e+06, 0
6.02237e+06, 1.74784e+06, 0
8.49113e+06, 3.54824e+06, 0
5.37832e+06, 754406, 0
1.05006e+07, 4.81533e+06, 0
4.46107e+06, 1.3243e+06, 0
7.60997e+06, 1.89084e+06, 0
8.75841e+06, 3.2907e+06, 0
6.11639e+06, 2.81839e+06, 0
5.77671e+06, 2.65691e+06, 0
7.68578e+06, 3.26544e+06, 0
5.23145e+06, 1.29293e+06, 0
1.10122e+07, 663221, 0
5.43622e+06, 2.10968e+06, 0
6.15376e+06, 1.62e+06, 0
7.91485e+06, 2.26419e+06, 0
1.12063e+07, 3.88184e+06, 0
1.43771e+07, 6.93225e+06, 0
8.28806e+06, 2.03919e+06, 0
1.11637e+07, 4.97062e+06, 0
7.43609e+06, 1.15663e+06, 0
7.63358e+06, 3.61092e+06, 0
7.40189e+06, 3.13462e+06, 0
5.75147e+06, 2.02581e+06, 0
6.734e+06, 2.94312e+06, 0
4.23285e+06, 987106, 0
9.82299e+06, 931832, 0
7.20775e+06, 2.11335e+06, 0
6.83186e+06, 1.33319e+06, 0
5.37364e+06, 1.2831e+06, 0
9.09387e+06, 2.61397e+06, 0
3.63416e+06, 669752, 0
6.39328e+06, 1.96525e+06, 0
5.35657e+06, 1.96791e+06, 0
3.89596e+06, 1.44505e+06, 0
5.60494e+06, 1.32971e+06, 0
4.56245e+06, 1.31945e+06, 0
7.12329e+06, 1.78671e+06, 0
4.64237e+06, 1.67029e+06, 0
8.69919e+06, 3.70155e+06, 0
6.54084e+06, 2.10666e+06, 0
8.73022e+06, 3.74185e+06, 0
8.70156e+06, 3.81784e+06, 0
3.77696e+06, 1.29752e+06, 0
6.15495e+06, 1.96255e+06, 0
1.10631e+07, 5.45881e+06, 0
6.67232e+06, 1.02906e+06, 0
1.3186e+07, 1.61781e+06, 0
4.07585e+06, 1.30148e+06, 0
1.24678e+07, 5.00672e+06, 0
1.25304e+07, 5.29353e+06, 0
4.90236e+06, 594145, 0
1.06941e+07, 3.57312e+06, 0
7.79743e+06, 1.15304e+06, 0
8.13662e+06, 3.4605e+06, 0
3.40049e+06, 238322, 0
1.09421e+07, 3.98247e+06, 0
6.31814e+06, 1.32256e+06, 0
8.18041e+06, 1.59137e+06, 0
4.58122e+06, 1.80967e+06, 0
8.51468e+06, 3.22736e+06, 0
6.91623e+06, 2.30465e+06, 0
4.75588e+06, 1.23801e+06, 0
6.36255e+06, 2.62557e+06, 0
3.08391e+06, 106934, 0
4.99425e+06, 219628, 0
7.87305e+06, 393515, 0
9.77725e+06, 2.30338e+06, 0
5.0456e+06, 2.24036e+06, 0
3.47573e+06, 709761, 0
5.89884e+06, 2.4422e+06, 0
5.61038e+06, 1.76514e+06, 0
5.63006e+06, 2.55655e+06, 0
8.33338e+06, 3.68791e+06, 0
1.47182e+07, 7.04084e+06, 0
8.36524e+06, 3.35596e+06, 0
5.52895e+06, 2.42308e+06, 0
8.66598e+06, 2.89315e+06, 0
7.59772e+06, 1.73789e+06, 0
4.95763e+06, 1.74973e+06, 0
6.30743e+06, 2.70236e+06, 0
3.50013e+06, 1.00169e+06, 0
5.92633e+06, 2.57563e+06, 0
4.74047e+06, 1.56801e+06, 0
1.10168e+07, 4.18644e+06, 0
4.95108e+06, 261818, 0
9.92277e+06, 4.51483e+06, 0
6.96302e+06, 3.30093e+06, 0
4.92152e+06, 644483, 0
1.04491e+07, 3.70837e+06, 0
4.80254e+06, 1.88964e+06, 0
8.13554e+06, 844733, 0
1.19655e+07, 5.09207e+06, 0
6.86491e+06, 2.67769e+06, 0
5.82183e+06, 1.2186e+06, 0
6.66742e+06, 1.96283e+06, 0
7.86224e+06, 3.01455e+06, 0
7.2117e+06, 2.86823e+06, 0
5.92659e+06, 1.37348e+06, 0
6.42308e+06, 1.62707e+06, 0
8.40875e+06, 1.06846e+06, 0
6.35023e+06, 2.52351e+06, 0
1.09928e+07, 1.38855e+06, 0
5.27859e+06, 607770, 0
8.63571e+06, 2.94186e+06, 0
7.34752e+06, 2.55927e+06, 0
2.78492e+06, 201067, 0
2.84869e+06, 37494.1, 0
8.36597e+06, 3.36451e+06, 0
5.85337e+06, 1.21142e+06, 0
3.57143e+06, 641310, 0
3.63137e+06, 835865, 0
4.75746e+06, 706740, 0
1.27501e+07, 2.47354e+06, 0
7.15012e+06, 2.58936e+06, 0
7.17417e+06, 2.50105e+06, 0
7.83734e+06, 3.04923e+06, 0
4.5426e+06, 1.78857e+06, 0
5.37137e+06, 1.28735e+06, 0
4.59388e+06, 1.50584e+06, 0
7.28405e+06, 2.85758e+06, 0
3.5161e+06, 433051, 0
9.19338e+06, 3.16523e+06, 0
8.16357e+06, 2.46152e+06, 0
9.75251e+06, 3.40335e+06, 0
3.24948e+06, 525847, 0
1.10058e+07, 2.58576e+06, 0
8.5489e+06, 3.99121e+06, 0
4.84437e+06, 1.06894e+06, 0
4.26136e+06, 1.68717e+06, 0
7.14997e+06, 2.88734e+06, 0
5.32207e+06, 2.17808e+06, 0
9.75275e+06, 1.57776e+06, 0
6.35795e+06, 2.76397e+06, 0
4.76594e+06, 1.02747e+06, 0
6.51681e+06, 2.98322e+06, 0
9.59568e+06, 2.35496e+06, 0
8.15581e+06, 3.2438e+06, 0
3.64833e+06, 947614, 0
4.46893e+06, 1.6799e+06, 0
1.18855e+07, 2.6062e+06, 0
3.92032e+06, 1.31416e+06, 0
9.00588e+06, 2.90022e+06, 0
8.0217e+06, 3.60253e+06, 0
9.26376e+06, 4.16331e+06, 0
1.03148e+07, 1.49139e+06, 0
5.63656e+06, 2.15653e+06, 0
9.11195e+06, 3.72862e+06, 0
7.80629e+06, 1.61405e+06, 0
5.4957e+06, 1.50513e+06, 0
3.36223e+06, 1.1013e+06, 0
8.49532e+06, 2.30235e+06, 0
3.92895e+06, 965632, 0
8.93569e+06, 1.97252e+06, 0
8.92714e+06, 3.98115e+06, 0
5.84602e+06, 2.68811e+06, 0
1.20879e+07, 4.65375e+06, 0
4.92814e+06, 1.16515e+06, 0
3.15946e+06, 516207, 0
3.18327e+06, 762350, 0
8.53287e+06, 2.25808e+06, 0
5.68851e+06, 2.53499e+06, 0
5.07351e+06, 2.27489e+06, 0
6.31598e+06, 1.15668e+06, 0
7.15445e+06, 2.58706e+06, 0
4.0965e+06, 1.14813e+06, 0
4.9966e+06, 1.44359e+06, 0
8.38405e+06, 3.26591e+06, 0
1.14068e+07, 4.45162e+06, 0
9.66481e+06, 4.43741e+06, 0
6.04073e+06, 1.56168e+06, 0
1.04216e+07, 4.37593e+06, 0
8.83253e+06, 2.1257e+06, 0
5.55251e+06, 2.11311e+06, 0
4.81066e+06, 811752, 0
8.1455e+06, 3.73223e+06, 0
5.3034e+06, 2.0826e+06, 0
6.50975e+06, 2.71325e+06, 0
5.30273e+06, 1.40897e+06, 0
4.43623e+06, 1.45635e+06, 0
6.33077e+06, 2.40688e+06, 0
7.49521e+06, 851833, 0
7.32047e+06, 1.56643e+06, 0
4.6724e+06, 1.78475e+06, 0
4.34576e+06, 1.31326e+06, 0
5.04586e+06, 1.99668e+06, 0
8.47318e+06, 2.66134e+06, 0
4.00156e+06, 581952, 0
2.59847e+06, 494128, 0
7.97254e+06, 1.61894e+06, 0
9.16179e+06, 1.7253e+06, 0
1.00967e+07, 1.64544e+06, 0
9.07876e+06, 2.50636e+06, 0
6.2802e+06, 1.67824e+06, 0
3.34265e+06, 904574, 0
8.24215e+06, 3.94798e+06, 0
1.02089e+07, 2.6097e+06, 0
8.02491e+06, 2.59649e+06, 0
1.19375e+07, 4.99613e+06, 0
1.25234e+07, 3.77952e+06, 0
7.20852e+06, 1.75044e+06, 0
6.42562e+06, 2.29084e+06, 0
4.8575e+06, 1.08246e+06, 0
6.80615e+06, 3.08231e+06, 0
6.75988e+06, 2.85491e+06, 0
5.45846e+06, 1.30592e+06, 0
5.70066e+06, 1.56498e+06, 0
7.30307e+06, 769396, 0
5.26358e+06, 2.25048e+06, 0
3.21578e+06, 849133, 0
3.18188e+06, 772272, 0
1.32304e+07, 3.80961e+06, 0
6.00503e+06, 2.43709e+06, 0
1.29362e+07, 2.58099e+06, 0
6.89036e+06, 2.59979e+06, 0
5.0609e+06, 1.86492e+06, 0
8.52442e+06, 3.76639e+06, 0
5.87487e+06, 2.59421e+06, 0
6.92164e+06, 3.34071e+06, 0
1.03912e+07, 4.38553e+06, 0
7.9011e+06, 3.24465e+06, 0
7.2828e+06, 1.87736e+06, 0
4.51047e+06, 1.38871e+06, 0
5.89611e+06, 1.43493e+06, 0
5.13047e+06, 915210, 0
3.82912e+06, 825963, 0
7.73447e+06, 3.082e+06, 0
9.51409e+06, 3.4866e+06, 0
5.77447e+06, 2.59105e+06, 0
3.4071e+06, 933336, 0
6.2504e+06, 2.89329e+06, 0
9.69336e+06, 4.23408e+06, 0
6.66024e+06, 2.33341e+06, 0
4.87499e+06, 1.76395e+06, 0
7.35233e+06, 1.88591e+06, 0
1.05993e+07, 3.44754e+06, 0
6.43649e+06, 2.32825e+06, 0
5.00023e+06, 1.39934e+06, 0
7.33387e+06, 2.18378e+06, 0
3.25894e+06, 222182, 0
4.91592e+06, 1.5194e+06, 0
6.87589e+06, 1.60288e+06, 0
7.78259e+06, 3.63551e+06, 0
6.90094e+06, 2.55675e+06, 0
2.93856e+06, 728080, 0
9.88433e+06, 3.67061e+06, 0
9.16992e+06, 1.66974e+06, 0
5.52366e+06, 2.16918e+06, 0
4.76162e+06, 1.35997e+06, 0
1.20169e+07, 5.78634e+06, 0
5.94057e+06, 2.23639e+06, 0
8.58784e+06, 2.09912e+06, 0
7.52248e+06, 2.97441e+06, 0
6.21846e+06, 1.45544e+06, 0
1.12919e+07, 2.12771e+06, 0
4.64683e+06, 1.62736e+06, 0
7.574e+06, 2.66425e+06, 0
6.04338e+06, 1.69586e+06, 0
6.31289e+06, 1.45855e+06, 0
1.02153e+07, 5.02062e+06, 0
5.03319e+06, 2.21423e+06, 0
5.96746e+06, 2.35149e+06, 0
4.79326e+06, 1.64118e+06, 0
5.64277e+06, 2.13476e+06, 0
1.05883e+07, 3.82996e+06, 0
9.04654e+06, 3.97842e+06, 0
8.60348e+06, 3.79319e+06, 0
9.6841e+06, 1.37871e+06, 0
1.03155e+07, 5.09025e+06, 0
6.72625e+06, 3.17554e+06, 0
5.32021e+06, 2.4245e+06, 0
6.0896e+06, 2.82976e+06, 0
1.65528e+07, 5.16224e+06, 0
4.49274e+06, 591141, 0
9.8688e+06, 3.85725e+06, 0
5.44541e+06, 2.50876e+06, 0
3.98761e+06, 1.07435e+06, 0
5.86887e+06, 1.57764e+06, 0
3.94827e+06, 1.24667e+06, 0
6.17053e+06, 829389, 0
1.0059e+07, 4.6095e+06, 0
7.21105e+06, 2.78927e+06, 0
6.35354e+06, 786647, 0
7.0781e+06, 3.40062e+06, 0
5.62065e+06, 2.21303e+06, 0
8.82721e+06, 3.48991e+06, 0
5.73006e+06, 790616, 0
4.83662e+06, 2.12315e+06, 0
9.16306e+06, 2.46824e+06, 0
5.3991e+06, 360699, 0
6.91823e+06, 1.47449e+06, 0
6.28997e+06, 2.88536e+06, 0
6.17303e+06, 1.83685e+06, 0
1.17088e+07, 4.74596e+06, 0
6.354e+06, 1.67318e+06, 0
6.66419e+06, 1.57572e+06, 0
8.50126e+06, 2.9976e+06, 0
7.46047e+06, 3.50826e+06, 0
2.71619e+06, 427865, 0
6.47167e+06, 2.31803e+06, 0
1.03184e+07, 4.84441e+06, 0
6.216e+06, 2.7743e+06, 0
6.3317e+06, 2.29811e+06, 0
9.61705e+06, 3.63917e+06, 0
4.95507e+06, 1.47732e+06, 0
8.72684e+06, 1.54505e+06, 0
9.66895e+06, 3.21936e+06, 0
9.14905e+06, 3.9078e+06, 0
1.10182e+07, 2.22205e+06, 0
9.46239e+06, 2.34036e+06, 0
5.81644e+06, 2.52353e+06, 0
5.45355e+06, 572382, 0
8.47541e+06, 3.5632e+06, 0
8.24124e+06, 3.85395e+06, 0
7.24704e+06, 3.24779e+06, 0
1.11922e+07, 2.35415e+06, 0
7.31399e+06, 2.26648e+06, 0
1.21662e+07, 4.67972e+06, 0
1.01278e+07, 4.58945e+06, 0
5.73343e+06, 2.45146e+06, 0
8.14751e+06, 3.16027e+06, 0
7.50446e+06, 1.52816e+06, 0
5.84182e+06, 1.09577e+06, 0
9.28736e+06, 3.02728e+06, 0
5.69549e+06, 1.7737e+06, 0
7.99853e+06, 1.45442e+06, 0
3.1195e+06, 403280, 0
7.40553e+06, 2.97605e+06, 0
5.92514e+06, 2.70547e+06, 0
8.53822e+06, 2.04699e+06, 0
6.64916e+06, 1.57887e+06, 0
4.90956e+06, 1.30578e+06, 0
9.94938e+06, 1.34382e+06, 0
1.0065e+07, 1.23252e+06, 0
8.69773e+06, 1.94188e+06, 0
5.89574e+06, 2.2958e+06, 0
4.423e+06, 1.39586e+06, 0
8.88221e+06, 2.28907e+06, 0
1.11843e+07, 2.72491e+06, 0
1.03968e+07, 2.25575e+06, 0
1.04153e+07, 2.19342e+06, 0
5.76551e+06, 1.40574e+06, 0
5.54733e+06, 262804, 0
5.37232e+06, 670474, 0
7.29963e+06, 1.50381e+06, 0
6.71246e+06, 598344, 0
8.80398e+06, 588146, 0
4.23459e+06, 915503, 0
7.5338e+06, 2.64598e+06, 0
7.72349e+06, 1.13029e+06, 0
5.24612e+06, 2.06473e+06, 0
5.31173e+06, 623469, 0
7.98994e+06, 2.39034e+06, 0
5.53039e+06, 1.91508e+06, 0
6.59915e+06, 2.36432e+06, 0
6.29247e+06, 1.34824e+06, 0
4.98769e+06, 1.77261e+06, 0
9.82755e+06, 2.02096e+06, 0
1.06952e+07, 3.14238e+06, 0
7.67308e+06, 2.31781e+06, 0
7.32872e+06, 306899, 0
3.75577e+06, 840630, 0
4.21627e+06, 885543, 0
1.59241e+07, 4.52864e+06, 0
5.55519e+06, 1.73026e+06, 0
7.7906e+06, 3.7329e+06, 0
7.99578e+06, 2.61962e+06, 0
5.87046e+06, 1.95128e+06, 0
1.11829e+07, 5.57734e+06, 0
4.85253e+06, 1.41733e+06, 0
5.56452e+06, 1.20019e+06, 0
1.03155e+07, 2.3547e+06, 0
9.17258e+06, 3.97178e+06, 0
9.20954e+06, 4.47806e+06, 0
4.78509e+06, 551732, 0
5.87611e+06, 2.06111e+06, 0
6.33623e+06, 2.91262e+06, 0
9.23102e+06, 1.32485e+06, 0
4.44926e+06, 1.57745e+06, 0
4.68201e+06, 1.42899e+06, 0
1.07833e+07, 513269, 0
8.38764e+06, 1.48909e+06, 0
9.22267e+06, 4.24533e+06, 0
5.3217e+06, 1.9733e+06, 0
1.40323e+07, 3.80118e+06, 0
6.15607e+06, 154914, 0
9.2563e+06, 3.07961e+06, 0
5.73486e+06, 1.37066e+06, 0
1.07629e+07, 3.91005e+06, 0
4.78313e+06, 1.51168e+06, 0
5.71663e+06, 824699, 0
3.51245e+06, 1.17593e+06, 0
6.17777e+06, 2.8977e+06, 0
3.39242e+06, 1.16552e+06, 0
6.98179e+06, 2.76935e+06, 0
9.60323e+06, 1.92668e+06, 0
9.3288e+06, 1.88442e+06, 0
7.85746e+06, 2.50632e+06, 0
7.44482e+06, 2.0169e+06, 0
7.17775e+06, 3.32221e+06, 0
4.16108e+06, 1.09197e+06, 0
8.76312e+06, 2.04395e+06, 0
7.78126e+06, 3.67616e+06, 0
6.06494e+06, 2.56543e+06, 0
7.9075e+06, 944841, 0
1.03805e+07, 3.19893e+06, 0
9.42715e+06, 3.419e+06, 0
4.9623e+06, 2.08936e+06, 0
5.38929e+06, 2.45076e+06, 0
5.51613e+06, 2.22341e+06, 0
8.3701e+06, 3.50107e+06, 0
4.28125e+06, 1.71865e+06, 0
3.77981e+06, 990381, 0
5.40999e+06, 1.41317e+06, 0
3.38692e+06, 766950, 0
5.89038e+06, 1.70698e+06, 0
4.33391e+06, 1.0764e+06, 0
1.01428e+07, 3.14858e+06, 0
1.21395e+07, 5.38602e+06, 0
1.3039e+07, 2.74653e+06, 0
1.33311e+07, 4.16475e+06, 0
9.44147e+06, 598770, 0
8.43952e+06, 2.75838e+06, 0
1.06038e+07, 3.74246e+06, 0
8.45534e+06, 2.94899e+06, 0
3.98455e+06, 631703, 0
7.07337e+06, 1.86739e+06, 0
4.74215e+06, 1.47911e+06, 0
7.45581e+06, 2.38638e+06, 0
6.7245e+06, 2.01031e+06, 0
6.60141e+06, 1.20739e+06, 0
3.50204e+06, 762045, 0
1.62573e+07, 4.49062e+06, 0
9.35281e+06, 2.51213e+06, 0
1.06629e+07, 2.16186e+06, 0
5.85039e+06, 2.1041e+06, 0
8.20269e+06, 3.13975e+06, 0
8.25858e+06, 2.65329e+06, 0
6.56422e+06, 1.18538e+06, 0
3.50421e+06, 473589, 0
6.60553e+06, 1.84036e+06, 0
5.44016e+06, 950346, 0
4.5789e+06, 410534, 0
4.75569e+06, 1.52566e+06, 0
8.64358e+06, 2.78734e+06, 0
6.6231e+06, 2.4187e+06, 0
3.61941e+06, 255300, 0
3.79755e+06, 821824, 0
3.64402e+06, 1.34685e+06, 0
7.5923e+06, 1.56027e+06, 0
4.206e+06, 1.54693e+06, 0
8.30846e+06, 3.47852e+06, 0
8.41362e+06, 888283, 0
9.30699e+06, 336675, 0
6.84176e+06, 2.85991e+06, 0
7.30417e+06, 608427, 0
4.61263e+06, 1.1425e+06, 0
4.50318e+06, 1.16235e+06, 0
9.08703e+06, 4.14286e+06, 0
6.98116e+06, 2.04169e+06, 0
5.03831e+06, 1.63019e+06, 0
7.38176e+06, 2.36457e+06, 0
5.34498e+06, 942254, 0
5.81007e+06, 2.35941e+06, 0
4.86441e+06, 1.21552e+06, 0
1.01807e+07, 2.75388e+06, 0
1.46093e+07, 5.02489e+06, 0
8.37579e+06, 2.64389e+06, 0
6.53863e+06, 1.14903e+06, 0
3.14629e+06, 433437, 0
8.12968e+06, 2.58991e+06, 0
8.12116e+06, 1.65113e+06, 0
5.84009e+06, 2.673e+06, 0
7.33868e+06, 2.59349e+06, 0
4.70611e+06, 1.25181e+06, 0
8.62461e+06, 3.34238e+06, 0
9.6408e+06, 4.78036e+06, 0
3.26656e+06, 1.00545e+06, 0
6.51149e+06, 2.53665e+06, 0
7.89791e+06, 1.18896e+06, 0
6.32962e+06, 1.11241e+06, 0
4.87278e+06, 1.62461e+06, 0
3.93448e+06, 1.54923e+06, 0
1.29202e+07, 2.6478e+06, 0
6.86958e+06, 2.4014e+06, 0
4.30016e+06, 1.26714e+06, 0
7.95943e+06, 3.26301e+06, 0
7.81602e+06, 2.06149e+06, 0
9.3439e+06, 3.62884e+06, 0
6.34293e+06, 2.49755e+06, 0
4.56572e+06, 1.73309e+06, 0
9.00711e+06, 2.52895e+06, 0
6.94813e+06, 2.96643e+06, 0
8.40692e+06, 1.74829e+06, 0
4.99278e+06, 1.70018e+06, 0
4.6739e+06, 2.02265e+06, 0
5.49958e+06, 1.84904e+06, 0
7.37277e+06, 2.42283e+06, 0
8.10714e+06, 3.43195e+06, 0
9.49546e+06, 1.04675e+06, 0
1.09603e+07, 3.78006e+06, 0
4.89743e+06, 1.72227e+06, 0
5.23456e+06, 1.32108e+06, 0
9.4121e+06, 3.86886e+06, 0
6.21584e+06, 2.10718e+06, 0
9.2195e+06, 1.84933e+06, 0
5.50157e+06, 1.04387e+06, 0
8.19018e+06, 3.16205e+06, 0
1.00191e+07, 3.77294e+06, 0
6.98164e+06, 2.46565e+06, 0
5.74764e+06, 2.22005e+06, 0
1.14622e+07, 911760, 0
5.06774e+06, 1.96103e+06, 0
6.90327e+06, 1.72221e+06, 0
5.78771e+06, 2.43774e+06, 0
4.68016e+06, 1.64364e+06, 0
1.0332e+07, 2.96021e+06, 0
7.34518e+06, 1.22959e+06, 0
5.94864e+06, 1.58185e+06, 0
6.32629e+06, 2.78332e+06, 0
1.24168e+07, 4.15101e+06, 0
1.43453e+07, 481243, 0
4.79063e+06, 1.93486e+06, 0
9.56267e+06, 2.35868e+06, 0
6.35378e+06, 1.65969e+06, 0
6.67514e+06, 1.96735e+06, 0
4.21613e+06, 1.77124e+06, 0
8.48537e+06, 3.4446e+06, 0
1.18846e+07, 5.99237e+06, 0
5.20494e+06, 1.00607e+06, 0
8.63905e+06, 756616, 0
3.94791e+06, 1.11007e+06, 0
6.4045e+06, 369474, 0
2.79108e+06, 318966, 0
4.33987e+06, 1.47252e+06, 0
6.03715e+06, 1.21759e+06, 0
5.00093e+06, 348766, 0
1.45854e+07, 6.87922e+06, 0
7.41996e+06, 1.88128e+06, 0
4.37901e+06, 1.35484e+06, 0
5.64287e+06, 2.28131e+06, 0
8.87992e+06, 4.2639e+06, 0
7.50134e+06, 2.90057e+06, 0
7.16909e+06, 1.31522e+06, 0
4.7624e+06, 1.52852e+06, 0
4.84953e+06, 150840, 0
8.91245e+06, 2.30712e+06, 0
5.58498e+06, 1.71169e+06, 0
8.90485e+06, 2.8478e+06, 0
6.57804e+06, 1.84693e+06, 0
7.94163e+06, 2.77795e+06, 0
8.12332e+06, 2.72485e+06, 0
9.80451e+06, 4.31211e+06, 0
4.44095e+06, 229610, 0
9.39791e+06, 4.60263e+06, 0
9.1279e+06, 1.93798e+06, 0
1.04008e+07, 1.88094e+06, 0
6.33815e+06, 2.68267e+06, 0
5.98767e+06, 1.65858e+06, 0
6.75446e+06, 2.59122e+06, 0
1.07116e+07, 2.0042e+06, 0
7.55733e+06, 3.29828e+06, 0
1.07574e+07, 2.01513e+06, 0
1.16419e+07, 2.7516e+06, 0
7.70613e+06, 3.57642e+06, 0
8.17168e+06, 3.54623e+06, 0
7.15812e+06, 3.35315e+06, 0
4.59989e+06, 1.35083e+06, 0
6.37548e+06, 1.45182e+06, 0
6.86421e+06, 3.20281e+06, 0
7.88311e+06, 2.76303e+06, 0
3.72068e+06, 1.02413e+06, 0
8.74029e+06, 2.85811e+06, 0
2.87283e+06, 671702, 0
5.59645e+06, 1.66933e+06, 0
5.73582e+06, 2.02711e+06, 0
9.26136e+06, 1.41665e+06, 0
4.62111e+06, 1.88189e+06, 0
4.13908e+06, 1.66076e+06, 0
3.94066e+06, 955154, 0
4.31724e+06, 1.26264e+06, 0
2.93403e+06, 762914, 0
7.85443e+06, 448511, 0
3.28026e+06, 972186, 0
6.64393e+06, 2.17159e+06, 0
4.09399e+06, 890562, 0
6.84601e+06, 2.35907e+06, 0
1.01211e+07, 1.84209e+06, 0
8.21482e+06, 2.57538e+06, 0
3.48657e+06, 967131, 0
8.819e+06, 4.12942e+06, 0
3.66845e+06, 784159, 0
5.35594e+06, 1.92698e+06, 0
3.97805e+06, 864283, 0
8.57675e+06, 2.13556e+06, 0
8.82128e+06, 4.04499e+06, 0
7.30669e+06, 3.24184e+06, 0
6.54236e+06, 1.91181e+06, 0
7.08063e+06, 1.43524e+06, 0
9.03452e+06, 1.29741e+06, 0
7.58798e+06, 3.16114e+06, 0
3.64238e+06, 1.31327e+06, 0
4.89319e+06, 1.82858e+06, 0
4.08529e+06, 1.69517e+06, 0
5.58018e+06, 2.01445e+06, 0
6.93884e+06, 1.67164e+06, 0
1.15475e+07, 3.49187e+06, 0
6.07625e+06, 1.56523e+06, 0
5.68834e+06, 1.45768e+06, 0
2.91236e+06, 313395, 0
5.82999e+06, 2.59613e+06, 0
5.30851e+06, 1.93927e+06, 0
8.80361e+06, 3.86117e+06, 0
5.29758e+06, 2.42403e+06, 0
9.67217e+06, 2.99704e+06, 0
7.62287e+06, 1.21863e+06, 0
7.29583e+06, 3.17428e+06, 0
6.65602e+06, 1.58212e+06, 0
3.88924e+06, 1.06062e+06, 0
5.91144e+06, 611091, 0
5.74279e+06, 2.49615e+06, 0
7.00412e+06, 1.84772e+06, 0
5.54168e+06, 1.69115e+06, 0
5.11988e+06, 1.94628e+06, 0
3.59972e+06, 1.14681e+06, 0
6.17517e+06, 691406, 0
6.25971e+06, 1.70704e+06, 0
6.33205e+06, 2.13581e+06, 0
4.39099e+06, 1.71068e+06, 0
6.89618e+06, 3.29962e+06, 0
6.39754e+06, 1.15457e+06, 0
3.40129e+06, 589310, 0
8.15572e+06, 3.68143e+06, 0
3.47265e+06, 1.06158e+06, 0
5.66915e+06, 860449, 0
6.51159e+06, 703100, 0
6.91271e+06, 3.0815e+06, 0
8.17177e+06, 3.43646e+06, 0
6.87714e+06, 2.85322e+06, 0
8.73627e+06, 3.88123e+06, 0
5.85392e+06, 2.12991e+06, 0
1.41862e+07, 3.95139e+06, 0
4.42837e+06, 1.59706e+06, 0
6.46012e+06, 2.23843e+06, 0
7.25455e+06, 3.15193e+06, 0
8.12736e+06, 1.22182e+06, 0
6.84929e+06, 2.90022e+06, 0
9.26714e+06, 937830, 0
5.9763e+06, 2.06616e+06, 0
6.51163e+06, 1.62043e+06, 0
5.24344e+06, 1.44633e+06, 0
5.64293e+06, 600537, 0
4.19211e+06, 428669, 0
8.81554e+06, 1.81873e+06, 0
9.37043e+06, 3.6548e+06, 0
6.20347e+06, 2.7226e+06, 0
7.31095e+06, 1.29625e+06, 0
6.37426e+06, 1.46452e+06, 0
7.89283e+06, 3.44843e+06, 0
5.4699e+06, 1.29078e+06, 0
5.52357e+06, 2.16146e+06, 0
7.67545e+06, 1.52354e+06, 0
7.16905e+06, 303930, 0
5.74931e+06, 643511, 0
8.72418e+06, 2.22564e+06, 0
4.93401e+06, 1.79595e+06, 0
7.27073e+06, 2.21297e+06, 0
7.28391e+06, 726619, 0
6.82735e+06, 2.71204e+06, 0
1.15952e+07, 5.09432e+06, 0
8.11769e+06, 2.34246e+06, 0
1.0077e+07, 3.3663e+06, 0
7.54422e+06, 2.68064e+06, 0
4.77887e+06, 1.8409e+06, 0
4.39234e+06, 696098, 0
4.87149e+06, 611159, 0
5.52802e+06, 1.25005e+06, 0
6.7179e+06, 2.73889e+06, 0
6.2382e+06, 1.35459e+06, 0
1.34936e+07, 4.67876e+06, 0
4.49768e+06, 287764, 0
7.80208e+06, 3.59598e+06, 0
5.25999e+06, 1.70666e+06, 0
3.82559e+06, 1.20643e+06, 0
1.40432e+07, 5.33613e+06, 0
4.18133e+06, 740953, 0
5.41117e+06, 2.03428e+06, 0
8.40445e+06, 2.30117e+06, 0
1.02802e+07, 2.94376e+06, 0
5.82482e+06, 2.68233e+06, 0
4.9779e+06, 1.90542e+06, 0
9.44737e+06, 3.01092e+06, 0
7.66905e+06, 3.40325e+06, 0
5.58389e+06, 2.19883e+06, 0
5.07885e+06, 1.36526e+06, 0
5.338e+06, 2.23033e+06, 0
7.1534e+06, 707620, 0
8.8625e+06, 2.88117e+06, 0
1.04889e+07, 2.58888e+06, 0
7.58179e+06, 3.31632e+06, 0
9.05531e+06, 3.82564e+06, 0
8.34178e+06, 3.07513e+06, 0
8.3141e+06, 3.50109e+06, 0
7.82418e+06, 3.83283e+06, 0
6.4212e+06, 934979, 0
1.13794e+07, 2.29272e+06, 0
1.08644e+07, 841837, 0
6.33652e+06, 1.796e+06, 0
5.91081e+06, 449750, 0
9.81687e+06, 2.17448e+06, 0
1.29685e+07, 2.56838e+06, 0
8.59838e+06, 3.24855e+06, 0
8.75767e+06, 1.58519e+06, 0
6.43152e+06, 2.63862e+06, 0
7.84055e+06, 3.67972e+06, 0
4.5959e+06, 931261, 0
8.55507e+06, 2.70747e+06, 0
7.53531e+06, 3.58029e+06, 0
8.65296e+06, 3.99721e+06, 0
6.96217e+06, 2.91688e+06, 0
6.45907e+06, 1.06925e+06, 0
6.19709e+06, 756921, 0
2.8428e+06, 569144, 0
1.13459e+07, 3.59184e+06, 0
6.20256e+06, 1.91699e+06, 0
2.97715e+06, 634521, 0
8.31287e+06, 863887, 0
7.62489e+06, 1.60453e+06, 0
6.18936e+06, 2.52835e+06, 0
8.14114e+06, 2.485e+06, 0
9.7281e+06, 4.19517e+06, 0
1.13375e+07, 5.31692e+06, 0
4.44582e+06, 1.15067e+06, 0
9.84607e+06, 1.12702e+06, 0
4.27781e+06, 1.71233e+06, 0
4.40661e+06, 1.58365e+06, 0
8.65029e+06, 1.16613e+06, 0
4.35337e+06, 1.48369e+06, 0
4.89036e+06, 950418, 0
6.23669e+06, 2.95504e+06, 0
9.18443e+06, 984917, 0
6.13821e+06, 1.31006e+06, 0
4.96238e+06, 1.51702e+06, 0
5.25514e+06, 448963, 0
1.12962e+07, 3.78341e+06, 0
9.13159e+06, 463465, 0
7.44279e+06, 2.03786e+06, 0
6.80495e+06, 3.12389e+06, 0
5.4008e+06, 2.4762e+06, 0
7.03614e+06, 1.02584e+06, 0
7.22582e+06, 3.30499e+06, 0
8.39361e+06, 2.19521e+06, 0
6.24324e+06, 2.86032e+06, 0
7.46278e+06, 2.7146e+06, 0
7.83612e+06, 3.37309e+06, 0
5.94019e+06, 987745, 0
7.92707e+06, 3.78098e+06, 0
5.15708e+06, 1.15739e+06, 0
6.15021e+06, 2.02455e+06, 0
5.61054e+06, 1.99923e+06, 0
5.75023e+06, 1.9071e+06, 0
4.48314e+06, 660375, 0
4.18984e+06, 1.0528e+06, 0
4.74006e+06, 875509, 0
5.34404e+06, 2.34095e+06, 0
9.23236e+06, 3.70263e+06, 0
5.46501e+06, 1.29873e+06, 0
7.17625e+06, 1.83894e+06, 0
1.06564e+07, 2.57165e+06, 0
7.35618e+06, 2.83059e+06, 0
7.13204e+06, 2.15525e+06, 0
1.06423e+07, 4.90552e+06, 0
7.01809e+06, 2.4066e+06, 0
1.09878e+07, 3.36575e+06, 0
1.00946e+07, 3.98455e+06, 0
7.88438e+06, 3.37826e+06, 0
5.09156e+06, 1.47875e+06, 0
8.50824e+06, 4.20222e+06, 0
5.09081e+06, 2.27252e+06, 0
9.26969e+06, 2.36196e+06, 0
6.39301e+06, 2.43206e+06, 0
7.08608e+06, 3.39366e+06, 0
3.36312e+06, 1.16942e+06, 0
9.40043e+06, 3.38228e+06, 0
6.09238e+06, 2.12601e+06, 0
5.83903e+06, 1.26447e+06, 0
8.50015e+06, 733224, 0
5.47729e+06, 2.43568e+06, 0
7.19861e+06, 2.20835e+06, 0
8.70744e+06, 3.40021e+06, 0
5.89546e+06, 2.32355e+06, 0
5.45038e+06, 2.29087e+06, 0
1.13814e+07, 2.07365e+06, 0
7.14192e+06, 3.06336e+06, 0
4.67362e+06, 1.07665e+06, 0
4.87586e+06, 1.66565e+06, 0
7.48931e+06, 3.41003e+06, 0
5.75502e+06, 2.2999e+06, 0
6.24539e+06, 2.65953e+06, 0
6.73692e+06, 1.01156e+06, 0
9.7955e+06, 2.98541e+06, 0
4.11518e+06, 968733, 0
8.1718e+06, 1.83552e+06, 0
4.75024e+06, 1.26728e+06, 0
6.82054e+06, 1.68204e+06, 0
5.00102e+06, 1.69624e+06, 0
5.29388e+06, 728076, 0
5.10237e+06, 467041, 0
6.97246e+06, 2.82992e+06, 0
6.49839e+06, 2.05715e+06, 0
1.13162e+07, 5.05811e+06, 0
5.3196e+06, 2.35045e+06, 0
6.44225e+06, 1.1577e+06, 0
9.90903e+06, 2.12137e+06, 0
9.57614e+06, 3.41513e+06, 0
6.78102e+06, 3.19849e+06, 0
1.05914e+07, 3.95826e+06, 0
8.16831e+06, 469147, 0
1.06888e+07, 4.26031e+06, 0
6.16641e+06, 2.79205e+06, 0
1.25083e+07, 3.42697e+06, 0
5.34853e+06, 2.36543e+06, 0
6.00119e+06, 1.62876e+06, 0
9.01409e+06, 1.31973e+06, 0
1.05346e+07, 4.79037e+06, 0
8.55856e+06, 3.3991e+06, 0
1.52242e+07, 6.10762e+06, 0
1.00685e+07, 4.03419e+06, 0
8.29099e+06, 3.22798e+06, 0
9.84965e+06, 2.44792e+06, 0
4.04989e+06, 1.67074e+06, 0
5.86516e+06, 2.3713e+06, 0
4.99812e+06, 1.78264e+06, 0
4.86647e+06, 1.82622e+06, 0
9.12319e+06, 3.38458e+06, 0
8.25297e+06, 2.18559e+06, 0
3.89136e+06, 1.06724e+06, 0
8.91655e+06, 4.26983e+06, 0
5.21931e+06, 2.30594e+06, 0
8.65012e+06, 2.45115e+06, 0
7.53464e+06, 1.53144e+06, 0
1.02597e+07, 4.59166e+06, 0
5.07049e+06, 1.29415e+06, 0
8.37022e+06, 1.78434e+06, 0
6.26516e+06, 2.95435e+06, 0
7.62455e+06, 1.16098e+06, 0
9.194e+06, 4.44109e+06, 0
1.08963e+07, 4.94426e+06, 0
7.85029e+06, 3.73401e+06, 0
6.4446e+06, 2.7736e+06, 0
8.9955e+06, 1.73789e+06, 0
9.04543e+06, 3.6729e+06, 0
6.57853e+06, 1.28252e+06, 0
5.89838e+06, 2.74934e+06, 0
6.15851e+06, 631850, 0
7.34005e+06, 3.52464e+06, 0
9.64299e+06, 2.35217e+06, 0
4.70937e+06, 1.91944e+06, 0
5.95862e+06, 2.71788e+06, 0
4.66117e+06, 1.80884e+06, 0
3.979e+06, 1.41651e+06, 0
1.18044e+07, 4.95292e+06, 0
6.78364e+06, 3.23761e+06, 0
1.38284e+07, 3.71835e+06, 0
8.93551e+06, 3.08534e+06, 0
5.04061e+06, 1.62758e+06, 0
4.86586e+06, 2.17473e+06, 0
6.6583e+06, 959428, 0
5.22843e+06, 496977, 0
4.69625e+06, 1.41304e+06, 0
6.20121e+06, 378099, 0
1.04155e+07, 4.07851e+06, 0
6.71102e+06, 2.22978e+06, 0
6.04998e+06, 2.0669e+06, 0
1.50033e+07, 7.02375e+06, 0
5.30438e+06, 618437, 0
9.6935e+06, 4.31046e+06, 0
1.24467e+07, 4.77536e+06, 0
5.35303e+06, 2.18712e+06, 0
5.6841e+06, 1.79722e+06, 0
7.29346e+06, 274477, 0
9.75101e+06, 2.74495e+06, 0
5.43357e+06, 2.24286e+06, 0
1.10936e+07, 3.39633e+06, 0
5.56876e+06, 1.12971e+06, 0
6.13205e+06, 1.38893e+06, 0
5.71673e+06, 2.16887e+06, 0
7.19887e+06, 3.29923e+06, 0
6.77045e+06, 2.15409e+06, 0
3.16624e+06, 554141, 0
5.33934e+06, 958684, 0
5.48709e+06, 1.23422e+06, 0
7.94713e+06, 3.63147e+06, 0
4.88864e+06, 1.845e+06, 0
6.84962e+06, 2.31871e+06, 0
8.27192e+06, 4.06463e+06, 0
8.83094e+06, 1.52618e+06, 0
5.51777e+06, 2.09245e+06, 0
1.08731e+07, 4.34393e+06, 0
3.69085e+06, 1.24769e+06, 0
1.26454e+07, 3.49132e+06, 0
1.232e+07, 2.31945e+06, 0
7.58983e+06, 3.38988e+06, 0
5.67761e+06, 2.57182e+06, 0
3.59929e+06, 1.1464e+06, 0
5.98427e+06, 394735, 0
5.09644e+06, 280376, 0
7.95378e+06, 3.84446e+06, 0
4.60831e+06, 1.64346e+06, 0
1.0813e+07, 1.92608e+06, 0
1.2003e+07, 5.90465e+06, 0
1.06649e+07, 1.55302e+06, 0
7.24438e+06, 2.17944e+06, 0
3.79517e+06, 1.09892e+06, 0
4.6888e+06, 1.25172e+06, 0
5.51962e+06, 232882, 0
7.15571e+06, 1.78229e+06, 0
6.46233e+06, 2.59805e+06, 0
3.5323e+06, 581251, 0
6.26792e+06, 2.82611e+06, 0
1.10282e+07, 3.39146e+06, 0
8.53803e+06, 357285, 0
9.36445e+06, 3.8189e+06, 0
8.17261e+06, 2.46291e+06, 0
5.81463e+06, 2.63451e+06, 0
8.53888e+06, 202193, 0
1.03965e+07, 219500, 0
4.9937e+06, 1.6534e+06, 0
8.56803e+06, 2.95339e+06, 0
8.49065e+06, 2.90835e+06, 0
7.05195e+06, 1.76074e+06, 0
4.59458e+06, 1.91383e+06, 0
6.18284e+06, 2.72083e+06, 0
6.82845e+06, 3.15472e+06, 0
9.69713e+06, 4.2609e+06, 0
7.75533e+06, 1.0321e+06, 0
7.85265e+06, 2.08142e+06, 0
6.29979e+06, 1.19017e+06, 0
9.64462e+06, 1.67065e+06, 0
8.04494e+06, 3.14672e+06, 0
5.09157e+06, 2.18649e+06, 0
7.55528e+06, 3.6207e+06, 0
3.28504e+06, 641699, 0
9.82085e+06, 4.12861e+06, 0
5.45153e+06, 491468, 0
1.00011e+07, 4.74709e+06, 0
7.59468e+06, 3.37616e+06, 0
3.81741e+06, 1.30944e+06, 0
5.5586e+06, 2.41655e+06, 0
4.8341e+06, 578740, 0
7.6677e+06, 3.52968e+06, 0
9.40245e+06, 1.44822e+06, 0
2.78258e+06, 578925, 0
3.79106e+06, 524120, 0
7.29933e+06, 2.33152e+06, 0
8.79623e+06, 721815, 0
6.72198e+06, 1.97214e+06, 0
4.04916e+06, 632237, 0
1.27829e+07, 5.021e+06, 0
6.33492e+06, 2.66153e+06, 0
3.6331e+06, 1.31293e+06, 0
8.3222e+06, 3.36056e+06, 0
7.23098e+06, 2.86923e+06, 0
6.53284e+06, 1.26473e+06, 0
3.62503e+06, 1.30614e+06, 0
7.51459e+06, 1.62148e+06, 0
6.3964e+06, 2.7872e+06, 0
7.32774e+06, 3.26239e+06, 0
9.68338e+06, 2.799e+06, 0
1.23969e+07, 5.68563e+06, 0
7.45239e+06, 2.74616e+06, 0
7.41535e+06, 2.88743e+06, 0
1.07282e+07, 4.82902e+06, 0
6.831e+06, 413190, 0
5.63065e+06, 498318, 0
5.8879e+06, 2.55113e+06, 0
6.26192e+06, 2.62886e+06, 0
7.57298e+06, 2.63776e+06, 0
6.26921e+06, 2.28042e+06, 0
5.98153e+06, 2.01741e+06, 0
7.89834e+06, 1.78288e+06, 0
6.0881e+06, 2.66681e+06, 0
6.91813e+06, 2.47221e+06, 0
7.17606e+06, 770052, 0
7.05147e+06, 3.34462e+06, 0
3.9104e+06, 1.35899e+06, 0
9.66718e+06, 2.82692e+06, 0
9.08021e+06, 942912, 0
5.44917e+06, 974828, 0
4.1782e+06, 1.25058e+06, 0
8.47428e+06, 3.70584e+06, 0
1.32444e+07, 5.20838e+06, 0
5.77598e+06, 586404, 0
4.27299e+06, 556240, 0
9.26478e+06, 2.5378e+06, 0
5.76568e+06, 1.6411e+06, 0
5.8113e+06, 1.79067e+06, 0
5.55505e+06, 211079, 0
5.94491e+06, 2.32372e+06, 0
5.09956e+06, 2.1187e+06, 0
9.36985e+06, 3.49284e+06, 0
5.23943e+06, 2.0865e+06, 0
7.27031e+06, 3.26848e+06, 0
8.78905e+06, 2.82722e+06, 0
6.92041e+06, 1.46767e+06, 0
7.5404e+06, 3.14176e+06, 0
8.03359e+06, 2.64124e+06, 0
7.24092e+06, 1.35463e+06, 0
6.49475e+06, 2.24475e+06, 0
9.23242e+06, 4.0493e+06, 0
1.11497e+07, 3.46275e+06, 0
1.01009e+07, 3.97714e+06, 0
7.184e+06, 2.34287e+06, 0
4.98393e+06, 787655, 0
1.28328e+07, 2.13022e+06, 0
5.07221e+06, 673300, 0
6.41698e+06, 2.38794e+06, 0
7.93934e+06, 2.34986e+06, 0
6.2022e+06, 2.21728e+06, 0
1.24204e+07, 3.66446e+06, 0
6.81419e+06, 2.11859e+06, 0
7.78123e+06, 1.77937e+06, 0
7.78131e+06, 3.74043e+06, 0
4.8995e+06, 1.76491e+06, 0
6.87249e+06, 3.09673e+06, 0
5.81769e+06, 2.30978e+06, 0
4.40845e+06, 1.23665e+06, 0
7.52648e+06, 2.93574e+06, 0
9.06504e+06, 4.33024e+06, 0
3.91244e+06, 1.18762e+06, 0
1.06709e+07, 3.56586e+06, 0
6.17007e+06, 2.34655e+06, 0
8.81117e+06, 2.76366e+06, 0
4.89052e+06, 877016, 0
5.33257e+06, 1.8255e+06, 0
8.02994e+06, 3.45492e+06, 0
5.93099e+06, 2.22976e+06, 0
6.0117e+06, 1.18947e+06, 0
7.44532e+06, 2.24976e+06, 0
5.02698e+06, 1.60935e+06, 0
6.16184e+06, 757350, 0
3.37861e+06, 224888, 0
6.1494e+06, 2.08474e+06, 0
6.17986e+06, 2.90722e+06, 0
5.41093e+06, 477942, 0
9.18175e+06, 4.23517e+06, 0
5.27611e+06, 780480, 0
5.4464e+06, 1.59088e+06, 0
6.43533e+06, 2.42518e+06, 0
1.02215e+07, 1.46363e+06, 0
5.00403e+06, 2.07241e+06, 0
7.12254e+06, 2.78769e+06, 0
5.66829e+06, 2.23113e+06, 0
3.52142e+06, 496891, 0
7.597e+06, 3.07521e+06, 0
6.49213e+06, 2.82098e+06, 0
7.61497e+06, 1.58643e+06, 0
5.92884e+06, 1.88523e+06, 0
5.95953e+06, 1.25506e+06, 0
4.25829e+06, 1.02516e+06, 0
9.21402e+06, 4.31706e+06, 0
4.43272e+06, 1.29294e+06, 0
5.59149e+06, 2.4551e+06, 0
9.49508e+06, 1.77821e+06, 0
4.25565e+06, 594922, 0
5.04127e+06, 500765, 0
5.18185e+06, 700615, 0
1.12922e+07, 2.09899e+06, 0
3.02775e+06, 833877, 0
7.13609e+06, 3.32943e+06, 0
5.94374e+06, 1.51002e+06, 0
6.3575e+06, 558943, 0
4.33945e+06, 1.77289e+06, 0
9.06994e+06, 2.21023e+06, 0
8.99986e+06, 3.51125e+06, 0
7.08476e+06, 1.19966e+06, 0
6.58632e+06, 1.98292e+06, 0
9.79309e+06, 4.07296e+06, 0
6.21583e+06, 2.28157e+06, 0
5.59619e+06, 2.55559e+06, 0
4.35085e+06, 1.65109e+06, 0
5.10343e+06, 1.67212e+06, 0
8.72546e+06, 3.46273e+06, 0
7.81906e+06, 2.49882e+06, 0
4.1037e+06, 1.69464e+06, 0
3.49309e+06, 1.22472e+06, 0
6.96794e+06, 3.34223e+06, 0
7.40587e+06, 3.27137e+06, 0
8.61916e+06, 3.6086e+06, 0
4.76836e+06, 1.30299e+06, 0
6.41452e+06, 2.36607e+06, 0
5.32898e+06, 2.30692e+06, 0
6.88013e+06, 1.60319e+06, 0
6.60132e+06, 3.15112e+06, 0
3.23275e+06, 672429, 0
8.39747e+06, 3.29746e+06, 0
5.96683e+06, 1.85637e+06, 0
9.00671e+06, 1.55903e+06, 0
6.07083e+06, 2.40218e+06, 0
1.06539e+07, 2.64001e+06, 0
7.76659e+06, 896456, 0
7.13763e+06, 792534, 0
9.21557e+06, 2.04502e+06, 0
6.76338e+06, 537743, 0
7.75893e+06, 2.11345e+06, 0
3.53732e+06, 898725, 0
6.84784e+06, 2.33315e+06, 0
1.07639e+07, 2.70097e+06, 0
4.86087e+06, 1.50135e+06, 0
8.00427e+06, 2.52844e+06, 0
4.50563e+06, 1.24714e+06, 0
3.67078e+06, 1.31273e+06, 0
4.89322e+06, 1.52886e+06, 0
5.42179e+06, 1.83855e+06, 0
8.75989e+06, 2.26824e+06, 0
6.32641e+06, 2.7465e+06, 0
7.80785e+06, 1.66697e+06, 0
5.99808e+06, 2.58059e+06, 0
5.5152e+06, 2.13166e+06, 0
9.08186e+06, 1.63967e+06, 0
5.75868e+06, 1.84062e+06, 0
7.49677e+06, 3.15295e+06, 0
8.48196e+06, 1.2661e+06, 0
8.80444e+06, 2.19326e+06, 0
6.9826e+06, 2.91229e+06, 0
8.49234e+06, 3.2482e+06, 0
6.25729e+06, 2.28305e+06, 0
5.74503e+06, 1.34729e+06, 0
5.90373e+06, 1.19235e+06, 0
7.13452e+06, 3.05545e+06, 0
8.70747e+06, 1.46691e+06, 0
4.57222e+06, 1.32596e+06, 0
7.54471e+06, 734094, 0
5.83232e+06, 973178, 0
7.18019e+06, 3.10096e+06, 0
7.19928e+06, 1.21417e+06, 0
5.97254e+06, 2.22486e+06, 0
8.08998e+06, 516398, 0
7.22991e+06, 3.29014e+06, 0
3.61717e+06, 755962, 0
4.36946e+06, 1.18526e+06, 0
3.88127e+06, 772827, 0
5.13549e+06, 851777, 0
7.31844e+06, 1.67568e+06, 0
8.99101e+06, 1.2194e+06, 0
6.07984e+06, 656998, 0
5.24279e+06, 532244, 0
7.42425e+06, 2.38073e+06, 0
4.96946e+06, 506478, 0
1.00205e+07, 3.54504e+06, 0
5.34225e+06, 1.09177e+06, 0
6.86898e+06, 2.74019e+06, 0
7.08756e+06, 3.1755e+06, 0
6.80601e+06, 2.05954e+06, 0
1.00583e+07, 2.15644e+06, 0
8.6193e+06, 2.56429e+06, 0
5.89148e+06, 2.33781e+06, 0
6.79046e+06, 1.87037e+06, 0
1.33627e+07, 3.02363e+06, 0
7.19966e+06, 1.54905e+06, 0
5.60925e+06, 2.54886e+06, 0
8.81363e+06, 2.99919e+06, 0
8.04692e+06, 2.06772e+06, 0
4.68309e+06, 1.26863e+06, 0
6.51792e+06, 3.02972e+06, 0
4.58414e+06, 469224, 0
1.07295e+07, 5.04376e+06, 0
1.32415e+07, 6.39663e+06, 0
9.74271e+06, 2.67131e+06, 0
6.69586e+06, 2.89142e+06, 0
7.69188e+06, 3.04851e+06, 0
5.90145e+06, 540609, 0
4.13533e+06, 688144, 0
3.55849e+06, 1.25604e+06, 0
4.92715e+06, 1.79623e+06, 0
4.65427e+06, 1.8818e+06, 0
6.50904e+06, 2.52605e+06, 0
5.40592e+06, 915206, 0
7.83896e+06, 3.33242e+06, 0
8.24549e+06, 740308, 0
4.00681e+06, 1.54757e+06, 0
4.17641e+06, 962615, 0
4.97556e+06, 494060, 0
1.20146e+07, 3.09658e+06, 0
3.32877e+06, 605095, 0
8.31635e+06, 377695, 0
6.58813e+06, 2.88938e+06, 0
1.04434e+07, 4.73216e+06, 0
5.01125e+06, 2.14586e+06, 0
1.01289e+07, 533016, 0
1.06749e+07, 1.39463e+06, 0
5.97181e+06, 2.55044e+06, 0
7.12974e+06, 2.52693e+06, 0
7.92956e+06, 634188, 0
6.42376e+06, 3.01307e+06, 0
8.28429e+06, 767088, 0
8.55102e+06, 1.2938e+06, 0
3.83101e+06, 1.42928e+06, 0
1.03426e+07, 4.41355e+06, 0
8.99778e+06, 264515, 0
5.56629e+06, 1.53907e+06, 0
3.0039e+06, 909955, 0
5.51217e+06, 217484, 0
3.26656e+06, 937426, 0
6.96416e+06, 2.97339e+06, 0
7.59863e+06, 3.24779e+06, 0
5.30002e+06, 2.29767e+06, 0
4.91457e+06, 1.1361e+06, 0
7.27612e+06, 2.75954e+06, 0
4.09818e+06, 1.35997e+06, 0
6.47794e+06, 1.84109e+06, 0
2.8106e+06, 435903, 0
4.59871e+06, 597277, 0
8.35569e+06, 3.82264e+06, 0
4.36746e+06, 209699, 0
9.88327e+06, 2.58877e+06, 0
4.46842e+06, 641171, 0
6.1318e+06, 2.75452e+06, 0
4.41008e+06, 1.23255e+06, 0
6.14494e+06, 1.14288e+06, 0
7.40307e+06, 1.70878e+06, 0
1.26709e+07, 4.97493e+06, 0
8.25647e+06, 3.55906e+06, 0
5.39745e+06, 895177, 0
5.32351e+06, 1.66975e+06, 0
7.17895e+06, 2.37048e+06, 0
1.4086e+07, 4.9552e+06, 0
6.60534e+06, 1.34397e+06, 0
3.9533e+06, 1.41111e+06, 0
9.09028e+06, 3.28619e+06, 0
7.93972e+06, 2.98911e+06, 0
5.02764e+06, 331924, 0
5.51103e+06, 1.42921e+06, 0
7.22578e+06, 741172, 0
6.73825e+06, 1.48252e+06, 0
4.97797e+06, 1.7355e+06, 0
4.14764e+06, 751720, 0
7.27369e+06, 1.36884e+06, 0
5.84082e+06, 1.04115e+06, 0
4.42497e+06, 1.79802e+06, 0
7.05819e+06, 1.17047e+06, 0
6.36688e+06, 2.79764e+06, 0
3.47204e+06, 869351, 0
3.38589e+06, 978995, 0
4.40892e+06, 1.17822e+06, 0
1.12809e+07, 2.52422e+06, 0
1.00296e+07, 4.96251e+06, 0
3.91984e+06, 862587, 0
5.77007e+06, 2.05363e+06, 0
9.88124e+06, 2.87979e+06, 0
7.85937e+06, 1.91121e+06, 0
6.75959e+06, 1.45399e+06, 0
4.67635e+06, 315067, 0
3.20717e+06, 362473, 0
6.30307e+06, 1.97303e+06, 0
1.05474e+07, 3.17958e+06, 0
6.58901e+06, 2.02226e+06, 0
7.46579e+06, 2.18535e+06, 0
4.13338e+06, 549709, 0
6.91788e+06, 2.13221e+06, 0
1.34683e+07, 332253, 0
6.23836e+06, 2.01286e+06, 0
1.01831e+07, 4.43108e+06, 0
3.93977e+06, 1.43834e+06, 0
4.06848e+06, 1.57576e+06, 0
7.54873e+06, 3.63725e+06, 0
4.58277e+06, 851953, 0
5.2338e+06, 1.84788e+06, 0
4.77267e+06, 1.66542e+06, 0
2.9902e+06, 805804, 0
5.70777e+06, 1.71069e+06, 0
5.38633e+06, 2.29902e+06, 0
4.43843e+06, 1.44226e+06, 0
7.88767e+06, 3.45723e+06, 0
1.06811e+07, 3.10674e+06, 0
7.13731e+06, 1.7305e+06, 0
5.9799e+06, 1.90232e+06, 0
9.56116e+06, 3.21177e+06, 0
8.83398e+06, 2.3028e+06, 0
5.47849e+06, 1.43903e+06, 0
6.62075e+06, 471734, 0
4.12303e+06, 1.2406e+06, 0
7.49573e+06, 2.09615e+06, 0
3.76982e+06, 1.47726e+06, 0
3.15469e+06, 586974, 0
4.32121e+06, 1.76923e+06, 0
9.77746e+06, 3.37729e+06, 0
3.72904e+06, 386071, 0
9.69207e+06, 3.86461e+06, 0
8.15657e+06, 2.68263e+06, 0
5.84675e+06, 1.11971e+06, 0
8.21076e+06, 3.92169e+06, 0
4.63419e+06, 1.91078e+06, 0
6.88388e+06, 2.26659e+06, 0
8.462e+06, 3.23532e+06, 0
7.93942e+06, 1.01453e+06, 0
7.30387e+06, 2.7252e+06, 0
5.41349e+06, 2.48598e+06, 0
7.42818e+06, 3.35404e+06, 0
1.00783e+07, 4.5878e+06, 0
5.08914e+06, 2.2474e+06, 0
7.55208e+06, 3.48103e+06, 0
7.1241e+06, 2.2098e+06, 0
7.98888e+06, 2.12355e+06, 0
9.05684e+06, 1.87522e+06, 0
1.1329e+07, 4.17068e+06, 0
8.74305e+06, 3.57564e+06, 0
5.84659e+06, 1.06515e+06, 0
6.25603e+06, 1.54326e+06, 0
3.7257e+06, 912410, 0
5.86222e+06, 1.29091e+06, 0
5.29677e+06, 1.55474e+06, 0
6.71568e+06, 2.75974e+06, 0
7.88453e+06, 1.50701e+06, 0
7.78381e+06, 1.99735e+06, 0
7.48963e+06, 3.56317e+06, 0
4.18767e+06, 1.57167e+06, 0
1.13962e+07, 5.5035e+06, 0
5.36343e+06, 2.26485e+06, 0
6.95086e+06, 1.6763e+06, 0
8.93926e+06, 1.82178e+06, 0
4.03948e+06, 1.11208e+06, 0
7.43268e+06, 2.76876e+06, 0
3.46533e+06, 881834, 0
7.25138e+06, 1.20792e+06, 0
8.55348e+06, 2.24472e+06, 0
8.15676e+06, 3.10315e+06, 0
5.39304e+06, 2.39911e+06, 0
5.00023e+06, 1.66418e+06, 0
7.33067e+06, 3.27821e+06, 0
3.47047e+06, 1.23892e+06, 0
5.61709e+06, 2.30491e+06, 0
6.87183e+06, 1.42896e+06, 0
7.4108e+06, 2.8203e+06, 0
5.08633e+06, 544612, 0
6.76231e+06, 2.18661e+06, 0
5.42833e+06, 2.28022e+06, 0
7.26343e+06, 3.0526e+06, 0
1.2533e+07, 1.96752e+06, 0
1.00731e+07, 4.9078e+06, 0
7.00986e+06, 2.44457e+06, 0
3.93366e+06, 1.46541e+06, 0
8.26866e+06, 3.71076e+06, 0
6.72887e+06, 2.78261e+06, 0
7.15266e+06, 2.52118e+06, 0
4.46439e+06, 202838, 0
5.74421e+06, 2.29834e+06, 0
1.28714e+07, 6.42693e+06, 0
6.97294e+06, 2.28254e+06, 0
6.75099e+06, 2.67661e+06, 0
1.06772e+07, 4.7213e+06, 0
9.32057e+06, 1.46037e+06, 0
5.43605e+06, 1.6772e+06, 0
1.0384e+07, 1.71199e+06, 0
9.23846e+06, 1.05638e+06, 0
7.22428e+06, 2.26471e+06, 0
4.81692e+06, 902277, 0
4.76731e+06, 1.46705e+06, 0
8.26794e+06, 2.88144e+06, 0
4.10045e+06, 1.67337e+06, 0
3.3107e+06, 798734, 0
8.61957e+06, 1.88724e+06, 0
7.65763e+06, 2.88642e+06, 0
4.62604e+06, 1.56446e+06, 0
9.30062e+06, 2.66747e+06, 0
7.92945e+06, 1.73214e+06, 0
4.08786e+06, 1.58653e+06, 0
1.2097e+07, 1.87399e+06, 0
5.35258e+06, 1.48138e+06, 0
8.26208e+06, 3.16168e+06, 0
1.09072e+07, 3.91141e+06, 0
5.85784e+06, 781442, 0
6.00111e+06, 1.62331e+06, 0
4.88517e+06, 1.69578e+06, 0
7.10563e+06, 2.43474e+06, 0
1.11971e+07, 4.32905e+06, 0
7.24388e+06, 2.35757e+06, 0
9.05553e+06, 2.70819e+06, 0
6.61723e+06, 2.44986e+06, 0
3.33266e+06, 879297, 0
9.6994e+06, 1.18132e+06, 0
7.74559e+06, 2.9662e+06, 0
4.65798e+06, 1.98531e+06, 0
3.38604e+06, 958822, 0
8.05408e+06, 2.90342e+06, 0
3.18135e+06, 256389, 0
4.47916e+06, 1.81833e+06, 0
5.11624e+06, 251500, 0
6.82897e+06, 2.15336e+06, 0
1.03006e+07, 3.97876e+06, 0
6.84284e+06, 2.43188e+06, 0
3.72773e+06, 296763, 0
5.25507e+06, 1.27461e+06, 0
8.73037e+06, 1.86087e+06, 0
7.09991e+06, 1.14055e+06, 0
9.48981e+06, 4.14545e+06, 0
1.36143e+07, 5.44539e+06, 0
5.24978e+06, 1.41493e+06, 0
4.2252e+06, 1.59045e+06, 0
6.47785e+06, 2.64794e+06, 0
9.12307e+06, 3.25333e+06, 0
8.75202e+06, 2.58869e+06, 0
5.70566e+06, 2.59106e+06, 0
9.69507e+06, 2.72226e+06, 0
9.57485e+06, 3.61139e+06, 0
1.27091e+07, 4.59731e+06, 0
7.07795e+06, 1.92649e+06, 0
8.52368e+06, 2.79263e+06, 0
7.13161e+06, 1.93882e+06, 0
1.2135e+07, 2.29626e+06, 0
8.57951e+06, 3.96216e+06, 0
1.42404e+07, 6.55689e+06, 0
8.80675e+06, 1.37778e+06, 0
4.98281e+06, 2.12792e+06, 0
6.53469e+06, 2.04505e+06, 0
8.20465e+06, 3.44576e+06, 0
2.55242e+06, 333485, 0
7.3653e+06, 2.50135e+06, 0
6.24254e+06, 1.56424e+06, 0
9.38119e+06, 4.46955e+06, 0
1.05313e+07, 5.18568e+06, 0
8.70201e+06, 4.06851e+06, 0
4.2001e+06, 1.14372e+06, 0
1.06973e+07, 4.10393e+06, 0
8.55318e+06, 2.44655e+06, 0
6.65576e+06, 2.71309e+06, 0
4.08191e+06, 287168, 0
4.38319e+06, 1.87353e+06, 0
6.71493e+06, 3.22516e+06, 0
7.78186e+06, 2.88885e+06, 0
2.65202e+06, 246881, 0
8.43662e+06, 1.09661e+06, 0
1.43147e+07, 6.62463e+06, 0
9.53877e+06, 3.61488e+06, 0
8.17521e+06, 3.35418e+06, 0
9.24533e+06, 305879, 0
3.63161e+06, 537878, 0
4.60684e+06, 618696, 0
7.83982e+06, 2.37321e+06, 0
6.15764e+06, 2.32305e+06, 0
4.87251e+06, 534290, 0
4.7958e+06, 1.92779e+06, 0
6.22865e+06, 595873, 0
5.70319e+06, 2.26244e+06, 0
3.66266e+06, 1.01378e+06, 0
