7.80838e+06, 2.80544e+06, 0
6.87093e+06, 1.4064e+06, 0
1.03112e+07, 5.1297e+06, 0
1.09596e+07, 3.94064e+06, 0
9.90989e+06, 5.22585e+06, 0
7.86595e+06, 2.49296e+06, 0
9.53258e+06, 3.84017e+06, 0
1.34429e+07, 6.57935e+06, 0
1.13403e+07, 4.05801e+06, 0
8.64636e+06, 2.22831e+06, 0
8.67576e+06, 4.08808e+06, 0
1.12792e+07, 4.15656e+06, 0
6.9873e+06, 636442, 0
9.62953e+06, 2.67711e+06, 0
9.91897e+06, 4.81333e+06, 0
1.00534e+07, 3.14757e+06, 0
7.42401e+06, 1.29907e+06, 0
9.90875e+06, 2.27681e+06, 0
9.63677e+06, 3.90601e+06, 0
1.00154e+07, 3.83825e+06, 0
8.13499e+06, 1.36869e+06, 0
9.07171e+06, 4.39751e+06, 0
9.96104e+06, 2.55857e+06, 0
9.50237e+06, 4.85226e+06, 0
9.90653e+06, 4.73068e+06, 0
8.9585e+06, 3.18068e+06, 0
7.40665e+06, 1.43432e+06, 0
8.84539e+06, 4.01789e+06, 0
1.18412e+07, 6.18409e+06, 0
9.00479e+06, 1.82394e+06, 0
1.57042e+07, 3.44694e+06, 0
1.15929e+07, 2.8564e+06, 0
1.0557e+07, 4.82422e+06, 0
8.64389e+06, 3.41696e+06, 0
1.02591e+07, 3.4345e+06, 0
1.16768e+07, 5.26914e+06, 0
9.44288e+06, 3.69263e+06, 0
7.26208e+06, 1.09113e+06, 0
7.59623e+06, 2.63381e+06, 0
8.91604e+06, 3.10992e+06, 0
7.38194e+06, 1.68788e+06, 0
7.56984e+06, 2.71086e+06, 0
9.30217e+06, 2.92323e+06, 0
9.67409e+06, 848586, 0
9.81501e+06, 4.37987e+06, 0
1.07804e+07, 1.58094e+06, 0
1.06883e+07, 2.26997e+06, 0
1.24249e+07, 3.90097e+06, 0
9.08908e+06, 2.31063e+06, 0
7.02333e+06, 1.47865e+06, 0
9.09412e+06, 3.31006e+06, 0
9.61336e+06, 2.39006e+06, 0
1.15262e+07, 3.95701e+06, 0
8.85477e+06, 2.67287e+06, 0
1.011e+07, 4.54639e+06, 0
1.14652e+07, 813059, 0
7.88947e+06, 3.03948e+06, 0
1.02183e+07, 3.7954e+06, 0
1.30362e+07, 3.27069e+06, 0
9.24921e+06, 2.75244e+06, 0
7.92543e+06, 2.71914e+06, 0
9.03235e+06, 1.78228e+06, 0
1.15203e+07, 3.34808e+06, 0
8.99499e+06, 2.95376e+06, 0
1.34899e+07, 3.12343e+06, 0
1.42705e+07, 2.95213e+06, 0
8.09042e+06, 3.25607e+06, 0
1.0666e+07, 4.90616e+06, 0
9.24533e+06, 4.46626e+06, 0
1.05115e+07, 2.39644e+06, 0
9.02906e+06, 1.20015e+06, 0
8.19485e+06, 308481, 0
1.07108e+07, 3.81316e+06, 0
7.80585e+06, 2.03132e+06, 0
1.18481e+07, 6.39742e+06, 0
1.543e+07, 4.45359e+06, 0
7.75121e+06, 2.8568e+06, 0
7.46597e+06, 1.68726e+06, 0
9.3169e+06, 4.26073e+06, 0
1.15382e+07, 6.49247e+06, 0
6.95282e+06, 1.45246e+06, 0
7.92328e+06, 939360, 0
1.26059e+07, 5.7674e+06, 0
1.1043e+07, 5.09106e+06, 0
1.16101e+07, 4.92719e+06, 0
1.58252e+07, 8.79908e+06, 0
1.03528e+07, 2.80697e+06, 0
1.18125e+07, 5.65874e+06, 0
1.13971e+07, 3.66509e+06, 0
1.39191e+07, 2.06416e+06, 0
1.06238e+07, 5.18163e+06, 0
7.26768e+06, 1.93198e+06, 0
1.06384e+07, 3.49348e+06, 0
6.95411e+06, 1.23946e+06, 0
6.83561e+06, 1.13388e+06, 0
1.29443e+07, 6.18493e+06, 0
1.01486e+07, 643252, 0
1.09231e+07, 4.13242e+06, 0
7.88947e+06, 2.35062e+06, 0
7.20425e+06, 1.79567e+06, 0
7.4158e+06, 1.51391e+06, 0
8.6196e+06, 2.58185e+06, 0
8.09338e+06, 1.49516e+06, 0
1.23851e+07, 3.11531e+06, 0
7.25005e+06, 2.10676e+06, 0
1.11998e+07, 3.68004e+06, 0
9.70604e+06, 2.82852e+06, 0
8.32216e+06, 1.18705e+06, 0
9.33047e+06, 3.07188e+06, 0
1.17502e+07, 5.40557e+06, 0
9.00972e+06, 1.71041e+06, 0
1.52443e+07, 4.57344e+06, 0
8.87751e+06, 3.66527e+06, 0
8.98877e+06, 4.28783e+06, 0
7.25389e+06, 1.31184e+06, 0
8.24377e+06, 3.29056e+06, 0
7.98481e+06, 1.94535e+06, 0
1.37623e+07, 4.93403e+06, 0
7.68582e+06, 917088, 0
8.17868e+06, 2.18513e+06, 0
1.1924e+07, 4.33944e+06, 0
8.45137e+06, 2.2292e+06, 0
8.3583e+06, 3.27664e+06, 0
7.45879e+06, 1.32336e+06, 0
7.67752e+06, 1.93999e+06, 0
8.13493e+06, 2.07299e+06, 0
1.32128e+07, 356050, 0
9.48252e+06, 4.59771e+06, 0
1.2725e+07, 1.81588e+06, 0
7.3229e+06, 1.88167e+06, 0
1.05055e+07, 4.03018e+06, 0
1.33272e+07, 8.17821e+06, 0
1.15888e+07, 4.86655e+06, 0
9.954e+06, 2.61541e+06, 0
1.42971e+07, 2.13086e+06, 0
8.29547e+06, 1.66148e+06, 0
1.08611e+07, 2.49003e+06, 0
9.08232e+06, 3.35607e+06, 0
9.96761e+06, 4.15104e+06, 0
9.50254e+06, 2.00223e+06, 0
7.43546e+06, 2.32188e+06, 0
1.33287e+07, 7.24187e+06, 0
1.07319e+07, 5.27937e+06, 0
1.10003e+07, 4.1359e+06, 0
1.15117e+07, 4.99612e+06, 0
9.08433e+06, 3.90405e+06, 0
7.64402e+06, 2.43556e+06, 0
1.07375e+07, 4.97145e+06, 0
9.9798e+06, 1.06924e+06, 0
1.06673e+07, 2.06975e+06, 0
9.97525e+06, 3.8337e+06, 0
8.96912e+06, 2.13249e+06, 0
8.01712e+06, 1.367e+06, 0
8.06268e+06, 3.11984e+06, 0
6.95089e+06, 563559, 0
8.71915e+06, 2.66531e+06, 0
6.95397e+06, 268533, 0
1.09076e+07, 1.82859e+06, 0
8.99596e+06, 2.75288e+06, 0
9.39705e+06, 2.90811e+06, 0
1.1177e+07, 3.89314e+06, 0
9.61795e+06, 292075, 0
1.47445e+07, 7.56539e+06, 0
7.0653e+06, 1.53111e+06, 0
8.77546e+06, 2.6501e+06, 0
7.52512e+06, 1.08807e+06, 0
1.16825e+07, 6.92237e+06, 0
7.09284e+06, 400088, 0
9.56225e+06, 2.07954e+06, 0
8.24037e+06, 2.40499e+06, 0
7.94937e+06, 2.69599e+06, 0
8.57225e+06, 2.8555e+06, 0
1.22011e+07, 5.15193e+06, 0
1.34928e+07, 5.23624e+06, 0
8.55103e+06, 2.42421e+06, 0
9.04656e+06, 3.17818e+06, 0
8.19845e+06, 3.36744e+06, 0
8.09e+06, 2.79346e+06, 0
7.53944e+06, 2.25942e+06, 0
1.28028e+07, 5.35438e+06, 0
8.27824e+06, 2.43805e+06, 0
6.74856e+06, 641455, 0
1.45099e+07, 1.55561e+06, 0
7.69097e+06, 2.13157e+06, 0
1.09736e+07, 3.65755e+06, 0
8.71821e+06, 2.07168e+06, 0
7.84043e+06, 2.08407e+06, 0
8.64998e+06, 1.51278e+06, 0
8.78945e+06, 2.70456e+06, 0
1.12807e+07, 6.47129e+06, 0
7.5611e+06, 769803, 0
7.34467e+06, 1.12767e+06, 0
7.61606e+06, 2.59301e+06, 0
8.5956e+06, 988590, 0
9.86829e+06, 1.33545e+06, 0
1.21685e+07, 4.59184e+06, 0
1.17988e+07, 6.24947e+06, 0
1.30484e+07, 5.92023e+06, 0
7.88295e+06, 1.821e+06, 0
1.05363e+07, 5.70749e+06, 0
8.5446e+06, 1.75049e+06, 0
9.41476e+06, 3.28088e+06, 0
7.79213e+06, 2.18205e+06, 0
1.07044e+07, 2.25057e+06, 0
9.99106e+06, 4.28108e+06, 0
1.19724e+07, 5.43966e+06, 0
9.10197e+06, 1.48244e+06, 0
1.13967e+07, 6.67353e+06, 0
7.72378e+06, 1.83672e+06, 0
7.92169e+06, 1.01704e+06, 0
8.19701e+06, 1.42355e+06, 0
1.23183e+07, 5.11283e+06, 0
8.70823e+06, 1.28005e+06, 0
9.66115e+06, 4.85648e+06, 0
7.92999e+06, 1.74884e+06, 0
1.13731e+07, 4.86343e+06, 0
8.79318e+06, 1.6351e+06, 0
8.95486e+06, 3.33457e+06, 0
7.59415e+06, 2.69261e+06, 0
9.37234e+06, 4.62487e+06, 0
1.22691e+07, 2.06658e+06, 0
1.1263e+07, 2.09155e+06, 0
1.17611e+07, 6.84063e+06, 0
1.06749e+07, 3.33553e+06, 0
9.05156e+06, 2.05921e+06, 0
8.57745e+06, 2.39695e+06, 0
9.23044e+06, 4.56431e+06, 0
1.0767e+07, 2.84103e+06, 0
9.90385e+06, 3.24993e+06, 0
1.00394e+07, 4.33953e+06, 0
7.95478e+06, 1.06873e+06, 0
1.15638e+07, 1.96428e+06, 0
1.28181e+07, 5.81544e+06, 0
9.13739e+06, 1.51704e+06, 0
8.50404e+06, 2.51986e+06, 0
7.31481e+06, 1.30355e+06, 0
1.05333e+07, 3.19221e+06, 0
7.97617e+06, 1.05687e+06, 0
9.59087e+06, 3.28219e+06, 0
1.1354e+07, 5.35338e+06, 0
9.7595e+06, 2.12498e+06, 0
9.49913e+06, 3.23924e+06, 0
8.65884e+06, 1.75015e+06, 0
9.83214e+06, 3.69563e+06, 0
9.02044e+06, 3.17385e+06, 0
7.70108e+06, 2.44652e+06, 0
8.13813e+06, 2.88429e+06, 0
1.34371e+07, 6.74872e+06, 0
1.08488e+07, 5.56912e+06, 0
9.18479e+06, 4.3672e+06, 0
9.55389e+06, 2.61951e+06, 0
9.682e+06, 1.8471e+06, 0
9.87238e+06, 1.77766e+06, 0
9.9577e+06, 4.4167e+06, 0
8.32125e+06, 3.01411e+06, 0
1.05611e+07, 2.16407e+06, 0
9.99315e+06, 4.33548e+06, 0
1.1091e+07, 2.64649e+06, 0
1.05733e+07, 1.27915e+06, 0
1.24157e+07, 4.40982e+06, 0
8.31506e+06, 2.1671e+06, 0
1.17481e+07, 4.50249e+06, 0
8.07108e+06, 2.29003e+06, 0
8.74113e+06, 1.8072e+06, 0
1.02722e+07, 3.9186e+06, 0
1.0539e+07, 5.89874e+06, 0
1.35298e+07, 2.92795e+06, 0
1.01111e+07, 3.78018e+06, 0
1.06742e+07, 4.45641e+06, 0
6.89493e+06, 747832, 0
9.91521e+06, 1.02514e+06, 0
1.20527e+07, 3.59743e+06, 0
1.26463e+07, 5.72637e+06, 0
1.11225e+07, 2.49178e+06, 0
1.05522e+07, 4.69213e+06, 0
9.79377e+06, 3.66401e+06, 0
9.74583e+06, 2.19788e+06, 0
7.83e+06, 1.78843e+06, 0
1.0828e+07, 2.86679e+06, 0
8.9985e+06, 1.73696e+06, 0
1.22277e+07, 5.06761e+06, 0
1.14735e+07, 2.49515e+06, 0
8.41375e+06, 2.61611e+06, 0
7.24884e+06, 1.8143e+06, 0
8.73939e+06, 4.03669e+06, 0
1.08786e+07, 5.28453e+06, 0
1.09975e+07, 6.18539e+06, 0
9.18916e+06, 3.22485e+06, 0
1.1974e+07, 5.16799e+06, 0
1.21986e+07, 4.68032e+06, 0
1.06541e+07, 1.92595e+06, 0
6.80977e+06, 1.02191e+06, 0
1.15999e+07, 3.78556e+06, 0
1.04697e+07, 1.16594e+06, 0
1.08692e+07, 2.74923e+06, 0
1.22915e+07, 3.59285e+06, 0
7.12462e+06, 1.86318e+06, 0
9.88347e+06, 1.0255e+06, 0
6.70757e+06, 47567.8, 0
9.19667e+06, 3.95693e+06, 0
9.50384e+06, 1.43482e+06, 0
1.16395e+07, 4.73639e+06, 0
1.09822e+07, 4.34311e+06, 0
8.89843e+06, 4.1983e+06, 0
8.81084e+06, 1.87832e+06, 0
8.9395e+06, 504330, 0
7.37752e+06, 238580, 0
1.04493e+07, 775754, 0
7.45107e+06, 2.55199e+06, 0
1.09895e+07, 3.30273e+06, 0
1.34768e+07, 4.24308e+06, 0
1.12955e+07, 6.31394e+06, 0
7.85273e+06, 2.61083e+06, 0
1.32062e+07, 5.93408e+06, 0
6.98809e+06, 1.54337e+06, 0
1.3419e+07, 4.08319e+06, 0
1.05389e+07, 5.09011e+06, 0
7.55774e+06, 710691, 0
8.87393e+06, 4.30114e+06, 0
8.94332e+06, 792478, 0
8.23131e+06, 2.93621e+06, 0
8.43147e+06, 109014, 0
1.15864e+07, 6.24588e+06, 0
9.90411e+06, 3.27631e+06, 0
9.81039e+06, 3.98471e+06, 0
1.25958e+07, 6.88921e+06, 0
9.70548e+06, 4.5989e+06, 0
1.01633e+07, 3.3846e+06, 0
8.60272e+06, 2.89485e+06, 0
1.42089e+07, 4.29163e+06, 0
1.11866e+07, 5.83365e+06, 0
9.2443e+06, 3.50196e+06, 0
6.99468e+06, 840577, 0
8.82774e+06, 2.30415e+06, 0
1.23253e+07, 3.88156e+06, 0
8.12842e+06, 2.77916e+06, 0
8.09221e+06, 2.53233e+06, 0
7.74415e+06, 2.65924e+06, 0
7.39358e+06, 2.41045e+06, 0
1.14781e+07, 2.97647e+06, 0
8.60534e+06, 2.62799e+06, 0
8.07982e+06, 209451, 0
9.45127e+06, 1.97458e+06, 0
1.18161e+07, 3.7172e+06, 0
7.70408e+06, 2.64922e+06, 0
1.15787e+07, 275985, 0
8.41737e+06, 2.97471e+06, 0
8.16085e+06, 1.03123e+06, 0
1.28998e+07, 3.59385e+06, 0
8.26895e+06, 2.64418e+06, 0
8.82309e+06, 1.84859e+06, 0
8.72911e+06, 3.13038e+06, 0
1.0177e+07, 5.59039e+06, 0
9.74112e+06, 4.90178e+06, 0
7.21174e+06, 49080.1, 0
1.01595e+07, 5.15708e+06, 0
7.05809e+06, 216852, 0
7.4029e+06, 1.42787e+06, 0
1.05194e+07, 3.30222e+06, 0
6.97816e+06, 455510, 0
7.9826e+06, 1.92894e+06, 0
8.64694e+06, 2.10099e+06, 0
1.04168e+07, 3.67012e+06, 0
1.07568e+07, 5.02866e+06, 0
1.3666e+07, 6.04191e+06, 0
8.27906e+06, 1.28482e+06, 0
7.12523e+06, 1.5359e+06, 0
1.12899e+07, 4.21456e+06, 0
1.04975e+07, 4.27233e+06, 0
7.56006e+06, 746467, 0
1.08986e+07, 2.7068e+06, 0
1.06214e+07, 4.65234e+06, 0
1.14431e+07, 6.14909e+06, 0
9.36284e+06, 1.60019e+06, 0
1.0847e+07, 5.98985e+06, 0
9.94065e+06, 4.9419e+06, 0
1.12662e+07, 4.64415e+06, 0
1.47553e+07, 5.60108e+06, 0
8.86314e+06, 2.35483e+06, 0
7.48897e+06, 2.36049e+06, 0
8.39433e+06, 2.36048e+06, 0
8.42507e+06, 1.9859e+06, 0
1.10692e+07, 4.936e+06, 0
9.71205e+06, 4.8681e+06, 0
9.95893e+06, 978561, 0
6.81402e+06, 1.31858e+06, 0
8.76851e+06, 2.95859e+06, 0
9.11856e+06, 3.16788e+06, 0
9.51744e+06, 3.54311e+06, 0
8.81011e+06, 1.20554e+06, 0
9.70665e+06, 3.87665e+06, 0
7.88947e+06, 2.49611e+06, 0
8.81668e+06, 2.05472e+06, 0
1.25008e+07, 6.66603e+06, 0
1.14958e+07, 3.8482e+06, 0
7.39688e+06, 1.29848e+06, 0
8.54392e+06, 707381, 0
8.32654e+06, 3.6929e+06, 0
9.11311e+06, 1.37195e+06, 0
9.07985e+06, 4.06583e+06, 0
1.28916e+07, 1.66991e+06, 0
7.84093e+06, 639787, 0
8.39714e+06, 2.6855e+06, 0
7.74407e+06, 1.29511e+06, 0
7.62582e+06, 891137, 0
1.1453e+07, 6.12414e+06, 0
8.70664e+06, 2.22293e+06, 0
7.95593e+06, 2.78801e+06, 0
7.35224e+06, 1.6411e+06, 0
9.74359e+06, 3.58595e+06, 0
1.02972e+07, 1.46289e+06, 0
8.489e+06, 2.39943e+06, 0
8.22901e+06, 1.26397e+06, 0
1.07887e+07, 731787, 0
1.06704e+07, 2.43371e+06, 0
9.85366e+06, 5.18615e+06, 0
8.9313e+06, 1.22174e+06, 0
9.33873e+06, 4.64735e+06, 0
6.7186e+06, 363051, 0
7.81805e+06, 2.43997e+06, 0
9.65784e+06, 3.89726e+06, 0
7.81765e+06, 2.41975e+06, 0
8.54915e+06, 1.4559e+06, 0
6.7812e+06, 954352, 0
8.47731e+06, 2.56224e+06, 0
7.70157e+06, 2.74149e+06, 0
1.35241e+07, 3.02894e+06, 0
1.36155e+07, 3.1958e+06, 0
1.30367e+07, 5.81418e+06, 0
7.30037e+06, 2.28517e+06, 0
1.11238e+07, 5.48399e+06, 0
1.06672e+07, 3.39568e+06, 0
9.3279e+06, 3.89488e+06, 0
7.90882e+06, 2.4352e+06, 0
1.08804e+07, 3.68166e+06, 0
7.04566e+06, 830545, 0
8.7022e+06, 744934, 0
8.42388e+06, 3.34664e+06, 0
7.60192e+06, 2.11477e+06, 0
8.94781e+06, 3.15516e+06, 0
9.80593e+06, 5.00078e+06, 0
1.07039e+07, 4.48279e+06, 0
6.87841e+06, 1.05204e+06, 0
1.31205e+07, 3.10777e+06, 0
9.84012e+06, 4.30201e+06, 0
1.14192e+07, 3.31165e+06, 0
8.92528e+06, 2.29403e+06, 0
1.28454e+07, 2.64284e+06, 0
1.25534e+07, 3.59677e+06, 0
8.32093e+06, 2.18103e+06, 0
1.09647e+07, 4.01702e+06, 0
1.04037e+07, 3.82627e+06, 0
1.07179e+07, 5.58668e+06, 0
1.02843e+07, 5.59705e+06, 0
9.01566e+06, 3.43863e+06, 0
8.43568e+06, 2.67682e+06, 0
9.00194e+06, 3.6112e+06, 0
7.9652e+06, 2.33238e+06, 0
1.46722e+07, 5.27729e+06, 0
9.40966e+06, 3.69543e+06, 0
8.90088e+06, 3.4631e+06, 0
1.11458e+07, 4.12041e+06, 0
7.6271e+06, 2.15417e+06, 0
9.16313e+06, 1.5326e+06, 0
8.52422e+06, 3.9132e+06, 0
1.14579e+07, 6.53864e+06, 0
9.84523e+06, 2.29239e+06, 0
1.05249e+07, 4.25058e+06, 0
9.07276e+06, 4.39416e+06, 0
1.37978e+07, 7.95234e+06, 0
8.87229e+06, 1.69819e+06, 0
8.3387e+06, 2.56971e+06, 0
7.87155e+06, 2.7684e+06, 0
8.05623e+06, 2.73751e+06, 0
7.95239e+06, 1.63667e+06, 0
9.56601e+06, 3.89487e+06, 0
7.24211e+06, 1.43126e+06, 0
1.01791e+07, 3.39663e+06, 0
7.88947e+06, 2.68988e+06, 0
9.80293e+06, 3.91962e+06, 0
1.10555e+07, 1.4339e+06, 0
9.00702e+06, 3.91088e+06, 0
8.40017e+06, 3.10997e+06, 0
1.15976e+07, 3.08808e+06, 0
7.04454e+06, 779078, 0
9.60726e+06, 3.26287e+06, 0
1.23721e+07, 3.057e+06, 0
7.6882e+06, 1.05669e+06, 0
1.17446e+07, 6.97169e+06, 0
6.90778e+06, 650067, 0
1.30023e+07, 4.92931e+06, 0
9.2187e+06, 2.66501e+06, 0
9.1585e+06, 2.60031e+06, 0
9.08471e+06, 3.2446e+06, 0
8.79725e+06, 3.47891e+06, 0
9.32013e+06, 2.08035e+06, 0
8.87867e+06, 1.94888e+06, 0
1.09996e+07, 2.68992e+06, 0
8.62014e+06, 3.90311e+06, 0
9.04563e+06, 3.2219e+06, 0
1.22795e+07, 3.06445e+06, 0
8.0723e+06, 2.52454e+06, 0
8.14089e+06, 1.15274e+06, 0
1.17493e+07, 2.91113e+06, 0
8.42318e+06, 3.03388e+06, 0
7.67308e+06, 2.15959e+06, 0
1.03213e+07, 3.94415e+06, 0
9.17784e+06, 1.92007e+06, 0
9.2922e+06, 4.15e+06, 0
1.11391e+07, 6.4129e+06, 0
9.12973e+06, 2.14402e+06, 0
9.82794e+06, 863082, 0
1.12586e+07, 3.34257e+06, 0
1.0533e+07, 4.97739e+06, 0
1.13049e+07, 5.6134e+06, 0
1.02907e+07, 4.73982e+06, 0
8.6796e+06, 3.55904e+06, 0
1.17323e+07, 4.46883e+06, 0
7.78677e+06, 2.94478e+06, 0
1.14112e+07, 1.11539e+06, 0
8.3116e+06, 3.47779e+06, 0
9.58267e+06, 4.00678e+06, 0
9.60214e+06, 2.30997e+06, 0
1.34028e+07, 7.54844e+06, 0
9.10107e+06, 1.62815e+06, 0
7.88218e+06, 2.02843e+06, 0
1.14314e+07, 3.00925e+06, 0
8.72728e+06, 1.39739e+06, 0
7.2452e+06, 1.81903e+06, 0
1.23278e+07, 5.34812e+06, 0
7.59401e+06, 1.39857e+06, 0
1.04693e+07, 3.65127e+06, 0
8.85587e+06, 2.06183e+06, 0
1.01314e+07, 1.40489e+06, 0
1.16062e+07, 5.04444e+06, 0
1.06305e+07, 2.40311e+06, 0
1.24551e+07, 4.67388e+06, 0
8.26923e+06, 2.55662e+06, 0
1.15842e+07, 1.59885e+06, 0
7.59457e+06, 1.92258e+06, 0
1.58426e+07, 5.48449e+06, 0
8.44413e+06, 3.2704e+06, 0
9.5145e+06, 4.38709e+06, 0
1.12629e+07, 6.53273e+06, 0
7.32489e+06, 1.73989e+06, 0
1.05274e+07, 4.86576e+06, 0
7.85564e+06, 2.84841e+06, 0
9.15365e+06, 3.11565e+06, 0
1.06829e+07, 5.4998e+06, 0
1.11181e+07, 2.68105e+06, 0
7.59898e+06, 248039, 0
8.76521e+06, 3.24127e+06, 0
1.11954e+07, 1.48622e+06, 0
8.45378e+06, 1.66953e+06, 0
1.32137e+07, 8.1191e+06, 0
1.13492e+07, 6.19423e+06, 0
8.3015e+06, 2.1263e+06, 0
8.85308e+06, 3.03924e+06, 0
8.99305e+06, 4.02652e+06, 0
7.7437e+06, 1.05135e+06, 0
1.0761e+07, 3.29035e+06, 0
7.35203e+06, 1.35582e+06, 0
1.15358e+07, 2.76659e+06, 0
1.00744e+07, 3.78962e+06, 0
8.53447e+06, 2.187e+06, 0
7.47332e+06, 375136, 0
7.10705e+06, 1.57183e+06, 0
8.85914e+06, 1.60183e+06, 0
7.19363e+06, 330177, 0
8.90158e+06, 2.95637e+06, 0
6.70083e+06, 944199, 0
8.15235e+06, 966814, 0
1.00835e+07, 2.16854e+06, 0
7.50661e+06, 1.6376e+06, 0
8.6794e+06, 3.45969e+06, 0
1.00986e+07, 3.90848e+06, 0
9.62246e+06, 2.28032e+06, 0
9.50757e+06, 3.38173e+06, 0
9.68056e+06, 1.35905e+06, 0
1.42965e+07, 7.1795e+06, 0
1.40418e+07, 5.12294e+06, 0
9.01756e+06, 1.31619e+06, 0
9.9541e+06, 4.30196e+06, 0
8.1594e+06, 2.57864e+06, 0
7.46682e+06, 2.38922e+06, 0
8.69099e+06, 2.07974e+06, 0
1.10482e+07, 2.96175e+06, 0
8.89891e+06, 2.4303e+06, 0
8.34456e+06, 1.81981e+06, 0
1.23908e+07, 5.25097e+06, 0
9.68166e+06, 4.57678e+06, 0
8.08461e+06, 2.30188e+06, 0
7.97984e+06, 3.2541e+06, 0
7.20567e+06, 1.94092e+06, 0
9.69829e+06, 4.17787e+06, 0
8.72662e+06, 2.13825e+06, 0
8.98239e+06, 3.58999e+06, 0
8.24904e+06, 3.41224e+06, 0
9.44212e+06, 3.81002e+06, 0
7.15705e+06, 1.92185e+06, 0
1.1538e+07, 3.93088e+06, 0
8.9434e+06, 1.02704e+06, 0
9.41147e+06, 3.0243e+06, 0
9.25626e+06, 2.0997e+06, 0
1.22549e+07, 3.14779e+06, 0
1.06568e+07, 2.51899e+06, 0
1.05405e+07, 1.93271e+06, 0
1.11455e+07, 3.3036e+06, 0
7.23424e+06, 1.81671e+06, 0
8.19671e+06, 1.86341e+06, 0
7.63903e+06, 2.49573e+06, 0
7.72574e+06, 2.23126e+06, 0
6.80503e+06, 436776, 0
1.13375e+07, 2.5879e+06, 0
9.47156e+06, 3.07395e+06, 0
6.85046e+06, 539943, 0
1.13536e+07, 5.9902e+06, 0
1.13887e+07, 6.12197e+06, 0
9.06261e+06, 3.88726e+06, 0
9.07079e+06, 3.13805e+06, 0
1.17684e+07, 4.73209e+06, 0
1.30075e+07, 575281, 0
1.29709e+07, 7.17691e+06, 0
8.37787e+06, 3.25192e+06, 0
8.96779e+06, 1.86919e+06, 0
1.20322e+07, 3.38513e+06, 0
9.14884e+06, 2.858e+06, 0
1.23678e+07, 2.57789e+06, 0
8.05755e+06, 1.35874e+06, 0
1.05437e+07, 5.13158e+06, 0
1.05727e+07, 3.35885e+06, 0
8.51295e+06, 667928, 0
8.89101e+06, 4.20308e+06, 0
8.32762e+06, 1.63565e+06, 0
7.92149e+06, 2.17192e+06, 0
1.03694e+07, 5.05575e+06, 0
9.29638e+06, 3.4923e+06, 0
9.2994e+06, 2.68922e+06, 0
1.10631e+07, 3.08685e+06, 0
1.11122e+07, 884271, 0
1.35598e+07, 6.18887e+06, 0
8.81352e+06, 2.72723e+06, 0
7.2196e+06, 2.07467e+06, 0
7.2526e+06, 1.04117e+06, 0
1.20892e+07, 2.54148e+06, 0
9.23478e+06, 1.78425e+06, 0
7.47592e+06, 2.28153e+06, 0
8.99067e+06, 3.46227e+06, 0
8.92073e+06, 3.82536e+06, 0
8.48968e+06, 2.94479e+06, 0
8.26301e+06, 2.33759e+06, 0
7.06566e+06, 1.53115e+06, 0
7.32779e+06, 1.07523e+06, 0
1.05064e+07, 5.22448e+06, 0
8.47063e+06, 3.21301e+06, 0
9.10933e+06, 2.19628e+06, 0
1.21862e+07, 3.10217e+06, 0
1.0038e+07, 473850, 0
8.76409e+06, 78572.6, 0
8.00735e+06, 1.37398e+06, 0
1.21412e+07, 5.69721e+06, 0
8.14932e+06, 2.30277e+06, 0
9.20017e+06, 2.11671e+06, 0
7.23181e+06, 2.13356e+06, 0
1.04105e+07, 5.63127e+06, 0
8.1676e+06, 1.3579e+06, 0
1.01976e+07, 4.26881e+06, 0
7.49517e+06, 545064, 0
8.23292e+06, 3.08925e+06, 0
1.15019e+07, 5.2932e+06, 0
8.08287e+06, 2.5714e+06, 0
8.78666e+06, 2.80121e+06, 0
8.85056e+06, 2.92405e+06, 0
9.82939e+06, 3.43964e+06, 0
1.06769e+07, 3.42141e+06, 0
7.64967e+06, 2.39e+06, 0
1.08844e+07, 3.4656e+06, 0
9.75214e+06, 871499, 0
7.73193e+06, 2.94538e+06, 0
1.18771e+07, 4.89068e+06, 0
7.74954e+06, 1.00282e+06, 0
7.65947e+06, 2.65889e+06, 0
1.05757e+07, 4.86012e+06, 0
8.8379e+06, 4.11821e+06, 0
9.18055e+06, 3.73376e+06, 0
1.012e+07, 1.57765e+06, 0
1.10649e+07, 6.18962e+06, 0
7.82203e+06, 2.00036e+06, 0
9.02988e+06, 3.07987e+06, 0
9.37685e+06, 1.99563e+06, 0
9.73798e+06, 4.56699e+06, 0
7.45171e+06, 2.42346e+06, 0
9.5471e+06, 4.04485e+06, 0
1.02743e+07, 1.28423e+06, 0
8.73235e+06, 1.52336e+06, 0
7.16869e+06, 1.79587e+06, 0
9.12456e+06, 4.19487e+06, 0
1.16202e+07, 317621, 0
1.1697e+07, 4.16616e+06, 0
8.0214e+06, 2.88316e+06, 0
7.92485e+06, 1.46775e+06, 0
7.08896e+06, 614149, 0
1.19555e+07, 3.93905e+06, 0
1.44121e+07, 3.83686e+06, 0
9.48551e+06, 2.42503e+06, 0
7.61003e+06, 1.23955e+06, 0
