93416.8, 129399, 0
495431, 361074, 0
453254, 63120.4, 0
395242, 139683, 0
317788, 16111.9, 0
477860, 171176, 0
376543, 134905, 0
186551, 98562.1, 0
483200, 227876, 0
51037.5, 63062.7, 0
265799, 152736, 0
300038, 126622, 0
175210, 143361, 0
476239, 66412.4, 0
36984.3, 85869.3, 0
183565, 150663, 0
164760, 149413, 0
336401, 189506, 0
9578.47, 114559, 0
65171.2, 122636, 0
559030, 282731, 0
364087, 165172, 0
253670, 143458, 0
455303, 273375, 0
377376, 130361, 0
540216, 406533, 0
261125, 199636, 0
295515, 25094.1, 0
772141, 165608, 0
209047, 148385, 0
223911, 60134, 0
313742, 240056, 0
461423, 303135, 0
251146, 136006, 0
297131, 80645.9, 0
419962, 188538, 0
262747, 128941, 0
252365, 49552.8, 0
376181, 270146, 0
665967, 220201, 0
483614, 273371, 0
752995, 214262, 0
594435, 316868, 0
248023, 202217, 0
616659, 373455, 0
392149, 67735.5, 0
103388, 96304.8, 0
557600, 308408, 0
354613, 279411, 0
669264, 317992, 0
688634, 122525, 0
786981, 175713, 0
423012, 167267, 0
2292.97, 79238, 0
295403, 172147, 0
406370, 254294, 0
519618, 160561, 0
138491, 100676, 0
470881, 183484, 0
80413.2, 108720, 0
521686, 171195, 0
455147, 322296, 0
404282, 45876.8, 0
259602, 191443, 0
382752, 249049, 0
504040, 243282, 0
97153.1, 114767, 0
410560, 174801, 0
442769, 185943, 0
300223, 124254, 0
316079, 164956, 0
161986, 121199, 0
1.00807e+06, 333480, 0
444358, 338341, 0
187842, 145723, 0
292620, 70147.6, 0
492250, 36703.3, 0
309472, 254952, 0
453189, 256790, 0
436662, 104943, 0
351667, 86969.9, 0
630567, 81840.5, 0
498525, 36297.8, 0
401498, 136338, 0
551346, 363874, 0
141284, 83236.8, 0
236756, 100915, 0
684198, 198683, 0
662246, 225203, 0
533035, 60836.1, 0
180002, 93702.2, 0
401277, 99103.9, 0
659918, 86070.3, 0
539655, 240316, 0
226446, 173744, 0
242414, 185829, 0
336896, 72177.8, 0
263892, 215252, 0
252352, 217866, 0
401385, 247999, 0
638169, 314445, 0
687476, 413119, 0
635970, 380587, 0
190345, 132005, 0
244964, 43798.8, 0
274387, 145875, 0
816746, 440280, 0
73372.7, 35098.4, 0
287604, 204538, 0
151376, 141571, 0
429271, 269022, 0
260345, 158008, 0
339583, 204482, 0
221173, 104462, 0
36288.4, 26622.3, 0
246887, 152235, 0
765013, 330901, 0
160519, 75949.8, 0
342220, 167573, 0
105117, 124812, 0
311669, 92476.1, 0
245720, 97913, 0
325117, 208581, 0
207217, 134442, 0
295990, 243608, 0
169856, 174667, 0
264781, 79159.8, 0
277602, 89798.9, 0
336168, 223693, 0
358548, 251493, 0
462139, 155558, 0
684379, 400551, 0
164178, 165006, 0
213224, 194432, 0
174772, 104712, 0
461279, 204624, 0
422176, 139577, 0
424471, 180457, 0
90036.1, 103443, 0
333117, 48961.5, 0
281006, 179717, 0
456304, 82738, 0
128225, 99111.7, 0
296302, 215688, 0
252883, 125662, 0
662507, 339023, 0
494347, 259298, 0
291388, 131737, 0
427793, 185446, 0
81590.6, 101633, 0
310793, 124779, 0
320483, 206057, 0
419771, 308409, 0
534771, 271271, 0
483013, 1.29353e+06, 0
375998, 231452, 0
274249, 148700, 0
175039, 50013.6, 0
346293, 180815, 0
525812, 375607, 0
307349, 105053, 0
166471, 69187.8, 0
505806, 142188, 0
87088.4, 76177.7, 0
629639, 293245, 0
75828.2, 113406, 0
291057, 91939.8, 0
878761, 18186.6, 0
387693, 167806, 0
450652, 285830, 0
404836, 277504, 0
378927, 202120, 0
188735, 162165, 0
30816.4, 103331, 0
126857, 147853, 0
386287, 164825, 0
323009, 250930, 0
404656, 58867.9, 0
842425, 346172, 0
217046, 114724, 0
215407, 8905.29, 0
431695, 252762, 0
243661, 112726, 0
607932, 186191, 0
592385, 413987, 0
454329, 66105.9, 0
501821, 263648, 0
78644.8, 87421.5, 0
378854, 232850, 0
522901, 358850, 0
284749, 166346, 0
601333, 360759, 0
241401, 198173, 0
99297.3, 137269, 0
223738, 138867, 0
558486, 388463, 0
151542, 149776, 0
448029, 258308, 0
406532, 121505, 0
487667, 351161, 0
42671.5, 95182.5, 0
305066, 225817, 0
91307.6, 56553.9, 0
343427, 244681, 0
189795, 38749.7, 0
359613, 197039, 0
417058, 171514, 0
545511, 383588, 0
162574, 129327, 0
210783, 95432.3, 0
140073, 32885.9, 0
324926, 233460, 0
249737, 110397, 0
855427, 200913, 0
400251, 153109, 0
314272, 186635, 0
516802, 768836, 0
321316, 163279, 0
222333, 86011.6, 0
506639, 317244, 0
93410.4, 128485, 0
241860, 101179, 0
67155.5, 124529, 0
239098, 185773, 0
681155, 311323, 0
703436, 122051, 0
435234, 192192, 0
269284, 189374, 0
259683, 48368.7, 0
494628, 241412, 0
216384, 136294, 0
474228, 107126, 0
411838, 204836, 0
356518, 222446, 0
68376, 52587.3, 0
780698, 86410.5, 0
293596, 135026, 0
220257, 143620, 0
315177, 122423, 0
270109, 194223, 0
387121, 119086, 0
461535, 153215, 0
74803.5, 124279, 0
77198.2, 77800.8, 0
116040, 141163, 0
116116, 110605, 0
89446.9, 96618.7, 0
260329, 70021.3, 0
305078, 204281, 0
356279, 232274, 0
253196, 104671, 0
468179, 193093, 0
551822, 127255, 0
321744, 106174, 0
302790, 133999, 0
529522, 401094, 0
55906.3, 72715.4, 0
283524, 221557, 0
311338, 220472, 0
224971, 201546, 0
247980, 81039, 0
230745, 193158, 0
234207, 186400, 0
126251, 82799.1, 0
522773, 155499, 0
114416, 133632, 0
182881, 157700, 0
114276, 61961.5, 0
168150, 91078.8, 0
455354, 275203, 0
671846, 307222, 0
746152, 51724.2, 0
171161, 102155, 0
265147, 191358, 0
176635, 150575, 0
120817, 119073, 0
533452, 329793, 0
153232, 105218, 0
71342.2, 105026, 0
370466, 43699.5, 0
320333, 156231, 0
49222.1, 105373, 0
559965, 322673, 0
628869, 338586, 0
699175, 100931, 0
413055, 187052, 0
268778, 15287.5, 0
343579, 248102, 0
635934, 155790, 0
833612, 225307, 0
411832, 104305, 0
462922, 39949.6, 0
423426, 82939.8, 0
326895, 190060, 0
725322, 290008, 0
496567, 32634, 0
292269, 239037, 0
59108.9, 85648.3, 0
351279, 241241, 0
343138, 223852, 0
721948, 216891, 0
171437, 169728, 0
379220, 206853, 0
87863.1, 102581, 0
425055, 177758, 0
247868, 168909, 0
278173, 203128, 0
309962, 185050, 0
278613, 164087, 0
191056, 78200.6, 0
104389, 137813, 0
339513, 266702, 0
13841.4, 91005.4, 0
360696, 208180, 0
240722, 114651, 0
23314.3, 113947, 0
333138, 253061, 0
611804, 370513, 0
215686, 186668, 0
321944, 251950, 0
283384, 205841, 0
682276, 413594, 0
153277, 78168, 0
352732, 229539, 0
558940, 35094.7, 0
312265, 188242, 0
4607.84, 59970.2, 0
174563, 174173, 0
324486, 186162, 0
648935, 244328, 0
614990, 319204, 0
537306, 289309, 0
306674, 219970, 0
389269, 226523, 0
64059.8, 133372, 0
362660, 235681, 0
725611, 427962, 0
800779, 235032, 0
27906.2, 82325.3, 0
181027, 171233, 0
344116, 177610, 0
15842.2, 97537.7, 0
322126, 173755, 0
334462, 232869, 0
433528, 248194, 0
608391, 258911, 0
149151, 133063, 0
177220, 124975, 0
261384, 189142, 0
109921, 83639.8, 0
426434, 176787, 0
108007, 132921, 0
832615, 486213, 0
292437, 209345, 0
200060, 183956, 0
207638, 195323, 0
590568, 144671, 0
570514, 106628, 0
580255, 154444, 0
581722, 168605, 0
528162, 305865, 0
290027, 232435, 0
584152, 350970, 0
760955, 277483, 0
478534, 222597, 0
175135, 165981, 0
260319, 210234, 0
203644, 87072.3, 0
15031.2, 42767.5, 0
445333, 197454, 0
256631, 175798, 0
176397, 118972, 0
62625, 103818, 0
138176, 108527, 0
480961, 191295, 0
869715, 431126, 0
43290.4, 55701.9, 0
846596, 491686, 0
560674, 307988, 0
149012, 95482.7, 0
609997, 317647, 0
382036, 206320, 0
206186, 109015, 0
164356, 130387, 0
268614, 70255.3, 0
486421, 363308, 0
170346, 165217, 0
245036, 174936, 0
417772, 297526, 0
140050, 117802, 0
50096.5, 91790.4, 0
311373, 65945.2, 0
506945, 316837, 0
613157, 381582, 0
240824, 184537, 0
179369, 141772, 0
250102, 197207, 0
480138, 187183, 0
218952, 129860, 0
227716, 61570.6, 0
314827, 191236, 0
447818, 152925, 0
337351, 107397, 0
272380, 21607.3, 0
597878, 288314, 0
197626, 38140, 0
662588, 461080, 0
26071.7, 115788, 0
244134, 206211, 0
418772, 46350.1, 0
162122, 95876.4, 0
455875, 139147, 0
299100, 200869, 0
328015, 60534.6, 0
360560, 105631, 0
143222, 155888, 0
431997, 301887, 0
272504, 156684, 0
685803, 360318, 0
500645, 258303, 0
107163, 93806.2, 0
270227, 210506, 0
322536, 248893, 0
300111, 154970, 0
540779, 326664, 0
417119, 184021, 0
377739, 235665, 0
465073, 262693, 0
258975, 211283, 0
503200, 157869, 0
882487, 255128, 0
191417, 127566, 0
45265.2, 108428, 0
115046, 67271.1, 0
445934, 319628, 0
130806, 146925, 0
421961, 252606, 0
179227, 83230.6, 0
446464, 810734, 0
310474, 247462, 0
379692, 107823, 0
495860, 243639, 0
433005, 257683, 0
305958, 243255, 0
562129, 88126.7, 0
378197, 263182, 0
229713, 154724, 0
166388, 34486.4, 0
347344, 243698, 0
374136, 276261, 0
604788, 243773, 0
236131, 48616.9, 0
249682, 123889, 0
268108, 168564, 0
841483, 472000, 0
406565, 247522, 0
33505.9, 118809, 0
426590, 198459, 0
88482.6, 90689.2, 0
205840, 128304, 0
87082.5, 93670.7, 0
680375, 73304.8, 0
500076, 361033, 0
67471.4, 126843, 0
294012, 223352, 0
246362, 188467, 0
127248, 88249.4, 0
121879, 48405.1, 0
208136, 82431.3, 0
204405, 152363, 0
100018, 137712, 0
153814, 98695.9, 0
558376, 260670, 0
242959, 182404, 0
358572, 228785, 0
516051, 97880.4, 0
125988, 107640, 0
239287, 178442, 0
174376, 86266.5, 0
495466, 93798.1, 0
23911.7, 68993.3, 0
175176, 168671, 0
337608, 60320.9, 0
401891, 91254.2, 0
214151, 180214, 0
753416, 40773.8, 0
288503, 82698, 0
461302, 863999, 0
325694, 176135, 0
212152, 45628.3, 0
311380, 140513, 0
435594, 113947, 0
262314, 219500, 0
442858, 265828, 0
357493, 206726, 0
113912, 101805, 0
237868, 97783.3, 0
218694, 165802, 0
580600, 84931, 0
450766, 13385.4, 0
580753, 408496, 0
442560, 151605, 0
199442, 18261.8, 0
233915, 67631.4, 0
231536, 156738, 0
274007, 196480, 0
100046, 127088, 0
558225, 343605, 0
409153, 284106, 0
226751, 65109.2, 0
166356, 59321.4, 0
323280, 150460, 0
35783.9, 126453, 0
237808, 115295, 0
224058, 102428, 0
53008.8, 132345, 0
92649.9, 115694, 0
58887.6, 75997.2, 0
835468, 679948, 0
401427, 156592, 0
689974, 369502, 0
125291, 141326, 0
393015, 34221.6, 0
627131, 322049, 0
312612, 56551.2, 0
640829, 380186, 0
161353, 63917.5, 0
44246.7, 42654.7, 0
127153, 50253.9, 0
239456, 209435, 0
191790, 186643, 0
435037, 170196, 0
93682.9, 35548.6, 0
395903, 284802, 0
515977, 382269, 0
541372, 388118, 0
41257.3, 28751.3, 0
90749.8, 68374.2, 0
489166, 298736, 0
281329, 57446.7, 0
544094, 72820.2, 0
514244, 225459, 0
466064, 285588, 0
164177, 49505.6, 0
412528, 276657, 0
569755, 314655, 0
180649, 159292, 0
576646, 294470, 0
85876, 46006.7, 0
283024, 194899, 0
498659, 239705, 0
262224, 113778, 0
266080, 116519, 0
493819, 106809, 0
740437, 197070, 0
526550, 106128, 0
549308, 170948, 0
21462.5, 105714, 0
363608, 123183, 0
119560, 53408.3, 0
201464, 176814, 0
348714, 42426.1, 0
661716, 353486, 0
342243, 186321, 0
175835, 124752, 0
425086, 209160, 0
170595, 167743, 0
170274, 130727, 0
633022, 281584, 0
693939, 521959, 0
427868, 205966, 0
259453, 103573, 0
267745, 73428.9, 0
75658.4, 136663, 0
619762, 102522, 0
217142, 156623, 0
60177.2, 24040.7, 0
452196, 184847, 0
111195, 113103, 0
158990, 29815.1, 0
478157, 327932, 0
56617.8, 88720.3, 0
298337, 103725, 0
639829, 116546, 0
479620, 310814, 0
79207.3, 137240, 0
533712, 180833, 0
448693, 294072, 0
174509, 124147, 0
412672, 282721, 0
567939, 411880, 0
289758, 171234, 0
313824, 123780, 0
177628, 41534.7, 0
220197, 51415.9, 0
737003, 174951, 0
188775, 152729, 0
151180, 86458.1, 0
407201, 318417, 0
31584, 119465, 0
233862, 79093.1, 0
278569, 157816, 0
435991, 317645, 0
159251, 84932.5, 0
209311, 58405.6, 0
507224, 290618, 0
249819, 108844, 0
246907, 112646, 0
293201, 217289, 0
332951, 216683, 0
387412, 288337, 0
476546, 232089, 0
167743, 167053, 0
429635, 86012.9, 0
399008, 188802, 0
213084, 139578, 0
210874, 130604, 0
248560, 83147.2, 0
254064, 76453.7, 0
515164, 230730, 0
145082, 145741, 0
421171, 215776, 0
266370, 220396, 0
329614, 157829, 0
240233, 89519.1, 0
562802, 198288, 0
394692, 262456, 0
427918, 120666, 0
46655.5, 66686.6, 0
236553, 205920, 0
395115, 90520.7, 0
202173, 143951, 0
475314, 187645, 0
8101.48, 111368, 0
506992, 142724, 0
269379, 126955, 0
101687, 89689.5, 0
518398, 379504, 0
184314, 173809, 0
280158, 45952.1, 0
409774, 297981, 0
344773, 266600, 0
274794, 218177, 0
269589, 103706, 0
290972, 213892, 0
599822, 395041, 0
474913, 222591, 0
346170, 199153, 0
673521, 301351, 0
603169, 424892, 0
380582, 111003, 0
500080, 352766, 0
422380, 306921, 0
312663, 98405.2, 0
439369, 247688, 0
187902, 84828.7, 0
131069, 41541.3, 0
498697, 332543, 0
441331, 191606, 0
542762, 377383, 0
811014, 946054, 0
278370, 161897, 0
846766, 353525, 0
37451.4, 44219.1, 0
563581, 229668, 0
214197, 193330, 0
102766, 93622.5, 0
338715, 199048, 0
348096, 126604, 0
98467.7, 143874, 0
340383, 244243, 0
350052, 247101, 0
54174, 98021.2, 0
384535, 196554, 0
297710, 205790, 0
320272, 154192, 0
49137, 113314, 0
233304, 187569, 0
48878.4, 46452.3, 0
80322.4, 135497, 0
468656, 955903, 0
306365, 131019, 0
588979, 272549, 0
467004, 215342, 0
366065, 213797, 0
18319.2, 110172, 0
96834.4, 123332, 0
77068.7, 83768.8, 0
96070.6, 68797.1, 0
419196, 238021, 0
235399, 204907, 0
203234, 100051, 0
656102, 285247, 0
260830, 219163, 0
375452, 150170, 0
434063, 190416, 0
479681, 188493, 0
428012, 273180, 0
473350, 280171, 0
537294, 290991, 0
640074, 204920, 0
638228, 206510, 0
678229, 278962, 0
322337, 114696, 0
406898, 259115, 0
107394, 125349, 0
192157, 144778, 0
269330, 183898, 0
459710, 223272, 0
539597, 170085, 0
294905, 91204.1, 0
264899, 199103, 0
259678, 166842, 0
387249, 267685, 0
72854.4, 99212.6, 0
168706, 175483, 0
122420, 123821, 0
184405, 105857, 0
330483, 156098, 0
447371, 201192, 0
595634, 318654, 0
116629, 125215, 0
479070, 145545, 0
66044.9, 96454.1, 0
486811, 216721, 0
231288, 39996.1, 0
371564, 203309, 0
294357, 200873, 0
460606, 67239.6, 0
568600, 143224, 0
324517, 82233.4, 0
113201, 113645, 0
436211, 125736, 0
273646, 163658, 0
702867, 129564, 0
344214, 109682, 0
141051, 123748, 0
274070, 145717, 0
410203, 252023, 0
728488, 84871.9, 0
463411, 56737.3, 0
26111.5, 65502.2, 0
541809, 115411, 0
401945, 156796, 0
57030.6, 85166.6, 0
241578, 167547, 0
255.417, 54021.7, 0
383541, 131593, 0
481872, 315148, 0
249538, 207670, 0
259906, 73414.1, 0
389618, 300920, 0
340492, 202749, 0
558642, 175577, 0
104116, 133278, 0
6015.31, 125700, 0
407195, 174296, 0
202987, 150908, 0
803036, 337756, 0
333875, 226257, 0
280133, 150183, 0
179642, 89977.3, 0
133484, 159261, 0
431113, 288484, 0
251843, 135729, 0
590276, 395201, 0
562564, 176527, 0
437258, 114615, 0
512017, 190330, 0
134534, 68143.7, 0
96035.5, 69016.5, 0
201213, 187621, 0
84337, 58235, 0
197910, 190188, 0
324483, 212839, 0
482099, 316646, 0
348658, 182185, 0
406527, 136960, 0
688373, 252616, 0
280212, 63908.6, 0
266002, 48094.8, 0
137134, 32261.2, 0
435296, 175544, 0
472032, 91695.4, 0
21408.1, 47216.3, 0
427609, 320019, 0
510034, 202470, 0
510320, 336899, 0
55498, 86476.7, 0
346856, 163085, 0
318347, 198763, 0
765372, 175961, 0
345645, 79568.3, 0
687049, 58755.5, 0
338677, 246295, 0
388657, 270750, 0
22076.2, 125443, 0
329185, 99193.7, 0
259990, 90308, 0
371678, 189220, 0
337632, 167434, 0
575154, 146547, 0
376533, 223643, 0
170967, 154557, 0
265686, 220423, 0
176383, 143366, 0
529636, 312196, 0
226661, 156748, 0
417613, 270320, 0
388667, 117508, 0
420992, 279847, 0
331593, 37328.1, 0
504337, 221110, 0
268728, 143121, 0
626627, 373392, 0
318595, 181479, 0
560414, 175342, 0
217174, 170743, 0
29684.8, 92393.6, 0
103975, 101488, 0
425447, 226711, 0
126122, 30548.3, 0
471649, 142309, 0
321693, 86719.1, 0
472627, 153820, 0
332755, 96590.3, 0
136323, 146784, 0
163447, 103289, 0
406386, 826651, 0
188436, 138817, 0
383485, 290864, 0
179812, 137657, 0
173416, 171885, 0
609199, 330876, 0
468890, 239225, 0
327016, 72469.7, 0
354796, 262924, 0
704884, 340930, 0
323947, 167277, 0
262388, 200123, 0
561677, 196346, 0
78676.4, 102580, 0
151906, 127443, 0
265125, 192224, 0
317414, 79108.9, 0
380309, 237233, 0
516623, 307641, 0
537599, 173821, 0
490667, 349233, 0
687935, 428323, 0
13153, 101429, 0
164439, 105107, 0
189433, 53359.6, 0
471364, 295696, 0
254410, 114409, 0
11540.7, 91103.5, 0
308335, 216582, 0
465065, 357834, 0
453313, 283801, 0
272571, 65725, 0
506087, 284366, 0
467466, 145063, 0
231178, 206221, 0
313610, 148471, 0
88096.1, 49480.7, 0
481691, 186568, 0
186261, 162324, 0
466115, 103476, 0
366494, 281864, 0
85921.3, 126860, 0
379543, 264251, 0
242282, 23901.9, 0
211135, 21776.1, 0
406845, 106898, 0
326527, 247954, 0
228164, 167946, 0
755809, 929807, 0
650742, 301500, 0
410398, 108816, 0
618600, 295593, 0
477254, 263067, 0
417107, 238441, 0
95071.7, 72303.2, 0
267668, 107599, 0
387820, 186256, 0
41104.1, 51314.1, 0
505449, 304167, 0
393345, 267828, 0
276627, 61168.6, 0
731222, 297805, 0
361541, 212323, 0
151974, 148625, 0
119194, 141072, 0
397358, 171850, 0
240569, 92893.1, 0
117011, 64153.6, 0
182719, 177570, 0
245671, 213900, 0
588205, 260740, 0
382714, 89512.2, 0
143070, 127915, 0
311323, 198456, 0
638509, 165455, 0
236258, 132393, 0
643467, 173406, 0
165330, 139878, 0
450819, 180559, 0
77517.7, 16732.9, 0
231180, 145606, 0
83702.9, 47285.3, 0
352475, 235169, 0
130252, 52517.6, 0
328695, 261856, 0
438951, 234914, 0
357913, 239434, 0
392561, 35251.8, 0
624015, 315954, 0
45946, 7784.48, 0
152189, 138684, 0
137149, 132594, 0
253003, 175065, 0
221093, 197605, 0
320197, 147635, 0
246779, 199406, 0
796972, 563542, 0
182938, 102693, 0
221566, 131199, 0
589052, 210746, 0
583016, 253535, 0
413689, 318368, 0
421968, 264176, 0
191309, 111368, 0
127061, 30033.2, 0
450180, 339910, 0
353359, 266243, 0
160259, 156771, 0
472833, 219437, 0
231298, 125837, 0
221215, 174947, 0
47143.5, 124603, 0
9234.03, 21910.3, 0
157817, 169256, 0
355569, 260717, 0
293312, 239548, 0
241803, 178037, 0
110402, 137585, 0
69789.5, 19384, 0
209077, 177618, 0
583115, 36660.1, 0
114533, 122320, 0
298290, 150356, 0
231449, 175935, 0
117230, 116357, 0
33600.8, 99672.5, 0
48075, 126367, 0
588358, 250264, 0
335061, 185990, 0
302457, 111832, 0
743573, 197666, 0
487098, 363412, 0
407773, 169738, 0
627223, 194255, 0
533991, 64135.5, 0
454296, 185287, 0
300179, 194612, 0
163511, 167640, 0
538518, 253210, 0
76714.5, 81211.4, 0
554644, 360979, 0
913012, 403640, 0
431204, 80068.8, 0
331387, 107166, 0
37241.2, 49345.8, 0
150039, 104791, 0
313830, 146248, 0
189493, 120356, 0
505160, 312470, 0
453891, 28699.3, 0
461774, 256770, 0
498483, 32310.6, 0
289426, 169323, 0
252972, 155665, 0
427579, 179536, 0
400811, 287910, 0
352280, 94203.8, 0
281149, 145056, 0
132804, 102523, 0
556927, 357195, 0
556329, 205113, 0
234740, 154985, 0
167727, 87452.1, 0
631831, 94611.8, 0
534069, 249211, 0
507662, 259341, 0
409869, 159644, 0
553328, 286121, 0
238833, 91524.3, 0
410815, 299963, 0
742759, 125424, 0
196549, 161735, 0
360292, 53568.8, 0
465804, 349600, 0
242447, 28428.2, 0
105740, 105672, 0
660329, 93886, 0
348626, 189216, 0
175471, 19377.1, 0
341199, 218260, 0
363482, 115562, 0
390492, 216225, 0
357686, 132611, 0
234165, 90812.5, 0
245967, 162979, 0
213287, 77386.5, 0
127073, 125478, 0
403074, 127554, 0
188354, 171286, 0
465838, 160862, 0
505909, 118347, 0
170445, 84624.1, 0
71738.1, 124574, 0
585048, 432468, 0
560703, 258805, 0
23972, 61163.3, 0
431968, 121130, 0
97418.5, 48880.5, 0
653348, 112863, 0
554041, 249850, 0
364048, 259666, 0
487691, 306100, 0
9435.63, 84998.8, 0
583568, 285813, 0
287310, 150954, 0
117809, 125199, 0
499410, 94602.9, 0
66604, 85649.6, 0
474510, 93028.1, 0
200117, 165282, 0
33539.3, 114482, 0
83140.8, 139805, 0
266773, 127669, 0
451278, 305332, 0
306769, 173516, 0
262857, 108278, 0
371842, 259878, 0
233827, 191456, 0
563793, 240170, 0
300499, 136163, 0
322187, 216687, 0
48491.5, 55669.2, 0
77359.4, 77857.9, 0
536636, 123763, 0
406489, 308910, 0
422110, 178155, 0
240203, 184321, 0
69352.4, 82770.5, 0
18644.4, 97828.3, 0
267471, 132732, 0
557085, 144945, 0
227582, 182795, 0
415883, 14569, 0
115791, 42418, 0
411408, 314649, 0
46843.2, 20347.8, 0
278860, 217452, 0
488907, 140370, 0
164553, 122215, 0
188819, 161709, 0
97006.9, 118507, 0
392343, 260406, 0
236695, 109226, 0
223909, 197149, 0
480412, 296536, 0
335914, 108274, 0
129716, 26932.5, 0
666942, 124110, 0
370637, 194504, 0
262146, 175601, 0
254666, 93156.2, 0
646576, 320897, 0
39744.7, 112121, 0
246426, 127931, 0
250186, 82341, 0
163233, 162253, 0
542531, 393404, 0
319805, 189287, 0
413248, 242428, 0
364295, 248129, 0
76480.7, 137130, 0
123380, 140749, 0
184073, 69197.9, 0
445162, 210814, 0
252060, 55614.4, 0
709881, 178925, 0
520184, 74290.3, 0
130129, 38529.3, 0
489930, 347848, 0
205140, 109802, 0
770326, 512171, 0
293148, 88410.1, 0
239628, 104327, 0
160282, 169406, 0
471781, 168767, 0
316308, 153977, 0
266010, 167159, 0
564533, 306789, 0
587422, 177829, 0
5987.59, 104244, 0
666102, 469299, 0
557822, 184418, 0
467027, 111998, 0
88002.5, 59593.6, 0
391182, 177794, 0
266737, 178512, 0
288508, 226398, 0
108327, 133082, 0
516425, 265608, 0
450623, 232325, 0
16187.9, 95024.8, 0
189338, 137928, 0
189420, 177214, 0
493182, 122990, 0
194782, 178881, 0
204368, 161734, 0
732693, 287346, 0
159695, 65054.5, 0
470809, 163836, 0
135903, 120673, 0
270883, 159194, 0
332553, 191969, 0
40340.9, 128652, 0
12154, 77423, 0
586093, 161600, 0
486135, 360709, 0
113849, 121977, 0
50584.1, 85694.6, 0
277424, 85543.9, 0
93105.2, 120480, 0
416851, 91660.1, 0
615375, 159361, 0
261159, 121036, 0
62760.7, 102973, 0
515574, 173254, 0
462059, 342828, 0
209129, 162204, 0
215884, 194666, 0
443904, 111146, 0
239215, 180308, 0
644266, 294977, 0
110008, 77426.5, 0
128327, 105603, 0
708308, 92748.9, 0
355365, 59856.4, 0
591987, 402648, 0
429694, 136366, 0
387257, 274588, 0
131066, 156663, 0
158826, 157017, 0
214343, 168979, 0
210682, 94605.9, 0
597178, 201339, 0
897897, 122929, 0
111576, 141070, 0
289140, 145201, 0
244837, 147771, 0
160079, 152264, 0
448447, 246982, 0
322819, 103938, 0
49111.9, 22159.6, 0
11931.1, 102328, 0
461378, 245092, 0
544074, 324208, 0
448888, 297896, 0
398975, 231033, 0
157499, 169305, 0
110822, 132790, 0
29525, 87581.6, 0
722213, 502718, 0
652988, 104270, 0
437055, 149566, 0
436222, 124572, 0
416137, 281159, 0
583783, 234214, 0
436581, 319385, 0
549630, 319977, 0
277822, 206575, 0
360741, 255264, 0
225770, 22479.5, 0
197302, 187417, 0
216612, 120759, 0
477721, 86403.9, 0
375966, 187358, 0
33353, 97427, 0
75787.8, 93335.5, 0
8371.8, 52759.6, 0
307110, 171296, 0
215011, 187499, 0
596659, 434967, 0
540029, 206326, 0
89118.6, 121790, 0
429547, 288409, 0
443372, 268069, 0
361781, 187384, 0
321989, 242566, 0
289538, 220887, 0
203299, 182285, 0
618972, 442683, 0
258806, 28432.1, 0
477860, 366396, 0
229202, 155410, 0
211660, 65002.8, 0
334411, 41822.4, 0
382519, 292317, 0
224203, 111144, 0
313649, 195457, 0
684974, 146254, 0
465037, 189495, 0
551908, 112887, 0
495608, 39637.2, 0
258707, 215698, 0
235920, 199070, 0
181920, 146725, 0
436954, 169934, 0
278495, 219797, 0
62780.3, 134301, 0
318806, 218187, 0
178813, 144278, 0
279053, 227742, 0
205584, 168426, 0
468051, 110548, 0
273041, 108450, 0
438587, 96071.7, 0
551399, 163193, 0
191445, 164133, 0
71187.4, 109575, 0
237933, 110349, 0
218340, 55630.4, 0
199961, 71671.3, 0
417017, 235514, 0
624119, 347854, 0
371060, 111060, 0
652778, 157790, 0
358534, 125817, 0
171888, 168940, 0
488156, 178469, 0
165000, 172648, 0
635774, 437218, 0
243166, 203791, 0
423021, 110377, 0
540006, 321869, 0
355294, 277167, 0
156263, 19107.3, 0
177133, 163511, 0
297204, 93819.1, 0
500867, 380960, 0
119593, 51580.6, 0
120858, 142881, 0
412206, 176217, 0
232270, 192256, 0
366429, 191975, 0
282839, 179056, 0
105733, 102541, 0
158898, 55073.3, 0
29062.5, 75985.5, 0
229886, 124621, 0
392143, 160782, 0
335766, 190948, 0
408859, 256829, 0
308609, 168768, 0
546255, 296963, 0
296606, 60002.5, 0
505356, 61071, 0
234682, 172714, 0
384518, 159644, 0
376209, 189370, 0
187477, 150548, 0
918292, 220609, 0
57125.3, 53095.6, 0
563505, 177928, 0
86201.8, 116242, 0
372723, 237312, 0
451423, 226277, 0
201307, 135309, 0
201747, 128611, 0
363326, 101685, 0
481117, 291962, 0
60147.7, 65280, 0
176398, 140432, 0
123293, 142597, 0
444386, 216525, 0
160989, 60768.4, 0
381277, 108347, 0
285130, 101351, 0
363248, 129785, 0
566285, 108875, 0
74163.3, 61813.3, 0
360928, 172285, 0
312204, 210554, 0
737982, 920054, 0
384986, 183373, 0
81068.7, 84793.4, 0
273494, 210816, 0
575135, 318850, 0
410864, 238734, 0
218161, 144642, 0
467159, 199903, 0
574872, 271219, 0
177592, 61102.4, 0
274666, 120093, 0
464593, 185158, 0
589370, 366122, 0
728951, 520009, 0
288741, 226095, 0
310362, 35834.5, 0
471424, 163275, 0
528044, 208053, 0
2968.16, 98741.7, 0
315380, 141002, 0
194543, 132398, 0
402014, 39410.3, 0
319483, 208696, 0
391922, 151391, 0
70987.7, 94946.3, 0
280052, 217873, 0
306499, 213061, 0
277935, 178831, 0
488798, 263385, 0
390298, 296740, 0
226390, 178578, 0
27269.1, 91165, 0
428464, 196069, 0
237882, 178261, 0
353039, 85031.8, 0
279608, 103936, 0
459462, 287664, 0
459645, 300215, 0
228654, 78537, 0
686797, 461605, 0
493556, 230040, 0
210717, 72044.6, 0
548048, 292760, 0
323482, 69044.3, 0
702536, 417848, 0
345464, 271891, 0
539514, 382911, 0
310624, 15617.5, 0
453496, 938376, 0
70097.5, 65165.4, 0
434507, 212514, 0
371741, 126457, 0
308826, 192507, 0
99654.4, 71018.6, 0
443199, 114096, 0
138869, 138451, 0
196377, 131543, 0
322016, 204428, 0
278561, 88084, 0
82199.8, 106772, 0
239387, 182161, 0
113704, 69592.8, 0
110540, 139823, 0
133925, 37009.9, 0
305499, 253186, 0
259196, 126896, 0
642757, 86315.6, 0
44051.3, 82337.4, 0
183308, 172405, 0
311351, 171834, 0
243683, 100031, 0
422405, 91654.3, 0
43844.5, 75841.4, 0
350305, 210923, 0
303956, 208021, 0
327690, 116789, 0
328130, 150815, 0
422244, 1.00999e+06, 0
201861, 184493, 0
154546, 96114.5, 0
307550, 26427.2, 0
40060.1, 101814, 0
328880, 257196, 0
70882.7, 80800.2, 0
370282, 39038.9, 0
552712, 218830, 0
131837, 100077, 0
45966.6, 53905.3, 0
458494, 269941, 0
83551, 60219.1, 0
208184, 148716, 0
147978, 109379, 0
430089, 209583, 0
638195, 71079.9, 0
1.01692e+06, 232986, 0
20608.9, 56552.4, 0
319904, 93837.1, 0
144311, 104645, 0
325369, 92503.5, 0
130733, 82186.1, 0
775310, 297905, 0
132742, 128633, 0
757953, 66390.3, 0
258065, 85434.5, 0
440206, 236388, 0
291747, 185357, 0
430877, 164638, 0
467771, 210681, 0
349981, 269277, 0
92082, 86195.5, 0
187420, 135424, 0
533608, 264162, 0
860849, 161479, 0
1.00809e+06, 66125.9, 0
296718, 180771, 0
214955, 114915, 0
205000, 169693, 0
229056, 155226, 0
1699.8, 93988.3, 0
564606, 231836, 0
311588, 95526.8, 0
189049, 152050, 0
403773, 110707, 0
289078, 161469, 0
127705, 28568.3, 0
145168, 131928, 0
220201, 159557, 0
406851, 150534, 0
213410, 93799.6, 0
209701, 127619, 0
230133, 144481, 0
283518, 156936, 0
652812, 295628, 0
412374, 87620, 0
74705.2, 123042, 0
211641, 38831.4, 0
606009, 142825, 0
395709, 197821, 0
316577, 227795, 0
65834.4, 22054.9, 0
102527, 117864, 0
132439, 114578, 0
183423, 163274, 0
354914, 211856, 0
387699, 69555.3, 0
283876, 212999, 0
507305, 379945, 0
203152, 73539.6, 0
327973, 263225, 0
83655.5, 97674, 0
516370, 1.58864e+06, 0
373104, 164480, 0
297792, 208517, 0
417616, 264735, 0
561829, 119881, 0
566801, 364113, 0
235172, 49746.5, 0
145007, 65090.2, 0
252884, 58726, 0
698244, 371607, 0
523587, 259605, 0
192633, 98547.8, 0
322555, 136575, 0
461120, 181364, 0
329246, 226286, 0
460674, 267649, 0
525446, 130312, 0
308017, 118800, 0
115937, 33545.8, 0
58504.3, 57114.1, 0
316005, 88352.4, 0
407647, 186985, 0
255282, 217808, 0
769233, 363336, 0
529175, 264058, 0
445576, 280443, 0
129957, 135355, 0
12700.9, 92566.3, 0
213841, 116154, 0
182654, 157210, 0
517784, 390127, 0
612975, 301282, 0
116351, 113818, 0
126259, 128150, 0
263417, 91421, 0
106634, 97049.1, 0
626323, 286003, 0
514633, 63198.2, 0
347283, 47292.8, 0
253054, 213600, 0
694792, 463628, 0
81758.7, 112521, 0
98035.5, 136508, 0
987914, 41493.3, 0
645835, 242554, 0
385929, 304533, 0
57850.1, 120403, 0
746275, 56322.1, 0
823956, 220474, 0
78492.2, 99534.3, 0
164470, 161016, 0
134411, 103520, 0
490892, 158216, 0
238340, 115865, 0
361215, 78342.1, 0
847701, 361793, 0
431252, 189427, 0
158830, 58818.7, 0
3211.81, 111694, 0
351577, 191049, 0
276311, 214424, 0
220583, 177415, 0
280613, 115987, 0
270144, 171626, 0
333133, 127007, 0
72882.7, 127653, 0
77191.3, 80167.9, 0
228248, 70035.6, 0
229298, 76750.8, 0
420403, 235782, 0
521677, 166938, 0
180552, 76603.8, 0
372096, 276191, 0
243525, 179026, 0
465395, 258332, 0
260846, 37228.8, 0
235295, 88600.3, 0
601093, 163886, 0
74445.3, 58331.1, 0
362726, 27952.8, 0
539726, 358769, 0
449600, 208583, 0
345978, 201532, 0
526230, 239843, 0
195202, 177892, 0
184662, 138622, 0
38865.3, 102785, 0
311211, 59302.3, 0
79761.6, 41873.8, 0
434207, 298514, 0
555973, 120473, 0
483186, 227646, 0
611390, 355779, 0
403772, 260195, 0
78031, 43670.2, 0
552667, 44840.3, 0
196887, 88562.8, 0
155841, 133353, 0
73823.3, 97849.2, 0
457671, 190300, 0
144781, 41564.5, 0
473348, 292412, 0
368200, 152498, 0
219955, 155400, 0
213072, 187788, 0
272493, 226358, 0
317074, 253307, 0
557005, 155218, 0
277989, 227403, 0
1.00149e+06, 526921, 0
207936, 161483, 0
156772, 24902.6, 0
236512, 177567, 0
305916, 165363, 0
561229, 347293, 0
922621, 67705.1, 0
749594, 376600, 0
308145, 122556, 0
754063, 189648, 0
541292, 245778, 0
389409, 23475.4, 0
263545, 79489.1, 0
620086, 296510, 0
75892.6, 48190.9, 0
258444, 186575, 0
496662, 289713, 0
587167, 440105, 0
111928, 11628.6, 0
619139, 346300, 0
477621, 793073, 0
278964, 158100, 0
192522, 93933.9, 0
217797, 96676.2, 0
411831, 178548, 0
839722, 381644, 0
427075, 188191, 0
473208, 266391, 0
52202.5, 110502, 0
228463, 204674, 0
290782, 156712, 0
685172, 309849, 0
408454, 306041, 0
688967, 501250, 0
110481, 86217.2, 0
486131, 314339, 0
361691, 255082, 0
264028, 170983, 0
447493, 203957, 0
441066, 155339, 0
292791, 100535, 0
3888.65, 17947.4, 0
439112, 340188, 0
323922, 225736, 0
217374, 187977, 0
272677, 169545, 0
273609, 233745, 0
102740, 82720.6, 0
418348, 93446.4, 0
402407, 283701, 0
142692, 16471, 0
451592, 775512, 0
401592, 42851.6, 0
249738, 213954, 0
579809, 403227, 0
292563, 218322, 0
163253, 126786, 0
133856, 116891, 0
730512, 320032, 0
272778, 215093, 0
207181, 189170, 0
415954, 246454, 0
523325, 297184, 0
327841, 182209, 0
632423, 297833, 0
203982, 190056, 0
174359, 170768, 0
508880, 302720, 0
109304, 142370, 0
631080, 290451, 0
54951.7, 93078.6, 0
55405.5, 118879, 0
337492, 246845, 0
465639, 213364, 0
461335, 278692, 0
442056, 261815, 0
38760.9, 63174.5, 0
73965, 38604.8, 0
106171, 142403, 0
477230, 218748, 0
338516, 245482, 0
677245, 135722, 0
3999.67, 115901, 0
376042, 264215, 0
463100, 253067, 0
468517, 273232, 0
186517, 182507, 0
491392, 306967, 0
504904, 237205, 0
537922, 335782, 0
314543, 174068, 0
441731, 172615, 0
458592, 200748, 0
885709, 403577, 0
364987, 195198, 0
238367, 110231, 0
366931, 280295, 0
483767, 309018, 0
212143, 41046.9, 0
359756, 226456, 0
298940, 213503, 0
454589, 335131, 0
339395, 154687, 0
482001, 269069, 0
807960, 776976, 0
50377.6, 26961, 0
353734, 273459, 0
328942, 265390, 0
205395, 180248, 0
379967, 284178, 0
190828, 102104, 0
207936, 103037, 0
575841, 316322, 0
608547, 215040, 0
95913.6, 50378.4, 0
433990, 186575, 0
699400, 475986, 0
317971, 149226, 0
236642, 194702, 0
105711, 29161.5, 0
492101, 294139, 0
372279, 243665, 0
300834, 140010, 0
330202, 92983, 0
320239, 174384, 0
413225, 166001, 0
156613, 153013, 0
141583, 9223.68, 0
370032, 190108, 0
258272, 193452, 0
672509, 136766, 0
423800, 238367, 0
102787, 93609.4, 0
856332, 221656, 0
495631, 290013, 0
335008, 144534, 0
182528, 155005, 0
428413, 315805, 0
446418, 211194, 0
275703, 166676, 0
568376, 259181, 0
249884, 216869, 0
565317, 197681, 0
383093, 107790, 0
320947, 253321, 0
50512.6, 128072, 0
378192, 203213, 0
412533, 33695, 0
512948, 128688, 0
7764.45, 123630, 0
377203, 87172.4, 0
260731, 199012, 0
326674, 71881.4, 0
410787, 312335, 0
380514, 235803, 0
487641, 130919, 0
236062, 149791, 0
264036, 170544, 0
426000, 239807, 0
212031, 167406, 0
152694, 154769, 0
80760.4, 24060, 0
673160, 284959, 0
147822, 134095, 0
389423, 161180, 0
159873, 63427.8, 0
698106, 303794, 0
489591, 183818, 0
331530, 242546, 0
802653, 305994, 0
489499, 62499, 0
118086, 64990.2, 0
77190.5, 94813.2, 0
624869, 332916, 0
370631, 165834, 0
246214, 112939, 0
666205, 459292, 0
116419, 48442.5, 0
582579, 98088.7, 0
74603.8, 56046.7, 0
217571, 176912, 0
503671, 210744, 0
150360, 136515, 0
443896, 164038, 0
508596, 62628.6, 0
617371, 289313, 0
269368, 138973, 0
521750, 328410, 0
341209, 169696, 0
325604, 227174, 0
13719.8, 109828, 0
678754, 331452, 0
33735.6, 63332.3, 0
408034, 268041, 0
292720, 224099, 0
366041, 214606, 0
57017.2, 122762, 0
451965, 47920.9, 0
412009, 151554, 0
615092, 411999, 0
91069.4, 136442, 0
330188, 218923, 0
183621, 179942, 0
72794.5, 56200.2, 0
314894, 231015, 0
522033, 174295, 0
415131, 138131, 0
192435, 30426.5, 0
593034, 383913, 0
742779, 458310, 0
1.09187e+06, 703145, 0
544899, 378432, 0
391413, 87813.7, 0
228567, 78152, 0
551858, 197822, 0
259405, 132907, 0
692296, 211372, 0
268672, 78915.2, 0
311306, 204452, 0
217811, 63558.6, 0
11765.2, 72915.1, 0
115358, 109667, 0
787341, 277796, 0
172967, 142000, 0
440304, 235917, 0
333697, 228915, 0
486701, 213974, 0
101838, 105082, 0
158043, 130674, 0
118210, 67302.2, 0
342105, 213718, 0
201933, 74625.3, 0
443254, 336651, 0
18831.8, 44403.5, 0
657637, 309604, 0
464611, 27119.8, 0
485839, 282522, 0
64402.8, 94852.7, 0
361261, 218458, 0
351944, 228509, 0
913563, 575625, 0
525602, 287765, 0
227704, 196774, 0
404988, 304629, 0
385561, 169213, 0
603988, 229556, 0
59759.6, 109832, 0
457147, 187422, 0
277064, 199642, 0
229298, 153814, 0
353697, 187923, 0
597998, 389530, 0
119364, 105714, 0
700337, 394562, 0
422551, 219159, 0
435742, 324530, 0
98705.8, 57888.4, 0
447888, 304386, 0
512696, 146987, 0
42334, 88661.9, 0
286799, 238126, 0
352902, 186731, 0
552191, 230912, 0
735647, 278920, 0
441660, 182187, 0
207848, 166510, 0
119022, 39889.2, 0
18718.9, 67270.7, 0
430123, 238825, 0
199234, 179136, 0
442022, 260112, 0
187134, 130790, 0
108005, 64091.7, 0
517985, 272348, 0
557730, 332904, 0
413140, 152076, 0
960625, 276126, 0
193814, 63769.5, 0
139474, 32765.5, 0
546340, 385372, 0
169003, 172110, 0
209543, 163521, 0
192531, 108028, 0
279850, 110391, 0
368588, 275027, 0
334008, 257596, 0
47327.9, 115458, 0
520324, 353951, 0
436366, 31649.7, 0
841270, 429932, 0
409690, 134595, 0
409434, 300082, 0
580080, 208305, 0
433128, 203811, 0
86730.5, 53955.8, 0
157513, 160119, 0
347936, 226319, 0
465181, 237644, 0
129043, 28303.7, 0
372893, 287092, 0
317023, 158708, 0
28062.5, 77736.1, 0
315013, 259833, 0
196033, 114713, 0
742429, 420543, 0
431238, 124730, 0
553468, 259836, 0
585847, 283416, 0
104822, 131759, 0
224744, 117705, 0
491181, 160685, 0
459497, 300876, 0
1.01534e+06, 357973, 0
268647, 195870, 0
752600, 238161, 0
79131.9, 109724, 0
531574, 173064, 0
262428, 76070.4, 0
249640, 104694, 0
223551, 132645, 0
622238, 210923, 0
131199, 67634.3, 0
347292, 93843.2, 0
137216, 93277.2, 0
136362, 144934, 0
249999, 169426, 0
184562, 89608.4, 0
311821, 130762, 0
418218, 236001, 0
460993, 157980, 0
431043, 149047, 0
200167, 135464, 0
381430, 255785, 0
593928, 302694, 0
245043, 76475.4, 0
306925, 246291, 0
369617, 86914.7, 0
429003, 115571, 0
484392, 272673, 0
522814, 75598.4, 0
573324, 311028, 0
99890.7, 114971, 0
572653, 165799, 0
385279, 198683, 0
422116, 111621, 0
402411, 145659, 0
256047, 54209.5, 0
267203, 201632, 0
285753, 17773.3, 0
399931, 136556, 0
558679, 285926, 0
487688, 183138, 0
223949, 171879, 0
215752, 142487, 0
349140, 207972, 0
532915, 209577, 0
363004, 162055, 0
454414, 230559, 0
386528, 142010, 0
405852, 304052, 0
333163, 168991, 0
629348, 175532, 0
287695, 235501, 0
559604, 405379, 0
256523, 81093.1, 0
181165, 106444, 0
224072, 77183, 0
327013, 162750, 0
153853, 40872.9, 0
377038, 134858, 0
534660, 120407, 0
551131, 338453, 0
162262, 167765, 0
408243, 190089, 0
555770, 114941, 0
335524, 96955.2, 0
177138, 131747, 0
312002, 165123, 0
269567, 184471, 0
35260, 110452, 0
428264, 49955.2, 0
481612, 314843, 0
338504, 211447, 0
461443, 162302, 0
324639, 228330, 0
223423, 201201, 0
408950, 276095, 0
73853, 127562, 0
491005, 128316, 0
208796, 152692, 0
933936, 368785, 0
449479, 257797, 0
754410, 416312, 0
552484, 248260, 0
330411, 213235, 0
255290, 113048, 0
370641, 265589, 0
334878, 156897, 0
214592, 78718, 0
149991, 77028.4, 0
299306, 140386, 0
215875, 96243.1, 0
421516, 255249, 0
519614, 340523, 0
450707, 84377.5, 0
90735.9, 99362, 0
461335, 268803, 0
525184, 153886, 0
468913, 213082, 0
455341, 219467, 0
503878, 174418, 0
676202, 172464, 0
383109, 197774, 0
600044, 133870, 0
367749, 265334, 0
381244, 83267.3, 0
237439, 37955.7, 0
636925, 475445, 0
118981, 70424.6, 0
127986, 81185.7, 0
14570.1, 87235.6, 0
621608, 296102, 0
536459, 298266, 0
366525, 148875, 0
533686, 108848, 0
579603, 49409.3, 0
606775, 272353, 0
260526, 166161, 0
221773, 190742, 0
60863.5, 21659.7, 0
777210, 447015, 0
356503, 192424, 0
74172, 99224.2, 0
462183, 174805, 0
504191, 240842, 0
507031, 234813, 0
312689, 202713, 0
720487, 411015, 0
603390, 293549, 0
473581, 71451, 0
317472, 167258, 0
451106, 263323, 0
375397, 276351, 0
464228, 198857, 0
12965.3, 75766.5, 0
182994, 145456, 0
645377, 92677.1, 0
352005, 261107, 0
324612, 169556, 0
138438, 92539.6, 0
259949, 161048, 0
78379.8, 23190.8, 0
362252, 237257, 0
248191, 200894, 0
327216, 249922, 0
291980, 173828, 0
558507, 340264, 0
12133.9, 64522.7, 0
286590, 115264, 0
500456, 132660, 0
227434, 141571, 0
194612, 113525, 0
426580, 309058, 0
739770, 27306.9, 0
423065, 198596, 0
344467, 264446, 0
671080, 152852, 0
272723, 161646, 0
56836.5, 92611.9, 0
58503.3, 65194.5, 0
512812, 316660, 0
507162, 383256, 0
471602, 338236, 0
275566, 118728, 0
313245, 75558.6, 0
192994, 160871, 0
493389, 236474, 0
540268, 295257, 0
342951, 201953, 0
35145.1, 86469.2, 0
501675, 243377, 0
375844, 298019, 0
264997, 204398, 0
533466, 813339, 0
400420, 221571, 0
157459, 48815.3, 0
188520, 153511, 0
354088, 119000, 0
44773.7, 111461, 0
71594.5, 133274, 0
274944, 82148.4, 0
219195, 118567, 0
64562, 118637, 0
456885, 305095, 0
385711, 87190.6, 0
436870, 30554.2, 0
204456, 191310, 0
306374, 158099, 0
344262, 194475, 0
149944, 121555, 0
101034, 76153.3, 0
588842, 51940.6, 0
479038, 258582, 0
439371, 41605.5, 0
107436, 110339, 0
18756.4, 121248, 0
177310, 33342.9, 0
409240, 168034, 0
136185, 121675, 0
280317, 60384.4, 0
239095, 184600, 0
46089.8, 89442.7, 0
356603, 147593, 0
654020, 143827, 0
519924, 333838, 0
161678, 158975, 0
91573.1, 102786, 0
495998, 105508, 0
369800, 170135, 0
708468, 446594, 0
107200, 123792, 0
366774, 172957, 0
590720, 387928, 0
724902, 34483.2, 0
81122.7, 102998, 0
228831, 197288, 0
285033, 147939, 0
182294, 161865, 0
238167, 72684, 0
291530, 220024, 0
212712, 108183, 0
383453, 125024, 0
207247, 159158, 0
207599, 188104, 0
215109, 82024.1, 0
378419, 8349.67, 0
573968, 322548, 0
506201, 370006, 0
168001, 114800, 0
797954, 463495, 0
268223, 227115, 0
797394, 509418, 0
367071, 223611, 0
300699, 137492, 0
549121, 405525, 0
288436, 219104, 0
250736, 38886.3, 0
163528, 165339, 0
238249, 142049, 0
356848, 99367.2, 0
258815, 202923, 0
67768.8, 132389, 0
409871, 292185, 0
749742, 427000, 0
34212, 100644, 0
38327.3, 127346, 0
232002, 164727, 0
31889.7, 111065, 0
588247, 342303, 0
382977, 210326, 0
290728, 236130, 0
503667, 113753, 0
129205, 89444.9, 0
701960, 400258, 0
221429, 36584, 0
875644, 285181, 0
460535, 147500, 0
665607, 471189, 0
397662, 72370.3, 0
461790, 250060, 0
175334, 172781, 0
252720, 155161, 0
626565, 343800, 0
607187, 385643, 0
640531, 952609, 0
341117, 214318, 0
138618, 104138, 0
663330, 256164, 0
233901, 181479, 0
262714, 212756, 0
479883, 88308.3, 0
192952, 173203, 0
122271, 61449.6, 0
364227, 68637.3, 0
481391, 217777, 0
773380, 429432, 0
602129, 197412, 0
27811.7, 128661, 0
395952, 145054, 0
812724, 351580, 0
184775, 123822, 0
123913, 100490, 0
559654, 390476, 0
445235, 288643, 0
317250, 175981, 0
345567, 247416, 0
781158, 459168, 0
590509, 404029, 0
79640.8, 109695, 0
609124, 107374, 0
387483, 285342, 0
213121, 138432, 0
367390, 238262, 0
751518, 281178, 0
136384, 38737.7, 0
864280, 866695, 0
257758, 149089, 0
339694, 183899, 0
247851, 88071.6, 0
483991, 999608, 0
2866.95, 4222.46, 0
491545, 27401.7, 0
643993, 433549, 0
390790, 274172, 0
513816, 247516, 0
37499.4, 72617.6, 0
195449, 109318, 0
430249, 158817, 0
391787, 157732, 0
14421.3, 120590, 0
231128, 109450, 0
594416, 393685, 0
205742, 175588, 0
92376.9, 139072, 0
698997, 270230, 0
79751.4, 95430.3, 0
234631, 211377, 0
363305, 274246, 0
125278, 46232.5, 0
442941, 268023, 0
566221, 348466, 0
323048, 223262, 0
620528, 202045, 0
378735, 76439.4, 0
665933, 249300, 0
720848, 287685, 0
181196, 101682, 0
411160, 249914, 0
507421, 277974, 0
243359, 205358, 0
210618, 19122.8, 0
248728, 150582, 0
209280, 187714, 0
490641, 235818, 0
68769.1, 31888.6, 0
216293, 195974, 0
264237, 217255, 0
309829, 227981, 0
5583.98, 97989.6, 0
412800, 113560, 0
410721, 28251.1, 0
530786, 97157.3, 0
435185, 216565, 0
569852, 429238, 0
181626, 164005, 0
92245.5, 131099, 0
50023.1, 76256.9, 0
380600, 90128.8, 0
456304, 338067, 0
51314.7, 100973, 0
126730, 89651.6, 0
110430, 96671.5, 0
684756, 352188, 0
381146, 292910, 0
163290, 86582, 0
270467, 68347.4, 0
630765, 204792, 0
324124, 190936, 0
36293, 100658, 0
349082, 229058, 0
615553, 172981, 0
111536, 36266.3, 0
401429, 213908, 0
472535, 115625, 0
43661, 111967, 0
516745, 295056, 0
170935, 114592, 0
641009, 172671, 0
140723, 129576, 0
46087.1, 58463.2, 0
293489, 233280, 0
653957, 142507, 0
461172, 300565, 0
683637, 223392, 0
522342, 196337, 0
433341, 186905, 0
214981, 65459.8, 0
252319, 122396, 0
57687.8, 41804.4, 0
409686, 314467, 0
234596, 164705, 0
278630, 77308.3, 0
390362, 290633, 0
569142, 252064, 0
271360, 131129, 0
209900, 177871, 0
315006, 188591, 0
625564, 381857, 0
532400, 210796, 0
23105.6, 83225.1, 0
611001, 244747, 0
363036, 267947, 0
320881, 194819, 0
430076, 140610, 0
153071, 63549.2, 0
635754, 279741, 0
736829, 420142, 0
329210, 254217, 0
351733, 253120, 0
461895, 311055, 0
398732, 186379, 0
205379, 149166, 0
300190, 79268, 0
236279, 195015, 0
141153, 106721, 0
199847, 147774, 0
109866, 146520, 0
51191.8, 69608.3, 0
123495, 133170, 0
476604, 346367, 0
113610, 148862, 0
82874, 88727.1, 0
454086, 283253, 0
376901, 236805, 0
514957, 338838, 0
612515, 286987, 0
288558, 148709, 0
510676, 332803, 0
379231, 256869, 0
132225, 75939.3, 0
275338, 63275.9, 0
163407, 85269.8, 0
393669, 310256, 0
349829, 190344, 0
528194, 268412, 0
812232, 410512, 0
163907, 136553, 0
673231, 472034, 0
469682, 225055, 0
410012, 250756, 0
351648, 82586.6, 0
259819, 173780, 0
246115, 209125, 0
408066, 170074, 0
405926, 244448, 0
319020, 96002.8, 0
5809.11, 83136.2, 0
120364, 148257, 0
824182, 295851, 0
747239, 327926, 0
326780, 131079, 0
588672, 409706, 0
245969, 151654, 0
85447.5, 138811, 0
251040, 120868, 0
473771, 219448, 0
452476, 205915, 0
250847, 146190, 0
600397, 207432, 0
509065, 174378, 0
342375, 58812.5, 0
136414, 103439, 0
98424.3, 104026, 0
126259, 140312, 0
486156, 43056.1, 0
196939, 148807, 0
35104.5, 129375, 0
32866.1, 109016, 0
488351, 323733, 0
378342, 125391, 0
682479, 294286, 0
588492, 326636, 0
233620, 119070, 0
332091, 91246.4, 0
137661, 152759, 0
252555, 126830, 0
615749, 153253, 0
393258, 303506, 0
216367, 126743, 0
15645.6, 93377.1, 0
178387, 73551.1, 0
628055, 182984, 0
112675, 91911.8, 0
98133.4, 85558.8, 0
673003, 256463, 0
949458, 578077, 0
344761, 234383, 0
160437, 21516.5, 0
431622, 305141, 0
230014, 200303, 0
19439.6, 105554, 0
324275, 253139, 0
530212, 98832, 0
399265, 56512.5, 0
109539, 15442.5, 0
668648, 310490, 0
596045, 276168, 0
568991, 150781, 0
496675, 241718, 0
316911, 173023, 0
653023, 269113, 0
279749, 206597, 0
398083, 231843, 0
150256, 83110.1, 0
123763, 32142.6, 0
366780, 289353, 0
198361, 91136, 0
432211, 215160, 0
349421, 220798, 0
450739, 336979, 0
327433, 105269, 0
440313, 788574, 0
335534, 240497, 0
550406, 130075, 0
54067.4, 79810.8, 0
500415, 224148, 0
666003, 441089, 0
346650, 1212.04, 0
362664, 264706, 0
108019, 139727, 0
523617, 237659, 0
147966, 83358.9, 0
437815, 207040, 0
141234, 121303, 0
264877, 110652, 0
518399, 364680, 0
369217, 280554, 0
174178, 152500, 0
100893, 98911.9, 0
533969, 297934, 0
468654, 341058, 0
152804, 45249.9, 0
509225, 330038, 0
88495, 50972, 0
240330, 214421, 0
602214, 217312, 0
157067, 63743.6, 0
550649, 266833, 0
518687, 368968, 0
314297, 140831, 0
277835, 206440, 0
159579, 67704.8, 0
115453, 151685, 0
295666, 179781, 0
296632, 153191, 0
317047, 260062, 0
441368, 207741, 0
484965, 201813, 0
258856, 134101, 0
280769, 209329, 0
372023, 176945, 0
311086, 95567, 0
438326, 325953, 0
258768, 5872.87, 0
404177, 283156, 0
363748, 172847, 0
353434, 36502.2, 0
256265, 121209, 0
219109, 166360, 0
90135.5, 25567.8, 0
349205, 275414, 0
68413.3, 87962.7, 0
228750, 186992, 0
429665, 288530, 0
587632, 308796, 0
435888, 120885, 0
243171, 196939, 0
162843, 98921, 0
253234, 172064, 0
366493, 258656, 0
545093, 224709, 0
596787, 460931, 0
491326, 188115, 0
420657, 126547, 0
270865, 40762.4, 0
30170.5, 83770.9, 0
55875.4, 50882.2, 0
300843, 55888.7, 0
375554, 277076, 0
217238, 142086, 0
313460, 255738, 0
393631, 81441.8, 0
234269, 52949.7, 0
349998, 22080.3, 0
310393, 88822.8, 0
218850, 76123.2, 0
341780, 118008, 0
447355, 314908, 0
258772, 134253, 0
223741, 25503.1, 0
215517, 199686, 0
436818, 262660, 0
124396, 129455, 0
285323, 31929.2, 0
235992, 165009, 0
643570, 411993, 0
211775, 73603.5, 0
79204.6, 77834.8, 0
406373, 912793, 0
890045, 340750, 0
520629, 270818, 0
365643, 230113, 0
353038, 218260, 0
423831, 326918, 0
148993, 106857, 0
196421, 179909, 0
118718, 132751, 0
344906, 155970, 0
208855, 144981, 0
409554, 142470, 0
281287, 64040.3, 0
79960.8, 43626.8, 0
385840, 175733, 0
262037, 32701.2, 0
348431, 140663, 0
245334, 42445, 0
444652, 195008, 0
475123, 331055, 0
339395, 181900, 0
186545, 145353, 0
35066.5, 128556, 0
288441, 12122, 0
122008, 105086, 0
462400, 128794, 0
419979, 174562, 0
703850, 419702, 0
359693, 185337, 0
279798, 143604, 0
304466, 180780, 0
361240, 52472.3, 0
610270, 381404, 0
377016, 288747, 0
37534.2, 17904.6, 0
834844, 495135, 0
633152, 306128, 0
280995, 174062, 0
304523, 12794.2, 0
185317, 168605, 0
120307, 140830, 0
561983, 325834, 0
172718, 139235, 0
191932, 107336, 0
726982, 159604, 0
286492, 188547, 0
419022, 184534, 0
313485, 186548, 0
124781, 97262.2, 0
113391, 115371, 0
414957, 193303, 0
728150, 126901, 0
267677, 69576.4, 0
114330, 46395.5, 0
371401, 255658, 0
558342, 787937, 0
343677, 226293, 0
145643, 97390.5, 0
305701, 62353.5, 0
373403, 208243, 0
256447, 210986, 0
316248, 137579, 0
239900, 194149, 0
310059, 251439, 0
283441, 213084, 0
593085, 159938, 0
486851, 22495.5, 0
109872, 60750.4, 0
164563, 168245, 0
132781, 116250, 0
261663, 76465.2, 0
232130, 86104.4, 0
285023, 38551.9, 0
81227.1, 115230, 0
486151, 286316, 0
325470, 221193, 0
404846, 173746, 0
379460, 141231, 0
368467, 283212, 0
397122, 307313, 0
4850.02, 96514.3, 0
463093, 73714.5, 0
471789, 291557, 0
95815, 105198, 0
388501, 273655, 0
477678, 289209, 0
459134, 210387, 0
359100, 202322, 0
284331, 216197, 0
9065.44, 87288.9, 0
725126, 339590, 0
86949.1, 101086, 0
143564, 114991, 0
34575.9, 128829, 0
649434, 200298, 0
222210, 192913, 0
313373, 108757, 0
913602, 481130, 0
483837, 353621, 0
647489, 302690, 0
168553, 174607, 0
328942, 120298, 0
269355, 183654, 0
307623, 242802, 0
204543, 116837, 0
404313, 298857, 0
168057, 104215, 0
139979, 109009, 0
128888, 129594, 0
433513, 246889, 0
407625, 177798, 0
5163.97, 77990.3, 0
266215, 111153, 0
275807, 222776, 0
95923, 91362.6, 0
553938, 152108, 0
94004.8, 65240.6, 0
339478, 213645, 0
352313, 59795.7, 0
742977, 229551, 0
462989, 212172, 0
273917, 150374, 0
427253, 73100.6, 0
717343, 465008, 0
29818, 84743.4, 0
354742, 238087, 0
219574, 122742, 0
486917, 363436, 0
219586, 195579, 0
309331, 249437, 0
117472, 105265, 0
279505, 144043, 0
74021.2, 99051.8, 0
335533, 228766, 0
23606.1, 74741, 0
314564, 233751, 0
183997, 110921, 0
478627, 216125, 0
115982, 91313.6, 0
153558, 63152.8, 0
439578, 219228, 0
384989, 138924, 0
223304, 55318.6, 0
486105, 241650, 0
637937, 387675, 0
12232.6, 41287.5, 0
87148.4, 85876.5, 0
773970, 402227, 0
333232, 209436, 0
218319, 198688, 0
490591, 159027, 0
250241, 213134, 0
532847, 65780.2, 0
221599, 198713, 0
633494, 321761, 0
548032, 99602.8, 0
444973, 223237, 0
715349, 98368.3, 0
166448, 150869, 0
175317, 160521, 0
59935.5, 74184.3, 0
472706, 318944, 0
327021, 224933, 0
9591.28, 26834.9, 0
420159, 102281, 0
10335, 77072.6, 0
447119, 201766, 0
325799, 249640, 0
642941, 463167, 0
382168, 208571, 0
504222, 358987, 0
191156, 34354.4, 0
116998, 32982.8, 0
484823, 158229, 0
209513, 176996, 0
574077, 272178, 0
143195, 50222.2, 0
510239, 65803.9, 0
220190, 134386, 0
325017, 188602, 0
430517, 233210, 0
425722, 189967, 0
395903, 112604, 0
206082, 192389, 0
637581, 318946, 0
501217, 54789, 0
176136, 177607, 0
490825, 135379, 0
50208.4, 56205.5, 0
146193, 111170, 0
365925, 124207, 0
114242, 148537, 0
336201, 180374, 0
300958, 205051, 0
93607.4, 130293, 0
458583, 83601.3, 0
591462, 423551, 0
735783, 182827, 0
45473.9, 96849, 0
80456.5, 126937, 0
234014, 160926, 0
534726, 391742, 0
139781, 134064, 0
355686, 121776, 0
35289.4, 78481.9, 0
286947, 185296, 0
330200, 200430, 0
310948, 56835.7, 0
496812, 215310, 0
224239, 159631, 0
189436, 64046.4, 0
139767, 81827.3, 0
341257, 93287.5, 0
3068.16, 57132.5, 0
254211, 41860.5, 0
398230, 197044, 0
276538, 101916, 0
602722, 381870, 0
202522, 96449.8, 0
77009.9, 71728, 0
97127.5, 74754.8, 0
134803, 154373, 0
4909.82, 109399, 0
342235, 201767, 0
211185, 133109, 0
448967, 139964, 0
140725, 38039.4, 0
366505, 192048, 0
332139, 240097, 0
151220, 74121.5, 0
278018, 49610.7, 0
531496, 991179, 0
513054, 160799, 0
375296, 237857, 0
560445, 235322, 0
430346, 284511, 0
140209, 154455, 0
580395, 162917, 0
80141.8, 85907.1, 0
390025, 172530, 0
177386, 99490.1, 0
951721, 253115, 0
720463, 132353, 0
323516, 188450, 0
612837, 426358, 0
326497, 200565, 0
388175, 272628, 0
104041, 140909, 0
180291, 152254, 0
395158, 159549, 0
565544, 372084, 0
279343, 180013, 0
361608, 132192, 0
467805, 130542, 0
137462, 36137.5, 0
369484, 128680, 0
531037, 398744, 0
444422, 323287, 0
159196, 159006, 0
567908, 424017, 0
129450, 135761, 0
612814, 287370, 0
526202, 366584, 0
417581, 143260, 0
264623, 142789, 0
393213, 181670, 0
751794, 307071, 0
231774, 159216, 0
281831, 204826, 0
463110, 285498, 0
565071, 415551, 0
74702.8, 96773.1, 0
248324, 198191, 0
288963, 69270.7, 0
375928, 41759.5, 0
523337, 295075, 0
407069, 262613, 0
539704, 193757, 0
588403, 145057, 0
423263, 245078, 0
398612, 169504, 0
241041, 188937, 0
198932, 163569, 0
537941, 169910, 0
435293, 299162, 0
386434, 77667.5, 0
624344, 359489, 0
370126, 280263, 0
363789, 100520, 0
347919, 228662, 0
695827, 148109, 0
907362, 186506, 0
469258, 326667, 0
905600, 286862, 0
474024, 348522, 0
199961, 125759, 0
171105, 135059, 0
52584, 57463.3, 0
177247, 87609.6, 0
365504, 178996, 0
174657, 56403.8, 0
72350.8, 75239.7, 0
487694, 113472, 0
252760, 159291, 0
110523, 28824.1, 0
383150, 288156, 0
125306, 137626, 0
516480, 320994, 0
352603, 207673, 0
80586.8, 28590.1, 0
258756, 167709, 0
165444, 59880.9, 0
36956.2, 88310.3, 0
404912, 170083, 0
334364, 159540, 0
209992, 177630, 0
85709.2, 76671.9, 0
337702, 191921, 0
276040, 110816, 0
217094, 183968, 0
77827.8, 137674, 0
160100, 133551, 0
523504, 109593, 0
492514, 238727, 0
597880, 242497, 0
160675, 144649, 0
663393, 213748, 0
426916, 278717, 0
563707, 396276, 0
333537, 150368, 0
350533, 71311.7, 0
385500, 112306, 0
311330, 167914, 0
498171, 308961, 0
369866, 256188, 0
755975, 431593, 0
287256, 179731, 0
380580, 194017, 0
320912, 154344, 0
261413, 67908.8, 0
274487, 100100, 0
581817, 372818, 0
455136, 303239, 0
504215, 86191.3, 0
616464, 132219, 0
119562, 121946, 0
133420, 58058, 0
88491.1, 131224, 0
226312, 62816.4, 0
643040, 132573, 0
239165, 208482, 0
164850, 95690.2, 0
204368, 98796.3, 0
511610, 194914, 0
350427, 75995.8, 0
644282, 189701, 0
213526, 116336, 0
341300, 169591, 0
284636, 146456, 0
695265, 433696, 0
429566, 155448, 0
398046, 312580, 0
393523, 137411, 0
49617.3, 10784.8, 0
378119, 279328, 0
54986.2, 94933.3, 0
405851, 201505, 0
546500, 63528.8, 0
94228.5, 140201, 0
469989, 345422, 0
63987.9, 107613, 0
627989, 148029, 0
157333, 104034, 0
380050, 29711.7, 0
337661, 163949, 0
400914, 240963, 0
323775, 84784.7, 0
180431, 61419.5, 0
362283, 185873, 0
215429, 191865, 0
459138, 192184, 0
40577.1, 105261, 0
546992, 252209, 0
359121, 154073, 0
514738, 321537, 0
657207, 266003, 0
569860, 298919, 0
96200.2, 136924, 0
187427, 91291.6, 0
257218, 188130, 0
162024, 64301.7, 0
135261, 124681, 0
365581, 285208, 0
433750, 156106, 0
152809, 24929.7, 0
186686, 121308, 0
64779.4, 97685, 0
243990, 188612, 0
359641, 288158, 0
353772, 246822, 0
242551, 131738, 0
553865, 329506, 0
879.136, 86312.1, 0
416004, 308059, 0
109104, 89128, 0
480063, 324539, 0
681018, 181523, 0
762710, 354998, 0
417729, 318290, 0
393808, 171607, 0
646617, 301095, 0
116048, 60542.9, 0
363820, 242523, 0
579001, 242164, 0
395499, 193124, 0
344760, 155666, 0
310649, 130918, 0
649607, 425424, 0
551226, 214168, 0
182888, 178808, 0
273538, 118526, 0
124136, 86220.9, 0
433982, 140276, 0
378492, 219716, 0
510084, 324021, 0
623161, 363622, 0
155846, 56776.5, 0
667656, 377862, 0
348817, 68507.1, 0
373185, 266874, 0
163796, 139587, 0
414480, 276928, 0
387715, 171416, 0
631576, 347283, 0
154957, 85933.8, 0
522276, 167359, 0
105526, 147619, 0
353636, 110183, 0
107243, 92596.7, 0
327049, 240227, 0
267046, 214127, 0
544973, 169980, 0
178822, 57390.4, 0
546950, 155830, 0
532679, 113977, 0
130344, 88521.8, 0
172482, 151200, 0
277644, 219088, 0
494465, 297371, 0
551545, 383295, 0
502287, 301086, 0
716247, 181571, 0
209150, 142346, 0
113767, 150757, 0
157752, 144830, 0
289924, 202230, 0
675744, 361115, 0
91231.1, 113383, 0
452820, 330376, 0
62253.9, 89676.4, 0
240108, 101058, 0
215454, 92314.6, 0
414394, 206495, 0
332264, 145048, 0
193807, 148352, 0
822826, 417213, 0
329932, 119128, 0
106250, 129444, 0
204226, 159017, 0
329102, 101853, 0
163333, 41341.3, 0
435980, 139328, 0
344935, 105028, 0
542960, 400971, 0
42295, 61731.7, 0
137726, 86376, 0
355744, 225132, 0
36888.3, 83126.4, 0
601022, 120452, 0
241918, 79127.2, 0
259193, 52096.6, 0
275649, 198929, 0
223933, 187897, 0
846802, 274188, 0
109471, 33234, 0
192275, 170320, 0
329059, 134139, 0
401285, 158555, 0
162858, 157901, 0
391829, 110860, 0
354817, 195189, 0
234355, 40990.6, 0
468570, 216914, 0
382425, 97119.7, 0
140857, 100771, 0
377466, 263201, 0
54312.9, 90359.1, 0
383322, 170243, 0
135342, 55013.1, 0
423201, 230509, 0
266511, 225705, 0
678913, 199323, 0
143919, 114183, 0
117870, 148888, 0
196403, 119555, 0
366972, 236240, 0
263888, 163747, 0
392200, 227507, 0
167637, 43285.1, 0
336998, 164674, 0
325847, 39063, 0
280898, 33228.8, 0
102370, 99797, 0
232335, 206339, 0
456880, 222633, 0
536334, 156112, 0
281147, 139695, 0
166726, 158281, 0
51381.4, 96221, 0
481861, 73482.5, 0
7985.75, 49470.3, 0
455177, 288069, 0
286023, 215913, 0
175361, 125915, 0
769161, 343083, 0
234284, 31008.8, 0
252430, 160023, 0
565235, 386442, 0
225941, 146301, 0
122800, 106422, 0
501465, 187490, 0
330893, 183470, 0
370609, 225338, 0
120629, 127495, 0
274766, 167448, 0
380754, 261731, 0
648974, 158521, 0
597511, 369510, 0
620956, 429627, 0
514822, 122520, 0
123601, 13643.9, 0
467507, 298450, 0
351.682, 57322, 0
544347, 347089, 0
362900, 177145, 0
150395, 119521, 0
362353, 211584, 0
223568, 135201, 0
534977, 393501, 0
65270.7, 86937.2, 0
887741, 214902, 0
336976, 202438, 0
484077, 204370, 0
60698.3, 83710, 0
70492.6, 96472.9, 0
527519, 349591, 0
348450, 213354, 0
341938, 82650, 0
218185, 173139, 0
183828, 178500, 0
383242, 244584, 0
309510, 250914, 0
32916.6, 92281.8, 0
655301, 181007, 0
322437, 126045, 0
654346, 141677, 0
274295, 197485, 0
442398, 334885, 0
265200, 96878.3, 0
209649, 140786, 0
478973, 325325, 0
243494, 195075, 0
72155, 52183.4, 0
218226, 153278, 0
363528, 210225, 0
893894, 730759, 0
439548, 293971, 0
470988, 235479, 0
445399, 284353, 0
290504, 160963, 0
101354, 47778.9, 0
216456, 101774, 0
838405, 551987, 0
377520, 272249, 0
263008, 151143, 0
216409, 150398, 0
126091, 62032.1, 0
379486, 31770.9, 0
77033.7, 49116, 0
433486, 292800, 0
406229, 213427, 0
362198, 154766, 0
192414, 73537.8, 0
62006.6, 86276.9, 0
738812, 258904, 0
452550, 299462, 0
132514, 132037, 0
58959.9, 92393.2, 0
344966, 218460, 0
650510, 350843, 0
547881, 378199, 0
446437, 312705, 0
729074, 190481, 0
486038, 162146, 0
443436, 266874, 0
632731, 178749, 0
604436, 272906, 0
374943, 291813, 0
240323, 63914.4, 0
409928, 259732, 0
40152.5, 79501.4, 0
692664, 261785, 0
238022, 107274, 0
66875.3, 117871, 0
438193, 159313, 0
230442, 40724.4, 0
667001, 101561, 0
385777, 233252, 0
579711, 241591, 0
271207, 175933, 0
214393, 163190, 0
430558, 237852, 0
48034.9, 120505, 0
159566, 114987, 0
547371, 88743.5, 0
2040.05, 93229, 0
392912, 246968, 0
424437, 257812, 0
426485, 233186, 0
480518, 280105, 0
135346, 39108.3, 0
139719, 115519, 0
526869, 309893, 0
435255, 280797, 0
463766, 246051, 0
468483, 288178, 0
316577, 146758, 0
534083, 330953, 0
331118, 177905, 0
167987, 133075, 0
92150.9, 28858.1, 0
209466, 189505, 0
159044, 149961, 0
345197, 107057, 0
222933, 126698, 0
309963, 44721.8, 0
181448, 143914, 0
450027, 130966, 0
500583, 135678, 0
749515, 419119, 0
417940, 241843, 0
594578, 379139, 0
224269, 138106, 0
635511, 147691, 0
253928, 190444, 0
115334, 122689, 0
444484, 308090, 0
225835, 137507, 0
289393, 92242.4, 0
31731.4, 80762.9, 0
489314, 234437, 0
610638, 160682, 0
492144, 69656, 0
767041, 420810, 0
162535, 94244, 0
370670, 116945, 0
4462.2, 117831, 0
61429.9, 80356.3, 0
500968, 341438, 0
352111, 20615.9, 0
412549, 204296, 0
304446, 239303, 0
174614, 171627, 0
332057, 270162, 0
287018, 144881, 0
117531, 112142, 0
225453, 176918, 0
250459, 134797, 0
696719, 337266, 0
704159, 199009, 0
352167, 54542.8, 0
126607, 84680.7, 0
560262, 214159, 0
32645.3, 39837.8, 0
205139, 191313, 0
280437, 139796, 0
280821, 206745, 0
504429, 245427, 0
580014, 177761, 0
351482, 217101, 0
4857.29, 102240, 0
600705, 38736.5, 0
257921, 141403, 0
303793, 126638, 0
446158, 137713, 0
420938, 180506, 0
292507, 179227, 0
571112, 304427, 0
148551, 118553, 0
67202.7, 107372, 0
82157.2, 71297.9, 0
369128, 159178, 0
565234, 54161.3, 0
3195.79, 50976.5, 0
432946, 185827, 0
310454, 129734, 0
219946, 105518, 0
682475, 311112, 0
526282, 27172.8, 0
421068, 268399, 0
471345, 251515, 0
311143, 208614, 0
379073, 206774, 0
440518, 325725, 0
74508, 71156.4, 0
292887, 145145, 0
523161, 213102, 0
419827, 212732, 0
69547.8, 104552, 0
501170, 312208, 0
923154, 230726, 0
457604, 127782, 0
807944, 353613, 0
157219, 92343.6, 0
538694, 86746.7, 0
154690, 142115, 0
292871, 125266, 0
69124.5, 70439.8, 0
435123, 241103, 0
126229, 146923, 0
645549, 377271, 0
163680, 94687.7, 0
94135.3, 69393.4, 0
312685, 195308, 0
108490, 129335, 0
299310, 229210, 0
457742, 204191, 0
242779, 134778, 0
354027, 154298, 0
34967, 92873.3, 0
164415, 31117.4, 0
350944, 18714.7, 0
294144, 106681, 0
357878, 61548, 0
439871, 180959, 0
313595, 138593, 0
330734, 157447, 0
267634, 211537, 0
259447, 175645, 0
127703, 114930, 0
356615, 139947, 0
293605, 50121.3, 0
361720, 53365.1, 0
692600, 337535, 0
211322, 138720, 0
465880, 296943, 0
290494, 142848, 0
19384.7, 79873.2, 0
384515, 197398, 0
27952.8, 67568.3, 0
309658, 249700, 0
277353, 128475, 0
194056, 156228, 0
174532, 110207, 0
92110, 106400, 0
474182, 319410, 0
526702, 129668, 0
432439, 234762, 0
319692, 246095, 0
310528, 118385, 0
811899, 253976, 0
9839.19, 107983, 0
143638, 98446.9, 0
293590, 35231.5, 0
418860, 320412, 0
116270, 146532, 0
270619, 72665.7, 0
258736, 216877, 0
385360, 157890, 0
387000, 91201.3, 0
8984.6, 126048, 0
77103.8, 127970, 0
454548, 127031, 0
236841, 134672, 0
436320, 327745, 0
285933, 227983, 0
36805, 119541, 0
459941, 218025, 0
322582, 161529, 0
301995, 137243, 0
438074, 174331, 0
428598, 192987, 0
361577, 260679, 0
160979, 112628, 0
246708, 180106, 0
177083, 174257, 0
239577, 191207, 0
378892, 150671, 0
444133, 121538, 0
90451.3, 141979, 0
175997, 75167.6, 0
311690, 220559, 0
202592, 179137, 0
130314, 41645.1, 0
383203, 276522, 0
567669, 136993, 0
474862, 41887.7, 0
527036, 376295, 0
143977, 72993.4, 0
461260, 223199, 0
508885, 100994, 0
561344, 375596, 0
329994, 119027, 0
410188, 128712, 0
608954, 266645, 0
265462, 204155, 0
141409, 141100, 0
336690, 191493, 0
399641, 160041, 0
470580, 234181, 0
818568, 205068, 0
332131, 72542.8, 0
393947, 211745, 0
491407, 231214, 0
343231, 259171, 0
179836, 117432, 0
261756, 169531, 0
343473, 266856, 0
1.02191e+06, 306926, 0
584052, 230489, 0
39916.9, 101381, 0
695122, 238696, 0
336790, 247429, 0
387710, 164945, 0
244943, 175122, 0
85421.5, 136175, 0
92428.4, 86363.8, 0
380763, 297708, 0
169646, 80105.1, 0
392933, 178987, 0
467409, 50945.7, 0
553870, 385497, 0
298919, 203597, 0
919064, 695223, 0
14.3319, 60811.1, 0
411945, 224680, 0
132971, 88525.7, 0
100168, 144752, 0
244229, 114965, 0
606055, 158986, 0
290846, 45489.6, 0
329202, 69071.9, 0
406149, 178118, 0
252549, 170617, 0
222485, 78411.3, 0
665008, 22375.4, 0
644187, 465518, 0
196835, 166516, 0
25220.2, 127310, 0
398043, 217157, 0
45136.8, 75031.7, 0
47278.7, 107861, 0
180067, 128636, 0
351127, 231781, 0
576770, 221085, 0
625253, 453804, 0
588009, 188131, 0
310189, 114920, 0
511207, 329676, 0
367679, 100069, 0
3326.05, 77059.7, 0
324143, 260456, 0
266639, 200080, 0
417231, 162280, 0
77900.1, 115839, 0
608340, 163654, 0
341271, 246719, 0
258896, 169123, 0
240342, 108827, 0
467258, 357014, 0
491986, 344662, 0
347734, 108295, 0
400660, 116733, 0
191591, 101595, 0
524003, 114227, 0
364093, 47242.7, 0
238143, 179240, 0
317717, 205107, 0
200006, 138606, 0
544037, 83000.1, 0
373425, 181536, 0
424878, 302247, 0
308078, 156503, 0
473143, 264008, 0
295954, 225098, 0
35822.5, 84634.3, 0
419295, 109426, 0
15774.9, 111730, 0
588743, 347248, 0
364785, 229829, 0
712934, 64434.3, 0
468080, 282698, 0
389214, 97297.1, 0
518180, 30221.2, 0
339894, 219082, 0
319371, 89854.3, 0
461892, 156273, 0
458252, 24541.2, 0
314340, 104785, 0
288050, 160890, 0
847326, 393967, 0
205382, 159504, 0
460506, 57084.8, 0
280192, 167074, 0
123750, 103374, 0
173711, 52218.3, 0
225370, 155909, 0
375122, 237150, 0
216811, 193847, 0
121252, 86538.2, 0
405414, 251043, 0
235807, 169293, 0
260088, 197242, 0
125413, 108990, 0
10847.3, 103436, 0
319107, 200776, 0
37586.6, 128526, 0
505712, 213291, 0
258612, 188338, 0
820537, 465714, 0
394372, 133144, 0
468615, 192371, 0
581869, 270279, 0
210559, 186543, 0
124110, 109300, 0
401697, 293960, 0
436244, 258664, 0
218730, 200615, 0
403479, 123247, 0
176809, 80112.1, 0
36634.1, 94903.6, 0
312762, 202511, 0
381144, 167101, 0
400561, 193748, 0
378463, 271309, 0
20033.4, 93520.7, 0
383702, 217646, 0
314443, 221532, 0
321474, 214444, 0
318533, 81193.5, 0
247564, 128357, 0
32581.3, 51285.9, 0
18338.9, 81162.8, 0
550279, 401755, 0
333662, 222906, 0
194359, 172830, 0
144264, 68352, 0
231749, 79863.8, 0
14728, 85348, 0
350324, 111897, 0
244839, 122960, 0
343815, 76941.5, 0
139161, 119780, 0
509566, 261045, 0
236534, 131255, 0
367658, 287887, 0
384957, 208423, 0
461677, 172648, 0
603899, 294383, 0
639115, 356597, 0
63318.9, 96137.6, 0
407369, 142217, 0
537137, 287440, 0
51057.5, 106003, 0
263924, 84421.3, 0
246147, 125977, 0
267800, 224798, 0
97388.3, 6900.57, 0
290347, 123413, 0
531892, 392296, 0
693634, 150526, 0
323494, 178238, 0
287062, 118469, 0
703801, 446158, 0
34097.9, 127295, 0
543352, 177224, 0
342997, 155273, 0
168297, 156770, 0
211314, 111406, 0
200334, 82007.2, 0
83654.3, 57052.8, 0
11860.4, 75797.1, 0
253896, 49849.7, 0
57827.4, 75161.5, 0
438542, 179426, 0
226861, 154968, 0
199057, 27091.2, 0
401848, 184207, 0
159155, 133602, 0
408096, 147439, 0
575721, 190409, 0
7207.99, 31547.1, 0
422143, 159138, 0
124325, 107927, 0
205530, 150354, 0
351569, 254686, 0
250491, 131284, 0
306992, 82200.1, 0
541656, 63265.8, 0
29735.7, 34709.8, 0
136844, 115167, 0
39337.2, 94478.1, 0
558953, 342350, 0
518283, 62914.4, 0
240704, 76199.8, 0
948152, 187212, 0
135818, 128021, 0
113211, 135738, 0
352015, 74729.2, 0
270088, 98988.1, 0
168740, 83060.1, 0
438763, 281427, 0
175837, 169333, 0
673891, 85007.8, 0
283027, 94488.7, 0
312905, 189884, 0
730069, 982956, 0
453440, 131518, 0
54336.2, 58237, 0
32624.7, 76568.1, 0
476363, 829008, 0
383141, 147251, 0
486988, 790497, 0
493494, 251211, 0
123786, 131028, 0
9175.9, 73205.3, 0
194422, 17628, 0
368446, 176894, 0
452617, 324988, 0
575655, 297001, 0
331750, 261252, 0
789508, 278269, 0
453469, 295977, 0
333168, 116258, 0
302607, 55431.3, 0
189746, 168261, 0
585869, 424915, 0
566900, 156378, 0
397738, 203609, 0
364927, 134023, 0
389935, 18512.9, 0
526383, 313281, 0
2188.76, 69656.8, 0
556274, 233879, 0
781485, 291761, 0
270445, 135277, 0
396202, 151081, 0
599978, 245295, 0
307630, 254915, 0
647076, 386501, 0
225347, 139469, 0
84181.4, 72730.3, 0
378338, 144153, 0
788688, 494745, 0
641881, 134049, 0
287167, 161718, 0
204810, 177210, 0
284752, 210172, 0
325139, 220897, 0
402332, 210264, 0
353839, 103969, 0
505517, 359601, 0
379792, 290811, 0
219210, 167305, 0
357672, 160628, 0
333040, 154454, 0
453540, 248608, 0
195538, 156607, 0
393350, 179681, 0
292334, 184668, 0
827581, 168065, 0
317114, 111071, 0
112086, 66318.9, 0
214941, 157125, 0
306620, 181501, 0
397484, 180191, 0
103388, 102548, 0
444302, 130463, 0
406115, 254088, 0
597813, 89461.3, 0
941098, 192161, 0
59814, 25929.8, 0
168493, 101977, 0
12795, 103977, 0
52977.4, 82226.3, 0
549228, 383516, 0
520144, 112076, 0
124535, 105313, 0
142739, 155325, 0
387137, 186759, 0
51389.5, 98685.5, 0
195375, 88642.7, 0
928.001, 55702.3, 0
478821, 76821.9, 0
595773, 410842, 0
311242, 212153, 0
597449, 270205, 0
106382, 65108, 0
323070, 62599.1, 0
125984, 82227, 0
275883, 166220, 0
137540, 142766, 0
282018, 149459, 0
463246, 176065, 0
480936, 293419, 0
324551, 265665, 0
279596, 54238.3, 0
219775, 23588.5, 0
16606.7, 103553, 0
298726, 248921, 0
22431.6, 39993, 0
390258, 140096, 0
574549, 210460, 0
643656, 278900, 0
649809, 326110, 0
505981, 292319, 0
648763, 206734, 0
429728, 176104, 0
298720, 170695, 0
891304, 569795, 0
339806, 50766.2, 0
172271, 62369.4, 0
677147, 280200, 0
326930, 42771.2, 0
697916, 425626, 0
120890, 120963, 0
700613, 372815, 0
402668, 222590, 0
216019, 158996, 0
15468.9, 119517, 0
687843, 271983, 0
360065, 112356, 0
54.3804, 53718.9, 0
503398, 185352, 0
107964, 40277.8, 0
596093, 287428, 0
348113, 243315, 0
386010, 222184, 0
369980, 293793, 0
429225, 290911, 0
538581, 187314, 0
82393.3, 116072, 0
514318, 219898, 0
137534, 142126, 0
120706, 24293, 0
403341, 293668, 0
282504, 158464, 0
515036, 221660, 0
476837, 214639, 0
186197, 132705, 0
460126, 239933, 0
13811.6, 126092, 0
594734, 147066, 0
352250, 34613.2, 0
411760, 175033, 0
60567.9, 123685, 0
461836, 300272, 0
572052, 376194, 0
593762, 168377, 0
432246, 186509, 0
308091, 224402, 0
471751, 73999.2, 0
394778, 145713, 0
48093, 115417, 0
138258, 119929, 0
556412, 394696, 0
603021, 443724, 0
258384, 151846, 0
698976, 196691, 0
225590, 185941, 0
91500.7, 88054.6, 0
276010, 152192, 0
562936, 201123, 0
504261, 133214, 0
330091, 114151, 0
396042, 228446, 0
332167, 254768, 0
495528, 125528, 0
560581, 215353, 0
240868, 49951, 0
452943, 200654, 0
618615, 29939.9, 0
5900.93, 81456.2, 0
538765, 167260, 0
360006, 200920, 0
79489.6, 130846, 0
346574, 247176, 0
124523, 121359, 0
234809, 210196, 0
199648, 180688, 0
184087, 160641, 0
522879, 239929, 0
396489, 232242, 0
286807, 110432, 0
152183, 128208, 0
316442, 90767, 0
620137, 368226, 0
47164.5, 100272, 0
402897, 114684, 0
280997, 126183, 0
131841, 141950, 0
723008, 81765.3, 0
378101, 218914, 0
381296, 169627, 0
95627, 55994.2, 0
572465, 146001, 0
414763, 249823, 0
217708, 94036.9, 0
831768, 96844.4, 0
124463, 106162, 0
271579, 222708, 0
614841, 397620, 0
480986, 201654, 0
326580, 230269, 0
714672, 404778, 0
538744, 140343, 0
514963, 374073, 0
484688, 270889, 0
619597, 462228, 0
399429, 307757, 0
358400, 113963, 0
223066, 148504, 0
647056, 402098, 0
170682, 110830, 0
121720, 137105, 0
16629.9, 57398.2, 0
630155, 258101, 0
462655, 285798, 0
832930, 65627.4, 0
364821, 42241.8, 0
93229.5, 60849.8, 0
565743, 422209, 0
538045, 163830, 0
325706, 26456.4, 0
212790, 137334, 0
381826, 68388.9, 0
111068, 13074.5, 0
471973, 268133, 0
492117, 243493, 0
364393, 205487, 0
694615, 292784, 0
184083, 91189.2, 0
821016, 355996, 0
267699, 219803, 0
137815, 138980, 0
328254, 197136, 0
42738.9, 113477, 0
38521, 76960.4, 0
253815, 193239, 0
51887.8, 106700, 0
456860, 314912, 0
549989, 329401, 0
619366, 433419, 0
390228, 186928, 0
172768, 126715, 0
339350, 250559, 0
495837, 15754.5, 0
64893.5, 110969, 0
23997, 83822.1, 0
293356, 235453, 0
205172, 110011, 0
330165, 149695, 0
293429, 197043, 0
560875, 327269, 0
608202, 292754, 0
483054, 310824, 0
119948, 120893, 0
625825, 197923, 0
438564, 271969, 0
156235, 44174.7, 0
560764, 402038, 0
65162.2, 47112.9, 0
263701, 97140.8, 0
81289.2, 124897, 0
351409, 251825, 0
202676, 157188, 0
788677, 287182, 0
782482, 477524, 0
370911, 123769, 0
775117, 359701, 0
425682, 244502, 0
340893, 245606, 0
117809, 32048.5, 0
591415, 362369, 0
242604, 155945, 0
360917, 136737, 0
483703, 51720, 0
368525, 262704, 0
25880.7, 111860, 0
66001.4, 27141, 0
315398, 77679, 0
204623, 178702, 0
512857, 85613.2, 0
442486, 245846, 0
200145, 37961, 0
352624, 253626, 0
181539, 130291, 0
177613, 174672, 0
350691, 241348, 0
461287, 270346, 0
283641, 141592, 0
461761, 229761, 0
178524, 69823.1, 0
438974, 190786, 0
312911, 239696, 0
301572, 107547, 0
343022, 151348, 0
468243, 313056, 0
298044, 79893, 0
605462, 340588, 0
641090, 451621, 0
186509, 122991, 0
486585, 800150, 0
366288, 241448, 0
889006, 184416, 0
74891.2, 132059, 0
378658, 206637, 0
329022, 82571, 0
219132, 192747, 0
147169, 91674.5, 0
554630, 268009, 0
331958, 46589.4, 0
488003, 69208.1, 0
280480, 70325.9, 0
11295.7, 120999, 0
192626, 133609, 0
784770, 367622, 0
156833, 102127, 0
302832, 180721, 0
336470, 245709, 0
283966, 175394, 0
530352, 289218, 0
641969, 70719.2, 0
394121, 282921, 0
928866, 125762, 0
38082.6, 65758, 0
40944.6, 72759.7, 0
295238, 239213, 0
459897, 261532, 0
178564, 97781.2, 0
364956, 205898, 0
749652, 348306, 0
436987, 51351.6, 0
596686, 153379, 0
501028, 288207, 0
524715, 130959, 0
158017, 140891, 0
665323, 375197, 0
467735, 250230, 0
68624.2, 83715.5, 0
347707, 158679, 0
453578, 50192.7, 0
137878, 41238.8, 0
42809.3, 70357.1, 0
481337, 215954, 0
526221, 245142, 0
298815, 41348.3, 0
620109, 165159, 0
574329, 56479, 0
85912.5, 118841, 0
324289, 256554, 0
230657, 168011, 0
675292, 247711, 0
237823, 31119.9, 0
227260, 132047, 0
756397, 150005, 0
187088, 123817, 0
151038, 108798, 0
259708, 197892, 0
482919, 258223, 0
138946, 72640.5, 0
391188, 82312.4, 0
798556, 676630, 0
185282, 106938, 0
715410, 176891, 0
203937, 57985.5, 0
131722, 98269.4, 0
303231, 195516, 0
491374, 183720, 0
348804, 143326, 0
101429, 115459, 0
164786, 156352, 0
441979, 271433, 0
396543, 170986, 0
242595, 165343, 0
401641, 140001, 0
569520, 77022.9, 0
451619, 812469, 0
145213, 55766.2, 0
163261, 82637.7, 0
148303, 130107, 0
76706, 84791.8, 0
437641, 198977, 0
783311, 211972, 0
43967.3, 52270, 0
776005, 304667, 0
80438.1, 128796, 0
329517, 80242, 0
398244, 245799, 0
259675, 165622, 0
609041, 250515, 0
247031, 189618, 0
566604, 396096, 0
62466.1, 120780, 0
268740, 171694, 0
79861, 79989.9, 0
382258, 275459, 0
593491, 172466, 0
134143, 123113, 0
647385, 164423, 0
282364, 223158, 0
346846, 144235, 0
698087, 430967, 0
181781, 129996, 0
534553, 87066.6, 0
152115, 156104, 0
513470, 323095, 0
126716, 88812, 0
7876.22, 82209.6, 0
446685, 276306, 0
400676, 236942, 0
422543, 239710, 0
259761, 87787.7, 0
388429, 206220, 0
350030, 191464, 0
689487, 190564, 0
431238, 314266, 0
112555, 91119.6, 0
138367, 141052, 0
277799, 230254, 0
243611, 137740, 0
238175, 183586, 0
707232, 447271, 0
75762.1, 27694.4, 0
419363, 225807, 0
554650, 359440, 0
69889.3, 41177.5, 0
358660, 270873, 0
473154, 40060.5, 0
85878.9, 121008, 0
315780, 246061, 0
153350, 136249, 0
242334, 135920, 0
490420, 250815, 0
107633, 109154, 0
104989, 43706.3, 0
533323, 281755, 0
574844, 189167, 0
269795, 151858, 0
533747, 390297, 0
401212, 71318, 0
167550, 150373, 0
182557, 33442.2, 0
149596, 122161, 0
373795, 233616, 0
111447, 104247, 0
89059.6, 131720, 0
317474, 209148, 0
216094, 95429.5, 0
522012, 296203, 0
64164.4, 76939, 0
271796, 75313.7, 0
419096, 111085, 0
190923, 162917, 0
612934, 120492, 0
562952, 405561, 0
243986, 141135, 0
450437, 130780, 0
372123, 245797, 0
282941, 116885, 0
484702, 150578, 0
493398, 12929.9, 0
231901, 127281, 0
302566, 73906.7, 0
158909, 127895, 0
662782, 343572, 0
594414, 227989, 0
363698, 281481, 0
228416, 116737, 0
745607, 48069.6, 0
150970, 87167.6, 0
241268, 207668, 0
269201, 117200, 0
143554, 106732, 0
502700, 154378, 0
259876, 129622, 0
440223, 253465, 0
386245, 201968, 0
579596, 416473, 0
434964, 199119, 0
329450, 222157, 0
539018, 287852, 0
462467, 297847, 0
382091, 254852, 0
91700.3, 68462.1, 0
287583, 121959, 0
396300, 86463.3, 0
174798, 152767, 0
87864.4, 36471, 0
208641, 153587, 0
680315, 129667, 0
62956.8, 57326.9, 0
307873, 118416, 0
279792, 203452, 0
381848, 280938, 0
47493.2, 102335, 0
28803.4, 124044, 0
746055, 430001, 0
158209, 118098, 0
214328, 153733, 0
513031, 324175, 0
200463, 78479.6, 0
251177, 107291, 0
354069, 270564, 0
423495, 226229, 0
126713, 62823.1, 0
522425, 97049.9, 0
354659, 220172, 0
458386, 109690, 0
55564.2, 97647.5, 0
136160, 87891.7, 0
25016, 64201.8, 0
173471, 58673.9, 0
222189, 52411.3, 0
62004.6, 113755, 0
124963, 120443, 0
390962, 199470, 0
46660.7, 128770, 0
330413, 212106, 0
91207.6, 98786.8, 0
219029, 191559, 0
527053, 264216, 0
27457.3, 31947, 0
460363, 207921, 0
130988, 90096.8, 0
141613, 156683, 0
457531, 152608, 0
481815, 202942, 0
638689, 370664, 0
470560, 265382, 0
163610, 137613, 0
481009, 218750, 0
320426, 184835, 0
451120, 302512, 0
79403.5, 86725.1, 0
409625, 242866, 0
409436, 190429, 0
22237.8, 76139.7, 0
432680, 99935.7, 0
34371.6, 73686.9, 0
368566, 162924, 0
641589, 318569, 0
390752, 130052, 0
536774, 216721, 0
313807, 29073, 0
124674, 102364, 0
11331.7, 78289.7, 0
587834, 262610, 0
370024, 163405, 0
200176, 186428, 0
322851, 208626, 0
405679, 224458, 0
377717, 192168, 0
441679, 290429, 0
600922, 417811, 0
533268, 164236, 0
635569, 421328, 0
462404, 152962, 0
385001, 70204.8, 0
521011, 111677, 0
54867.7, 131129, 0
218428, 44105.1, 0
535312, 321300, 0
501810, 381857, 0
470514, 297291, 0
287936, 147643, 0
132918, 115520, 0
547483, 203585, 0
128460, 151100, 0
472037, 820829, 0
360684, 275289, 0
60078.1, 119278, 0
151556, 159179, 0
369305, 274548, 0
544888, 213636, 0
131753, 120525, 0
120294, 138585, 0
316240, 228402, 0
354280, 221221, 0
133423, 152878, 0
298781, 109586, 0
415793, 57749.1, 0
155335, 120999, 0
35174, 94492.6, 0
595348, 288354, 0
430432, 223199, 0
178661, 128395, 0
278789, 199207, 0
284230, 156983, 0
331429, 33953, 0
320326, 153032, 0
92218.5, 13884.8, 0
326990, 28914.2, 0
457826, 18776.6, 0
575701, 361535, 0
153615, 51113.3, 0
359189, 157973, 0
843023, 392179, 0
180127, 179787, 0
444995, 129320, 0
681849, 300583, 0
234863, 102214, 0
232924, 75175.7, 0
256246, 192869, 0
476866, 302523, 0
558634, 244753, 0
280220, 56074.7, 0
285673, 172277, 0
251898, 218145, 0
502098, 346828, 0
153489, 70908.2, 0
493821, 132084, 0
271519, 99280.1, 0
354193, 133281, 0
326758, 240536, 0
285167, 219186, 0
289100, 219521, 0
325261, 185785, 0
158499, 133548, 0
485548, 159546, 0
42898.4, 82968.8, 0
280337, 57974.7, 0
174884, 137270, 0
189827, 174664, 0
210088, 55490.3, 0
439766, 337999, 0
132096, 93026.2, 0
291678, 134810, 0
252490, 220981, 0
277719, 29844.5, 0
899864, 1.07755e+06, 0
415599, 294312, 0
221764, 204071, 0
370918, 233626, 0
244653, 139859, 0
242437, 174886, 0
267335, 143962, 0
113685, 50501.4, 0
150367, 152298, 0
342646, 200277, 0
413505, 216675, 0
562213, 300791, 0
208805, 165753, 0
345991, 93212.6, 0
547345, 228493, 0
334038, 166348, 0
175357, 151186, 0
532626, 281153, 0
210754, 83038, 0
30758.9, 74502.7, 0
241216, 196415, 0
438893, 235654, 0
482722, 202493, 0
258317, 138679, 0
225152, 191887, 0
218483, 201684, 0
379090, 74911.5, 0
355378, 104121, 0
305289, 132535, 0
545715, 66551.1, 0
89678, 100836, 0
148647, 57865, 0
35867.4, 41087.6, 0
298483, 247372, 0
221095, 129462, 0
405013, 248108, 0
173545, 76734.3, 0
252630, 115788, 0
121786, 48468.7, 0
241866, 102672, 0
268361, 114281, 0
623835, 30563.6, 0
459712, 126320, 0
598700, 177676, 0
108958, 58815.8, 0
197877, 123413, 0
246574, 173906, 0
289604, 51021.5, 0
504165, 327060, 0
431940, 301961, 0
477837, 343143, 0
225624, 193128, 0
133170, 156728, 0
233417, 103033, 0
409477, 213882, 0
371311, 248746, 0
210011, 157164, 0
47994.1, 25469.1, 0
204664, 54864.1, 0
174094, 147395, 0
288093, 189873, 0
106320, 33897.8, 0
551178, 221802, 0
661142, 447114, 0
569353, 887723, 0
270726, 93635.1, 0
96733.9, 127659, 0
105231, 119672, 0
94934.9, 127044, 0
550027, 390987, 0
463887, 352790, 0
93472, 130169, 0
568466, 331679, 0
359385, 20859, 0
393266, 88714.7, 0
424238, 265683, 0
309198, 221634, 0
96236.3, 114496, 0
186828, 46048.3, 0
151368, 125304, 0
338464, 247325, 0
75447.2, 41039.7, 0
397743, 189740, 0
603225, 229771, 0
492274, 133436, 0
297066, 58414.4, 0
308959, 188448, 0
22922.9, 105292, 0
259710, 31557.9, 0
396994, 226664, 0
431119, 242274, 0
149723, 108794, 0
38036.9, 107753, 0
183416, 169770, 0
105854, 122269, 0
208647, 128507, 0
777046, 473555, 0
382990, 222508, 0
8500.7, 69343.7, 0
557689, 294966, 0
500816, 222586, 0
334526, 247499, 0
44003, 28827.9, 0
63814.5, 88401.4, 0
153371, 144287, 0
405808, 306346, 0
255122, 216998, 0
422989, 271553, 0
304711, 140872, 0
101154, 103050, 0
523899, 174829, 0
149904, 119992, 0
144268, 160846, 0
303651, 145336, 0
287964, 152577, 0
256984, 145999, 0
270429, 87137.2, 0
262224, 126331, 0
186263, 159525, 0
108020, 26894.4, 0
163431, 124860, 0
426710, 220442, 0
273180, 173560, 0
387615, 71408.4, 0
283812, 222086, 0
78080.2, 116888, 0
397252, 305223, 0
217997, 186463, 0
502689, 220155, 0
256919, 200658, 0
526938, 372056, 0
447066, 93395.1, 0
463481, 136291, 0
158543, 90793.2, 0
555489, 148993, 0
156466, 153083, 0
411203, 290181, 0
63164.9, 93064.4, 0
462614, 246530, 0
346545, 132376, 0
320504, 161470, 0
167275, 60744.6, 0
102039, 123012, 0
94802.6, 99947.4, 0
11253.7, 99336.6, 0
287815, 201203, 0
10913, 56952.3, 0
280876, 87841.1, 0
25906, 48676, 0
207061, 86369.2, 0
296124, 192276, 0
131557, 141666, 0
638742, 201019, 0
6953.5, 60774.4, 0
198854, 56421.7, 0
339661, 224345, 0
113678, 33284.9, 0
281478, 46653.4, 0
270001, 110018, 0
412577, 88727.4, 0
236525, 74751.4, 0
394496, 182911, 0
160417, 169346, 0
256903, 156057, 0
315141, 162104, 0
362120, 264490, 0
9952.65, 58574.4, 0
412495, 278543, 0
248659, 207710, 0
265236, 113379, 0
18676.8, 68614.5, 0
354759, 38637.7, 0
859534, 542418, 0
564865, 249010, 0
78261.2, 124356, 0
328425, 124367, 0
403406, 266207, 0
531271, 188569, 0
350662, 103157, 0
225025, 197596, 0
495916, 221936, 0
659720, 435005, 0
305121, 68950, 0
191283, 118056, 0
281584, 213605, 0
184832, 78969.6, 0
514854, 350762, 0
152967, 150246, 0
376029, 130405, 0
121084, 106265, 0
691283, 190203, 0
586677, 247635, 0
487445, 262014, 0
628845, 261790, 0
362535, 153339, 0
190706, 89763.4, 0
446751, 150141, 0
76176.5, 97050.5, 0
606982, 181506, 0
49648.1, 108449, 0
604149, 227626, 0
289019, 107327, 0
318646, 215181, 0
467675, 311761, 0
308862, 108344, 0
285186, 204662, 0
119285, 138151, 0
351204, 255680, 0
445907, 156618, 0
509965, 92022.8, 0
427371, 83716.8, 0
479195, 133367, 0
353254, 211665, 0
211638, 26740.7, 0
284093, 101722, 0
182961, 147270, 0
479403, 335229, 0
390720, 232825, 0
529781, 284209, 0
25329.2, 57606.7, 0
702971, 307748, 0
222864, 110396, 0
31690.8, 63229.8, 0
201233, 182526, 0
338871, 264815, 0
761117, 229003, 0
234384, 163675, 0
528191, 382518, 0
667140, 354051, 0
276929, 207237, 0
374037, 199477, 0
399366, 289792, 0
249645, 137217, 0
36678.5, 89901.9, 0
506774, 127463, 0
297291, 142231, 0
376093, 38648.9, 0
65660.9, 100079, 0
494536, 341524, 0
48427, 117080, 0
209055, 51554.2, 0
418338, 250497, 0
579364, 345254, 0
988315, 375207, 0
367011, 191624, 0
237485, 171939, 0
502937, 288282, 0
143945, 69045.1, 0
290072, 138298, 0
454477, 226295, 0
742587, 499228, 0
690552, 251938, 0
146312, 39934.2, 0
113269, 105831, 0
299819, 193128, 0
473006, 337362, 0
299123, 83757.1, 0
486085, 115494, 0
751291, 46191.4, 0
499333, 237942, 0
143446, 85896.4, 0
125318, 109935, 0
118178, 55207.7, 0
175745, 159978, 0
337192, 158989, 0
558132, 132787, 0
67378.2, 30822.9, 0
454166, 173329, 0
288571, 195854, 0
362159, 259134, 0
184096, 152943, 0
96721.9, 45819.5, 0
489626, 220635, 0
3191.94, 47723.8, 0
346683, 83522.4, 0
420075, 72575.2, 0
528172, 361607, 0
246475, 151578, 0
468178, 342683, 0
48018.3, 96152.7, 0
541771, 280297, 0
422586, 138192, 0
528141, 281345, 0
233717, 175306, 0
693294, 265045, 0
434389, 85629.1, 0
100363, 99792.2, 0
229444, 165321, 0
482720, 126340, 0
210028, 70958.4, 0
280383, 77945.3, 0
241709, 153303, 0
559711, 101881, 0
242231, 120917, 0
438603, 249268, 0
92693.4, 110217, 0
371207, 293633, 0
197055, 130444, 0
192578, 58340.9, 0
411740, 209989, 0
715586, 491911, 0
537008, 321677, 0
122453, 133214, 0
195430, 180730, 0
503067, 279091, 0
482440, 110358, 0
398005, 205077, 0
440238, 33383.4, 0
545020, 47168.5, 0
111832, 37234.7, 0
53635.1, 26439.1, 0
218130, 94141.8, 0
286236, 198086, 0
380320, 239541, 0
381066, 220771, 0
281870, 139096, 0
111179, 112946, 0
328788, 24397.1, 0
254974, 100353, 0
430675, 172728, 0
789878, 236213, 0
508153, 112931, 0
294552, 135425, 0
361578, 172574, 0
604921, 351809, 0
432828, 61568.4, 0
214586, 96537.6, 0
216805, 125910, 0
61683.4, 67316, 0
402457, 217293, 0
271551, 149699, 0
436592, 204374, 0
392194, 226331, 0
346601, 140753, 0
259671, 177348, 0
453786, 327356, 0
300710, 29042.5, 0
204231, 174279, 0
459495, 335243, 0
525126, 199244, 0
918824, 69965.3, 0
413648, 305674, 0
283063, 228927, 0
591078, 86424.8, 0
570238, 94360.6, 0
620411, 125799, 0
177496, 177286, 0
593255, 83114.2, 0
358675, 54404, 0
299308, 155046, 0
437572, 227075, 0
439630, 290576, 0
186071, 147972, 0
476294, 190665, 0
428982, 291282, 0
231376, 175602, 0
1740.81, 113646, 0
44508.8, 74712.5, 0
216812, 199954, 0
296331, 220332, 0
254437, 155795, 0
250083, 137289, 0
307802, 168667, 0
370855, 186162, 0
553023, 190242, 0
131202, 92982.7, 0
162431, 113982, 0
300392, 95550.5, 0
312000, 221692, 0
392347, 164340, 0
394558, 42494.6, 0
415302, 65943.9, 0
471237, 65721.7, 0
291662, 222905, 0
471525, 141947, 0
225786, 136563, 0
293820, 61327.9, 0
519652, 299392, 0
40394.3, 69544.9, 0
355745, 127663, 0
515949, 145183, 0
147593, 36317.2, 0
316505, 244966, 0
452527, 274558, 0
131132, 148494, 0
123796, 142342, 0
407815, 120910, 0
377778, 188556, 0
201650, 28839.3, 0
522639, 248511, 0
236153, 196058, 0
70743.3, 56952.2, 0
120995, 89043.3, 0
550888, 268831, 0
229027, 149599, 0
233520, 154185, 0
321941, 161121, 0
456316, 342159, 0
455721, 106711, 0
470488, 336031, 0
410984, 236647, 0
114906, 35039.4, 0
298855, 230112, 0
16283.8, 77858, 0
465181, 220692, 0
141758, 18974.4, 0
609171, 406648, 0
438098, 159596, 0
148768, 132964, 0
272576, 181994, 0
3508.18, 54394.8, 0
678259, 371932, 0
284240, 201679, 0
475773, 203520, 0
320213, 242713, 0
48957.1, 126146, 0
146772, 151929, 0
501603, 337158, 0
45545.6, 99564.6, 0
263370, 223621, 0
345517, 188206, 0
728063, 389292, 0
400663, 93724.8, 0
85400.9, 26880.5, 0
163848, 40951.2, 0
142316, 140189, 0
834535, 441469, 0
317453, 144862, 0
223224, 37281, 0
219854, 178760, 0
285092, 74492.9, 0
111996, 131143, 0
174916, 71796.7, 0
426902, 247808, 0
186474, 127338, 0
480478, 89810.6, 0
216813, 180729, 0
347384, 137620, 0
266105, 229184, 0
319364, 127180, 0
390204, 160380, 0
532555, 205727, 0
506116, 159368, 0
419497, 244752, 0
263961, 207606, 0
668305, 454575, 0
348702, 72007.6, 0
163378, 108281, 0
271596, 136238, 0
697765, 213337, 0
282047, 167349, 0
282202, 111654, 0
855.971, 62165.1, 0
385786, 129883, 0
527912, 183241, 0
344347, 195566, 0
409576, 123691, 0
32491.7, 64783.4, 0
503357, 219918, 0
382271, 125869, 0
63937.2, 45264.9, 0
123295, 95015.3, 0
136580, 81466.3, 0
517742, 194837, 0
472696, 322976, 0
723564, 364316, 0
102606, 69983.7, 0
434708, 193758, 0
241047, 125457, 0
572321, 412609, 0
140520, 161948, 0
262418, 151609, 0
375695, 128120, 0
242650, 169633, 0
100850, 88577.2, 0
61522.1, 114525, 0
260226, 222520, 0
326714, 100156, 0
278015, 94632.9, 0
184331, 173562, 0
51218.2, 42850.5, 0
229370, 78295.4, 0
173863, 133265, 0
350225, 224105, 0
852541, 565708, 0
634560, 350873, 0
240612, 142872, 0
431590, 295815, 0
143061, 152038, 0
486693, 342939, 0
20139, 118923, 0
164042, 18542.5, 0
297452, 194060, 0
535051, 329904, 0
358293, 194914, 0
180314, 159218, 0
480070, 30989.8, 0
332821, 161805, 0
258240, 69677.2, 0
351544, 265748, 0
569149, 310424, 0
17112.8, 66819.4, 0
272067, 143789, 0
563783, 131378, 0
199924, 106791, 0
467852, 45550.3, 0
263671, 121901, 0
391306, 273679, 0
122071, 36903.5, 0
249483, 171550, 0
113446, 126679, 0
202342, 176065, 0
668920, 234352, 0
324481, 210718, 0
552271, 181210, 0
222316, 140165, 0
305581, 195867, 0
281158, 149447, 0
306941, 243109, 0
264799, 132433, 0
605892, 146607, 0
231622, 108736, 0
195477, 186969, 0
263731, 200544, 0
343306, 159158, 0
64204.9, 104250, 0
493604, 176475, 0
623947, 358999, 0
47055.3, 114444, 0
310201, 241032, 0
206326, 150925, 0
346119, 260585, 0
216717, 196511, 0
256411, 220857, 0
185243, 116499, 0
388234, 177428, 0
536103, 71016.9, 0
189980, 68624.3, 0
191441, 161975, 0
386041, 301867, 0
154328, 167649, 0
234761, 63546.9, 0
177211, 127417, 0
298225, 243198, 0
41649.6, 125399, 0
154090, 61688.4, 0
459711, 322817, 0
238945, 92641.1, 0
760541, 404326, 0
158540, 47718, 0
103052, 111515, 0
7148.4, 4575.44, 0
131009, 53260.7, 0
308101, 200459, 0
238268, 149400, 0
81416.8, 59750.9, 0
445004, 263460, 0
273927, 197216, 0
173727, 85546.4, 0
225963, 187917, 0
283182, 191646, 0
290166, 59086.6, 0
436615, 264029, 0
426308, 157637, 0
677504, 401184, 0
471207, 331570, 0
866432, 326831, 0
522407, 131593, 0
307885, 184083, 0
110162, 114256, 0
375244, 191590, 0
250747, 92203.8, 0
363651, 72995.9, 0
352634, 146393, 0
159488, 103048, 0
472848, 317706, 0
505949, 316437, 0
178910, 160787, 0
461289, 65452, 0
76181.3, 102818, 0
385220, 259713, 0
409136, 291212, 0
444035, 86351.9, 0
500741, 302546, 0
457021, 136176, 0
259180, 121119, 0
276000, 186981, 0
224632, 151762, 0
456528, 196608, 0
146199, 143584, 0
411954, 94113.8, 0
412094, 310377, 0
588617, 250064, 0
62488.9, 68660.6, 0
185511, 81920.7, 0
154390, 13863.6, 0
1.00736e+06, 342134, 0
477044, 115731, 0
24143.2, 103707, 0
119444, 124168, 0
317989, 253870, 0
513147, 287204, 0
326848, 104300, 0
189427, 27399, 0
368110, 237726, 0
431473, 182638, 0
339713, 97531.3, 0
344591, 231157, 0
167855, 84326.2, 0
254306, 112714, 0
419959, 240752, 0
220341, 164179, 0
690493, 249763, 0
725899, 467016, 0
554356, 336722, 0
195707, 171166, 0
387407, 290817, 0
652068, 180040, 0
574440, 265656, 0
610959, 117203, 0
390921, 139204, 0
82045.5, 120646, 0
211070, 88686.6, 0
38467.4, 79661, 0
405340, 204949, 0
57176.6, 53832, 0
324267, 94135.7, 0
413529, 196632, 0
260656, 177673, 0
553947, 180269, 0
292586, 211388, 0
298854, 241044, 0
468394, 338870, 0
472612, 105550, 0
589414, 244841, 0
513616, 238828, 0
182645, 136133, 0
201497, 147735, 0
105461, 140490, 0
832363, 322358, 0
653216, 458558, 0
351297, 157896, 0
183846, 110338, 0
567387, 306118, 0
226932, 68569.9, 0
355437, 214160, 0
404925, 97997.5, 0
151116, 134869, 0
320861, 210158, 0
433632, 288293, 0
134928, 146483, 0
300537, 248074, 0
343254, 89142.3, 0
187966, 53533.9, 0
464094, 181768, 0
226554, 74650.4, 0
232107, 163421, 0
36281.4, 93450.9, 0
435164, 290764, 0
393163, 230542, 0
103308, 135200, 0
380264, 152303, 0
146061, 73389.3, 0
344362, 150793, 0
162941, 136976, 0
87362.2, 138195, 0
535849, 307301, 0
458787, 139609, 0
462834, 236223, 0
227004, 26619.5, 0
272646, 180198, 0
416118, 241735, 0
678836, 154072, 0
23842.8, 108567, 0
57090.1, 102181, 0
559598, 265344, 0
186385, 137318, 0
160681, 70960.9, 0
434410, 258508, 0
174896, 139670, 0
408276, 110689, 0
1.00322e+06, 27494, 0
440416, 304386, 0
375134, 202358, 0
516202, 74296.5, 0
73806.1, 49054.7, 0
650508, 122252, 0
449025, 161390, 0
456225, 198658, 0
452274, 276091, 0
495792, 172701, 0
345575, 23616, 0
441298, 309424, 0
625576, 83591, 0
284564, 204130, 0
771312, 567615, 0
529288, 155754, 0
199626, 36826.8, 0
640175, 91958.3, 0
175441, 19546.2, 0
243398, 164705, 0
471351, 333286, 0
60341.5, 107054, 0
253397, 99794.7, 0
555700, 137494, 0
114629, 144637, 0
56010.1, 80018, 0
502947, 371340, 0
380768, 211684, 0
215131, 109193, 0
452290, 1.1085e+06, 0
85004.9, 132338, 0
355509, 227519, 0
252866, 124950, 0
330617, 260306, 0
290083, 239753, 0
543761, 279160, 0
94359.9, 134401, 0
490762, 318299, 0
533289, 215200, 0
355300, 201018, 0
498017, 329729, 0
344570, 103320, 0
389046, 162664, 0
275891, 199344, 0
566083, 90712.5, 0
569232, 416044, 0
327181, 246786, 0
374062, 176578, 0
151068, 46344.9, 0
167839, 87563.1, 0
431682, 129966, 0
407645, 158473, 0
278754, 109871, 0
706931, 967639, 0
200529, 155235, 0
668111, 301155, 0
94571.7, 59589.8, 0
85195.3, 105668, 0
632310, 182029, 0
213983, 132251, 0
526616, 281619, 0
330324, 115186, 0
340438, 180104, 0
263434, 186093, 0
560879, 337213, 0
106987, 104869, 0
231769, 53077.6, 0
264361, 137015, 0
1557.89, 117112, 0
262139, 115485, 0
531423, 190658, 0
329198, 176858, 0
87763.7, 100743, 0
402660, 95744.8, 0
460316, 337087, 0
261957, 155982, 0
507980, 284902, 0
393188, 82156.9, 0
485875, 311255, 0
148648, 102781, 0
154143, 161353, 0
476581, 243016, 0
281620, 192252, 0
501232, 375674, 0
545998, 94324, 0
247153, 124610, 0
525953, 395525, 0
425126, 221501, 0
369710, 172283, 0
56428.8, 89767, 0
606653, 254263, 0
320185, 201117, 0
184006, 170648, 0
180861, 122175, 0
49485.1, 75379.8, 0
605413, 258305, 0
383055, 243589, 0
278809, 44138.1, 0
278972, 129734, 0
778050, 510819, 0
130839, 120680, 0
282344, 91877.3, 0
380262, 214018, 0
372220, 257625, 0
437186, 77900.7, 0
325309, 78192.5, 0
547874, 365049, 0
695914, 201128, 0
684516, 94211.5, 0
1414.38, 126019, 0
389258, 196642, 0
213191, 153185, 0
308072, 185913, 0
337276, 273979, 0
273970, 132165, 0
507681, 386276, 0
588957, 296094, 0
286452, 89006.3, 0
52831, 73169.8, 0
245722, 154047, 0
311957, 149510, 0
612391, 175117, 0
216878, 131011, 0
184112, 73642.9, 0
349201, 263235, 0
42181.3, 69726.5, 0
591417, 298603, 0
66583.7, 14826.6, 0
312811, 112629, 0
187370, 107865, 0
444325, 321162, 0
312577, 158554, 0
329871, 60285.4, 0
115580, 124461, 0
642215, 75210.7, 0
603828, 398565, 0
323261, 112096, 0
492514, 317540, 0
420200, 189311, 0
383369, 221997, 0
439078, 335184, 0
417305, 218944, 0
509689, 145231, 0
217188, 136541, 0
427127, 132126, 0
741710, 241590, 0
198246, 43295.2, 0
376257, 269410, 0
443136, 107868, 0
379686, 65828, 0
401628, 253347, 0
316003, 168613, 0
659814, 45100.7, 0
281687, 58998, 0
6418.21, 105640, 0
680878, 115115, 0
179990, 77699.3, 0
287132, 238917, 0
264946, 204055, 0
647751, 167773, 0
638102, 423500, 0
239364, 156121, 0
341054, 228064, 0
425963, 175764, 0
57493.6, 71953.1, 0
164922, 162034, 0
253208, 104754, 0
185328, 78697, 0
271175, 137050, 0
238695, 123126, 0
392934, 151371, 0
542198, 78128, 0
62775.8, 74201.5, 0
496031, 347976, 0
250093, 199069, 0
595635, 402706, 0
670446, 60982.1, 0
286314, 190320, 0
632426, 291756, 0
331361, 161449, 0
62573.3, 102546, 0
88620.7, 123183, 0
368924, 225658, 0
636056, 282818, 0
491821, 204224, 0
315689, 246863, 0
394889, 279177, 0
616242, 93576.6, 0
611898, 239095, 0
316647, 92408.4, 0
416500, 300337, 0
261193, 135252, 0
211410, 83312.4, 0
108935, 145076, 0
265619, 62957.4, 0
1.0241e+06, 203241, 0
424180, 146527, 0
134779, 100718, 0
567844, 228910, 0
549387, 277223, 0
149377, 110865, 0
246631, 210284, 0
132991, 7231.1, 0
296259, 193725, 0
408837, 207777, 0
9133.34, 113859, 0
383973, 62342.7, 0
301613, 171373, 0
388166, 245028, 0
358184, 77376.9, 0
223189, 106654, 0
416186, 136541, 0
142860, 19847.4, 0
2711.79, 90255.8, 0
129458, 99189.2, 0
182775, 144718, 0
579831, 397925, 0
285498, 208326, 0
125445, 155695, 0
424486, 287479, 0
540193, 230162, 0
116592, 65420.2, 0
418334, 293590, 0
275125, 147123, 0
767736, 559505, 0
483325, 254976, 0
37247.3, 94416, 0
14366.1, 52496.2, 0
619056, 158582, 0
399833, 250363, 0
134880, 55515.8, 0
263951, 62562.8, 0
212031, 125125, 0
145127, 152441, 0
351496, 104384, 0
360043, 33675.5, 0
343557, 189441, 0
228659, 122363, 0
452948, 122351, 0
585042, 183021, 0
100721, 67210.6, 0
493923, 89471.9, 0
340429, 183984, 0
377730, 131896, 0
419117, 132406, 0
347618, 143231, 0
152267, 139227, 0
345617, 200742, 0
344961, 171211, 0
332932, 92877.7, 0
522065, 116053, 0
217865, 108093, 0
246731, 206323, 0
269555, 147782, 0
658685, 245458, 0
269283, 165080, 0
386414, 245370, 0
136567, 63021, 0
74829.1, 136185, 0
154075, 129438, 0
445555, 289243, 0
361889, 185162, 0
425016, 297774, 0
223628, 70643, 0
221586, 107020, 0
298836, 165942, 0
476341, 309744, 0
246494, 43914.7, 0
712233, 327060, 0
84790.3, 139627, 0
84234.4, 50608, 0
282074, 197896, 0
176300, 58033.8, 0
305033, 82006.2, 0
360118, 102418, 0
73977.2, 124976, 0
380586, 151046, 0
537493, 229778, 0
276792, 219890, 0
382866, 284271, 0
88221.3, 139046, 0
336616, 202145, 0
286989, 124086, 0
35664.1, 25624.3, 0
430849, 166802, 0
182083, 168327, 0
484946, 196340, 0
435677, 289084, 0
143204, 89662.4, 0
595927, 299602, 0
194994, 83192.8, 0
502343, 66216.7, 0
274116, 176054, 0
548129, 251381, 0
284093, 160918, 0
186404, 136065, 0
371351, 132031, 0
885989, 372158, 0
264912, 159605, 0
291358, 216817, 0
293503, 238176, 0
19424.8, 85357.9, 0
362162, 168419, 0
601784, 287574, 0
436481, 162471, 0
63285.9, 130433, 0
155167, 87612.4, 0
514067, 190410, 0
692491, 425311, 0
450685, 123850, 0
139060, 99119.7, 0
74928.8, 86906.5, 0
329585, 63266.4, 0
682103, 489706, 0
496578, 206807, 0
106922, 49370.8, 0
138926, 135499, 0
339257, 259837, 0
390231, 127169, 0
496204, 357666, 0
214814, 83138.6, 0
459284, 144830, 0
123175, 96312.3, 0
482459, 265448, 0
232955, 117208, 0
405210, 155909, 0
409808, 256648, 0
251211, 145645, 0
93537.9, 98039.8, 0
625329, 116996, 0
23496.5, 120396, 0
346730, 93857.6, 0
162311, 71433.2, 0
386846, 265663, 0
227653, 111882, 0
360882, 190622, 0
428602, 93847.7, 0
183169, 159536, 0
1095.11, 77729.9, 0
399327, 54578.9, 0
242309, 132090, 0
288521, 74924.9, 0
617272, 189591, 0
284927, 115312, 0
159188, 138862, 0
366140, 43436.8, 0
75684.9, 122256, 0
370419, 49677.7, 0
477233, 277155, 0
322120, 113562, 0
205113, 136828, 0
28300.9, 24058.5, 0
166846, 99060.6, 0
345855, 153949, 0
583918, 102089, 0
1356.8, 120025, 0
310986, 136568, 0
343908, 110381, 0
291288, 182879, 0
364691, 194189, 0
84193.7, 135076, 0
588256, 21390.5, 0
422792, 225518, 0
704787, 202960, 0
270298, 112527, 0
332575, 187420, 0
57815.7, 65130.6, 0
543253, 395545, 0
209485, 87760.6, 0
477262, 765235, 0
396853, 180697, 0
196990, 89357.7, 0
94761, 27875.2, 0
622526, 257448, 0
356160, 283409, 0
539288, 289061, 0
451306, 91029.2, 0
445980, 338573, 0
534901, 118379, 0
294431, 66795.6, 0
276516, 183337, 0
120336, 123887, 0
349650, 225249, 0
318117, 168961, 0
428258, 65851.7, 0
327468, 224513, 0
296096, 125468, 0
442509, 248395, 0
526476, 216518, 0
12408.6, 105161, 0
246565, 201616, 0
632842, 40714.1, 0
504890, 134644, 0
458621, 193562, 0
357235, 262742, 0
346939, 116886, 0
453885, 196803, 0
503943, 62064.2, 0
513388, 215210, 0
199866, 156484, 0
81735, 137182, 0
362426, 106170, 0
42510, 114608, 0
53598.9, 102973, 0
408255, 118625, 0
461673, 133696, 0
181047, 181891, 0
113783, 34349.7, 0
385120, 262547, 0
353487, 213036, 0
482167, 228585, 0
777042, 559228, 0
273549, 172397, 0
225869, 104907, 0
484802, 125991, 0
152319, 91940.3, 0
182393, 160465, 0
532561, 399263, 0
164978, 73582.8, 0
218790, 139039, 0
349092, 148889, 0
299868, 130762, 0
395164, 182167, 0
72142.5, 73834.3, 0
291458, 209126, 0
428048, 59041.8, 0
51663.6, 73502.2, 0
225948, 63782.8, 0
76938, 83289.3, 0
218903, 190289, 0
226371, 115131, 0
328916, 78130.6, 0
512669, 356013, 0
356880, 258562, 0
236610, 182972, 0
3229.76, 87023.6, 0
193726, 71657, 0
345248, 263570, 0
315373, 79642.8, 0
606299, 290243, 0
599677, 201773, 0
400227, 141259, 0
148093, 98290, 0
466006, 355186, 0
449703, 293691, 0
331126, 233200, 0
340404, 177275, 0
233706, 196112, 0
353462, 218935, 0
271895, 133897, 0
434195, 333206, 0
487982, 192020, 0
249917, 91084.6, 0
228082, 154706, 0
447643, 235945, 0
326148, 134125, 0
6840.08, 13803.2, 0
486786, 177391, 0
278399, 121722, 0
62358.2, 113254, 0
10362.8, 24931.6, 0
615575, 255418, 0
380573, 202029, 0
223114, 98304.4, 0
540705, 211063, 0
141921, 160570, 0
621974, 375191, 0
148330, 32117.2, 0
571792, 428103, 0
332691, 85324, 0
377138, 251504, 0
256431, 40068.2, 0
162734, 47439, 0
364907, 263392, 0
510750, 325548, 0
150796, 76527.2, 0
490410, 278891, 0
482463, 278713, 0
639152, 437341, 0
467942, 16668, 0
105204, 126252, 0
307110, 145969, 0
56377.3, 93327.5, 0
429917, 232920, 0
633170, 117078, 0
126886, 117478, 0
335376, 105453, 0
579661, 323112, 0
400110, 120978, 0
257038, 182756, 0
202703, 132582, 0
374459, 264667, 0
428311, 57414.6, 0
274421, 186967, 0
244366, 141797, 0
405431, 204082, 0
92819.8, 140425, 0
430585, 156872, 0
78857.1, 106595, 0
5764.47, 18148.1, 0
272960, 151142, 0
232674, 81395.3, 0
407522, 292706, 0
692905, 293885, 0
272504, 79459, 0
466180, 343120, 0
743505, 549314, 0
204150, 106515, 0
319942, 87381.8, 0
138603, 54559.9, 0
784970, 428395, 0
125754, 26519.2, 0
181189, 78238.4, 0
305564, 214025, 0
315050, 247670, 0
279463, 94305.1, 0
594389, 187758, 0
318997, 120110, 0
228701, 206598, 0
448278, 245930, 0
320331, 125899, 0
327321, 11876.6, 0
539391, 224242, 0
248607, 38622, 0
77825, 111749, 0
633346, 154599, 0
192351, 107355, 0
374031, 179509, 0
47335.1, 102656, 0
18653.1, 82964.4, 0
549242, 263163, 0
276897, 168412, 0
159270, 159927, 0
475761, 336586, 0
133210, 109037, 0
328679, 154331, 0
305166, 144695, 0
133260, 80963.9, 0
173320, 132898, 0
247635, 127205, 0
587045, 291753, 0
59641.2, 93329.2, 0
754090, 165703, 0
497236, 145371, 0
507877, 233884, 0
418080, 227059, 0
274733, 62412, 0
419891, 175268, 0
553804, 52781.8, 0
257215, 193073, 0
212328, 183444, 0
376103, 25064.6, 0
556655, 200168, 0
400269, 156047, 0
78312.9, 61432.8, 0
819815, 368365, 0
390527, 254709, 0
124654, 112789, 0
539260, 278709, 0
459010, 281296, 0
82728.1, 136729, 0
57189.5, 118260, 0
185344, 149386, 0
120614, 91824.6, 0
675537, 263712, 0
282977, 235877, 0
210107, 56046.2, 0
296096, 237861, 0
444658, 259670, 0
257633, 219061, 0
546169, 235542, 0
360942, 276860, 0
224297, 58306, 0
665976, 237376, 0
221383, 169980, 0
499524, 314958, 0
189255, 114831, 0
659211, 31354, 0
646738, 298261, 0
507926, 175988, 0
158388, 74849.4, 0
455262, 346401, 0
424803, 234228, 0
16783.8, 93047, 0
634968, 356521, 0
101794, 83047.2, 0
396840, 182381, 0
411704, 144255, 0
287215, 40390.7, 0
406435, 222930, 0
677623, 286299, 0
300438, 219687, 0
429530, 270991, 0
78308.3, 127073, 0
204632, 108511, 0
335146, 88285.2, 0
236175, 141450, 0
16474, 106405, 0
561600, 237957, 0
176331, 54338.4, 0
107491, 135907, 0
143144, 147892, 0
594907, 225239, 0
123722, 97697.2, 0
495828, 371311, 0
318275, 141076, 0
326978, 112578, 0
489056, 279892, 0
539506, 54735.6, 0
347425, 145468, 0
441088, 280715, 0
150469, 19874.1, 0
956822, 139965, 0
457088, 344194, 0
190232, 134195, 0
673282, 306642, 0
265199, 123046, 0
251168, 165874, 0
559981, 180367, 0
417167, 80990.7, 0
335204, 111500, 0
145277, 74487.4, 0
85598.2, 71134.7, 0
36605.4, 108362, 0
244241, 100729, 0
396133, 23355.9, 0
23106.9, 75745.5, 0
506844, 229115, 0
478620, 143597, 0
159107, 83862.8, 0
199480, 119821, 0
254381, 138268, 0
925249, 168693, 0
180983, 109621, 0
327056, 236313, 0
322287, 255750, 0
53756.5, 53529.1, 0
333826, 52864.8, 0
322039, 149051, 0
