8.36841e+06, 4.22706e+06, 0
6.7781e+06, 2.22608e+06, 0
8.00941e+06, 3.38651e+06, 0
9.07772e+06, 4.81854e+06, 0
7.21135e+06, 4.39013e+06, 0
5.46606e+06, 1.22816e+06, 0
5.65004e+06, 1.85098e+06, 0
6.32583e+06, 2.59418e+06, 0
8.37381e+06, 5.2164e+06, 0
6.60874e+06, 2.22596e+06, 0
4.43748e+06, 870599, 0
5.88894e+06, 2.77358e+06, 0
8.25976e+06, 5.11287e+06, 0
1.18228e+07, 1.7489e+06, 0
4.96613e+06, 1.81979e+06, 0
7.25849e+06, 3.44884e+06, 0
5.38677e+06, 1.68019e+06, 0
5.54825e+06, 892266, 0
1.00343e+07, 6.29686e+06, 0
5.79081e+06, 1.78422e+06, 0
9.96457e+06, 2.33851e+06, 0
9.64698e+06, 3.69578e+06, 0
7.28909e+06, 328243, 0
7.15854e+06, 3.76939e+06, 0
7.21769e+06, 2.6306e+06, 0
7.80453e+06, 3.76872e+06, 0
5.7374e+06, 435919, 0
7.92722e+06, 203897, 0
6.02884e+06, 2.94796e+06, 0
5.26594e+06, 1.28849e+06, 0
6.90686e+06, 3.7485e+06, 0
7.36459e+06, 2.18662e+06, 0
7.96272e+06, 4.06494e+06, 0
9.91868e+06, 3.63898e+06, 0
7.51804e+06, 3.35164e+06, 0
7.83761e+06, 2.37931e+06, 0
9.63926e+06, 4.42235e+06, 0
1.02167e+07, 3.37199e+06, 0
1.03811e+07, 6.01502e+06, 0
5.7136e+06, 2.07557e+06, 0
7.49809e+06, 1.57928e+06, 0
6.45164e+06, 3.28553e+06, 0
6.11116e+06, 2.22531e+06, 0
7.07736e+06, 1.85559e+06, 0
5.10091e+06, 2.04152e+06, 0
6.81568e+06, 2.72334e+06, 0
8.52107e+06, 3.83423e+06, 0
6.97385e+06, 3.73187e+06, 0
8.14521e+06, 3.65985e+06, 0
6.45772e+06, 1.81332e+06, 0
7.98165e+06, 4.76668e+06, 0
8.69604e+06, 2.12222e+06, 0
5.53965e+06, 930592, 0
6.62481e+06, 1.78641e+06, 0
6.38675e+06, 3.04603e+06, 0
1.22186e+07, 1.45814e+06, 0
8.37889e+06, 3.22451e+06, 0
8.5422e+06, 4.21077e+06, 0
5.30467e+06, 1.48716e+06, 0
5.32509e+06, 1.14903e+06, 0
9.04196e+06, 578924, 0
6.89184e+06, 1.19109e+06, 0
5.37493e+06, 2.09757e+06, 0
7.2801e+06, 3.31704e+06, 0
7.54531e+06, 2.18278e+06, 0
6.08374e+06, 2.63071e+06, 0
9.21112e+06, 1.5957e+06, 0
7.10316e+06, 2.92986e+06, 0
7.69991e+06, 3.75449e+06, 0
5.93842e+06, 1.31407e+06, 0
6.29274e+06, 2.60699e+06, 0
1.153e+07, 3.47669e+06, 0
5.90229e+06, 1.36764e+06, 0
4.45184e+06, 903015, 0
8.03121e+06, 3.10602e+06, 0
9.8951e+06, 5.27484e+06, 0
1.33142e+07, 5.63461e+06, 0
1.37438e+07, 4.28459e+06, 0
7.96583e+06, 2.19916e+06, 0
5.62432e+06, 337037, 0
5.92965e+06, 2.02835e+06, 0
9.99293e+06, 1.98775e+06, 0
5.78533e+06, 2.89602e+06, 0
7.2518e+06, 2.23658e+06, 0
6.67366e+06, 3.37715e+06, 0
8.29993e+06, 4.77393e+06, 0
1.25902e+07, 1.49159e+06, 0
1.30968e+07, 3.0261e+06, 0
7.87686e+06, 1.0317e+06, 0
8.91023e+06, 5.06346e+06, 0
5.79433e+06, 1.7953e+06, 0
5.45237e+06, 1.59197e+06, 0
7.53078e+06, 2.80424e+06, 0
6.25906e+06, 730450, 0
9.62712e+06, 3.32504e+06, 0
5.21728e+06, 2.30632e+06, 0
6.78452e+06, 1.86064e+06, 0
1.05715e+07, 5.69781e+06, 0
7.62144e+06, 2.57347e+06, 0
8.45737e+06, 2.10767e+06, 0
5.95064e+06, 1.4783e+06, 0
4.87771e+06, 2.06123e+06, 0
6.7971e+06, 1.40042e+06, 0
5.73711e+06, 1.24317e+06, 0
7.0581e+06, 2.3396e+06, 0
7.49616e+06, 1.75221e+06, 0
9.03992e+06, 4.26387e+06, 0
7.15939e+06, 4.14112e+06, 0
5.29889e+06, 2.48933e+06, 0
1.18234e+07, 4.70804e+06, 0
7.94448e+06, 4.84139e+06, 0
7.6098e+06, 354379, 0
7.24252e+06, 2.24372e+06, 0
9.62529e+06, 2.2461e+06, 0
5.95019e+06, 3.0238e+06, 0
7.7093e+06, 2.28155e+06, 0
5.35532e+06, 2.2516e+06, 0
8.37718e+06, 1.51918e+06, 0
4.72902e+06, 966701, 0
6.00505e+06, 3.2096e+06, 0
7.87078e+06, 1.58847e+06, 0
6.01186e+06, 2.31859e+06, 0
8.49021e+06, 4.26229e+06, 0
6.49783e+06, 622892, 0
6.20535e+06, 3.09319e+06, 0
1.5342e+07, 4.2004e+06, 0
5.49195e+06, 2.81556e+06, 0
4.37775e+06, 1.34723e+06, 0
5.20641e+06, 1.24165e+06, 0
5.98549e+06, 2.4306e+06, 0
7.61885e+06, 623053, 0
1.15601e+07, 2.76393e+06, 0
4.56682e+06, 1.28952e+06, 0
9.61484e+06, 3.35683e+06, 0
9.86179e+06, 4.39587e+06, 0
4.57958e+06, 1.6818e+06, 0
5.27763e+06, 1.81537e+06, 0
6.03169e+06, 1.5344e+06, 0
5.63052e+06, 2.87931e+06, 0
1.01101e+07, 3.47744e+06, 0
8.16025e+06, 4.95391e+06, 0
9.69335e+06, 5.30409e+06, 0
6.51942e+06, 874245, 0
7.69927e+06, 2.51042e+06, 0
7.69512e+06, 3.73051e+06, 0
4.77356e+06, 1.49277e+06, 0
4.83112e+06, 142308, 0
5.85218e+06, 686519, 0
6.33995e+06, 2.93661e+06, 0
5.63329e+06, 1.34592e+06, 0
5.56551e+06, 2.77554e+06, 0
4.18274e+06, 630043, 0
9.7841e+06, 3.37869e+06, 0
6.39494e+06, 948412, 0
4.52893e+06, 1.60962e+06, 0
8.62235e+06, 3.92143e+06, 0
6.21166e+06, 1.55984e+06, 0
4.17234e+06, 999008, 0
8.76151e+06, 2.89621e+06, 0
6.32854e+06, 2.09715e+06, 0
8.22848e+06, 3.76566e+06, 0
8.09805e+06, 4.80676e+06, 0
6.48932e+06, 2.95417e+06, 0
7.83903e+06, 4.30601e+06, 0
7.71989e+06, 3.53766e+06, 0
1.1266e+07, 2.66243e+06, 0
5.18317e+06, 742142, 0
6.75056e+06, 498859, 0
5.41469e+06, 2.15012e+06, 0
8.39324e+06, 2.8174e+06, 0
5.58314e+06, 2.05942e+06, 0
6.43925e+06, 1.45518e+06, 0
6.83583e+06, 3.81119e+06, 0
9.04926e+06, 2.34995e+06, 0
1.005e+07, 2.57309e+06, 0
1.06816e+07, 6.69664e+06, 0
6.09867e+06, 2.35169e+06, 0
1.04759e+07, 3.36455e+06, 0
6.26632e+06, 3.22682e+06, 0
7.16229e+06, 2.35411e+06, 0
6.21293e+06, 1.90772e+06, 0
4.89063e+06, 1.79651e+06, 0
8.33067e+06, 3.63701e+06, 0
6.19447e+06, 2.55241e+06, 0
6.41539e+06, 3.14325e+06, 0
9.36659e+06, 2.68567e+06, 0
5.08063e+06, 1.17691e+06, 0
5.84256e+06, 2.41057e+06, 0
7.01329e+06, 755649, 0
4.44184e+06, 533067, 0
9.17118e+06, 4.50392e+06, 0
7.51167e+06, 1.71204e+06, 0
6.74913e+06, 1.61644e+06, 0
1.1557e+07, 4.67238e+06, 0
6.48325e+06, 2.52434e+06, 0
6.45463e+06, 3.50139e+06, 0
6.57599e+06, 1.13615e+06, 0
1.05065e+07, 3.86609e+06, 0
6.90472e+06, 2.42556e+06, 0
5.08065e+06, 1.28285e+06, 0
5.02501e+06, 1.74284e+06, 0
1.03208e+07, 6.14516e+06, 0
6.2435e+06, 3.11743e+06, 0
8.05205e+06, 4.81204e+06, 0
7.39737e+06, 3.73238e+06, 0
1.04796e+07, 3.27366e+06, 0
5.55048e+06, 2.26304e+06, 0
9.457e+06, 6.19572e+06, 0
1.10038e+07, 3.18079e+06, 0
7.86963e+06, 3.98692e+06, 0
7.54431e+06, 4.40395e+06, 0
7.86588e+06, 2.58701e+06, 0
8.5781e+06, 2.2446e+06, 0
1.13174e+07, 5.18022e+06, 0
7.75343e+06, 3.33469e+06, 0
9.00014e+06, 4.68729e+06, 0
6.66353e+06, 3.47835e+06, 0
8.84266e+06, 5.03259e+06, 0
7.07495e+06, 3.51331e+06, 0
5.56873e+06, 2.7337e+06, 0
7.34405e+06, 4.35641e+06, 0
5.23702e+06, 1.88204e+06, 0
7.08188e+06, 3.04056e+06, 0
9.08911e+06, 3.93273e+06, 0
8.09907e+06, 4.07367e+06, 0
1.24838e+07, 4.14618e+06, 0
6.57895e+06, 1.75788e+06, 0
7.15723e+06, 3.25878e+06, 0
6.53386e+06, 3.80488e+06, 0
7.87828e+06, 3.95054e+06, 0
8.35672e+06, 3.11729e+06, 0
6.28143e+06, 2.50582e+06, 0
8.87932e+06, 5.50678e+06, 0
4.80151e+06, 1.54538e+06, 0
5.87435e+06, 2.18662e+06, 0
7.86174e+06, 1.19195e+06, 0
7.58933e+06, 4.19799e+06, 0
1.29044e+07, 7.3229e+06, 0
1.17193e+07, 2.37022e+06, 0
5.64251e+06, 1.79311e+06, 0
6.35341e+06, 2.96116e+06, 0
6.29735e+06, 3.26262e+06, 0
9.44314e+06, 5.04872e+06, 0
9.43412e+06, 5.98055e+06, 0
8.13079e+06, 2.36642e+06, 0
5.60462e+06, 2.68095e+06, 0
8.92566e+06, 5.76028e+06, 0
5.94025e+06, 2.89409e+06, 0
6.18648e+06, 2.83084e+06, 0
6.97193e+06, 1.35197e+06, 0
6.67405e+06, 262766, 0
6.19194e+06, 3.39881e+06, 0
6.07541e+06, 1.29288e+06, 0
7.22404e+06, 3.71537e+06, 0
5.60277e+06, 1.12451e+06, 0
7.56485e+06, 1.0988e+06, 0
1.21891e+07, 7.75401e+06, 0
7.18034e+06, 2.33517e+06, 0
9.94294e+06, 4.65964e+06, 0
1.18879e+07, 6.06741e+06, 0
1.29457e+07, 4.32566e+06, 0
6.56059e+06, 3.78597e+06, 0
6.64005e+06, 2.5996e+06, 0
7.58788e+06, 2.85946e+06, 0
8.45543e+06, 3.88935e+06, 0
4.40653e+06, 1.18063e+06, 0
8.58948e+06, 2.21262e+06, 0
4.51314e+06, 1.32957e+06, 0
7.01557e+06, 1.67593e+06, 0
7.45269e+06, 768706, 0
7.24232e+06, 2.57436e+06, 0
9.10534e+06, 2.98781e+06, 0
5.25952e+06, 1.86796e+06, 0
4.72306e+06, 1.87493e+06, 0
5.9974e+06, 1.22932e+06, 0
5.83578e+06, 365066, 0
9.07409e+06, 1.14873e+06, 0
1.05339e+07, 4.28909e+06, 0
7.32384e+06, 2.25726e+06, 0
8.3782e+06, 2.44901e+06, 0
6.04602e+06, 1.24288e+06, 0
6.55568e+06, 2.04702e+06, 0
7.35931e+06, 2.33692e+06, 0
6.26622e+06, 2.95659e+06, 0
6.49131e+06, 3.15797e+06, 0
5.0129e+06, 1.15974e+06, 0
7.4537e+06, 1.58789e+06, 0
9.58948e+06, 5.43602e+06, 0
4.99324e+06, 1.48531e+06, 0
7.76475e+06, 1.64101e+06, 0
9.39674e+06, 495016, 0
7.14055e+06, 1.49531e+06, 0
1.01437e+07, 5.62454e+06, 0
8.51916e+06, 1.88716e+06, 0
7.20915e+06, 3.61526e+06, 0
7.57363e+06, 2.12818e+06, 0
6.54546e+06, 2.94685e+06, 0
6.57459e+06, 3.68225e+06, 0
4.79396e+06, 778494, 0
5.82766e+06, 2.8673e+06, 0
7.99366e+06, 3.72862e+06, 0
7.63838e+06, 2.02342e+06, 0
8.88867e+06, 5.30575e+06, 0
9.62922e+06, 2.83615e+06, 0
9.13763e+06, 3.39298e+06, 0
1.21109e+07, 8.01098e+06, 0
7.70832e+06, 2.12481e+06, 0
8.38789e+06, 4.49421e+06, 0
5.87665e+06, 2.07773e+06, 0
9.86658e+06, 3.64456e+06, 0
7.07267e+06, 1.95937e+06, 0
9.34489e+06, 4.05649e+06, 0
5.82406e+06, 1.21657e+06, 0
1.33294e+07, 5.73625e+06, 0
8.14812e+06, 4.25377e+06, 0
9.00466e+06, 4.02532e+06, 0
8.92218e+06, 5.21115e+06, 0
6.72074e+06, 2.3142e+06, 0
6.15768e+06, 1.97338e+06, 0
4.48201e+06, 1.60334e+06, 0
8.86708e+06, 3.4682e+06, 0
7.79461e+06, 4.38698e+06, 0
5.49729e+06, 1.49396e+06, 0
4.86428e+06, 2.00539e+06, 0
8.48236e+06, 2.8825e+06, 0
1.39038e+07, 7.8691e+06, 0
5.86187e+06, 2.50697e+06, 0
9.98909e+06, 5.1641e+06, 0
4.77111e+06, 1.98207e+06, 0
7.94768e+06, 1.84131e+06, 0
5.24946e+06, 2.00589e+06, 0
4.40402e+06, 1.22506e+06, 0
4.99863e+06, 2.20004e+06, 0
1.02045e+07, 4.02903e+06, 0
8.26676e+06, 3.23677e+06, 0
5.67162e+06, 2.93973e+06, 0
9.96694e+06, 2.10393e+06, 0
9.57721e+06, 3.48939e+06, 0
1.22952e+07, 6.48026e+06, 0
9.07047e+06, 5.57197e+06, 0
6.5773e+06, 3.48528e+06, 0
6.20099e+06, 3.4713e+06, 0
5.95432e+06, 2.90176e+06, 0
5.49862e+06, 1.85615e+06, 0
8.4835e+06, 4.89117e+06, 0
7.94253e+06, 2.40557e+06, 0
1.18364e+07, 3.68104e+06, 0
6.58208e+06, 3.7743e+06, 0
5.86804e+06, 2.93568e+06, 0
8.14762e+06, 4.90425e+06, 0
5.56888e+06, 1.6894e+06, 0
7.1473e+06, 2.6057e+06, 0
8.36599e+06, 2.75868e+06, 0
1.03822e+07, 3.06717e+06, 0
7.76426e+06, 4.20256e+06, 0
1.42179e+07, 6.78281e+06, 0
7.92669e+06, 1.81481e+06, 0
6.34895e+06, 3.05407e+06, 0
7.10494e+06, 2.53618e+06, 0
1.01994e+07, 3.56813e+06, 0
6.15355e+06, 2.88586e+06, 0
5.04765e+06, 1.6376e+06, 0
7.55172e+06, 3.5344e+06, 0
1.0649e+07, 282073, 0
7.57689e+06, 2.07283e+06, 0
4.36512e+06, 1.34493e+06, 0
5.66262e+06, 2.97449e+06, 0
9.02061e+06, 5.59279e+06, 0
8.33302e+06, 4.27549e+06, 0
5.50962e+06, 2.05255e+06, 0
8.12256e+06, 2.60969e+06, 0
6.97032e+06, 2.32836e+06, 0
8.77685e+06, 4.20922e+06, 0
7.81121e+06, 1.92285e+06, 0
6.43861e+06, 3.51713e+06, 0
4.72886e+06, 446638, 0
7.28747e+06, 2.10885e+06, 0
7.18856e+06, 1.83092e+06, 0
7.99476e+06, 3.52118e+06, 0
1.1859e+07, 4.41772e+06, 0
8.97703e+06, 3.80859e+06, 0
8.58698e+06, 4.73941e+06, 0
8.19882e+06, 4.62041e+06, 0
6.06149e+06, 776309, 0
7.27951e+06, 2.18891e+06, 0
4.47602e+06, 884928, 0
8.58223e+06, 2.1098e+06, 0
6.79565e+06, 3.13484e+06, 0
1.2301e+07, 1.85233e+06, 0
8.42698e+06, 3.98654e+06, 0
1.00104e+07, 6.1344e+06, 0
5.04251e+06, 1.10161e+06, 0
9.87125e+06, 3.74403e+06, 0
8.29583e+06, 1.67742e+06, 0
6.34562e+06, 1.00951e+06, 0
7.46204e+06, 2.55615e+06, 0
8.42317e+06, 5.22284e+06, 0
9.85564e+06, 1.75566e+06, 0
1.1048e+07, 7.22798e+06, 0
1.73913e+07, 9.6164e+06, 0
6.26351e+06, 2.96909e+06, 0
5.77492e+06, 1.52618e+06, 0
8.02493e+06, 2.91779e+06, 0
9.79669e+06, 4.92302e+06, 0
4.59492e+06, 1.34849e+06, 0
7.85347e+06, 2.30164e+06, 0
6.16363e+06, 2.44967e+06, 0
8.30887e+06, 4.58051e+06, 0
7.91294e+06, 4.51671e+06, 0
1.0025e+07, 3.57617e+06, 0
8.1854e+06, 712107, 0
7.64322e+06, 3.23471e+06, 0
8.10104e+06, 5.13008e+06, 0
8.45238e+06, 3.98632e+06, 0
6.64481e+06, 217582, 0
6.17904e+06, 3.21164e+06, 0
6.90541e+06, 3.26339e+06, 0
1.01986e+07, 2.33525e+06, 0
1.14619e+07, 7.18368e+06, 0
6.21396e+06, 2.09667e+06, 0
8.41376e+06, 5.10492e+06, 0
7.34926e+06, 2.88406e+06, 0
6.30401e+06, 3.10529e+06, 0
5.95114e+06, 3.18914e+06, 0
7.95954e+06, 1.72871e+06, 0
8.64134e+06, 3.13797e+06, 0
4.9223e+06, 1.53074e+06, 0
7.32692e+06, 3.18025e+06, 0
1.10304e+07, 5.43628e+06, 0
5.21429e+06, 1.66708e+06, 0
5.27391e+06, 2.43625e+06, 0
6.83629e+06, 2.18847e+06, 0
7.86179e+06, 1.13923e+06, 0
9.54403e+06, 5.43284e+06, 0
9.79184e+06, 2.6141e+06, 0
8.19181e+06, 1.54716e+06, 0
7.8929e+06, 2.50893e+06, 0
8.83414e+06, 3.95283e+06, 0
4.73103e+06, 641664, 0
5.60639e+06, 1.33943e+06, 0
5.78672e+06, 2.83718e+06, 0
6.40195e+06, 2.14876e+06, 0
7.7936e+06, 3.74911e+06, 0
7.79029e+06, 2.14122e+06, 0
4.4178e+06, 774822, 0
5.10954e+06, 1.26165e+06, 0
5.53856e+06, 1.35291e+06, 0
6.66977e+06, 2.87867e+06, 0
7.52796e+06, 2.97026e+06, 0
6.16538e+06, 2.38578e+06, 0
8.65491e+06, 2.99624e+06, 0
7.07053e+06, 3.93098e+06, 0
5.5868e+06, 1.85418e+06, 0
7.30357e+06, 1.613e+06, 0
7.1184e+06, 2.02588e+06, 0
1.35309e+07, 3.02471e+06, 0
7.72258e+06, 694629, 0
5.93592e+06, 2.24593e+06, 0
4.94291e+06, 1.77049e+06, 0
8.38958e+06, 808922, 0
9.54931e+06, 4.42678e+06, 0
7.45034e+06, 3.87322e+06, 0
1.15077e+07, 1.12037e+06, 0
8.39254e+06, 1.53568e+06, 0
5.36124e+06, 2.05469e+06, 0
6.57541e+06, 1.94745e+06, 0
9.45367e+06, 3.08693e+06, 0
8.34315e+06, 3.9821e+06, 0
9.1223e+06, 5.5074e+06, 0
1.51521e+07, 8.53852e+06, 0
5.14202e+06, 2.30046e+06, 0
8.00945e+06, 3.75628e+06, 0
5.4258e+06, 2.60769e+06, 0
5.74077e+06, 1.66022e+06, 0
5.59815e+06, 2.74425e+06, 0
4.13219e+06, 850352, 0
6.6842e+06, 3.22264e+06, 0
5.75208e+06, 2.49549e+06, 0
6.74956e+06, 1.12716e+06, 0
7.84721e+06, 4.37261e+06, 0
6.38205e+06, 3.40065e+06, 0
6.08569e+06, 2.32648e+06, 0
8.3741e+06, 3.75033e+06, 0
6.53651e+06, 1.7339e+06, 0
9.1882e+06, 4.84855e+06, 0
5.83039e+06, 548173, 0
6.81049e+06, 2.49888e+06, 0
9.34628e+06, 4.09192e+06, 0
7.08096e+06, 3.09481e+06, 0
7.02977e+06, 3.18785e+06, 0
5.89152e+06, 1.90636e+06, 0
6.18154e+06, 982778, 0
4.84335e+06, 2.10453e+06, 0
1.01935e+07, 3.4473e+06, 0
7.15405e+06, 1.55491e+06, 0
5.96787e+06, 1.1357e+06, 0
7.17074e+06, 2.59728e+06, 0
8.89041e+06, 3.20592e+06, 0
5.1868e+06, 1.29278e+06, 0
9.2217e+06, 4.41573e+06, 0
4.32894e+06, 1.40931e+06, 0
6.3205e+06, 2.31455e+06, 0
6.86185e+06, 3.10082e+06, 0
8.06924e+06, 1.51889e+06, 0
7.27079e+06, 2.27564e+06, 0
1.03281e+07, 5.67272e+06, 0
5.40081e+06, 866966, 0
4.94248e+06, 756192, 0
8.02545e+06, 1.92651e+06, 0
8.46497e+06, 5.41112e+06, 0
1.1305e+07, 4.91839e+06, 0
8.92891e+06, 3.52908e+06, 0
6.18385e+06, 2.22633e+06, 0
1.49076e+07, 6.6454e+06, 0
5.50545e+06, 1.89539e+06, 0
6.36752e+06, 2.74159e+06, 0
1.15723e+07, 1.11006e+06, 0
8.9173e+06, 3.74377e+06, 0
1.65284e+07, 6.40553e+06, 0
5.78444e+06, 2.87707e+06, 0
4.81085e+06, 1.88416e+06, 0
7.54388e+06, 1.96432e+06, 0
5.16731e+06, 2.31527e+06, 0
6.04637e+06, 2.6306e+06, 0
7.55235e+06, 4.03669e+06, 0
9.68922e+06, 3.34862e+06, 0
9.58178e+06, 4.69541e+06, 0
6.78888e+06, 2.87975e+06, 0
5.75312e+06, 2.16954e+06, 0
7.53217e+06, 2.56429e+06, 0
6.935e+06, 3.50999e+06, 0
9.08075e+06, 212487, 0
4.9312e+06, 1.98295e+06, 0
1.02332e+07, 1.92487e+06, 0
8.77206e+06, 2.73649e+06, 0
4.3685e+06, 889041, 0
1.08389e+07, 6.60378e+06, 0
6.52793e+06, 2.60298e+06, 0
6.52339e+06, 1.50652e+06, 0
4.2287e+06, 1.23538e+06, 0
7.70067e+06, 4.39896e+06, 0
8.1766e+06, 3.25756e+06, 0
9.53437e+06, 4.38072e+06, 0
6.07325e+06, 3.12262e+06, 0
5.3486e+06, 2.61663e+06, 0
5.95643e+06, 2.58804e+06, 0
6.46431e+06, 3.01581e+06, 0
7.68774e+06, 3.36343e+06, 0
1.03112e+07, 4.72584e+06, 0
9.40561e+06, 5.19247e+06, 0
6.87485e+06, 1.73916e+06, 0
7.08998e+06, 3.62863e+06, 0
9.14659e+06, 2.71941e+06, 0
5.86318e+06, 2.32844e+06, 0
5.8476e+06, 2.16063e+06, 0
1.11041e+07, 6.65877e+06, 0
8.54638e+06, 4.72713e+06, 0
4.39635e+06, 1.21601e+06, 0
4.78277e+06, 1.49959e+06, 0
9.51475e+06, 5.48276e+06, 0
1.02288e+07, 4.74138e+06, 0
5.3093e+06, 1.42691e+06, 0
5.51536e+06, 1.62381e+06, 0
5.9747e+06, 1.22864e+06, 0
5.91812e+06, 2.48199e+06, 0
8.82394e+06, 4.0275e+06, 0
6.62011e+06, 3.3923e+06, 0
1.44806e+07, 2.92891e+06, 0
5.4813e+06, 1.69859e+06, 0
4.87239e+06, 2.01285e+06, 0
8.03326e+06, 4.60282e+06, 0
6.7997e+06, 1.86064e+06, 0
8.26537e+06, 4.05505e+06, 0
4.95602e+06, 2.05198e+06, 0
6.41656e+06, 2.43306e+06, 0
8.66866e+06, 4.31613e+06, 0
9.80037e+06, 6.0232e+06, 0
5.57983e+06, 2.42459e+06, 0
8.04411e+06, 2.31274e+06, 0
8.74535e+06, 1.80658e+06, 0
6.04464e+06, 3.33547e+06, 0
1.06193e+07, 3.07399e+06, 0
4.55959e+06, 1.57765e+06, 0
7.20494e+06, 3.26439e+06, 0
6.95702e+06, 2.99895e+06, 0
4.56803e+06, 1.49632e+06, 0
6.61605e+06, 2.06781e+06, 0
7.97689e+06, 1.85565e+06, 0
8.99455e+06, 4.39921e+06, 0
7.03351e+06, 3.64467e+06, 0
4.45092e+06, 889108, 0
1.01519e+07, 3.75604e+06, 0
7.68171e+06, 3.25862e+06, 0
1.16164e+07, 2.12381e+06, 0
1.07307e+07, 2.99239e+06, 0
9.22996e+06, 4.27705e+06, 0
6.95357e+06, 3.04123e+06, 0
8.26475e+06, 2.188e+06, 0
8.66563e+06, 2.64508e+06, 0
8.50597e+06, 2.93359e+06, 0
8.38832e+06, 5.35592e+06, 0
4.65507e+06, 1.83964e+06, 0
8.89189e+06, 4.11839e+06, 0
7.8479e+06, 779375, 0
9.62722e+06, 6.19023e+06, 0
9.59872e+06, 5.86227e+06, 0
6.07689e+06, 3.07184e+06, 0
6.74257e+06, 2.82882e+06, 0
8.26591e+06, 2.5179e+06, 0
7.2343e+06, 1.43084e+06, 0
8.09045e+06, 3.34189e+06, 0
5.7264e+06, 2.52501e+06, 0
9.32379e+06, 218020, 0
8.13596e+06, 3.81713e+06, 0
6.7634e+06, 1.17097e+06, 0
4.86468e+06, 1.45321e+06, 0
6.98592e+06, 3.57298e+06, 0
4.99044e+06, 1.65973e+06, 0
8.31671e+06, 2.07955e+06, 0
1.06906e+07, 6.72596e+06, 0
7.33599e+06, 2.3654e+06, 0
1.19027e+07, 1.5463e+06, 0
5.34904e+06, 842282, 0
6.57719e+06, 3.54985e+06, 0
1.15227e+07, 3.29181e+06, 0
6.41379e+06, 2.238e+06, 0
6.93709e+06, 1.96881e+06, 0
9.30605e+06, 6.07426e+06, 0
8.50474e+06, 5.10933e+06, 0
4.71612e+06, 1.07769e+06, 0
1.00155e+07, 4.34092e+06, 0
9.58584e+06, 4.70794e+06, 0
6.0787e+06, 975863, 0
6.07656e+06, 878208, 0
8.64809e+06, 2.10237e+06, 0
4.83428e+06, 2.02348e+06, 0
8.01569e+06, 4.23365e+06, 0
5.66852e+06, 2.90674e+06, 0
7.94354e+06, 1.21044e+06, 0
9.05176e+06, 2.31034e+06, 0
6.38048e+06, 870879, 0
8.54142e+06, 5.28224e+06, 0
6.37414e+06, 1.00385e+06, 0
6.73237e+06, 3.69772e+06, 0
7.94969e+06, 2.04754e+06, 0
1.14938e+07, 702239, 0
6.10762e+06, 957204, 0
9.44362e+06, 4.03674e+06, 0
4.46309e+06, 1.5814e+06, 0
8.24036e+06, 1.24071e+06, 0
6.92595e+06, 2.81541e+06, 0
7.72724e+06, 4.33705e+06, 0
6.32498e+06, 974570, 0
5.98977e+06, 2.42033e+06, 0
4.60183e+06, 1.14721e+06, 0
7.45327e+06, 2.26114e+06, 0
7.28935e+06, 3.78772e+06, 0
5.88212e+06, 2.53719e+06, 0
7.47643e+06, 2.84384e+06, 0
6.19501e+06, 2.5109e+06, 0
7.51857e+06, 3.04891e+06, 0
6.27473e+06, 1.60883e+06, 0
6.98858e+06, 3.70981e+06, 0
9.86258e+06, 2.35436e+06, 0
8.76199e+06, 4.48793e+06, 0
9.91765e+06, 5.57815e+06, 0
4.93191e+06, 959227, 0
8.64152e+06, 1.53769e+06, 0
5.68352e+06, 1.59159e+06, 0
7.29412e+06, 1.30138e+06, 0
4.19677e+06, 610098, 0
8.74921e+06, 5.33506e+06, 0
6.03246e+06, 1.37354e+06, 0
4.72895e+06, 842989, 0
6.65788e+06, 2.01897e+06, 0
5.75141e+06, 1.70818e+06, 0
7.83866e+06, 1.8577e+06, 0
8.65538e+06, 2.54467e+06, 0
5.76871e+06, 1.89239e+06, 0
7.0996e+06, 4.30048e+06, 0
6.02558e+06, 3.31371e+06, 0
8.25883e+06, 2.96061e+06, 0
4.4874e+06, 1.1023e+06, 0
5.67461e+06, 1.7299e+06, 0
1.55044e+07, 5.5434e+06, 0
6.1905e+06, 2.30448e+06, 0
4.47129e+06, 1.5061e+06, 0
4.56408e+06, 1.00401e+06, 0
6.29231e+06, 1.44305e+06, 0
9.04654e+06, 3.96096e+06, 0
7.94058e+06, 4.55061e+06, 0
5.32835e+06, 2.17584e+06, 0
1.30574e+07, 4.78633e+06, 0
1.00044e+07, 3.67001e+06, 0
9.45264e+06, 5.27918e+06, 0
5.4629e+06, 1.55014e+06, 0
9.89517e+06, 3.39635e+06, 0
6.60464e+06, 3.42574e+06, 0
5.09669e+06, 1.53446e+06, 0
5.83403e+06, 1.33431e+06, 0
9.60724e+06, 2.73937e+06, 0
7.78925e+06, 4.19525e+06, 0
1.04722e+07, 1.82892e+06, 0
7.13105e+06, 4.25343e+06, 0
9.21839e+06, 3.98554e+06, 0
7.22125e+06, 1.78299e+06, 0
7.40569e+06, 907375, 0
5.17931e+06, 1.72361e+06, 0
5.81875e+06, 2.62885e+06, 0
6.41566e+06, 649967, 0
7.00308e+06, 2.39198e+06, 0
6.6863e+06, 2.37945e+06, 0
6.10827e+06, 3.29533e+06, 0
9.29862e+06, 3.80262e+06, 0
4.34243e+06, 487417, 0
5.27651e+06, 1.73499e+06, 0
9.88608e+06, 6.32521e+06, 0
1.2093e+07, 4.3956e+06, 0
5.71963e+06, 959747, 0
6.03986e+06, 131796, 0
9.54847e+06, 1.2614e+06, 0
1.08506e+07, 5.08328e+06, 0
7.56026e+06, 3.02865e+06, 0
9.53875e+06, 4.17182e+06, 0
4.20987e+06, 786371, 0
6.62797e+06, 549006, 0
6.40716e+06, 1.85746e+06, 0
8.09174e+06, 1.89867e+06, 0
5.57494e+06, 1.6385e+06, 0
9.2992e+06, 1.39562e+06, 0
1.10028e+07, 4.12388e+06, 0
8.07164e+06, 3.30652e+06, 0
5.21873e+06, 1.49307e+06, 0
1.13998e+07, 2.56446e+06, 0
6.9108e+06, 2.04853e+06, 0
7.03202e+06, 3.58556e+06, 0
5.67866e+06, 2.73453e+06, 0
8.87722e+06, 4.38644e+06, 0
6.18699e+06, 3.48096e+06, 0
1.04029e+07, 6.93684e+06, 0
8.99252e+06, 3.46404e+06, 0
7.4492e+06, 1.8593e+06, 0
1.13785e+07, 596269, 0
5.05599e+06, 1.23967e+06, 0
6.77476e+06, 1.37394e+06, 0
8.11757e+06, 875284, 0
5.32925e+06, 2.19353e+06, 0
6.29599e+06, 2.81502e+06, 0
1.16868e+07, 5.24466e+06, 0
9.82209e+06, 1.52639e+06, 0
7.30672e+06, 3.64957e+06, 0
1.02615e+07, 2.68814e+06, 0
5.91792e+06, 1.54369e+06, 0
7.96524e+06, 4.45717e+06, 0
6.14278e+06, 2.06544e+06, 0
6.47281e+06, 3.01089e+06, 0
8.96449e+06, 5.12062e+06, 0
9.28025e+06, 5.2153e+06, 0
7.27483e+06, 3.9609e+06, 0
9.54273e+06, 5.68574e+06, 0
7.39826e+06, 4.3057e+06, 0
9.75845e+06, 4.51139e+06, 0
5.76579e+06, 790620, 0
7.65894e+06, 4.6158e+06, 0
6.81463e+06, 2.03423e+06, 0
7.07103e+06, 3.90725e+06, 0
5.90751e+06, 2.62332e+06, 0
5.82629e+06, 2.447e+06, 0
6.86462e+06, 2.42733e+06, 0
5.13625e+06, 1.92813e+06, 0
1.0236e+07, 5.6399e+06, 0
6.97171e+06, 3.76464e+06, 0
9.85516e+06, 5.25009e+06, 0
4.13138e+06, 1.03198e+06, 0
9.7968e+06, 3.2744e+06, 0
4.21036e+06, 944665, 0
9.86337e+06, 2.49938e+06, 0
5.6834e+06, 2.38469e+06, 0
6.92382e+06, 3.91937e+06, 0
7.49083e+06, 844537, 0
7.01011e+06, 712190, 0
7.15777e+06, 3.57211e+06, 0
5.18313e+06, 1.98795e+06, 0
1.17402e+07, 4.80519e+06, 0
8.76868e+06, 1.7778e+06, 0
6.27025e+06, 3.23612e+06, 0
8.23168e+06, 1.31682e+06, 0
6.93815e+06, 1.62495e+06, 0
5.63007e+06, 2.76947e+06, 0
6.6774e+06, 2.63084e+06, 0
8.5339e+06, 2.86478e+06, 0
4.34234e+06, 1.18622e+06, 0
7.78348e+06, 2.85441e+06, 0
5.10911e+06, 1.03202e+06, 0
5.65231e+06, 1.32744e+06, 0
7.16419e+06, 2.83227e+06, 0
1.21285e+07, 3.37901e+06, 0
7.80422e+06, 3.73947e+06, 0
6.56069e+06, 1.8532e+06, 0
8.95454e+06, 2.58532e+06, 0
8.8084e+06, 5.18201e+06, 0
7.474e+06, 2.61966e+06, 0
6.77382e+06, 3.34548e+06, 0
5.45928e+06, 1.81915e+06, 0
5.62462e+06, 872538, 0
5.86347e+06, 1.0258e+06, 0
9.18688e+06, 4.38729e+06, 0
5.90337e+06, 2.20234e+06, 0
6.80766e+06, 3.5446e+06, 0
6.08804e+06, 3.34892e+06, 0
8.2329e+06, 672109, 0
6.47942e+06, 1.86366e+06, 0
9.60259e+06, 5.24784e+06, 0
5.02116e+06, 1.64615e+06, 0
4.24397e+06, 881654, 0
5.84224e+06, 2.92518e+06, 0
5.46844e+06, 1.77453e+06, 0
5.54674e+06, 1.51389e+06, 0
7.65202e+06, 2.66382e+06, 0
8.84013e+06, 4.1641e+06, 0
7.22052e+06, 1.4244e+06, 0
8.89219e+06, 5.60273e+06, 0
6.27041e+06, 2.27285e+06, 0
7.04895e+06, 1.82193e+06, 0
9.18906e+06, 3.87155e+06, 0
6.0611e+06, 2.11544e+06, 0
8.67102e+06, 4.90785e+06, 0
8.56669e+06, 4.81974e+06, 0
7.67889e+06, 4.17994e+06, 0
1.07352e+07, 6.14286e+06, 0
7.76382e+06, 4.49126e+06, 0
7.31783e+06, 3.42393e+06, 0
5.68148e+06, 1.62022e+06, 0
4.87386e+06, 1.78495e+06, 0
7.33221e+06, 2.62213e+06, 0
9.25438e+06, 3.92034e+06, 0
6.0535e+06, 2.85541e+06, 0
1.32231e+07, 5.20406e+06, 0
5.23639e+06, 2.4537e+06, 0
8.25986e+06, 4.64785e+06, 0
5.57893e+06, 2.33882e+06, 0
9.93219e+06, 4.12983e+06, 0
7.04509e+06, 3.77663e+06, 0
9.11931e+06, 3.03274e+06, 0
4.72919e+06, 1.71254e+06, 0
5.416e+06, 2.22148e+06, 0
1.02586e+07, 5.3855e+06, 0
6.66264e+06, 3.5805e+06, 0
5.88322e+06, 1.5572e+06, 0
7.533e+06, 4.05993e+06, 0
6.44376e+06, 3.51326e+06, 0
9.62388e+06, 5.5263e+06, 0
5.53639e+06, 1.53699e+06, 0
6.91846e+06, 2.06284e+06, 0
4.29164e+06, 773243, 0
8.58135e+06, 3.85846e+06, 0
5.88905e+06, 1.90322e+06, 0
7.03916e+06, 2.67894e+06, 0
6.51742e+06, 3.05109e+06, 0
5.19689e+06, 1.29691e+06, 0
7.98761e+06, 4.86832e+06, 0
9.00949e+06, 4.79845e+06, 0
5.15947e+06, 1.36491e+06, 0
5.93102e+06, 2.69528e+06, 0
8.68874e+06, 4.95981e+06, 0
1.05163e+07, 6.28079e+06, 0
1.10083e+07, 7.3413e+06, 0
7.31551e+06, 3.28762e+06, 0
6.53759e+06, 2.29299e+06, 0
1.15256e+07, 2.07577e+06, 0
4.646e+06, 985746, 0
5.37775e+06, 680540, 0
7.19688e+06, 3.67184e+06, 0
4.4266e+06, 1.26187e+06, 0
6.45521e+06, 2.268e+06, 0
5.50453e+06, 790756, 0
1.27645e+07, 5.82405e+06, 0
7.55034e+06, 4.07302e+06, 0
5.75171e+06, 2.46679e+06, 0
5.50225e+06, 2.42007e+06, 0
4.64443e+06, 1.7896e+06, 0
8.52757e+06, 4.68682e+06, 0
6.86545e+06, 779994, 0
5.97754e+06, 1.95583e+06, 0
1.32617e+07, 3.1011e+06, 0
7.15215e+06, 3.4439e+06, 0
7.8945e+06, 1.61209e+06, 0
9.3586e+06, 3.84916e+06, 0
7.80689e+06, 4.2556e+06, 0
6.74229e+06, 3.71809e+06, 0
5.49456e+06, 1.36444e+06, 0
9.94554e+06, 2.21791e+06, 0
7.06394e+06, 2.97681e+06, 0
1.07488e+07, 1.9754e+06, 0
7.63304e+06, 1.37019e+06, 0
5.50684e+06, 2.16589e+06, 0
6.23461e+06, 2.41067e+06, 0
5.85495e+06, 1.9104e+06, 0
4.82558e+06, 923001, 0
6.92216e+06, 4.0446e+06, 0
8.47e+06, 951820, 0
6.55371e+06, 1.48349e+06, 0
7.01653e+06, 1.46025e+06, 0
9.24937e+06, 5.09863e+06, 0
6.6546e+06, 3.74614e+06, 0
6.1556e+06, 2.34844e+06, 0
8.04425e+06, 2.4864e+06, 0
6.96267e+06, 2.73043e+06, 0
6.71172e+06, 3.5173e+06, 0
8.63607e+06, 5.05122e+06, 0
4.22034e+06, 1.23336e+06, 0
1.22492e+07, 4.51786e+06, 0
8.74791e+06, 1.08848e+06, 0
7.70484e+06, 2.58369e+06, 0
6.57221e+06, 2.87563e+06, 0
9.51418e+06, 6.203e+06, 0
6.57503e+06, 1.24991e+06, 0
5.58708e+06, 1.55435e+06, 0
7.20013e+06, 1.58239e+06, 0
5.85618e+06, 3.05671e+06, 0
1.27057e+07, 3.46403e+06, 0
4.97873e+06, 1.86324e+06, 0
5.69979e+06, 1.28832e+06, 0
8.03185e+06, 4.72051e+06, 0
8.88952e+06, 2.0094e+06, 0
7.00712e+06, 2.8928e+06, 0
6.45268e+06, 2.3006e+06, 0
4.8463e+06, 1.36374e+06, 0
1.14214e+07, 5.19376e+06, 0
8.05313e+06, 2.21652e+06, 0
7.1921e+06, 935305, 0
7.53234e+06, 2.48645e+06, 0
1.24239e+07, 3.35088e+06, 0
1.44417e+07, 3.15629e+06, 0
8.73887e+06, 2.49207e+06, 0
7.19054e+06, 1.39955e+06, 0
8.22173e+06, 4.98866e+06, 0
8.90295e+06, 4.58086e+06, 0
8.70698e+06, 5.23651e+06, 0
4.91148e+06, 852892, 0
1.22862e+07, 5.33111e+06, 0
5.26737e+06, 1.44967e+06, 0
4.35893e+06, 601034, 0
9.58627e+06, 2.80744e+06, 0
9.77039e+06, 1.67548e+06, 0
8.20668e+06, 384537, 0
8.40395e+06, 4.54868e+06, 0
6.8488e+06, 2.23449e+06, 0
5.47243e+06, 2.22005e+06, 0
6.20424e+06, 2.46942e+06, 0
5.6369e+06, 721140, 0
7.44635e+06, 2.96646e+06, 0
6.46222e+06, 3.60491e+06, 0
6.52092e+06, 1.57517e+06, 0
1.01255e+07, 2.67712e+06, 0
7.08972e+06, 630175, 0
1.31088e+07, 6.08952e+06, 0
6.19322e+06, 2.14618e+06, 0
7.49211e+06, 3.3097e+06, 0
9.39549e+06, 4.02003e+06, 0
7.50655e+06, 1.53043e+06, 0
7.99241e+06, 804231, 0
9.21252e+06, 3.9454e+06, 0
6.44253e+06, 3.60579e+06, 0
7.0176e+06, 2.3993e+06, 0
7.45514e+06, 3.34056e+06, 0
8.40214e+06, 2.7039e+06, 0
5.20434e+06, 1.83563e+06, 0
7.92716e+06, 4.35223e+06, 0
6.64701e+06, 2.0334e+06, 0
1.1835e+07, 5.62485e+06, 0
9.43199e+06, 3.17222e+06, 0
4.23661e+06, 394877, 0
1.09589e+07, 7.09572e+06, 0
8.00254e+06, 4.7259e+06, 0
7.18234e+06, 3.32565e+06, 0
7.89443e+06, 2.28376e+06, 0
6.30069e+06, 2.51795e+06, 0
1.01015e+07, 3.4468e+06, 0
8.20983e+06, 2.43697e+06, 0
5.88027e+06, 1.11744e+06, 0
8.51991e+06, 5.2198e+06, 0
4.33419e+06, 748157, 0
5.09486e+06, 2.29171e+06, 0
1.2017e+07, 4.14282e+06, 0
6.78756e+06, 2.09077e+06, 0
1.17595e+07, 7.06806e+06, 0
5.48192e+06, 1.57363e+06, 0
5.61186e+06, 325826, 0
1.01237e+07, 5.91152e+06, 0
5.85529e+06, 2.42942e+06, 0
7.34752e+06, 3.37606e+06, 0
7.15761e+06, 1.8223e+06, 0
9.02146e+06, 5.44409e+06, 0
9.63535e+06, 3.94521e+06, 0
7.73038e+06, 3.14774e+06, 0
7.99398e+06, 4.37402e+06, 0
5.44575e+06, 1.33605e+06, 0
8.78229e+06, 871825, 0
1.04445e+07, 2.86612e+06, 0
9.8261e+06, 3.66204e+06, 0
5.01682e+06, 782741, 0
8.32393e+06, 4.05064e+06, 0
4.67052e+06, 1.5156e+06, 0
7.8195e+06, 1.92376e+06, 0
8.46668e+06, 5.33234e+06, 0
8.46265e+06, 3.82893e+06, 0
6.52372e+06, 1.76544e+06, 0
1.15156e+07, 1.16852e+06, 0
5.3614e+06, 2.55093e+06, 0
5.53656e+06, 2.82413e+06, 0
9.42978e+06, 1.87911e+06, 0
8.51557e+06, 1.87721e+06, 0
6.41092e+06, 620804, 0
1.33864e+07, 7.99179e+06, 0
8.03655e+06, 1.1034e+06, 0
9.32865e+06, 4.15692e+06, 0
8.27859e+06, 1.35467e+06, 0
7.01376e+06, 2.83976e+06, 0
6.70117e+06, 3.72961e+06, 0
4.4795e+06, 367246, 0
1.29719e+07, 6.29968e+06, 0
9.06269e+06, 5.27158e+06, 0
8.32104e+06, 4.34451e+06, 0
5.42245e+06, 1.5222e+06, 0
6.90719e+06, 2.95717e+06, 0
8.35888e+06, 1.16154e+06, 0
6.51991e+06, 2.76056e+06, 0
4.45509e+06, 1.5781e+06, 0
8.75752e+06, 3.47685e+06, 0
7.63318e+06, 996994, 0
7.00102e+06, 2.0054e+06, 0
8.18327e+06, 4.68023e+06, 0
6.03244e+06, 2.80457e+06, 0
9.92597e+06, 4.37e+06, 0
1.18446e+07, 7.75108e+06, 0
5.12792e+06, 2.30258e+06, 0
9.07613e+06, 3.57811e+06, 0
6.04526e+06, 2.33872e+06, 0
9.28784e+06, 3.22184e+06, 0
6.78401e+06, 1.89215e+06, 0
8.75814e+06, 2.52727e+06, 0
9.27165e+06, 2.91284e+06, 0
5.47829e+06, 2.0463e+06, 0
4.79281e+06, 1.79929e+06, 0
8.42299e+06, 3.43983e+06, 0
6.12572e+06, 1.48522e+06, 0
5.11425e+06, 533319, 0
1.01786e+07, 5.67301e+06, 0
5.32303e+06, 2.47626e+06, 0
9.82108e+06, 5.6506e+06, 0
4.69815e+06, 1.248e+06, 0
7.13026e+06, 2.52119e+06, 0
1.02193e+07, 3.40927e+06, 0
7.84824e+06, 1.00577e+06, 0
7.42234e+06, 4.09682e+06, 0
4.37666e+06, 1.29057e+06, 0
6.9099e+06, 2.23662e+06, 0
4.84642e+06, 775283, 0
1.13647e+07, 821359, 0
8.93243e+06, 2.505e+06, 0
1.14411e+07, 1.92536e+06, 0
6.80355e+06, 3.08538e+06, 0
6.15379e+06, 2.19691e+06, 0
8.52358e+06, 3.41781e+06, 0
9.01123e+06, 3.14286e+06, 0
1.23528e+07, 2.79682e+06, 0
5.16386e+06, 1.37286e+06, 0
6.8814e+06, 2.97167e+06, 0
8.60876e+06, 4.56568e+06, 0
5.94542e+06, 2.1147e+06, 0
8.26778e+06, 2.08823e+06, 0
9.84263e+06, 5.10797e+06, 0
5.63259e+06, 2.80119e+06, 0
4.74482e+06, 720775, 0
5.1286e+06, 941482, 0
9.38106e+06, 3.54373e+06, 0
8.79223e+06, 4.17096e+06, 0
9.33884e+06, 1.54503e+06, 0
8.92153e+06, 4.76084e+06, 0
7.26387e+06, 4.2029e+06, 0
5.12637e+06, 2.29961e+06, 0
1.35357e+07, 3.78949e+06, 0
9.79349e+06, 2.34733e+06, 0
5.13656e+06, 2.42248e+06, 0
7.64402e+06, 1.25796e+06, 0
5.67173e+06, 2.41265e+06, 0
6.33118e+06, 1.68512e+06, 0
5.24535e+06, 1.55305e+06, 0
1.08412e+07, 5.18815e+06, 0
6.31731e+06, 2.39278e+06, 0
8.09479e+06, 3.60379e+06, 0
6.62681e+06, 2.33308e+06, 0
5.82271e+06, 1.7231e+06, 0
1.04098e+07, 4.35055e+06, 0
9.95938e+06, 2.37965e+06, 0
8.75376e+06, 3.01481e+06, 0
8.79012e+06, 2.73002e+06, 0
9.186e+06, 1.34071e+06, 0
5.26221e+06, 2.5237e+06, 0
7.27279e+06, 3.61246e+06, 0
3.97431e+06, 585361, 0
8.58486e+06, 2.9694e+06, 0
7.76877e+06, 2.06292e+06, 0
7.99832e+06, 4.64923e+06, 0
9.69303e+06, 3.46091e+06, 0
9.63973e+06, 6.11365e+06, 0
8.93218e+06, 3.32321e+06, 0
9.88829e+06, 6.55899e+06, 0
6.26187e+06, 1.96536e+06, 0
7.40447e+06, 3.86044e+06, 0
9.73826e+06, 2.50799e+06, 0
9.74552e+06, 4.61135e+06, 0
6.22786e+06, 3.31523e+06, 0
1.18457e+07, 5.78759e+06, 0
6.30577e+06, 3.07887e+06, 0
7.26394e+06, 3.12545e+06, 0
1.22777e+07, 2.73307e+06, 0
1.01644e+07, 5.35365e+06, 0
1.39802e+07, 2.36346e+06, 0
4.64456e+06, 362222, 0
5.37876e+06, 2.70508e+06, 0
1.22708e+07, 5.53261e+06, 0
6.64867e+06, 2.05524e+06, 0
5.94906e+06, 334359, 0
6.83019e+06, 3.65571e+06, 0
7.57527e+06, 1.88834e+06, 0
4.33176e+06, 1.27301e+06, 0
5.51072e+06, 2.77123e+06, 0
5.70009e+06, 1.61414e+06, 0
8.43009e+06, 1.98876e+06, 0
6.12331e+06, 1.07286e+06, 0
9.01064e+06, 2.85135e+06, 0
9.7424e+06, 5.98446e+06, 0
1.11059e+07, 5.67132e+06, 0
5.24703e+06, 2.56541e+06, 0
1.03872e+07, 3.74445e+06, 0
5.48711e+06, 216443, 0
5.44673e+06, 2.40646e+06, 0
8.31347e+06, 2.22659e+06, 0
5.05126e+06, 2.20923e+06, 0
6.2789e+06, 1.94159e+06, 0
4.15878e+06, 550971, 0
7.00189e+06, 1.09941e+06, 0
9.91759e+06, 3.47095e+06, 0
8.97234e+06, 4.77311e+06, 0
7.87163e+06, 2.41104e+06, 0
7.70587e+06, 2.56795e+06, 0
5.38905e+06, 1.30957e+06, 0
3.90206e+06, 486424, 0
5.27065e+06, 2.05684e+06, 0
7.56554e+06, 2.72032e+06, 0
6.64992e+06, 3.89867e+06, 0
9.55999e+06, 2.48947e+06, 0
5.80295e+06, 1.4646e+06, 0
5.47937e+06, 2.49763e+06, 0
8.67172e+06, 1.63379e+06, 0
5.35339e+06, 933467, 0
6.61291e+06, 2.13731e+06, 0
1.11844e+07, 7.13086e+06, 0
9.27459e+06, 3.59313e+06, 0
7.89918e+06, 1.19213e+06, 0
5.06771e+06, 2.33416e+06, 0
6.99045e+06, 726283, 0
5.86149e+06, 1.3134e+06, 0
1.32434e+07, 1.70009e+06, 0
8.11285e+06, 3.50856e+06, 0
6.34291e+06, 1.54259e+06, 0
1.05709e+07, 834465, 0
9.13625e+06, 567282, 0
7.39094e+06, 1.56882e+06, 0
1.03917e+07, 1.64683e+06, 0
4.14112e+06, 1.04734e+06, 0
9.12098e+06, 3.27e+06, 0
7.55716e+06, 4.62772e+06, 0
5.89057e+06, 2.59048e+06, 0
4.90445e+06, 2.08618e+06, 0
1.16234e+07, 1.50192e+06, 0
7.67783e+06, 4.26053e+06, 0
5.14347e+06, 883906, 0
6.93067e+06, 3.66662e+06, 0
8.4372e+06, 4.11077e+06, 0
6.77284e+06, 3.8888e+06, 0
1.63068e+07, 1.66152e+06, 0
1.06557e+07, 5.24708e+06, 0
7.03589e+06, 1.42995e+06, 0
4.98001e+06, 1.97559e+06, 0
7.74898e+06, 4.72917e+06, 0
8.17047e+06, 1.98485e+06, 0
6.12752e+06, 3.42225e+06, 0
5.63617e+06, 1.00094e+06, 0
5.76315e+06, 967883, 0
1.01221e+07, 3.44444e+06, 0
1.09927e+07, 3.2439e+06, 0
7.10037e+06, 3.49128e+06, 0
8.08487e+06, 3.1773e+06, 0
5.71203e+06, 517060, 0
1.01633e+07, 1.64517e+06, 0
5.31183e+06, 934532, 0
7.37278e+06, 3.27302e+06, 0
8.49072e+06, 3.24568e+06, 0
8.58839e+06, 1.00174e+06, 0
1.09319e+07, 6.71606e+06, 0
6.86341e+06, 1.2403e+06, 0
5.98371e+06, 2.22422e+06, 0
4.80885e+06, 1.80785e+06, 0
1.13937e+07, 5.17054e+06, 0
4.552e+06, 764411, 0
7.63558e+06, 4.13301e+06, 0
6.42896e+06, 3.17206e+06, 0
1.02328e+07, 2.06267e+06, 0
8.6386e+06, 3.40239e+06, 0
9.08684e+06, 2.94683e+06, 0
5.91724e+06, 1.95384e+06, 0
1.01894e+07, 1.13127e+06, 0
5.61269e+06, 2.38546e+06, 0
5.17267e+06, 1.39582e+06, 0
8.45547e+06, 3.89605e+06, 0
7.14683e+06, 739068, 0
9.20585e+06, 2.93029e+06, 0
5.22799e+06, 1.94606e+06, 0
6.91312e+06, 1.01161e+06, 0
5.63442e+06, 2.15394e+06, 0
5.09197e+06, 2.03688e+06, 0
5.50434e+06, 2.4253e+06, 0
8.59556e+06, 2.22525e+06, 0
9.0179e+06, 2.40895e+06, 0
8.78051e+06, 3.73857e+06, 0
8.36436e+06, 4.07859e+06, 0
8.3887e+06, 1.64388e+06, 0
8.95787e+06, 1.64804e+06, 0
7.25104e+06, 2.67349e+06, 0
5.75928e+06, 876629, 0
7.8829e+06, 2.62685e+06, 0
5.15926e+06, 2.35231e+06, 0
6.64795e+06, 3.54406e+06, 0
5.64089e+06, 2.70795e+06, 0
4.13044e+06, 958223, 0
7.96022e+06, 2.30708e+06, 0
7.98768e+06, 3.7002e+06, 0
6.36788e+06, 3.10018e+06, 0
4.61646e+06, 1.46125e+06, 0
8.39083e+06, 3.04149e+06, 0
7.54217e+06, 4.35764e+06, 0
4.35535e+06, 1.33727e+06, 0
9.07237e+06, 3.13578e+06, 0
9.74402e+06, 5.7423e+06, 0
7.54835e+06, 1.69365e+06, 0
6.9366e+06, 3.32898e+06, 0
1.06789e+07, 3.03313e+06, 0
5.49182e+06, 846277, 0
1.04126e+07, 3.75009e+06, 0
4.62745e+06, 1.7521e+06, 0
9.24196e+06, 1.73471e+06, 0
1.14177e+07, 6.99906e+06, 0
5.07029e+06, 777931, 0
1.03339e+07, 6.79687e+06, 0
1.16755e+07, 3.85538e+06, 0
5.19851e+06, 1.12816e+06, 0
7.72901e+06, 2.64767e+06, 0
5.24793e+06, 2.0461e+06, 0
5.57132e+06, 2.43531e+06, 0
8.70526e+06, 2.93487e+06, 0
9.16353e+06, 5.77893e+06, 0
5.27526e+06, 2.14523e+06, 0
4.99525e+06, 792585, 0
1.05481e+07, 2.85042e+06, 0
7.63821e+06, 2.6752e+06, 0
7.61488e+06, 4.42233e+06, 0
7.40927e+06, 3.88037e+06, 0
5.98002e+06, 1.67979e+06, 0
5.33941e+06, 1.79425e+06, 0
6.65356e+06, 824424, 0
1.01242e+07, 5.91646e+06, 0
5.90008e+06, 3.18408e+06, 0
5.43917e+06, 1.08338e+06, 0
7.79089e+06, 4.30805e+06, 0
6.43823e+06, 1.98995e+06, 0
1.04444e+07, 3.22499e+06, 0
9.38461e+06, 5.98098e+06, 0
5.63052e+06, 2.82512e+06, 0
5.48945e+06, 2.50611e+06, 0
4.76986e+06, 505488, 0
6.57864e+06, 845584, 0
4.58181e+06, 730778, 0
6.48882e+06, 2.21047e+06, 0
9.93247e+06, 2.09589e+06, 0
8.39283e+06, 2.65585e+06, 0
7.45201e+06, 2.85144e+06, 0
1.02458e+07, 5.95054e+06, 0
6.36441e+06, 3.48059e+06, 0
1.16787e+07, 4.44179e+06, 0
5.53697e+06, 2.35421e+06, 0
7.47976e+06, 4.11315e+06, 0
5.63566e+06, 2.16033e+06, 0
6.43965e+06, 672536, 0
6.58823e+06, 2.33584e+06, 0
9.41338e+06, 3.47852e+06, 0
8.02593e+06, 4.63681e+06, 0
1.17172e+07, 2.0446e+06, 0
7.7001e+06, 2.70547e+06, 0
7.63911e+06, 2.41393e+06, 0
6.84002e+06, 1.99582e+06, 0
1.11789e+07, 6.82164e+06, 0
6.40968e+06, 2.41518e+06, 0
7.01295e+06, 3.74287e+06, 0
1.56364e+07, 2.71967e+06, 0
6.28486e+06, 2.94608e+06, 0
5.4497e+06, 507299, 0
9.27779e+06, 4.68783e+06, 0
5.98966e+06, 476610, 0
6.22324e+06, 3.35095e+06, 0
7.06676e+06, 3.67533e+06, 0
1.01297e+07, 4.50934e+06, 0
5.6476e+06, 1.29316e+06, 0
9.09929e+06, 3.47853e+06, 0
1.14304e+07, 7.27209e+06, 0
1.20209e+07, 3.01333e+06, 0
1.25488e+07, 4.32162e+06, 0
8.99325e+06, 1.52808e+06, 0
4.21033e+06, 1.11571e+06, 0
1.48251e+07, 3.31705e+06, 0
4.60841e+06, 717139, 0
6.70132e+06, 3.17071e+06, 0
7.83465e+06, 2.44758e+06, 0
7.13793e+06, 3.13021e+06, 0
9.59122e+06, 5.43872e+06, 0
7.80595e+06, 3.70299e+06, 0
7.91516e+06, 2.74427e+06, 0
8.14801e+06, 1.86029e+06, 0
1.12431e+07, 6.21462e+06, 0
8.69555e+06, 4.58861e+06, 0
7.11635e+06, 890461, 0
8.39724e+06, 4.772e+06, 0
8.86866e+06, 3.4974e+06, 0
6.18528e+06, 3.31241e+06, 0
5.25663e+06, 2.37878e+06, 0
9.35588e+06, 5.93625e+06, 0
5.89589e+06, 2.03937e+06, 0
5.12934e+06, 1.67505e+06, 0
6.39571e+06, 1.50119e+06, 0
7.73084e+06, 3.36374e+06, 0
8.51031e+06, 3.21441e+06, 0
9.67717e+06, 4.21308e+06, 0
6.612e+06, 3.18411e+06, 0
5.43947e+06, 1.99418e+06, 0
7.57829e+06, 1.53947e+06, 0
6.66013e+06, 2.9381e+06, 0
5.18707e+06, 1.66074e+06, 0
4.60464e+06, 471486, 0
6.02502e+06, 3.3127e+06, 0
7.03541e+06, 303303, 0
7.4318e+06, 1.18545e+06, 0
9.8968e+06, 3.73574e+06, 0
7.64362e+06, 4.13221e+06, 0
4.16999e+06, 1.09259e+06, 0
1.47602e+07, 6.75718e+06, 0
7.85457e+06, 3.86479e+06, 0
5.90973e+06, 2.08841e+06, 0
1.18509e+07, 4.88406e+06, 0
5.90941e+06, 2.88246e+06, 0
9.1386e+06, 1.67709e+06, 0
7.28412e+06, 2.36245e+06, 0
5.55537e+06, 2.58475e+06, 0
6.29441e+06, 1.14574e+06, 0
7.54814e+06, 3.72008e+06, 0
9.13977e+06, 3.59112e+06, 0
7.55996e+06, 4.30133e+06, 0
1.19091e+07, 2.58136e+06, 0
9.40864e+06, 1.72115e+06, 0
8.23116e+06, 660361, 0
1.05892e+07, 3.70315e+06, 0
6.37457e+06, 1.71325e+06, 0
6.91886e+06, 4.12603e+06, 0
8.07164e+06, 2.20534e+06, 0
5.69291e+06, 1.9255e+06, 0
6.88899e+06, 2.22069e+06, 0
5.06889e+06, 574761, 0
7.02161e+06, 4.13674e+06, 0
7.73205e+06, 3.94156e+06, 0
8.51766e+06, 2.35211e+06, 0
9.74023e+06, 2.91418e+06, 0
5.74165e+06, 1.13062e+06, 0
9.38808e+06, 575679, 0
8.63853e+06, 699167, 0
9.65075e+06, 6.04072e+06, 0
7.46175e+06, 3.26164e+06, 0
5.19513e+06, 1.6844e+06, 0
8.36471e+06, 5.25151e+06, 0
8.89691e+06, 5.15608e+06, 0
6.01011e+06, 3.29876e+06, 0
5.51598e+06, 2.44494e+06, 0
9.79538e+06, 3.88138e+06, 0
6.85819e+06, 2.243e+06, 0
4.26058e+06, 302343, 0
1.2579e+07, 2.2512e+06, 0
5.51042e+06, 2.3741e+06, 0
8.89251e+06, 1.7232e+06, 0
8.93468e+06, 4.23965e+06, 0
1.01108e+07, 551890, 0
6.50024e+06, 3.67321e+06, 0
1.44587e+07, 7.59903e+06, 0
9.0781e+06, 3.92988e+06, 0
7.01981e+06, 4.15208e+06, 0
1.09249e+07, 4.0417e+06, 0
6.39036e+06, 2.53299e+06, 0
7.00715e+06, 4.10487e+06, 0
4.7246e+06, 1.77846e+06, 0
8.33231e+06, 766131, 0
8.60466e+06, 4.16017e+06, 0
9.9497e+06, 3.56546e+06, 0
7.39539e+06, 2.64513e+06, 0
6.17314e+06, 3.0978e+06, 0
6.38461e+06, 2.84623e+06, 0
7.73138e+06, 2.66613e+06, 0
5.14982e+06, 1.96192e+06, 0
1.01178e+07, 6.49253e+06, 0
4.43189e+06, 1.16688e+06, 0
8.98892e+06, 3.12784e+06, 0
4.30459e+06, 1.38956e+06, 0
4.47969e+06, 1.50913e+06, 0
1.28231e+07, 5.2872e+06, 0
4.43895e+06, 1.17875e+06, 0
6.05805e+06, 2.60896e+06, 0
6.23081e+06, 2.68677e+06, 0
1.04679e+07, 1.48859e+06, 0
5.23659e+06, 2.00354e+06, 0
5.25153e+06, 2.18699e+06, 0
1.02638e+07, 2.50417e+06, 0
7.06816e+06, 1.63055e+06, 0
7.19323e+06, 1.99735e+06, 0
7.04479e+06, 3.40897e+06, 0
8.4443e+06, 5.35404e+06, 0
7.48465e+06, 4.05217e+06, 0
6.07809e+06, 2.62725e+06, 0
6.47994e+06, 3.70446e+06, 0
4.70122e+06, 1.47492e+06, 0
6.75381e+06, 757214, 0
6.29156e+06, 2.04079e+06, 0
6.34002e+06, 1.58393e+06, 0
6.51523e+06, 3.41928e+06, 0
5.92279e+06, 2.12156e+06, 0
1.42518e+07, 5.40208e+06, 0
9.34534e+06, 3.78463e+06, 0
1.14805e+07, 6.86233e+06, 0
9.62682e+06, 6.30372e+06, 0
1.00752e+07, 5.16185e+06, 0
6.30506e+06, 1.95539e+06, 0
7.43958e+06, 3.90578e+06, 0
6.0396e+06, 1.436e+06, 0
5.74788e+06, 1.35019e+06, 0
6.68447e+06, 3.47078e+06, 0
9.6695e+06, 3.48724e+06, 0
1.04455e+07, 4.33543e+06, 0
7.32175e+06, 2.00999e+06, 0
9.735e+06, 3.82932e+06, 0
9.97727e+06, 5.42992e+06, 0
7.23904e+06, 4.26229e+06, 0
8.56326e+06, 2.60761e+06, 0
7.05813e+06, 3.94391e+06, 0
9.0035e+06, 3.65122e+06, 0
8.61168e+06, 1.04287e+06, 0
7.06468e+06, 3.02199e+06, 0
6.91375e+06, 2.57571e+06, 0
7.27493e+06, 3.15203e+06, 0
6.91367e+06, 2.62992e+06, 0
6.21183e+06, 2.58982e+06, 0
8.26173e+06, 2.93853e+06, 0
1.15096e+07, 4.51513e+06, 0
5.52048e+06, 2.52751e+06, 0
7.84764e+06, 908781, 0
4.33211e+06, 641559, 0
5.44999e+06, 2.01293e+06, 0
5.22958e+06, 2.43543e+06, 0
4.77849e+06, 1.62589e+06, 0
8.83843e+06, 2.31612e+06, 0
6.01063e+06, 2.29206e+06, 0
7.72239e+06, 1.56329e+06, 0
9.55205e+06, 5.42222e+06, 0
9.93593e+06, 4.06914e+06, 0
1.10571e+07, 3.21646e+06, 0
7.67057e+06, 1.81673e+06, 0
7.15626e+06, 2.69069e+06, 0
9.4533e+06, 4.56547e+06, 0
5.42106e+06, 654198, 0
4.45994e+06, 1.28256e+06, 0
6.13158e+06, 2.72505e+06, 0
9.18308e+06, 3.2006e+06, 0
4.81275e+06, 1.64317e+06, 0
1.31356e+07, 2.94268e+06, 0
9.16314e+06, 4.28889e+06, 0
7.86657e+06, 4.60219e+06, 0
5.57315e+06, 499290, 0
9.07404e+06, 1.37644e+06, 0
7.99536e+06, 4.68915e+06, 0
5.61412e+06, 2.02237e+06, 0
7.1219e+06, 1.76043e+06, 0
8.2073e+06, 4.35773e+06, 0
5.96517e+06, 3.27346e+06, 0
9.62477e+06, 5.05446e+06, 0
4.04504e+06, 862892, 0
1.03241e+07, 1.33833e+06, 0
9.24197e+06, 2.6089e+06, 0
8.30816e+06, 4.01049e+06, 0
9.83567e+06, 4.29613e+06, 0
8.16878e+06, 3.00342e+06, 0
7.07872e+06, 2.07862e+06, 0
1.05331e+07, 5.76992e+06, 0
5.29324e+06, 1.81845e+06, 0
9.4169e+06, 3.88034e+06, 0
5.69429e+06, 455824, 0
6.91629e+06, 1.75677e+06, 0
4.5286e+06, 1.43559e+06, 0
5.55437e+06, 2.53264e+06, 0
7.36935e+06, 2.27731e+06, 0
7.04977e+06, 3.73839e+06, 0
1.05347e+07, 4.0293e+06, 0
5.15027e+06, 901591, 0
5.14776e+06, 1.04194e+06, 0
5.63228e+06, 2.84314e+06, 0
8.17161e+06, 5.05436e+06, 0
7.70513e+06, 2.8727e+06, 0
9.18424e+06, 5.27554e+06, 0
7.39015e+06, 2.6356e+06, 0
7.91358e+06, 2.95639e+06, 0
4.87105e+06, 2.1539e+06, 0
5.87951e+06, 3.03741e+06, 0
4.85135e+06, 1.80331e+06, 0
8.95326e+06, 3.38926e+06, 0
6.39739e+06, 2.96681e+06, 0
5.89785e+06, 2.52826e+06, 0
6.01019e+06, 1.97368e+06, 0
9.38708e+06, 4.89219e+06, 0
7.32797e+06, 411054, 0
1.03472e+07, 2.36212e+06, 0
6.67671e+06, 1.22531e+06, 0
9.25389e+06, 5.63713e+06, 0
1.43758e+07, 9.51823e+06, 0
9.56305e+06, 6.19821e+06, 0
4.30931e+06, 555638, 0
8.63976e+06, 3.5569e+06, 0
7.83923e+06, 4.60255e+06, 0
8.62703e+06, 2.81864e+06, 0
9.12711e+06, 5.25678e+06, 0
6.41285e+06, 2.70105e+06, 0
8.87037e+06, 2.80979e+06, 0
7.87227e+06, 2.64057e+06, 0
4.99984e+06, 2.18606e+06, 0
5.58112e+06, 2.63473e+06, 0
6.61552e+06, 856555, 0
7.01621e+06, 3.85634e+06, 0
7.7634e+06, 2.15924e+06, 0
7.3746e+06, 3.10171e+06, 0
8.09491e+06, 729917, 0
8.09097e+06, 4.40015e+06, 0
6.11488e+06, 2.97612e+06, 0
8.66875e+06, 5.1048e+06, 0
6.15956e+06, 2.33371e+06, 0
1.06189e+07, 6.09144e+06, 0
7.85889e+06, 746922, 0
6.05116e+06, 1.85513e+06, 0
5.80581e+06, 3.07255e+06, 0
6.99445e+06, 3.16056e+06, 0
4.60716e+06, 709284, 0
7.21775e+06, 3.54007e+06, 0
6.59789e+06, 1.74839e+06, 0
1.1033e+07, 7.00735e+06, 0
1.12277e+07, 4.31341e+06, 0
6.74411e+06, 2.4289e+06, 0
8.17839e+06, 876509, 0
9.24613e+06, 2.33449e+06, 0
7.87151e+06, 2.88021e+06, 0
6.88359e+06, 1.78927e+06, 0
9.81321e+06, 3.67315e+06, 0
7.8183e+06, 1.00825e+06, 0
9.31375e+06, 2.99376e+06, 0
9.92739e+06, 3.7108e+06, 0
8.0613e+06, 4.349e+06, 0
1.50016e+07, 9.7526e+06, 0
7.4898e+06, 2.38944e+06, 0
6.35318e+06, 1.87386e+06, 0
9.38546e+06, 2.13718e+06, 0
7.28571e+06, 4.22085e+06, 0
5.13617e+06, 1.05504e+06, 0
6.61185e+06, 2.15874e+06, 0
6.9116e+06, 4.1102e+06, 0
7.75948e+06, 2.98439e+06, 0
7.54436e+06, 3.17817e+06, 0
8.40241e+06, 1.59269e+06, 0
1.10241e+07, 4.37464e+06, 0
6.94992e+06, 1.75099e+06, 0
8.60101e+06, 4.26786e+06, 0
7.31956e+06, 3.27824e+06, 0
9.20987e+06, 4.79664e+06, 0
4.36231e+06, 1.31598e+06, 0
1.01036e+07, 2.23957e+06, 0
7.65676e+06, 3.53037e+06, 0
8.14349e+06, 1.59208e+06, 0
6.31485e+06, 2.84348e+06, 0
8.74623e+06, 5.2386e+06, 0
1.07734e+07, 3.00152e+06, 0
8.48214e+06, 2.64897e+06, 0
6.30155e+06, 3.03331e+06, 0
6.59403e+06, 1.96204e+06, 0
7.68598e+06, 3.15563e+06, 0
8.80538e+06, 4.68189e+06, 0
9.64767e+06, 6.21446e+06, 0
7.22629e+06, 2.38297e+06, 0
7.05429e+06, 3.91287e+06, 0
6.53295e+06, 2.62309e+06, 0
1.03653e+07, 4.45045e+06, 0
5.63049e+06, 1.5895e+06, 0
9.18594e+06, 3.27911e+06, 0
8.55418e+06, 2.31566e+06, 0
1.05348e+07, 4.8069e+06, 0
7.80047e+06, 250453, 0
8.02922e+06, 3.70519e+06, 0
6.79912e+06, 3.86976e+06, 0
6.05818e+06, 1.3378e+06, 0
8.49319e+06, 2.93257e+06, 0
6.60049e+06, 3.84794e+06, 0
6.46651e+06, 3.67457e+06, 0
4.55384e+06, 746587, 0
7.21545e+06, 3.77463e+06, 0
8.52115e+06, 3.12307e+06, 0
7.12943e+06, 3.25631e+06, 0
8.84071e+06, 2.82801e+06, 0
6.26263e+06, 2.09008e+06, 0
5.39806e+06, 446397, 0
7.70776e+06, 4.53816e+06, 0
4.38854e+06, 1.52519e+06, 0
6.72027e+06, 1.94994e+06, 0
1.03166e+07, 1.23822e+06, 0
8.25305e+06, 3.25942e+06, 0
6.04291e+06, 890763, 0
5.70874e+06, 2.26997e+06, 0
9.29316e+06, 3.84585e+06, 0
1.07372e+07, 2.70228e+06, 0
6.15487e+06, 2.83485e+06, 0
7.86922e+06, 1.34244e+06, 0
6.81403e+06, 2.83473e+06, 0
8.73216e+06, 4.4155e+06, 0
7.40468e+06, 4.15558e+06, 0
6.60526e+06, 3.83046e+06, 0
8.97089e+06, 4.32972e+06, 0
7.21337e+06, 781382, 0
6.14974e+06, 3.40301e+06, 0
4.60143e+06, 1.51286e+06, 0
9.13291e+06, 3.3468e+06, 0
1.11116e+07, 6.98438e+06, 0
6.17057e+06, 3.10583e+06, 0
1.56316e+07, 1.98851e+06, 0
5.12261e+06, 937991, 0
6.71801e+06, 2.64374e+06, 0
9.05259e+06, 4.1578e+06, 0
8.25418e+06, 4.4612e+06, 0
6.017e+06, 2.06716e+06, 0
5.69813e+06, 728257, 0
5.93331e+06, 2.63387e+06, 0
6.07038e+06, 1.9083e+06, 0
8.02491e+06, 278179, 0
4.21841e+06, 1.09595e+06, 0
8.67657e+06, 2.54533e+06, 0
4.89348e+06, 983033, 0
7.33481e+06, 2.9058e+06, 0
9.31119e+06, 3.79161e+06, 0
5.80103e+06, 1.40203e+06, 0
8.97122e+06, 3.908e+06, 0
9.6103e+06, 6.20971e+06, 0
8.76492e+06, 2.5593e+06, 0
8.27281e+06, 2.10107e+06, 0
7.39117e+06, 3.43248e+06, 0
6.11045e+06, 2.53758e+06, 0
9.54908e+06, 1.54981e+06, 0
7.93849e+06, 4.88577e+06, 0
5.61977e+06, 1.25899e+06, 0
8.65003e+06, 2.75354e+06, 0
7.42342e+06, 3.37834e+06, 0
6.70118e+06, 1.05613e+06, 0
6.14178e+06, 2.79083e+06, 0
6.575e+06, 646856, 0
7.45056e+06, 966383, 0
4.26852e+06, 1.311e+06, 0
5.38166e+06, 2.15545e+06, 0
7.44038e+06, 2.5902e+06, 0
4.86363e+06, 1.50981e+06, 0
9.07899e+06, 1.424e+06, 0
1.07554e+07, 5.54305e+06, 0
6.07315e+06, 2.05023e+06, 0
4.34441e+06, 1.35775e+06, 0
6.70509e+06, 3.79781e+06, 0
7.95851e+06, 5.00518e+06, 0
5.27546e+06, 1.96596e+06, 0
7.02416e+06, 772247, 0
9.58808e+06, 4.6698e+06, 0
6.60806e+06, 2.09354e+06, 0
7.00954e+06, 3.50174e+06, 0
5.80902e+06, 3.09679e+06, 0
5.39196e+06, 2.27186e+06, 0
6.37682e+06, 2.29045e+06, 0
5.74986e+06, 1.87383e+06, 0
6.39711e+06, 1.33342e+06, 0
6.47656e+06, 1.96295e+06, 0
7.03331e+06, 3.18041e+06, 0
7.30965e+06, 3.03927e+06, 0
9.65018e+06, 3.4616e+06, 0
5.77175e+06, 1.90274e+06, 0
1.16955e+07, 3.64032e+06, 0
5.54521e+06, 2.63076e+06, 0
1.34869e+07, 8.97859e+06, 0
8.84201e+06, 2.4661e+06, 0
8.88263e+06, 4.21009e+06, 0
5.91805e+06, 1.79262e+06, 0
4.22307e+06, 492337, 0
6.87292e+06, 2.58874e+06, 0
6.77727e+06, 3.23454e+06, 0
9.07879e+06, 4.43815e+06, 0
8.13512e+06, 3.6402e+06, 0
9.817e+06, 1.67574e+06, 0
4.71624e+06, 709291, 0
6.11604e+06, 2.17081e+06, 0
8.17136e+06, 2.81066e+06, 0
9.89865e+06, 4.21002e+06, 0
8.96323e+06, 933860, 0
6.62678e+06, 2.49195e+06, 0
9.31756e+06, 2.69267e+06, 0
5.91316e+06, 2.86699e+06, 0
9.80096e+06, 5.34029e+06, 0
1.24143e+07, 1.31711e+06, 0
9.59166e+06, 6.08716e+06, 0
6.46261e+06, 2.17352e+06, 0
7.22967e+06, 3.5072e+06, 0
5.46358e+06, 2.40607e+06, 0
4.30673e+06, 982800, 0
1.00839e+07, 5.22397e+06, 0
8.53228e+06, 4.19545e+06, 0
8.40311e+06, 3.54524e+06, 0
9.07602e+06, 5.89642e+06, 0
4.60005e+06, 1.36612e+06, 0
5.85742e+06, 1.26628e+06, 0
8.82157e+06, 5.64135e+06, 0
4.79248e+06, 1.84861e+06, 0
9.86357e+06, 1.96672e+06, 0
5.98406e+06, 1.00089e+06, 0
7.00618e+06, 2.07231e+06, 0
1.16347e+07, 6.2694e+06, 0
6.76804e+06, 2.93318e+06, 0
7.22085e+06, 3.62059e+06, 0
6.82913e+06, 3.30134e+06, 0
5.18833e+06, 2.3801e+06, 0
6.63335e+06, 1.65203e+06, 0
9.63373e+06, 1.9768e+06, 0
6.44183e+06, 3.03232e+06, 0
7.07315e+06, 2.85625e+06, 0
4.83982e+06, 1.35977e+06, 0
1.25813e+07, 8.15727e+06, 0
1.03204e+07, 4.84526e+06, 0
8.36122e+06, 3.62555e+06, 0
5.07669e+06, 750568, 0
5.87141e+06, 1.56971e+06, 0
7.86248e+06, 3.46103e+06, 0
6.87316e+06, 954244, 0
7.48803e+06, 2.75122e+06, 0
4.90192e+06, 955925, 0
6.65869e+06, 2.57558e+06, 0
8.32689e+06, 1.87547e+06, 0
1.04579e+07, 799990, 0
8.20078e+06, 1.50057e+06, 0
6.84599e+06, 2.89621e+06, 0
4.57184e+06, 964590, 0
4.63798e+06, 1.26845e+06, 0
8.52239e+06, 1.60904e+06, 0
8.80614e+06, 1.6826e+06, 0
1.02232e+07, 6.20122e+06, 0
6.45942e+06, 870695, 0
5.71702e+06, 1.80327e+06, 0
8.33643e+06, 4.95834e+06, 0
4.2052e+06, 389302, 0
6.89115e+06, 1.53787e+06, 0
5.01337e+06, 1.78335e+06, 0
1.15772e+07, 3.5589e+06, 0
7.9684e+06, 1.88135e+06, 0
7.33675e+06, 3.43314e+06, 0
5.24314e+06, 2.56069e+06, 0
8.70212e+06, 3.98744e+06, 0
8.01833e+06, 2.96537e+06, 0
6.38657e+06, 2.94704e+06, 0
4.91642e+06, 1.46148e+06, 0
5.74783e+06, 2.35879e+06, 0
6.96942e+06, 1.21277e+06, 0
8.14696e+06, 2.36971e+06, 0
8.16442e+06, 1.53396e+06, 0
6.84074e+06, 2.72101e+06, 0
6.98534e+06, 3.88152e+06, 0
6.21706e+06, 3.02034e+06, 0
4.70573e+06, 1.48231e+06, 0
8.64332e+06, 2.81776e+06, 0
8.02912e+06, 2.68325e+06, 0
8.02376e+06, 2.38533e+06, 0
7.72809e+06, 3.39949e+06, 0
7.56044e+06, 1.57066e+06, 0
7.41722e+06, 1.07431e+06, 0
7.8439e+06, 3.60249e+06, 0
8.83839e+06, 1.78201e+06, 0
5.65339e+06, 2.39036e+06, 0
6.77346e+06, 1.5681e+06, 0
8.29288e+06, 1.29877e+06, 0
6.44498e+06, 2.5404e+06, 0
4.79044e+06, 1.95655e+06, 0
9.26782e+06, 3.60527e+06, 0
5.47537e+06, 2.64106e+06, 0
7.43304e+06, 2.09464e+06, 0
5.73814e+06, 976761, 0
5.43743e+06, 2.54156e+06, 0
5.47325e+06, 1.57973e+06, 0
1.05603e+07, 5.32094e+06, 0
1.44506e+07, 3.84506e+06, 0
5.46608e+06, 1.36422e+06, 0
7.21003e+06, 3.63381e+06, 0
5.52617e+06, 2.33906e+06, 0
6.32634e+06, 1.61497e+06, 0
1.12405e+07, 7.04016e+06, 0
5.69792e+06, 2.86107e+06, 0
7.37079e+06, 1.61839e+06, 0
1.00089e+07, 964800, 0
7.93618e+06, 3.55225e+06, 0
5.3553e+06, 1.98663e+06, 0
5.26452e+06, 2.53068e+06, 0
4.78574e+06, 1.55733e+06, 0
1.15651e+07, 2.94722e+06, 0
6.17989e+06, 1.18274e+06, 0
6.09166e+06, 2.41459e+06, 0
4.67619e+06, 1.15141e+06, 0
1.31885e+07, 8.50937e+06, 0
5.06035e+06, 332618, 0
4.97392e+06, 1.98183e+06, 0
5.63107e+06, 2.46201e+06, 0
7.53935e+06, 3.58554e+06, 0
1.04997e+07, 1.31915e+06, 0
4.45306e+06, 1.46785e+06, 0
9.38506e+06, 5.2868e+06, 0
7.18995e+06, 3.03272e+06, 0
7.04624e+06, 3.196e+06, 0
7.17743e+06, 4.36098e+06, 0
8.03545e+06, 4.11264e+06, 0
7.55437e+06, 3.93316e+06, 0
8.72693e+06, 4.13479e+06, 0
7.81791e+06, 3.40074e+06, 0
8.53848e+06, 2.14757e+06, 0
5.67245e+06, 2.18773e+06, 0
7.78252e+06, 3.38866e+06, 0
1.20488e+07, 920362, 0
7.06424e+06, 3.76861e+06, 0
5.13248e+06, 1.37096e+06, 0
7.9586e+06, 2.12605e+06, 0
9.90115e+06, 4.74996e+06, 0
8.09999e+06, 4.83615e+06, 0
6.45208e+06, 3.51292e+06, 0
6.54354e+06, 2.40266e+06, 0
6.41708e+06, 2.16861e+06, 0
9.82949e+06, 1.02966e+06, 0
5.13406e+06, 1.26791e+06, 0
5.03745e+06, 1.71551e+06, 0
6.98963e+06, 2.301e+06, 0
9.15333e+06, 3.50959e+06, 0
6.0404e+06, 2.18696e+06, 0
5.72209e+06, 2.82678e+06, 0
6.26523e+06, 2.91845e+06, 0
6.80218e+06, 3.77299e+06, 0
1.16185e+07, 1.54196e+06, 0
7.04237e+06, 3.8993e+06, 0
1.21555e+07, 4.94656e+06, 0
7.51946e+06, 3.69417e+06, 0
7.13872e+06, 3.02431e+06, 0
4.70962e+06, 1.79243e+06, 0
7.58913e+06, 3.15061e+06, 0
7.44938e+06, 3.7662e+06, 0
6.53686e+06, 3.18564e+06, 0
6.2934e+06, 1.88163e+06, 0
9.93546e+06, 3.14073e+06, 0
9.20159e+06, 5.24416e+06, 0
5.74532e+06, 1.43439e+06, 0
6.05441e+06, 1.01648e+06, 0
8.26329e+06, 3.72113e+06, 0
1.13625e+07, 2.21897e+06, 0
8.61287e+06, 3.19736e+06, 0
6.68907e+06, 2.80964e+06, 0
8.01046e+06, 2.76627e+06, 0
4.63287e+06, 1.46541e+06, 0
8.05546e+06, 3.87008e+06, 0
7.3624e+06, 1.70346e+06, 0
7.68243e+06, 1.5119e+06, 0
4.36379e+06, 1.27727e+06, 0
5.96579e+06, 2.0425e+06, 0
1.0778e+07, 1.4394e+06, 0
8.31518e+06, 2.85787e+06, 0
7.32944e+06, 3.77679e+06, 0
7.72738e+06, 1.43606e+06, 0
6.09219e+06, 2.67348e+06, 0
1.06859e+07, 5.0715e+06, 0
8.48117e+06, 4.48442e+06, 0
9.18978e+06, 4.29533e+06, 0
7.30898e+06, 1.18202e+06, 0
1.01241e+07, 4.7162e+06, 0
6.84421e+06, 1.89414e+06, 0
6.15808e+06, 2.76379e+06, 0
8.82785e+06, 4.87648e+06, 0
5.70951e+06, 902318, 0
8.31854e+06, 4.40874e+06, 0
8.79471e+06, 3.91064e+06, 0
7.17923e+06, 3.04088e+06, 0
1.04959e+07, 5.83726e+06, 0
5.03687e+06, 2.19672e+06, 0
7.83261e+06, 2.88881e+06, 0
6.40445e+06, 3.24394e+06, 0
4.80607e+06, 1.34126e+06, 0
5.10945e+06, 1.66131e+06, 0
5.3495e+06, 2.37213e+06, 0
6.91658e+06, 2.48387e+06, 0
7.73217e+06, 3.07974e+06, 0
1.18943e+07, 3.67048e+06, 0
1.12898e+07, 3.27111e+06, 0
6.57176e+06, 825579, 0
7.25918e+06, 3.53503e+06, 0
8.07305e+06, 551028, 0
7.17153e+06, 2.62952e+06, 0
7.80414e+06, 3.1109e+06, 0
6.52728e+06, 3.49456e+06, 0
5.38705e+06, 1.43407e+06, 0
4.91644e+06, 1.37549e+06, 0
1.49723e+07, 4.30534e+06, 0
7.26612e+06, 360234, 0
6.35279e+06, 2.53208e+06, 0
1.01907e+07, 544082, 0
8.37341e+06, 4.15226e+06, 0
8.20089e+06, 3.69598e+06, 0
7.98718e+06, 1.07402e+06, 0
9.02391e+06, 2.49037e+06, 0
9.28593e+06, 3.26234e+06, 0
1.29419e+07, 5.51479e+06, 0
8.59072e+06, 3.67617e+06, 0
8.96605e+06, 4.36686e+06, 0
1.45216e+07, 7.47253e+06, 0
5.70083e+06, 1.82731e+06, 0
5.40952e+06, 1.83268e+06, 0
6.34992e+06, 2.99908e+06, 0
5.3933e+06, 792159, 0
8.49842e+06, 1.90916e+06, 0
5.80299e+06, 2.77592e+06, 0
7.39907e+06, 922727, 0
7.39818e+06, 4.53335e+06, 0
5.42307e+06, 2.55177e+06, 0
7.5901e+06, 3.98526e+06, 0
8.32518e+06, 2.80295e+06, 0
5.64687e+06, 1.64706e+06, 0
5.55123e+06, 1.33302e+06, 0
5.71617e+06, 2.99191e+06, 0
5.55031e+06, 1.45886e+06, 0
7.17337e+06, 2.36716e+06, 0
5.8028e+06, 1.62889e+06, 0
7.38522e+06, 3.59701e+06, 0
1.02386e+07, 2.43754e+06, 0
9.36432e+06, 1.67468e+06, 0
5.96111e+06, 1.39308e+06, 0
7.61069e+06, 4.16492e+06, 0
8.68634e+06, 1.17609e+06, 0
1.10404e+07, 2.39193e+06, 0
