7.48235e+06, 2.25423e+06, 0
8.71251e+06, 4.31648e+06, 0
6.59652e+06, 9.1626e+06, 0
5.98621e+06, 281923, 0
7.19777e+06, 4.43456e+06, 0
7.7273e+06, 4.01679e+06, 0
1.15893e+07, 4.79483e+06, 0
6.67074e+06, 4.10399e+06, 0
8.09701e+06, 4.73497e+06, 0
8.00072e+06, 7.13522e+06, 0
6.55333e+06, 5.25755e+06, 0
1.13727e+07, 3.3748e+06, 0
5.97867e+06, 5.99395e+06, 0
6.04156e+06, 3.96604e+06, 0
6.24111e+06, 1.93794e+06, 0
1.1107e+07, 1.21055e+06, 0
8.57358e+06, 3.85048e+06, 0
7.90376e+06, 506187, 0
6.53085e+06, 9.3833e+06, 0
8.46496e+06, 4.01991e+06, 0
7.45613e+06, 6.41879e+06, 0
7.05162e+06, 1.46314e+06, 0
6.68966e+06, 4.34241e+06, 0
8.17545e+06, 2.67484e+06, 0
8.45056e+06, 5.8856e+06, 0
9.85886e+06, 3.83599e+06, 0
8.88172e+06, 2.0288e+06, 0
8.59467e+06, 1.17529e+06, 0
8.58357e+06, 1.21105e+06, 0
6.59792e+06, 4.45893e+06, 0
6.48562e+06, 6.1826e+06, 0
1.1297e+07, 3.89239e+06, 0
6.7645e+06, 4.28615e+06, 0
8.37467e+06, 7.22462e+06, 0
6.10689e+06, 2.93064e+06, 0
1.03224e+07, 1.30389e+07, 0
6.43337e+06, 496559, 0
1.16285e+07, 2.37492e+06, 0
9.32381e+06, 4.90194e+06, 0
8.84946e+06, 4.60385e+06, 0
6.73892e+06, 4.51789e+06, 0
6.19867e+06, 4.70012e+06, 0
8.80508e+06, 2.90445e+06, 0
7.20044e+06, 3.72546e+06, 0
6.81182e+06, 5.17254e+06, 0
6.37727e+06, 552279, 0
6.32201e+06, 2.72825e+06, 0
7.07673e+06, 4.93599e+06, 0
7.10571e+06, 3.79603e+06, 0
6.48154e+06, 6.54324e+06, 0
9.27781e+06, 3.9331e+06, 0
6.39712e+06, 2.15594e+06, 0
7.28743e+06, 4.85267e+06, 0
7.1423e+06, 7.68295e+06, 0
8.24149e+06, 1.12734e+07, 0
7.24129e+06, 9.69119e+06, 0
5.98718e+06, 1.00316e+07, 0
1.30814e+07, 6.11355e+06, 0
8.09457e+06, 7.06125e+06, 0
6.14101e+06, 7.11e+06, 0
6.32152e+06, 1.0032e+07, 0
8.58647e+06, 5.95099e+06, 0
8.12234e+06, 4.17823e+06, 0
7.35035e+06, 4.87572e+06, 0
7.16273e+06, 8.17959e+06, 0
7.46062e+06, 1.29698e+06, 0
6.25482e+06, 625444, 0
6.59913e+06, 5.57645e+06, 0
7.46687e+06, 9.13104e+06, 0
6.34715e+06, 1.80361e+06, 0
8.99248e+06, 6.89337e+06, 0
1.08361e+07, 1.86443e+06, 0
6.87243e+06, 5.66512e+06, 0
7.83897e+06, 4.1278e+06, 0
7.8274e+06, 2.08041e+06, 0
7.03339e+06, 5.37226e+06, 0
8.80492e+06, 2.7028e+06, 0
6.22126e+06, 8.05297e+06, 0
8.99375e+06, 4.04241e+06, 0
8.32842e+06, 7.68335e+06, 0
7.37532e+06, 8.19596e+06, 0
9.43934e+06, 6.28501e+06, 0
7.15639e+06, 7.10124e+06, 0
6.52783e+06, 5.13359e+06, 0
6.52661e+06, 3.04831e+06, 0
6.31397e+06, 1.00499e+07, 0
9.16065e+06, 4.62819e+06, 0
6.01916e+06, 4.21506e+06, 0
9.40251e+06, 9.91052e+06, 0
6.52946e+06, 5.93532e+06, 0
6.32667e+06, 5.63104e+06, 0
6.25203e+06, 5.62122e+06, 0
8.31064e+06, 3.60157e+06, 0
6.77368e+06, 6.5133e+06, 0
7.20706e+06, 4.20961e+06, 0
6.86751e+06, 4.89193e+06, 0
8.26334e+06, 3.93904e+06, 0
1.06786e+07, 6.8576e+06, 0
8.94494e+06, 5.44906e+06, 0
1.6159e+07, 1.16751e+07, 0
6.13144e+06, 6.77729e+06, 0
6.35553e+06, 4.03026e+06, 0
6.6267e+06, 7.99208e+06, 0
1.22151e+07, 5.07377e+06, 0
7.23134e+06, 8.86776e+06, 0
6.83314e+06, 1.01827e+06, 0
9.47613e+06, 7.87221e+06, 0
8.58876e+06, 1.01823e+07, 0
8.91408e+06, 4.18418e+06, 0
1.1075e+07, 8.39884e+06, 0
6.44976e+06, 6.49035e+06, 0
7.47055e+06, 4.55059e+06, 0
8.71093e+06, 5.11058e+06, 0
1.33671e+07, 7.43505e+06, 0
7.26394e+06, 197296, 0
6.67048e+06, 5.32631e+06, 0
6.74469e+06, 8.088e+06, 0
8.34376e+06, 6.23686e+06, 0
6.22391e+06, 4.93328e+06, 0
8.07878e+06, 1.90026e+06, 0
1.07997e+07, 6.11421e+06, 0
1.26643e+07, 3.3157e+06, 0
7.47278e+06, 4.96568e+06, 0
6.57078e+06, 5.45993e+06, 0
8.70727e+06, 6.7142e+06, 0
6.27057e+06, 2.09955e+06, 0
8.84155e+06, 1.00452e+06, 0
1.0027e+07, 3.32923e+06, 0
6.57501e+06, 6.04593e+06, 0
6.07129e+06, 3.68048e+06, 0
6.85917e+06, 1.41142e+06, 0
9.77479e+06, 2.67705e+06, 0
1.19893e+07, 3.22291e+06, 0
8.27078e+06, 2.8694e+06, 0
8.60982e+06, 4.90387e+06, 0
7.00016e+06, 1.75052e+06, 0
7.9433e+06, 6.23204e+06, 0
7.89608e+06, 5.09761e+06, 0
9.26662e+06, 8.48119e+06, 0
6.23758e+06, 2.25984e+06, 0
8.5625e+06, 8.14595e+06, 0
6.65833e+06, 9.18621e+06, 0
1.12907e+07, 1.0031e+07, 0
7.1111e+06, 1.69049e+06, 0
8.28867e+06, 7.73625e+06, 0
7.75677e+06, 5.29913e+06, 0
6.00058e+06, 5.83198e+06, 0
7.48837e+06, 2.99256e+06, 0
7.2502e+06, 1.10887e+07, 0
7.11455e+06, 5.56868e+06, 0
6.26945e+06, 3.56721e+06, 0
6.70118e+06, 4.9749e+06, 0
7.81249e+06, 4.475e+06, 0
7.07082e+06, 8.31172e+06, 0
6.88629e+06, 1.11279e+07, 0
1.00985e+07, 5.81334e+06, 0
8.06478e+06, 9.65078e+06, 0
7.60376e+06, 1.42637e+06, 0
8.2075e+06, 3.457e+06, 0
7.91299e+06, 4.31318e+06, 0
6.54702e+06, 3.58516e+06, 0
6.07412e+06, 4.20199e+06, 0
7.52692e+06, 4.05182e+06, 0
6.20653e+06, 1.51399e+07, 0
6.85738e+06, 9.49039e+06, 0
6.51808e+06, 5.40271e+06, 0
6.20287e+06, 4.10025e+06, 0
6.89569e+06, 9.75599e+06, 0
9.31252e+06, 2.94682e+06, 0
1.03212e+07, 5.66266e+06, 0
7.89442e+06, 3.45138e+06, 0
6.3377e+06, 3.87506e+06, 0
8.66513e+06, 6.69454e+06, 0
9.68113e+06, 1.34046e+06, 0
7.30956e+06, 1.78452e+06, 0
6.42451e+06, 1.50623e+06, 0
7.92236e+06, 4.65932e+06, 0
6.24664e+06, 5.14714e+06, 0
7.79039e+06, 9.78731e+06, 0
7.21473e+06, 5.69968e+06, 0
6.04223e+06, 4.08524e+06, 0
6.36228e+06, 5.00839e+06, 0
8.59129e+06, 1.67261e+07, 0
7.79522e+06, 2.51502e+06, 0
6.59535e+06, 4.44473e+06, 0
1.04096e+07, 4.71026e+06, 0
8.25949e+06, 8.20475e+06, 0
9.53893e+06, 4.91734e+06, 0
7.17413e+06, 2.36408e+06, 0
7.8491e+06, 7.19186e+06, 0
7.24817e+06, 4.36848e+06, 0
6.98413e+06, 3.66523e+06, 0
7.31365e+06, 1.13777e+07, 0
1.04346e+07, 1.04178e+06, 0
7.26448e+06, 9.40792e+06, 0
6.56994e+06, 2.15227e+06, 0
8.29786e+06, 3.44961e+06, 0
6.33837e+06, 4.33446e+06, 0
6.91513e+06, 1.3393e+06, 0
5.97408e+06, 2.79712e+06, 0
7.46346e+06, 4.12172e+06, 0
8.52114e+06, 4.89719e+06, 0
6.46003e+06, 1.87056e+06, 0
1.03068e+07, 8.64343e+06, 0
6.1231e+06, 8.58152e+06, 0
6.54772e+06, 8.21508e+06, 0
1.06212e+07, 3.08186e+06, 0
7.01891e+06, 607278, 0
6.43296e+06, 6.13011e+06, 0
8.08331e+06, 6.73844e+06, 0
6.03983e+06, 2.58184e+06, 0
6.21735e+06, 5.21448e+06, 0
6.38702e+06, 3.92771e+06, 0
7.54659e+06, 6.85158e+06, 0
7.26774e+06, 5.68611e+06, 0
7.15155e+06, 3.51857e+06, 0
6.48968e+06, 2.4671e+06, 0
1.34457e+07, 2.23697e+06, 0
6.14189e+06, 9.67855e+06, 0
8.92759e+06, 9.80651e+06, 0
6.05275e+06, 6.49822e+06, 0
9.7795e+06, 2.05405e+06, 0
7.50651e+06, 4.43293e+06, 0
6.15654e+06, 6.87272e+06, 0
9.88056e+06, 3.97915e+06, 0
8.87262e+06, 4.51686e+06, 0
6.96868e+06, 1.40822e+07, 0
9.92211e+06, 9.56916e+06, 0
6.18259e+06, 8.05194e+06, 0
7.15996e+06, 6.4192e+06, 0
8.56288e+06, 1.83475e+06, 0
9.66042e+06, 2.65143e+06, 0
6.0759e+06, 2.58512e+06, 0
9.55035e+06, 3.12115e+06, 0
7.51867e+06, 6.1117e+06, 0
6.04979e+06, 5.02897e+06, 0
1.12001e+07, 4.04635e+06, 0
6.27241e+06, 4.03143e+06, 0
9.36882e+06, 6.76725e+06, 0
6.57432e+06, 6.40328e+06, 0
7.65195e+06, 3.89106e+06, 0
1.02647e+07, 2.88893e+06, 0
8.52095e+06, 8.09738e+06, 0
6.00218e+06, 7.4763e+06, 0
7.72073e+06, 4.101e+06, 0
6.13537e+06, 4.8639e+06, 0
7.36575e+06, 2.64893e+06, 0
7.8794e+06, 5.79504e+06, 0
9.81e+06, 2.73497e+06, 0
9.05654e+06, 3.16984e+06, 0
6.59452e+06, 4.27467e+06, 0
6.79534e+06, 2.24151e+06, 0
8.30046e+06, 7.65113e+06, 0
7.42243e+06, 5.99807e+06, 0
1.01279e+07, 1.3069e+06, 0
8.16457e+06, 3.09944e+06, 0
7.34186e+06, 4.51607e+06, 0
6.09182e+06, 859155, 0
9.30295e+06, 354955, 0
7.7522e+06, 8.98838e+06, 0
6.93067e+06, 2.8421e+06, 0
7.41802e+06, 7.11311e+06, 0
6.44309e+06, 3.62312e+06, 0
6.62665e+06, 7.17553e+06, 0
6.07397e+06, 4.82792e+06, 0
6.23437e+06, 5.11406e+06, 0
7.08514e+06, 7.53199e+06, 0
7.03427e+06, 6.71111e+06, 0
8.20203e+06, 7.87297e+06, 0
6.51758e+06, 5.22775e+06, 0
6.49474e+06, 997457, 0
7.03967e+06, 3.296e+06, 0
7.11468e+06, 2.37806e+06, 0
7.30797e+06, 7.61901e+06, 0
5.97218e+06, 5.60395e+06, 0
7.8818e+06, 7.37835e+06, 0
1.03416e+07, 2.8951e+06, 0
7.17603e+06, 2.40499e+06, 0
6.09493e+06, 9.73777e+06, 0
1.00558e+07, 2.22988e+06, 0
1.06403e+07, 2.20663e+06, 0
6.06771e+06, 5.42995e+06, 0
7.19749e+06, 1.26942e+06, 0
6.77099e+06, 5.37839e+06, 0
6.24747e+06, 2.4931e+06, 0
9.82005e+06, 4.91453e+06, 0
8.43792e+06, 3.82288e+06, 0
9.75591e+06, 4.39115e+06, 0
1.293e+07, 3.62323e+06, 0
6.01467e+06, 2.66031e+06, 0
6.81647e+06, 6.83192e+06, 0
6.59957e+06, 7.07034e+06, 0
8.59716e+06, 4.44988e+06, 0
7.04338e+06, 8.03312e+06, 0
6.74386e+06, 5.14538e+06, 0
8.65761e+06, 4.77929e+06, 0
7.5768e+06, 1.03861e+07, 0
9.32485e+06, 4.25222e+06, 0
9.90204e+06, 2.40808e+06, 0
6.26161e+06, 4.96333e+06, 0
9.29731e+06, 2.16302e+06, 0
6.19721e+06, 3.51046e+06, 0
5.99647e+06, 4.73245e+06, 0
8.79495e+06, 4.50272e+06, 0
9.28895e+06, 1.03386e+07, 0
5.98168e+06, 6.92906e+06, 0
9.51324e+06, 8.52731e+06, 0
6.74434e+06, 7.12401e+06, 0
7.25812e+06, 1.70162e+06, 0
7.56782e+06, 1.02808e+07, 0
1.25963e+07, 3.8216e+06, 0
6.07997e+06, 441381, 0
6.29219e+06, 2.20551e+06, 0
7.72755e+06, 5.62877e+06, 0
8.32085e+06, 3.66163e+06, 0
7.23776e+06, 6.95005e+06, 0
7.01203e+06, 3.16029e+06, 0
8.13179e+06, 1.74914e+06, 0
7.07684e+06, 1.12312e+06, 0
8.84882e+06, 7.1287e+06, 0
6.96381e+06, 3.61077e+06, 0
1.08831e+07, 4.11157e+06, 0
6.8144e+06, 2.90238e+06, 0
9.06651e+06, 1.12418e+06, 0
7.62654e+06, 1.26388e+07, 0
7.11357e+06, 5.48799e+06, 0
1.07784e+07, 4.50402e+06, 0
9.88023e+06, 3.01391e+06, 0
6.13286e+06, 7.75022e+06, 0
7.48942e+06, 3.60724e+06, 0
6.78132e+06, 7.46977e+06, 0
7.09193e+06, 8.59143e+06, 0
9.70963e+06, 5.22519e+06, 0
9.21379e+06, 2.8038e+06, 0
8.32574e+06, 5.27229e+06, 0
7.28187e+06, 1.03677e+07, 0
7.8534e+06, 3.09476e+06, 0
6.54802e+06, 5.45232e+06, 0
7.18454e+06, 2.18844e+06, 0
7.59013e+06, 9.02632e+06, 0
6.87989e+06, 4.50413e+06, 0
8.77213e+06, 4.91929e+06, 0
5.9893e+06, 2.58829e+06, 0
8.14665e+06, 4.81342e+06, 0
6.60674e+06, 3.57615e+06, 0
6.82248e+06, 6.78851e+06, 0
9.30234e+06, 9.19315e+06, 0
7.92871e+06, 1.13523e+07, 0
6.24815e+06, 6.60279e+06, 0
7.69026e+06, 8.2365e+06, 0
7.50088e+06, 5.96392e+06, 0
6.20853e+06, 9.58131e+06, 0
7.02929e+06, 6.6228e+06, 0
6.08996e+06, 3.88807e+06, 0
1.22493e+07, 2.66174e+06, 0
6.67769e+06, 2.64892e+06, 0
6.71262e+06, 4.05663e+06, 0
6.98087e+06, 9.6053e+06, 0
6.04434e+06, 5.48912e+06, 0
6.79967e+06, 4.76048e+06, 0
8.66275e+06, 4.1433e+06, 0
9.12321e+06, 3.16756e+06, 0
5.9753e+06, 4.74788e+06, 0
6.46257e+06, 2.5481e+06, 0
9.82718e+06, 1.08499e+07, 0
7.17829e+06, 5.65882e+06, 0
6.18873e+06, 3.27953e+06, 0
6.94321e+06, 1.1439e+07, 0
1.07446e+07, 5.02792e+06, 0
7.85597e+06, 6.07997e+06, 0
7.15171e+06, 5.85397e+06, 0
8.34318e+06, 1.96529e+06, 0
7.32556e+06, 8.17309e+06, 0
1.00131e+07, 5.40795e+06, 0
6.52043e+06, 3.26942e+06, 0
8.57933e+06, 1.22574e+07, 0
6.65707e+06, 2.62568e+06, 0
6.98042e+06, 3.73415e+06, 0
6.76173e+06, 1.97696e+06, 0
9.73177e+06, 6.78628e+06, 0
6.92134e+06, 7.59126e+06, 0
9.85389e+06, 2.82832e+06, 0
6.9158e+06, 2.52611e+06, 0
1.3522e+07, 1.15467e+07, 0
8.43056e+06, 6.76498e+06, 0
9.02338e+06, 841094, 0
6.41973e+06, 1.43073e+06, 0
6.70343e+06, 6.49952e+06, 0
7.65408e+06, 4.28991e+06, 0
7.08719e+06, 6.64002e+06, 0
9.33822e+06, 3.95697e+06, 0
6.133e+06, 1.26867e+06, 0
8.55816e+06, 9.68234e+06, 0
9.35215e+06, 1.04689e+07, 0
9.2378e+06, 6.69163e+06, 0
6.63209e+06, 8.12316e+06, 0
6.43146e+06, 1.22175e+07, 0
6.70216e+06, 7.21759e+06, 0
6.86446e+06, 8.72915e+06, 0
7.91108e+06, 4.74735e+06, 0
8.15731e+06, 5.50512e+06, 0
7.97398e+06, 5.2867e+06, 0
1.33547e+07, 6.37228e+06, 0
6.21775e+06, 7.92531e+06, 0
6.1383e+06, 1.09611e+06, 0
9.27502e+06, 9.7156e+06, 0
7.02607e+06, 2.41813e+06, 0
7.29281e+06, 1.67174e+06, 0
6.23257e+06, 2.90709e+06, 0
8.81985e+06, 2.69183e+06, 0
8.22392e+06, 7.49328e+06, 0
1.09972e+07, 3.21078e+06, 0
6.52666e+06, 9.77088e+06, 0
6.82311e+06, 1.43596e+06, 0
7.75215e+06, 7.53729e+06, 0
6.64431e+06, 8.34956e+06, 0
6.32197e+06, 3.81768e+06, 0
8.07947e+06, 1.33263e+06, 0
9.95671e+06, 1.3695e+06, 0
9.03418e+06, 4.63742e+06, 0
6.03099e+06, 9.10684e+06, 0
8.99148e+06, 3.89222e+06, 0
1.12686e+07, 2.85205e+06, 0
7.01281e+06, 6.18564e+06, 0
6.24508e+06, 6.25969e+06, 0
6.57175e+06, 4.85541e+06, 0
6.53811e+06, 1.88293e+06, 0
7.05652e+06, 1.10372e+07, 0
6.04408e+06, 6.04744e+06, 0
1.15244e+07, 4.04386e+06, 0
8.49543e+06, 1.62099e+06, 0
7.49072e+06, 5.5099e+06, 0
8.27866e+06, 4.03886e+06, 0
6.27415e+06, 4.95894e+06, 0
6.71856e+06, 3.04303e+06, 0
6.54005e+06, 7.10354e+06, 0
6.54505e+06, 2.48436e+06, 0
7.66359e+06, 1.31509e+07, 0
9.7615e+06, 5.09366e+06, 0
9.99709e+06, 8.53819e+06, 0
9.58181e+06, 2.90975e+06, 0
7.46245e+06, 6.89888e+06, 0
9.65223e+06, 4.61624e+06, 0
7.66803e+06, 2.90298e+06, 0
6.16993e+06, 3.96343e+06, 0
8.46913e+06, 3.2403e+06, 0
8.30568e+06, 5.4135e+06, 0
1.08656e+07, 2.3972e+06, 0
8.5839e+06, 9.37453e+06, 0
1.07649e+07, 1.31971e+07, 0
7.63932e+06, 2.85716e+06, 0
6.87845e+06, 2.31545e+06, 0
6.1937e+06, 1.79936e+06, 0
7.59681e+06, 3.33468e+06, 0
7.84419e+06, 5.45974e+06, 0
7.19798e+06, 3.85838e+06, 0
7.24021e+06, 5.22081e+06, 0
6.36849e+06, 8.12739e+06, 0
9.28491e+06, 6.47807e+06, 0
1.00627e+07, 2.12765e+06, 0
1.10447e+07, 4.56076e+06, 0
8.25056e+06, 2.60281e+06, 0
6.89619e+06, 3.68287e+06, 0
9.66944e+06, 2.47134e+06, 0
9.47007e+06, 3.50218e+06, 0
7.77945e+06, 4.61809e+06, 0
8.59782e+06, 1.12087e+07, 0
1.02927e+07, 7.79287e+06, 0
6.80741e+06, 1.68202e+06, 0
7.625e+06, 5.83738e+06, 0
6.39629e+06, 1.67224e+06, 0
6.42555e+06, 7.83103e+06, 0
7.44271e+06, 6.09377e+06, 0
7.19184e+06, 1.50917e+06, 0
6.60408e+06, 5.594e+06, 0
9.79437e+06, 1.85243e+06, 0
7.03524e+06, 8.21449e+06, 0
6.77768e+06, 1.67102e+06, 0
8.65891e+06, 5.01569e+06, 0
6.81217e+06, 2.7548e+06, 0
8.96513e+06, 3.30159e+06, 0
8.39687e+06, 4.74626e+06, 0
1.04566e+07, 2.48606e+06, 0
6.08806e+06, 2.70103e+06, 0
6.61982e+06, 5.56832e+06, 0
6.4012e+06, 9.67053e+06, 0
6.63382e+06, 7.57958e+06, 0
7.44358e+06, 5.05985e+06, 0
6.64319e+06, 8.44263e+06, 0
6.68754e+06, 9.16989e+06, 0
6.5919e+06, 5.01362e+06, 0
6.64826e+06, 3.09896e+06, 0
7.15142e+06, 2.28819e+06, 0
1.20513e+07, 6.84661e+06, 0
8.50818e+06, 6.0442e+06, 0
7.23957e+06, 4.68899e+06, 0
8.37998e+06, 5.72099e+06, 0
7.47428e+06, 2.83509e+06, 0
9.18156e+06, 4.80963e+06, 0
7.7266e+06, 6.20057e+06, 0
7.50056e+06, 6.54551e+06, 0
7.27617e+06, 6.77211e+06, 0
7.21003e+06, 6.54343e+06, 0
7.11052e+06, 4.74541e+06, 0
9.75798e+06, 4.94936e+06, 0
6.1837e+06, 3.81048e+06, 0
6.07268e+06, 5.25134e+06, 0
1.08068e+07, 6.40334e+06, 0
7.30186e+06, 2.85705e+06, 0
7.88603e+06, 3.77579e+06, 0
7.93834e+06, 5.42098e+06, 0
1.07401e+07, 4.77035e+06, 0
6.46281e+06, 1.03937e+07, 0
8.03966e+06, 1.34967e+07, 0
6.62771e+06, 9.83972e+06, 0
7.80787e+06, 5.80564e+06, 0
9.20675e+06, 8.83225e+06, 0
9.61129e+06, 7.33651e+06, 0
7.49677e+06, 5.96444e+06, 0
6.93312e+06, 8.87376e+06, 0
6.52183e+06, 2.03093e+06, 0
7.69935e+06, 2.68495e+06, 0
7.70919e+06, 9.45401e+06, 0
6.33199e+06, 8.02357e+06, 0
6.33667e+06, 1.31804e+06, 0
7.85739e+06, 2.69368e+06, 0
6.01794e+06, 3.97285e+06, 0
1.03962e+07, 1.79991e+06, 0
7.88602e+06, 4.03747e+06, 0
8.5906e+06, 8.42404e+06, 0
6.28947e+06, 6.89352e+06, 0
7.16122e+06, 1.09622e+07, 0
6.47479e+06, 6.59978e+06, 0
6.82887e+06, 1.59442e+06, 0
8.54512e+06, 2.45766e+06, 0
7.65366e+06, 2.9904e+06, 0
1.27348e+07, 1.28143e+07, 0
8.28404e+06, 9.92245e+06, 0
9.39289e+06, 1.99037e+06, 0
8.00676e+06, 6.30624e+06, 0
7.31415e+06, 5.30916e+06, 0
9.81793e+06, 3.96927e+06, 0
9.30827e+06, 9.94889e+06, 0
7.71065e+06, 6.13179e+06, 0
8.35434e+06, 854954, 0
6.6e+06, 3.96214e+06, 0
7.52629e+06, 2.82753e+06, 0
6.34126e+06, 3.61659e+06, 0
1.06363e+07, 7.82643e+06, 0
7.66363e+06, 931805, 0
6.1128e+06, 6.25219e+06, 0
8.38418e+06, 9.16986e+06, 0
6.66292e+06, 1.42022e+07, 0
5.96422e+06, 1.03377e+07, 0
6.40699e+06, 4.30364e+06, 0
8.1738e+06, 6.83449e+06, 0
7.07331e+06, 8.37863e+06, 0
7.23166e+06, 4.97932e+06, 0
6.02886e+06, 1.99496e+06, 0
7.8074e+06, 4.6675e+06, 0
6.04745e+06, 1.05452e+07, 0
7.63321e+06, 7.09391e+06, 0
6.88918e+06, 4.86255e+06, 0
6.08369e+06, 1.19763e+06, 0
7.27343e+06, 2.63789e+06, 0
6.42114e+06, 3.44715e+06, 0
8.44911e+06, 6.15949e+06, 0
7.58437e+06, 6.84715e+06, 0
1.05872e+07, 4.51812e+06, 0
8.53576e+06, 6.23342e+06, 0
8.14786e+06, 7.09366e+06, 0
6.41388e+06, 4.49581e+06, 0
7.14397e+06, 3.37232e+06, 0
7.47336e+06, 6.6703e+06, 0
6.28863e+06, 3.90308e+06, 0
6.11768e+06, 5.51662e+06, 0
6.51206e+06, 1.08014e+07, 0
1.08308e+07, 3.8896e+06, 0
7.36897e+06, 863306, 0
1.08121e+07, 6.23513e+06, 0
6.67862e+06, 5.33664e+06, 0
8.20434e+06, 4.86628e+06, 0
5.99843e+06, 5.17851e+06, 0
6.77389e+06, 3.40964e+06, 0
7.72516e+06, 3.64295e+06, 0
1.15376e+07, 3.73426e+06, 0
6.53002e+06, 5.69008e+06, 0
6.39166e+06, 5.15816e+06, 0
7.99387e+06, 4.16294e+06, 0
1.11756e+07, 775888, 0
7.54634e+06, 7.18961e+06, 0
6.2499e+06, 6.3928e+06, 0
6.32897e+06, 6.55553e+06, 0
6.39604e+06, 4.47073e+06, 0
6.71887e+06, 4.86754e+06, 0
6.94771e+06, 3.48386e+06, 0
1.11135e+07, 6.32136e+06, 0
6.42292e+06, 4.99459e+06, 0
7.1494e+06, 2.41371e+06, 0
6.57322e+06, 1.12281e+07, 0
8.04624e+06, 4.99453e+06, 0
9.85089e+06, 2.96295e+06, 0
6.23531e+06, 665303, 0
6.83253e+06, 1.17203e+07, 0
6.51706e+06, 2.44045e+06, 0
9.36372e+06, 1.14265e+07, 0
6.59397e+06, 3.93042e+06, 0
8.79417e+06, 2.51099e+06, 0
7.45411e+06, 1.96612e+06, 0
6.88597e+06, 4.70579e+06, 0
7.15842e+06, 9.48677e+06, 0
6.0484e+06, 2.73221e+06, 0
7.67812e+06, 5.62237e+06, 0
7.54582e+06, 4.07722e+06, 0
6.24182e+06, 1.26999e+06, 0
8.14341e+06, 3.86516e+06, 0
6.35826e+06, 3.5643e+06, 0
7.46998e+06, 8.59205e+06, 0
9.82801e+06, 1.17474e+06, 0
6.34626e+06, 4.27155e+06, 0
7.01465e+06, 5.74602e+06, 0
8.02509e+06, 3.73584e+06, 0
9.81322e+06, 7.30677e+06, 0
6.19991e+06, 5.63803e+06, 0
6.55984e+06, 7.67065e+06, 0
7.38267e+06, 3.92611e+06, 0
6.40473e+06, 3.50405e+06, 0
7.32421e+06, 8.40861e+06, 0
7.87488e+06, 8.45034e+06, 0
6.34936e+06, 2.41224e+06, 0
6.46232e+06, 1.0084e+07, 0
9.98463e+06, 1.22663e+07, 0
7.85348e+06, 2.31402e+06, 0
6.54714e+06, 7.77472e+06, 0
7.03387e+06, 6.42341e+06, 0
6.20032e+06, 1.35585e+07, 0
8.41927e+06, 625058, 0
1.16693e+07, 6.92499e+06, 0
8.93637e+06, 4.26645e+06, 0
6.60754e+06, 5.25826e+06, 0
7.94797e+06, 6.02227e+06, 0
6.30955e+06, 3.11731e+06, 0
8.45662e+06, 4.89567e+06, 0
6.75508e+06, 6.89784e+06, 0
6.86063e+06, 4.3504e+06, 0
1.14295e+07, 2.91452e+06, 0
6.81413e+06, 2.30164e+06, 0
6.05831e+06, 8.66996e+06, 0
7.04965e+06, 4.5222e+06, 0
7.13809e+06, 1.22245e+07, 0
7.96329e+06, 4.71017e+06, 0
6.92333e+06, 4.33622e+06, 0
6.65958e+06, 6.87073e+06, 0
6.4339e+06, 7.31661e+06, 0
9.9358e+06, 1.79533e+06, 0
9.06751e+06, 5.09105e+06, 0
7.71167e+06, 1.38864e+06, 0
6.28116e+06, 7.53062e+06, 0
7.23062e+06, 8.88024e+06, 0
6.89487e+06, 4.9899e+06, 0
7.18919e+06, 4.7812e+06, 0
7.23461e+06, 4.86707e+06, 0
7.83424e+06, 4.1932e+06, 0
7.67258e+06, 4.89261e+06, 0
6.85218e+06, 1.97655e+06, 0
6.13951e+06, 6.41079e+06, 0
1.09252e+07, 3.20391e+06, 0
6.1208e+06, 5.12934e+06, 0
6.52294e+06, 7.27835e+06, 0
8.01312e+06, 4.6963e+06, 0
6.60742e+06, 8.55256e+06, 0
7.52509e+06, 8.40609e+06, 0
7.34986e+06, 4.57458e+06, 0
8.63942e+06, 5.63234e+06, 0
7.23209e+06, 7.61356e+06, 0
6.3581e+06, 3.88647e+06, 0
7.00922e+06, 4.05538e+06, 0
1.10932e+07, 7.57572e+06, 0
7.15531e+06, 4.03716e+06, 0
7.78607e+06, 5.21233e+06, 0
8.10468e+06, 4.75464e+06, 0
6.32641e+06, 4.5344e+06, 0
6.3238e+06, 5.39949e+06, 0
6.59536e+06, 3.36129e+06, 0
9.48393e+06, 6.46319e+06, 0
6.01312e+06, 2.69824e+06, 0
7.63905e+06, 6.00075e+06, 0
6.4506e+06, 2.35303e+06, 0
7.02339e+06, 9.25787e+06, 0
7.82239e+06, 3.40538e+06, 0
7.04055e+06, 7.48689e+06, 0
7.31062e+06, 4.38138e+06, 0
6.10944e+06, 3.94702e+06, 0
6.24887e+06, 4.9475e+06, 0
6.61033e+06, 5.96003e+06, 0
6.08086e+06, 1.36909e+06, 0
6.98961e+06, 8.39901e+06, 0
7.19407e+06, 4.1623e+06, 0
6.70752e+06, 3.96234e+06, 0
8.7114e+06, 1.05177e+07, 0
6.94969e+06, 8.8277e+06, 0
7.61044e+06, 6.86775e+06, 0
6.72462e+06, 5.0357e+06, 0
1.21155e+07, 8.51166e+06, 0
6.3897e+06, 4.72583e+06, 0
1.22258e+07, 5.6426e+06, 0
7.73534e+06, 5.47228e+06, 0
6.17211e+06, 3.2311e+06, 0
7.28776e+06, 6.61626e+06, 0
8.65587e+06, 5.82022e+06, 0
7.47495e+06, 7.562e+06, 0
1.19377e+07, 5.34177e+06, 0
6.44727e+06, 4.58729e+06, 0
7.48618e+06, 2.33058e+06, 0
6.91639e+06, 5.66335e+06, 0
1.30212e+07, 3.26847e+06, 0
6.50315e+06, 8.43431e+06, 0
6.15251e+06, 5.77132e+06, 0
1.07113e+07, 3.26012e+06, 0
8.2864e+06, 7.98549e+06, 0
7.67023e+06, 2.07e+06, 0
7.30792e+06, 3.28876e+06, 0
7.66027e+06, 9.2805e+06, 0
6.56125e+06, 1.01969e+06, 0
7.31171e+06, 9.98018e+06, 0
6.23066e+06, 2.26783e+06, 0
8.31422e+06, 5.65625e+06, 0
8.02969e+06, 8.37013e+06, 0
7.55807e+06, 8.29687e+06, 0
9.16988e+06, 2.30417e+06, 0
7.59221e+06, 629654, 0
6.21976e+06, 4.79194e+06, 0
6.18545e+06, 2.575e+06, 0
8.37144e+06, 5.28719e+06, 0
9.37091e+06, 4.88886e+06, 0
6.43827e+06, 1.23519e+07, 0
1.0358e+07, 3.02758e+06, 0
8.58407e+06, 8.11704e+06, 0
9.38456e+06, 6.09952e+06, 0
1.09246e+07, 1.55212e+06, 0
7.77088e+06, 1.73493e+06, 0
8.63335e+06, 3.25601e+06, 0
7.38122e+06, 3.12057e+06, 0
1.0511e+07, 2.50837e+06, 0
9.48624e+06, 6.57872e+06, 0
6.44955e+06, 8.50377e+06, 0
6.52746e+06, 1.64326e+06, 0
7.71585e+06, 6.74778e+06, 0
8.91866e+06, 8.9211e+06, 0
7.6548e+06, 8.06688e+06, 0
8.63216e+06, 5.01295e+06, 0
6.32241e+06, 2.18253e+06, 0
7.43729e+06, 3.77552e+06, 0
6.00116e+06, 1.18029e+06, 0
6.48225e+06, 3.87872e+06, 0
7.90397e+06, 5.51332e+06, 0
9.49444e+06, 1.19987e+07, 0
6.66487e+06, 363010, 0
6.04353e+06, 8.17915e+06, 0
8.76596e+06, 5.97384e+06, 0
1.30386e+07, 6.39048e+06, 0
7.76103e+06, 7.77802e+06, 0
6.06089e+06, 3.92171e+06, 0
7.93362e+06, 6.76708e+06, 0
6.78172e+06, 5.70622e+06, 0
7.13046e+06, 1.09738e+06, 0
9.79452e+06, 6.59938e+06, 0
6.65858e+06, 4.10707e+06, 0
1.20881e+07, 6.35685e+06, 0
8.6741e+06, 5.76603e+06, 0
7.87407e+06, 743838, 0
9.41976e+06, 923241, 0
8.8889e+06, 2.48153e+06, 0
6.5499e+06, 6.31431e+06, 0
6.05265e+06, 6.04826e+06, 0
6.14827e+06, 7.63066e+06, 0
6.55218e+06, 4.07359e+06, 0
1.12186e+07, 2.89035e+06, 0
7.7638e+06, 227937, 0
7.38224e+06, 8.94917e+06, 0
9.304e+06, 6.02621e+06, 0
6.04172e+06, 3.88956e+06, 0
6.27206e+06, 8.99858e+06, 0
6.60059e+06, 6.19755e+06, 0
8.31352e+06, 2.74413e+06, 0
7.04665e+06, 6.14889e+06, 0
6.47499e+06, 1.58821e+07, 0
6.63821e+06, 5.35312e+06, 0
6.38036e+06, 8.89548e+06, 0
9.08653e+06, 7.8347e+06, 0
7.62369e+06, 1.19758e+07, 0
8.06913e+06, 1.07072e+07, 0
1.01477e+07, 1.12702e+07, 0
8.0733e+06, 6.39432e+06, 0
1.00735e+07, 2.43528e+06, 0
7.46056e+06, 2.20808e+06, 0
8.90103e+06, 1.19168e+07, 0
1.16546e+07, 5.44624e+06, 0
6.07486e+06, 7.24378e+06, 0
9.57279e+06, 2.63534e+06, 0
8.79021e+06, 2.69695e+06, 0
1.11108e+07, 3.11216e+06, 0
8.80852e+06, 7.87939e+06, 0
6.38607e+06, 8.33163e+06, 0
8.16292e+06, 204321, 0
6.51582e+06, 9.31848e+06, 0
1.659e+07, 7.78659e+06, 0
6.75237e+06, 2.38521e+06, 0
8.56499e+06, 3.64446e+06, 0
6.34972e+06, 4.81495e+06, 0
6.45754e+06, 5.51306e+06, 0
6.56638e+06, 3.46994e+06, 0
8.35912e+06, 2.29271e+06, 0
7.19239e+06, 6.62749e+06, 0
6.58125e+06, 9.23397e+06, 0
9.07607e+06, 5.16101e+06, 0
7.85615e+06, 2.1823e+06, 0
1.16758e+07, 765733, 0
9.29819e+06, 1.09923e+07, 0
1.02617e+07, 4.04375e+06, 0
9.26472e+06, 4.56814e+06, 0
6.74738e+06, 2.60765e+06, 0
7.35888e+06, 1.15746e+07, 0
7.50445e+06, 5.59604e+06, 0
6.61065e+06, 5.89952e+06, 0
6.81322e+06, 7.23859e+06, 0
8.75606e+06, 6.17582e+06, 0
1.16335e+07, 7.36332e+06, 0
1.30303e+07, 1.38698e+07, 0
6.91563e+06, 7.948e+06, 0
8.72301e+06, 6.97093e+06, 0
9.05372e+06, 1.14635e+07, 0
7.3322e+06, 2.9579e+06, 0
6.20926e+06, 6.10305e+06, 0
6.39911e+06, 7.89367e+06, 0
6.36216e+06, 7.72416e+06, 0
6.85375e+06, 8.3212e+06, 0
9.26747e+06, 3.36694e+06, 0
6.04874e+06, 1.22225e+06, 0
6.9458e+06, 5.54547e+06, 0
8.55953e+06, 2.44891e+06, 0
9.91122e+06, 7.97444e+06, 0
6.45558e+06, 5.02228e+06, 0
8.86566e+06, 5.66355e+06, 0
7.0496e+06, 6.88095e+06, 0
5.98718e+06, 3.13489e+06, 0
7.19753e+06, 3.21779e+06, 0
7.63766e+06, 366733, 0
8.5309e+06, 2.57223e+06, 0
8.48703e+06, 4.55012e+06, 0
7.27336e+06, 2.61665e+06, 0
6.69798e+06, 1.58121e+06, 0
1.06666e+07, 5.50748e+06, 0
7.38066e+06, 4.67288e+06, 0
6.7688e+06, 5.0133e+06, 0
6.75968e+06, 5.7073e+06, 0
8.18808e+06, 2.46089e+06, 0
6.6984e+06, 2.03568e+06, 0
6.13286e+06, 4.01029e+06, 0
8.2229e+06, 7.43565e+06, 0
6.68495e+06, 1.68729e+07, 0
6.98253e+06, 7.08495e+06, 0
1.01473e+07, 3.83853e+06, 0
6.19766e+06, 3.39521e+06, 0
6.56204e+06, 1.27051e+07, 0
6.22961e+06, 8.71651e+06, 0
6.77593e+06, 5.92768e+06, 0
6.11716e+06, 5.47858e+06, 0
8.81055e+06, 8.8017e+06, 0
1.02998e+07, 2.12643e+06, 0
9.55785e+06, 4.95035e+06, 0
9.60553e+06, 2.49857e+06, 0
6.44732e+06, 3.94938e+06, 0
9.40095e+06, 1.19679e+07, 0
8.14042e+06, 4.70775e+06, 0
6.11122e+06, 4.31157e+06, 0
8.76283e+06, 890968, 0
7.77952e+06, 1.72765e+06, 0
6.70276e+06, 3.38201e+06, 0
6.13862e+06, 2.2254e+06, 0
6.76713e+06, 4.24042e+06, 0
7.59029e+06, 5.11886e+06, 0
8.65707e+06, 7.49876e+06, 0
5.99222e+06, 6.89826e+06, 0
8.67035e+06, 4.23278e+06, 0
6.83565e+06, 8.50812e+06, 0
1.15541e+07, 5.10459e+06, 0
9.18901e+06, 4.70784e+06, 0
1.08989e+07, 2.19085e+06, 0
6.97631e+06, 4.04841e+06, 0
6.21911e+06, 9.91277e+06, 0
8.16449e+06, 4.0201e+06, 0
8.61969e+06, 2.07391e+06, 0
6.687e+06, 5.62959e+06, 0
5.96512e+06, 9.59904e+06, 0
8.67564e+06, 8.06442e+06, 0
8.14449e+06, 6.34155e+06, 0
7.77913e+06, 3.19593e+06, 0
8.51638e+06, 4.08559e+06, 0
6.47109e+06, 6.55117e+06, 0
6.82859e+06, 4.87816e+06, 0
1.01076e+07, 6.84373e+06, 0
1.00034e+07, 3.02507e+06, 0
8.75684e+06, 6.87592e+06, 0
7.00115e+06, 7.79718e+06, 0
6.01641e+06, 1.15344e+06, 0
7.18857e+06, 7.13945e+06, 0
6.59058e+06, 8.7962e+06, 0
7.25148e+06, 6.31959e+06, 0
1.06483e+07, 5.95869e+06, 0
6.32227e+06, 6.05807e+06, 0
6.08158e+06, 6.13809e+06, 0
7.12265e+06, 1.52174e+07, 0
6.2643e+06, 2.02603e+06, 0
6.12443e+06, 6.55615e+06, 0
6.97999e+06, 6.00692e+06, 0
7.05324e+06, 2.92256e+06, 0
6.08848e+06, 6.74366e+06, 0
7.28162e+06, 6.48483e+06, 0
8.10289e+06, 3.56177e+06, 0
8.6421e+06, 4.94551e+06, 0
7.05545e+06, 4.83114e+06, 0
7.34338e+06, 8.15728e+06, 0
6.1138e+06, 4.41109e+06, 0
6.06585e+06, 452254, 0
7.18606e+06, 3.55043e+06, 0
7.18549e+06, 7.20411e+06, 0
6.3796e+06, 597287, 0
7.49062e+06, 1.443e+06, 0
7.46041e+06, 2.40791e+06, 0
9.50752e+06, 4.60074e+06, 0
6.40051e+06, 3.20203e+06, 0
8.10898e+06, 9.56002e+06, 0
1.05202e+07, 3.03627e+06, 0
9.98136e+06, 1.71917e+06, 0
6.69266e+06, 5.53786e+06, 0
8.7167e+06, 3.57275e+06, 0
6.82009e+06, 9.80762e+06, 0
1.35976e+07, 9.50206e+06, 0
6.11469e+06, 387883, 0
7.34248e+06, 2.67614e+06, 0
8.00181e+06, 6.80822e+06, 0
8.124e+06, 2.99768e+06, 0
1.05009e+07, 2.32122e+06, 0
7.59333e+06, 9.04028e+06, 0
8.72302e+06, 4.55876e+06, 0
9.16444e+06, 1.05525e+06, 0
8.60524e+06, 3.68828e+06, 0
1.21338e+07, 2.55705e+06, 0
7.09715e+06, 3.85075e+06, 0
7.14944e+06, 2.97388e+06, 0
6.099e+06, 1.48305e+07, 0
6.57214e+06, 5.75864e+06, 0
8.09982e+06, 5.76361e+06, 0
7.07329e+06, 3.40665e+06, 0
6.21502e+06, 2.65403e+06, 0
9.4918e+06, 4.93489e+06, 0
6.0884e+06, 8.3056e+06, 0
7.74224e+06, 1.05086e+07, 0
6.10979e+06, 2.66172e+06, 0
6.02314e+06, 1.21824e+06, 0
8.69269e+06, 2.77121e+06, 0
7.14877e+06, 1.28586e+06, 0
6.87462e+06, 3.65785e+06, 0
6.45171e+06, 3.23466e+06, 0
9.99079e+06, 4.56356e+06, 0
8.84187e+06, 2.88108e+06, 0
7.52081e+06, 1.49322e+06, 0
6.24723e+06, 7.07694e+06, 0
9.28643e+06, 1.09354e+07, 0
7.99691e+06, 7.92591e+06, 0
7.40058e+06, 3.55882e+06, 0
6.57646e+06, 3.19603e+06, 0
7.63316e+06, 4.32021e+06, 0
8.25616e+06, 8.7081e+06, 0
6.24942e+06, 7.37423e+06, 0
7.26389e+06, 2.74926e+06, 0
7.56126e+06, 4.93666e+06, 0
6.5168e+06, 4.51674e+06, 0
6.98553e+06, 379991, 0
8.38214e+06, 5.1862e+06, 0
1.00386e+07, 5.76184e+06, 0
8.08149e+06, 4.07294e+06, 0
7.2736e+06, 4.67345e+06, 0
9.57205e+06, 1.34323e+06, 0
7.97346e+06, 1.78042e+06, 0
9.11565e+06, 7.84699e+06, 0
7.73344e+06, 8.28709e+06, 0
7.35217e+06, 4.57118e+06, 0
6.64547e+06, 3.67615e+06, 0
9.16807e+06, 5.80836e+06, 0
1.02907e+07, 1.26277e+07, 0
8.44216e+06, 4.43796e+06, 0
1.16234e+07, 2.26181e+06, 0
6.95458e+06, 9.39455e+06, 0
1.17457e+07, 9.19397e+06, 0
6.81022e+06, 5.1931e+06, 0
1.20392e+07, 672951, 0
7.75529e+06, 1.35068e+06, 0
6.95119e+06, 2.40692e+06, 0
6.47937e+06, 4.82203e+06, 0
6.19331e+06, 5.23533e+06, 0
6.36209e+06, 6.02952e+06, 0
8.65711e+06, 877009, 0
6.17038e+06, 7.05168e+06, 0
9.40506e+06, 1.04694e+06, 0
6.99167e+06, 6.0975e+06, 0
8.69537e+06, 1.91011e+06, 0
6.337e+06, 4.47798e+06, 0
6.29555e+06, 9.13651e+06, 0
8.16464e+06, 4.93144e+06, 0
6.04475e+06, 2.22408e+06, 0
8.20571e+06, 7.32649e+06, 0
8.33581e+06, 7.78701e+06, 0
7.89339e+06, 3.21866e+06, 0
7.18813e+06, 2.82265e+06, 0
6.86255e+06, 7.49796e+06, 0
7.047e+06, 4.51509e+06, 0
7.04075e+06, 7.04648e+06, 0
8.09163e+06, 3.1114e+06, 0
6.40883e+06, 1.39693e+06, 0
7.75735e+06, 1.00538e+07, 0
8.07624e+06, 5.33735e+06, 0
6.71915e+06, 2.93595e+06, 0
1.39943e+07, 4.12956e+06, 0
8.71172e+06, 7.41285e+06, 0
8.4366e+06, 7.23894e+06, 0
8.12621e+06, 5.84517e+06, 0
7.24097e+06, 2.83817e+06, 0
1.04102e+07, 767905, 0
8.53377e+06, 1.93352e+06, 0
7.6406e+06, 1.01103e+07, 0
6.99842e+06, 779623, 0
6.7605e+06, 1.87448e+06, 0
1.12879e+07, 3.14182e+06, 0
1.00163e+07, 7.4814e+06, 0
1.03027e+07, 6.79062e+06, 0
1.10092e+07, 1.14431e+06, 0
7.91254e+06, 5.49518e+06, 0
7.29945e+06, 7.98956e+06, 0
6.02912e+06, 4.43723e+06, 0
6.6859e+06, 5.56905e+06, 0
8.65998e+06, 714076, 0
8.16379e+06, 6.15037e+06, 0
6.62906e+06, 4.26292e+06, 0
6.28274e+06, 1.60731e+06, 0
6.44036e+06, 6.27712e+06, 0
9.7997e+06, 3.20671e+06, 0
7.61963e+06, 3.89795e+06, 0
9.671e+06, 2.89355e+06, 0
1.18239e+07, 3.66219e+06, 0
8.50228e+06, 1.24581e+07, 0
7.48322e+06, 4.83526e+06, 0
6.57216e+06, 2.98372e+06, 0
6.75183e+06, 5.96102e+06, 0
6.70533e+06, 3.73688e+06, 0
6.64258e+06, 5.17216e+06, 0
6.14563e+06, 2.78691e+06, 0
8.92331e+06, 5.14833e+06, 0
8.22821e+06, 4.44394e+06, 0
6.9991e+06, 1.02955e+06, 0
6.7595e+06, 6.04546e+06, 0
7.99502e+06, 2.96837e+06, 0
6.84257e+06, 5.60135e+06, 0
6.11248e+06, 1.418e+06, 0
6.32904e+06, 4.75301e+06, 0
6.53824e+06, 6.95094e+06, 0
6.13556e+06, 6.46415e+06, 0
8.22874e+06, 4.6353e+06, 0
1.07196e+07, 6.83036e+06, 0
7.65422e+06, 8.30875e+06, 0
6.284e+06, 4.81299e+06, 0
1.32433e+07, 7.01621e+06, 0
8.12539e+06, 4.71452e+06, 0
7.76558e+06, 4.74098e+06, 0
7.69879e+06, 4.9628e+06, 0
6.20668e+06, 6.01518e+06, 0
6.08537e+06, 5.89856e+06, 0
6.4103e+06, 6.92e+06, 0
7.78164e+06, 2.5808e+06, 0
7.21537e+06, 6.09052e+06, 0
8.67293e+06, 4.87561e+06, 0
6.24441e+06, 8.4368e+06, 0
7.08781e+06, 4.44898e+06, 0
7.52888e+06, 3.91698e+06, 0
1.09366e+07, 5.43951e+06, 0
7.5529e+06, 2.49525e+06, 0
9.36572e+06, 1.9343e+06, 0
6.09418e+06, 1.01876e+07, 0
7.03795e+06, 5.7598e+06, 0
6.37415e+06, 3.72754e+06, 0
6.04236e+06, 7.7351e+06, 0
6.13878e+06, 4.38528e+06, 0
6.13956e+06, 3.87263e+06, 0
8.74469e+06, 5.99121e+06, 0
9.19856e+06, 5.62092e+06, 0
9.16126e+06, 7.10375e+06, 0
6.98128e+06, 7.7791e+06, 0
7.06933e+06, 4.7598e+06, 0
7.10017e+06, 9.91185e+06, 0
6.52339e+06, 8.5945e+06, 0
8.13997e+06, 7.23076e+06, 0
6.80707e+06, 1.44074e+06, 0
1.02692e+07, 4.33747e+06, 0
7.18564e+06, 5.36404e+06, 0
9.22067e+06, 4.25995e+06, 0
7.62608e+06, 9.02745e+06, 0
6.63305e+06, 5.65974e+06, 0
6.17198e+06, 5.66282e+06, 0
8.1902e+06, 9.24724e+06, 0
8.84173e+06, 5.89687e+06, 0
9.41638e+06, 2.4387e+06, 0
7.32063e+06, 6.21409e+06, 0
9.20484e+06, 6.08457e+06, 0
7.06556e+06, 1.29818e+06, 0
9.88008e+06, 3.43416e+06, 0
9.74609e+06, 9.1983e+06, 0
7.35928e+06, 2.08966e+06, 0
8.44992e+06, 1.62465e+06, 0
6.25647e+06, 1.65104e+06, 0
6.6471e+06, 2.37818e+06, 0
6.43335e+06, 1.44776e+06, 0
1.02271e+07, 2.90598e+06, 0
6.75035e+06, 4.12475e+06, 0
8.54681e+06, 6.4776e+06, 0
8.09996e+06, 3.16527e+06, 0
8.80494e+06, 2.72802e+06, 0
7.45032e+06, 2.05693e+06, 0
6.60236e+06, 3.31153e+06, 0
6.16723e+06, 988347, 0
6.10811e+06, 4.57908e+06, 0
8.24477e+06, 4.52353e+06, 0
8.69553e+06, 4.71549e+06, 0
6.37009e+06, 7.50049e+06, 0
8.57034e+06, 4.48241e+06, 0
8.53474e+06, 4.02375e+06, 0
9.06056e+06, 7.04123e+06, 0
6.35431e+06, 9.91033e+06, 0
6.96184e+06, 2.89754e+06, 0
7.71468e+06, 9.31666e+06, 0
6.35628e+06, 5.50545e+06, 0
6.00419e+06, 4.18073e+06, 0
7.30544e+06, 3.78738e+06, 0
7.0813e+06, 6.28555e+06, 0
6.46618e+06, 4.00244e+06, 0
6.03098e+06, 2.87886e+06, 0
7.12172e+06, 2.79934e+06, 0
6.44846e+06, 2.97279e+06, 0
1.22806e+07, 3.16848e+06, 0
6.69358e+06, 2.19169e+06, 0
6.59449e+06, 2.59978e+06, 0
1.74003e+07, 4.35355e+06, 0
6.07343e+06, 5.46229e+06, 0
1.08733e+07, 5.9424e+06, 0
6.56594e+06, 6.88063e+06, 0
6.01713e+06, 6.02315e+06, 0
7.44407e+06, 3.221e+06, 0
8.70449e+06, 718832, 0
6.62692e+06, 5.84659e+06, 0
7.84828e+06, 3.81317e+06, 0
6.54766e+06, 6.87325e+06, 0
7.21704e+06, 3.45306e+06, 0
9.33851e+06, 3.54278e+06, 0
7.48909e+06, 7.3408e+06, 0
6.65865e+06, 4.05158e+06, 0
6.48303e+06, 3.32896e+06, 0
6.75192e+06, 5.98979e+06, 0
7.44127e+06, 2.5847e+06, 0
6.85422e+06, 8.48593e+06, 0
6.28226e+06, 1.2514e+06, 0
7.15264e+06, 5.25182e+06, 0
8.19754e+06, 3.0596e+06, 0
1.10192e+07, 3.27426e+06, 0
8.37203e+06, 7.23152e+06, 0
6.00454e+06, 5.76564e+06, 0
6.00923e+06, 5.25185e+06, 0
9.08816e+06, 6.94707e+06, 0
8.73086e+06, 696439, 0
7.67879e+06, 4.48037e+06, 0
6.25981e+06, 6.41348e+06, 0
6.47769e+06, 3.03492e+06, 0
6.19316e+06, 5.39554e+06, 0
9.79969e+06, 1.46207e+06, 0
8.11099e+06, 6.77685e+06, 0
6.47369e+06, 6.21128e+06, 0
7.38188e+06, 6.07256e+06, 0
6.65701e+06, 4.93726e+06, 0
9.71073e+06, 4.32432e+06, 0
6.95348e+06, 6.49102e+06, 0
6.49407e+06, 1.02867e+07, 0
7.22271e+06, 6.43495e+06, 0
8.54583e+06, 7.2867e+06, 0
6.4874e+06, 5.81533e+06, 0
6.12188e+06, 8.26789e+06, 0
6.4476e+06, 1.0027e+07, 0
7.08303e+06, 3.00226e+06, 0
6.01851e+06, 5.62572e+06, 0
6.16921e+06, 4.72354e+06, 0
9.46457e+06, 4.56925e+06, 0
6.71227e+06, 1.94482e+06, 0
6.87813e+06, 1.16997e+06, 0
6.93552e+06, 6.24993e+06, 0
7.56773e+06, 9.42131e+06, 0
8.60552e+06, 5.65618e+06, 0
6.44134e+06, 1.87369e+06, 0
8.09344e+06, 1.04839e+07, 0
6.89359e+06, 7.72756e+06, 0
7.3306e+06, 5.45664e+06, 0
7.05968e+06, 2.04681e+06, 0
6.46065e+06, 5.12469e+06, 0
6.11849e+06, 6.10115e+06, 0
6.49594e+06, 4.62833e+06, 0
7.59036e+06, 1.66492e+06, 0
7.0998e+06, 2.01998e+06, 0
6.81721e+06, 3.76496e+06, 0
9.70146e+06, 1.17156e+07, 0
6.11853e+06, 5.24146e+06, 0
6.54364e+06, 6.54677e+06, 0
7.31495e+06, 2.9951e+06, 0
7.59645e+06, 6.30773e+06, 0
6.45743e+06, 5.72816e+06, 0
9.37609e+06, 3.1551e+06, 0
7.61194e+06, 4.77538e+06, 0
8.8116e+06, 5.67194e+06, 0
8.00436e+06, 4.85937e+06, 0
9.49126e+06, 7.21401e+06, 0
9.47315e+06, 5.55524e+06, 0
9.8789e+06, 1.0691e+06, 0
8.20001e+06, 8.5019e+06, 0
6.03486e+06, 9.17486e+06, 0
6.40395e+06, 2.71807e+06, 0
1.03652e+07, 2.50632e+06, 0
6.04149e+06, 1.22807e+07, 0
7.7627e+06, 5.43533e+06, 0
7.3564e+06, 1.44732e+07, 0
6.46853e+06, 3.59921e+06, 0
6.02065e+06, 7.52072e+06, 0
6.814e+06, 2.16641e+06, 0
7.03414e+06, 2.09383e+06, 0
6.43087e+06, 4.88392e+06, 0
6.39513e+06, 5.10364e+06, 0
9.00794e+06, 7.38332e+06, 0
6.01325e+06, 6.98089e+06, 0
6.55407e+06, 1.35577e+06, 0
7.01012e+06, 8.68626e+06, 0
7.27451e+06, 4.39278e+06, 0
6.98851e+06, 3.42581e+06, 0
7.38629e+06, 9.69199e+06, 0
6.38408e+06, 8.55991e+06, 0
6.1931e+06, 3.90441e+06, 0
1.3648e+07, 4.13813e+06, 0
6.9924e+06, 1.78843e+06, 0
7.36765e+06, 6.06579e+06, 0
7.93234e+06, 4.58067e+06, 0
9.94712e+06, 5.21828e+06, 0
7.57719e+06, 840455, 0
8.25109e+06, 8.15523e+06, 0
8.09518e+06, 9.90482e+06, 0
9.62899e+06, 601549, 0
7.47956e+06, 9.32673e+06, 0
9.25538e+06, 6.53048e+06, 0
9.91466e+06, 7.38897e+06, 0
9.85058e+06, 8.24678e+06, 0
1.01041e+07, 835640, 0
9.5807e+06, 3.07803e+06, 0
8.03213e+06, 4.8819e+06, 0
7.60405e+06, 3.00993e+06, 0
7.76457e+06, 3.83137e+06, 0
6.49311e+06, 4.773e+06, 0
8.01416e+06, 4.4097e+06, 0
7.07237e+06, 2.59948e+06, 0
7.48624e+06, 9.17117e+06, 0
6.63485e+06, 8.88263e+06, 0
8.35451e+06, 6.23017e+06, 0
6.72977e+06, 3.49025e+06, 0
9.61075e+06, 5.89901e+06, 0
1.06084e+07, 1.25597e+07, 0
6.14798e+06, 9.33224e+06, 0
7.18117e+06, 5.00674e+06, 0
8.27369e+06, 3.40376e+06, 0
1.08486e+07, 3.88384e+06, 0
9.75472e+06, 8.56011e+06, 0
6.48264e+06, 8.22288e+06, 0
7.76787e+06, 9.5086e+06, 0
9.40386e+06, 1.15361e+07, 0
6.11866e+06, 4.52636e+06, 0
6.89609e+06, 4.73573e+06, 0
9.31098e+06, 7.08403e+06, 0
6.87498e+06, 7.8528e+06, 0
6.68456e+06, 2.18239e+06, 0
9.97513e+06, 3.36351e+06, 0
7.26068e+06, 1.10377e+07, 0
7.20649e+06, 3.60185e+06, 0
7.09077e+06, 6.43346e+06, 0
6.66062e+06, 3.53514e+06, 0
6.54415e+06, 5.97392e+06, 0
6.70478e+06, 3.45357e+06, 0
9.35981e+06, 4.96952e+06, 0
6.92494e+06, 3.93294e+06, 0
7.01017e+06, 3.49892e+06, 0
7.21744e+06, 5.41142e+06, 0
7.15755e+06, 2.02361e+06, 0
8.35971e+06, 5.54917e+06, 0
6.40335e+06, 7.4091e+06, 0
8.77215e+06, 2.39193e+06, 0
7.02593e+06, 5.14263e+06, 0
7.63248e+06, 2.12374e+06, 0
5.99342e+06, 4.21949e+06, 0
8.66742e+06, 5.83754e+06, 0
6.57062e+06, 3.98879e+06, 0
6.95606e+06, 8.08684e+06, 0
8.11904e+06, 4.02562e+06, 0
7.62519e+06, 1.13158e+07, 0
9.4274e+06, 1.06872e+07, 0
7.94237e+06, 4.71595e+06, 0
9.68356e+06, 8.57623e+06, 0
6.80951e+06, 7.85315e+06, 0
6.0901e+06, 621574, 0
8.3451e+06, 4.4941e+06, 0
9.31943e+06, 5.16899e+06, 0
7.22283e+06, 591075, 0
7.19381e+06, 4.00599e+06, 0
7.98291e+06, 3.77825e+06, 0
1.00481e+07, 3.96005e+06, 0
1.01197e+07, 1.29779e+07, 0
1.19605e+07, 2.72242e+06, 0
1.01972e+07, 8.00548e+06, 0
6.17018e+06, 1.22763e+07, 0
5.96601e+06, 8.78832e+06, 0
7.62851e+06, 3.96063e+06, 0
7.07564e+06, 5.52995e+06, 0
6.77061e+06, 9.92985e+06, 0
6.82172e+06, 3.90381e+06, 0
6.83621e+06, 6.6681e+06, 0
8.98178e+06, 1.85001e+06, 0
6.36814e+06, 3.17546e+06, 0
7.8695e+06, 2.1161e+06, 0
8.78286e+06, 2.32577e+06, 0
8.29359e+06, 2.34112e+06, 0
7.92073e+06, 4.98034e+06, 0
6.12926e+06, 8.76496e+06, 0
8.00447e+06, 1.85367e+06, 0
1.34314e+07, 6.05054e+06, 0
6.79905e+06, 9.63575e+06, 0
9.69658e+06, 4.47629e+06, 0
7.3317e+06, 6.63208e+06, 0
1.06946e+07, 1.40793e+06, 0
7.37378e+06, 2.99118e+06, 0
7.80044e+06, 2.6649e+06, 0
9.86449e+06, 3.93103e+06, 0
1.00769e+07, 3.44921e+06, 0
6.04567e+06, 3.14989e+06, 0
7.85539e+06, 6.06058e+06, 0
7.49102e+06, 6.25141e+06, 0
8.36272e+06, 6.98334e+06, 0
1.04518e+07, 8.50878e+06, 0
5.9813e+06, 5.15198e+06, 0
6.25483e+06, 9.03113e+06, 0
6.13271e+06, 4.29321e+06, 0
6.93753e+06, 2.14473e+06, 0
6.90965e+06, 6.76389e+06, 0
6.52563e+06, 7.87804e+06, 0
7.68336e+06, 7.14763e+06, 0
6.609e+06, 1.1723e+06, 0
1.20251e+07, 933463, 0
7.27139e+06, 9.88957e+06, 0
6.34673e+06, 3.43279e+06, 0
6.47596e+06, 1.03543e+07, 0
8.59e+06, 7.30283e+06, 0
1.43773e+07, 5.97085e+06, 0
7.15685e+06, 1.06817e+06, 0
6.07544e+06, 3.96425e+06, 0
7.94455e+06, 5.30576e+06, 0
1.16401e+07, 8.01118e+06, 0
1.02914e+07, 1.43296e+07, 0
6.20071e+06, 3.36062e+06, 0
7.75031e+06, 8.90803e+06, 0
7.70196e+06, 1.47467e+06, 0
7.71614e+06, 5.92705e+06, 0
5.98489e+06, 1.21043e+06, 0
6.39618e+06, 9.60574e+06, 0
1.46972e+07, 6.84926e+06, 0
7.83163e+06, 3.51294e+06, 0
1.2258e+07, 4.91129e+06, 0
6.96588e+06, 7.39433e+06, 0
6.75578e+06, 5.82834e+06, 0
6.19542e+06, 8.14795e+06, 0
1.39107e+07, 1.0556e+07, 0
7.05479e+06, 7.69483e+06, 0
9.17606e+06, 4.49604e+06, 0
7.98155e+06, 3.8589e+06, 0
1.10689e+07, 9.43397e+06, 0
1.01837e+07, 2.80746e+06, 0
6.53657e+06, 3.64088e+06, 0
7.23223e+06, 6.61011e+06, 0
6.59465e+06, 1.10338e+06, 0
6.46341e+06, 1.67993e+06, 0
8.04612e+06, 3.07627e+06, 0
6.32737e+06, 6.19468e+06, 0
6.55241e+06, 1.24486e+06, 0
7.1636e+06, 4.9168e+06, 0
8.55824e+06, 8.20379e+06, 0
8.68641e+06, 3.94095e+06, 0
7.16352e+06, 7.46542e+06, 0
9.94937e+06, 5.0361e+06, 0
1.14529e+07, 7.82918e+06, 0
7.11088e+06, 2.2396e+06, 0
9.70108e+06, 7.16595e+06, 0
6.447e+06, 4.72801e+06, 0
1.14371e+07, 5.10947e+06, 0
7.70317e+06, 4.1724e+06, 0
6.54088e+06, 8.23397e+06, 0
6.46675e+06, 2.20816e+06, 0
9.09104e+06, 6.78226e+06, 0
7.60098e+06, 2.04704e+06, 0
6.89527e+06, 3.4631e+06, 0
6.98187e+06, 1.02455e+07, 0
1.40182e+07, 5.64559e+06, 0
1.03972e+07, 1.37612e+06, 0
7.50434e+06, 7.09648e+06, 0
6.83036e+06, 672403, 0
7.95204e+06, 4.70914e+06, 0
7.084e+06, 4.39226e+06, 0
6.31305e+06, 4.16519e+06, 0
7.20446e+06, 3.62225e+06, 0
1.10622e+07, 2.93311e+06, 0
6.1387e+06, 4.94359e+06, 0
8.95867e+06, 3.35016e+06, 0
1.16651e+07, 7.97775e+06, 0
6.09893e+06, 5.00198e+06, 0
6.84318e+06, 3.2064e+06, 0
6.54865e+06, 7.20487e+06, 0
7.87709e+06, 5.92813e+06, 0
7.32107e+06, 9.05977e+06, 0
7.05688e+06, 1.88415e+06, 0
6.08996e+06, 5.23132e+06, 0
6.19282e+06, 5.77926e+06, 0
8.61503e+06, 7.45552e+06, 0
7.2085e+06, 1.85845e+06, 0
6.26712e+06, 1.12741e+07, 0
7.16578e+06, 6.17046e+06, 0
7.29026e+06, 2.88181e+06, 0
1.27995e+07, 3.9745e+06, 0
9.50497e+06, 5.29349e+06, 0
8.36472e+06, 8.25696e+06, 0
7.23519e+06, 1.85035e+06, 0
7.69945e+06, 7.38003e+06, 0
6.33537e+06, 4.85457e+06, 0
8.63214e+06, 5.57743e+06, 0
6.22492e+06, 6.50835e+06, 0
7.29125e+06, 6.65262e+06, 0
7.60788e+06, 6.94285e+06, 0
7.12531e+06, 5.10476e+06, 0
1.04522e+07, 8.96393e+06, 0
6.54309e+06, 5.55065e+06, 0
6.42994e+06, 2.03085e+06, 0
9.94843e+06, 4.91767e+06, 0
6.57197e+06, 4.16155e+06, 0
8.59004e+06, 1.00888e+07, 0
7.56055e+06, 241173, 0
8.90817e+06, 2.12691e+06, 0
7.19222e+06, 3.98071e+06, 0
1.15038e+07, 1.76034e+06, 0
1.07938e+07, 6.41485e+06, 0
6.19385e+06, 1.58832e+06, 0
8.50514e+06, 4.8887e+06, 0
9.19376e+06, 7.83562e+06, 0
7.88257e+06, 8.07897e+06, 0
7.80584e+06, 2.47554e+06, 0
1.13881e+07, 4.15665e+06, 0
1.0127e+07, 5.78386e+06, 0
9.8661e+06, 9.21781e+06, 0
6.01944e+06, 6.60404e+06, 0
9.41906e+06, 7.79016e+06, 0
7.4675e+06, 3.74428e+06, 0
9.7216e+06, 4.79243e+06, 0
7.68557e+06, 1.09447e+07, 0
9.65194e+06, 6.71684e+06, 0
9.54796e+06, 2.30116e+06, 0
6.9146e+06, 7.50388e+06, 0
6.11212e+06, 9.81973e+06, 0
7.62564e+06, 1.67795e+06, 0
7.47136e+06, 1.24154e+06, 0
9.89395e+06, 9.97253e+06, 0
8.92963e+06, 2.84353e+06, 0
9.3946e+06, 8.55781e+06, 0
1.09501e+07, 3.69846e+06, 0
1.26963e+07, 4.80704e+06, 0
5.96703e+06, 6.59955e+06, 0
7.04177e+06, 6.34982e+06, 0
7.00509e+06, 1.01982e+07, 0
6.12621e+06, 8.04679e+06, 0
6.38424e+06, 6.64183e+06, 0
6.14457e+06, 9.8389e+06, 0
8.75344e+06, 5.51814e+06, 0
9.5315e+06, 1.27987e+06, 0
7.20944e+06, 4.15609e+06, 0
7.42206e+06, 1.65085e+06, 0
7.36913e+06, 1.11504e+07, 0
6.64801e+06, 952691, 0
8.00604e+06, 2.26313e+06, 0
7.23195e+06, 1.95467e+06, 0
1.13387e+07, 9.61652e+06, 0
6.41783e+06, 5.60508e+06, 0
1.05765e+07, 4.50636e+06, 0
8.06099e+06, 4.37109e+06, 0
6.6433e+06, 2.93041e+06, 0
1.04162e+07, 1.18606e+07, 0
6.08942e+06, 5.25376e+06, 0
6.2604e+06, 2.91462e+06, 0
6.44607e+06, 2.90081e+06, 0
6.06608e+06, 5.65141e+06, 0
7.52364e+06, 4.31381e+06, 0
8.24023e+06, 5.43425e+06, 0
7.4096e+06, 1.10982e+07, 0
6.87922e+06, 3.61416e+06, 0
1.06339e+07, 7.63816e+06, 0
6.99721e+06, 2.44602e+06, 0
7.67434e+06, 1.00044e+07, 0
6.73861e+06, 3.04674e+06, 0
1.10555e+07, 2.02812e+06, 0
7.0056e+06, 3.49355e+06, 0
6.90733e+06, 816983, 0
8.68796e+06, 3.56101e+06, 0
7.07016e+06, 4.17418e+06, 0
6.50986e+06, 2.29253e+06, 0
6.83334e+06, 2.02005e+06, 0
9.33636e+06, 2.57743e+06, 0
7.34267e+06, 2.88631e+06, 0
6.12421e+06, 2.69404e+06, 0
6.70473e+06, 3.72718e+06, 0
8.64323e+06, 4.24735e+06, 0
1.01418e+07, 5.61814e+06, 0
1.16126e+07, 9.8991e+06, 0
5.98256e+06, 2.54409e+06, 0
6.43699e+06, 2.39555e+06, 0
7.31777e+06, 2.41418e+06, 0
6.81127e+06, 6.24209e+06, 0
8.09434e+06, 6.35363e+06, 0
6.23473e+06, 5.02756e+06, 0
6.10173e+06, 4.44596e+06, 0
6.71806e+06, 4.02638e+06, 0
8.69397e+06, 2.13668e+06, 0
6.79094e+06, 6.49079e+06, 0
6.30935e+06, 9.58601e+06, 0
8.07127e+06, 6.84715e+06, 0
7.56343e+06, 5.35308e+06, 0
9.47943e+06, 2.91484e+06, 0
1.02934e+07, 4.04264e+06, 0
6.50184e+06, 6.10543e+06, 0
7.16967e+06, 7.69628e+06, 0
9.80166e+06, 1.34515e+06, 0
8.10498e+06, 4.26437e+06, 0
6.42792e+06, 5.89386e+06, 0
6.71059e+06, 5.46538e+06, 0
6.03191e+06, 1.02927e+07, 0
8.0028e+06, 3.03562e+06, 0
7.16844e+06, 7.72049e+06, 0
7.1419e+06, 5.65976e+06, 0
7.0129e+06, 3.8527e+06, 0
6.20029e+06, 9.15373e+06, 0
8.43706e+06, 1.20208e+06, 0
8.30818e+06, 4.39105e+06, 0
7.89459e+06, 8.66331e+06, 0
7.19823e+06, 2.58671e+06, 0
8.08313e+06, 9.53101e+06, 0
6.06505e+06, 3.14174e+06, 0
7.45365e+06, 7.12688e+06, 0
6.93445e+06, 4.6151e+06, 0
8.67996e+06, 5.86402e+06, 0
9.25033e+06, 5.90192e+06, 0
6.65707e+06, 4.29185e+06, 0
6.48067e+06, 5.58549e+06, 0
8.55788e+06, 2.58578e+06, 0
9.84792e+06, 6.87885e+06, 0
1.11357e+07, 40213.1, 0
8.02648e+06, 7.05705e+06, 0
6.00523e+06, 6.46774e+06, 0
8.57282e+06, 3.62123e+06, 0
9.22923e+06, 3.63319e+06, 0
8.65267e+06, 3.42203e+06, 0
9.23533e+06, 3.61356e+06, 0
1.077e+07, 4.64982e+06, 0
7.77585e+06, 6.2995e+06, 0
6.70297e+06, 5.22422e+06, 0
7.02448e+06, 9.15579e+06, 0
6.65141e+06, 4.84141e+06, 0
9.52074e+06, 1.38726e+06, 0
6.57781e+06, 4.41457e+06, 0
6.00407e+06, 2.61509e+06, 0
6.56772e+06, 4.03964e+06, 0
6.56393e+06, 2.75589e+06, 0
6.10353e+06, 2.91878e+06, 0
6.32932e+06, 5.881e+06, 0
9.37806e+06, 2.16466e+06, 0
6.19996e+06, 2.42313e+06, 0
8.37015e+06, 8.00191e+06, 0
9.04658e+06, 6.5909e+06, 0
7.69984e+06, 1.22185e+07, 0
6.19329e+06, 3.37389e+06, 0
1.1422e+07, 9.90133e+06, 0
6.35893e+06, 9.53347e+06, 0
9.67764e+06, 9.53839e+06, 0
5.99504e+06, 8.47242e+06, 0
7.54457e+06, 6.68617e+06, 0
9.03489e+06, 6.58824e+06, 0
8.75055e+06, 4.0372e+06, 0
8.75577e+06, 9.60768e+06, 0
6.52921e+06, 7.8164e+06, 0
6.30156e+06, 1.40231e+06, 0
8.63554e+06, 1.42332e+06, 0
7.16607e+06, 1.20621e+07, 0
1.0527e+07, 5.30568e+06, 0
9.02621e+06, 2.23043e+06, 0
9.88023e+06, 2.95765e+06, 0
7.74501e+06, 649245, 0
7.35002e+06, 1.58151e+06, 0
8.46674e+06, 9.0579e+06, 0
8.39945e+06, 2.1083e+06, 0
6.28304e+06, 1.15365e+06, 0
6.42011e+06, 7.06081e+06, 0
8.04228e+06, 6.79641e+06, 0
6.38589e+06, 3.40873e+06, 0
7.75065e+06, 1.03963e+07, 0
8.74594e+06, 1.18465e+06, 0
6.35427e+06, 2.16882e+06, 0
9.24447e+06, 7.79003e+06, 0
8.15392e+06, 8.1922e+06, 0
8.21439e+06, 6.11309e+06, 0
7.21861e+06, 9.32194e+06, 0
6.95687e+06, 5.54066e+06, 0
8.51068e+06, 4.54474e+06, 0
1.12187e+07, 5.08453e+06, 0
1.16339e+07, 6.66493e+06, 0
7.39716e+06, 5.43672e+06, 0
6.58334e+06, 4.16722e+06, 0
7.70605e+06, 8.962e+06, 0
6.58542e+06, 3.29033e+06, 0
6.11902e+06, 4.28887e+06, 0
6.00596e+06, 3.26297e+06, 0
6.51881e+06, 3.39191e+06, 0
8.4485e+06, 1.03093e+07, 0
9.37203e+06, 5.26856e+06, 0
6.88291e+06, 7.19921e+06, 0
6.3256e+06, 4.45435e+06, 0
8.23827e+06, 7.3834e+06, 0
6.16356e+06, 3.5294e+06, 0
8.00572e+06, 4.80359e+06, 0
8.57102e+06, 5.19992e+06, 0
6.91265e+06, 1.0716e+07, 0
6.59174e+06, 9.45039e+06, 0
9.33795e+06, 2.42234e+06, 0
8.84916e+06, 5.08846e+06, 0
7.43539e+06, 2.99038e+06, 0
6.01474e+06, 4.84482e+06, 0
7.65919e+06, 2.19335e+06, 0
7.05039e+06, 7.26587e+06, 0
6.35886e+06, 6.45917e+06, 0
6.98409e+06, 7.05268e+06, 0
1.16497e+07, 8.97983e+06, 0
6.51893e+06, 4.82717e+06, 0
1.05419e+07, 1.95482e+06, 0
9.47989e+06, 3.50037e+06, 0
7.25314e+06, 6.63488e+06, 0
9.31821e+06, 1.50375e+06, 0
7.47515e+06, 2.49571e+06, 0
8.67449e+06, 5.00602e+06, 0
7.95131e+06, 5.17514e+06, 0
6.38281e+06, 5.19307e+06, 0
8.55278e+06, 5.63475e+06, 0
1.0641e+07, 1.37571e+06, 0
6.03688e+06, 4.51671e+06, 0
6.60981e+06, 5.35715e+06, 0
8.81713e+06, 9.60942e+06, 0
7.78745e+06, 6.13568e+06, 0
7.40707e+06, 4.98024e+06, 0
7.25168e+06, 1.13438e+07, 0
7.34253e+06, 1.16946e+07, 0
8.2999e+06, 3.62644e+06, 0
6.04542e+06, 2.76245e+06, 0
9.99268e+06, 3.06321e+06, 0
6.12354e+06, 7.86999e+06, 0
1.12676e+07, 5.78745e+06, 0
6.55505e+06, 7.29116e+06, 0
1.11838e+07, 7.40868e+06, 0
6.27288e+06, 9.04357e+06, 0
7.99165e+06, 4.10045e+06, 0
6.58053e+06, 2.49993e+06, 0
9.78956e+06, 4.60055e+06, 0
6.04849e+06, 4.61827e+06, 0
9.01992e+06, 5.6378e+06, 0
6.90269e+06, 8.38287e+06, 0
7.12174e+06, 9.03115e+06, 0
7.66783e+06, 7.18458e+06, 0
6.84876e+06, 5.61962e+06, 0
1.00162e+07, 2.7963e+06, 0
7.01768e+06, 9.40076e+06, 0
6.44827e+06, 9.08513e+06, 0
6.35273e+06, 1.06202e+07, 0
8.05411e+06, 5.45497e+06, 0
8.78119e+06, 5.29316e+06, 0
8.57487e+06, 6.51524e+06, 0
7.41699e+06, 3.57208e+06, 0
7.50128e+06, 4.56443e+06, 0
8.95735e+06, 967424, 0
1.08367e+07, 5.44362e+06, 0
1.00773e+07, 6.24943e+06, 0
1.01191e+07, 4.51622e+06, 0
7.479e+06, 4.40814e+06, 0
6.86571e+06, 9.33599e+06, 0
7.22664e+06, 4.88558e+06, 0
7.63106e+06, 2.18439e+06, 0
5.98046e+06, 818516, 0
5.97033e+06, 1.24678e+07, 0
7.22748e+06, 4.86946e+06, 0
7.018e+06, 1.94892e+06, 0
7.7336e+06, 6.80076e+06, 0
7.54513e+06, 1.72735e+06, 0
6.47091e+06, 2.66858e+06, 0
6.23665e+06, 3.75112e+06, 0
6.55266e+06, 2.22886e+06, 0
7.03385e+06, 3.37079e+06, 0
7.10434e+06, 7.02593e+06, 0
6.33969e+06, 4.57375e+06, 0
8.77375e+06, 5.52319e+06, 0
6.12759e+06, 1.02613e+07, 0
7.24235e+06, 6.82261e+06, 0
7.41065e+06, 2.82554e+06, 0
1.02402e+07, 6.58547e+06, 0
9.5597e+06, 3.54908e+06, 0
8.77876e+06, 5.99619e+06, 0
6.57452e+06, 4.48811e+06, 0
5.99226e+06, 6.99759e+06, 0
7.19669e+06, 3.13573e+06, 0
8.77104e+06, 3.98797e+06, 0
9.16078e+06, 1.08251e+07, 0
9.20209e+06, 5.32969e+06, 0
7.51782e+06, 2.64757e+06, 0
6.80357e+06, 8.08603e+06, 0
7.69687e+06, 7.60282e+06, 0
9.43647e+06, 4.65903e+06, 0
8.48487e+06, 8.57332e+06, 0
6.16991e+06, 2.01397e+06, 0
1.0556e+07, 5.33215e+06, 0
9.57729e+06, 1.05101e+07, 0
8.48293e+06, 1.20349e+07, 0
1.06676e+07, 2.24701e+06, 0
7.18465e+06, 8.4962e+06, 0
8.59006e+06, 5.3922e+06, 0
7.88548e+06, 2.70322e+06, 0
1.01358e+07, 4.61647e+06, 0
6.68105e+06, 4.68937e+06, 0
1.14138e+07, 6.89756e+06, 0
9.89011e+06, 5.85418e+06, 0
7.94633e+06, 4.47993e+06, 0
7.18755e+06, 7.04784e+06, 0
7.25563e+06, 3.76629e+06, 0
5.97125e+06, 3.15087e+06, 0
9.90386e+06, 7.21056e+06, 0
7.92746e+06, 4.1109e+06, 0
1.3857e+07, 6.64026e+06, 0
7.12087e+06, 1.89414e+06, 0
6.82653e+06, 5.94763e+06, 0
6.30763e+06, 8.13464e+06, 0
6.12486e+06, 1.86238e+06, 0
8.05228e+06, 5.18458e+06, 0
8.13575e+06, 4.53461e+06, 0
7.02098e+06, 7.73668e+06, 0
6.09781e+06, 2.84488e+06, 0
6.77521e+06, 4.50194e+06, 0
7.29692e+06, 3.72622e+06, 0
8.91597e+06, 1.23685e+06, 0
1.03786e+07, 3.70688e+06, 0
8.00262e+06, 635380, 0
9.77929e+06, 7.94041e+06, 0
6.88667e+06, 7.36249e+06, 0
7.01876e+06, 4.09594e+06, 0
1.29865e+07, 1.81153e+06, 0
1.21414e+07, 7.10608e+06, 0
6.64434e+06, 8.11886e+06, 0
6.40537e+06, 5.10927e+06, 0
8.8398e+06, 4.89065e+06, 0
9.76999e+06, 2.4255e+06, 0
6.3372e+06, 5.21776e+06, 0
6.44761e+06, 2.43877e+06, 0
6.92237e+06, 5.98516e+06, 0
1.01122e+07, 5.72622e+06, 0
7.28824e+06, 3.94145e+06, 0
6.8396e+06, 1.06746e+07, 0
9.50689e+06, 1.00426e+07, 0
6.54782e+06, 4.49326e+06, 0
9.88019e+06, 2.88773e+06, 0
7.67149e+06, 5.03739e+06, 0
6.38508e+06, 1.37783e+06, 0
9.72585e+06, 4.94025e+06, 0
6.13028e+06, 1.67461e+06, 0
6.41839e+06, 1.40602e+07, 0
8.19396e+06, 3.26381e+06, 0
7.41465e+06, 7.80401e+06, 0
6.77573e+06, 4.39717e+06, 0
6.20794e+06, 6.73552e+06, 0
7.68163e+06, 6.16125e+06, 0
7.88526e+06, 6.35945e+06, 0
9.01644e+06, 1.21611e+07, 0
7.12712e+06, 1.15529e+06, 0
1.02449e+07, 8.55919e+06, 0
7.86945e+06, 3.62972e+06, 0
6.24776e+06, 5.90975e+06, 0
8.9651e+06, 5.4244e+06, 0
6.99094e+06, 941073, 0
6.54463e+06, 2.22085e+06, 0
6.2389e+06, 2.91926e+06, 0
6.9858e+06, 1.65592e+06, 0
6.13907e+06, 7.76082e+06, 0
6.15115e+06, 2.97227e+06, 0
7.83145e+06, 7.11076e+06, 0
8.1971e+06, 2.61959e+06, 0
9.72159e+06, 1.02357e+07, 0
6.59035e+06, 6.22487e+06, 0
6.34469e+06, 5.03678e+06, 0
6.48071e+06, 4.03064e+06, 0
1.0049e+07, 7.48591e+06, 0
5.97365e+06, 2.13572e+06, 0
1.03173e+07, 9.86257e+06, 0
6.99721e+06, 673200, 0
7.99918e+06, 5.93601e+06, 0
6.42965e+06, 4.84448e+06, 0
7.24296e+06, 2.24502e+06, 0
7.21826e+06, 3.04556e+06, 0
1.32559e+07, 1.94476e+06, 0
6.92417e+06, 3.54605e+06, 0
6.08454e+06, 7.20344e+06, 0
7.22108e+06, 1.35769e+06, 0
6.57185e+06, 5.4587e+06, 0
8.84371e+06, 9.87572e+06, 0
1.15675e+07, 7.38582e+06, 0
7.56102e+06, 3.40599e+06, 0
7.0384e+06, 6.48271e+06, 0
1.17278e+07, 4.9016e+06, 0
7.94995e+06, 5.67006e+06, 0
9.0686e+06, 4.52893e+06, 0
6.94341e+06, 2.2522e+06, 0
7.48057e+06, 5.32119e+06, 0
7.95645e+06, 2.20961e+06, 0
6.96556e+06, 2.96718e+06, 0
1.35467e+07, 5.28577e+06, 0
8.06894e+06, 2.91969e+06, 0
6.46083e+06, 1.26083e+06, 0
7.47826e+06, 5.42091e+06, 0
7.4617e+06, 7.21446e+06, 0
6.98004e+06, 2.42492e+06, 0
7.44306e+06, 1.92784e+06, 0
7.96687e+06, 3.95929e+06, 0
6.44692e+06, 9.65606e+06, 0
7.48814e+06, 2.21148e+06, 0
7.36346e+06, 2.53223e+06, 0
1.06756e+07, 3.8245e+06, 0
6.90388e+06, 3.31498e+06, 0
5.98599e+06, 3.75822e+06, 0
7.14009e+06, 5.86985e+06, 0
6.30417e+06, 2.49616e+06, 0
9.20295e+06, 1.79697e+06, 0
6.44325e+06, 3.91598e+06, 0
7.98784e+06, 5.39782e+06, 0
6.83173e+06, 5.62488e+06, 0
1.05873e+07, 8.12883e+06, 0
6.0987e+06, 6.20743e+06, 0
6.40069e+06, 4.55084e+06, 0
6.05514e+06, 1.02913e+07, 0
8.65407e+06, 6.73094e+06, 0
9.29273e+06, 2.95243e+06, 0
7.26997e+06, 1.22702e+07, 0
7.60282e+06, 5.93683e+06, 0
6.08057e+06, 9.95924e+06, 0
6.05277e+06, 8.56851e+06, 0
6.91449e+06, 7.97922e+06, 0
8.72403e+06, 8.91498e+06, 0
6.44393e+06, 4.67672e+06, 0
6.78015e+06, 3.70532e+06, 0
6.68216e+06, 3.86853e+06, 0
6.75448e+06, 6.3617e+06, 0
8.51733e+06, 3.77885e+06, 0
6.94337e+06, 719201, 0
5.96612e+06, 2.13529e+06, 0
6.04678e+06, 1.19554e+07, 0
6.12577e+06, 3.84698e+06, 0
6.87706e+06, 8.16343e+06, 0
9.73215e+06, 8.91476e+06, 0
7.05746e+06, 7.89792e+06, 0
9.31424e+06, 2.98424e+06, 0
9.067e+06, 2.41816e+06, 0
1.01506e+07, 2.15682e+06, 0
8.10545e+06, 4.05999e+06, 0
6.91564e+06, 5.52928e+06, 0
6.07207e+06, 2.21053e+06, 0
6.74787e+06, 2.57061e+06, 0
7.62651e+06, 5.39372e+06, 0
7.85309e+06, 5.11848e+06, 0
6.22171e+06, 1.00352e+07, 0
6.85319e+06, 2.39537e+06, 0
6.00635e+06, 385759, 0
7.69864e+06, 2.74573e+06, 0
8.51916e+06, 3.65492e+06, 0
5.9647e+06, 6.15047e+06, 0
1.03264e+07, 6.74448e+06, 0
9.68538e+06, 5.79804e+06, 0
7.24973e+06, 6.53525e+06, 0
7.84928e+06, 5.24837e+06, 0
9.77703e+06, 6.80901e+06, 0
6.80001e+06, 1.18123e+07, 0
1.00744e+07, 2.23902e+06, 0
6.09347e+06, 5.55568e+06, 0
9.47625e+06, 7.38537e+06, 0
8.47566e+06, 3.54385e+06, 0
7.15751e+06, 4.0436e+06, 0
8.09016e+06, 7.43545e+06, 0
8.09392e+06, 2.5527e+06, 0
7.58002e+06, 5.9512e+06, 0
8.02696e+06, 9.08138e+06, 0
1.10599e+07, 5.90859e+06, 0
7.92347e+06, 2.89833e+06, 0
1.05336e+07, 3.38247e+06, 0
7.62215e+06, 1.61936e+06, 0
9.18734e+06, 5.9784e+06, 0
8.35441e+06, 3.7039e+06, 0
7.98504e+06, 2.67638e+06, 0
7.04235e+06, 3.39886e+06, 0
6.50806e+06, 6.19949e+06, 0
7.48311e+06, 3.5967e+06, 0
8.07591e+06, 1.29976e+06, 0
8.79422e+06, 4.08815e+06, 0
9.66811e+06, 1.14299e+06, 0
1.20681e+07, 294773, 0
6.12294e+06, 3.21972e+06, 0
6.70736e+06, 343081, 0
6.7321e+06, 3.48323e+06, 0
8.48177e+06, 5.36998e+06, 0
6.39907e+06, 5.57441e+06, 0
6.11609e+06, 7.32117e+06, 0
8.24714e+06, 4.20348e+06, 0
7.79117e+06, 693375, 0
8.14384e+06, 6.74341e+06, 0
7.54354e+06, 9.474e+06, 0
7.24662e+06, 3.37691e+06, 0
7.71436e+06, 6.50719e+06, 0
6.55483e+06, 3.3057e+06, 0
1.15132e+07, 5.141e+06, 0
7.91164e+06, 7.01228e+06, 0
6.1629e+06, 3.07011e+06, 0
6.93506e+06, 1.02171e+07, 0
6.13687e+06, 4.54931e+06, 0
8.38398e+06, 9.49289e+06, 0
6.58005e+06, 2.25227e+06, 0
7.95322e+06, 7.14607e+06, 0
7.99543e+06, 6.86871e+06, 0
8.78353e+06, 7.61149e+06, 0
7.60444e+06, 3.56987e+06, 0
8.09198e+06, 7.12776e+06, 0
6.62317e+06, 1.73607e+06, 0
8.33538e+06, 8.694e+06, 0
6.14992e+06, 1.77005e+06, 0
6.76668e+06, 6.95382e+06, 0
7.98811e+06, 5.56149e+06, 0
1.38571e+07, 3.50682e+06, 0
6.20067e+06, 2.79066e+06, 0
1.20753e+07, 2.83991e+06, 0
6.77327e+06, 9.89042e+06, 0
8.21542e+06, 1.16742e+07, 0
1.0129e+07, 1.03736e+07, 0
7.56509e+06, 2.76867e+06, 0
6.73111e+06, 4.06377e+06, 0
6.92088e+06, 1.63654e+06, 0
8.03681e+06, 7.71314e+06, 0
8.47939e+06, 2.16995e+06, 0
7.27785e+06, 3.47536e+06, 0
6.819e+06, 7.30021e+06, 0
6.86463e+06, 3.26052e+06, 0
7.05628e+06, 1.30844e+06, 0
6.47408e+06, 8.05538e+06, 0
7.534e+06, 5.41209e+06, 0
9.88629e+06, 5.69919e+06, 0
6.03006e+06, 7.56974e+06, 0
7.55478e+06, 7.40538e+06, 0
6.1654e+06, 7.21026e+06, 0
8.85711e+06, 3.51352e+06, 0
6.20214e+06, 2.99617e+06, 0
7.00947e+06, 7.32023e+06, 0
6.90036e+06, 4.44568e+06, 0
6.26225e+06, 3.56777e+06, 0
7.50085e+06, 3.41952e+06, 0
1.07335e+07, 3.16893e+06, 0
6.87357e+06, 305953, 0
7.92162e+06, 7.78565e+06, 0
8.61608e+06, 3.51194e+06, 0
8.32628e+06, 2.74284e+06, 0
6.19457e+06, 9.35005e+06, 0
6.21509e+06, 5.98005e+06, 0
9.0307e+06, 2.38799e+06, 0
9.46478e+06, 4.64299e+06, 0
6.37192e+06, 8.0784e+06, 0
9.1735e+06, 5.10768e+06, 0
7.21572e+06, 1.59424e+06, 0
6.38892e+06, 3.61081e+06, 0
6.68267e+06, 4.67728e+06, 0
8.24346e+06, 2.15549e+06, 0
6.06646e+06, 5.39192e+06, 0
7.67213e+06, 6.26242e+06, 0
1.12416e+07, 6.02697e+06, 0
8.29661e+06, 6.34686e+06, 0
6.82805e+06, 4.02062e+06, 0
7.73449e+06, 8.13529e+06, 0
9.36166e+06, 5.45745e+06, 0
1.13024e+07, 1.83466e+06, 0
6.26576e+06, 1.36583e+07, 0
6.15679e+06, 5.17783e+06, 0
9.86619e+06, 4.23248e+06, 0
7.0816e+06, 6.71425e+06, 0
6.38054e+06, 1.0094e+06, 0
9.99537e+06, 7.38944e+06, 0
1.39098e+07, 3.37375e+06, 0
7.80844e+06, 9.23553e+06, 0
6.6292e+06, 5.1892e+06, 0
8.5201e+06, 1.12473e+07, 0
7.59294e+06, 4.11842e+06, 0
6.04922e+06, 6.7232e+06, 0
7.15497e+06, 8.16928e+06, 0
7.4357e+06, 5.23402e+06, 0
7.90809e+06, 1.01593e+07, 0
6.62209e+06, 5.84139e+06, 0
7.23035e+06, 3.22012e+06, 0
8.28807e+06, 8.97323e+06, 0
6.91271e+06, 2.17766e+06, 0
1.00668e+07, 7.30876e+06, 0
9.50935e+06, 6.39747e+06, 0
7.18086e+06, 7.965e+06, 0
6.47012e+06, 9.07544e+06, 0
1.08569e+07, 4.84326e+06, 0
6.07468e+06, 6.42391e+06, 0
7.08577e+06, 7.77644e+06, 0
6.80068e+06, 6.04775e+06, 0
1.17364e+07, 5.27314e+06, 0
8.96779e+06, 1.12753e+07, 0
7.2945e+06, 5.95861e+06, 0
8.72553e+06, 4.88804e+06, 0
7.0968e+06, 8.91203e+06, 0
9.44631e+06, 4.11921e+06, 0
9.7577e+06, 8.27993e+06, 0
7.23711e+06, 8.29518e+06, 0
1.00159e+07, 7.05809e+06, 0
7.11544e+06, 4.54921e+06, 0
6.64285e+06, 4.72404e+06, 0
5.97156e+06, 3.52692e+06, 0
8.51249e+06, 1.51921e+06, 0
7.23311e+06, 4.40934e+06, 0
6.51815e+06, 1.93617e+06, 0
6.55223e+06, 9.40056e+06, 0
6.5931e+06, 6.06722e+06, 0
8.59375e+06, 6.77538e+06, 0
6.15172e+06, 8.43699e+06, 0
6.86168e+06, 8.18117e+06, 0
6.76806e+06, 7.52842e+06, 0
6.95069e+06, 5.33214e+06, 0
8.11742e+06, 4.86826e+06, 0
8.87389e+06, 4.99028e+06, 0
7.7092e+06, 7.64833e+06, 0
8.09705e+06, 8.58864e+06, 0
1.00451e+07, 2.28318e+06, 0
6.42222e+06, 5.97604e+06, 0
8.11938e+06, 2.63672e+06, 0
7.38432e+06, 3.50959e+06, 0
6.6578e+06, 8.15142e+06, 0
9.55895e+06, 4.88725e+06, 0
1.13067e+07, 5.72578e+06, 0
6.83691e+06, 3.5251e+06, 0
7.75869e+06, 8.61801e+06, 0
7.96601e+06, 7.57072e+06, 0
6.38718e+06, 4.85923e+06, 0
6.87186e+06, 8.44347e+06, 0
8.78681e+06, 3.61686e+06, 0
7.25722e+06, 6.39158e+06, 0
8.62673e+06, 5.85579e+06, 0
8.78162e+06, 1.47866e+06, 0
6.03511e+06, 3.53326e+06, 0
9.15117e+06, 9.4263e+06, 0
5.96833e+06, 3.56837e+06, 0
1.19678e+07, 1.37932e+06, 0
7.30652e+06, 2.34309e+06, 0
7.4741e+06, 4.06568e+06, 0
7.68345e+06, 2.03272e+06, 0
6.45595e+06, 9.64299e+06, 0
6.12313e+06, 2.48863e+06, 0
1.08683e+07, 8.73703e+06, 0
7.31778e+06, 3.8804e+06, 0
7.99598e+06, 8.75639e+06, 0
8.34648e+06, 5.45888e+06, 0
6.89511e+06, 2.07465e+06, 0
9.42434e+06, 4.88259e+06, 0
9.69876e+06, 3.14143e+06, 0
7.13455e+06, 5.19368e+06, 0
6.48074e+06, 9.25009e+06, 0
7.09821e+06, 5.28834e+06, 0
6.68883e+06, 4.91257e+06, 0
7.57755e+06, 8.92921e+06, 0
1.16268e+07, 2.66778e+06, 0
6.81543e+06, 1.20991e+06, 0
6.49933e+06, 4.4711e+06, 0
6.44011e+06, 6.36046e+06, 0
8.64048e+06, 2.26803e+06, 0
1.22413e+07, 4.5642e+06, 0
8.12787e+06, 4.6626e+06, 0
8.74934e+06, 4.05018e+06, 0
6.40043e+06, 2.79632e+06, 0
1.05672e+07, 2.7136e+06, 0
7.4082e+06, 6.98367e+06, 0
6.79251e+06, 5.90474e+06, 0
7.82932e+06, 8.22697e+06, 0
7.74464e+06, 3.39043e+06, 0
6.2095e+06, 9.03703e+06, 0
7.24891e+06, 5.02431e+06, 0
6.52845e+06, 8.5043e+06, 0
7.33523e+06, 5.03009e+06, 0
1.01343e+07, 8.99288e+06, 0
7.75793e+06, 5.36002e+06, 0
6.32968e+06, 3.59557e+06, 0
7.06371e+06, 8.23059e+06, 0
1.13655e+07, 5.6251e+06, 0
8.8603e+06, 662200, 0
6.24441e+06, 2.95318e+06, 0
1.06333e+07, 9.64982e+06, 0
6.79972e+06, 4.39383e+06, 0
7.4943e+06, 5.63672e+06, 0
7.98631e+06, 413827, 0
9.08707e+06, 5.11298e+06, 0
5.97012e+06, 6.26472e+06, 0
8.38328e+06, 6.39652e+06, 0
9.07954e+06, 5.64305e+06, 0
6.50685e+06, 2.10107e+06, 0
1.09402e+07, 1.12029e+06, 0
7.50323e+06, 1.06449e+07, 0
7.11776e+06, 4.84687e+06, 0
8.72846e+06, 5.28938e+06, 0
9.2436e+06, 5.62473e+06, 0
6.75631e+06, 7.96989e+06, 0
1.05385e+07, 4.41836e+06, 0
1.06984e+07, 5.78741e+06, 0
7.14412e+06, 3.7697e+06, 0
6.92127e+06, 8.0053e+06, 0
6.13457e+06, 1.91147e+06, 0
1.09958e+07, 3.97638e+06, 0
7.05328e+06, 2.65756e+06, 0
6.17049e+06, 4.88223e+06, 0
8.53273e+06, 6.78308e+06, 0
5.97979e+06, 1.88648e+06, 0
5.96944e+06, 1.04969e+06, 0
8.13024e+06, 1.95012e+06, 0
6.07985e+06, 2.91061e+06, 0
8.00418e+06, 9.97634e+06, 0
7.10712e+06, 2.9749e+06, 0
8.57001e+06, 5.56185e+06, 0
8.43973e+06, 1.31819e+06, 0
7.26864e+06, 3.46579e+06, 0
6.06311e+06, 5.30831e+06, 0
7.05508e+06, 2.93831e+06, 0
6.49046e+06, 3.47121e+06, 0
8.34539e+06, 7.77594e+06, 0
9.47179e+06, 3.15522e+06, 0
7.20583e+06, 4.39795e+06, 0
8.24084e+06, 9.97784e+06, 0
8.95097e+06, 1.8228e+06, 0
9.99549e+06, 3.88829e+06, 0
6.68883e+06, 2.58515e+06, 0
6.59256e+06, 1.91807e+06, 0
6.83121e+06, 4.02237e+06, 0
6.76915e+06, 7.71692e+06, 0
6.25315e+06, 7.57957e+06, 0
6.59776e+06, 5.55587e+06, 0
9.32861e+06, 4.48399e+06, 0
1.46081e+07, 7.76017e+06, 0
6.64595e+06, 1.19338e+07, 0
7.32834e+06, 6.67007e+06, 0
6.28553e+06, 2.7123e+06, 0
9.29195e+06, 8.31088e+06, 0
1.25188e+07, 4.74029e+06, 0
6.05917e+06, 2.33659e+06, 0
7.45441e+06, 6.14606e+06, 0
6.54538e+06, 5.46172e+06, 0
7.49186e+06, 2.20257e+06, 0
7.0495e+06, 2.21034e+06, 0
7.19754e+06, 5.1923e+06, 0
9.20786e+06, 509008, 0
8.7902e+06, 2.61409e+06, 0
7.58847e+06, 2.01546e+06, 0
7.20873e+06, 1.11987e+07, 0
7.15824e+06, 9.3658e+06, 0
6.80372e+06, 7.54777e+06, 0
6.921e+06, 6.24939e+06, 0
7.6926e+06, 5.34232e+06, 0
7.814e+06, 7.90391e+06, 0
7.36048e+06, 3.82002e+06, 0
9.1796e+06, 3.80047e+06, 0
9.07636e+06, 1.08141e+06, 0
6.25223e+06, 2.92525e+06, 0
7.64904e+06, 3.43444e+06, 0
6.20483e+06, 3.74827e+06, 0
8.68098e+06, 5.24153e+06, 0
6.46053e+06, 4.75128e+06, 0
6.11271e+06, 4.15634e+06, 0
7.59486e+06, 1.46187e+07, 0
9.82809e+06, 3.11398e+06, 0
1.09128e+07, 1.5159e+06, 0
8.70599e+06, 6.58842e+06, 0
7.6808e+06, 430196, 0
1.28119e+07, 5.18069e+06, 0
7.24144e+06, 6.77816e+06, 0
6.31253e+06, 8.07109e+06, 0
6.72396e+06, 3.9061e+06, 0
9.45684e+06, 7.05928e+06, 0
8.96016e+06, 6.45783e+06, 0
1.17445e+07, 8.40953e+06, 0
8.49969e+06, 2.72114e+06, 0
8.25718e+06, 5.62268e+06, 0
6.47345e+06, 3.0564e+06, 0
6.95008e+06, 3.23888e+06, 0
6.40337e+06, 2.31999e+06, 0
5.98907e+06, 9.45467e+06, 0
7.92089e+06, 930442, 0
1.07019e+07, 448615, 0
8.76439e+06, 1.31559e+06, 0
7.32284e+06, 4.79617e+06, 0
6.04262e+06, 5.71705e+06, 0
1.08529e+07, 1.08675e+07, 0
8.49727e+06, 1.03022e+07, 0
1.10753e+07, 1.69011e+06, 0
7.09517e+06, 1.9468e+06, 0
7.41384e+06, 1.42007e+06, 0
7.49851e+06, 608058, 0
6.3019e+06, 9.46023e+06, 0
9.60336e+06, 1.14697e+07, 0
1.04044e+07, 9.43191e+06, 0
8.71577e+06, 3.58578e+06, 0
6.27356e+06, 5.13193e+06, 0
6.16453e+06, 8.0871e+06, 0
1.02063e+07, 3.76126e+06, 0
9.62985e+06, 8.57188e+06, 0
6.92352e+06, 6.45296e+06, 0
6.20561e+06, 4.78515e+06, 0
6.47793e+06, 2.91294e+06, 0
9.30754e+06, 5.70654e+06, 0
7.18582e+06, 5.01808e+06, 0
6.52417e+06, 3.92469e+06, 0
5.99493e+06, 2.14683e+06, 0
6.95845e+06, 1.14063e+07, 0
6.30866e+06, 9.24019e+06, 0
6.32933e+06, 2.34644e+06, 0
7.0461e+06, 7.87272e+06, 0
6.89408e+06, 3.15748e+06, 0
7.7869e+06, 7.462e+06, 0
6.54211e+06, 6.45525e+06, 0
6.77326e+06, 2.61508e+06, 0
8.50294e+06, 6.16232e+06, 0
1.15138e+07, 2.329e+06, 0
6.58257e+06, 4.54345e+06, 0
6.33818e+06, 3.4401e+06, 0
7.01811e+06, 1.8643e+06, 0
6.2309e+06, 1.16118e+06, 0
6.27993e+06, 1.54617e+06, 0
6.17204e+06, 8.04203e+06, 0
6.36846e+06, 3.08653e+06, 0
7.31885e+06, 9.22019e+06, 0
6.72621e+06, 7.5869e+06, 0
1.2326e+07, 6.97826e+06, 0
7.74593e+06, 3.75805e+06, 0
9.52301e+06, 5.85129e+06, 0
1.0468e+07, 5.68083e+06, 0
7.67628e+06, 3.39998e+06, 0
7.51424e+06, 6.13624e+06, 0
1.19198e+07, 768725, 0
6.84821e+06, 4.67936e+06, 0
1.01728e+07, 2.13314e+06, 0
8.78796e+06, 9.54557e+06, 0
6.73405e+06, 4.20623e+06, 0
8.69848e+06, 3.03274e+06, 0
6.30106e+06, 1.81997e+06, 0
6.02914e+06, 5.49339e+06, 0
8.16304e+06, 9.08648e+06, 0
8.37507e+06, 5.30888e+06, 0
7.80336e+06, 5.45519e+06, 0
7.38952e+06, 1.63239e+06, 0
8.40378e+06, 3.26577e+06, 0
7.22963e+06, 2.0505e+06, 0
6.4029e+06, 4.75248e+06, 0
8.31443e+06, 7.88793e+06, 0
9.95358e+06, 4.27004e+06, 0
7.73676e+06, 2.8025e+06, 0
7.44808e+06, 5.07015e+06, 0
1.09137e+07, 1.28168e+06, 0
7.82635e+06, 3.07686e+06, 0
8.79209e+06, 2.71793e+06, 0
6.80722e+06, 1.00488e+07, 0
8.3802e+06, 5.10368e+06, 0
6.1801e+06, 218356, 0
9.0296e+06, 7.40195e+06, 0
8.89769e+06, 6.6147e+06, 0
8.3387e+06, 9.34906e+06, 0
6.64017e+06, 2.82486e+06, 0
6.61017e+06, 6.1529e+06, 0
8.35829e+06, 8.21207e+06, 0
6.22111e+06, 5.90368e+06, 0
8.27281e+06, 8.2312e+06, 0
7.54271e+06, 3.99627e+06, 0
6.16139e+06, 1.03712e+07, 0
9.15258e+06, 5.58304e+06, 0
5.96996e+06, 7.93654e+06, 0
8.416e+06, 1.81895e+06, 0
7.61431e+06, 4.07652e+06, 0
6.38395e+06, 3.47334e+06, 0
8.20248e+06, 7.93809e+06, 0
8.82766e+06, 2.77167e+06, 0
8.82269e+06, 6.68214e+06, 0
9.35315e+06, 5.37385e+06, 0
8.0426e+06, 3.14512e+06, 0
7.94573e+06, 3.33356e+06, 0
5.97973e+06, 3.0868e+06, 0
1.01341e+07, 1.02949e+07, 0
9.7953e+06, 6.62166e+06, 0
6.51248e+06, 5.02285e+06, 0
6.76409e+06, 4.99759e+06, 0
7.78657e+06, 3.63655e+06, 0
8.72174e+06, 1.06175e+06, 0
1.19335e+07, 836608, 0
6.2186e+06, 3.32815e+06, 0
7.33996e+06, 9.62653e+06, 0
1.01833e+07, 1.50122e+06, 0
6.41899e+06, 6.93844e+06, 0
6.45656e+06, 1.88053e+06, 0
8.33218e+06, 1.18929e+07, 0
7.5503e+06, 5.55472e+06, 0
6.92342e+06, 4.12501e+06, 0
7.71145e+06, 2.41988e+06, 0
6.6427e+06, 7.39345e+06, 0
7.50856e+06, 6.16459e+06, 0
7.42525e+06, 6.33465e+06, 0
1.05706e+07, 2.23794e+06, 0
7.87374e+06, 8.36383e+06, 0
6.58634e+06, 6.627e+06, 0
1.3062e+07, 8.89214e+06, 0
6.3405e+06, 2.33304e+06, 0
8.01844e+06, 2.45819e+06, 0
8.181e+06, 5.7872e+06, 0
6.22583e+06, 3.32224e+06, 0
7.10757e+06, 4.31356e+06, 0
9.0666e+06, 4.59299e+06, 0
7.06717e+06, 3.33356e+06, 0
6.496e+06, 1.13944e+07, 0
7.37832e+06, 5.54706e+06, 0
7.84971e+06, 3.26009e+06, 0
6.4623e+06, 4.09696e+06, 0
6.07645e+06, 5.88568e+06, 0
9.41176e+06, 898460, 0
7.58611e+06, 6.37532e+06, 0
8.0658e+06, 4.41294e+06, 0
1.06376e+07, 1.90195e+06, 0
6.47066e+06, 5.51523e+06, 0
7.37208e+06, 6.07983e+06, 0
7.19996e+06, 5.6527e+06, 0
7.06186e+06, 4.33391e+06, 0
7.87958e+06, 9.88522e+06, 0
1.06315e+07, 8.0801e+06, 0
6.88461e+06, 3.3958e+06, 0
1.0566e+07, 7.93472e+06, 0
8.3058e+06, 1.82538e+06, 0
1.35352e+07, 6.18668e+06, 0
6.85879e+06, 5.50443e+06, 0
6.59852e+06, 1.1489e+07, 0
7.16523e+06, 7.43055e+06, 0
7.17494e+06, 1.32209e+07, 0
6.12368e+06, 2.82611e+06, 0
8.4259e+06, 7.96351e+06, 0
7.52391e+06, 3.68678e+06, 0
8.71377e+06, 4.66069e+06, 0
6.67021e+06, 8.64585e+06, 0
6.9466e+06, 4.6492e+06, 0
9.0406e+06, 2.20892e+06, 0
6.20274e+06, 7.27827e+06, 0
1.0332e+07, 8.23957e+06, 0
8.7055e+06, 2.58236e+06, 0
8.39667e+06, 6.67802e+06, 0
7.04828e+06, 1.3292e+07, 0
7.80904e+06, 5.44634e+06, 0
6.02276e+06, 3.61082e+06, 0
7.45984e+06, 4.29295e+06, 0
6.00927e+06, 4.44791e+06, 0
1.08897e+07, 4.41674e+06, 0
9.89992e+06, 5.34478e+06, 0
8.35427e+06, 7.48357e+06, 0
8.36336e+06, 7.22893e+06, 0
6.34005e+06, 2.60191e+06, 0
6.10718e+06, 1.11806e+07, 0
8.02662e+06, 9.5004e+06, 0
6.39892e+06, 2.09144e+06, 0
8.40417e+06, 3.96202e+06, 0
7.1492e+06, 2.61867e+06, 0
6.14605e+06, 3.83635e+06, 0
9.59439e+06, 3.86057e+06, 0
1.19109e+07, 4.5003e+06, 0
6.04942e+06, 2.019e+06, 0
6.93552e+06, 5.76458e+06, 0
1.00991e+07, 1.7201e+06, 0
6.32362e+06, 5.19194e+06, 0
8.64889e+06, 1.65804e+06, 0
8.00003e+06, 1.36748e+06, 0
6.77961e+06, 1.04568e+07, 0
7.27734e+06, 2.57566e+06, 0
6.49993e+06, 5.15467e+06, 0
7.60257e+06, 9.95983e+06, 0
7.29965e+06, 9.82346e+06, 0
6.33586e+06, 8.58895e+06, 0
6.67443e+06, 6.15281e+06, 0
1.07998e+07, 2.31577e+06, 0
6.64154e+06, 1.00514e+07, 0
6.16201e+06, 7.04633e+06, 0
7.2721e+06, 6.04399e+06, 0
7.1433e+06, 5.61164e+06, 0
6.02285e+06, 3.70441e+06, 0
7.30573e+06, 4.25693e+06, 0
8.21827e+06, 4.43472e+06, 0
1.34734e+07, 2.4276e+06, 0
9.38976e+06, 3.00025e+06, 0
8.11705e+06, 5.56467e+06, 0
6.58714e+06, 2.97768e+06, 0
6.01371e+06, 9.41815e+06, 0
8.44851e+06, 5.5823e+06, 0
7.08399e+06, 895509, 0
7.78465e+06, 1.07116e+07, 0
8.60489e+06, 2.56188e+06, 0
6.81536e+06, 5.5053e+06, 0
1.11593e+07, 5.64921e+06, 0
6.85936e+06, 5.52219e+06, 0
6.47159e+06, 1.00905e+07, 0
8.4929e+06, 2.50928e+06, 0
7.8681e+06, 3.11045e+06, 0
6.31691e+06, 1.43776e+06, 0
1.01984e+07, 6.07058e+06, 0
7.73004e+06, 6.93121e+06, 0
1.21755e+07, 389588, 0
6.01339e+06, 4.70556e+06, 0
6.06415e+06, 4.3247e+06, 0
7.50624e+06, 4.19854e+06, 0
7.7067e+06, 4.44136e+06, 0
9.50073e+06, 1.61596e+06, 0
8.79371e+06, 4.38266e+06, 0
8.30285e+06, 6.42201e+06, 0
1.2402e+07, 636483, 0
1.28959e+07, 5.57119e+06, 0
6.26483e+06, 3.172e+06, 0
6.67625e+06, 7.92711e+06, 0
6.03111e+06, 3.62002e+06, 0
6.42342e+06, 7.62377e+06, 0
1.24207e+07, 4.8822e+06, 0
6.72933e+06, 1.12292e+07, 0
1.17874e+07, 5.79177e+06, 0
8.8418e+06, 2.96816e+06, 0
7.90434e+06, 8.51399e+06, 0
7.18112e+06, 1.29803e+06, 0
8.32628e+06, 7.2839e+06, 0
1.30859e+07, 7.34751e+06, 0
8.60824e+06, 4.38343e+06, 0
6.75805e+06, 4.75255e+06, 0
6.42837e+06, 7.69848e+06, 0
1.14439e+07, 3.70971e+06, 0
9.48768e+06, 6.71248e+06, 0
9.06844e+06, 3.46195e+06, 0
6.74349e+06, 6.44514e+06, 0
8.96817e+06, 6.27198e+06, 0
7.38619e+06, 2.30398e+06, 0
1.02014e+07, 5.84806e+06, 0
7.41299e+06, 1.3207e+07, 0
7.70093e+06, 947978, 0
7.58084e+06, 3.78203e+06, 0
7.98349e+06, 1.01836e+07, 0
6.68996e+06, 4.19879e+06, 0
6.2745e+06, 3.31854e+06, 0
8.02678e+06, 5.15511e+06, 0
6.13587e+06, 1.83978e+06, 0
9.15156e+06, 7.99849e+06, 0
6.06082e+06, 5.04766e+06, 0
8.06392e+06, 2.89277e+06, 0
6.31162e+06, 6.31839e+06, 0
7.89121e+06, 3.46715e+06, 0
9.00034e+06, 6.28964e+06, 0
6.64065e+06, 2.65578e+06, 0
8.08282e+06, 1.19176e+07, 0
7.08847e+06, 3.43165e+06, 0
6.57954e+06, 7.75706e+06, 0
1.0827e+07, 1.71595e+06, 0
7.19009e+06, 3.79194e+06, 0
6.21587e+06, 4.35784e+06, 0
6.80678e+06, 9.91904e+06, 0
8.67469e+06, 9.3577e+06, 0
6.26399e+06, 4.49994e+06, 0
8.05648e+06, 1.13592e+07, 0
8.80557e+06, 1.18347e+06, 0
6.69931e+06, 5.10162e+06, 0
6.57784e+06, 259586, 0
9.3082e+06, 3.81105e+06, 0
6.49712e+06, 4.09696e+06, 0
7.98097e+06, 7.07537e+06, 0
8.64935e+06, 9.53995e+06, 0
6.96144e+06, 1.4201e+06, 0
7.66915e+06, 5.55882e+06, 0
1.01074e+07, 2.32448e+06, 0
6.33531e+06, 6.31072e+06, 0
1.08668e+07, 5.76291e+06, 0
7.24795e+06, 4.71954e+06, 0
9.09249e+06, 4.11747e+06, 0
8.48797e+06, 6.9163e+06, 0
7.80863e+06, 2.25171e+06, 0
6.70541e+06, 6.26502e+06, 0
1.13665e+07, 4.04789e+06, 0
7.20733e+06, 1.0131e+07, 0
6.59891e+06, 860614, 0
6.96777e+06, 3.95574e+06, 0
7.59911e+06, 4.04137e+06, 0
6.1588e+06, 1.81499e+06, 0
8.8037e+06, 4.01611e+06, 0
8.30516e+06, 3.26652e+06, 0
6.30109e+06, 6.61352e+06, 0
8.15846e+06, 5.96888e+06, 0
6.22076e+06, 6.92801e+06, 0
6.47075e+06, 5.62776e+06, 0
6.1318e+06, 6.42916e+06, 0
7.04021e+06, 3.27461e+06, 0
7.43781e+06, 7.80605e+06, 0
6.27232e+06, 6.09891e+06, 0
1.1772e+07, 1.0423e+07, 0
6.12867e+06, 3.23778e+06, 0
6.84683e+06, 6.16192e+06, 0
7.2985e+06, 1.53585e+06, 0
6.16069e+06, 6.57749e+06, 0
6.84754e+06, 2.58985e+06, 0
6.20886e+06, 1.15861e+06, 0
8.84076e+06, 7.81306e+06, 0
7.05477e+06, 2.55985e+06, 0
8.03437e+06, 5.99852e+06, 0
7.07436e+06, 7.94227e+06, 0
7.28254e+06, 2.13763e+06, 0
7.92927e+06, 4.40947e+06, 0
7.62151e+06, 2.41988e+06, 0
8.12589e+06, 2.9544e+06, 0
9.77498e+06, 1.08208e+07, 0
8.15054e+06, 4.96678e+06, 0
7.82158e+06, 9.60319e+06, 0
6.29894e+06, 2.38735e+06, 0
6.90865e+06, 9.74798e+06, 0
1.1037e+07, 3.55474e+06, 0
9.10192e+06, 6.53957e+06, 0
6.22292e+06, 7.72202e+06, 0
6.63046e+06, 3.61532e+06, 0
6.65251e+06, 8.37166e+06, 0
7.72677e+06, 7.8133e+06, 0
6.49687e+06, 4.42365e+06, 0
6.59012e+06, 2.34788e+06, 0
7.32063e+06, 6.79451e+06, 0
1.01439e+07, 3.72268e+06, 0
7.17001e+06, 5.51874e+06, 0
6.33173e+06, 4.52492e+06, 0
7.70824e+06, 2.52798e+06, 0
7.32814e+06, 6.84456e+06, 0
8.71529e+06, 7.89587e+06, 0
8.31147e+06, 4.90916e+06, 0
1.16808e+07, 6.30252e+06, 0
7.42657e+06, 9.50653e+06, 0
7.24124e+06, 4.01845e+06, 0
6.43885e+06, 2.1622e+06, 0
6.99789e+06, 9.25927e+06, 0
6.08765e+06, 7.46933e+06, 0
8.45161e+06, 5.04324e+06, 0
7.05399e+06, 9.21345e+06, 0
5.97537e+06, 1.37945e+06, 0
1.15133e+07, 1.38628e+06, 0
6.64826e+06, 6.40154e+06, 0
6.15535e+06, 8.58432e+06, 0
1.3433e+07, 6.86389e+06, 0
9.84219e+06, 2.8674e+06, 0
7.55679e+06, 4.65354e+06, 0
6.10305e+06, 5.01497e+06, 0
1.36094e+07, 4.88798e+06, 0
7.99621e+06, 3.47502e+06, 0
6.76235e+06, 6.66922e+06, 0
9.71588e+06, 7.23568e+06, 0
7.06692e+06, 4.44865e+06, 0
7.13991e+06, 4.97068e+06, 0
1.06487e+07, 2.37282e+06, 0
8.70236e+06, 5.54997e+06, 0
8.84932e+06, 7.16693e+06, 0
1.04891e+07, 4.5002e+06, 0
8.55102e+06, 4.92511e+06, 0
7.21908e+06, 1.07882e+07, 0
6.13877e+06, 1.42703e+06, 0
6.14511e+06, 4.21361e+06, 0
8.55645e+06, 7.65711e+06, 0
6.84385e+06, 5.01312e+06, 0
6.14061e+06, 3.30099e+06, 0
1.00341e+07, 6.84385e+06, 0
6.64882e+06, 6.96855e+06, 0
7.87964e+06, 7.18847e+06, 0
6.55458e+06, 1.83911e+06, 0
6.69594e+06, 4.77645e+06, 0
9.63869e+06, 1.17822e+06, 0
7.06512e+06, 5.51064e+06, 0
9.81167e+06, 6.73377e+06, 0
7.22334e+06, 7.2214e+06, 0
6.17919e+06, 8.07253e+06, 0
6.401e+06, 4.37667e+06, 0
8.44451e+06, 7.7991e+06, 0
8.51206e+06, 2.52574e+06, 0
7.86702e+06, 7.8974e+06, 0
8.83304e+06, 2.32389e+06, 0
1.16428e+07, 5.01565e+06, 0
6.67528e+06, 9.96644e+06, 0
8.89529e+06, 7.7287e+06, 0
8.3026e+06, 4.11832e+06, 0
7.91575e+06, 7.18855e+06, 0
1.07586e+07, 2.84749e+06, 0
9.27701e+06, 4.31487e+06, 0
7.14805e+06, 3.67896e+06, 0
1.0681e+07, 2.09146e+06, 0
1.2085e+07, 4.72571e+06, 0
6.83693e+06, 9.29751e+06, 0
8.27359e+06, 306221, 0
6.28727e+06, 5.92348e+06, 0
7.7901e+06, 4.95729e+06, 0
8.2711e+06, 5.89008e+06, 0
6.15936e+06, 1.29744e+06, 0
1.23549e+07, 2.78391e+06, 0
6.47535e+06, 7.10751e+06, 0
7.74082e+06, 8.12418e+06, 0
6.32117e+06, 9.37849e+06, 0
9.86058e+06, 4.63707e+06, 0
9.11613e+06, 8.20243e+06, 0
8.35339e+06, 3.25038e+06, 0
1.15401e+07, 3.1891e+06, 0
6.96086e+06, 4.04597e+06, 0
1.06542e+07, 2.93679e+06, 0
8.26429e+06, 3.81649e+06, 0
1.16672e+07, 6.49109e+06, 0
8.20686e+06, 5.60174e+06, 0
8.78857e+06, 2.55922e+06, 0
1.00112e+07, 6.01872e+06, 0
8.14699e+06, 1.65268e+07, 0
6.22466e+06, 6.87277e+06, 0
6.84194e+06, 3.86605e+06, 0
6.39072e+06, 1.88556e+06, 0
6.57667e+06, 5.8842e+06, 0
7.51601e+06, 2.95169e+06, 0
6.16456e+06, 7.39423e+06, 0
7.79559e+06, 2.69678e+06, 0
9.97845e+06, 5.47918e+06, 0
1.08566e+07, 4.52053e+06, 0
6.56338e+06, 2.10747e+06, 0
6.78138e+06, 3.92131e+06, 0
6.49377e+06, 6.26152e+06, 0
6.02197e+06, 3.2805e+06, 0
6.56372e+06, 8.09097e+06, 0
6.14698e+06, 1.72307e+06, 0
1.31303e+07, 7.42516e+06, 0
8.37188e+06, 5.40266e+06, 0
8.98151e+06, 4.73003e+06, 0
6.01951e+06, 6.39743e+06, 0
7.34315e+06, 3.06527e+06, 0
6.86515e+06, 1.97272e+06, 0
7.26898e+06, 4.93909e+06, 0
8.90388e+06, 1.93769e+06, 0
9.03659e+06, 5.7251e+06, 0
1.38277e+07, 5.45849e+06, 0
6.54797e+06, 2.25344e+06, 0
6.768e+06, 2.73194e+06, 0
7.68458e+06, 4.48085e+06, 0
7.74624e+06, 692405, 0
6.59906e+06, 5.60495e+06, 0
6.75122e+06, 6.79719e+06, 0
1.03856e+07, 858284, 0
6.20797e+06, 6.70993e+06, 0
8.57415e+06, 4.48291e+06, 0
6.08556e+06, 4.95139e+06, 0
6.81023e+06, 9.23471e+06, 0
6.34935e+06, 6.00629e+06, 0
8.37118e+06, 5.37833e+06, 0
8.54922e+06, 3.18098e+06, 0
6.04652e+06, 4.42347e+06, 0
6.46963e+06, 1.47635e+06, 0
7.01205e+06, 5.75001e+06, 0
7.04904e+06, 1.05703e+07, 0
6.70912e+06, 6.27745e+06, 0
1.3281e+07, 5.76071e+06, 0
6.00457e+06, 8.93692e+06, 0
9.83493e+06, 6.07217e+06, 0
7.05019e+06, 6.6664e+06, 0
6.42609e+06, 5.52813e+06, 0
6.39449e+06, 5.2984e+06, 0
6.84683e+06, 5.5437e+06, 0
6.19044e+06, 3.00653e+06, 0
6.86418e+06, 1.89762e+06, 0
6.25028e+06, 8.25334e+06, 0
8.87314e+06, 3.60049e+06, 0
7.45362e+06, 6.08532e+06, 0
7.06316e+06, 1.65097e+06, 0
1.0177e+07, 4.88301e+06, 0
6.44582e+06, 8.72427e+06, 0
6.28162e+06, 5.73657e+06, 0
7.30587e+06, 2.23669e+06, 0
7.20821e+06, 4.60225e+06, 0
6.05123e+06, 7.56206e+06, 0
6.84017e+06, 9.50566e+06, 0
1.02422e+07, 5.9597e+06, 0
8.05412e+06, 5.8188e+06, 0
6.20025e+06, 7.13574e+06, 0
8.36782e+06, 5.09329e+06, 0
6.00317e+06, 9.54077e+06, 0
7.0812e+06, 5.28806e+06, 0
9.50339e+06, 7.02019e+06, 0
7.17151e+06, 6.59741e+06, 0
7.03507e+06, 3.33485e+06, 0
6.93826e+06, 4.90275e+06, 0
1.40772e+07, 7.92611e+06, 0
7.38541e+06, 5.05274e+06, 0
7.11264e+06, 1.76337e+06, 0
1.02446e+07, 2.21374e+06, 0
6.14411e+06, 2.88993e+06, 0
7.77522e+06, 7.82932e+06, 0
8.27826e+06, 7.11417e+06, 0
8.29431e+06, 6.03581e+06, 0
6.45924e+06, 3.15543e+06, 0
1.42982e+07, 5.67368e+06, 0
8.53536e+06, 3.5148e+06, 0
1.16627e+07, 1.215e+06, 0
8.02659e+06, 6.64044e+06, 0
9.10043e+06, 7.45935e+06, 0
6.33615e+06, 9.73138e+06, 0
6.19925e+06, 1.22367e+07, 0
8.97262e+06, 2.05702e+06, 0
8.55973e+06, 4.94891e+06, 0
9.28197e+06, 2.62947e+06, 0
7.51611e+06, 3.00946e+06, 0
9.59902e+06, 9.40113e+06, 0
8.54177e+06, 1.13022e+06, 0
6.58798e+06, 3.47432e+06, 0
1.04793e+07, 7.56089e+06, 0
6.88468e+06, 4.08012e+06, 0
7.37584e+06, 6.24047e+06, 0
6.53752e+06, 6.84066e+06, 0
7.33879e+06, 8.3325e+06, 0
6.71014e+06, 5.4783e+06, 0
6.60097e+06, 6.97733e+06, 0
7.24585e+06, 2.93668e+06, 0
8.51244e+06, 1.20821e+07, 0
6.1223e+06, 8.32226e+06, 0
8.53001e+06, 2.92433e+06, 0
6.01229e+06, 5.40264e+06, 0
9.00553e+06, 3.33893e+06, 0
7.70621e+06, 5.81066e+06, 0
8.11064e+06, 6.68566e+06, 0
8.18697e+06, 1.94935e+06, 0
8.72802e+06, 4.62695e+06, 0
6.33394e+06, 5.03466e+06, 0
6.16949e+06, 6.37681e+06, 0
6.95305e+06, 7.70046e+06, 0
6.28244e+06, 1.56555e+06, 0
6.20545e+06, 1.86846e+06, 0
5.99381e+06, 3.8881e+06, 0
6.34582e+06, 3.02292e+06, 0
7.43985e+06, 2.39153e+06, 0
7.41593e+06, 3.83969e+06, 0
5.96869e+06, 1.01735e+07, 0
8.14393e+06, 7.94283e+06, 0
9.65883e+06, 5.86113e+06, 0
7.49071e+06, 2.25754e+06, 0
6.00226e+06, 7.04631e+06, 0
1.10553e+07, 7.2e+06, 0
6.54265e+06, 3.56157e+06, 0
7.22536e+06, 3.64904e+06, 0
7.84738e+06, 1.84365e+06, 0
6.10485e+06, 4.62359e+06, 0
1.2147e+07, 3.89087e+06, 0
1.10956e+07, 3.92963e+06, 0
7.10717e+06, 1.91053e+06, 0
8.64547e+06, 8.33833e+06, 0
6.92039e+06, 6.2753e+06, 0
7.9389e+06, 2.98793e+06, 0
9.77114e+06, 4.37218e+06, 0
6.21682e+06, 2.78238e+06, 0
6.74872e+06, 7.01374e+06, 0
8.01146e+06, 628385, 0
6.35863e+06, 2.2717e+06, 0
7.5347e+06, 6.96131e+06, 0
9.58062e+06, 2.59517e+06, 0
7.32976e+06, 7.13682e+06, 0
6.74738e+06, 7.99108e+06, 0
8.28004e+06, 6.37085e+06, 0
6.59203e+06, 4.57685e+06, 0
7.27883e+06, 2.75502e+06, 0
9.72954e+06, 9.46582e+06, 0
9.81522e+06, 2.45358e+06, 0
7.14345e+06, 8.43035e+06, 0
8.07409e+06, 2.59319e+06, 0
1.07915e+07, 2.45718e+06, 0
6.79501e+06, 8.2766e+06, 0
1.49279e+07, 2.34973e+06, 0
1.1205e+07, 6.91624e+06, 0
7.821e+06, 6.43501e+06, 0
1.23829e+07, 7.21128e+06, 0
1.01647e+07, 1.9529e+06, 0
6.19199e+06, 1.78016e+06, 0
7.06535e+06, 4.24562e+06, 0
1.08929e+07, 1.11656e+07, 0
6.85126e+06, 1.41411e+06, 0
6.06003e+06, 6.85688e+06, 0
7.77308e+06, 5.50056e+06, 0
6.22765e+06, 2.15706e+06, 0
6.38152e+06, 2.25562e+06, 0
8.26898e+06, 1.91146e+06, 0
6.77996e+06, 8.37111e+06, 0
6.39439e+06, 1.02062e+07, 0
6.35333e+06, 2.67098e+06, 0
8.43477e+06, 5.58919e+06, 0
9.22915e+06, 5.17106e+06, 0
6.28377e+06, 4.57243e+06, 0
1.03945e+07, 1.15375e+07, 0
1.39767e+07, 8.3302e+06, 0
8.08857e+06, 3.07086e+06, 0
6.36984e+06, 5.11793e+06, 0
7.85662e+06, 8.58057e+06, 0
9.64836e+06, 9.69792e+06, 0
7.33419e+06, 5.09035e+06, 0
6.54327e+06, 8.89981e+06, 0
6.01703e+06, 2.88626e+06, 0
6.08383e+06, 1.42258e+06, 0
7.39781e+06, 6.13749e+06, 0
1.06809e+07, 1.48085e+06, 0
8.85757e+06, 5.37256e+06, 0
7.10642e+06, 3.44942e+06, 0
6.19236e+06, 5.205e+06, 0
6.80833e+06, 9.86806e+06, 0
9.40993e+06, 3.53822e+06, 0
6.37145e+06, 3.75512e+06, 0
6.67689e+06, 542842, 0
7.58707e+06, 5.86569e+06, 0
6.70586e+06, 3.80577e+06, 0
8.06403e+06, 1.30867e+06, 0
1.02036e+07, 2.65916e+06, 0
6.97905e+06, 5.51099e+06, 0
7.1744e+06, 8.25098e+06, 0
6.68424e+06, 4.82525e+06, 0
6.10963e+06, 2.81658e+06, 0
8.38366e+06, 1.18256e+07, 0
9.26987e+06, 5.12409e+06, 0
9.23214e+06, 7.72652e+06, 0
9.24198e+06, 1.59095e+06, 0
6.94207e+06, 5.68453e+06, 0
9.03283e+06, 3.341e+06, 0
9.67826e+06, 2.64918e+06, 0
6.07398e+06, 2.35089e+06, 0
6.58973e+06, 3.71076e+06, 0
7.11007e+06, 5.90158e+06, 0
7.32787e+06, 4.87286e+06, 0
8.49191e+06, 1.08957e+07, 0
6.23724e+06, 1.32908e+06, 0
5.98413e+06, 4.53474e+06, 0
6.63933e+06, 5.3867e+06, 0
6.41788e+06, 1.76294e+06, 0
6.30448e+06, 8.91597e+06, 0
7.54778e+06, 4.94368e+06, 0
6.33759e+06, 6.82558e+06, 0
6.32982e+06, 8.52578e+06, 0
1.05066e+07, 2.04094e+06, 0
7.89323e+06, 7.37937e+06, 0
6.69346e+06, 7.62928e+06, 0
7.28425e+06, 5.0318e+06, 0
6.59534e+06, 7.05543e+06, 0
1.10138e+07, 9.42036e+06, 0
7.36312e+06, 5.45787e+06, 0
8.86592e+06, 3.88128e+06, 0
9.18751e+06, 6.30355e+06, 0
7.17488e+06, 5.5524e+06, 0
6.13225e+06, 982706, 0
9.98721e+06, 1.26896e+06, 0
6.61106e+06, 1.89458e+06, 0
9.60999e+06, 1.94505e+06, 0
6.02791e+06, 2.23195e+06, 0
8.95297e+06, 3.49761e+06, 0
6.28184e+06, 1.86515e+06, 0
9.17297e+06, 5.85563e+06, 0
9.40756e+06, 3.72888e+06, 0
7.47086e+06, 4.61787e+06, 0
8.44553e+06, 1.43666e+06, 0
7.77112e+06, 5.86449e+06, 0
6.25667e+06, 5.86652e+06, 0
7.20806e+06, 3.43395e+06, 0
7.85212e+06, 8.44616e+06, 0
1.01671e+07, 7.04767e+06, 0
7.16922e+06, 3.63817e+06, 0
9.16914e+06, 1.14202e+07, 0
6.60131e+06, 5.47968e+06, 0
6.64198e+06, 9.81939e+06, 0
9.07889e+06, 1.17333e+07, 0
7.59636e+06, 6.37236e+06, 0
7.89245e+06, 3.29212e+06, 0
8.38632e+06, 3.02948e+06, 0
7.96881e+06, 5.89693e+06, 0
6.08552e+06, 6.42492e+06, 0
1.25493e+07, 8.88192e+06, 0
1.00587e+07, 4.4589e+06, 0
8.45007e+06, 3.58015e+06, 0
7.50122e+06, 5.62247e+06, 0
7.54015e+06, 1.21193e+07, 0
1.27722e+07, 1.67618e+06, 0
1.09466e+07, 2.53162e+06, 0
6.66353e+06, 5.00212e+06, 0
7.57439e+06, 6.33514e+06, 0
6.01972e+06, 2.00812e+06, 0
8.91164e+06, 4.51019e+06, 0
6.22313e+06, 2.72391e+06, 0
6.80771e+06, 303941, 0
6.5766e+06, 5.13018e+06, 0
9.47335e+06, 4.11148e+06, 0
8.37654e+06, 1.05125e+07, 0
8.0402e+06, 2.04803e+06, 0
5.98334e+06, 8.59214e+06, 0
7.53705e+06, 1.82257e+06, 0
1.01072e+07, 4.43306e+06, 0
8.34626e+06, 3.8484e+06, 0
8.35706e+06, 1.85131e+06, 0
6.81731e+06, 4.11292e+06, 0
6.71104e+06, 2.31374e+06, 0
7.00393e+06, 5.63293e+06, 0
6.10227e+06, 6.42744e+06, 0
6.26584e+06, 2.73239e+06, 0
6.36155e+06, 3.47206e+06, 0
8.49752e+06, 2.44286e+06, 0
7.49728e+06, 1.55089e+06, 0
9.03156e+06, 9.43842e+06, 0
9.02086e+06, 1.35336e+06, 0
7.35785e+06, 5.71853e+06, 0
7.76458e+06, 1.9338e+06, 0
6.97317e+06, 7.94577e+06, 0
7.53903e+06, 2.61147e+06, 0
8.52575e+06, 4.46044e+06, 0
6.18341e+06, 2.80499e+06, 0
1.3785e+07, 6.528e+06, 0
1.02255e+07, 1.14381e+07, 0
6.27009e+06, 6.84082e+06, 0
6.93431e+06, 2.11542e+06, 0
9.31054e+06, 1.12416e+07, 0
8.69963e+06, 4.16126e+06, 0
8.00194e+06, 4.44589e+06, 0
6.68879e+06, 5.08765e+06, 0
8.3363e+06, 2.48595e+06, 0
9.25055e+06, 5.80278e+06, 0
7.17942e+06, 5.10281e+06, 0
7.15451e+06, 7.38021e+06, 0
8.04997e+06, 4.99858e+06, 0
7.56466e+06, 4.3434e+06, 0
7.31709e+06, 507710, 0
7.70204e+06, 8.64944e+06, 0
8.56142e+06, 5.69927e+06, 0
6.23528e+06, 8.91092e+06, 0
7.50175e+06, 5.86895e+06, 0
8.00853e+06, 4.92173e+06, 0
9.43899e+06, 5.55537e+06, 0
8.35971e+06, 4.27909e+06, 0
6.11121e+06, 2.94241e+06, 0
6.12463e+06, 3.93973e+06, 0
6.22887e+06, 1.01977e+07, 0
7.15535e+06, 6.90392e+06, 0
6.78351e+06, 6.89983e+06, 0
7.11116e+06, 5.79594e+06, 0
7.31589e+06, 1.55898e+06, 0
8.18527e+06, 1.08774e+07, 0
6.56972e+06, 6.66712e+06, 0
7.07988e+06, 4.5945e+06, 0
8.7398e+06, 2.84503e+06, 0
7.43026e+06, 5.99051e+06, 0
6.02361e+06, 3.6973e+06, 0
1.05627e+07, 954442, 0
6.02044e+06, 2.48492e+06, 0
6.30309e+06, 4.38728e+06, 0
7.04332e+06, 1.22906e+07, 0
6.24005e+06, 1.18396e+07, 0
8.79433e+06, 4.35878e+06, 0
6.81162e+06, 3.60649e+06, 0
6.21674e+06, 2.82919e+06, 0
6.32851e+06, 8.34603e+06, 0
9.51399e+06, 2.55821e+06, 0
8.90536e+06, 2.78707e+06, 0
6.8787e+06, 4.82338e+06, 0
6.80925e+06, 3.49073e+06, 0
7.88958e+06, 5.97923e+06, 0
6.10392e+06, 4.48479e+06, 0
6.11712e+06, 4.15118e+06, 0
6.11661e+06, 4.24327e+06, 0
7.68571e+06, 3.5417e+06, 0
6.81889e+06, 4.26884e+06, 0
7.27104e+06, 3.25839e+06, 0
6.62327e+06, 7.9187e+06, 0
6.2257e+06, 8.88681e+06, 0
6.93252e+06, 4.99631e+06, 0
8.7521e+06, 2.68075e+06, 0
7.6536e+06, 1.99175e+06, 0
6.22158e+06, 2.87822e+06, 0
1.05957e+07, 3.55815e+06, 0
8.40717e+06, 5.02215e+06, 0
6.18791e+06, 203076, 0
7.97966e+06, 1.16661e+06, 0
6.09122e+06, 5.98078e+06, 0
6.03592e+06, 3.28642e+06, 0
8.57144e+06, 6.63188e+06, 0
6.57285e+06, 8.01469e+06, 0
7.03726e+06, 4.55054e+06, 0
6.78402e+06, 6.15029e+06, 0
5.98374e+06, 5.54428e+06, 0
8.4692e+06, 1.95711e+06, 0
7.63925e+06, 7.21802e+06, 0
8.72945e+06, 1.73741e+06, 0
7.78625e+06, 1.277e+07, 0
7.44616e+06, 2.79187e+06, 0
6.73883e+06, 1.81997e+06, 0
7.81793e+06, 3.05359e+06, 0
7.9444e+06, 1.04923e+07, 0
7.42232e+06, 4.84941e+06, 0
9.10266e+06, 5.40316e+06, 0
6.1267e+06, 2.50286e+06, 0
6.28506e+06, 6.49626e+06, 0
7.68954e+06, 4.71175e+06, 0
6.75284e+06, 4.82821e+06, 0
6.82392e+06, 4.45008e+06, 0
6.04348e+06, 5.53324e+06, 0
7.86812e+06, 7.84078e+06, 0
6.69918e+06, 8.36417e+06, 0
7.36674e+06, 1.20605e+07, 0
6.42783e+06, 5.43234e+06, 0
1.04197e+07, 5.2495e+06, 0
8.37505e+06, 2.02099e+06, 0
8.63985e+06, 3.62629e+06, 0
6.02399e+06, 4.69873e+06, 0
8.09979e+06, 1.32929e+06, 0
7.73357e+06, 5.78029e+06, 0
7.19004e+06, 5.68483e+06, 0
8.34717e+06, 4.25136e+06, 0
6.31805e+06, 1.98128e+06, 0
8.49535e+06, 6.26563e+06, 0
1.22596e+07, 5.04588e+06, 0
8.72525e+06, 8.40731e+06, 0
1.02661e+07, 4.56205e+06, 0
9.68632e+06, 2.48362e+06, 0
6.70969e+06, 4.14979e+06, 0
8.34703e+06, 1.88254e+06, 0
8.67213e+06, 4.18836e+06, 0
7.01587e+06, 1.27217e+06, 0
7.39178e+06, 2.60619e+06, 0
7.22671e+06, 2.35232e+06, 0
6.07326e+06, 8.18406e+06, 0
6.99135e+06, 2.21762e+06, 0
6.70102e+06, 4.5393e+06, 0
8.40693e+06, 5.17708e+06, 0
1.10757e+07, 8.73922e+06, 0
6.67669e+06, 5.13701e+06, 0
9.21139e+06, 3.9184e+06, 0
8.31606e+06, 5.38573e+06, 0
8.39198e+06, 4.15906e+06, 0
5.99535e+06, 3.75349e+06, 0
6.77505e+06, 8.29513e+06, 0
9.53553e+06, 1.00819e+07, 0
7.07804e+06, 288248, 0
7.11769e+06, 2.72741e+06, 0
1.01577e+07, 1.64947e+06, 0
1.41125e+07, 2.93155e+06, 0
7.20933e+06, 4.08496e+06, 0
6.25688e+06, 9.46917e+06, 0
1.18784e+07, 6.71875e+06, 0
6.52235e+06, 7.4185e+06, 0
6.01639e+06, 2.71792e+06, 0
1.14008e+07, 4.81588e+06, 0
8.86796e+06, 2.90122e+06, 0
6.20453e+06, 9.21042e+06, 0
9.60615e+06, 785822, 0
1.12841e+07, 3.98775e+06, 0
7.6882e+06, 1.18701e+06, 0
7.98263e+06, 4.98633e+06, 0
6.57453e+06, 7.20312e+06, 0
8.71042e+06, 3.71124e+06, 0
6.71612e+06, 9.08398e+06, 0
6.8198e+06, 6.04522e+06, 0
6.26069e+06, 5.16924e+06, 0
9.7613e+06, 1.00054e+07, 0
1.17395e+07, 6.59922e+06, 0
6.28662e+06, 4.99869e+06, 0
1.17024e+07, 4.83416e+06, 0
8.10677e+06, 7.1487e+06, 0
6.91149e+06, 1.57284e+07, 0
9.93914e+06, 3.05403e+06, 0
7.1913e+06, 4.59179e+06, 0
6.37103e+06, 4.55864e+06, 0
6.54481e+06, 6.14111e+06, 0
6.01282e+06, 3.68649e+06, 0
7.08518e+06, 2.73129e+06, 0
9.57077e+06, 9.2945e+06, 0
1.08449e+07, 2.40117e+06, 0
7.26352e+06, 1.28648e+06, 0
