8.59914e+06, 1.58658e+06, 0
1.17823e+07, 2.94707e+06, 0
1.09903e+07, 2.97737e+06, 0
1.01868e+07, 3.22427e+06, 0
9.91735e+06, 1.83155e+06, 0
1.31141e+07, 4.06204e+06, 0
1.14502e+07, 2.92599e+06, 0
8.09164e+06, 1.22271e+06, 0
1.21636e+07, 4.69259e+06, 0
9.32525e+06, 1.07176e+06, 0
1.10122e+07, 3.77554e+06, 0
8.28549e+06, 629830, 0
1.14931e+07, 3.48898e+06, 0
9.31795e+06, 990090, 0
1.01135e+07, 2.97047e+06, 0
9.13859e+06, 1.84874e+06, 0
9.69172e+06, 2.42845e+06, 0
9.81406e+06, 2.09827e+06, 0
9.34417e+06, 1.00097e+06, 0
1.42872e+07, 4.73166e+06, 0
1.08396e+07, 2.30333e+06, 0
8.8632e+06, 1.07898e+06, 0
1.18501e+07, 3.76741e+06, 0
8.18024e+06, 1.02797e+06, 0
9.54141e+06, 2.86046e+06, 0
7.96193e+06, 824432, 0
1.09453e+07, 963989, 0
1.20489e+07, 1.41113e+06, 0
1.19796e+07, 2.81946e+06, 0
1.33216e+07, 5.15853e+06, 0
1.04949e+07, 734141, 0
8.80648e+06, 1.54836e+06, 0
1.00352e+07, 2.78723e+06, 0
9.37897e+06, 1.61874e+06, 0
9.58955e+06, 1.1042e+06, 0
8.77373e+06, 896576, 0
1.11692e+07, 391939, 0
1.08912e+07, 3.03948e+06, 0
1.12699e+07, 1.75799e+06, 0
8.5109e+06, 632083, 0
1.09021e+07, 1.12048e+06, 0
8.92296e+06, 1.83383e+06, 0
1.04028e+07, 1.87041e+06, 0
1.00609e+07, 2.12027e+06, 0
8.39167e+06, 713513, 0
1.14763e+07, 2.39194e+06, 0
1.24913e+07, 3.3157e+06, 0
8.03626e+06, 826754, 0
9.78682e+06, 1.0547e+06, 0
1.07477e+07, 1.26023e+06, 0
9.26545e+06, 1.43976e+06, 0
1.07451e+07, 3.23811e+06, 0
9.82717e+06, 2.45778e+06, 0
9.6259e+06, 2.8654e+06, 0
8.92661e+06, 829320, 0
1.02474e+07, 3.49145e+06, 0
1.29039e+07, 4.17688e+06, 0
8.23923e+06, 1.4541e+06, 0
1.188e+07, 4.68125e+06, 0
9.30081e+06, 2.0606e+06, 0
9.83041e+06, 2.02465e+06, 0
1.01675e+07, 2.60793e+06, 0
8.56781e+06, 1.96833e+06, 0
1.25669e+07, 5.14001e+06, 0
7.86558e+06, 822172, 0
1.49476e+07, 6.36029e+06, 0
1.10557e+07, 1.6894e+06, 0
1.08439e+07, 1.54917e+06, 0
8.25641e+06, 861721, 0
9.89407e+06, 2.65373e+06, 0
9.30806e+06, 1.23406e+06, 0
1.17942e+07, 1.91017e+06, 0
8.60515e+06, 1.88716e+06, 0
1.14452e+07, 1.83136e+06, 0
1.23754e+07, 1.39718e+06, 0
9.16108e+06, 1.95342e+06, 0
8.25467e+06, 1.57593e+06, 0
8.58074e+06, 1.70752e+06, 0
1.0168e+07, 2.88862e+06, 0
7.95671e+06, 166424, 0
1.40331e+07, 2.42523e+06, 0
1.09501e+07, 2.58526e+06, 0
8.66138e+06, 2.04896e+06, 0
1.00459e+07, 2.57363e+06, 0
8.54988e+06, 1.62026e+06, 0
1.00656e+07, 1.23325e+06, 0
8.94948e+06, 1.45026e+06, 0
1.09611e+07, 1.29477e+06, 0
1.03416e+07, 3.48808e+06, 0
1.00713e+07, 2.31846e+06, 0
8.04177e+06, 640581, 0
1.041e+07, 1.70943e+06, 0
1.13969e+07, 3.06229e+06, 0
1.21219e+07, 4.35969e+06, 0
9.4616e+06, 1.92409e+06, 0
1.05388e+07, 3.5899e+06, 0
1.34662e+07, 3.31897e+06, 0
1.03158e+07, 855072, 0
8.94891e+06, 2.26511e+06, 0
9.29112e+06, 2.59343e+06, 0
8.3009e+06, 617359, 0
1.04418e+07, 3.53485e+06, 0
9.7179e+06, 2.19893e+06, 0
1.01776e+07, 2.31115e+06, 0
1.13364e+07, 875605, 0
1.1002e+07, 3.44383e+06, 0
9.64211e+06, 1.56679e+06, 0
1.04696e+07, 1.31223e+06, 0
9.78226e+06, 1.43003e+06, 0
8.24417e+06, 1.50096e+06, 0
9.44553e+06, 2.11057e+06, 0
1.25874e+07, 3.61345e+06, 0
1.02518e+07, 2.89573e+06, 0
8.79582e+06, 1.63105e+06, 0
8.71608e+06, 1.32776e+06, 0
1.71375e+07, 5.20192e+06, 0
1.08194e+07, 2.68372e+06, 0
9.70092e+06, 3.00198e+06, 0
9.44925e+06, 1.37296e+06, 0
1.41602e+07, 5.24747e+06, 0
1.0004e+07, 2.85492e+06, 0
9.40712e+06, 2.28896e+06, 0
1.40892e+07, 3.01508e+06, 0
9.35841e+06, 2.00089e+06, 0
1.01901e+07, 3.34173e+06, 0
8.48e+06, 683056, 0
8.08686e+06, 888517, 0
1.10307e+07, 3.62633e+06, 0
7.7714e+06, 300180, 0
1.16109e+07, 3.0498e+06, 0
1.29316e+07, 1.28283e+06, 0
1.11488e+07, 2.08581e+06, 0
1.11071e+07, 1.26123e+06, 0
7.93744e+06, 250147, 0
1.02253e+07, 925289, 0
9.31928e+06, 1.61632e+06, 0
9.66426e+06, 2.21376e+06, 0
1.10823e+07, 3.7551e+06, 0
1.37052e+07, 4.27478e+06, 0
9.67057e+06, 2.51709e+06, 0
8.73555e+06, 1.61721e+06, 0
1.26518e+07, 1.40929e+06, 0
1.14861e+07, 1.40495e+06, 0
8.80691e+06, 1.8216e+06, 0
8.88302e+06, 2.16572e+06, 0
1.16446e+07, 2.29904e+06, 0
1.01551e+07, 1.96447e+06, 0
1.049e+07, 1.2748e+06, 0
8.21463e+06, 741586, 0
1.20905e+07, 3.36772e+06, 0
9.93359e+06, 2.10058e+06, 0
1.01846e+07, 2.68059e+06, 0
1.07849e+07, 335694, 0
9.42965e+06, 2.84662e+06, 0
1.0666e+07, 2.02566e+06, 0
1.09301e+07, 2.47459e+06, 0
1.09103e+07, 2.90363e+06, 0
1.18218e+07, 4.47796e+06, 0
8.66838e+06, 959280, 0
7.80229e+06, 157467, 0
9.02071e+06, 1.39568e+06, 0
1.18826e+07, 3.08518e+06, 0
8.40997e+06, 1.10244e+06, 0
1.15595e+07, 3.82775e+06, 0
8.10296e+06, 1.1039e+06, 0
8.89107e+06, 865081, 0
1.09269e+07, 1.78621e+06, 0
9.4211e+06, 1.52338e+06, 0
1.185e+07, 4.09275e+06, 0
1.16485e+07, 3.18616e+06, 0
9.25082e+06, 2.02353e+06, 0
8.3791e+06, 1.46643e+06, 0
1.05753e+07, 1.10405e+06, 0
8.85349e+06, 1.89902e+06, 0
1.08286e+07, 720744, 0
9.05762e+06, 2.01181e+06, 0
1.12341e+07, 3.94874e+06, 0
1.02948e+07, 2.60859e+06, 0
1.27038e+07, 5.13942e+06, 0
8.10984e+06, 1.05349e+06, 0
8.77503e+06, 1.74738e+06, 0
9.54864e+06, 1.63309e+06, 0
9.25917e+06, 1.65072e+06, 0
1.24695e+07, 4.0007e+06, 0
1.00157e+07, 1.83272e+06, 0
1.17923e+07, 1.0212e+06, 0
9.4919e+06, 2.81967e+06, 0
9.95972e+06, 1.3041e+06, 0
1.11895e+07, 2.91136e+06, 0
1.20045e+07, 806573, 0
9.49365e+06, 1.89012e+06, 0
9.16709e+06, 2.39224e+06, 0
8.66683e+06, 185782, 0
9.63822e+06, 2.63717e+06, 0
9.5278e+06, 1.87359e+06, 0
9.01271e+06, 1.82629e+06, 0
8.75682e+06, 1.43561e+06, 0
9.37472e+06, 2.51013e+06, 0
1.09326e+07, 3.55044e+06, 0
8.6148e+06, 1.12184e+06, 0
1.20079e+07, 2.57567e+06, 0
1.10077e+07, 3.42093e+06, 0
9.09863e+06, 1.40385e+06, 0
9.77905e+06, 2.67265e+06, 0
1.09801e+07, 1.40621e+06, 0
1.23237e+07, 4.83573e+06, 0
1.09425e+07, 1.99178e+06, 0
1.04641e+07, 2.08413e+06, 0
1.34844e+07, 3.9804e+06, 0
1.49319e+07, 3.12244e+06, 0
1.07099e+07, 2.91108e+06, 0
8.67532e+06, 1.67527e+06, 0
1.61887e+07, 6.67205e+06, 0
9.32769e+06, 994051, 0
9.62476e+06, 2.50868e+06, 0
1.00244e+07, 1.1128e+06, 0
1.38767e+07, 5.3551e+06, 0
8.77156e+06, 1.05546e+06, 0
1.19061e+07, 3.21695e+06, 0
1.13827e+07, 3.64476e+06, 0
1.1831e+07, 1.36393e+06, 0
8.49844e+06, 1.91237e+06, 0
1.5198e+07, 5.74741e+06, 0
9.26092e+06, 1.30663e+06, 0
1.20104e+07, 4.63334e+06, 0
8.86382e+06, 1.78851e+06, 0
1.00677e+07, 1.67733e+06, 0
8.75673e+06, 938466, 0
1.13709e+07, 4.23692e+06, 0
