141539, 40140.9, 0
118279, 46799.4, 0
50551.8, 13907.9, 0
269686, 112491, 0
169348, 94235.9, 0
101588, 34836.8, 0
11444.4, 2873.86, 0
116446, 32073.5, 0
202007, 53567.9, 0
47504.3, 7544.03, 0
102691, 38849.4, 0
167152, 65325.2, 0
87770.6, 40516.8, 0
205497, 26510.5, 0
195499, 12375.5, 0
63929.1, 19956.7, 0
32401.2, 7463.61, 0
69685.4, 18270.9, 0
208173, 92389.9, 0
234530, 107237, 0
159116, 61302.2, 0
104275, 36662.5, 0
119604, 75421.6, 0
102793, 49419.5, 0
126041, 62818, 0
107232, 55035.6, 0
44719.5, 29976, 0
183992, 91282.3, 0
118917, 51916.8, 0
182292, 72282.6, 0
208488, 74437.6, 0
21042.2, 13914.2, 0
221618, 35204.1, 0
115994, 60885, 0
174734, 46891.6, 0
78749.5, 51595.3, 0
142332, 78666.6, 0
36549.6, 17973.8, 0
119092, 47049.6, 0
55784.3, 11861.7, 0
172254, 59375.5, 0
38668.2, 26304.8, 0
103524, 52875.6, 0
199742, 60765.9, 0
227728, 88216, 0
56528.8, 33354.2, 0
84364, 56096.2, 0
194762, 98696.9, 0
43908.3, 14459.4, 0
94800.5, 56039.2, 0
129769, 72490.7, 0
100396, 43507.6, 0
67734.4, 29948.5, 0
218298, 42592.8, 0
78584.6, 28410.8, 0
157202, 66671.6, 0
166969, 99647.4, 0
49599.3, 33561.4, 0
117832, 64978, 0
177990, 86141, 0
114925, 37054.9, 0
140389, 50411.8, 0
50126, 33172.1, 0
75563.7, 30224, 0
100485, 44449, 0
202165, 78029.5, 0
146058, 104676, 0
97731.3, 10110.9, 0
132921, 73896.2, 0
96500.5, 58810.2, 0
68543, 42563.8, 0
168564, 79210.6, 0
147332, 74391.5, 0
127548, 70862.5, 0
78427.5, 44294.6, 0
35340.9, 18091.7, 0
191646, 85242.9, 0
81895.8, 45765.5, 0
73085.5, 14151.6, 0
181850, 80949.9, 0
75870.2, 46105.9, 0
90002.8, 52444.9, 0
60722.4, 20041.5, 0
90509.5, 49507.4, 0
73276.8, 49732.1, 0
138161, 8662.11, 0
183523, 37664.8, 0
101800, 60470.1, 0
136723, 86321.8, 0
24804.7, 15283.5, 0
127414, 60300.5, 0
93645.9, 66230.9, 0
57882.1, 24796.8, 0
189214, 105746, 0
119186, 70975.7, 0
50835.5, 28924.8, 0
80302.3, 44824.5, 0
120013, 65311.4, 0
106490, 59213.9, 0
185311, 87044.5, 0
70433.7, 40895.4, 0
194898, 86875.4, 0
149685, 26073.8, 0
161678, 74928, 0
92159.6, 56469.2, 0
63174.2, 37086.7, 0
180392, 109761, 0
123088, 34566.3, 0
41361.2, 28407.2, 0
107254, 37053, 0
55654.1, 31015.1, 0
69413, 28729.6, 0
130111, 75137.2, 0
108182, 36971.9, 0
100922, 45982.5, 0
135609, 69099.6, 0
26997.8, 5020.75, 0
173314, 34666.4, 0
238597, 128838, 0
199043, 138666, 0
249984, 169785, 0
101989, 58450.7, 0
68209.9, 34974.7, 0
132876, 88326.1, 0
83481.9, 50110.6, 0
72570.6, 44043.9, 0
172940, 66168.4, 0
164581, 60860.3, 0
91557, 54406.4, 0
112781, 81029.1, 0
114083, 59127, 0
116752, 65590.7, 0
150027, 61270.2, 0
137042, 91290.7, 0
175300, 76549.4, 0
105872, 52220.5, 0
92313.9, 62906.3, 0
124122, 85331.4, 0
230592, 53522.4, 0
116800, 40512.4, 0
84294.4, 19312.7, 0
104842, 39539.6, 0
83889, 59401.2, 0
142679, 44070.5, 0
175038, 21583.9, 0
88994.9, 56975.1, 0
199716, 65961.8, 0
204062, 110293, 0
81766.6, 48418.6, 0
106316, 16364.1, 0
248470, 173590, 0
60995.1, 28023.7, 0
134434, 49019.1, 0
100855, 16694.2, 0
177312, 47420.1, 0
111896, 61640, 0
189960, 45988.4, 0
38325.3, 2773.01, 0
286486, 95720.1, 0
163961, 77489.9, 0
159083, 11620.9, 0
267447, 138632, 0
235314, 122522, 0
243678, 123780, 0
75854.2, 54436, 0
113812, 78001.3, 0
183888, 44929.8, 0
129205, 53911.7, 0
179175, 26942.1, 0
102186, 67943.8, 0
137068, 81395.9, 0
35999.2, 8157.55, 0
143733, 43956.5, 0
140880, 97091.1, 0
203142, 54100.6, 0
242030, 83926.1, 0
62709.1, 41469.7, 0
79747.7, 14038.2, 0
86815.7, 33286.4, 0
53267.7, 19445.7, 0
158914, 60909.5, 0
111612, 34164.7, 0
251014, 136176, 0
147009, 51994.3, 0
188702, 96118.8, 0
156252, 41191.8, 0
89059.6, 43671.3, 0
117356, 25196.1, 0
138528, 52757.7, 0
186914, 3355.57, 0
77965.7, 55519.6, 0
76377.2, 42622.3, 0
153160, 97881.4, 0
20032.8, 3697.99, 0
171120, 107491, 0
136548, 27702.1, 0
123299, 35827.1, 0
66466, 26619.5, 0
221889, 150621, 0
101342, 52372, 0
86980.7, 49577.3, 0
95812.4, 65380.6, 0
54622.7, 19470.9, 0
81904.9, 19965.3, 0
109483, 76662.2, 0
123596, 87174.9, 0
142495, 70425.5, 0
60088.9, 36984.2, 0
158803, 36433, 0
52820.9, 20163.2, 0
86377, 8343.01, 0
132574, 10202.1, 0
95133.1, 67441.6, 0
103985, 66845.9, 0
152630, 43101.1, 0
196536, 138866, 0
68166.1, 33307, 0
77530.6, 12998.8, 0
97270.6, 36654.8, 0
149275, 102924, 0
226377, 66616.9, 0
149482, 80176.5, 0
173205, 123124, 0
119001, 70039.9, 0
158494, 33028.3, 0
103441, 24113.1, 0
163856, 60240.5, 0
71281.9, 29199, 0
124158, 73973.6, 0
215461, 95655.7, 0
112126, 23843.4, 0
171837, 33184.6, 0
84282.8, 40942.3, 0
71177.4, 47956.4, 0
237593, 146246, 0
214361, 146312, 0
126926, 78703.4, 0
73783.6, 22038.9, 0
27848.1, 17434.7, 0
47827.1, 23211, 0
162561, 43540.3, 0
190454, 107943, 0
68377.6, 31788.6, 0
138638, 36966.5, 0
181461, 28178.9, 0
112998, 44421.5, 0
191112, 82019.7, 0
173327, 70327.9, 0
92212.7, 66306.5, 0
62928, 43323.7, 0
98313.9, 46149.7, 0
81724.8, 25029.2, 0
129263, 66113.7, 0
60729.4, 10619.2, 0
110055, 40490.6, 0
20112.4, 9475.19, 0
69757.4, 19170.2, 0
162853, 31716.3, 0
169354, 67235.7, 0
135197, 37942.7, 0
66691.7, 31208.6, 0
48626.8, 10497.2, 0
195557, 93058.3, 0
96315.2, 65479.8, 0
134660, 64329.5, 0
114083, 38602, 0
67629.4, 46026.3, 0
82514.1, 54457.5, 0
100240, 42012.4, 0
130921, 90995.2, 0
66423.4, 37384.2, 0
92925.6, 41782.9, 0
103929, 65872.6, 0
127073, 48367.4, 0
188502, 116004, 0
174792, 114724, 0
156413, 101768, 0
199221, 105571, 0
219929, 145307, 0
311148, 35852.4, 0
109903, 33400.5, 0
272982, 112665, 0
137508, 41831.5, 0
114982, 42725, 0
69103.1, 43625.6, 0
54364.5, 24738.7, 0
152996, 104516, 0
119787, 70769.4, 0
205282, 141584, 0
96112.2, 56495.4, 0
126173, 52121.9, 0
97740.9, 69465.9, 0
119178, 62075, 0
93223.4, 30828.2, 0
108139, 48707.6, 0
174841, 107853, 0
48868.7, 17310.3, 0
166816, 52175.7, 0
154568, 55243.1, 0
93906.2, 44325.8, 0
212037, 75716.1, 0
102491, 68165.6, 0
128659, 68602.4, 0
129796, 58723.1, 0
115716, 57724.6, 0
176655, 79485.6, 0
107743, 71840.1, 0
180000, 19794.9, 0
83554.8, 41072.9, 0
108035, 29686.3, 0
192396, 38693.4, 0
133479, 60682.9, 0
82480.3, 50539.7, 0
120767, 64865.3, 0
55948.9, 13436.5, 0
128014, 64148.5, 0
127290, 26414.8, 0
208081, 102247, 0
136312, 72458.3, 0
155964, 52176.7, 0
63201.9, 25130.2, 0
210585, 23787.7, 0
86415.3, 43002.7, 0
116939, 58582.5, 0
159380, 56822.9, 0
174051, 77512.9, 0
145545, 4560.11, 0
215404, 122294, 0
116917, 39048.9, 0
165370, 36130.1, 0
77910.9, 34226.5, 0
63190.8, 18979.2, 0
120183, 64529, 0
74339.9, 44682.8, 0
116179, 34526, 0
171377, 28092.4, 0
102553, 15664.3, 0
119302, 83965.7, 0
78047.7, 14189.6, 0
83248.3, 38199.3, 0
100690, 42101.5, 0
135542, 33919.8, 0
96787, 64188.8, 0
120571, 34144.4, 0
108347, 75484.5, 0
90398, 22116.5, 0
117460, 63228.5, 0
175144, 41663.2, 0
202761, 98286.3, 0
49892.3, 32177.4, 0
152359, 98539, 0
172725, 115343, 0
79252.9, 53564.3, 0
138961, 54821.7, 0
149264, 91154.8, 0
218062, 95956, 0
101613, 41835.5, 0
82521.2, 11765, 0
93333.5, 56104.9, 0
36891.6, 6202.9, 0
142434, 99305.5, 0
82310.1, 48903.8, 0
134582, 76219.7, 0
134565, 81952.9, 0
147196, 21758.7, 0
64639.3, 11810.6, 0
182994, 108181, 0
100457, 34035, 0
121068, 28227.7, 0
169415, 20906.7, 0
63338.9, 40590.3, 0
144104, 66403.4, 0
135113, 63670.5, 0
88326.9, 26248.5, 0
166531, 77206.4, 0
106354, 24199.1, 0
145575, 38047.9, 0
191204, 103681, 0
154583, 91481, 0
185658, 117397, 0
178681, 22624.2, 0
93084.6, 31350.9, 0
87530.2, 44800.2, 0
103215, 43689.2, 0
116102, 69306.9, 0
73562.7, 35749.7, 0
43860.4, 24217.7, 0
42143.7, 24562.1, 0
104399, 35480.2, 0
86821, 38378.2, 0
95972.3, 48287.9, 0
58494.5, 20736.9, 0
63834, 24966.1, 0
125059, 82420.1, 0
293742, 72327.3, 0
117032, 51429.7, 0
155865, 36858.5, 0
153547, 61183.2, 0
148700, 30029.5, 0
196707, 133869, 0
121392, 68072.9, 0
75548.6, 33684.5, 0
300703, 184416, 0
76168.8, 15247.8, 0
189363, 129454, 0
67022.9, 27484.4, 0
90418.7, 59880.3, 0
239923, 156923, 0
34742.8, 24188.7, 0
43713.9, 28148.6, 0
131420, 30660.7, 0
111439, 47787.3, 0
173229, 112863, 0
80821.5, 19507.3, 0
152244, 72587.2, 0
209143, 98502.5, 0
64284.5, 43341.8, 0
72268.6, 39751.3, 0
117338, 78508.5, 0
151308, 74237.7, 0
151021, 86310.9, 0
86257.8, 57709.3, 0
122027, 48728.2, 0
133969, 70252.2, 0
142921, 87329.1, 0
91443.5, 64536.4, 0
162465, 83993.5, 0
115699, 17880.9, 0
167345, 53787.8, 0
222382, 133513, 0
79107.7, 40700.5, 0
130902, 22444.7, 0
147205, 84499.7, 0
115109, 53267, 0
126191, 29976.5, 0
164643, 68102, 0
40435.7, 26892.5, 0
40631.8, 29100.9, 0
108070, 65966.4, 0
201626, 85578.9, 0
171532, 53929.2, 0
167248, 66353.6, 0
67764, 25369, 0
115843, 36754.9, 0
29295.9, 20075.1, 0
118868, 67178.8, 0
179480, 44530.9, 0
105380, 71259.9, 0
151583, 83303.1, 0
102864, 58253.1, 0
162169, 62629, 0
116349, 74376.8, 0
196947, 71302.1, 0
63943.9, 40194.2, 0
137285, 96658.3, 0
34983.1, 16089.4, 0
65265.4, 22659, 0
197109, 63994.9, 0
224100, 50423.9, 0
87486.1, 53459.3, 0
173132, 122512, 0
117003, 82832.9, 0
137758, 22292.3, 0
122494, 45574.9, 0
109099, 37765.8, 0
158179, 70721.5, 0
135867, 65741.5, 0
96246.3, 56930.5, 0
167561, 56032.5, 0
99965.7, 51639.6, 0
23593.1, 10117.3, 0
63892.7, 26388.9, 0
81904.4, 47211.6, 0
124812, 78987.4, 0
144615, 66193.6, 0
27836.3, 5204.28, 0
63540.7, 27720.2, 0
68964.9, 16878, 0
125805, 53838.4, 0
23752.1, 15757.7, 0
94355.4, 64909.5, 0
101636, 56566.8, 0
174619, 28596, 0
102467, 67738.4, 0
154959, 95978.2, 0
152400, 30362.2, 0
138303, 30076.3, 0
47116.3, 10728.1, 0
124129, 40579.3, 0
120498, 35701.7, 0
226180, 95268.8, 0
163467, 106355, 0
106956, 19264, 0
240902, 159058, 0
70948, 30706.7, 0
117828, 70469.3, 0
215578, 123613, 0
11698.1, 3590.82, 0
116994, 61490.1, 0
97570.7, 56679.1, 0
120783, 66280, 0
79871.1, 45892.9, 0
61040.8, 40607.6, 0
147526, 89838.9, 0
55290.5, 19715.7, 0
159122, 46070.8, 0
215906, 105594, 0
305593, 127352, 0
213140, 70662.3, 0
88040.4, 37509.6, 0
68683.3, 25731.8, 0
69965.2, 23906.5, 0
184929, 88979.6, 0
143116, 46385.5, 0
40599.7, 15196.7, 0
149013, 79508.5, 0
111864, 51336.9, 0
117020, 8412.53, 0
93270, 62720.3, 0
100992, 63275.1, 0
131265, 84444.9, 0
203131, 69380.5, 0
108652, 22721.6, 0
132970, 53011.4, 0
192374, 61416.6, 0
209910, 70374.7, 0
150036, 70674.6, 0
65100.2, 44605.4, 0
67419.9, 41041.1, 0
140093, 82553.5, 0
54805.2, 28829.2, 0
167180, 97984.6, 0
53076.4, 35210.4, 0
84193, 39318.6, 0
80809, 11746.9, 0
89582.5, 37976, 0
142305, 62665.2, 0
179408, 67676.7, 0
135329, 88019.2, 0
179263, 44592.8, 0
188441, 69432.9, 0
205377, 145875, 0
15598.6, 8331.92, 0
52363.2, 26690.8, 0
61066.1, 27009.3, 0
170023, 61623.9, 0
120759, 85367.5, 0
214236, 71200.2, 0
210578, 64387.5, 0
217569, 118468, 0
119590, 83837.7, 0
111200, 53376.7, 0
195470, 103036, 0
63295.2, 31224.3, 0
152337, 26943.6, 0
219596, 95125.9, 0
47455.8, 15267.9, 0
189222, 59450.3, 0
168693, 64263.6, 0
227786, 120522, 0
60500.6, 40295.3, 0
46132.1, 28106, 0
106237, 46295.8, 0
69443.4, 34477, 0
177205, 47523.6, 0
157512, 48752.1, 0
152687, 61612.5, 0
132896, 67457.8, 0
14599.7, 6967.34, 0
140360, 68697.1, 0
72205.8, 31227.8, 0
162521, 110461, 0
106471, 48863, 0
136894, 52744.3, 0
135849, 19553.5, 0
56080.7, 26117.1, 0
137198, 98225.6, 0
93477.7, 45958.8, 0
98973.8, 46603.5, 0
29116.9, 16900.1, 0
104832, 57354.3, 0
46618.3, 32085.9, 0
196948, 139282, 0
130819, 88278.4, 0
130034, 67230.5, 0
168838, 46992.3, 0
162121, 94979.3, 0
128158, 67775.8, 0
157116, 100040, 0
179658, 88138, 0
233223, 53095.7, 0
139315, 50884.1, 0
38830.1, 22577.7, 0
97524.3, 30512.9, 0
218109, 54219.1, 0
118554, 77790.8, 0
225576, 80040.7, 0
157046, 67199.9, 0
142657, 67181.5, 0
68760.9, 10345, 0
169030, 115176, 0
156272, 64426.6, 0
108066, 36735.6, 0
80680.7, 48396.8, 0
141963, 49998.1, 0
53038.9, 22060.1, 0
127710, 62101.8, 0
120514, 56814.7, 0
147410, 41611.2, 0
55625.2, 31134, 0
220061, 91777.8, 0
235903, 73815, 0
104042, 19936.3, 0
204715, 116664, 0
77492.5, 20678.7, 0
74647.3, 24043.4, 0
226953, 32646.8, 0
107806, 67337.4, 0
180190, 48745, 0
277813, 131195, 0
162695, 86676.3, 0
133575, 11980.5, 0
139569, 75498.2, 0
160877, 28501.3, 0
198396, 77242, 0
179249, 100715, 0
84944.9, 53132.4, 0
183587, 49267, 0
114337, 29268.7, 0
121131, 46250.2, 0
65738.3, 29666.3, 0
55249.5, 24724.7, 0
60651, 39184.5, 0
140758, 44126.6, 0
118064, 21000.1, 0
244946, 110754, 0
193302, 88885.8, 0
132370, 18318.5, 0
192599, 115271, 0
161386, 7438.27, 0
93297.7, 19574.8, 0
179592, 62566.3, 0
179888, 101844, 0
91962.7, 42172.3, 0
192223, 117969, 0
113696, 49021, 0
85945.5, 42411, 0
66262.6, 39970.8, 0
88220.4, 59703.8, 0
196267, 34648.1, 0
122996, 32048.5, 0
138161, 34820.6, 0
159397, 95697.1, 0
148505, 75244.3, 0
157317, 53088.8, 0
114481, 17952.3, 0
205435, 117977, 0
54233, 33213.6, 0
53700.2, 35676.4, 0
124651, 58598.5, 0
317491, 90701.3, 0
172122, 89431.4, 0
140264, 43440, 0
155582, 33424.6, 0
222151, 81571.8, 0
136885, 92624.2, 0
65856.4, 21667.1, 0
163555, 39087.6, 0
203290, 105998, 0
87988.3, 10777.1, 0
193703, 30551.9, 0
272469, 22664.6, 0
77267.4, 53042.4, 0
114265, 49301.6, 0
64680.4, 42775, 0
151606, 82696, 0
226205, 128331, 0
62539.5, 16725.8, 0
146607, 100507, 0
111568, 68710.4, 0
156148, 67290.3, 0
89751.9, 29258.3, 0
85415.4, 47027.8, 0
143878, 31158.4, 0
108751, 19042.9, 0
62075.9, 38203.1, 0
184297, 90556.2, 0
170243, 45116.4, 0
101473, 53457.2, 0
171838, 110930, 0
130596, 66706.5, 0
81225.7, 51480.3, 0
177210, 30923.5, 0
44117.5, 29293.5, 0
156186, 30496.4, 0
77889.8, 39446.1, 0
61220.6, 30676.7, 0
76175.5, 48904.3, 0
31279.8, 17121.4, 0
128080, 42977.5, 0
138610, 68809.2, 0
87761.6, 56646.2, 0
157473, 103122, 0
70723.3, 43881.7, 0
120920, 52196.5, 0
52704.7, 36502, 0
101071, 45525.4, 0
262243, 30582.9, 0
76529.1, 19604, 0
166725, 83116, 0
162646, 57196.3, 0
105576, 67934.4, 0
23883.3, 2345.05, 0
223989, 101762, 0
174095, 91995.3, 0
49154.1, 22706.6, 0
75469.6, 51275.1, 0
79400.2, 32282.4, 0
64728.9, 27253.6, 0
118961, 80292.9, 0
65686.7, 43862.8, 0
154710, 26820.3, 0
135054, 60984.8, 0
107184, 14700.1, 0
119660, 68775.3, 0
89601.6, 51186.3, 0
107248, 77116.1, 0
165158, 3514.84, 0
104640, 6531.4, 0
138778, 38432.5, 0
54769.4, 25274.8, 0
53763.6, 30736.1, 0
72188.3, 39573.4, 0
55358.6, 31012.2, 0
226074, 118523, 0
41326.8, 21013, 0
105359, 68355.6, 0
109907, 78513.5, 0
155422, 97469.2, 0
96261.2, 27619.8, 0
98149, 35321.6, 0
52208, 22366.5, 0
187316, 67647.8, 0
119602, 69442.1, 0
76619.6, 53301.7, 0
204921, 98480, 0
296650, 122203, 0
98401.4, 67262.5, 0
172302, 86878.3, 0
125178, 76563.5, 0
17900.8, 12377.5, 0
79294.3, 49071.7, 0
177107, 55330.9, 0
94288, 21453.3, 0
72307.2, 33827, 0
146125, 63949.9, 0
209997, 128059, 0
112906, 75195.2, 0
186674, 81641.9, 0
94632.1, 45979.5, 0
152793, 60206.4, 0
104516, 31999.8, 0
112207, 6502.64, 0
170563, 115774, 0
99104.4, 51498.7, 0
86626, 47621, 0
157678, 79260.9, 0
159425, 73286.2, 0
73545.5, 8236.47, 0
273818, 122297, 0
149884, 72697, 0
73912.4, 33466.3, 0
134735, 61887.2, 0
142298, 69255.1, 0
168598, 30990.1, 0
175285, 73263.1, 0
80445.5, 39603.5, 0
116674, 38980.9, 0
167083, 55267.9, 0
104299, 58407.8, 0
118437, 12507.7, 0
104220, 60471.1, 0
178263, 114000, 0
96863.5, 39650.4, 0
186031, 91275.5, 0
38962, 19210.1, 0
54756.4, 25016.9, 0
164801, 56603.5, 0
109554, 69288.4, 0
146536, 27411.5, 0
183516, 129654, 0
120476, 70300, 0
78067.9, 9091.13, 0
185182, 54194.4, 0
114283, 48849.8, 0
200296, 120771, 0
127009, 56578.1, 0
241541, 85950.2, 0
152203, 104002, 0
79674.5, 52494.7, 0
97888.9, 55585.5, 0
78442.5, 55276.1, 0
150175, 46756.8, 0
135647, 34663.9, 0
162159, 29563.2, 0
51027.2, 34814.3, 0
120315, 76219, 0
90172.9, 38436.4, 0
106839, 48201.3, 0
161366, 30560.7, 0
105603, 62516.1, 0
34432.4, 19655.6, 0
127659, 81909.1, 0
137867, 17609.7, 0
45145.1, 22081.8, 0
164570, 27366.5, 0
141699, 29035.2, 0
52532, 31547.5, 0
94686.8, 34352.5, 0
121425, 80033.4, 0
99410.1, 21144.8, 0
294766, 70427, 0
137452, 40775.8, 0
83819.8, 31708.7, 0
71787.3, 44519.3, 0
116201, 24258.2, 0
120356, 65863.8, 0
139993, 95998, 0
116109, 66467.3, 0
15064.1, 10488.1, 0
179672, 25380.2, 0
164718, 91850.9, 0
130276, 40710.7, 0
142800, 45076.4, 0
230151, 43763.3, 0
56811.4, 36375.1, 0
129945, 74109.9, 0
153134, 107506, 0
136704, 86414.5, 0
76336.8, 51924.5, 0
90799.7, 34336.4, 0
163257, 78145.3, 0
45233.7, 30151.5, 0
220890, 24771.5, 0
29216.4, 15208.7, 0
121660, 73582.5, 0
93136.6, 59635.9, 0
126816, 80095.1, 0
163621, 94020.8, 0
103793, 56530.7, 0
127696, 58846.8, 0
74205.2, 37222.3, 0
43199.4, 23493.1, 0
45651.9, 26509.3, 0
143936, 76884.2, 0
187401, 25242.7, 0
154501, 51178.4, 0
184642, 52160.4, 0
97853.9, 52049.4, 0
124326, 69019.6, 0
91733.1, 46593, 0
66967, 20635.8, 0
135782, 77148.5, 0
132944, 58593.8, 0
162705, 90581.7, 0
134746, 64938.9, 0
113368, 10261.2, 0
36310.9, 17274.7, 0
146857, 72792.2, 0
39797.1, 7082.18, 0
136857, 97635.1, 0
74281, 35542.7, 0
107703, 68920.1, 0
71128.2, 25232.9, 0
64144.7, 21405.6, 0
223705, 127272, 0
91822.7, 59064.3, 0
177829, 59091.1, 0
81758, 33819.6, 0
133996, 50601.3, 0
113124, 64320.4, 0
138470, 90941.9, 0
111283, 76533.9, 0
140085, 54265.6, 0
31412.1, 5887.04, 0
88698.4, 49805.9, 0
52812.9, 36410.9, 0
196589, 48193.8, 0
86659.5, 41377.7, 0
184592, 108835, 0
50663.1, 26736.5, 0
85264.7, 52403.2, 0
207107, 34153.1, 0
21789, 6147.09, 0
230705, 45400.4, 0
46808.1, 11811.1, 0
183243, 67827.4, 0
103888, 58458.3, 0
71372.8, 31650.8, 0
151659, 61229.8, 0
138952, 28799.2, 0
188134, 120959, 0
31305.2, 16127.1, 0
74297.2, 40314, 0
97750.8, 42573.1, 0
19303.1, 7444.41, 0
35410, 23032.4, 0
120002, 31873.2, 0
75286.1, 47085.1, 0
186356, 118026, 0
116036, 34094, 0
215575, 13949.6, 0
101058, 16804.4, 0
134849, 76646.3, 0
132158, 24898.4, 0
82109.9, 22331.8, 0
56120.2, 30254.9, 0
91435.9, 52581.9, 0
170603, 102194, 0
146290, 60950.9, 0
102656, 34227.4, 0
118122, 84199.8, 0
66866.3, 33567.9, 0
40714.2, 26827, 0
138833, 68061.3, 0
131621, 91531.4, 0
160556, 26944.1, 0
173375, 37981, 0
101226, 18089.9, 0
141674, 60511.8, 0
104467, 63640.6, 0
146047, 19370.6, 0
84033.1, 44698, 0
95361.9, 63637.8, 0
114969, 56549.4, 0
119037, 6901.21, 0
65193.4, 14842.6, 0
91797.6, 39347.3, 0
286298, 181139, 0
94765.5, 60731.2, 0
57118.8, 33567.5, 0
125798, 36674, 0
154357, 95928.7, 0
258755, 73452.1, 0
122533, 84788.5, 0
209378, 23930.3, 0
58564.9, 42009.7, 0
93217.1, 36014.1, 0
52117.7, 37345.8, 0
132248, 51249.6, 0
137305, 45680.7, 0
98099.9, 65515.4, 0
27606.4, 17521.8, 0
141499, 69196.4, 0
142513, 88245.6, 0
146289, 96416.7, 0
136046, 66779.8, 0
131903, 91387.7, 0
142592, 58727, 0
57284.4, 35323, 0
166703, 42776.8, 0
102797, 29057.9, 0
131559, 90963.7, 0
146678, 33127.8, 0
89949.1, 53880.3, 0
167309, 73886.5, 0
104402, 46164, 0
147009, 94832.2, 0
126361, 61666.2, 0
114416, 13449.7, 0
165118, 91309.4, 0
108075, 72828.6, 0
193929, 51282.1, 0
118699, 31954.3, 0
186616, 27054.5, 0
200011, 107314, 0
147885, 80409.6, 0
126540, 84467.7, 0
73760.6, 39001.2, 0
151662, 90879.1, 0
106623, 55367.7, 0
118440, 57696.6, 0
92892.3, 63359.6, 0
96643.7, 67201.7, 0
147416, 57879.9, 0
113045, 22915.4, 0
93917.6, 18889.7, 0
123859, 77636.1, 0
124373, 80192, 0
158711, 110249, 0
42815.5, 29935.4, 0
141826, 100495, 0
77385.5, 28150, 0
123528, 32385.2, 0
144664, 88043.4, 0
120267, 62175.7, 0
227986, 141503, 0
146138, 18232.2, 0
121547, 52102.1, 0
90843.4, 30904.2, 0
129557, 3355.22, 0
77334.9, 35992.4, 0
325368, 158198, 0
20179.3, 6915.27, 0
52699.5, 15925.7, 0
104240, 56005.5, 0
156152, 44297.8, 0
25129.2, 8631.79, 0
105254, 72639, 0
68043.1, 17010.4, 0
137961, 12361.1, 0
75601, 53432.4, 0
134112, 45642.3, 0
132012, 84008.8, 0
199045, 98998.2, 0
165459, 115494, 0
43564.9, 10180, 0
39705.9, 23578.4, 0
168926, 38513.7, 0
109293, 77114.4, 0
155313, 76471.5, 0
117835, 42109.4, 0
85175.1, 36375.8, 0
58156.9, 35894.9, 0
54583.9, 25271.1, 0
97738.4, 65414, 0
144868, 42713.9, 0
88521, 13572.2, 0
123439, 37286.1, 0
143139, 45869.8, 0
129263, 73176.1, 0
237529, 82571.6, 0
167464, 62134, 0
124801, 61919.4, 0
55555.6, 19740.1, 0
113602, 73749.2, 0
114284, 22786, 0
104414, 65125.2, 0
127964, 85937.2, 0
66297.7, 16078.6, 0
77875.6, 40138.2, 0
57063.6, 18855, 0
71311.8, 41281.8, 0
134175, 83576.9, 0
201283, 125304, 0
57881.1, 32135.5, 0
131054, 46557, 0
52186.7, 30109.3, 0
161997, 55387.8, 0
82018.6, 45584.5, 0
187109, 102007, 0
98366.4, 43181, 0
287617, 69800.8, 0
39365.5, 17948.5, 0
209629, 38769, 0
80719.2, 32584.2, 0
130165, 25898, 0
42559.5, 25788.1, 0
151385, 42525.9, 0
224871, 98394.5, 0
236182, 169345, 0
278484, 123338, 0
306425, 127998, 0
67030.1, 14125.4, 0
110963, 78442.8, 0
101727, 61860.6, 0
90304.9, 26947.9, 0
109485, 26279.4, 0
75055.2, 53305.4, 0
126317, 81899.7, 0
125635, 35805.2, 0
193665, 80022.9, 0
140837, 62832.6, 0
9843.29, 4610.85, 0
108321, 39838.1, 0
121440, 58535.1, 0
103227, 27644.1, 0
261416, 65224.7, 0
75203.1, 25625.8, 0
114170, 34778.9, 0
99030.1, 69455.9, 0
118460, 68103.6, 0
100557, 33001.3, 0
78341, 47802.1, 0
150465, 102567, 0
214189, 69658.3, 0
198371, 82255.9, 0
146178, 104331, 0
187217, 17820.7, 0
290002, 56302.2, 0
112855, 17007.6, 0
98507, 47414.1, 0
238185, 23076.8, 0
93602, 45224.3, 0
44715.6, 28075.1, 0
113699, 69710.1, 0
122448, 54885.8, 0
100423, 61645.4, 0
92070, 47618.9, 0
79007, 40863.3, 0
74658.1, 47075.7, 0
103108, 71880.5, 0
45570.2, 23614.9, 0
75838, 27429.7, 0
174503, 119040, 0
183249, 119272, 0
178240, 72727.3, 0
18852.5, 8749.03, 0
118829, 10992.9, 0
110999, 18259.8, 0
101615, 37305, 0
124487, 33981, 0
189234, 72912.4, 0
77038.2, 13446.9, 0
130934, 87547.8, 0
80945.3, 47381.6, 0
103375, 15029.9, 0
181026, 37667, 0
32618.8, 21754.2, 0
195808, 116701, 0
200666, 59821.2, 0
109341, 51683.4, 0
124473, 61298.3, 0
93123.5, 49524, 0
185046, 113699, 0
71676.8, 27075.2, 0
55176.2, 33627.1, 0
86468.7, 42305.3, 0
191308, 85002.1, 0
99985.1, 26554.2, 0
142375, 30036.1, 0
147478, 17893, 0
125143, 87423.7, 0
80142.7, 22632.8, 0
161203, 111189, 0
38684.8, 13163.6, 0
196309, 111818, 0
177495, 85454.6, 0
191836, 89975.5, 0
141791, 65718.9, 0
44407.5, 25051.7, 0
163523, 76050.5, 0
144997, 45337.3, 0
201265, 66132.6, 0
156043, 70651.3, 0
139971, 47506.1, 0
97858.4, 36573, 0
92202.4, 63428.3, 0
132269, 79466.1, 0
142945, 63371.8, 0
157758, 67086.5, 0
87074.2, 46816.9, 0
166671, 76735.3, 0
130869, 83124.7, 0
97208.7, 33469, 0
184691, 87810.2, 0
75499.5, 48002.6, 0
143937, 80668.8, 0
158684, 21287.8, 0
103205, 41338, 0
122000, 54165.6, 0
202468, 143888, 0
211109, 30123.9, 0
168140, 26371.2, 0
109183, 57366, 0
88355.1, 52933.7, 0
165198, 99694.1, 0
77888.3, 32793.9, 0
124660, 69434.6, 0
48097.3, 18679.2, 0
188342, 61062.1, 0
102175, 51109.6, 0
155791, 46337.4, 0
174781, 76796.4, 0
90552.2, 51831.7, 0
119294, 67401.9, 0
147824, 78856.7, 0
115563, 57574.9, 0
160853, 33469.4, 0
71068.5, 34582.6, 0
80907.8, 31131.1, 0
92341.5, 43072.1, 0
146790, 43979.2, 0
40224.8, 20351.8, 0
79562.4, 49141.2, 0
197949, 132968, 0
149985, 82326.2, 0
44797.2, 24620.4, 0
161184, 40181.1, 0
121911, 77409.7, 0
229951, 144151, 0
146680, 27277.9, 0
96542.7, 59236, 0
187821, 68767.7, 0
72470.2, 50439.2, 0
201971, 108111, 0
134232, 95598.7, 0
137304, 29540.2, 0
113151, 77324, 0
110620, 23157.4, 0
288141, 100675, 0
104724, 69122.5, 0
86238.9, 40288.5, 0
123515, 83323.6, 0
113088, 30327.8, 0
39262.2, 24495.6, 0
141004, 46622.9, 0
88089.1, 62165.3, 0
133497, 73980.9, 0
86456.1, 29907.5, 0
162613, 65619.6, 0
154625, 109083, 0
56732.5, 25927.2, 0
64150.9, 45627.6, 0
132339, 43323.5, 0
143271, 72985.8, 0
110146, 76120.5, 0
121947, 37815.8, 0
241325, 155063, 0
96106.5, 62723, 0
166465, 46185.5, 0
159357, 71619.9, 0
127443, 88553.2, 0
94892.4, 56794.7, 0
194183, 88065.6, 0
100238, 65774.5, 0
129145, 50640, 0
163920, 101489, 0
120042, 83974.9, 0
91163.7, 27251.5, 0
123263, 55956.2, 0
122973, 86791.1, 0
144257, 9166.59, 0
112319, 67349.5, 0
43830.2, 24227.4, 0
202554, 131661, 0
207050, 51018.3, 0
224613, 145967, 0
218475, 72880.7, 0
84802.3, 20919.8, 0
123901, 50013.3, 0
190996, 84820.6, 0
67615.1, 27845.3, 0
241797, 70486.6, 0
149829, 78089.9, 0
185593, 131326, 0
73862.9, 47426.3, 0
169121, 51321.6, 0
38305, 25097.4, 0
57322.3, 37502.5, 0
180747, 56187.2, 0
202748, 46418.9, 0
89791.4, 45427, 0
99685, 25810.6, 0
110620, 19781, 0
145950, 28455.3, 0
125512, 55396.4, 0
104413, 57884.1, 0
102411, 22826.1, 0
129301, 60845.4, 0
209228, 92714.8, 0
80570, 46529.3, 0
124070, 53116.9, 0
127147, 69700.5, 0
114838, 69019.1, 0
64843.9, 26008.7, 0
155427, 59509.9, 0
70131.2, 48976, 0
37220.4, 19954.8, 0
60784.1, 32208, 0
65947.6, 35086.3, 0
61515.6, 21612.9, 0
68165.9, 45253.1, 0
129357, 64941.2, 0
71926.1, 36953.5, 0
87469.6, 6174.94, 0
193956, 60132.6, 0
152674, 100598, 0
180751, 68193.3, 0
131765, 39751.4, 0
49837.6, 2412.81, 0
200776, 117572, 0
159787, 75453.4, 0
161019, 88322.5, 0
90059.4, 16323, 0
198352, 135158, 0
228568, 53101.2, 0
187503, 6451.04, 0
92407.1, 52267.9, 0
61901.1, 42522.9, 0
83586.2, 21754.7, 0
115340, 48177.2, 0
120576, 84721.2, 0
102289, 40354.1, 0
113201, 18026.4, 0
128958, 61826, 0
71214.2, 42943.3, 0
77136.1, 46738.9, 0
39782.7, 26394.7, 0
57180.6, 36498.6, 0
61444.4, 33024.2, 0
77042, 28943.1, 0
149288, 70190.4, 0
68384, 43703.1, 0
109397, 52059.5, 0
91107.1, 24120.1, 0
112452, 58362, 0
157616, 112975, 0
161798, 106489, 0
64359, 24013, 0
47069.2, 5785.22, 0
123368, 63825, 0
105914, 70061.5, 0
97486, 48865.3, 0
138656, 59809.2, 0
53680.4, 30109.8, 0
238523, 129927, 0
61872.9, 5613.43, 0
132124, 74209.4, 0
88447.8, 53955.1, 0
223274, 154403, 0
100883, 54868.8, 0
66153.3, 20747.9, 0
63744.7, 34585.8, 0
129874, 77263.6, 0
125458, 70384, 0
267178, 29548.9, 0
77382.1, 50712.1, 0
40008.3, 18174, 0
117290, 65053.7, 0
67951.6, 37073.7, 0
216839, 131614, 0
125540, 74247.9, 0
84043.2, 9832.67, 0
177597, 107187, 0
143831, 77475.1, 0
186082, 92040.9, 0
83640.9, 23613.8, 0
203177, 19114.4, 0
81225.8, 38634.3, 0
86804.5, 62143.3, 0
125556, 50985.8, 0
63605.2, 24936.6, 0
148012, 44804.2, 0
92722.7, 49938.3, 0
27148.2, 9769.58, 0
163594, 68379.6, 0
264907, 107743, 0
44169.6, 11735.5, 0
134668, 89992.5, 0
148265, 61385.2, 0
229267, 30775.9, 0
179657, 83255.5, 0
142201, 67731.8, 0
95891.1, 30904.7, 0
240211, 95147.7, 0
180763, 18974.8, 0
54662.3, 16642, 0
81493.3, 41629.4, 0
55641, 16663.8, 0
56191.9, 27446.1, 0
161119, 93787.8, 0
122081, 87073.9, 0
116827, 31202.3, 0
64435.4, 34358.7, 0
153975, 103611, 0
97948.4, 21252.5, 0
120320, 49890.6, 0
147963, 51194.5, 0
153300, 96762.1, 0
165536, 89860.1, 0
116307, 75961.7, 0
158068, 56399, 0
159928, 28486.2, 0
146077, 65535.9, 0
134790, 93924.4, 0
277368, 80710.9, 0
133518, 57151.2, 0
94351.5, 45208.4, 0
126617, 80770.2, 0
71901.9, 22292.4, 0
69151.4, 33956.3, 0
114493, 71412.9, 0
94520.9, 54958.4, 0
89581.1, 64262.3, 0
101494, 39392.7, 0
112676, 73544.5, 0
109729, 43302.5, 0
68546.4, 39978.7, 0
82228.3, 49729.2, 0
28344.8, 12867, 0
87200.6, 54628.5, 0
131860, 71546.7, 0
166359, 115930, 0
95085.2, 26754.9, 0
76040.7, 48782.5, 0
105012, 55731.2, 0
152158, 102364, 0
215963, 20222.4, 0
144262, 75608.5, 0
126416, 43482.1, 0
125458, 53383.1, 0
263347, 57917.3, 0
159024, 38047.9, 0
188545, 124989, 0
291779, 106663, 0
182794, 126056, 0
186804, 121561, 0
161682, 89863.8, 0
82620.5, 59102.3, 0
228975, 114616, 0
113683, 39314.6, 0
114013, 68629.5, 0
174712, 125684, 0
84544.4, 21327.2, 0
152976, 101788, 0
83407.8, 20237.9, 0
197998, 82559.5, 0
103697, 44836.9, 0
96304.5, 49244.5, 0
16511.9, 11724.9, 0
88886.9, 18722, 0
70465.1, 28543.2, 0
91775, 35194.2, 0
201361, 122833, 0
105642, 74605.9, 0
110747, 58408, 0
109307, 54203.8, 0
138939, 27823.9, 0
197110, 128134, 0
160922, 61384.6, 0
146341, 31728.2, 0
125979, 23708.8, 0
193878, 57979.1, 0
167176, 82972.7, 0
107129, 69340.2, 0
79521.3, 25295, 0
59855.4, 31782.6, 0
104536, 11894.2, 0
63560.6, 20626, 0
116716, 31360.7, 0
218836, 128341, 0
182602, 94745.7, 0
116928, 80990.2, 0
101588, 42305.5, 0
123517, 76626.7, 0
77159.2, 41342.2, 0
230581, 133091, 0
65367.7, 41963.7, 0
168823, 38923.7, 0
216093, 26923.8, 0
119193, 58517.4, 0
134953, 60695, 0
136579, 70171.3, 0
104414, 15786.7, 0
168941, 97810.1, 0
124647, 35075.3, 0
124164, 77292.7, 0
131943, 86376.6, 0
288786, 71478.1, 0
44154.3, 23470.4, 0
126486, 70875, 0
100803, 30214.5, 0
182948, 80398.6, 0
155277, 80758.6, 0
50928.6, 35769.3, 0
45753.8, 17414.8, 0
100914, 58108, 0
44409.3, 17998.6, 0
76926.3, 38927.1, 0
222228, 98693.1, 0
159554, 80071.1, 0
75114, 48101.5, 0
91942.4, 53355.9, 0
93060.8, 54571.4, 0
72517.6, 14404.2, 0
150915, 41645.6, 0
110468, 68228.1, 0
113963, 38419.9, 0
148953, 56006.1, 0
114248, 45505.9, 0
87122.4, 59877.4, 0
135698, 61194.9, 0
87780.3, 57094.3, 0
104527, 29695.2, 0
93872.2, 65644.5, 0
253418, 76340.8, 0
65362.8, 33833.3, 0
115825, 59372.8, 0
91803.2, 43133.6, 0
215384, 137163, 0
220428, 116776, 0
218810, 96018.7, 0
75381.6, 30893, 0
218780, 114130, 0
188153, 64259.3, 0
91364.5, 60128.1, 0
91221.2, 18261.4, 0
67664.2, 48268.7, 0
115001, 49075.8, 0
255604, 85419.2, 0
123418, 77722.3, 0
111304, 24350, 0
66723.8, 42530.8, 0
144833, 33793.4, 0
63741.1, 43557.9, 0
108758, 64258, 0
111696, 67159.2, 0
126542, 22051.8, 0
73966.1, 11558.5, 0
155028, 35952.2, 0
221218, 73592, 0
109114, 72857.5, 0
119643, 72400.2, 0
94690.3, 61420.1, 0
62504.8, 27616.2, 0
177473, 93106.4, 0
134605, 51325.2, 0
138365, 88307.3, 0
63584.7, 17464.3, 0
121356, 64041.3, 0
46303.1, 6019.35, 0
72169.5, 42106.3, 0
97494.1, 24434.5, 0
96295, 61753.2, 0
138947, 98435.4, 0
189382, 27720, 0
202947, 66016, 0
82133.1, 39021.5, 0
144870, 60256.9, 0
161997, 79269.7, 0
139963, 34679.8, 0
83110.8, 33196.8, 0
127197, 51390.1, 0
72976.5, 49264.9, 0
38545.8, 25212.1, 0
32757.5, 22129.6, 0
151267, 85068.9, 0
211820, 46054.4, 0
56511.2, 21994.6, 0
99960.6, 71417.4, 0
123018, 8067.74, 0
62827.2, 30069.2, 0
147848, 55590.7, 0
177139, 108216, 0
194001, 80364, 0
127843, 34102.5, 0
98563.4, 63484.5, 0
98776.6, 49116.9, 0
106952, 62039.2, 0
77212.6, 17159.4, 0
182621, 31682.4, 0
152823, 91750.6, 0
105761, 60260.6, 0
189444, 93484.8, 0
163102, 35672.3, 0
87752.2, 61688, 0
193280, 26682.9, 0
95181.5, 57830.6, 0
101182, 48221.5, 0
215532, 81051.3, 0
96308, 65083.2, 0
103217, 58485.5, 0
91856.2, 31493.9, 0
196338, 115499, 0
93996, 37976.6, 0
135400, 90852.1, 0
121739, 32940.2, 0
108359, 26115.1, 0
112794, 73590.2, 0
96529, 22429.1, 0
53966.9, 27335.4, 0
88719.3, 51064.7, 0
141729, 42661.6, 0
173173, 9607.91, 0
128427, 30556.1, 0
138748, 62977.9, 0
51650.6, 23990.7, 0
146467, 53926.7, 0
146832, 66867.3, 0
184973, 92258, 0
142351, 58861.1, 0
118535, 42900.5, 0
180390, 94544.6, 0
85548.2, 60420.6, 0
152960, 94030.3, 0
245202, 112018, 0
82351.8, 27214.9, 0
66060.7, 27242.2, 0
110238, 63457.6, 0
38346.3, 12961.1, 0
221538, 118341, 0
140960, 97731.2, 0
93097.2, 34472.2, 0
72316.6, 37196.8, 0
184537, 94959.6, 0
153034, 71654.5, 0
57341.9, 7301.63, 0
172252, 70580.5, 0
61931.5, 44583.1, 0
167515, 58525.9, 0
166334, 18346.8, 0
69059.1, 25739.4, 0
131974, 34469.5, 0
103765, 48459.6, 0
119143, 81241.9, 0
185836, 59076.3, 0
225611, 78751.7, 0
54505.4, 31715.4, 0
158085, 76717.4, 0
137292, 74088.3, 0
164918, 82228.1, 0
99585, 41651.1, 0
179498, 61598.3, 0
84333.1, 53619.1, 0
94307.3, 58930.3, 0
144703, 92594.3, 0
152798, 62528.9, 0
113167, 55470.7, 0
102070, 56404.6, 0
147320, 104439, 0
101833, 69354.3, 0
37885.5, 8572.26, 0
119699, 25868.8, 0
71646.9, 24047.7, 0
69853.1, 21126.3, 0
146984, 40475, 0
40338.1, 26275.7, 0
159205, 97744.2, 0
110402, 72943.5, 0
122681, 26308.4, 0
165371, 31828.7, 0
108914, 37589.8, 0
180556, 126403, 0
113733, 19050.9, 0
177796, 55179.7, 0
116494, 83589.8, 0
99930, 39189.7, 0
100544, 66922.6, 0
150933, 97773.1, 0
116177, 63544, 0
100659, 49517, 0
52417.3, 35876.5, 0
104366, 47479.4, 0
188894, 120061, 0
43074.7, 12010.6, 0
106680, 56741.8, 0
112541, 72212.3, 0
98005.3, 47188.9, 0
206624, 61426.9, 0
97637.4, 53317.8, 0
108589, 33743.3, 0
126185, 84864.3, 0
71671.3, 39848.5, 0
53692.5, 32710.2, 0
176274, 71074.5, 0
200078, 98628.4, 0
180334, 104025, 0
124416, 81088, 0
72222.4, 26443.6, 0
134791, 92552.5, 0
184083, 106802, 0
102689, 27601.2, 0
128448, 47076.1, 0
114134, 73083.4, 0
217548, 106234, 0
42296.1, 11103.5, 0
121484, 43014.1, 0
56256.1, 31599.8, 0
95749.1, 55782.2, 0
140219, 36579.2, 0
199802, 15790.8, 0
163967, 41433, 0
160740, 55245.5, 0
92277, 26581.4, 0
102552, 51514.4, 0
110777, 68673.8, 0
159706, 17778.1, 0
132578, 90004.4, 0
36198.7, 11968.1, 0
123697, 4530.45, 0
56398, 33224.9, 0
75411.2, 40418.7, 0
162147, 84624.2, 0
141519, 34678.5, 0
84390, 39483.8, 0
206920, 78061.6, 0
149742, 47343.8, 0
86629, 52998.7, 0
59294.5, 33550.6, 0
107221, 18537.6, 0
172353, 35672.8, 0
113635, 61801.3, 0
164260, 74435.2, 0
100619, 60804.6, 0
99199.4, 68295, 0
138734, 64479.8, 0
118669, 84191.1, 0
164519, 93234.1, 0
113912, 37166.5, 0
107912, 46798, 0
89624.2, 19913.6, 0
87248.3, 42703.9, 0
91488, 45577.7, 0
135990, 87494.2, 0
22466.5, 16077.5, 0
25649.4, 11393.2, 0
126926, 76447.2, 0
178130, 33062.8, 0
150007, 46614.3, 0
164774, 94324.2, 0
66343.6, 39842.1, 0
181211, 46002.4, 0
227400, 127313, 0
57295.4, 40780.2, 0
172350, 48213.7, 0
173642, 91316.3, 0
65989.6, 32062.6, 0
63141.5, 18858.9, 0
58421.1, 11986.8, 0
45000.8, 17672.5, 0
141967, 97257, 0
109589, 26104.9, 0
88900, 14842.5, 0
102703, 31703.7, 0
148260, 59300.3, 0
205105, 27923.7, 0
232794, 88961.1, 0
101832, 69135.9, 0
120797, 21168.6, 0
121461, 64167.5, 0
97727.2, 39803.8, 0
206748, 138350, 0
108164, 31391.1, 0
237002, 159205, 0
163838, 17722, 0
211163, 38086.8, 0
76814.9, 36213.3, 0
72570, 50936.2, 0
129768, 67820, 0
80196.2, 55674.7, 0
184387, 120208, 0
104960, 74141.4, 0
134073, 75030.8, 0
193648, 113589, 0
147598, 69669.5, 0
256200, 151453, 0
228934, 34266, 0
118425, 82229.9, 0
100738, 67548.6, 0
84600.5, 51608.5, 0
39086.8, 23459.1, 0
214204, 87297.9, 0
227629, 87060.9, 0
116527, 68913.8, 0
82560.4, 57452.3, 0
142430, 33795.1, 0
162325, 115102, 0
176973, 85131.2, 0
36413.4, 4196.99, 0
139973, 74085.8, 0
118882, 79484.3, 0
158894, 56412.3, 0
147563, 25707.9, 0
186816, 100749, 0
84482.2, 40037, 0
131323, 41586.7, 0
92046, 54832.5, 0
223483, 111255, 0
242276, 152304, 0
164124, 68967, 0
177959, 111811, 0
188525, 48192.7, 0
123578, 88382.8, 0
66668.7, 23012.2, 0
59789, 41994.9, 0
301010, 62253.3, 0
135732, 93420.1, 0
166654, 96427.8, 0
155116, 83762.3, 0
195818, 75033.5, 0
67446.6, 27639.3, 0
96528.9, 31426.1, 0
153232, 91172, 0
205027, 78823.6, 0
150900, 26039, 0
113023, 58045.1, 0
114841, 26048, 0
100626, 26791.3, 0
182268, 58913.6, 0
86541.5, 52634.4, 0
128171, 76898.2, 0
116562, 82397.4, 0
156858, 108160, 0
116483, 70456.5, 0
110162, 54586.6, 0
138889, 37804, 0
63383.7, 32379.3, 0
110179, 33307.1, 0
93952.6, 37410.2, 0
156623, 75261.1, 0
141629, 51399.8, 0
205482, 119500, 0
95787.6, 34070.9, 0
67676.8, 15817.6, 0
124855, 73294.1, 0
71910.6, 22502.5, 0
77178.9, 12155.4, 0
168388, 30246.2, 0
102207, 51862.7, 0
74839.7, 27197.5, 0
235181, 128617, 0
135563, 26325.2, 0
138407, 21610.8, 0
104084, 21310.3, 0
63458.7, 30289.7, 0
60684.9, 14051.9, 0
105034, 57266.8, 0
30090.7, 15456.9, 0
134829, 36976.8, 0
119958, 40711.6, 0
39486.5, 23639.6, 0
91855.5, 63286.5, 0
268142, 163692, 0
69690.7, 45769.7, 0
48906.7, 28389.1, 0
59986.4, 19513.6, 0
214212, 129200, 0
38754.3, 22932.9, 0
29360.7, 19908.3, 0
80870.5, 26223.2, 0
78404.6, 42294.9, 0
127454, 66097.8, 0
102431, 65316.5, 0
104175, 70499.6, 0
60099.8, 37792.4, 0
43753.8, 16718.9, 0
75885.3, 34585.4, 0
159698, 112123, 0
74538.1, 19480.4, 0
129258, 34120.6, 0
145812, 25499.2, 0
97025.2, 65319.2, 0
84734.5, 45354.3, 0
112370, 53145.2, 0
77356.2, 46178.3, 0
107843, 19508.9, 0
159460, 111945, 0
80028.5, 24009.7, 0
77689.3, 32174.2, 0
108120, 71351.3, 0
35147.9, 15198, 0
154864, 53213.7, 0
142221, 77587.9, 0
95454.9, 43452.7, 0
96851.1, 66161.8, 0
124195, 86669.8, 0
113733, 63855.7, 0
136045, 76701.2, 0
157322, 61749, 0
128676, 88878.4, 0
159273, 77591.8, 0
37434.5, 24169.4, 0
80774.1, 54811.6, 0
109666, 16263.7, 0
121753, 18133, 0
88555.1, 21072.8, 0
153000, 76891.7, 0
125018, 78798.2, 0
131730, 75789.8, 0
127981, 90169.8, 0
158357, 72864.4, 0
112835, 66197.8, 0
29003.2, 20231.1, 0
92544.4, 24203.3, 0
146532, 44151.8, 0
84692.2, 41016.3, 0
160065, 105152, 0
104094, 54083.7, 0
144008, 94663.5, 0
99623.3, 14112.2, 0
74634.8, 32271.7, 0
92878.3, 61702.3, 0
242576, 24901.9, 0
139076, 22033.6, 0
30413.3, 19232.3, 0
133471, 12251.2, 0
67406.7, 39531.2, 0
137148, 76674.4, 0
219655, 52533.2, 0
69882.5, 11248.6, 0
102354, 71181.5, 0
121527, 54745.4, 0
57456, 19718.8, 0
124748, 63946.5, 0
68716.9, 22328.6, 0
142077, 75920.6, 0
62378.1, 28053.8, 0
55323.2, 25696.5, 0
176436, 117755, 0
130082, 20426, 0
106752, 50350.8, 0
161952, 75199.2, 0
115187, 11710.4, 0
203653, 132871, 0
202734, 120985, 0
209800, 124666, 0
123139, 87917.7, 0
113152, 48831.1, 0
70402.5, 22779.1, 0
253741, 143664, 0
169402, 59758.3, 0
128060, 63899.3, 0
207383, 88132.7, 0
176683, 84636.9, 0
41504.8, 25210.1, 0
114658, 36984.8, 0
111843, 78883.7, 0
142155, 98923.2, 0
126961, 71394.4, 0
112676, 64554.4, 0
148126, 86450.5, 0
142313, 96452.9, 0
28809.5, 16872.7, 0
225441, 92364.2, 0
35728.2, 21059.3, 0
185877, 121583, 0
126612, 88566, 0
223133, 48144.4, 0
85358, 47234.3, 0
150849, 31900.8, 0
94934.1, 54792.7, 0
63845.9, 43935.5, 0
173900, 94991.8, 0
91630.3, 4814.46, 0
61858.9, 11870.2, 0
53723.8, 8385.87, 0
249757, 59505.4, 0
127435, 21363.2, 0
115485, 21374.7, 0
87414.9, 57306.8, 0
84301.5, 32050.7, 0
88227.4, 39103.3, 0
115098, 43260.9, 0
187459, 38989.9, 0
176931, 92169, 0
96802, 57747.2, 0
134100, 78745.8, 0
240491, 129337, 0
122181, 43920.2, 0
86752.2, 47655.7, 0
64739.8, 10781.5, 0
76494.5, 54380.3, 0
122779, 65174.7, 0
125348, 50620.4, 0
143327, 58447.8, 0
109230, 60794.7, 0
160476, 75746.3, 0
83516.2, 54678.8, 0
150097, 67059.3, 0
229244, 81518, 0
118675, 21862.1, 0
195374, 45048.2, 0
94142.1, 47331.9, 0
136253, 39761.9, 0
172897, 77599.8, 0
355075, 95777.3, 0
71056.8, 40718, 0
133070, 64779.4, 0
80494.2, 52473.8, 0
148407, 74047, 0
116712, 70291, 0
167313, 113947, 0
132500, 43211.3, 0
114338, 66429.6, 0
170306, 109794, 0
176301, 101820, 0
161855, 82377.5, 0
142249, 94733.3, 0
56901.3, 32746.5, 0
75205.5, 47450.8, 0
27493.8, 18680.4, 0
184546, 50915.3, 0
188390, 101383, 0
192418, 14078.9, 0
146883, 47443, 0
207186, 50836, 0
141733, 54661.9, 0
197733, 138901, 0
101589, 70873.9, 0
164117, 35129.9, 0
121037, 79975, 0
73432.4, 37128.1, 0
83033.8, 34550.2, 0
153862, 21986, 0
49762.4, 16933.5, 0
55162.7, 26782.9, 0
224905, 68062, 0
139778, 79790.4, 0
68068, 31428, 0
36290.6, 14437.5, 0
133058, 72118.5, 0
137090, 35222.9, 0
161638, 45514.9, 0
145471, 57071.9, 0
75435.1, 32389, 0
95702.7, 58983.9, 0
172716, 80828.4, 0
64552.1, 9850.54, 0
157349, 104812, 0
89696.9, 38937.3, 0
71252.4, 46317.9, 0
139128, 47450.8, 0
93428.1, 42212.5, 0
99076.8, 66884, 0
162305, 116409, 0
117055, 77176, 0
78412, 41252.5, 0
108286, 73402.4, 0
72344.9, 45583.5, 0
154485, 13327.4, 0
111458, 69982.1, 0
183289, 2855.14, 0
169291, 75500.6, 0
98630.1, 27291, 0
116824, 5753.46, 0
46555.8, 25690.5, 0
57481.3, 29184.8, 0
164798, 53290.4, 0
56902.6, 9853.49, 0
273681, 99229.3, 0
129210, 82999.9, 0
71510.3, 35525.7, 0
66199.8, 5443.32, 0
119961, 18839.6, 0
79614.4, 43819.9, 0
117109, 83437.9, 0
153945, 108029, 0
182682, 54613.8, 0
173838, 67758.9, 0
83479.3, 20420.7, 0
153600, 33822.8, 0
104225, 25859, 0
98591.7, 61422.7, 0
123260, 83364.4, 0
114862, 25344.8, 0
48629.1, 19199.4, 0
179836, 76052.8, 0
126350, 26804.9, 0
204188, 64732.2, 0
110060, 50702.8, 0
110395, 78671.2, 0
111216, 68076.2, 0
113363, 80236.2, 0
157294, 82725.3, 0
206554, 100574, 0
124267, 70115.6, 0
209434, 37883.6, 0
164823, 69931.3, 0
105712, 29121.8, 0
86688.2, 58121.2, 0
130981, 56598.9, 0
153329, 83608.2, 0
110056, 43555.8, 0
60228, 28934.1, 0
179658, 46562.8, 0
78533.8, 34440.8, 0
145376, 61847.9, 0
93601.3, 58501.9, 0
220459, 112227, 0
162432, 84701.2, 0
160232, 107767, 0
123746, 79974.7, 0
94683.8, 22371.6, 0
144453, 60649.1, 0
62620.3, 44288.2, 0
210514, 129538, 0
38508.9, 13368.4, 0
171515, 105031, 0
144894, 76941.5, 0
96023.2, 55741.1, 0
50985.2, 22599.3, 0
62911.9, 8793.34, 0
67462.9, 34166.3, 0
154695, 63568.2, 0
126397, 43805.2, 0
101635, 64607.8, 0
79680.2, 30075.7, 0
140169, 84554.4, 0
184492, 64833.1, 0
125347, 49339.9, 0
74253, 341.231, 0
191795, 119693, 0
126557, 88822, 0
126836, 33947.5, 0
84900.3, 47914.6, 0
84209.2, 27489.7, 0
94797.5, 43456.4, 0
78403.6, 49008.5, 0
107406, 33961.4, 0
147160, 100962, 0
112680, 63504.5, 0
178863, 42483.1, 0
132484, 63522.3, 0
168438, 95570.2, 0
61093.5, 17551.7, 0
188958, 106086, 0
207828, 103395, 0
133528, 72795.5, 0
194724, 124001, 0
50047.2, 28824.7, 0
36852.4, 22521.9, 0
172884, 117599, 0
172855, 68772.4, 0
153592, 10069.2, 0
222998, 67947.4, 0
168297, 99296.4, 0
105114, 66885.1, 0
76220.9, 2363.57, 0
63346, 28484.2, 0
94545.7, 66565.7, 0
119281, 58043.5, 0
204424, 116143, 0
46614.9, 28426.1, 0
101705, 62103.2, 0
65831.9, 20281.4, 0
73823, 43692.4, 0
106196, 9894.19, 0
38706.3, 8979.12, 0
181456, 68702.5, 0
239534, 114006, 0
177528, 56404.7, 0
248546, 130854, 0
172138, 112763, 0
128444, 25657, 0
56266.7, 27742.7, 0
202067, 108542, 0
117488, 53322.1, 0
75133.7, 44987.5, 0
200910, 34425, 0
107350, 60770.3, 0
107528, 36181, 0
91893, 61568.4, 0
67944.7, 31515.9, 0
131569, 67344.1, 0
94067.4, 31435.2, 0
139166, 56807.2, 0
140051, 75785.5, 0
96002.1, 53960.8, 0
171771, 22805.5, 0
128681, 84405.8, 0
101980, 36861.7, 0
116623, 28204.7, 0
132255, 93709.8, 0
76669.7, 46043.1, 0
161437, 62305.9, 0
64728, 40076.6, 0
113914, 35883.9, 0
97803.3, 5868.14, 0
133866, 71813.4, 0
59602.7, 36932.9, 0
72613.9, 7141.91, 0
121380, 58386.8, 0
133294, 70929.6, 0
98818.2, 66694.3, 0
148899, 75230.5, 0
62531.6, 43091, 0
197884, 117810, 0
80548.4, 23033.3, 0
90570.5, 54794.1, 0
76095.8, 45262.3, 0
102014, 65057.1, 0
115463, 56133.2, 0
166190, 88344.2, 0
53173.7, 6113.45, 0
224356, 28787.5, 0
62065.1, 22858.9, 0
160595, 81091.9, 0
60179.4, 32142.1, 0
185071, 54437.9, 0
52644.5, 30442.8, 0
68346.1, 31723.6, 0
177269, 124697, 0
81732.4, 58649.6, 0
66063.7, 9182.11, 0
108380, 47014.8, 0
203952, 52648.4, 0
222133, 80680.8, 0
139597, 76941.4, 0
184788, 28607.4, 0
96651.4, 60035.8, 0
34530.9, 16147.8, 0
200658, 67257.8, 0
122845, 49295.5, 0
93976.7, 38678.3, 0
77638.4, 26574.3, 0
119269, 64035.3, 0
140261, 75318.2, 0
34827.3, 8808.24, 0
83997.6, 55852.2, 0
102594, 52090.7, 0
46191.1, 21299.2, 0
154104, 7344.5, 0
90761.1, 16727, 0
193824, 128007, 0
68664.6, 45695.3, 0
184232, 91875.9, 0
89295.6, 15775.6, 0
139121, 50714.7, 0
106536, 27619.1, 0
88840.7, 44707.3, 0
94328.7, 49772.6, 0
58009.2, 35083, 0
66002, 30915.9, 0
167303, 57855.7, 0
245169, 63758.4, 0
127584, 74859.8, 0
131023, 79784.1, 0
210007, 47436.9, 0
103612, 28421.2, 0
96520.7, 62509.3, 0
68823.9, 28125.9, 0
84026.5, 50644.1, 0
81062.1, 42496, 0
126788, 72288.8, 0
134043, 86711.7, 0
156957, 71411.8, 0
112866, 63952.1, 0
59971.8, 31872.2, 0
142117, 40465.7, 0
115669, 80126.4, 0
147961, 44805.5, 0
121873, 34196.3, 0
107414, 19801.5, 0
36497.8, 7968.89, 0
119498, 84455.7, 0
120135, 75957.4, 0
73256.8, 34917.1, 0
137254, 51723.1, 0
139818, 34904.1, 0
75666.9, 38608.7, 0
124028, 60214.3, 0
186712, 132510, 0
57399.8, 22508.9, 0
149506, 58646.3, 0
132420, 78842.8, 0
227556, 99839.8, 0
80612.3, 15992.1, 0
80521.7, 20203.3, 0
216624, 73464.7, 0
127867, 63892.4, 0
88229.8, 54123.4, 0
160064, 32472.7, 0
119393, 22366.6, 0
244241, 119403, 0
103243, 55385, 0
160669, 33069.7, 0
198523, 104374, 0
169494, 32888, 0
175556, 18010.8, 0
152099, 54273, 0
72219.6, 32041.2, 0
186709, 15414.1, 0
141674, 100689, 0
68991.5, 15186.9, 0
49761.2, 16380.8, 0
172480, 12884.7, 0
120377, 25555, 0
50736, 23192.9, 0
105466, 74786.8, 0
143525, 102576, 0
148044, 103455, 0
110725, 15533.3, 0
153306, 35726.2, 0
171298, 46513, 0
182487, 71446.8, 0
170690, 62986.4, 0
89865.1, 62396.3, 0
243175, 115084, 0
204467, 46819.8, 0
189745, 80659.3, 0
172177, 109606, 0
105136, 24946.5, 0
72743.9, 42289.9, 0
106901, 67293.6, 0
99448.9, 40107.3, 0
127028, 45076.9, 0
150152, 107124, 0
114653, 46867.1, 0
49125.2, 31581.3, 0
57146.4, 19082.2, 0
221073, 98196.4, 0
69635.3, 26639.8, 0
88808.6, 57707.2, 0
120662, 45982.4, 0
311473, 124902, 0
65563.8, 26299.3, 0
150285, 75640.1, 0
43195.5, 25050.7, 0
188389, 41865.2, 0
104639, 74772, 0
93625.4, 43727.3, 0
118454, 27085.7, 0
73294.6, 18680.6, 0
73384.7, 26058.4, 0
97887.1, 34515.5, 0
90850.9, 60598.1, 0
65026.6, 22437.7, 0
72448.9, 52051.1, 0
142458, 44759.6, 0
131050, 58754.1, 0
119421, 58328.4, 0
130170, 68731.5, 0
179918, 44406.5, 0
93485.6, 59674.1, 0
106555, 42043.8, 0
182816, 114607, 0
120343, 63336.2, 0
68416, 36390.3, 0
81021, 55765.5, 0
45073.8, 14192.2, 0
95940.6, 6390.4, 0
134236, 82351.9, 0
134306, 92621.6, 0
108680, 44243.1, 0
77674.1, 47326.1, 0
219208, 101624, 0
128524, 52230, 0
63201.1, 33291.3, 0
80290.3, 17390.5, 0
172356, 46602.6, 0
82084.3, 58557.2, 0
76361.1, 53380.6, 0
133285, 66216.8, 0
161239, 62336.5, 0
92695.9, 54263.6, 0
120006, 38777.5, 0
163073, 93443.8, 0
127385, 64952.8, 0
122096, 48500.1, 0
50920.4, 21029.1, 0
154873, 21191.7, 0
97266.9, 38554.3, 0
105671, 51125.3, 0
133242, 48503.5, 0
18369.1, 4351.52, 0
103633, 59643.3, 0
159359, 85480.5, 0
111320, 36375.4, 0
86243.8, 11794.8, 0
31681.2, 8422.18, 0
176943, 99842.4, 0
149113, 107246, 0
132182, 45792.3, 0
99913.6, 23349.5, 0
125327, 15332.4, 0
131119, 18831.6, 0
164345, 117562, 0
24245.4, 11556, 0
126281, 90075.2, 0
137232, 90742, 0
127928, 31180.7, 0
126781, 85625.6, 0
82958, 44583, 0
148878, 50105, 0
200595, 114051, 0
100189, 23410.6, 0
115058, 68823.2, 0
84552, 40998.1, 0
98481.4, 14527.5, 0
49298.6, 33883.7, 0
18978.4, 11630, 0
226207, 91651.2, 0
228590, 106353, 0
131857, 20095.2, 0
84717.9, 36903.1, 0
86839.4, 43987.5, 0
107036, 55461.3, 0
36245.1, 18301, 0
93049.6, 50406.4, 0
76022.3, 49769.5, 0
127838, 28785.7, 0
104936, 13944.9, 0
91664.4, 40516.8, 0
188254, 43182.8, 0
180890, 73244.7, 0
32670.7, 15460.6, 0
109149, 55833.4, 0
88805.2, 41320.4, 0
125809, 73805, 0
114029, 41442.3, 0
129279, 75978.4, 0
88701.8, 35065.7, 0
85573.5, 52613.9, 0
105451, 12184.9, 0
64726, 17306.8, 0
173628, 112613, 0
112444, 65594.6, 0
197376, 135871, 0
205997, 122965, 0
126928, 54948.8, 0
100299, 40397.1, 0
104817, 46619.9, 0
82999.4, 39379.5, 0
178740, 39864, 0
137296, 72391.5, 0
65649.4, 15962.8, 0
74251.6, 36981.3, 0
179521, 104905, 0
125052, 67855.2, 0
203317, 117633, 0
150787, 89111.5, 0
185956, 38623, 0
134092, 96078.6, 0
157572, 98205.9, 0
68196.7, 48222.1, 0
235618, 120763, 0
152326, 57224.7, 0
157262, 92437, 0
47607.3, 32893.1, 0
188785, 104496, 0
125981, 70163.5, 0
236729, 124621, 0
128264, 88780.2, 0
217414, 18079.2, 0
131352, 89892.9, 0
126755, 90714.5, 0
44694.3, 24396, 0
76251.6, 27059, 0
144341, 100341, 0
101968, 42945.8, 0
115102, 51973.7, 0
48187.6, 20570, 0
185144, 80158.9, 0
127457, 67437.8, 0
101580, 66976.4, 0
159914, 103085, 0
70564, 27435.3, 0
160759, 42286.7, 0
69095.8, 38046.9, 0
118139, 26761.3, 0
195117, 85246.3, 0
67255.2, 47700.2, 0
64967.7, 41138.9, 0
154730, 53156.7, 0
72090.7, 24332.6, 0
117723, 64406.9, 0
113359, 63272.3, 0
108752, 74596, 0
91432.5, 56311, 0
187685, 65730.9, 0
78328.3, 37399.8, 0
62085.6, 16170, 0
137612, 6458.05, 0
165696, 22359.8, 0
69280.1, 39779.2, 0
175525, 75252.8, 0
236171, 40978.2, 0
180676, 71944.5, 0
219698, 111965, 0
159551, 48306.3, 0
5793.61, 3313.54, 0
154499, 52879.5, 0
103434, 58358.3, 0
117876, 82433.6, 0
129859, 34177.4, 0
160169, 53832, 0
199712, 79945.3, 0
84343.7, 44481.1, 0
103269, 73548.4, 0
162887, 69999.1, 0
93335.2, 36938.1, 0
264634, 79247, 0
79433.8, 36462.8, 0
145882, 67068.4, 0
67353.9, 20983, 0
141731, 96853.2, 0
69725.6, 40412.7, 0
194580, 71788.2, 0
32322.1, 21218.1, 0
186606, 118746, 0
118150, 2811.02, 0
82611.9, 12139.4, 0
71562.4, 25361.9, 0
20612.9, 9146.2, 0
160166, 75610.3, 0
52955.2, 27574.5, 0
187953, 71997.8, 0
33888.8, 23029.7, 0
84254.5, 52893.5, 0
131872, 16599.7, 0
85598, 45867.4, 0
150555, 87236.4, 0
97786, 15761.6, 0
47861.3, 11217.2, 0
87710.4, 55965.8, 0
99059.5, 53508.9, 0
154582, 72889.6, 0
54652.8, 35327.2, 0
162790, 112914, 0
83585.4, 52971.7, 0
151977, 88055.4, 0
131699, 80951.4, 0
106505, 34210.8, 0
77630.8, 55894, 0
47248.2, 21943.3, 0
113122, 69879.4, 0
158669, 91744.9, 0
132978, 54367, 0
106890, 51896.4, 0
142090, 49667.9, 0
275779, 53111.1, 0
52291.1, 14879.3, 0
139723, 88929.3, 0
107241, 41979.1, 0
97229.9, 52858.6, 0
117986, 41964.7, 0
97866.2, 29046.6, 0
114277, 56069.5, 0
189857, 100555, 0
88874.2, 31436, 0
117403, 50922.9, 0
87449, 58242.6, 0
70849.5, 46179.2, 0
195263, 78244.4, 0
96923.8, 46724.7, 0
164994, 54434.4, 0
157383, 22593.5, 0
81205.4, 50936.2, 0
144438, 52322.3, 0
136778, 25073.8, 0
88537, 44458.9, 0
107757, 51201.6, 0
90152.5, 46414, 0
118992, 21629.6, 0
173304, 116569, 0
149549, 28919.4, 0
90466.9, 31398.7, 0
158577, 72139.5, 0
68955.5, 20862.2, 0
149205, 102561, 0
132705, 73286.1, 0
148681, 84372, 0
150593, 92798.5, 0
113886, 58542.8, 0
96107.1, 21554.5, 0
118081, 64626.9, 0
120809, 80718.8, 0
74045, 17017.5, 0
40737, 20604.7, 0
30110.7, 14805.6, 0
156734, 72966.8, 0
156276, 102124, 0
114447, 35508.9, 0
57106.8, 37361.6, 0
195591, 122720, 0
153798, 51296.6, 0
190910, 45539.2, 0
184327, 75797.2, 0
73477.5, 51829.1, 0
176487, 41576.2, 0
103915, 46091.2, 0
85496.3, 16986.2, 0
142489, 100166, 0
112571, 69081.8, 0
102417, 29118.8, 0
102266, 49570, 0
112704, 41072.5, 0
85627.2, 54573.4, 0
100867, 55638.8, 0
123653, 62358.5, 0
64582, 23123, 0
22441.7, 2363.76, 0
89950.6, 35653.9, 0
96981.3, 48950.1, 0
55153.6, 33877.5, 0
109035, 57244.7, 0
100764, 48879.3, 0
150040, 36642.5, 0
65790.4, 46704, 0
122619, 86862.2, 0
143602, 91099.1, 0
69533.6, 24498.1, 0
140409, 31897.7, 0
114962, 57393.9, 0
169118, 105750, 0
187722, 56510, 0
60112.7, 38346.7, 0
164719, 114486, 0
69941.8, 27391.2, 0
72060.4, 35246.2, 0
199896, 44115.1, 0
138550, 50260, 0
231500, 28956.5, 0
60960, 26678.3, 0
184904, 92120.4, 0
201538, 130137, 0
48896.5, 8578.88, 0
124523, 22946, 0
63678.9, 21472.4, 0
103062, 43280.3, 0
87294.5, 44670.7, 0
68141.1, 30911.2, 0
190440, 31305.1, 0
123196, 53369, 0
202248, 2258.09, 0
39013.8, 27698.1, 0
104220, 54330.9, 0
141856, 62427.8, 0
66283.3, 39184.3, 0
116765, 53638.4, 0
95975, 64118.6, 0
106927, 5144.15, 0
78104.2, 38264.9, 0
45882.5, 32321, 0
90853.2, 38038.5, 0
100267, 55553.8, 0
82767.5, 46625.7, 0
57758.6, 37747, 0
87172.8, 27002.5, 0
129395, 56219.1, 0
204265, 133493, 0
59816, 33830.5, 0
94010.7, 57448.4, 0
152252, 30399.7, 0
123415, 19958.3, 0
78651.6, 38741.3, 0
79069.5, 43619.2, 0
170056, 83608.2, 0
137424, 29299, 0
104913, 52817.6, 0
22113.7, 14275.2, 0
167521, 106784, 0
205728, 43388, 0
91289.5, 57644.3, 0
144773, 87256.5, 0
80275.1, 26274.3, 0
166297, 91854.9, 0
121800, 86359.6, 0
52402.2, 22100.9, 0
101229, 34340.6, 0
109499, 27355.7, 0
112254, 75997.2, 0
113144, 61963.6, 0
142747, 76303.2, 0
163785, 77030.5, 0
167335, 110714, 0
82905.1, 22496.6, 0
105506, 42965.6, 0
245438, 71204.9, 0
93055.9, 51118.3, 0
155858, 74757.9, 0
62972.6, 39758.8, 0
229885, 44631.5, 0
38125.9, 25448.5, 0
184238, 83346.9, 0
170046, 78668.3, 0
80722.2, 57179.8, 0
138709, 66480.4, 0
161818, 25719.3, 0
75364.4, 53970.1, 0
144783, 91877.2, 0
121993, 81236.5, 0
115282, 73915.8, 0
91566.3, 55428.9, 0
149807, 85005.7, 0
72184.2, 49529, 0
88748, 37944.8, 0
265188, 148389, 0
107168, 72603.5, 0
92683.7, 34296, 0
188578, 102142, 0
154462, 71239, 0
118545, 45918.7, 0
214899, 89676.1, 0
104243, 43811.7, 0
276441, 144969, 0
159855, 24422.9, 0
123702, 45495.2, 0
116865, 79601.8, 0
106786, 8521.15, 0
179710, 105517, 0
136688, 83255.8, 0
150169, 104440, 0
115673, 72866.7, 0
104542, 74357.3, 0
181702, 68989.1, 0
70857.1, 36163.6, 0
266255, 127579, 0
106618, 24163.4, 0
53616.8, 15378.5, 0
150848, 68001.2, 0
234383, 90384.9, 0
220222, 99492.7, 0
120512, 80499.2, 0
94380.5, 18022.2, 0
118520, 4660.97, 0
145172, 71449, 0
186705, 26784.7, 0
218432, 73363.2, 0
91486.5, 63093.8, 0
31407.3, 9798.88, 0
172900, 20546.6, 0
132830, 83707, 0
101272, 40586.5, 0
78555.3, 35786.7, 0
107827, 72354.2, 0
90543.5, 33428.1, 0
91896.6, 52753.2, 0
118838, 19242.8, 0
130596, 40105.9, 0
119760, 79458.9, 0
102941, 50937.5, 0
80870.7, 28569.4, 0
107938, 35629.5, 0
109414, 64535.7, 0
182773, 116493, 0
79606.4, 54328.9, 0
96384.6, 49330.2, 0
105680, 9140.7, 0
48160.9, 29317.7, 0
103738, 18278.8, 0
105616, 35126.9, 0
51211.3, 24107.2, 0
147567, 85150.3, 0
172678, 71385.5, 0
226475, 148694, 0
132689, 30633.5, 0
223723, 96794.7, 0
67804.5, 33957.4, 0
96346.3, 14157.4, 0
103420, 63589.8, 0
40476.9, 1622.04, 0
208377, 54504.8, 0
160655, 50662.1, 0
123663, 85497.5, 0
65623.3, 35062.3, 0
94298, 11754.9, 0
129217, 29743, 0
131918, 9410.14, 0
65013.6, 25429.2, 0
110525, 48517.7, 0
165377, 46496.8, 0
160093, 69825.6, 0
107407, 22112.5, 0
177828, 60892.3, 0
97672.5, 63135.2, 0
101436, 71499.6, 0
72501, 25205.6, 0
83803.7, 45432.1, 0
150964, 25977.3, 0
137460, 49357.3, 0
121968, 82008, 0
151202, 101878, 0
191465, 36166.5, 0
161412, 36504.7, 0
159545, 103365, 0
160058, 97389.6, 0
178217, 116236, 0
45679.2, 17970.9, 0
140469, 79794.8, 0
77269.6, 46263.3, 0
84537.8, 18405.3, 0
112439, 21659.4, 0
94139.3, 56047.9, 0
134253, 89090.6, 0
138540, 42826, 0
137863, 50266.1, 0
110509, 40862, 0
132990, 47639, 0
76573.8, 39183.3, 0
68225.1, 43751, 0
161540, 49316.6, 0
103880, 49832.5, 0
93276.5, 58711.4, 0
278538, 147083, 0
117569, 51937.9, 0
193955, 101591, 0
116176, 59910, 0
120241, 65109.4, 0
180256, 99501.4, 0
164131, 93862.4, 0
20534.1, 11430.5, 0
176150, 119308, 0
98883.1, 50957.4, 0
54925.4, 28638.7, 0
160082, 105824, 0
158127, 109698, 0
156958, 21561.2, 0
197234, 63563.5, 0
41295.3, 29068.3, 0
110817, 56747.9, 0
122797, 68394.4, 0
177955, 96390.3, 0
160819, 38295.4, 0
115700, 43148.3, 0
150037, 101579, 0
170417, 121546, 0
55066.2, 36638.2, 0
90304.4, 34410.4, 0
95881.6, 62874.1, 0
99494.9, 26004.2, 0
163922, 67066.1, 0
62309.8, 33578.4, 0
163889, 25449.8, 0
201562, 133071, 0
154298, 80238.2, 0
83926.9, 27228.5, 0
115816, 59015.4, 0
195487, 108026, 0
105763, 72049.2, 0
192518, 48577.8, 0
226452, 151206, 0
196565, 59622.6, 0
150302, 92912, 0
102084, 39838.3, 0
196327, 94084.1, 0
159414, 59352.5, 0
194484, 52503.1, 0
154743, 21694, 0
143638, 72251.9, 0
92033.6, 7511.36, 0
162974, 20085.4, 0
113008, 54114.2, 0
83580.3, 59892.1, 0
141449, 75814, 0
42643.9, 30342.8, 0
103045, 24843.2, 0
90881.5, 62623.2, 0
60848.7, 37703.1, 0
19117.8, 13640.5, 0
109199, 28664.1, 0
143644, 76916.3, 0
50177.9, 35289.1, 0
141851, 36651.8, 0
202003, 46237.5, 0
62214.1, 37077.6, 0
56325.7, 36775.7, 0
166613, 92209.5, 0
147394, 60024.2, 0
134206, 37824.7, 0
114184, 52143.3, 0
90862.4, 32779.4, 0
99514.3, 71175.3, 0
219936, 149811, 0
142670, 76857.7, 0
98029.6, 46969.4, 0
146928, 71207, 0
111963, 79340.2, 0
54987.7, 37181.9, 0
77669, 35547.9, 0
114157, 80355.2, 0
130750, 68841.5, 0
162296, 40134.8, 0
105171, 32184.1, 0
163415, 44822.3, 0
152836, 81688.1, 0
92986.7, 28783.7, 0
73046.9, 46459.7, 0
71057.5, 22475.1, 0
76266.6, 39768.7, 0
102148, 62854.7, 0
276934, 146015, 0
233452, 94154.9, 0
62494.9, 31851.7, 0
83424.6, 57815.3, 0
94150.7, 48892.7, 0
60417.4, 18234.1, 0
41369.7, 4821.35, 0
61066.8, 27094, 0
250950, 105408, 0
99762.1, 59498.5, 0
77194, 30989.5, 0
76499, 20175.2, 0
122753, 56559, 0
129024, 52893.9, 0
131495, 69969.5, 0
115062, 66856.7, 0
130711, 87546.3, 0
98030.5, 49452, 0
141057, 85808.7, 0
126340, 25711, 0
287285, 137372, 0
124631, 38101.7, 0
122164, 58604.4, 0
21664.7, 14690.1, 0
172733, 45521.7, 0
143368, 103171, 0
107320, 44318.7, 0
162123, 22063.6, 0
195466, 77341.2, 0
105256, 61688.3, 0
61967.9, 23836.2, 0
188522, 29598.1, 0
210395, 112020, 0
121470, 83666.5, 0
91010.7, 18147.3, 0
160261, 85735.7, 0
144627, 45014.8, 0
184277, 39264, 0
116801, 30193.8, 0
80952, 52799.4, 0
241901, 69555, 0
119228, 66886.5, 0
207616, 100178, 0
72784.3, 25689.2, 0
28899.9, 19624.5, 0
129858, 40864.8, 0
265470, 120367, 0
51652.9, 35511.1, 0
198888, 42799.3, 0
193137, 119351, 0
117223, 23077.3, 0
127012, 58110.5, 0
164837, 110978, 0
99093.6, 60000.4, 0
158206, 68317.9, 0
93188, 34929.6, 0
93717, 57584.6, 0
211523, 127877, 0
95763.1, 66983.2, 0
235198, 115577, 0
210085, 132747, 0
137072, 21132, 0
199559, 89189.5, 0
82406.7, 25850.8, 0
169236, 55919.5, 0
113406, 71396, 0
123424, 63937.5, 0
137272, 54019.9, 0
140186, 73622.9, 0
57520, 40651.1, 0
111940, 37900.4, 0
148859, 74808.1, 0
171988, 80088.3, 0
199117, 61227.1, 0
149208, 90748.1, 0
51773.3, 30858.9, 0
119038, 25677.5, 0
199256, 48406.3, 0
102491, 49553.2, 0
154154, 82922.9, 0
34872, 24189.1, 0
50140.8, 24525.3, 0
200121, 33938.1, 0
164620, 77500.7, 0
164395, 105826, 0
113949, 72362.8, 0
99641.8, 31994.6, 0
116564, 76000.1, 0
147220, 100543, 0
68939.3, 29405.1, 0
58216.9, 34527.8, 0
224756, 49378.3, 0
72590.5, 49086.8, 0
169061, 24180.2, 0
209693, 53362.4, 0
128298, 57542.8, 0
136174, 72011, 0
184872, 73634.8, 0
57390.8, 32559.2, 0
123966, 60793.4, 0
159666, 55633.5, 0
59417.4, 14546.3, 0
62367.4, 43590.9, 0
100557, 72186.3, 0
151443, 47165.3, 0
75827.8, 42155.3, 0
123149, 62782, 0
195358, 41048.5, 0
153203, 69908.2, 0
113040, 65244.8, 0
136786, 53699.6, 0
168011, 77676.6, 0
64712.7, 33223.7, 0
252837, 76909.3, 0
109440, 73622.4, 0
135902, 62336.2, 0
102081, 27108.2, 0
184901, 94385, 0
63382.7, 8504.41, 0
138055, 92465.5, 0
184744, 60932.5, 0
202663, 110484, 0
78805.1, 41234.1, 0
67892, 41860.3, 0
33627.9, 14340.1, 0
89530.4, 26552.5, 0
115382, 55288.8, 0
153152, 55986.5, 0
196351, 16095.6, 0
97325, 14850.9, 0
170913, 89717, 0
158258, 92461, 0
160206, 78251.8, 0
208646, 115379, 0
219755, 154045, 0
181050, 60176.1, 0
141992, 17654.7, 0
32042.1, 16519.2, 0
66916.6, 30214.5, 0
136572, 90869.5, 0
55321, 32451, 0
81622.2, 50625.9, 0
92289.1, 55528.9, 0
97450.4, 27892.9, 0
73785.8, 43860.8, 0
110174, 38794.3, 0
97817.6, 60126.4, 0
179315, 87188.2, 0
127738, 65691.1, 0
91417.5, 57464.5, 0
98568.5, 44599.4, 0
144692, 29321.1, 0
60636.8, 16247.4, 0
252471, 167426, 0
192472, 91738.1, 0
139611, 56563.4, 0
101402, 41877.5, 0
59623.3, 18839.7, 0
192405, 110203, 0
133530, 76801.2, 0
122890, 81647.5, 0
167134, 43339.3, 0
64376.2, 26576.1, 0
101558, 34157.4, 0
221297, 117907, 0
79381.3, 25835.6, 0
152883, 46956.9, 0
88832.8, 62752.4, 0
154679, 47128.2, 0
126101, 59986.7, 0
89195.1, 27680.3, 0
92661.2, 13021, 0
195798, 47335.4, 0
97300.1, 52921.5, 0
112875, 31738.1, 0
170379, 87366.9, 0
160907, 114852, 0
87069, 57540.9, 0
89581.2, 60888.9, 0
88248.9, 31934.4, 0
148217, 67481.6, 0
163756, 116887, 0
68814.8, 20502.4, 0
151253, 100695, 0
120824, 60076.7, 0
35529.5, 13898.4, 0
115604, 75215, 0
168453, 50265.7, 0
37704.1, 22439.7, 0
209213, 27824, 0
64744.8, 38380.4, 0
74503.5, 32726.2, 0
256662, 135364, 0
161771, 81508.6, 0
53241, 32262.1, 0
154164, 79039.8, 0
171170, 29531.1, 0
103415, 46187.1, 0
104450, 49816.4, 0
134996, 68805.4, 0
152178, 89771.4, 0
124038, 52666.4, 0
119454, 9042.55, 0
9978.32, 6073.08, 0
88966.5, 36428.9, 0
35016.1, 16804.4, 0
92900.2, 6365.44, 0
107418, 70024.6, 0
170855, 68572.7, 0
145609, 94761.4, 0
166588, 117583, 0
124076, 73674.1, 0
135177, 17468.9, 0
186593, 23612.8, 0
105078, 37204.1, 0
151175, 83738.1, 0
69831, 35047, 0
155487, 91273.4, 0
163154, 86097.6, 0
71293.5, 17002.5, 0
58649.9, 35516.2, 0
191658, 33362.9, 0
228343, 18577, 0
101654, 28421.1, 0
110055, 75762.8, 0
78836.1, 47674.1, 0
59341.4, 28222.1, 0
111077, 52423.3, 0
62652.7, 44069.6, 0
196327, 64842.5, 0
148871, 60571.3, 0
212089, 75221.9, 0
108792, 53521.1, 0
75847.8, 3825.47, 0
79882.8, 45245.2, 0
120912, 76076.1, 0
98101.4, 56161.3, 0
62156.4, 19900.7, 0
103697, 50768.7, 0
206440, 66269.8, 0
115302, 69642.8, 0
49967.4, 3585.04, 0
96818.2, 38690.8, 0
179472, 70961.5, 0
253357, 117467, 0
107021, 72720.6, 0
137693, 36831.9, 0
128840, 82533.9, 0
76750.2, 52688.7, 0
151787, 101886, 0
172799, 97570.6, 0
140964, 59386.2, 0
122139, 82191.1, 0
68677.8, 44788.8, 0
110551, 60475.8, 0
121393, 12506.3, 0
138945, 90644.7, 0
29045.8, 12929.1, 0
65687.8, 40178.2, 0
87233.8, 42377.5, 0
135608, 22091.4, 0
55051.8, 19810.9, 0
123976, 61867.3, 0
111948, 65387.4, 0
103674, 69447.2, 0
139651, 45898.8, 0
107239, 24586.4, 0
146098, 100828, 0
64737.1, 19451.2, 0
34064.3, 17962.5, 0
97854.3, 32398.2, 0
141234, 35114.1, 0
117974, 74818, 0
120591, 54926.8, 0
26939.2, 15311.9, 0
143928, 94477.6, 0
106367, 58283.4, 0
215223, 46026.8, 0
159110, 46999.3, 0
74976.3, 51858.5, 0
159515, 93524, 0
56183.7, 38600.3, 0
228021, 46832.9, 0
96268, 17512.8, 0
77308.7, 15700.2, 0
105560, 26328.2, 0
225397, 149547, 0
129193, 88618.7, 0
103435, 16126.6, 0
50860.5, 31408.6, 0
45245.6, 16995.4, 0
260506, 144139, 0
115290, 36160.4, 0
82378.3, 22919.4, 0
90579.9, 51792.3, 0
56568.3, 30174.9, 0
46364.8, 18353.3, 0
200816, 100123, 0
106011, 59133.2, 0
92829.7, 56595.2, 0
202501, 86251.6, 0
93932.5, 50348.7, 0
30341.7, 14092.2, 0
40345.2, 7208.4, 0
91035.3, 40274.1, 0
77881, 26179.4, 0
78472.5, 42651.9, 0
191043, 66705.6, 0
181154, 102246, 0
127789, 47155.8, 0
187542, 72846, 0
84030.9, 27932.7, 0
137848, 89365.1, 0
240031, 146151, 0
74585, 37503.9, 0
56996.2, 21969.2, 0
99829.4, 41371.9, 0
84226.8, 54749.1, 0
195239, 33094.7, 0
173871, 41580.5, 0
180012, 71843.1, 0
84778.2, 59918.4, 0
68540.6, 41218, 0
105525, 74917, 0
68540.3, 44646.2, 0
228265, 16327.4, 0
176806, 97036.2, 0
126364, 51550.1, 0
198570, 67178.3, 0
86068.5, 57715.5, 0
58476.1, 30298.4, 0
69208.1, 34289.3, 0
146942, 59640.5, 0
73563.7, 38659.3, 0
139697, 55145.5, 0
72164.6, 49917.2, 0
82935.2, 49046.2, 0
85611.5, 26789.9, 0
156824, 76565.4, 0
158172, 55449.7, 0
67395.4, 46900.5, 0
72077.4, 45039.2, 0
146116, 37298.8, 0
104547, 25830.5, 0
136352, 43226.2, 0
171509, 33258.8, 0
81773.2, 34932.9, 0
62493.1, 23582.7, 0
191860, 61203.5, 0
123954, 34043.8, 0
74035.4, 28801.6, 0
171623, 32238.9, 0
219297, 140169, 0
169407, 47962.9, 0
243125, 31892.8, 0
132561, 79183.5, 0
157060, 70248.1, 0
87125.5, 61926.7, 0
162392, 51288.3, 0
185004, 45582.3, 0
92972.2, 30572.5, 0
61295.9, 18575.3, 0
160406, 69667.1, 0
94508, 13367.7, 0
290633, 50137.9, 0
126282, 72152.6, 0
124594, 84181.3, 0
93084.5, 20104.5, 0
174935, 44725.5, 0
239790, 76036, 0
84542.5, 36929.9, 0
111571, 53269.7, 0
191109, 123430, 0
44811.9, 24872.9, 0
35703.3, 20201.9, 0
93753, 43255.6, 0
72842, 9135.9, 0
69737.5, 44967.2, 0
106807, 31070.1, 0
95336.2, 66425, 0
134848, 50336.9, 0
119863, 82478.8, 0
19296.8, 9521.15, 0
232514, 92694.9, 0
221173, 51017, 0
113681, 36667, 0
134369, 53867.6, 0
100178, 70683.3, 0
179201, 83985.2, 0
64470, 35601.9, 0
26708.1, 13182.3, 0
99558.5, 62186.1, 0
133163, 94114.8, 0
186174, 57544.6, 0
201919, 87058.6, 0
140985, 97871.6, 0
137184, 56457.9, 0
85571.1, 23381.9, 0
179774, 101811, 0
142135, 57806.5, 0
148496, 62247.3, 0
202091, 127260, 0
78631.8, 32930.4, 0
97243.7, 24495.3, 0
106800, 71655.9, 0
105657, 33499.1, 0
109737, 36012, 0
96229.5, 69120.4, 0
127607, 41208.7, 0
131776, 79406.1, 0
93163.1, 26330.2, 0
172588, 110397, 0
105495, 73616.4, 0
197407, 75661.2, 0
137518, 82291.7, 0
211150, 45280.3, 0
122094, 73876.5, 0
132609, 83180.5, 0
59685.7, 38415.2, 0
156526, 10768.2, 0
125383, 22654.3, 0
24255.4, 13015.6, 0
196747, 33949.1, 0
90154.8, 57820.8, 0
179588, 124820, 0
223544, 86670.1, 0
138712, 43801.9, 0
189902, 111181, 0
143001, 101645, 0
79443.5, 31721.4, 0
111162, 44660.4, 0
166760, 71688.4, 0
63796.3, 3855.21, 0
106885, 64852.8, 0
110450, 52607.6, 0
98177.4, 15760.8, 0
153497, 79211.9, 0
128668, 34708.7, 0
58516.2, 33946.1, 0
100044, 58814, 0
174970, 107265, 0
208164, 73166.4, 0
214843, 75882.1, 0
129680, 86730.9, 0
153881, 85587.2, 0
230779, 123358, 0
122843, 34926.1, 0
110055, 40208.3, 0
152894, 108332, 0
70033.8, 40353.2, 0
112757, 45083.2, 0
106211, 72093.3, 0
209709, 94400.5, 0
75132.2, 21098.1, 0
61230.5, 42917.7, 0
91433.4, 32767.3, 0
102676, 67498.5, 0
107822, 35180.4, 0
128034, 43195.6, 0
149106, 70007.5, 0
198706, 87324.3, 0
222010, 29607.9, 0
80794.8, 49002.5, 0
211997, 83187.1, 0
190961, 53947.7, 0
128185, 56290.4, 0
185515, 92196.6, 0
217245, 97124.6, 0
69150.7, 32792, 0
67257.7, 28686.4, 0
117362, 46742, 0
79987.1, 29813.6, 0
55929.6, 15085.5, 0
42683.1, 24815.9, 0
156176, 103130, 0
173894, 102053, 0
93068.3, 64486.8, 0
108675, 64336.6, 0
99951.6, 19968.6, 0
97734.3, 14874.2, 0
117565, 18317, 0
132233, 58029.6, 0
84758.1, 26200.2, 0
53382, 9804.89, 0
250115, 56058.8, 0
101681, 72619.9, 0
84933.2, 25064.2, 0
40182.6, 4629.39, 0
134743, 30547.2, 0
69141.9, 26634, 0
133317, 52335.6, 0
109561, 57111.5, 0
137782, 25974.7, 0
221359, 114337, 0
39123.1, 10392.8, 0
206379, 95030.1, 0
172476, 108961, 0
140736, 52818.3, 0
168930, 92258.4, 0
127160, 69381.8, 0
273740, 124629, 0
89293.4, 12239.7, 0
137104, 68734.5, 0
200551, 127789, 0
154695, 96570.1, 0
106356, 58672.9, 0
27423.3, 16997.4, 0
169012, 55289.5, 0
99824.4, 60265.4, 0
58563.6, 38810.9, 0
82037.4, 10423.8, 0
195429, 80325.6, 0
74825.7, 28374.7, 0
162369, 116606, 0
164668, 102898, 0
113540, 21913.8, 0
226393, 113062, 0
227405, 92924.3, 0
90658.3, 30349, 0
130779, 43838.6, 0
162562, 92344, 0
76437.1, 28217.8, 0
112142, 8750.52, 0
130095, 61547.5, 0
95673.8, 52220, 0
122219, 24141.7, 0
187886, 115420, 0
183915, 73792.8, 0
91333.2, 25030.2, 0
66991.6, 26226, 0
145734, 39043.5, 0
122346, 87414, 0
105789, 37361.9, 0
67155.5, 32853.8, 0
159480, 78206.7, 0
143878, 88186.3, 0
102745, 67242.1, 0
90075.3, 16039.6, 0
115681, 19681.6, 0
24437.4, 13451.9, 0
101726, 58968.9, 0
52289.1, 32183.9, 0
108109, 62215.8, 0
97381.9, 30085.3, 0
118462, 40447.5, 0
195492, 39454.3, 0
139840, 78419.5, 0
173225, 117500, 0
70226.2, 12276.3, 0
143475, 14922.1, 0
131233, 47635, 0
88662.5, 35259.7, 0
103847, 69219, 0
99296.8, 55352.3, 0
86508.7, 39243.5, 0
76085.5, 47633.6, 0
61270.4, 24359.4, 0
157050, 97412.2, 0
95717.4, 50721.6, 0
62620.5, 37073.1, 0
73782.2, 48832.5, 0
86276.3, 61111.9, 0
103598, 46424.3, 0
81744.6, 49910.7, 0
23700.3, 10388.8, 0
91478.8, 35441, 0
36438, 14403.6, 0
156885, 46222.4, 0
273458, 119437, 0
152787, 70671.9, 0
103061, 57638.4, 0
180066, 38321.5, 0
196463, 81471.9, 0
87750.8, 30816.5, 0
87309.5, 62448.8, 0
89329.1, 52719.2, 0
119291, 64782.6, 0
105321, 69765.9, 0
104565, 32491.3, 0
202829, 65218.6, 0
103408, 64067.2, 0
49406.7, 24779.2, 0
147435, 47219.4, 0
75996.6, 42485.4, 0
219059, 84446.8, 0
157118, 41583.4, 0
87708.7, 24022.2, 0
89797.4, 31206.5, 0
19244, 8264.33, 0
127860, 45742.3, 0
54013.3, 24993.5, 0
55372, 9266.03, 0
124311, 27532.4, 0
167803, 28185.7, 0
119754, 19858.4, 0
67147.9, 27069.8, 0
118329, 74433.4, 0
56542.1, 28478.7, 0
76512.5, 29219.6, 0
70830.3, 22940, 0
109213, 23509.4, 0
65009.4, 30890.5, 0
93684.8, 35107.9, 0
92565.3, 65452.3, 0
97692.1, 56141.8, 0
37547, 15153.7, 0
72989.6, 29848.6, 0
144612, 97816.7, 0
75289, 52615.6, 0
107927, 74417.9, 0
105433, 59311.3, 0
119067, 38397.6, 0
151974, 85714.5, 0
209326, 74576.9, 0
82129.2, 54733.1, 0
169620, 15452.4, 0
97910.9, 63211, 0
156472, 103975, 0
109426, 71239.6, 0
117672, 26642.8, 0
130611, 72365.1, 0
155696, 66262.3, 0
206975, 67858.2, 0
184753, 42664.3, 0
88954.8, 55178.7, 0
95281.9, 66377.3, 0
300581, 139570, 0
111787, 36471.9, 0
111200, 17766.8, 0
145058, 21020.6, 0
85716.1, 52580.4, 0
157858, 65886.2, 0
118562, 35187, 0
187940, 65728.2, 0
67487.1, 45234.1, 0
145009, 74880.3, 0
41729.4, 17236.7, 0
83065.6, 49202, 0
50405.7, 26001.3, 0
200246, 26548.9, 0
74386.2, 41675.5, 0
116026, 76443.3, 0
124554, 76008.7, 0
121855, 56185.8, 0
132603, 51511.4, 0
160495, 60675.3, 0
77292.5, 42401.1, 0
72553.1, 40228.6, 0
225972, 17463.4, 0
54225.4, 33179.3, 0
142030, 14477.2, 0
107549, 65234.2, 0
151549, 18747, 0
93584.9, 58627.8, 0
57597.6, 32451, 0
174678, 87180.2, 0
64458.1, 39644.1, 0
51078.7, 16015.6, 0
110397, 26748.8, 0
89364.9, 60492.4, 0
201814, 89726.2, 0
60479.9, 7076.91, 0
105365, 24211.1, 0
163407, 88913.2, 0
178642, 55825.4, 0
172889, 49070.9, 0
109135, 58830.3, 0
56053, 9635.13, 0
173348, 90590.1, 0
169108, 102329, 0
228722, 153084, 0
146398, 77701.5, 0
33226.6, 18969.9, 0
135250, 54012.7, 0
47044.5, 32155.7, 0
281154, 120406, 0
155184, 33121.9, 0
48508.8, 18067.9, 0
69603.5, 34944.7, 0
159910, 74946.8, 0
111844, 66310.4, 0
177903, 78524, 0
231718, 85945, 0
44434, 30193.2, 0
119120, 68109.9, 0
183081, 66659.8, 0
70137.2, 32581.4, 0
124040, 85882.3, 0
107366, 28339.3, 0
199434, 119669, 0
138113, 31311.3, 0
113020, 56097.3, 0
73215.4, 45782.9, 0
170000, 42227.1, 0
198625, 107176, 0
146540, 58653.5, 0
40466.9, 28697.7, 0
131213, 73525.8, 0
150303, 75978.1, 0
56596.8, 39315.8, 0
167730, 86534.5, 0
122980, 34002.1, 0
78750.4, 42984.4, 0
259143, 150636, 0
79697.5, 45942.7, 0
145452, 17346.6, 0
80032.9, 56311.9, 0
122619, 59568.5, 0
78058.3, 38255.9, 0
49497.4, 30503.1, 0
220446, 51972.4, 0
68219.3, 29125, 0
152855, 96139.5, 0
87766.7, 35932.7, 0
118424, 74136.2, 0
133009, 87795.2, 0
153694, 104486, 0
79787.3, 21133.3, 0
110569, 36741.6, 0
84892.4, 49229.5, 0
92287.2, 26903.7, 0
162278, 77349.9, 0
55034, 30243.2, 0
11716.8, 7494.08, 0
195968, 112403, 0
116613, 83647.9, 0
60225.4, 35585.3, 0
98123.4, 14661, 0
115027, 33358.2, 0
128095, 39745.9, 0
144884, 4459.12, 0
256034, 77445.9, 0
89516.9, 32351.9, 0
77856.9, 25918, 0
171722, 34992, 0
203844, 102267, 0
132594, 50059.5, 0
192645, 134306, 0
57935.8, 7306.8, 0
181125, 116382, 0
53531, 23363.4, 0
151098, 78269.7, 0
253138, 135602, 0
75696.7, 21017.6, 0
14398.9, 9173.84, 0
107259, 59430.5, 0
191581, 130976, 0
132345, 79238.8, 0
86664.3, 57378.7, 0
96774.7, 60930.5, 0
11542.8, 5439.01, 0
84755.2, 47387.5, 0
62284.7, 24535.7, 0
197997, 56812.4, 0
143762, 75169.3, 0
176040, 25697.8, 0
103971, 56961.4, 0
235737, 92269.2, 0
116702, 40535.3, 0
147122, 57215.1, 0
207990, 76488.1, 0
192968, 110819, 0
133719, 91621, 0
113035, 62005.3, 0
166072, 38934.5, 0
93794.4, 59651.6, 0
176371, 55945.3, 0
123371, 82059.4, 0
115391, 67557.5, 0
43828.1, 9124.52, 0
63491.1, 8001.29, 0
120622, 34711.3, 0
175271, 62193.2, 0
92967.2, 59250.9, 0
103078, 51339.2, 0
130865, 79958, 0
126187, 84724.1, 0
257783, 27354.8, 0
140234, 65070.8, 0
169643, 88709.6, 0
124138, 67772.1, 0
89006.8, 21134.1, 0
134688, 80432.1, 0
130197, 72699.1, 0
172983, 105806, 0
108615, 66455.1, 0
65286.8, 41482.1, 0
135008, 89708.2, 0
77554.3, 18255.6, 0
136176, 24205.9, 0
117459, 69018.9, 0
230673, 84478.5, 0
118079, 64007.2, 0
215485, 120396, 0
155975, 62613.5, 0
178038, 102662, 0
149513, 63440.3, 0
160822, 74999.2, 0
116163, 26788.9, 0
83475.6, 36077.8, 0
29203.8, 13647.8, 0
81222.7, 37615.7, 0
244203, 75027.5, 0
91603.8, 54546.1, 0
130707, 49486.7, 0
144901, 8938.39, 0
90556.8, 50155.6, 0
102246, 67515.1, 0
150911, 18207, 0
88018.1, 48509.4, 0
95317.7, 61363.9, 0
165461, 86821.9, 0
162301, 111560, 0
77157.9, 53668.7, 0
145754, 21827.8, 0
81039.3, 45537.1, 0
110094, 47140.9, 0
40144.8, 26776.4, 0
91913.2, 61804.7, 0
87613.7, 23701.9, 0
203026, 110744, 0
168751, 98332.3, 0
170900, 98591.5, 0
205431, 83723.5, 0
65944.7, 39763.1, 0
142165, 10436.4, 0
122625, 20001.2, 0
132322, 50848.2, 0
127623, 72550.1, 0
92205.3, 59460, 0
139117, 72802.3, 0
146764, 31989.9, 0
96979.8, 55650.3, 0
92129.2, 55626.4, 0
65478.1, 10351.2, 0
188105, 87877.9, 0
168493, 101510, 0
185694, 22927.1, 0
148278, 100229, 0
208565, 56417.7, 0
153158, 107101, 0
122195, 74239.1, 0
104016, 69345.3, 0
88367.7, 59248.5, 0
121663, 72648.6, 0
227531, 140598, 0
216775, 80445.7, 0
126006, 85173.6, 0
106106, 37293.5, 0
73212.4, 43001.3, 0
177795, 100673, 0
122727, 71841.8, 0
148499, 48254.3, 0
108224, 61644.8, 0
34825.2, 11730.5, 0
90803.8, 42800.7, 0
234180, 139636, 0
166563, 108677, 0
169629, 87968.1, 0
146372, 31123.1, 0
214226, 129020, 0
60729.4, 28313.8, 0
133007, 79648.1, 0
97058.2, 40850.6, 0
143490, 33323, 0
61493, 14221.9, 0
106093, 70251.8, 0
194677, 55888.3, 0
99466.7, 11697.5, 0
125966, 41416.1, 0
119969, 73333.1, 0
181569, 91647, 0
110006, 60291.5, 0
97563.3, 30076.6, 0
108579, 55289.4, 0
173305, 113920, 0
128442, 71142.5, 0
153452, 79419.5, 0
139624, 47473, 0
167473, 41271, 0
68234.1, 29893.1, 0
166241, 108006, 0
38465.8, 23748.7, 0
189934, 121035, 0
125088, 30056.6, 0
115192, 49461.4, 0
207767, 95590.5, 0
228988, 90506.6, 0
54267.4, 38971.3, 0
124332, 65231.9, 0
74457.8, 27118, 0
228122, 106564, 0
100168, 55318.7, 0
