171943, 13681.5, 0
350552, 97979.5, 0
144998, 78558.2, 0
102431, 84468.9, 0
254792, 183362, 0
76386.1, 71862.1, 0
235129, 131965, 0
272319, 237525, 0
161216, 159273, 0
249922, 37638.6, 0
226117, 115177, 0
103316, 83317, 0
86573.6, 79112.2, 0
222474, 138413, 0
125846, 85933.9, 0
345499, 132823, 0
26637.5, 9269.46, 0
84184, 74987, 0
57907.1, 56745.1, 0
45661.6, 29394.7, 0
150171, 26022.9, 0
223753, 29294.7, 0
193742, 117122, 0
185765, 121263, 0
137674, 76457.1, 0
177994, 162000, 0
149733, 61628.3, 0
145977, 93033.5, 0
184378, 66722.5, 0
451542, 392473, 0
316436, 43967.3, 0
226024, 167945, 0
170688, 101607, 0
255244, 175922, 0
166157, 51345, 0
190228, 50513.6, 0
220826, 199400, 0
88584.5, 47443.5, 0
202563, 203218, 0
266347, 195959, 0
363833, 135500, 0
151920, 60895.1, 0
76913.8, 77079.5, 0
310042, 41186.7, 0
83945.9, 81861.2, 0
79323.6, 73412.5, 0
258976, 214222, 0
161711, 68071.9, 0
89063.8, 35660.3, 0
95571.8, 42959.7, 0
264877, 47477.8, 0
161149, 98596.1, 0
225902, 180361, 0
313126, 105321, 0
176913, 110704, 0
294099, 127844, 0
182457, 80522.5, 0
321646, 181563, 0
205680, 150285, 0
215259, 91069.2, 0
133292, 95195.5, 0
200202, 164244, 0
34926.8, 19235, 0
177424, 166658, 0
87140.6, 87165.1, 0
168573, 140242, 0
271823, 151401, 0
182205, 145341, 0
154388, 101609, 0
275394, 126552, 0
195998, 179928, 0
143481, 105327, 0
165596, 144399, 0
126014, 121616, 0
96745.7, 82050.7, 0
230759, 110172, 0
66729.2, 66833.8, 0
151780, 4824.59, 0
156761, 154759, 0
168456, 167228, 0
247359, 203049, 0
294078, 134093, 0
114683, 37293.4, 0
200583, 158284, 0
81316.3, 47098.7, 0
214099, 147530, 0
363832, 14587.7, 0
249427, 195936, 0
191619, 93356.5, 0
163910, 25132.8, 0
92135.8, 74770.3, 0
133472, 36235.2, 0
181603, 78422.7, 0
282581, 160776, 0
41784.5, 35129.6, 0
212798, 195542, 0
313917, 227858, 0
319565, 249424, 0
132461, 122096, 0
98858.1, 46124.4, 0
90507.3, 87936.9, 0
119875, 61742.2, 0
97442.4, 85326.3, 0
63029.6, 50974.4, 0
157312, 96082.4, 0
112700, 35541.1, 0
162017, 92026.6, 0
153420, 131309, 0
142601, 73849.9, 0
76543.3, 55131.2, 0
55708.8, 23645.3, 0
157498, 74528.1, 0
38427.2, 33598.5, 0
133651, 117128, 0
281911, 198987, 0
225766, 189134, 0
248971, 101549, 0
75598.8, 72749.4, 0
166835, 68207.3, 0
232017, 36057.4, 0
67355, 43732.8, 0
163348, 69254.7, 0
149737, 71767.6, 0
147327, 86173.3, 0
286768, 248265, 0
108674, 76605.6, 0
118357, 78221.3, 0
121080, 117275, 0
174144, 113794, 0
218498, 196390, 0
115486, 95642.7, 0
176459, 134821, 0
204674, 155158, 0
475242, 299813, 0
189228, 67233, 0
247469, 85352.5, 0
246399, 217445, 0
225226, 133473, 0
143493, 101045, 0
109389, 19144.2, 0
135168, 123681, 0
147447, 9354.69, 0
112537, 93091.6, 0
274133, 58943.7, 0
135813, 104807, 0
232541, 212724, 0
157378, 129839, 0
362321, 176357, 0
11494.9, 11495.5, 0
111330, 49267.7, 0
144548, 92627.7, 0
215149, 205542, 0
326644, 217289, 0
211504, 135357, 0
131136, 113232, 0
82385.7, 65576.9, 0
242506, 157438, 0
152528, 153121, 0
318886, 215400, 0
244468, 169165, 0
150434, 78809.5, 0
222997, 106496, 0
192521, 169412, 0
322090, 116911, 0
156933, 142707, 0
237676, 157309, 0
181669, 66900.8, 0
207007, 36842.8, 0
321541, 240736, 0
109820, 110688, 0
163584, 36434.1, 0
185935, 35760.7, 0
120857, 99261.2, 0
108152, 35859.5, 0
215346, 155724, 0
223013, 185409, 0
135318, 122975, 0
44734.4, 29327.6, 0
80043.4, 69955.5, 0
206585, 44186.9, 0
163038, 147935, 0
192554, 183942, 0
182459, 161072, 0
49527.6, 16586.3, 0
170967, 104585, 0
283838, 87137.4, 0
154681, 66198.6, 0
184999, 62321.4, 0
176228, 156729, 0
108561, 82199, 0
121644, 43880.5, 0
71769, 29520.9, 0
120231, 99760.8, 0
241033, 203458, 0
316572, 165250, 0
73983.3, 63258.4, 0
300755, 195420, 0
174953, 43424.5, 0
52152.1, 21015.4, 0
153291, 102333, 0
199187, 41347.8, 0
136277, 67963.3, 0
121507, 63969.3, 0
47138.9, 21855.9, 0
289043, 111399, 0
351254, 119183, 0
80605.7, 66745.7, 0
195067, 173223, 0
76246.9, 23094.9, 0
219413, 39842.1, 0
246424, 79163, 0
298815, 57567.2, 0
200269, 51024.6, 0
161027, 124953, 0
142949, 70131.8, 0
181069, 142467, 0
280472, 251371, 0
96444.9, 89003.1, 0
448224, 130417, 0
66451.3, 49450, 0
291973, 23146.3, 0
267676, 99535.1, 0
51200, 7896.77, 0
382713, 169439, 0
321762, 117808, 0
281150, 130374, 0
88766.8, 75215.8, 0
241130, 60998.1, 0
114259, 95276.9, 0
236947, 36594.5, 0
210273, 199501, 0
93017, 75948.5, 0
182004, 43621.2, 0
196308, 175106, 0
60057.7, 58079.3, 0
253078, 181508, 0
105274, 41771.9, 0
173031, 15965.5, 0
240110, 241473, 0
69022.6, 56992.5, 0
199731, 124571, 0
154866, 31976.6, 0
65502.1, 53588.4, 0
312303, 71765.9, 0
264633, 20158, 0
146011, 69945.7, 0
312018, 100439, 0
196887, 143913, 0
272373, 225439, 0
108936, 51832.9, 0
125440, 113197, 0
269849, 65460.4, 0
193271, 126053, 0
271804, 96233, 0
239676, 129374, 0
49215.5, 29934.6, 0
113094, 20951.8, 0
220804, 97793.7, 0
126544, 44530.5, 0
101918, 29729.9, 0
88172.1, 42637, 0
98890.3, 64257.7, 0
109235, 51556.4, 0
557405, 150350, 0
229625, 182333, 0
238111, 164966, 0
124754, 30121.8, 0
266189, 54340.8, 0
133314, 109664, 0
103873, 72773.5, 0
177183, 139818, 0
144723, 124372, 0
267700, 118763, 0
309570, 171202, 0
126356, 106547, 0
211566, 131582, 0
40044.3, 37863.7, 0
108651, 62781.9, 0
165753, 148804, 0
164321, 95363.9, 0
475105, 171074, 0
136912, 45185.1, 0
277557, 71662.9, 0
243150, 124512, 0
230635, 137804, 0
134043, 114631, 0
109014, 96168.1, 0
140771, 141301, 0
114810, 73266.8, 0
178042, 101244, 0
101869, 93818.2, 0
96831.2, 58413.3, 0
152221, 120822, 0
159597, 149185, 0
261158, 193610, 0
208816, 186522, 0
24139.3, 12466.5, 0
102306, 73187.3, 0
242410, 154409, 0
17470.9, 17262.5, 0
58855.7, 59381, 0
92288.7, 80582.7, 0
80941.4, 32668.9, 0
226547, 39887.1, 0
139817, 80677.9, 0
376048, 27492.1, 0
353457, 214947, 0
103788, 57912.3, 0
158567, 154713, 0
38434.6, 21210.3, 0
205072, 165913, 0
202204, 48554.9, 0
113767, 81554.2, 0
224553, 128920, 0
411253, 112482, 0
327091, 34834.1, 0
109102, 92632.2, 0
108022, 21295.6, 0
156808, 90848.5, 0
279923, 196843, 0
134305, 78233.4, 0
304747, 160930, 0
170608, 80038.5, 0
71275.2, 66683.7, 0
145283, 140291, 0
180877, 172692, 0
153016, 54399.1, 0
126567, 101117, 0
134055, 98515.4, 0
363911, 76285.7, 0
145203, 86798.9, 0
439130, 235503, 0
170954, 82470.1, 0
116412, 95729.2, 0
253488, 84614.4, 0
197004, 73569.8, 0
112859, 48693.6, 0
85002.1, 50376.2, 0
451615, 147374, 0
281511, 40352.4, 0
176116, 101487, 0
440709, 138414, 0
71121.7, 25920.3, 0
150179, 80625.4, 0
216402, 119233, 0
153630, 90855.7, 0
125867, 123728, 0
90463.7, 90377.2, 0
168956, 109638, 0
218827, 214208, 0
76996.3, 22837.6, 0
178118, 56738.5, 0
129945, 97274.3, 0
148857, 133836, 0
118772, 100343, 0
162893, 130963, 0
168456, 167228, 0
224870, 79942.3, 0
177496, 135781, 0
315712, 89342.8, 0
258850, 139550, 0
178337, 155765, 0
177829, 67877.3, 0
56689.5, 29587.8, 0
98466.6, 74492.9, 0
73763.7, 17945.5, 0
216452, 124118, 0
161413, 37096.3, 0
292170, 25899, 0
192673, 80248.3, 0
130142, 13163.2, 0
154750, 77949.3, 0
226576, 69743.6, 0
207269, 150196, 0
382244, 124282, 0
158821, 94642.9, 0
204691, 90905.8, 0
263453, 156969, 0
392916, 145369, 0
137064, 10253.1, 0
275776, 219118, 0
154499, 113305, 0
292219, 30291.2, 0
103778, 74733.4, 0
102718, 28117.6, 0
106217, 87806.1, 0
220060, 27497.8, 0
231330, 172392, 0
112857, 51220.1, 0
203895, 137340, 0
234529, 91812.3, 0
190071, 123357, 0
156786, 107027, 0
169866, 167704, 0
162882, 97120.9, 0
443396, 155847, 0
290858, 26936.2, 0
292796, 132608, 0
47909.1, 21918.4, 0
261113, 139060, 0
200031, 71036.7, 0
175946, 39894.7, 0
209421, 207424, 0
73680.9, 47301.9, 0
279059, 92201.6, 0
259624, 214967, 0
276529, 167699, 0
121075, 115436, 0
204679, 37860.2, 0
221899, 138963, 0
32782.2, 20813.4, 0
183912, 175039, 0
270715, 210724, 0
198390, 156334, 0
213100, 3740.05, 0
258548, 148048, 0
133512, 30544.4, 0
132001, 131490, 0
200835, 90126.4, 0
125936, 123620, 0
245015, 180447, 0
115628, 90082.1, 0
98271.9, 61637.4, 0
112612, 95382.9, 0
161687, 58619.7, 0
298929, 109636, 0
248072, 62310.7, 0
238846, 217508, 0
220711, 211664, 0
120612, 100662, 0
206461, 61211.7, 0
126376, 24792.5, 0
203962, 8338.84, 0
71585.1, 52373.8, 0
178872, 128800, 0
103321, 68591.4, 0
224125, 224519, 0
192539, 101522, 0
147780, 56163.9, 0
233228, 211892, 0
209767, 82451.2, 0
347683, 209429, 0
148431, 56469.1, 0
145787, 82324.6, 0
73708.9, 63963.4, 0
242745, 86376.1, 0
256576, 166250, 0
135321, 33942.7, 0
101681, 54220.1, 0
180084, 34045, 0
227535, 163191, 0
146447, 31474.1, 0
220199, 138530, 0
216123, 133135, 0
52224.4, 44164.8, 0
99265.9, 89604, 0
193603, 47684.8, 0
276807, 216839, 0
213551, 205838, 0
138227, 87775.9, 0
239571, 158543, 0
217209, 66018.2, 0
163121, 162528, 0
290369, 58557.1, 0
132576, 104571, 0
192982, 77101.9, 0
203794, 156010, 0
168298, 66862.9, 0
193907, 115889, 0
237816, 228559, 0
377299, 132289, 0
148602, 64781.5, 0
93972.3, 38802.2, 0
104794, 96671.6, 0
382281, 40764.2, 0
244386, 163738, 0
247530, 33536.1, 0
205465, 111386, 0
180412, 158967, 0
220451, 209558, 0
314734, 186237, 0
468003, 338824, 0
72804.2, 69007.6, 0
139386, 18545.1, 0
158804, 116770, 0
126202, 111430, 0
311858, 70627.9, 0
292939, 228766, 0
113968, 98356.4, 0
183592, 64642, 0
139862, 99486, 0
143964, 119090, 0
293611, 70156.3, 0
218809, 205978, 0
215650, 145786, 0
198992, 91443.7, 0
160663, 116819, 0
204289, 175165, 0
244581, 133264, 0
192669, 164163, 0
280088, 159565, 0
201804, 41873.4, 0
142741, 73763.4, 0
189771, 73102.3, 0
245186, 84762.8, 0
100369, 46506.2, 0
291304, 127441, 0
137075, 35911.5, 0
154149, 84246.3, 0
267941, 164446, 0
59432.8, 45370, 0
179632, 105338, 0
247603, 147649, 0
219945, 207493, 0
301536, 112026, 0
151163, 92842.1, 0
143407, 64541.8, 0
110920, 31328.3, 0
109405, 57853.8, 0
150413, 147955, 0
217692, 162176, 0
226647, 229096, 0
145298, 76906.4, 0
284157, 235146, 0
189229, 46607.6, 0
158082, 136383, 0
77822.5, 57531, 0
189050, 181277, 0
164467, 138918, 0
152783, 112547, 0
114257, 114987, 0
265939, 51524.8, 0
86683.1, 57620.1, 0
156202, 154637, 0
205668, 178280, 0
163073, 158538, 0
394002, 154665, 0
143113, 103421, 0
109579, 47770.9, 0
122197, 39404.8, 0
238111, 113432, 0
195216, 60864.1, 0
303021, 249170, 0
151084, 108978, 0
151313, 82564.3, 0
274450, 96587.4, 0
192770, 117964, 0
123258, 82181.2, 0
308231, 275812, 0
189078, 90723.2, 0
249786, 160497, 0
225214, 178952, 0
249543, 123813, 0
234908, 59390, 0
58556.5, 48288.2, 0
147804, 61602.6, 0
464886, 141569, 0
246502, 164919, 0
245602, 212777, 0
180059, 105202, 0
166826, 145880, 0
178594, 123680, 0
198145, 150781, 0
156113, 142881, 0
111553, 111908, 0
141471, 97834.8, 0
151452, 118330, 0
141705, 54659.1, 0
247436, 52663.2, 0
236375, 228693, 0
197954, 112118, 0
192150, 146454, 0
290752, 201252, 0
200218, 139377, 0
137535, 79414.7, 0
161683, 45582.1, 0
212085, 134605, 0
255505, 132653, 0
209865, 70953.2, 0
189109, 55632.4, 0
56563.7, 18348.1, 0
144069, 102028, 0
153978, 96677.9, 0
153250, 104616, 0
151642, 27769.2, 0
69283.7, 39072.6, 0
308867, 146494, 0
355217, 101826, 0
283070, 260144, 0
289836, 29564, 0
181119, 119102, 0
126862, 68098.7, 0
60787, 43760.6, 0
153826, 14227.9, 0
91288.9, 37748.3, 0
179817, 170259, 0
59234, 40179.7, 0
243551, 89293.1, 0
110206, 43574.6, 0
201264, 93022, 0
101310, 20278, 0
313339, 164037, 0
73654.9, 32496.9, 0
131435, 120485, 0
221454, 165676, 0
98369.7, 81642.6, 0
504720, 114550, 0
120249, 53149.4, 0
105792, 95501.2, 0
114304, 61197.5, 0
234633, 54942.7, 0
73009.4, 41957.3, 0
208042, 129409, 0
143507, 76665, 0
124052, 93331.2, 0
258013, 106469, 0
173722, 82639.3, 0
89983.3, 69635.7, 0
397017, 113176, 0
188634, 84729, 0
418178, 212761, 0
99954.1, 25827.1, 0
225550, 170698, 0
237436, 37182.3, 0
89206, 39667.9, 0
192527, 95492.5, 0
105643, 84672.9, 0
188667, 8849.78, 0
218334, 115313, 0
115623, 93366.8, 0
157942, 141812, 0
228938, 204650, 0
223756, 131436, 0
109556, 46869.9, 0
97195.8, 61708.5, 0
136981, 65722.8, 0
45284.8, 42489.3, 0
169043, 117468, 0
110793, 57893.3, 0
279767, 193161, 0
57931.6, 41149.8, 0
310989, 262229, 0
168447, 149131, 0
89829.9, 33327, 0
37101.2, 7108.85, 0
241912, 164504, 0
169970, 167807, 0
135637, 69582.6, 0
279402, 269091, 0
221207, 118918, 0
146906, 12191.1, 0
122191, 33886.3, 0
130694, 118624, 0
269866, 83749.9, 0
177054, 85054.8, 0
142577, 34744.5, 0
84849.5, 74446.1, 0
341379, 187467, 0
58099.6, 34104.1, 0
156841, 43901.5, 0
197176, 191858, 0
211246, 177436, 0
149472, 67316.3, 0
160963, 9656.47, 0
166363, 129685, 0
78454.1, 74590.6, 0
131655, 103727, 0
121059, 64852.5, 0
80938.5, 74117.3, 0
191242, 111080, 0
158222, 114705, 0
135630, 133582, 0
73904.2, 52710.9, 0
202408, 197603, 0
69147, 66606.7, 0
46946.5, 38566.9, 0
296530, 149511, 0
212420, 98228.5, 0
68660.4, 55071.8, 0
245925, 178291, 0
52108.6, 39054.9, 0
299310, 174780, 0
235268, 227235, 0
313089, 163653, 0
254881, 240566, 0
214148, 122397, 0
93049.6, 63235.9, 0
97973, 79526.1, 0
500788, 137471, 0
248431, 131168, 0
46379.6, 34870.9, 0
73572.8, 67658.1, 0
160300, 161856, 0
105419, 38082.8, 0
159504, 46545.7, 0
43730.8, 32111.6, 0
162354, 88564.4, 0
296633, 56404.3, 0
48508.4, 35343.2, 0
152305, 114212, 0
152766, 110207, 0
274140, 39717.7, 0
218519, 52563.6, 0
244004, 78066.2, 0
171731, 118539, 0
194087, 195755, 0
365368, 208816, 0
83590.1, 50827.6, 0
385739, 294766, 0
90706.9, 80029.5, 0
240778, 77612.3, 0
223518, 197848, 0
355785, 95034.1, 0
208105, 162753, 0
199830, 67123.8, 0
207480, 174718, 0
215879, 94964.4, 0
70128.8, 35121.7, 0
158562, 153677, 0
168066, 140242, 0
309485, 211451, 0
292551, 279128, 0
150899, 40004.2, 0
283342, 55071.6, 0
215034, 216127, 0
