2.23581e+07, 2.78086e+06, 0
2.77131e+07, 1.62991e+07, 0
2.3798e+07, 9.45563e+06, 0
1.86678e+07, 9.95485e+06, 0
3.17724e+07, 1.83839e+07, 0
3.4608e+07, 2.1178e+07, 0
3.09763e+07, 1.52492e+07, 0
2.33385e+07, 9.08033e+06, 0
1.94724e+07, 1.04348e+07, 0
1.42652e+07, 2.81971e+06, 0
2.78507e+07, 4.35426e+06, 0
3.38437e+07, 1.18695e+07, 0
2.31694e+07, 3.19152e+06, 0
1.61037e+07, 2.40056e+06, 0
1.54409e+07, 5.01593e+06, 0
2.81363e+07, 1.81935e+07, 0
2.03624e+07, 7.29966e+06, 0
2.58651e+07, 1.64919e+07, 0
2.67094e+07, 1.14929e+07, 0
1.38331e+07, 2.07903e+06, 0
2.42182e+07, 1.08907e+07, 0
2.73283e+07, 2.77323e+06, 0
2.42409e+07, 1.2275e+07, 0
3.52328e+07, 1.60125e+07, 0
3.00046e+07, 1.67917e+07, 0
2.95158e+07, 1.81765e+07, 0
2.17054e+07, 2.90946e+06, 0
2.58759e+07, 1.24115e+07, 0
2.58411e+07, 1.60651e+06, 0
2.39376e+07, 1.26449e+07, 0
2.08564e+07, 6.22699e+06, 0
2.56523e+07, 1.40605e+07, 0
3.18437e+07, 1.59386e+07, 0
1.56793e+07, 900525, 0
1.87926e+07, 9.82471e+06, 0
2.33658e+07, 9.71937e+06, 0
2.74651e+07, 4.91218e+06, 0
1.72959e+07, 6.66442e+06, 0
3.34141e+07, 8.97805e+06, 0
4.03603e+07, 7.62839e+06, 0
1.99863e+07, 9.95357e+06, 0
2.36223e+07, 1.26833e+07, 0
3.65184e+07, 9.28223e+06, 0
2.73894e+07, 5.03205e+06, 0
2.13412e+07, 1.03853e+07, 0
2.44e+07, 1.00193e+07, 0
2.25526e+07, 1.15096e+07, 0
3.87937e+07, 1.55059e+07, 0
1.29423e+07, 3.83936e+06, 0
1.98698e+07, 1.01682e+07, 0
1.66195e+07, 6.91975e+06, 0
2.51615e+07, 5.29396e+06, 0
2.80531e+07, 1.80424e+07, 0
1.93539e+07, 7.86973e+06, 0
1.71505e+07, 7.45939e+06, 0
2.96189e+07, 8.97201e+06, 0
2.46637e+07, 1.20499e+07, 0
2.17199e+07, 7.97976e+06, 0
4.04311e+07, 1.17236e+07, 0
1.67838e+07, 3.69516e+06, 0
1.63231e+07, 7.14914e+06, 0
2.87324e+07, 1.568e+07, 0
2.94041e+07, 1.72604e+07, 0
1.52327e+07, 6.45206e+06, 0
1.68669e+07, 8.33494e+06, 0
2.87664e+07, 1.82512e+07, 0
2.34451e+07, 1.40115e+07, 0
1.9832e+07, 1.05483e+07, 0
4.23505e+07, 1.81637e+07, 0
2.8356e+07, 4.29687e+06, 0
1.94907e+07, 6.73931e+06, 0
2.15962e+07, 1.05991e+07, 0
2.38663e+07, 8.53567e+06, 0
3.0148e+07, 1.45692e+07, 0
3.15198e+07, 6.26689e+06, 0
1.32083e+07, 1.37951e+06, 0
2.03834e+07, 7.38054e+06, 0
2.9872e+07, 1.18629e+07, 0
2.3779e+07, 8.60163e+06, 0
2.91605e+07, 1.21275e+07, 0
2.91073e+07, 1.03496e+06, 0
2.60351e+07, 1.35796e+07, 0
1.71614e+07, 7.07481e+06, 0
1.4364e+07, 4.2501e+06, 0
2.98278e+07, 1.0338e+07, 0
1.80987e+07, 5.87821e+06, 0
1.85111e+07, 4.57935e+06, 0
1.5202e+07, 6.34167e+06, 0
1.75346e+07, 860592, 0
1.6473e+07, 7.19716e+06, 0
4.53301e+07, 4.73998e+06, 0
1.335e+07, 4.58209e+06, 0
1.86998e+07, 7.41148e+06, 0
2.78536e+07, 1.15835e+07, 0
2.06772e+07, 7.93993e+06, 0
1.50896e+07, 6.63554e+06, 0
2.68077e+07, 4.88503e+06, 0
2.43291e+07, 1.41627e+07, 0
2.95294e+07, 3.50997e+06, 0
3.16842e+07, 1.19128e+07, 0
2.38892e+07, 1.37927e+07, 0
2.26893e+07, 5.97333e+06, 0
2.6076e+07, 9.85284e+06, 0
2.47679e+07, 7.254e+06, 0
3.19256e+07, 1.08233e+07, 0
2.54337e+07, 1.615e+07, 0
2.154e+07, 3.46519e+06, 0
2.40978e+07, 4.79358e+06, 0
2.75991e+07, 1.43943e+07, 0
3.04643e+07, 1.97686e+07, 0
2.60581e+07, 1.19492e+07, 0
4.06789e+07, 1.21842e+07, 0
3.01145e+07, 6.25376e+06, 0
3.22972e+07, 1.9284e+07, 0
3.24224e+07, 1.1442e+07, 0
1.88139e+07, 9.24947e+06, 0
1.354e+07, 4.65636e+06, 0
2.63042e+07, 8.14734e+06, 0
3.18181e+07, 1.67503e+07, 0
1.93876e+07, 7.0505e+06, 0
2.2851e+07, 9.165e+06, 0
2.21663e+07, 1.31344e+07, 0
1.73118e+07, 8.87952e+06, 0
2.00986e+07, 816966, 0
3.09661e+07, 1.24567e+07, 0
1.96798e+07, 9.94328e+06, 0
2.51276e+07, 1.32804e+07, 0
1.68304e+07, 4.97216e+06, 0
1.50421e+07, 2.08851e+06, 0
2.29837e+07, 1.41724e+07, 0
3.81808e+07, 2.42065e+07, 0
2.12573e+07, 6.95729e+06, 0
2.35471e+07, 4.07271e+06, 0
2.54815e+07, 9.0681e+06, 0
2.2808e+07, 1.00173e+07, 0
2.02161e+07, 5.38784e+06, 0
2.58273e+07, 1.26559e+07, 0
1.6983e+07, 4.54525e+06, 0
2.25025e+07, 5.51672e+06, 0
1.98454e+07, 6.43065e+06, 0
2.60867e+07, 8.88236e+06, 0
3.39785e+07, 2.0963e+07, 0
1.87881e+07, 7.80913e+06, 0
2.31989e+07, 4.39665e+06, 0
3.19292e+07, 5.99228e+06, 0
2.18229e+07, 9.50046e+06, 0
2.64921e+07, 1.26132e+07, 0
3.0406e+07, 1.01159e+07, 0
2.44172e+07, 1.43237e+07, 0
3.62285e+07, 3.03197e+06, 0
1.62423e+07, 6.64669e+06, 0
2.5234e+07, 8.979e+06, 0
2.0537e+07, 7.08372e+06, 0
2.03383e+07, 5.10703e+06, 0
1.66846e+07, 8.31877e+06, 0
2.75576e+07, 6.07158e+06, 0
1.96182e+07, 9.45423e+06, 0
2.1954e+07, 1.31632e+07, 0
2.40959e+07, 2.37659e+06, 0
2.29797e+07, 1.40254e+07, 0
3.27836e+07, 1.98399e+07, 0
1.23455e+07, 1.79724e+06, 0
2.03434e+07, 1.09167e+07, 0
1.34634e+07, 1.25549e+06, 0
1.79304e+07, 7.93758e+06, 0
2.38209e+07, 4.4009e+06, 0
2.81868e+07, 7.26396e+06, 0
2.2491e+07, 5.76248e+06, 0
3.61807e+07, 1.89406e+07, 0
3.03709e+07, 1.37981e+07, 0
2.16709e+07, 1.00587e+07, 0
2.34158e+07, 1.16722e+07, 0
1.95978e+07, 8.86563e+06, 0
3.88323e+07, 1.54886e+07, 0
1.64427e+07, 2.49726e+06, 0
2.03033e+07, 6.82939e+06, 0
1.8872e+07, 1.04705e+07, 0
2.9432e+07, 1.31694e+07, 0
3.42193e+07, 1.84355e+07, 0
1.85088e+07, 2.39214e+06, 0
2.03252e+07, 9.77163e+06, 0
2.74143e+07, 1.54229e+07, 0
3.50683e+07, 1.84336e+07, 0
2.16129e+07, 4.5767e+06, 0
2.69392e+07, 1.54888e+07, 0
2.62739e+07, 1.24716e+07, 0
2.00277e+07, 8.64939e+06, 0
1.96571e+07, 2.09181e+06, 0
1.78102e+07, 6.58626e+06, 0
3.92162e+07, 2.24437e+07, 0
2.47768e+07, 5.03249e+06, 0
2.85644e+07, 1.62038e+07, 0
1.8964e+07, 7.76694e+06, 0
1.85296e+07, 8.35985e+06, 0
4.01167e+07, 2.20772e+07, 0
1.70815e+07, 8.85463e+06, 0
2.68406e+07, 3.93629e+06, 0
1.75556e+07, 6.77513e+06, 0
2.38761e+07, 1.04992e+07, 0
2.55023e+07, 1.39783e+07, 0
2.74558e+07, 2.02406e+06, 0
1.30422e+07, 2.61378e+06, 0
2.2822e+07, 1.17904e+07, 0
3.06137e+07, 1.08433e+07, 0
2.60831e+07, 9.39952e+06, 0
1.76699e+07, 776308, 0
2.93477e+07, 8.76432e+06, 0
3.92921e+07, 1.85998e+06, 0
3.293e+07, 1.20241e+07, 0
4.03627e+07, 1.29622e+07, 0
2.83627e+07, 6.12596e+06, 0
1.72642e+07, 6.45034e+06, 0
1.48023e+07, 2.24603e+06, 0
1.45527e+07, 3.40855e+06, 0
2.17708e+07, 4.567e+06, 0
2.41123e+07, 7.91558e+06, 0
1.64577e+07, 7.18367e+06, 0
3.07713e+07, 9.07386e+06, 0
3.1094e+07, 1.09799e+07, 0
2.47919e+07, 9.47539e+06, 0
2.32011e+07, 6.82206e+06, 0
2.60309e+07, 1.38931e+07, 0
2.37763e+07, 1.15434e+07, 0
2.60648e+07, 1.29092e+07, 0
2.49624e+07, 1.31966e+07, 0
3.49166e+07, 1.5957e+07, 0
1.94074e+07, 854986, 0
2.18963e+07, 5.17178e+06, 0
3.06295e+07, 7.98891e+06, 0
1.74499e+07, 7.02151e+06, 0
2.89002e+07, 9.24611e+06, 0
2.70703e+07, 6.53988e+06, 0
2.35964e+07, 3.18042e+06, 0
1.32413e+07, 3.35019e+06, 0
2.51309e+07, 6.19799e+06, 0
3.04434e+07, 6.78576e+06, 0
2.71677e+07, 1.10294e+07, 0
2.76098e+07, 1.28376e+07, 0
3.2595e+07, 5.10365e+06, 0
2.50659e+07, 1.01095e+07, 0
3.88083e+07, 1.13841e+07, 0
2.60883e+07, 4.8391e+06, 0
2.11477e+07, 8.38581e+06, 0
2.56099e+07, 7.45966e+06, 0
2.90585e+07, 1.49492e+07, 0
4.07798e+07, 2.07875e+07, 0
2.19071e+07, 1.16135e+07, 0
1.4792e+07, 2.40773e+06, 0
1.82284e+07, 2.30277e+06, 0
1.60415e+07, 5.31187e+06, 0
1.91329e+07, 4.70091e+06, 0
2.24085e+07, 3.24412e+06, 0
2.67704e+07, 1.14262e+07, 0
1.42887e+07, 4.70622e+06, 0
1.99112e+07, 8.33021e+06, 0
2.04661e+07, 3.56847e+06, 0
3.59932e+07, 4.72507e+06, 0
1.66826e+07, 1.0363e+06, 0
3.11465e+07, 4.70389e+06, 0
2.31871e+07, 6.80324e+06, 0
2.37837e+07, 2.86249e+06, 0
1.44003e+07, 4.83208e+06, 0
2.61897e+07, 1.08207e+07, 0
1.69047e+07, 8.12603e+06, 0
1.97254e+07, 5.41577e+06, 0
1.88762e+07, 5.42346e+06, 0
2.22661e+07, 1.22805e+07, 0
2.15896e+07, 8.9749e+06, 0
1.62281e+07, 3.15516e+06, 0
2.37671e+07, 1.32505e+07, 0
3.69523e+07, 2.1308e+07, 0
1.63596e+07, 4.73062e+06, 0
2.80393e+07, 1.06598e+07, 0
2.0613e+07, 5.90136e+06, 0
1.87307e+07, 3.4973e+06, 0
2.55273e+07, 1.38856e+07, 0
2.22496e+07, 1.00937e+07, 0
1.45549e+07, 2.73183e+06, 0
1.67028e+07, 5.52492e+06, 0
2.26429e+07, 6.03813e+06, 0
2.19226e+07, 1.08444e+07, 0
1.9561e+07, 5.38808e+06, 0
2.66982e+07, 1.52873e+07, 0
1.9958e+07, 3.46853e+06, 0
3.85696e+07, 6.9248e+06, 0
2.61355e+07, 5.82496e+06, 0
2.15404e+07, 7.37477e+06, 0
2.13507e+07, 9.32068e+06, 0
2.98248e+07, 1.57253e+07, 0
3.97205e+07, 1.58679e+07, 0
2.30263e+07, 1.30702e+07, 0
1.88863e+07, 6.41765e+06, 0
2.01797e+07, 8.60229e+06, 0
1.81803e+07, 5.16342e+06, 0
2.13175e+07, 6.97693e+06, 0
1.92805e+07, 5.7588e+06, 0
2.64812e+07, 1.08826e+07, 0
2.33113e+07, 8.15695e+06, 0
2.42739e+07, 1.29539e+07, 0
2.76174e+07, 1.3343e+07, 0
1.66117e+07, 8.45504e+06, 0
1.91478e+07, 5.91812e+06, 0
2.14294e+07, 7.62431e+06, 0
2.59962e+07, 1.22353e+07, 0
1.79796e+07, 5.51637e+06, 0
2.15868e+07, 8.59426e+06, 0
2.2188e+07, 8.16067e+06, 0
1.43314e+07, 4.64443e+06, 0
1.8116e+07, 4.42112e+06, 0
2.07273e+07, 9.94545e+06, 0
1.70547e+07, 2.64319e+06, 0
1.96753e+07, 8.69739e+06, 0
2.40516e+07, 1.78961e+06, 0
2.36387e+07, 6.05431e+06, 0
1.95445e+07, 6.07192e+06, 0
2.05525e+07, 7.64331e+06, 0
2.95984e+07, 6.90615e+06, 0
1.4109e+07, 4.11248e+06, 0
3.3789e+07, 1.42922e+07, 0
2.20338e+07, 5.15779e+06, 0
2.57806e+07, 1.19107e+07, 0
3.26587e+07, 1.98198e+07, 0
1.36629e+07, 3.39986e+06, 0
2.71606e+07, 6.94456e+06, 0
1.38426e+07, 4.65777e+06, 0
2.55803e+07, 1.55729e+07, 0
1.86181e+07, 5.81228e+06, 0
4.55881e+07, 6.61224e+06, 0
2.70664e+07, 8.6505e+06, 0
2.46853e+07, 6.19932e+06, 0
1.30093e+07, 4.00239e+06, 0
2.612e+07, 8.29126e+06, 0
2.04996e+07, 7.99428e+06, 0
2.76187e+07, 1.20272e+07, 0
1.32577e+07, 3.45112e+06, 0
2.20782e+07, 1.00633e+07, 0
3.02971e+07, 1.76668e+07, 0
1.9429e+07, 1.08748e+07, 0
2.43909e+07, 1e+07, 0
4.46057e+07, 2.02289e+07, 0
2.55948e+07, 2.43769e+06, 0
2.82605e+07, 1.82977e+07, 0
1.41765e+07, 4.88454e+06, 0
1.65822e+07, 6.27491e+06, 0
2.68161e+07, 1.63985e+07, 0
1.97581e+07, 996772, 0
1.95997e+07, 9.88758e+06, 0
1.65234e+07, 8.03501e+06, 0
1.60448e+07, 7.24974e+06, 0
2.27194e+07, 6.9949e+06, 0
2.95902e+07, 1.83003e+07, 0
2.96381e+07, 8.52236e+06, 0
1.93321e+07, 9.1315e+06, 0
1.64275e+07, 1.14184e+06, 0
1.66265e+07, 5.26385e+06, 0
1.86086e+07, 9.52708e+06, 0
2.47954e+07, 1.19638e+07, 0
2.13341e+07, 8.43733e+06, 0
2.09732e+07, 6.58999e+06, 0
2.95707e+07, 6.77072e+06, 0
1.87102e+07, 9.1296e+06, 0
2.06754e+07, 1.1873e+07, 0
1.50675e+07, 3.10931e+06, 0
1.97961e+07, 5.71833e+06, 0
1.75096e+07, 7.98443e+06, 0
2.21515e+07, 2.89455e+06, 0
1.85808e+07, 5.81595e+06, 0
2.67088e+07, 1.53714e+07, 0
1.85593e+07, 6.85053e+06, 0
2.68473e+07, 1.28451e+07, 0
2.01586e+07, 8.06677e+06, 0
1.90687e+07, 2.34275e+06, 0
2.49397e+07, 1.56122e+07, 0
1.83876e+07, 4.94835e+06, 0
1.9068e+07, 1.96969e+06, 0
3.47953e+07, 1.78116e+07, 0
1.83233e+07, 5.90635e+06, 0
2.26856e+07, 3.38432e+06, 0
1.48484e+07, 1.5505e+06, 0
1.46168e+07, 3.59433e+06, 0
2.91386e+07, 1.09727e+07, 0
2.4659e+07, 3.0037e+06, 0
5.19361e+07, 9.23856e+06, 0
2.39056e+07, 8.02563e+06, 0
2.98519e+07, 3.64171e+06, 0
2.52416e+07, 1.34731e+07, 0
3.79386e+07, 1.52018e+07, 0
2.29659e+07, 5.06328e+06, 0
2.38569e+07, 9.6208e+06, 0
4.4836e+07, 1.13424e+07, 0
1.74366e+07, 6.79377e+06, 0
1.62429e+07, 2.31842e+06, 0
1.80572e+07, 3.79049e+06, 0
1.83442e+07, 8.08294e+06, 0
1.56813e+07, 6.24017e+06, 0
1.34749e+07, 4.01238e+06, 0
2.06003e+07, 1.15117e+07, 0
2.37667e+07, 1.12574e+07, 0
2.52716e+07, 9.3701e+06, 0
2.08967e+07, 8.29e+06, 0
2.34004e+07, 1.04655e+07, 0
2.01365e+07, 5.84183e+06, 0
1.92474e+07, 7.87987e+06, 0
1.62613e+07, 4.8047e+06, 0
2.51077e+07, 1.5671e+07, 0
2.0733e+07, 1.01826e+07, 0
2.3537e+07, 9.84564e+06, 0
1.69077e+07, 5.65199e+06, 0
1.48717e+07, 5.1634e+06, 0
4.9329e+07, 8.14862e+06, 0
3.03147e+07, 1.74097e+07, 0
1.98511e+07, 1.01608e+07, 0
3.0648e+07, 1.24636e+07, 0
2.42894e+07, 8.05791e+06, 0
4.2092e+07, 1.94847e+07, 0
2.07006e+07, 3.15677e+06, 0
2.04623e+07, 4.23682e+06, 0
2.93417e+07, 1.7437e+07, 0
1.87409e+07, 9.01815e+06, 0
1.44654e+07, 1.48124e+06, 0
2.55215e+07, 9.77894e+06, 0
2.45716e+07, 1.12494e+07, 0
1.38433e+07, 1.1929e+06, 0
1.68724e+07, 4.41258e+06, 0
2.77283e+07, 7.23273e+06, 0
1.60174e+07, 3.17651e+06, 0
1.7298e+07, 5.45953e+06, 0
1.71474e+07, 7.62317e+06, 0
2.18774e+07, 6.1197e+06, 0
3.02817e+07, 7.95208e+06, 0
2.61117e+07, 1.15623e+07, 0
2.03992e+07, 8.60922e+06, 0
2.28297e+07, 4.5588e+06, 0
1.97069e+07, 7.02848e+06, 0
3.24633e+07, 2.07313e+07, 0
1.83101e+07, 1.34535e+06, 0
1.55419e+07, 5.48696e+06, 0
3.18077e+07, 6.10127e+06, 0
1.67894e+07, 7.85733e+06, 0
2.05332e+07, 1.02661e+07, 0
2.59099e+07, 1.52045e+07, 0
1.4637e+07, 2.81692e+06, 0
2.55358e+07, 2.86719e+06, 0
2.26209e+07, 1.179e+07, 0
2.24397e+07, 1.20654e+07, 0
2.16302e+07, 9.22795e+06, 0
2.05767e+07, 9.80316e+06, 0
2.5163e+07, 1.28986e+07, 0
1.66363e+07, 4.53071e+06, 0
2.05075e+07, 8.32112e+06, 0
1.47017e+07, 6.22183e+06, 0
2.15336e+07, 1.02555e+07, 0
2.60161e+07, 8.40487e+06, 0
2.28759e+07, 1.37172e+07, 0
1.90892e+07, 4.68858e+06, 0
2.07824e+07, 9.52533e+06, 0
2.2938e+07, 4.05301e+06, 0
2.46681e+07, 9.95409e+06, 0
1.6382e+07, 6.57559e+06, 0
2.1948e+07, 1.03717e+07, 0
2.34817e+07, 4.12432e+06, 0
1.94099e+07, 5.33372e+06, 0
2.30912e+07, 1.17716e+07, 0
2.4322e+07, 1.20666e+07, 0
1.50738e+07, 1.13022e+06, 0
2.23259e+07, 7.57593e+06, 0
2.51869e+07, 1.40459e+07, 0
2.55634e+07, 1.581e+07, 0
1.9688e+07, 3.46463e+06, 0
1.51367e+07, 4.88006e+06, 0
1.94659e+07, 9.55783e+06, 0
1.95635e+07, 3.04418e+06, 0
2.18037e+07, 1.10697e+07, 0
2.50244e+07, 1.45765e+07, 0
1.54691e+07, 6.24526e+06, 0
1.50484e+07, 5.93068e+06, 0
1.89704e+07, 3.27e+06, 0
3.8732e+07, 4.19236e+06, 0
1.86513e+07, 8.72026e+06, 0
1.66645e+07, 3.75207e+06, 0
4.12469e+07, 8.549e+06, 0
1.83907e+07, 6.97325e+06, 0
1.57322e+07, 7.41145e+06, 0
3.19382e+07, 1.56999e+07, 0
1.85436e+07, 9.48067e+06, 0
2.7854e+07, 1.11468e+07, 0
3.58657e+07, 1.19479e+07, 0
3.02266e+07, 1.57964e+07, 0
4.4826e+07, 6.1704e+06, 0
1.97615e+07, 5.08811e+06, 0
2.38517e+07, 1.43645e+07, 0
2.71609e+07, 1.34701e+07, 0
1.69402e+07, 7.18399e+06, 0
2.48623e+07, 2.06086e+06, 0
2.06234e+07, 9.99426e+06, 0
1.51394e+07, 5.57274e+06, 0
1.97165e+07, 5.94043e+06, 0
1.73285e+07, 6.44852e+06, 0
3.92578e+07, 2.10716e+07, 0
4.44388e+07, 2.27401e+07, 0
1.32063e+07, 3.25871e+06, 0
2.27828e+07, 8.84239e+06, 0
1.85114e+07, 4.55238e+06, 0
2.82867e+07, 1.79016e+07, 0
2.7286e+07, 7.0391e+06, 0
1.77841e+07, 8.61896e+06, 0
2.35097e+07, 1.2812e+07, 0
2.07041e+07, 8.04046e+06, 0
3.04056e+07, 1.61556e+07, 0
2.01934e+07, 5.94242e+06, 0
2.24459e+07, 8.53557e+06, 0
2.11067e+07, 7.50945e+06, 0
3.07429e+07, 1.88715e+07, 0
1.67268e+07, 5.46946e+06, 0
2.49112e+07, 3.01132e+06, 0
2.28123e+07, 1.35503e+07, 0
1.62735e+07, 7.51018e+06, 0
1.75702e+07, 7.71387e+06, 0
2.3759e+07, 4.83866e+06, 0
2.49011e+07, 6.71345e+06, 0
1.96056e+07, 5.48553e+06, 0
2.83717e+07, 1.54396e+07, 0
2.26399e+07, 5.06424e+06, 0
2.69409e+07, 2.40661e+06, 0
2.68572e+07, 1.00402e+07, 0
1.51571e+07, 5.64155e+06, 0
2.32035e+07, 1.28992e+07, 0
1.74969e+07, 8.09179e+06, 0
1.87461e+07, 7.18277e+06, 0
1.47056e+07, 1.03277e+06, 0
4.23418e+07, 2.6976e+07, 0
2.85497e+07, 8.33559e+06, 0
1.65064e+07, 2.522e+06, 0
2.07947e+07, 1.57873e+06, 0
2.00689e+07, 1.04727e+07, 0
2.13589e+07, 1.19795e+07, 0
2.10782e+07, 1.255e+07, 0
4.05116e+07, 1.06932e+07, 0
2.10405e+07, 7.69805e+06, 0
3.29655e+07, 1.13863e+07, 0
1.97221e+07, 9.08228e+06, 0
3.22936e+07, 1.89203e+07, 0
2.10926e+07, 9.88758e+06, 0
2.39634e+07, 1.02349e+07, 0
1.96348e+07, 4.06446e+06, 0
1.8818e+07, 6.97117e+06, 0
3.09933e+07, 5.20486e+06, 0
1.72013e+07, 6.25388e+06, 0
1.55352e+07, 5.28665e+06, 0
2.48629e+07, 4.70386e+06, 0
2.83493e+07, 1.85784e+07, 0
2.54274e+07, 1.42466e+07, 0
1.86385e+07, 2.6778e+06, 0
2.54257e+07, 9.52188e+06, 0
1.33045e+07, 3.96981e+06, 0
2.21927e+07, 1.01793e+07, 0
2.38381e+07, 1.36605e+07, 0
3.09347e+07, 1.91945e+07, 0
2.87886e+07, 1.45386e+07, 0
1.77096e+07, 9.36197e+06, 0
2.52469e+07, 1.45035e+07, 0
1.80188e+07, 8.07399e+06, 0
1.43958e+07, 4.16775e+06, 0
1.50996e+07, 1.7948e+06, 0
3.49366e+07, 1.38346e+07, 0
3.19498e+07, 9.40646e+06, 0
2.29523e+07, 7.81041e+06, 0
2.24177e+07, 1.1009e+07, 0
2.53374e+07, 1.61696e+07, 0
1.66409e+07, 6.0022e+06, 0
1.6611e+07, 8.20897e+06, 0
2.0008e+07, 9.66241e+06, 0
1.31605e+07, 4.22745e+06, 0
2.90273e+07, 7.74975e+06, 0
2.50556e+07, 8.52287e+06, 0
2.71013e+07, 1.05309e+07, 0
2.20277e+07, 9.34269e+06, 0
2.75731e+07, 1.59484e+07, 0
1.52519e+07, 1.39388e+06, 0
2.00383e+07, 3.4437e+06, 0
3.70577e+07, 1.09338e+07, 0
4.28539e+07, 2.56736e+07, 0
2.51676e+07, 7.89355e+06, 0
3.74865e+07, 2.25317e+07, 0
3.97054e+07, 7.23162e+06, 0
2.4774e+07, 2.07019e+06, 0
1.91621e+07, 7.53926e+06, 0
4.1688e+07, 2.85171e+07, 0
1.76282e+07, 8.99737e+06, 0
2.12101e+07, 7.83976e+06, 0
3.95247e+07, 1.98476e+07, 0
1.72854e+07, 9.05419e+06, 0
3.22471e+07, 1.62643e+07, 0
4.6465e+07, 1.95984e+07, 0
1.45649e+07, 3.42884e+06, 0
2.92801e+07, 1.47866e+07, 0
1.81083e+07, 7.36651e+06, 0
1.67046e+07, 4.41305e+06, 0
2.64167e+07, 1.57067e+07, 0
2.75653e+07, 1.13176e+07, 0
3.3439e+07, 4.56418e+06, 0
1.7943e+07, 8.81432e+06, 0
3.11236e+07, 1.63584e+07, 0
2.65197e+07, 5.99143e+06, 0
2.17148e+07, 9.6292e+06, 0
1.44881e+07, 2.44092e+06, 0
2.7663e+07, 7.0457e+06, 0
1.75202e+07, 8.24632e+06, 0
1.9188e+07, 3.21455e+06, 0
1.56647e+07, 1.50432e+06, 0
1.80997e+07, 8.0655e+06, 0
2.93579e+07, 1.46079e+07, 0
3.04684e+07, 1.13843e+07, 0
2.24732e+07, 2.47402e+06, 0
1.47097e+07, 4.82178e+06, 0
2.75022e+07, 1.44938e+07, 0
1.8815e+07, 1.00095e+07, 0
3.51846e+07, 1.81121e+07, 0
3.15506e+07, 7.70057e+06, 0
2.24955e+07, 9.76775e+06, 0
2.85914e+07, 1.29432e+07, 0
1.36006e+07, 4.0351e+06, 0
2.21956e+07, 9.73257e+06, 0
2.75213e+07, 1.25162e+07, 0
2.02972e+07, 7.55336e+06, 0
1.95059e+07, 9.08285e+06, 0
1.75344e+07, 2.73203e+06, 0
2.06164e+07, 3.65824e+06, 0
2.35702e+07, 1.1473e+07, 0
1.74029e+07, 6.31132e+06, 0
2.30873e+07, 9.66622e+06, 0
2.91387e+07, 8.52518e+06, 0
2.45198e+07, 7.3271e+06, 0
2.7625e+07, 1.70435e+07, 0
2.80494e+07, 7.73891e+06, 0
1.37337e+07, 2.24178e+06, 0
2.1407e+07, 6.95475e+06, 0
1.82597e+07, 9.32658e+06, 0
1.86437e+07, 2.46944e+06, 0
2.37913e+07, 1.10297e+07, 0
1.56688e+07, 2.46545e+06, 0
3.33157e+07, 1.76416e+07, 0
1.48683e+07, 5.22022e+06, 0
2.13783e+07, 2.91636e+06, 0
1.73389e+07, 4.62668e+06, 0
4.22131e+07, 2.92676e+06, 0
1.77879e+07, 8.89808e+06, 0
1.91289e+07, 5.06031e+06, 0
1.71066e+07, 4.8021e+06, 0
2.49978e+07, 1.12349e+06, 0
1.82689e+07, 2.19928e+06, 0
1.46638e+07, 4.95809e+06, 0
1.4052e+07, 1.81658e+06, 0
1.50553e+07, 3.18421e+06, 0
2.88678e+07, 5.03683e+06, 0
2.03253e+07, 9.15505e+06, 0
1.75768e+07, 4.8222e+06, 0
3.47152e+07, 1.8687e+07, 0
2.52446e+07, 1.23115e+06, 0
2.98325e+07, 1.84677e+07, 0
2.50632e+07, 603891, 0
1.78186e+07, 9.50041e+06, 0
2.7164e+07, 1.16159e+07, 0
1.81482e+07, 6.12442e+06, 0
1.86916e+07, 9.4914e+06, 0
2.67593e+07, 1.64278e+07, 0
3.29717e+07, 5.3175e+06, 0
2.91864e+07, 1.68445e+07, 0
2.72039e+07, 1.06582e+07, 0
2.11392e+07, 1.14443e+07, 0
2.65826e+07, 1.02375e+07, 0
2.3136e+07, 1.28999e+07, 0
2.4165e+07, 9.01662e+06, 0
1.53738e+07, 4.67893e+06, 0
1.67612e+07, 5.58258e+06, 0
1.97155e+07, 1.01634e+07, 0
2.23913e+07, 6.11915e+06, 0
1.60298e+07, 5.53691e+06, 0
2.27114e+07, 8.35331e+06, 0
1.38008e+07, 5.23178e+06, 0
3.67923e+07, 6.30418e+06, 0
2.87999e+07, 8.87313e+06, 0
2.66133e+07, 1.39159e+07, 0
3.06968e+07, 8.82164e+06, 0
1.24039e+07, 2.81858e+06, 0
1.92946e+07, 7.56374e+06, 0
1.44888e+07, 5.84352e+06, 0
2.73514e+07, 8.80106e+06, 0
1.76765e+07, 3.34471e+06, 0
3.66633e+07, 2.30801e+07, 0
2.49084e+07, 1.21288e+07, 0
1.63513e+07, 4.28148e+06, 0
2.37141e+07, 7.46579e+06, 0
5.67004e+07, 8.93655e+06, 0
1.636e+07, 3.08578e+06, 0
1.44313e+07, 2.05296e+06, 0
2.73479e+07, 1.65683e+07, 0
3.29065e+07, 1.57382e+07, 0
1.69168e+07, 6.39823e+06, 0
3.39653e+07, 1.46485e+07, 0
2.09221e+07, 8.53573e+06, 0
2.05444e+07, 8.8498e+06, 0
2.39164e+07, 4.58882e+06, 0
2.22664e+07, 9.7667e+06, 0
2.6869e+07, 1.48072e+07, 0
2.04626e+07, 5.13121e+06, 0
3.43803e+07, 1.59324e+07, 0
2.84259e+07, 2.95784e+06, 0
3.4008e+07, 1.06431e+07, 0
1.88998e+07, 8.14681e+06, 0
2.3691e+07, 1.36153e+07, 0
1.97988e+07, 1.04128e+07, 0
2.56347e+07, 6.37648e+06, 0
2.07665e+07, 8.66036e+06, 0
1.76726e+07, 7.45959e+06, 0
3.86308e+07, 1.01783e+07, 0
1.48028e+07, 5.444e+06, 0
3.45548e+07, 1.01735e+07, 0
2.59419e+07, 1.46073e+07, 0
2.25878e+07, 4.87743e+06, 0
1.69861e+07, 6.01965e+06, 0
2.87245e+07, 1.4301e+07, 0
2.12147e+07, 9.74577e+06, 0
1.68363e+07, 4.51493e+06, 0
3.00026e+07, 1.17128e+07, 0
2.4703e+07, 1.12278e+07, 0
2.29521e+07, 1.02726e+07, 0
3.72344e+07, 1.31255e+07, 0
1.59212e+07, 1.13738e+06, 0
3.67709e+07, 2.15665e+07, 0
2.29151e+07, 1.05664e+07, 0
3.48997e+07, 3.11617e+06, 0
1.4978e+07, 2.64985e+06, 0
4.03675e+07, 1.44648e+07, 0
1.59157e+07, 5.68188e+06, 0
1.49376e+07, 2.40674e+06, 0
1.72889e+07, 5.57718e+06, 0
2.98844e+07, 1.8448e+07, 0
1.77166e+07, 9.12947e+06, 0
1.80795e+07, 8.62032e+06, 0
2.59685e+07, 1.19225e+07, 0
4.48989e+07, 1.83693e+07, 0
1.53674e+07, 2.83749e+06, 0
1.33294e+07, 3.35541e+06, 0
2.78978e+07, 1.53446e+07, 0
2.13433e+07, 1.05127e+07, 0
3.33398e+07, 7.59714e+06, 0
3.66832e+07, 1.87322e+07, 0
2.23306e+07, 1.34416e+07, 0
1.88785e+07, 8.38231e+06, 0
4.3521e+07, 1.70364e+07, 0
1.63366e+07, 3.22627e+06, 0
1.81221e+07, 8.18507e+06, 0
1.96793e+07, 8.47465e+06, 0
3.22053e+07, 1.47668e+07, 0
2.42753e+07, 8.07753e+06, 0
1.76163e+07, 6.04367e+06, 0
2.46317e+07, 1.12905e+07, 0
2.66026e+07, 1.61422e+07, 0
2.72474e+07, 1.31709e+07, 0
2.66974e+07, 1.57394e+07, 0
2.41234e+07, 8.93962e+06, 0
3.07327e+07, 1.54344e+07, 0
2.90027e+07, 6.71467e+06, 0
1.66928e+07, 3.78089e+06, 0
2.75219e+07, 1.42353e+07, 0
1.96872e+07, 1.04245e+07, 0
1.20306e+07, 1.72939e+06, 0
3.64331e+07, 8.02234e+06, 0
3.01357e+07, 1.91262e+07, 0
1.69146e+07, 8.75334e+06, 0
2.89272e+07, 1.8468e+07, 0
2.72013e+07, 7.87067e+06, 0
1.39221e+07, 3.04172e+06, 0
1.32991e+07, 2.5283e+06, 0
2.50065e+07, 4.00347e+06, 0
2.12695e+07, 1.02908e+07, 0
4.06119e+07, 2.54915e+07, 0
2.64039e+07, 7.93546e+06, 0
2.34006e+07, 7.84557e+06, 0
2.29636e+07, 4.64102e+06, 0
1.6902e+07, 1.51928e+06, 0
2.15474e+07, 8.45362e+06, 0
2.4584e+07, 4.1414e+06, 0
1.32606e+07, 1.91007e+06, 0
2.93883e+07, 1.75555e+07, 0
1.55705e+07, 6.01554e+06, 0
1.43582e+07, 4.34882e+06, 0
1.93177e+07, 8.52571e+06, 0
3.09501e+07, 1.18958e+07, 0
2.45222e+07, 1.54745e+07, 0
2.17313e+07, 9.15929e+06, 0
3.41831e+07, 9.5004e+06, 0
2.22951e+07, 8.26958e+06, 0
2.35045e+07, 7.62624e+06, 0
2.60108e+07, 9.96182e+06, 0
2.69952e+07, 1.33861e+07, 0
2.63057e+07, 1.04788e+07, 0
1.85927e+07, 9.24383e+06, 0
1.71855e+07, 6.18825e+06, 0
1.8949e+07, 9.29257e+06, 0
1.52368e+07, 6.11729e+06, 0
2.78358e+07, 1.81594e+07, 0
2.50105e+07, 1.44922e+07, 0
2.20007e+07, 8.32564e+06, 0
2.24742e+07, 1.0385e+07, 0
3.88895e+07, 1.81142e+07, 0
2.57325e+07, 6.88139e+06, 0
1.72416e+07, 7.68416e+06, 0
1.46461e+07, 6.27604e+06, 0
2.80261e+07, 7.64929e+06, 0
3.17431e+07, 1.45484e+07, 0
2.72353e+07, 1.64988e+07, 0
2.46946e+07, 3.0548e+06, 0
1.94609e+07, 2.86458e+06, 0
1.91419e+07, 7.58193e+06, 0
2.52126e+07, 5.142e+06, 0
1.72115e+07, 8.14631e+06, 0
1.83253e+07, 8.55399e+06, 0
2.85856e+07, 3.8029e+06, 0
1.89488e+07, 5.67344e+06, 0
2.30561e+07, 4.09333e+06, 0
2.53467e+07, 9.38107e+06, 0
2.81045e+07, 1.5046e+07, 0
2.34944e+07, 8.98257e+06, 0
1.42277e+07, 5.10002e+06, 0
2.54353e+07, 9.7142e+06, 0
2.35709e+07, 1.09141e+07, 0
1.92489e+07, 9.0188e+06, 0
3.11911e+07, 1.26765e+07, 0
1.82972e+07, 5.41107e+06, 0
1.99261e+07, 5.75264e+06, 0
2.81071e+07, 8.44956e+06, 0
2.23319e+07, 3.99201e+06, 0
2.26389e+07, 1.34204e+07, 0
1.97466e+07, 7.57969e+06, 0
5.13666e+07, 1.06913e+07, 0
2.44658e+07, 4.66706e+06, 0
2.90775e+07, 6.07152e+06, 0
1.8409e+07, 8.57237e+06, 0
2.63268e+07, 4.27552e+06, 0
1.48324e+07, 5.95836e+06, 0
2.24355e+07, 1.24649e+07, 0
1.75406e+07, 7.07699e+06, 0
2.09347e+07, 9.02645e+06, 0
1.73265e+07, 8.85241e+06, 0
1.77724e+07, 3.18512e+06, 0
2.37327e+07, 9.03954e+06, 0
2.94016e+07, 1.13098e+07, 0
3.14308e+07, 1.54664e+07, 0
1.97141e+07, 7.11917e+06, 0
1.98375e+07, 1.02287e+07, 0
2.143e+07, 1.06652e+07, 0
1.87443e+07, 3.47409e+06, 0
2.30532e+07, 1.05001e+07, 0
1.70281e+07, 5.46991e+06, 0
2.39824e+07, 1.46347e+07, 0
1.65587e+07, 8.09994e+06, 0
2.17067e+07, 954922, 0
2.38967e+07, 1.43104e+07, 0
1.77388e+07, 6.87058e+06, 0
2.18628e+07, 1.0145e+07, 0
3.72667e+07, 1.11897e+07, 0
2.39923e+07, 1.29917e+07, 0
3.46442e+07, 5.5195e+06, 0
1.45481e+07, 3.59764e+06, 0
1.85053e+07, 6.70016e+06, 0
1.79826e+07, 9.07053e+06, 0
2.58851e+07, 6.1206e+06, 0
2.46758e+07, 560104, 0
1.66502e+07, 548067, 0
2.09986e+07, 1.18742e+07, 0
1.58516e+07, 4.01739e+06, 0
2.77454e+07, 1.54573e+07, 0
1.96458e+07, 1.05792e+07, 0
2.17557e+07, 9.18597e+06, 0
1.2959e+07, 3.53104e+06, 0
2.4435e+07, 9.50012e+06, 0
2.10553e+07, 1.1122e+07, 0
3.42644e+07, 1.01185e+07, 0
2.3964e+07, 1.22486e+07, 0
2.75029e+07, 9.77768e+06, 0
2.69503e+07, 1.01911e+07, 0
2.20451e+07, 9.21207e+06, 0
2.20837e+07, 8.32923e+06, 0
3.23312e+07, 1.26862e+07, 0
1.82252e+07, 6.61757e+06, 0
3.07143e+07, 1.44056e+07, 0
2.7269e+07, 7.70446e+06, 0
2.34331e+07, 1.45625e+07, 0
1.80253e+07, 4.74033e+06, 0
2.17205e+07, 1.19752e+07, 0
3.26977e+07, 1.98132e+07, 0
2.16017e+07, 1.1058e+07, 0
2.3496e+07, 1.12094e+07, 0
1.934e+07, 7.71172e+06, 0
3.82381e+07, 2.36098e+07, 0
4.20031e+07, 1.23611e+07, 0
3.28552e+07, 1.16368e+07, 0
1.89046e+07, 4.18567e+06, 0
2.24855e+07, 1.13246e+07, 0
2.32778e+07, 6.06763e+06, 0
2.2965e+07, 1.09349e+07, 0
2.78228e+07, 5.57106e+06, 0
2.39987e+07, 1.30126e+07, 0
3.25129e+07, 7.79828e+06, 0
3.35285e+07, 1.11431e+07, 0
3.66872e+07, 1.30074e+07, 0
1.76659e+07, 3.96055e+06, 0
1.50342e+07, 4.36449e+06, 0
1.80817e+07, 2.39421e+06, 0
2.29551e+07, 1.4015e+07, 0
3.38111e+07, 2.01522e+07, 0
2.14519e+07, 8.458e+06, 0
2.04921e+07, 3.83174e+06, 0
2.38658e+07, 1.3021e+07, 0
1.87703e+07, 5.76296e+06, 0
1.76758e+07, 8.60142e+06, 0
1.56075e+07, 5.73115e+06, 0
1.90308e+07, 3.53873e+06, 0
2.36048e+07, 1.38383e+07, 0
2.92154e+07, 1.47812e+07, 0
1.89432e+07, 5.40944e+06, 0
1.71023e+07, 6.88055e+06, 0
2.86213e+07, 1.71305e+07, 0
2.26043e+07, 1.39063e+07, 0
2.3918e+07, 5.3508e+06, 0
2.84131e+07, 6.84708e+06, 0
2.48363e+07, 1.14993e+07, 0
1.37904e+07, 4.62367e+06, 0
1.30465e+07, 3.72035e+06, 0
3.20824e+07, 1.68854e+07, 0
4.49975e+07, 1.9554e+07, 0
2.98162e+07, 1.23584e+07, 0
1.83783e+07, 4.15656e+06, 0
1.50661e+07, 4.87669e+06, 0
3.30265e+07, 1.8957e+07, 0
3.29444e+07, 1.04357e+07, 0
2.38475e+07, 9.81487e+06, 0
2.80979e+07, 1.4216e+07, 0
2.50291e+07, 1.23884e+07, 0
2.40422e+07, 5.6986e+06, 0
1.77385e+07, 8.0355e+06, 0
2.09764e+07, 1.24115e+07, 0
1.59424e+07, 7.62479e+06, 0
2.2134e+07, 4.01081e+06, 0
2.44126e+07, 5.98363e+06, 0
2.27039e+07, 8.19307e+06, 0
2.86933e+07, 1.59726e+07, 0
1.83353e+07, 8.44354e+06, 0
1.48139e+07, 3.16947e+06, 0
1.81337e+07, 8.49822e+06, 0
2.83373e+07, 6.2398e+06, 0
1.83031e+07, 2.6854e+06, 0
2.77951e+07, 1.36079e+07, 0
1.81747e+07, 6.95681e+06, 0
1.80265e+07, 6.08079e+06, 0
1.79558e+07, 7.40141e+06, 0
2.90096e+07, 1.21219e+07, 0
1.81011e+07, 9.25052e+06, 0
1.82781e+07, 9.19118e+06, 0
2.16566e+07, 7.43427e+06, 0
1.31847e+07, 3.92575e+06, 0
3.54526e+07, 1.26864e+07, 0
3.29994e+07, 1.00362e+07, 0
2.33292e+07, 1.39685e+07, 0
2.38907e+07, 1.45511e+07, 0
3.87061e+07, 1.33699e+07, 0
2.3129e+07, 1.38732e+07, 0
3.6765e+07, 1.97193e+07, 0
1.83432e+07, 9.82765e+06, 0
1.2284e+07, 1.85319e+06, 0
2.32772e+07, 1.0877e+07, 0
2.32303e+07, 1.18935e+07, 0
2.06474e+07, 1.08871e+07, 0
1.56139e+07, 3.32782e+06, 0
1.79116e+07, 8.10839e+06, 0
4.50637e+07, 2.38831e+07, 0
2.48364e+07, 1.27483e+07, 0
2.597e+07, 1.63434e+07, 0
3.06313e+07, 1.6142e+07, 0
2.16725e+07, 1.05985e+07, 0
3.45794e+07, 7.35407e+06, 0
2.33747e+07, 1.13258e+07, 0
3.54435e+07, 1.08723e+07, 0
2.60579e+07, 3.78835e+06, 0
1.97508e+07, 6.60651e+06, 0
2.40323e+07, 9.04667e+06, 0
2.42737e+07, 9.21824e+06, 0
2.51429e+07, 1.07747e+07, 0
1.4132e+07, 2.61475e+06, 0
4.15596e+07, 2.41416e+07, 0
3.78575e+07, 1.00929e+07, 0
2.78775e+07, 1.28603e+07, 0
2.57885e+07, 9.85802e+06, 0
1.96328e+07, 9.37043e+06, 0
1.81614e+07, 4.3443e+06, 0
3.30594e+07, 1.17897e+07, 0
3.16695e+07, 1.69172e+07, 0
2.04359e+07, 3.91768e+06, 0
4.34351e+07, 1.48088e+07, 0
1.39021e+07, 4.04567e+06, 0
2.65859e+07, 1.01585e+07, 0
2.4152e+07, 1.21776e+07, 0
2.51289e+07, 1.10897e+07, 0
2.9424e+07, 1.15235e+07, 0
2.58548e+07, 1.06114e+07, 0
1.70708e+07, 5.7123e+06, 0
3.44681e+07, 1.85074e+07, 0
1.768e+07, 7.72461e+06, 0
1.82713e+07, 4.70174e+06, 0
4.45859e+07, 2.25623e+07, 0
2.92793e+07, 1.2087e+07, 0
1.70729e+07, 6.13601e+06, 0
2.17388e+07, 7.83165e+06, 0
2.94045e+07, 9.85013e+06, 0
1.47614e+07, 6.37474e+06, 0
2.60887e+07, 9.69672e+06, 0
2.41903e+07, 1.49606e+07, 0
1.80007e+07, 7.82096e+06, 0
2.81554e+07, 9.04705e+06, 0
2.73613e+07, 9.12978e+06, 0
3.13138e+07, 4.60463e+06, 0
2.04575e+07, 1.20528e+07, 0
2.22642e+07, 1.2712e+07, 0
1.62097e+07, 6.43291e+06, 0
2.72138e+07, 7.33211e+06, 0
2.1302e+07, 7.15976e+06, 0
2.79978e+07, 1.25759e+07, 0
1.53312e+07, 1.72093e+06, 0
2.383e+07, 6.50994e+06, 0
1.96206e+07, 1.00736e+07, 0
2.42155e+07, 4.28718e+06, 0
2.25221e+07, 1.04929e+07, 0
2.06543e+07, 1.0162e+07, 0
2.27125e+07, 1.20685e+07, 0
1.90368e+07, 8.45629e+06, 0
2.33172e+07, 1.20234e+07, 0
2.26604e+07, 1.11779e+07, 0
3.12531e+07, 1.64344e+07, 0
3.97668e+07, 1.60493e+07, 0
1.83456e+07, 8.45869e+06, 0
2.55015e+07, 1.07597e+07, 0
1.53758e+07, 1.17793e+06, 0
2.50593e+07, 8.9397e+06, 0
2.48739e+07, 4.56612e+06, 0
2.76128e+07, 1.68393e+07, 0
2.34924e+07, 7.20365e+06, 0
1.89937e+07, 8.31742e+06, 0
1.85072e+07, 4.17159e+06, 0
1.83345e+07, 9.08917e+06, 0
2.43534e+07, 1.07864e+07, 0
1.69061e+07, 8.30499e+06, 0
1.72424e+07, 8.37842e+06, 0
2.06183e+07, 7.9193e+06, 0
3.01951e+07, 1.60782e+07, 0
1.32046e+07, 4.2466e+06, 0
1.758e+07, 9.10571e+06, 0
3.05526e+07, 1.11192e+07, 0
1.27606e+07, 2.88062e+06, 0
1.55415e+07, 2.68169e+06, 0
2.2815e+07, 7.7974e+06, 0
3.37263e+07, 603606, 0
2.8787e+07, 1.17413e+07, 0
2.01018e+07, 8.92671e+06, 0
2.58336e+07, 1.55745e+07, 0
1.80669e+07, 4.30152e+06, 0
1.34071e+07, 3.2674e+06, 0
2.41833e+07, 3.48642e+06, 0
2.15075e+07, 1.07593e+07, 0
2.56943e+07, 1.16615e+07, 0
2.07411e+07, 6.77923e+06, 0
1.95998e+07, 8.73582e+06, 0
3.39411e+07, 9.00037e+06, 0
2.20073e+07, 1.10088e+07, 0
1.83941e+07, 8.1734e+06, 0
1.51377e+07, 2.39212e+06, 0
3.52845e+07, 1.05418e+07, 0
2.28807e+07, 1.92235e+06, 0
1.88622e+07, 1.02781e+07, 0
3.9251e+07, 9.99064e+06, 0
2.18396e+07, 1.16842e+07, 0
2.89133e+07, 1.49733e+07, 0
2.96944e+07, 1.65735e+07, 0
1.51818e+07, 3.98128e+06, 0
1.75616e+07, 2.1773e+06, 0
1.55657e+07, 1.65071e+06, 0
1.97033e+07, 4.14104e+06, 0
1.52438e+07, 5.50312e+06, 0
1.84108e+07, 5.80215e+06, 0
1.62678e+07, 6.76284e+06, 0
4.59078e+07, 2.87944e+07, 0
3.59123e+07, 1.70546e+07, 0
1.63556e+07, 3.19728e+06, 0
2.74239e+07, 9.67503e+06, 0
2.63729e+07, 1.60282e+07, 0
3.43598e+07, 1.9676e+07, 0
3.20388e+07, 1.29398e+07, 0
1.84614e+07, 9.6892e+06, 0
2.77954e+07, 1.19492e+07, 0
2.80526e+07, 4.49506e+06, 0
2.48601e+07, 4.51787e+06, 0
2.39189e+07, 1.04417e+07, 0
2.04261e+07, 1.16314e+07, 0
2.3737e+07, 7.22542e+06, 0
1.4923e+07, 1.85363e+06, 0
1.54927e+07, 5.76156e+06, 0
3.80937e+07, 1.28681e+07, 0
2.20178e+07, 3.4688e+06, 0
2.00522e+07, 4.76018e+06, 0
2.53798e+07, 3.48771e+06, 0
2.07485e+07, 1.11504e+07, 0
1.63403e+07, 3.63558e+06, 0
1.80612e+07, 4.7579e+06, 0
2.6715e+07, 1.11621e+07, 0
1.55336e+07, 3.62124e+06, 0
1.79425e+07, 7.03787e+06, 0
2.78033e+07, 1.44043e+07, 0
1.83286e+07, 8.83965e+06, 0
4.03415e+07, 2.00631e+07, 0
2.355e+07, 1.40501e+07, 0
1.93789e+07, 7.0639e+06, 0
1.84717e+07, 6.47915e+06, 0
2.16087e+07, 1.16004e+07, 0
2.59409e+07, 1.24018e+07, 0
1.56135e+07, 3.22649e+06, 0
2.48911e+07, 4.52327e+06, 0
2.98215e+07, 1.03224e+07, 0
2.48861e+07, 1.37623e+07, 0
2.22935e+07, 1.32435e+07, 0
2.48571e+07, 8.53106e+06, 0
2.3433e+07, 1.29684e+07, 0
2.76084e+07, 1.10524e+07, 0
3.45184e+07, 2.27698e+07, 0
1.97683e+07, 6.45315e+06, 0
1.86824e+07, 5.09879e+06, 0
1.84313e+07, 2.16293e+06, 0
2.84245e+07, 1.5552e+07, 0
1.7909e+07, 4.1823e+06, 0
2.77956e+07, 1.50306e+07, 0
2.05391e+07, 1.1897e+07, 0
2.20065e+07, 1.37665e+06, 0
3.52271e+07, 1.88096e+07, 0
2.12727e+07, 4.40883e+06, 0
2.06474e+07, 8.84774e+06, 0
1.86313e+07, 8.11768e+06, 0
2.79847e+07, 1.1096e+07, 0
2.21239e+07, 1.11294e+07, 0
2.10106e+07, 9.89388e+06, 0
2.30238e+07, 9.17341e+06, 0
2.9835e+07, 1.12719e+07, 0
1.80495e+07, 3.51288e+06, 0
1.88526e+07, 6.36811e+06, 0
3.77862e+07, 2.13849e+07, 0
2.17465e+07, 1.19792e+07, 0
4.00122e+07, 1.38362e+07, 0
2.34743e+07, 5.5922e+06, 0
1.72825e+07, 2.9925e+06, 0
1.46192e+07, 4.26366e+06, 0
3.07717e+07, 1.31684e+07, 0
1.8484e+07, 6.60876e+06, 0
2.63931e+07, 6.96139e+06, 0
3.49386e+07, 1.62427e+07, 0
1.38317e+07, 4.73271e+06, 0
2.15243e+07, 5.39372e+06, 0
2.80783e+07, 1.30191e+07, 0
1.89355e+07, 8.51559e+06, 0
1.68027e+07, 3.90201e+06, 0
2.33751e+07, 6.66316e+06, 0
3.14714e+07, 1.65158e+07, 0
2.72696e+07, 1.52683e+07, 0
1.66126e+07, 6.70804e+06, 0
2.38766e+07, 1.09433e+07, 0
2.06373e+07, 9.12266e+06, 0
2.43865e+07, 5.80642e+06, 0
2.15576e+07, 1.18701e+07, 0
2.4976e+07, 5.05247e+06, 0
2.41536e+07, 9.93342e+06, 0
2.51287e+07, 1.28578e+07, 0
1.52342e+07, 5.64202e+06, 0
2.18662e+07, 4.3782e+06, 0
1.68343e+07, 3.9777e+06, 0
3.00581e+07, 9.45209e+06, 0
2.97793e+07, 1.89779e+07, 0
2.27283e+07, 6.12491e+06, 0
1.5859e+07, 3.80185e+06, 0
1.7686e+07, 8.94143e+06, 0
4.63928e+07, 2.63563e+07, 0
1.58218e+07, 4.66867e+06, 0
2.16752e+07, 4.34434e+06, 0
2.70849e+07, 5.95435e+06, 0
1.50666e+07, 2.6977e+06, 0
2.89177e+07, 1.47862e+07, 0
2.66836e+07, 1.21943e+07, 0
2.33619e+07, 7.05254e+06, 0
2.46016e+07, 3.18474e+06, 0
2.80639e+07, 1.29866e+07, 0
2.75215e+07, 1.3669e+07, 0
1.56845e+07, 6.08458e+06, 0
3.0315e+07, 1.49277e+07, 0
1.63954e+07, 5.93001e+06, 0
1.99039e+07, 6.24516e+06, 0
2.65907e+07, 1.45845e+07, 0
1.66109e+07, 5.46131e+06, 0
1.55572e+07, 5.97166e+06, 0
2.02187e+07, 1.004e+07, 0
2.50127e+07, 1.03841e+07, 0
2.40601e+07, 9.54988e+06, 0
1.6657e+07, 5.98339e+06, 0
2.15938e+07, 9.40296e+06, 0
1.77625e+07, 8.54336e+06, 0
1.90825e+07, 1.55116e+06, 0
2.4477e+07, 9.27277e+06, 0
2.55465e+07, 1.04457e+07, 0
2.80762e+07, 9.72646e+06, 0
1.38944e+07, 2.51475e+06, 0
2.97672e+07, 1.05605e+07, 0
3.68038e+07, 1.20601e+07, 0
2.40877e+07, 1.41157e+07, 0
2.8347e+07, 1.15731e+07, 0
2.33263e+07, 1.33944e+07, 0
2.09103e+07, 1.00691e+07, 0
2.09018e+07, 4.42567e+06, 0
1.80352e+07, 7.49616e+06, 0
2.24849e+07, 7.78737e+06, 0
2.90822e+07, 7.94183e+06, 0
1.67933e+07, 7.79933e+06, 0
2.30543e+07, 2.84004e+06, 0
1.93673e+07, 8.76485e+06, 0
2.27829e+07, 9.53005e+06, 0
4.20054e+07, 2.62129e+07, 0
2.58618e+07, 1.02116e+07, 0
3.14858e+07, 9.90828e+06, 0
2.57544e+07, 1.29822e+07, 0
4.22265e+07, 2.71173e+07, 0
2.37419e+07, 1.2657e+07, 0
2.28976e+07, 1.30125e+07, 0
2.56097e+07, 1.09875e+07, 0
1.69239e+07, 4.72587e+06, 0
1.66296e+07, 3.85894e+06, 0
2.20053e+07, 1.09373e+07, 0
2.11256e+07, 1.16707e+07, 0
1.62032e+07, 4.09028e+06, 0
3.13624e+07, 7.69513e+06, 0
3.55193e+07, 6.51741e+06, 0
1.82487e+07, 7.41545e+06, 0
3.97481e+07, 2.03905e+07, 0
3.04433e+07, 1.3437e+07, 0
2.37059e+07, 1.11795e+07, 0
2.04567e+07, 5.16723e+06, 0
1.53321e+07, 2.42773e+06, 0
3.58903e+07, 1.43442e+07, 0
2.29038e+07, 8.22072e+06, 0
1.89005e+07, 6.7939e+06, 0
2.39205e+07, 5.89145e+06, 0
1.99554e+07, 7.60563e+06, 0
2.45711e+07, 1.54706e+07, 0
1.59283e+07, 7.67516e+06, 0
2.32707e+07, 1.1876e+07, 0
1.77439e+07, 5.61433e+06, 0
2.70142e+07, 9.25738e+06, 0
3.49895e+07, 4.06564e+06, 0
2.87924e+07, 1.43024e+07, 0
3.08246e+07, 1.56795e+07, 0
1.74098e+07, 3.90729e+06, 0
1.68001e+07, 7.27775e+06, 0
2.61295e+07, 1.36731e+07, 0
2.06398e+07, 7.59491e+06, 0
3.86579e+07, 2.63981e+07, 0
2.96558e+07, 1.36156e+07, 0
1.25843e+07, 2.69363e+06, 0
1.2961e+07, 2.90338e+06, 0
2.60714e+07, 7.59211e+06, 0
1.98159e+07, 9.42312e+06, 0
2.94415e+07, 1.29103e+07, 0
3.17842e+07, 4.53892e+06, 0
1.87089e+07, 2.72448e+06, 0
1.64427e+07, 7.1882e+06, 0
3.4936e+07, 5.39239e+06, 0
2.24302e+07, 1.16011e+07, 0
1.83702e+07, 7.08284e+06, 0
2.41251e+07, 1.31954e+07, 0
2.46068e+07, 7.35621e+06, 0
2.92375e+07, 1.75749e+07, 0
2.20619e+07, 1.25105e+07, 0
2.50894e+07, 5.71778e+06, 0
1.52958e+07, 4.47484e+06, 0
2.93465e+07, 1.76871e+07, 0
1.50394e+07, 4.2237e+06, 0
1.65976e+07, 1.01617e+06, 0
1.66379e+07, 7.81163e+06, 0
1.41292e+07, 5.43586e+06, 0
3.85064e+07, 4.33956e+06, 0
2.71972e+07, 1.60526e+07, 0
1.63363e+07, 4.54206e+06, 0
2.4799e+07, 2.41543e+06, 0
2.34725e+07, 1.32273e+07, 0
1.96437e+07, 5.40389e+06, 0
2.44788e+07, 1.3555e+07, 0
2.8636e+07, 8.47496e+06, 0
3.04879e+07, 1.69007e+07, 0
1.93218e+07, 1.04861e+07, 0
3.40761e+07, 9.59144e+06, 0
3.13134e+07, 1.06906e+07, 0
3.00664e+07, 1.31224e+07, 0
3.35648e+07, 1.80184e+07, 0
1.5827e+07, 4.73714e+06, 0
2.96818e+07, 1.02602e+07, 0
2.38186e+07, 1.08656e+07, 0
1.88671e+07, 1.56373e+06, 0
1.75487e+07, 6.99833e+06, 0
2.00876e+07, 2.06185e+06, 0
2.15518e+07, 8.42035e+06, 0
3.43805e+07, 1.2281e+07, 0
2.62828e+07, 2.41274e+06, 0
1.48622e+07, 4.02969e+06, 0
2.01068e+07, 5.86052e+06, 0
2.81608e+07, 1.63739e+07, 0
2.79955e+07, 1.20726e+07, 0
2.32252e+07, 1.42368e+07, 0
1.58703e+07, 5.94253e+06, 0
1.66953e+07, 3.50716e+06, 0
1.30925e+07, 3.34342e+06, 0
1.78446e+07, 8.42946e+06, 0
1.95134e+07, 6.46235e+06, 0
1.61737e+07, 4.58295e+06, 0
2.11854e+07, 7.75567e+06, 0
2.50107e+07, 1.29672e+07, 0
1.57124e+07, 6.04674e+06, 0
3.91602e+07, 1.70231e+07, 0
2.1382e+07, 7.64434e+06, 0
2.24814e+07, 3.40588e+06, 0
2.1585e+07, 5.43187e+06, 0
1.7885e+07, 6.7018e+06, 0
3.191e+07, 6.55832e+06, 0
2.65895e+07, 5.47169e+06, 0
3.81502e+07, 2.05546e+07, 0
2.75418e+07, 1.18085e+07, 0
2.37077e+07, 6.91129e+06, 0
1.92433e+07, 7.95904e+06, 0
3.49572e+07, 2.21841e+07, 0
1.55967e+07, 7.16144e+06, 0
2.09197e+07, 6.92325e+06, 0
1.60507e+07, 5.70342e+06, 0
1.76644e+07, 9.05684e+06, 0
2.71409e+07, 1.41518e+07, 0
1.90833e+07, 4.90835e+06, 0
1.94542e+07, 2.94183e+06, 0
3.06016e+07, 6.26896e+06, 0
2.50968e+07, 3.19444e+06, 0
2.33433e+07, 7.74893e+06, 0
2.79242e+07, 1.74799e+07, 0
2.49329e+07, 4.37005e+06, 0
1.58346e+07, 7.28227e+06, 0
1.358e+07, 4.73704e+06, 0
2.62579e+07, 1.00307e+07, 0
2.71377e+07, 1.54848e+07, 0
2.38375e+07, 9.95654e+06, 0
2.26142e+07, 9.73161e+06, 0
2.45588e+07, 5.25646e+06, 0
3.25746e+07, 1.3293e+07, 0
3.14648e+07, 1.40689e+07, 0
2.76146e+07, 1.1472e+07, 0
2.25307e+07, 1.02874e+07, 0
1.75221e+07, 4.87195e+06, 0
2.17654e+07, 5.777e+06, 0
2.98835e+07, 1.14672e+07, 0
2.27125e+07, 1.00258e+07, 0
2.42955e+07, 3.98774e+06, 0
1.88566e+07, 9.2113e+06, 0
2.46788e+07, 3.76303e+06, 0
4.33837e+07, 1.86021e+07, 0
1.84666e+07, 9.40605e+06, 0
2.58306e+07, 1.28483e+07, 0
1.91921e+07, 9.581e+06, 0
1.29849e+07, 3.68222e+06, 0
1.62703e+07, 6.19631e+06, 0
1.95738e+07, 1.63698e+06, 0
2.06094e+07, 5.40539e+06, 0
2.30801e+07, 1.21549e+07, 0
1.62931e+07, 4.06084e+06, 0
2.71416e+07, 1.9375e+06, 0
1.55571e+07, 2.30142e+06, 0
2.48247e+07, 3.87134e+06, 0
1.74037e+07, 4.43551e+06, 0
2.34197e+07, 2.98873e+06, 0
2.888e+07, 1.23523e+07, 0
2.78879e+07, 1.10668e+07, 0
2.85098e+07, 1.26805e+07, 0
1.91959e+07, 3.332e+06, 0
1.6572e+07, 7.06637e+06, 0
2.04407e+07, 7.75338e+06, 0
2.248e+07, 9.88224e+06, 0
1.99355e+07, 9.68221e+06, 0
2.78294e+07, 2.125e+06, 0
2.37757e+07, 1.01495e+07, 0
2.05379e+07, 629803, 0
2.04251e+07, 8.0499e+06, 0
2.35116e+07, 9.13161e+06, 0
1.53797e+07, 6.42873e+06, 0
1.62906e+07, 8.09608e+06, 0
2.32441e+07, 1.17964e+07, 0
1.88089e+07, 4.40958e+06, 0
3.21136e+07, 9.33773e+06, 0
2.68909e+07, 5.55129e+06, 0
2.29713e+07, 2.4841e+06, 0
2.31293e+07, 7.98782e+06, 0
2.35247e+07, 1.45689e+07, 0
2.13022e+07, 1.19357e+07, 0
3.28163e+07, 9.05276e+06, 0
2.65929e+07, 7.82547e+06, 0
1.95669e+07, 7.56853e+06, 0
2.66542e+07, 6.92152e+06, 0
2.51195e+07, 1.23707e+07, 0
2.53511e+07, 8.46883e+06, 0
2.4161e+07, 8.91305e+06, 0
2.44497e+07, 1.42185e+07, 0
2.40592e+07, 1.43555e+07, 0
3.08669e+07, 6.62003e+06, 0
3.21755e+07, 761498, 0
2.81744e+07, 1.42591e+07, 0
2.06857e+07, 1.15144e+07, 0
4.14095e+07, 5.75038e+06, 0
1.34762e+07, 1.12945e+06, 0
1.37546e+07, 3.32332e+06, 0
1.51639e+07, 6.75419e+06, 0
2.79048e+07, 1.65285e+07, 0
2.59223e+07, 5.94685e+06, 0
1.60908e+07, 5.16919e+06, 0
2.16349e+07, 1.16075e+07, 0
1.7098e+07, 8.83431e+06, 0
1.87084e+07, 4.51026e+06, 0
3.16354e+07, 1.11405e+07, 0
1.93767e+07, 6.30982e+06, 0
1.91615e+07, 9.00989e+06, 0
1.8393e+07, 7.61575e+06, 0
1.43157e+07, 3.84189e+06, 0
2.22329e+07, 1.77904e+06, 0
1.8927e+07, 5.65299e+06, 0
1.36876e+07, 5.00787e+06, 0
3.01323e+07, 1.21452e+07, 0
2.13421e+07, 3.81979e+06, 0
3.5088e+07, 8.28836e+06, 0
2.58392e+07, 1.51015e+07, 0
2.77972e+07, 1.19905e+07, 0
2.81929e+07, 1.81782e+07, 0
2.70786e+07, 1.4948e+07, 0
1.49052e+07, 1.71273e+06, 0
1.87875e+07, 1.03618e+07, 0
2.83633e+07, 4.60158e+06, 0
1.60952e+07, 6.85473e+06, 0
2.01733e+07, 8.39803e+06, 0
1.90639e+07, 4.69362e+06, 0
2.73931e+07, 1.39332e+07, 0
1.48895e+07, 3.91123e+06, 0
1.52111e+07, 6.65217e+06, 0
1.61085e+07, 6.50149e+06, 0
1.59328e+07, 6.82867e+06, 0
2.74913e+07, 1.78074e+07, 0
2.12858e+07, 1.1444e+07, 0
2.22802e+07, 1.33473e+07, 0
2.05743e+07, 4.41516e+06, 0
1.40508e+07, 2.75455e+06, 0
2.34327e+07, 1.11889e+07, 0
1.99228e+07, 2.40243e+06, 0
1.69881e+07, 5.45108e+06, 0
2.44576e+07, 8.34314e+06, 0
1.70031e+07, 7.90629e+06, 0
2.43452e+07, 9.03845e+06, 0
3.079e+07, 1.26724e+07, 0
1.99014e+07, 9.43251e+06, 0
1.59234e+07, 3.86597e+06, 0
1.50945e+07, 5.89091e+06, 0
2.28474e+07, 6.58926e+06, 0
1.59403e+07, 7.63235e+06, 0
1.26479e+07, 3.15024e+06, 0
1.3466e+07, 3.63542e+06, 0
3.03627e+07, 9.42796e+06, 0
1.37622e+07, 4.91472e+06, 0
1.82583e+07, 9.33775e+06, 0
3.45094e+07, 1.61967e+07, 0
1.49593e+07, 5.23718e+06, 0
2.86117e+07, 1.86931e+07, 0
2.68163e+07, 8.03923e+06, 0
1.91712e+07, 9.74776e+06, 0
1.27529e+07, 622679, 0
2.29883e+07, 963188, 0
1.97123e+07, 5.39451e+06, 0
2.46667e+07, 8.5096e+06, 0
2.44495e+07, 2.12394e+06, 0
2.37044e+07, 4.05958e+06, 0
2.74285e+07, 9.63788e+06, 0
1.55407e+07, 2.33576e+06, 0
1.88229e+07, 5.01834e+06, 0
1.86103e+07, 951545, 0
2.94514e+07, 1.32578e+07, 0
1.90485e+07, 1.1697e+06, 0
1.675e+07, 8.13108e+06, 0
3.90918e+07, 6.69586e+06, 0
1.5223e+07, 5.80635e+06, 0
2.99638e+07, 4.18335e+06, 0
1.5108e+07, 5.6153e+06, 0
2.20218e+07, 1.19659e+07, 0
2.69209e+07, 9.11693e+06, 0
2.21119e+07, 1.28051e+07, 0
2.00453e+07, 7.16419e+06, 0
2.48352e+07, 7.05218e+06, 0
2.6787e+07, 1.11809e+07, 0
1.7261e+07, 3.10545e+06, 0
2.01831e+07, 9.12131e+06, 0
3.97567e+07, 6.50675e+06, 0
1.72849e+07, 9.0409e+06, 0
2.85371e+07, 1.66078e+07, 0
1.63688e+07, 7.60044e+06, 0
2.27518e+07, 1.30529e+07, 0
2.87217e+07, 1.68368e+07, 0
2.20572e+07, 1.05669e+07, 0
1.8173e+07, 5.21427e+06, 0
2.77125e+07, 8.70931e+06, 0
2.36791e+07, 8.20173e+06, 0
3.00547e+07, 1.4127e+07, 0
1.91542e+07, 1.03604e+07, 0
2.85491e+07, 8.53956e+06, 0
2.77977e+07, 9.619e+06, 0
1.74912e+07, 3.29211e+06, 0
1.51895e+07, 5.06491e+06, 0
2.82794e+07, 8.873e+06, 0
3.74644e+07, 6.88337e+06, 0
2.26535e+07, 1.25442e+07, 0
2.00775e+07, 9.27431e+06, 0
2.42456e+07, 8.37222e+06, 0
2.47454e+07, 3.57141e+06, 0
2.26347e+07, 7.99293e+06, 0
1.78247e+07, 5.5311e+06, 0
2.50429e+07, 4.14713e+06, 0
2.30443e+07, 1.34514e+07, 0
1.98371e+07, 9.79251e+06, 0
4.26068e+07, 2.34077e+07, 0
1.70367e+07, 3.60761e+06, 0
1.90605e+07, 4.12e+06, 0
1.63703e+07, 4.45814e+06, 0
2.11073e+07, 4.76001e+06, 0
1.54024e+07, 4.26544e+06, 0
4.03657e+07, 6.05923e+06, 0
2.69377e+07, 1.34709e+07, 0
1.92883e+07, 6.7405e+06, 0
2.69578e+07, 9.13385e+06, 0
1.60457e+07, 6.67497e+06, 0
3.17833e+07, 1.53182e+07, 0
1.31566e+07, 2.74931e+06, 0
2.18035e+07, 3.52609e+06, 0
3.93985e+07, 1.38185e+07, 0
3.36318e+07, 9.66236e+06, 0
3.17274e+07, 1.7587e+07, 0
2.32879e+07, 7.70605e+06, 0
2.12148e+07, 7.35889e+06, 0
2.17818e+07, 8.86691e+06, 0
2.47413e+07, 1.40911e+07, 0
2.34695e+07, 9.49158e+06, 0
3.37826e+07, 2.03994e+07, 0
2.61322e+07, 1.48521e+07, 0
2.13155e+07, 1.1843e+07, 0
3.66246e+07, 1.14347e+07, 0
3.492e+07, 1.93182e+07, 0
1.89932e+07, 8.57775e+06, 0
1.72984e+07, 8.29431e+06, 0
2.92685e+07, 1.70161e+07, 0
2.35478e+07, 1.37505e+07, 0
2.19073e+07, 2.43156e+06, 0
2.57949e+07, 8.45334e+06, 0
1.47272e+07, 4.71048e+06, 0
2.32658e+07, 1.01608e+07, 0
2.01571e+07, 1.11639e+07, 0
2.91399e+07, 1.42129e+07, 0
3.47068e+07, 2.10278e+07, 0
2.7417e+07, 1.43799e+07, 0
2.44941e+07, 1.14918e+07, 0
1.89567e+07, 6.91411e+06, 0
2.16469e+07, 1.03554e+07, 0
3.63447e+07, 6.44199e+06, 0
1.47981e+07, 2.10813e+06, 0
1.81909e+07, 3.01469e+06, 0
1.47412e+07, 5.69562e+06, 0
1.39462e+07, 4.24659e+06, 0
2.55853e+07, 1.01624e+07, 0
1.479e+07, 2.24402e+06, 0
1.6806e+07, 6.60604e+06, 0
2.12278e+07, 7.50654e+06, 0
2.04238e+07, 1.04347e+07, 0
2.32995e+07, 3.52633e+06, 0
2.93144e+07, 3.80056e+06, 0
2.59691e+07, 7.73215e+06, 0
1.92808e+07, 9.95709e+06, 0
2.24723e+07, 1.27557e+07, 0
1.62397e+07, 2.07983e+06, 0
1.63368e+07, 5.28944e+06, 0
3.1429e+07, 3.55207e+06, 0
2.82384e+07, 6.53207e+06, 0
2.32639e+07, 1.2029e+07, 0
1.75631e+07, 5.77037e+06, 0
2.3636e+07, 5.12416e+06, 0
1.63191e+07, 6.01816e+06, 0
2.69475e+07, 8.62739e+06, 0
2.1507e+07, 9.67877e+06, 0
2.38812e+07, 6.71452e+06, 0
1.94423e+07, 3.82191e+06, 0
1.48009e+07, 4.94305e+06, 0
1.35112e+07, 3.06023e+06, 0
3.35702e+07, 1.51954e+07, 0
2.83323e+07, 1.67021e+07, 0
2.14613e+07, 9.34776e+06, 0
2.10647e+07, 1.21149e+07, 0
2.79025e+07, 3.22123e+06, 0
1.95276e+07, 9.18506e+06, 0
1.82495e+07, 6.6858e+06, 0
2.37782e+07, 1.42891e+07, 0
1.53887e+07, 6.48159e+06, 0
3.91305e+07, 6.41688e+06, 0
2.1838e+07, 8.81658e+06, 0
2.81139e+07, 1.524e+07, 0
3.35484e+07, 7.76694e+06, 0
1.76555e+07, 3.91636e+06, 0
3.57345e+07, 1.35627e+07, 0
2.11524e+07, 8.80651e+06, 0
1.43758e+07, 2.12693e+06, 0
2.53352e+07, 3.45552e+06, 0
2.15119e+07, 6.39738e+06, 0
3.3674e+07, 2.26358e+07, 0
2.9404e+07, 1.07285e+07, 0
2.33702e+07, 1.04764e+07, 0
1.75068e+07, 6.59034e+06, 0
3.45725e+07, 2.10327e+07, 0
2.93331e+07, 1.76494e+07, 0
1.55785e+07, 2.18972e+06, 0
3.61193e+07, 8.95298e+06, 0
1.66059e+07, 3.33142e+06, 0
1.72384e+07, 5.08158e+06, 0
2.60902e+07, 5.75658e+06, 0
3.46628e+07, 2.1636e+07, 0
1.71892e+07, 8.46298e+06, 0
1.26159e+07, 2.02643e+06, 0
2.37924e+07, 1.0559e+07, 0
2.94076e+07, 6.6215e+06, 0
3.15357e+07, 2.58181e+06, 0
1.92758e+07, 4.57558e+06, 0
1.54047e+07, 3.52072e+06, 0
1.45345e+07, 5.70708e+06, 0
2.71818e+07, 6.10447e+06, 0
2.38007e+07, 1.12111e+07, 0
2.12441e+07, 1.15966e+07, 0
2.38642e+07, 1.24602e+07, 0
2.36121e+07, 1.14963e+07, 0
3.65801e+07, 1.07754e+07, 0
1.89756e+07, 7.19942e+06, 0
1.60607e+07, 6.40545e+06, 0
2.13935e+07, 1.23429e+07, 0
2.32739e+07, 5.53799e+06, 0
1.56942e+07, 6.9995e+06, 0
2.43479e+07, 6.88611e+06, 0
2.09621e+07, 9.85997e+06, 0
2.86613e+07, 1.45273e+07, 0
1.87602e+07, 5.16902e+06, 0
2.63121e+07, 1.12587e+07, 0
2.26545e+07, 5.5146e+06, 0
2.29776e+07, 1.16755e+07, 0
3.6756e+07, 7.26705e+06, 0
1.76552e+07, 674591, 0
2.98915e+07, 1.40605e+07, 0
2.85151e+07, 1.44432e+07, 0
1.46151e+07, 2.32671e+06, 0
2.69367e+07, 1.56373e+07, 0
2.36443e+07, 1.39598e+07, 0
3.37085e+07, 1.62199e+07, 0
2.7058e+07, 7.40701e+06, 0
1.88393e+07, 1.00324e+07, 0
1.88323e+07, 1.00326e+07, 0
3.39606e+07, 8.11911e+06, 0
2.96787e+07, 7.22084e+06, 0
2.77478e+07, 1.35177e+07, 0
2.11864e+07, 8.25681e+06, 0
2.56093e+07, 1.39225e+07, 0
2.15214e+07, 7.29816e+06, 0
1.17934e+07, 720047, 0
2.65931e+07, 1.5197e+07, 0
3.75188e+07, 1.23129e+07, 0
2.8206e+07, 1.19136e+07, 0
1.78566e+07, 8.78564e+06, 0
2.13566e+07, 7.34595e+06, 0
3.94227e+07, 1.02152e+07, 0
1.79619e+07, 6.98671e+06, 0
1.85368e+07, 9.54178e+06, 0
1.37595e+07, 3.41384e+06, 0
1.98892e+07, 1.12919e+07, 0
2.12692e+07, 2.27539e+06, 0
1.95524e+07, 5.08568e+06, 0
1.46656e+07, 1.7547e+06, 0
2.27952e+07, 1.32534e+07, 0
2.88657e+07, 1.20861e+07, 0
1.85644e+07, 4.31471e+06, 0
1.56597e+07, 5.84693e+06, 0
1.99917e+07, 8.57234e+06, 0
1.40896e+07, 1.57078e+06, 0
3.19981e+07, 1.43839e+07, 0
3.17309e+07, 1.80754e+07, 0
1.8873e+07, 7.15114e+06, 0
1.70327e+07, 2.18682e+06, 0
2.6476e+07, 9.081e+06, 0
1.88667e+07, 1.04193e+07, 0
1.96352e+07, 8.05791e+06, 0
1.63633e+07, 7.21552e+06, 0
1.91577e+07, 8.4876e+06, 0
4.00426e+07, 8.88339e+06, 0
2.53444e+07, 6.01504e+06, 0
2.09148e+07, 1.20267e+07, 0
2.66848e+07, 6.39806e+06, 0
3.21592e+07, 1.55597e+07, 0
2.44432e+07, 7.92353e+06, 0
2.55104e+07, 4.1333e+06, 0
2.93673e+07, 3.72658e+06, 0
1.85941e+07, 9.71517e+06, 0
1.98644e+07, 4.4717e+06, 0
4.19462e+07, 1.04706e+07, 0
4.32358e+07, 8.35903e+06, 0
2.24779e+07, 1.20847e+07, 0
2.40585e+07, 6.62354e+06, 0
3.62012e+07, 1.52348e+07, 0
3.05377e+07, 4.83858e+06, 0
2.19718e+07, 1.11945e+07, 0
1.40167e+07, 4.328e+06, 0
2.34482e+07, 9.77118e+06, 0
1.92936e+07, 9.40343e+06, 0
3.06482e+07, 4.50215e+06, 0
1.95127e+07, 4.95219e+06, 0
2.83158e+07, 5.88636e+06, 0
1.25866e+07, 2.91791e+06, 0
3.41021e+07, 1.63034e+06, 0
2.65956e+07, 1.50157e+07, 0
3.18291e+07, 1.43641e+07, 0
2.42643e+07, 1.38477e+07, 0
1.31291e+07, 2.81672e+06, 0
2.50424e+07, 1.19604e+07, 0
4.00802e+07, 2.25726e+07, 0
3.4801e+07, 1.17989e+07, 0
1.48272e+07, 6.03167e+06, 0
1.92981e+07, 5.79851e+06, 0
3.00508e+07, 1.27578e+07, 0
3.13331e+07, 8.77559e+06, 0
4.68024e+07, 1.38929e+07, 0
2.39963e+07, 8.71194e+06, 0
2.73648e+07, 1.47323e+07, 0
2.85276e+07, 4.29111e+06, 0
2.30386e+07, 5.60534e+06, 0
1.51662e+07, 4.38999e+06, 0
1.33208e+07, 3.65351e+06, 0
2.38993e+07, 7.01227e+06, 0
3.11739e+07, 1.05887e+06, 0
3.32382e+07, 1.62103e+07, 0
2.68237e+07, 9.83564e+06, 0
2.27119e+07, 1.35107e+07, 0
1.57003e+07, 5.80333e+06, 0
2.84421e+07, 9.43072e+06, 0
1.43083e+07, 5.24834e+06, 0
2.01778e+07, 1.13626e+07, 0
2.74787e+07, 1.606e+07, 0
3.76391e+07, 1.91615e+07, 0
2.60517e+07, 1.06455e+07, 0
3.00702e+07, 1.41403e+07, 0
3.06308e+07, 1.99204e+07, 0
2.46727e+07, 1.16829e+07, 0
1.7389e+07, 8.02968e+06, 0
2.59297e+07, 2.81319e+06, 0
2.68203e+07, 1.65868e+07, 0
2.59163e+07, 1.28217e+07, 0
1.48528e+07, 4.32436e+06, 0
2.99167e+07, 1.29483e+07, 0
3.39387e+07, 1.40306e+07, 0
1.45728e+07, 4.24429e+06, 0
1.42035e+07, 2.83779e+06, 0
1.98808e+07, 9.53189e+06, 0
2.16376e+07, 1.12888e+07, 0
2.49513e+07, 6.75221e+06, 0
2.77385e+07, 1.71216e+07, 0
1.66639e+07, 4.20598e+06, 0
1.27189e+07, 3.02466e+06, 0
1.35915e+07, 4.9064e+06, 0
3.51245e+07, 1.95266e+07, 0
4.37342e+07, 1.54811e+07, 0
2.62545e+07, 1.33679e+07, 0
1.53146e+07, 6.18746e+06, 0
2.83978e+07, 1.59179e+07, 0
2.33959e+07, 1.43966e+07, 0
2.17113e+07, 1.849e+06, 0
1.664e+07, 5.4947e+06, 0
1.53312e+07, 5.13991e+06, 0
3.64085e+07, 1.72159e+07, 0
2.85448e+07, 1.54924e+07, 0
1.76873e+07, 8.21804e+06, 0
2.29828e+07, 1.07144e+07, 0
1.7975e+07, 4.48787e+06, 0
2.66163e+07, 8.66177e+06, 0
3.29277e+07, 7.48679e+06, 0
3.25391e+07, 1.41909e+07, 0
3.28373e+07, 1.96231e+07, 0
1.9216e+07, 1.72602e+06, 0
3.94e+07, 1.06309e+07, 0
2.77381e+07, 1.39704e+07, 0
2.69745e+07, 1.63025e+07, 0
2.48067e+07, 1.50412e+07, 0
2.32704e+07, 6.12652e+06, 0
1.7988e+07, 8.24035e+06, 0
1.57626e+07, 5.38241e+06, 0
3.15369e+07, 1.66725e+07, 0
2.98037e+07, 1.34701e+07, 0
2.12804e+07, 5.7045e+06, 0
2.87103e+07, 1.15853e+07, 0
1.71652e+07, 7.19078e+06, 0
1.33072e+07, 2.61807e+06, 0
4.84802e+07, 1.27183e+07, 0
4.50786e+07, 2.73042e+07, 0
3.16581e+07, 1.51934e+07, 0
2.9177e+07, 1.43848e+07, 0
1.30524e+07, 2.01293e+06, 0
3.21438e+07, 1.11088e+07, 0
2.56326e+07, 1.35181e+07, 0
4.32138e+07, 2.22956e+07, 0
2.00807e+07, 9.46179e+06, 0
1.94189e+07, 7.96187e+06, 0
2.00035e+07, 7.05566e+06, 0
4.03065e+07, 1.7003e+07, 0
2.7847e+07, 1.59158e+07, 0
2.32445e+07, 9.24717e+06, 0
2.59602e+07, 5.34577e+06, 0
3.13733e+07, 2.81643e+06, 0
3.35785e+07, 1.01197e+07, 0
2.66179e+07, 1.46223e+07, 0
2.37681e+07, 3.39486e+06, 0
2.31188e+07, 1.36183e+07, 0
1.4153e+07, 5.17844e+06, 0
4.52107e+07, 1.48891e+07, 0
1.52749e+07, 6.74142e+06, 0
2.46414e+07, 1.51502e+07, 0
2.55767e+07, 1.33166e+07, 0
1.29911e+07, 508548, 0
2.20443e+07, 5.78663e+06, 0
3.1896e+07, 6.63711e+06, 0
1.73581e+07, 6.89012e+06, 0
1.53799e+07, 6.84236e+06, 0
1.5957e+07, 7.76613e+06, 0
3.89254e+07, 1.69277e+07, 0
1.98953e+07, 1.42147e+06, 0
2.53742e+07, 1.03855e+07, 0
2.64242e+07, 9.05788e+06, 0
1.64061e+07, 5.8615e+06, 0
3.402e+07, 1.5752e+07, 0
2.42001e+07, 8.82779e+06, 0
2.34008e+07, 1.01898e+07, 0
2.73656e+07, 1.74907e+07, 0
1.8888e+07, 9.05416e+06, 0
1.82327e+07, 9.63159e+06, 0
1.92808e+07, 5.71305e+06, 0
2.14964e+07, 1.04702e+07, 0
1.89877e+07, 4.05581e+06, 0
4.38443e+07, 1.08099e+07, 0
2.44414e+07, 1.04139e+07, 0
3.3514e+07, 4.63021e+06, 0
1.85854e+07, 5.9969e+06, 0
1.28233e+07, 2.24852e+06, 0
3.2562e+07, 1.56626e+07, 0
1.31301e+07, 3.87513e+06, 0
2.61008e+07, 6.1951e+06, 0
2.46136e+07, 7.47077e+06, 0
3.05942e+07, 2.70704e+06, 0
1.9002e+07, 9.83926e+06, 0
2.87181e+07, 5.15929e+06, 0
1.92236e+07, 1.14076e+06, 0
1.67252e+07, 7.67424e+06, 0
2.43403e+07, 1.40448e+07, 0
1.71984e+07, 3.0865e+06, 0
1.37782e+07, 2.30909e+06, 0
2.69502e+07, 1.39967e+07, 0
2.95969e+07, 1.0314e+07, 0
4.35208e+07, 1.26245e+07, 0
2.16048e+07, 8.77901e+06, 0
1.37376e+07, 2.92638e+06, 0
1.93074e+07, 7.8442e+06, 0
1.5451e+07, 4.92684e+06, 0
2.33542e+07, 1.34721e+07, 0
2.76337e+07, 1.22469e+07, 0
2.19063e+07, 5.26935e+06, 0
2.17769e+07, 1.10626e+07, 0
3.3208e+07, 1.31784e+07, 0
2.66469e+07, 5.48574e+06, 0
2.13289e+07, 6.46338e+06, 0
2.22417e+07, 7.02819e+06, 0
3.30801e+07, 2.1647e+07, 0
2.37625e+07, 7.76203e+06, 0
2.73736e+07, 1.32644e+07, 0
1.77449e+07, 2.19473e+06, 0
2.11327e+07, 8.59352e+06, 0
2.11079e+07, 1.15993e+07, 0
2.48866e+07, 1.15181e+07, 0
1.42487e+07, 1.88567e+06, 0
1.56385e+07, 4.19056e+06, 0
2.18757e+07, 1.13337e+07, 0
2.93078e+07, 5.01694e+06, 0
3.16807e+07, 9.58456e+06, 0
1.73999e+07, 4.21355e+06, 0
2.22609e+07, 9.23863e+06, 0
3.28879e+07, 2.06191e+07, 0
1.98227e+07, 9.72878e+06, 0
2.60968e+07, 7.94142e+06, 0
2.18761e+07, 6.43973e+06, 0
1.6816e+07, 7.23162e+06, 0
2.18274e+07, 1.04492e+07, 0
2.35818e+07, 1.20044e+07, 0
2.79843e+07, 1.72652e+06, 0
3.34146e+07, 1.69312e+07, 0
1.86237e+07, 4.59291e+06, 0
1.78836e+07, 9.2954e+06, 0
1.54438e+07, 6.05368e+06, 0
2.86857e+07, 9.61502e+06, 0
2.27786e+07, 3.12932e+06, 0
2.62088e+07, 1.09675e+07, 0
4.07926e+07, 9.94037e+06, 0
3.6259e+07, 2.44234e+07, 0
2.52673e+07, 1.29299e+07, 0
2.95323e+07, 1.0508e+07, 0
2.08714e+07, 5.3854e+06, 0
3.66077e+07, 6.11029e+06, 0
3.42354e+07, 5.87652e+06, 0
2.44193e+07, 1.11514e+07, 0
2.28771e+07, 1.16255e+07, 0
2.14281e+07, 3.48839e+06, 0
2.56363e+07, 5.47619e+06, 0
3.59191e+07, 9.29304e+06, 0
3.84618e+07, 7.43791e+06, 0
1.88123e+07, 7.02884e+06, 0
2.12409e+07, 1.18128e+07, 0
1.9682e+07, 4.4941e+06, 0
1.54526e+07, 4.91177e+06, 0
2.42405e+07, 1.09095e+07, 0
3.13443e+07, 1.69997e+07, 0
2.71779e+07, 8.68755e+06, 0
3.63816e+07, 1.77848e+07, 0
1.92477e+07, 1.08455e+07, 0
2.80604e+07, 1.00257e+07, 0
2.93719e+07, 1.84943e+07, 0
1.97952e+07, 8.3843e+06, 0
3.83175e+07, 2.05466e+07, 0
2.77889e+07, 8.34195e+06, 0
1.73283e+07, 5.57762e+06, 0
3.00239e+07, 4.89549e+06, 0
2.23082e+07, 1.01264e+07, 0
1.96939e+07, 9.56923e+06, 0
1.64477e+07, 3.1281e+06, 0
2.14294e+07, 2.84386e+06, 0
1.92888e+07, 8.70332e+06, 0
2.12835e+07, 9.72084e+06, 0
2.21489e+07, 1.2172e+07, 0
1.61701e+07, 7.47879e+06, 0
2.45907e+07, 9.40775e+06, 0
2.27021e+07, 7.78939e+06, 0
2.50207e+07, 1.56432e+07, 0
2.24166e+07, 1.3431e+07, 0
3.15159e+07, 1.80553e+07, 0
3.21048e+07, 8.69334e+06, 0
2.19874e+07, 6.81606e+06, 0
1.6801e+07, 8.21087e+06, 0
2.11654e+07, 4.52227e+06, 0
1.53964e+07, 3.57738e+06, 0
1.76237e+07, 5.90042e+06, 0
2.40586e+07, 1.12921e+07, 0
1.92732e+07, 4.24126e+06, 0
2.45908e+07, 1.3473e+07, 0
1.82727e+07, 8.58359e+06, 0
2.40449e+07, 3.73808e+06, 0
1.69639e+07, 6.55203e+06, 0
1.84625e+07, 999736, 0
1.34769e+07, 4.22258e+06, 0
3.15893e+07, 8.97162e+06, 0
1.58823e+07, 3.79729e+06, 0
3.5877e+07, 1.62389e+07, 0
1.7028e+07, 444187, 0
1.68514e+07, 7.3749e+06, 0
2.30862e+07, 7.34982e+06, 0
1.74857e+07, 5.88604e+06, 0
1.81298e+07, 8.44732e+06, 0
1.60863e+07, 5.65603e+06, 0
2.63544e+07, 1.28099e+07, 0
3.42376e+07, 1.72459e+07, 0
2.283e+07, 1.29584e+07, 0
2.74295e+07, 3.5369e+06, 0
2.16963e+07, 9.12706e+06, 0
2.04306e+07, 1.16446e+07, 0
3.53636e+07, 1.64018e+07, 0
2.28303e+07, 5.44959e+06, 0
2.64259e+07, 1.59238e+07, 0
1.64765e+07, 5.44493e+06, 0
1.72178e+07, 7.23548e+06, 0
1.87613e+07, 8.06728e+06, 0
1.45583e+07, 5.41105e+06, 0
1.7865e+07, 5.46031e+06, 0
2.23313e+07, 6.84498e+06, 0
3.8385e+07, 2.39304e+07, 0
2.94286e+07, 1.03142e+07, 0
2.56365e+07, 7.30657e+06, 0
1.93956e+07, 5.12975e+06, 0
2.17876e+07, 1.15758e+07, 0
2.37761e+07, 6.82609e+06, 0
2.14063e+07, 1.22501e+06, 0
1.678e+07, 6.42643e+06, 0
2.63828e+07, 8.77176e+06, 0
1.63104e+07, 3.52511e+06, 0
2.22207e+07, 1.16969e+07, 0
2.06846e+07, 5.022e+06, 0
1.71391e+07, 3.18766e+06, 0
4.92111e+07, 3.03861e+07, 0
1.93741e+07, 8.23266e+06, 0
3.43848e+07, 6.37787e+06, 0
3.12037e+07, 8.44265e+06, 0
2.81958e+07, 2.21965e+06, 0
1.81554e+07, 5.90008e+06, 0
2.9826e+07, 9.31314e+06, 0
1.69742e+07, 6.67496e+06, 0
1.38585e+07, 2.53119e+06, 0
2.2504e+07, 1.07608e+07, 0
1.67125e+07, 3.8171e+06, 0
3.21827e+07, 4.38716e+06, 0
1.7861e+07, 4.6664e+06, 0
1.58919e+07, 5.57359e+06, 0
1.73458e+07, 5.24272e+06, 0
1.87493e+07, 8.59932e+06, 0
1.56735e+07, 4.0298e+06, 0
3.33827e+07, 2.0559e+07, 0
2.40201e+07, 2.03361e+06, 0
1.73952e+07, 6.92114e+06, 0
1.90419e+07, 6.57613e+06, 0
1.7308e+07, 7.74538e+06, 0
1.41287e+07, 1.73414e+06, 0
1.59526e+07, 4.9635e+06, 0
2.26059e+07, 6.55386e+06, 0
1.47801e+07, 3.95927e+06, 0
2.29372e+07, 7.05219e+06, 0
2.02842e+07, 5.23195e+06, 0
2.54328e+07, 1.41879e+07, 0
2.97046e+07, 1.65062e+07, 0
2.83592e+07, 1.37161e+07, 0
2.09597e+07, 7.87662e+06, 0
2.41022e+07, 1.17414e+07, 0
2.21186e+07, 1.05211e+07, 0
2.43557e+07, 1.19677e+07, 0
1.44089e+07, 2.2953e+06, 0
2.823e+07, 1.37677e+07, 0
2.9476e+07, 9.96281e+06, 0
2.69075e+07, 1.38125e+07, 0
2.9763e+07, 1.18368e+07, 0
1.93118e+07, 7.62373e+06, 0
3.56683e+07, 6.57578e+06, 0
2.20193e+07, 9.88633e+06, 0
2.87689e+07, 1.76457e+07, 0
3.06468e+07, 1.80832e+07, 0
3.40687e+07, 7.83667e+06, 0
2.3178e+07, 8.04594e+06, 0
