1.23623e+07, 4.17658e+06, 0
9.71794e+06, 5.11457e+06, 0
8.97584e+06, 3.7932e+06, 0
6.39203e+06, 656962, 0
7.83594e+06, 3.74953e+06, 0
7.70921e+06, 1.51077e+06, 0
7.46029e+06, 3.2502e+06, 0
8.27219e+06, 4.07255e+06, 0
1.11485e+07, 5.87678e+06, 0
8.18105e+06, 850311, 0
1.22474e+07, 7.45152e+06, 0
6.58693e+06, 2.12362e+06, 0
6.84234e+06, 2.86167e+06, 0
7.57699e+06, 3.4177e+06, 0
6.57297e+06, 2.78171e+06, 0
6.23376e+06, 2.04875e+06, 0
7.42783e+06, 2.99198e+06, 0
8.03941e+06, 2.36417e+06, 0
1.15921e+07, 4.22845e+06, 0
7.49919e+06, 2.8839e+06, 0
7.52438e+06, 881719, 0
5.85091e+06, 409352, 0
6.30753e+06, 1.60443e+06, 0
7.98264e+06, 4.39165e+06, 0
1.05121e+07, 5.84751e+06, 0
8.53968e+06, 3.58885e+06, 0
1.17718e+07, 4.1117e+06, 0
1.00322e+07, 5.97389e+06, 0
6.40431e+06, 2.07637e+06, 0
6.44022e+06, 2.00526e+06, 0
6.09485e+06, 2.19611e+06, 0
1.27602e+07, 6.47917e+06, 0
8.73409e+06, 3.18251e+06, 0
1.10337e+07, 5.12276e+06, 0
9.35242e+06, 2.7525e+06, 0
7.16316e+06, 2.91462e+06, 0
6.97971e+06, 783269, 0
8.82547e+06, 4.2767e+06, 0
6.57528e+06, 1.21693e+06, 0
6.70512e+06, 432797, 0
6.74763e+06, 2.65143e+06, 0
7.40399e+06, 2.38942e+06, 0
8.31718e+06, 3.89673e+06, 0
8.11632e+06, 3.41343e+06, 0
7.81083e+06, 2.14181e+06, 0
6.88552e+06, 2.10885e+06, 0
6.36159e+06, 1.08341e+06, 0
5.24142e+06, 433389, 0
1.04444e+07, 5.09293e+06, 0
6.25925e+06, 2.05602e+06, 0
1.12847e+07, 4.67626e+06, 0
7.55479e+06, 3.29873e+06, 0
1.1087e+07, 3.87072e+06, 0
5.90418e+06, 258075, 0
8.61214e+06, 3.77574e+06, 0
7.35587e+06, 1.627e+06, 0
7.59016e+06, 1.59007e+06, 0
8.58803e+06, 4.90069e+06, 0
7.62919e+06, 1.4506e+06, 0
7.22959e+06, 1.82374e+06, 0
1.05505e+07, 5.01462e+06, 0
8.97601e+06, 3.9341e+06, 0
8.51983e+06, 1.82039e+06, 0
8.50836e+06, 2.79469e+06, 0
9.0224e+06, 3.74506e+06, 0
1.2465e+07, 2.3303e+06, 0
8.3911e+06, 2.71317e+06, 0
6.44082e+06, 706983, 0
8.73103e+06, 1.99734e+06, 0
8.10239e+06, 3.52239e+06, 0
1.0373e+07, 6.11653e+06, 0
8.88984e+06, 3.42358e+06, 0
6.35243e+06, 1.69894e+06, 0
1.01739e+07, 2.33103e+06, 0
6.74962e+06, 1.27249e+06, 0
8.47359e+06, 4.47931e+06, 0
7.41668e+06, 1.62869e+06, 0
9.4629e+06, 3.72721e+06, 0
6.19139e+06, 643775, 0
8.3094e+06, 1.27722e+06, 0
7.15804e+06, 2.19794e+06, 0
6.70052e+06, 954235, 0
7.65354e+06, 2.90068e+06, 0
6.47091e+06, 2.17577e+06, 0
9.65745e+06, 5.20505e+06, 0
7.57424e+06, 2.50458e+06, 0
7.84375e+06, 3.0178e+06, 0
1.04546e+07, 1.80744e+06, 0
6.94453e+06, 2.16369e+06, 0
6.08449e+06, 1.12332e+06, 0
8.52779e+06, 2.86655e+06, 0
6.4132e+06, 884098, 0
1.2852e+07, 6.72543e+06, 0
8.03551e+06, 4.05349e+06, 0
6.26284e+06, 1.16308e+06, 0
1.22546e+07, 1.82694e+06, 0
1.15149e+07, 1.5717e+06, 0
5.79055e+06, 1.61499e+06, 0
8.07322e+06, 4.29561e+06, 0
5.71839e+06, 1.57184e+06, 0
8.3786e+06, 1.33806e+06, 0
6.00388e+06, 2.24135e+06, 0
9.98527e+06, 3.0921e+06, 0
9.25331e+06, 2.05016e+06, 0
6.88529e+06, 2.59917e+06, 0
5.46232e+06, 681882, 0
6.93021e+06, 1.75354e+06, 0
5.94353e+06, 2.17709e+06, 0
7.25224e+06, 3.68112e+06, 0
1.35156e+07, 8.9198e+06, 0
6.4437e+06, 1.21344e+06, 0
7.17903e+06, 2.97477e+06, 0
7.16004e+06, 980190, 0
9.15637e+06, 3.20715e+06, 0
7.6596e+06, 4.06567e+06, 0
6.72858e+06, 1.90222e+06, 0
9.85045e+06, 4.77409e+06, 0
1.30794e+07, 2.33544e+06, 0
6.3733e+06, 1.27864e+06, 0
1.3112e+07, 5.99026e+06, 0
8.85641e+06, 4.11149e+06, 0
7.61207e+06, 2.97585e+06, 0
7.80596e+06, 2.67836e+06, 0
5.51976e+06, 1.19848e+06, 0
6.70695e+06, 1.05238e+06, 0
6.65467e+06, 2.50799e+06, 0
7.31251e+06, 1.25039e+06, 0
9.00601e+06, 1.73096e+06, 0
1.33561e+07, 1.3086e+06, 0
5.89456e+06, 800097, 0
7.0201e+06, 2.50911e+06, 0
6.48184e+06, 1.24672e+06, 0
9.3737e+06, 3.82895e+06, 0
1.11561e+07, 3.8209e+06, 0
7.97353e+06, 4.29417e+06, 0
1.04296e+07, 5.97782e+06, 0
1.05105e+07, 3.40929e+06, 0
7.37089e+06, 3.81196e+06, 0
6.20346e+06, 1.31308e+06, 0
7.30231e+06, 3.57866e+06, 0
8.43604e+06, 3.80824e+06, 0
8.42946e+06, 2.7861e+06, 0
1.36384e+07, 3.72394e+06, 0
8.36748e+06, 4.51923e+06, 0
8.40332e+06, 2.15812e+06, 0
6.33409e+06, 2.63506e+06, 0
9.28777e+06, 2.31956e+06, 0
6.72475e+06, 1.55534e+06, 0
1.00693e+07, 3.58279e+06, 0
1.21331e+07, 4.46635e+06, 0
9.38586e+06, 141777, 0
6.37102e+06, 1.69743e+06, 0
6.40389e+06, 818617, 0
1.25224e+07, 4.57237e+06, 0
1.1191e+07, 4.61686e+06, 0
5.75424e+06, 1.09239e+06, 0
7.80256e+06, 1.44028e+06, 0
6.35952e+06, 2.52782e+06, 0
9.20086e+06, 2.76374e+06, 0
8.2138e+06, 3.14755e+06, 0
1.03307e+07, 612280, 0
6.93157e+06, 3.17385e+06, 0
7.46131e+06, 1.25867e+06, 0
7.09236e+06, 1.77075e+06, 0
7.51298e+06, 2.76877e+06, 0
1.03325e+07, 2.79396e+06, 0
9.26575e+06, 4.95406e+06, 0
7.79372e+06, 1.4116e+06, 0
5.84566e+06, 673465, 0
7.4079e+06, 2.99218e+06, 0
8.14311e+06, 4.44277e+06, 0
9.35778e+06, 5.59221e+06, 0
9.72626e+06, 4.51256e+06, 0
9.64405e+06, 1.86112e+06, 0
9.97429e+06, 3.79936e+06, 0
7.10256e+06, 571689, 0
6.90786e+06, 2.82257e+06, 0
8.68017e+06, 3.72433e+06, 0
8.19125e+06, 4.01059e+06, 0
1.08898e+07, 5.90286e+06, 0
7.71919e+06, 4.05975e+06, 0
8.45402e+06, 3.6049e+06, 0
6.61752e+06, 1.79197e+06, 0
5.53655e+06, 355763, 0
7.86078e+06, 2.97569e+06, 0
9.82765e+06, 1.34219e+06, 0
8.22719e+06, 3.45403e+06, 0
8.24494e+06, 4.12256e+06, 0
5.80408e+06, 1.84458e+06, 0
6.12284e+06, 457107, 0
5.88259e+06, 595833, 0
7.63251e+06, 2.19029e+06, 0
9.96573e+06, 5.63979e+06, 0
8.67242e+06, 2.98874e+06, 0
6.36286e+06, 1.58976e+06, 0
6.46959e+06, 2.74032e+06, 0
5.47797e+06, 1.18514e+06, 0
6.10897e+06, 1.25598e+06, 0
8.54433e+06, 2.93243e+06, 0
6.42794e+06, 2.17012e+06, 0
6.25677e+06, 2.30793e+06, 0
8.2581e+06, 2.61647e+06, 0
8.87441e+06, 3.83067e+06, 0
6.8038e+06, 3.21949e+06, 0
1.77656e+07, 7.61998e+06, 0
7.39556e+06, 2.30658e+06, 0
8.15723e+06, 3.93856e+06, 0
1.08842e+07, 4.91876e+06, 0
7.53964e+06, 3.48498e+06, 0
6.8516e+06, 2.62558e+06, 0
1.41204e+07, 3.68232e+06, 0
7.4761e+06, 3.50098e+06, 0
1.19672e+07, 5.71382e+06, 0
1.07615e+07, 1.82151e+06, 0
8.3832e+06, 532935, 0
1.21358e+07, 7.00228e+06, 0
6.73093e+06, 3.0789e+06, 0
7.90816e+06, 2.06287e+06, 0
9.45303e+06, 1.39925e+06, 0
1.2801e+07, 653964, 0
1.12245e+07, 4.41378e+06, 0
6.39442e+06, 2.34794e+06, 0
6.98237e+06, 3.04771e+06, 0
9.14347e+06, 2.5366e+06, 0
8.26099e+06, 4.4386e+06, 0
9.49271e+06, 2.02041e+06, 0
1.2408e+07, 3.81422e+06, 0
8.16856e+06, 1.15024e+06, 0
7.08789e+06, 2.59862e+06, 0
6.43912e+06, 1.6478e+06, 0
7.24774e+06, 2.22843e+06, 0
6.65254e+06, 2.18471e+06, 0
8.44678e+06, 1.44315e+06, 0
6.14349e+06, 1.65187e+06, 0
1.0146e+07, 3.22516e+06, 0
8.39975e+06, 4.39678e+06, 0
6.82355e+06, 1.97396e+06, 0
9.24313e+06, 2.57278e+06, 0
7.72961e+06, 3.78631e+06, 0
1.20957e+07, 1.50634e+06, 0
1.08788e+07, 1.56872e+06, 0
1.08948e+07, 2.84352e+06, 0
9.51556e+06, 4.29972e+06, 0
6.46292e+06, 1.26389e+06, 0
9.71954e+06, 3.92683e+06, 0
6.62325e+06, 2.13215e+06, 0
1.16807e+07, 3.30201e+06, 0
7.59325e+06, 605660, 0
9.78523e+06, 2.07732e+06, 0
1.09999e+07, 5.98325e+06, 0
8.80569e+06, 1.74318e+06, 0
8.61995e+06, 4.75516e+06, 0
9.72328e+06, 2.128e+06, 0
8.20725e+06, 3.69599e+06, 0
6.18669e+06, 2.36576e+06, 0
7.62559e+06, 3.79202e+06, 0
7.76906e+06, 1.17683e+06, 0
1.12052e+07, 5.49543e+06, 0
7.54016e+06, 1.06465e+06, 0
9.1842e+06, 1.92584e+06, 0
7.77368e+06, 3.7603e+06, 0
1.07009e+07, 6.15302e+06, 0
6.1703e+06, 572531, 0
7.55091e+06, 3.85582e+06, 0
7.39732e+06, 2.2507e+06, 0
7.58993e+06, 2.78527e+06, 0
1.0787e+07, 2.92875e+06, 0
1.05332e+07, 2.1109e+06, 0
1.12904e+07, 3.52288e+06, 0
5.5903e+06, 1.35745e+06, 0
7.15591e+06, 3.59561e+06, 0
7.95606e+06, 1.61206e+06, 0
9.65182e+06, 1.94431e+06, 0
6.83181e+06, 3.01771e+06, 0
6.18948e+06, 2.00723e+06, 0
7.02809e+06, 1.87972e+06, 0
1.4102e+07, 3.99703e+06, 0
5.96953e+06, 1.33095e+06, 0
7.18474e+06, 2.6486e+06, 0
1.14014e+07, 5.69651e+06, 0
5.93717e+06, 492144, 0
5.40332e+06, 155080, 0
6.17279e+06, 1.39195e+06, 0
9.97433e+06, 3.71211e+06, 0
1.10673e+07, 2.59953e+06, 0
8.03282e+06, 2.94968e+06, 0
8.50534e+06, 1.54874e+06, 0
7.82509e+06, 2.74328e+06, 0
7.55672e+06, 3.64416e+06, 0
5.73661e+06, 1.13394e+06, 0
7.84797e+06, 2.99791e+06, 0
8.55709e+06, 4.04056e+06, 0
9.08079e+06, 1.07794e+06, 0
1.15568e+07, 2.53771e+06, 0
8.51975e+06, 1.99758e+06, 0
9.73162e+06, 2.19247e+06, 0
6.78932e+06, 2.62352e+06, 0
8.57965e+06, 2.09845e+06, 0
8.13471e+06, 3.19482e+06, 0
1.21417e+07, 3.0056e+06, 0
7.09902e+06, 2.2686e+06, 0
7.19043e+06, 3.63615e+06, 0
7.64978e+06, 3.62446e+06, 0
5.52775e+06, 1.18905e+06, 0
1.2558e+07, 3.04491e+06, 0
8.16608e+06, 3.26967e+06, 0
8.84353e+06, 4.76432e+06, 0
1.04606e+07, 3.91677e+06, 0
1.21211e+07, 6.0371e+06, 0
1.10571e+07, 3.83056e+06, 0
9.56801e+06, 5.57483e+06, 0
8.52039e+06, 4.23355e+06, 0
9.68154e+06, 3.4845e+06, 0
7.85186e+06, 2.91745e+06, 0
7.2063e+06, 3.63916e+06, 0
1.14033e+07, 1.0325e+06, 0
1.037e+07, 5.05262e+06, 0
6.76053e+06, 2.86966e+06, 0
1.17865e+07, 5.99895e+06, 0
9.70434e+06, 4.75825e+06, 0
9.67727e+06, 2.56432e+06, 0
1.17937e+07, 2.96206e+06, 0
7.45325e+06, 2.04837e+06, 0
1.02134e+07, 3.88181e+06, 0
1.01478e+07, 2.94709e+06, 0
1.28342e+07, 5.76264e+06, 0
5.91874e+06, 1.78686e+06, 0
7.1553e+06, 2.85514e+06, 0
8.67268e+06, 4.16826e+06, 0
6.15293e+06, 1.27895e+06, 0
6.92357e+06, 945213, 0
7.82683e+06, 826285, 0
8.42934e+06, 3.89475e+06, 0
6.3509e+06, 1.57609e+06, 0
7.64215e+06, 3.51355e+06, 0
1.12758e+07, 5.12833e+06, 0
8.76242e+06, 2.76883e+06, 0
6.20184e+06, 1.35585e+06, 0
9.51401e+06, 1.18946e+06, 0
6.70465e+06, 2.86167e+06, 0
8.76864e+06, 2.70381e+06, 0
7.02712e+06, 2.91118e+06, 0
7.28921e+06, 3.51215e+06, 0
7.8222e+06, 3.31724e+06, 0
5.62819e+06, 1.51326e+06, 0
1.13305e+07, 6.01847e+06, 0
1.1655e+07, 4.71831e+06, 0
5.44936e+06, 1.25627e+06, 0
6.15189e+06, 1.79321e+06, 0
7.56023e+06, 3.66174e+06, 0
6.65327e+06, 1.74939e+06, 0
6.53606e+06, 875784, 0
6.62111e+06, 1.98287e+06, 0
8.9542e+06, 2.05248e+06, 0
1.27405e+07, 5.68196e+06, 0
7.81967e+06, 4.11615e+06, 0
1.30178e+07, 971644, 0
1.27487e+07, 2.49341e+06, 0
7.87844e+06, 4.10028e+06, 0
1.23603e+07, 6.55979e+06, 0
6.64264e+06, 692668, 0
1.48137e+07, 4.25643e+06, 0
6.66052e+06, 2.75931e+06, 0
6.39763e+06, 2.31401e+06, 0
8.21818e+06, 3.38752e+06, 0
7.86074e+06, 580853, 0
6.05169e+06, 2.10422e+06, 0
8.35742e+06, 3.49034e+06, 0
7.42834e+06, 856913, 0
9.71277e+06, 3.38842e+06, 0
8.08284e+06, 1.68221e+06, 0
7.69369e+06, 3.67759e+06, 0
8.03767e+06, 3.82179e+06, 0
6.23535e+06, 2.08351e+06, 0
7.48016e+06, 1.14713e+06, 0
6.95006e+06, 1.91287e+06, 0
1.05812e+07, 3.62877e+06, 0
7.53833e+06, 3.73377e+06, 0
8.29459e+06, 1.27686e+06, 0
1.23299e+07, 1.69284e+06, 0
1.21646e+07, 4.02451e+06, 0
6.99368e+06, 2.11261e+06, 0
1.24991e+07, 5.8089e+06, 0
7.78764e+06, 3.42147e+06, 0
1.06816e+07, 5.9303e+06, 0
5.90568e+06, 1.67981e+06, 0
8.64785e+06, 3.50774e+06, 0
6.07219e+06, 408399, 0
1.21987e+07, 3.20215e+06, 0
1.07128e+07, 5.22437e+06, 0
9.75692e+06, 3.81944e+06, 0
9.16324e+06, 3.58583e+06, 0
7.08721e+06, 1.74222e+06, 0
7.29501e+06, 2.74284e+06, 0
7.3882e+06, 1.74742e+06, 0
1.57067e+07, 2.88943e+06, 0
6.89554e+06, 721867, 0
7.26077e+06, 3.27673e+06, 0
9.21835e+06, 3.12676e+06, 0
9.39161e+06, 5.42986e+06, 0
8.44523e+06, 2.83434e+06, 0
7.77208e+06, 2.14933e+06, 0
1.26441e+07, 5.03197e+06, 0
8.55175e+06, 4.6691e+06, 0
8.88447e+06, 4.14038e+06, 0
5.57204e+06, 1.18507e+06, 0
6.03966e+06, 1.99826e+06, 0
5.73288e+06, 852138, 0
7.14655e+06, 3.55147e+06, 0
8.32597e+06, 1.88944e+06, 0
1.54017e+07, 5.03534e+06, 0
9.68428e+06, 4.37032e+06, 0
1.02362e+07, 1.19926e+06, 0
1.20525e+07, 5.97893e+06, 0
7.06603e+06, 3.44644e+06, 0
6.51157e+06, 2.55398e+06, 0
8.27572e+06, 2.58285e+06, 0
6.13116e+06, 2.29647e+06, 0
7.89578e+06, 3.46063e+06, 0
8.89707e+06, 3.54337e+06, 0
1.13556e+07, 6.88486e+06, 0
1.07606e+07, 2.90479e+06, 0
8.37887e+06, 1.47927e+06, 0
1.3302e+07, 1.01103e+06, 0
7.98553e+06, 3.98171e+06, 0
6.65448e+06, 2.77534e+06, 0
7.79087e+06, 3.70132e+06, 0
6.6496e+06, 2.90013e+06, 0
1.14325e+07, 2.62482e+06, 0
9.49058e+06, 2.76874e+06, 0
6.60069e+06, 2.43129e+06, 0
9.88315e+06, 3.48998e+06, 0
1.06318e+07, 6.35378e+06, 0
9.98823e+06, 2.51069e+06, 0
8.20995e+06, 4.17046e+06, 0
6.1619e+06, 2.02358e+06, 0
7.60129e+06, 2.02186e+06, 0
7.17387e+06, 2.199e+06, 0
1.08362e+07, 3.86409e+06, 0
9.85072e+06, 5.49035e+06, 0
7.29154e+06, 1.52408e+06, 0
7.46481e+06, 2.88511e+06, 0
1.03931e+07, 2.50348e+06, 0
6.6549e+06, 1.41239e+06, 0
7.38503e+06, 3.36923e+06, 0
7.15915e+06, 2.91782e+06, 0
9.06681e+06, 4.58129e+06, 0
9.26204e+06, 5.14187e+06, 0
7.82691e+06, 3.8276e+06, 0
1.04095e+07, 2.58668e+06, 0
7.66274e+06, 3.53678e+06, 0
5.84486e+06, 1.83034e+06, 0
8.94323e+06, 3.52071e+06, 0
6.30118e+06, 303822, 0
8.38052e+06, 3.47725e+06, 0
1.08972e+07, 1.52623e+06, 0
6.01957e+06, 1.18664e+06, 0
5.77833e+06, 41489.6, 0
6.99085e+06, 2.6238e+06, 0
7.65126e+06, 2.85228e+06, 0
6.50081e+06, 1.33036e+06, 0
7.69207e+06, 3.48412e+06, 0
1.56871e+07, 6.50329e+06, 0
1.19226e+07, 3.30477e+06, 0
9.47393e+06, 5.63065e+06, 0
9.64213e+06, 3.6442e+06, 0
8.24764e+06, 3.70943e+06, 0
6.66543e+06, 1.69665e+06, 0
5.95173e+06, 1.70482e+06, 0
7.40692e+06, 3.78199e+06, 0
8.74323e+06, 4.46332e+06, 0
1.094e+07, 4.10015e+06, 0
9.89835e+06, 2.92027e+06, 0
7.22501e+06, 2.91329e+06, 0
7.66399e+06, 3.60598e+06, 0
7.00554e+06, 2.49687e+06, 0
8.16083e+06, 2.56106e+06, 0
9.8228e+06, 4.19114e+06, 0
1.35461e+07, 7.61546e+06, 0
7.22005e+06, 3.21429e+06, 0
7.33073e+06, 1.85639e+06, 0
8.14109e+06, 1.31081e+06, 0
8.74927e+06, 3.96219e+06, 0
7.84086e+06, 3.37025e+06, 0
8.21522e+06, 1.17815e+06, 0
6.11067e+06, 1.88834e+06, 0
1.27279e+07, 6.51937e+06, 0
8.01147e+06, 3.6361e+06, 0
6.74707e+06, 3.12169e+06, 0
6.51848e+06, 2.00437e+06, 0
8.35604e+06, 3.98603e+06, 0
9.64554e+06, 2.62352e+06, 0
9.28749e+06, 4.15944e+06, 0
7.59366e+06, 501590, 0
9.07504e+06, 4.16527e+06, 0
6.9112e+06, 3.3087e+06, 0
7.4321e+06, 3.77267e+06, 0
6.70808e+06, 1.81581e+06, 0
7.31419e+06, 1.46477e+06, 0
6.5453e+06, 2.03314e+06, 0
8.43812e+06, 4.11169e+06, 0
1.07146e+07, 4.57269e+06, 0
1.31243e+07, 3.0729e+06, 0
7.47458e+06, 3.09531e+06, 0
7.89618e+06, 3.0204e+06, 0
5.9476e+06, 1.55408e+06, 0
6.75631e+06, 3.16471e+06, 0
8.5233e+06, 1.41787e+06, 0
7.88105e+06, 2.62609e+06, 0
6.07799e+06, 756539, 0
6.20755e+06, 1.27207e+06, 0
7.81055e+06, 2.65862e+06, 0
8.12085e+06, 3.35734e+06, 0
1.13488e+07, 4.80645e+06, 0
6.30948e+06, 2.14504e+06, 0
6.93238e+06, 2.3659e+06, 0
7.32588e+06, 2.33762e+06, 0
9.63165e+06, 5.5209e+06, 0
1.17001e+07, 6.2917e+06, 0
8.2083e+06, 4.19529e+06, 0
9.20678e+06, 4.41877e+06, 0
1.05275e+07, 6.22113e+06, 0
1.0524e+07, 5.0185e+06, 0
8.96938e+06, 977327, 0
6.36725e+06, 2.52419e+06, 0
6.39866e+06, 2.53351e+06, 0
7.56978e+06, 1.7687e+06, 0
6.19538e+06, 2.27031e+06, 0
9.94434e+06, 4.17533e+06, 0
5.97844e+06, 1.99202e+06, 0
1.25082e+07, 1.5753e+06, 0
7.35887e+06, 1.26231e+06, 0
9.49308e+06, 3.89199e+06, 0
6.47605e+06, 2.69173e+06, 0
7.00312e+06, 2.48573e+06, 0
8.64967e+06, 4.44848e+06, 0
1.17664e+07, 5.35272e+06, 0
7.7983e+06, 1.62215e+06, 0
1.06738e+07, 3.68326e+06, 0
6.34818e+06, 2.5562e+06, 0
6.79807e+06, 1.86142e+06, 0
7.4048e+06, 2.91141e+06, 0
8.33915e+06, 3.43593e+06, 0
1.32796e+07, 5.9398e+06, 0
8.28098e+06, 1.3957e+06, 0
9.88418e+06, 3.06255e+06, 0
9.72173e+06, 1.78034e+06, 0
6.93402e+06, 2.0867e+06, 0
7.0333e+06, 3.27959e+06, 0
1.00779e+07, 3.70282e+06, 0
8.92771e+06, 3.21254e+06, 0
7.33419e+06, 3.07098e+06, 0
5.91421e+06, 1.15636e+06, 0
1.01415e+07, 3.57977e+06, 0
6.95481e+06, 1.25057e+06, 0
1.45669e+07, 6.59261e+06, 0
9.29983e+06, 1.07795e+06, 0
6.15611e+06, 1.76526e+06, 0
1.18423e+07, 5.5237e+06, 0
7.59855e+06, 3.31011e+06, 0
8.08887e+06, 3.39082e+06, 0
5.92287e+06, 1.33899e+06, 0
1.07099e+07, 1.11136e+06, 0
5.51971e+06, 1.38772e+06, 0
6.25017e+06, 1.05837e+06, 0
6.31458e+06, 1.09861e+06, 0
7.72324e+06, 1.95224e+06, 0
9.57248e+06, 3.41172e+06, 0
7.77271e+06, 2.20077e+06, 0
9.20495e+06, 2.73476e+06, 0
8.63453e+06, 663960, 0
8.36333e+06, 216584, 0
7.82069e+06, 3.7572e+06, 0
1.07878e+07, 3.48039e+06, 0
8.34123e+06, 1.81321e+06, 0
6.76459e+06, 1.6685e+06, 0
9.74485e+06, 3.0914e+06, 0
5.99546e+06, 1.09764e+06, 0
9.88377e+06, 4.39273e+06, 0
6.40813e+06, 2.3581e+06, 0
6.95625e+06, 2.48055e+06, 0
7.79747e+06, 2.38524e+06, 0
7.1893e+06, 857997, 0
1.63987e+07, 5.11024e+06, 0
7.09789e+06, 1.88805e+06, 0
9.29084e+06, 3.62719e+06, 0
7.53298e+06, 2.2179e+06, 0
7.70997e+06, 2.2114e+06, 0
1.02859e+07, 4.99233e+06, 0
7.28939e+06, 3.10359e+06, 0
6.08664e+06, 2.31393e+06, 0
1.17983e+07, 3.89972e+06, 0
1.0675e+07, 4.2938e+06, 0
1.10129e+07, 4.69852e+06, 0
9.4014e+06, 3.33917e+06, 0
7.99848e+06, 2.58244e+06, 0
7.09418e+06, 350176, 0
5.96269e+06, 2.20511e+06, 0
8.88005e+06, 2.83273e+06, 0
6.62856e+06, 1.45336e+06, 0
7.09764e+06, 2.92502e+06, 0
1.15792e+07, 3.74877e+06, 0
1.42624e+07, 4.14349e+06, 0
1.14131e+07, 2.96594e+06, 0
6.54634e+06, 1.843e+06, 0
8.40195e+06, 4.51126e+06, 0
1.05084e+07, 4.45544e+06, 0
1.02019e+07, 2.95776e+06, 0
9.36342e+06, 3.547e+06, 0
9.29108e+06, 4.31667e+06, 0
9.82494e+06, 5.73541e+06, 0
1.09853e+07, 4.49965e+06, 0
1.08908e+07, 5.02484e+06, 0
7.01459e+06, 2.22671e+06, 0
9.85744e+06, 4.64739e+06, 0
1.17376e+07, 301920, 0
5.97238e+06, 1.65925e+06, 0
9.15593e+06, 5.43505e+06, 0
1.052e+07, 1.21866e+06, 0
9.28811e+06, 3.17411e+06, 0
8.14745e+06, 3.38011e+06, 0
6.44078e+06, 1.55998e+06, 0
7.96408e+06, 3.02357e+06, 0
1.0159e+07, 1.36103e+06, 0
5.36198e+06, 727189, 0
7.74663e+06, 1.30157e+06, 0
7.90936e+06, 4.29439e+06, 0
7.31056e+06, 2.26752e+06, 0
8.04991e+06, 3.96872e+06, 0
1.29654e+07, 3.62171e+06, 0
7.68084e+06, 2.317e+06, 0
6.33852e+06, 1.93597e+06, 0
8.05846e+06, 4.27329e+06, 0
7.2395e+06, 3.28701e+06, 0
9.57909e+06, 3.21137e+06, 0
5.24824e+06, 805143, 0
6.99125e+06, 3.19876e+06, 0
8.60836e+06, 4.21568e+06, 0
7.49718e+06, 897311, 0
6.94475e+06, 3.3581e+06, 0
6.33565e+06, 977856, 0
7.57017e+06, 2.67834e+06, 0
7.21067e+06, 1.54748e+06, 0
6.86422e+06, 1.49731e+06, 0
8.52439e+06, 1.28696e+06, 0
6.38501e+06, 1.46268e+06, 0
1.04588e+07, 5.56362e+06, 0
1.16742e+07, 1.72553e+06, 0
7.67115e+06, 1.8123e+06, 0
6.66773e+06, 528955, 0
7.71191e+06, 3.31351e+06, 0
1.17755e+07, 5.99995e+06, 0
8.38814e+06, 3.30545e+06, 0
7.8412e+06, 3.05981e+06, 0
7.14713e+06, 537038, 0
7.43894e+06, 2.89645e+06, 0
1.00716e+07, 5.32431e+06, 0
1.28227e+07, 2.23945e+06, 0
1.3688e+07, 2.98888e+06, 0
8.58975e+06, 4.34841e+06, 0
6.63096e+06, 2.73169e+06, 0
1.03478e+07, 3.82626e+06, 0
9.07739e+06, 654453, 0
1.30991e+07, 635678, 0
8.11944e+06, 3.35006e+06, 0
5.81983e+06, 1.29123e+06, 0
5.53871e+06, 931074, 0
7.68241e+06, 3.57345e+06, 0
6.81339e+06, 2.54684e+06, 0
7.3562e+06, 2.22613e+06, 0
1.19421e+07, 5.30572e+06, 0
1.00323e+07, 3.37486e+06, 0
6.24564e+06, 57325.2, 0
7.96251e+06, 2.28831e+06, 0
7.16243e+06, 1.14415e+06, 0
8.74456e+06, 4.39881e+06, 0
6.41627e+06, 2.36386e+06, 0
7.11829e+06, 3.16166e+06, 0
1.15586e+07, 6.6492e+06, 0
1.08345e+07, 4.70778e+06, 0
5.78497e+06, 792748, 0
7.437e+06, 1.47161e+06, 0
8.04473e+06, 3.58972e+06, 0
7.6412e+06, 2.77318e+06, 0
5.9993e+06, 1.27073e+06, 0
6.24836e+06, 2.26338e+06, 0
9.08188e+06, 2.54268e+06, 0
9.50607e+06, 315050, 0
1.30432e+07, 7.50127e+06, 0
9.87025e+06, 2.40401e+06, 0
7.29314e+06, 1.47057e+06, 0
1.27742e+07, 7.36932e+06, 0
5.80129e+06, 1.64598e+06, 0
7.52399e+06, 1.73288e+06, 0
8.79364e+06, 2.23438e+06, 0
6.3148e+06, 2.18576e+06, 0
8.45345e+06, 4.49851e+06, 0
9.4527e+06, 4.90736e+06, 0
9.01531e+06, 4.51001e+06, 0
9.37786e+06, 3.50857e+06, 0
9.34314e+06, 1.52779e+06, 0
8.96258e+06, 4.40739e+06, 0
8.65364e+06, 2.01756e+06, 0
5.42637e+06, 512362, 0
6.79138e+06, 1.97286e+06, 0
7.7811e+06, 1.29072e+06, 0
8.50962e+06, 2.28236e+06, 0
8.06735e+06, 3.11053e+06, 0
6.09202e+06, 1.60762e+06, 0
8.69775e+06, 3.09861e+06, 0
7.5824e+06, 2.384e+06, 0
9.26432e+06, 1.11783e+06, 0
6.51343e+06, 2.05031e+06, 0
9.12065e+06, 4.19701e+06, 0
7.50421e+06, 3.49321e+06, 0
7.47154e+06, 2.75519e+06, 0
7.97397e+06, 4.07806e+06, 0
1.02255e+07, 4.75005e+06, 0
7.11552e+06, 2.91525e+06, 0
8.76632e+06, 3.23184e+06, 0
1.06992e+07, 4.17928e+06, 0
7.35506e+06, 2.73857e+06, 0
1.06822e+07, 3.70517e+06, 0
8.33046e+06, 4.45385e+06, 0
1.10811e+07, 6.5534e+06, 0
9.61089e+06, 3.95294e+06, 0
7.66621e+06, 2.2717e+06, 0
5.90619e+06, 1.86331e+06, 0
6.94484e+06, 2.80273e+06, 0
7.21142e+06, 1.91783e+06, 0
8.0725e+06, 4.09504e+06, 0
5.34877e+06, 490100, 0
9.44756e+06, 5.6718e+06, 0
8.71279e+06, 3.93017e+06, 0
6.56495e+06, 783960, 0
1.27509e+07, 6.36708e+06, 0
1.12196e+07, 3.42711e+06, 0
7.5862e+06, 1.8932e+06, 0
9.01666e+06, 3.45001e+06, 0
7.49136e+06, 1.61579e+06, 0
1.16623e+07, 6.75795e+06, 0
8.27275e+06, 4.05108e+06, 0
1.40835e+07, 3.44284e+06, 0
8.13174e+06, 2.52901e+06, 0
9.7141e+06, 3.63339e+06, 0
1.0317e+07, 5.534e+06, 0
9.59687e+06, 5.02662e+06, 0
5.94894e+06, 1.39881e+06, 0
7.24841e+06, 3.01261e+06, 0
9.35761e+06, 4.15106e+06, 0
7.32867e+06, 1.66839e+06, 0
8.3164e+06, 1.63136e+06, 0
9.89625e+06, 5.70283e+06, 0
9.26925e+06, 717329, 0
8.56079e+06, 4.38834e+06, 0
6.47851e+06, 2.12349e+06, 0
5.48783e+06, 238000, 0
9.84471e+06, 5.77185e+06, 0
1.38164e+07, 3.85227e+06, 0
8.91453e+06, 3.75146e+06, 0
1.08575e+07, 6.2633e+06, 0
9.7213e+06, 4.47397e+06, 0
1.10629e+07, 6.58342e+06, 0
9.87959e+06, 4.32097e+06, 0
6.71084e+06, 1.10553e+06, 0
1.12018e+07, 3.09178e+06, 0
5.46763e+06, 1.07427e+06, 0
6.91874e+06, 3.06623e+06, 0
1.00869e+07, 5.33391e+06, 0
6.19533e+06, 601573, 0
5.91246e+06, 909709, 0
1.11168e+07, 6.47668e+06, 0
1.01085e+07, 3.37711e+06, 0
6.94575e+06, 2.96526e+06, 0
6.56289e+06, 2.54613e+06, 0
7.61594e+06, 3.43435e+06, 0
9.1906e+06, 1.51902e+06, 0
9.11961e+06, 1.52466e+06, 0
6.7591e+06, 1.52831e+06, 0
8.01083e+06, 1.68456e+06, 0
5.71156e+06, 1.81244e+06, 0
1.16055e+07, 4.5396e+06, 0
7.45191e+06, 2.08455e+06, 0
6.65818e+06, 2.79317e+06, 0
8.21144e+06, 4.27767e+06, 0
1.06524e+07, 6.08448e+06, 0
9.59039e+06, 855980, 0
7.06075e+06, 2.55096e+06, 0
9.23158e+06, 3.91322e+06, 0
8.51501e+06, 4.63859e+06, 0
9.42278e+06, 3.52763e+06, 0
6.90242e+06, 1.31285e+06, 0
8.59461e+06, 2.74659e+06, 0
9.90748e+06, 5.18178e+06, 0
8.06934e+06, 2.53893e+06, 0
7.45469e+06, 852158, 0
1.28938e+07, 3.30952e+06, 0
8.74255e+06, 1.43204e+06, 0
9.7461e+06, 1.53221e+06, 0
1.0528e+07, 1.23373e+06, 0
5.87164e+06, 1.78044e+06, 0
7.07682e+06, 2.29739e+06, 0
7.13026e+06, 2.17562e+06, 0
8.60164e+06, 1.07572e+06, 0
8.74506e+06, 1.17287e+06, 0
6.63048e+06, 1.48722e+06, 0
1.02771e+07, 5.62619e+06, 0
8.61946e+06, 2.54151e+06, 0
1.01956e+07, 2.26208e+06, 0
7.87594e+06, 4.18402e+06, 0
8.3401e+06, 4.12087e+06, 0
7.43561e+06, 3.1844e+06, 0
6.84437e+06, 1.62893e+06, 0
1.11296e+07, 2.82578e+06, 0
6.56319e+06, 2.96516e+06, 0
8.73764e+06, 1.61132e+06, 0
8.50394e+06, 1.85734e+06, 0
9.1823e+06, 3.7088e+06, 0
9.08345e+06, 4.48088e+06, 0
5.53556e+06, 893738, 0
5.30543e+06, 482335, 0
7.36153e+06, 1.7363e+06, 0
6.01545e+06, 1.08185e+06, 0
6.56723e+06, 1.62974e+06, 0
9.79665e+06, 5.97634e+06, 0
8.93165e+06, 4.65183e+06, 0
5.80176e+06, 1.07286e+06, 0
7.16703e+06, 976691, 0
1.23746e+07, 488847, 0
1.31032e+07, 6.42757e+06, 0
9.74793e+06, 4.52443e+06, 0
6.14469e+06, 1.17415e+06, 0
9.75452e+06, 2.79659e+06, 0
1.15807e+07, 6.02076e+06, 0
8.37727e+06, 1.94668e+06, 0
6.79021e+06, 2.58823e+06, 0
5.84849e+06, 2.01403e+06, 0
5.66542e+06, 554828, 0
9.37792e+06, 4.27952e+06, 0
6.48729e+06, 2.41914e+06, 0
9.35562e+06, 5.08672e+06, 0
1.15257e+07, 1.33232e+06, 0
7.26839e+06, 2.37085e+06, 0
7.03624e+06, 1.03232e+06, 0
6.94169e+06, 3.2319e+06, 0
7.50218e+06, 3.62592e+06, 0
6.62149e+06, 2.87777e+06, 0
6.82222e+06, 2.47194e+06, 0
1.16069e+07, 5.20064e+06, 0
1.03456e+07, 4.60084e+06, 0
5.98611e+06, 1.82184e+06, 0
9.23766e+06, 5.53258e+06, 0
5.80658e+06, 263506, 0
6.66441e+06, 1.55102e+06, 0
7.32012e+06, 1.47131e+06, 0
9.47976e+06, 4.91038e+06, 0
1.44263e+07, 900615, 0
6.06435e+06, 2.06283e+06, 0
7.17775e+06, 3.19822e+06, 0
6.17948e+06, 1.20651e+06, 0
6.83511e+06, 2.01163e+06, 0
9.83675e+06, 6.04429e+06, 0
8.90349e+06, 599053, 0
9.26728e+06, 5.30894e+06, 0
6.79443e+06, 654304, 0
9.29488e+06, 1.0493e+06, 0
7.69784e+06, 446818, 0
6.3214e+06, 1.13128e+06, 0
7.03246e+06, 3.45725e+06, 0
6.68473e+06, 3.04906e+06, 0
7.28172e+06, 2.6019e+06, 0
6.13801e+06, 2.34747e+06, 0
8.94174e+06, 1.73177e+06, 0
8.96083e+06, 4.95287e+06, 0
7.58818e+06, 3.50204e+06, 0
6.87957e+06, 2.41384e+06, 0
9.56064e+06, 2.46394e+06, 0
8.16669e+06, 2.83048e+06, 0
1.19937e+07, 4.7073e+06, 0
7.3461e+06, 1.79754e+06, 0
8.03182e+06, 3.86544e+06, 0
6.26144e+06, 622763, 0
9.47331e+06, 5.52985e+06, 0
1.07425e+07, 5.89798e+06, 0
1.01812e+07, 5.5015e+06, 0
8.26689e+06, 4.51577e+06, 0
5.99083e+06, 1.52336e+06, 0
8.34353e+06, 1.93576e+06, 0
7.68169e+06, 2.53764e+06, 0
6.29987e+06, 2.39711e+06, 0
7.12666e+06, 3.45816e+06, 0
7.78424e+06, 3.41813e+06, 0
1.07688e+07, 2.39543e+06, 0
1.33919e+07, 8.31663e+06, 0
9.1391e+06, 3.94361e+06, 0
6.81338e+06, 1.5376e+06, 0
5.95048e+06, 2.01195e+06, 0
8.38657e+06, 1.71766e+06, 0
7.64369e+06, 3.1563e+06, 0
6.19832e+06, 2.21114e+06, 0
7.39417e+06, 1.94315e+06, 0
7.59799e+06, 3.98907e+06, 0
1.01061e+07, 5.42952e+06, 0
8.82406e+06, 1.82134e+06, 0
1.06817e+07, 4.68386e+06, 0
8.98124e+06, 5.14198e+06, 0
9.44433e+06, 3.98274e+06, 0
7.67291e+06, 3.96932e+06, 0
5.5852e+06, 991846, 0
9.84365e+06, 3.09049e+06, 0
1.21267e+07, 6.78308e+06, 0
6.26224e+06, 2.35339e+06, 0
9.76694e+06, 2.47832e+06, 0
1.04882e+07, 2.44084e+06, 0
1.31209e+07, 3.69776e+06, 0
9.0665e+06, 3.30439e+06, 0
7.84174e+06, 2.92296e+06, 0
6.98974e+06, 2.41942e+06, 0
7.95744e+06, 2.1572e+06, 0
6.02826e+06, 2.06577e+06, 0
5.28605e+06, 713024, 0
1.04447e+07, 6.55805e+06, 0
5.92629e+06, 1.07887e+06, 0
1.13994e+07, 1.85897e+06, 0
9.58115e+06, 1.18945e+06, 0
7.37822e+06, 3.72077e+06, 0
1.14894e+07, 5.19099e+06, 0
1.02017e+07, 4.99441e+06, 0
6.45583e+06, 1.481e+06, 0
5.92725e+06, 1.03759e+06, 0
1.00665e+07, 5.87783e+06, 0
6.5434e+06, 2.17612e+06, 0
9.3245e+06, 1.64408e+06, 0
1.24953e+07, 7.18889e+06, 0
6.69396e+06, 2.26631e+06, 0
8.61467e+06, 2.10116e+06, 0
5.79215e+06, 674228, 0
7.82933e+06, 2.63993e+06, 0
8.38499e+06, 1.37523e+06, 0
1.0513e+07, 1.51259e+06, 0
1.25804e+07, 4.76383e+06, 0
9.89261e+06, 58600.8, 0
7.76834e+06, 2.51264e+06, 0
5.93556e+06, 1.81309e+06, 0
7.2081e+06, 2.89756e+06, 0
7.9869e+06, 1.76462e+06, 0
6.96081e+06, 2.41414e+06, 0
7.37277e+06, 3.71796e+06, 0
1.0538e+07, 3.66735e+06, 0
1.00297e+07, 6.19005e+06, 0
7.6088e+06, 383636, 0
9.52191e+06, 4.42924e+06, 0
8.54059e+06, 1.55015e+06, 0
1.34071e+07, 5.74081e+06, 0
9.57744e+06, 1.95164e+06, 0
8.53248e+06, 1.99712e+06, 0
7.65131e+06, 2.72617e+06, 0
7.81056e+06, 3.9009e+06, 0
1.21315e+07, 3.0579e+06, 0
9.73858e+06, 5.72086e+06, 0
6.78198e+06, 3.19281e+06, 0
1.26584e+07, 4.29177e+06, 0
7.42556e+06, 2.75039e+06, 0
1.05606e+07, 6.00356e+06, 0
6.24049e+06, 2.17725e+06, 0
5.54244e+06, 1.51379e+06, 0
6.70558e+06, 2.27849e+06, 0
8.57043e+06, 3.43325e+06, 0
7.84577e+06, 2.51584e+06, 0
9.01993e+06, 4.33633e+06, 0
7.69444e+06, 2.4e+06, 0
5.91204e+06, 1.04007e+06, 0
7.9187e+06, 2.80531e+06, 0
7.47346e+06, 390753, 0
8.22982e+06, 419715, 0
7.30281e+06, 515063, 0
1.12125e+07, 6.91221e+06, 0
8.40716e+06, 3.76872e+06, 0
8.2324e+06, 996460, 0
1.08797e+07, 5.68681e+06, 0
9.04996e+06, 144346, 0
6.14878e+06, 161891, 0
1.22097e+07, 4.01895e+06, 0
8.27606e+06, 4.51417e+06, 0
7.50668e+06, 1.27244e+06, 0
1.08725e+07, 5.63754e+06, 0
6.2513e+06, 1.46713e+06, 0
1.1853e+07, 6.11354e+06, 0
7.77574e+06, 1.77022e+06, 0
8.22019e+06, 3.60788e+06, 0
6.83806e+06, 1.88771e+06, 0
6.79605e+06, 1.39848e+06, 0
7.43663e+06, 1.11243e+06, 0
8.76619e+06, 3.43811e+06, 0
6.79308e+06, 1.42256e+06, 0
7.05141e+06, 991176, 0
6.52015e+06, 1.62355e+06, 0
6.75209e+06, 2.12679e+06, 0
7.50081e+06, 2.72376e+06, 0
1.13891e+07, 2.58406e+06, 0
6.39951e+06, 2.64049e+06, 0
9.44577e+06, 4.23607e+06, 0
6.39259e+06, 2.39713e+06, 0
8.91559e+06, 3.88275e+06, 0
9.00873e+06, 3.56429e+06, 0
1.46747e+07, 5.12266e+06, 0
7.79922e+06, 1.48434e+06, 0
7.12881e+06, 3.4266e+06, 0
8.22318e+06, 3.08793e+06, 0
9.5922e+06, 3.47585e+06, 0
8.14606e+06, 4.04671e+06, 0
8.82574e+06, 2.14893e+06, 0
7.20644e+06, 2.18615e+06, 0
6.20723e+06, 179320, 0
7.43522e+06, 3.72736e+06, 0
9.88877e+06, 2.23676e+06, 0
6.59177e+06, 1.65035e+06, 0
5.3879e+06, 715800, 0
9.9554e+06, 6.05405e+06, 0
5.91195e+06, 616641, 0
1.46998e+07, 4.8962e+06, 0
8.4238e+06, 1.8091e+06, 0
7.5811e+06, 2.66121e+06, 0
7.34136e+06, 2.50751e+06, 0
1.11573e+07, 3.28498e+06, 0
1.03124e+07, 1.30286e+06, 0
9.41718e+06, 2.28274e+06, 0
9.55551e+06, 5.15166e+06, 0
8.52566e+06, 1.27427e+06, 0
6.01021e+06, 1.36688e+06, 0
9.59767e+06, 4.32905e+06, 0
7.7355e+06, 2.03406e+06, 0
8.16448e+06, 4.57749e+06, 0
6.06083e+06, 1.19751e+06, 0
9.74322e+06, 3.30872e+06, 0
6.82187e+06, 3.04642e+06, 0
7.70102e+06, 3.79183e+06, 0
6.9943e+06, 2.40074e+06, 0
5.92272e+06, 1.06024e+06, 0
7.65952e+06, 1.7458e+06, 0
9.35216e+06, 3.99518e+06, 0
6.78244e+06, 3.15985e+06, 0
1.19889e+07, 482031, 0
7.88834e+06, 383529, 0
7.56676e+06, 1.52363e+06, 0
8.69857e+06, 4.38118e+06, 0
6.5011e+06, 901761, 0
7.1829e+06, 3.01107e+06, 0
1.32708e+07, 4.14233e+06, 0
6.50916e+06, 1.43476e+06, 0
5.33292e+06, 1.0361e+06, 0
9.7073e+06, 3.90268e+06, 0
8.76299e+06, 2.04158e+06, 0
8.77468e+06, 2.74181e+06, 0
8.75526e+06, 4.09924e+06, 0
7.97816e+06, 2.29041e+06, 0
1.03507e+07, 4.85714e+06, 0
6.24597e+06, 2.47279e+06, 0
8.18689e+06, 3.64108e+06, 0
6.99924e+06, 3.01181e+06, 0
7.18551e+06, 3.3706e+06, 0
6.4185e+06, 1.64694e+06, 0
7.25055e+06, 2.46147e+06, 0
7.73217e+06, 3.44335e+06, 0
8.77437e+06, 1.85264e+06, 0
6.10584e+06, 1.43972e+06, 0
6.94321e+06, 1.24475e+06, 0
5.51819e+06, 636535, 0
7.52604e+06, 2.42651e+06, 0
1.14164e+07, 2.29665e+06, 0
8.62071e+06, 1.41722e+06, 0
5.54952e+06, 1.01861e+06, 0
6.60339e+06, 1.78845e+06, 0
6.44125e+06, 2.67425e+06, 0
9.59694e+06, 4.63121e+06, 0
9.78694e+06, 3.92342e+06, 0
9.33895e+06, 2.45214e+06, 0
1.21234e+07, 5.28578e+06, 0
9.05667e+06, 4.07012e+06, 0
9.97737e+06, 5.32712e+06, 0
7.5075e+06, 1.91524e+06, 0
8.03322e+06, 3.35314e+06, 0
1.05199e+07, 2.14007e+06, 0
9.5736e+06, 2.63655e+06, 0
6.10386e+06, 1.5041e+06, 0
8.69103e+06, 2.75655e+06, 0
6.27129e+06, 992171, 0
6.02347e+06, 1.72439e+06, 0
9.63355e+06, 4.63387e+06, 0
8.49627e+06, 4.04344e+06, 0
8.22295e+06, 2.51222e+06, 0
6.12659e+06, 2.37207e+06, 0
5.49155e+06, 1.09385e+06, 0
8.72224e+06, 2.90315e+06, 0
7.42585e+06, 3.15253e+06, 0
9.9995e+06, 4.257e+06, 0
7.43451e+06, 3.7311e+06, 0
7.85181e+06, 3.37823e+06, 0
1.00593e+07, 2.1861e+06, 0
7.92973e+06, 2.18094e+06, 0
6.97633e+06, 842762, 0
8.40612e+06, 2.69593e+06, 0
8.08772e+06, 3.19504e+06, 0
6.79024e+06, 2.71844e+06, 0
6.65918e+06, 2.83293e+06, 0
6.80547e+06, 1.0594e+06, 0
5.9153e+06, 1.97183e+06, 0
1.15301e+07, 3.64938e+06, 0
8.64976e+06, 2.95071e+06, 0
9.46452e+06, 3.65451e+06, 0
6.98023e+06, 2.54592e+06, 0
8.65194e+06, 2.61466e+06, 0
6.79499e+06, 2.6052e+06, 0
6.33951e+06, 361135, 0
8.55042e+06, 3.23824e+06, 0
9.76443e+06, 3.67469e+06, 0
5.48138e+06, 1.30615e+06, 0
9.51498e+06, 1.99317e+06, 0
7.83844e+06, 3.0597e+06, 0
8.73369e+06, 2.06204e+06, 0
1.19923e+07, 5.33634e+06, 0
1.28038e+07, 8.19988e+06, 0
8.80142e+06, 5.01904e+06, 0
1.06448e+07, 4.14175e+06, 0
1.06393e+07, 5.13571e+06, 0
8.58155e+06, 2.80857e+06, 0
1.07359e+07, 2.99337e+06, 0
7.9489e+06, 1.85276e+06, 0
9.45564e+06, 2.77096e+06, 0
1.08003e+07, 6.44091e+06, 0
1.2708e+07, 4.76732e+06, 0
8.38985e+06, 3.62278e+06, 0
7.75887e+06, 2.66724e+06, 0
1.20672e+07, 5.31941e+06, 0
6.03551e+06, 1.84023e+06, 0
5.64142e+06, 1.73325e+06, 0
6.94068e+06, 2.00541e+06, 0
6.78931e+06, 2.20681e+06, 0
8.75178e+06, 4.19478e+06, 0
9.23655e+06, 3.15797e+06, 0
6.31052e+06, 1.95111e+06, 0
6.94746e+06, 3.24205e+06, 0
5.41353e+06, 863177, 0
9.67864e+06, 5.09721e+06, 0
6.03728e+06, 1.4797e+06, 0
8.84727e+06, 2.72563e+06, 0
7.77933e+06, 1.85082e+06, 0
7.13163e+06, 2.19174e+06, 0
8.91707e+06, 3.63493e+06, 0
5.56878e+06, 1.42028e+06, 0
7.29917e+06, 777583, 0
6.17703e+06, 1.63967e+06, 0
1.17594e+07, 3.07041e+06, 0
7.10462e+06, 3.02359e+06, 0
6.79181e+06, 2.55898e+06, 0
9.62844e+06, 1.05934e+06, 0
1.0798e+07, 1.64513e+06, 0
1.31775e+07, 3.26955e+06, 0
1.06817e+07, 5.84766e+06, 0
9.57661e+06, 4.76647e+06, 0
1.23417e+07, 5.57809e+06, 0
5.98932e+06, 869745, 0
8.12462e+06, 4.04889e+06, 0
1.00485e+07, 4.76464e+06, 0
9.85221e+06, 2.27159e+06, 0
6.46847e+06, 2.5543e+06, 0
8.91056e+06, 3.97644e+06, 0
5.96769e+06, 2.04407e+06, 0
9.93908e+06, 2.25316e+06, 0
6.74949e+06, 2.95602e+06, 0
6.39977e+06, 851246, 0
6.90166e+06, 2.94758e+06, 0
8.83935e+06, 1.62842e+06, 0
9.90327e+06, 5.26472e+06, 0
8.47443e+06, 799517, 0
1.25274e+07, 1.24616e+06, 0
6.81442e+06, 3.16222e+06, 0
6.57082e+06, 2.37197e+06, 0
7.59851e+06, 2.99982e+06, 0
1.1673e+07, 3.64857e+06, 0
7.15792e+06, 1.56428e+06, 0
8.52715e+06, 2.45963e+06, 0
1.1504e+07, 2.77406e+06, 0
1.05554e+07, 4.09513e+06, 0
1.38963e+07, 774780, 0
6.58452e+06, 1.28756e+06, 0
9.80938e+06, 2.1449e+06, 0
5.56874e+06, 1.36736e+06, 0
9.78783e+06, 3.36228e+06, 0
9.03617e+06, 4.56438e+06, 0
6.54862e+06, 2.07721e+06, 0
9.96705e+06, 1.28771e+06, 0
1.014e+07, 614784, 0
7.77266e+06, 1.39887e+06, 0
8.68098e+06, 3.43422e+06, 0
7.80785e+06, 2.11215e+06, 0
6.49133e+06, 1.77044e+06, 0
7.9136e+06, 3.05602e+06, 0
7.96636e+06, 4.37148e+06, 0
6.38218e+06, 672617, 0
7.24468e+06, 2.1031e+06, 0
9.11958e+06, 3.83053e+06, 0
7.7411e+06, 2.12792e+06, 0
8.77917e+06, 3.69458e+06, 0
1.05665e+07, 3.25143e+06, 0
6.65181e+06, 2.6762e+06, 0
7.98359e+06, 4.24222e+06, 0
1.02175e+07, 1.75552e+06, 0
6.17519e+06, 1.36881e+06, 0
5.92503e+06, 1.86902e+06, 0
9.51637e+06, 3.73175e+06, 0
9.14815e+06, 2.12355e+06, 0
5.75602e+06, 1.79958e+06, 0
7.20558e+06, 2.79411e+06, 0
6.20139e+06, 2.04569e+06, 0
1.05319e+07, 3.03438e+06, 0
1.09627e+07, 6.13295e+06, 0
9.76246e+06, 758113, 0
8.21259e+06, 2.20345e+06, 0
8.55639e+06, 4.8457e+06, 0
1.43597e+07, 2.87191e+06, 0
7.39589e+06, 1.53073e+06, 0
6.76857e+06, 1.66255e+06, 0
1.00745e+07, 1.04315e+06, 0
9.49649e+06, 2.04333e+06, 0
7.96642e+06, 2.90909e+06, 0
6.65499e+06, 1.23111e+06, 0
1.11998e+07, 2.06226e+06, 0
8.60073e+06, 4.87992e+06, 0
8.0037e+06, 798906, 0
6.41623e+06, 662004, 0
9.53422e+06, 2.75952e+06, 0
7.30506e+06, 974717, 0
8.08549e+06, 1.58653e+06, 0
8.39149e+06, 3.72028e+06, 0
7.44554e+06, 3.50754e+06, 0
1.48842e+07, 7.83866e+06, 0
1.0473e+07, 3.78931e+06, 0
8.32924e+06, 4.0401e+06, 0
1.00552e+07, 3.2307e+06, 0
1.11181e+07, 5.51316e+06, 0
5.44164e+06, 705603, 0
8.16037e+06, 4.43554e+06, 0
7.52282e+06, 3.9723e+06, 0
5.70252e+06, 1.71489e+06, 0
1.07115e+07, 4.66036e+06, 0
5.71334e+06, 955625, 0
9.68952e+06, 1.09429e+06, 0
9.83864e+06, 3.60836e+06, 0
5.8391e+06, 1.89095e+06, 0
7.12394e+06, 3.13776e+06, 0
8.05137e+06, 1.36347e+06, 0
7.99125e+06, 4.23969e+06, 0
7.12425e+06, 1.14542e+06, 0
9.32073e+06, 3.02232e+06, 0
1.2203e+07, 2.67657e+06, 0
9.10252e+06, 2.02235e+06, 0
1.00517e+07, 5.47005e+06, 0
5.31486e+06, 428459, 0
1.028e+07, 5.26932e+06, 0
7.93723e+06, 4.11431e+06, 0
5.94816e+06, 1.19752e+06, 0
7.82568e+06, 2.06261e+06, 0
7.47128e+06, 2.43128e+06, 0
6.86738e+06, 1.95272e+06, 0
9.99114e+06, 4.54161e+06, 0
7.27681e+06, 3.45517e+06, 0
1.05784e+07, 822825, 0
7.16607e+06, 1.50853e+06, 0
8.82688e+06, 3.04429e+06, 0
8.90405e+06, 4.32322e+06, 0
8.41966e+06, 3.09944e+06, 0
1.15892e+07, 4.74315e+06, 0
8.28223e+06, 2.39996e+06, 0
1.65011e+07, 3.49823e+06, 0
7.59652e+06, 3.2367e+06, 0
6.58891e+06, 2.59876e+06, 0
1.08391e+07, 3.32764e+06, 0
6.34288e+06, 1.98681e+06, 0
1.12753e+07, 1.68783e+06, 0
6.81349e+06, 2.7666e+06, 0
6.90027e+06, 2.40569e+06, 0
7.61393e+06, 2.681e+06, 0
9.06954e+06, 2.63806e+06, 0
6.59481e+06, 1.31088e+06, 0
6.62152e+06, 2.49794e+06, 0
1.34467e+07, 8.17621e+06, 0
1.14612e+07, 5.77602e+06, 0
8.1992e+06, 1.86635e+06, 0
5.92775e+06, 1.43377e+06, 0
6.50832e+06, 1.75876e+06, 0
1.04144e+07, 5.02035e+06, 0
1.16643e+07, 5.58944e+06, 0
7.32182e+06, 2.96848e+06, 0
9.26057e+06, 5.18941e+06, 0
1.0653e+07, 980692, 0
7.35386e+06, 2.19894e+06, 0
6.92351e+06, 2.75912e+06, 0
9.17628e+06, 5.13716e+06, 0
7.94451e+06, 3.09665e+06, 0
1.38727e+07, 9.11249e+06, 0
1.04423e+07, 2.00258e+06, 0
9.8933e+06, 4.44914e+06, 0
