5.63038e+06, 1.32624e+06, 0
5.98021e+06, 1.30929e+06, 0
5.64269e+06, 1.10196e+06, 0
7.09463e+06, 2.93191e+06, 0
6.94928e+06, 952981, 0
6.61887e+06, 1.99528e+06, 0
6.7915e+06, 2.26314e+06, 0
7.00661e+06, 2.47183e+06, 0
9.61353e+06, 1.71826e+06, 0
9.19516e+06, 3.86357e+06, 0
8.00877e+06, 1.94535e+06, 0
1.2292e+07, 3.65293e+06, 0
7.60306e+06, 3.62648e+06, 0
1.36006e+07, 4.81667e+06, 0
6.87698e+06, 2.21404e+06, 0
8.75101e+06, 4.9991e+06, 0
6.58169e+06, 1.93428e+06, 0
9.08812e+06, 4.07387e+06, 0
8.88998e+06, 4.16167e+06, 0
6.35768e+06, 742800, 0
6.43789e+06, 1.98814e+06, 0
1.02619e+07, 1.17651e+06, 0
8.71629e+06, 1.31038e+06, 0
1.03937e+07, 916412, 0
6.22751e+06, 1.0594e+06, 0
6.48731e+06, 1.45004e+06, 0
6.66444e+06, 1.21588e+06, 0
9.64955e+06, 1.85791e+06, 0
1.02884e+07, 5.6706e+06, 0
7.96114e+06, 539243, 0
1.00128e+07, 2.49408e+06, 0
1.09174e+07, 5.05345e+06, 0
1.25417e+07, 3.17646e+06, 0
6.53497e+06, 1.56589e+06, 0
7.24118e+06, 3.08128e+06, 0
8.39523e+06, 4.45498e+06, 0
6.91777e+06, 1.20423e+06, 0
5.92941e+06, 298079, 0
6.25621e+06, 313624, 0
6.9627e+06, 3.29596e+06, 0
8.24632e+06, 3.82234e+06, 0
1.03045e+07, 5.4223e+06, 0
9.35353e+06, 3.10245e+06, 0
6.70036e+06, 839368, 0
1.02842e+07, 2.39755e+06, 0
1.15155e+07, 1.86242e+06, 0
6.38476e+06, 863424, 0
7.50242e+06, 2.4761e+06, 0
6.56518e+06, 2.73063e+06, 0
6.80308e+06, 1.70943e+06, 0
7.40352e+06, 3.59572e+06, 0
7.93316e+06, 3.84571e+06, 0
8.79713e+06, 1.47969e+06, 0
9.60438e+06, 3.26668e+06, 0
8.35806e+06, 3.51765e+06, 0
5.68129e+06, 760787, 0
7.95584e+06, 4.06224e+06, 0
8.97713e+06, 3.00233e+06, 0
1.1088e+07, 2.16727e+06, 0
5.89714e+06, 1.5717e+06, 0
6.48566e+06, 1.64714e+06, 0
1.15401e+07, 4.4971e+06, 0
8.40859e+06, 261913, 0
8.52615e+06, 4.36312e+06, 0
6.39794e+06, 1.6296e+06, 0
1.22024e+07, 4.53405e+06, 0
8.21619e+06, 1.81072e+06, 0
1.06956e+07, 6.62637e+06, 0
7.04636e+06, 1.07608e+06, 0
1.19335e+07, 2.53506e+06, 0
5.98376e+06, 1.78792e+06, 0
7.07466e+06, 2.09687e+06, 0
6.30445e+06, 2.38853e+06, 0
7.56305e+06, 3.44128e+06, 0
1.20516e+07, 2.64075e+06, 0
8.95121e+06, 1.78798e+06, 0
1.07345e+07, 5.71265e+06, 0
5.56058e+06, 1.22152e+06, 0
7.09724e+06, 2.40611e+06, 0
7.83361e+06, 3.56187e+06, 0
1.06042e+07, 2.68006e+06, 0
8.48322e+06, 2.83605e+06, 0
6.69677e+06, 732447, 0
6.21286e+06, 1.38906e+06, 0
8.36296e+06, 4.60441e+06, 0
1.17682e+07, 5.49882e+06, 0
9.40728e+06, 1.05664e+06, 0
1.04442e+07, 6.47414e+06, 0
8.42929e+06, 2.45947e+06, 0
6.24502e+06, 1.52057e+06, 0
6.21293e+06, 2.38344e+06, 0
7.86459e+06, 3.42912e+06, 0
6.35312e+06, 2.55965e+06, 0
9.70339e+06, 2.86998e+06, 0
5.88139e+06, 216562, 0
1.43792e+07, 5.66889e+06, 0
9.05769e+06, 3.26262e+06, 0
7.1163e+06, 1.93328e+06, 0
7.3868e+06, 3.49525e+06, 0
8.0596e+06, 2.42064e+06, 0
7.75969e+06, 750649, 0
7.32582e+06, 2.87862e+06, 0
9.6468e+06, 3.42767e+06, 0
8.21993e+06, 3.9386e+06, 0
6.94803e+06, 2.84203e+06, 0
1.03538e+07, 4.59232e+06, 0
6.29603e+06, 2.12568e+06, 0
9.52196e+06, 2.90635e+06, 0
7.00081e+06, 2.67877e+06, 0
9.2588e+06, 4.88176e+06, 0
1.24336e+07, 2.94055e+06, 0
8.89171e+06, 4.67666e+06, 0
6.72593e+06, 2.01303e+06, 0
8.31506e+06, 3.83084e+06, 0
8.84772e+06, 2.82889e+06, 0
9.49515e+06, 5.08812e+06, 0
6.36769e+06, 1.45365e+06, 0
5.51166e+06, 687647, 0
7.78484e+06, 1.96686e+06, 0
1.10215e+07, 6.87711e+06, 0
7.61446e+06, 1.82468e+06, 0
1.36982e+07, 2.82015e+06, 0
8.34617e+06, 1.64583e+06, 0
8.98728e+06, 4.72491e+06, 0
5.78945e+06, 1.39622e+06, 0
6.54057e+06, 2.6163e+06, 0
7.87589e+06, 4.23026e+06, 0
6.21301e+06, 2.30266e+06, 0
7.06697e+06, 1.40631e+06, 0
8.05605e+06, 3.00475e+06, 0
7.40664e+06, 658683, 0
5.82884e+06, 1.14308e+06, 0
1.19461e+07, 2.07398e+06, 0
1.18896e+07, 4.36834e+06, 0
7.78224e+06, 3.02418e+06, 0
8.69334e+06, 3.50252e+06, 0
8.70181e+06, 4.47804e+06, 0
6.93459e+06, 2.27896e+06, 0
8.59087e+06, 3.36542e+06, 0
1.02262e+07, 2.27336e+06, 0
6.58629e+06, 2.20496e+06, 0
1.13176e+07, 3.96394e+06, 0
1.38205e+07, 3.32533e+06, 0
1.29855e+07, 1.28652e+06, 0
6.08953e+06, 2.05857e+06, 0
1.0524e+07, 5.95968e+06, 0
8.01146e+06, 3.87984e+06, 0
7.12295e+06, 3.30692e+06, 0
1.02216e+07, 5.61658e+06, 0
1.09435e+07, 4.70913e+06, 0
8.05244e+06, 3.93753e+06, 0
7.09602e+06, 748009, 0
5.88084e+06, 587389, 0
1.22281e+07, 3.43974e+06, 0
1.26793e+07, 5.32685e+06, 0
7.74847e+06, 1.66554e+06, 0
7.4894e+06, 2.64815e+06, 0
9.66652e+06, 3.76773e+06, 0
9.06135e+06, 5.03691e+06, 0
1.15703e+07, 1.83234e+06, 0
5.93503e+06, 1.46746e+06, 0
8.49632e+06, 4.63682e+06, 0
6.44075e+06, 2.67788e+06, 0
6.75083e+06, 905029, 0
8.22204e+06, 3.62057e+06, 0
6.08855e+06, 879774, 0
7.30963e+06, 2.79144e+06, 0
7.03665e+06, 2.4561e+06, 0
7.22967e+06, 2.45625e+06, 0
9.31538e+06, 2.58841e+06, 0
7.1116e+06, 2.24868e+06, 0
1.09272e+07, 3.01155e+06, 0
5.46381e+06, 1.05552e+06, 0
6.90211e+06, 2.89219e+06, 0
8.1089e+06, 2.93717e+06, 0
6.8273e+06, 2.67255e+06, 0
9.86572e+06, 4.93025e+06, 0
5.9518e+06, 1.08017e+06, 0
9.82161e+06, 1.27789e+06, 0
8.1182e+06, 3.93772e+06, 0
1.42908e+07, 3.57942e+06, 0
7.42765e+06, 3.63531e+06, 0
6.6978e+06, 1.30207e+06, 0
1.06045e+07, 3.8927e+06, 0
7.4986e+06, 3.10991e+06, 0
9.39953e+06, 3.93416e+06, 0
9.02054e+06, 5.21481e+06, 0
6.85124e+06, 2.79491e+06, 0
6.08385e+06, 1.38663e+06, 0
1.09983e+07, 2.22914e+06, 0
5.90553e+06, 1.06339e+06, 0
1.05283e+07, 6.53689e+06, 0
1.01564e+07, 5.05666e+06, 0
9.94854e+06, 4.69166e+06, 0
7.94132e+06, 3.63952e+06, 0
1.35594e+07, 3.33885e+06, 0
8.77059e+06, 3.72994e+06, 0
6.05023e+06, 2.03004e+06, 0
8.51734e+06, 1.63829e+06, 0
7.64952e+06, 777949, 0
7.52793e+06, 1.83125e+06, 0
8.73919e+06, 2.31296e+06, 0
6.1008e+06, 1.31911e+06, 0
9.13874e+06, 2.38098e+06, 0
8.66875e+06, 3.19963e+06, 0
1.27621e+07, 7.099e+06, 0
1.0145e+07, 4.15354e+06, 0
7.45109e+06, 3.19135e+06, 0
1.01374e+07, 2.91426e+06, 0
8.29756e+06, 4.23875e+06, 0
8.46878e+06, 1.54637e+06, 0
1.05232e+07, 4.05192e+06, 0
8.27866e+06, 3.74332e+06, 0
1.2643e+07, 1.79452e+06, 0
7.87795e+06, 3.05677e+06, 0
1.05228e+07, 3.99808e+06, 0
7.25801e+06, 863216, 0
8.89133e+06, 2.07745e+06, 0
7.53054e+06, 1.85893e+06, 0
8.20621e+06, 3.78619e+06, 0
7.12091e+06, 2.526e+06, 0
7.23728e+06, 1.37134e+06, 0
8.78339e+06, 2.72017e+06, 0
7.05843e+06, 2.24539e+06, 0
7.10214e+06, 2.01731e+06, 0
1.10306e+07, 3.27726e+06, 0
6.4976e+06, 2.47345e+06, 0
8.17057e+06, 3.11575e+06, 0
6.70468e+06, 2.64828e+06, 0
5.5337e+06, 1.13228e+06, 0
1.05605e+07, 5.7029e+06, 0
6.94831e+06, 2.04819e+06, 0
9.33359e+06, 1.28349e+06, 0
8.54919e+06, 1.42047e+06, 0
9.7877e+06, 2.66259e+06, 0
6.84271e+06, 2.64654e+06, 0
7.18348e+06, 2.13517e+06, 0
6.14381e+06, 2.2094e+06, 0
6.84456e+06, 1.9417e+06, 0
9.93337e+06, 3.11781e+06, 0
1.10958e+07, 6.84283e+06, 0
5.95941e+06, 1.18055e+06, 0
7.02814e+06, 1.99756e+06, 0
8.91146e+06, 5.06179e+06, 0
7.14312e+06, 2.72671e+06, 0
8.68998e+06, 4.47844e+06, 0
9.24476e+06, 4.57529e+06, 0
6.26715e+06, 1.19459e+06, 0
5.90556e+06, 998008, 0
1.02129e+07, 5.67434e+06, 0
6.18106e+06, 1.93761e+06, 0
1.12091e+07, 6.31488e+06, 0
1.05538e+07, 5.19179e+06, 0
7.43316e+06, 3.47291e+06, 0
7.85889e+06, 4.19106e+06, 0
6.09541e+06, 1.97751e+06, 0
6.36688e+06, 856386, 0
8.18886e+06, 4.08327e+06, 0
6.71817e+06, 2.70021e+06, 0
8.40216e+06, 2.5871e+06, 0
8.44769e+06, 2.81806e+06, 0
7.75334e+06, 3.38317e+06, 0
6.71712e+06, 928561, 0
7.89332e+06, 2.73431e+06, 0
6.12365e+06, 1.67093e+06, 0
6.77749e+06, 2.73667e+06, 0
1.07839e+07, 2.3198e+06, 0
8.14337e+06, 313004, 0
7.60387e+06, 2.30342e+06, 0
6.52745e+06, 1.35848e+06, 0
7.3343e+06, 2.61641e+06, 0
9.45168e+06, 2.79631e+06, 0
6.80774e+06, 1.92541e+06, 0
6.778e+06, 465171, 0
6.91181e+06, 2.74256e+06, 0
6.55705e+06, 2.07948e+06, 0
7.17048e+06, 2.97449e+06, 0
8.13494e+06, 1.20488e+06, 0
7.76251e+06, 3.769e+06, 0
8.28492e+06, 3.25948e+06, 0
8.17508e+06, 4.1654e+06, 0
9.98673e+06, 3.17965e+06, 0
7.75352e+06, 3.95384e+06, 0
9.11138e+06, 1.92269e+06, 0
6.76951e+06, 2.44691e+06, 0
7.18814e+06, 951135, 0
6.54528e+06, 2.51335e+06, 0
1.08616e+07, 1.73941e+06, 0
9.08683e+06, 2.9763e+06, 0
8.353e+06, 3.84561e+06, 0
7.276e+06, 2.14905e+06, 0
8.86413e+06, 2.76623e+06, 0
8.83612e+06, 4.23203e+06, 0
9.48408e+06, 4.47582e+06, 0
9.52375e+06, 687197, 0
7.9035e+06, 2.02135e+06, 0
6.69261e+06, 1.52521e+06, 0
9.09157e+06, 3.98123e+06, 0
5.57229e+06, 798804, 0
6.49553e+06, 2.69593e+06, 0
6.77069e+06, 2.25783e+06, 0
8.34955e+06, 2.42566e+06, 0
9.82359e+06, 2.80818e+06, 0
1.32632e+07, 392354, 0
7.24062e+06, 3.19358e+06, 0
8.62275e+06, 3.97759e+06, 0
1.00273e+07, 967739, 0
8.38575e+06, 3.7386e+06, 0
9.91885e+06, 5.91406e+06, 0
1.1408e+07, 2.74614e+06, 0
8.44547e+06, 3.65083e+06, 0
9.51185e+06, 3.47762e+06, 0
6.22673e+06, 1.00653e+06, 0
7.41117e+06, 1.12967e+06, 0
9.67514e+06, 4.73065e+06, 0
9.80863e+06, 1.98723e+06, 0
6.84873e+06, 1.32314e+06, 0
9.89536e+06, 3.27081e+06, 0
7.90428e+06, 853186, 0
1.01805e+07, 5.76799e+06, 0
7.07215e+06, 3.25784e+06, 0
6.21397e+06, 2.00633e+06, 0
1.34471e+07, 2.31181e+06, 0
6.51286e+06, 2.6239e+06, 0
1.51089e+07, 6.18597e+06, 0
6.8694e+06, 902424, 0
9.71073e+06, 4.05615e+06, 0
7.98189e+06, 4.01693e+06, 0
6.75656e+06, 2.93088e+06, 0
6.49285e+06, 2.46629e+06, 0
1.00056e+07, 5.00883e+06, 0
8.82208e+06, 2.53835e+06, 0
8.35929e+06, 2.36981e+06, 0
1.18403e+07, 1.42703e+06, 0
8.56597e+06, 4.69733e+06, 0
7.89483e+06, 188971, 0
1.18559e+07, 3.44343e+06, 0
8.78953e+06, 3.56824e+06, 0
1.0556e+07, 1.9022e+06, 0
1.02587e+07, 4.54739e+06, 0
9.57453e+06, 4.0791e+06, 0
8.81514e+06, 1.95591e+06, 0
7.01527e+06, 2.82502e+06, 0
6.45621e+06, 1.86754e+06, 0
7.61785e+06, 2.86663e+06, 0
6.75416e+06, 2.72089e+06, 0
6.94459e+06, 2.8593e+06, 0
8.43157e+06, 3.27865e+06, 0
7.80718e+06, 1.71854e+06, 0
6.3491e+06, 1.64755e+06, 0
7.23459e+06, 3.06787e+06, 0
7.32903e+06, 1.0637e+06, 0
9.67492e+06, 3.30079e+06, 0
7.3003e+06, 1.4273e+06, 0
8.54904e+06, 4.00865e+06, 0
1.44918e+07, 5.0764e+06, 0
1.33499e+07, 3.87132e+06, 0
7.93705e+06, 1.40737e+06, 0
9.61648e+06, 1.88961e+06, 0
7.86897e+06, 3.73616e+06, 0
8.94392e+06, 2.26399e+06, 0
6.54444e+06, 2.58776e+06, 0
1.10024e+07, 3.48422e+06, 0
7.21008e+06, 2.95772e+06, 0
7.44158e+06, 2.77849e+06, 0
8.44047e+06, 2.01762e+06, 0
6.99198e+06, 2.10824e+06, 0
7.80431e+06, 1.76378e+06, 0
1.16027e+07, 5.39384e+06, 0
8.33541e+06, 4.52756e+06, 0
6.34514e+06, 1.12286e+06, 0
1.03624e+07, 1.64725e+06, 0
6.27153e+06, 2.05739e+06, 0
1.09726e+07, 4.13079e+06, 0
1.06367e+07, 3.15841e+06, 0
9.81698e+06, 4.50402e+06, 0
1.16226e+07, 6.13307e+06, 0
6.00705e+06, 1.75604e+06, 0
5.59262e+06, 712143, 0
1.07182e+07, 2.63061e+06, 0
1.02932e+07, 5.31887e+06, 0
7.72334e+06, 3.26033e+06, 0
6.27615e+06, 1.92255e+06, 0
6.45456e+06, 2.27677e+06, 0
1.107e+07, 4.48934e+06, 0
8.0771e+06, 979511, 0
1.006e+07, 5.74139e+06, 0
8.47558e+06, 2.66055e+06, 0
6.64037e+06, 2.5782e+06, 0
9.37417e+06, 3.41157e+06, 0
1.02453e+07, 3.57057e+06, 0
8.42763e+06, 2.84903e+06, 0
7.28674e+06, 3.58313e+06, 0
6.19896e+06, 2.03316e+06, 0
6.44909e+06, 1.75736e+06, 0
7.28444e+06, 2.98468e+06, 0
1.06888e+07, 4.98834e+06, 0
1.1392e+07, 6.70262e+06, 0
6.14733e+06, 1.24816e+06, 0
7.21602e+06, 1.04765e+06, 0
6.79749e+06, 3.10919e+06, 0
6.43237e+06, 2.50861e+06, 0
6.33728e+06, 1.75208e+06, 0
1.05615e+07, 5.52634e+06, 0
7.74101e+06, 2.91519e+06, 0
7.71225e+06, 635134, 0
7.35054e+06, 3.37954e+06, 0
8.64999e+06, 4.18764e+06, 0
7.09336e+06, 1.2344e+06, 0
1.09835e+07, 6.76842e+06, 0
5.63126e+06, 1.18443e+06, 0
1.03346e+07, 2.10653e+06, 0
5.40359e+06, 290444, 0
6.99925e+06, 2.2942e+06, 0
6.35284e+06, 2.53217e+06, 0
8.92984e+06, 4.14648e+06, 0
5.90678e+06, 1.46899e+06, 0
7.40423e+06, 3.34224e+06, 0
6.0136e+06, 2.10522e+06, 0
6.95611e+06, 2.35569e+06, 0
7.22927e+06, 1.60966e+06, 0
9.68795e+06, 4.68724e+06, 0
9.50768e+06, 3.40046e+06, 0
8.01359e+06, 4.32651e+06, 0
9.35117e+06, 1.99398e+06, 0
8.30857e+06, 3.90177e+06, 0
9.14815e+06, 1.80179e+06, 0
9.19661e+06, 1.04978e+06, 0
7.87526e+06, 2.96171e+06, 0
1.02889e+07, 2.30924e+06, 0
8.7573e+06, 1.08899e+06, 0
6.86601e+06, 1.77332e+06, 0
7.37854e+06, 2.98617e+06, 0
7.34056e+06, 3.29317e+06, 0
1.0211e+07, 5.59742e+06, 0
1.0138e+07, 5.67109e+06, 0
8.60663e+06, 4.72421e+06, 0
9.44482e+06, 3.60095e+06, 0
6.60051e+06, 2.39273e+06, 0
8.78962e+06, 939794, 0
1.18238e+07, 3.08459e+06, 0
1.024e+07, 3.46859e+06, 0
1.28161e+07, 3.64339e+06, 0
9.22534e+06, 3.7388e+06, 0
1.61897e+07, 7.31333e+06, 0
1.00327e+07, 3.39213e+06, 0
1.04685e+07, 1.8978e+06, 0
6.16728e+06, 1.24991e+06, 0
9.57121e+06, 2.80577e+06, 0
1.09331e+07, 4.55812e+06, 0
8.17895e+06, 2.37544e+06, 0
8.42883e+06, 3.4936e+06, 0
1.07037e+07, 2.9566e+06, 0
7.58161e+06, 63469.7, 0
8.66187e+06, 1.26848e+06, 0
5.86396e+06, 917369, 0
1.04153e+07, 6.41764e+06, 0
1.212e+07, 7.42314e+06, 0
9.51689e+06, 3.85462e+06, 0
7.2242e+06, 3.3151e+06, 0
6.21451e+06, 1.09955e+06, 0
6.57771e+06, 2.74825e+06, 0
8.04778e+06, 1.5372e+06, 0
8.57341e+06, 2.90128e+06, 0
6.11842e+06, 978658, 0
1.1264e+07, 2.83293e+06, 0
7.07255e+06, 1.15407e+06, 0
9.54168e+06, 2.75005e+06, 0
6.7023e+06, 1.29249e+06, 0
9.81257e+06, 2.71542e+06, 0
9.54128e+06, 3.59624e+06, 0
6.31626e+06, 2.51832e+06, 0
7.78199e+06, 2.94333e+06, 0
8.37026e+06, 2.95221e+06, 0
5.79683e+06, 874969, 0
9.71119e+06, 2.93621e+06, 0
7.69392e+06, 3.95337e+06, 0
1.17981e+07, 5.74397e+06, 0
9.83848e+06, 5.7685e+06, 0
7.43711e+06, 2.83134e+06, 0
1.16181e+07, 3.47791e+06, 0
7.41304e+06, 1.18358e+06, 0
8.08893e+06, 3.58304e+06, 0
8.07439e+06, 3.89985e+06, 0
1.25776e+07, 4.235e+06, 0
9.20906e+06, 3.94669e+06, 0
7.51648e+06, 1.56942e+06, 0
9.45161e+06, 4.48663e+06, 0
6.08722e+06, 1.30726e+06, 0
6.95693e+06, 1.22789e+06, 0
1.0016e+07, 3.39981e+06, 0
5.87718e+06, 1.3112e+06, 0
6.69025e+06, 2.88456e+06, 0
7.05661e+06, 2.67971e+06, 0
7.48694e+06, 3.21818e+06, 0
7.39824e+06, 774916, 0
1.05169e+07, 3.66914e+06, 0
1.1478e+07, 6.73145e+06, 0
8.29254e+06, 2.77069e+06, 0
5.89382e+06, 1.70218e+06, 0
1.73349e+07, 2.21209e+06, 0
8.01498e+06, 3.73661e+06, 0
1.03617e+07, 2.64727e+06, 0
8.04961e+06, 2.89108e+06, 0
1.00881e+07, 4.6012e+06, 0
7.61839e+06, 3.75597e+06, 0
8.24377e+06, 2.0622e+06, 0
1.11784e+07, 1.99892e+06, 0
5.78376e+06, 1.36944e+06, 0
8.27963e+06, 3.25879e+06, 0
8.11372e+06, 4.42201e+06, 0
8.73924e+06, 2.56067e+06, 0
8.38259e+06, 2.24312e+06, 0
1.06335e+07, 3.20977e+06, 0
1.1377e+07, 2.62157e+06, 0
8.32049e+06, 3.30827e+06, 0
6.20828e+06, 2.29333e+06, 0
8.50589e+06, 3.41752e+06, 0
6.97714e+06, 1.50548e+06, 0
6.75673e+06, 1.32774e+06, 0
9.02647e+06, 3.62713e+06, 0
7.13267e+06, 2.90521e+06, 0
8.34198e+06, 4.4382e+06, 0
8.9315e+06, 3.30756e+06, 0
7.92981e+06, 1.21587e+06, 0
7.70708e+06, 1.13115e+06, 0
8.40363e+06, 1.02583e+06, 0
7.03053e+06, 3.15163e+06, 0
6.18872e+06, 1.67532e+06, 0
8.70531e+06, 2.78848e+06, 0
6.53687e+06, 2.38144e+06, 0
5.55021e+06, 1.20677e+06, 0
8.53366e+06, 3.47958e+06, 0
1.00256e+07, 1.7419e+06, 0
8.36782e+06, 3.12243e+06, 0
7.60991e+06, 3.61062e+06, 0
7.83858e+06, 3.7596e+06, 0
6.48445e+06, 277525, 0
6.3702e+06, 2.00589e+06, 0
8.66903e+06, 4.00542e+06, 0
5.93399e+06, 1.45339e+06, 0
6.22517e+06, 1.53198e+06, 0
1.29861e+07, 1.32046e+06, 0
8.51171e+06, 3.40918e+06, 0
6.23125e+06, 2.2039e+06, 0
9.17642e+06, 3.20822e+06, 0
9.33295e+06, 2.91411e+06, 0
7.37232e+06, 1.25761e+06, 0
1.09073e+07, 877916, 0
6.54771e+06, 2.76113e+06, 0
6.40443e+06, 2.32058e+06, 0
7.92481e+06, 3.95976e+06, 0
7.92983e+06, 2.00395e+06, 0
8.96319e+06, 2.59347e+06, 0
8.39707e+06, 2.17897e+06, 0
6.06127e+06, 956710, 0
7.08514e+06, 2.37514e+06, 0
9.52324e+06, 4.06876e+06, 0
1.09007e+07, 2.39168e+06, 0
1.00193e+07, 256679, 0
8.44459e+06, 2.74726e+06, 0
1.1142e+07, 4.89407e+06, 0
8.44691e+06, 3.27469e+06, 0
7.10919e+06, 2.19665e+06, 0
1.4365e+07, 2.13046e+06, 0
6.98196e+06, 869079, 0
9.20058e+06, 5.35303e+06, 0
6.37463e+06, 1.07118e+06, 0
1.00625e+07, 5.75802e+06, 0
1.03972e+07, 6.26534e+06, 0
8.95573e+06, 1.88297e+06, 0
6.06647e+06, 1.46455e+06, 0
7.53527e+06, 1.6997e+06, 0
7.68126e+06, 1.27466e+06, 0
1.07703e+07, 4.21382e+06, 0
6.38713e+06, 2.12307e+06, 0
9.27937e+06, 4.76311e+06, 0
7.39075e+06, 2.39325e+06, 0
1.21716e+07, 4.97098e+06, 0
8.79266e+06, 3.26893e+06, 0
6.91105e+06, 2.54453e+06, 0
6.57254e+06, 2.76418e+06, 0
1.23468e+07, 6.97871e+06, 0
9.3874e+06, 1.77064e+06, 0
1.18301e+07, 5.08087e+06, 0
8.64099e+06, 2.64264e+06, 0
8.51376e+06, 4.71409e+06, 0
7.85115e+06, 2.13134e+06, 0
6.85983e+06, 2.56351e+06, 0
8.00892e+06, 2.64851e+06, 0
9.15214e+06, 4.34946e+06, 0
1.03373e+07, 1.17702e+06, 0
5.91837e+06, 753617, 0
1.05473e+07, 6.53686e+06, 0
1.03261e+07, 4.18085e+06, 0
6.59413e+06, 1.71835e+06, 0
1.21287e+07, 2.85672e+06, 0
7.50619e+06, 2.54227e+06, 0
8.19154e+06, 2.63461e+06, 0
7.26487e+06, 3.10767e+06, 0
7.92936e+06, 2.21883e+06, 0
6.76845e+06, 2.86728e+06, 0
7.08185e+06, 1.28674e+06, 0
5.84569e+06, 1.58299e+06, 0
6.76206e+06, 2.41521e+06, 0
1.06388e+07, 1.86965e+06, 0
7.49909e+06, 3.75028e+06, 0
8.76076e+06, 2.97468e+06, 0
6.62351e+06, 1.56774e+06, 0
5.87126e+06, 1.57127e+06, 0
8.29695e+06, 1.51477e+06, 0
9.90422e+06, 2.65893e+06, 0
8.13763e+06, 1.14006e+06, 0
7.18818e+06, 2.67752e+06, 0
7.23756e+06, 1.78985e+06, 0
8.24893e+06, 4.31901e+06, 0
8.61588e+06, 3.2186e+06, 0
5.93863e+06, 1.97277e+06, 0
9.60057e+06, 2.56015e+06, 0
1.08546e+07, 2.90797e+06, 0
8.18188e+06, 2.90973e+06, 0
1.01706e+07, 5.55809e+06, 0
7.50877e+06, 3.05221e+06, 0
9.28921e+06, 2.34384e+06, 0
9.26977e+06, 5.24043e+06, 0
7.03027e+06, 3.32241e+06, 0
1.02993e+07, 5.5598e+06, 0
7.47018e+06, 3.486e+06, 0
1.04974e+07, 3.65547e+06, 0
6.21157e+06, 1.34091e+06, 0
6.40462e+06, 888082, 0
8.23575e+06, 2.17879e+06, 0
1.07502e+07, 2.51956e+06, 0
8.89774e+06, 2.21879e+06, 0
1.03993e+07, 2.50221e+06, 0
9.19279e+06, 2.30361e+06, 0
8.31908e+06, 2.38196e+06, 0
8.51173e+06, 867544, 0
7.94844e+06, 1.69899e+06, 0
7.11496e+06, 2.88526e+06, 0
6.30847e+06, 1.07417e+06, 0
1.02062e+07, 4.95414e+06, 0
9.40976e+06, 3.93419e+06, 0
1.10339e+07, 3.92206e+06, 0
6.4167e+06, 1.4881e+06, 0
7.74166e+06, 1.13717e+06, 0
8.18165e+06, 3.06322e+06, 0
9.43986e+06, 2.91496e+06, 0
6.38343e+06, 2.18843e+06, 0
1.10534e+07, 6.21208e+06, 0
5.44191e+06, 254540, 0
1.20583e+07, 1.84529e+06, 0
6.97169e+06, 1.66475e+06, 0
1.28947e+07, 6.35531e+06, 0
8.72515e+06, 4.88025e+06, 0
8.55431e+06, 4.82007e+06, 0
7.82806e+06, 2.23916e+06, 0
7.71539e+06, 3.19094e+06, 0
9.27023e+06, 1.85509e+06, 0
1.02159e+07, 3.11668e+06, 0
6.93063e+06, 2.36562e+06, 0
9.73557e+06, 4.1414e+06, 0
9.23246e+06, 2.13642e+06, 0
8.81649e+06, 3.72622e+06, 0
8.28611e+06, 2.75881e+06, 0
7.76108e+06, 3.64932e+06, 0
8.34019e+06, 2.68339e+06, 0
8.40126e+06, 4.00536e+06, 0
7.5723e+06, 1.80396e+06, 0
5.5272e+06, 984914, 0
6.99495e+06, 2.97266e+06, 0
8.81749e+06, 3.07845e+06, 0
1.04167e+07, 779419, 0
7.71449e+06, 1.70715e+06, 0
7.40683e+06, 3.4789e+06, 0
9.34974e+06, 3.35692e+06, 0
9.1508e+06, 3.39756e+06, 0
7.32539e+06, 879462, 0
8.2491e+06, 2.85047e+06, 0
9.38215e+06, 2.58995e+06, 0
8.56776e+06, 2.74734e+06, 0
1.01577e+07, 772415, 0
9.39284e+06, 4.6283e+06, 0
6.64654e+06, 2.89516e+06, 0
1.11091e+07, 5.70266e+06, 0
7.19391e+06, 1.68762e+06, 0
9.45003e+06, 1.61497e+06, 0
6.83637e+06, 3.09882e+06, 0
1.12671e+07, 1.08846e+06, 0
8.89449e+06, 2.23978e+06, 0
8.01847e+06, 3.1384e+06, 0
1.40408e+07, 5.66207e+06, 0
1.3687e+07, 4.06087e+06, 0
9.58398e+06, 4.22853e+06, 0
7.30041e+06, 2.12185e+06, 0
8.68339e+06, 1.95211e+06, 0
1.26671e+07, 3.56661e+06, 0
1.13858e+07, 1.78141e+06, 0
6.5807e+06, 1.61742e+06, 0
7.62477e+06, 1.21268e+06, 0
8.2961e+06, 2.65405e+06, 0
6.73478e+06, 1.78793e+06, 0
5.86001e+06, 1.33494e+06, 0
7.46251e+06, 3.33611e+06, 0
8.58567e+06, 2.50665e+06, 0
6.32478e+06, 2.34609e+06, 0
1.1597e+07, 5.58664e+06, 0
1.05572e+07, 4.71937e+06, 0
9.95575e+06, 3.73387e+06, 0
7.58583e+06, 1.44175e+06, 0
7.37477e+06, 3.63464e+06, 0
7.65237e+06, 2.32345e+06, 0
1.232e+07, 7.03971e+06, 0
7.51712e+06, 3.06941e+06, 0
7.49759e+06, 3.01535e+06, 0
7.79168e+06, 1.38777e+06, 0
7.73664e+06, 2.52924e+06, 0
7.01605e+06, 2.09518e+06, 0
7.41859e+06, 3.36644e+06, 0
6.43646e+06, 952854, 0
1.05094e+07, 5.7102e+06, 0
7.15171e+06, 2.76178e+06, 0
8.0342e+06, 2.97308e+06, 0
8.86789e+06, 2.92278e+06, 0
6.03803e+06, 1.73122e+06, 0
8.16434e+06, 3.29746e+06, 0
8.07987e+06, 1.29112e+06, 0
1.0749e+07, 5.99364e+06, 0
9.28468e+06, 3.62188e+06, 0
8.43979e+06, 1.49677e+06, 0
7.36421e+06, 2.12526e+06, 0
7.36481e+06, 2.34432e+06, 0
7.75534e+06, 1.94439e+06, 0
9.10015e+06, 4.94958e+06, 0
8.4858e+06, 3.92426e+06, 0
8.9916e+06, 2.51988e+06, 0
9.56808e+06, 450234, 0
6.25062e+06, 1.60333e+06, 0
1.00555e+07, 2.32859e+06, 0
6.34013e+06, 1.41087e+06, 0
8.04097e+06, 3.53066e+06, 0
7.28725e+06, 2.33606e+06, 0
7.39952e+06, 2.37725e+06, 0
6.04319e+06, 1.37246e+06, 0
8.16474e+06, 3.73751e+06, 0
8.34555e+06, 2.49145e+06, 0
8.52784e+06, 4.20135e+06, 0
8.31715e+06, 3.15606e+06, 0
9.99525e+06, 4.1533e+06, 0
1.12519e+07, 708620, 0
6.48314e+06, 1.62776e+06, 0
8.05902e+06, 3.09687e+06, 0
8.40245e+06, 3.49004e+06, 0
9.00987e+06, 4.50687e+06, 0
1.60382e+07, 2.34417e+06, 0
1.04956e+07, 3.00919e+06, 0
6.6014e+06, 2.36401e+06, 0
8.82597e+06, 4.59951e+06, 0
6.51722e+06, 2.13631e+06, 0
8.17548e+06, 423178, 0
7.61269e+06, 2.47137e+06, 0
8.94096e+06, 4.52645e+06, 0
7.99151e+06, 2.24134e+06, 0
9.54898e+06, 1.63625e+06, 0
6.74578e+06, 2.59084e+06, 0
7.53149e+06, 2.62928e+06, 0
1.24096e+07, 3.3524e+06, 0
1.26114e+07, 5.23261e+06, 0
6.94743e+06, 2.9532e+06, 0
9.07908e+06, 4.86143e+06, 0
6.81291e+06, 2.22887e+06, 0
6.05044e+06, 1.54619e+06, 0
1.09129e+07, 3.65676e+06, 0
5.85769e+06, 1.74606e+06, 0
7.61044e+06, 2.44371e+06, 0
9.65885e+06, 2.87094e+06, 0
1.61532e+07, 1.49576e+06, 0
7.03942e+06, 1.74043e+06, 0
8.11787e+06, 3.16486e+06, 0
7.5111e+06, 2.50989e+06, 0
9.10523e+06, 3.86693e+06, 0
6.10412e+06, 1.71595e+06, 0
7.72578e+06, 1.91782e+06, 0
7.86266e+06, 453226, 0
8.76743e+06, 4.13526e+06, 0
6.32298e+06, 1.27737e+06, 0
1.22268e+07, 3.33202e+06, 0
9.04902e+06, 2.57032e+06, 0
6.03723e+06, 1.47612e+06, 0
9.03722e+06, 841109, 0
7.19009e+06, 2.7531e+06, 0
9.07822e+06, 4.08644e+06, 0
9.5683e+06, 3.83145e+06, 0
9.03319e+06, 5.06453e+06, 0
8.76588e+06, 1.18652e+06, 0
6.57714e+06, 1.85666e+06, 0
1.03777e+07, 1.73876e+06, 0
7.29374e+06, 3.08086e+06, 0
7.98705e+06, 2.81153e+06, 0
8.54053e+06, 3.83993e+06, 0
8.77366e+06, 1.46228e+06, 0
7.84501e+06, 1.89468e+06, 0
7.34591e+06, 2.44478e+06, 0
8.84924e+06, 1.51646e+06, 0
7.71782e+06, 4.02174e+06, 0
7.99319e+06, 1.1426e+06, 0
1.15783e+07, 5.82584e+06, 0
6.04818e+06, 2.0336e+06, 0
8.81522e+06, 1.01983e+06, 0
5.80654e+06, 1.66907e+06, 0
6.81282e+06, 3.11497e+06, 0
7.03404e+06, 1.87485e+06, 0
6.65934e+06, 2.49426e+06, 0
6.99304e+06, 1.53644e+06, 0
1.19155e+07, 6.86027e+06, 0
7.65637e+06, 2.90222e+06, 0
5.81834e+06, 806186, 0
9.41153e+06, 1.99509e+06, 0
1.26484e+07, 4.76899e+06, 0
6.78707e+06, 2.82892e+06, 0
9.35417e+06, 3.3904e+06, 0
1.21188e+07, 3.83463e+06, 0
9.44721e+06, 137275, 0
9.91906e+06, 2.75961e+06, 0
1.02458e+07, 4.32489e+06, 0
7.53845e+06, 1.47684e+06, 0
7.05901e+06, 3.03954e+06, 0
5.68209e+06, 1.34499e+06, 0
7.19279e+06, 2.71651e+06, 0
1.03186e+07, 6.22203e+06, 0
8.03203e+06, 1.93465e+06, 0
1.26636e+07, 4.53543e+06, 0
7.7278e+06, 1.63959e+06, 0
9.75478e+06, 3.1461e+06, 0
6.751e+06, 1.77855e+06, 0
7.10113e+06, 1.52255e+06, 0
1.09367e+07, 3.86562e+06, 0
7.9271e+06, 4.02146e+06, 0
8.11685e+06, 2.44371e+06, 0
9.12942e+06, 1.17373e+06, 0
9.20266e+06, 2.23579e+06, 0
9.51443e+06, 1.00217e+06, 0
8.52809e+06, 2.56925e+06, 0
9.80987e+06, 3.98528e+06, 0
9.50216e+06, 4.88143e+06, 0
7.15549e+06, 3.44155e+06, 0
9.12892e+06, 4.68503e+06, 0
9.64544e+06, 1.56159e+06, 0
8.96235e+06, 4.32265e+06, 0
7.99643e+06, 3.41216e+06, 0
8.73688e+06, 4.48754e+06, 0
7.36507e+06, 2.20843e+06, 0
7.29184e+06, 3.18912e+06, 0
7.47293e+06, 2.72347e+06, 0
8.45321e+06, 3.45869e+06, 0
8.07691e+06, 4.31317e+06, 0
7.36842e+06, 3.44408e+06, 0
8.40281e+06, 1.12199e+06, 0
5.53575e+06, 1.26096e+06, 0
7.86468e+06, 3.37783e+06, 0
1.02626e+07, 3.97284e+06, 0
9.16352e+06, 3.51984e+06, 0
8.42863e+06, 4.06776e+06, 0
8.9688e+06, 4.48572e+06, 0
6.11872e+06, 1.39395e+06, 0
7.11536e+06, 3.25418e+06, 0
1.17039e+07, 3.22047e+06, 0
6.48059e+06, 2.29959e+06, 0
9.16955e+06, 4.19125e+06, 0
1.22812e+07, 3.71717e+06, 0
7.36214e+06, 1.8033e+06, 0
7.05471e+06, 2.45143e+06, 0
7.29222e+06, 1.48286e+06, 0
8.13293e+06, 2.26902e+06, 0
8.93371e+06, 4.18626e+06, 0
7.95893e+06, 2.86728e+06, 0
5.71636e+06, 191260, 0
6.50521e+06, 868709, 0
1.03987e+07, 5.68624e+06, 0
1.12309e+07, 6.58276e+06, 0
7.3564e+06, 2.3147e+06, 0
9.85479e+06, 1.75539e+06, 0
9.72425e+06, 4.00737e+06, 0
7.81168e+06, 1.8354e+06, 0
7.05698e+06, 1.73611e+06, 0
6.77978e+06, 2.77777e+06, 0
8.14818e+06, 3.90031e+06, 0
8.7006e+06, 2.73103e+06, 0
6.10791e+06, 2.25371e+06, 0
9.51255e+06, 4.65551e+06, 0
8.72115e+06, 4.01878e+06, 0
1.07839e+07, 4.90418e+06, 0
8.00585e+06, 2.97619e+06, 0
7.39915e+06, 3.36032e+06, 0
1.05357e+07, 6.018e+06, 0
5.96921e+06, 1.61151e+06, 0
1.18083e+07, 5.80856e+06, 0
7.6099e+06, 2.63185e+06, 0
5.64797e+06, 1.41039e+06, 0
6.73177e+06, 2.01057e+06, 0
8.40622e+06, 3.59695e+06, 0
7.59699e+06, 3.28137e+06, 0
1.022e+07, 5.98296e+06, 0
1.0993e+07, 4.74878e+06, 0
1.00839e+07, 5.55423e+06, 0
7.6011e+06, 2.89441e+06, 0
8.88993e+06, 894872, 0
5.72759e+06, 1.55212e+06, 0
8.05899e+06, 1.60136e+06, 0
7.71882e+06, 2.4508e+06, 0
1.1584e+07, 6.373e+06, 0
5.9125e+06, 1.25189e+06, 0
6.16725e+06, 2.26933e+06, 0
6.84014e+06, 1.79171e+06, 0
7.07745e+06, 2.91906e+06, 0
9.60827e+06, 1.50158e+06, 0
1.05284e+07, 3.20087e+06, 0
7.70164e+06, 3.46029e+06, 0
6.09455e+06, 1.43353e+06, 0
1.03934e+07, 6.44364e+06, 0
1.08159e+07, 3.8781e+06, 0
5.70586e+06, 1.05419e+06, 0
9.62205e+06, 4.16203e+06, 0
1.19427e+07, 5.59928e+06, 0
1.45663e+07, 6.71648e+06, 0
7.57039e+06, 2.99702e+06, 0
7.13927e+06, 2.117e+06, 0
8.13557e+06, 1.48988e+06, 0
7.45647e+06, 1.60854e+06, 0
6.835e+06, 1.9623e+06, 0
1.08273e+07, 3.74502e+06, 0
1.05742e+07, 5.68089e+06, 0
1.49045e+07, 8.92726e+06, 0
6.6015e+06, 1.05927e+06, 0
7.19141e+06, 990406, 0
7.51107e+06, 2.91921e+06, 0
5.63695e+06, 1.06047e+06, 0
7.23444e+06, 3.09151e+06, 0
8.57292e+06, 3.56973e+06, 0
7.25911e+06, 1.01603e+06, 0
6.99182e+06, 2.31128e+06, 0
7.87043e+06, 1.86032e+06, 0
8.06098e+06, 4.39768e+06, 0
8.18459e+06, 2.59382e+06, 0
8.1449e+06, 1.97793e+06, 0
7.98238e+06, 2.38122e+06, 0
7.84847e+06, 3.70582e+06, 0
8.15964e+06, 294842, 0
1.19508e+07, 4.11171e+06, 0
1.00952e+07, 2.32782e+06, 0
8.88594e+06, 4.32416e+06, 0
8.09866e+06, 4.42593e+06, 0
1.11261e+07, 1.56841e+06, 0
9.39323e+06, 4.79116e+06, 0
6.12684e+06, 2.22307e+06, 0
8.68704e+06, 1.74146e+06, 0
1.15766e+07, 1.46936e+06, 0
6.02943e+06, 1.83102e+06, 0
8.40699e+06, 3.89948e+06, 0
1.07088e+07, 1.23819e+06, 0
5.7203e+06, 1.60498e+06, 0
9.12207e+06, 2.9841e+06, 0
7.264e+06, 3.28438e+06, 0
8.56007e+06, 3.2833e+06, 0
6.11001e+06, 631878, 0
8.86051e+06, 2.69727e+06, 0
8.89495e+06, 2.5155e+06, 0
7.57638e+06, 1.99416e+06, 0
1.28068e+07, 2.98438e+06, 0
1.00634e+07, 3.81471e+06, 0
9.31812e+06, 3.96131e+06, 0
8.05932e+06, 2.15724e+06, 0
7.92963e+06, 3.35849e+06, 0
6.42692e+06, 322781, 0
6.08029e+06, 1.20617e+06, 0
7.96253e+06, 1.79361e+06, 0
8.87256e+06, 2.41966e+06, 0
1.24667e+07, 1.4044e+06, 0
8.27805e+06, 2.19064e+06, 0
7.09971e+06, 1.62144e+06, 0
6.66998e+06, 2.67248e+06, 0
6.86457e+06, 1.69815e+06, 0
8.33953e+06, 1.44756e+06, 0
7.86629e+06, 2.41345e+06, 0
6.72574e+06, 1.28262e+06, 0
7.98464e+06, 3.45296e+06, 0
7.10071e+06, 1.36887e+06, 0
9.30617e+06, 5.43827e+06, 0
6.22181e+06, 1.53708e+06, 0
1.06468e+07, 4.1708e+06, 0
1.001e+07, 3.80138e+06, 0
9.07977e+06, 2.2712e+06, 0
6.83124e+06, 3.00894e+06, 0
9.36575e+06, 2.68942e+06, 0
6.96231e+06, 2.03748e+06, 0
1.41823e+07, 7.02503e+06, 0
7.63303e+06, 2.77202e+06, 0
8.42542e+06, 3.88161e+06, 0
8.14421e+06, 3.19246e+06, 0
8.61525e+06, 2.40586e+06, 0
1.14056e+07, 4.60854e+06, 0
1.05375e+07, 5.85571e+06, 0
8.38777e+06, 4.61042e+06, 0
6.78665e+06, 2.01592e+06, 0
1.37149e+07, 1.21526e+06, 0
7.09194e+06, 951255, 0
6.73413e+06, 771438, 0
6.48086e+06, 552791, 0
1.15365e+07, 797374, 0
6.96588e+06, 1.82581e+06, 0
7.31725e+06, 238130, 0
8.07118e+06, 2.94024e+06, 0
9.44332e+06, 4.95249e+06, 0
9.88544e+06, 3.98117e+06, 0
1.40502e+07, 5.94591e+06, 0
9.32191e+06, 4.73204e+06, 0
9.14782e+06, 4.11058e+06, 0
1.14231e+07, 3.90562e+06, 0
1.02289e+07, 3.7472e+06, 0
1.06944e+07, 1.59235e+06, 0
8.97938e+06, 3.80936e+06, 0
1.07205e+07, 6.48533e+06, 0
7.17866e+06, 2.42138e+06, 0
7.63537e+06, 2.01969e+06, 0
8.25129e+06, 853282, 0
7.98228e+06, 3.01575e+06, 0
9.50222e+06, 5.18961e+06, 0
6.12399e+06, 2.20714e+06, 0
9.77079e+06, 5.33943e+06, 0
6.65662e+06, 2.91229e+06, 0
7.44342e+06, 2.44005e+06, 0
9.87117e+06, 3.73004e+06, 0
1.05427e+07, 4.59312e+06, 0
7.69963e+06, 1.6213e+06, 0
9.2224e+06, 1.26735e+06, 0
1.08681e+07, 3.89633e+06, 0
6.8573e+06, 2.98627e+06, 0
8.32365e+06, 2.70716e+06, 0
1.2249e+07, 4.4165e+06, 0
7.06133e+06, 1.116e+06, 0
8.19035e+06, 3.9189e+06, 0
7.91403e+06, 2.58456e+06, 0
9.25144e+06, 4.03577e+06, 0
1.03805e+07, 5.18555e+06, 0
6.30071e+06, 936256, 0
9.62309e+06, 5.3913e+06, 0
9.2172e+06, 924908, 0
9.41515e+06, 1.94453e+06, 0
1.19479e+07, 2.84024e+06, 0
6.92131e+06, 679015, 0
1.25713e+07, 8.09636e+06, 0
9.88594e+06, 5.01396e+06, 0
1.18002e+07, 1.45943e+06, 0
1.23563e+07, 3.69075e+06, 0
1.27142e+07, 2.15158e+06, 0
7.32975e+06, 2.66896e+06, 0
7.8252e+06, 3.54112e+06, 0
6.42748e+06, 2.43838e+06, 0
7.94294e+06, 1.62133e+06, 0
7.05332e+06, 1.79133e+06, 0
8.91833e+06, 4.70092e+06, 0
9.26045e+06, 2.78171e+06, 0
1.16298e+07, 5.90247e+06, 0
1.02741e+07, 5.6242e+06, 0
1.09545e+07, 6.11195e+06, 0
8.666e+06, 4.60561e+06, 0
7.02188e+06, 2.1033e+06, 0
9.55548e+06, 4.27563e+06, 0
6.28705e+06, 1.31605e+06, 0
6.53518e+06, 640940, 0
9.14851e+06, 3.72393e+06, 0
8.54049e+06, 1.44758e+06, 0
5.87969e+06, 1.29773e+06, 0
6.32529e+06, 1.39178e+06, 0
8.02284e+06, 3.69613e+06, 0
7.66188e+06, 2.90981e+06, 0
8.32172e+06, 3.02722e+06, 0
7.20998e+06, 2.03886e+06, 0
5.63113e+06, 1.02974e+06, 0
8.6658e+06, 1.55466e+06, 0
7.72517e+06, 3.13161e+06, 0
9.2307e+06, 2.54268e+06, 0
7.44751e+06, 1.41527e+06, 0
1.1526e+07, 6.74055e+06, 0
6.63872e+06, 1.83698e+06, 0
9.59817e+06, 5.7347e+06, 0
6.75855e+06, 499731, 0
9.1722e+06, 4.60261e+06, 0
7.1281e+06, 1.26002e+06, 0
6.41845e+06, 2.12953e+06, 0
7.17448e+06, 835041, 0
1.2444e+07, 5.89183e+06, 0
8.18171e+06, 3.33584e+06, 0
6.43631e+06, 1.51283e+06, 0
7.61579e+06, 3.65709e+06, 0
9.88064e+06, 4.84156e+06, 0
7.43833e+06, 3.43184e+06, 0
5.86475e+06, 1.27128e+06, 0
1.26416e+07, 3.47942e+06, 0
1.3688e+07, 4.2478e+06, 0
6.93326e+06, 1.95601e+06, 0
1.00752e+07, 2.92409e+06, 0
9.84771e+06, 5.92667e+06, 0
7.91944e+06, 1.6436e+06, 0
1.28709e+07, 5.8363e+06, 0
8.15593e+06, 3.61333e+06, 0
8.12922e+06, 2.07621e+06, 0
7.44413e+06, 1.06475e+06, 0
8.10242e+06, 302117, 0
5.96539e+06, 1.21399e+06, 0
9.51185e+06, 2.1029e+06, 0
9.11499e+06, 2.75269e+06, 0
9.77639e+06, 544268, 0
5.68976e+06, 1.07402e+06, 0
6.28503e+06, 1.66372e+06, 0
8.60468e+06, 3.24214e+06, 0
7.0665e+06, 2.51242e+06, 0
8.56325e+06, 2.85373e+06, 0
7.60813e+06, 2.73137e+06, 0
1.02189e+07, 4.38275e+06, 0
7.29387e+06, 3.65038e+06, 0
9.80737e+06, 3.78244e+06, 0
9.63029e+06, 4.07578e+06, 0
5.75051e+06, 1.13845e+06, 0
1.04469e+07, 3.46482e+06, 0
7.30484e+06, 2.46491e+06, 0
1.02135e+07, 5.45142e+06, 0
9.96926e+06, 4.22207e+06, 0
7.86201e+06, 2.88841e+06, 0
9.55518e+06, 1.87075e+06, 0
7.0073e+06, 2.07072e+06, 0
1.01445e+07, 1.95894e+06, 0
8.44817e+06, 4.31562e+06, 0
6.23287e+06, 97785.4, 0
8.41377e+06, 935023, 0
8.56513e+06, 1.47885e+06, 0
7.50226e+06, 2.82081e+06, 0
5.86191e+06, 1.25653e+06, 0
7.11324e+06, 2.55642e+06, 0
6.32311e+06, 989007, 0
9.90492e+06, 3.49721e+06, 0
1.37494e+07, 2.09668e+06, 0
1.27886e+07, 2.77463e+06, 0
7.19358e+06, 1.2554e+06, 0
7.90011e+06, 2.66623e+06, 0
6.95422e+06, 2.14688e+06, 0
7.7608e+06, 3.04643e+06, 0
8.61758e+06, 1.92138e+06, 0
1.10775e+07, 4.28523e+06, 0
6.53032e+06, 1.65812e+06, 0
8.41407e+06, 1.03003e+06, 0
7.43982e+06, 2.56859e+06, 0
7.74199e+06, 2.2289e+06, 0
9.34713e+06, 3.61285e+06, 0
8.70294e+06, 1.0331e+06, 0
1.1233e+07, 6.0883e+06, 0
7.54615e+06, 1.92155e+06, 0
8.42202e+06, 2.32017e+06, 0
8.83779e+06, 2.93771e+06, 0
8.09646e+06, 1.02253e+06, 0
8.75676e+06, 4.22227e+06, 0
9.82599e+06, 2.16492e+06, 0
1.07154e+07, 6.44035e+06, 0
7.67686e+06, 2.29969e+06, 0
1.04435e+07, 3.83817e+06, 0
1.19135e+07, 3.64213e+06, 0
1.01675e+07, 3.42744e+06, 0
7.57789e+06, 1.09059e+06, 0
5.59235e+06, 1.27192e+06, 0
5.551e+06, 1.019e+06, 0
6.99504e+06, 1.27255e+06, 0
1.14515e+07, 4.09156e+06, 0
7.50685e+06, 1.99204e+06, 0
1.03852e+07, 3.81392e+06, 0
5.84738e+06, 1.59984e+06, 0
7.89027e+06, 3.51298e+06, 0
7.7421e+06, 3.3338e+06, 0
1.0984e+07, 3.68942e+06, 0
8.34357e+06, 2.93884e+06, 0
6.93392e+06, 2.20572e+06, 0
6.10231e+06, 1.51098e+06, 0
5.80735e+06, 913457, 0
7.71593e+06, 2.19749e+06, 0
1.04423e+07, 3.86875e+06, 0
9.23e+06, 2.09671e+06, 0
8.90611e+06, 3.00033e+06, 0
8.3076e+06, 823647, 0
7.28578e+06, 1.92608e+06, 0
6.6189e+06, 1.62769e+06, 0
1.03005e+07, 3.30479e+06, 0
6.51072e+06, 1.52951e+06, 0
6.15152e+06, 496942, 0
8.05137e+06, 3.66619e+06, 0
9.00553e+06, 1.60125e+06, 0
9.17362e+06, 2.14365e+06, 0
7.67233e+06, 3.35239e+06, 0
7.91311e+06, 4.09461e+06, 0
7.06969e+06, 3.11755e+06, 0
9.67477e+06, 4.6722e+06, 0
1.09929e+07, 96380, 0
7.68955e+06, 454509, 0
1.10959e+07, 1.65523e+06, 0
1.59145e+07, 2.14449e+06, 0
7.39369e+06, 1.55969e+06, 0
6.96254e+06, 3.27224e+06, 0
7.69195e+06, 2.47905e+06, 0
5.90716e+06, 1.81264e+06, 0
9.11609e+06, 4.03805e+06, 0
1.34123e+07, 4.24624e+06, 0
1.08458e+07, 4.76209e+06, 0
6.18964e+06, 1.78315e+06, 0
6.30966e+06, 2.20854e+06, 0
7.86091e+06, 975577, 0
9.73081e+06, 3.75415e+06, 0
6.86795e+06, 3.18782e+06, 0
7.25459e+06, 2.82671e+06, 0
8.98231e+06, 4.33218e+06, 0
5.62225e+06, 638423, 0
1.10311e+07, 6.58831e+06, 0
9.80311e+06, 1.84445e+06, 0
7.45462e+06, 3.15328e+06, 0
1.00943e+07, 4.41438e+06, 0
9.94516e+06, 5.211e+06, 0
6.52077e+06, 2.15102e+06, 0
1.01743e+07, 3.27582e+06, 0
8.11226e+06, 623403, 0
9.73874e+06, 2.64194e+06, 0
8.61558e+06, 238147, 0
5.50198e+06, 907986, 0
8.41289e+06, 2.34893e+06, 0
5.88296e+06, 576037, 0
6.28732e+06, 1.75758e+06, 0
9.55982e+06, 5.65825e+06, 0
7.1652e+06, 2.04434e+06, 0
1.39564e+07, 3.05716e+06, 0
6.14611e+06, 2.23928e+06, 0
9.31106e+06, 3.94064e+06, 0
1.08498e+07, 3.92276e+06, 0
5.94349e+06, 489805, 0
8.76512e+06, 361076, 0
