6.53783e+06, 2.8571e+06, 0
3.17189e+06, 1.59765e+06, 0
1.4472e+07, 6.52449e+06, 0
4.66167e+06, 2.86991e+06, 0
6.83694e+06, 2.61495e+06, 0
6.00439e+06, 2.06445e+06, 0
1.05556e+07, 5.08177e+06, 0
2.36341e+06, 567486, 0
4.27956e+06, 1.56772e+06, 0
5.58741e+06, 2.11755e+06, 0
7.65804e+06, 3.93355e+06, 0
7.282e+06, 3.55972e+06, 0
6.79375e+06, 4.22744e+06, 0
6.11335e+06, 2.25789e+06, 0
6.86267e+06, 3.51697e+06, 0
9.46319e+06, 3.70346e+06, 0
7.81014e+06, 2.54694e+06, 0
8.21226e+06, 1.72566e+06, 0
8.75426e+06, 4.09867e+06, 0
6.76276e+06, 3.62992e+06, 0
5.16015e+06, 2.33417e+06, 0
5.01214e+06, 1.51801e+06, 0
5.39733e+06, 1.97077e+06, 0
6.01944e+06, 1.70286e+06, 0
9.5561e+06, 3.2045e+06, 0
8.97342e+06, 5.36199e+06, 0
3.91188e+06, 1.14141e+06, 0
6.45792e+06, 3.47553e+06, 0
6.33671e+06, 1.76802e+06, 0
4.16699e+06, 935410, 0
6.5631e+06, 1.10796e+06, 0
1.15347e+07, 1.93891e+06, 0
5.27072e+06, 3.15683e+06, 0
1.19246e+07, 6.24147e+06, 0
8.91373e+06, 4.84351e+06, 0
6.75188e+06, 1.91797e+06, 0
5.4188e+06, 2.74551e+06, 0
5.62201e+06, 3.44709e+06, 0
6.78638e+06, 2.9923e+06, 0
5.28903e+06, 1.7248e+06, 0
2.37073e+06, 255132, 0
5.2347e+06, 2.65126e+06, 0
6.54156e+06, 2.98558e+06, 0
8.33339e+06, 3.27399e+06, 0
6.01128e+06, 1.84703e+06, 0
7.09368e+06, 1.92119e+06, 0
6.15092e+06, 3.78823e+06, 0
4.92515e+06, 2.92467e+06, 0
7.83814e+06, 4.19052e+06, 0
1.13471e+07, 3.4278e+06, 0
2.59309e+06, 974078, 0
1.02888e+07, 4.42545e+06, 0
4.65815e+06, 1.65301e+06, 0
6.59975e+06, 4.43547e+06, 0
8.19185e+06, 5.62284e+06, 0
7.68392e+06, 3.02302e+06, 0
1.2075e+07, 7.09975e+06, 0
4.55504e+06, 2.23845e+06, 0
7.76434e+06, 4.06426e+06, 0
9.44017e+06, 3.45556e+06, 0
9.40279e+06, 5.56241e+06, 0
3.48199e+06, 1.52007e+06, 0
4.03574e+06, 2.10276e+06, 0
6.23023e+06, 3.19006e+06, 0
8.71661e+06, 4.59866e+06, 0
7.18376e+06, 4.90203e+06, 0
4.38986e+06, 1.36317e+06, 0
6.98789e+06, 1.52358e+06, 0
5.45832e+06, 773886, 0
9.46396e+06, 1.63926e+06, 0
5.33909e+06, 2.52293e+06, 0
9.97018e+06, 3.53389e+06, 0
6.68503e+06, 4.0199e+06, 0
8.17543e+06, 4.46521e+06, 0
1.32111e+07, 2.57433e+06, 0
9.49544e+06, 4.01973e+06, 0
1.14613e+07, 3.28831e+06, 0
6.21155e+06, 2.23527e+06, 0
3.81511e+06, 1.27105e+06, 0
4.69046e+06, 2.005e+06, 0
6.53596e+06, 4.37911e+06, 0
8.29133e+06, 4.3778e+06, 0
9.59297e+06, 5.617e+06, 0
6.09693e+06, 2.29399e+06, 0
9.46831e+06, 4.68017e+06, 0
5.68753e+06, 3.69761e+06, 0
6.8319e+06, 4.35979e+06, 0
8.49206e+06, 5.63313e+06, 0
1.00274e+07, 2.25466e+06, 0
6.97417e+06, 2.83062e+06, 0
9.06673e+06, 5.70479e+06, 0
3.85559e+06, 1.26333e+06, 0
9.65405e+06, 3.41699e+06, 0
8.03671e+06, 1.24236e+06, 0
7.40187e+06, 2.90447e+06, 0
7.54422e+06, 4.44791e+06, 0
4.44346e+06, 1.588e+06, 0
5.75383e+06, 2.93167e+06, 0
7.27193e+06, 2.20968e+06, 0
4.255e+06, 2.26095e+06, 0
4.46557e+06, 2.01969e+06, 0
7.97299e+06, 1.06677e+06, 0
6.24219e+06, 1.20893e+06, 0
4.3544e+06, 2.37611e+06, 0
1.00828e+07, 3.26677e+06, 0
5.71055e+06, 3.173e+06, 0
5.63109e+06, 3.37139e+06, 0
5.36244e+06, 2.11097e+06, 0
5.27837e+06, 223082, 0
5.47239e+06, 1.71236e+06, 0
4.86791e+06, 2.89616e+06, 0
6.7196e+06, 3.15864e+06, 0
5.15723e+06, 1.36685e+06, 0
7.22702e+06, 1.92101e+06, 0
7.59995e+06, 922373, 0
4.89386e+06, 2.63982e+06, 0
7.36193e+06, 3.27567e+06, 0
8.12534e+06, 3.81164e+06, 0
4.26272e+06, 499239, 0
4.36226e+06, 1.69007e+06, 0
7.02851e+06, 2.62996e+06, 0
3.83222e+06, 623774, 0
5.40481e+06, 3.37974e+06, 0
7.52396e+06, 4.97588e+06, 0
5.55832e+06, 2.79141e+06, 0
7.38719e+06, 2.17936e+06, 0
6.70184e+06, 2.4428e+06, 0
4.51554e+06, 1.00069e+06, 0
6.20274e+06, 3.838e+06, 0
1.07472e+07, 4.41256e+06, 0
9.80339e+06, 5.97757e+06, 0
6.24321e+06, 4.15978e+06, 0
3.74846e+06, 1.86881e+06, 0
7.38145e+06, 2.79707e+06, 0
8.629e+06, 2.23881e+06, 0
4.62519e+06, 2.44509e+06, 0
2.80347e+06, 878895, 0
4.7786e+06, 804159, 0
4.53735e+06, 2.00645e+06, 0
8.19119e+06, 3.16944e+06, 0
4.17333e+06, 2.00906e+06, 0
8.56425e+06, 4.23688e+06, 0
4.90279e+06, 2.49851e+06, 0
4.56321e+06, 1.92261e+06, 0
5.35079e+06, 2.28334e+06, 0
6.53101e+06, 1.91042e+06, 0
8.52836e+06, 3.0999e+06, 0
1.02082e+07, 4.50329e+06, 0
6.38458e+06, 3.91229e+06, 0
4.94811e+06, 1.7158e+06, 0
6.75969e+06, 3.84266e+06, 0
7.25887e+06, 3.61561e+06, 0
5.97108e+06, 1.42309e+06, 0
6.49126e+06, 2.09257e+06, 0
8.5788e+06, 4.91104e+06, 0
7.25115e+06, 2.11394e+06, 0
8.18054e+06, 4.82859e+06, 0
6.47237e+06, 3.28569e+06, 0
8.00985e+06, 2.38319e+06, 0
1.00767e+07, 955789, 0
7.26378e+06, 3.20272e+06, 0
9.83734e+06, 2.31479e+06, 0
8.77632e+06, 5.24545e+06, 0
8.77322e+06, 6.05985e+06, 0
6.75341e+06, 1.71454e+06, 0
9.74302e+06, 1.15391e+06, 0
1.16547e+07, 4.72751e+06, 0
9.09601e+06, 5.20646e+06, 0
5.29239e+06, 1.65381e+06, 0
4.39964e+06, 2.15662e+06, 0
4.6324e+06, 2.77396e+06, 0
9.93743e+06, 4.62577e+06, 0
5.76363e+06, 3.34807e+06, 0
4.20198e+06, 1.33848e+06, 0
5.1861e+06, 2.6447e+06, 0
5.59454e+06, 3.43102e+06, 0
4.20784e+06, 1.6531e+06, 0
7.90748e+06, 4.84822e+06, 0
4.91009e+06, 2.82903e+06, 0
8.41441e+06, 1.3037e+06, 0
6.68525e+06, 2.19398e+06, 0
7.89398e+06, 5.42999e+06, 0
6.94064e+06, 3.07259e+06, 0
8.6377e+06, 4.60225e+06, 0
5.61361e+06, 3.34738e+06, 0
5.21047e+06, 3.01834e+06, 0
2.36403e+06, 339844, 0
8.9057e+06, 2.49837e+06, 0
1.04814e+07, 5.55998e+06, 0
1.10018e+07, 1.19508e+06, 0
6.57673e+06, 2.21417e+06, 0
5.95941e+06, 2.42309e+06, 0
4.44556e+06, 2.44675e+06, 0
5.07562e+06, 3.14755e+06, 0
4.11649e+06, 2.5005e+06, 0
8.29351e+06, 3.68661e+06, 0
5.85946e+06, 3.38625e+06, 0
4.03278e+06, 1.32282e+06, 0
1.20348e+07, 4.01926e+06, 0
5.57084e+06, 1.87771e+06, 0
8.416e+06, 4.10239e+06, 0
4.44263e+06, 1.25883e+06, 0
1.07969e+07, 4.32819e+06, 0
7.19456e+06, 1.21231e+06, 0
3.48622e+06, 1.83132e+06, 0
8.74703e+06, 5.1559e+06, 0
4.47899e+06, 2.01686e+06, 0
5.95874e+06, 2.84726e+06, 0
8.06487e+06, 2.72292e+06, 0
4.86024e+06, 1.10836e+06, 0
7.39153e+06, 2.98777e+06, 0
3.92493e+06, 1.52064e+06, 0
7.04461e+06, 2.73032e+06, 0
4.99042e+06, 1.51767e+06, 0
3.98355e+06, 2.21752e+06, 0
6.51922e+06, 4.30796e+06, 0
4.92655e+06, 2.80903e+06, 0
5.75318e+06, 1.60174e+06, 0
2.76585e+06, 1.02315e+06, 0
5.1225e+06, 1.14113e+06, 0
9.94985e+06, 1.40269e+06, 0
5.69442e+06, 1.97461e+06, 0
5.65354e+06, 3.30327e+06, 0
5.69343e+06, 3.5273e+06, 0
7.39063e+06, 4.12528e+06, 0
5.38275e+06, 3.14994e+06, 0
6.56586e+06, 1.52256e+06, 0
1.46471e+07, 3.67293e+06, 0
8.28786e+06, 3.22091e+06, 0
6.0175e+06, 1.9117e+06, 0
4.73325e+06, 261484, 0
6.67087e+06, 2.75204e+06, 0
4.67962e+06, 2.43858e+06, 0
5.40689e+06, 1.66851e+06, 0
3.30376e+06, 1.20021e+06, 0
7.56495e+06, 4.84784e+06, 0
7.5455e+06, 4.22999e+06, 0
5.82167e+06, 2.9063e+06, 0
4.18848e+06, 868968, 0
1.21664e+07, 6.47223e+06, 0
5.02656e+06, 2.50649e+06, 0
1.01599e+07, 4.89081e+06, 0
9.57505e+06, 5.9483e+06, 0
8.06401e+06, 3.39758e+06, 0
5.38935e+06, 1.41269e+06, 0
6.06757e+06, 3.23341e+06, 0
5.65731e+06, 3.52702e+06, 0
1.4044e+07, 5.66047e+06, 0
5.95989e+06, 1.89791e+06, 0
5.04702e+06, 2.65285e+06, 0
4.52337e+06, 1.24441e+06, 0
8.13822e+06, 5.32257e+06, 0
6.0519e+06, 2.92202e+06, 0
1.0561e+07, 2.37661e+06, 0
6.1179e+06, 1.36594e+06, 0
3.28249e+06, 721641, 0
7.45381e+06, 4.61442e+06, 0
8.67488e+06, 1.54479e+06, 0
9.52919e+06, 3.34042e+06, 0
6.63166e+06, 2.85732e+06, 0
4.02414e+06, 989340, 0
7.55582e+06, 4.99917e+06, 0
5.41278e+06, 1.9802e+06, 0
5.12198e+06, 1.99733e+06, 0
8.31469e+06, 403204, 0
1.45518e+07, 2.55088e+06, 0
6.14701e+06, 2.674e+06, 0
7.32003e+06, 4.63561e+06, 0
6.18004e+06, 3.01801e+06, 0
8.10849e+06, 3.85872e+06, 0
7.45929e+06, 2.63191e+06, 0
5.34708e+06, 1.45242e+06, 0
4.79227e+06, 2.32341e+06, 0
6.86472e+06, 3.45326e+06, 0
4.87328e+06, 2.91727e+06, 0
6.57782e+06, 3.31008e+06, 0
1.10706e+07, 7.57859e+06, 0
3.05987e+06, 1.23899e+06, 0
1.06585e+07, 4.84057e+06, 0
6.75359e+06, 3.55233e+06, 0
8.65983e+06, 4.66835e+06, 0
3.08247e+06, 1.06081e+06, 0
4.42189e+06, 1.81609e+06, 0
9.91275e+06, 5.25424e+06, 0
7.29009e+06, 2.84273e+06, 0
8.43747e+06, 1.02631e+06, 0
7.53393e+06, 3.77701e+06, 0
5.09054e+06, 3.25049e+06, 0
8.05051e+06, 4.94719e+06, 0
4.239e+06, 2.15595e+06, 0
7.08302e+06, 2.69862e+06, 0
3.94732e+06, 1.88526e+06, 0
7.60739e+06, 747366, 0
4.15561e+06, 1.82722e+06, 0
8.57177e+06, 5.65263e+06, 0
1.2764e+07, 4.94189e+06, 0
5.78545e+06, 2.36361e+06, 0
8.37201e+06, 858525, 0
1.10908e+07, 2.80299e+06, 0
2.30693e+06, 223514, 0
3.23937e+06, 1.48828e+06, 0
6.90052e+06, 3.93274e+06, 0
4.65797e+06, 1.2364e+06, 0
1.60602e+07, 2.04662e+06, 0
6.40253e+06, 1.28569e+06, 0
8.84532e+06, 4.12677e+06, 0
1.02333e+07, 5.48894e+06, 0
5.11342e+06, 2.89533e+06, 0
7.63347e+06, 426773, 0
5.05048e+06, 2.49177e+06, 0
8.06398e+06, 2.89399e+06, 0
6.90414e+06, 4.44823e+06, 0
1.072e+07, 7.03411e+06, 0
6.89615e+06, 2.96558e+06, 0
2.70413e+06, 816110, 0
9.24082e+06, 871221, 0
4.79314e+06, 803804, 0
3.71704e+06, 1.34734e+06, 0
3.06615e+06, 802114, 0
5.25779e+06, 3.11048e+06, 0
4.07054e+06, 845286, 0
5.80712e+06, 3.29765e+06, 0
3.85343e+06, 1.4338e+06, 0
1.01872e+07, 2.97713e+06, 0
4.17523e+06, 1.94824e+06, 0
5.11552e+06, 1.75714e+06, 0
5.27638e+06, 1.72776e+06, 0
8.49159e+06, 2.91028e+06, 0
4.25036e+06, 1.28758e+06, 0
2.66153e+06, 943796, 0
4.30318e+06, 737539, 0
7.07791e+06, 1.23007e+06, 0
6.59555e+06, 3.23847e+06, 0
6.31227e+06, 2.94152e+06, 0
6.02305e+06, 3.74056e+06, 0
3.20491e+06, 418649, 0
4.15978e+06, 2.13472e+06, 0
4.23609e+06, 1.59371e+06, 0
5.42486e+06, 1.83039e+06, 0
5.90583e+06, 2.87687e+06, 0
6.22626e+06, 3.16439e+06, 0
9.61847e+06, 4.53946e+06, 0
6.93247e+06, 3.26251e+06, 0
1.38225e+07, 3.83194e+06, 0
1.06567e+07, 4.48022e+06, 0
7.41399e+06, 678454, 0
6.79976e+06, 1.77448e+06, 0
6.84963e+06, 3.40391e+06, 0
9.77759e+06, 3.82334e+06, 0
5.56854e+06, 1.98276e+06, 0
4.86887e+06, 2.30002e+06, 0
4.76696e+06, 2.77372e+06, 0
8.45369e+06, 1.89425e+06, 0
9.77069e+06, 3.11977e+06, 0
7.19689e+06, 3.45624e+06, 0
4.12714e+06, 1.27728e+06, 0
5.43709e+06, 2.70222e+06, 0
6.31061e+06, 1.63652e+06, 0
1.05807e+07, 3.22186e+06, 0
1.20471e+07, 1.49083e+06, 0
4.3171e+06, 794922, 0
4.0543e+06, 1.47494e+06, 0
5.15046e+06, 2.6343e+06, 0
7.70075e+06, 3.31524e+06, 0
6.66038e+06, 1.57101e+06, 0
5.04122e+06, 1.90921e+06, 0
1.40855e+07, 9.06286e+06, 0
7.96885e+06, 2.15813e+06, 0
5.20282e+06, 2.53679e+06, 0
5.08433e+06, 1.73512e+06, 0
1.12444e+07, 5.88773e+06, 0
7.52873e+06, 5.09286e+06, 0
4.61459e+06, 2.32998e+06, 0
6.12838e+06, 3.09994e+06, 0
7.78828e+06, 3.64944e+06, 0
3.20447e+06, 1.5001e+06, 0
3.70343e+06, 2.05204e+06, 0
6.12883e+06, 1.28435e+06, 0
4.54028e+06, 1.44808e+06, 0
5.49812e+06, 3.33896e+06, 0
7.45374e+06, 1.72865e+06, 0
6.6954e+06, 3.54931e+06, 0
4.70787e+06, 2.27913e+06, 0
4.58679e+06, 2.84521e+06, 0
6.74964e+06, 777566, 0
7.94771e+06, 3.83156e+06, 0
3.87253e+06, 1.51732e+06, 0
4.49693e+06, 882394, 0
3.6187e+06, 1.09514e+06, 0
4.59878e+06, 1.12896e+06, 0
7.31967e+06, 3.26947e+06, 0
5.3489e+06, 3.10199e+06, 0
6.30822e+06, 3.82354e+06, 0
5.25847e+06, 519493, 0
3.0708e+06, 1.12943e+06, 0
3.64643e+06, 1.78357e+06, 0
5.64725e+06, 1.89787e+06, 0
2.83842e+06, 720564, 0
6.37352e+06, 3.55205e+06, 0
7.68804e+06, 2.65321e+06, 0
8.60899e+06, 3.69332e+06, 0
6.28285e+06, 1.7358e+06, 0
9.83691e+06, 1.59297e+06, 0
4.58152e+06, 2.09662e+06, 0
3.2522e+06, 1.71435e+06, 0
1.25319e+07, 6.81319e+06, 0
4.69904e+06, 2.808e+06, 0
8.78315e+06, 5.1406e+06, 0
3.5699e+06, 1.4418e+06, 0
4.81499e+06, 2.05265e+06, 0
6.24933e+06, 2.47218e+06, 0
1.0193e+07, 6.46148e+06, 0
5.72668e+06, 2.82684e+06, 0
3.22211e+06, 1.55234e+06, 0
8.66306e+06, 3.37828e+06, 0
4.75917e+06, 1.79629e+06, 0
2.62789e+06, 952597, 0
4.01097e+06, 475878, 0
6.94544e+06, 4.70991e+06, 0
5.97501e+06, 383175, 0
9.26325e+06, 3.5932e+06, 0
4.27891e+06, 1.51946e+06, 0
5.15215e+06, 911392, 0
1.00774e+07, 5.44496e+06, 0
4.0999e+06, 1.11066e+06, 0
5.14532e+06, 1.159e+06, 0
8.62542e+06, 1.21988e+06, 0
9.69514e+06, 3.95765e+06, 0
9.43264e+06, 6.44965e+06, 0
3.9544e+06, 2.00543e+06, 0
7.57891e+06, 1.77117e+06, 0
9.02501e+06, 4.12023e+06, 0
5.16505e+06, 2.55196e+06, 0
9.84442e+06, 3.47139e+06, 0
4.41284e+06, 1.58861e+06, 0
7.46595e+06, 1.73663e+06, 0
8.67658e+06, 3.32851e+06, 0
9.52716e+06, 5.2169e+06, 0
8.32362e+06, 2.26191e+06, 0
4.55117e+06, 2.7044e+06, 0
6.09374e+06, 2.91372e+06, 0
7.52129e+06, 2.00201e+06, 0
6.10717e+06, 1.69291e+06, 0
9.27737e+06, 1.75262e+06, 0
6.06486e+06, 1.91319e+06, 0
1.11924e+07, 3.29148e+06, 0
8.74798e+06, 820263, 0
3.34789e+06, 1.11483e+06, 0
4.82372e+06, 2.59452e+06, 0
1.06577e+07, 3.34071e+06, 0
3.46292e+06, 1.82453e+06, 0
3.57201e+06, 725588, 0
6.24125e+06, 3.33394e+06, 0
1.02373e+07, 1.35943e+06, 0
6.14563e+06, 2.43461e+06, 0
9.53706e+06, 6.55461e+06, 0
4.96009e+06, 3.19772e+06, 0
3.30638e+06, 1.05905e+06, 0
3.42065e+06, 1.20334e+06, 0
6.44284e+06, 1.84282e+06, 0
5.19823e+06, 2.34288e+06, 0
4.96398e+06, 1.47814e+06, 0
9.66235e+06, 6.52929e+06, 0
4.66315e+06, 939148, 0
8.96965e+06, 2.96869e+06, 0
4.6797e+06, 2.74788e+06, 0
7.32182e+06, 3.49279e+06, 0
9.50897e+06, 4.12798e+06, 0
5.08618e+06, 2.72807e+06, 0
6.22541e+06, 2.88086e+06, 0
8.32514e+06, 2.10226e+06, 0
4.31675e+06, 2.22259e+06, 0
6.26258e+06, 2.54615e+06, 0
5.4189e+06, 2.6953e+06, 0
5.56803e+06, 2.19767e+06, 0
4.6055e+06, 2.26997e+06, 0
4.62379e+06, 1.73735e+06, 0
8.55988e+06, 5.1998e+06, 0
1.05903e+07, 7.4353e+06, 0
4.83789e+06, 2.47308e+06, 0
6.32932e+06, 3.16173e+06, 0
4.96394e+06, 2.15075e+06, 0
5.96583e+06, 2.25856e+06, 0
8.79252e+06, 2.30885e+06, 0
1.08613e+07, 1.91708e+06, 0
7.57052e+06, 4.90828e+06, 0
9.49273e+06, 5.35733e+06, 0
8.63491e+06, 4.50051e+06, 0
8.32261e+06, 3.4548e+06, 0
6.77118e+06, 3.18374e+06, 0
4.54145e+06, 2.82891e+06, 0
4.88731e+06, 665325, 0
6.10697e+06, 2.25512e+06, 0
8.64588e+06, 5.65146e+06, 0
6.96743e+06, 3.07976e+06, 0
4.76337e+06, 2.84137e+06, 0
9.22187e+06, 1.02109e+06, 0
3.41002e+06, 1.87464e+06, 0
7.0176e+06, 2.93572e+06, 0
3.91855e+06, 2.29392e+06, 0
4.14737e+06, 239880, 0
9.5719e+06, 3.64337e+06, 0
4.58004e+06, 1.47979e+06, 0
3.61895e+06, 1.69945e+06, 0
8.5723e+06, 3.34157e+06, 0
1.17855e+07, 4.67057e+06, 0
6.10293e+06, 3.64339e+06, 0
6.26422e+06, 2.58819e+06, 0
3.92692e+06, 2.12932e+06, 0
8.60698e+06, 2.76045e+06, 0
9.04029e+06, 5.94346e+06, 0
3.48154e+06, 1.344e+06, 0
9.01043e+06, 3.12611e+06, 0
4.35014e+06, 1.67015e+06, 0
5.00535e+06, 2.756e+06, 0
3.87801e+06, 1.96902e+06, 0
6.16706e+06, 2.58139e+06, 0
6.60361e+06, 3.18662e+06, 0
6.02141e+06, 3.87188e+06, 0
8.16703e+06, 4.14209e+06, 0
4.74936e+06, 527488, 0
1.04554e+07, 2.22313e+06, 0
1.01091e+07, 3.97295e+06, 0
6.75527e+06, 4.48221e+06, 0
3.83356e+06, 621109, 0
3.79947e+06, 731523, 0
5.01387e+06, 3.22459e+06, 0
4.34755e+06, 2.18959e+06, 0
8.04989e+06, 3.92809e+06, 0
4.61906e+06, 2.11111e+06, 0
6.58026e+06, 3.97937e+06, 0
3.78537e+06, 782267, 0
1.02031e+07, 5.5557e+06, 0
7.79193e+06, 4.48449e+06, 0
6.63512e+06, 3.94604e+06, 0
4.90348e+06, 2.64493e+06, 0
3.92289e+06, 1.60463e+06, 0
4.84927e+06, 2.63054e+06, 0
1.24763e+07, 2.72506e+06, 0
9.44303e+06, 3.99712e+06, 0
5.18093e+06, 3.11569e+06, 0
9.72937e+06, 1.71516e+06, 0
9.24996e+06, 5.84426e+06, 0
7.44364e+06, 4.85926e+06, 0
3.23818e+06, 1.60391e+06, 0
7.30933e+06, 3.85189e+06, 0
7.85502e+06, 1.40795e+06, 0
9.40804e+06, 5.40748e+06, 0
5.4298e+06, 1.49058e+06, 0
5.57891e+06, 3.28979e+06, 0
1.01035e+07, 6.86543e+06, 0
5.5821e+06, 2.32884e+06, 0
8.39016e+06, 4.17625e+06, 0
7.49267e+06, 3.83357e+06, 0
5.59218e+06, 3.02313e+06, 0
9.3626e+06, 2.77115e+06, 0
5.87732e+06, 1.26666e+06, 0
2.475e+06, 672754, 0
5.10206e+06, 1.65437e+06, 0
3.60489e+06, 1.92397e+06, 0
1.02699e+07, 5.71168e+06, 0
7.44962e+06, 5.07257e+06, 0
5.78016e+06, 2.91849e+06, 0
5.35397e+06, 418863, 0
9.16474e+06, 5.379e+06, 0
3.51409e+06, 1.11889e+06, 0
3.0877e+06, 719081, 0
9.59705e+06, 4.86139e+06, 0
6.78923e+06, 2.0848e+06, 0
1.15307e+07, 4.34517e+06, 0
7.27443e+06, 2.52321e+06, 0
6.18023e+06, 3.10016e+06, 0
8.50025e+06, 4.44551e+06, 0
1.43911e+07, 1.75136e+06, 0
5.58324e+06, 2.28339e+06, 0
3.19923e+06, 388211, 0
9.17147e+06, 2.72458e+06, 0
5.75297e+06, 834234, 0
3.95807e+06, 1.58756e+06, 0
5.0536e+06, 1.65968e+06, 0
9.03881e+06, 3.3495e+06, 0
6.07833e+06, 3.99748e+06, 0
7.75918e+06, 1.39973e+06, 0
1.16376e+07, 2.22189e+06, 0
1.04825e+07, 3.54676e+06, 0
3.45919e+06, 1.76479e+06, 0
5.01409e+06, 2.72602e+06, 0
4.56768e+06, 1.34925e+06, 0
8.40638e+06, 3.59811e+06, 0
6.44982e+06, 2.03797e+06, 0
6.91988e+06, 931062, 0
3.38757e+06, 1.07435e+06, 0
7.5388e+06, 3.67208e+06, 0
6.88949e+06, 4.49632e+06, 0
6.22944e+06, 3.23392e+06, 0
8.99958e+06, 6.25065e+06, 0
9.79581e+06, 4.12188e+06, 0
4.83838e+06, 3.04968e+06, 0
6.92223e+06, 3.11638e+06, 0
7.98204e+06, 4.62169e+06, 0
6.13456e+06, 2.21636e+06, 0
5.20132e+06, 2.80238e+06, 0
5.41723e+06, 2.56042e+06, 0
7.14628e+06, 3.88923e+06, 0
4.93218e+06, 2.78248e+06, 0
6.18693e+06, 1.51925e+06, 0
1.24349e+07, 5.35509e+06, 0
8.28358e+06, 2.98767e+06, 0
4.24989e+06, 2.43714e+06, 0
3.45797e+06, 1.60242e+06, 0
4.67769e+06, 2.64681e+06, 0
7.23651e+06, 1.50684e+06, 0
5.04656e+06, 1.66923e+06, 0
6.84003e+06, 3.47942e+06, 0
5.74574e+06, 3.54829e+06, 0
2.84862e+06, 605163, 0
6.00392e+06, 1.67499e+06, 0
7.75671e+06, 2.71548e+06, 0
1.05361e+07, 4.61075e+06, 0
1.34404e+07, 2.65994e+06, 0
8.73317e+06, 5.37766e+06, 0
7.80018e+06, 1.1685e+06, 0
4.31641e+06, 1.46538e+06, 0
5.56427e+06, 403929, 0
5.63146e+06, 1.38208e+06, 0
1.33826e+07, 3.64492e+06, 0
3.17948e+06, 1.52821e+06, 0
3.3622e+06, 1.66831e+06, 0
6.60983e+06, 632616, 0
6.51519e+06, 3.11096e+06, 0
5.40789e+06, 2.75773e+06, 0
4.85441e+06, 2.26349e+06, 0
1.11572e+07, 7.35428e+06, 0
4.44123e+06, 1.90849e+06, 0
7.13032e+06, 4.12021e+06, 0
4.78221e+06, 2.9934e+06, 0
6.49209e+06, 4.03233e+06, 0
5.02583e+06, 961377, 0
5.32581e+06, 1.04207e+06, 0
4.27437e+06, 2.1649e+06, 0
6.57033e+06, 1.75523e+06, 0
9.23549e+06, 4.04649e+06, 0
6.37799e+06, 2.42144e+06, 0
5.65458e+06, 3.54183e+06, 0
8.1191e+06, 3.00512e+06, 0
5.27677e+06, 413161, 0
7.89954e+06, 2.3542e+06, 0
2.61473e+06, 1.00859e+06, 0
4.75161e+06, 893294, 0
5.09698e+06, 1.43823e+06, 0
6.96871e+06, 3.83947e+06, 0
5.40725e+06, 3.05046e+06, 0
9.70465e+06, 1.76446e+06, 0
1.05935e+07, 4.2835e+06, 0
6.97403e+06, 2.72329e+06, 0
6.69186e+06, 1.77904e+06, 0
3.07198e+06, 727620, 0
5.38998e+06, 2.43443e+06, 0
5.90457e+06, 1.58884e+06, 0
5.12509e+06, 1.3638e+06, 0
5.2695e+06, 1.35126e+06, 0
6.14755e+06, 2.65288e+06, 0
6.25308e+06, 1.40138e+06, 0
8.24439e+06, 2.79178e+06, 0
4.60364e+06, 1.1631e+06, 0
5.36116e+06, 2.58831e+06, 0
1.04162e+07, 4.48618e+06, 0
8.22838e+06, 3.56696e+06, 0
6.42055e+06, 2.6626e+06, 0
6.35313e+06, 3.7039e+06, 0
9.93919e+06, 2.1197e+06, 0
7.32077e+06, 4.62605e+06, 0
5.28007e+06, 1.96409e+06, 0
3.50283e+06, 566213, 0
4.23699e+06, 723648, 0
8.20391e+06, 3.40259e+06, 0
4.35884e+06, 2.30909e+06, 0
5.52544e+06, 1.4e+06, 0
4.1688e+06, 2.15362e+06, 0
9.57349e+06, 5.07326e+06, 0
1.32399e+07, 2.65707e+06, 0
9.40344e+06, 116503, 0
1.3703e+07, 2.87696e+06, 0
3.31103e+06, 376610, 0
9.64433e+06, 1.04945e+06, 0
7.93425e+06, 3.31946e+06, 0
6.27293e+06, 3.51544e+06, 0
8.79821e+06, 3.68415e+06, 0
4.93674e+06, 1.65237e+06, 0
5.52866e+06, 2.43236e+06, 0
7.17305e+06, 3.67653e+06, 0
7.896e+06, 1.17234e+06, 0
8.64428e+06, 3.59693e+06, 0
3.63558e+06, 726816, 0
7.0365e+06, 3.52363e+06, 0
4.54405e+06, 2.12253e+06, 0
5.08609e+06, 2.71136e+06, 0
7.07607e+06, 4.15164e+06, 0
1.11288e+07, 2.82608e+06, 0
3.17434e+06, 523707, 0
3.38255e+06, 1.31113e+06, 0
4.97706e+06, 1.92256e+06, 0
6.03948e+06, 837660, 0
9.03121e+06, 2.99547e+06, 0
4.40187e+06, 2.21455e+06, 0
6.4854e+06, 2.48897e+06, 0
5.8888e+06, 3.48443e+06, 0
8.42588e+06, 3.90037e+06, 0
8.22316e+06, 3.36776e+06, 0
1.3987e+07, 3.2736e+06, 0
1.1343e+07, 3.06617e+06, 0
5.75486e+06, 3.00402e+06, 0
3.35564e+06, 835828, 0
5.53528e+06, 1.88539e+06, 0
8.37623e+06, 5.16856e+06, 0
6.44131e+06, 3.41015e+06, 0
7.10308e+06, 1.67486e+06, 0
6.24065e+06, 3.84035e+06, 0
2.87728e+06, 495604, 0
3.45477e+06, 717370, 0
7.67506e+06, 900596, 0
6.89808e+06, 4.40227e+06, 0
8.38391e+06, 5.59442e+06, 0
9.85484e+06, 4.81217e+06, 0
9.6961e+06, 6.11518e+06, 0
5.7455e+06, 2.74274e+06, 0
6.58296e+06, 2.50595e+06, 0
5.31373e+06, 3.30479e+06, 0
8.86068e+06, 1.57721e+06, 0
7.49619e+06, 1.3235e+06, 0
6.87742e+06, 4.28722e+06, 0
2.25266e+06, 172398, 0
5.77663e+06, 3.70725e+06, 0
4.0253e+06, 2.22912e+06, 0
3.67395e+06, 1.11681e+06, 0
5.1384e+06, 2.65829e+06, 0
8.1993e+06, 4.49185e+06, 0
6.75994e+06, 1.8844e+06, 0
9.20509e+06, 5.84288e+06, 0
5.22758e+06, 834614, 0
6.22739e+06, 965757, 0
1.08574e+07, 7.03128e+06, 0
8.29379e+06, 2.69118e+06, 0
2.28314e+06, 356354, 0
4.32476e+06, 1.89138e+06, 0
8.33628e+06, 2.93628e+06, 0
1.16455e+07, 3.5494e+06, 0
1.09386e+07, 4.95891e+06, 0
8.21165e+06, 696128, 0
9.54496e+06, 4.62669e+06, 0
5.70584e+06, 1.44115e+06, 0
9.06963e+06, 3.2302e+06, 0
6.0437e+06, 2.36648e+06, 0
9.18274e+06, 3.73973e+06, 0
1.03043e+07, 4.86003e+06, 0
7.62224e+06, 4.7351e+06, 0
3.03102e+06, 1.46029e+06, 0
4.44286e+06, 2.37343e+06, 0
8.55154e+06, 4.19731e+06, 0
1.04651e+07, 6.14534e+06, 0
8.16145e+06, 2.99228e+06, 0
8.351e+06, 4.46267e+06, 0
4.52998e+06, 1.62112e+06, 0
5.70276e+06, 3.65859e+06, 0
3.10385e+06, 1.21466e+06, 0
1.01267e+07, 5.25012e+06, 0
6.8554e+06, 2.12911e+06, 0
7.78934e+06, 4.15068e+06, 0
4.12901e+06, 2.03788e+06, 0
4.6626e+06, 2.11169e+06, 0
7.19035e+06, 3.64253e+06, 0
4.41411e+06, 842964, 0
6.98215e+06, 130200, 0
4.85154e+06, 2.67058e+06, 0
8.02927e+06, 1.71809e+06, 0
5.60418e+06, 851748, 0
7.19747e+06, 3.85224e+06, 0
1.02247e+07, 4.41979e+06, 0
7.68125e+06, 2.63403e+06, 0
7.56899e+06, 3.52985e+06, 0
7.62049e+06, 3.14262e+06, 0
9.90264e+06, 4.10631e+06, 0
8.39978e+06, 2.62516e+06, 0
5.90812e+06, 2.19916e+06, 0
6.23122e+06, 3.12968e+06, 0
7.02605e+06, 4.35813e+06, 0
4.62668e+06, 489703, 0
6.93158e+06, 3.9045e+06, 0
1.03868e+07, 3.00005e+06, 0
2.9077e+06, 823713, 0
6.19377e+06, 3.81221e+06, 0
6.15779e+06, 2.67092e+06, 0
6.13015e+06, 3.35217e+06, 0
6.05903e+06, 2.27296e+06, 0
4.27206e+06, 802639, 0
5.55275e+06, 3.54511e+06, 0
3.22703e+06, 774295, 0
6.2944e+06, 1.95848e+06, 0
5.56737e+06, 3.43952e+06, 0
7.00672e+06, 2.56318e+06, 0
3.70384e+06, 2.08002e+06, 0
1.30709e+07, 4.16057e+06, 0
4.74365e+06, 2.7101e+06, 0
4.63326e+06, 1.57623e+06, 0
6.28085e+06, 4.16583e+06, 0
3.50859e+06, 943946, 0
7.49736e+06, 2.50379e+06, 0
7.80318e+06, 3.87381e+06, 0
6.49091e+06, 590003, 0
6.48568e+06, 2.85405e+06, 0
5.69566e+06, 1.2181e+06, 0
7.43527e+06, 2.11393e+06, 0
5.41169e+06, 2.81897e+06, 0
4.72673e+06, 1.26091e+06, 0
3.1243e+06, 1.07664e+06, 0
4.19367e+06, 1.67954e+06, 0
5.45241e+06, 3.36145e+06, 0
9.01816e+06, 5.51333e+06, 0
5.67411e+06, 2.52575e+06, 0
9.5934e+06, 4.26507e+06, 0
1.34526e+07, 1.75358e+06, 0
5.43726e+06, 1.87439e+06, 0
6.58161e+06, 3.74555e+06, 0
4.23323e+06, 1.48563e+06, 0
6.33992e+06, 1.50034e+06, 0
9.17352e+06, 3.91277e+06, 0
4.40366e+06, 2.53098e+06, 0
7.29188e+06, 3.69074e+06, 0
1.10495e+07, 5.72138e+06, 0
7.49967e+06, 1.50965e+06, 0
8.35546e+06, 5.31118e+06, 0
2.70755e+06, 1.10058e+06, 0
6.96399e+06, 2.07474e+06, 0
6.26462e+06, 2.70418e+06, 0
5.0623e+06, 3.21912e+06, 0
5.11875e+06, 3.08327e+06, 0
1.08655e+07, 3.58865e+06, 0
7.52677e+06, 2.06238e+06, 0
3.40604e+06, 1.52783e+06, 0
4.75262e+06, 2.98471e+06, 0
4.46872e+06, 1.18961e+06, 0
5.67715e+06, 1.80444e+06, 0
4.01267e+06, 2.33809e+06, 0
2.62154e+06, 1.02024e+06, 0
6.47932e+06, 4.20564e+06, 0
1.24867e+07, 4.08104e+06, 0
7.17991e+06, 1.50217e+06, 0
7.16329e+06, 3.60554e+06, 0
7.71875e+06, 1.75016e+06, 0
9.53347e+06, 2.51321e+06, 0
4.59979e+06, 2.43474e+06, 0
1.01488e+07, 6.60316e+06, 0
2.79147e+06, 783421, 0
8.20105e+06, 541983, 0
3.99129e+06, 2.15772e+06, 0
5.4663e+06, 2.91818e+06, 0
1.17779e+07, 2.42525e+06, 0
6.68198e+06, 3.73794e+06, 0
2.84542e+06, 1.24657e+06, 0
8.64464e+06, 4.99631e+06, 0
4.05756e+06, 1.78405e+06, 0
6.09561e+06, 2.59178e+06, 0
6.15723e+06, 1.34665e+06, 0
4.17333e+06, 1.28656e+06, 0
3.33799e+06, 831702, 0
4.92659e+06, 962298, 0
5.74035e+06, 3.67972e+06, 0
7.54928e+06, 3.62137e+06, 0
6.1762e+06, 1.92169e+06, 0
3.89255e+06, 2.21236e+06, 0
6.51854e+06, 3.05274e+06, 0
9.76868e+06, 4.29943e+06, 0
9.40839e+06, 2.53891e+06, 0
4.42572e+06, 2.54145e+06, 0
4.27668e+06, 2.00505e+06, 0
4.90265e+06, 2.47714e+06, 0
4.65736e+06, 885625, 0
1.00484e+07, 5.66146e+06, 0
3.96493e+06, 1.54386e+06, 0
6.22457e+06, 666358, 0
4.66746e+06, 2.30714e+06, 0
5.07905e+06, 2.65115e+06, 0
4.4543e+06, 1.86923e+06, 0
4.2409e+06, 2.24473e+06, 0
9.28814e+06, 2.03499e+06, 0
9.11545e+06, 2.07795e+06, 0
8.99897e+06, 5.80494e+06, 0
9.80702e+06, 2.91562e+06, 0
4.99615e+06, 2.50937e+06, 0
4.41373e+06, 1.20995e+06, 0
4.62314e+06, 1.13066e+06, 0
1.1051e+07, 2.64199e+06, 0
8.81268e+06, 4.0716e+06, 0
5.02264e+06, 3.06795e+06, 0
8.46167e+06, 5.7115e+06, 0
7.0444e+06, 4.22742e+06, 0
1.09616e+07, 5.07219e+06, 0
8.22971e+06, 4.48253e+06, 0
5.85944e+06, 1.92445e+06, 0
7.01993e+06, 2.01978e+06, 0
6.98615e+06, 1.46998e+06, 0
7.2415e+06, 3.40561e+06, 0
9.9517e+06, 6.74714e+06, 0
3.62146e+06, 1.00928e+06, 0
3.99085e+06, 1.46886e+06, 0
8.20094e+06, 2.01521e+06, 0
6.24192e+06, 2.05866e+06, 0
3.66486e+06, 1.22671e+06, 0
3.98702e+06, 1.27605e+06, 0
6.85725e+06, 2.46617e+06, 0
4.15266e+06, 2.46887e+06, 0
1.71275e+07, 3.2329e+06, 0
2.55048e+06, 380270, 0
9.72033e+06, 4.13929e+06, 0
5.99428e+06, 3.73326e+06, 0
6.2439e+06, 2.44061e+06, 0
8.69402e+06, 3.79168e+06, 0
5.31244e+06, 787046, 0
1.2762e+07, 306364, 0
4.95181e+06, 1.94759e+06, 0
5.95489e+06, 3.00272e+06, 0
2.50781e+06, 604472, 0
3.58612e+06, 1.39352e+06, 0
1.0949e+07, 2.29546e+06, 0
6.91859e+06, 1.95521e+06, 0
3.95797e+06, 161295, 0
3.07904e+06, 317205, 0
6.90013e+06, 979044, 0
5.78376e+06, 2.27589e+06, 0
2.58429e+06, 913482, 0
5.98644e+06, 3.16699e+06, 0
8.86064e+06, 5.44958e+06, 0
5.42463e+06, 2.20586e+06, 0
5.89992e+06, 2.20624e+06, 0
7.46057e+06, 4.60062e+06, 0
6.73126e+06, 1.99378e+06, 0
8.04047e+06, 4.98179e+06, 0
7.1948e+06, 1.61962e+06, 0
1.14839e+07, 7.91126e+06, 0
6.83248e+06, 4.3217e+06, 0
8.34589e+06, 5.53983e+06, 0
8.47291e+06, 1.95185e+06, 0
5.69099e+06, 2.4493e+06, 0
5.29915e+06, 2.05986e+06, 0
5.6681e+06, 2.47806e+06, 0
8.89547e+06, 2.1849e+06, 0
7.3541e+06, 4.53307e+06, 0
3.85956e+06, 1.02843e+06, 0
4.52668e+06, 2.14357e+06, 0
9.97642e+06, 5.70554e+06, 0
4.96123e+06, 1.49929e+06, 0
4.02796e+06, 1.21307e+06, 0
6.97767e+06, 1.81757e+06, 0
1.02198e+07, 3.16691e+06, 0
6.20033e+06, 2.49099e+06, 0
7.00772e+06, 4.58264e+06, 0
5.57556e+06, 3.63105e+06, 0
7.62982e+06, 4.13615e+06, 0
5.7581e+06, 2.93592e+06, 0
5.44792e+06, 2.45725e+06, 0
4.88068e+06, 3.09888e+06, 0
6.9456e+06, 4.51404e+06, 0
6.29068e+06, 2.57484e+06, 0
8.67066e+06, 2.85594e+06, 0
3.47733e+06, 1.10299e+06, 0
5.92284e+06, 1.77662e+06, 0
5.1807e+06, 2.63324e+06, 0
1.16132e+07, 7.28077e+06, 0
4.59161e+06, 1.0867e+06, 0
2.72265e+06, 808276, 0
9.51851e+06, 6.60676e+06, 0
7.63767e+06, 2.27158e+06, 0
7.52429e+06, 3.34901e+06, 0
4.39398e+06, 1.50464e+06, 0
4.71608e+06, 2.61674e+06, 0
7.6414e+06, 4.9654e+06, 0
4.5795e+06, 920358, 0
4.14787e+06, 1.77201e+06, 0
5.32957e+06, 1.67199e+06, 0
7.34232e+06, 3.76871e+06, 0
5.37985e+06, 2.20427e+06, 0
5.67439e+06, 2.3874e+06, 0
4.52252e+06, 2.7511e+06, 0
3.92308e+06, 1.45901e+06, 0
1.34757e+07, 5.02582e+06, 0
5.34143e+06, 3.06885e+06, 0
8.09048e+06, 2.57108e+06, 0
6.66182e+06, 2.84591e+06, 0
7.07031e+06, 2.82588e+06, 0
2.99528e+06, 676105, 0
3.31608e+06, 319066, 0
7.28793e+06, 3.83726e+06, 0
9.6632e+06, 6.38302e+06, 0
7.66828e+06, 917196, 0
6.61228e+06, 3.70259e+06, 0
8.22305e+06, 4.7087e+06, 0
2.98688e+06, 494435, 0
4.21499e+06, 2.5614e+06, 0
3.74192e+06, 1.98608e+06, 0
6.19349e+06, 2.9435e+06, 0
5.95538e+06, 2.27881e+06, 0
1.04059e+07, 6.55809e+06, 0
4.56488e+06, 2.84163e+06, 0
9.18404e+06, 3.8596e+06, 0
6.67736e+06, 3.61382e+06, 0
6.13687e+06, 1.22559e+06, 0
8.55418e+06, 2.9285e+06, 0
4.30483e+06, 1.67435e+06, 0
2.55626e+06, 538415, 0
3.4044e+06, 1.24282e+06, 0
1.2561e+07, 3.26072e+06, 0
8.34726e+06, 1.4961e+06, 0
1.08533e+07, 3.19077e+06, 0
3.83795e+06, 1.64848e+06, 0
5.72648e+06, 2.66618e+06, 0
4.99136e+06, 3.2096e+06, 0
4.86921e+06, 2.65223e+06, 0
7.01122e+06, 3.8158e+06, 0
3.29838e+06, 404218, 0
1.05748e+07, 3.12379e+06, 0
8.58744e+06, 3.81262e+06, 0
6.26285e+06, 3.44194e+06, 0
6.25326e+06, 4.12414e+06, 0
6.10797e+06, 3.00639e+06, 0
1.02943e+07, 3.97175e+06, 0
8.85739e+06, 3.60383e+06, 0
6.39998e+06, 4.08345e+06, 0
3.64409e+06, 1.43874e+06, 0
6.43008e+06, 441152, 0
4.37037e+06, 2.66286e+06, 0
1.05542e+07, 2.5958e+06, 0
5.38745e+06, 3.36824e+06, 0
1.39733e+07, 2.67604e+06, 0
6.56451e+06, 719469, 0
5.63609e+06, 2.64886e+06, 0
9.55501e+06, 3.5901e+06, 0
6.2706e+06, 4.02468e+06, 0
4.50613e+06, 775929, 0
9.83334e+06, 6.44218e+06, 0
7.09368e+06, 4.2008e+06, 0
3.695e+06, 1.23464e+06, 0
4.69332e+06, 1.93678e+06, 0
5.2377e+06, 2.42647e+06, 0
3.47924e+06, 385251, 0
3.78306e+06, 1.64137e+06, 0
4.62421e+06, 2.37125e+06, 0
9.80341e+06, 2.39181e+06, 0
5.23602e+06, 685023, 0
1.15904e+07, 3.23767e+06, 0
2.61117e+06, 781089, 0
7.9659e+06, 1.84086e+06, 0
3.49753e+06, 1.07968e+06, 0
4.72515e+06, 2.98721e+06, 0
4.97944e+06, 1.62734e+06, 0
7.07036e+06, 423008, 0
9.47198e+06, 1.47924e+06, 0
4.21058e+06, 2.43649e+06, 0
3.72531e+06, 1.54876e+06, 0
6.19147e+06, 1.81457e+06, 0
9.53584e+06, 83576.8, 0
7.35816e+06, 211793, 0
1.1092e+07, 4.31025e+06, 0
9.57273e+06, 2.48711e+06, 0
4.7411e+06, 1.57195e+06, 0
4.9925e+06, 2.94375e+06, 0
4.58285e+06, 2.36903e+06, 0
2.8861e+06, 1.32278e+06, 0
7.56054e+06, 1.53809e+06, 0
8.91465e+06, 500847, 0
5.09662e+06, 2.84669e+06, 0
5.74093e+06, 3.08304e+06, 0
7.59963e+06, 851971, 0
6.28328e+06, 3.53563e+06, 0
7.61214e+06, 4.09357e+06, 0
6.30632e+06, 1.74717e+06, 0
7.80798e+06, 1.74974e+06, 0
4.72276e+06, 1.49118e+06, 0
4.61908e+06, 2.8427e+06, 0
6.81376e+06, 4.00041e+06, 0
9.14034e+06, 2.45837e+06, 0
1.1616e+07, 7.97577e+06, 0
1.05192e+07, 1.60511e+06, 0
1.01289e+07, 6.51769e+06, 0
4.75107e+06, 2.39208e+06, 0
3.65785e+06, 1.84101e+06, 0
4.56625e+06, 1.90757e+06, 0
5.12235e+06, 2.06845e+06, 0
6.96004e+06, 858051, 0
4.80313e+06, 1.87331e+06, 0
3.63966e+06, 1.74595e+06, 0
7.57994e+06, 811771, 0
8.0447e+06, 5.17024e+06, 0
4.2588e+06, 1.75406e+06, 0
8.19267e+06, 5.43252e+06, 0
8.90812e+06, 4.65046e+06, 0
5.45144e+06, 2.95871e+06, 0
9.91951e+06, 1.73634e+06, 0
6.97388e+06, 443263, 0
3.06407e+06, 774129, 0
5.78543e+06, 3.21702e+06, 0
4.664e+06, 1.68547e+06, 0
5.09754e+06, 2.71109e+06, 0
4.24192e+06, 1.57582e+06, 0
9.32763e+06, 5.21783e+06, 0
6.41595e+06, 2.47574e+06, 0
5.00388e+06, 2.65044e+06, 0
3.0483e+06, 838991, 0
6.67429e+06, 1.98318e+06, 0
9.81026e+06, 5.0227e+06, 0
7.6098e+06, 3.58035e+06, 0
7.2133e+06, 1.61886e+06, 0
6.82372e+06, 962785, 0
7.89987e+06, 4.99379e+06, 0
3.61019e+06, 1.84931e+06, 0
5.74377e+06, 3.66059e+06, 0
6.43648e+06, 3.9158e+06, 0
1.29984e+07, 4.14373e+06, 0
1.26064e+07, 5.13567e+06, 0
5.08533e+06, 3.0512e+06, 0
5.13649e+06, 1.42573e+06, 0
5.3269e+06, 3.04455e+06, 0
9.90796e+06, 6.41067e+06, 0
4.84251e+06, 2.41777e+06, 0
4.7801e+06, 2.09232e+06, 0
4.94873e+06, 2.8219e+06, 0
6.09114e+06, 2.2583e+06, 0
1.01544e+07, 2.14923e+06, 0
5.79365e+06, 1.3643e+06, 0
2.93152e+06, 1.17148e+06, 0
7.33228e+06, 3.46244e+06, 0
7.03835e+06, 3.93829e+06, 0
6.50062e+06, 2.58953e+06, 0
5.65355e+06, 2.66403e+06, 0
4.46745e+06, 2.58033e+06, 0
1.27195e+07, 3.78382e+06, 0
8.28181e+06, 3.30148e+06, 0
1.09909e+07, 1.81539e+06, 0
7.17868e+06, 3.1677e+06, 0
3.15669e+06, 836011, 0
8.60913e+06, 3.21237e+06, 0
4.62501e+06, 2.67534e+06, 0
5.69405e+06, 3.16688e+06, 0
3.30976e+06, 1.64745e+06, 0
6.87853e+06, 1.85509e+06, 0
1.27009e+07, 6.79596e+06, 0
4.52645e+06, 1.42703e+06, 0
4.87953e+06, 1.98897e+06, 0
7.13899e+06, 1.31909e+06, 0
4.1592e+06, 2.31443e+06, 0
5.07293e+06, 2.78122e+06, 0
5.45613e+06, 3.31074e+06, 0
3.98618e+06, 1.31135e+06, 0
5.31485e+06, 3.0937e+06, 0
8.74873e+06, 3.10149e+06, 0
6.07062e+06, 3.89832e+06, 0
7.87964e+06, 781437, 0
7.71042e+06, 4.4623e+06, 0
6.04874e+06, 3.87842e+06, 0
7.05234e+06, 3.8157e+06, 0
4.05514e+06, 1.66796e+06, 0
3.02993e+06, 1.29148e+06, 0
8.95544e+06, 2.50605e+06, 0
4.71895e+06, 1.61832e+06, 0
5.66612e+06, 1.02403e+06, 0
5.87785e+06, 3.22012e+06, 0
6.30773e+06, 3.39293e+06, 0
7.44807e+06, 522196, 0
6.81388e+06, 1.74664e+06, 0
3.50081e+06, 1.73587e+06, 0
6.57892e+06, 2.97324e+06, 0
5.64468e+06, 2.8985e+06, 0
4.2768e+06, 1.80462e+06, 0
6.26128e+06, 3.14015e+06, 0
2.66948e+06, 772872, 0
5.64479e+06, 3.0816e+06, 0
7.52334e+06, 4.92744e+06, 0
4.86155e+06, 1.35492e+06, 0
9.39729e+06, 5.83922e+06, 0
9.23573e+06, 5.27518e+06, 0
5.37625e+06, 946955, 0
5.35202e+06, 1.47301e+06, 0
1.01334e+07, 5.79806e+06, 0
6.48235e+06, 873797, 0
6.97333e+06, 1.50067e+06, 0
7.22762e+06, 2.74819e+06, 0
1.33442e+07, 1.65579e+06, 0
1.16031e+07, 5.35414e+06, 0
6.13804e+06, 3.08017e+06, 0
6.52504e+06, 3.88897e+06, 0
5.63108e+06, 3.35785e+06, 0
9.30603e+06, 3.89346e+06, 0
2.9368e+06, 1.33566e+06, 0
4.58514e+06, 2.78627e+06, 0
4.0362e+06, 1.01613e+06, 0
8.21018e+06, 4.43772e+06, 0
4.6229e+06, 2.59248e+06, 0
6.48786e+06, 3.00092e+06, 0
8.13239e+06, 1.98663e+06, 0
6.58777e+06, 3.77284e+06, 0
4.58581e+06, 2.05825e+06, 0
6.47663e+06, 1.66218e+06, 0
8.8869e+06, 1.98337e+06, 0
7.92116e+06, 2.55457e+06, 0
5.24844e+06, 187962, 0
7.04154e+06, 525901, 0
4.12779e+06, 2.41967e+06, 0
5.14553e+06, 3.25276e+06, 0
6.96035e+06, 1.698e+06, 0
9.35953e+06, 852276, 0
3.73186e+06, 995975, 0
6.15286e+06, 1.20987e+06, 0
7.31963e+06, 4.64745e+06, 0
7.10992e+06, 2.28116e+06, 0
5.7037e+06, 1.07204e+06, 0
6.29842e+06, 2.97919e+06, 0
6.24558e+06, 2.64707e+06, 0
9.12467e+06, 3.156e+06, 0
7.54145e+06, 2.4944e+06, 0
6.53839e+06, 2.97229e+06, 0
4.02015e+06, 1.68908e+06, 0
2.98286e+06, 308728, 0
5.46581e+06, 2.97656e+06, 0
7.17094e+06, 3.3115e+06, 0
8.82178e+06, 3.54462e+06, 0
1.04787e+07, 2.68817e+06, 0
4.3885e+06, 995608, 0
8.39191e+06, 3.68501e+06, 0
4.89772e+06, 2.30092e+06, 0
8.56521e+06, 1.97549e+06, 0
8.02728e+06, 2.61121e+06, 0
3.44154e+06, 309646, 0
7.1498e+06, 4.37967e+06, 0
7.33471e+06, 2.36622e+06, 0
6.86856e+06, 1.66319e+06, 0
6.02923e+06, 3.61755e+06, 0
6.93262e+06, 2.57792e+06, 0
5.6964e+06, 1.07658e+06, 0
1.22361e+07, 3.46085e+06, 0
4.05786e+06, 1.11589e+06, 0
3.81807e+06, 2.02446e+06, 0
9.84386e+06, 2.35629e+06, 0
8.31885e+06, 4.73916e+06, 0
3.73153e+06, 2.14679e+06, 0
3.77048e+06, 2.04963e+06, 0
4.88431e+06, 1.50437e+06, 0
5.65581e+06, 1.17732e+06, 0
4.9115e+06, 2.22632e+06, 0
6.90122e+06, 3.27944e+06, 0
4.38215e+06, 1.51048e+06, 0
9.12608e+06, 4.78432e+06, 0
3.39362e+06, 1.34541e+06, 0
9.85619e+06, 2.41298e+06, 0
7.90289e+06, 3.40443e+06, 0
4.92468e+06, 3.0871e+06, 0
3.75771e+06, 1.87127e+06, 0
9.55699e+06, 3.17684e+06, 0
9.27367e+06, 1.88041e+06, 0
5.42609e+06, 1.64487e+06, 0
6.3397e+06, 2.50118e+06, 0
8.59355e+06, 1.66151e+06, 0
4.72755e+06, 1.76789e+06, 0
8.18229e+06, 3.61743e+06, 0
4.28827e+06, 1.40312e+06, 0
6.54717e+06, 1.99336e+06, 0
4.41701e+06, 704474, 0
1.07309e+07, 6.64731e+06, 0
8.27506e+06, 4.71748e+06, 0
6.07045e+06, 1.41111e+06, 0
5.87013e+06, 1.31573e+06, 0
7.69831e+06, 3.02535e+06, 0
8.53925e+06, 3.84781e+06, 0
7.71073e+06, 4.48866e+06, 0
9.71473e+06, 6.42553e+06, 0
4.26751e+06, 2.17839e+06, 0
6.91434e+06, 2.38286e+06, 0
5.85735e+06, 1.927e+06, 0
3.9404e+06, 421993, 0
1.08268e+07, 7.03855e+06, 0
9.08095e+06, 3.17453e+06, 0
6.74349e+06, 3.17676e+06, 0
7.17867e+06, 570748, 0
7.76694e+06, 637913, 0
1.06489e+07, 6.23135e+06, 0
4.52257e+06, 2.34553e+06, 0
7.97897e+06, 4.07711e+06, 0
1.00406e+07, 5.01055e+06, 0
5.24079e+06, 2.68788e+06, 0
1.01248e+07, 5.3681e+06, 0
7.17443e+06, 1.35049e+06, 0
6.28932e+06, 3.7388e+06, 0
4.00319e+06, 94653, 0
2.84468e+06, 267778, 0
8.63457e+06, 4.63051e+06, 0
4.43641e+06, 1.60157e+06, 0
5.62285e+06, 3.12984e+06, 0
7.33533e+06, 2.50648e+06, 0
6.02807e+06, 3.17393e+06, 0
7.33863e+06, 4.90891e+06, 0
8.74295e+06, 4.90109e+06, 0
4.21023e+06, 356647, 0
8.73353e+06, 1.73679e+06, 0
5.59313e+06, 1.68347e+06, 0
5.40902e+06, 2.48365e+06, 0
9.25547e+06, 272942, 0
6.35695e+06, 1.64648e+06, 0
5.18778e+06, 307924, 0
9.93845e+06, 2.6863e+06, 0
7.47001e+06, 3.39298e+06, 0
3.60662e+06, 347665, 0
1.06567e+07, 4.87473e+06, 0
8.07977e+06, 2.48982e+06, 0
4.51162e+06, 1.3342e+06, 0
9.4334e+06, 2.53854e+06, 0
6.4786e+06, 3.70852e+06, 0
1.04366e+07, 6.55612e+06, 0
3.91099e+06, 1.51464e+06, 0
7.04606e+06, 3.77159e+06, 0
4.84473e+06, 920311, 0
6.46742e+06, 3.23999e+06, 0
3.97844e+06, 1.69596e+06, 0
3.9732e+06, 1.60492e+06, 0
7.59268e+06, 3.05634e+06, 0
4.22694e+06, 1.35534e+06, 0
4.89407e+06, 2.60706e+06, 0
4.11755e+06, 1.25179e+06, 0
5.74689e+06, 2.95729e+06, 0
4.00926e+06, 2.3228e+06, 0
9.19796e+06, 3.61636e+06, 0
4.95575e+06, 3.05532e+06, 0
4.84769e+06, 2.63967e+06, 0
3.31249e+06, 856274, 0
6.69707e+06, 2.80388e+06, 0
8.13401e+06, 4.3489e+06, 0
1.11749e+07, 4.79224e+06, 0
8.43217e+06, 5.65392e+06, 0
7.93149e+06, 3.47398e+06, 0
9.52445e+06, 3.09809e+06, 0
6.21596e+06, 3.62565e+06, 0
7.32462e+06, 4.44451e+06, 0
6.09872e+06, 3.85862e+06, 0
5.84406e+06, 3.48612e+06, 0
4.21219e+06, 1.55095e+06, 0
5.60352e+06, 3.50387e+06, 0
7.60456e+06, 2.04123e+06, 0
4.77797e+06, 1.74854e+06, 0
5.31677e+06, 2.69256e+06, 0
4.01984e+06, 851551, 0
3.98173e+06, 1.30887e+06, 0
7.16259e+06, 4.20724e+06, 0
7.73009e+06, 3.31058e+06, 0
9.32996e+06, 5.89535e+06, 0
4.59083e+06, 2.06557e+06, 0
6.82011e+06, 910452, 0
7.83972e+06, 2.05054e+06, 0
5.90006e+06, 3.83177e+06, 0
6.5563e+06, 4.37267e+06, 0
7.70921e+06, 5.13165e+06, 0
6.93347e+06, 640730, 0
6.31746e+06, 959384, 0
7.95878e+06, 5.31345e+06, 0
7.10203e+06, 3.37697e+06, 0
2.90896e+06, 869499, 0
5.16961e+06, 2.59159e+06, 0
6.22583e+06, 2.93314e+06, 0
7.63342e+06, 1.64918e+06, 0
6.9571e+06, 703430, 0
6.32269e+06, 3.06296e+06, 0
7.2619e+06, 4.32477e+06, 0
5.83319e+06, 1.48312e+06, 0
6.07857e+06, 2.46307e+06, 0
6.52652e+06, 3.53293e+06, 0
6.88379e+06, 1.5542e+06, 0
6.05674e+06, 2.5671e+06, 0
5.88002e+06, 3.25863e+06, 0
5.82763e+06, 2.99404e+06, 0
9.73669e+06, 3.59351e+06, 0
5.03225e+06, 1.98786e+06, 0
8.08042e+06, 2.39442e+06, 0
6.80492e+06, 4.17022e+06, 0
7.19281e+06, 2.94544e+06, 0
6.5231e+06, 3.89558e+06, 0
8.76812e+06, 2.42391e+06, 0
9.09749e+06, 2.45427e+06, 0
2.7635e+06, 594955, 0
5.97359e+06, 1.06842e+06, 0
8.49997e+06, 612271, 0
4.62949e+06, 2.1336e+06, 0
6.74597e+06, 676446, 0
6.11824e+06, 3.23885e+06, 0
8.4631e+06, 5.05855e+06, 0
5.66052e+06, 2.97068e+06, 0
4.33334e+06, 2.22643e+06, 0
5.13379e+06, 1.30347e+06, 0
7.16453e+06, 1.91703e+06, 0
2.88225e+06, 473060, 0
6.06113e+06, 2.58013e+06, 0
9.886e+06, 3.22647e+06, 0
3.27485e+06, 559313, 0
8.55186e+06, 4.54966e+06, 0
3.87139e+06, 1.22382e+06, 0
1.07611e+07, 1.0031e+06, 0
9.5877e+06, 4.71907e+06, 0
4.65046e+06, 2.41925e+06, 0
6.22365e+06, 3.28832e+06, 0
4.96255e+06, 1.46112e+06, 0
7.28693e+06, 2.20028e+06, 0
1.05559e+07, 4.25492e+06, 0
6.60792e+06, 4.09284e+06, 0
6.88242e+06, 4.39014e+06, 0
4.67935e+06, 2.27299e+06, 0
4.66329e+06, 1.84433e+06, 0
7.08622e+06, 1.3618e+06, 0
8.0206e+06, 4.36242e+06, 0
2.87034e+06, 850089, 0
8.86645e+06, 5.00675e+06, 0
7.32046e+06, 4.96906e+06, 0
4.17349e+06, 2.06515e+06, 0
4.43534e+06, 2.7503e+06, 0
4.61892e+06, 2.49113e+06, 0
5.34698e+06, 2.0184e+06, 0
3.96502e+06, 1.01102e+06, 0
1.16361e+07, 5.59429e+06, 0
9.07452e+06, 4.27538e+06, 0
5.82642e+06, 1.70774e+06, 0
4.51763e+06, 1.39084e+06, 0
1.12898e+07, 3.54046e+06, 0
5.13473e+06, 2.38328e+06, 0
9.18347e+06, 5.88893e+06, 0
6.41355e+06, 3.8608e+06, 0
6.99588e+06, 3.79726e+06, 0
1.57229e+07, 3.03654e+06, 0
6.03339e+06, 1.47189e+06, 0
7.23924e+06, 4.0855e+06, 0
1.02308e+07, 1.57774e+06, 0
5.64878e+06, 2.639e+06, 0
3.41896e+06, 1.33434e+06, 0
9.61334e+06, 5.65738e+06, 0
5.90145e+06, 1.42664e+06, 0
5.40629e+06, 1.35565e+06, 0
6.30113e+06, 533553, 0
7.03383e+06, 3.41179e+06, 0
6.82303e+06, 561401, 0
1.15247e+07, 6.33454e+06, 0
8.19862e+06, 2.30442e+06, 0
5.3068e+06, 3.19972e+06, 0
5.27598e+06, 3.43399e+06, 0
7.86117e+06, 2.66401e+06, 0
7.73349e+06, 2.2049e+06, 0
5.2871e+06, 460787, 0
1.06748e+07, 7.48134e+06, 0
7.50787e+06, 2.17514e+06, 0
6.63872e+06, 2.26781e+06, 0
6.12278e+06, 2.637e+06, 0
6.26946e+06, 1.01648e+06, 0
5.50983e+06, 3.47482e+06, 0
4.42055e+06, 1.61703e+06, 0
5.09678e+06, 503906, 0
3.74123e+06, 1.36335e+06, 0
3.47868e+06, 1.43475e+06, 0
8.91146e+06, 2.55766e+06, 0
8.75741e+06, 4.2149e+06, 0
5.4146e+06, 2.15903e+06, 0
4.01043e+06, 1.23262e+06, 0
5.66762e+06, 1.31804e+06, 0
8.22434e+06, 1.07265e+06, 0
8.02555e+06, 4.72252e+06, 0
4.91597e+06, 2.6395e+06, 0
6.45275e+06, 3.39342e+06, 0
1.22097e+07, 2.42423e+06, 0
9.02419e+06, 3.70699e+06, 0
8.14399e+06, 2.17811e+06, 0
6.02732e+06, 3.73387e+06, 0
6.22419e+06, 2.51644e+06, 0
5.24325e+06, 165955, 0
6.06412e+06, 1.34442e+06, 0
5.70675e+06, 2.24039e+06, 0
3.27678e+06, 686610, 0
6.03866e+06, 2.97006e+06, 0
6.11588e+06, 2.40997e+06, 0
7.48259e+06, 4.30971e+06, 0
9.46775e+06, 2.15888e+06, 0
4.59781e+06, 761748, 0
7.292e+06, 2.70751e+06, 0
5.89183e+06, 1.21193e+06, 0
9.98578e+06, 4.0238e+06, 0
1.05438e+07, 6.23313e+06, 0
7.4212e+06, 3.41964e+06, 0
6.80977e+06, 464773, 0
7.42786e+06, 43646.2, 0
3.33493e+06, 1.60687e+06, 0
5.22308e+06, 1.84739e+06, 0
7.98229e+06, 3.38975e+06, 0
6.50244e+06, 2.80705e+06, 0
9.80097e+06, 5.44828e+06, 0
5.68739e+06, 2.167e+06, 0
6.46251e+06, 4.36143e+06, 0
4.52026e+06, 1.74542e+06, 0
1.22169e+07, 7.48934e+06, 0
6.06045e+06, 1.74009e+06, 0
5.03241e+06, 2.72774e+06, 0
7.16895e+06, 4.64035e+06, 0
2.93295e+06, 1.14163e+06, 0
6.66861e+06, 844287, 0
5.99162e+06, 3.13409e+06, 0
1.08833e+07, 6.6287e+06, 0
4.20231e+06, 2.56872e+06, 0
9.0829e+06, 4.47881e+06, 0
8.43132e+06, 1.9081e+06, 0
4.25882e+06, 1.34776e+06, 0
6.60678e+06, 3.76494e+06, 0
4.76722e+06, 2.05255e+06, 0
6.13171e+06, 3.15489e+06, 0
8.62778e+06, 5.22043e+06, 0
9.16563e+06, 3.5135e+06, 0
7.36133e+06, 2.43977e+06, 0
6.88082e+06, 2.97944e+06, 0
1.4976e+07, 713966, 0
4.52549e+06, 2.07663e+06, 0
1.35907e+07, 5.59499e+06, 0
3.70061e+06, 233084, 0
4.27728e+06, 1.11753e+06, 0
3.82027e+06, 1.69889e+06, 0
4.89355e+06, 2.36449e+06, 0
5.56014e+06, 1.79572e+06, 0
3.65197e+06, 1.7217e+06, 0
4.33131e+06, 419472, 0
3.09689e+06, 999997, 0
9.28812e+06, 6.12154e+06, 0
3.77946e+06, 2.02501e+06, 0
1.2899e+07, 6.73195e+06, 0
6.82901e+06, 850252, 0
8.9118e+06, 4.55024e+06, 0
9.20598e+06, 4.56298e+06, 0
8.5118e+06, 1.89649e+06, 0
6.51013e+06, 4.1037e+06, 0
4.81479e+06, 977015, 0
6.23073e+06, 3.63443e+06, 0
4.4058e+06, 2.51383e+06, 0
6.36207e+06, 3.61468e+06, 0
6.50112e+06, 3.82465e+06, 0
1.10696e+07, 5.72015e+06, 0
8.23836e+06, 3.43173e+06, 0
4.99245e+06, 2.27423e+06, 0
6.88564e+06, 3.40955e+06, 0
3.62751e+06, 1.07702e+06, 0
6.05237e+06, 1.39458e+06, 0
6.0435e+06, 3.916e+06, 0
5.58293e+06, 1.94687e+06, 0
3.00805e+06, 1.37698e+06, 0
6.05457e+06, 2.0842e+06, 0
8.10515e+06, 5.26401e+06, 0
1.04339e+07, 7.08366e+06, 0
8.94703e+06, 2.83531e+06, 0
5.83812e+06, 2.98728e+06, 0
4.65438e+06, 2.83727e+06, 0
3.61032e+06, 650779, 0
6.73109e+06, 2.30476e+06, 0
6.79086e+06, 1.97847e+06, 0
3.86055e+06, 1.20461e+06, 0
9.36386e+06, 6.31422e+06, 0
4.64416e+06, 579164, 0
9.91618e+06, 4.45836e+06, 0
7.18676e+06, 2.78377e+06, 0
3.20802e+06, 1.01281e+06, 0
7.96703e+06, 2.1092e+06, 0
6.02001e+06, 2.31733e+06, 0
1.22556e+07, 6.17518e+06, 0
7.68296e+06, 3.49268e+06, 0
6.02541e+06, 3.35644e+06, 0
4.30247e+06, 2.45936e+06, 0
9.52908e+06, 1.5054e+06, 0
8.2496e+06, 4.70246e+06, 0
6.90205e+06, 1.50192e+06, 0
9.44339e+06, 1.91505e+06, 0
3.60908e+06, 1.1267e+06, 0
6.37562e+06, 3.19238e+06, 0
6.0098e+06, 1.33834e+06, 0
8.60105e+06, 1.67651e+06, 0
7.67049e+06, 3.76814e+06, 0
1.00073e+07, 6.42832e+06, 0
1.35884e+07, 3.79679e+06, 0
5.08096e+06, 2.31061e+06, 0
5.82187e+06, 3.08511e+06, 0
8.52937e+06, 4.00058e+06, 0
4.90236e+06, 107251, 0
5.69096e+06, 2.17589e+06, 0
5.38919e+06, 2.62772e+06, 0
3.54233e+06, 1.10888e+06, 0
4.9719e+06, 2.26146e+06, 0
7.14009e+06, 2.0564e+06, 0
9.12587e+06, 4.96946e+06, 0
2.75199e+06, 1.02332e+06, 0
5.92875e+06, 3.14905e+06, 0
5.45112e+06, 2.1724e+06, 0
3.62949e+06, 1.96849e+06, 0
1.02927e+07, 4.80176e+06, 0
6.88408e+06, 141770, 0
7.11214e+06, 2.70067e+06, 0
6.81857e+06, 1.36549e+06, 0
8.63678e+06, 5.09514e+06, 0
5.74396e+06, 3.22556e+06, 0
7.40464e+06, 1.05048e+06, 0
8.01784e+06, 891980, 0
6.88738e+06, 4.67071e+06, 0
5.47397e+06, 2.82683e+06, 0
4.49083e+06, 1.69381e+06, 0
1.03941e+07, 2.45766e+06, 0
7.25188e+06, 4.75029e+06, 0
1.03175e+07, 7.03605e+06, 0
4.12562e+06, 2.05421e+06, 0
5.77732e+06, 2.29548e+06, 0
3.79447e+06, 92450.7, 0
2.79176e+06, 881966, 0
7.94842e+06, 133882, 0
8.09365e+06, 4.5588e+06, 0
6.98655e+06, 4.73839e+06, 0
5.13527e+06, 1.87171e+06, 0
4.69734e+06, 1.55359e+06, 0
6.96892e+06, 3.05184e+06, 0
6.93032e+06, 4.60865e+06, 0
7.74696e+06, 4.17633e+06, 0
8.68869e+06, 4.45207e+06, 0
1.20944e+07, 8.10055e+06, 0
4.69207e+06, 1.32166e+06, 0
3.84562e+06, 475988, 0
6.7016e+06, 2.00539e+06, 0
6.53766e+06, 4.07961e+06, 0
5.55989e+06, 3.53859e+06, 0
1.02618e+07, 2.36617e+06, 0
8.54737e+06, 3.20965e+06, 0
1.18787e+07, 4.2103e+06, 0
8.83668e+06, 5.40031e+06, 0
6.90761e+06, 1.5075e+06, 0
1.07379e+07, 4.54883e+06, 0
1.05214e+07, 3.02867e+06, 0
9.84707e+06, 3.05743e+06, 0
7.37024e+06, 3.31468e+06, 0
6.27854e+06, 1.08534e+06, 0
6.30923e+06, 3.95561e+06, 0
6.29614e+06, 1.93196e+06, 0
6.25634e+06, 3.59032e+06, 0
7.3574e+06, 895957, 0
4.40786e+06, 2.3788e+06, 0
4.6599e+06, 2.03003e+06, 0
6.11119e+06, 3.24944e+06, 0
4.54699e+06, 2.19725e+06, 0
4.56595e+06, 2.49736e+06, 0
4.58757e+06, 829565, 0
1.05143e+07, 1.79092e+06, 0
7.67499e+06, 4.53958e+06, 0
4.68964e+06, 1.81832e+06, 0
7.03196e+06, 2.65602e+06, 0
9.44185e+06, 4.50804e+06, 0
6.4904e+06, 3.06542e+06, 0
7.42224e+06, 773844, 0
8.05783e+06, 2.35579e+06, 0
3.16347e+06, 910252, 0
8.62691e+06, 3.33578e+06, 0
7.06039e+06, 2.14794e+06, 0
7.68509e+06, 3.56506e+06, 0
8.66479e+06, 1.85768e+06, 0
5.74626e+06, 3.55113e+06, 0
4.68375e+06, 1.66771e+06, 0
5.15598e+06, 2.67799e+06, 0
4.61795e+06, 1.11589e+06, 0
4.43677e+06, 2.48064e+06, 0
9.27358e+06, 5.73253e+06, 0
4.98878e+06, 2.62944e+06, 0
4.2764e+06, 1.64227e+06, 0
5.68427e+06, 1.85467e+06, 0
9.03065e+06, 4.08336e+06, 0
5.90316e+06, 2.44652e+06, 0
1.14643e+07, 6.91563e+06, 0
7.33878e+06, 2.64695e+06, 0
8.63877e+06, 5.03073e+06, 0
3.74077e+06, 1.45317e+06, 0
1.07648e+07, 4.85209e+06, 0
5.33032e+06, 2.48995e+06, 0
9.77819e+06, 1.88797e+06, 0
4.99017e+06, 2.14054e+06, 0
7.35123e+06, 2.72269e+06, 0
4.93774e+06, 2.66815e+06, 0
3.64405e+06, 1.79055e+06, 0
6.29028e+06, 2.38438e+06, 0
4.55836e+06, 1.70387e+06, 0
1.00739e+07, 2.69776e+06, 0
1.18629e+07, 4.29516e+06, 0
8.03021e+06, 1.45303e+06, 0
1.32523e+07, 6.62188e+06, 0
8.03847e+06, 2.78352e+06, 0
1.03037e+07, 4.44824e+06, 0
6.57507e+06, 4.26478e+06, 0
3.03115e+06, 656561, 0
8.94356e+06, 5.98079e+06, 0
7.76655e+06, 1.89576e+06, 0
3.32289e+06, 1.00737e+06, 0
4.31558e+06, 189916, 0
9.24008e+06, 3.21528e+06, 0
2.76498e+06, 380268, 0
3.98963e+06, 1.55744e+06, 0
8.2782e+06, 4.96144e+06, 0
1.14794e+07, 4.01692e+06, 0
5.38106e+06, 1.8666e+06, 0
5.75794e+06, 2.24759e+06, 0
7.04075e+06, 2.28142e+06, 0
5.02215e+06, 1.77438e+06, 0
9.94816e+06, 759034, 0
5.21725e+06, 1.03633e+06, 0
5.4699e+06, 2.44191e+06, 0
6.88125e+06, 2.73703e+06, 0
8.84995e+06, 5.95612e+06, 0
8.10989e+06, 4.66663e+06, 0
3.17426e+06, 1.61865e+06, 0
7.68285e+06, 2.29582e+06, 0
5.79023e+06, 875198, 0
3.57336e+06, 1.45124e+06, 0
4.92407e+06, 2.26866e+06, 0
5.81157e+06, 2.97415e+06, 0
4.22982e+06, 1.82724e+06, 0
1.2696e+07, 2.6067e+06, 0
8.83875e+06, 4.4238e+06, 0
5.20794e+06, 1.94756e+06, 0
6.47132e+06, 2.77705e+06, 0
6.5058e+06, 2.78792e+06, 0
8.36715e+06, 2.64021e+06, 0
8.34018e+06, 4.9726e+06, 0
6.33518e+06, 3.25071e+06, 0
7.54299e+06, 796437, 0
1.05775e+07, 2.30939e+06, 0
8.25018e+06, 3.14619e+06, 0
3.65203e+06, 1.82702e+06, 0
4.06195e+06, 946219, 0
4.76385e+06, 2.26173e+06, 0
6.64188e+06, 1.79392e+06, 0
7.1699e+06, 3.51735e+06, 0
6.19977e+06, 2.62338e+06, 0
1.07343e+07, 3.8062e+06, 0
4.38663e+06, 2.7051e+06, 0
8.52352e+06, 5.63278e+06, 0
5.99118e+06, 1.88258e+06, 0
8.57006e+06, 5.12055e+06, 0
9.35003e+06, 1.49425e+06, 0
3.39197e+06, 1.51484e+06, 0
2.90749e+06, 407086, 0
7.55533e+06, 2.12611e+06, 0
6.11789e+06, 3.24917e+06, 0
5.88231e+06, 3.48857e+06, 0
1.07946e+07, 962680, 0
3.06961e+06, 248049, 0
6.49019e+06, 1.48045e+06, 0
4.18802e+06, 2.11036e+06, 0
4.05438e+06, 2.43355e+06, 0
4.81559e+06, 809991, 0
8.26531e+06, 3.1953e+06, 0
6.5071e+06, 2.24794e+06, 0
8.54758e+06, 3.41698e+06, 0
1.02889e+07, 6.78595e+06, 0
7.5802e+06, 4.59121e+06, 0
6.03094e+06, 3.80381e+06, 0
4.15141e+06, 792651, 0
8.14753e+06, 2.12884e+06, 0
7.96577e+06, 1.53255e+06, 0
5.93464e+06, 3.20498e+06, 0
7.48212e+06, 1.63415e+06, 0
7.00064e+06, 3.7275e+06, 0
1.0932e+07, 4.0704e+06, 0
9.87663e+06, 6.3425e+06, 0
1.33778e+07, 1.96862e+06, 0
1.25629e+07, 6.365e+06, 0
7.40032e+06, 4.50185e+06, 0
6.14572e+06, 781284, 0
8.82839e+06, 5.035e+06, 0
5.39221e+06, 1.74601e+06, 0
5.97038e+06, 3.98429e+06, 0
6.34455e+06, 3.36536e+06, 0
1.02303e+07, 5.48305e+06, 0
6.78971e+06, 1.10406e+06, 0
5.4618e+06, 310125, 0
6.58463e+06, 2.18738e+06, 0
7.44736e+06, 2.04388e+06, 0
7.47862e+06, 3.24279e+06, 0
6.62992e+06, 3.28858e+06, 0
7.78957e+06, 4.89154e+06, 0
4.02745e+06, 1.83782e+06, 0
4.39227e+06, 2.21805e+06, 0
1.10613e+07, 3.26035e+06, 0
1.03864e+07, 2.85581e+06, 0
4.74403e+06, 3.01432e+06, 0
5.09846e+06, 1.87257e+06, 0
6.41789e+06, 3.13186e+06, 0
7.96706e+06, 1.94724e+06, 0
5.59714e+06, 2.21604e+06, 0
7.02998e+06, 3.69029e+06, 0
5.86956e+06, 2.46815e+06, 0
5.49859e+06, 2.92239e+06, 0
6.84711e+06, 3.64956e+06, 0
7.97145e+06, 2.14618e+06, 0
5.67263e+06, 3.00704e+06, 0
3.51685e+06, 1.01973e+06, 0
1.02746e+07, 1.95716e+06, 0
7.66725e+06, 4.3903e+06, 0
4.67318e+06, 2.73182e+06, 0
5.52125e+06, 1.0968e+06, 0
1.23444e+07, 6.27557e+06, 0
4.95977e+06, 922985, 0
1.01079e+07, 1.62807e+06, 0
2.87793e+06, 1.15776e+06, 0
5.02149e+06, 960411, 0
4.22424e+06, 322332, 0
5.0754e+06, 2.86602e+06, 0
5.01526e+06, 2.08133e+06, 0
2.55165e+06, 582234, 0
6.99569e+06, 2.14481e+06, 0
1.1594e+07, 6.69285e+06, 0
8.25838e+06, 3.14455e+06, 0
8.90538e+06, 2.62631e+06, 0
8.44069e+06, 2.08096e+06, 0
4.41373e+06, 1.58684e+06, 0
7.60365e+06, 1.20998e+06, 0
4.54713e+06, 802854, 0
1.03627e+07, 2.62184e+06, 0
3.53296e+06, 831096, 0
9.5315e+06, 5.22941e+06, 0
5.45795e+06, 3.41073e+06, 0
8.52427e+06, 3.21919e+06, 0
3.17478e+06, 713592, 0
4.53882e+06, 1.65415e+06, 0
4.4107e+06, 2.08904e+06, 0
4.06848e+06, 2.41649e+06, 0
6.57949e+06, 2.6626e+06, 0
2.78826e+06, 472102, 0
1.46007e+07, 2.12439e+06, 0
7.57355e+06, 719581, 0
7.43588e+06, 2.73175e+06, 0
6.90465e+06, 874581, 0
1.00564e+07, 3.66845e+06, 0
1.02729e+07, 5.1434e+06, 0
9.34258e+06, 978448, 0
7.52318e+06, 2.36203e+06, 0
7.42159e+06, 4.68003e+06, 0
5.69726e+06, 2.06147e+06, 0
2.87681e+06, 847454, 0
6.03695e+06, 3.698e+06, 0
5.65333e+06, 3.51148e+06, 0
8.88563e+06, 3.01789e+06, 0
5.3927e+06, 2.12414e+06, 0
3.83619e+06, 840339, 0
8.28286e+06, 4.98421e+06, 0
6.35206e+06, 3.9955e+06, 0
6.00473e+06, 1.14216e+06, 0
1.0928e+07, 1.99698e+06, 0
4.57047e+06, 1.95048e+06, 0
5.75723e+06, 2.72847e+06, 0
6.31355e+06, 3.1517e+06, 0
7.86157e+06, 5.07879e+06, 0
4.12941e+06, 1.83256e+06, 0
6.74309e+06, 2.76796e+06, 0
8.15098e+06, 4.88277e+06, 0
6.18536e+06, 3.31219e+06, 0
9.12147e+06, 3.87606e+06, 0
4.67694e+06, 2.90336e+06, 0
5.93709e+06, 2.70292e+06, 0
4.37015e+06, 2.59929e+06, 0
5.01907e+06, 1.64446e+06, 0
5.11531e+06, 2.34064e+06, 0
3.9049e+06, 1.08243e+06, 0
7.23514e+06, 2.69627e+06, 0
5.73014e+06, 2.89226e+06, 0
7.2843e+06, 3.08253e+06, 0
4.98868e+06, 2.18041e+06, 0
4.92051e+06, 2.6806e+06, 0
8.20354e+06, 2.857e+06, 0
6.14462e+06, 3.28594e+06, 0
6.32986e+06, 542543, 0
6.70217e+06, 3.01481e+06, 0
7.11907e+06, 1.26808e+06, 0
6.39881e+06, 2.82833e+06, 0
4.5748e+06, 2.02649e+06, 0
7.55871e+06, 3.78151e+06, 0
5.13062e+06, 1.65916e+06, 0
6.2216e+06, 1.20374e+06, 0
7.13215e+06, 3.25403e+06, 0
4.76273e+06, 1.22289e+06, 0
7.78936e+06, 3.79006e+06, 0
4.92871e+06, 801996, 0
1.00531e+07, 3.25009e+06, 0
6.40405e+06, 3.26479e+06, 0
7.18539e+06, 3.5697e+06, 0
6.41247e+06, 2.77873e+06, 0
7.39033e+06, 4.07943e+06, 0
3.18984e+06, 556008, 0
3.09263e+06, 488314, 0
1.1793e+07, 3.90411e+06, 0
5.62238e+06, 3.41043e+06, 0
4.1187e+06, 1.77311e+06, 0
6.78117e+06, 2.39294e+06, 0
7.13707e+06, 2.449e+06, 0
6.51148e+06, 2.31676e+06, 0
4.2902e+06, 2.06591e+06, 0
4.25901e+06, 2.13927e+06, 0
6.65554e+06, 4.36825e+06, 0
7.70829e+06, 904396, 0
9.30526e+06, 2.15721e+06, 0
8.28284e+06, 3.9343e+06, 0
4.74284e+06, 2.36984e+06, 0
4.35468e+06, 2.62515e+06, 0
4.79533e+06, 2.43432e+06, 0
9.59116e+06, 3.4218e+06, 0
9.22105e+06, 5.34306e+06, 0
6.4268e+06, 4.04076e+06, 0
6.00765e+06, 3.29641e+06, 0
1.21207e+07, 6.94484e+06, 0
9.5586e+06, 2.22608e+06, 0
7.62642e+06, 2.53039e+06, 0
3.92623e+06, 2.12916e+06, 0
6.66716e+06, 2.9698e+06, 0
5.35423e+06, 2.45014e+06, 0
1.07498e+07, 2.81188e+06, 0
4.91808e+06, 2.1773e+06, 0
3.33069e+06, 872335, 0
5.65659e+06, 1.49213e+06, 0
7.20295e+06, 1.53418e+06, 0
4.94255e+06, 3.13623e+06, 0
5.32383e+06, 2.87898e+06, 0
3.95505e+06, 1.50904e+06, 0
3.97068e+06, 1.47963e+06, 0
3.33489e+06, 1.07297e+06, 0
8.53601e+06, 5.65219e+06, 0
3.46241e+06, 1.69672e+06, 0
6.09304e+06, 2.56598e+06, 0
3.96468e+06, 900107, 0
1.04941e+07, 1.91104e+06, 0
4.72238e+06, 1.64257e+06, 0
1.10567e+07, 2.26901e+06, 0
6.91953e+06, 4.49491e+06, 0
5.96477e+06, 2.8916e+06, 0
7.42755e+06, 4.40281e+06, 0
5.79494e+06, 534825, 0
6.0172e+06, 562121, 0
9.11689e+06, 5.0581e+06, 0
8.99044e+06, 4.84142e+06, 0
5.5786e+06, 3.21254e+06, 0
6.27187e+06, 2.14758e+06, 0
5.101e+06, 616327, 0
1.14989e+07, 6.31345e+06, 0
5.41328e+06, 3.47763e+06, 0
6.53076e+06, 2.60621e+06, 0
2.48855e+06, 223768, 0
5.08556e+06, 1.60976e+06, 0
7.74678e+06, 2.94865e+06, 0
7.2495e+06, 4.72991e+06, 0
3.97209e+06, 894961, 0
6.4305e+06, 3.24271e+06, 0
4.03456e+06, 1.83928e+06, 0
4.44331e+06, 2.51338e+06, 0
9.47444e+06, 1.57201e+06, 0
1.31759e+07, 5.75505e+06, 0
7.63002e+06, 573913, 0
6.36192e+06, 3.50918e+06, 0
9.35909e+06, 860084, 0
8.82516e+06, 4.90281e+06, 0
8.47363e+06, 3.79066e+06, 0
7.9446e+06, 1.86948e+06, 0
9.9097e+06, 5.76717e+06, 0
4.49687e+06, 2.48149e+06, 0
1.05066e+07, 5.51752e+06, 0
6.03068e+06, 2.1412e+06, 0
9.49869e+06, 3.74004e+06, 0
1.05083e+07, 4.2272e+06, 0
1.12223e+07, 6.53396e+06, 0
4.29126e+06, 1.76557e+06, 0
8.4597e+06, 5.06327e+06, 0
1.14733e+07, 7.17763e+06, 0
7.06432e+06, 4.58917e+06, 0
1.03083e+07, 2.86779e+06, 0
3.34679e+06, 825896, 0
4.49238e+06, 2.38235e+06, 0
6.45032e+06, 3.1835e+06, 0
5.96596e+06, 1.51053e+06, 0
9.01102e+06, 2.70822e+06, 0
9.79368e+06, 5.91814e+06, 0
7.8592e+06, 3.57178e+06, 0
5.71176e+06, 2.77769e+06, 0
8.59437e+06, 5.07838e+06, 0
6.86709e+06, 2.53121e+06, 0
9.69873e+06, 5.35412e+06, 0
3.86564e+06, 1.59442e+06, 0
4.45145e+06, 1.93838e+06, 0
7.19098e+06, 4.89369e+06, 0
6.92935e+06, 3.86335e+06, 0
6.59267e+06, 1.79661e+06, 0
6.09256e+06, 1.71373e+06, 0
5.69752e+06, 3.05189e+06, 0
6.29939e+06, 3.01729e+06, 0
5.27406e+06, 2.94523e+06, 0
7.1188e+06, 1.08145e+06, 0
6.37016e+06, 3.04118e+06, 0
6.07611e+06, 2.54646e+06, 0
6.57845e+06, 2.16722e+06, 0
3.28902e+06, 683015, 0
4.82593e+06, 2.22654e+06, 0
1.06446e+07, 6.31403e+06, 0
1.01973e+07, 5.41689e+06, 0
6.82544e+06, 4.57788e+06, 0
7.43643e+06, 1.70918e+06, 0
5.32146e+06, 1.18844e+06, 0
4.05665e+06, 2.01845e+06, 0
8.5403e+06, 3.05353e+06, 0
4.80769e+06, 1.36357e+06, 0
6.00099e+06, 2.33083e+06, 0
7.43497e+06, 2.89987e+06, 0
1.39045e+07, 2.6964e+06, 0
5.58991e+06, 3.05143e+06, 0
9.36649e+06, 5.57672e+06, 0
1.26835e+07, 8.53454e+06, 0
7.84719e+06, 2.06747e+06, 0
9.17793e+06, 971682, 0
8.49198e+06, 3.59121e+06, 0
6.71302e+06, 4.26413e+06, 0
8.01711e+06, 2.95446e+06, 0
8.24942e+06, 3.3939e+06, 0
3.33973e+06, 1.26635e+06, 0
5.72242e+06, 1.81686e+06, 0
3.86451e+06, 1.29674e+06, 0
4.50195e+06, 2.80173e+06, 0
9.70717e+06, 4.36066e+06, 0
6.7052e+06, 3.18311e+06, 0
9.52607e+06, 4.83028e+06, 0
4.41702e+06, 680770, 0
3.36367e+06, 1.62375e+06, 0
7.17162e+06, 2.84152e+06, 0
3.12693e+06, 1.41881e+06, 0
4.65868e+06, 2.16513e+06, 0
4.27598e+06, 2.07314e+06, 0
5.65306e+06, 1.94378e+06, 0
6.76552e+06, 1.85712e+06, 0
2.6844e+06, 315051, 0
3.13537e+06, 1.13206e+06, 0
1.38676e+07, 8.25916e+06, 0
4.27457e+06, 2.07847e+06, 0
8.34058e+06, 3.27563e+06, 0
3.52521e+06, 1.28418e+06, 0
5.29066e+06, 2.20849e+06, 0
2.76091e+06, 687153, 0
1.00032e+07, 2.71909e+06, 0
9.98577e+06, 3.93124e+06, 0
4.43403e+06, 1.70212e+06, 0
6.54293e+06, 2.62232e+06, 0
3.4913e+06, 960443, 0
5.66159e+06, 2.91481e+06, 0
9.75121e+06, 3.40779e+06, 0
4.55225e+06, 1.81279e+06, 0
6.40837e+06, 2.53038e+06, 0
8.69234e+06, 5.34068e+06, 0
5.13788e+06, 2.78898e+06, 0
5.94129e+06, 2.35639e+06, 0
5.40239e+06, 2.08973e+06, 0
8.05075e+06, 3.56496e+06, 0
5.15622e+06, 3.20842e+06, 0
1.19102e+07, 1.10828e+06, 0
7.88645e+06, 5.15561e+06, 0
3.53015e+06, 1.55693e+06, 0
5.26619e+06, 3.16411e+06, 0
8.0827e+06, 2.15476e+06, 0
5.13714e+06, 2.37822e+06, 0
8.80178e+06, 1.52201e+06, 0
9.3065e+06, 4.81445e+06, 0
7.78516e+06, 4.40356e+06, 0
4.64881e+06, 1.55216e+06, 0
4.98225e+06, 1.96081e+06, 0
6.25174e+06, 3.22601e+06, 0
6.5328e+06, 2.3643e+06, 0
3.24107e+06, 1.41294e+06, 0
9.8556e+06, 5.22481e+06, 0
7.08007e+06, 3.06611e+06, 0
6.6762e+06, 3.94502e+06, 0
8.94095e+06, 5.92912e+06, 0
1.15899e+07, 6.14915e+06, 0
4.85164e+06, 2.36554e+06, 0
8.6964e+06, 749624, 0
5.62932e+06, 1.61659e+06, 0
5.00502e+06, 3.15414e+06, 0
1.494e+07, 1.0539e+07, 0
3.97176e+06, 2.2314e+06, 0
6.16041e+06, 2.62613e+06, 0
7.5862e+06, 1.40166e+06, 0
7.22451e+06, 1.02014e+06, 0
2.70407e+06, 628601, 0
5.56109e+06, 2.66551e+06, 0
7.24026e+06, 4.36262e+06, 0
6.24849e+06, 4.146e+06, 0
5.26706e+06, 3.38247e+06, 0
6.08488e+06, 2.57778e+06, 0
9.38842e+06, 5.22074e+06, 0
1.12411e+07, 7.77921e+06, 0
1.03877e+07, 3.88989e+06, 0
6.09309e+06, 4.05743e+06, 0
5.38241e+06, 1.19758e+06, 0
8.26279e+06, 4.65303e+06, 0
1.12109e+07, 4.62012e+06, 0
5.45383e+06, 835978, 0
6.75888e+06, 4.11124e+06, 0
7.81358e+06, 3.34187e+06, 0
4.33481e+06, 2.46701e+06, 0
3.37054e+06, 1.34878e+06, 0
7.04293e+06, 1.41846e+06, 0
3.42007e+06, 1.10195e+06, 0
5.11634e+06, 2.17446e+06, 0
4.96052e+06, 2.49907e+06, 0
2.48184e+06, 462603, 0
5.96473e+06, 2.22149e+06, 0
5.71261e+06, 2.38166e+06, 0
4.69455e+06, 2.16721e+06, 0
7.28855e+06, 4.66466e+06, 0
7.77627e+06, 170624, 0
6.37013e+06, 3.54647e+06, 0
8.88451e+06, 2.40076e+06, 0
7.4861e+06, 3.08883e+06, 0
6.26688e+06, 658211, 0
9.89736e+06, 5.95516e+06, 0
7.73653e+06, 2.80893e+06, 0
3.83326e+06, 1.88733e+06, 0
8.43385e+06, 3.86426e+06, 0
6.10795e+06, 4.04292e+06, 0
5.31837e+06, 2.22351e+06, 0
9.85043e+06, 1.4199e+06, 0
5.22817e+06, 3.10095e+06, 0
7.94508e+06, 3.17898e+06, 0
2.76951e+06, 1.01472e+06, 0
9.28348e+06, 2.44943e+06, 0
6.36458e+06, 3.14514e+06, 0
4.96426e+06, 1.38545e+06, 0
8.066e+06, 4.76189e+06, 0
7.76385e+06, 3.93096e+06, 0
8.81215e+06, 1.44266e+06, 0
7.25088e+06, 2.97829e+06, 0
4.92511e+06, 2.77149e+06, 0
9.38108e+06, 2.82087e+06, 0
4.75777e+06, 2.84863e+06, 0
9.9133e+06, 6.15495e+06, 0
5.13162e+06, 1.57326e+06, 0
5.05734e+06, 2.33042e+06, 0
4.83879e+06, 1.71641e+06, 0
5.66431e+06, 880118, 0
5.98296e+06, 3.41254e+06, 0
5.8354e+06, 2.48726e+06, 0
2.60699e+06, 474001, 0
3.92661e+06, 1.94266e+06, 0
8.05211e+06, 5.00281e+06, 0
2.60118e+06, 473826, 0
4.54879e+06, 1.44507e+06, 0
5.29823e+06, 2.44433e+06, 0
6.28569e+06, 2.55038e+06, 0
9.97498e+06, 1.7796e+06, 0
5.11449e+06, 2.06398e+06, 0
7.18208e+06, 3.54723e+06, 0
9.94408e+06, 3.43658e+06, 0
5.88903e+06, 2.32845e+06, 0
7.81425e+06, 2.77719e+06, 0
1.21029e+07, 5.71591e+06, 0
7.43132e+06, 3.21532e+06, 0
6.16501e+06, 3.29495e+06, 0
8.69517e+06, 5.00527e+06, 0
8.91898e+06, 5.20719e+06, 0
9.06232e+06, 4.22491e+06, 0
6.19333e+06, 2.90702e+06, 0
7.00896e+06, 2.87046e+06, 0
4.33507e+06, 1.05648e+06, 0
9.14662e+06, 2.14932e+06, 0
8.71957e+06, 4.71512e+06, 0
4.2719e+06, 610736, 0
5.52993e+06, 2.66499e+06, 0
1.11671e+07, 6.03135e+06, 0
6.04058e+06, 2.20225e+06, 0
3.69901e+06, 1.80858e+06, 0
9.98675e+06, 5.59051e+06, 0
9.7028e+06, 4.59842e+06, 0
1.0664e+07, 6.19255e+06, 0
9.32648e+06, 4.96659e+06, 0
6.58191e+06, 268359, 0
1.065e+07, 3.0222e+06, 0
4.95243e+06, 1.3334e+06, 0
4.78463e+06, 2.63153e+06, 0
8.09366e+06, 3.47333e+06, 0
5.77817e+06, 1.71404e+06, 0
9.06442e+06, 5.86869e+06, 0
5.09754e+06, 1.80531e+06, 0
6.3816e+06, 2.77347e+06, 0
7.87772e+06, 2.82011e+06, 0
5.79549e+06, 3.52106e+06, 0
7.57694e+06, 4.51462e+06, 0
1.01818e+07, 6.76315e+06, 0
3.47541e+06, 918381, 0
6.78559e+06, 364215, 0
9.15192e+06, 3.70171e+06, 0
4.35356e+06, 2.65693e+06, 0
9.30336e+06, 3.75495e+06, 0
8.86757e+06, 4.69547e+06, 0
4.27508e+06, 957002, 0
9.23473e+06, 4.35682e+06, 0
6.92193e+06, 2.92517e+06, 0
3.06847e+06, 495418, 0
4.6482e+06, 999147, 0
7.17431e+06, 2.18456e+06, 0
8.21548e+06, 3.76902e+06, 0
5.69726e+06, 3.27299e+06, 0
8.29721e+06, 4.25087e+06, 0
1.17402e+07, 5.34223e+06, 0
6.3416e+06, 4.24374e+06, 0
6.57665e+06, 2.15564e+06, 0
5.01503e+06, 2.23066e+06, 0
3.26311e+06, 866817, 0
3.55347e+06, 305952, 0
8.38786e+06, 4.31927e+06, 0
5.38922e+06, 2.90273e+06, 0
5.53845e+06, 2.36319e+06, 0
6.24195e+06, 3.05745e+06, 0
1.02337e+07, 5.2413e+06, 0
4.03467e+06, 1.37371e+06, 0
3.98853e+06, 2.17622e+06, 0
7.55149e+06, 1.09007e+06, 0
4.95446e+06, 2.24753e+06, 0
7.10618e+06, 3.44421e+06, 0
5.99052e+06, 423223, 0
4.99593e+06, 3.11783e+06, 0
6.24691e+06, 2.70225e+06, 0
7.82303e+06, 1.48673e+06, 0
8.88959e+06, 5.19709e+06, 0
8.10634e+06, 577560, 0
6.47303e+06, 658120, 0
6.22349e+06, 2.25271e+06, 0
7.75812e+06, 4.30769e+06, 0
3.4907e+06, 1.47072e+06, 0
1.06722e+07, 3.96691e+06, 0
7.08623e+06, 4.40438e+06, 0
7.83938e+06, 2.61135e+06, 0
1.11615e+07, 5.93343e+06, 0
8.3185e+06, 2.50619e+06, 0
4.83521e+06, 1.54764e+06, 0
4.90337e+06, 588356, 0
6.53489e+06, 378098, 0
8.39049e+06, 4.90191e+06, 0
1.08574e+07, 5.72043e+06, 0
6.08455e+06, 3.65753e+06, 0
1.0197e+07, 5.5802e+06, 0
5.91389e+06, 3.78654e+06, 0
3.55465e+06, 1.09191e+06, 0
4.88193e+06, 2.78565e+06, 0
8.7473e+06, 4.93568e+06, 0
6.91189e+06, 3.8285e+06, 0
9.26826e+06, 4.76382e+06, 0
7.67281e+06, 3.15828e+06, 0
3.62834e+06, 332742, 0
3.33096e+06, 1.79022e+06, 0
8.6672e+06, 3.55283e+06, 0
1.08365e+07, 4.17916e+06, 0
8.5127e+06, 4.20794e+06, 0
6.18405e+06, 3.79961e+06, 0
3.94379e+06, 1.51724e+06, 0
5.1704e+06, 2.22375e+06, 0
9.44582e+06, 5.62199e+06, 0
4.65195e+06, 1.15473e+06, 0
5.56418e+06, 3.64396e+06, 0
9.09292e+06, 5.04254e+06, 0
6.16404e+06, 3.8201e+06, 0
1.31579e+07, 5.25261e+06, 0
7.10711e+06, 1.26982e+06, 0
9.91482e+06, 654603, 0
1.20453e+07, 1.48001e+06, 0
8.669e+06, 2.48129e+06, 0
7.81792e+06, 3.86604e+06, 0
5.62386e+06, 2.84294e+06, 0
3.54958e+06, 941690, 0
8.19624e+06, 981579, 0
5.59146e+06, 1.4651e+06, 0
2.80901e+06, 492132, 0
4.70012e+06, 1.20675e+06, 0
7.43516e+06, 3.22155e+06, 0
7.09232e+06, 1.17903e+06, 0
8.29784e+06, 1.56967e+06, 0
6.6356e+06, 2.16042e+06, 0
3.55731e+06, 124197, 0
9.29617e+06, 2.23468e+06, 0
8.11042e+06, 4.7548e+06, 0
7.61454e+06, 5.15894e+06, 0
5.49533e+06, 2.82052e+06, 0
3.30711e+06, 753270, 0
4.47207e+06, 1.96364e+06, 0
1.00406e+07, 5.92351e+06, 0
4.80473e+06, 964964, 0
3.4613e+06, 1.59023e+06, 0
7.61126e+06, 1.89121e+06, 0
7.40685e+06, 3.08343e+06, 0
9.58101e+06, 1.76429e+06, 0
4.0182e+06, 2.12399e+06, 0
9.46738e+06, 429983, 0
8.06614e+06, 2.54044e+06, 0
3.48269e+06, 1.87625e+06, 0
7.76805e+06, 1.64606e+06, 0
5.77647e+06, 2.18253e+06, 0
5.02112e+06, 957855, 0
8.71548e+06, 4.72093e+06, 0
5.18925e+06, 3.2943e+06, 0
9.40325e+06, 4.77593e+06, 0
4.6871e+06, 2.90269e+06, 0
1.09853e+07, 2.69845e+06, 0
7.05077e+06, 4.71923e+06, 0
6.85931e+06, 3.14979e+06, 0
5.67049e+06, 632468, 0
9.49949e+06, 5.0264e+06, 0
7.61578e+06, 2.33649e+06, 0
6.65029e+06, 2.36421e+06, 0
7.20763e+06, 3.31841e+06, 0
4.52135e+06, 2.5944e+06, 0
9.82364e+06, 6.57383e+06, 0
3.9314e+06, 1.5242e+06, 0
5.6814e+06, 1.77484e+06, 0
3.816e+06, 2.16571e+06, 0
3.58726e+06, 1.98683e+06, 0
6.39287e+06, 3.00287e+06, 0
6.18249e+06, 1.63271e+06, 0
5.12816e+06, 1.76425e+06, 0
7.10723e+06, 4.67937e+06, 0
7.44269e+06, 3.70082e+06, 0
4.55218e+06, 1.63097e+06, 0
3.93744e+06, 1.93606e+06, 0
9.13556e+06, 2.39167e+06, 0
1.21351e+07, 2.59018e+06, 0
6.45539e+06, 1.1105e+06, 0
9.15552e+06, 1.15303e+06, 0
9.54809e+06, 5.56282e+06, 0
7.79676e+06, 2.3701e+06, 0
9.4223e+06, 5.3625e+06, 0
8.27135e+06, 4.0727e+06, 0
5.46959e+06, 1.05497e+06, 0
3.44765e+06, 1.54431e+06, 0
3.2944e+06, 1.30224e+06, 0
6.3876e+06, 2.63457e+06, 0
5.43165e+06, 1.74071e+06, 0
3.56068e+06, 320525, 0
7.00621e+06, 3.96209e+06, 0
7.82159e+06, 3.83359e+06, 0
7.54936e+06, 922385, 0
1.12674e+07, 2.58641e+06, 0
4.22225e+06, 663662, 0
4.23929e+06, 788737, 0
6.95753e+06, 2.68118e+06, 0
1.03447e+07, 3.01359e+06, 0
9.97249e+06, 1.92134e+06, 0
6.59596e+06, 1.74149e+06, 0
1.07059e+07, 4.93447e+06, 0
7.94171e+06, 3.11271e+06, 0
8.64478e+06, 2.89941e+06, 0
6.49693e+06, 2.24823e+06, 0
9.87767e+06, 5.34947e+06, 0
7.36505e+06, 3.30136e+06, 0
5.69096e+06, 2.69392e+06, 0
8.99116e+06, 3.35829e+06, 0
6.00167e+06, 2.92883e+06, 0
1.04164e+07, 2.54461e+06, 0
6.50995e+06, 3.5498e+06, 0
8.3104e+06, 5.41361e+06, 0
1.02002e+07, 4.91272e+06, 0
8.85666e+06, 3.35772e+06, 0
9.60217e+06, 1.9885e+06, 0
1.48142e+07, 2.55621e+06, 0
6.67733e+06, 3.3782e+06, 0
6.27633e+06, 3.20407e+06, 0
1.51896e+07, 2.35587e+06, 0
6.39439e+06, 2.99918e+06, 0
6.92429e+06, 2.98906e+06, 0
8.45532e+06, 5.5244e+06, 0
3.34868e+06, 371466, 0
2.45739e+06, 265457, 0
7.33957e+06, 1.501e+06, 0
2.86138e+06, 575494, 0
4.51586e+06, 565810, 0
5.67497e+06, 1.86882e+06, 0
5.398e+06, 3.01327e+06, 0
5.81419e+06, 98019.3, 0
5.27601e+06, 785978, 0
5.00901e+06, 2.03549e+06, 0
8.00141e+06, 3.71081e+06, 0
5.23301e+06, 2.29431e+06, 0
5.47596e+06, 1.79753e+06, 0
6.12773e+06, 2.33901e+06, 0
1.06913e+07, 1.00091e+06, 0
5.91807e+06, 3.9523e+06, 0
8.83614e+06, 1.5988e+06, 0
6.23625e+06, 3.46514e+06, 0
7.17567e+06, 3.56727e+06, 0
1.01603e+07, 6.94718e+06, 0
3.75434e+06, 1.02422e+06, 0
8.37699e+06, 5.77785e+06, 0
7.96454e+06, 1.50874e+06, 0
1.03348e+07, 6.09469e+06, 0
5.34766e+06, 2.30361e+06, 0
4.38616e+06, 1.31843e+06, 0
3.25139e+06, 1.48389e+06, 0
8.89501e+06, 4.67714e+06, 0
4.73661e+06, 2.56189e+06, 0
9.06911e+06, 6.31633e+06, 0
4.26139e+06, 1.54118e+06, 0
5.52761e+06, 1.93257e+06, 0
6.46487e+06, 1.44143e+06, 0
5.27682e+06, 2.96994e+06, 0
9.26526e+06, 2.61359e+06, 0
7.15544e+06, 3.84415e+06, 0
8.1346e+06, 712987, 0
5.72366e+06, 2.45145e+06, 0
8.78321e+06, 3.24639e+06, 0
5.75666e+06, 1.35327e+06, 0
6.31162e+06, 3.07991e+06, 0
5.88109e+06, 3.70168e+06, 0
6.57867e+06, 3.53802e+06, 0
3.55941e+06, 488397, 0
3.58599e+06, 996935, 0
1.30554e+07, 4.99659e+06, 0
8.286e+06, 5.4956e+06, 0
1.06671e+07, 1.75122e+06, 0
7.79886e+06, 4.10695e+06, 0
1.05047e+07, 5.25111e+06, 0
4.87605e+06, 817207, 0
9.01574e+06, 943884, 0
7.90724e+06, 4.77987e+06, 0
1.00322e+07, 6.82185e+06, 0
5.0277e+06, 2.0087e+06, 0
5.94263e+06, 2.30981e+06, 0
7.46393e+06, 2.31981e+06, 0
5.50849e+06, 3.17221e+06, 0
6.74807e+06, 2.05576e+06, 0
7.12316e+06, 1.9974e+06, 0
8.98159e+06, 3.47212e+06, 0
5.38092e+06, 3.363e+06, 0
6.20838e+06, 936900, 0
4.12192e+06, 1.40756e+06, 0
8.62958e+06, 4.98984e+06, 0
6.85213e+06, 2.49166e+06, 0
7.86662e+06, 4.11991e+06, 0
2.74628e+06, 741129, 0
9.08899e+06, 5.82007e+06, 0
8.64805e+06, 1.75015e+06, 0
6.53683e+06, 3.30606e+06, 0
5.74252e+06, 2.46494e+06, 0
7.38297e+06, 4.23177e+06, 0
5.34173e+06, 2.92124e+06, 0
4.96089e+06, 845699, 0
8.55101e+06, 4.18872e+06, 0
7.42452e+06, 2.18829e+06, 0
8.76015e+06, 3.25724e+06, 0
7.03967e+06, 857293, 0
3.62017e+06, 1.40511e+06, 0
6.0343e+06, 3.94627e+06, 0
3.33222e+06, 903020, 0
6.65727e+06, 3.05947e+06, 0
4.7879e+06, 2.69924e+06, 0
6.58182e+06, 1.59007e+06, 0
1.18163e+07, 2.81352e+06, 0
4.82776e+06, 2.29393e+06, 0
7.71606e+06, 3.25525e+06, 0
1.00727e+07, 182444, 0
3.34344e+06, 1.50173e+06, 0
8.65648e+06, 2.41279e+06, 0
3.55821e+06, 1.29245e+06, 0
7.27757e+06, 4.01099e+06, 0
4.49096e+06, 844413, 0
3.1121e+06, 1.57311e+06, 0
1.05059e+07, 7.29778e+06, 0
3.82334e+06, 1.21153e+06, 0
7.21522e+06, 2.95984e+06, 0
1.11116e+07, 4.04289e+06, 0
8.45133e+06, 3.07364e+06, 0
6.45435e+06, 364787, 0
4.78518e+06, 1.47874e+06, 0
3.65152e+06, 1.93241e+06, 0
5.19597e+06, 3.37165e+06, 0
4.25942e+06, 995443, 0
7.47076e+06, 2.76305e+06, 0
9.74618e+06, 6.06735e+06, 0
4.84293e+06, 1.90244e+06, 0
6.86164e+06, 2.20368e+06, 0
3.17961e+06, 941655, 0
3.43368e+06, 1.4702e+06, 0
6.38063e+06, 3.7153e+06, 0
7.26276e+06, 2.76192e+06, 0
4.55821e+06, 1.3689e+06, 0
7.55815e+06, 949857, 0
6.11578e+06, 2.14019e+06, 0
5.16097e+06, 3.15049e+06, 0
5.42806e+06, 3.01103e+06, 0
3.51289e+06, 1.35332e+06, 0
7.63297e+06, 2.74054e+06, 0
1.02762e+07, 2.45992e+06, 0
7.96824e+06, 1.87166e+06, 0
9.22013e+06, 3.3784e+06, 0
6.41797e+06, 3.37019e+06, 0
1.11622e+07, 2.46446e+06, 0
3.36761e+06, 1.70823e+06, 0
6.28362e+06, 2.02328e+06, 0
8.72663e+06, 2.31914e+06, 0
6.19737e+06, 1.30159e+06, 0
4.13448e+06, 1.11754e+06, 0
3.87959e+06, 1.86728e+06, 0
3.74508e+06, 1.40532e+06, 0
8.22431e+06, 5.22065e+06, 0
1.02362e+07, 2.97056e+06, 0
1.04573e+07, 5.79442e+06, 0
8.02741e+06, 4.07651e+06, 0
1.48186e+07, 2.1197e+06, 0
7.26528e+06, 2.3574e+06, 0
1.13239e+07, 3.00266e+06, 0
9.7237e+06, 5.58033e+06, 0
7.61759e+06, 4.30319e+06, 0
3.38958e+06, 1.65747e+06, 0
4.74063e+06, 2.61853e+06, 0
7.01565e+06, 2.41985e+06, 0
4.15198e+06, 857900, 0
6.39396e+06, 396876, 0
8.13435e+06, 4.42741e+06, 0
6.95913e+06, 2.44391e+06, 0
9.232e+06, 4.22748e+06, 0
3.47345e+06, 1.53619e+06, 0
4.08085e+06, 1.8103e+06, 0
4.45299e+06, 2.57427e+06, 0
7.70137e+06, 4.98964e+06, 0
4.24511e+06, 1.89926e+06, 0
6.23626e+06, 2.53821e+06, 0
6.58975e+06, 4.31967e+06, 0
5.97431e+06, 3.70509e+06, 0
4.70413e+06, 2.72496e+06, 0
8.85992e+06, 2.12234e+06, 0
9.10444e+06, 5.63933e+06, 0
3.49349e+06, 1.94875e+06, 0
1.08656e+07, 4.72551e+06, 0
8.45106e+06, 1.20269e+06, 0
6.03271e+06, 3.08591e+06, 0
6.95969e+06, 3.63028e+06, 0
9.73613e+06, 5.28255e+06, 0
2.62705e+06, 905507, 0
5.06921e+06, 1.72511e+06, 0
9.80714e+06, 5.52857e+06, 0
6.85646e+06, 2.62401e+06, 0
6.97446e+06, 3.48162e+06, 0
3.87341e+06, 1.2799e+06, 0
6.70382e+06, 4.46455e+06, 0
9.09091e+06, 3.27029e+06, 0
4.07465e+06, 2.02724e+06, 0
7.26455e+06, 4.14772e+06, 0
6.34849e+06, 3.19201e+06, 0
4.14933e+06, 291496, 0
4.68956e+06, 1.88798e+06, 0
7.13837e+06, 4.88841e+06, 0
1.1716e+07, 2.96187e+06, 0
7.67327e+06, 4.72127e+06, 0
3.55534e+06, 2.00191e+06, 0
5.51953e+06, 1.8573e+06, 0
4.45738e+06, 1.81512e+06, 0
5.25635e+06, 3.09751e+06, 0
5.03876e+06, 2.99075e+06, 0
8.85063e+06, 1.99122e+06, 0
6.89836e+06, 2.81594e+06, 0
7.17184e+06, 2.93486e+06, 0
7.06146e+06, 4.76979e+06, 0
7.05987e+06, 1.95059e+06, 0
7.91887e+06, 2.32824e+06, 0
9.14378e+06, 4.28743e+06, 0
2.75003e+06, 989511, 0
4.07025e+06, 1.60504e+06, 0
6.6819e+06, 1.85481e+06, 0
6.02245e+06, 2.04796e+06, 0
6.05674e+06, 522313, 0
5.99612e+06, 3.98201e+06, 0
5.9167e+06, 1.76947e+06, 0
8.79655e+06, 2.01159e+06, 0
6.85411e+06, 2.35411e+06, 0
7.26222e+06, 3.07752e+06, 0
1.07199e+07, 5.25832e+06, 0
1.07468e+07, 6.90362e+06, 0
8.29719e+06, 5.56259e+06, 0
6.41116e+06, 3.79044e+06, 0
6.97025e+06, 4.52511e+06, 0
6.53556e+06, 2.93421e+06, 0
7.44444e+06, 2.17352e+06, 0
7.48114e+06, 886847, 0
9.56737e+06, 5.67869e+06, 0
9.48046e+06, 6.57544e+06, 0
7.71702e+06, 4.12468e+06, 0
7.69899e+06, 2.48879e+06, 0
9.60907e+06, 2.98156e+06, 0
1.11996e+07, 5.95309e+06, 0
4.89238e+06, 2.80381e+06, 0
7.4196e+06, 2.32586e+06, 0
3.21586e+06, 1.01396e+06, 0
6.81346e+06, 3.97536e+06, 0
1.08122e+07, 1.74476e+06, 0
5.63134e+06, 3.32473e+06, 0
3.19325e+06, 756331, 0
4.37404e+06, 2.07229e+06, 0
9.18927e+06, 5.1346e+06, 0
6.12039e+06, 3.76775e+06, 0
9.14609e+06, 5.35274e+06, 0
3.74583e+06, 827164, 0
7.3193e+06, 1.9047e+06, 0
5.61166e+06, 1.85835e+06, 0
6.45767e+06, 286276, 0
6.31222e+06, 3.25194e+06, 0
5.8375e+06, 3.71942e+06, 0
4.95076e+06, 2.04853e+06, 0
6.96419e+06, 655151, 0
5.34748e+06, 2.92355e+06, 0
6.72733e+06, 3.1175e+06, 0
7.72906e+06, 5.27975e+06, 0
5.81373e+06, 2.25722e+06, 0
5.50333e+06, 2.8761e+06, 0
7.55939e+06, 4.49788e+06, 0
7.9429e+06, 2.2839e+06, 0
7.4606e+06, 4.39124e+06, 0
1.12954e+07, 1.37108e+06, 0
3.97166e+06, 659350, 0
8.14893e+06, 1.5175e+06, 0
8.58199e+06, 2.07495e+06, 0
1.21955e+07, 2.61116e+06, 0
5.88331e+06, 3.58198e+06, 0
6.39758e+06, 4.13064e+06, 0
6.74632e+06, 3.66226e+06, 0
1.2447e+07, 3.37944e+06, 0
4.35715e+06, 1.23294e+06, 0
4.57878e+06, 2.49491e+06, 0
6.05145e+06, 3.1076e+06, 0
1.02521e+07, 4.38446e+06, 0
9.0892e+06, 1.84047e+06, 0
9.67914e+06, 3.52179e+06, 0
7.01075e+06, 4.73704e+06, 0
3.48708e+06, 1.84195e+06, 0
6.59211e+06, 3.22357e+06, 0
5.0486e+06, 838659, 0
8.32949e+06, 721230, 0
8.7889e+06, 3.12761e+06, 0
8.20657e+06, 3.8801e+06, 0
7.64114e+06, 4.68105e+06, 0
6.01135e+06, 1.35095e+06, 0
5.83206e+06, 1.77993e+06, 0
5.18924e+06, 2.67451e+06, 0
1.19718e+07, 7.44176e+06, 0
4.34299e+06, 1.5604e+06, 0
9.15009e+06, 5.85167e+06, 0
5.07901e+06, 3.03501e+06, 0
8.44417e+06, 4.82534e+06, 0
6.738e+06, 2.38777e+06, 0
6.42651e+06, 1.59739e+06, 0
4.77079e+06, 2.33999e+06, 0
8.74697e+06, 4.42123e+06, 0
2.74845e+06, 542568, 0
5.19087e+06, 2.03782e+06, 0
5.09936e+06, 2.24514e+06, 0
8.33421e+06, 4.10783e+06, 0
6.2417e+06, 2.69469e+06, 0
8.597e+06, 5.06054e+06, 0
5.07754e+06, 3.09814e+06, 0
9.97301e+06, 5.69945e+06, 0
3.79286e+06, 69386.3, 0
1.08103e+07, 3.47715e+06, 0
8.99894e+06, 5.64209e+06, 0
3.6941e+06, 944332, 0
9.09505e+06, 4.67743e+06, 0
3.79066e+06, 843431, 0
6.65194e+06, 4.42343e+06, 0
3.68499e+06, 724810, 0
6.95648e+06, 3.01392e+06, 0
6.3135e+06, 3.50747e+06, 0
7.44996e+06, 4.11707e+06, 0
8.92046e+06, 2.75552e+06, 0
6.32239e+06, 3.34701e+06, 0
8.96064e+06, 2.5599e+06, 0
3.39798e+06, 891757, 0
9.07074e+06, 4.37392e+06, 0
6.29081e+06, 3.48945e+06, 0
6.79163e+06, 4.29386e+06, 0
1.12574e+07, 6.05209e+06, 0
1.23124e+07, 8.67474e+06, 0
5.37894e+06, 3.50151e+06, 0
6.76563e+06, 3.7782e+06, 0
6.22386e+06, 3.70306e+06, 0
1.30914e+07, 5.63559e+06, 0
4.73931e+06, 431414, 0
7.78005e+06, 3.81255e+06, 0
8.66345e+06, 5.56511e+06, 0
4.31642e+06, 976073, 0
6.42603e+06, 1.6244e+06, 0
1.1062e+07, 4.79257e+06, 0
7.04413e+06, 4.37188e+06, 0
7.90783e+06, 5.39867e+06, 0
6.32118e+06, 3.75965e+06, 0
6.29004e+06, 3.22371e+06, 0
4.27749e+06, 2.41729e+06, 0
9.99832e+06, 3.94973e+06, 0
1.16065e+07, 1.65451e+06, 0
6.35365e+06, 2.92885e+06, 0
5.25438e+06, 2.74443e+06, 0
3.71183e+06, 1.19956e+06, 0
5.31101e+06, 1.47177e+06, 0
5.13102e+06, 2.4257e+06, 0
4.99757e+06, 2.53447e+06, 0
6.7249e+06, 2.64447e+06, 0
6.54934e+06, 3.7279e+06, 0
7.5644e+06, 2.57075e+06, 0
1.3561e+07, 4.83991e+06, 0
9.17351e+06, 4.20079e+06, 0
6.71854e+06, 2.98771e+06, 0
7.99065e+06, 2.64863e+06, 0
4.64043e+06, 2.1912e+06, 0
7.53369e+06, 1.8006e+06, 0
4.50416e+06, 1.21672e+06, 0
5.54192e+06, 2.00569e+06, 0
1.22736e+07, 927525, 0
5.7352e+06, 3.71456e+06, 0
6.07936e+06, 2.46525e+06, 0
6.5074e+06, 4.29375e+06, 0
8.27178e+06, 2.8218e+06, 0
1.45596e+07, 3.75993e+06, 0
9.44356e+06, 2.48635e+06, 0
3.62102e+06, 1.26085e+06, 0
5.26632e+06, 3.33903e+06, 0
4.96442e+06, 2.78437e+06, 0
5.51589e+06, 1.22526e+06, 0
8.97511e+06, 5.88249e+06, 0
3.42996e+06, 1.68311e+06, 0
7.60827e+06, 3.01543e+06, 0
9.90903e+06, 3.8557e+06, 0
8.79586e+06, 5.09354e+06, 0
5.43658e+06, 2.78725e+06, 0
9.07403e+06, 3.42993e+06, 0
6.57153e+06, 860101, 0
1.29357e+07, 7.55388e+06, 0
6.93653e+06, 1.83719e+06, 0
1.11247e+07, 3.60342e+06, 0
6.52298e+06, 4.19883e+06, 0
5.83263e+06, 2.97756e+06, 0
6.3003e+06, 2.57728e+06, 0
6.62657e+06, 754515, 0
6.88815e+06, 1.92345e+06, 0
6.92266e+06, 3.81065e+06, 0
5.58193e+06, 2.95905e+06, 0
1.03844e+07, 5.51787e+06, 0
4.82295e+06, 2.56435e+06, 0
7.9301e+06, 4.0891e+06, 0
5.5226e+06, 1.44086e+06, 0
6.48457e+06, 3.28744e+06, 0
7.00163e+06, 1.46181e+06, 0
6.22762e+06, 3.44422e+06, 0
7.91267e+06, 2.85244e+06, 0
2.78625e+06, 887158, 0
8.4906e+06, 661609, 0
2.68918e+06, 451116, 0
3.3637e+06, 1.33146e+06, 0
5.45835e+06, 1.10754e+06, 0
9.15016e+06, 4.70522e+06, 0
7.38194e+06, 3.87927e+06, 0
9.74542e+06, 4.08702e+06, 0
5.37123e+06, 2.8003e+06, 0
4.83425e+06, 1.97896e+06, 0
8.62447e+06, 5.87621e+06, 0
6.69691e+06, 4.27304e+06, 0
3.10239e+06, 1.20603e+06, 0
1.06066e+07, 7.2006e+06, 0
5.92021e+06, 3.86727e+06, 0
6.74486e+06, 2.66209e+06, 0
5.36767e+06, 2.38179e+06, 0
9.31488e+06, 4.32876e+06, 0
4.15817e+06, 1.33104e+06, 0
6.75915e+06, 1.49521e+06, 0
6.25736e+06, 1.37871e+06, 0
7.85815e+06, 4.75951e+06, 0
7.44509e+06, 5.0651e+06, 0
4.11187e+06, 2.05961e+06, 0
7.25061e+06, 1.3988e+06, 0
6.05046e+06, 1.23141e+06, 0
6.29848e+06, 3.94121e+06, 0
6.24604e+06, 3.9555e+06, 0
5.26773e+06, 2.43407e+06, 0
1.0299e+07, 3.45228e+06, 0
8.05027e+06, 2.14152e+06, 0
7.70706e+06, 3.33775e+06, 0
6.79922e+06, 3.22013e+06, 0
6.27844e+06, 3.61467e+06, 0
3.23521e+06, 858294, 0
5.04927e+06, 2.70121e+06, 0
5.49549e+06, 1.10283e+06, 0
5.66459e+06, 3.05081e+06, 0
5.39302e+06, 1.59933e+06, 0
4.82326e+06, 2.73287e+06, 0
6.41079e+06, 2.16696e+06, 0
1.10785e+07, 4.55927e+06, 0
6.67024e+06, 3.36822e+06, 0
5.75114e+06, 1.84235e+06, 0
8.10256e+06, 2.55307e+06, 0
5.12007e+06, 2.4621e+06, 0
4.32863e+06, 804149, 0
5.19588e+06, 1.40734e+06, 0
9.19968e+06, 4.12768e+06, 0
6.11524e+06, 2.84905e+06, 0
6.46268e+06, 3.1473e+06, 0
8.49028e+06, 5.40016e+06, 0
9.87742e+06, 4.51636e+06, 0
5.60813e+06, 2.47987e+06, 0
8.42491e+06, 5.46749e+06, 0
7.76377e+06, 3.72939e+06, 0
7.84423e+06, 5.0027e+06, 0
1.09764e+07, 785312, 0
6.08482e+06, 1.34744e+06, 0
5.67667e+06, 2.39739e+06, 0
4.09963e+06, 98430.9, 0
9.55748e+06, 5.32133e+06, 0
5.79172e+06, 2.33272e+06, 0
9.61173e+06, 2.06948e+06, 0
9.40166e+06, 6.30677e+06, 0
4.02046e+06, 2.2365e+06, 0
6.25981e+06, 1.35032e+06, 0
4.01457e+06, 674785, 0
6.73358e+06, 2.69652e+06, 0
5.53749e+06, 1.91538e+06, 0
4.89111e+06, 2.87315e+06, 0
2.76446e+06, 1.15389e+06, 0
8.15342e+06, 3.67296e+06, 0
4.032e+06, 1.19214e+06, 0
4.77955e+06, 1.75592e+06, 0
7.14196e+06, 1.49239e+06, 0
5.66619e+06, 3.31371e+06, 0
4.95642e+06, 1.1593e+06, 0
8.16871e+06, 5.12806e+06, 0
4.42242e+06, 2.49826e+06, 0
1.0356e+07, 2.24349e+06, 0
7.8916e+06, 3.06288e+06, 0
1.25104e+07, 916172, 0
7.80835e+06, 4.02632e+06, 0
2.60967e+06, 943156, 0
5.54216e+06, 2.33068e+06, 0
2.68774e+06, 231699, 0
5.49288e+06, 2.50241e+06, 0
7.49081e+06, 1.83672e+06, 0
5.52015e+06, 2.5904e+06, 0
9.24317e+06, 2.55506e+06, 0
7.44456e+06, 2.43168e+06, 0
6.88661e+06, 4.58163e+06, 0
5.12341e+06, 2.55918e+06, 0
8.64762e+06, 2.48416e+06, 0
4.41224e+06, 2.65692e+06, 0
7.46002e+06, 3.15628e+06, 0
8.27008e+06, 4.84107e+06, 0
4.02292e+06, 1.96896e+06, 0
4.28721e+06, 1.71751e+06, 0
5.90127e+06, 3.0092e+06, 0
9.09745e+06, 365164, 0
6.84022e+06, 3.96318e+06, 0
7.56313e+06, 2.29366e+06, 0
9.84577e+06, 1.98692e+06, 0
7.66197e+06, 1.26718e+06, 0
3.93101e+06, 2.05261e+06, 0
9.42982e+06, 5.2322e+06, 0
3.69777e+06, 1.21411e+06, 0
6.61792e+06, 2.07495e+06, 0
1.04826e+07, 2.90069e+06, 0
6.75135e+06, 1.30643e+06, 0
8.49702e+06, 5.20245e+06, 0
8.01868e+06, 4.92482e+06, 0
7.20488e+06, 832822, 0
5.73401e+06, 3.14032e+06, 0
5.68535e+06, 3.47077e+06, 0
7.47987e+06, 3.46252e+06, 0
2.91818e+06, 783263, 0
6.53634e+06, 2.41163e+06, 0
1.14952e+07, 5.35975e+06, 0
7.00779e+06, 3.30433e+06, 0
4.24814e+06, 2.46209e+06, 0
8.01833e+06, 3.27198e+06, 0
3.49833e+06, 1.78034e+06, 0
4.61251e+06, 1.81966e+06, 0
5.84344e+06, 2.95172e+06, 0
7.27417e+06, 4.29999e+06, 0
1.10322e+07, 2.36849e+06, 0
6.77009e+06, 2.56412e+06, 0
5.84557e+06, 3.62708e+06, 0
5.39563e+06, 3.40277e+06, 0
9.68117e+06, 5.16004e+06, 0
8.83566e+06, 5.24408e+06, 0
8.6781e+06, 2.03155e+06, 0
4.53249e+06, 1.69764e+06, 0
8.56058e+06, 4.53141e+06, 0
8.17471e+06, 4.12267e+06, 0
6.53945e+06, 1.43312e+06, 0
6.35181e+06, 3.74674e+06, 0
1.1009e+07, 4.17977e+06, 0
9.44033e+06, 4.46315e+06, 0
4.67451e+06, 1.10217e+06, 0
6.64001e+06, 3.66084e+06, 0
7.57282e+06, 5.07762e+06, 0
7.91377e+06, 214323, 0
6.10811e+06, 2.89624e+06, 0
8.15724e+06, 4.76e+06, 0
6.66505e+06, 3.31071e+06, 0
7.74955e+06, 1.19604e+06, 0
8.27108e+06, 4.43359e+06, 0
1.32323e+07, 5.5201e+06, 0
9.72287e+06, 6.7054e+06, 0
6.3292e+06, 996943, 0
6.17486e+06, 3.00557e+06, 0
8.83267e+06, 3.62679e+06, 0
5.30036e+06, 2.3611e+06, 0
7.81944e+06, 2.59388e+06, 0
7.97659e+06, 2.52212e+06, 0
4.35494e+06, 2.47782e+06, 0
6.51919e+06, 4.2067e+06, 0
4.17568e+06, 2.08588e+06, 0
9.11448e+06, 5.17232e+06, 0
5.7281e+06, 1.91e+06, 0
7.87863e+06, 5.20925e+06, 0
5.00791e+06, 1.12705e+06, 0
5.43769e+06, 2.77283e+06, 0
8.73712e+06, 3.78837e+06, 0
7.20715e+06, 1.9086e+06, 0
7.84204e+06, 4.90793e+06, 0
5.09694e+06, 1.54492e+06, 0
1.01672e+07, 4.50317e+06, 0
6.55383e+06, 2.95747e+06, 0
5.60099e+06, 3.63326e+06, 0
8.79624e+06, 4.43368e+06, 0
5.482e+06, 1.21435e+06, 0
7.84861e+06, 3.1279e+06, 0
1.03767e+07, 6.60801e+06, 0
6.501e+06, 3.51147e+06, 0
7.55985e+06, 3.76061e+06, 0
1.10318e+07, 4.7646e+06, 0
7.05477e+06, 2.20941e+06, 0
8.01734e+06, 2.72671e+06, 0
4.97115e+06, 1.69556e+06, 0
7.56138e+06, 748716, 0
9.0363e+06, 5.13993e+06, 0
6.16949e+06, 2.74565e+06, 0
3.90484e+06, 2.20261e+06, 0
2.94599e+06, 1.20686e+06, 0
4.09799e+06, 1.37973e+06, 0
9.23044e+06, 2.1577e+06, 0
3.80425e+06, 2.17921e+06, 0
1.01064e+07, 4.09362e+06, 0
6.95781e+06, 3.39356e+06, 0
4.08335e+06, 1.19252e+06, 0
9.98294e+06, 6.71735e+06, 0
6.44041e+06, 1.38341e+06, 0
5.29904e+06, 3.0504e+06, 0
5.92572e+06, 2.01733e+06, 0
3.02086e+06, 1.19743e+06, 0
4.35154e+06, 2.16305e+06, 0
4.40926e+06, 1.87718e+06, 0
4.64093e+06, 727196, 0
1.21518e+07, 4.38398e+06, 0
1.01328e+07, 1.96254e+06, 0
6.57144e+06, 3.34779e+06, 0
5.90746e+06, 3.50467e+06, 0
4.68961e+06, 2.86349e+06, 0
7.02537e+06, 3.24443e+06, 0
1.05679e+07, 3.94469e+06, 0
4.38396e+06, 2.68748e+06, 0
4.98655e+06, 728482, 0
6.35065e+06, 3.00007e+06, 0
5.10827e+06, 3.19581e+06, 0
1.07258e+07, 6.54475e+06, 0
8.22346e+06, 2.57893e+06, 0
6.95479e+06, 3.63586e+06, 0
1.01873e+07, 878595, 0
6.47844e+06, 3.63887e+06, 0
8.94621e+06, 2.32826e+06, 0
6.58203e+06, 2.13929e+06, 0
3.99515e+06, 1.96768e+06, 0
9.09284e+06, 3.25256e+06, 0
6.36406e+06, 1.74129e+06, 0
5.1001e+06, 3.18655e+06, 0
6.91435e+06, 4.42593e+06, 0
7.24534e+06, 987227, 0
4.50439e+06, 1.70139e+06, 0
6.97915e+06, 1.32761e+06, 0
2.44008e+06, 700240, 0
8.43746e+06, 5.45978e+06, 0
4.74921e+06, 2.03053e+06, 0
2.69507e+06, 777480, 0
7.68095e+06, 3.1911e+06, 0
8.3818e+06, 4.41265e+06, 0
8.61833e+06, 3.9663e+06, 0
6.54382e+06, 2.58499e+06, 0
2.60384e+06, 592366, 0
9.11248e+06, 3.36437e+06, 0
5.63301e+06, 3.386e+06, 0
4.93164e+06, 2.91293e+06, 0
4.42151e+06, 1.95197e+06, 0
5.01359e+06, 2.71523e+06, 0
1.17349e+07, 1.80508e+06, 0
7.47247e+06, 3.77663e+06, 0
7.63083e+06, 3.98854e+06, 0
7.77375e+06, 4.63094e+06, 0
3.33925e+06, 762916, 0
7.21718e+06, 3.53956e+06, 0
5.4069e+06, 2.82918e+06, 0
3.50589e+06, 1.37594e+06, 0
4.48284e+06, 1.72338e+06, 0
8.31792e+06, 5.65865e+06, 0
4.55985e+06, 2.19923e+06, 0
8.0427e+06, 1.93842e+06, 0
2.31763e+06, 133660, 0
5.88133e+06, 612512, 0
7.40765e+06, 1.4296e+06, 0
7.94873e+06, 2.58075e+06, 0
6.98304e+06, 4.12185e+06, 0
6.70157e+06, 1.0067e+06, 0
1.04868e+07, 2.01973e+06, 0
5.05319e+06, 2.54746e+06, 0
4.27627e+06, 2.39724e+06, 0
8.92612e+06, 4.30236e+06, 0
1.03706e+07, 5.09806e+06, 0
6.0938e+06, 1.84815e+06, 0
7.62714e+06, 2.24794e+06, 0
6.9336e+06, 3.36765e+06, 0
5.28099e+06, 1.76726e+06, 0
8.86719e+06, 2.02242e+06, 0
3.71692e+06, 1.54451e+06, 0
5.48358e+06, 1.64124e+06, 0
6.07751e+06, 3.90224e+06, 0
5.55401e+06, 959690, 0
8.34756e+06, 5.23436e+06, 0
4.99795e+06, 3.01748e+06, 0
5.64823e+06, 3.57723e+06, 0
9.99773e+06, 5.0209e+06, 0
5.06769e+06, 1.73792e+06, 0
3.28825e+06, 1.73131e+06, 0
2.48001e+06, 457988, 0
