701941, 453307, 0
586823, 280350, 0
338663, 230385, 0
518751, 277966, 0
710789, 290792, 0
569696, 175275, 0
369320, 246806, 0
607688, 146606, 0
379992, 134822, 0
201069, 18196.1, 0
267033, 135502, 0
552328, 273842, 0
381171, 225552, 0
338681, 212545, 0
276603, 98610.4, 0
292866, 90946.4, 0
256398, 181730, 0
358847, 73722.4, 0
658199, 243457, 0
236577, 158096, 0
407823, 251462, 0
294992, 120879, 0
420433, 56556.6, 0
274982, 74911.8, 0
506007, 328753, 0
236576, 161314, 0
351357, 245217, 0
441122, 1.01522e+06, 0
366617, 235853, 0
250740, 91754.4, 0
169897, 62055.2, 0
576045, 345762, 0
452366, 220349, 0
515237, 109957, 0
259876, 111651, 0
482852, 346922, 0
391490, 193408, 0
384084, 121482, 0
581982, 222179, 0
342334, 215795, 0
597912, 226987, 0
211627, 135201, 0
484271, 221141, 0
337287, 237140, 0
327309, 57094.8, 0
266268, 185861, 0
533124, 280808, 0
345997, 180900, 0
410594, 179207, 0
545108, 368595, 0
260618, 184301, 0
375660, 202005, 0
459270, 242315, 0
399296, 79448.1, 0
384317, 264651, 0
408142, 228062, 0
277770, 159225, 0
479336, 206634, 0
584407, 52334, 0
282421, 146827, 0
315875, 172726, 0
219560, 155955, 0
555234, 246245, 0
274353, 162938, 0
628454, 334966, 0
434282, 79741.6, 0
338868, 123686, 0
669096, 227715, 0
562110, 279501, 0
790217, 597113, 0
744222, 389912, 0
229155, 58890.3, 0
525278, 160161, 0
742149, 227001, 0
294336, 175929, 0
201784, 137798, 0
375520, 233733, 0
377591, 152437, 0
166224, 117083, 0
528487, 219177, 0
881675, 320916, 0
353138, 153472, 0
556671, 373049, 0
621031, 211783, 0
613258, 247038, 0
260274, 115964, 0
312522, 82147.2, 0
390934, 240903, 0
564866, 137972, 0
228146, 38666.1, 0
396657, 178371, 0
500612, 262164, 0
374134, 209208, 0
314542, 181800, 0
443838, 165004, 0
437439, 244696, 0
322023, 62547.9, 0
345112, 236865, 0
451443, 137059, 0
840087, 150653, 0
344965, 199299, 0
720425, 207109, 0
58596.1, 34657.3, 0
513729, 157650, 0
390550, 267230, 0
236733, 74144.8, 0
114816, 36782.1, 0
583017, 257359, 0
180382, 108682, 0
265655, 140947, 0
637651, 368949, 0
298116, 173608, 0
472504, 186613, 0
471526, 158179, 0
931752, 624203, 0
482613, 273019, 0
588081, 129963, 0
204662, 103839, 0
432644, 166610, 0
379171, 142875, 0
667881, 107809, 0
504108, 230386, 0
788621, 322481, 0
355646, 205723, 0
197684, 100593, 0
566669, 233789, 0
575919, 322760, 0
376978, 162672, 0
525973, 229449, 0
383875, 189319, 0
298260, 212349, 0
257362, 176745, 0
589444, 199994, 0
292644, 198626, 0
406551, 269506, 0
183246, 98631.3, 0
219145, 116970, 0
538802, 147766, 0
137658, 90167.3, 0
455743, 262788, 0
276561, 55802.8, 0
407322, 182750, 0
646842, 216610, 0
683713, 296057, 0
418572, 77260.9, 0
454777, 276220, 0
219438, 22459.2, 0
336543, 120810, 0
464660, 128906, 0
495432, 294140, 0
509551, 296484, 0
204061, 22428.7, 0
691961, 437179, 0
430631, 103089, 0
404574, 274631, 0
584043, 322877, 0
420559, 141838, 0
384642, 66565.8, 0
736437, 252448, 0
244960, 44254.9, 0
325586, 191747, 0
146294, 26122.8, 0
565383, 133551, 0
769813, 159001, 0
283817, 204155, 0
564375, 361487, 0
161210, 62785.4, 0
370072, 236925, 0
231644, 112592, 0
803026, 66838.8, 0
555660, 282925, 0
277891, 95661.2, 0
161664, 104029, 0
237263, 55524, 0
509985, 318223, 0
400128, 173326, 0
351596, 251012, 0
352223, 195049, 0
429717, 134718, 0
417995, 100116, 0
627971, 348269, 0
411000, 250383, 0
213026, 123251, 0
136308, 49824, 0
566624, 369332, 0
563653, 393875, 0
143865, 80495.1, 0
297394, 143715, 0
345337, 103229, 0
396421, 255964, 0
1.00561e+06, 145949, 0
206809, 146603, 0
316619, 196850, 0
421519, 99018.7, 0
324809, 207928, 0
424073, 244036, 0
187100, 117949, 0
412020, 63608.4, 0
183954, 101341, 0
532225, 281390, 0
316153, 85243, 0
708309, 301050, 0
926640, 277145, 0
448604, 34610.6, 0
486589, 113325, 0
132969, 94005.3, 0
467676, 174279, 0
434148, 131526, 0
212009, 120055, 0
196322, 140422, 0
394318, 45271.3, 0
504421, 205732, 0
248538, 163959, 0
411602, 151452, 0
413314, 195795, 0
280393, 190006, 0
881666, 411661, 0
456667, 207018, 0
510092, 261935, 0
221848, 101681, 0
647047, 377021, 0
539964, 287671, 0
314941, 153667, 0
449125, 269631, 0
262670, 88509.3, 0
241432, 46518.7, 0
572053, 282538, 0
650674, 258373, 0
188511, 112156, 0
527002, 283744, 0
512111, 275953, 0
557846, 138532, 0
640049, 935063, 0
460857, 206919, 0
470839, 49915.1, 0
455217, 209993, 0
232026, 129130, 0
263630, 103283, 0
452679, 109562, 0
295186, 87192.2, 0
631205, 246866, 0
474235, 251636, 0
231760, 88711, 0
273886, 113459, 0
615190, 397644, 0
309026, 67379.9, 0
419045, 251194, 0
227414, 121155, 0
327901, 49351.8, 0
698074, 107276, 0
525263, 255778, 0
498271, 146795, 0
200445, 122470, 0
234944, 70595.1, 0
478494, 115719, 0
231905, 157739, 0
59810.3, 36441.3, 0
231618, 115465, 0
465646, 103412, 0
515830, 213652, 0
668899, 24536.8, 0
323939, 175624, 0
619674, 43801, 0
102215, 33304.3, 0
674455, 301305, 0
360321, 219469, 0
440979, 159342, 0
168884, 84471.1, 0
306313, 164429, 0
173012, 41452.5, 0
184450, 37774.6, 0
656425, 416372, 0
119218, 82905.5, 0
231298, 60779.7, 0
139684, 78775.9, 0
378850, 32232, 0
472085, 264183, 0
393700, 99915.2, 0
191578, 134944, 0
471990, 331515, 0
403740, 144310, 0
236346, 167328, 0
268174, 116870, 0
325512, 220695, 0
427462, 211931, 0
769914, 263677, 0
439302, 201735, 0
503032, 199458, 0
515247, 62756, 0
319528, 88325.1, 0
355636, 150534, 0
735270, 499116, 0
626366, 236039, 0
379064, 243351, 0
151478, 91863.9, 0
388775, 41700.3, 0
423630, 256701, 0
417440, 218656, 0
509380, 336344, 0
429203, 171041, 0
322082, 169734, 0
449948, 106391, 0
479961, 221957, 0
498511, 129820, 0
351750, 96011, 0
333234, 165474, 0
215693, 116659, 0
326513, 146286, 0
465251, 115380, 0
320342, 47892, 0
221019, 127813, 0
397338, 100274, 0
565299, 305196, 0
448103, 217977, 0
257990, 106904, 0
364352, 113056, 0
387569, 172329, 0
651845, 393312, 0
572217, 367290, 0
371343, 207837, 0
302812, 121041, 0
204666, 93170.4, 0
611673, 262269, 0
222143, 150662, 0
29644, 21056.8, 0
216706, 154147, 0
735880, 553868, 0
213141, 118381, 0
553181, 287972, 0
530520, 101978, 0
233450, 101773, 0
229525, 148807, 0
290612, 168086, 0
414249, 147540, 0
370600, 85656.5, 0
280216, 71745.2, 0
560367, 41580.3, 0
510277, 214729, 0
487563, 305971, 0
295896, 211908, 0
571837, 189383, 0
131298, 86323.9, 0
433617, 57345.5, 0
505404, 59716.6, 0
359113, 187032, 0
579101, 124540, 0
395811, 183628, 0
221608, 84624.2, 0
393458, 275015, 0
151293, 69526.3, 0
170018, 86145.4, 0
489064, 309035, 0
482836, 267192, 0
743150, 383923, 0
547976, 151625, 0
259395, 69118.4, 0
419255, 895898, 0
243223, 165012, 0
437423, 145819, 0
355139, 216957, 0
181175, 127950, 0
461277, 243462, 0
437282, 52180.2, 0
455049, 182741, 0
380092, 192117, 0
840404, 227309, 0
383639, 131728, 0
552240, 241798, 0
335883, 108723, 0
392804, 221070, 0
131936, 79701.6, 0
295432, 204009, 0
507182, 264103, 0
271416, 18009.2, 0
485188, 7896.7, 0
532884, 258406, 0
302698, 211613, 0
224206, 149942, 0
780863, 205736, 0
67265.4, 42507.9, 0
132342, 74093.8, 0
311782, 136538, 0
659542, 445154, 0
159179, 82869.7, 0
415011, 205851, 0
264219, 150552, 0
114835, 16722.3, 0
100106, 47428.3, 0
680385, 396546, 0
972178, 309499, 0
239999, 74155.2, 0
150663, 89126.8, 0
267289, 104664, 0
532458, 367529, 0
93262.3, 51454.8, 0
381823, 267680, 0
459793, 118427, 0
271386, 127096, 0
187075, 117768, 0
428603, 186827, 0
259774, 121067, 0
322237, 206968, 0
585540, 246860, 0
545264, 153518, 0
452260, 75587.9, 0
487801, 254923, 0
147533, 41854.9, 0
394296, 224986, 0
507664, 350369, 0
511440, 118281, 0
562701, 279402, 0
379222, 199745, 0
379316, 197703, 0
299683, 119444, 0
71421.7, 40140.1, 0
262496, 101568, 0
541700, 351079, 0
373940, 170924, 0
847761, 607173, 0
452630, 115464, 0
509492, 161708, 0
509749, 112800, 0
824105, 111123, 0
289944, 65792.3, 0
539000, 329413, 0
114394, 41969.7, 0
415348, 280592, 0
675248, 407090, 0
152443, 92799.2, 0
356216, 168104, 0
613659, 142369, 0
478762, 124299, 0
110418, 39337.1, 0
402720, 179287, 0
412984, 260555, 0
883083, 416449, 0
380315, 221695, 0
705287, 202353, 0
434451, 276824, 0
364652, 157678, 0
168537, 91179, 0
402965, 226486, 0
172135, 121300, 0
340135, 73819.9, 0
210958, 23791.3, 0
878592, 165692, 0
429794, 155674, 0
303611, 215866, 0
632203, 389747, 0
340503, 176645, 0
336362, 109198, 0
321953, 168374, 0
468551, 157109, 0
510742, 259338, 0
621714, 273008, 0
379386, 270037, 0
322841, 154187, 0
483959, 184351, 0
222660, 152226, 0
492748, 190708, 0
508364, 271151, 0
374274, 171389, 0
340371, 153532, 0
376419, 60380.6, 0
326652, 198201, 0
695503, 194637, 0
254044, 130147, 0
331985, 176179, 0
737066, 531868, 0
796430, 345789, 0
415194, 118336, 0
140912, 71630.4, 0
416966, 243164, 0
297774, 162194, 0
619927, 260268, 0
579656, 183614, 0
363498, 105081, 0
87901.8, 40151.3, 0
356212, 55117.3, 0
493448, 188225, 0
313185, 169697, 0
372586, 155657, 0
898130, 65212.5, 0
740073, 323345, 0
500090, 186494, 0
573983, 232185, 0
466193, 35024.2, 0
259423, 57975.3, 0
253325, 150683, 0
67314.8, 47532.8, 0
473607, 247967, 0
644317, 151644, 0
226946, 119402, 0
515455, 349297, 0
268044, 115826, 0
260609, 170371, 0
321207, 198394, 0
468138, 61872, 0
538350, 185818, 0
693125, 96433.5, 0
509732, 320388, 0
243522, 132145, 0
439891, 153607, 0
177307, 80084.1, 0
598437, 190678, 0
611709, 106631, 0
315339, 206258, 0
279223, 162176, 0
449248, 265570, 0
353416, 173487, 0
345611, 131794, 0
195420, 47459.6, 0
350218, 51047.7, 0
299141, 119686, 0
404789, 259236, 0
447295, 248248, 0
284042, 144042, 0
284001, 203996, 0
463524, 172804, 0
588949, 184837, 0
292407, 118773, 0
258136, 149767, 0
155076, 44129, 0
413575, 211064, 0
347479, 245646, 0
165799, 82513.8, 0
650191, 396458, 0
299826, 143827, 0
211294, 134678, 0
667231, 66174.2, 0
276760, 77356.7, 0
118177, 69479.8, 0
739526, 200639, 0
500032, 320775, 0
203547, 56129.3, 0
639123, 430657, 0
674075, 415548, 0
446586, 170713, 0
463219, 163065, 0
386026, 71238.9, 0
608632, 198130, 0
566386, 221271, 0
337890, 228519, 0
482641, 260978, 0
234356, 154717, 0
680011, 112689, 0
475179, 316584, 0
308616, 200333, 0
597330, 408668, 0
316844, 207950, 0
531965, 281809, 0
378928, 57730.5, 0
669284, 43412, 0
647313, 85345.5, 0
307572, 28719.8, 0
545785, 340686, 0
782811, 648823, 0
369114, 161400, 0
395849, 243662, 0
266058, 145437, 0
326715, 175964, 0
381143, 266224, 0
303755, 205783, 0
203706, 31013.7, 0
325103, 180130, 0
231898, 66035.7, 0
114406, 22125.9, 0
349811, 220197, 0
693367, 335004, 0
359066, 130189, 0
473789, 209649, 0
466888, 213896, 0
541344, 343591, 0
695376, 261877, 0
337121, 216057, 0
508831, 247818, 0
502302, 118693, 0
274701, 187578, 0
258623, 133808, 0
591858, 345051, 0
286444, 105186, 0
221984, 71873.4, 0
579430, 189130, 0
453262, 188932, 0
557085, 122897, 0
724562, 113962, 0
272345, 175166, 0
195447, 112276, 0
319539, 229323, 0
635218, 182564, 0
168125, 89945.5, 0
510647, 67281.1, 0
637444, 319751, 0
301886, 157226, 0
152637, 103619, 0
544534, 196643, 0
148863, 40066.3, 0
324262, 191915, 0
398764, 237436, 0
437418, 189001, 0
306705, 75981.7, 0
364652, 186987, 0
385130, 76175.8, 0
353387, 163305, 0
308820, 114069, 0
256147, 98940.5, 0
244197, 132813, 0
361749, 60670.3, 0
538615, 347614, 0
645124, 234169, 0
627649, 368256, 0
321869, 61561.2, 0
410964, 158305, 0
511799, 271711, 0
903036, 415219, 0
340618, 31542.3, 0
52459.5, 33193.9, 0
281021, 69510.6, 0
170626, 95173.3, 0
466240, 309172, 0
530360, 226883, 0
192003, 91897.7, 0
285989, 165051, 0
171716, 26676.7, 0
352940, 166194, 0
360207, 143308, 0
427089, 90769.7, 0
784666, 474558, 0
257528, 92395.6, 0
383173, 112000, 0
476631, 294593, 0
355225, 254907, 0
479775, 203194, 0
661757, 436129, 0
532969, 293234, 0
236117, 158016, 0
71175.1, 32138, 0
432786, 235217, 0
471104, 236536, 0
315679, 219814, 0
372671, 140506, 0
565739, 408912, 0
441308, 107083, 0
365756, 191072, 0
251275, 100412, 0
482637, 234982, 0
636814, 321815, 0
356606, 215961, 0
203824, 67047.4, 0
220461, 93234.3, 0
409626, 89492.3, 0
452133, 154176, 0
144932, 74228.2, 0
671852, 184657, 0
439258, 238600, 0
195881, 119949, 0
435042, 157422, 0
235193, 147886, 0
486125, 256838, 0
409612, 140583, 0
272787, 166009, 0
573918, 180974, 0
231507, 149070, 0
578546, 196200, 0
352744, 78753.7, 0
490538, 83399.9, 0
629599, 271276, 0
617964, 381774, 0
207726, 61471.8, 0
293687, 128219, 0
600880, 143651, 0
732354, 462759, 0
155944, 55189.2, 0
147940, 87180.8, 0
233987, 146358, 0
424418, 211642, 0
552748, 351326, 0
360898, 246296, 0
370298, 87994.3, 0
391284, 177132, 0
485760, 258862, 0
561283, 126311, 0
540350, 249411, 0
333036, 215019, 0
356178, 234147, 0
885644, 726260, 0
423532, 61547.6, 0
271667, 69008.5, 0
435371, 93768, 0
228701, 155388, 0
478522, 216641, 0
215104, 108511, 0
382414, 63429.4, 0
163385, 113840, 0
366143, 119528, 0
676275, 295855, 0
305931, 137946, 0
297359, 180720, 0
164007, 86655.9, 0
296381, 38287.1, 0
633023, 383308, 0
785667, 343329, 0
163359, 85656.2, 0
159939, 37388, 0
512229, 350056, 0
766208, 169709, 0
513104, 180281, 0
473918, 36788, 0
541138, 239628, 0
199365, 94147.2, 0
548076, 265193, 0
200673, 77182.4, 0
548181, 345607, 0
155917, 87748.7, 0
590663, 264805, 0
442807, 138529, 0
316650, 58354.3, 0
523213, 214937, 0
158229, 46857.7, 0
674316, 449907, 0
416715, 267725, 0
931839, 140109, 0
282227, 96464.5, 0
420191, 199150, 0
185715, 98341.5, 0
173684, 94209, 0
385595, 88811.7, 0
192064, 118920, 0
526682, 287355, 0
507128, 48192.3, 0
526929, 312965, 0
404856, 279819, 0
917559, 188698, 0
408409, 200909, 0
148484, 98249.1, 0
355224, 214210, 0
187622, 67770.1, 0
389074, 113925, 0
360924, 152157, 0
544048, 309382, 0
332053, 204138, 0
124896, 64614.5, 0
188450, 99918.4, 0
243192, 108293, 0
261979, 154671, 0
208394, 76173.2, 0
300985, 201879, 0
452632, 213263, 0
360980, 74708.8, 0
344497, 242987, 0
278965, 145612, 0
264659, 175848, 0
555569, 234837, 0
377813, 127393, 0
353590, 121049, 0
179443, 103442, 0
361841, 230718, 0
472955, 315269, 0
252927, 51134.3, 0
698164, 469249, 0
171559, 76683.6, 0
620704, 247431, 0
447047, 291580, 0
364575, 209990, 0
604431, 85819.5, 0
448719, 284987, 0
100395, 60778.4, 0
537761, 369904, 0
205713, 76370.1, 0
212195, 143437, 0
575805, 265063, 0
413356, 105299, 0
305397, 190436, 0
386706, 230792, 0
85545.8, 44132.9, 0
488178, 124181, 0
455565, 219460, 0
404142, 103475, 0
45524, 28040.4, 0
469988, 829824, 0
150273, 96146.7, 0
564955, 299486, 0
110146, 26535.4, 0
350089, 84710.9, 0
346968, 64331, 0
631005, 412504, 0
250214, 158530, 0
250032, 20443.4, 0
504646, 336157, 0
321674, 135070, 0
266281, 121807, 0
264334, 85318.6, 0
297258, 195386, 0
446459, 270397, 0
367275, 213870, 0
676473, 386586, 0
421375, 231812, 0
480487, 113746, 0
636342, 308821, 0
335622, 147946, 0
637157, 343374, 0
264801, 162342, 0
364622, 221466, 0
273538, 149306, 0
559884, 361620, 0
396781, 112586, 0
222650, 131152, 0
270808, 130638, 0
419715, 261563, 0
279079, 110280, 0
305153, 204013, 0
753024, 338469, 0
529343, 192227, 0
402905, 88082.7, 0
608476, 239706, 0
226571, 139059, 0
520399, 181611, 0
773397, 648056, 0
535110, 320460, 0
605374, 405936, 0
672819, 276895, 0
428553, 43636.4, 0
694298, 399936, 0
712559, 50280.6, 0
631981, 175051, 0
528490, 294746, 0
475410, 62439.5, 0
613573, 140053, 0
335982, 143041, 0
771291, 367279, 0
224800, 110240, 0
640286, 217598, 0
686001, 312269, 0
620656, 350181, 0
321355, 229753, 0
508092, 101277, 0
282119, 26868.2, 0
437310, 245038, 0
553396, 357679, 0
637455, 253650, 0
481052, 292378, 0
359731, 195659, 0
257195, 65668.9, 0
352743, 81174.3, 0
308227, 173119, 0
769659, 316715, 0
161982, 108617, 0
592092, 220664, 0
916597, 423405, 0
204918, 45425.5, 0
592995, 308175, 0
443566, 150784, 0
390527, 3242.69, 0
384639, 267155, 0
161229, 111748, 0
337927, 144026, 0
407816, 288225, 0
388650, 272984, 0
421679, 141996, 0
244173, 34710.6, 0
161030, 28184.6, 0
340483, 162257, 0
341014, 66990.3, 0
336187, 223416, 0
191246, 124207, 0
373044, 258426, 0
514245, 368938, 0
444737, 167249, 0
426248, 302017, 0
441536, 246554, 0
867522, 204193, 0
364647, 249567, 0
306108, 90151.1, 0
255839, 147293, 0
298404, 123471, 0
247496, 52367.9, 0
604490, 39715.6, 0
308171, 159458, 0
394723, 211233, 0
267730, 98665.4, 0
478776, 263147, 0
590314, 388546, 0
503546, 153258, 0
341766, 205291, 0
501949, 358214, 0
714688, 330831, 0
539504, 370115, 0
449056, 234303, 0
527461, 138608, 0
411280, 238895, 0
470680, 292625, 0
778664, 162906, 0
386483, 232071, 0
271496, 174065, 0
433130, 185309, 0
412464, 231865, 0
258134, 173630, 0
407512, 137435, 0
278178, 134632, 0
187160, 119455, 0
595592, 94880, 0
107144, 32805.3, 0
541535, 292120, 0
185556, 94369.8, 0
624370, 123486, 0
310183, 110727, 0
525891, 231712, 0
533655, 288761, 0
358983, 219812, 0
481501, 118649, 0
499327, 332100, 0
618348, 69644.7, 0
137247, 71887.4, 0
382730, 57301.4, 0
555463, 137945, 0
554234, 248950, 0
288821, 44390.3, 0
127931, 90412.1, 0
354282, 253234, 0
96189.6, 56498.4, 0
582842, 375054, 0
845144, 359618, 0
474514, 282740, 0
728716, 300405, 0
630467, 225773, 0
231858, 62677, 0
788533, 294941, 0
358967, 105504, 0
216572, 131886, 0
404524, 219855, 0
164546, 75948.4, 0
536600, 363732, 0
178441, 86007.1, 0
471227, 292044, 0
456211, 184456, 0
495408, 310181, 0
593204, 414385, 0
571752, 256988, 0
372629, 100046, 0
303347, 182662, 0
424678, 248121, 0
416863, 214722, 0
629338, 434385, 0
118619, 83503.4, 0
542831, 56731.9, 0
302824, 109563, 0
526475, 368596, 0
796295, 134201, 0
283879, 174691, 0
209463, 110404, 0
564876, 310317, 0
286684, 156019, 0
418845, 271719, 0
460374, 251779, 0
102812, 54007.4, 0
547899, 324139, 0
574512, 312893, 0
431694, 152708, 0
494200, 133857, 0
411855, 123150, 0
289511, 195516, 0
387954, 194398, 0
597952, 378096, 0
463557, 278881, 0
190705, 114245, 0
736384, 493847, 0
347951, 63398.1, 0
304021, 169186, 0
397076, 187526, 0
728641, 241816, 0
290004, 176476, 0
454741, 244534, 0
228741, 125167, 0
202041, 53875.9, 0
389420, 196112, 0
500562, 59082.1, 0
121348, 68523.7, 0
298176, 213086, 0
306317, 187746, 0
305216, 216054, 0
134810, 74355.5, 0
390579, 185364, 0
502415, 303993, 0
183252, 119096, 0
205578, 60753, 0
519212, 84507.6, 0
645447, 229195, 0
687796, 121348, 0
634095, 56694.7, 0
319237, 206957, 0
263530, 41094.2, 0
541936, 225605, 0
830094, 141166, 0
335171, 61750.1, 0
289239, 196153, 0
385378, 244241, 0
448815, 259528, 0
482701, 317272, 0
286271, 12863.6, 0
45369.9, 21342.8, 0
240223, 105680, 0
358082, 170355, 0
540757, 159989, 0
500690, 216468, 0
541404, 108929, 0
366410, 132353, 0
261505, 146956, 0
296233, 119893, 0
260010, 54692, 0
388803, 94112.6, 0
243269, 157718, 0
280118, 88287.6, 0
499010, 285440, 0
344891, 144199, 0
754017, 53303.6, 0
372642, 265172, 0
664857, 411781, 0
227583, 72648.4, 0
275703, 174935, 0
216337, 61756.3, 0
357530, 243161, 0
286987, 140244, 0
302167, 73498.7, 0
358614, 124565, 0
457147, 278738, 0
272289, 132131, 0
651189, 281888, 0
342101, 60685.6, 0
196790, 129251, 0
215655, 122789, 0
512359, 26853.7, 0
564857, 121446, 0
204142, 111144, 0
305679, 208390, 0
368222, 195622, 0
182686, 64375.2, 0
305735, 97481.4, 0
501081, 233618, 0
593979, 924967, 0
375414, 125979, 0
244020, 90621, 0
694916, 99865.8, 0
522543, 57522.3, 0
469875, 219220, 0
285724, 94011.7, 0
383110, 111420, 0
694785, 317256, 0
389351, 256093, 0
408017, 62886.3, 0
375907, 254837, 0
461209, 304470, 0
364118, 208305, 0
439706, 254137, 0
213577, 104533, 0
596362, 263271, 0
387428, 202897, 0
469601, 251131, 0
407770, 290478, 0
420624, 216303, 0
497521, 231030, 0
205884, 137220, 0
342839, 149821, 0
454163, 83617, 0
382348, 42179.9, 0
280067, 143050, 0
404038, 44023.4, 0
484973, 167747, 0
193854, 32046.3, 0
630558, 294757, 0
374499, 83581.3, 0
543035, 242258, 0
524949, 212047, 0
470094, 297655, 0
502837, 280772, 0
754406, 375162, 0
540059, 58893.2, 0
317403, 203338, 0
671262, 809493, 0
294347, 187662, 0
524634, 238924, 0
659735, 107454, 0
573001, 270878, 0
462359, 314831, 0
672796, 258935, 0
324528, 173030, 0
709734, 8970.98, 0
312133, 202093, 0
925165, 147316, 0
352496, 221558, 0
208867, 135132, 0
250192, 154915, 0
153424, 8326.26, 0
396444, 88368.3, 0
386369, 181289, 0
347936, 159366, 0
287845, 147349, 0
476144, 114303, 0
366374, 50468.9, 0
513461, 184022, 0
204270, 25890, 0
235707, 158280, 0
271597, 156189, 0
613865, 364583, 0
640233, 238386, 0
283670, 183474, 0
379232, 84671.9, 0
161515, 115333, 0
107821, 12213.6, 0
496103, 291841, 0
460522, 941787, 0
273949, 91643.5, 0
571279, 298189, 0
371971, 100858, 0
277462, 107537, 0
407165, 123437, 0
599578, 394756, 0
504421, 312430, 0
363012, 214209, 0
688056, 204425, 0
174780, 82470.2, 0
554497, 103361, 0
542956, 229210, 0
374357, 124533, 0
426468, 212755, 0
399089, 150163, 0
86867.1, 31052.3, 0
640472, 198109, 0
315843, 127929, 0
430084, 102264, 0
451135, 319707, 0
364877, 230608, 0
421511, 166910, 0
35592, 24279.1, 0
435527, 243000, 0
518278, 150266, 0
513568, 341880, 0
428485, 256166, 0
784489, 359909, 0
193774, 113450, 0
486193, 208932, 0
471129, 68643.9, 0
195306, 91027.7, 0
265426, 175061, 0
384267, 259620, 0
451296, 195524, 0
213089, 62042.4, 0
427686, 199319, 0
387087, 71346.2, 0
448398, 191705, 0
311290, 157157, 0
514056, 111162, 0
350348, 251527, 0
542455, 289906, 0
459767, 304861, 0
343804, 84725.9, 0
282723, 34011.1, 0
189808, 115827, 0
700024, 496240, 0
338368, 226228, 0
211059, 61844.4, 0
559825, 82923.4, 0
430368, 204969, 0
315736, 130498, 0
393043, 34232.8, 0
550223, 104979, 0
703897, 322998, 0
337975, 176472, 0
227645, 106704, 0
278992, 149072, 0
427073, 129212, 0
390712, 128848, 0
446610, 113742, 0
560319, 289140, 0
630074, 325602, 0
432727, 257628, 0
553301, 311730, 0
469921, 130674, 0
399154, 124885, 0
461031, 328114, 0
462406, 27620.4, 0
588223, 176829, 0
525619, 363245, 0
376803, 95491.3, 0
295262, 145303, 0
615558, 250249, 0
258924, 186149, 0
856512, 306244, 0
828861, 519450, 0
533265, 315189, 0
400205, 193912, 0
731651, 291725, 0
396379, 256183, 0
682468, 374476, 0
300919, 94023.1, 0
261995, 78107.8, 0
534849, 101417, 0
331458, 121325, 0
428255, 126805, 0
96883.7, 13883.8, 0
419744, 110860, 0
238502, 158068, 0
225721, 71168.4, 0
172188, 48839.4, 0
405885, 234166, 0
380021, 119517, 0
193883, 57567.3, 0
491681, 1.18948e+06, 0
355209, 172467, 0
508875, 255277, 0
217201, 64864.7, 0
242720, 155013, 0
646124, 258796, 0
660319, 215906, 0
476550, 288050, 0
154356, 68767.4, 0
269102, 160371, 0
846344, 310320, 0
190475, 130205, 0
162995, 111282, 0
136816, 48086.6, 0
408146, 279232, 0
428540, 155067, 0
356674, 173858, 0
760633, 430919, 0
406086, 113678, 0
468055, 111936, 0
450497, 99209.6, 0
203946, 52564.3, 0
348542, 190583, 0
450167, 138911, 0
403245, 202680, 0
364841, 1.06612e+06, 0
441805, 149504, 0
327083, 59825.1, 0
450409, 175977, 0
852774, 387753, 0
30249.5, 13296.9, 0
152556, 67043.1, 0
365323, 203098, 0
483887, 254564, 0
621406, 291001, 0
391498, 277834, 0
528872, 310131, 0
580020, 399144, 0
205860, 25676.3, 0
237735, 143102, 0
322203, 186092, 0
243847, 171072, 0
601002, 243349, 0
402126, 267603, 0
391338, 146583, 0
518489, 354069, 0
163280, 78695.5, 0
628806, 69861.1, 0
647061, 317645, 0
374108, 241475, 0
244836, 162215, 0
252232, 123589, 0
316752, 222582, 0
493486, 203901, 0
421415, 106118, 0
355245, 216532, 0
523946, 839533, 0
193686, 124448, 0
406704, 285279, 0
532232, 182942, 0
404483, 140544, 0
590226, 355988, 0
646490, 454709, 0
523775, 120765, 0
439226, 282603, 0
433579, 287290, 0
651599, 70350.4, 0
349012, 213991, 0
594837, 87703.7, 0
399007, 138192, 0
644417, 244364, 0
321174, 13354.4, 0
563579, 75077.6, 0
266560, 69150.9, 0
552592, 322594, 0
359790, 224677, 0
322641, 20429.6, 0
289089, 60270.4, 0
281586, 181875, 0
250761, 71482.2, 0
343030, 219091, 0
399506, 177170, 0
518213, 95758.4, 0
432555, 172574, 0
572196, 237150, 0
339782, 117501, 0
464018, 165449, 0
560178, 132079, 0
482231, 201820, 0
182565, 125278, 0
196937, 120455, 0
433363, 210040, 0
239705, 153590, 0
198095, 119625, 0
674800, 196239, 0
289371, 199325, 0
327919, 153356, 0
379605, 220910, 0
143746, 92628.6, 0
499267, 276675, 0
240950, 55668.9, 0
48226.5, 15667.6, 0
580824, 382053, 0
203374, 142298, 0
493028, 230207, 0
518266, 328091, 0
735707, 184203, 0
520578, 258167, 0
389157, 159562, 0
456103, 269244, 0
689687, 29320.1, 0
650383, 253003, 0
273914, 191072, 0
350356, 168181, 0
686239, 481725, 0
551923, 303673, 0
170189, 31983.6, 0
588969, 172469, 0
568253, 314196, 0
599378, 346230, 0
327997, 85440.8, 0
532929, 320748, 0
512787, 111423, 0
695142, 183456, 0
133348, 81549.5, 0
694502, 342245, 0
945059, 131283, 0
638196, 310516, 0
574306, 127253, 0
154713, 83373.7, 0
583866, 127563, 0
375897, 120947, 0
240830, 70070.7, 0
582028, 285517, 0
546114, 248623, 0
540092, 227509, 0
549063, 65288.1, 0
191823, 123754, 0
140238, 93445.2, 0
564778, 76961.4, 0
526365, 198813, 0
521662, 216796, 0
366992, 186781, 0
341215, 189237, 0
492578, 338575, 0
503769, 278614, 0
426505, 203894, 0
509730, 349125, 0
418238, 185002, 0
713513, 375858, 0
355361, 103030, 0
449518, 313194, 0
296397, 144916, 0
340767, 115456, 0
184554, 58167.5, 0
409828, 159156, 0
268252, 84797.4, 0
290730, 35997.9, 0
561960, 221148, 0
256113, 11100.5, 0
321770, 132588, 0
366134, 144601, 0
420358, 292338, 0
150525, 66644.3, 0
291516, 162197, 0
442478, 106544, 0
257982, 133588, 0
577887, 232482, 0
424036, 129708, 0
307611, 204270, 0
377477, 216868, 0
226643, 135765, 0
647127, 447087, 0
332007, 125338, 0
274296, 177838, 0
865484, 240877, 0
391853, 104145, 0
418259, 85285.2, 0
719283, 317186, 0
608545, 191061, 0
268522, 104137, 0
331324, 131239, 0
431616, 253458, 0
216416, 110834, 0
482645, 147185, 0
282440, 181487, 0
489274, 260758, 0
628842, 229865, 0
472216, 322483, 0
342199, 59599.2, 0
629766, 83655.3, 0
233436, 162651, 0
553363, 277146, 0
132235, 54887.2, 0
364315, 258958, 0
393926, 169042, 0
404951, 160521, 0
236845, 149192, 0
239956, 137630, 0
733836, 465587, 0
625240, 155665, 0
291361, 181756, 0
43522.9, 23261.3, 0
243657, 72930, 0
683594, 202353, 0
327552, 185213, 0
285498, 135903, 0
341318, 192716, 0
674807, 205774, 0
414869, 79599, 0
303291, 180518, 0
393394, 126319, 0
272621, 39695.7, 0
297086, 108588, 0
325176, 51246.4, 0
457063, 168582, 0
375738, 124838, 0
588129, 59456.7, 0
478948, 224097, 0
251171, 173766, 0
441076, 163411, 0
561392, 118319, 0
336655, 87502.8, 0
478098, 134628, 0
338475, 171238, 0
235822, 155184, 0
488139, 222425, 0
326806, 200422, 0
159820, 89467.8, 0
503700, 326565, 0
456171, 227997, 0
627265, 171501, 0
225618, 62689.2, 0
212847, 98338.7, 0
553569, 346527, 0
620830, 284662, 0
539282, 164337, 0
542972, 240458, 0
431806, 226154, 0
347704, 183572, 0
176957, 117737, 0
464508, 74793.2, 0
349930, 118516, 0
476167, 161730, 0
300688, 210692, 0
862281, 120423, 0
456706, 146566, 0
667369, 244834, 0
167793, 16655.8, 0
592392, 219663, 0
744969, 143819, 0
389264, 82913.5, 0
570605, 257264, 0
514844, 274184, 0
336720, 121015, 0
298961, 157980, 0
532536, 166981, 0
349225, 151676, 0
480194, 326704, 0
906711, 246880, 0
440298, 203682, 0
408225, 203908, 0
166618, 86724.9, 0
321127, 188836, 0
951835, 308902, 0
324387, 166521, 0
382645, 6266.8, 0
591108, 300312, 0
141872, 65090.6, 0
363567, 117096, 0
416399, 267766, 0
447823, 282376, 0
415898, 247469, 0
191048, 66001.9, 0
181392, 100031, 0
715298, 378930, 0
176620, 57159.3, 0
661685, 367426, 0
130093, 37851.5, 0
202524, 101939, 0
401754, 21586.5, 0
407687, 65224, 0
419871, 168941, 0
408595, 233153, 0
507906, 33758.2, 0
256903, 173213, 0
303467, 57551.6, 0
120832, 73358.4, 0
479995, 241883, 0
387237, 128087, 0
66468, 37265.6, 0
337857, 188974, 0
289022, 181377, 0
664701, 65912.6, 0
335282, 239622, 0
355084, 208664, 0
412684, 179678, 0
336911, 157568, 0
366191, 164346, 0
205745, 103329, 0
494436, 202434, 0
394402, 234354, 0
352043, 198602, 0
655888, 304513, 0
396962, 223329, 0
611258, 433866, 0
151335, 89932, 0
278304, 162506, 0
519960, 265388, 0
391024, 271093, 0
621644, 200960, 0
690298, 89137.3, 0
97193.8, 62798.6, 0
585407, 376574, 0
582213, 290657, 0
244398, 113010, 0
320397, 191176, 0
613741, 293972, 0
486012, 284017, 0
575700, 346875, 0
319945, 143560, 0
165395, 91892.4, 0
455226, 272658, 0
284925, 172987, 0
280042, 31115.5, 0
406950, 290767, 0
475119, 324428, 0
497644, 318405, 0
428101, 231480, 0
140289, 65881.6, 0
495141, 101271, 0
116922, 80231.2, 0
558609, 272848, 0
443567, 241679, 0
159349, 91861.5, 0
445701, 314908, 0
706087, 450200, 0
680175, 115076, 0
635578, 218053, 0
350990, 219332, 0
454906, 168140, 0
505761, 89724.6, 0
329357, 68097.8, 0
168476, 55041.3, 0
227234, 34567.7, 0
493479, 322824, 0
514283, 304868, 0
335417, 105469, 0
266667, 166293, 0
413462, 270986, 0
269792, 177825, 0
332305, 114802, 0
740179, 341051, 0
257298, 150445, 0
436403, 174464, 0
330864, 106163, 0
645364, 303922, 0
625630, 59612, 0
571725, 315317, 0
538516, 193220, 0
308475, 221268, 0
532896, 317999, 0
382421, 46565.1, 0
369892, 180654, 0
283656, 159639, 0
299573, 84897.5, 0
178092, 79989.5, 0
264497, 167746, 0
304084, 148895, 0
356412, 217706, 0
142288, 43077.8, 0
453709, 315125, 0
369627, 73015, 0
797933, 220040, 0
618873, 285487, 0
274321, 165549, 0
225138, 87966.3, 0
536665, 171262, 0
497192, 319907, 0
330805, 205236, 0
652254, 235615, 0
271975, 153562, 0
439252, 304801, 0
486582, 105003, 0
161053, 65838.5, 0
571142, 43715.9, 0
643911, 38620.8, 0
298244, 80090.2, 0
345780, 227947, 0
444514, 116574, 0
320596, 75066.4, 0
535945, 227142, 0
429806, 144129, 0
326618, 205766, 0
410857, 167408, 0
420470, 283790, 0
296643, 204181, 0
349540, 52220.3, 0
658780, 96755.8, 0
226604, 49215.6, 0
466230, 166381, 0
291102, 131819, 0
388260, 227755, 0
324520, 199665, 0
241707, 139193, 0
344298, 116969, 0
802862, 190441, 0
370898, 138251, 0
608410, 92706.1, 0
283718, 164540, 0
170377, 87255.8, 0
487255, 296837, 0
260791, 106587, 0
595013, 372262, 0
554948, 110872, 0
317842, 190126, 0
440732, 214901, 0
700023, 204424, 0
997241, 300502, 0
456243, 291609, 0
539351, 295383, 0
342341, 211134, 0
194598, 104184, 0
295204, 152548, 0
459880, 317779, 0
406353, 164348, 0
224308, 112726, 0
295230, 154766, 0
488994, 259272, 0
492368, 343578, 0
512311, 774611, 0
484615, 305992, 0
507663, 364189, 0
309345, 163558, 0
564266, 363345, 0
317899, 115462, 0
518245, 124773, 0
184133, 123585, 0
300151, 208003, 0
482707, 313619, 0
537185, 211326, 0
425632, 212971, 0
359450, 252198, 0
432392, 149383, 0
439816, 277663, 0
261182, 176361, 0
686112, 303693, 0
303401, 153039, 0
713684, 461349, 0
153364, 106881, 0
309683, 160197, 0
288898, 150163, 0
369225, 103757, 0
411141, 247229, 0
428755, 240920, 0
335765, 100614, 0
399840, 189953, 0
243459, 173235, 0
493722, 323584, 0
366653, 122471, 0
387732, 220118, 0
204927, 125010, 0
790649, 501730, 0
424019, 250027, 0
359640, 151867, 0
344476, 158080, 0
534802, 368596, 0
486901, 124799, 0
219744, 149470, 0
491108, 307013, 0
476021, 149554, 0
787587, 119809, 0
405131, 137328, 0
630741, 273295, 0
106885, 69591.1, 0
477568, 83668.5, 0
416577, 216153, 0
663833, 142886, 0
356083, 238841, 0
764085, 579088, 0
160291, 95093.8, 0
259548, 118350, 0
224749, 132621, 0
517260, 261196, 0
550064, 294741, 0
795350, 30816.7, 0
225554, 152908, 0
279911, 127306, 0
605041, 433485, 0
360419, 182974, 0
328316, 189537, 0
321732, 135367, 0
348291, 249356, 0
618656, 283994, 0
237616, 134161, 0
595221, 410741, 0
453744, 325802, 0
237898, 49619.1, 0
419149, 244458, 0
350917, 89847.9, 0
391284, 216084, 0
86895.4, 46853.2, 0
380706, 158902, 0
157255, 75107, 0
197944, 108797, 0
385328, 131012, 0
399454, 83128.9, 0
292582, 77392.7, 0
466614, 314480, 0
329968, 189074, 0
435527, 303731, 0
566760, 828346, 0
554918, 257055, 0
578226, 74933.9, 0
351765, 147396, 0
891310, 480682, 0
350717, 174562, 0
443307, 106800, 0
303069, 185689, 0
378266, 94728.9, 0
412951, 157441, 0
579641, 265144, 0
305266, 205555, 0
397132, 196786, 0
799572, 458783, 0
559961, 191906, 0
381362, 256744, 0
477673, 272617, 0
680088, 303698, 0
483821, 160230, 0
363161, 235565, 0
137662, 92151.5, 0
434099, 1.13717e+06, 0
546525, 21125.1, 0
268961, 104821, 0
337345, 201468, 0
327915, 217271, 0
262307, 168505, 0
242701, 110287, 0
340128, 104414, 0
374561, 176285, 0
757761, 557311, 0
199350, 65580.9, 0
357855, 128612, 0
242776, 122538, 0
437801, 303298, 0
112937, 59977.2, 0
79766.1, 13962.4, 0
489559, 834732, 0
228064, 87359.6, 0
152264, 63216, 0
373016, 135357, 0
571437, 163082, 0
363681, 116156, 0
632074, 452007, 0
750539, 279048, 0
671848, 141217, 0
584756, 307849, 0
576263, 321843, 0
501539, 137759, 0
458150, 128404, 0
387498, 175501, 0
754291, 320678, 0
257368, 144224, 0
383183, 156702, 0
133181, 85321.5, 0
124882, 9544.06, 0
597274, 262536, 0
440114, 226387, 0
444110, 102802, 0
459897, 153447, 0
439573, 217358, 0
390087, 201767, 0
492136, 285739, 0
326196, 165379, 0
190242, 18323.1, 0
644669, 306913, 0
580917, 401571, 0
215343, 43044, 0
629003, 133914, 0
376078, 260224, 0
730683, 491978, 0
828915, 293099, 0
218780, 80821, 0
434451, 263505, 0
525482, 183457, 0
563703, 115267, 0
424008, 201479, 0
628279, 211783, 0
593180, 141842, 0
367775, 260493, 0
408915, 175105, 0
228720, 161408, 0
254607, 21867, 0
233473, 124407, 0
259828, 83167.9, 0
242696, 66557.3, 0
170274, 116620, 0
529705, 350713, 0
199751, 42340.4, 0
316309, 35852.9, 0
155082, 103429, 0
373442, 175065, 0
426882, 217649, 0
567615, 171153, 0
330305, 188676, 0
294732, 117090, 0
462385, 108108, 0
403963, 127284, 0
343213, 59948.3, 0
197886, 125838, 0
111232, 57064.3, 0
858078, 358956, 0
749947, 227708, 0
214036, 142528, 0
410629, 150785, 0
534471, 372886, 0
253109, 104549, 0
666469, 243523, 0
522910, 103140, 0
84085.3, 52118.4, 0
445040, 207652, 0
571294, 121033, 0
390060, 234751, 0
295539, 188970, 0
498782, 282961, 0
339864, 198878, 0
536634, 290749, 0
723251, 313026, 0
664397, 106507, 0
302314, 167802, 0
402739, 94287.7, 0
398743, 276875, 0
233534, 122469, 0
183201, 82226.1, 0
157389, 110849, 0
393401, 92891.3, 0
384013, 133813, 0
261938, 63856.9, 0
332315, 223933, 0
550345, 307025, 0
432213, 111696, 0
383849, 217885, 0
344833, 133075, 0
559236, 265788, 0
241867, 154355, 0
321192, 164851, 0
456033, 211692, 0
887041, 434357, 0
588811, 143122, 0
346824, 150609, 0
356625, 213586, 0
411875, 232951, 0
191700, 63349.7, 0
601011, 141566, 0
216338, 140408, 0
643804, 386132, 0
403477, 186855, 0
309822, 159932, 0
425089, 48188.6, 0
403004, 220538, 0
621800, 322055, 0
387635, 129273, 0
297449, 213130, 0
508505, 303008, 0
183039, 99809.4, 0
867925, 45482.2, 0
306386, 33759.6, 0
143535, 97237.6, 0
357119, 249574, 0
475578, 153613, 0
282715, 74426.6, 0
354836, 194337, 0
595537, 25605.7, 0
522305, 203994, 0
655006, 313212, 0
338531, 214413, 0
291092, 192952, 0
384344, 234168, 0
410151, 263582, 0
765728, 334864, 0
434366, 153589, 0
366890, 217832, 0
386123, 231396, 0
394654, 63061.6, 0
242589, 148924, 0
374617, 265865, 0
443132, 200179, 0
342336, 156111, 0
320047, 154651, 0
336323, 94577.4, 0
644859, 374050, 0
354166, 148625, 0
375023, 223416, 0
355805, 87302.2, 0
144434, 82134.7, 0
194422, 96260.8, 0
531437, 318213, 0
181791, 93326.3, 0
231896, 27476.3, 0
377426, 168418, 0
288820, 129292, 0
439025, 142081, 0
457362, 271936, 0
351155, 138314, 0
272303, 138664, 0
101264, 62798.2, 0
74395.8, 49928.3, 0
464475, 183571, 0
198404, 121135, 0
647695, 468044, 0
425765, 209666, 0
517954, 118027, 0
202832, 85049.8, 0
75104.6, 30455.8, 0
477474, 126110, 0
433830, 90517.1, 0
368670, 195524, 0
329996, 100301, 0
272719, 57912.5, 0
563527, 347786, 0
916247, 481488, 0
494427, 209002, 0
286914, 154592, 0
414737, 183875, 0
372151, 230808, 0
376804, 208328, 0
497312, 150992, 0
374952, 192949, 0
317756, 175230, 0
236587, 72589, 0
60899.6, 40422.9, 0
371727, 149287, 0
560217, 48952.4, 0
288467, 139171, 0
612041, 178201, 0
130393, 46713.8, 0
499539, 251701, 0
138559, 66134.8, 0
651584, 210124, 0
233974, 41621, 0
335616, 222243, 0
442685, 211646, 0
454850, 299618, 0
91800.2, 47953.1, 0
231390, 63039.1, 0
439575, 113421, 0
163611, 59760.4, 0
455591, 271117, 0
421573, 257436, 0
274932, 153452, 0
70006.6, 33708.8, 0
803450, 163145, 0
152253, 40769.4, 0
388335, 172720, 0
236029, 146402, 0
375375, 230891, 0
374488, 199314, 0
272617, 118188, 0
381230, 185543, 0
357277, 79409.9, 0
699890, 347105, 0
377968, 159625, 0
535890, 63261.8, 0
382009, 94700.4, 0
616535, 334034, 0
107735, 44565.7, 0
442310, 205156, 0
506938, 341231, 0
315663, 143090, 0
568189, 311675, 0
573743, 84870.1, 0
390178, 225270, 0
571100, 356309, 0
446683, 285736, 0
75540.9, 52150.4, 0
366068, 90504.4, 0
665022, 108050, 0
683995, 240650, 0
461847, 235206, 0
428612, 260318, 0
649367, 101238, 0
694945, 198334, 0
389301, 132443, 0
452226, 190872, 0
552830, 180924, 0
294830, 181182, 0
452528, 62056.3, 0
235466, 29054.4, 0
379491, 238538, 0
159080, 38906.3, 0
560691, 139700, 0
213707, 118303, 0
211465, 73349.2, 0
343548, 232721, 0
467491, 186468, 0
473096, 244163, 0
56764.7, 40040.5, 0
181252, 114455, 0
503642, 175003, 0
429095, 59397.1, 0
512340, 264984, 0
256716, 89122.5, 0
322631, 109409, 0
428130, 112448, 0
347634, 206720, 0
110662, 36702.9, 0
375022, 233406, 0
122730, 85278.8, 0
399750, 89184.5, 0
262168, 92068.5, 0
566221, 376365, 0
602655, 429549, 0
747709, 225849, 0
140073, 81420.3, 0
128947, 91022.5, 0
300126, 104373, 0
228991, 34628.4, 0
692490, 306286, 0
125151, 86288.9, 0
431076, 107861, 0
521427, 147087, 0
290767, 169133, 0
212348, 124150, 0
278875, 73049.6, 0
261771, 49348.1, 0
425828, 245190, 0
308181, 119289, 0
131916, 39347.9, 0
390767, 242549, 0
202947, 144343, 0
191793, 124631, 0
381643, 274347, 0
292341, 199793, 0
515717, 138301, 0
315486, 212420, 0
291330, 145191, 0
200428, 130108, 0
286078, 177389, 0
620247, 69847.5, 0
209484, 78298.2, 0
125124, 71125.9, 0
540874, 349899, 0
559965, 217777, 0
103313, 59119.9, 0
286288, 60299.2, 0
310334, 196597, 0
187616, 74502.9, 0
128644, 71529.1, 0
569456, 317531, 0
201852, 43255.9, 0
308907, 124644, 0
205838, 96367.7, 0
535887, 147073, 0
210835, 56460.9, 0
470522, 222426, 0
153125, 105212, 0
421423, 273972, 0
176063, 124006, 0
436363, 232926, 0
161246, 99574.4, 0
406926, 205726, 0
164100, 78067.3, 0
316172, 177644, 0
386665, 131208, 0
519563, 91593.6, 0
410125, 279355, 0
419903, 56508.2, 0
525528, 112927, 0
508197, 162940, 0
372329, 202404, 0
305374, 171280, 0
541831, 386534, 0
233519, 146566, 0
365471, 95380.5, 0
210841, 111024, 0
395324, 283130, 0
430582, 289088, 0
249432, 135808, 0
328988, 148097, 0
271881, 88543.8, 0
313891, 99317.3, 0
286838, 154327, 0
393023, 136584, 0
544577, 386384, 0
448814, 93427.6, 0
210026, 71324.5, 0
556335, 308225, 0
456826, 161159, 0
474986, 239556, 0
167267, 96295.8, 0
351275, 204879, 0
442911, 134898, 0
629715, 315383, 0
113207, 52026.3, 0
133502, 64536.9, 0
263670, 121535, 0
493249, 164059, 0
348965, 133689, 0
465710, 276875, 0
590067, 67498.6, 0
403744, 149456, 0
415269, 177073, 0
561496, 80960.1, 0
323768, 62614.4, 0
370772, 104172, 0
342740, 184960, 0
468487, 290753, 0
279314, 160978, 0
420897, 243196, 0
312871, 57693.2, 0
129262, 82227.9, 0
449702, 239012, 0
419909, 94697.9, 0
326081, 102732, 0
607164, 19338.3, 0
655063, 394825, 0
230781, 81699.8, 0
379029, 227915, 0
387514, 152792, 0
344153, 239164, 0
509964, 215822, 0
524399, 316050, 0
259007, 108714, 0
742591, 420550, 0
572523, 311880, 0
847550, 191894, 0
745865, 233846, 0
585290, 247816, 0
453200, 184875, 0
567388, 69145.9, 0
335437, 140788, 0
263239, 140253, 0
231511, 61106.5, 0
295503, 117065, 0
588745, 189586, 0
572408, 191524, 0
293534, 87048.5, 0
378853, 231449, 0
310146, 200465, 0
230692, 70918.9, 0
694374, 408074, 0
595183, 274284, 0
570060, 125972, 0
168322, 83143.2, 0
298164, 173111, 0
413600, 234927, 0
482876, 35765.9, 0
372073, 237391, 0
169497, 33684.2, 0
740502, 206184, 0
366915, 248920, 0
618560, 396130, 0
352401, 244876, 0
453730, 116290, 0
642023, 224932, 0
494299, 341118, 0
932838, 272228, 0
281319, 144983, 0
330220, 166976, 0
133568, 28029.7, 0
750471, 241172, 0
214090, 125467, 0
214726, 142215, 0
74879.8, 51466.7, 0
300871, 56966.2, 0
146321, 87971, 0
553691, 381449, 0
304802, 38885.2, 0
573570, 380915, 0
564834, 350643, 0
372779, 215362, 0
285916, 110337, 0
90802.5, 57730.4, 0
211150, 107995, 0
335428, 199965, 0
391830, 171999, 0
489032, 246944, 0
251801, 167280, 0
324441, 199580, 0
459718, 235582, 0
211816, 57563.5, 0
375144, 255373, 0
317032, 130043, 0
512232, 230303, 0
179439, 41585.7, 0
535782, 138535, 0
360706, 165909, 0
637739, 274765, 0
443954, 194238, 0
308654, 142151, 0
260762, 35075.5, 0
294510, 126736, 0
184694, 29176.8, 0
571501, 114227, 0
651648, 443544, 0
134141, 80469.6, 0
450995, 209016, 0
535740, 267672, 0
451851, 188141, 0
158448, 95764.2, 0
476696, 45662.9, 0
577905, 134233, 0
670541, 242958, 0
721540, 316537, 0
419498, 79873.4, 0
503655, 42149.3, 0
527281, 127685, 0
511095, 173788, 0
333172, 170024, 0
137863, 29805, 0
283360, 181152, 0
399437, 271044, 0
175140, 61505.9, 0
413293, 142016, 0
440175, 169644, 0
444189, 120539, 0
340063, 224707, 0
301646, 66934.5, 0
262476, 178806, 0
571378, 118370, 0
615599, 316629, 0
447708, 171189, 0
485299, 846442, 0
475155, 313524, 0
428191, 80781.9, 0
604048, 377521, 0
303888, 83105.7, 0
168014, 119416, 0
433742, 92400.9, 0
323879, 55767.9, 0
374116, 184262, 0
559392, 219960, 0
231100, 137915, 0
407372, 264641, 0
127239, 19987.2, 0
255351, 98669.1, 0
590881, 348301, 0
588423, 873152, 0
400874, 266163, 0
516712, 294801, 0
473057, 331073, 0
417279, 132948, 0
124282, 84438.9, 0
288576, 60012.4, 0
532823, 140656, 0
465969, 332071, 0
349559, 167952, 0
179175, 126612, 0
333363, 193177, 0
444027, 257732, 0
406876, 187372, 0
205542, 107779, 0
399953, 120734, 0
355621, 164912, 0
544478, 262683, 0
545410, 226450, 0
376650, 141786, 0
637960, 267729, 0
325724, 154150, 0
594889, 73936.3, 0
722648, 425866, 0
320960, 196938, 0
412380, 144277, 0
612490, 831626, 0
385896, 99884.2, 0
493354, 156711, 0
295333, 167379, 0
441944, 299138, 0
430444, 214926, 0
199596, 87989.2, 0
698845, 238427, 0
370311, 20839.2, 0
281658, 136603, 0
536976, 254703, 0
602076, 399734, 0
329885, 82766.3, 0
186981, 88017, 0
354553, 134237, 0
481652, 335026, 0
169995, 105515, 0
439103, 116709, 0
470288, 287185, 0
354268, 217338, 0
603113, 132785, 0
427454, 242949, 0
395114, 134049, 0
489490, 321978, 0
591664, 419362, 0
547308, 122474, 0
327788, 190547, 0
823276, 386382, 0
186058, 106773, 0
272340, 82524.1, 0
275032, 113795, 0
397342, 116431, 0
394585, 129860, 0
1.02626e+06, 213637, 0
449302, 247412, 0
228292, 161319, 0
485954, 343530, 0
534165, 230049, 0
717649, 505121, 0
180029, 123904, 0
755225, 156276, 0
253120, 153337, 0
233831, 82453.8, 0
372542, 198588, 0
511550, 243443, 0
416132, 185040, 0
515342, 159471, 0
215212, 125968, 0
254987, 36796.8, 0
232181, 108450, 0
289774, 207719, 0
356046, 121036, 0
392357, 125563, 0
420697, 196153, 0
235673, 133639, 0
547484, 383227, 0
244456, 159439, 0
308038, 17440.7, 0
472649, 81785.4, 0
260017, 84994.5, 0
454192, 197223, 0
407817, 172283, 0
391860, 254205, 0
462092, 37187.6, 0
549412, 207349, 0
565273, 1.18061e+06, 0
424842, 251747, 0
300182, 21602, 0
168201, 99652.9, 0
554709, 142350, 0
243991, 104258, 0
176871, 112927, 0
1.00193e+06, 502842, 0
443549, 124541, 0
460116, 258891, 0
396581, 255376, 0
475027, 155647, 0
362977, 261205, 0
164594, 19052.8, 0
530563, 344872, 0
109484, 33699.8, 0
370452, 123209, 0
286317, 196602, 0
75507.4, 49575.6, 0
695971, 383274, 0
569970, 94191.3, 0
444713, 188303, 0
322462, 138955, 0
371552, 212230, 0
334121, 222799, 0
452420, 186041, 0
618439, 412545, 0
553310, 133766, 0
243648, 150829, 0
686051, 237419, 0
225798, 107139, 0
363633, 180866, 0
250285, 141566, 0
325014, 183192, 0
395689, 92464.8, 0
257586, 44076.5, 0
367836, 251956, 0
194088, 87442.8, 0
360489, 43675.6, 0
526784, 119544, 0
229964, 114089, 0
444081, 313320, 0
520080, 347285, 0
185611, 94951, 0
575447, 248380, 0
133287, 21311.7, 0
204871, 122002, 0
470672, 180759, 0
530058, 217612, 0
526742, 290863, 0
349952, 215821, 0
231488, 165328, 0
160332, 113699, 0
404947, 112708, 0
464713, 195551, 0
80674.7, 48899.8, 0
284154, 142195, 0
577354, 80346.9, 0
234989, 130773, 0
802129, 302515, 0
345309, 172329, 0
625765, 159873, 0
445823, 239935, 0
495836, 204558, 0
394056, 210222, 0
676103, 381679, 0
476853, 82025.7, 0
626861, 431954, 0
576976, 333960, 0
403522, 191061, 0
78042.4, 54157.8, 0
560360, 378607, 0
506007, 275576, 0
444332, 180378, 0
545938, 143981, 0
307652, 141356, 0
99763, 58765.1, 0
359437, 230061, 0
258878, 49349.9, 0
361952, 103651, 0
477480, 74060.5, 0
549183, 259683, 0
648147, 396951, 0
670314, 384588, 0
673194, 134445, 0
378140, 145344, 0
146216, 84890.2, 0
568451, 288764, 0
304516, 101283, 0
591769, 328814, 0
510334, 208923, 0
530378, 79623.1, 0
384759, 261134, 0
791259, 539333, 0
456535, 784597, 0
258748, 130795, 0
203262, 83930.7, 0
221680, 58446.1, 0
229771, 145818, 0
307459, 74837.9, 0
443593, 216024, 0
136498, 82928, 0
287699, 135542, 0
166417, 81601.1, 0
182281, 97914.1, 0
208289, 77235.2, 0
326163, 97907.8, 0
260149, 69091.5, 0
278466, 53557.1, 0
92605.2, 33556.3, 0
714533, 271871, 0
313795, 123952, 0
142811, 71589.8, 0
249100, 100671, 0
468741, 299744, 0
307505, 146474, 0
733507, 179043, 0
195154, 105072, 0
153165, 95011.8, 0
462058, 198225, 0
178030, 65447.5, 0
592889, 259502, 0
391310, 237230, 0
296390, 205581, 0
327897, 91144.5, 0
483680, 212412, 0
471240, 43408.8, 0
347023, 236962, 0
354519, 113782, 0
215991, 106314, 0
394546, 192810, 0
92435.3, 66294.2, 0
272685, 144005, 0
496724, 354317, 0
134428, 70162.2, 0
360828, 21077.3, 0
461815, 191372, 0
475912, 114042, 0
342308, 181693, 0
201145, 115961, 0
619730, 66718.4, 0
296614, 201411, 0
226638, 104375, 0
771920, 342418, 0
407761, 217695, 0
573564, 352674, 0
309398, 144612, 0
369497, 124943, 0
492867, 162251, 0
656065, 340148, 0
409790, 178851, 0
235500, 124968, 0
436698, 300571, 0
364296, 178006, 0
664554, 283199, 0
231246, 134554, 0
189820, 67066.3, 0
551259, 105822, 0
391888, 149882, 0
185895, 57789.9, 0
490190, 894924, 0
226406, 161449, 0
376355, 180701, 0
265240, 64647.7, 0
595359, 142721, 0
505565, 353446, 0
496538, 211125, 0
476736, 282030, 0
1.0204e+06, 250545, 0
319375, 58946.8, 0
465578, 258997, 0
455947, 310856, 0
368284, 260248, 0
351417, 218193, 0
571665, 413456, 0
686272, 326248, 0
336312, 111673, 0
592271, 43106, 0
320569, 175249, 0
146203, 72144.7, 0
165263, 68767.2, 0
405512, 197396, 0
532599, 103875, 0
226103, 80487.5, 0
536917, 296048, 0
126517, 38020.2, 0
354420, 203695, 0
347710, 147715, 0
366945, 126898, 0
516892, 185913, 0
382869, 68611.7, 0
224151, 148689, 0
451882, 236402, 0
593767, 135025, 0
421824, 292634, 0
415212, 131663, 0
280608, 100521, 0
410152, 252742, 0
356346, 218141, 0
315789, 117573, 0
124144, 71457.3, 0
506933, 349328, 0
552382, 298206, 0
664892, 434341, 0
243062, 83023, 0
377268, 129696, 0
371472, 250873, 0
351234, 212625, 0
387075, 155944, 0
422962, 217923, 0
337702, 171466, 0
182107, 44237.9, 0
644913, 397795, 0
368615, 201023, 0
232174, 57835.9, 0
310355, 70526.7, 0
469350, 310062, 0
260870, 116533, 0
491505, 144066, 0
577112, 202320, 0
619591, 252087, 0
393221, 112708, 0
196231, 129884, 0
556198, 101890, 0
637305, 388025, 0
334448, 117661, 0
613932, 348002, 0
662815, 173571, 0
650666, 128370, 0
314525, 148356, 0
474439, 294482, 0
236710, 37897.6, 0
552745, 151818, 0
175064, 61516.5, 0
444324, 228459, 0
610158, 317450, 0
763906, 500334, 0
583176, 259116, 0
193114, 101261, 0
432143, 55318.6, 0
348635, 101732, 0
547528, 79974.5, 0
374394, 159187, 0
218601, 21713.6, 0
299255, 104244, 0
477620, 329683, 0
191360, 93894.1, 0
376136, 244561, 0
379903, 127347, 0
406033, 21967, 0
199846, 128204, 0
289659, 163308, 0
238928, 167991, 0
521991, 169755, 0
340508, 242161, 0
731967, 240804, 0
585384, 311033, 0
232816, 63123.5, 0
383790, 113938, 0
94607.2, 38878.5, 0
546433, 148113, 0
411742, 213125, 0
512810, 307605, 0
480822, 107492, 0
892987, 608580, 0
368549, 190387, 0
743171, 330640, 0
202998, 136161, 0
267797, 152913, 0
132357, 39029.2, 0
622521, 376376, 0
295189, 156300, 0
282092, 164582, 0
585531, 401833, 0
219594, 124458, 0
234487, 120452, 0
224965, 140620, 0
511577, 155739, 0
524678, 110510, 0
608687, 215107, 0
484989, 336799, 0
393716, 179929, 0
208705, 98900.8, 0
266274, 119242, 0
481360, 235379, 0
447870, 97181.7, 0
458729, 318708, 0
582809, 262344, 0
326979, 231968, 0
418953, 36248.7, 0
602671, 275305, 0
463362, 307258, 0
559244, 333487, 0
292218, 137020, 0
325662, 184789, 0
365638, 129605, 0
422380, 69225.3, 0
467712, 292789, 0
391776, 163117, 0
897956, 330213, 0
301298, 198549, 0
632756, 296864, 0
296704, 168984, 0
171476, 102815, 0
470270, 243192, 0
389062, 233793, 0
93143.6, 57698.7, 0
555595, 325055, 0
466196, 99907.4, 0
464127, 255505, 0
518869, 347816, 0
161522, 63049, 0
400182, 98337.6, 0
422472, 295374, 0
242273, 100976, 0
227056, 124401, 0
251055, 151402, 0
411944, 228330, 0
357039, 178275, 0
473762, 315659, 0
378667, 247459, 0
447034, 107078, 0
315663, 60348.3, 0
429599, 104361, 0
808712, 195384, 0
496723, 129541, 0
652449, 365523, 0
710806, 292102, 0
298117, 179811, 0
526624, 308506, 0
374589, 208346, 0
212605, 152358, 0
621418, 127287, 0
592881, 77990.8, 0
128596, 16315.2, 0
436635, 114452, 0
428827, 293710, 0
608908, 268672, 0
506451, 222707, 0
390686, 162781, 0
206070, 106607, 0
409348, 263679, 0
275479, 150270, 0
350723, 201674, 0
339136, 37910.2, 0
612981, 224802, 0
356201, 217715, 0
183574, 131552, 0
279393, 201027, 0
420599, 117564, 0
317271, 138016, 0
323820, 73782.2, 0
480692, 333907, 0
277764, 170170, 0
310560, 163207, 0
302942, 125349, 0
559537, 32782.6, 0
303059, 95694.6, 0
494482, 193243, 0
361332, 214237, 0
506529, 325246, 0
176813, 96218.6, 0
192573, 131893, 0
522336, 126883, 0
447492, 275839, 0
403572, 211392, 0
398446, 111911, 0
157983, 69927.6, 0
390405, 273060, 0
312502, 197709, 0
270519, 78311.6, 0
334685, 161690, 0
591345, 372095, 0
477440, 142099, 0
516944, 152665, 0
212249, 109351, 0
318605, 214159, 0
350579, 225723, 0
164451, 117510, 0
471838, 56465.5, 0
477715, 124351, 0
93484.9, 66234, 0
496038, 227909, 0
482206, 326386, 0
443832, 228043, 0
982100, 327163, 0
648169, 368257, 0
112208, 76253.5, 0
474157, 274125, 0
289745, 128703, 0
457119, 324495, 0
503550, 107833, 0
329364, 186869, 0
397928, 159182, 0
512045, 362160, 0
269324, 179844, 0
148170, 97356.7, 0
232530, 61440.5, 0
608427, 434240, 0
360283, 169846, 0
557260, 345552, 0
719024, 461789, 0
539692, 64258.3, 0
329816, 109585, 0
346999, 209052, 0
217215, 93796.4, 0
386265, 153800, 0
466689, 124866, 0
280956, 123707, 0
345067, 140642, 0
345693, 189240, 0
451244, 273176, 0
350278, 202321, 0
320264, 230255, 0
312043, 33745.9, 0
297671, 164811, 0
544039, 385585, 0
193030, 118160, 0
379440, 157029, 0
158400, 80789.7, 0
264805, 172689, 0
210426, 5458.32, 0
164719, 52101.8, 0
493156, 345395, 0
401982, 250980, 0
351108, 168943, 0
461889, 220639, 0
248654, 112693, 0
296704, 192881, 0
176202, 120010, 0
204980, 129991, 0
708539, 406971, 0
416095, 155824, 0
659577, 32887.2, 0
474551, 333738, 0
711139, 202230, 0
585186, 200727, 0
441126, 21023.3, 0
580370, 123760, 0
363407, 235265, 0
526756, 253527, 0
589417, 167758, 0
234633, 40902.2, 0
561010, 198291, 0
473549, 279762, 0
373834, 116975, 0
252573, 157926, 0
261110, 126812, 0
475470, 323863, 0
484152, 188934, 0
338662, 230164, 0
462417, 311321, 0
363334, 133720, 0
480720, 164656, 0
523187, 334118, 0
697647, 371524, 0
361686, 102808, 0
493648, 275453, 0
495886, 182901, 0
414207, 114822, 0
170951, 56923.9, 0
520293, 292520, 0
222741, 45925.8, 0
239576, 108092, 0
514355, 280088, 0
154498, 31838, 0
299318, 116162, 0
544195, 118592, 0
301562, 93406.1, 0
138373, 41033.3, 0
535819, 111462, 0
352244, 201328, 0
443571, 164576, 0
195036, 127491, 0
594558, 196295, 0
457239, 312867, 0
389025, 248818, 0
256920, 144668, 0
610650, 108858, 0
312584, 56301.6, 0
462123, 280859, 0
336167, 179106, 0
434517, 155000, 0
291115, 100819, 0
148900, 59566.8, 0
325473, 219560, 0
307798, 181596, 0
352656, 86265.6, 0
341943, 152475, 0
737706, 480462, 0
352660, 184444, 0
432846, 252948, 0
501172, 190155, 0
526313, 139470, 0
525580, 231024, 0
321662, 110342, 0
485628, 76051.4, 0
164767, 66067.3, 0
477460, 61095.1, 0
629911, 423138, 0
419686, 160829, 0
420745, 189593, 0
548704, 180864, 0
588104, 90954.9, 0
447228, 293266, 0
536205, 344561, 0
216167, 68731.3, 0
419874, 249325, 0
577399, 263622, 0
384871, 116145, 0
318231, 150597, 0
258821, 60362.7, 0
595529, 349583, 0
134161, 79045.9, 0
505949, 354909, 0
504737, 355337, 0
442025, 244133, 0
462389, 200524, 0
473277, 277221, 0
354421, 139229, 0
511967, 128419, 0
355897, 251315, 0
217818, 53301.3, 0
599607, 27640.6, 0
364007, 95694.9, 0
231853, 73472.5, 0
282191, 136182, 0
561584, 352864, 0
655412, 56389.8, 0
769754, 508524, 0
644764, 221271, 0
171670, 84216.2, 0
828607, 338223, 0
212075, 55120.3, 0
491226, 293522, 0
291534, 166568, 0
513380, 844068, 0
369036, 256532, 0
403186, 227727, 0
251080, 133711, 0
397802, 267339, 0
551136, 220455, 0
233058, 86733.6, 0
305027, 113750, 0
393220, 236262, 0
681903, 379186, 0
467173, 193937, 0
440757, 224252, 0
462192, 268166, 0
519634, 93730.7, 0
150279, 78571.9, 0
506291, 155826, 0
460415, 246419, 0
131513, 81190.4, 0
416752, 121571, 0
715793, 144276, 0
646247, 309706, 0
85687.5, 35123.3, 0
416234, 51635.9, 0
611318, 409306, 0
322296, 201360, 0
120000, 45748, 0
615141, 824500, 0
259259, 135131, 0
295395, 79073.5, 0
312545, 178542, 0
180249, 115943, 0
368716, 74079, 0
480178, 287570, 0
803291, 25439.8, 0
257125, 67459.2, 0
447080, 185138, 0
520012, 218439, 0
256552, 174996, 0
212634, 128421, 0
460695, 263688, 0
709441, 371752, 0
263381, 158966, 0
218761, 73003, 0
256283, 38081.4, 0
218463, 116784, 0
124690, 72430.8, 0
407754, 86316.2, 0
588156, 289510, 0
368984, 209071, 0
350898, 250279, 0
217912, 113786, 0
554184, 275748, 0
187175, 116509, 0
226963, 82399.3, 0
371208, 192208, 0
445197, 301929, 0
248279, 102552, 0
453818, 201451, 0
615520, 442168, 0
391114, 100289, 0
107829, 72854.3, 0
337485, 237702, 0
246408, 131198, 0
260357, 99553.3, 0
556626, 390465, 0
324958, 233521, 0
499426, 231474, 0
398691, 199097, 0
271135, 89718.1, 0
447249, 271369, 0
385474, 176473, 0
299352, 67972.8, 0
294985, 147500, 0
231368, 109210, 0
510825, 277843, 0
170886, 108534, 0
239556, 82630.4, 0
193287, 108497, 0
245207, 128334, 0
157948, 73431.9, 0
333730, 232437, 0
326931, 42868.1, 0
503292, 288369, 0
90031.5, 40298.1, 0
408474, 274241, 0
416669, 28319.5, 0
633380, 138930, 0
431179, 136341, 0
346970, 221108, 0
404995, 222925, 0
483099, 168113, 0
185937, 24164.7, 0
735058, 459518, 0
855396, 403830, 0
405932, 94384.6, 0
292337, 158464, 0
471751, 201766, 0
250190, 164469, 0
147069, 99213.5, 0
526161, 815906, 0
767510, 246830, 0
439655, 269929, 0
143229, 101132, 0
469948, 276151, 0
244457, 162466, 0
507781, 262138, 0
575271, 191079, 0
356108, 195795, 0
659359, 323456, 0
633546, 392930, 0
77112, 50382.3, 0
591234, 395498, 0
502746, 271091, 0
598963, 321680, 0
216129, 98352.5, 0
496707, 303988, 0
259924, 126724, 0
556487, 265155, 0
296737, 79863.6, 0
197991, 57336.1, 0
411038, 241146, 0
669629, 236715, 0
393456, 139057, 0
769597, 424910, 0
300685, 95430.3, 0
145582, 85401.1, 0
208091, 88531.2, 0
368285, 132844, 0
702160, 264193, 0
401778, 112625, 0
461411, 241108, 0
187266, 100980, 0
251504, 173635, 0
301863, 96793.9, 0
403796, 125316, 0
330681, 211476, 0
447552, 254003, 0
512106, 285440, 0
294480, 102876, 0
569972, 259658, 0
496933, 298153, 0
290929, 120644, 0
603371, 197237, 0
362126, 223131, 0
324084, 23733.4, 0
705342, 271395, 0
572638, 253025, 0
556927, 339854, 0
284923, 191518, 0
586693, 173751, 0
487941, 250142, 0
500536, 294910, 0
144298, 100234, 0
336359, 238053, 0
439689, 273279, 0
356159, 187328, 0
752830, 396066, 0
359188, 235278, 0
343400, 138920, 0
449830, 211090, 0
460358, 331016, 0
227588, 114254, 0
224383, 156558, 0
258137, 74506.6, 0
403998, 97167.8, 0
206335, 125859, 0
313240, 106243, 0
239501, 15890.9, 0
499116, 157131, 0
334806, 139500, 0
462838, 301889, 0
488657, 195278, 0
613917, 350326, 0
164665, 90913.1, 0
203486, 102136, 0
531975, 368665, 0
175039, 68508.7, 0
380212, 143389, 0
209910, 126880, 0
106643, 32834.6, 0
714049, 93652.1, 0
161828, 100417, 0
314092, 92634.8, 0
251807, 141585, 0
257264, 128254, 0
334197, 231123, 0
370944, 149869, 0
367533, 216675, 0
422423, 70452.8, 0
376234, 170471, 0
525293, 120110, 0
365683, 121600, 0
597648, 419046, 0
744763, 234427, 0
318869, 32821.2, 0
581639, 170051, 0
366947, 251945, 0
512267, 235006, 0
264645, 37959.8, 0
404042, 156678, 0
419611, 215703, 0
427610, 194763, 0
269567, 39951.5, 0
252695, 72342.8, 0
706934, 273792, 0
585510, 74127.6, 0
271971, 147198, 0
288152, 199163, 0
355838, 80107.5, 0
340775, 121355, 0
795118, 285619, 0
195519, 137431, 0
224113, 92049.1, 0
403601, 248430, 0
364359, 186762, 0
204440, 85219.1, 0
303299, 71840.9, 0
482820, 196082, 0
178689, 90993.1, 0
364763, 89425.5, 0
628796, 297164, 0
485899, 223051, 0
300012, 159567, 0
418208, 198072, 0
295532, 169998, 0
230637, 76759.7, 0
260128, 74585.9, 0
417362, 268395, 0
270262, 112673, 0
597797, 131648, 0
339296, 211770, 0
367738, 127334, 0
309214, 151278, 0
227985, 55636.3, 0
504309, 96683.3, 0
439689, 223108, 0
161881, 68562.2, 0
595122, 142487, 0
497912, 139815, 0
330125, 201582, 0
494489, 1.33613e+06, 0
545288, 347830, 0
664973, 83819.1, 0
548603, 290612, 0
296860, 133478, 0
551433, 267795, 0
750089, 379556, 0
302049, 177077, 0
278310, 83157.1, 0
580263, 217701, 0
673473, 238657, 0
274026, 112888, 0
504028, 192299, 0
420956, 269252, 0
527363, 152140, 0
420878, 249748, 0
494693, 235077, 0
270638, 150666, 0
187109, 45922.8, 0
467112, 294271, 0
681345, 122887, 0
456108, 320797, 0
157974, 102083, 0
417257, 121803, 0
499747, 355064, 0
210064, 111303, 0
729203, 368496, 0
407029, 252493, 0
299739, 52145.6, 0
161165, 106146, 0
282904, 114586, 0
245124, 152403, 0
435223, 59186.3, 0
415188, 275170, 0
520964, 162704, 0
347167, 225723, 0
682163, 109258, 0
450649, 250863, 0
537924, 311565, 0
553094, 274400, 0
334358, 88505.1, 0
396235, 168966, 0
305107, 102079, 0
234240, 112657, 0
371644, 130916, 0
405711, 176054, 0
685794, 212947, 0
64022.1, 38622.7, 0
98352.2, 12488.1, 0
327405, 115294, 0
673825, 1.20214e+06, 0
151662, 105163, 0
258762, 117220, 0
146655, 104763, 0
359874, 123721, 0
517920, 99316.3, 0
689465, 281913, 0
235511, 165590, 0
493706, 194737, 0
591831, 412668, 0
792179, 102637, 0
87961.1, 63250, 0
181170, 58088.9, 0
65921.7, 36638.9, 0
693396, 240089, 0
432115, 258958, 0
131149, 89888.9, 0
287346, 115450, 0
372389, 75355.7, 0
393520, 281364, 0
167507, 63985.2, 0
107000, 52371.5, 0
469365, 251922, 0
314792, 147606, 0
373830, 139487, 0
335416, 238420, 0
250022, 94954, 0
327812, 47012, 0
213317, 132292, 0
754481, 172715, 0
268368, 190849, 0
144715, 11371.2, 0
526475, 257769, 0
428272, 235353, 0
278919, 127534, 0
526456, 258621, 0
560575, 179918, 0
503654, 90477.2, 0
278877, 55037.3, 0
514272, 117815, 0
386149, 925429, 0
436620, 91582.4, 0
267143, 161292, 0
204985, 143037, 0
400434, 62682, 0
292025, 175866, 0
263524, 140287, 0
407802, 91649.7, 0
115714, 68096, 0
341570, 164507, 0
318399, 64855.5, 0
348747, 82723, 0
353041, 176984, 0
540538, 377093, 0
520899, 263972, 0
568272, 93166.9, 0
211311, 50026, 0
488420, 247385, 0
476735, 238365, 0
520361, 147743, 0
122435, 56008.3, 0
339655, 223450, 0
535861, 127567, 0
658776, 302649, 0
405112, 192748, 0
333736, 213886, 0
665947, 253370, 0
446501, 194981, 0
504593, 24404.5, 0
790056, 452271, 0
391599, 129617, 0
263487, 157047, 0
463717, 281779, 0
621902, 400132, 0
754089, 261102, 0
672475, 304003, 0
703520, 385369, 0
409897, 163757, 0
419487, 224792, 0
437285, 252688, 0
340561, 228752, 0
552674, 302184, 0
187481, 134597, 0
331247, 197226, 0
386151, 201190, 0
535850, 176714, 0
243711, 20144.6, 0
136379, 32077.8, 0
529556, 177141, 0
788790, 191282, 0
252635, 78501.8, 0
71977.2, 12419.6, 0
349062, 195786, 0
493185, 67227.6, 0
720905, 214132, 0
434294, 226961, 0
533169, 134768, 0
449976, 163322, 0
653149, 292204, 0
743722, 204248, 0
249223, 177332, 0
441607, 290605, 0
225285, 126728, 0
505731, 135378, 0
123275, 85830, 0
374157, 152617, 0
302649, 92497.8, 0
182235, 56560.4, 0
485305, 817122, 0
343624, 243240, 0
499770, 50503.6, 0
546456, 263890, 0
368601, 228649, 0
213796, 104439, 0
547892, 350050, 0
224153, 84432.5, 0
460885, 320600, 0
514641, 283956, 0
547289, 314071, 0
145546, 44726.8, 0
496069, 212222, 0
346548, 180642, 0
223050, 114806, 0
340738, 138584, 0
505385, 19240.8, 0
421419, 44396.7, 0
367173, 119651, 0
380523, 237966, 0
389180, 171490, 0
315926, 216356, 0
440081, 183376, 0
543910, 175780, 0
377462, 244878, 0
299596, 85181.7, 0
132912, 78256.7, 0
291858, 172361, 0
140071, 99843.1, 0
653773, 318240, 0
582003, 373974, 0
377938, 111125, 0
525605, 299055, 0
703544, 495680, 0
210436, 119262, 0
293865, 208850, 0
537483, 164436, 0
125776, 63884.9, 0
408885, 88526.7, 0
461068, 311194, 0
587581, 329064, 0
346196, 186695, 0
521010, 161579, 0
387616, 241778, 0
575194, 116910, 0
360550, 88236.4, 0
150579, 50923.2, 0
394939, 124763, 0
375617, 139773, 0
792686, 300438, 0
655571, 53048.1, 0
528490, 375704, 0
204318, 35587.1, 0
851502, 590498, 0
451013, 317131, 0
465571, 158357, 0
511313, 157246, 0
447604, 256967, 0
561948, 292364, 0
799719, 301928, 0
583210, 255284, 0
440649, 136908, 0
303534, 72819.9, 0
369711, 84708.7, 0
245859, 93982.5, 0
88848.3, 56700.3, 0
161057, 59321, 0
427624, 298031, 0
418581, 103708, 0
166160, 90289.3, 0
92756.4, 54537.6, 0
540781, 238807, 0
499708, 980178, 0
550317, 233055, 0
530544, 126625, 0
366323, 99648.1, 0
317241, 112033, 0
305762, 168214, 0
436703, 195712, 0
499416, 147071, 0
281337, 182787, 0
266564, 176176, 0
363536, 232221, 0
499808, 202899, 0
182348, 114411, 0
578406, 272493, 0
582346, 148428, 0
530040, 288407, 0
440375, 290193, 0
96926.1, 22119.7, 0
617609, 424922, 0
321059, 185372, 0
515921, 167144, 0
164060, 105572, 0
193474, 126034, 0
496273, 120961, 0
384317, 159793, 0
237130, 168733, 0
456199, 293594, 0
223261, 75080.9, 0
768900, 294186, 0
388756, 272079, 0
530071, 371233, 0
148346, 53398, 0
624883, 61061, 0
489855, 233902, 0
263081, 149172, 0
250171, 174377, 0
238762, 159243, 0
370604, 182015, 0
260405, 101744, 0
457805, 196340, 0
398901, 261351, 0
373333, 235104, 0
551518, 177632, 0
457291, 31108.3, 0
168655, 62066.3, 0
625486, 244582, 0
429355, 174735, 0
628665, 439401, 0
300944, 188617, 0
333583, 178363, 0
136662, 39374.6, 0
194952, 54631.7, 0
617475, 264225, 0
556041, 209253, 0
370770, 58035.1, 0
524202, 113687, 0
338899, 173937, 0
230778, 140048, 0
422981, 229885, 0
272604, 153116, 0
486705, 133238, 0
484264, 266256, 0
176551, 60251.2, 0
166803, 70808.7, 0
382146, 252567, 0
511177, 308827, 0
348060, 194470, 0
678632, 468306, 0
185271, 116341, 0
426554, 146715, 0
189984, 127233, 0
511382, 333494, 0
279115, 167156, 0
344993, 216275, 0
297622, 129835, 0
613080, 102016, 0
191587, 94235.1, 0
538833, 343639, 0
491597, 239388, 0
474304, 304508, 0
303072, 153266, 0
539513, 363803, 0
298148, 102748, 0
191638, 108258, 0
427015, 155623, 0
287791, 53372, 0
626948, 351174, 0
595004, 284232, 0
350350, 162915, 0
303940, 129529, 0
459124, 84129.8, 0
94170.3, 47337.7, 0
485178, 277785, 0
123632, 65451.3, 0
387522, 158009, 0
207724, 136720, 0
468487, 81283.6, 0
354360, 224976, 0
467838, 316778, 0
261454, 46235.2, 0
621857, 418940, 0
371712, 181235, 0
213820, 121423, 0
317640, 32120.9, 0
569867, 316404, 0
179386, 128035, 0
296359, 124366, 0
319016, 117109, 0
277284, 57890.1, 0
438053, 203777, 0
230214, 136565, 0
296223, 116260, 0
284172, 203598, 0
129866, 75412.3, 0
183149, 98672.6, 0
378874, 121799, 0
393028, 241215, 0
215303, 73446.7, 0
428150, 254210, 0
139924, 64429.2, 0
719690, 359361, 0
591001, 313996, 0
474350, 180817, 0
79762.8, 43324.8, 0
209449, 96621.2, 0
382420, 63738.7, 0
232749, 70954.7, 0
196900, 121166, 0
452217, 166140, 0
322762, 209806, 0
348075, 167684, 0
849254, 277288, 0
323780, 138218, 0
166571, 98460.7, 0
354279, 28414, 0
175762, 116565, 0
382826, 34894.1, 0
235813, 126128, 0
228632, 108658, 0
247936, 168849, 0
682717, 53190.3, 0
594859, 329433, 0
514510, 239144, 0
534785, 207544, 0
423291, 203168, 0
365743, 103923, 0
778666, 109328, 0
446770, 79073.4, 0
505369, 352645, 0
414175, 62128.2, 0
335348, 123876, 0
156008, 73514.2, 0
414316, 210733, 0
252385, 60340.3, 0
290995, 55877.6, 0
211402, 68854.3, 0
327554, 209772, 0
368292, 123195, 0
578480, 401411, 0
291960, 143647, 0
357489, 155838, 0
819821, 261877, 0
384154, 113075, 0
586137, 231168, 0
147645, 28387.9, 0
500388, 267772, 0
314345, 124658, 0
392661, 183406, 0
391778, 257935, 0
308774, 178325, 0
725786, 460156, 0
332336, 177763, 0
414830, 183494, 0
533929, 143312, 0
704584, 409252, 0
573276, 202307, 0
361060, 137165, 0
557760, 228565, 0
252333, 94708.9, 0
589213, 201892, 0
549013, 138242, 0
252142, 151171, 0
370724, 194881, 0
466442, 305202, 0
339963, 113348, 0
239444, 112267, 0
543731, 87689.5, 0
465835, 288480, 0
452791, 72482.7, 0
496542, 30337.5, 0
102957, 29098.1, 0
438885, 133122, 0
729066, 239050, 0
831060, 404570, 0
498450, 164908, 0
694739, 225197, 0
533042, 210345, 0
392551, 132283, 0
566195, 374539, 0
293496, 28529.5, 0
626659, 18249.3, 0
292379, 157188, 0
433140, 306526, 0
348547, 194872, 0
852956, 130224, 0
239444, 148796, 0
213910, 126321, 0
171798, 28355.2, 0
512563, 114405, 0
500857, 134163, 0
140006, 94862.3, 0
651387, 378562, 0
531360, 378501, 0
412274, 212962, 0
502321, 140437, 0
155969, 101604, 0
384877, 66955.8, 0
471230, 303961, 0
593714, 179386, 0
837549, 399988, 0
491393, 232500, 0
374823, 248725, 0
529599, 149609, 0
164364, 78399.5, 0
563072, 152764, 0
504269, 59781.6, 0
468279, 319324, 0
350107, 62970.2, 0
239316, 121021, 0
285733, 201582, 0
511582, 324117, 0
401950, 172569, 0
735159, 153251, 0
223047, 107198, 0
222095, 29819.4, 0
275039, 78873.5, 0
440623, 46164.2, 0
414312, 123807, 0
252076, 156237, 0
529900, 48240.9, 0
358495, 161347, 0
843023, 255132, 0
96116.4, 57869.4, 0
160861, 70350.4, 0
401558, 180064, 0
433946, 79765.3, 0
414568, 144737, 0
526637, 161489, 0
282820, 22000.8, 0
219481, 144076, 0
623647, 142858, 0
472734, 207401, 0
783329, 486288, 0
320527, 78993.5, 0
656347, 465764, 0
373205, 63257.8, 0
388516, 221394, 0
485638, 305498, 0
549877, 152607, 0
484623, 71630.9, 0
640176, 250174, 0
120259, 16958.8, 0
434101, 246182, 0
332065, 235745, 0
243725, 164017, 0
597694, 195597, 0
319322, 99431.1, 0
233366, 74849.1, 0
580238, 118900, 0
208030, 66112.2, 0
487919, 232571, 0
1.00546e+06, 376264, 0
198363, 21579.1, 0
535768, 192644, 0
322879, 160113, 0
383731, 72424.7, 0
399411, 267044, 0
458113, 200453, 0
145414, 52716.3, 0
663700, 230142, 0
279849, 112515, 0
683266, 252262, 0
474501, 232555, 0
535611, 346208, 0
358411, 170885, 0
396045, 114779, 0
540152, 126315, 0
218866, 85509.1, 0
653042, 154945, 0
171981, 49703.4, 0
433684, 161237, 0
333450, 161090, 0
474988, 94387.9, 0
394730, 188885, 0
279420, 119744, 0
731669, 30604.7, 0
429795, 159367, 0
468067, 101701, 0
428009, 84188.8, 0
138157, 81708.4, 0
284164, 189971, 0
313801, 125670, 0
192029, 75293.1, 0
406850, 41581.7, 0
474383, 214788, 0
826906, 240792, 0
58661.4, 20983.5, 0
283113, 158279, 0
603010, 176320, 0
216860, 61702.8, 0
116379, 71296.5, 0
740831, 404003, 0
288342, 155206, 0
355702, 77538.4, 0
453756, 271396, 0
156628, 94143.5, 0
353812, 199922, 0
250693, 141542, 0
537632, 99227.5, 0
670720, 271677, 0
280671, 191086, 0
505374, 285716, 0
411924, 169753, 0
353023, 35802.3, 0
489245, 234178, 0
213680, 45687.8, 0
271326, 119887, 0
232632, 146984, 0
334195, 149928, 0
334096, 91589.1, 0
399565, 215287, 0
518594, 153407, 0
588447, 78020.4, 0
453830, 28439.1, 0
456991, 208561, 0
216306, 120219, 0
538713, 102761, 0
369362, 254201, 0
320015, 214055, 0
124479, 13896.6, 0
520133, 859709, 0
347632, 207789, 0
633246, 247375, 0
337801, 141370, 0
442920, 176371, 0
439687, 208122, 0
463574, 169324, 0
254632, 149274, 0
222928, 91352.9, 0
527683, 91038.6, 0
533316, 351294, 0
275004, 177605, 0
367100, 254807, 0
613854, 407060, 0
378287, 157206, 0
468863, 247546, 0
266905, 59314.3, 0
777343, 25082.5, 0
274725, 87013.3, 0
768673, 435076, 0
380890, 98828.9, 0
199568, 91300.6, 0
291995, 136412, 0
206318, 118926, 0
247047, 160533, 0
739013, 283233, 0
476964, 159339, 0
134788, 68923.4, 0
192800, 61790.2, 0
335532, 123408, 0
221661, 105113, 0
279080, 90188.4, 0
314744, 167999, 0
186929, 94349.4, 0
165149, 98733.7, 0
388609, 66913.3, 0
76062.5, 18363.6, 0
262498, 131289, 0
518527, 291460, 0
262868, 36222.3, 0
681101, 160560, 0
435133, 303590, 0
201934, 104258, 0
382002, 207414, 0
282375, 57490.2, 0
350396, 208947, 0
427957, 201864, 0
189094, 50841.3, 0
365025, 95383.1, 0
131507, 88310.1, 0
496977, 163633, 0
954599, 155690, 0
501616, 321504, 0
478027, 892626, 0
217086, 108111, 0
395256, 211775, 0
600409, 80177.7, 0
377500, 34361.2, 0
421712, 212576, 0
282823, 180912, 0
684801, 93440.4, 0
416154, 291698, 0
390874, 261030, 0
565928, 139411, 0
249273, 87226.4, 0
235288, 97814.5, 0
512004, 129972, 0
445635, 316513, 0
582604, 255758, 0
466125, 148623, 0
246494, 140190, 0
376726, 237957, 0
264917, 57588, 0
127390, 62492.5, 0
161456, 83954.7, 0
299213, 186168, 0
175202, 88805.8, 0
419299, 115990, 0
193609, 28037.6, 0
273577, 36396.8, 0
502539, 273746, 0
345118, 223950, 0
492239, 17958.9, 0
499011, 301591, 0
123473, 37481.7, 0
249123, 57642, 0
111737, 48815.1, 0
344360, 205058, 0
333719, 25193.2, 0
516552, 271435, 0
276144, 33393.2, 0
486198, 78297.3, 0
497417, 351922, 0
396739, 158287, 0
789125, 150564, 0
522516, 230134, 0
627695, 154662, 0
473189, 187272, 0
637582, 215457, 0
434170, 29693.5, 0
307733, 134950, 0
404611, 201014, 0
189539, 37162.3, 0
668910, 229729, 0
137295, 71692.3, 0
560468, 272369, 0
511251, 344986, 0
93937.3, 35297, 0
302362, 148056, 0
292462, 64901, 0
379021, 101743, 0
490243, 160837, 0
501738, 259816, 0
645457, 177911, 0
441981, 264640, 0
647757, 188750, 0
473697, 278332, 0
79036.3, 34035.6, 0
577577, 177241, 0
257233, 94545.1, 0
382335, 146727, 0
311157, 142524, 0
267944, 14099.6, 0
331863, 116857, 0
378825, 195934, 0
490845, 77340.3, 0
910853, 489512, 0
717011, 213875, 0
291657, 181323, 0
403850, 164404, 0
372458, 197562, 0
484850, 183241, 0
389814, 129488, 0
296035, 154847, 0
312112, 82990.1, 0
249738, 147804, 0
363382, 131936, 0
340275, 180751, 0
269404, 115687, 0
470509, 33737.7, 0
266520, 177635, 0
396781, 241768, 0
311379, 223715, 0
290668, 146099, 0
226904, 150694, 0
577584, 87968.2, 0
47962.8, 28042.7, 0
393781, 227327, 0
125121, 48444.9, 0
502407, 243196, 0
386667, 921566, 0
338673, 100788, 0
427467, 184572, 0
391832, 111486, 0
397667, 159334, 0
279031, 174334, 0
205444, 117905, 0
675269, 67228.2, 0
