3.99615e+07, 2.14606e+07, 0
1.85087e+07, 9.29851e+06, 0
2.00942e+07, 4.83717e+06, 0
2.0666e+07, 6.24698e+06, 0
1.7817e+07, 932400, 0
1.90955e+07, 3.86343e+06, 0
2.45103e+07, 7.90887e+06, 0
1.61188e+07, 8.66462e+06, 0
2.84799e+07, 1.44744e+07, 0
2.34065e+07, 1.45641e+07, 0
1.89919e+07, 3.07274e+06, 0
2.15507e+07, 4.1605e+06, 0
1.75213e+07, 1.02732e+07, 0
1.59563e+07, 7.64225e+06, 0
2.97676e+07, 1.70541e+07, 0
3.036e+07, 3.55342e+06, 0
1.16964e+07, 4.81136e+06, 0
2.55404e+07, 5.99531e+06, 0
1.98892e+07, 7.22544e+06, 0
1.94784e+07, 1.26049e+07, 0
2.41375e+07, 1.11523e+07, 0
1.8232e+07, 8.19076e+06, 0
1.6179e+07, 3.163e+06, 0
2.22679e+07, 6.05863e+06, 0
1.75978e+07, 4.65708e+06, 0
1.64313e+07, 4.5558e+06, 0
1.52151e+07, 7.86789e+06, 0
1.73862e+07, 8.54885e+06, 0
2.01924e+07, 1.25041e+07, 0
1.68087e+07, 6.50303e+06, 0
1.76702e+07, 4.74918e+06, 0
2.82666e+07, 1.14323e+07, 0
2.33815e+07, 1.5631e+07, 0
1.95603e+07, 1.28223e+07, 0
3.148e+07, 1.19333e+06, 0
2.28916e+07, 4.78049e+06, 0
1.94299e+07, 1.10035e+07, 0
2.31502e+07, 1.07026e+07, 0
2.79831e+07, 2.91277e+06, 0
1.24853e+07, 442035, 0
2.35625e+07, 5.20396e+06, 0
2.31174e+07, 1.1926e+07, 0
3.18758e+07, 4.38817e+06, 0
2.44812e+07, 4.94023e+06, 0
1.36169e+07, 5.2628e+06, 0
1.69201e+07, 1.07371e+07, 0
1.27084e+07, 3.57838e+06, 0
1.6948e+07, 8.00814e+06, 0
3.02721e+07, 1.21375e+07, 0
1.13425e+07, 4.92285e+06, 0
1.25476e+07, 5.82556e+06, 0
1.23055e+07, 4.9535e+06, 0
1.9181e+07, 4.7949e+06, 0
2.24222e+07, 8.77199e+06, 0
2.87822e+07, 2.48979e+06, 0
1.55397e+07, 5.99329e+06, 0
2.64614e+07, 1.48871e+07, 0
3.88971e+07, 1.56147e+07, 0
1.70192e+07, 5.49328e+06, 0
2.41183e+07, 1.47124e+07, 0
3.0228e+07, 1.07108e+07, 0
9.07723e+06, 3.75154e+06, 0
2.09002e+07, 1.19114e+07, 0
9.72692e+06, 3.4073e+06, 0
1.16797e+07, 5.42883e+06, 0
3.11991e+07, 1.9863e+06, 0
2.53666e+07, 6.2223e+06, 0
1.71966e+07, 4.99759e+06, 0
1.98521e+07, 1.07751e+07, 0
1.47865e+07, 7.32039e+06, 0
1.85652e+07, 1.1732e+07, 0
1.23531e+07, 5.11717e+06, 0
1.13089e+07, 1.88681e+06, 0
1.78495e+07, 1.00275e+07, 0
1.84471e+07, 1.1538e+07, 0
2.77576e+07, 1.41285e+07, 0
2.21246e+07, 1.11497e+07, 0
2.25896e+07, 2.62515e+06, 0
1.48813e+07, 4.93763e+06, 0
1.87045e+07, 7.45145e+06, 0
9.17446e+06, 1.18912e+06, 0
3.29394e+07, 7.05593e+06, 0
3.90288e+07, 7.59907e+06, 0
1.95139e+07, 1.1734e+07, 0
1.19701e+07, 3.38067e+06, 0
2.51892e+07, 5.71022e+06, 0
2.06515e+07, 1.21477e+07, 0
1.85284e+07, 1.16968e+07, 0
1.5242e+07, 3.08708e+06, 0
2.73494e+07, 1.58405e+07, 0
2.74334e+07, 1.25377e+07, 0
3.14429e+07, 3.8086e+06, 0
1.38055e+07, 5.93608e+06, 0
1.11683e+07, 5.98432e+06, 0
1.48969e+07, 5.6076e+06, 0
2.13108e+07, 1.28263e+07, 0
1.85417e+07, 1.17971e+07, 0
1.93223e+07, 9.52536e+06, 0
3.55675e+07, 2.0626e+06, 0
2.36874e+07, 1.36627e+07, 0
1.49422e+07, 5.31008e+06, 0
1.83566e+07, 9.01041e+06, 0
1.90543e+07, 1.04583e+07, 0
2.47667e+07, 1.46528e+07, 0
2.70934e+07, 1.485e+07, 0
1.39298e+07, 8.06675e+06, 0
4.61477e+07, 3.00618e+07, 0
1.14595e+07, 4.27648e+06, 0
1.63935e+07, 7.88001e+06, 0
1.56275e+07, 7.09158e+06, 0
2.2207e+07, 5.40625e+06, 0
1.51287e+07, 8.23778e+06, 0
1.71192e+07, 9.95133e+06, 0
2.0472e+07, 8.38769e+06, 0
2.38807e+07, 1.38191e+07, 0
2.05626e+07, 8.36247e+06, 0
2.62525e+07, 8.87319e+06, 0
1.73854e+07, 5.04851e+06, 0
2.39293e+07, 1.41091e+07, 0
1.85276e+07, 1.13482e+07, 0
1.06025e+07, 1.3926e+06, 0
3.11546e+07, 6.12538e+06, 0
2.80021e+07, 1.79456e+07, 0
2.17851e+07, 7.20384e+06, 0
2.84804e+07, 1.32743e+07, 0
1.84215e+07, 7.39905e+06, 0
2.77563e+07, 1.21975e+07, 0
1.56438e+07, 5.52877e+06, 0
3.52971e+07, 1.53485e+07, 0
2.05912e+07, 7.98842e+06, 0
1.47914e+07, 3.21896e+06, 0
2.09451e+07, 3.66635e+06, 0
2.27663e+07, 1.3779e+07, 0
1.35065e+07, 7.33287e+06, 0
3.42905e+07, 1.93637e+07, 0
2.33503e+07, 1.09585e+07, 0
2.28731e+07, 1.32948e+07, 0
2.43259e+07, 1.04453e+07, 0
2.61087e+07, 1.42341e+07, 0
1.49475e+07, 6.15639e+06, 0
2.97466e+07, 1.58417e+07, 0
1.17924e+07, 5.55472e+06, 0
3.41441e+07, 1.76334e+07, 0
2.16459e+07, 9.93342e+06, 0
1.78919e+07, 5.81369e+06, 0
1.70166e+07, 8.16031e+06, 0
2.69838e+07, 1.23551e+07, 0
1.70655e+07, 9.10979e+06, 0
3.09281e+07, 1.73314e+07, 0
1.93914e+07, 1.16554e+07, 0
1.4668e+07, 8.52606e+06, 0
2.23809e+07, 9.77252e+06, 0
1.57053e+07, 3.11522e+06, 0
2.13995e+07, 1.16257e+07, 0
2.25607e+07, 2.94368e+06, 0
2.81044e+07, 1.32229e+07, 0
2.72187e+07, 1.30467e+07, 0
3.02245e+07, 3.65207e+06, 0
1.7166e+07, 1.0458e+07, 0
2.15389e+07, 8.01627e+06, 0
2.36972e+07, 7.05188e+06, 0
1.25738e+07, 1.97549e+06, 0
2.56022e+07, 1.42303e+07, 0
3.18539e+07, 2.19238e+07, 0
2.9694e+07, 1.12691e+07, 0
2.69471e+07, 1.44511e+07, 0
1.37002e+07, 6.88472e+06, 0
2.13032e+07, 1.23799e+07, 0
1.92809e+07, 8.64989e+06, 0
1.91483e+07, 9.46159e+06, 0
3.08452e+07, 1.14543e+07, 0
2.2122e+07, 2.95475e+06, 0
1.50818e+07, 8.17911e+06, 0
2.08252e+07, 1.17453e+07, 0
3.32576e+07, 2.3025e+07, 0
1.50808e+07, 3.40967e+06, 0
2.01975e+07, 1.12073e+07, 0
2.17392e+07, 1.4403e+07, 0
1.71002e+07, 8.84345e+06, 0
2.95561e+07, 7.26459e+06, 0
2.34027e+07, 8.38976e+06, 0
1.26559e+07, 2.97207e+06, 0
3.29143e+07, 1.16765e+07, 0
2.30328e+07, 1.47352e+07, 0
1.90365e+07, 8.68706e+06, 0
2.60188e+07, 6.24217e+06, 0
1.71018e+07, 9.08597e+06, 0
2.65329e+07, 8.1003e+06, 0
1.91508e+07, 8.16658e+06, 0
2.58913e+07, 1.25944e+07, 0
2.22464e+07, 8.53776e+06, 0
3.10702e+07, 1.54557e+07, 0
1.45014e+07, 625934, 0
2.69676e+07, 5.66247e+06, 0
1.8196e+07, 5.3341e+06, 0
2.24071e+07, 9.32056e+06, 0
1.73286e+07, 1.12329e+07, 0
2.05472e+07, 3.39269e+06, 0
1.90218e+07, 8.40084e+06, 0
2.93284e+07, 1.21499e+07, 0
1.80433e+07, 7.34295e+06, 0
2.22428e+07, 4.04088e+06, 0
1.6826e+07, 4.95145e+06, 0
3.38079e+07, 1.42145e+07, 0
1.93584e+07, 1.12942e+07, 0
1.10715e+07, 1.94538e+06, 0
2.21708e+07, 6.03311e+06, 0
1.59693e+07, 6.80072e+06, 0
2.83592e+07, 1.49121e+07, 0
2.08872e+07, 1.38166e+07, 0
1.99266e+07, 8.86777e+06, 0
1.25857e+07, 4.56985e+06, 0
2.29706e+07, 6.45848e+06, 0
3.32772e+07, 7.16573e+06, 0
2.65894e+07, 1.78767e+07, 0
1.43368e+07, 2.02604e+06, 0
2.29165e+07, 1.05258e+07, 0
3.76687e+07, 5.72104e+06, 0
3.5496e+07, 1.78491e+07, 0
2.84018e+07, 3.83351e+06, 0
2.119e+07, 9.43371e+06, 0
2.57939e+07, 1.76987e+07, 0
2.15156e+07, 1.24888e+07, 0
1.11894e+07, 5.33287e+06, 0
3.38885e+07, 9.08548e+06, 0
1.95939e+07, 5.52414e+06, 0
1.19693e+07, 4.87986e+06, 0
2.50669e+07, 6.02644e+06, 0
2.48358e+07, 5.04803e+06, 0
2.25448e+07, 7.9697e+06, 0
2.07879e+07, 7.2268e+06, 0
2.92737e+07, 1.03188e+07, 0
2.99523e+07, 9.36536e+06, 0
1.48681e+07, 8.37995e+06, 0
1.33487e+07, 5.91623e+06, 0
1.90514e+07, 1.07838e+07, 0
2.6451e+07, 8.56841e+06, 0
2.2201e+07, 6.29507e+06, 0
1.60492e+07, 9.80195e+06, 0
2.11055e+07, 8.24691e+06, 0
2.84356e+07, 6.08638e+06, 0
2.17614e+07, 6.36461e+06, 0
2.9072e+07, 1.56568e+07, 0
2.09157e+07, 1.38589e+07, 0
2.79941e+07, 1.5916e+07, 0
2.3118e+07, 1.31933e+07, 0
2.05732e+07, 7.18016e+06, 0
2.24698e+07, 1.61986e+06, 0
2.92572e+07, 9.56385e+06, 0
1.93356e+07, 7.76029e+06, 0
1.57076e+07, 8.57553e+06, 0
2.55723e+07, 1.50049e+07, 0
2.35261e+07, 2.04251e+06, 0
1.41108e+07, 8.20715e+06, 0
1.98771e+07, 3.99829e+06, 0
1.30679e+07, 1.3828e+06, 0
2.30789e+07, 1.4644e+07, 0
1.60697e+07, 4.05962e+06, 0
1.36966e+07, 7.00718e+06, 0
2.11438e+07, 1.16624e+07, 0
1.15381e+07, 5.97532e+06, 0
2.25011e+07, 1.02572e+07, 0
1.48889e+07, 6.27037e+06, 0
1.60529e+07, 9.04691e+06, 0
1.65182e+07, 9.05869e+06, 0
1.83759e+07, 6.4532e+06, 0
1.93353e+07, 5.16285e+06, 0
3.66716e+07, 2.50219e+07, 0
1.82659e+07, 7.27608e+06, 0
4.99346e+07, 2.25571e+07, 0
1.91778e+07, 4.39901e+06, 0
9.10567e+06, 3.28193e+06, 0
2.54663e+07, 1.24274e+07, 0
2.40502e+07, 1.43461e+07, 0
1.17574e+07, 2.80409e+06, 0
1.8836e+07, 7.42832e+06, 0
1.05915e+07, 3.49056e+06, 0
2.09578e+07, 7.80137e+06, 0
1.46585e+07, 8.48927e+06, 0
1.06679e+07, 5.29691e+06, 0
2.12309e+07, 1.01031e+07, 0
3.1216e+07, 8.98398e+06, 0
2.98077e+07, 1.585e+07, 0
7.39491e+06, 888057, 0
1.48e+07, 6.97817e+06, 0
1.12595e+07, 5.52351e+06, 0
3.51604e+07, 8.31971e+06, 0
2.642e+07, 1.42143e+07, 0
2.61309e+07, 1.69955e+07, 0
1.86845e+07, 1.10571e+07, 0
1.92284e+07, 7.09451e+06, 0
1.59988e+07, 7.15457e+06, 0
1.84189e+07, 7.06604e+06, 0
1.69886e+07, 6.13749e+06, 0
2.00719e+07, 1.04205e+07, 0
1.40489e+07, 8.14686e+06, 0
1.65958e+07, 5.92665e+06, 0
1.82712e+07, 3.67089e+06, 0
1.56405e+07, 9.78974e+06, 0
2.84301e+07, 1.46494e+07, 0
2.09373e+07, 8.71477e+06, 0
2.40491e+07, 1.18252e+07, 0
1.28587e+07, 6.87686e+06, 0
1.90237e+07, 1.22166e+07, 0
1.91972e+07, 6.41504e+06, 0
1.14399e+07, 4.4555e+06, 0
1.1161e+07, 4.91232e+06, 0
1.60792e+07, 5.90106e+06, 0
2.42192e+07, 1.55565e+07, 0
3.54538e+07, 1.03973e+07, 0
1.84439e+07, 7.37186e+06, 0
2.83393e+07, 1.48464e+07, 0
8.01683e+06, 1.37976e+06, 0
1.70252e+07, 1.02458e+07, 0
1.01932e+07, 2.52199e+06, 0
3.47927e+07, 9.35153e+06, 0
2.70495e+07, 1.74881e+07, 0
1.5702e+07, 2.44586e+06, 0
2.00442e+07, 7.17927e+06, 0
1.49372e+07, 6.58383e+06, 0
1.52483e+07, 6.05031e+06, 0
3.08509e+07, 1.01998e+07, 0
1.61609e+07, 8.17565e+06, 0
2.44713e+07, 8.86446e+06, 0
1.78171e+07, 4.3935e+06, 0
1.77305e+07, 9.6914e+06, 0
2.71035e+07, 1.27731e+07, 0
1.07093e+07, 5.03727e+06, 0
2.9088e+07, 1.97676e+07, 0
1.81361e+07, 2.45848e+06, 0
2.07514e+07, 9.60996e+06, 0
2.01609e+07, 7.55141e+06, 0
1.26165e+07, 1.86852e+06, 0
1.68111e+07, 3.51916e+06, 0
3.50241e+07, 4.87724e+06, 0
2.40394e+07, 1.45411e+07, 0
3.21187e+07, 1.02076e+07, 0
3.19357e+07, 1.719e+07, 0
1.54361e+07, 9.14064e+06, 0
1.70168e+07, 7.54642e+06, 0
3.11353e+07, 7.86533e+06, 0
3.78386e+07, 1.44713e+07, 0
2.38242e+07, 6.42779e+06, 0
1.3623e+07, 3.59531e+06, 0
3.57048e+07, 6.50644e+06, 0
2.81744e+07, 1.91888e+07, 0
1.04384e+07, 4.1416e+06, 0
3.83035e+07, 1.64994e+07, 0
1.7769e+07, 7.65278e+06, 0
8.37927e+06, 2.61594e+06, 0
1.23306e+07, 4.14509e+06, 0
3.47991e+07, 2.2613e+07, 0
2.0396e+07, 1.0741e+07, 0
3.19221e+07, 4.55568e+06, 0
9.13219e+06, 2.84432e+06, 0
1.6587e+07, 267348, 0
3.23942e+07, 6.92844e+06, 0
1.44899e+07, 7.56882e+06, 0
3.60052e+07, 1.98503e+07, 0
8.2534e+06, 1.59526e+06, 0
1.59654e+07, 3.62809e+06, 0
1.22347e+07, 4.80527e+06, 0
3.4648e+07, 1.65453e+07, 0
1.84516e+07, 1.12441e+07, 0
2.93991e+07, 7.70895e+06, 0
1.87362e+07, 1.1328e+07, 0
2.86265e+07, 1.75852e+07, 0
2.17079e+07, 6.69454e+06, 0
2.91879e+07, 8.49176e+06, 0
1.52381e+07, 9.0978e+06, 0
2.62092e+07, 1.03119e+07, 0
2.92164e+07, 1.62485e+07, 0
1.94739e+07, 8.51218e+06, 0
1.03929e+07, 4.73358e+06, 0
1.43476e+07, 8.58006e+06, 0
3.07088e+07, 1.5409e+07, 0
1.59552e+07, 3.81299e+06, 0
1.61615e+07, 7.7452e+06, 0
3.96172e+07, 5.12723e+06, 0
1.559e+07, 4.21083e+06, 0
1.20039e+07, 6.14131e+06, 0
2.56173e+07, 9.14866e+06, 0
3.18887e+07, 1.06306e+07, 0
1.40662e+07, 6.84945e+06, 0
2.95932e+07, 6.06863e+06, 0
1.63717e+07, 9.67945e+06, 0
1.37325e+07, 5.81293e+06, 0
2.72619e+07, 1.80342e+07, 0
1.9326e+07, 8.99648e+06, 0
1.52045e+07, 8.62458e+06, 0
4.31405e+07, 1.4593e+07, 0
3.70908e+07, 2.13584e+07, 0
1.79701e+07, 6.79794e+06, 0
2.02616e+07, 1.0205e+07, 0
1.87666e+07, 5.47919e+06, 0
2.25326e+07, 1.04711e+07, 0
3.86734e+07, 2.54544e+07, 0
1.51602e+07, 9.13158e+06, 0
2.85732e+07, 1.75147e+07, 0
2.74731e+07, 1.26131e+07, 0
2.01511e+07, 8.42302e+06, 0
2.07457e+07, 7.27814e+06, 0
2.28115e+07, 5.59948e+06, 0
2.15586e+07, 9.17283e+06, 0
2.65813e+07, 1.28345e+07, 0
3.29209e+07, 8.64949e+06, 0
4.41136e+07, 9.24524e+06, 0
3.10239e+07, 7.56852e+06, 0
2.2067e+07, 8.34511e+06, 0
1.67345e+07, 6.155e+06, 0
2.37158e+07, 1.59158e+07, 0
1.09435e+07, 2.8776e+06, 0
3.10575e+07, 6.95966e+06, 0
2.07662e+07, 4.78265e+06, 0
1.21697e+07, 6.20248e+06, 0
1.11002e+07, 5.58609e+06, 0
1.93542e+07, 6.3212e+06, 0
1.36824e+07, 1.87487e+06, 0
1.57446e+07, 9.58186e+06, 0
1.6023e+07, 1.02803e+07, 0
1.80935e+07, 1.12011e+07, 0
2.44906e+07, 6.70942e+06, 0
1.863e+07, 5.81052e+06, 0
3.01916e+07, 1.70935e+07, 0
2.56236e+07, 1.31583e+07, 0
1.69327e+07, 8.61253e+06, 0
1.85412e+07, 1.13337e+07, 0
1.21091e+07, 5.76139e+06, 0
1.92367e+07, 3.85309e+06, 0
2.31718e+07, 1.06954e+07, 0
1.97587e+07, 6.53712e+06, 0
2.0775e+07, 9.90104e+06, 0
1.34334e+07, 6.92492e+06, 0
1.21853e+07, 2.73271e+06, 0
1.52749e+07, 8.83673e+06, 0
2.10624e+07, 5.26273e+06, 0
1.90595e+07, 5.49426e+06, 0
1.37557e+07, 7.69147e+06, 0
2.0154e+07, 1.22798e+07, 0
4.41477e+07, 1.0653e+07, 0
1.95918e+07, 1.28071e+07, 0
3.4211e+07, 3.37568e+06, 0
2.69308e+07, 1.50291e+07, 0
1.15078e+07, 6.10714e+06, 0
2.38208e+07, 1.20052e+07, 0
3.3533e+07, 2.24013e+07, 0
1.47391e+07, 3.04512e+06, 0
1.08443e+07, 3.18217e+06, 0
3.08523e+07, 1.14363e+07, 0
1.55149e+07, 9.55921e+06, 0
8.57183e+06, 2.60686e+06, 0
3.33721e+07, 2.26041e+07, 0
2.04443e+07, 1.11649e+07, 0
1.33828e+07, 4.07543e+06, 0
2.0463e+07, 9.71298e+06, 0
1.5186e+07, 7.50836e+06, 0
2.53339e+07, 9.4446e+06, 0
1.46169e+07, 7.6219e+06, 0
1.25175e+07, 2.00178e+06, 0
1.84211e+07, 6.16306e+06, 0
2.96236e+07, 5.4252e+06, 0
3.78804e+07, 2.09537e+07, 0
2.19864e+07, 6.04629e+06, 0
1.89087e+07, 8.03344e+06, 0
3.2673e+07, 1.48931e+07, 0
3.99861e+07, 1.5007e+07, 0
2.84162e+07, 7.00489e+06, 0
1.78941e+07, 8.99255e+06, 0
1.03651e+07, 2.00371e+06, 0
1.54349e+07, 8.77305e+06, 0
1.39722e+07, 5.71686e+06, 0
2.21578e+07, 3.6678e+06, 0
3.18743e+07, 1.47432e+07, 0
1.71012e+07, 7.74546e+06, 0
1.95087e+07, 1.15152e+07, 0
1.20691e+07, 5.73592e+06, 0
3.75478e+07, 1.90519e+07, 0
2.0926e+07, 8.27175e+06, 0
1.77802e+07, 8.2668e+06, 0
1.76003e+07, 3.58148e+06, 0
1.75022e+07, 6.72337e+06, 0
1.20851e+07, 5.30901e+06, 0
1.06601e+07, 3.96078e+06, 0
1.68817e+07, 9.37946e+06, 0
1.1526e+07, 2.91871e+06, 0
2.97752e+07, 4.64775e+06, 0
1.20476e+07, 2.82924e+06, 0
1.58759e+07, 7.09131e+06, 0
2.43905e+07, 5.24098e+06, 0
2.02364e+07, 1.18316e+07, 0
2.55992e+07, 1.22843e+07, 0
2.64275e+07, 8.73092e+06, 0
1.75797e+07, 1.05402e+07, 0
1.00572e+07, 3.46521e+06, 0
1.39542e+07, 7.58641e+06, 0
4.17111e+07, 1.36506e+07, 0
2.11405e+07, 3.50309e+06, 0
3.07687e+07, 1.75648e+07, 0
2.88764e+07, 8.50277e+06, 0
2.88698e+07, 1.39738e+07, 0
2.48028e+07, 1.29042e+07, 0
2.49071e+07, 3.10043e+06, 0
2.05763e+07, 1.24161e+07, 0
9.56029e+06, 1.41203e+06, 0
2.10315e+07, 9.36407e+06, 0
1.45481e+07, 6.0834e+06, 0
1.55645e+07, 6.98928e+06, 0
1.71831e+07, 8.29326e+06, 0
3.30239e+07, 2.20727e+07, 0
2.54027e+07, 1.04423e+07, 0
1.85836e+07, 1.05906e+07, 0
2.34269e+07, 1.46628e+07, 0
1.32276e+07, 6.92898e+06, 0
1.22301e+07, 6.93781e+06, 0
2.90807e+07, 1.00365e+07, 0
2.14972e+07, 8.0959e+06, 0
2.13222e+07, 1.26078e+07, 0
2.3888e+07, 8.08939e+06, 0
1.47321e+07, 6.76281e+06, 0
2.03534e+07, 1.17768e+07, 0
1.60719e+07, 9.86771e+06, 0
1.55617e+07, 7.73711e+06, 0
1.35456e+07, 6.63271e+06, 0
2.50092e+07, 5.62235e+06, 0
1.69131e+07, 8.19578e+06, 0
3.35418e+07, 1.34682e+07, 0
3.39332e+07, 1.20728e+07, 0
2.08816e+07, 7.14856e+06, 0
2.60181e+07, 1.37129e+07, 0
4.35865e+07, 4.57613e+06, 0
1.74798e+07, 8.94581e+06, 0
2.04226e+07, 1.07724e+07, 0
1.01573e+07, 3.6289e+06, 0
2.73004e+07, 1.02786e+07, 0
1.50092e+07, 5.61354e+06, 0
1.90248e+07, 1.20923e+07, 0
3.17699e+07, 1.05884e+07, 0
1.54816e+07, 5.50874e+06, 0
2.27312e+07, 9.76142e+06, 0
3.0407e+07, 7.79777e+06, 0
2.80614e+07, 1.91217e+07, 0
2.86746e+07, 1.54701e+07, 0
1.5031e+07, 7.07943e+06, 0
1.54662e+07, 9.12245e+06, 0
3.56797e+07, 1.27808e+07, 0
1.46314e+07, 8.36095e+06, 0
2.72626e+07, 1.40489e+07, 0
1.92346e+07, 8.23339e+06, 0
1.52837e+07, 2.89732e+06, 0
1.9037e+07, 5.20832e+06, 0
1.58718e+07, 4.10617e+06, 0
2.61509e+07, 1.6522e+07, 0
1.33383e+07, 7.90608e+06, 0
2.92072e+07, 2.00713e+06, 0
2.18477e+07, 5.62753e+06, 0
2.11628e+07, 6.52848e+06, 0
1.36204e+07, 7.42832e+06, 0
2.80844e+07, 7.07774e+06, 0
2.44536e+07, 6.33304e+06, 0
1.92762e+07, 9.00467e+06, 0
2.0087e+07, 7.42761e+06, 0
2.8253e+07, 1.37248e+07, 0
1.54999e+07, 6.54725e+06, 0
2.91211e+07, 1.00394e+07, 0
3.64523e+07, 1.28638e+06, 0
2.24689e+07, 6.03695e+06, 0
2.09026e+07, 9.70857e+06, 0
2.02889e+07, 1.30305e+07, 0
1.56362e+07, 9.95172e+06, 0
1.68858e+07, 8.03322e+06, 0
3.78785e+07, 5.64306e+06, 0
2.74082e+07, 4.02361e+06, 0
8.25256e+06, 2.32833e+06, 0
2.16797e+07, 1.19103e+07, 0
1.20627e+07, 3.99082e+06, 0
1.89026e+07, 9.17811e+06, 0
1.6012e+07, 9.74944e+06, 0
2.10197e+07, 1.20406e+07, 0
2.26247e+07, 5.77755e+06, 0
1.66585e+07, 9.13844e+06, 0
2.59505e+07, 1.0323e+07, 0
2.02313e+07, 1.07515e+07, 0
1.21882e+07, 6.1117e+06, 0
2.25106e+07, 1.4519e+07, 0
2.53374e+07, 1.11779e+07, 0
1.35672e+07, 7.73086e+06, 0
2.46259e+07, 724444, 0
2.33672e+07, 1.00984e+07, 0
3.08279e+07, 1.88608e+07, 0
3.32432e+07, 1.48684e+07, 0
3.68738e+07, 7.68007e+06, 0
2.10526e+07, 6.95099e+06, 0
1.00814e+07, 3.31612e+06, 0
1.83015e+07, 1.77183e+06, 0
3.36787e+07, 8.6975e+06, 0
1.32044e+07, 5.27752e+06, 0
9.98531e+06, 3.10071e+06, 0
1.62257e+07, 7.46522e+06, 0
3.0248e+07, 1.871e+07, 0
3.37862e+07, 1.89473e+07, 0
2.17744e+07, 2.30407e+06, 0
2.75319e+07, 9.4165e+06, 0
1.95593e+07, 1.01937e+07, 0
9.59751e+06, 2.26556e+06, 0
2.23036e+07, 5.51103e+06, 0
1.55512e+07, 5.68903e+06, 0
3.5594e+07, 3.99674e+06, 0
1.65075e+07, 5.84055e+06, 0
1.64611e+07, 1.05033e+07, 0
2.54628e+07, 1.24173e+06, 0
1.1663e+07, 3.57115e+06, 0
2.6985e+07, 1.17109e+07, 0
2.52764e+07, 9.34956e+06, 0
1.66037e+07, 4.4411e+06, 0
2.03285e+07, 1.0266e+07, 0
1.3316e+07, 7.3509e+06, 0
1.82771e+07, 3.02646e+06, 0
1.46586e+07, 7.53118e+06, 0
1.65857e+07, 703311, 0
1.86644e+07, 1.0749e+07, 0
1.91526e+07, 8.08822e+06, 0
1.75412e+07, 3.66087e+06, 0
1.42105e+07, 4.09e+06, 0
1.90608e+07, 8.90651e+06, 0
3.07594e+07, 1.02316e+07, 0
1.38817e+07, 3.56911e+06, 0
3.12537e+07, 1.06896e+07, 0
2.28936e+07, 1.2892e+07, 0
1.44018e+07, 8.81815e+06, 0
1.55077e+07, 6.8443e+06, 0
2.07489e+07, 4.4729e+06, 0
2.57626e+07, 1.3497e+07, 0
1.60696e+07, 8.41745e+06, 0
1.35285e+07, 6.95016e+06, 0
1.0107e+07, 2.51283e+06, 0
3.15069e+07, 2.02422e+07, 0
1.99293e+07, 6.12317e+06, 0
1.51532e+07, 4.72674e+06, 0
1.17613e+07, 4.72517e+06, 0
1.90571e+07, 1.14094e+07, 0
1.64429e+07, 3.56496e+06, 0
1.73165e+07, 7.59979e+06, 0
8.38487e+06, 1.37385e+06, 0
2.5025e+07, 1.50912e+07, 0
1.63448e+07, 7.41171e+06, 0
9.37186e+06, 4.26541e+06, 0
3.24842e+07, 5.15781e+06, 0
2.35577e+07, 6.63032e+06, 0
1.51254e+07, 7.78313e+06, 0
2.55317e+07, 1.69704e+07, 0
3.56755e+07, 2.29004e+07, 0
2.65378e+07, 1.51938e+07, 0
3.26128e+07, 1.57976e+07, 0
3.06285e+07, 1.07946e+06, 0
3.39238e+07, 1.74886e+07, 0
1.48045e+07, 9.17496e+06, 0
1.09199e+07, 2.41188e+06, 0
1.9512e+07, 8.13798e+06, 0
2.83438e+07, 1.40742e+07, 0
2.12859e+07, 7.62475e+06, 0
2.3456e+07, 1.32746e+07, 0
1.90832e+07, 5.6026e+06, 0
2.75966e+07, 1.31017e+07, 0
1.889e+07, 9.49346e+06, 0
2.81016e+07, 5.19258e+06, 0
2.06285e+07, 8.50552e+06, 0
1.54304e+07, 5.50392e+06, 0
2.34574e+07, 1.54408e+06, 0
2.61267e+07, 1.49084e+07, 0
2.34752e+07, 1.11533e+07, 0
1.2469e+07, 4.31405e+06, 0
1.03719e+07, 4.26263e+06, 0
1.85253e+07, 9.59365e+06, 0
2.88126e+07, 3.70242e+06, 0
1.0519e+07, 5.36187e+06, 0
2.0419e+07, 1.07964e+07, 0
1.25025e+07, 2.40431e+06, 0
1.51485e+07, 6.55964e+06, 0
1.06516e+07, 4.70982e+06, 0
2.59419e+07, 6.70451e+06, 0
1.6618e+07, 1.27821e+06, 0
9.25934e+06, 2.44595e+06, 0
1.49422e+07, 3.768e+06, 0
1.54496e+07, 8.20525e+06, 0
2.19234e+07, 1.12459e+07, 0
1.96336e+07, 1.41402e+06, 0
1.10887e+07, 2.83579e+06, 0
2.41081e+07, 1.11911e+07, 0
3.05809e+07, 1.79152e+07, 0
1.50836e+07, 9.38687e+06, 0
1.47491e+07, 6.02663e+06, 0
1.51823e+07, 8.13554e+06, 0
2.49222e+07, 8.48911e+06, 0
1.99177e+07, 1.01775e+07, 0
1.21826e+07, 2.46977e+06, 0
1.90311e+07, 5.15854e+06, 0
1.25106e+07, 5.52709e+06, 0
1.61876e+07, 9.66457e+06, 0
2.48638e+07, 1.62087e+07, 0
2.03522e+07, 1.08352e+07, 0
1.48214e+07, 8.73846e+06, 0
3.47023e+07, 2.91125e+06, 0
2.96932e+07, 1.01979e+07, 0
2.07613e+07, 1.37471e+07, 0
2.7066e+07, 1.70199e+07, 0
2.90614e+07, 1.59271e+07, 0
1.94187e+07, 1.00384e+07, 0
1.65814e+07, 5.39437e+06, 0
1.70176e+07, 4.67362e+06, 0
2.01239e+07, 1.22439e+07, 0
2.19164e+07, 9.86607e+06, 0
1.61916e+07, 6.50747e+06, 0
1.75618e+07, 6.25565e+06, 0
2.89503e+07, 2.5681e+06, 0
1.15966e+07, 4.60535e+06, 0
2.30059e+07, 909538, 0
2.40024e+07, 1.49133e+07, 0
1.09584e+07, 1.8066e+06, 0
2.26982e+07, 1.46827e+07, 0
2.21425e+07, 8.03365e+06, 0
3.74964e+07, 1.34452e+07, 0
1.52095e+07, 8.60788e+06, 0
3.07034e+07, 8.54802e+06, 0
2.06469e+07, 1.18009e+07, 0
1.08265e+07, 3.11984e+06, 0
1.31447e+07, 4.34731e+06, 0
1.19636e+07, 5.38353e+06, 0
3.2353e+07, 2.10797e+07, 0
2.29572e+07, 5.17729e+06, 0
1.50842e+07, 5.78878e+06, 0
1.59006e+07, 5.82836e+06, 0
1.5868e+07, 1.00487e+07, 0
2.16969e+07, 1.04551e+07, 0
2.9652e+07, 1.40327e+07, 0
1.64015e+07, 7.95251e+06, 0
2.1245e+07, 7.87607e+06, 0
1.81362e+07, 6.46568e+06, 0
1.1755e+07, 2.43239e+06, 0
4.08018e+07, 1.19179e+07, 0
3.91512e+07, 1.54464e+06, 0
1.24133e+07, 4.66961e+06, 0
1.30004e+07, 2.54137e+06, 0
2.10198e+07, 6.83769e+06, 0
2.98498e+07, 7.41605e+06, 0
2.11689e+07, 8.53479e+06, 0
2.87901e+07, 5.18119e+06, 0
1.53293e+07, 7.1176e+06, 0
1.93872e+07, 1.14253e+07, 0
1.62541e+07, 8.26045e+06, 0
2.00512e+07, 4.95118e+06, 0
2.77657e+07, 1.00703e+07, 0
3.02377e+07, 7.48605e+06, 0
2.09603e+07, 6.70364e+06, 0
1.76026e+07, 7.4224e+06, 0
1.72876e+07, 1.12153e+07, 0
1.1831e+07, 5.53752e+06, 0
2.90765e+07, 4.3115e+06, 0
1.82673e+07, 1.17403e+07, 0
2.91978e+07, 1.67354e+07, 0
2.32479e+07, 1.34371e+07, 0
1.87267e+07, 1.06914e+07, 0
1.77637e+07, 9.94329e+06, 0
2.22066e+07, 1.46594e+07, 0
3.49367e+07, 1.70982e+06, 0
1.10337e+07, 5.77616e+06, 0
1.96864e+07, 7.12554e+06, 0
1.45966e+07, 5.44315e+06, 0
1.20838e+07, 5.69497e+06, 0
4.27785e+07, 7.92274e+06, 0
1.85464e+07, 5.2874e+06, 0
2.79876e+07, 1.38172e+07, 0
1.44809e+07, 7.93981e+06, 0
2.23565e+07, 1.25755e+07, 0
2.73393e+07, 1.10591e+07, 0
1.58867e+07, 2.83328e+06, 0
2.52929e+07, 1.48352e+07, 0
1.90648e+07, 5.9403e+06, 0
9.86852e+06, 4.49536e+06, 0
1.9866e+07, 1.17766e+07, 0
2.30095e+07, 3.97026e+06, 0
1.96811e+07, 9.73556e+06, 0
2.84785e+07, 1.72541e+07, 0
1.88154e+07, 7.79793e+06, 0
1.18664e+07, 5.66555e+06, 0
1.89673e+07, 3.31399e+06, 0
2.02304e+07, 6.26187e+06, 0
1.35805e+07, 2.29073e+06, 0
3.88146e+07, 1.49646e+07, 0
2.03446e+07, 8.20656e+06, 0
3.08191e+07, 1.51469e+07, 0
2.3325e+07, 6.00959e+06, 0
1.96718e+07, 1.28659e+07, 0
2.65389e+07, 7.56488e+06, 0
1.30086e+07, 6.58892e+06, 0
1.10188e+07, 990292, 0
1.69266e+07, 8.47558e+06, 0
1.33352e+07, 3.80326e+06, 0
1.9635e+07, 1.27149e+07, 0
1.97922e+07, 4.43421e+06, 0
1.26349e+07, 5.6138e+06, 0
1.99374e+07, 8.83186e+06, 0
3.88531e+07, 2.55762e+07, 0
2.56609e+07, 1.73898e+07, 0
2.20524e+07, 5.52493e+06, 0
1.19345e+07, 6.80226e+06, 0
2.12305e+07, 5.24589e+06, 0
2.34369e+07, 7.17836e+06, 0
1.76247e+07, 2.51066e+06, 0
1.13805e+07, 2.61899e+06, 0
1.69484e+07, 9.82435e+06, 0
4.71936e+07, 4.46286e+06, 0
2.05366e+07, 1.16953e+07, 0
2.1582e+07, 1.21696e+07, 0
4.28333e+07, 1.04087e+07, 0
9.05629e+06, 3.56118e+06, 0
3.22264e+07, 7.59681e+06, 0
1.93991e+07, 1.02378e+07, 0
1.58305e+07, 3.92815e+06, 0
2.02717e+07, 1.18604e+07, 0
2.36983e+07, 1.29739e+07, 0
2.15606e+07, 8.08713e+06, 0
2.27158e+07, 4.15555e+06, 0
2.36093e+07, 1.61356e+07, 0
3.93704e+07, 2.46227e+07, 0
2.87337e+07, 1.31963e+07, 0
9.61217e+06, 3.19922e+06, 0
1.31916e+07, 2.10687e+06, 0
2.31127e+07, 9.51289e+06, 0
1.7494e+07, 8.42147e+06, 0
2.82981e+07, 1.31907e+07, 0
1.26617e+07, 6.48338e+06, 0
1.75542e+07, 4.39852e+06, 0
1.42561e+07, 6.12106e+06, 0
2.98285e+07, 8.25769e+06, 0
1.26016e+07, 5.97284e+06, 0
2.07621e+07, 8.03777e+06, 0
4.07114e+07, 1.28739e+07, 0
1.21546e+07, 4.02021e+06, 0
3.29719e+07, 4.73903e+06, 0
1.86367e+07, 8.89867e+06, 0
1.098e+07, 2.32307e+06, 0
3.10536e+07, 2.12122e+06, 0
3.46647e+07, 1.08289e+07, 0
2.99574e+07, 6.51344e+06, 0
8.64283e+06, 2.54656e+06, 0
2.51263e+07, 1.00444e+07, 0
2.23268e+07, 827025, 0
1.78815e+07, 1.12604e+07, 0
8.0358e+06, 1.3118e+06, 0
1.74727e+07, 9.26877e+06, 0
8.42768e+06, 2.4914e+06, 0
1.1264e+07, 891661, 0
1.0265e+07, 3.85089e+06, 0
2.62e+07, 1.59748e+07, 0
2.0893e+07, 2.38503e+06, 0
1.27401e+07, 7.01675e+06, 0
4.53979e+07, 3.1899e+06, 0
2.56562e+07, 7.09274e+06, 0
1.10173e+07, 3.14729e+06, 0
2.28816e+07, 1.20774e+07, 0
2.187e+07, 1.42425e+07, 0
1.29667e+07, 6.74936e+06, 0
2.97668e+07, 1.58581e+07, 0
2.80399e+07, 8.63066e+06, 0
3.00863e+07, 1.16102e+07, 0
2.32346e+07, 1.55381e+07, 0
2.32699e+07, 1.52735e+07, 0
1.31331e+07, 7.21333e+06, 0
2.33675e+07, 8.61287e+06, 0
1.93745e+07, 1.13889e+07, 0
2.30933e+07, 9.97295e+06, 0
2.24526e+07, 5.45142e+06, 0
2.03285e+07, 7.36572e+06, 0
2.89507e+07, 9.67543e+06, 0
3.85159e+07, 1.53337e+07, 0
1.25386e+07, 5.07583e+06, 0
1.85014e+07, 9.24094e+06, 0
1.70539e+07, 8.38704e+06, 0
3.0155e+07, 8.92831e+06, 0
1.93718e+07, 3.13897e+06, 0
1.84035e+07, 9.63496e+06, 0
2.21729e+07, 1.21668e+07, 0
2.04604e+07, 1.22533e+07, 0
1.64608e+07, 6.62332e+06, 0
1.47448e+07, 5.40123e+06, 0
2.2489e+07, 5.43886e+06, 0
1.51907e+07, 2.40754e+06, 0
1.86324e+07, 1.09516e+07, 0
1.92609e+07, 8.49019e+06, 0
1.36836e+07, 6.78554e+06, 0
1.05287e+07, 5.24847e+06, 0
1.14511e+07, 5.86203e+06, 0
1.52643e+07, 8.74452e+06, 0
1.82972e+07, 8.76999e+06, 0
1.55476e+07, 7.06024e+06, 0
2.42646e+07, 1.42823e+07, 0
1.06769e+07, 2.27016e+06, 0
1.34284e+07, 4.7556e+06, 0
1.71379e+07, 6.5953e+06, 0
2.47735e+07, 1.19388e+07, 0
1.54032e+07, 8.35875e+06, 0
2.08655e+07, 9.33086e+06, 0
3.16234e+07, 8.55353e+06, 0
2.47868e+07, 1.64634e+07, 0
3.61623e+07, 1.96084e+07, 0
2.64932e+07, 1.43228e+07, 0
2.09377e+07, 5.07837e+06, 0
1.14726e+07, 4.71705e+06, 0
1.52194e+07, 4.42966e+06, 0
3.03209e+07, 6.37405e+06, 0
2.58003e+07, 6.87872e+06, 0
2.42322e+07, 9.20687e+06, 0
1.51319e+07, 8.68287e+06, 0
2.57454e+07, 1.69238e+07, 0
3.5327e+07, 1.05768e+07, 0
2.6321e+07, 1.0005e+07, 0
2.65544e+07, 9.38893e+06, 0
3.02455e+07, 1.57389e+07, 0
1.55634e+07, 7.35502e+06, 0
1.86014e+07, 1.05751e+07, 0
2.82058e+07, 1.46651e+07, 0
9.91353e+06, 4.48249e+06, 0
2.25802e+07, 1.0742e+07, 0
1.66332e+07, 9.22741e+06, 0
1.83122e+07, 1.1684e+07, 0
1.92286e+07, 1.19105e+07, 0
1.29268e+07, 7.18637e+06, 0
1.26229e+07, 4.93193e+06, 0
1.77716e+07, 4.93347e+06, 0
3.55545e+07, 1.68392e+07, 0
2.31654e+07, 2.32178e+06, 0
2.17219e+07, 3.99101e+06, 0
2.82354e+07, 1.63993e+07, 0
2.10628e+07, 1.38601e+07, 0
3.50975e+07, 9.43356e+06, 0
2.62744e+07, 1.46844e+07, 0
1.22804e+07, 2.22726e+06, 0
2.84281e+07, 1.72736e+07, 0
2.46825e+07, 1.64736e+07, 0
1.6591e+07, 4.42271e+06, 0
1.74555e+07, 1.04768e+07, 0
2.56924e+07, 7.76999e+06, 0
9.5678e+06, 2.89792e+06, 0
3.84872e+07, 1.38092e+07, 0
2.43462e+07, 1.09805e+07, 0
1.36448e+07, 6.19966e+06, 0
1.53661e+07, 7.10966e+06, 0
2.08534e+07, 8.6853e+06, 0
1.04179e+07, 2.16154e+06, 0
2.00349e+07, 1.08898e+07, 0
9.75503e+06, 1.76689e+06, 0
1.1847e+07, 6.50454e+06, 0
1.82793e+07, 9.64261e+06, 0
1.82967e+07, 3.57932e+06, 0
1.50316e+07, 5.79527e+06, 0
1.79447e+07, 1.02223e+07, 0
8.21992e+06, 1.78635e+06, 0
1.38509e+07, 4.44425e+06, 0
3.13219e+07, 1.39001e+07, 0
1.31167e+07, 7.64198e+06, 0
2.05775e+07, 1.1976e+07, 0
1.32258e+07, 5.50644e+06, 0
1.87187e+07, 6.44009e+06, 0
1.74335e+07, 1.04254e+07, 0
3.87484e+07, 1.44269e+07, 0
3.31477e+07, 1.77364e+07, 0
1.93773e+07, 7.35694e+06, 0
1.05737e+07, 4.88324e+06, 0
3.43916e+07, 8.00556e+06, 0
3.06501e+07, 1.86767e+07, 0
2.41787e+07, 1.06318e+07, 0
2.44386e+07, 1.63174e+07, 0
1.93483e+07, 7.92252e+06, 0
2.15112e+07, 1.24488e+07, 0
1.91565e+07, 4.75004e+06, 0
2.14878e+07, 1.41462e+07, 0
1.53614e+07, 1.48236e+06, 0
2.77948e+07, 1.63118e+07, 0
1.92294e+07, 3.38371e+06, 0
3.03753e+07, 8.48331e+06, 0
1.08309e+07, 1.36884e+06, 0
1.36028e+07, 2.30606e+06, 0
2.1477e+07, 1.43909e+07, 0
3.43833e+07, 1.17861e+07, 0
2.28079e+07, 1.47148e+07, 0
9.83895e+06, 4.55122e+06, 0
2.75483e+07, 1.80498e+07, 0
2.35564e+07, 1.0701e+07, 0
2.99002e+07, 1.20779e+07, 0
2.90121e+07, 1.90496e+07, 0
1.35166e+07, 6.14331e+06, 0
3.32061e+07, 1.28256e+07, 0
4.51868e+07, 2.70842e+07, 0
1.6978e+07, 6.78453e+06, 0
3.298e+07, 1.3349e+07, 0
2.19985e+07, 9.70465e+06, 0
3.62286e+07, 2.10657e+07, 0
1.52058e+07, 7.54805e+06, 0
1.76881e+07, 1.07196e+07, 0
1.73422e+07, 1.07725e+07, 0
2.79836e+07, 1.03542e+07, 0
1.25379e+07, 3.55326e+06, 0
1.83438e+07, 9.27776e+06, 0
1.37404e+07, 7.9745e+06, 0
1.59755e+07, 8.90601e+06, 0
1.53158e+07, 9.5522e+06, 0
1.64789e+07, 3.35157e+06, 0
1.20597e+07, 323362, 0
1.85628e+07, 1.5894e+06, 0
2.15464e+07, 1.18602e+07, 0
1.04231e+07, 3.51046e+06, 0
4.15846e+07, 1.35872e+07, 0
1.39328e+07, 3.60366e+06, 0
1.16109e+07, 1.79235e+06, 0
1.6746e+07, 9.64984e+06, 0
1.93607e+07, 7.71943e+06, 0
2.35594e+07, 1.19243e+07, 0
2.46785e+07, 1.38928e+07, 0
1.57696e+07, 5.81219e+06, 0
2.08472e+07, 1.27964e+07, 0
2.63352e+07, 1.69456e+07, 0
1.75142e+07, 6.57861e+06, 0
1.63044e+07, 1.10812e+06, 0
1.17547e+07, 4.29226e+06, 0
3.30585e+07, 1.67306e+07, 0
1.93662e+07, 1.07321e+07, 0
2.29185e+07, 9.32052e+06, 0
3.07813e+07, 6.82267e+06, 0
2.90581e+07, 1.52656e+06, 0
1.68678e+07, 5.49114e+06, 0
2.22154e+07, 1.11654e+07, 0
2.18605e+07, 2.91872e+06, 0
2.3386e+07, 1.441e+07, 0
2.66301e+07, 8.0944e+06, 0
2.46434e+07, 7.2425e+06, 0
1.9221e+07, 1.73193e+06, 0
1.22758e+07, 6.0648e+06, 0
1.17506e+07, 3.31663e+06, 0
2.23126e+07, 8.25151e+06, 0
1.77614e+07, 1.13554e+07, 0
8.95126e+06, 2.16151e+06, 0
1.52916e+07, 9.53118e+06, 0
2.54285e+07, 2.34406e+06, 0
1.2032e+07, 3.26985e+06, 0
1.96443e+07, 9.93551e+06, 0
2.1863e+07, 8.96028e+06, 0
2.57178e+07, 2.33054e+06, 0
2.87112e+07, 1.05969e+07, 0
1.98142e+07, 1.19571e+07, 0
2.04524e+07, 6.69364e+06, 0
2.08238e+07, 9.00196e+06, 0
2.58411e+07, 9.88475e+06, 0
1.96131e+07, 1.07665e+07, 0
1.03112e+07, 4.51958e+06, 0
1.13955e+07, 6.0452e+06, 0
1.73684e+07, 9.69147e+06, 0
1.98199e+07, 9.10705e+06, 0
2.31688e+07, 4.87438e+06, 0
1.18685e+07, 4.50743e+06, 0
2.418e+07, 8.67453e+06, 0
1.85906e+07, 8.71875e+06, 0
2.92213e+07, 1.0575e+07, 0
1.50236e+07, 9.47971e+06, 0
1.56033e+07, 5.83538e+06, 0
2.1922e+07, 9.54965e+06, 0
2.36618e+07, 1.29951e+07, 0
3.19206e+07, 9.84225e+06, 0
2.43791e+07, 1.36067e+07, 0
2.43837e+07, 8.11023e+06, 0
8.33252e+06, 2.64981e+06, 0
2.96486e+07, 1.79889e+07, 0
4.41703e+07, 1.44253e+07, 0
2.68071e+07, 1.40321e+07, 0
2.86031e+07, 1.78804e+07, 0
9.30196e+06, 4.11472e+06, 0
1.24422e+07, 6.91101e+06, 0
2.2066e+07, 3.33157e+06, 0
1.69617e+07, 3.47403e+06, 0
2.61919e+07, 1.79412e+07, 0
9.26359e+06, 2.29423e+06, 0
1.73764e+07, 8.2917e+06, 0
1.38001e+07, 4.06817e+06, 0
1.99098e+07, 8.1632e+06, 0
2.06887e+07, 1.28779e+07, 0
2.38188e+07, 1.36841e+07, 0
2.65992e+07, 9.89509e+06, 0
2.44053e+07, 1.51928e+07, 0
1.07146e+07, 4.7066e+06, 0
1.15334e+07, 2.67923e+06, 0
1.83195e+07, 6.22089e+06, 0
2.02681e+07, 4.71374e+06, 0
2.46315e+07, 2.30159e+06, 0
2.5712e+07, 6.65731e+06, 0
3.89721e+07, 2.10443e+07, 0
2.48051e+07, 1.29833e+07, 0
2.03054e+07, 8.5942e+06, 0
2.92784e+07, 1.2597e+07, 0
2.02245e+07, 1.10119e+07, 0
1.6498e+07, 9.67691e+06, 0
1.35794e+07, 6.4659e+06, 0
1.19503e+07, 4.05294e+06, 0
4.20817e+07, 1.38736e+07, 0
3.50769e+07, 7.47505e+06, 0
3.94525e+07, 1.57652e+07, 0
1.03468e+07, 3.46909e+06, 0
1.37906e+07, 4.89154e+06, 0
1.31053e+07, 7.34078e+06, 0
1.05986e+07, 1.13762e+06, 0
1.57314e+07, 2.14361e+06, 0
1.13488e+07, 6.24828e+06, 0
2.30922e+07, 1.44273e+07, 0
1.61394e+07, 6.91389e+06, 0
3.57526e+07, 3.51029e+06, 0
3.93084e+07, 1.62031e+07, 0
1.36229e+07, 5.88188e+06, 0
1.1396e+07, 3.50164e+06, 0
3.60916e+07, 1.68446e+07, 0
2.6296e+07, 1.01008e+07, 0
1.31523e+07, 2.32246e+06, 0
2.47664e+07, 1.38867e+07, 0
1.45908e+07, 6.00049e+06, 0
1.72483e+07, 8.09899e+06, 0
2.72299e+07, 1.17409e+07, 0
2.84328e+07, 1.7291e+07, 0
1.33921e+07, 3.74702e+06, 0
3.23985e+07, 6.1582e+06, 0
1.36687e+07, 6.4136e+06, 0
1.5383e+07, 7.63119e+06, 0
1.75864e+07, 9.01476e+06, 0
2.10228e+07, 9.04695e+06, 0
3.46556e+07, 1.6057e+07, 0
3.22446e+07, 1.16034e+07, 0
1.10366e+07, 3.96794e+06, 0
2.21387e+07, 5.43185e+06, 0
1.88043e+07, 8.34634e+06, 0
1.58541e+07, 8.38342e+06, 0
2.23857e+07, 3.45326e+06, 0
2.08518e+07, 1.01166e+07, 0
1.96652e+07, 6.02642e+06, 0
2.88566e+07, 1.56843e+07, 0
2.04317e+07, 1.34792e+07, 0
2.54625e+07, 1.51289e+07, 0
1.83075e+07, 1.01274e+07, 0
1.16148e+07, 2.43614e+06, 0
1.803e+07, 7.62059e+06, 0
1.9967e+07, 1.15043e+07, 0
3.96353e+07, 1.88692e+07, 0
2.08625e+07, 3.2471e+06, 0
2.3591e+07, 1.39457e+07, 0
4.85831e+07, 2.26985e+07, 0
1.92088e+07, 6.39753e+06, 0
2.03526e+07, 4.87072e+06, 0
1.28802e+07, 7.18671e+06, 0
1.28438e+07, 3.89227e+06, 0
1.64049e+07, 9.75084e+06, 0
2.61904e+07, 1.17711e+07, 0
1.49917e+07, 2.12531e+06, 0
9.37019e+06, 1.7187e+06, 0
2.41471e+07, 1.3635e+07, 0
2.69325e+07, 1.61481e+07, 0
1.82393e+07, 1.16168e+07, 0
2.26102e+07, 1.10934e+07, 0
2.51071e+07, 1.45781e+07, 0
2.37631e+07, 1.35629e+07, 0
3.11633e+07, 1.90729e+07, 0
2.04952e+07, 5.56205e+06, 0
2.57403e+07, 7.16467e+06, 0
2.27596e+07, 1.30664e+07, 0
1.57585e+07, 9.696e+06, 0
2.11083e+07, 1.00759e+07, 0
2.28362e+07, 1.29362e+07, 0
2.46025e+07, 1.11327e+07, 0
1.40489e+07, 4.45906e+06, 0
1.13979e+07, 5.70977e+06, 0
3.0317e+07, 1.59615e+07, 0
2.07338e+07, 944951, 0
2.59378e+07, 9.33168e+06, 0
1.14009e+07, 2.54814e+06, 0
2.92005e+07, 1.38408e+07, 0
1.86173e+07, 1.1195e+07, 0
2.7353e+07, 1.49338e+07, 0
1.06477e+07, 3.91346e+06, 0
1.20349e+07, 1.15921e+06, 0
1.96265e+07, 1.06612e+07, 0
1.64654e+07, 4.64403e+06, 0
2.86514e+07, 1.02192e+07, 0
1.14356e+07, 182529, 0
1.42529e+07, 8.50294e+06, 0
1.68454e+07, 8.37293e+06, 0
2.17675e+07, 6.27491e+06, 0
1.68506e+07, 7.04104e+06, 0
3.8346e+07, 1.24433e+07, 0
2.6811e+07, 1.19904e+07, 0
2.42562e+07, 1.39063e+07, 0
2.72142e+07, 1.54103e+07, 0
3.21254e+07, 1.57095e+07, 0
1.43138e+07, 8.4488e+06, 0
3.59086e+07, 2.35657e+07, 0
2.20931e+07, 1.34145e+07, 0
1.47432e+07, 4.37727e+06, 0
1.5828e+07, 3.84258e+06, 0
1.69588e+07, 8.09134e+06, 0
1.16001e+07, 476144, 0
3.11705e+07, 1.03612e+07, 0
1.51789e+07, 4.48883e+06, 0
3.47351e+07, 2.1829e+07, 0
2.04326e+07, 7.22568e+06, 0
1.2197e+07, 6.54172e+06, 0
1.50305e+07, 6.59048e+06, 0
1.41895e+07, 6.55848e+06, 0
2.30293e+07, 5.18343e+06, 0
2.73119e+07, 1.2939e+07, 0
3.33348e+07, 1.38791e+07, 0
2.1243e+07, 1.12653e+07, 0
2.37382e+07, 1.62604e+07, 0
1.64201e+07, 1.68739e+06, 0
2.26323e+07, 6.21387e+06, 0
8.72319e+06, 2.88161e+06, 0
1.33721e+07, 7.04684e+06, 0
9.99565e+06, 4.56205e+06, 0
1.25155e+07, 5.15144e+06, 0
2.84943e+07, 9.01201e+06, 0
1.88962e+07, 1.09685e+07, 0
1.03487e+07, 4.68346e+06, 0
2.46046e+07, 1.51262e+07, 0
2.24603e+07, 1.46675e+07, 0
1.30975e+07, 6.00757e+06, 0
1.74813e+07, 9.71786e+06, 0
1.77478e+07, 9.93567e+06, 0
2.79693e+07, 1.38858e+07, 0
2.345e+07, 6.20048e+06, 0
1.61494e+07, 8.48684e+06, 0
1.8352e+07, 6.14007e+06, 0
1.53938e+07, 9.12965e+06, 0
1.91262e+07, 1.02695e+07, 0
1.65146e+07, 7.85107e+06, 0
2.37278e+07, 1.614e+07, 0
2.45877e+07, 3.45446e+06, 0
2.31109e+07, 6.55825e+06, 0
2.76473e+07, 1.64411e+07, 0
2.82486e+07, 9.85732e+06, 0
1.32898e+07, 7.06087e+06, 0
1.89656e+07, 1.16546e+07, 0
3.37517e+07, 1.31286e+07, 0
2.49158e+07, 1.41019e+07, 0
1.46212e+07, 4.26291e+06, 0
1.43493e+07, 8.15938e+06, 0
1.54863e+07, 4.12818e+06, 0
1.71889e+07, 6.86714e+06, 0
2.89105e+07, 1.40046e+07, 0
1.76758e+07, 4.94072e+06, 0
2.2029e+07, 5.21514e+06, 0
1.96341e+07, 1.06676e+07, 0
2.69159e+07, 1.56498e+07, 0
2.05819e+07, 9.17521e+06, 0
2.48032e+07, 6.1675e+06, 0
1.56336e+07, 4.59892e+06, 0
3.78362e+07, 1.44251e+07, 0
2.56529e+07, 1.69881e+07, 0
2.51528e+07, 1.56138e+07, 0
1.52306e+07, 2.71575e+06, 0
1.76561e+07, 3.9065e+06, 0
2.36094e+07, 1.55633e+07, 0
4.43771e+07, 1.23791e+07, 0
1.39507e+07, 3.83577e+06, 0
3.10186e+07, 1.13669e+07, 0
1.31048e+07, 3.82186e+06, 0
1.56306e+07, 4.4944e+06, 0
3.13496e+07, 1.25239e+07, 0
2.33878e+07, 9.81166e+06, 0
8.90355e+06, 1.82833e+06, 0
1.792e+07, 7.97462e+06, 0
1.8572e+07, 9.37292e+06, 0
2.77479e+07, 1.59974e+07, 0
2.9707e+07, 1.98814e+07, 0
1.09879e+07, 5.41426e+06, 0
2.24162e+07, 5.80499e+06, 0
1.93255e+07, 1.2247e+07, 0
2.36115e+07, 1.07869e+07, 0
1.12644e+07, 960116, 0
1.88369e+07, 3.65462e+06, 0
2.65048e+07, 1.47101e+07, 0
2.00813e+07, 1.114e+07, 0
3.30023e+07, 1.46224e+07, 0
1.62525e+07, 1.00342e+07, 0
2.53897e+07, 1.09597e+07, 0
1.1188e+07, 4.9699e+06, 0
2.45869e+07, 7.17504e+06, 0
1.70955e+07, 9.33056e+06, 0
2.47741e+07, 2.66735e+06, 0
4.00669e+07, 1.3173e+07, 0
2.64143e+07, 1.82241e+07, 0
1.65753e+07, 8.41523e+06, 0
2.71003e+07, 1.29638e+07, 0
2.62823e+07, 1.53708e+07, 0
3.16634e+07, 7.49168e+06, 0
2.79436e+07, 1.11753e+07, 0
1.33503e+07, 4.02407e+06, 0
1.52017e+07, 5.33641e+06, 0
1.4512e+07, 3.50554e+06, 0
2.89531e+07, 1.48138e+07, 0
1.82538e+07, 8.9206e+06, 0
1.59214e+07, 9.25155e+06, 0
3.40067e+07, 1.21547e+07, 0
8.73848e+06, 3.3498e+06, 0
2.44701e+07, 2.79644e+06, 0
4.59951e+07, 6.80983e+06, 0
2.69654e+07, 1.16955e+07, 0
1.97763e+07, 4.59676e+06, 0
2.24043e+07, 1.00604e+07, 0
3.17062e+07, 2.21619e+07, 0
4.38699e+07, 1.36369e+07, 0
2.50469e+07, 1.70971e+07, 0
1.59862e+07, 5.93828e+06, 0
1.41552e+07, 6.88198e+06, 0
1.65573e+07, 6.08459e+06, 0
3.48623e+07, 2.42373e+07, 0
2.15097e+07, 4.82984e+06, 0
2.64575e+07, 9.47519e+06, 0
4.16254e+07, 1.36504e+07, 0
2.55586e+07, 1.63401e+07, 0
2.5438e+07, 9.7107e+06, 0
1.44729e+07, 6.52493e+06, 0
1.86018e+07, 1.07487e+07, 0
3.59358e+07, 1.6469e+07, 0
2.50058e+07, 1.68386e+07, 0
2.49192e+07, 6.78698e+06, 0
1.34075e+07, 4.83886e+06, 0
1.75288e+07, 7.51117e+06, 0
2.28027e+07, 1.46371e+07, 0
1.84532e+07, 5.51673e+06, 0
1.70452e+07, 4.79628e+06, 0
1.57704e+07, 9.22621e+06, 0
1.02749e+07, 2.96295e+06, 0
2.77944e+07, 2.26068e+06, 0
1.34232e+07, 5.62831e+06, 0
2.13666e+07, 8.34163e+06, 0
1.92205e+07, 1.09381e+07, 0
1.70015e+07, 9.73246e+06, 0
1.77459e+07, 9.6424e+06, 0
2.34491e+07, 9.23069e+06, 0
2.22242e+07, 1.4633e+07, 0
3.68511e+07, 1.47051e+07, 0
1.39957e+07, 7.96523e+06, 0
3.85772e+07, 2.11448e+06, 0
1.27269e+07, 3.58099e+06, 0
1.764e+07, 8.84033e+06, 0
3.13587e+07, 1.2815e+07, 0
1.48955e+07, 1.10065e+06, 0
1.5544e+07, 3.6852e+06, 0
2.12668e+07, 4.98e+06, 0
1.50684e+07, 2.71528e+06, 0
1.17614e+07, 6.34258e+06, 0
1.61959e+07, 6.8412e+06, 0
2.22396e+07, 9.57201e+06, 0
1.62629e+07, 4.06887e+06, 0
1.06395e+07, 5.41483e+06, 0
1.72406e+07, 1.91876e+06, 0
2.34254e+07, 1.43771e+07, 0
2.83351e+07, 1.64493e+07, 0
1.10069e+07, 4.112e+06, 0
1.62942e+07, 3.80702e+06, 0
2.38777e+07, 1.2886e+07, 0
3.12392e+07, 9.93342e+06, 0
2.70626e+07, 8.82183e+06, 0
2.0395e+07, 7.16817e+06, 0
1.25009e+07, 4.57636e+06, 0
1.44988e+07, 5.44489e+06, 0
2.31185e+07, 1.06362e+07, 0
1.25149e+07, 7.3244e+06, 0
1.39336e+07, 5.27361e+06, 0
2.4462e+07, 1.17725e+07, 0
1.09522e+07, 5.05367e+06, 0
1.58094e+07, 3.87371e+06, 0
3.34293e+07, 1.59928e+07, 0
2.74821e+07, 1.65546e+07, 0
2.66091e+07, 1.76268e+07, 0
1.77369e+07, 7.81713e+06, 0
2.1101e+07, 1.14265e+07, 0
2.57688e+07, 1.42607e+07, 0
2.65459e+07, 1.29105e+07, 0
2.00198e+07, 1.10146e+07, 0
2.18256e+07, 4.60773e+06, 0
1.51027e+07, 4.37456e+06, 0
2.15892e+07, 1.39556e+07, 0
1.57283e+07, 7.7134e+06, 0
2.23767e+07, 5.2128e+06, 0
2.26951e+07, 4.49776e+06, 0
9.65501e+06, 2.43981e+06, 0
1.39307e+07, 2.38237e+06, 0
1.4155e+07, 7.56006e+06, 0
8.72171e+06, 675350, 0
1.39876e+07, 4.89742e+06, 0
1.35682e+07, 8.11597e+06, 0
1.4489e+07, 3.93113e+06, 0
1.47663e+07, 4.6431e+06, 0
1.4667e+07, 4.05931e+06, 0
1.04083e+07, 1.05743e+06, 0
2.37838e+07, 8.29877e+06, 0
2.12574e+07, 5.12359e+06, 0
1.49969e+07, 6.44465e+06, 0
3.09907e+07, 1.35344e+07, 0
2.72294e+07, 1.00699e+07, 0
1.8906e+07, 9.2963e+06, 0
1.92907e+07, 4.56043e+06, 0
1.48586e+07, 9.04671e+06, 0
1.18613e+07, 2.28101e+06, 0
2.22771e+07, 1.28863e+07, 0
2.05726e+07, 5.79573e+06, 0
3.97072e+07, 2.01155e+07, 0
2.23863e+07, 7.19379e+06, 0
3.42006e+07, 1.08887e+07, 0
2.76484e+07, 1.11783e+07, 0
3.03933e+07, 1.85518e+07, 0
2.78834e+07, 7.26716e+06, 0
4.40031e+07, 2.34198e+07, 0
1.88401e+07, 4.17971e+06, 0
1.30839e+07, 2.00345e+06, 0
2.33212e+07, 3.71539e+06, 0
2.8676e+07, 1.47375e+07, 0
3.39315e+07, 5.50819e+06, 0
9.77754e+06, 4.5763e+06, 0
3.20482e+07, 1.48382e+07, 0
2.87233e+07, 1.43184e+07, 0
2.49687e+07, 1.01777e+07, 0
2.29152e+07, 1.24444e+07, 0
2.03884e+07, 5.0055e+06, 0
2.38112e+07, 1.62424e+07, 0
3.1858e+07, 7.87344e+06, 0
2.09241e+07, 3.61735e+06, 0
2.51466e+07, 1.19248e+07, 0
1.22842e+07, 3.50589e+06, 0
2.12379e+07, 1.0941e+07, 0
2.98632e+07, 1.42168e+07, 0
2.50198e+07, 1.41166e+07, 0
3.45921e+07, 5.64311e+06, 0
1.15272e+07, 2.46356e+06, 0
3.09857e+07, 1.94147e+07, 0
1.69669e+07, 6.92737e+06, 0
1.21578e+07, 3.63396e+06, 0
1.31833e+07, 6.98251e+06, 0
2.33027e+07, 1.37262e+07, 0
1.84389e+07, 5.09035e+06, 0
1.05496e+07, 4.67882e+06, 0
2.01025e+07, 1.03659e+07, 0
2.91698e+07, 1.16477e+07, 0
2.67795e+07, 3.06835e+06, 0
4.296e+07, 1.00547e+07, 0
1.96932e+07, 9.38517e+06, 0
2.65487e+07, 3.75115e+06, 0
2.51238e+07, 1.13462e+07, 0
1.74327e+07, 1.08803e+07, 0
2.79335e+07, 1.33251e+07, 0
3.64617e+07, 1.94268e+07, 0
1.96175e+07, 1.17502e+07, 0
2.17555e+07, 1.22844e+07, 0
2.35944e+07, 9.75348e+06, 0
1.96598e+07, 1.20018e+07, 0
2.9156e+07, 1.97116e+07, 0
2.25681e+07, 8.27741e+06, 0
3.28584e+07, 7.84644e+06, 0
3.54804e+07, 1.2759e+07, 0
1.60615e+07, 4.59795e+06, 0
2.51587e+07, 7.0161e+06, 0
1.28205e+07, 2.80188e+06, 0
1.46375e+07, 6.8199e+06, 0
1.78829e+07, 9.55624e+06, 0
1.79039e+07, 4.05508e+06, 0
1.8347e+07, 3.54611e+06, 0
1.90774e+07, 2.58142e+06, 0
1.12162e+07, 1.9976e+06, 0
2.64476e+07, 1.37724e+07, 0
1.97492e+07, 1.30139e+07, 0
2.1289e+07, 8.78717e+06, 0
1.70824e+07, 9.83299e+06, 0
2.28763e+07, 9.89852e+06, 0
2.02563e+07, 1.20773e+07, 0
1.65548e+07, 4.6576e+06, 0
2.06296e+07, 1.05921e+07, 0
2.1153e+07, 1.20242e+07, 0
2.55915e+07, 9.08926e+06, 0
1.74517e+07, 5.98936e+06, 0
2.39965e+07, 1.22792e+07, 0
2.37735e+07, 1.42807e+07, 0
8.34713e+06, 1.65701e+06, 0
2.90773e+07, 1.12062e+07, 0
1.57594e+07, 6.33619e+06, 0
2.68583e+07, 1.10085e+07, 0
2.88466e+07, 1.11185e+07, 0
1.1999e+07, 991244, 0
2.44961e+07, 1.36202e+07, 0
2.07242e+07, 8.00212e+06, 0
2.4082e+07, 1.41344e+07, 0
2.55085e+07, 1.43509e+07, 0
2.78743e+07, 1.56646e+07, 0
1.17809e+07, 4.95262e+06, 0
2.61259e+07, 1.59948e+07, 0
2.17101e+07, 6.30868e+06, 0
3.83113e+07, 1.9312e+07, 0
1.53982e+07, 5.15515e+06, 0
2.87944e+07, 1.04847e+07, 0
8.7203e+06, 789719, 0
1.52561e+07, 7.62237e+06, 0
1.87272e+07, 1.00805e+07, 0
2.69504e+07, 1.73683e+07, 0
3.49439e+07, 1.96226e+07, 0
1.09507e+07, 4.38372e+06, 0
1.58702e+07, 9.87003e+06, 0
2.57618e+07, 1.23823e+07, 0
2.06174e+07, 9.05288e+06, 0
1.3622e+07, 6.48448e+06, 0
3.51341e+07, 1.98709e+07, 0
1.65186e+07, 2.13295e+06, 0
2.46165e+07, 1.17094e+07, 0
2.24551e+07, 696175, 0
2.45349e+07, 1.57584e+07, 0
2.00113e+07, 366377, 0
3.36848e+07, 5.4666e+06, 0
2.60006e+07, 8.57212e+06, 0
1.03323e+07, 4.71711e+06, 0
1.74955e+07, 8.46585e+06, 0
2.48222e+07, 1.25863e+07, 0
1.22389e+07, 3.41349e+06, 0
2.76738e+07, 7.19408e+06, 0
2.71121e+07, 1.62796e+07, 0
1.86406e+07, 4.81429e+06, 0
2.25619e+07, 6.85425e+06, 0
2.17181e+07, 8.11998e+06, 0
2.70665e+07, 1.60978e+07, 0
1.39309e+07, 7.16382e+06, 0
2.7793e+07, 1.77971e+07, 0
1.95786e+07, 1.02247e+07, 0
1.39226e+07, 5.25848e+06, 0
8.98068e+06, 3.66379e+06, 0
1.32197e+07, 5.83708e+06, 0
4.01292e+07, 1.48271e+07, 0
2.21596e+07, 7.68098e+06, 0
1.53206e+07, 5.3089e+06, 0
1.28145e+07, 7.57659e+06, 0
1.38188e+07, 2.98285e+06, 0
1.51296e+07, 8.80989e+06, 0
1.45743e+07, 7.53243e+06, 0
3.1973e+07, 2.07602e+07, 0
1.4842e+07, 8.64672e+06, 0
2.80782e+07, 1.46373e+07, 0
1.21714e+07, 6.33051e+06, 0
2.38995e+07, 1.0022e+07, 0
2.14213e+07, 5.32592e+06, 0
1.91623e+07, 4.54465e+06, 0
1.17933e+07, 5.29724e+06, 0
2.36388e+07, 3.2553e+06, 0
2.63829e+07, 1.68448e+07, 0
3.36255e+07, 1.18745e+07, 0
3.00247e+07, 1.3286e+07, 0
1.53814e+07, 7.0345e+06, 0
1.86207e+07, 9.78334e+06, 0
1.66429e+07, 9.17088e+06, 0
1.92307e+07, 8.87495e+06, 0
3.54589e+07, 8.22921e+06, 0
1.29881e+07, 3.47389e+06, 0
4.85675e+07, 1.07193e+07, 0
1.40261e+07, 2.69404e+06, 0
2.11929e+07, 1.14137e+07, 0
2.81298e+07, 9.78897e+06, 0
2.84392e+07, 8.90627e+06, 0
2.19867e+07, 6.70881e+06, 0
1.69011e+07, 1.04633e+07, 0
2.40191e+07, 1.56639e+07, 0
1.27473e+07, 3.24707e+06, 0
1.16692e+07, 2.96439e+06, 0
1.33801e+07, 4.73692e+06, 0
1.33053e+07, 7.89672e+06, 0
1.64224e+07, 1.04085e+07, 0
1.90195e+07, 5.1314e+06, 0
1.03385e+07, 1.92682e+06, 0
1.41883e+07, 8.57924e+06, 0
2.26793e+07, 5.69799e+06, 0
1.99104e+07, 6.03344e+06, 0
2.07933e+07, 1.27928e+07, 0
1.40539e+07, 3.63687e+06, 0
1.93949e+07, 1.03142e+07, 0
9.75543e+06, 4.25439e+06, 0
1.94739e+07, 1.13969e+07, 0
2.95366e+07, 9.17505e+06, 0
1.66551e+07, 3.23121e+06, 0
3.68668e+07, 3.1583e+06, 0
3.21062e+07, 6.48198e+06, 0
1.2236e+07, 3.98357e+06, 0
1.38301e+07, 2.0611e+06, 0
1.84147e+07, 8.30746e+06, 0
3.65502e+07, 8.21656e+06, 0
2.2445e+07, 6.63845e+06, 0
9.83586e+06, 4.52956e+06, 0
2.65333e+07, 4.36239e+06, 0
3.23022e+07, 1.65495e+07, 0
2.57843e+07, 1.53915e+07, 0
2.73403e+07, 6.35049e+06, 0
1.55278e+07, 8.42267e+06, 0
3.28188e+07, 1.84841e+07, 0
8.90217e+06, 3.40655e+06, 0
3.1326e+07, 1.04605e+07, 0
1.72192e+07, 6.09141e+06, 0
2.41243e+07, 1.19504e+07, 0
1.61475e+07, 5.43291e+06, 0
1.82667e+07, 7.39254e+06, 0
2.42064e+07, 8.43339e+06, 0
2.74886e+07, 1.19532e+07, 0
1.61108e+07, 9.62948e+06, 0
1.91558e+07, 8.86596e+06, 0
2.72028e+07, 9.18553e+06, 0
2.09995e+07, 6.21895e+06, 0
1.87627e+07, 3.36237e+06, 0
1.10347e+07, 2.84717e+06, 0
1.79231e+07, 8.82839e+06, 0
2.43597e+07, 8.5201e+06, 0
1.39415e+07, 7.3807e+06, 0
1.83909e+07, 5.75183e+06, 0
2.37008e+07, 7.38616e+06, 0
3.29408e+07, 1.65948e+07, 0
3.53252e+07, 1.9778e+07, 0
2.86808e+07, 1.00942e+07, 0
2.2994e+07, 4.47689e+06, 0
2.10375e+07, 1.20743e+07, 0
2.51802e+07, 7.41035e+06, 0
2.30682e+07, 1.44792e+07, 0
1.57847e+07, 8.102e+06, 0
3.03407e+07, 8.43651e+06, 0
2.33715e+07, 1.27413e+07, 0
1.77258e+07, 540356, 0
1.26277e+07, 5.84085e+06, 0
2.79718e+07, 1.91442e+07, 0
1.52313e+07, 6.6772e+06, 0
2.49167e+07, 2.29197e+06, 0
1.42486e+07, 5.60969e+06, 0
2.1281e+07, 1.28321e+07, 0
2.21556e+07, 8.62746e+06, 0
1.58429e+07, 3.29313e+06, 0
1.50073e+07, 8.58003e+06, 0
1.27683e+07, 4.29709e+06, 0
1.10086e+07, 5.22473e+06, 0
2.33092e+07, 1.31234e+07, 0
2.61131e+07, 3.44277e+06, 0
2.21927e+07, 6.23494e+06, 0
1.51831e+07, 6.64984e+06, 0
1.75364e+07, 7.79683e+06, 0
2.7979e+07, 9.49746e+06, 0
3.81608e+07, 8.01277e+06, 0
1.77557e+07, 7.11284e+06, 0
1.80593e+07, 6.86892e+06, 0
2.9334e+07, 1.00191e+07, 0
1.10135e+07, 2.43059e+06, 0
2.13779e+07, 1.19697e+07, 0
1.76075e+07, 8.86793e+06, 0
2.56668e+07, 3.42158e+06, 0
1.56481e+07, 7.99681e+06, 0
3.2211e+07, 1.37153e+07, 0
2.20481e+07, 7.2553e+06, 0
3.11979e+07, 1.27783e+07, 0
1.10546e+07, 3.58943e+06, 0
2.90052e+07, 1.38571e+07, 0
1.19682e+07, 6.66232e+06, 0
2.00962e+07, 3.27468e+06, 0
2.56525e+07, 9.15275e+06, 0
2.07604e+07, 1.27808e+07, 0
2.9607e+07, 9.31448e+06, 0
2.95183e+07, 2.02664e+07, 0
1.57781e+07, 7.48075e+06, 0
1.81606e+07, 6.93658e+06, 0
3.32896e+07, 1.09798e+07, 0
1.3772e+07, 5.71093e+06, 0
2.07652e+07, 1.3232e+07, 0
1.16733e+07, 6.26649e+06, 0
1.08439e+07, 1.26728e+06, 0
1.20481e+07, 3.58949e+06, 0
9.6934e+06, 3.76809e+06, 0
1.73104e+07, 7.60911e+06, 0
1.25479e+07, 5.64838e+06, 0
1.41877e+07, 5.207e+06, 0
1.46478e+07, 1.28805e+06, 0
2.83187e+07, 8.92003e+06, 0
2.08797e+07, 4.4141e+06, 0
2.65078e+07, 1.51415e+07, 0
2.54218e+07, 1.01874e+07, 0
3.44635e+07, 2.41078e+07, 0
2.9941e+07, 2.01404e+07, 0
2.20104e+07, 2.32805e+06, 0
2.21246e+07, 9.93947e+06, 0
1.17311e+07, 6.62658e+06, 0
2.28334e+07, 5.29377e+06, 0
2.20583e+07, 1.18483e+07, 0
9.63775e+06, 3.94319e+06, 0
2.4679e+07, 1.21249e+07, 0
3.06231e+07, 2.08435e+07, 0
1.60835e+07, 7.957e+06, 0
2.47317e+07, 3.05926e+06, 0
1.18514e+07, 2.78014e+06, 0
2.34887e+07, 8.00841e+06, 0
1.81295e+07, 9.01309e+06, 0
1.2431e+07, 3.25324e+06, 0
8.93856e+06, 2.87607e+06, 0
1.15004e+07, 5.995e+06, 0
1.46329e+07, 772782, 0
3.10336e+07, 1.2265e+07, 0
2.04988e+07, 1.35686e+07, 0
2.4773e+07, 6.97347e+06, 0
1.79234e+07, 1.51373e+06, 0
2.66647e+07, 1.64554e+07, 0
3.56463e+07, 1.42691e+07, 0
1.82289e+07, 4.86483e+06, 0
1.73744e+07, 5.77846e+06, 0
2.32045e+07, 6.35643e+06, 0
7.87996e+06, 2.01563e+06, 0
2.53467e+07, 1.39577e+07, 0
1.37586e+07, 4.46953e+06, 0
2.37109e+07, 1.32804e+07, 0
2.2362e+07, 9.72666e+06, 0
1.5598e+07, 7.21534e+06, 0
2.50745e+07, 4.90226e+06, 0
2.78651e+07, 1.05747e+07, 0
2.43092e+07, 1.32463e+07, 0
2.49262e+07, 1.3577e+07, 0
1.36071e+07, 5.87013e+06, 0
1.8048e+07, 7.04035e+06, 0
3.09475e+07, 1.40527e+07, 0
2.84175e+07, 1.11475e+07, 0
2.43782e+07, 1.59919e+07, 0
1.98193e+07, 5.2499e+06, 0
1.78039e+07, 5.25537e+06, 0
9.21243e+06, 3.541e+06, 0
2.21979e+07, 1.49623e+07, 0
2.13824e+07, 1.44306e+06, 0
1.65763e+07, 9.72585e+06, 0
1.24753e+07, 5.45903e+06, 0
2.06838e+07, 1.12107e+07, 0
3.06334e+07, 7.32166e+06, 0
2.42401e+07, 1.54045e+07, 0
2.30688e+07, 9.80322e+06, 0
2.13316e+07, 1.19918e+06, 0
2.00422e+07, 7.98764e+06, 0
1.76846e+07, 8.67851e+06, 0
4.11502e+07, 7.9233e+06, 0
1.83887e+07, 1.13112e+07, 0
1.43035e+07, 7.46581e+06, 0
3.07617e+07, 1.1885e+07, 0
3.00851e+07, 1.16747e+07, 0
2.46354e+07, 1.23749e+07, 0
2.88541e+07, 1.53866e+07, 0
3.20802e+07, 6.25131e+06, 0
1.40485e+07, 7.49355e+06, 0
1.01354e+07, 3.56985e+06, 0
1.33084e+07, 1.8956e+06, 0
1.36461e+07, 5.74303e+06, 0
3.3755e+07, 9.91461e+06, 0
3.10294e+07, 2.8026e+06, 0
2.18145e+07, 7.85499e+06, 0
3.73768e+07, 1.16683e+07, 0
1.41443e+07, 3.97325e+06, 0
1.36582e+07, 5.66703e+06, 0
3.42474e+07, 3.69844e+06, 0
1.53923e+07, 4.79666e+06, 0
3.52258e+07, 1.38516e+07, 0
2.34456e+07, 6.50562e+06, 0
9.34945e+06, 2.98594e+06, 0
2.81011e+07, 1.25414e+07, 0
1.96599e+07, 1.84082e+06, 0
2.17059e+07, 5.83134e+06, 0
2.54342e+07, 1.46237e+07, 0
1.41626e+07, 5.59295e+06, 0
3.87129e+07, 1.80461e+07, 0
2.69177e+07, 6.27082e+06, 0
2.10186e+07, 1.16956e+07, 0
2.69763e+07, 1.2252e+07, 0
1.37954e+07, 5.69886e+06, 0
2.29857e+07, 1.23352e+07, 0
3.16226e+07, 1.07264e+07, 0
4.07258e+07, 1.09893e+07, 0
2.34717e+07, 1.2052e+06, 0
5.56435e+07, 1.64931e+07, 0
1.88046e+07, 9.25119e+06, 0
3.13789e+07, 1.69098e+07, 0
2.84582e+07, 1.94719e+07, 0
4.22342e+07, 3.65955e+06, 0
1.82385e+07, 1.12967e+07, 0
1.90446e+07, 9.50074e+06, 0
3.97218e+07, 2.15848e+07, 0
2.08119e+07, 6.07077e+06, 0
1.93733e+07, 1.01539e+07, 0
2.74619e+07, 5.73958e+06, 0
3.27738e+07, 7.39631e+06, 0
1.66933e+07, 5.20834e+06, 0
1.81259e+07, 5.88385e+06, 0
3.5949e+07, 2.35756e+07, 0
1.54958e+07, 9.37825e+06, 0
1.27366e+07, 5.12995e+06, 0
2.11087e+07, 9.30378e+06, 0
1.39355e+07, 6.6824e+06, 0
2.75971e+07, 1.85843e+07, 0
2.40529e+07, 1.44775e+07, 0
2.36626e+07, 9.24123e+06, 0
1.395e+07, 5.86997e+06, 0
1.66119e+07, 9.94985e+06, 0
1.79099e+07, 1.17551e+07, 0
2.00931e+07, 6.82326e+06, 0
3.24017e+07, 1.9141e+07, 0
2.90825e+07, 5.48646e+06, 0
2.78915e+07, 1.55824e+06, 0
1.48182e+07, 4.17485e+06, 0
3.33615e+07, 1.88415e+07, 0
2.83153e+07, 6.17014e+06, 0
2.57186e+07, 1.40156e+07, 0
1.11923e+07, 4.50245e+06, 0
1.88484e+07, 6.20703e+06, 0
2.54144e+07, 5.35053e+06, 0
3.6554e+07, 5.71951e+06, 0
3.41107e+07, 2.0572e+07, 0
2.73159e+07, 1.30009e+07, 0
1.35891e+07, 6.94006e+06, 0
2.34145e+07, 1.05442e+07, 0
1.39545e+07, 8.06784e+06, 0
1.89696e+07, 1.13887e+07, 0
2.2793e+07, 1.51858e+07, 0
9.91124e+06, 1.15443e+06, 0
1.34168e+07, 5.67815e+06, 0
1.75399e+07, 9.02348e+06, 0
1.01071e+07, 4.3549e+06, 0
2.0853e+07, 1.24543e+07, 0
1.96105e+07, 1.01276e+07, 0
2.53578e+07, 3.90918e+06, 0
1.62051e+07, 7.8076e+06, 0
2.20991e+07, 7.76863e+06, 0
1.02602e+07, 3.64831e+06, 0
1.61668e+07, 6.79393e+06, 0
1.9679e+07, 1.15123e+07, 0
1.69013e+07, 6.72858e+06, 0
2.04313e+07, 1.07219e+07, 0
1.33361e+07, 3.50001e+06, 0
2.33757e+07, 7.82024e+06, 0
1.48835e+07, 7.41124e+06, 0
1.75719e+07, 5.46124e+06, 0
3.11432e+07, 1.64551e+07, 0
1.15145e+07, 6.41967e+06, 0
2.39722e+07, 1.26081e+07, 0
2.13883e+07, 1.031e+07, 0
1.43927e+07, 8.86415e+06, 0
1.87416e+07, 6.65693e+06, 0
1.25049e+07, 3.67175e+06, 0
2.6612e+07, 1.04952e+07, 0
1.03249e+07, 5.24812e+06, 0
1.06851e+07, 5.27088e+06, 0
2.65924e+07, 1.72513e+07, 0
1.22754e+07, 4.63641e+06, 0
2.91435e+07, 1.87035e+07, 0
2.26217e+07, 7.7177e+06, 0
2.17512e+07, 1.36273e+07, 0
2.09418e+07, 5.31422e+06, 0
2.94628e+07, 1.21277e+07, 0
2.87981e+07, 1.41655e+07, 0
2.015e+07, 6.25197e+06, 0
1.66506e+07, 7.95523e+06, 0
1.77328e+07, 8.2737e+06, 0
1.53083e+07, 9.51303e+06, 0
2.36217e+07, 5.12419e+06, 0
2.42452e+07, 4.08419e+06, 0
2.87144e+07, 6.87445e+06, 0
2.41564e+07, 1.09499e+07, 0
1.73696e+07, 9.09712e+06, 0
1.30864e+07, 7.0582e+06, 0
2.8711e+07, 1.03738e+07, 0
1.14488e+07, 4.29011e+06, 0
1.4229e+07, 4.44498e+06, 0
2.32032e+07, 7.15436e+06, 0
2.43032e+07, 2.83614e+06, 0
3.36283e+07, 2.02113e+07, 0
3.21086e+07, 1.32048e+07, 0
3.09768e+07, 1.87591e+07, 0
3.3962e+07, 7.20832e+06, 0
2.88712e+07, 5.83586e+06, 0
2.22943e+07, 8.91179e+06, 0
1.69279e+07, 9.79134e+06, 0
2.08073e+07, 1.24322e+07, 0
1.54269e+07, 7.05713e+06, 0
2.08957e+07, 7.92657e+06, 0
1.3289e+07, 6.35796e+06, 0
3.64851e+07, 1.6968e+07, 0
3.51468e+07, 2.13191e+06, 0
1.57214e+07, 3.29912e+06, 0
1.30424e+07, 7.65261e+06, 0
1.91103e+07, 8.81751e+06, 0
3.05617e+07, 1.75892e+07, 0
2.81088e+07, 1.4564e+07, 0
1.02229e+07, 3.48104e+06, 0
1.9162e+07, 9.2884e+06, 0
1.91304e+07, 5.43825e+06, 0
2.37861e+07, 1.58171e+07, 0
2.31661e+07, 4.5229e+06, 0
2.55832e+07, 3.95831e+06, 0
2.73741e+07, 4.27304e+06, 0
2.52082e+07, 1.59907e+07, 0
1.94727e+07, 3.81247e+06, 0
1.33176e+07, 6.39737e+06, 0
2.45465e+07, 1.02119e+07, 0
2.19008e+07, 1.23675e+07, 0
1.89702e+07, 5.82077e+06, 0
1.93922e+07, 6.48498e+06, 0
3.78093e+07, 1.19961e+07, 0
2.22754e+07, 1.07263e+07, 0
3.64183e+07, 1.93678e+06, 0
1.95871e+07, 1.22215e+07, 0
3.11372e+07, 1.48149e+07, 0
1.41731e+07, 3.44538e+06, 0
1.39673e+07, 8.0786e+06, 0
1.61386e+07, 7.74118e+06, 0
3.24337e+07, 2.18867e+07, 0
2.52077e+07, 1.43967e+07, 0
1.24337e+07, 4.39436e+06, 0
1.2917e+07, 7.2078e+06, 0
1.68086e+07, 5.73292e+06, 0
2.19355e+07, 1.21202e+07, 0
8.23143e+06, 2.20633e+06, 0
1.36213e+07, 7.25613e+06, 0
1.46948e+07, 4.70861e+06, 0
2.00844e+07, 7.1595e+06, 0
2.81192e+07, 1.58529e+07, 0
1.91928e+07, 5.09346e+06, 0
1.2318e+07, 4.99057e+06, 0
2.34873e+07, 1.48145e+07, 0
3.04629e+07, 9.95009e+06, 0
3.28832e+07, 1.69398e+07, 0
2.93251e+07, 1.03025e+07, 0
1.52424e+07, 3.97929e+06, 0
1.1728e+07, 1.98833e+06, 0
2.3442e+07, 6.20909e+06, 0
2.61553e+07, 1.38446e+07, 0
1.49099e+07, 5.0614e+06, 0
1.59036e+07, 7.37817e+06, 0
1.15156e+07, 5.29834e+06, 0
1.36399e+07, 6.78719e+06, 0
1.49111e+07, 4.99395e+06, 0
2.2577e+07, 8.30624e+06, 0
1.77799e+07, 9.71032e+06, 0
1.77048e+07, 3.07114e+06, 0
3.10032e+07, 1.14311e+07, 0
1.50272e+07, 3.92101e+06, 0
1.96677e+07, 7.618e+06, 0
1.67806e+07, 9.43957e+06, 0
1.37029e+07, 2.5945e+06, 0
2.04798e+07, 1.03166e+07, 0
1.63361e+07, 5.68276e+06, 0
3.06701e+07, 1.63151e+07, 0
2.98527e+07, 1.92037e+07, 0
2.16715e+07, 8.46355e+06, 0
4.34492e+07, 1.17222e+07, 0
2.46491e+07, 1.53824e+07, 0
3.67852e+07, 1.63662e+07, 0
2.29444e+07, 9.09952e+06, 0
3.62197e+07, 5.1864e+06, 0
2.0815e+07, 7.05435e+06, 0
1.42949e+07, 5.74097e+06, 0
2.42897e+07, 2.50615e+06, 0
1.7023e+07, 7.88661e+06, 0
2.12838e+07, 2.70843e+06, 0
2.52289e+07, 1.54025e+07, 0
1.95778e+07, 2.91748e+06, 0
2.6284e+07, 6.18708e+06, 0
3.06755e+07, 6.50629e+06, 0
1.90559e+07, 1.17502e+07, 0
1.53278e+07, 6.08326e+06, 0
1.78401e+07, 8.58951e+06, 0
2.54412e+07, 1.57175e+07, 0
1.36291e+07, 7.89999e+06, 0
1.95486e+07, 8.68474e+06, 0
1.08071e+07, 4.35335e+06, 0
2.43481e+07, 7.4843e+06, 0
2.68529e+07, 1.05891e+06, 0
1.3531e+07, 3.52511e+06, 0
3.53628e+07, 1.2999e+07, 0
3.8211e+07, 2.30163e+07, 0
1.28019e+07, 7.32576e+06, 0
1.18259e+07, 5.72363e+06, 0
1.51883e+07, 9.30719e+06, 0
3.93481e+07, 1.62323e+07, 0
9.97015e+06, 3.90421e+06, 0
4.95408e+07, 1.81072e+07, 0
2.42411e+07, 1.65004e+07, 0
2.33281e+07, 3.09196e+06, 0
4.58022e+07, 1.74057e+07, 0
1.44965e+07, 7.7943e+06, 0
1.72137e+07, 9.33961e+06, 0
2.12903e+07, 1.3617e+07, 0
1.58547e+07, 9.9699e+06, 0
2.67751e+07, 5.6528e+06, 0
2.43129e+07, 1.25134e+07, 0
3.62806e+07, 1.13581e+07, 0
3.28388e+07, 1.38542e+07, 0
3.41723e+07, 1.3738e+07, 0
2.15606e+07, 1.53914e+06, 0
1.80444e+07, 4.1256e+06, 0
1.51186e+07, 4.92005e+06, 0
3.24632e+07, 3.59483e+06, 0
1.77642e+07, 6.6179e+06, 0
1.26303e+07, 2.8537e+06, 0
1.7816e+07, 4.75542e+06, 0
8.55841e+06, 1.23331e+06, 0
1.54041e+07, 7.56852e+06, 0
1.66568e+07, 1.02223e+07, 0
3.5929e+07, 2.00807e+07, 0
1.75695e+07, 8.66693e+06, 0
1.72902e+07, 9.31648e+06, 0
1.8849e+07, 5.21008e+06, 0
1.91844e+07, 4.95534e+06, 0
2.18814e+07, 1.06325e+07, 0
2.61756e+07, 7.77352e+06, 0
2.28799e+07, 8.13476e+06, 0
2.06197e+07, 7.78004e+06, 0
1.38605e+07, 5.09613e+06, 0
2.94376e+07, 1.6539e+07, 0
3.07541e+07, 1.41281e+07, 0
2.63097e+07, 6.79641e+06, 0
2.89432e+07, 1.65634e+07, 0
2.83086e+07, 1.70867e+07, 0
1.52287e+07, 9.31578e+06, 0
1.07383e+07, 5.54743e+06, 0
2.59581e+07, 1.41105e+07, 0
3.03598e+07, 1.15001e+07, 0
1.6242e+07, 8.14964e+06, 0
2.21018e+07, 1.4199e+07, 0
9.71317e+06, 3.89892e+06, 0
1.75858e+07, 1.06028e+07, 0
1.39316e+07, 7.51051e+06, 0
3.24049e+07, 1.84522e+07, 0
1.3112e+07, 3.97094e+06, 0
2.51176e+07, 5.84371e+06, 0
1.42629e+07, 7.86779e+06, 0
2.09504e+07, 6.9443e+06, 0
3.80181e+07, 1.5909e+07, 0
2.64853e+07, 6.3034e+06, 0
3.22926e+07, 2.02129e+07, 0
1.71439e+07, 9.50769e+06, 0
3.5668e+07, 1.2028e+07, 0
2.66362e+07, 1.53028e+07, 0
2.28561e+07, 9.56074e+06, 0
2.87235e+07, 1.75676e+07, 0
2.49891e+07, 1.04849e+07, 0
2.39112e+07, 1.41197e+07, 0
2.62334e+07, 9.80139e+06, 0
2.95696e+07, 4.81166e+06, 0
2.51443e+07, 1.53889e+07, 0
1.8202e+07, 9.05841e+06, 0
1.52323e+07, 8.11908e+06, 0
2.1077e+07, 1.02433e+07, 0
2.27036e+07, 1.3954e+07, 0
2.13078e+07, 9.47679e+06, 0
1.47112e+07, 5.67558e+06, 0
1.87977e+07, 6.25235e+06, 0
1.2672e+07, 6.42373e+06, 0
2.38429e+07, 1.38695e+07, 0
2.37768e+07, 1.19712e+07, 0
2.55748e+07, 1.2998e+07, 0
9.11984e+06, 3.4272e+06, 0
1.79652e+07, 4.36805e+06, 0
2.10288e+07, 4.70043e+06, 0
2.75831e+07, 6.18428e+06, 0
3.56411e+07, 8.0078e+06, 0
2.61415e+07, 1.4907e+07, 0
2.2348e+07, 1.6561e+06, 0
2.61375e+07, 5.75775e+06, 0
1.42665e+07, 6.62021e+06, 0
2.18774e+07, 1.13292e+07, 0
3.52892e+07, 2.04833e+07, 0
1.96931e+07, 6.56051e+06, 0
2.74072e+07, 1.29375e+07, 0
1.52812e+07, 7.00173e+06, 0
1.43009e+07, 3.42556e+06, 0
2.10006e+07, 7.31764e+06, 0
3.44605e+07, 3.55839e+06, 0
2.14728e+07, 1.10705e+07, 0
1.64791e+07, 1.01223e+07, 0
1.19071e+07, 3.62083e+06, 0
2.06477e+07, 5.04598e+06, 0
9.8383e+06, 3.02402e+06, 0
2.4604e+07, 1.20489e+06, 0
2.86989e+07, 1.10842e+07, 0
2.15535e+07, 7.75347e+06, 0
1.31443e+07, 4.56885e+06, 0
1.67518e+07, 9.34666e+06, 0
2.16997e+07, 8.70705e+06, 0
3.42975e+07, 2.27487e+07, 0
2.83489e+07, 8.59438e+06, 0
1.6921e+07, 8.3078e+06, 0
1.82708e+07, 1.06874e+07, 0
3.45979e+07, 2.53225e+06, 0
1.13074e+07, 3.70586e+06, 0
2.14619e+07, 1.10203e+07, 0
1.56306e+07, 3.41652e+06, 0
1.65147e+07, 9.72586e+06, 0
1.65202e+07, 1.04046e+07, 0
1.88822e+07, 5.38194e+06, 0
1.39081e+07, 4.66986e+06, 0
2.10655e+07, 8.25808e+06, 0
3.89849e+07, 4.17798e+06, 0
1.28099e+07, 3.07884e+06, 0
3.18344e+07, 1.04876e+07, 0
2.52002e+07, 7.02296e+06, 0
9.14229e+06, 1.69299e+06, 0
2.10613e+07, 5.90481e+06, 0
1.70517e+07, 3.20996e+06, 0
1.66452e+07, 4.22073e+06, 0
1.81342e+07, 7.70415e+06, 0
1.32271e+07, 6.70696e+06, 0
2.22669e+07, 9.54106e+06, 0
2.13552e+07, 1.11619e+07, 0
1.93442e+07, 8.69278e+06, 0
1.87056e+07, 7.2817e+06, 0
2.55543e+07, 1.62876e+07, 0
2.57263e+07, 1.38852e+07, 0
8.43797e+06, 2.68274e+06, 0
1.81245e+07, 1.75503e+06, 0
3.14917e+07, 3.75694e+06, 0
2.80559e+07, 1.47044e+07, 0
2.17381e+07, 3.41772e+06, 0
1.05295e+07, 5.31736e+06, 0
1.6372e+07, 2.88343e+06, 0
8.93722e+06, 1.92363e+06, 0
2.26429e+07, 4.21932e+06, 0
8.48098e+06, 1.76939e+06, 0
3.0845e+07, 1.85446e+07, 0
3.16297e+07, 8.59773e+06, 0
1.68289e+07, 7.17406e+06, 0
3.94427e+07, 1.8295e+07, 0
3.45145e+07, 1.13826e+07, 0
1.5322e+07, 6.52198e+06, 0
2.65825e+07, 1.1825e+07, 0
1.37594e+07, 6.77728e+06, 0
1.38252e+07, 1.84341e+06, 0
2.45264e+07, 7.21332e+06, 0
1.46044e+07, 6.45258e+06, 0
9.49524e+06, 4.31022e+06, 0
2.82418e+07, 1.25989e+07, 0
2.47063e+07, 1.69078e+07, 0
2.27884e+07, 7.72209e+06, 0
3.29587e+07, 1.27903e+07, 0
2.93508e+07, 1.33103e+07, 0
3.08119e+07, 1.75803e+07, 0
2.57675e+07, 2.67105e+06, 0
2.36839e+07, 7.21026e+06, 0
1.29032e+07, 1.63417e+06, 0
1.21766e+07, 5.17077e+06, 0
2.67387e+07, 1.49113e+07, 0
2.5497e+07, 1.01393e+07, 0
1.51062e+07, 6.87801e+06, 0
3.05333e+07, 1.2969e+07, 0
4.45634e+07, 1.37436e+07, 0
3.37735e+07, 1.21106e+07, 0
1.62631e+07, 9.49049e+06, 0
2.25056e+07, 1.38138e+07, 0
2.05674e+07, 1.03648e+07, 0
1.99137e+07, 1.11594e+07, 0
3.41185e+07, 1.58456e+07, 0
4.10718e+07, 2.54624e+07, 0
2.19789e+07, 6.03531e+06, 0
9.61756e+06, 3.46232e+06, 0
1.17193e+07, 5.71952e+06, 0
2.07181e+07, 7.23399e+06, 0
2.22856e+07, 4.24041e+06, 0
1.96963e+07, 379589, 0
1.43728e+07, 7.20451e+06, 0
2.37581e+07, 1.58711e+07, 0
1.9396e+07, 6.03964e+06, 0
1.97237e+07, 1.24573e+07, 0
1.96699e+07, 1.2927e+07, 0
2.13995e+07, 8.26984e+06, 0
2.08658e+07, 6.84016e+06, 0
1.22362e+07, 6.90703e+06, 0
1.59806e+07, 3.2749e+06, 0
1.5327e+07, 6.54216e+06, 0
1.2486e+07, 6.80039e+06, 0
2.43978e+07, 8.71432e+06, 0
1.51852e+07, 6.81669e+06, 0
2.00241e+07, 7.45968e+06, 0
1.83959e+07, 4.99273e+06, 0
2.2351e+07, 5.71948e+06, 0
1.58252e+07, 7.52961e+06, 0
2.58574e+07, 1.78754e+07, 0
1.62741e+07, 3.43572e+06, 0
1.37679e+07, 2.83196e+06, 0
3.20536e+07, 1.48553e+07, 0
3.44205e+07, 1.32248e+07, 0
1.2254e+07, 5.6358e+06, 0
1.31086e+07, 7.3237e+06, 0
2.03129e+07, 1.20803e+07, 0
2.72699e+07, 1.07606e+07, 0
1.72449e+07, 5.83438e+06, 0
1.859e+07, 8.42546e+06, 0
4.57596e+07, 2.02169e+07, 0
2.94051e+07, 1.20693e+07, 0
1.40471e+07, 1.16554e+06, 0
3.3032e+07, 1.46282e+07, 0
3.43875e+07, 1.1566e+07, 0
3.54971e+07, 1.18992e+07, 0
1.46362e+07, 3.48782e+06, 0
1.65067e+07, 9.58196e+06, 0
3.12101e+07, 1.35186e+07, 0
8.90082e+06, 3.04986e+06, 0
2.47881e+07, 7.99256e+06, 0
1.91523e+07, 4.17565e+06, 0
2.44557e+07, 6.58995e+06, 0
2.04596e+07, 9.50805e+06, 0
1.12565e+07, 1.24124e+06, 0
8.78222e+06, 1.34342e+06, 0
3.51055e+07, 1.02031e+07, 0
1.34747e+07, 4.00415e+06, 0
2.47939e+07, 9.70755e+06, 0
1.00472e+07, 658008, 0
1.88656e+07, 1.22805e+07, 0
1.78728e+07, 5.93566e+06, 0
1.09355e+07, 2.38995e+06, 0
3.53146e+07, 5.12857e+06, 0
1.99666e+07, 8.00442e+06, 0
2.96526e+07, 1.13303e+07, 0
2.02042e+07, 4.93882e+06, 0
1.84495e+07, 1.13546e+07, 0
1.77034e+07, 6.71277e+06, 0
1.62848e+07, 9.98671e+06, 0
1.56576e+07, 4.97735e+06, 0
2.45061e+07, 8.92178e+06, 0
2.4815e+07, 1.59395e+07, 0
2.2617e+07, 1.1983e+07, 0
1.13107e+07, 2.73687e+06, 0
1.52481e+07, 7.47452e+06, 0
1.08033e+07, 5.71235e+06, 0
1.95849e+07, 7.91864e+06, 0
3.40691e+07, 1.42548e+07, 0
2.53899e+07, 1.09503e+07, 0
1.78708e+07, 1.05861e+07, 0
3.07644e+07, 1.08521e+07, 0
1.46997e+07, 7.70584e+06, 0
1.30612e+07, 6.68518e+06, 0
1.60814e+07, 8.86387e+06, 0
1.47822e+07, 2.92062e+06, 0
1.81787e+07, 1.08731e+07, 0
2.22756e+07, 9.42241e+06, 0
2.18739e+07, 1.24599e+07, 0
2.18417e+07, 1.10729e+07, 0
1.58403e+07, 8.54356e+06, 0
2.94258e+07, 1.44262e+07, 0
1.69678e+07, 5.7994e+06, 0
3.60356e+07, 1.27763e+07, 0
1.59601e+07, 8.30408e+06, 0
2.22455e+07, 5.06107e+06, 0
1.68884e+07, 9.65162e+06, 0
1.27293e+07, 3.77638e+06, 0
2.24145e+07, 1.05426e+07, 0
1.42072e+07, 2.24471e+06, 0
1.04083e+07, 3.30468e+06, 0
3.09022e+07, 8.8294e+06, 0
2.2351e+07, 6.49596e+06, 0
1.58233e+07, 7.19292e+06, 0
2.22252e+07, 7.49105e+06, 0
2.64328e+07, 6.88316e+06, 0
1.84095e+07, 1.00238e+07, 0
1.77711e+07, 9.23985e+06, 0
1.97364e+07, 9.74938e+06, 0
2.41858e+07, 2.69311e+06, 0
1.08974e+07, 5.79092e+06, 0
1.65954e+07, 1.00726e+07, 0
2.16836e+07, 7.25104e+06, 0
2.24596e+07, 8.63833e+06, 0
1.28259e+07, 6.57396e+06, 0
2.11051e+07, 1.0432e+07, 0
2.91701e+07, 1.1424e+07, 0
1.0326e+07, 4.6486e+06, 0
2.48968e+07, 4.48193e+06, 0
2.8498e+07, 9.22771e+06, 0
1.11322e+07, 4.53308e+06, 0
2.1483e+07, 9.9093e+06, 0
1.5223e+07, 7.20208e+06, 0
3.11783e+07, 3.31941e+06, 0
3.05377e+07, 1.34151e+07, 0
1.6968e+07, 9.36937e+06, 0
1.59862e+07, 9.11103e+06, 0
3.0981e+07, 1.93986e+07, 0
1.33438e+07, 7.57013e+06, 0
1.51387e+07, 5.51115e+06, 0
2.01312e+07, 1.04682e+07, 0
1.10705e+07, 4.7815e+06, 0
1.91064e+07, 9.26114e+06, 0
1.30034e+07, 5.84222e+06, 0
3.27294e+07, 1.69519e+07, 0
1.28334e+07, 3.16653e+06, 0
2.03095e+07, 7.06767e+06, 0
3.14914e+07, 2.12171e+07, 0
3.62939e+07, 6.53679e+06, 0
1.33249e+07, 8.02558e+06, 0
3.95668e+07, 2.29363e+07, 0
2.84861e+07, 1.5216e+07, 0
2.16795e+07, 6.88594e+06, 0
2.29331e+07, 1.35588e+07, 0
2.22612e+07, 3.64282e+06, 0
2.63761e+07, 1.45561e+07, 0
2.49743e+07, 1.43561e+07, 0
1.69504e+07, 4.5363e+06, 0
1.36852e+07, 6.588e+06, 0
1.89439e+07, 1.16524e+07, 0
2.14239e+07, 5.98178e+06, 0
2.47618e+07, 3.13385e+06, 0
1.54281e+07, 4.20759e+06, 0
2.01972e+07, 5.50516e+06, 0
3.60154e+07, 6.76917e+06, 0
2.96548e+07, 1.45961e+07, 0
2.07542e+07, 9.53887e+06, 0
3.7733e+07, 1.78682e+07, 0
2.23701e+07, 9.72162e+06, 0
9.65736e+06, 3.77084e+06, 0
1.67997e+07, 9.78047e+06, 0
2.66134e+07, 1.37107e+07, 0
2.37239e+07, 9.12968e+06, 0
1.78792e+07, 4.14456e+06, 0
1.59245e+07, 5.15367e+06, 0
1.58918e+07, 5.63088e+06, 0
1.38907e+07, 5.27344e+06, 0
2.50595e+07, 1.48533e+07, 0
1.157e+07, 5.32686e+06, 0
2.70781e+07, 9.90631e+06, 0
3.47194e+07, 1.19225e+07, 0
1.15359e+07, 6.41282e+06, 0
2.33566e+07, 1.37492e+07, 0
1.70883e+07, 4.85852e+06, 0
3.34965e+07, 8.50764e+06, 0
2.16131e+07, 6.73551e+06, 0
1.58289e+07, 4.70431e+06, 0
1.80129e+07, 1.16999e+07, 0
1.92621e+07, 1.2694e+07, 0
1.24324e+07, 5.94788e+06, 0
2.53764e+07, 8.64743e+06, 0
2.84585e+07, 6.5233e+06, 0
2.37045e+07, 7.66791e+06, 0
3.2014e+07, 1.41745e+07, 0
3.64732e+07, 1.78926e+07, 0
2.43588e+07, 9.68902e+06, 0
2.20842e+07, 8.81978e+06, 0
2.22525e+07, 1.34563e+07, 0
1.6382e+07, 6.74611e+06, 0
2.73486e+07, 1.26887e+07, 0
1.8448e+07, 7.38741e+06, 0
1.3441e+07, 5.6435e+06, 0
2.24213e+07, 6.49086e+06, 0
1.45317e+07, 6.36174e+06, 0
2.36164e+07, 1.21029e+07, 0
8.60253e+06, 2.2735e+06, 0
1.52972e+07, 3.80681e+06, 0
1.83117e+07, 7.73978e+06, 0
2.2422e+07, 4.13699e+06, 0
3.3163e+07, 1.4041e+07, 0
2.68438e+07, 1.10313e+07, 0
1.38712e+07, 7.69644e+06, 0
1.98193e+07, 3.42322e+06, 0
1.41995e+07, 8.04694e+06, 0
1.78568e+07, 9.70759e+06, 0
2.66923e+07, 1.66861e+07, 0
1.13363e+07, 4.89849e+06, 0
1.32594e+07, 2.97305e+06, 0
3.11457e+07, 9.88352e+06, 0
3.23754e+07, 1.55098e+07, 0
3.01035e+07, 9.08861e+06, 0
2.13383e+07, 1.04166e+07, 0
2.28333e+07, 1.51241e+06, 0
2.48464e+07, 9.42329e+06, 0
2.82005e+07, 1.25766e+07, 0
4.92899e+07, 1.9826e+07, 0
1.45762e+07, 6.60547e+06, 0
1.39869e+07, 3.17134e+06, 0
2.42012e+07, 1.44112e+07, 0
3.46173e+07, 7.91636e+06, 0
3.44712e+07, 1.48099e+07, 0
2.2365e+07, 9.28047e+06, 0
3.11185e+07, 1.03423e+07, 0
2.62747e+07, 1.67871e+07, 0
1.71386e+07, 7.45157e+06, 0
1.94854e+07, 6.4257e+06, 0
2.15596e+07, 3.31352e+06, 0
1.51094e+07, 8.17657e+06, 0
9.47878e+06, 2.01043e+06, 0
1.67266e+07, 6.02381e+06, 0
2.16486e+07, 8.93498e+06, 0
2.00436e+07, 1.30066e+07, 0
2.11355e+07, 5.11591e+06, 0
1.87624e+07, 6.36913e+06, 0
3.11062e+07, 6.17797e+06, 0
2.18915e+07, 1.20237e+07, 0
1.40069e+07, 2.65226e+06, 0
1.66065e+07, 9.82983e+06, 0
2.47489e+07, 1.18803e+07, 0
1.6532e+07, 3.67897e+06, 0
1.34154e+07, 2.12773e+06, 0
1.67188e+07, 4.44355e+06, 0
1.96735e+07, 7.63318e+06, 0
1.43326e+07, 4.30788e+06, 0
1.8287e+07, 1.0842e+07, 0
2.98099e+07, 1.39224e+07, 0
2.93887e+07, 7.76959e+06, 0
3.43272e+07, 2.04855e+07, 0
2.22987e+07, 8.83777e+06, 0
1.11406e+07, 5.2296e+06, 0
2.78525e+07, 8.82373e+06, 0
2.86138e+07, 1.42579e+07, 0
3.14151e+07, 1.46496e+07, 0
2.17344e+07, 1.85159e+06, 0
2.05691e+07, 1.34479e+07, 0
4.18235e+07, 2.06383e+07, 0
1.65281e+07, 9.91925e+06, 0
2.94454e+07, 5.53725e+06, 0
2.43469e+07, 1.54865e+07, 0
1.16692e+07, 6.59421e+06, 0
1.87585e+07, 3.40678e+06, 0
1.71098e+07, 9.25486e+06, 0
2.11082e+07, 1.37498e+07, 0
2.38776e+07, 2.57401e+06, 0
1.97344e+07, 4.06297e+06, 0
3.24043e+07, 1.88435e+07, 0
1.49095e+07, 2.31261e+06, 0
8.56914e+06, 2.36136e+06, 0
1.32757e+07, 6.81437e+06, 0
2.75781e+07, 1.16464e+07, 0
2.55098e+07, 1.59392e+07, 0
1.86177e+07, 8.66144e+06, 0
2.47018e+07, 1.34127e+07, 0
1.61897e+07, 4.06931e+06, 0
2.86738e+07, 1.14586e+07, 0
1.76892e+07, 6.41894e+06, 0
1.63698e+07, 4.55146e+06, 0
3.00087e+07, 8.51976e+06, 0
3.92159e+07, 1.63222e+07, 0
1.9577e+07, 1.19268e+07, 0
2.39014e+07, 9.61693e+06, 0
3.97921e+07, 2.43492e+07, 0
2.58721e+07, 1.64441e+07, 0
2.04216e+07, 1.12593e+07, 0
2.79422e+07, 1.41942e+07, 0
2.23407e+07, 1.19845e+07, 0
2.18949e+07, 8.59106e+06, 0
2.07071e+07, 7.3654e+06, 0
2.3516e+07, 3.02915e+06, 0
1.50542e+07, 6.83918e+06, 0
2.45744e+07, 9.89451e+06, 0
2.32061e+07, 1.16907e+07, 0
2.55255e+07, 1.1324e+07, 0
1.76928e+07, 9.95482e+06, 0
1.91941e+07, 1.24937e+07, 0
2.13743e+07, 1.44257e+07, 0
1.67334e+07, 7.89759e+06, 0
1.63563e+07, 1.49195e+06, 0
1.41434e+07, 7.295e+06, 0
2.09446e+07, 8.44201e+06, 0
1.59344e+07, 8.59185e+06, 0
1.2267e+07, 1.76526e+06, 0
1.78155e+07, 1.91988e+06, 0
3.58089e+07, 1.59231e+07, 0
2.19635e+07, 3.22647e+06, 0
2.12036e+07, 1.33315e+07, 0
2.19423e+07, 1.12175e+07, 0
1.83402e+07, 1.51231e+06, 0
1.22064e+07, 4.53498e+06, 0
1.33949e+07, 5.17958e+06, 0
2.71556e+07, 1.25569e+07, 0
1.6278e+07, 4.98781e+06, 0
1.69874e+07, 1.0548e+07, 0
2.60497e+07, 1.63005e+07, 0
1.58651e+07, 9.60031e+06, 0
1.75354e+07, 1.08646e+07, 0
1.53369e+07, 5.55527e+06, 0
2.30935e+07, 1.18375e+07, 0
1.1882e+07, 5.09119e+06, 0
2.00226e+07, 8.82362e+06, 0
2.59838e+07, 4.9617e+06, 0
1.43495e+07, 3.32008e+06, 0
2.68943e+07, 1.3884e+07, 0
2.3464e+07, 1.08854e+07, 0
2.75278e+07, 1.03188e+07, 0
2.11578e+07, 2.47923e+06, 0
3.45237e+07, 8.63435e+06, 0
2.47454e+07, 9.31993e+06, 0
3.09127e+07, 1.72567e+07, 0
1.70869e+07, 9.72811e+06, 0
1.74495e+07, 8.1356e+06, 0
1.83699e+07, 8.92699e+06, 0
1.74843e+07, 8.81871e+06, 0
1.96344e+07, 1.18461e+07, 0
2.89225e+07, 7.50061e+06, 0
2.40011e+07, 1.132e+07, 0
1.90629e+07, 1.15297e+07, 0
2.45593e+07, 6.45919e+06, 0
2.0106e+07, 1.22439e+07, 0
1.66121e+07, 5.77587e+06, 0
1.3538e+07, 5.46594e+06, 0
2.52496e+07, 1.42279e+07, 0
1.54075e+07, 9.20389e+06, 0
2.05883e+07, 1.30897e+07, 0
2.13357e+07, 2.78982e+06, 0
2.95911e+07, 9.49514e+06, 0
2.01947e+07, 1.03555e+07, 0
1.499e+07, 8.5621e+06, 0
1.84466e+07, 1.09433e+07, 0
1.94724e+07, 9.80441e+06, 0
1.38359e+07, 5.18121e+06, 0
2.36148e+07, 1.21379e+07, 0
2.7303e+07, 8.36547e+06, 0
1.43289e+07, 6.26474e+06, 0
2.85535e+07, 7.19802e+06, 0
2.14552e+07, 1.32894e+07, 0
1.79089e+07, 4.9865e+06, 0
1.61637e+07, 9.99773e+06, 0
2.61523e+07, 6.10916e+06, 0
2.69944e+07, 1.2905e+07, 0
2.6688e+07, 9.89488e+06, 0
1.53961e+07, 4.4831e+06, 0
2.23896e+07, 6.21711e+06, 0
2.79534e+07, 1.83156e+07, 0
1.90483e+07, 6.45956e+06, 0
3.61332e+07, 4.56327e+06, 0
1.7391e+07, 8.29472e+06, 0
1.72533e+07, 1.06546e+07, 0
3.06252e+07, 1.77225e+07, 0
1.38391e+07, 6.13012e+06, 0
1.62635e+07, 3.07577e+06, 0
1.54062e+07, 9.74221e+06, 0
1.84937e+07, 3.72404e+06, 0
2.07309e+07, 1.38939e+07, 0
1.18741e+07, 5.18427e+06, 0
3.663e+07, 1.50539e+07, 0
1.08053e+07, 3.79279e+06, 0
1.76992e+07, 9.42218e+06, 0
1.79399e+07, 6.75913e+06, 0
1.20573e+07, 43489.9, 0
2.61009e+07, 1.21287e+07, 0
1.49005e+07, 3.31582e+06, 0
2.08402e+07, 1.0556e+07, 0
3.02809e+07, 1.5463e+07, 0
1.5427e+07, 5.99888e+06, 0
1.87119e+07, 7.68568e+06, 0
2.29341e+07, 4.25081e+06, 0
1.44222e+07, 8.39459e+06, 0
1.42424e+07, 5.0632e+06, 0
2.58569e+07, 1.19936e+07, 0
1.30194e+07, 4.59036e+06, 0
2.7744e+07, 9.54527e+06, 0
2.81347e+07, 1.59621e+07, 0
2.49352e+07, 1.38232e+07, 0
1.89668e+07, 6.72041e+06, 0
1.62105e+07, 9.93862e+06, 0
1.73895e+07, 9.89744e+06, 0
4.8463e+07, 1.07986e+07, 0
2.92898e+07, 2.00096e+07, 0
2.10416e+07, 1.39643e+07, 0
2.1738e+07, 6.34331e+06, 0
1.73634e+07, 9.77816e+06, 0
3.19376e+07, 5.9722e+06, 0
1.57812e+07, 9.05319e+06, 0
1.32069e+07, 3.39962e+06, 0
1.09755e+07, 1.67988e+06, 0
2.73366e+07, 7.22836e+06, 0
7.95238e+06, 2.39236e+06, 0
1.25342e+07, 6.60702e+06, 0
3.23362e+07, 1.20634e+07, 0
3.17486e+07, 1.62332e+07, 0
1.89842e+07, 2.07878e+06, 0
2.04239e+07, 1.0534e+07, 0
2.83637e+07, 1.32469e+07, 0
1.78275e+07, 2.93648e+06, 0
2.30849e+07, 1.30029e+07, 0
2.50149e+07, 1.07178e+07, 0
2.46934e+07, 1.52912e+07, 0
1.72676e+07, 8.31138e+06, 0
3.46637e+07, 1.80653e+07, 0
2.94108e+07, 5.98758e+06, 0
1.47396e+07, 7.19597e+06, 0
3.88253e+07, 1.31188e+07, 0
1.31351e+07, 4.81989e+06, 0
1.78202e+07, 1.06638e+07, 0
2.19659e+07, 4.76494e+06, 0
1.6342e+07, 9.75684e+06, 0
1.54366e+07, 8.51676e+06, 0
1.95279e+07, 1.14211e+07, 0
3.37661e+07, 7.42259e+06, 0
2.64704e+07, 1.56776e+07, 0
3.00903e+07, 9.67265e+06, 0
1.90379e+07, 9.35123e+06, 0
1.61409e+07, 7.88339e+06, 0
2.28817e+07, 8.30298e+06, 0
2.94669e+07, 5.02207e+06, 0
2.12465e+07, 6.64139e+06, 0
3.6287e+07, 3.34776e+06, 0
2.86776e+07, 6.70755e+06, 0
2.47141e+07, 1.27182e+07, 0
2.65191e+07, 6.87265e+06, 0
2.94648e+07, 6.8521e+06, 0
1.55766e+07, 5.48852e+06, 0
2.5016e+07, 1.05399e+07, 0
1.93185e+07, 1.22759e+07, 0
4.34955e+07, 1.46698e+07, 0
1.39121e+07, 4.87493e+06, 0
1.8575e+07, 3.50189e+06, 0
8.70441e+06, 2.7194e+06, 0
2.15169e+07, 4.52349e+06, 0
1.77214e+07, 3.97137e+06, 0
2.40623e+07, 1.54476e+07, 0
2.10892e+07, 1.3495e+07, 0
3.39689e+07, 1.03509e+07, 0
1.86158e+07, 6.24301e+06, 0
1.50865e+07, 9.32306e+06, 0
3.77864e+07, 4.2612e+06, 0
2.47433e+07, 4.06806e+06, 0
1.02864e+07, 2.12378e+06, 0
1.67386e+07, 6.65202e+06, 0
1.05527e+07, 3.68142e+06, 0
2.87363e+07, 1.5052e+07, 0
4.0117e+07, 9.70611e+06, 0
1.46596e+07, 7.06634e+06, 0
8.88037e+06, 3.71253e+06, 0
2.15665e+07, 9.19419e+06, 0
3.31449e+07, 9.57383e+06, 0
2.05262e+07, 1.21611e+07, 0
3.35226e+07, 1.69954e+07, 0
3.28241e+07, 6.30277e+06, 0
1.04911e+07, 3.07731e+06, 0
2.10584e+07, 1.35944e+07, 0
1.81317e+07, 8.42804e+06, 0
1.22964e+07, 5.02684e+06, 0
2.28297e+07, 1.3366e+07, 0
2.67926e+07, 1.78877e+07, 0
2.46868e+07, 4.17245e+06, 0
2.67304e+07, 1.04248e+07, 0
1.03804e+07, 3.94794e+06, 0
2.34029e+07, 6.15207e+06, 0
2.09861e+07, 9.91915e+06, 0
3.09087e+07, 1.15777e+07, 0
2.9137e+07, 1.55517e+07, 0
2.06974e+07, 8.79109e+06, 0
1.71504e+07, 7.36754e+06, 0
1.86841e+07, 7.39105e+06, 0
1.06074e+07, 4.74834e+06, 0
1.4728e+07, 4.01898e+06, 0
1.3105e+07, 5.24762e+06, 0
2.71809e+07, 7.33078e+06, 0
2.98829e+07, 1.68823e+07, 0
3.8258e+07, 2.47284e+07, 0
2.64121e+07, 1.78569e+07, 0
1.49496e+07, 5.21272e+06, 0
2.2429e+07, 8.98169e+06, 0
1.50029e+07, 5.52595e+06, 0
2.36981e+07, 8.64703e+06, 0
3.49007e+07, 1.46755e+07, 0
2.21349e+07, 3.6917e+06, 0
2.3024e+07, 5.02133e+06, 0
2.22074e+07, 9.31974e+06, 0
1.21059e+07, 4.69318e+06, 0
2.55858e+07, 1.54819e+07, 0
1.60554e+07, 8.63348e+06, 0
2.14893e+07, 5.64867e+06, 0
2.58233e+07, 8.62491e+06, 0
1.45065e+07, 4.93438e+06, 0
2.23091e+07, 1.40856e+07, 0
2.13954e+07, 4.48797e+06, 0
1.92094e+07, 1.05346e+07, 0
1.8669e+07, 1.07878e+07, 0
1.86977e+07, 2.8034e+06, 0
2.4224e+07, 1.22341e+07, 0
2.75195e+07, 1.47973e+07, 0
3.18888e+07, 1.24507e+07, 0
1.84899e+07, 1.16755e+07, 0
2.24902e+07, 8.34875e+06, 0
2.28659e+07, 1.2465e+07, 0
1.32218e+07, 2.93347e+06, 0
3.73833e+07, 1.11874e+07, 0
9.89588e+06, 4.54109e+06, 0
2.76711e+07, 1.72249e+07, 0
2.94243e+07, 5.95956e+06, 0
3.19848e+07, 1.71331e+07, 0
2.93097e+07, 1.42931e+07, 0
2.78602e+07, 6.11256e+06, 0
1.41209e+07, 3.99552e+06, 0
2.59272e+07, 1.10735e+07, 0
1.51222e+07, 2.82649e+06, 0
1.8273e+07, 6.49639e+06, 0
4.06447e+07, 8.5791e+06, 0
2.13057e+07, 1.01695e+07, 0
2.80522e+07, 1.92061e+07, 0
2.81953e+07, 1.72493e+07, 0
2.21979e+07, 1.46079e+07, 0
2.99081e+07, 1.10331e+07, 0
1.80829e+07, 1.10873e+07, 0
2.30321e+07, 8.51012e+06, 0
2.63743e+07, 1.25011e+07, 0
1.17564e+07, 1.38099e+06, 0
1.57813e+07, 1.69408e+06, 0
1.25636e+07, 6.3262e+06, 0
2.22746e+07, 5.16074e+06, 0
3.0667e+07, 1.93926e+07, 0
2.22125e+07, 1.39424e+07, 0
1.8008e+07, 1.13545e+07, 0
2.44605e+07, 1.59122e+07, 0
1.91938e+07, 2.96688e+06, 0
3.20023e+07, 2.04345e+07, 0
1.74291e+07, 3.09071e+06, 0
1.51958e+07, 5.21503e+06, 0
2.01495e+07, 9.46699e+06, 0
2.47401e+07, 2.38077e+06, 0
1.35429e+07, 1.5754e+06, 0
3.30068e+07, 8.15349e+06, 0
2.0049e+07, 6.55365e+06, 0
1.74762e+07, 9.35805e+06, 0
1.71494e+07, 5.06384e+06, 0
2.36252e+07, 9.29379e+06, 0
1.94177e+07, 8.6156e+06, 0
1.65447e+07, 5.59333e+06, 0
1.70574e+07, 9.31825e+06, 0
2.11727e+07, 9.88794e+06, 0
1.18871e+07, 5.56144e+06, 0
3.51331e+07, 1.98943e+07, 0
2.24523e+07, 1.14784e+07, 0
2.82548e+07, 1.6945e+07, 0
2.91478e+07, 1.7203e+06, 0
2.30969e+07, 1.25197e+07, 0
1.79504e+07, 1.00012e+07, 0
2.71555e+07, 1.44391e+07, 0
1.67063e+07, 1.07243e+07, 0
2.79424e+07, 1.9197e+07, 0
1.48334e+07, 8.65898e+06, 0
1.54261e+07, 9.54382e+06, 0
3.6283e+07, 9.7911e+06, 0
2.9164e+07, 1.73889e+07, 0
1.77884e+07, 1.14669e+07, 0
1.85939e+07, 6.20398e+06, 0
1.7835e+07, 1.03216e+07, 0
2.21107e+07, 1.2283e+07, 0
1.02357e+07, 4.18606e+06, 0
1.09634e+07, 5.40391e+06, 0
2.53801e+07, 1.61441e+07, 0
2.17719e+07, 1.2016e+07, 0
2.58211e+07, 1.05457e+07, 0
1.32964e+07, 6.12746e+06, 0
2.33508e+07, 5.42976e+06, 0
1.13191e+07, 500037, 0
2.6307e+07, 1.24363e+07, 0
1.47258e+07, 2.48335e+06, 0
1.78499e+07, 7.1764e+06, 0
3.09463e+07, 1.53157e+07, 0
1.82902e+07, 1.07628e+07, 0
2.82719e+07, 1.52967e+07, 0
3.55924e+07, 1.97398e+07, 0
2.19629e+07, 1.28396e+07, 0
1.41584e+07, 4.4361e+06, 0
2.61349e+07, 1.09169e+07, 0
2.70216e+07, 1.86716e+07, 0
1.67158e+07, 9.28368e+06, 0
1.97452e+07, 3.47283e+06, 0
2.63511e+07, 9.49735e+06, 0
2.68735e+07, 3.29606e+06, 0
2.87417e+07, 1.27812e+07, 0
1.52906e+07, 5.80266e+06, 0
1.63554e+07, 7.61501e+06, 0
2.77118e+07, 1.38835e+07, 0
1.9427e+07, 8.52286e+06, 0
1.14716e+07, 3.17623e+06, 0
1.87717e+07, 9.63479e+06, 0
2.86687e+07, 1.98283e+07, 0
9.20274e+06, 2.68247e+06, 0
2.07314e+07, 1.37468e+07, 0
2.25993e+07, 1.29834e+07, 0
3.38302e+07, 1.06202e+07, 0
3.92648e+07, 6.89614e+06, 0
1.76064e+07, 9.60758e+06, 0
1.99807e+07, 6.74286e+06, 0
1.73416e+07, 1.38427e+06, 0
2.38527e+07, 1.08659e+07, 0
1.82584e+07, 5.96615e+06, 0
3.22042e+07, 1.08922e+07, 0
1.8818e+07, 5.30404e+06, 0
1.32877e+07, 3.72237e+06, 0
2.53849e+07, 1.17707e+07, 0
1.66614e+07, 5.93532e+06, 0
1.71991e+07, 6.97881e+06, 0
2.76858e+07, 4.02529e+06, 0
2.88545e+07, 5.06039e+06, 0
1.49922e+07, 3.12345e+06, 0
2.10166e+07, 8.40141e+06, 0
3.41164e+07, 1.29447e+07, 0
3.21996e+07, 1.23395e+07, 0
1.47856e+07, 9.09954e+06, 0
8.66149e+06, 539711, 0
1.93412e+07, 7.075e+06, 0
2.46445e+07, 1.65712e+07, 0
2.07645e+07, 6.79656e+06, 0
2.1995e+07, 1.24825e+07, 0
2.33988e+07, 1.32011e+07, 0
2.50091e+07, 1.29583e+07, 0
1.42523e+07, 8.35489e+06, 0
1.45595e+07, 5.48866e+06, 0
2.50512e+07, 1.46179e+07, 0
1.62981e+07, 5.60151e+06, 0
1.70661e+07, 9.50768e+06, 0
1.89088e+07, 3.48476e+06, 0
3.34723e+07, 1.61964e+07, 0
2.40628e+07, 3.27578e+06, 0
1.62236e+07, 9.53561e+06, 0
2.25642e+07, 6.39416e+06, 0
1.88707e+07, 8.99817e+06, 0
2.90294e+07, 1.59091e+07, 0
1.9906e+07, 1.2095e+07, 0
1.58534e+07, 6.78713e+06, 0
3.19255e+07, 1.50187e+07, 0
1.68802e+07, 8.14129e+06, 0
1.23707e+07, 5.41802e+06, 0
2.61821e+07, 4.57531e+06, 0
9.60045e+06, 1.93331e+06, 0
2.91882e+07, 1.16779e+07, 0
9.32775e+06, 1.53631e+06, 0
1.71947e+07, 1.10292e+07, 0
2.45015e+07, 1.25643e+07, 0
3.65935e+07, 9.85058e+06, 0
1.48221e+07, 6.37716e+06, 0
2.32104e+07, 1.42584e+07, 0
1.00734e+07, 4.82903e+06, 0
1.71448e+07, 1.07052e+07, 0
1.08483e+07, 5.52411e+06, 0
3.09389e+07, 1.37967e+07, 0
1.30159e+07, 7.33764e+06, 0
1.2582e+07, 6.76793e+06, 0
2.38968e+07, 9.9402e+06, 0
1.87868e+07, 7.28358e+06, 0
1.37563e+07, 2.21311e+06, 0
1.7064e+07, 5.20331e+06, 0
2.16622e+07, 9.91091e+06, 0
1.17432e+07, 6.03479e+06, 0
1.22685e+07, 4.1014e+06, 0
1.31034e+07, 7.08401e+06, 0
9.82631e+06, 2.64896e+06, 0
1.81201e+07, 1.08156e+07, 0
2.7114e+07, 1.19715e+07, 0
1.38723e+07, 4.62037e+06, 0
4.3701e+07, 1.45844e+07, 0
3.20539e+07, 1.83641e+06, 0
3.4457e+07, 1.84456e+07, 0
1.63281e+07, 9.06541e+06, 0
1.80634e+07, 9.69907e+06, 0
2.14699e+07, 9.7336e+06, 0
2.21495e+07, 1.38074e+07, 0
1.90354e+07, 5.65148e+06, 0
1.9439e+07, 9.43081e+06, 0
2.23098e+07, 6.40567e+06, 0
2.31679e+07, 5.43499e+06, 0
2.9598e+07, 1.5027e+07, 0
1.52144e+07, 8.35383e+06, 0
8.73743e+06, 2.97826e+06, 0
2.06903e+07, 1.22131e+07, 0
1.88687e+07, 1.10606e+07, 0
3.2483e+07, 1.23057e+07, 0
1.32128e+07, 2.14742e+06, 0
4.18491e+07, 1.55612e+07, 0
1.25251e+07, 5.0261e+06, 0
2.16489e+07, 1.02929e+07, 0
2.27756e+07, 1.26641e+07, 0
2.225e+07, 7.18797e+06, 0
2.15868e+07, 1.2887e+07, 0
1.33922e+07, 7.39268e+06, 0
2.38014e+07, 1.5281e+07, 0
1.04335e+07, 2.88551e+06, 0
1.28258e+07, 6.50013e+06, 0
2.70216e+07, 9.99077e+06, 0
2.09321e+07, 7.04628e+06, 0
2.41663e+07, 1.56023e+07, 0
3.89309e+07, 1.05029e+07, 0
2.34614e+07, 1.346e+07, 0
8.90778e+06, 2.06277e+06, 0
1.95891e+07, 8.24791e+06, 0
2.18534e+07, 1.02989e+07, 0
2.19808e+07, 1.06917e+07, 0
2.73889e+07, 6.67506e+06, 0
