1.09577e+07, 4.62317e+06, 0
8.85406e+06, 2.17196e+06, 0
1.10513e+07, 3.78594e+06, 0
8.71997e+06, 2.49477e+06, 0
1.06086e+07, 2.74243e+06, 0
7.60372e+06, 289513, 0
8.70609e+06, 2.09257e+06, 0
1.39179e+07, 2.77002e+06, 0
8.85006e+06, 1.55912e+06, 0
9.20747e+06, 1.76741e+06, 0
8.54069e+06, 229507, 0
8.16137e+06, 1.63889e+06, 0
8.54694e+06, 2.38836e+06, 0
8.28791e+06, 1.65634e+06, 0
8.53045e+06, 2.91325e+06, 0
8.63508e+06, 1.5161e+06, 0
1.0898e+07, 5.15788e+06, 0
9.71715e+06, 1.69677e+06, 0
1.26229e+07, 6.39331e+06, 0
1.05199e+07, 3.9931e+06, 0
8.76778e+06, 2.68957e+06, 0
9.72558e+06, 1.9004e+06, 0
1.28587e+07, 6.74826e+06, 0
1.56004e+07, 3.85396e+06, 0
1.42511e+07, 6.39738e+06, 0
8.67811e+06, 1.56002e+06, 0
1.12704e+07, 1.1996e+06, 0
1.02934e+07, 2.1554e+06, 0
1.10742e+07, 3.13309e+06, 0
1.21136e+07, 3.97058e+06, 0
1.02997e+07, 4.00332e+06, 0
1.06655e+07, 4.73102e+06, 0
7.7877e+06, 1.15915e+06, 0
9.07486e+06, 2.1166e+06, 0
1.27682e+07, 7.13129e+06, 0
8.85043e+06, 1.03204e+06, 0
9.56186e+06, 3.60708e+06, 0
1.06477e+07, 430291, 0
9.58506e+06, 2.8064e+06, 0
1.31179e+07, 4.67178e+06, 0
9.96679e+06, 3.41965e+06, 0
8.86702e+06, 1.712e+06, 0
1.04314e+07, 3.89854e+06, 0
8.71638e+06, 1.914e+06, 0
9.0561e+06, 2.56176e+06, 0
1.23629e+07, 5.43794e+06, 0
1.00845e+07, 2.28759e+06, 0
8.845e+06, 1.788e+06, 0
8.77807e+06, 1.6646e+06, 0
9.5137e+06, 2.38849e+06, 0
1.19417e+07, 6.0841e+06, 0
8.28162e+06, 2.63175e+06, 0
8.335e+06, 2.68321e+06, 0
9.00602e+06, 2.66676e+06, 0
1.07644e+07, 5.0263e+06, 0
9.94842e+06, 2.84441e+06, 0
8.59143e+06, 2.43328e+06, 0
1.11956e+07, 2.09248e+06, 0
9.2513e+06, 1.50067e+06, 0
9.55496e+06, 4.19033e+06, 0
1.46744e+07, 2.14522e+06, 0
1.16433e+07, 3.40296e+06, 0
9.72994e+06, 1.25273e+06, 0
1.00149e+07, 4.54577e+06, 0
1.17669e+07, 5.11067e+06, 0
7.97204e+06, 940383, 0
7.93377e+06, 2.01366e+06, 0
7.48666e+06, 380870, 0
8.32141e+06, 1.03004e+06, 0
9.35178e+06, 1.39203e+06, 0
1.30435e+07, 6.9944e+06, 0
1.15378e+07, 3.49167e+06, 0
1.19175e+07, 2.9545e+06, 0
8.59897e+06, 1.27342e+06, 0
1.13719e+07, 1.4676e+06, 0
1.01323e+07, 1.51354e+06, 0
9.52799e+06, 3.70683e+06, 0
9.0481e+06, 1.56031e+06, 0
1.10164e+07, 452451, 0
1.20925e+07, 2.82484e+06, 0
8.62819e+06, 1.99512e+06, 0
9.33276e+06, 3.14852e+06, 0
1.02603e+07, 2.66008e+06, 0
8.61819e+06, 1.73898e+06, 0
1.10765e+07, 4.66634e+06, 0
9.78215e+06, 1.83851e+06, 0
1.01537e+07, 4.24958e+06, 0
1.0359e+07, 4.68029e+06, 0
1.38066e+07, 7.19013e+06, 0
9.6123e+06, 2.9177e+06, 0
1.06308e+07, 3.74679e+06, 0
9.6434e+06, 2.24489e+06, 0
1.14572e+07, 1.12207e+06, 0
8.88739e+06, 2.51148e+06, 0
9.10871e+06, 2.89847e+06, 0
8.22951e+06, 2.0002e+06, 0
1.00163e+07, 4.67339e+06, 0
1.09221e+07, 2.81241e+06, 0
9.72659e+06, 1.04976e+06, 0
8.41477e+06, 1.5848e+06, 0
1.31931e+07, 4.0217e+06, 0
1.10213e+07, 5.2288e+06, 0
1.00973e+07, 324354, 0
8.75671e+06, 1.44014e+06, 0
9.30216e+06, 3.32011e+06, 0
9.3725e+06, 3.69606e+06, 0
8.95995e+06, 3.19054e+06, 0
1.17433e+07, 2.75405e+06, 0
1.04364e+07, 3.37768e+06, 0
1.08955e+07, 3.03329e+06, 0
8.27739e+06, 2.02786e+06, 0
8.90378e+06, 2.87318e+06, 0
7.93177e+06, 1.33457e+06, 0
1.05582e+07, 2.29071e+06, 0
9.5621e+06, 2.68527e+06, 0
8.54508e+06, 1.69554e+06, 0
8.62516e+06, 1.106e+06, 0
8.76106e+06, 2.69384e+06, 0
1.06742e+07, 5.33516e+06, 0
1.19551e+07, 3.58959e+06, 0
1.00585e+07, 3.92411e+06, 0
9.57187e+06, 3.08424e+06, 0
1.12732e+07, 5.02358e+06, 0
1.20802e+07, 2.41866e+06, 0
9.40501e+06, 1.70246e+06, 0
8.9523e+06, 2.2844e+06, 0
1.03904e+07, 5.02135e+06, 0
9.89693e+06, 1.7347e+06, 0
9.53495e+06, 2.98808e+06, 0
9.3833e+06, 3.46817e+06, 0
7.73006e+06, 1.52607e+06, 0
8.39147e+06, 2.27282e+06, 0
9.19995e+06, 1.89133e+06, 0
8.80426e+06, 3.25942e+06, 0
9.06198e+06, 1.48556e+06, 0
8.94014e+06, 2.03163e+06, 0
8.962e+06, 1.30929e+06, 0
1.46762e+07, 7.43332e+06, 0
8.2962e+06, 1.62569e+06, 0
9.72141e+06, 3.09222e+06, 0
1.25898e+07, 2.92226e+06, 0
1.2317e+07, 3.41977e+06, 0
9.50991e+06, 3.81987e+06, 0
9.47536e+06, 2.926e+06, 0
8.6366e+06, 1.06684e+06, 0
1.07306e+07, 2.78252e+06, 0
1.00667e+07, 3.55675e+06, 0
1.03835e+07, 4.18517e+06, 0
1.08197e+07, 2.48277e+06, 0
9.79493e+06, 2.23804e+06, 0
1.00674e+07, 2.70194e+06, 0
1.05215e+07, 4.59245e+06, 0
1.17036e+07, 5.8295e+06, 0
1.29184e+07, 5.18715e+06, 0
1.07367e+07, 3.07075e+06, 0
1.12744e+07, 2.52395e+06, 0
8.37876e+06, 2.29307e+06, 0
8.92177e+06, 2.49305e+06, 0
9.40324e+06, 1.90395e+06, 0
1.08728e+07, 3.80293e+06, 0
1.08356e+07, 1.48113e+06, 0
9.97541e+06, 2.8195e+06, 0
9.40193e+06, 3.80908e+06, 0
8.4519e+06, 1.36658e+06, 0
9.20296e+06, 2.54772e+06, 0
9.23034e+06, 3.36904e+06, 0
7.83169e+06, 1.02171e+06, 0
8.98423e+06, 3.03972e+06, 0
9.59659e+06, 2.91947e+06, 0
1.03046e+07, 3.27153e+06, 0
9.89846e+06, 2.43642e+06, 0
1.43528e+07, 6.19322e+06, 0
8.53369e+06, 1.55903e+06, 0
1.11846e+07, 2.69088e+06, 0
8.80163e+06, 1.50928e+06, 0
1.16039e+07, 215187, 0
1.08674e+07, 4.55889e+06, 0
1.10009e+07, 1.90906e+06, 0
9.83633e+06, 1.68369e+06, 0
1.17329e+07, 4.98691e+06, 0
9.47279e+06, 2.2728e+06, 0
1.04135e+07, 390350, 0
1.15477e+07, 4.39915e+06, 0
8.70011e+06, 2.92036e+06, 0
9.63615e+06, 545683, 0
9.16292e+06, 3.08147e+06, 0
1.23919e+07, 3.93812e+06, 0
1.1961e+07, 6.24787e+06, 0
1.128e+07, 5.77953e+06, 0
1.19459e+07, 5.92966e+06, 0
1.41162e+07, 5.27286e+06, 0
7.8791e+06, 1.40526e+06, 0
1.07772e+07, 4.13636e+06, 0
1.14646e+07, 1.44917e+06, 0
9.36056e+06, 1.33152e+06, 0
1.09492e+07, 4.64398e+06, 0
9.41e+06, 2.5242e+06, 0
1.20412e+07, 6.31573e+06, 0
8.04194e+06, 2.10889e+06, 0
1.05854e+07, 4.28455e+06, 0
1.09124e+07, 3.15848e+06, 0
1.15174e+07, 5.22952e+06, 0
1.35627e+07, 2.94114e+06, 0
8.56196e+06, 2.96585e+06, 0
1.05456e+07, 2.5018e+06, 0
1.37612e+07, 4.53643e+06, 0
1.222e+07, 6.24879e+06, 0
8.74264e+06, 3.03076e+06, 0
9.08656e+06, 1.17104e+06, 0
1.19525e+07, 2.94878e+06, 0
8.09354e+06, 2.19756e+06, 0
1.01653e+07, 2.74377e+06, 0
1.13251e+07, 1.7097e+06, 0
9.3771e+06, 2.06731e+06, 0
1.04397e+07, 2.92812e+06, 0
1.25394e+07, 3.443e+06, 0
8.54243e+06, 2.56933e+06, 0
9.09545e+06, 2.60828e+06, 0
8.87969e+06, 3.02914e+06, 0
8.82833e+06, 1.23153e+06, 0
9.22372e+06, 1.83847e+06, 0
1.13472e+07, 4.02468e+06, 0
1.02144e+07, 3.94659e+06, 0
1.28049e+07, 2.48385e+06, 0
1.25913e+07, 6.07539e+06, 0
1.04805e+07, 1.08138e+06, 0
1.18024e+07, 1.92181e+06, 0
1.20405e+07, 5.32587e+06, 0
1.1548e+07, 2.20753e+06, 0
1.09267e+07, 4.23412e+06, 0
1.04155e+07, 2.35183e+06, 0
7.811e+06, 1.18212e+06, 0
9.3866e+06, 2.59369e+06, 0
1.03893e+07, 927023, 0
9.45711e+06, 3.03887e+06, 0
9.07144e+06, 665944, 0
9.98179e+06, 4.38839e+06, 0
8.93744e+06, 2.71668e+06, 0
1.01315e+07, 2.68387e+06, 0
8.17345e+06, 2.38147e+06, 0
1.20619e+07, 1.46654e+06, 0
8.14129e+06, 2.18573e+06, 0
9.89051e+06, 1.30972e+06, 0
1.17235e+07, 6.2035e+06, 0
1.17537e+07, 5.68089e+06, 0
7.89258e+06, 1.17449e+06, 0
1.1133e+07, 2.61646e+06, 0
1.06788e+07, 5.45148e+06, 0
1.07848e+07, 2.78724e+06, 0
1.00446e+07, 1.27668e+06, 0
9.20824e+06, 1.82219e+06, 0
9.58632e+06, 3.00782e+06, 0
1.26495e+07, 5.27369e+06, 0
9.51897e+06, 2.33225e+06, 0
8.88461e+06, 1.5563e+06, 0
8.49506e+06, 2.92751e+06, 0
8.61354e+06, 885070, 0
9.52018e+06, 2.74676e+06, 0
8.96155e+06, 2.50399e+06, 0
1.19778e+07, 3.26475e+06, 0
1.19754e+07, 2.25807e+06, 0
8.1376e+06, 837620, 0
1.50368e+07, 4.98505e+06, 0
9.94219e+06, 1.56217e+06, 0
1.08904e+07, 5.057e+06, 0
1.10857e+07, 1.18269e+06, 0
1.09568e+07, 3.98383e+06, 0
1.12273e+07, 1.8647e+06, 0
9.53427e+06, 3.88898e+06, 0
9.1694e+06, 2.21425e+06, 0
7.7837e+06, 1.43526e+06, 0
1.10177e+07, 3.38169e+06, 0
1.14728e+07, 3.68472e+06, 0
1.10301e+07, 1.31207e+06, 0
8.26411e+06, 2.17287e+06, 0
7.74613e+06, 1.05419e+06, 0
1.27096e+07, 3.71699e+06, 0
8.53633e+06, 1.1103e+06, 0
8.21292e+06, 869792, 0
9.23237e+06, 2.42978e+06, 0
7.52796e+06, 361237, 0
7.9248e+06, 1.23514e+06, 0
1.03288e+07, 2.04204e+06, 0
1.12136e+07, 2.70079e+06, 0
8.66972e+06, 1.58385e+06, 0
1.01601e+07, 4.56495e+06, 0
1.32496e+07, 1.02444e+06, 0
1.05308e+07, 4.98357e+06, 0
9.62275e+06, 1.53337e+06, 0
1.12765e+07, 5.93781e+06, 0
9.22991e+06, 2.42771e+06, 0
7.91327e+06, 1.85226e+06, 0
9.06031e+06, 3.36953e+06, 0
7.77866e+06, 547333, 0
9.26501e+06, 2.44715e+06, 0
7.67793e+06, 803104, 0
1.01143e+07, 2.46812e+06, 0
1.8481e+07, 2.58376e+06, 0
1.00993e+07, 3.6131e+06, 0
1.10606e+07, 4.73551e+06, 0
1.16109e+07, 5.38659e+06, 0
1.1661e+07, 1.81009e+06, 0
8.69435e+06, 2.75904e+06, 0
1.08496e+07, 4.12711e+06, 0
1.07116e+07, 3.12629e+06, 0
1.02603e+07, 4.18866e+06, 0
1.20667e+07, 3.37545e+06, 0
8.35981e+06, 1.96933e+06, 0
1.02229e+07, 4.08705e+06, 0
9.20193e+06, 1.88937e+06, 0
1.15118e+07, 1.87577e+06, 0
9.51222e+06, 3.67342e+06, 0
1.07903e+07, 2.15291e+06, 0
1.00821e+07, 2.68419e+06, 0
9.32102e+06, 1.8599e+06, 0
9.58419e+06, 1.92725e+06, 0
1.17858e+07, 2.75941e+06, 0
8.26051e+06, 1.63579e+06, 0
1.01845e+07, 4.31857e+06, 0
1.06981e+07, 4.14961e+06, 0
1.25262e+07, 3.99197e+06, 0
1.17419e+07, 5.04864e+06, 0
1.23077e+07, 4.34933e+06, 0
8.39943e+06, 2.77241e+06, 0
1.07025e+07, 5.26902e+06, 0
9.60068e+06, 2.14405e+06, 0
9.10159e+06, 3.42184e+06, 0
1.0738e+07, 2.58634e+06, 0
9.20732e+06, 2.31514e+06, 0
8.30946e+06, 1.53075e+06, 0
1.01438e+07, 3.32161e+06, 0
9.1151e+06, 1.34222e+06, 0
1.2202e+07, 4.66526e+06, 0
1.28162e+07, 5.72987e+06, 0
9.67431e+06, 1.6247e+06, 0
9.39198e+06, 2.83994e+06, 0
1.10827e+07, 2.48863e+06, 0
9.64291e+06, 666530, 0
9.98735e+06, 594162, 0
9.76522e+06, 352812, 0
7.78222e+06, 1.41031e+06, 0
9.91365e+06, 3.67243e+06, 0
9.88301e+06, 4.03902e+06, 0
1.21703e+07, 6.81904e+06, 0
1.43366e+07, 8.23578e+06, 0
1.07089e+07, 2.29296e+06, 0
9.74525e+06, 4.29681e+06, 0
9.44467e+06, 3.72233e+06, 0
1.05389e+07, 4.74603e+06, 0
1.07319e+07, 3.83839e+06, 0
1.10693e+07, 3.07232e+06, 0
1.14983e+07, 4.50883e+06, 0
8.62573e+06, 1.40892e+06, 0
1.35287e+07, 3.00846e+06, 0
1.07753e+07, 3.57309e+06, 0
1.01492e+07, 1.55425e+06, 0
8.50553e+06, 1.96619e+06, 0
1.10164e+07, 2.51026e+06, 0
8.7688e+06, 1.32474e+06, 0
8.54711e+06, 835319, 0
1.14454e+07, 2.89819e+06, 0
7.86979e+06, 1.35536e+06, 0
1.12177e+07, 3.4136e+06, 0
8.83581e+06, 2.47344e+06, 0
1.18385e+07, 746600, 0
1.16955e+07, 6.08285e+06, 0
1.05245e+07, 5.07913e+06, 0
1.08195e+07, 1.46903e+06, 0
9.0089e+06, 3.60138e+06, 0
9.44712e+06, 2.33401e+06, 0
9.89192e+06, 787267, 0
8.35047e+06, 2.49826e+06, 0
1.01308e+07, 4.30748e+06, 0
1.212e+07, 6.90252e+06, 0
9.45622e+06, 1.54956e+06, 0
1.25431e+07, 4.58372e+06, 0
1.23758e+07, 4.29298e+06, 0
7.89563e+06, 1.45139e+06, 0
8.10025e+06, 171979, 0
9.89199e+06, 2.36883e+06, 0
1.3846e+07, 5.71366e+06, 0
1.07384e+07, 3.1841e+06, 0
9.07338e+06, 3.4201e+06, 0
8.63271e+06, 1.92226e+06, 0
9.4647e+06, 3.98263e+06, 0
9.66656e+06, 1.59074e+06, 0
8.33044e+06, 2.4588e+06, 0
1.05454e+07, 2.42415e+06, 0
1.13709e+07, 2.06318e+06, 0
1.05299e+07, 4.36115e+06, 0
8.99131e+06, 2.82598e+06, 0
8.82282e+06, 3.43307e+06, 0
8.57518e+06, 1.82348e+06, 0
1.00856e+07, 1.95147e+06, 0
1.05882e+07, 5.2701e+06, 0
8.41643e+06, 1.648e+06, 0
1.45999e+07, 4.35021e+06, 0
9.29913e+06, 3.19658e+06, 0
1.17026e+07, 964452, 0
1.05918e+07, 3.78116e+06, 0
1.31423e+07, 6.04855e+06, 0
8.33241e+06, 1.27808e+06, 0
9.8005e+06, 4.01976e+06, 0
1.15038e+07, 5.75317e+06, 0
1.24996e+07, 6.60373e+06, 0
9.11261e+06, 1.5579e+06, 0
8.09567e+06, 135166, 0
1.16162e+07, 3.57241e+06, 0
1.10946e+07, 3.69632e+06, 0
7.92232e+06, 1.83327e+06, 0
1.06677e+07, 5.19421e+06, 0
1.00723e+07, 4.28645e+06, 0
8.47454e+06, 2.60722e+06, 0
9.60999e+06, 3.49471e+06, 0
8.62506e+06, 1.80769e+06, 0
1.31731e+07, 4.95347e+06, 0
1.07896e+07, 5.26189e+06, 0
1.4809e+07, 874787, 0
1.02643e+07, 4.64679e+06, 0
9.27901e+06, 3.20337e+06, 0
1.00829e+07, 3.17691e+06, 0
1.23677e+07, 2.32962e+06, 0
9.79115e+06, 967477, 0
1.08516e+07, 1.01243e+06, 0
1.56206e+07, 2.95891e+06, 0
8.57058e+06, 3.00645e+06, 0
1.30321e+07, 4.52218e+06, 0
8.80417e+06, 2.99426e+06, 0
1.14758e+07, 2.2844e+06, 0
9.83931e+06, 1.36348e+06, 0
1.07581e+07, 2.19754e+06, 0
1.05115e+07, 3.77914e+06, 0
8.54377e+06, 2.54769e+06, 0
8.13e+06, 1.10656e+06, 0
9.96329e+06, 1.86301e+06, 0
9.21724e+06, 3.42677e+06, 0
8.95934e+06, 2.23368e+06, 0
8.81458e+06, 2.36746e+06, 0
1.05892e+07, 1.54903e+06, 0
7.85642e+06, 1.75003e+06, 0
1.28125e+07, 6.03978e+06, 0
7.87989e+06, 1.07164e+06, 0
8.94439e+06, 3.44188e+06, 0
8.03961e+06, 1.48767e+06, 0
8.19816e+06, 1.95881e+06, 0
1.13445e+07, 1.29137e+06, 0
8.58271e+06, 685254, 0
9.85417e+06, 2.69442e+06, 0
8.7736e+06, 3.18425e+06, 0
1.2092e+07, 4.84775e+06, 0
1.32538e+07, 3.35768e+06, 0
9.83584e+06, 2.30993e+06, 0
9.74289e+06, 1.40465e+06, 0
9.30511e+06, 982352, 0
1.03586e+07, 3.47033e+06, 0
9.64468e+06, 2.2547e+06, 0
1.22019e+07, 4.47807e+06, 0
7.96026e+06, 1.69987e+06, 0
1.25596e+07, 4.89844e+06, 0
7.69686e+06, 630097, 0
1.00967e+07, 2.21065e+06, 0
1.09452e+07, 3.94158e+06, 0
9.32717e+06, 3.42811e+06, 0
1.07509e+07, 3.15959e+06, 0
1.00901e+07, 4.42738e+06, 0
