20541.7, 3147.83, 0
26293.4, 18573.3, 0
78072.6, 49361.5, 0
85626.2, 43274.5, 0
58034.1, 17350.7, 0
67708.8, 31857.3, 0
38130, 16292.6, 0
61402.1, 14493.4, 0
9770.38, 1326.75, 0
30707.3, 15741.2, 0
41194, 6471.49, 0
51325.8, 30181.5, 0
135149, 49778.5, 0
66888.1, 43874.1, 0
51794, 32095.2, 0
46842.2, 32672.1, 0
46021.7, 9617.53, 0
50856.1, 29997.2, 0
75968, 48138.3, 0
95398.2, 30374.2, 0
50352.6, 30996.2, 0
97474, 18337.8, 0
57216.2, 15370.5, 0
63022, 41813, 0
87722.6, 29345.8, 0
164133, 87497.1, 0
36677.9, 12686.5, 0
42900.6, 29856.3, 0
64060, 24156.7, 0
98798.2, 44025.8, 0
21439.6, 11142.1, 0
16319.9, 5505.18, 0
47519.4, 20771.8, 0
52509.1, 31201, 0
68830.5, 23341.7, 0
50675.2, 17023.7, 0
53197.9, 35349.9, 0
104801, 2171.09, 0
41870, 26921.3, 0
51187.7, 13040.2, 0
28394.3, 10310.7, 0
43735.8, 29626.2, 0
127695, 60586.5, 0
18791.3, 8672.04, 0
55086.5, 20357.1, 0
91176.6, 21714.3, 0
67637.6, 23966.7, 0
29947.5, 19605.6, 0
51835.9, 20048.9, 0
71140.8, 30893.8, 0
70172.5, 29344.2, 0
79290.2, 16573.5, 0
106137, 25783.2, 0
126619, 66700.4, 0
58426.6, 26094.3, 0
79226.8, 25507.6, 0
49035.1, 29869.2, 0
89078, 34794.3, 0
51733.2, 35418.5, 0
78391.8, 22342.8, 0
49739.2, 34316.7, 0
69005.6, 14194.4, 0
46234.5, 25748.1, 0
84528, 15231.4, 0
20603.1, 6728.22, 0
72241.1, 25290, 0
97207.3, 58468.8, 0
69742.6, 48368.4, 0
88930.2, 35313.8, 0
15243.5, 3989.12, 0
8982.93, 2634.67, 0
41291.4, 26537.3, 0
48347.9, 19128.2, 0
24668.1, 13789, 0
37970.3, 24296.2, 0
29844.4, 19431.5, 0
89607.1, 30605.1, 0
83028.3, 34932.4, 0
72035.8, 32325.2, 0
49322.1, 19741.6, 0
71820.9, 41630.3, 0
42409, 29595, 0
89947.9, 59717.9, 0
32863.8, 5067.71, 0
86444.9, 8499.26, 0
69338.9, 16516.6, 0
35102.3, 21771.1, 0
29866.9, 12670.9, 0
35794.3, 22785, 0
41925.1, 19709.3, 0
54777, 35926, 0
41190.5, 23318.1, 0
69333.8, 45081.4, 0
58514.9, 41358.2, 0
13887.9, 7857.25, 0
53481, 28643.5, 0
88862.2, 12633.3, 0
82392.8, 28997.7, 0
48466.5, 16950, 0
23468.4, 7179.92, 0
20567.7, 9111.87, 0
34970.5, 20974.7, 0
83541.9, 38077.3, 0
20420.8, 14284.3, 0
83374.1, 39873.2, 0
38582.2, 21050.6, 0
26943.5, 12377.4, 0
35206, 15634.8, 0
71131.1, 34337, 0
44210, 27428.8, 0
39740.5, 26875, 0
79568.1, 36071.9, 0
97453.5, 44234.8, 0
124579, 47023.8, 0
44658.3, 30668.9, 0
99651.9, 48318.7, 0
54370.6, 22811.1, 0
72142.5, 27406, 0
77799.4, 10123.2, 0
40853.4, 17879.3, 0
44881.8, 27003.9, 0
38596, 23320.8, 0
88964.7, 39453.9, 0
47668.4, 32849.2, 0
23846.8, 1592.62, 0
27956.7, 6939.23, 0
53662.7, 36584.1, 0
100546, 39554.6, 0
78827.6, 23992, 0
66703.6, 26612, 0
14797.1, 7294.39, 0
46301, 30237, 0
11829, 3838.22, 0
55878.5, 18246.6, 0
110128, 66765.5, 0
75788.2, 14820.9, 0
35395, 16665.7, 0
41266.9, 6784.04, 0
124102, 48518.8, 0
29742.2, 16080.7, 0
109792, 66473.4, 0
37707.6, 9198.42, 0
44491.7, 29357.3, 0
35044.9, 839.843, 0
62642.5, 5567.87, 0
63551.7, 35456.7, 0
57671, 38452.9, 0
87289.9, 52880.3, 0
35534.7, 22506.3, 0
17423.1, 9124.16, 0
123685, 20538.1, 0
41178.2, 23288.6, 0
30745.4, 14206.4, 0
59038.4, 33131, 0
81699, 28221.6, 0
39358.1, 26081.3, 0
46967.2, 17699.1, 0
74331.3, 9482.68, 0
47909.2, 14836.9, 0
23323.3, 14953.3, 0
67343.7, 42832.3, 0
64589.4, 45852.2, 0
62363.6, 11803, 0
41395.3, 12428.7, 0
44750.1, 13158.7, 0
111887, 28939.3, 0
69330.4, 28373.9, 0
59477.9, 21393.2, 0
94424.2, 66887.6, 0
48896.4, 23865.7, 0
105101, 48290.2, 0
31667.7, 21254.1, 0
102336, 16246.6, 0
85689.6, 45331.3, 0
37668.9, 22161, 0
46277.2, 15186.9, 0
87131.5, 31282.9, 0
61767.6, 28063.7, 0
65068.3, 37601.3, 0
42427.4, 6482.67, 0
51406, 25609.3, 0
47166.5, 33536.2, 0
40566.6, 14117.9, 0
69571.9, 44878.9, 0
93293.9, 43069.8, 0
54157.2, 31389.2, 0
119998, 53359.5, 0
54304.3, 29615.3, 0
25102.3, 11461.3, 0
60152.9, 30807, 0
106212, 26785.6, 0
28897.7, 17430.7, 0
50365, 23158.8, 0
50856.1, 17929.5, 0
86084.9, 40659, 0
55320.2, 39419.7, 0
98031.4, 5510.23, 0
65365.8, 32776.8, 0
12664.6, 3842.46, 0
17540.9, 3151.12, 0
50687.6, 18668.8, 0
54282.9, 32412.4, 0
66840.4, 17844.9, 0
48609.8, 17535.5, 0
39826, 20006.9, 0
13877.8, 3699.55, 0
98401.2, 24406.7, 0
54312.8, 37575.8, 0
47849.5, 17999.7, 0
82525.2, 39044.3, 0
62779.5, 42426, 0
111677, 50182.6, 0
60947.3, 22656.4, 0
28562.9, 8773.42, 0
59335.6, 32118.1, 0
31382, 8243.55, 0
96443.4, 37359.5, 0
37907.4, 24443.3, 0
21660.9, 11840.8, 0
65377.5, 39398.6, 0
56129.9, 30578.5, 0
81098, 33042.4, 0
75838.4, 38752.5, 0
26279.3, 12703.6, 0
62064.6, 41687.9, 0
77032.3, 54252.7, 0
55038.4, 10476.7, 0
44569.8, 25234.3, 0
115908, 51839.9, 0
44826.5, 8779.68, 0
69582.5, 42940, 0
96614.7, 55668.8, 0
69578.1, 21428.1, 0
79061.8, 50529.5, 0
53286.7, 20758, 0
56943.7, 12077.1, 0
72109.2, 19277.9, 0
92287.1, 51705.1, 0
44269.7, 27498.6, 0
86873.1, 49584, 0
61530.6, 36018.4, 0
68045.2, 21627, 0
56150.5, 15404.5, 0
109202, 65948.6, 0
24614.5, 11989.4, 0
80035.1, 40385.1, 0
42673.5, 28354.1, 0
41985.2, 25162.3, 0
64747.3, 30308.1, 0
77411.6, 39549.7, 0
125358, 59078.4, 0
122813, 45815.1, 0
38256.9, 18272.3, 0
33144.1, 13836.6, 0
152056, 53368.1, 0
71252.3, 36991.2, 0
39149.5, 21091.5, 0
26220.7, 2254.54, 0
35378.5, 22351.1, 0
116895, 52897, 0
87304.2, 23528.7, 0
67245.3, 23672.7, 0
31675.1, 5106, 0
76180.4, 25894, 0
61676.5, 36847.4, 0
59501.4, 38068.1, 0
101669, 59207.5, 0
62964.4, 33529.2, 0
51700.4, 13630.9, 0
31311.4, 22389.7, 0
44181.8, 29262, 0
43046.3, 12442.5, 0
39330.5, 24207.1, 0
84294.3, 35507.3, 0
62867.8, 16905.8, 0
77800.8, 25428.1, 0
69525.2, 14460.4, 0
29302.6, 16713.2, 0
57324.4, 24432.3, 0
61838, 34909.7, 0
50634.5, 35159.7, 0
73078.1, 40952.2, 0
44928.2, 22759.3, 0
22740.9, 8677.96, 0
96831.9, 43241, 0
51522.4, 25798.8, 0
101198, 9040.76, 0
66844.6, 44857.6, 0
41982.8, 28088.1, 0
58854.1, 14733.1, 0
84777.2, 34449.2, 0
82855.7, 55253.6, 0
28825.1, 2292.17, 0
70970.5, 8597.62, 0
92714.9, 23750.8, 0
98504.6, 64873.5, 0
61426.5, 28500.9, 0
83596.4, 56525.8, 0
49202.8, 3890.81, 0
33693.5, 7870.66, 0
53220.4, 37821.3, 0
24413.7, 11632.4, 0
32185.6, 20105.4, 0
37075.8, 15915.3, 0
73600.4, 38590.4, 0
48777.7, 21762.5, 0
77054, 26145.1, 0
47878.9, 19836.7, 0
45489.8, 19491.9, 0
77612.9, 37476.7, 0
71438.3, 24949.5, 0
56458.6, 39635.3, 0
83224.1, 27821.4, 0
21632.1, 14621.1, 0
102297, 55087.6, 0
54301.8, 27969.8, 0
79995.4, 34023.5, 0
33678, 22295, 0
103513, 58349.4, 0
79510.2, 42656.2, 0
48459.2, 33233.1, 0
92531.3, 14922.9, 0
42899, 30887.5, 0
47400, 19903.6, 0
126193, 40352.4, 0
39078.6, 24112.9, 0
10764.3, 4851.82, 0
91107.7, 64380.7, 0
110222, 67321.3, 0
42031.9, 26915.7, 0
44313.8, 20281.4, 0
73246.8, 49971.1, 0
45785.8, 3369.76, 0
45560.9, 28975.2, 0
89205.3, 30418.3, 0
43104, 18483.8, 0
78081.5, 33081.7, 0
105446, 70026.1, 0
46693.7, 28616.8, 0
77411.4, 52066.2, 0
47543.8, 20328.2, 0
81394, 25739, 0
28485.5, 7913.5, 0
18458.8, 10615.5, 0
35627.4, 8274.63, 0
80024.6, 27774.8, 0
43815.2, 12584.6, 0
21366, 3004.63, 0
59525, 23961.6, 0
38281.8, 5597.7, 0
24841.7, 15225.1, 0
84700.4, 36908.8, 0
106160, 63393.4, 0
51143.7, 33814.9, 0
74529, 44875.9, 0
67691.7, 41946.2, 0
41481, 19213.3, 0
61630.4, 19610.9, 0
68460.3, 24185.4, 0
14067.5, 2977.32, 0
32980.9, 16865.3, 0
92254.4, 52300.4, 0
38146.7, 14738.1, 0
44824.8, 21101.5, 0
51144.5, 19223.2, 0
97263.3, 60430.7, 0
64090.2, 17219.7, 0
79329.8, 46338.1, 0
50933.4, 22996.2, 0
37405.9, 13910, 0
62637.5, 32690.6, 0
77389.3, 45730.8, 0
44122, 25880.3, 0
41601.6, 17569.6, 0
23010.5, 13276.3, 0
31760.7, 20728.8, 0
62089, 30878.1, 0
90897.5, 25801.3, 0
69052.1, 45343.2, 0
68669.5, 46501.5, 0
37288.9, 17046, 0
16031.2, 7611.97, 0
54202, 8853.71, 0
25260.1, 6947.24, 0
76685.4, 45256.6, 0
44875, 23509.1, 0
114356, 47813.1, 0
83649.3, 39463.7, 0
36400.7, 17870.6, 0
52658.5, 12937.2, 0
8887.58, 5276.53, 0
38386.5, 12918.8, 0
56534.1, 15998.2, 0
140108, 73013.4, 0
68276.1, 33556.1, 0
105530, 43297.2, 0
63215.4, 28597.5, 0
18619.7, 10013, 0
56414.8, 28699.6, 0
94193.3, 45523.4, 0
98217.3, 23249.1, 0
40387.9, 20667, 0
119913, 36834.6, 0
30627.9, 15047.5, 0
44412.3, 12030.4, 0
32738.7, 21953.8, 0
49324, 19598.7, 0
58053.6, 27246.9, 0
65097.1, 26326.5, 0
16318.2, 3712.15, 0
45623, 30813.8, 0
57169.5, 19534, 0
55831.3, 17689.2, 0
41557.4, 14049.4, 0
49857.1, 17239.1, 0
58501.5, 22149.2, 0
111553, 79421, 0
79159.8, 20641, 0
63684.4, 40535.1, 0
71483.6, 26465.1, 0
71910.3, 30363.5, 0
51353.2, 25936.6, 0
42717.5, 11709.7, 0
65220.7, 27194, 0
41496.6, 29197.2, 0
115837, 33960.1, 0
63132.2, 16444.3, 0
92785.3, 39593, 0
93565.8, 35562.7, 0
48272.7, 26749.1, 0
39912.6, 23314.7, 0
42228.2, 15591.3, 0
50568.4, 31782.6, 0
33401.6, 7299.34, 0
36870.3, 25312.6, 0
58965, 32544.4, 0
78140.9, 55500.9, 0
40125.4, 23957.8, 0
54893.9, 39167.4, 0
102629, 40587.2, 0
61260.4, 40333.2, 0
44730.9, 27052.6, 0
84342.9, 22615, 0
73630.4, 46711, 0
78225.8, 29594.3, 0
30031.9, 15773.1, 0
70420.6, 30700.9, 0
108505, 30688.2, 0
40105.1, 26887.2, 0
52776.3, 23653.8, 0
71282, 44921.7, 0
32623.1, 8542.87, 0
102709, 15391.9, 0
55428.3, 39117, 0
64168.4, 28989.1, 0
65297.1, 36155.4, 0
48809.9, 30040.2, 0
33426.9, 17575.2, 0
51783.4, 30146.7, 0
45461.1, 19288, 0
94367.2, 59062.1, 0
45333.8, 16644.8, 0
75780.2, 51923.3, 0
87471, 18430, 0
84761.9, 46418.7, 0
78274.7, 42731.2, 0
83416.7, 19989.7, 0
52020.1, 26831.6, 0
68626.3, 33669.8, 0
99733.4, 63529.6, 0
20120.9, 11312.5, 0
33981.6, 11015.2, 0
61543, 28958.9, 0
71726.8, 13665.8, 0
119743, 21203.4, 0
66604.6, 45321.7, 0
125800, 47110, 0
32110.5, 17015.5, 0
155742, 17436.9, 0
47357.1, 26668.9, 0
26369.6, 4243.55, 0
21977.9, 2898.3, 0
37162.9, 26225.4, 0
70711.7, 28432.5, 0
128115, 5726.86, 0
78555.3, 24800.6, 0
126641, 45826.5, 0
94820, 50900.1, 0
76313.1, 51916.3, 0
36785.6, 16434.6, 0
26467, 6587.26, 0
37667.6, 13282.1, 0
55043.3, 17858, 0
78757, 44782.3, 0
60502, 14970.2, 0
29048.6, 20714.2, 0
52745.8, 36439.3, 0
38342.2, 18042.4, 0
58479.7, 33272.4, 0
21141.8, 10522.5, 0
48446.1, 9981.94, 0
81598.5, 50435.9, 0
56705.5, 16670.7, 0
29325.9, 16335.6, 0
60951.3, 24090.5, 0
78991.5, 28599.8, 0
78322.8, 29738.4, 0
41950.1, 25454.2, 0
49329.4, 30273.5, 0
65531.4, 25669.1, 0
77134.2, 37933, 0
40950.2, 14886.7, 0
92899.9, 35868.2, 0
61593.7, 29192.5, 0
66432.3, 15528.4, 0
48468.3, 17480.8, 0
34048.2, 15137.6, 0
41497.2, 22270.7, 0
35797.6, 22884.2, 0
53456.5, 36686.7, 0
72121.3, 9533.47, 0
9706.84, 6736.44, 0
20830.8, 9530.42, 0
51338, 9779.84, 0
59643.5, 28162.8, 0
73011, 30171.4, 0
63053.4, 41351.2, 0
38579.3, 13924.5, 0
51860.3, 31875.1, 0
44512.3, 16610.9, 0
69464.5, 31460.6, 0
32776.1, 22929.8, 0
83848.9, 5181.97, 0
51664.3, 17154.4, 0
7963.26, 4291.26, 0
37264.7, 17562.3, 0
36347.7, 15362.2, 0
46043.5, 19603.2, 0
105312, 54171.1, 0
38175.9, 13881.3, 0
58440.5, 31699.8, 0
28863.8, 19248.8, 0
55136.1, 33977.2, 0
79873, 52918.1, 0
91740.9, 59178.3, 0
40498.3, 24622.3, 0
31343.9, 19389.9, 0
54852.7, 26211.5, 0
71450, 44319, 0
24831.4, 10378.8, 0
31104.6, 11731.9, 0
44022, 20820.8, 0
75198, 7066.95, 0
47881.8, 26649.9, 0
19097.8, 5046.83, 0
37294.8, 22455.3, 0
83973.9, 20894.7, 0
72848, 31205, 0
77227.9, 31033.2, 0
45378.3, 15834.6, 0
32291.4, 3661.46, 0
86032.5, 54666.2, 0
57930.5, 13517, 0
95122, 60906.2, 0
85147.1, 24472.7, 0
92144.8, 38999.1, 0
112385, 36283.4, 0
79088.8, 38380.7, 0
22697.8, 12722.2, 0
52608.9, 27959, 0
62381.2, 22198.5, 0
42883.5, 19336.8, 0
76827.9, 26132.1, 0
18562.9, 7999.53, 0
69497.4, 17415.3, 0
45759.4, 30839.4, 0
92993.7, 52533.8, 0
33312.7, 13991.8, 0
47662.9, 13200, 0
58008.1, 27235.5, 0
65346, 43792.8, 0
105031, 26648, 0
19345.7, 10946.1, 0
84256.9, 57164.9, 0
42124.2, 2603.19, 0
71359.7, 36463.5, 0
43758.1, 3427.97, 0
97220, 37311.5, 0
70228.7, 26958.5, 0
38536.3, 16228.7, 0
94420.7, 21019.6, 0
182468, 35087.7, 0
38872.3, 25466.4, 0
63572.9, 28149.5, 0
91492.1, 49974.4, 0
77652.3, 41169.5, 0
56323.9, 29481, 0
55321.6, 14315.5, 0
54031.1, 14783.9, 0
68452.9, 19694.4, 0
72926.6, 34421.3, 0
71622.8, 51473.9, 0
72485.7, 42269.4, 0
48041, 29487.2, 0
70863.7, 9562.05, 0
51351.8, 32957, 0
66276.8, 27432.4, 0
49286.6, 23140.4, 0
73713.1, 52546.5, 0
65212.9, 37518.6, 0
72953.3, 16533.8, 0
79440.6, 18996.6, 0
54533.1, 35222.9, 0
65336.3, 36593.1, 0
39405.3, 17132.9, 0
42954.6, 24086.5, 0
68807.6, 23767.7, 0
112424, 36414.4, 0
58230.4, 31623.3, 0
14367.9, 3124.46, 0
106331, 39152.9, 0
58184.9, 29379.2, 0
58372.4, 3559.57, 0
92625.2, 36818, 0
71439.9, 26076.9, 0
88081, 20801.8, 0
90955, 37626.6, 0
109909, 63052.1, 0
127959, 8735.45, 0
25596.3, 8006.68, 0
24550.2, 3074.94, 0
52761.5, 32646.7, 0
57988.7, 35377.1, 0
74935.4, 5990.19, 0
53000.1, 29514.7, 0
125987, 27642.9, 0
56746.2, 38131.6, 0
68981.5, 38695.1, 0
64841.5, 37816.4, 0
97797.3, 36187, 0
51114, 6080.1, 0
46420.1, 16200.3, 0
54120.5, 23397.5, 0
31147.1, 22266.4, 0
50958, 16540.9, 0
63300.6, 7754.32, 0
64389.9, 31440.2, 0
81330.7, 37582.8, 0
22212.1, 14809.4, 0
103149, 35257, 0
34622.6, 8393.46, 0
49367.6, 19290.1, 0
33638.5, 23015.5, 0
80681.2, 34770.2, 0
76870.2, 47850.5, 0
109940, 35973.7, 0
19110.2, 8771.05, 0
15364.8, 9867.48, 0
91478.9, 23458, 0
46680, 27464.4, 0
48010.6, 21242.2, 0
45732.9, 16245.5, 0
71162.4, 42672.6, 0
93665.3, 51403.5, 0
40620.4, 4473.82, 0
76046.4, 32370.4, 0
154180, 34625.1, 0
43029.3, 9256.62, 0
60876.7, 16187, 0
63388.9, 42470.6, 0
34532.6, 21390.2, 0
60994.1, 39579.3, 0
64622.4, 41601.8, 0
69459.7, 33340.2, 0
30082.9, 21569.2, 0
66530.3, 36368, 0
87291, 37938.7, 0
51784.4, 37042.7, 0
78700.1, 9891.46, 0
70601.8, 32808.4, 0
49114.3, 11019.7, 0
50375.5, 7155.18, 0
51798.2, 28287.5, 0
78390.1, 44980.8, 0
87082.7, 9292.82, 0
54775.9, 21321.9, 0
62808.1, 30976.7, 0
104755, 30034.1, 0
19091.2, 7004.95, 0
110788, 74427.2, 0
31169.5, 22425.1, 0
100124, 47106.5, 0
43718.4, 8857.13, 0
106517, 53336.6, 0
44393, 12569.6, 0
54495.9, 23138.8, 0
31626.8, 18040.5, 0
37449, 18081.8, 0
72125.9, 14261.5, 0
92858.8, 55159.7, 0
54036.6, 21108.9, 0
90637.7, 48617.7, 0
88625.7, 41120, 0
151851, 40874.3, 0
54215.9, 5163.93, 0
40906.8, 20482.8, 0
29951, 12314.1, 0
117749, 47612.5, 0
90022.4, 42191.1, 0
114688, 9786.36, 0
16366.9, 6145.27, 0
120171, 32620.5, 0
114543, 39402.7, 0
20192.6, 11354.9, 0
119757, 57603.3, 0
43455, 21245.7, 0
57825.7, 31693.6, 0
78141.8, 40076.8, 0
39985.4, 24163.8, 0
80513, 34125.9, 0
66796, 33309.5, 0
36090.5, 20200.4, 0
87733.6, 25891.1, 0
93621.5, 9190.8, 0
61729, 27799.3, 0
62647.7, 43148.4, 0
58378.8, 36682.6, 0
15363.7, 9574.11, 0
67718.5, 11351.3, 0
41705.3, 27583.5, 0
85162.4, 30158.8, 0
56085.2, 24151.8, 0
51959.2, 34901.8, 0
52833.3, 16149.7, 0
114804, 69212.9, 0
123381, 83772.9, 0
70734.3, 39822.3, 0
83281.3, 49068, 0
103505, 71070.3, 0
70894.7, 6144.95, 0
57500, 35517.4, 0
53114.4, 17428.6, 0
99541, 39675.2, 0
48899.1, 24698.7, 0
55220.6, 39384.1, 0
33420.8, 19062.7, 0
89187.6, 42418.3, 0
56880.6, 31349.3, 0
36578.8, 14619.3, 0
66016.6, 44584, 0
121795, 70078.8, 0
71154.5, 50872.2, 0
73196.2, 44019.1, 0
80414.7, 40415.8, 0
73863.7, 29823.7, 0
52210.7, 28676, 0
58779.3, 6598.2, 0
33621.2, 17527.8, 0
80436, 38228.5, 0
64039.6, 37986.8, 0
21258, 14111, 0
57119.8, 40904.7, 0
65093.8, 27865.2, 0
73157.9, 21848.2, 0
13797.3, 9440.68, 0
72733.1, 42094.9, 0
70432.7, 37115.1, 0
28852.2, 19373.6, 0
33998.7, 7760, 0
97938.4, 45075.4, 0
52271.9, 11773.9, 0
62199.2, 32303.4, 0
67540.5, 35331.7, 0
78051.4, 50381.8, 0
32650.8, 9620.59, 0
32896.9, 14509.7, 0
65542.4, 19572, 0
38195.6, 10907.6, 0
64236.2, 36054.1, 0
55212.3, 17280.9, 0
64144.9, 44621.7, 0
22910.6, 7220.76, 0
99910.1, 33795.6, 0
80119.5, 13284.4, 0
126934, 19321.7, 0
86977.6, 30727.6, 0
21836, 5348.86, 0
55902.8, 37935.5, 0
60751.5, 30877.9, 0
35683.4, 21026.2, 0
67875.6, 31067.9, 0
79933.1, 20110.1, 0
110899, 40784.4, 0
68980.9, 34822.3, 0
40938.8, 28674, 0
37378.9, 16047.1, 0
10771.5, 4810.93, 0
95767.6, 26501.7, 0
21770.8, 7479.9, 0
26657.7, 19159.9, 0
27245.6, 14079, 0
37784.1, 10655.1, 0
51632.2, 37105.8, 0
56629.3, 5466.13, 0
126665, 65397.6, 0
44105.4, 29387.9, 0
83443.8, 36300.8, 0
24362.6, 2993.25, 0
101979, 17320, 0
55487.7, 34054.3, 0
48013, 27633.5, 0
72187.6, 20106.1, 0
130297, 37315, 0
61851.7, 18961.8, 0
62903.2, 39898.4, 0
98301.2, 17725.6, 0
43185.9, 11187.7, 0
38699.7, 25276.6, 0
43913.7, 28374.3, 0
88015.9, 24223.1, 0
63345.2, 17174.5, 0
52451.7, 12161.1, 0
46023.6, 24831.5, 0
59910.7, 24943.4, 0
82505.8, 48220.3, 0
89808.1, 27802, 0
44770.7, 18701.7, 0
51064.8, 9970.85, 0
55085.4, 24001.1, 0
81007.1, 40711.3, 0
104460, 19502.8, 0
70055.4, 46718.3, 0
76332.5, 36548.3, 0
129464, 22054.9, 0
50531.3, 19173.7, 0
34860.1, 22804.4, 0
35099.1, 22499.9, 0
97623.5, 45692.7, 0
76658.2, 21914, 0
74958.8, 22656, 0
150376, 69832.4, 0
47593.6, 28854.4, 0
50057.4, 24063.6, 0
52571.2, 29288.7, 0
81896.3, 36883, 0
69256.6, 41471.6, 0
86116.9, 53805.7, 0
66789, 17690, 0
38944.9, 27265.5, 0
57124.2, 18280.4, 0
39999.7, 25663.1, 0
122471, 81349.2, 0
83251.7, 58977.4, 0
82837.9, 16988.6, 0
34806, 12399.9, 0
36267.8, 18336.3, 0
63486.1, 20585.8, 0
43641.5, 11976.9, 0
87805.7, 31301.8, 0
45648.5, 30551.6, 0
84125.6, 44988.9, 0
51034.6, 27728.2, 0
61593.9, 15177.9, 0
32681.1, 9841.66, 0
82773.4, 40411, 0
66358, 22287.5, 0
53644.9, 20526.1, 0
122212, 52955.9, 0
53729, 25910.2, 0
23741.4, 13004.4, 0
61667.9, 29839.8, 0
92415.9, 34012.5, 0
58791.6, 25984.1, 0
48112.3, 26166.1, 0
82633, 30358.6, 0
93505.3, 40534.4, 0
26950.4, 17975.4, 0
55218.1, 32250.2, 0
80635, 37949.1, 0
34159.4, 6093.8, 0
27096.1, 14861.8, 0
77199.1, 9101.89, 0
47646.6, 31466.9, 0
73949.2, 40880.2, 0
24954.9, 15803.9, 0
54531.7, 13704, 0
47090, 26381.6, 0
44273.7, 24831, 0
87089.6, 52562.5, 0
81799.6, 44659.1, 0
52117.2, 35102, 0
49806.2, 24689.9, 0
54842.7, 22575.8, 0
96766.6, 7813, 0
110160, 71820.3, 0
122665, 19013.1, 0
24960.2, 13041.1, 0
22215.6, 6097.61, 0
43385.4, 26768.8, 0
38037.7, 19413, 0
76787.1, 49268.5, 0
52322.8, 33692.3, 0
42946.4, 30270.1, 0
74692.2, 50306.3, 0
113664, 31126.3, 0
85230.9, 45774.1, 0
90344.4, 13497.5, 0
64893.7, 13670.5, 0
81702.9, 12638.5, 0
39360.9, 15874.1, 0
69394.4, 47181, 0
25755.6, 6853.73, 0
51916.2, 28910.7, 0
71531, 12683, 0
65625.6, 39359.6, 0
90344.1, 43413.6, 0
39297.8, 27569.7, 0
36971.7, 14710.3, 0
97953.2, 33560.5, 0
90657.3, 44460.3, 0
67383.2, 44265.8, 0
63518.6, 31969.4, 0
67205.6, 20459.5, 0
50509.1, 18677.8, 0
37441.8, 21417.6, 0
92947.3, 63270.4, 0
73098.8, 36379.9, 0
36915.8, 25324, 0
43875.4, 29290, 0
45328.3, 30257.8, 0
24394.1, 13443.9, 0
74353.1, 45718.9, 0
62885.9, 21963, 0
44629, 12450, 0
40058.4, 28594.1, 0
72276.3, 17648.2, 0
37351, 24756.1, 0
24208.5, 14997.2, 0
28803.3, 18749.8, 0
91798.8, 42903.1, 0
69249.1, 33118.2, 0
54957, 15151.9, 0
68750.9, 45249, 0
78810, 30948.1, 0
65284.3, 9770.95, 0
44402.6, 22083.2, 0
25859.5, 9978.56, 0
80327.6, 37738.3, 0
67129.1, 46903.7, 0
106186, 39300.5, 0
55196.5, 10588.3, 0
72394.4, 35207.2, 0
47174.7, 14957, 0
84533.5, 54244.5, 0
60696.4, 28547, 0
39557.9, 18990.2, 0
133647, 52089.2, 0
79110.8, 21350.8, 0
90786, 38239.9, 0
63284.9, 27306.1, 0
28600.3, 18444.4, 0
45909.7, 25302.8, 0
31548.2, 14522.5, 0
49118.3, 28975.4, 0
69493.9, 49196.2, 0
82154.2, 44834.5, 0
61043.6, 4950.37, 0
100260, 65516.3, 0
62471.1, 43209.5, 0
58915.5, 26609.4, 0
73916, 50583.9, 0
95897.5, 67178, 0
53332.2, 19186, 0
48704.1, 25300.8, 0
132237, 74871, 0
40977.3, 7773.74, 0
54589.3, 30302.2, 0
67671.6, 34798.1, 0
33412.6, 22596.5, 0
74878, 44466.8, 0
117081, 47972.4, 0
52857.9, 19614.4, 0
19347.6, 13738.8, 0
91010.7, 24990.1, 0
35567.6, 12379.1, 0
116974, 39421.4, 0
71126, 35208, 0
86740.4, 37320.1, 0
53053.5, 22817.9, 0
63768.4, 33146.9, 0
41415.3, 25353.6, 0
110354, 27568.9, 0
59645, 10055.9, 0
71387.3, 36534, 0
44149.7, 19082.9, 0
40004.3, 10813.9, 0
30832.2, 11255.2, 0
52281.3, 26752.2, 0
81711.7, 23883.9, 0
160726, 57983.9, 0
127524, 83353.4, 0
49112.4, 29504.7, 0
34341, 18200.7, 0
74295.8, 49818.4, 0
57072.6, 34599.9, 0
72408.6, 26003.2, 0
49358.3, 3797.5, 0
28526.1, 19990.4, 0
69413.5, 44521.2, 0
71960.4, 31346.5, 0
66416.1, 47714.8, 0
43487.5, 10602.3, 0
63295.5, 13691.6, 0
61620, 42757.1, 0
42563.9, 13679.4, 0
38228, 26485, 0
67676.5, 11713.7, 0
42531.7, 18599.7, 0
43491.8, 30020.8, 0
94687.8, 35979.1, 0
30678, 17114.7, 0
172380, 65879.8, 0
50156.9, 27487.9, 0
13121.7, 5913.21, 0
73820.3, 36009.1, 0
64458.8, 34700.2, 0
85119, 2641.2, 0
83616.4, 34954.3, 0
100759, 43846, 0
24467, 734.233, 0
59661.6, 36661.5, 0
77340, 47827.5, 0
53295.5, 8006.56, 0
73766.8, 28610.9, 0
51422, 27201.8, 0
20235.7, 10358, 0
65735.3, 42480.6, 0
74687.7, 22300.7, 0
66159.4, 32435, 0
75169.8, 47942.9, 0
48559.1, 23988.7, 0
27668.9, 18995.6, 0
24546.7, 5680.97, 0
76622.3, 21897.2, 0
83189.8, 32884.9, 0
68130.4, 44486.6, 0
87898.2, 36570.4, 0
10899, 6238, 0
38350.5, 8681.05, 0
16239.6, 11667.4, 0
82068.3, 41856.8, 0
60681.1, 16697.7, 0
68719.2, 37661.3, 0
103425, 54419.5, 0
66724.2, 38702, 0
37791.8, 18400.8, 0
97497.3, 57542.1, 0
23584.1, 15863, 0
44651, 27264.2, 0
114228, 56592.6, 0
72571.3, 32004.1, 0
43728.1, 11431, 0
23756.5, 10544.4, 0
44899, 22394, 0
45109.1, 26162.4, 0
28350.7, 17186.5, 0
78334.5, 51967, 0
45069.5, 20711.6, 0
15940, 8962.65, 0
48141.5, 28532.2, 0
118156, 80757.5, 0
44563.9, 25766.7, 0
66158.7, 14636.5, 0
69049.8, 19207.4, 0
56899.9, 32341.7, 0
96487.5, 69463.6, 0
61097.2, 30071.7, 0
89757.5, 19165.8, 0
60649.3, 16759.7, 0
65041.7, 43127.6, 0
79026.3, 36049.5, 0
40455.4, 21682.7, 0
49846.2, 35450.9, 0
87347.1, 55590.5, 0
43738.3, 22625, 0
78406.9, 40948, 0
72556.6, 20605.9, 0
55801.3, 12342.3, 0
71451.6, 50673.2, 0
41416.1, 28571.4, 0
94464.5, 49571.3, 0
27186.3, 18157.4, 0
96822.6, 46853.8, 0
84411, 37473.3, 0
30482.1, 8975.13, 0
48442, 29894.3, 0
91896.8, 32202.7, 0
76180.4, 12446.1, 0
46489, 30885.9, 0
87356.9, 50158.5, 0
64415, 33130, 0
97439.2, 45140.6, 0
73160.4, 30724.4, 0
111885, 73371.3, 0
94056.3, 28600.4, 0
125969, 20732.9, 0
64365.7, 32476.3, 0
69803, 27094.7, 0
68774, 46929.4, 0
65968.1, 10400.2, 0
101000, 26314.6, 0
27307.9, 8959.49, 0
69412.2, 16713.7, 0
79249.2, 27392.9, 0
28517.6, 7894.88, 0
52871.6, 21374.6, 0
43957.7, 10280.7, 0
95901, 22931.2, 0
25765.2, 11266, 0
34827, 3820.61, 0
103811, 26999.9, 0
32921.9, 2166.03, 0
47254.1, 30841.8, 0
78934.6, 28992.1, 0
57032.4, 15823, 0
44343.1, 20069.8, 0
102989, 42747, 0
71119, 38148.6, 0
55225.2, 11003.3, 0
76310.3, 20270.7, 0
110329, 12648.1, 0
102504, 29396.5, 0
61170.6, 17619, 0
81304.1, 35369.7, 0
46442.1, 20293.4, 0
21550.9, 14801.6, 0
83588.6, 47048.7, 0
64949.2, 30682.3, 0
102499, 37237.8, 0
103788, 49483.5, 0
57479.3, 27739.9, 0
83508.7, 46030.1, 0
78979.5, 16344.3, 0
109135, 69656, 0
73327.1, 32639.1, 0
16400.6, 7349.65, 0
48639.4, 7301.28, 0
44235.3, 3193.51, 0
90839.8, 32342.2, 0
33605.5, 22398.7, 0
61915.7, 39899.1, 0
56004.8, 26991.6, 0
83831.7, 42167, 0
58608.2, 16563.8, 0
19675.3, 2386.66, 0
67336.9, 19706.3, 0
82674, 59039, 0
123411, 60115.5, 0
62529.2, 22192.5, 0
98646.2, 38561.6, 0
54204.9, 33154.8, 0
138870, 53601.2, 0
38371.7, 17365, 0
49795.4, 25436.6, 0
27356.4, 17069, 0
55931, 30309.5, 0
65345, 12476.8, 0
78469, 15029.2, 0
48294.8, 29754.8, 0
138280, 77011.5, 0
65701.7, 43243, 0
86415.2, 20729.2, 0
107794, 44137.6, 0
65234.8, 36277.3, 0
68309.5, 48574.4, 0
51487.5, 27905.7, 0
28143.8, 10996, 0
47823.7, 32204.8, 0
103697, 24407.3, 0
26022.1, 11291.1, 0
57251, 33474.9, 0
79918.2, 42513.6, 0
52000.5, 33828.1, 0
57319.4, 16147, 0
100834, 23528.4, 0
54987.1, 29160.1, 0
116108, 65175.9, 0
77979.7, 47664, 0
63325.2, 33541.5, 0
85271.5, 47573.6, 0
83064.8, 54948.2, 0
12640.4, 6966.32, 0
54580, 24325.2, 0
110045, 72789.5, 0
58679.8, 41161.2, 0
57102.7, 32799.1, 0
90057.2, 21212.5, 0
66653.6, 38675, 0
50462.1, 11577.1, 0
123367, 36898.7, 0
27201.5, 17096.8, 0
40574.4, 19693.1, 0
67960.3, 31966.4, 0
64500.6, 36767.8, 0
54558.2, 32188.9, 0
75662, 44087.5, 0
88887.6, 17265.7, 0
61451.1, 17311.3, 0
85479.4, 16843.3, 0
46959.4, 13777.7, 0
90930.2, 59889.6, 0
92310.2, 50132.9, 0
14456.7, 10287, 0
82716.5, 57229.2, 0
92584.8, 35436.8, 0
62325.1, 8564.77, 0
32103, 12272.7, 0
55290.2, 9562.42, 0
101905, 14699.2, 0
60255.3, 26950.9, 0
34713.3, 13765.4, 0
137789, 30818.8, 0
65094.1, 26909.7, 0
43818.9, 21436.9, 0
25969.9, 7578.37, 0
57347.8, 30934.8, 0
76861.8, 13331.3, 0
49229.2, 21635.6, 0
35694.2, 22905, 0
57491.3, 33858.7, 0
65617.6, 32442.8, 0
70500.2, 50403.5, 0
48843.8, 15180, 0
56483.7, 27016.9, 0
33188.8, 14152.1, 0
70027.4, 42510, 0
55489.5, 32826.2, 0
77976.4, 49295.1, 0
94862.1, 29923.8, 0
61774.7, 28169.2, 0
82170, 57457.1, 0
74216, 33770.7, 0
72967.1, 48067.2, 0
93408.5, 51531.4, 0
48768, 29942.8, 0
78002.9, 30332.5, 0
66147, 46930.2, 0
55691.7, 10291.6, 0
40182.1, 21597.1, 0
24530.2, 6261.83, 0
23407.7, 16693.7, 0
55870.6, 8437.49, 0
47422.5, 19165.5, 0
55913.1, 30932.2, 0
83561.2, 39787.3, 0
98132.6, 55132.2, 0
71635.6, 19921.5, 0
73561.9, 16755.3, 0
43551.8, 17338, 0
94516.7, 30896.8, 0
67415, 26672, 0
96434.4, 33923.2, 0
72762.8, 36703.8, 0
61799.8, 19687.7, 0
17593.1, 11712.8, 0
63567.8, 11738.5, 0
62909, 20113.1, 0
42812, 20406.6, 0
33217.6, 17175.5, 0
65469, 32292.1, 0
29149, 19070.7, 0
100056, 22480.9, 0
35347.9, 19348.7, 0
50619.5, 35885, 0
75774.3, 46543.7, 0
41645.7, 8418.04, 0
80623.3, 52633.9, 0
59495.4, 31858.1, 0
89360.6, 13122.9, 0
70949.8, 28095.4, 0
59357.7, 32695.6, 0
64220.1, 42389.1, 0
64624.5, 12143.5, 0
91447.3, 51364.8, 0
155775, 62346.8, 0
87352, 60562, 0
67582.2, 23526.2, 0
71669.9, 40780.5, 0
74371.7, 22958.8, 0
99137.5, 22075, 0
76589.5, 51230.2, 0
98394.9, 52556.3, 0
68015.2, 32872.7, 0
96448.7, 56320.7, 0
109554, 58319.6, 0
55241.3, 15942.5, 0
44529.2, 17290.2, 0
35586.3, 15715.4, 0
63750.2, 42269.3, 0
40698.4, 4583.62, 0
7324.39, 3574.36, 0
58423.7, 31891, 0
76234.8, 49177.6, 0
51957.2, 19539.4, 0
126265, 20638.2, 0
65099.6, 21960.2, 0
51277.3, 16296.2, 0
54904.1, 32210.6, 0
21604.9, 1604.12, 0
86919.5, 54680.1, 0
88494.8, 30497.2, 0
55209.5, 21708.9, 0
66923.7, 23040.9, 0
1209.74, 184.282, 0
85492.2, 16984.2, 0
56497.2, 20260, 0
77193.2, 30826, 0
36305.5, 16735.3, 0
62303, 33541.7, 0
36593.7, 20599.8, 0
66190.5, 36675.2, 0
88619.9, 33622.1, 0
98384.6, 33180, 0
70143.2, 38846.4, 0
28277.6, 14421.8, 0
95281.4, 54185.4, 0
34791.6, 7748.7, 0
65257.7, 19192.5, 0
112126, 57388.5, 0
58123.6, 27368.7, 0
48390.4, 26753.3, 0
88860.6, 45581, 0
83896.2, 36063.9, 0
84626.6, 40396, 0
80599.6, 50444.8, 0
24085.9, 7932, 0
46241.5, 6772.82, 0
45582.8, 11569.3, 0
53579, 25777.1, 0
74007.6, 52767.1, 0
109892, 39543.6, 0
73711.6, 11079.9, 0
29545, 14222.5, 0
55464.6, 17493.8, 0
49679.9, 28180.2, 0
84854, 45619.1, 0
98582.8, 16822, 0
63723.7, 23718.6, 0
52886.2, 12493.6, 0
15990.6, 2938.09, 0
142465, 65988.4, 0
102514, 39270.7, 0
36798, 19085, 0
89080.4, 24853.8, 0
63392.5, 40418.7, 0
77431.7, 41880.4, 0
62862.4, 34124.8, 0
63474.9, 21720.7, 0
31839.6, 15835.5, 0
63040.4, 31483, 0
49661.2, 31054.7, 0
43991.3, 21907.2, 0
77682.2, 55084.7, 0
72771.9, 25715.7, 0
75074.5, 52875.9, 0
45143.5, 22001.8, 0
51782.1, 34933.7, 0
60241.5, 8523.74, 0
44946.9, 11331.4, 0
30592.7, 18166.8, 0
21628.4, 14663.8, 0
50799.1, 13161.9, 0
56971.1, 14273.7, 0
47524, 11874.5, 0
94753.1, 38904.1, 0
55619.4, 25747.5, 0
41323.9, 25824.2, 0
83246.8, 41642.8, 0
75418, 40706.4, 0
29770.3, 2483.25, 0
54456.3, 39007.9, 0
105110, 36626.4, 0
87144.8, 54625.2, 0
67253, 42432.8, 0
63709.6, 38683.9, 0
110176, 30570.1, 0
106582, 42558.5, 0
94528.6, 64073, 0
76612.8, 42033.8, 0
74963.1, 43835, 0
23002.6, 9372.21, 0
26937.1, 16605, 0
48966.2, 9644.22, 0
54212.3, 34423.3, 0
66258.9, 25285, 0
98649.6, 35174.6, 0
65080.2, 39469.8, 0
27567.1, 11019.3, 0
74859.1, 33027.4, 0
8527.26, 5159.6, 0
70917.3, 38254.8, 0
63169.7, 25614.4, 0
50434.5, 22930.9, 0
70156.8, 21990.8, 0
32226.1, 11698.7, 0
90446.8, 33281.2, 0
43039.4, 22540.9, 0
47976.6, 21297.8, 0
36505.6, 23606.2, 0
50036.3, 29970.4, 0
52294, 25290.2, 0
87537.1, 59988.3, 0
67816.1, 32784.1, 0
20856.1, 8965.26, 0
37423, 22537, 0
22700.4, 10158, 0
99652.4, 56515.4, 0
78919.8, 42374.4, 0
57434.9, 26121.3, 0
37345.4, 15566, 0
104413, 10418, 0
89160.3, 21633.2, 0
95623.6, 10511.9, 0
57337.8, 36517.8, 0
56115.1, 39324.8, 0
73124, 36665.5, 0
38283.7, 26718, 0
76060.8, 35290.3, 0
79395.4, 57079.9, 0
107894, 61469.5, 0
40522.2, 11737.6, 0
83450.8, 37988.4, 0
68789, 30567.9, 0
78792.4, 25975.8, 0
33624.9, 13447.5, 0
38619.2, 25691.7, 0
105986, 60249.2, 0
102421, 29479.3, 0
53280, 25014.4, 0
36689, 23987.6, 0
33187.7, 22482, 0
25627.9, 4977.71, 0
85807.6, 43214.9, 0
53167.9, 13635.2, 0
29333.9, 16430, 0
52411.1, 19826.9, 0
54452.3, 6608.66, 0
60467.6, 38093.9, 0
93607.1, 18043.3, 0
104068, 39861.9, 0
45868.3, 20977.7, 0
49922.3, 9941.4, 0
42211.8, 6744.21, 0
52446.6, 25438.5, 0
109149, 37239.1, 0
112123, 6773.67, 0
66407.7, 22925.5, 0
50508, 35202.8, 0
135270, 71878.6, 0
91419.1, 30676.9, 0
53381, 16656.5, 0
25221, 12767.8, 0
46026.9, 10783.9, 0
55524.5, 34333.9, 0
103424, 47189.5, 0
28956.2, 19071.3, 0
35956.7, 20606.3, 0
76458.8, 30767.5, 0
41931.4, 9745.66, 0
63007.7, 33155, 0
72019.5, 38324.2, 0
70504.3, 22625.4, 0
42641.9, 13232.9, 0
54241.1, 30045, 0
18048.7, 7841.05, 0
40521.1, 25540.2, 0
72598.5, 47029.7, 0
97874.3, 12630.8, 0
45133.9, 27496.5, 0
52624.7, 33924.4, 0
107535, 16760, 0
38115.3, 25464.2, 0
51034.6, 24566.6, 0
41248.5, 18955.5, 0
88637.7, 16736.9, 0
68007.7, 13112.4, 0
47020.8, 27348.7, 0
90170.4, 28784, 0
35364.1, 10298.7, 0
27702.3, 17193.8, 0
24764.9, 12374.8, 0
114360, 70772.2, 0
26566.2, 9621.53, 0
52737.3, 23731.7, 0
25675.8, 16139, 0
68390.7, 21739.9, 0
51461.3, 23921, 0
36298, 10606.1, 0
87580, 12336.8, 0
40713.9, 13364, 0
33294.9, 20789, 0
122162, 61420.7, 0
27265.1, 11681.4, 0
51287.8, 18274.1, 0
83484, 53059.5, 0
63301, 44731.8, 0
82429.1, 29697.4, 0
76792, 49076.4, 0
19437.2, 3815.45, 0
79450.6, 54727.3, 0
56975, 13478.6, 0
50451.8, 20489.6, 0
56528.2, 25977.5, 0
6235.72, 3792.11, 0
96310.5, 65929.5, 0
41080, 10320, 0
32219.5, 16261.9, 0
47527.2, 33708.1, 0
27070.2, 16151.1, 0
33827.7, 12498.9, 0
94915.1, 37033.9, 0
47537.7, 31570, 0
20606.1, 10053.3, 0
79683.7, 39717.7, 0
65129.2, 32536.9, 0
81289.6, 49136.7, 0
100054, 61232.2, 0
62450.2, 16341.6, 0
84810.3, 41382.9, 0
110726, 36246.5, 0
67747.1, 7080.62, 0
131699, 18103.3, 0
56770.5, 37964.3, 0
76568.9, 25942.3, 0
46603.8, 16608.2, 0
41820.3, 15583.2, 0
76881, 52786.2, 0
42082.6, 26184.3, 0
52752.9, 31578.5, 0
39541.8, 26773.2, 0
47031.9, 20636.6, 0
43554.8, 20080.2, 0
12721.4, 3329.93, 0
59804.7, 28713.1, 0
77697.8, 42383.7, 0
42837.2, 13736.7, 0
52744.2, 26568.3, 0
77420.9, 17615.1, 0
90241.8, 48866.3, 0
34309.1, 9023.51, 0
70965.3, 46872.6, 0
51080.6, 28152.9, 0
18347.1, 4388.37, 0
103926, 23457.4, 0
59686.1, 34488.3, 0
105839, 41021.6, 0
61854.5, 42465.5, 0
16479.7, 11351.2, 0
38385.7, 14022.6, 0
80569.7, 34304.9, 0
104856, 64424.8, 0
108655, 35815.4, 0
88439.5, 46403.4, 0
59367.8, 15047.8, 0
92523, 19593.7, 0
55838, 36202, 0
50715.8, 33728.3, 0
38491.3, 22579.2, 0
126041, 16443.1, 0
56317.2, 28343.5, 0
69603.3, 40295.8, 0
88089.2, 25782.2, 0
36193.9, 17101, 0
75183, 34837.2, 0
31585.3, 22321.5, 0
95372.3, 23905.5, 0
78223.9, 37110, 0
86380.9, 39078.2, 0
110736, 38855.3, 0
46251, 32246.8, 0
50628.4, 27127.2, 0
66344.2, 41717, 0
75344.6, 25354.7, 0
18095.2, 8339.06, 0
47588.1, 9389.81, 0
32791.8, 11382, 0
74269.7, 42399.4, 0
38627, 27699.2, 0
58367.1, 24967.4, 0
82903.7, 7819.93, 0
32514.6, 20268.5, 0
91176.2, 61383.4, 0
64566.7, 38045.1, 0
39159.1, 14834.4, 0
103405, 46071.5, 0
101486, 41635.3, 0
77523, 51035.6, 0
37223.1, 17993.8, 0
45170.6, 30210.9, 0
12423.8, 2345.59, 0
65292.2, 36248.5, 0
53338.4, 30990, 0
79457.5, 44983.1, 0
61449, 38041.3, 0
38001.4, 7774.3, 0
97668.5, 65835.5, 0
23976.6, 6900.48, 0
73528.2, 37375.7, 0
23940.1, 14438.3, 0
18796.9, 9807.75, 0
71252.9, 24431.7, 0
21368.2, 8053.46, 0
68612, 22380.3, 0
55678.2, 15020.2, 0
48452.9, 31825.8, 0
39664.6, 18903.4, 0
27984.8, 9805.05, 0
52178.5, 28501.9, 0
55542.5, 23369.8, 0
87027.3, 62213.2, 0
80697.8, 25738.3, 0
26298.4, 8001.44, 0
93479.7, 55998.3, 0
52801.8, 15942.2, 0
39185, 18156, 0
44574.3, 22209.2, 0
36330.7, 17038.7, 0
72752.8, 27969.5, 0
23784.8, 9504.22, 0
52263.2, 29096.1, 0
95664.1, 50922.7, 0
115389, 27322.3, 0
58949.7, 22391.9, 0
85594.8, 49881.1, 0
64390, 36678.1, 0
47725.5, 14348.9, 0
25495.3, 16142.1, 0
73539, 50143.6, 0
56791.5, 6994.3, 0
97588, 39183.2, 0
83010, 43813.5, 0
56782.6, 26553.4, 0
120029, 56876.1, 0
16166.7, 7995.7, 0
60164.3, 35429, 0
34775.2, 13232.2, 0
54818.9, 27589.1, 0
35093.4, 20980.3, 0
72284, 37979, 0
36613.7, 4148.36, 0
52347.4, 10012.3, 0
93417.3, 38875.2, 0
96177, 36822.5, 0
87985.7, 52902.4, 0
40529.3, 28156.4, 0
96647, 68567.1, 0
57180.2, 18142.2, 0
44249.1, 12116.3, 0
112086, 32796.2, 0
51910.7, 11689.2, 0
124251, 2628.9, 0
116857, 54740.1, 0
48161.8, 25496.4, 0
103159, 52254.7, 0
36985.3, 10120.4, 0
49018.8, 20614.3, 0
42374.1, 20979.5, 0
46069.5, 19514.6, 0
96366.6, 39917.5, 0
88034.2, 35768.5, 0
17279.2, 7841.54, 0
40984.2, 25985.2, 0
31491.6, 13659.5, 0
118550, 74154.5, 0
42725.1, 26522.5, 0
72473, 27396, 0
33226.7, 22164.2, 0
20225, 4685.89, 0
100506, 26561.2, 0
93882, 21430, 0
17922.7, 8660.46, 0
32764, 22102.9, 0
67826.8, 17425.7, 0
39063.8, 17327.3, 0
100481, 45694, 0
28165.8, 19831.3, 0
72266.5, 37496.9, 0
29446.3, 15116.2, 0
28876, 15534.9, 0
45421, 28107.1, 0
46254.1, 28250.2, 0
94422.2, 7448.39, 0
62916.4, 40604.8, 0
44055.2, 17603.6, 0
95685.6, 39514, 0
102330, 41054, 0
104453, 74852.1, 0
48332.6, 27319.8, 0
35100.3, 18822.3, 0
86605.5, 59871.7, 0
43144, 11975, 0
69070.7, 31993.9, 0
75777.7, 12552.9, 0
23092.6, 16445.4, 0
27794.8, 4071.92, 0
31784.6, 17153.3, 0
77438.6, 52303.3, 0
68112.7, 39687.8, 0
59586.9, 35359.8, 0
67420.7, 21610.8, 0
121235, 38093.7, 0
63039.5, 5206.41, 0
51540.7, 32287.7, 0
51061.2, 32770.3, 0
51626.3, 23786.8, 0
49449.5, 20838.4, 0
42288, 21633.1, 0
32556.1, 17616.3, 0
25659.6, 13864.5, 0
72193.8, 48232.9, 0
75978.3, 28696.6, 0
58001, 16094.4, 0
27191.6, 3829.21, 0
32720.2, 12352.1, 0
76997.8, 5378.24, 0
70968.2, 45204.6, 0
60803.1, 18672.5, 0
78508, 41086.6, 0
65781.2, 10323.9, 0
13146.8, 4308.98, 0
51415, 25097.6, 0
133966, 88025.6, 0
63956.3, 21982.3, 0
37669.6, 25879.7, 0
190908, 41609.3, 0
62329.5, 35443.6, 0
83642.9, 36922.8, 0
77106.1, 33086.2, 0
63685.5, 16021.2, 0
30516.4, 13632.5, 0
46523.8, 19666.8, 0
61488.7, 20208.7, 0
50554.1, 32745.7, 0
98248.1, 15754, 0
53251.2, 21643, 0
55299.3, 19500.3, 0
67271, 34438.7, 0
59164.8, 22391.7, 0
45870.3, 17684.4, 0
49491.6, 25812.7, 0
117739, 60374, 0
49931.3, 17240.6, 0
62656.8, 30994.1, 0
87206.4, 41242, 0
34223, 19527.4, 0
56200.6, 38407, 0
53625.9, 30373.6, 0
55710.3, 10403, 0
133148, 67168.4, 0
73837.7, 13092.7, 0
65843.3, 26067, 0
28725.9, 13474.8, 0
62264.1, 28820.8, 0
42338.6, 29702, 0
32763.3, 14994, 0
56298.5, 34179, 0
52916.1, 32888.3, 0
56035.2, 36055.1, 0
13362.2, 6210.49, 0
162807, 16727.6, 0
57939.2, 29846, 0
68223.4, 41180.9, 0
37125.9, 20791.3, 0
62177.7, 15648.5, 0
122082, 72443.9, 0
75767.6, 33439.5, 0
48670, 31303.8, 0
76707.6, 36818.4, 0
83308.3, 57256.9, 0
52521.4, 15942.7, 0
42710.9, 26050.4, 0
23345.7, 3775.76, 0
86306.2, 20154, 0
78200.9, 51359.8, 0
77558.4, 9480.56, 0
43475.5, 16075.8, 0
111457, 43982, 0
54322.5, 14021.7, 0
94798.9, 34375.3, 0
50791.5, 21842.6, 0
49400.4, 19178.5, 0
43577.8, 24488.1, 0
46609.5, 17869.4, 0
48824, 12985.8, 0
87795.3, 45594.6, 0
67530.9, 29317.2, 0
23420.6, 16399.5, 0
44465.4, 12353.2, 0
59036.6, 40678.7, 0
105913, 40089.3, 0
79519.9, 26509.3, 0
38475.6, 25731, 0
89792.9, 63414.6, 0
24285.7, 15516.7, 0
64326.8, 25315.8, 0
83275.8, 14904.4, 0
58980.8, 18786.8, 0
47221.1, 32194, 0
34993, 12646.7, 0
51785.5, 15850.2, 0
61259.7, 27742.9, 0
50731.7, 23706.6, 0
41950, 29207.5, 0
42321.4, 25095.4, 0
42910.3, 5773.74, 0
139699, 42703.5, 0
71602.4, 13920.2, 0
123690, 18801, 0
112909, 28481.5, 0
74006.6, 39863.6, 0
65766.9, 43778.8, 0
60542.1, 24911.3, 0
72696.8, 46902.1, 0
50630.4, 21957.3, 0
90518.3, 31081.1, 0
32636.6, 11514.3, 0
73051.6, 36934.9, 0
79992.5, 8704.11, 0
66075.1, 21746, 0
35807, 16265.1, 0
72480.1, 4239.74, 0
83842.6, 23530.5, 0
113205, 67080.8, 0
72196.4, 28654, 0
27276.8, 3783.95, 0
55349, 36162.1, 0
120129, 81682.8, 0
70090.7, 13352.9, 0
37008.1, 20459.8, 0
40673.5, 21068.9, 0
79196.2, 11091.3, 0
55504.3, 35909.2, 0
128636, 72576.9, 0
50839.4, 31264.1, 0
59677, 20403.8, 0
44144.8, 30049, 0
75301.9, 52258.7, 0
43867.2, 19252.3, 0
72456.4, 39875.4, 0
12313.5, 3951.61, 0
116845, 40224.3, 0
16361.2, 8364.89, 0
89824.3, 31952.5, 0
64564.8, 18967.8, 0
73398.8, 12103.8, 0
76447.8, 40862.1, 0
93501.8, 49526.1, 0
139399, 54366.2, 0
83499.4, 32485, 0
63769.1, 14424, 0
58148.7, 9899.59, 0
26761.3, 15826.3, 0
74825.5, 39301.9, 0
65565.2, 38326.5, 0
74395.5, 30355.7, 0
33270.4, 22303.4, 0
75317.9, 30516, 0
77510.1, 40030.2, 0
91427.4, 37357.2, 0
110402, 71431.8, 0
70965.5, 43344.2, 0
57047.1, 27123.7, 0
42206.6, 12786.2, 0
10906, 4733.98, 0
36884.9, 24155.8, 0
37228.7, 20922.2, 0
39592.5, 20332.7, 0
19241.7, 13731.2, 0
67013, 33715.3, 0
20046.8, 10826.4, 0
63871.4, 19051.6, 0
90807.3, 54619, 0
72642.9, 17144, 0
70332.5, 27277.4, 0
76498.3, 54406, 0
98354.1, 11957.9, 0
98124, 18362.2, 0
48664, 22025.1, 0
61256.6, 23714.7, 0
24159.5, 14601.4, 0
79345.1, 39752.1, 0
62338.9, 38265.9, 0
88081.7, 36319.3, 0
41156.4, 29021.2, 0
63262.9, 39910.8, 0
109500, 17777.8, 0
44700, 17003.2, 0
120293, 70376.2, 0
60042.8, 26178, 0
52165, 35976.8, 0
31729.3, 20993.3, 0
111816, 60639, 0
92497, 28720.8, 0
104059, 12282.5, 0
80004, 33345.1, 0
65162.7, 44328, 0
86516.8, 39398.9, 0
59894.3, 24102.8, 0
105167, 62216.9, 0
106938, 43768.7, 0
77397.2, 11734.1, 0
28803.1, 15747.9, 0
70529.1, 25261.9, 0
73714.1, 41129.1, 0
38689, 24936, 0
53540.9, 36242.2, 0
82793.1, 44332.1, 0
59897.5, 22306.1, 0
71594.9, 34661.6, 0
82080.8, 52226.8, 0
82413.3, 31207.2, 0
95302, 20593.5, 0
78013.6, 47041, 0
27567.6, 10052.9, 0
98262.6, 50127.8, 0
71682.5, 46768.8, 0
95905.6, 12197.6, 0
82914.3, 2360.75, 0
35965.2, 12255.5, 0
58456.3, 41583.6, 0
45731.6, 32153.4, 0
71033.6, 13013.5, 0
47080.7, 18294.5, 0
54682.3, 38683.6, 0
71711.8, 40730, 0
49534.5, 18132.8, 0
78814, 26833.1, 0
61691.8, 18523.4, 0
75532.8, 27504.8, 0
30606.4, 21629.6, 0
98308.6, 50453.6, 0
67098.9, 34544.4, 0
27892.8, 9569.15, 0
82988.5, 56062.1, 0
60604.5, 34105.4, 0
56762, 32331.9, 0
37652.7, 26895.9, 0
49995.9, 34655.4, 0
41606.1, 24954.6, 0
54527, 35344.1, 0
74569.9, 32591.2, 0
51886.8, 19000.5, 0
65012.7, 22397.2, 0
28302.2, 5876.29, 0
86570, 47130.1, 0
63052.2, 22278, 0
44234.4, 19211.8, 0
58629.9, 30032.5, 0
50919.5, 34455.8, 0
103187, 59710.3, 0
84003.4, 19994.9, 0
75193.8, 38939.4, 0
58682.2, 36160.9, 0
41211.7, 14099.2, 0
83436.8, 13137.9, 0
109700, 53941.7, 0
38912.1, 14173.7, 0
42543.8, 17296.4, 0
29377.2, 13137.7, 0
28698.8, 10244.6, 0
80636.6, 52366.5, 0
116235, 27756.4, 0
82982.2, 13564.6, 0
44979.3, 24520.1, 0
82734.2, 50942.8, 0
138468, 38791.3, 0
35386.8, 2244.41, 0
38145.6, 19585.5, 0
67012.3, 37902.8, 0
24008.3, 14681.3, 0
59381.2, 31535.3, 0
46816, 19846.8, 0
66209.2, 19214.8, 0
36582.1, 20275.6, 0
42593.5, 27383.5, 0
70510, 49007.3, 0
33680, 6705.64, 0
22769.7, 12462.6, 0
38870.8, 3348.39, 0
46928, 13211.3, 0
59878.4, 34244.3, 0
27867.1, 8593.65, 0
24085.9, 13825.2, 0
73939.4, 23351.3, 0
106774, 38318.8, 0
39327.1, 26294.5, 0
15081.2, 6985.61, 0
99936.6, 59963.5, 0
68813.2, 45982.4, 0
104936, 24370.5, 0
48918.3, 26679.7, 0
11416.3, 2485.78, 0
77042.6, 38346, 0
57941.8, 34013.1, 0
38473.4, 16232.7, 0
90117.3, 34344.7, 0
40979.7, 26148.9, 0
43142.9, 25831.4, 0
60967.4, 41667.9, 0
77447.7, 48008.2, 0
75543, 19874.6, 0
74316.8, 25887.7, 0
115340, 67289.2, 0
86174.5, 33708.7, 0
41743.7, 8124.52, 0
69426.8, 38479.2, 0
115244, 42600.5, 0
52604.1, 34717.3, 0
47980, 20093.9, 0
87967.9, 59749.5, 0
52428.5, 5693.57, 0
32574.3, 20444.7, 0
72954.9, 18071.9, 0
90073.9, 31597.4, 0
102893, 33470.4, 0
51191.5, 30636.3, 0
31526.2, 17581.1, 0
101202, 69063.5, 0
68694.5, 23753.5, 0
24178.1, 14873.3, 0
91518, 45159.7, 0
94337.5, 15816.9, 0
74515.5, 10520.2, 0
59112.7, 11050.9, 0
96151.2, 48661.3, 0
53887.7, 18371.7, 0
86398.1, 13256.4, 0
61381.4, 36340.5, 0
27542.7, 15613.6, 0
75052, 51114.4, 0
35190.4, 7586.76, 0
51014.3, 15570.1, 0
23847.9, 6213.87, 0
108555, 40419.8, 0
48070.1, 27483.6, 0
63673.3, 35017.2, 0
89252, 44806.4, 0
21492.4, 12438.6, 0
21141.8, 3673.12, 0
150820, 59610.6, 0
58795.5, 36694, 0
51621.2, 11325.7, 0
34071.2, 13237.3, 0
56287.6, 32604.2, 0
98141.9, 46626.1, 0
61505.6, 18975.6, 0
73482.2, 35540.9, 0
42900.6, 22938.9, 0
81125, 4772.71, 0
77451.3, 32015.7, 0
26309.1, 8279.44, 0
112111, 13607.1, 0
69800.6, 14678.5, 0
61228.6, 807.821, 0
75387.9, 13629.9, 0
22285.4, 4616.82, 0
53845.6, 24616, 0
93689.9, 37073, 0
28765.9, 20218.2, 0
65768.2, 42080.3, 0
40015.8, 17733.1, 0
33313.1, 15750.7, 0
29840.3, 10163, 0
67002.4, 44191.7, 0
24685.4, 10766.2, 0
108258, 36805.8, 0
58999.9, 14904.4, 0
57309.8, 6147.65, 0
75353.8, 19689.9, 0
24108, 11594.7, 0
80598.3, 15557.9, 0
79473, 43518.5, 0
61456.1, 27365.7, 0
32554.9, 23250.3, 0
48829.2, 6529.54, 0
106217, 45671.5, 0
32845.6, 5978.13, 0
22693.6, 12712.7, 0
46867.8, 12852.7, 0
82529.8, 6913.48, 0
39270.7, 10038.1, 0
106903, 27723.1, 0
25427.7, 13399, 0
80222.8, 54970.2, 0
33079.9, 16056.9, 0
58021, 4882.77, 0
105810, 43218.5, 0
73641, 21074.1, 0
47629.4, 25234, 0
103033, 35981.3, 0
90684.1, 21391.6, 0
47249.5, 28631.3, 0
48320.1, 24931.6, 0
38712.1, 24542.8, 0
95669.5, 31271.6, 0
69028.5, 17615.7, 0
66443.4, 38458, 0
104722, 54491.8, 0
58042.9, 22964.6, 0
40907.4, 16834.3, 0
62980, 6151.35, 0
31592.1, 21575.8, 0
95677.1, 33299.2, 0
45622.5, 18952, 0
70581.5, 20400.7, 0
29447.2, 19305.8, 0
53465.2, 21734.5, 0
56950.8, 18266.6, 0
88129.3, 21662.4, 0
43041, 12341, 0
84045.1, 42381.1, 0
49729.2, 31269.3, 0
72457.7, 34410.6, 0
23814.3, 6799.34, 0
70909.3, 20757.7, 0
73359.1, 40366.1, 0
95933, 68758.8, 0
47582.4, 33892.2, 0
91737.5, 24520.8, 0
64632.2, 32904.1, 0
122600, 7384.92, 0
46516.8, 17407.4, 0
7956.17, 4947.31, 0
51270.9, 35745.4, 0
32281.5, 20706.6, 0
51362.7, 24945.8, 0
31560.9, 16161.1, 0
55714.9, 27059.6, 0
129964, 26983.1, 0
98733.6, 17402.1, 0
69056.3, 48889, 0
103703, 43286, 0
69990.6, 11917.7, 0
54323.3, 28212.4, 0
86754.2, 20016, 0
87784.3, 26512.3, 0
59668.8, 40328, 0
73791.5, 28315.5, 0
36055.7, 16461.6, 0
20759.3, 7544.58, 0
29161.6, 15976.1, 0
50027.5, 21078.1, 0
40657.6, 21989.5, 0
47407.3, 25302, 0
63902.5, 41218, 0
67963.8, 42115.7, 0
43167.5, 27668.6, 0
95073.7, 44168.4, 0
58374.9, 2046.67, 0
26868.7, 15808.3, 0
70682.9, 29870.5, 0
105146, 35095.3, 0
43279.5, 18826.5, 0
59580.4, 20822.4, 0
96699.9, 12489.8, 0
33171.7, 10345.6, 0
62465.8, 33959.2, 0
96825.9, 52599.8, 0
36878.6, 15470.8, 0
81357.5, 51640.4, 0
62741.3, 40275.7, 0
75749.7, 19455.3, 0
76412.3, 49484.1, 0
57730, 28362.9, 0
83726.9, 38769.9, 0
48193.2, 16315, 0
59286.3, 26395.4, 0
41691.9, 14784, 0
116905, 52398.6, 0
47264, 27404.8, 0
68818.6, 22271.2, 0
72898.3, 40394, 0
62317.5, 42446.5, 0
59898.8, 38276.2, 0
46652.2, 27143.3, 0
63583.6, 36978.4, 0
41725.8, 6857.07, 0
21037.8, 15002.6, 0
57462.4, 35139.3, 0
78312.9, 55589.8, 0
32113.6, 14560, 0
38273.6, 11684.1, 0
69663.2, 35835.6, 0
45383.3, 18175.9, 0
79810.1, 13487.1, 0
60588.6, 4202.44, 0
29475.3, 17746.4, 0
60520.4, 12672.2, 0
23822, 13716.1, 0
83232.8, 4166.96, 0
60308.9, 33110.2, 0
87759.8, 34528.3, 0
55705.2, 11195.8, 0
99714.1, 69021, 0
71958.6, 33993.8, 0
55463.2, 34875.1, 0
68100.7, 47207.3, 0
72958.2, 46529.7, 0
62288, 28911.6, 0
31178.4, 15906.8, 0
72580, 50263.8, 0
61386.3, 36692.6, 0
94665.3, 67580, 0
75445.8, 23475.3, 0
84854.2, 44164.1, 0
47063.7, 17556.4, 0
114312, 42576.7, 0
71045.8, 22270.8, 0
38021.8, 23243.9, 0
49317.4, 34680.4, 0
91374.4, 14899.6, 0
60082.8, 12363.7, 0
41028.7, 12772.1, 0
35895, 10073, 0
97330.6, 47378.1, 0
58404.1, 28194.7, 0
91845.6, 46110.4, 0
50332.4, 35210.4, 0
38814.4, 9175.26, 0
58634.2, 32002.7, 0
60807.6, 13744.7, 0
86137.7, 21175.2, 0
29951.9, 16425.2, 0
48167.5, 25211.9, 0
83314.1, 29424.1, 0
33617.9, 18223.9, 0
68129.8, 45863, 0
61938.5, 37213, 0
68784.4, 33941.6, 0
58190.6, 36052.7, 0
84859.9, 58581.2, 0
74987.5, 45395, 0
50262.2, 17867.5, 0
50867, 23523.7, 0
80755.4, 18749.6, 0
46037.9, 27706.7, 0
51087.8, 14879.4, 0
30000.5, 4086.36, 0
134386, 52923.6, 0
16915.5, 3497.4, 0
10635.8, 3051.99, 0
23824.6, 12170.7, 0
49911.3, 35517.2, 0
85670.9, 31875.4, 0
34727.5, 5241.19, 0
39758.5, 18797.7, 0
69891.3, 21804, 0
106674, 42124.9, 0
133221, 51825.7, 0
90968.9, 38121.8, 0
93004.6, 45195.5, 0
59931.4, 23970.6, 0
70317.4, 33526.6, 0
99818.7, 32329.2, 0
56915.3, 27752, 0
77212.8, 33490.5, 0
114839, 26309.5, 0
53107.9, 31870.3, 0
62326.8, 18542, 0
57828.8, 40033.8, 0
82578.8, 55742.7, 0
52907.6, 36311.4, 0
110346, 74475.7, 0
34222.7, 21885.1, 0
87563.9, 29686.9, 0
57474.4, 4952.11, 0
90144.4, 15903.2, 0
50654.9, 33362.1, 0
110483, 34955.7, 0
72621.6, 34008.3, 0
42010.6, 18311.4, 0
39117.1, 4819.02, 0
42550.9, 26679.6, 0
12902.2, 8541.43, 0
90346.3, 55505.4, 0
29999.1, 4684.02, 0
45917.7, 27313.3, 0
53496.4, 15531.6, 0
39659, 18308.6, 0
64470, 36363.3, 0
48941.1, 30512.7, 0
57361.5, 31818.9, 0
45668.3, 32345.7, 0
58918.9, 18646.5, 0
99609.6, 26184.3, 0
92390.5, 60188.4, 0
91006.8, 11458.2, 0
100206, 14638.6, 0
28537.4, 20045.6, 0
59126.2, 16106.4, 0
55428.8, 5726.88, 0
19502.3, 6913.68, 0
87496.7, 25315.7, 0
65841.7, 26455.9, 0
94440.2, 54305.9, 0
95045.7, 62277.2, 0
51993.6, 25798.8, 0
68869.7, 27971.5, 0
25862.3, 4862.5, 0
133599, 48333.3, 0
81866.7, 29835, 0
38416.5, 2317.65, 0
51562.8, 35205.1, 0
109128, 57804.1, 0
57733.9, 19510.5, 0
65937, 19795.6, 0
83222.3, 22870, 0
56672.7, 39787.9, 0
25767.4, 9315.99, 0
34190.2, 22521.4, 0
64630.9, 8825.81, 0
69672, 14160.3, 0
85432.1, 43194.1, 0
18126.5, 10096.1, 0
70739.7, 33241.4, 0
90492, 9701.51, 0
76569.8, 36477.2, 0
103405, 61582.5, 0
75978, 7311.46, 0
43941, 27628.8, 0
83641.3, 56084.6, 0
94646.4, 31244.7, 0
110932, 31349.7, 0
92003, 17190.6, 0
81529, 27050.1, 0
59231.7, 32362.4, 0
57286.1, 35930.1, 0
107181, 61811.5, 0
73272.7, 40357, 0
69244, 6308.11, 0
40741.7, 27224, 0
97100.7, 57206.5, 0
68832.8, 30252.1, 0
26667.5, 5859.78, 0
56744.3, 30767.9, 0
54674.6, 24884, 0
5612.84, 3233.68, 0
77916.9, 53413.3, 0
113428, 80969, 0
53945.3, 9814.02, 0
52960.1, 33687.8, 0
49551.1, 32060.9, 0
89103, 47911.3, 0
89843.7, 48071, 0
71551.4, 51223.3, 0
15523.6, 2541.5, 0
35379.2, 22181.2, 0
69691.1, 42815.8, 0
91261.3, 38498.6, 0
104457, 55302.6, 0
92278.5, 20203.2, 0
101548, 23552.6, 0
64081.1, 21976.3, 0
66332.6, 22995.6, 0
60616.9, 36793.4, 0
88046, 55489.9, 0
70055.4, 48264.3, 0
62461.5, 22413.8, 0
88717.2, 22968, 0
68006.2, 28444.7, 0
54150.2, 16842.2, 0
66952.7, 9597.97, 0
45138.7, 27798.3, 0
34927.3, 17577.6, 0
31385.3, 17887.7, 0
76399.7, 46388.4, 0
42511.1, 15041.2, 0
51202.9, 31663.5, 0
59742, 30068.8, 0
80540.3, 26130.5, 0
28812, 15397.7, 0
84474.5, 47453, 0
39185.4, 16695.4, 0
137607, 57054, 0
67654.9, 18899, 0
36815.9, 18552, 0
32917.6, 7766.93, 0
32014.5, 3479.88, 0
39055.5, 8009.02, 0
62462.2, 37090.4, 0
58766.1, 34133.3, 0
167786, 11452.4, 0
54730, 32709, 0
24227, 6226.16, 0
102481, 29371.7, 0
96429.6, 20576.7, 0
65369.8, 42796.3, 0
66445.1, 28818.3, 0
59897.6, 34751.6, 0
60404.2, 21397.7, 0
40023.8, 6435.3, 0
53012.3, 37933.3, 0
63748.2, 29508.4, 0
62811.7, 127.082, 0
69108.6, 33938.7, 0
31268.3, 20224.1, 0
82509.5, 19603.6, 0
58706.4, 37223.2, 0
22652.2, 3666.23, 0
76754.2, 44105.5, 0
107081, 62906.4, 0
66101.5, 13797.4, 0
73870.6, 19739.9, 0
39062.9, 26307.3, 0
46898.5, 10938.9, 0
18366.3, 7260.17, 0
112929, 38712, 0
53485.3, 5573.4, 0
89495.7, 52553, 0
54405, 34967.6, 0
85733.1, 32568.7, 0
68173.1, 29061, 0
124270, 43921.2, 0
110010, 55465.6, 0
69826.4, 35602.4, 0
25484.7, 16311.5, 0
62740.7, 24832.9, 0
36112.7, 20309.2, 0
45295.2, 31105.6, 0
45314, 29109.7, 0
108437, 52895.2, 0
52784.1, 37700.2, 0
61135.1, 39744.4, 0
14982.5, 10344.6, 0
33414.9, 16700.2, 0
20498.6, 2799.4, 0
48387.8, 22825.3, 0
86821.7, 51736.6, 0
63448.4, 34698, 0
13701.4, 9724.03, 0
78383, 15443.7, 0
55892.1, 26880.8, 0
46676.5, 21323.9, 0
78300.3, 15876.5, 0
95288.5, 12185.1, 0
46962.4, 18304.8, 0
56324.6, 40285.5, 0
101967, 69884.1, 0
132783, 34167.8, 0
44841.8, 18788.2, 0
40589.4, 26870.5, 0
67243.8, 26249.2, 0
65451.9, 28867.4, 0
39178.4, 18468.9, 0
90824.6, 45783.7, 0
70461.2, 20011.8, 0
57289.3, 27890.8, 0
98291.2, 64389.7, 0
51660.4, 35355.4, 0
28552, 18787.3, 0
73840.5, 21166.1, 0
39919.4, 22962.7, 0
62129.2, 33988.8, 0
60914.5, 43761.8, 0
63312.7, 27849.8, 0
64965.5, 31702.7, 0
70790.1, 7579.99, 0
45182.6, 8158.93, 0
58233.4, 12599.6, 0
61005.1, 37024, 0
76364.5, 54051.8, 0
58462.8, 35097.6, 0
77044.2, 36060.1, 0
56197.3, 38734.3, 0
48784.4, 13738, 0
75372.5, 43057.6, 0
25230.3, 7301.83, 0
56507.8, 16934.7, 0
43319.7, 26346.3, 0
66855.6, 34879, 0
39602.8, 3859.54, 0
11225.7, 7853.54, 0
108780, 73315.4, 0
70888.5, 47330.1, 0
88241.6, 56099, 0
83478.7, 38144.8, 0
70011.1, 42959.9, 0
75282.4, 19985.3, 0
52563.5, 21114.5, 0
95739.7, 26435.8, 0
71274.4, 48354.8, 0
55735, 10258.4, 0
59427.1, 9551.2, 0
67600.2, 25683, 0
52938.3, 21946.9, 0
61459.6, 954.038, 0
149575, 54535.5, 0
68274.6, 39400.1, 0
21251.2, 15286.1, 0
49033.7, 14634.8, 0
64033.6, 29350.4, 0
49634.3, 14089.9, 0
42901.5, 30029.5, 0
70696.5, 43337.6, 0
60309.4, 20912.3, 0
61410.4, 31450.5, 0
52048.4, 23684.4, 0
42709.4, 20965.5, 0
73058.3, 45515.9, 0
38096.2, 23719.5, 0
51724.3, 32917.9, 0
67782.7, 46821.6, 0
79344.1, 52474, 0
98467.8, 55114.6, 0
44797.4, 18799.8, 0
88429.9, 50469.6, 0
38321.8, 18565.1, 0
36091, 16956.9, 0
43384.2, 6954.17, 0
77150.5, 14565.4, 0
37692, 19090.1, 0
105848, 28604.1, 0
53061.3, 25782.1, 0
54205.2, 28945.9, 0
49938.1, 23948.1, 0
37840.6, 19551.4, 0
50169.7, 17981.5, 0
32615.4, 17656.1, 0
48946.4, 25972.4, 0
89516.9, 8310.6, 0
101962, 37235.5, 0
67514.1, 15447.3, 0
52808.6, 15912, 0
77802.5, 49324.2, 0
24280.7, 14051.2, 0
55146.2, 33897.1, 0
43475.3, 23815.9, 0
73971.7, 38690.6, 0
85342.6, 60106.6, 0
46325.9, 13904, 0
56457.4, 8295.73, 0
49386.3, 21863.5, 0
61205.9, 42415.7, 0
85202.3, 49571.6, 0
51690.1, 25971, 0
42911.8, 15454.5, 0
103192, 46083.3, 0
67233, 21896.4, 0
98016, 67958.7, 0
21351, 15151.5, 0
74348.6, 24737.1, 0
36338.4, 20142.4, 0
23920.1, 11258.1, 0
53764.6, 31788.9, 0
41159.6, 22003.1, 0
68494.8, 47413.3, 0
28006.3, 13902.5, 0
52223.7, 34824.2, 0
66468, 36936.7, 0
58074.7, 3925.36, 0
90722.2, 46668.1, 0
116713, 41564.1, 0
37181.8, 24240.5, 0
109564, 4609.79, 0
94697.6, 66971, 0
19671.8, 10187.9, 0
51189.1, 18466.4, 0
58908.8, 34176.6, 0
91634.4, 56824, 0
38406.9, 21062.1, 0
48304.4, 29811.8, 0
87987, 41697.2, 0
27924, 8269.5, 0
27261.4, 10210, 0
118025, 74949.8, 0
68708.6, 12655.2, 0
71707.9, 47874.3, 0
51169.1, 34289.1, 0
35767, 9417.82, 0
31632.7, 19701, 0
77492.3, 37777.6, 0
57571.4, 24914.8, 0
48090.5, 27463.9, 0
29884.9, 11200.2, 0
69107, 42528.9, 0
122671, 59264.9, 0
77757.9, 54615.4, 0
90166.4, 4604.37, 0
43567.9, 22259.9, 0
55678.2, 33946.3, 0
75148.2, 20081.3, 0
40991.8, 16727.7, 0
67693.2, 39317.2, 0
29526.6, 18780.8, 0
117655, 31884.5, 0
46669.8, 21497.4, 0
74297.4, 48012.2, 0
60857.6, 38419.4, 0
99384.7, 63508.2, 0
9743.29, 3971.16, 0
75907.8, 44436.3, 0
98036.7, 64528.6, 0
93308, 27253.7, 0
33048.4, 14566.7, 0
22174, 2028.72, 0
80693.9, 53113.2, 0
46181.8, 24743.4, 0
41704.7, 23991.7, 0
103469, 68238.8, 0
52524.8, 36840.7, 0
47151.2, 32332.6, 0
94505.6, 55373.2, 0
37733.7, 10679.3, 0
70610, 5957.2, 0
85069.1, 57663.1, 0
60324, 39235, 0
60518, 17293.5, 0
39018.2, 21021.4, 0
32322, 15369.1, 0
48739.4, 7713.81, 0
29434.9, 7882.07, 0
22951.4, 13983.6, 0
55660.9, 24563, 0
96373.7, 15272.6, 0
61379.2, 36418, 0
118979, 40562.3, 0
24649.3, 14128, 0
101204, 59498.2, 0
88590, 49335.5, 0
82159, 28099.7, 0
73290.7, 46961.2, 0
61518.2, 17659.7, 0
32101.7, 17775.5, 0
85445.6, 53799.2, 0
113936, 47871.4, 0
97079.6, 31652.7, 0
36568.4, 8629.44, 0
70114.6, 46189.3, 0
49786.5, 16782.2, 0
71667.8, 8148.05, 0
37790.6, 26751.2, 0
85997.1, 55150.3, 0
59913.2, 38791.8, 0
82526.5, 51973, 0
69958.1, 31567.2, 0
64758, 28790, 0
66727.2, 35445.2, 0
91123.9, 51664.9, 0
66599.7, 28030.1, 0
60036.7, 13272.5, 0
96303.5, 43398.1, 0
50408.8, 20396.3, 0
37024, 20937.3, 0
58867, 6761.27, 0
158516, 63909.9, 0
133193, 8167.05, 0
83367.4, 9513.88, 0
56159.2, 33492.8, 0
64328.2, 31190.7, 0
80159.4, 56663.4, 0
69876.9, 42828.9, 0
79473.5, 57086.5, 0
29364.6, 19970.6, 0
35326, 21388, 0
52628.2, 16184.8, 0
46406.1, 20729.2, 0
71891.7, 42540.1, 0
76152.2, 11902.8, 0
80425.2, 25793.8, 0
86220.1, 6319.57, 0
78012.7, 29687.5, 0
84030.5, 38007.3, 0
37253, 19149.9, 0
58579.8, 20981, 0
53304.9, 34351, 0
97202.5, 46184.1, 0
36420.1, 19474.2, 0
71565.4, 43096.4, 0
93998.1, 53805.9, 0
74106, 29876.6, 0
87624.1, 54278.2, 0
54047.7, 29179.7, 0
51982.8, 16856.8, 0
89605.2, 56983.1, 0
37320.9, 5116.01, 0
32014.6, 18332.1, 0
92119.8, 14618.8, 0
48452.7, 30856.2, 0
75659.8, 38372.5, 0
64907.9, 33361.2, 0
36530.7, 19948.8, 0
92578.1, 24744.8, 0
122403, 51321.4, 0
42723.4, 13570.2, 0
47896.8, 28912.5, 0
65507.7, 44509.8, 0
55719.3, 34518.2, 0
71629.4, 39154.7, 0
60836.1, 13236.7, 0
78422.9, 28415.1, 0
60747.7, 26304.5, 0
52712.4, 34763.3, 0
83017.7, 54107.1, 0
13642.7, 5421.82, 0
77472.1, 29000.5, 0
34040.5, 20264.1, 0
26914.2, 16931.4, 0
107861, 66434.5, 0
38091.4, 19955.4, 0
63359.6, 7619.94, 0
63236.2, 40025, 0
88603.9, 34221.3, 0
63453.7, 43470.3, 0
137153, 65844.5, 0
85979.7, 45589.4, 0
67305.8, 18984.8, 0
18195.6, 12719.1, 0
37681.8, 7043.81, 0
51018.8, 27195.1, 0
70160, 48920.9, 0
90481.9, 43678.4, 0
68530.6, 33575, 0
63516.9, 34457.5, 0
30687.7, 19051, 0
80533.5, 43165.6, 0
42893.3, 27141.3, 0
22178.2, 5345.74, 0
57278.8, 41008.8, 0
104602, 12340.7, 0
67866.6, 40122.4, 0
53624.6, 31431.6, 0
17754.5, 8721.68, 0
40938.2, 28314.9, 0
30446.1, 15746.7, 0
67229.5, 46239.4, 0
75321, 51600.5, 0
121211, 43132.5, 0
109431, 58615.3, 0
46059.9, 20193.4, 0
92793.9, 31028.3, 0
18335.2, 11760.7, 0
30837.8, 13656, 0
38095, 23892, 0
32758.7, 3379.98, 0
58780.6, 1946.88, 0
28164.4, 10207.8, 0
115042, 54262.4, 0
63559.2, 17107.7, 0
33956.3, 9277.97, 0
96257.3, 42174.3, 0
33590.6, 15756.3, 0
99713.5, 44289, 0
83892.4, 30243.2, 0
96305.8, 35768.5, 0
100558, 60899.6, 0
56503.8, 21848.5, 0
73453.6, 47021.4, 0
35822.8, 18218.4, 0
80504.6, 34736.2, 0
20169.8, 12741.6, 0
69986.2, 48825.4, 0
103676, 16406.3, 0
75534.5, 37000, 0
34405.1, 11545.8, 0
68890.8, 39036.6, 0
55945.8, 38041.5, 0
23739.2, 12415.4, 0
62234.7, 27187.8, 0
41595.7, 23773.7, 0
79397.9, 56694.6, 0
57008.9, 28269.9, 0
24968, 17844.3, 0
80853.5, 43674.2, 0
58852.2, 5401.69, 0
23507.1, 2975.78, 0
52680.2, 6022.08, 0
62313.2, 17715.9, 0
23470.1, 11199.8, 0
57575.5, 21836.6, 0
57029.3, 39596.5, 0
43187.6, 18608.6, 0
32519.4, 20973.3, 0
69267.7, 26648.7, 0
64966, 33556, 0
39628.8, 25999.4, 0
31269.7, 11936.3, 0
40519.2, 24032.9, 0
23665, 9630.03, 0
53363.8, 33998.4, 0
49803.9, 13427, 0
129334, 39598.2, 0
37035.2, 9951.72, 0
72479.4, 24944.3, 0
130723, 50492.6, 0
53630.7, 5312.33, 0
50232.3, 32244, 0
24164.6, 4476.36, 0
53526, 21614.8, 0
129870, 44187.6, 0
44053.9, 19818.6, 0
44909.1, 28238.9, 0
101496, 51879.6, 0
89938.9, 58248.3, 0
109026, 78345.8, 0
33824.5, 21919.8, 0
65014.5, 41273.6, 0
76599.9, 13545.2, 0
87772.3, 6021.97, 0
82900.8, 20425.5, 0
116902, 53296, 0
54948.8, 39049, 0
55624.6, 21920.3, 0
72113.3, 7568.19, 0
158756, 32616.9, 0
60622.3, 20938.9, 0
96654.5, 43727.6, 0
106817, 55784.9, 0
29193.3, 15982.6, 0
77815.6, 38140.7, 0
64198.5, 44788.7, 0
58907.7, 23546, 0
152494, 99110.7, 0
110260, 33978.1, 0
116844, 69141, 0
56427.5, 24024.4, 0
62961.5, 32052.4, 0
69141.6, 22824.9, 0
92093.3, 62672.6, 0
64872.1, 28427.1, 0
59581.8, 27418.1, 0
81132.4, 37367, 0
67280.6, 20294.3, 0
62588, 32031.9, 0
98160.9, 26403.1, 0
47754.2, 31240, 0
98807.9, 37108.6, 0
96150.8, 64701.4, 0
83921.5, 30835, 0
50326.9, 18557.1, 0
75260.2, 52041.6, 0
79158.8, 31644.1, 0
41944.1, 22463.1, 0
33260, 11813.9, 0
65024.3, 17035.1, 0
99682.4, 39606.7, 0
99211.3, 58129.8, 0
79008.3, 39929.6, 0
110889, 19689.4, 0
121956, 57588.4, 0
28962.7, 14288.6, 0
56789.7, 8908.29, 0
51210.8, 36099.1, 0
35218, 21551.5, 0
19350.6, 4571.05, 0
109975, 34315.6, 0
22918.9, 7513.52, 0
54146.1, 28483.3, 0
11921.2, 4988.59, 0
76599.4, 20604.3, 0
86549.5, 51703, 0
72802.7, 18700, 0
74622.7, 38087.1, 0
106820, 73036.7, 0
64632.8, 28779.8, 0
96032.5, 19571.9, 0
93524.1, 67207.6, 0
76200.1, 47712.1, 0
74895.2, 42206.8, 0
65093.8, 22627, 0
49418.8, 20047.1, 0
26590.4, 16594.9, 0
63098.2, 17950.1, 0
118357, 51409.2, 0
60585.2, 37581.4, 0
94044.8, 29761, 0
62314.6, 27652.3, 0
82972.3, 55620.8, 0
9204.33, 6386.01, 0
81561.8, 53463.5, 0
85499.1, 30100.1, 0
106793, 56518.4, 0
86197, 49718.6, 0
81383.5, 55726.4, 0
55408.7, 14155.8, 0
9042.28, 5060.53, 0
69211.2, 44403.9, 0
38970.9, 7673.77, 0
77075.7, 28338.8, 0
29244.8, 16926.3, 0
42031.8, 15502, 0
61522.2, 25761.3, 0
69512.2, 32092.8, 0
70226.7, 9516.12, 0
31171.8, 5232.63, 0
109073, 69295.9, 0
65229.1, 21790.9, 0
59383.9, 40835.7, 0
23079.7, 4906.78, 0
76096.1, 34210.5, 0
64122.7, 6729.77, 0
69659.1, 47082.8, 0
75326.7, 50124.2, 0
60123.5, 41582.7, 0
35240.9, 25185.4, 0
42699.8, 12798.2, 0
14147.1, 5239.21, 0
34486.1, 5118.29, 0
133551, 58867.1, 0
31048.9, 20432.7, 0
53935.1, 37941, 0
36570, 16269.9, 0
48927.1, 34281.4, 0
99689.8, 55099.2, 0
81314.9, 41288.7, 0
27837.6, 17509.4, 0
39101.8, 26997.2, 0
110704, 8610.91, 0
37328.6, 21017.9, 0
44684.7, 14506.6, 0
27855, 15711.3, 0
27734.3, 14132.6, 0
75839.8, 46357.9, 0
89881.1, 8175.4, 0
33403.4, 16703.3, 0
50512.8, 29963.6, 0
47883.5, 19538.3, 0
54075, 30602.1, 0
34618.5, 21430.3, 0
21278.9, 14243.2, 0
44021, 23866.3, 0
29713.3, 3854.06, 0
24249.5, 2221.22, 0
20066, 13132.7, 0
94477.2, 33185.8, 0
47357.1, 27772.3, 0
40073.8, 27677.2, 0
30064.7, 20474.7, 0
62697.3, 27476.7, 0
42434.3, 22392.8, 0
47731.3, 29796, 0
130469, 36243.1, 0
19127.2, 4812.18, 0
23492.2, 7395.61, 0
92661.7, 57395, 0
34546.4, 14319.8, 0
69370.4, 41055.6, 0
132962, 19682, 0
78459.8, 19673.1, 0
61710.2, 26623, 0
81965.6, 36341.3, 0
59609.4, 31396.3, 0
17417.6, 10823, 0
43312.9, 22907.8, 0
96350.7, 42875.8, 0
35217.9, 23316.4, 0
65285.1, 29484.8, 0
46589.1, 20468.9, 0
23008.9, 2996.75, 0
62373.5, 20478.5, 0
29187.4, 4016.24, 0
42296.6, 6490.4, 0
62727.2, 32862.7, 0
27490.9, 18105.4, 0
86937.5, 59524, 0
59771.8, 13137, 0
94402.6, 60651.3, 0
20313.4, 14459.3, 0
63729.6, 42663.7, 0
43639.2, 16797.9, 0
65351.6, 9606.48, 0
71412.3, 31466.2, 0
34100.3, 8210.88, 0
79579.1, 56193.6, 0
135362, 40764.9, 0
108935, 73056.3, 0
61328.3, 35481.1, 0
48815.2, 28261, 0
84760.4, 43553.6, 0
51942.7, 25679.8, 0
29043.4, 13620.9, 0
28104.1, 18556.2, 0
48505.7, 21131.4, 0
33814.5, 5961.36, 0
32521.5, 17300.3, 0
91609.8, 35915, 0
55598.7, 27576.9, 0
101802, 64680.2, 0
51087.7, 34757.5, 0
49847.3, 29415.6, 0
69440.7, 9856.27, 0
32783.4, 22954.6, 0
80732.9, 52042, 0
62524, 41752.1, 0
76409, 48860.4, 0
49313.2, 27732.1, 0
79563.7, 43860.1, 0
75604.3, 48844.2, 0
57395, 39687.8, 0
82116.3, 51311.2, 0
48339.4, 31716.3, 0
46666.9, 28813.4, 0
47902, 25239.9, 0
50138.5, 33674.6, 0
56892.6, 40051, 0
45412.3, 14913.1, 0
101735, 8231.48, 0
66415.9, 39373.8, 0
78406.6, 27814.7, 0
55760.3, 26948.7, 0
44466.7, 17161.5, 0
67288.7, 39188.9, 0
58888.3, 34696.3, 0
22338.3, 6074.01, 0
53979.4, 36891.1, 0
102221, 23804.8, 0
58101.7, 35945.8, 0
34650.5, 17313.4, 0
47555.9, 28437.3, 0
62008.4, 38409.3, 0
195552, 20253, 0
35619, 13303.2, 0
58612.3, 6001.93, 0
49819.4, 27923.5, 0
47179.8, 24966.1, 0
61794.3, 39432.4, 0
38574.3, 16458.8, 0
83820.4, 5511.96, 0
60501.6, 27246.3, 0
53496.5, 7442.34, 0
42903.5, 11661.8, 0
119100, 65499.2, 0
82249.2, 37604.9, 0
62583.8, 34730.1, 0
54141.6, 36107.7, 0
95399.4, 48465.7, 0
19176.9, 3447.69, 0
71349.1, 50384.7, 0
116173, 46890.6, 0
41966.5, 5466.18, 0
27307.5, 12970.3, 0
85398.7, 55113.9, 0
24849.1, 16593.9, 0
71504.2, 33214.6, 0
47051.8, 29586.8, 0
53079.4, 16519.9, 0
74546, 48338.7, 0
37957.3, 23236.7, 0
81701.4, 49748.2, 0
52291.5, 24969.8, 0
45662.3, 20926.3, 0
85093.3, 8668.58, 0
63002.9, 45365.8, 0
99257, 19432.5, 0
87853.6, 26297.1, 0
111795, 37029.5, 0
56518.9, 29373.4, 0
36840.4, 22271.1, 0
64290.3, 27126, 0
94094.8, 35333, 0
78213, 37760.6, 0
86663.8, 28208.2, 0
87599.4, 16968.6, 0
45234.4, 24477.5, 0
54375.9, 34458.3, 0
76541.8, 36486, 0
21583.8, 6455.33, 0
41267, 11089.4, 0
48136.4, 25895.2, 0
22445.9, 13924.5, 0
61108.9, 16775.7, 0
78836, 46419.2, 0
43725, 26555, 0
68776.6, 40698.9, 0
49669.6, 24055.3, 0
29279.3, 19277.7, 0
32739.7, 20410, 0
88532.6, 28634.3, 0
74815.1, 51275.2, 0
44486.6, 18533.9, 0
98983.7, 63935.5, 0
85739.1, 29755.2, 0
97011.4, 32943.7, 0
26965.7, 14302.8, 0
39360.2, 11475.5, 0
62195.5, 44426.5, 0
96859.6, 57014.8, 0
5623.92, 2577.69, 0
59519.5, 28435, 0
71184.9, 20415.6, 0
50687.2, 34269.4, 0
43181, 23308.6, 0
56490.1, 26741.7, 0
29395.2, 18407.8, 0
74842.2, 28384.6, 0
61639.2, 41650.5, 0
84134, 36429.3, 0
82281.5, 21393.1, 0
26416.3, 9375.05, 0
31821.6, 9612.14, 0
47109.3, 25277.3, 0
45397, 23110.5, 0
112238, 5059.14, 0
85067.3, 50350.2, 0
83860.2, 26957.2, 0
90732.1, 7706.86, 0
39683.3, 24823.3, 0
85518.9, 18537.5, 0
96820.9, 51521.6, 0
93639.7, 39633.4, 0
95598.2, 29564.7, 0
81015.8, 42061.6, 0
69907.7, 39901.5, 0
89258, 59928.5, 0
57127.1, 25224.7, 0
58516.8, 39439.9, 0
97392.4, 20543.5, 0
46927.7, 26388.3, 0
94423.1, 49833.7, 0
54125, 36019.4, 0
129651, 33577.1, 0
101635, 51012.7, 0
71128, 14085.4, 0
100386, 19417.1, 0
30396.9, 21695.8, 0
56589.5, 18577.7, 0
16878.1, 11474.1, 0
68910.4, 33835.1, 0
56256.7, 18811, 0
76399.4, 54323.8, 0
74789.2, 5309.9, 0
44316.6, 20587.8, 0
96270.9, 54376.5, 0
90992, 56350.7, 0
94443.5, 5161.95, 0
60919.3, 30279.5, 0
42271.1, 26610.3, 0
144902, 53859.4, 0
89587.7, 33657.9, 0
91970.7, 61492.5, 0
100864, 72417.6, 0
48570.8, 25318.5, 0
11851.1, 8141.66, 0
74535.5, 33980, 0
28949.7, 15855.6, 0
53863.5, 16621.7, 0
73346, 46089, 0
93399.8, 52540.2, 0
35245.5, 24189.8, 0
94521.6, 66931.5, 0
98741.8, 42235.6, 0
53312.9, 32937.1, 0
84824.6, 52924.4, 0
6953.01, 2209.67, 0
58145.8, 9336.15, 0
54546.2, 29333.3, 0
43897.8, 13864.5, 0
58544.2, 12642.3, 0
117760, 24271.9, 0
56620.2, 27826.8, 0
71584.7, 29380.3, 0
69804.5, 33854.1, 0
39278.8, 24687.6, 0
86295, 49564.3, 0
37209.2, 7429.69, 0
107566, 35625.4, 0
66132.6, 16317.2, 0
30782.3, 7126.02, 0
70361.6, 43632, 0
54056.2, 22107, 0
16681.2, 8820.16, 0
21109.5, 13294.6, 0
63486.5, 24424.1, 0
33533.6, 14529.5, 0
17595.1, 6334.11, 0
49872.6, 27137.9, 0
81876.9, 11279.1, 0
29444.6, 15907.4, 0
90695.5, 48068.6, 0
109646, 27864.7, 0
39111, 22440.6, 0
66265.5, 14603.2, 0
89433.6, 48860.4, 0
106182, 56522.9, 0
55293.5, 35449.7, 0
60990.8, 9655.51, 0
46352.3, 25162.4, 0
30610.4, 18677.2, 0
48145.8, 27717.7, 0
107935, 30394, 0
77640.5, 24620.3, 0
53956.7, 4329.49, 0
50432.3, 24397.2, 0
82972.5, 57795.5, 0
70465.7, 19202.1, 0
55043.5, 34310.8, 0
7591.47, 4840.9, 0
100496, 42139.7, 0
99217.8, 44432.1, 0
79546.1, 56088.8, 0
22386.9, 13933.8, 0
41731.8, 27870.9, 0
29584.2, 10190.3, 0
61761.4, 40712.4, 0
88977.2, 59581.1, 0
92008.4, 5536.68, 0
37231.5, 12186.4, 0
82020.1, 23007.7, 0
39200, 6510.32, 0
22384.2, 6293.18, 0
60129.6, 39189.5, 0
48820.1, 33307.1, 0
35454.3, 22463.7, 0
63087.5, 29573.8, 0
37712.2, 16901, 0
86751.6, 43754.6, 0
72298.3, 30804.5, 0
76548.9, 49090.8, 0
74124.8, 44359.4, 0
85405.3, 49633.9, 0
78278.1, 30472, 0
70507.8, 41068.6, 0
62323.5, 43597.9, 0
65403.1, 9629.07, 0
79828.5, 24157.3, 0
55577.1, 36950.8, 0
37017.5, 22618.9, 0
71463.7, 38408.3, 0
81900.3, 15791.2, 0
48566.9, 10174.5, 0
10136.2, 3423.54, 0
73312.9, 33168.1, 0
70231, 31634.6, 0
90217, 47055, 0
46416, 26184.6, 0
35017.3, 23587.4, 0
120030, 29058.2, 0
85619, 19617.4, 0
79491, 35150.5, 0
71529.7, 38246.8, 0
48305.8, 16136.1, 0
88448.7, 46610.6, 0
84708.6, 29633.6, 0
49741.7, 33657.7, 0
21296.1, 11419.4, 0
89678, 29917.2, 0
102828, 44739.6, 0
71099.9, 49008.2, 0
88806.9, 63425.3, 0
110203, 67033.9, 0
42135.9, 25878.7, 0
72609.4, 26445.7, 0
55767.7, 23987.3, 0
39252.3, 17616.7, 0
81280.8, 25219.6, 0
31822.8, 4378.13, 0
59860.5, 23750, 0
29065.6, 15689.3, 0
45281.5, 2317.61, 0
89407.2, 49275.6, 0
53930.7, 21503.6, 0
132944, 48001.3, 0
79281.1, 10537, 0
130956, 53279.8, 0
93585, 46389.2, 0
48390.8, 14224.7, 0
107579, 58382.3, 0
24386.5, 14023.6, 0
44052.3, 28050, 0
58416.8, 18795.5, 0
62253.1, 33210.9, 0
16227.2, 5858.67, 0
72744.7, 11938, 0
71371.9, 43123.3, 0
44363.9, 9782.76, 0
50364.8, 6360.83, 0
72127.4, 24324.5, 0
92339, 31246.2, 0
52243.8, 33294.1, 0
60155.1, 41594.7, 0
37722.1, 6585.51, 0
66838.8, 47288.7, 0
36358.5, 7610.41, 0
50194.2, 32294.9, 0
84517, 52168, 0
154336, 62815.5, 0
133429, 18269.3, 0
57009, 24349.9, 0
28210.5, 3925.72, 0
54791.1, 15094.3, 0
65151.7, 20124.5, 0
68212.8, 32718.2, 0
56533, 36599.3, 0
72784.8, 50627.2, 0
45401.9, 28830.2, 0
64060.8, 43145.9, 0
53362.9, 21489.6, 0
31869.2, 19708.1, 0
52152.2, 9774.59, 0
121873, 72418.6, 0
28709.4, 16888, 0
59219.7, 38016.2, 0
93324.9, 54582.5, 0
44610.7, 27050.2, 0
28041.3, 9997.23, 0
34093.5, 16848.8, 0
52964.1, 30404.7, 0
52289.6, 6776.67, 0
44805.6, 26166.4, 0
66892.2, 33095.9, 0
51856, 34538.5, 0
93637.2, 59976.5, 0
34754.2, 18671.5, 0
52252.5, 35661.3, 0
42802.1, 28040.4, 0
62411.9, 41148.2, 0
84381.8, 21875.3, 0
86075.1, 39241.9, 0
23628, 14590.3, 0
47558.7, 22163, 0
44994.3, 21919.9, 0
22172.5, 11868.5, 0
37345, 12752.4, 0
44215.7, 14472.7, 0
52889.6, 37192.2, 0
29393.6, 13849.4, 0
42917.7, 30369.5, 0
120021, 57544.3, 0
43457.7, 29555.3, 0
43703.8, 20805.5, 0
60638.8, 40082.6, 0
60016.7, 22955.8, 0
28635, 14621.4, 0
33553.8, 13851.4, 0
60977.5, 41532.8, 0
68653.3, 33981.6, 0
71138.9, 49623.2, 0
34363, 20205.5, 0
56862.3, 31372.1, 0
94818.6, 48619, 0
110788, 60179.3, 0
51697, 21328.7, 0
31476.6, 19209.5, 0
20842.2, 13822.8, 0
36095.2, 17180.9, 0
74338.2, 2351.37, 0
54901.5, 34661.8, 0
57398.9, 39196.9, 0
59317.2, 16145.5, 0
100899, 55926.6, 0
32157.1, 4206.34, 0
77784.4, 24139.3, 0
89410.6, 62858.7, 0
80772.5, 44855.4, 0
71703.2, 39965.8, 0
98811.3, 45713.6, 0
93585.9, 27887.8, 0
52562.8, 37537.2, 0
90031.1, 28255.6, 0
82313.9, 32180.2, 0
60765.4, 30814.7, 0
83446.6, 36412, 0
59644.4, 12024.3, 0
87114.3, 45915.4, 0
75465.1, 22189.1, 0
18943.6, 7062.6, 0
54068.6, 33022.7, 0
52141.7, 8476.73, 0
63752.5, 13270.1, 0
102189, 25021.2, 0
54244.5, 13898.7, 0
67093.5, 30427.6, 0
27803.7, 19372.3, 0
68921, 25801.4, 0
138020, 51406.4, 0
28381.2, 16196.3, 0
93286.7, 57752.3, 0
41628.1, 25326.4, 0
93069.1, 20742.1, 0
50691.7, 32439, 0
93720.3, 60055, 0
96566.7, 47538.5, 0
86454.8, 11078, 0
80463.9, 25965.8, 0
37691.6, 25261.9, 0
81701.4, 10864.6, 0
74582.1, 42769.5, 0
41313.6, 4084.98, 0
67388.3, 23902, 0
73736.1, 1516.67, 0
60582.7, 9055.96, 0
35481.7, 22446, 0
106356, 41086.6, 0
47334.7, 30703.3, 0
62999.4, 24249.4, 0
63942.5, 33883.8, 0
38860, 23356, 0
30673.4, 16828.2, 0
31664.9, 12410.9, 0
36885.8, 9317.18, 0
62404.8, 6293.53, 0
29587.6, 20308.1, 0
70977.7, 34554.5, 0
68446.5, 41786.5, 0
85282.1, 51540.6, 0
74914.8, 36253.3, 0
48635.4, 15930.7, 0
58986.1, 33588.2, 0
38836.8, 9348.87, 0
73920.6, 41927.7, 0
83306.7, 18352.7, 0
20189.7, 11485.1, 0
33038, 6799.91, 0
21631.7, 15565.7, 0
84222.5, 32161.6, 0
92587, 32161.9, 0
88260.2, 43123.1, 0
65600.9, 35677.5, 0
73370.2, 12457.6, 0
92163.7, 32669.6, 0
109292, 30776.5, 0
78236, 44956.9, 0
100129, 47332.9, 0
100499, 53618.4, 0
64893.1, 10506.7, 0
48951.6, 34420.5, 0
77237, 25164.1, 0
41669.4, 16875, 0
97012.8, 61572.8, 0
36322.8, 7598.28, 0
39290.3, 14220.5, 0
100354, 35309.2, 0
35678, 19842.2, 0
72515.5, 38268.3, 0
25375.2, 16427.6, 0
37566.7, 21140.1, 0
118750, 65913.4, 0
26612.6, 3483.85, 0
48147.1, 23751.7, 0
54904.6, 14079.5, 0
36072.6, 5851.8, 0
62165.9, 30277.8, 0
91954, 31081.8, 0
74047.1, 36788.4, 0
29068.8, 8417.32, 0
87700.6, 42124.5, 0
40310.4, 5449.57, 0
66390.2, 20779.7, 0
26921, 11599.4, 0
63536, 26434.3, 0
90471.2, 52238.2, 0
66205.5, 29371.7, 0
130382, 28895.2, 0
82366.2, 58435.3, 0
37128.3, 19463, 0
59588.9, 30643.3, 0
48734.9, 34016.5, 0
31557.5, 4924.81, 0
32093.3, 12913.6, 0
63477.3, 42117.7, 0
62573.3, 15166.3, 0
72790, 43778.6, 0
112587, 56393.8, 0
51533.4, 27688.2, 0
64270.6, 22278.1, 0
98658.6, 54826.9, 0
84587.9, 17319.2, 0
62745.8, 32214.8, 0
88883.2, 62542.1, 0
49562.9, 21587.5, 0
89402.7, 47323.8, 0
61900.4, 27317.7, 0
43420.7, 28127.9, 0
57355.3, 21258.9, 0
45122.1, 12119.4, 0
14048.6, 9110.64, 0
38696.3, 11226, 0
45293.9, 30852.8, 0
12281.2, 2713.93, 0
60544.6, 36622.5, 0
84640.8, 36979.4, 0
67939.3, 46871.6, 0
92344.6, 28097.4, 0
63018.8, 45072.7, 0
40373.3, 15250.5, 0
61865.1, 37669.8, 0
38983.8, 20321.4, 0
60813.7, 43484.1, 0
81361.5, 2564.17, 0
44629.8, 28139.4, 0
90623, 20876.9, 0
33594.2, 8584.57, 0
54649.3, 37304.3, 0
54059.7, 38729.4, 0
95577.8, 50459.9, 0
37772.7, 15716.2, 0
106591, 35458.2, 0
94940.4, 40893.7, 0
34770, 19733.2, 0
64764.6, 24591.4, 0
69827, 32596, 0
123273, 64219.1, 0
52547.1, 36510.4, 0
41953.6, 26661.1, 0
70158.7, 37909.6, 0
60418.9, 24198.8, 0
120966, 74380.1, 0
19957.6, 2782.68, 0
45750, 28182.2, 0
89663.6, 60232.7, 0
37008.2, 22191.2, 0
26208, 17239.7, 0
94330, 25983.1, 0
58771.3, 37690.1, 0
68249, 41728.9, 0
66418.5, 42906.2, 0
79633.2, 20724.1, 0
33825.8, 13177.1, 0
58795.6, 20345.4, 0
76295.3, 25782.9, 0
41947.2, 30171.6, 0
29929.1, 9473.56, 0
64864.4, 30725.5, 0
74192.4, 50750.3, 0
104740, 52953.1, 0
48232.8, 21232, 0
62427.8, 19738.9, 0
39120, 20849, 0
64717, 40741.7, 0
68083.3, 26289.1, 0
40092.2, 5105.81, 0
27332.5, 11830.3, 0
47358.2, 24419.6, 0
77003.2, 8204.36, 0
48427.3, 33523.5, 0
112407, 41316.9, 0
38291.7, 14738.3, 0
66560.4, 11630.5, 0
18594, 8053.46, 0
71717.5, 11278.6, 0
77340.8, 33507.3, 0
99051.2, 28944.3, 0
80656.6, 38065.2, 0
31992.6, 13528.1, 0
67524.2, 4032.77, 0
35120.6, 20736.8, 0
85890.8, 60731.2, 0
80755.6, 34368.9, 0
56173.3, 2928.6, 0
45698, 32818.1, 0
79507.8, 37032.4, 0
14994.9, 5551.29, 0
35457.8, 24860, 0
81146.8, 53209.9, 0
65203.2, 23571.5, 0
61312.2, 13232.6, 0
42667.8, 6044.45, 0
68312.3, 16138, 0
68055.2, 5213.13, 0
75354, 40313.6, 0
64797, 19865, 0
65105.7, 28214.6, 0
70237.7, 42160.4, 0
87578.9, 10448.7, 0
38437.6, 15927.9, 0
93457.7, 43260.8, 0
25586.9, 16684.4, 0
78511.6, 48684.7, 0
11268, 7277.82, 0
71091.7, 50079.1, 0
113955, 48284.1, 0
104769, 72615.6, 0
121076, 41952.1, 0
105366, 45450.5, 0
104170, 59251.5, 0
65611.1, 36864.5, 0
67778.4, 20720.2, 0
15264.8, 9693.2, 0
65578.5, 37935.9, 0
29889.8, 19472.9, 0
83356.1, 38659.5, 0
46151.9, 26144.8, 0
62248.6, 8165.89, 0
65349.3, 32032.6, 0
38004.2, 23664.2, 0
37001.6, 14790.5, 0
34547, 20183.4, 0
70250.7, 21480.5, 0
42619.3, 21439.7, 0
28890.6, 7997.21, 0
34613.6, 20714.1, 0
106518, 31180.6, 0
41109, 19668.1, 0
25787.2, 14127.8, 0
20433.6, 7493.16, 0
64127.1, 28469.4, 0
77338.8, 46222.5, 0
17930.2, 12219.5, 0
46271.5, 30022.5, 0
48986, 17189.4, 0
88815.9, 39860.8, 0
76362.6, 27166.7, 0
88419.5, 61980.2, 0
56162.8, 24816.8, 0
43800.6, 23164.5, 0
60422.1, 35672.4, 0
83992.6, 45222.8, 0
89801.1, 38447.9, 0
33298.9, 22975.8, 0
45092.8, 8758.53, 0
69389.4, 46277.6, 0
55725.4, 28077.9, 0
42766.9, 23279.5, 0
69166.7, 13809.9, 0
94149.6, 42276, 0
19897.3, 7998.26, 0
71774.8, 31907.7, 0
67032.7, 39857.4, 0
56971.8, 21402.6, 0
42342.5, 29603.3, 0
60569.2, 35750.8, 0
46751.7, 24596.5, 0
44366.6, 30697.9, 0
34010.9, 19355.7, 0
58296.2, 36588.9, 0
54903.7, 27644.7, 0
26856.2, 9777.15, 0
59127, 31399.2, 0
61740.6, 33016.1, 0
92300.6, 27017.7, 0
96879.4, 60483, 0
95693.1, 56339.5, 0
50805.3, 7772.1, 0
64037.4, 32497.3, 0
65230.2, 43080.9, 0
75443.7, 41942, 0
112322, 78700.1, 0
36999.7, 24905.9, 0
27569.8, 14293, 0
109106, 68201.7, 0
74649.7, 49346.4, 0
94428.5, 16143, 0
102866, 32554.5, 0
63517.4, 5426.35, 0
74110.7, 34239.7, 0
110717, 36077, 0
61541.7, 9776.2, 0
57777.2, 38041.4, 0
28343.8, 14623.2, 0
61025.3, 17073.5, 0
29097.8, 11510, 0
81040.5, 31097.4, 0
98032.5, 69577.2, 0
24854.9, 13735.4, 0
11799.3, 8317.52, 0
94575.8, 51824.3, 0
29440.4, 5543, 0
50489.1, 24138.6, 0
71160.7, 45002, 0
36821.6, 20223.7, 0
60581.7, 23392.1, 0
50644.8, 24536.8, 0
20688.4, 7599.47, 0
52396.9, 35078.7, 0
44151, 7191.44, 0
46065.7, 15399.9, 0
41410.9, 15570.8, 0
55527.4, 28213.5, 0
42248.9, 23992.1, 0
142536, 99719.2, 0
52165.7, 28107.2, 0
29450.6, 10582.7, 0
52028.4, 34751.3, 0
70981.8, 31358, 0
51712.1, 21626.2, 0
79878.5, 22426.8, 0
86268, 26500, 0
47921.1, 19333.9, 0
22791.8, 9367.85, 0
41285, 16992, 0
66504.8, 22325.5, 0
82678.3, 45899.1, 0
80576, 33925.8, 0
88665.9, 60530.6, 0
123850, 24883.1, 0
58559, 19781.1, 0
56300.7, 39941.2, 0
73129.3, 31273.5, 0
31341.6, 2875.95, 0
61789.1, 15885, 0
61710.8, 43814.5, 0
91143.6, 42768.6, 0
96747.1, 11915.6, 0
68849.9, 27689.3, 0
72702.9, 34946.4, 0
76639.6, 34920.1, 0
26159, 13252.8, 0
40287.3, 12477.9, 0
29923.6, 14702.2, 0
26609.8, 15873.8, 0
59441.6, 35775.8, 0
104576, 74406.5, 0
49815.2, 6266.98, 0
32018, 14283.6, 0
100994, 67641.2, 0
69793.6, 26803, 0
25099.4, 17429.2, 0
78562.2, 21809.5, 0
82214.9, 51933.7, 0
48316.9, 12313.8, 0
37389.4, 25833.1, 0
107132, 8488.82, 0
67202.5, 34163.4, 0
58474.6, 39355.8, 0
65733.9, 6074.17, 0
71356.4, 39906.2, 0
68882.1, 35907.7, 0
50240.4, 6955.61, 0
61215.7, 38048.1, 0
96950.6, 53534.1, 0
38274.4, 8912.72, 0
72934.9, 23746.7, 0
86600.9, 44519.7, 0
135592, 80434.3, 0
68987.6, 12798.4, 0
42147.2, 24699.1, 0
83524.1, 42030.9, 0
57486.2, 16017.1, 0
70523.4, 26645.9, 0
40862.1, 20730.6, 0
44989.9, 12511.8, 0
49591.8, 30099.4, 0
36663.3, 18794.6, 0
87884.1, 27604.1, 0
91968.2, 29573.9, 0
24909.5, 9917.29, 0
73568.7, 28524.4, 0
92977.8, 58659.4, 0
93807.7, 42518.7, 0
66902, 43712.4, 0
89984.8, 5986.9, 0
51612.7, 18924.8, 0
46498.6, 29744.8, 0
92735.2, 65641.2, 0
43176.5, 15506, 0
37815, 11292.9, 0
48782.5, 14142.9, 0
107437, 58445.8, 0
33815.9, 23883.3, 0
74137.5, 30382, 0
22397.3, 8418.8, 0
46682.4, 25852.2, 0
89238.2, 11832.3, 0
39062.8, 25034.8, 0
65588.4, 11588.2, 0
94711.8, 40226.2, 0
46713, 24246, 0
40137.2, 13219.2, 0
23464.5, 15856.6, 0
24845.5, 6445.04, 0
29061, 20491, 0
35080.9, 17500.8, 0
81719.8, 53296.4, 0
49359.5, 33586.8, 0
53004.8, 30747.7, 0
52883.4, 35962.5, 0
56533.1, 8928.42, 0
66499.1, 11356.2, 0
42858.8, 17613.8, 0
52594.3, 24862.5, 0
74282.6, 25766.9, 0
79480.3, 52536, 0
69416, 28884.5, 0
34612, 23412.6, 0
78423.7, 33407.9, 0
93157.1, 41814.3, 0
63552.6, 25887.5, 0
38996.2, 10577.7, 0
47238.1, 16740.5, 0
102989, 59291.5, 0
49550.5, 33730.8, 0
38381.8, 12787.3, 0
59083.9, 11145, 0
51477.1, 19823.7, 0
60523.7, 22898.3, 0
49903.1, 23732.1, 0
72218.1, 42326.6, 0
58684, 25888.7, 0
50210.6, 26166.5, 0
73059.2, 31549.6, 0
76157.9, 18965.1, 0
56620.8, 18653, 0
83471.9, 53512.9, 0
68328.6, 36579.6, 0
85705.3, 19728.5, 0
85540.7, 35241.5, 0
46998.3, 33273.6, 0
59162.6, 19468.2, 0
101609, 35923.8, 0
56231.3, 28494.6, 0
22407.1, 1547.3, 0
79354.9, 47601.5, 0
47890, 34047, 0
102849, 33060, 0
35679.5, 3743.02, 0
70882.6, 38944.3, 0
36892.8, 15689.8, 0
40340.3, 18916.3, 0
88279, 43197.9, 0
32429, 21516.2, 0
69099, 32799.5, 0
53442.5, 5397.85, 0
59379.4, 40004.2, 0
36128.8, 22180.4, 0
49380.3, 30039.9, 0
65378.7, 28088.8, 0
95613.9, 48902.3, 0
38319, 24099.1, 0
89216.3, 40093.9, 0
70818.7, 20696.2, 0
101830, 17187.5, 0
91694.4, 53126.7, 0
57333.3, 26682.9, 0
83359.9, 25909.3, 0
