9.25127e+06, 2.70991e+06, 0
6.30289e+06, 2.91439e+06, 0
5.62786e+06, 3.45504e+06, 0
3.97811e+06, 2.25751e+06, 0
6.74992e+06, 1.50199e+06, 0
4.98862e+06, 2.15041e+06, 0
1.57078e+07, 1.1771e+06, 0
5.6227e+06, 3.55163e+06, 0
6.95883e+06, 3.6951e+06, 0
5.10158e+06, 2.40881e+06, 0
4.58243e+06, 783706, 0
3.58787e+06, 1.06408e+06, 0
4.87841e+06, 2.29817e+06, 0
5.27515e+06, 864472, 0
6.58431e+06, 1.94081e+06, 0
1.06714e+07, 3.5559e+06, 0
5.54168e+06, 1.95442e+06, 0
4.53712e+06, 747981, 0
1.23156e+07, 4.06614e+06, 0
7.49214e+06, 3.65125e+06, 0
4.98311e+06, 2.24341e+06, 0
1.02594e+07, 6.77009e+06, 0
6.81034e+06, 2.338e+06, 0
5.21958e+06, 3.30926e+06, 0
4.10753e+06, 1.85025e+06, 0
5.15832e+06, 1.89423e+06, 0
9.56724e+06, 3.959e+06, 0
5.80266e+06, 2.07872e+06, 0
3.88624e+06, 1.84041e+06, 0
1.36326e+07, 5.7135e+06, 0
9.57341e+06, 4.39771e+06, 0
9.14922e+06, 6.10092e+06, 0
4.22797e+06, 491428, 0
4.48778e+06, 2.17434e+06, 0
6.1411e+06, 2.08938e+06, 0
9.87664e+06, 5.09053e+06, 0
5.8279e+06, 2.68779e+06, 0
8.52103e+06, 1.26974e+06, 0
4.94322e+06, 2.5769e+06, 0
8.13977e+06, 1.72372e+06, 0
5.64148e+06, 331823, 0
5.90908e+06, 1.6176e+06, 0
5.98701e+06, 1.51884e+06, 0
8.93109e+06, 409904, 0
6.4517e+06, 2.3984e+06, 0
7.97931e+06, 3.8939e+06, 0
5.67909e+06, 3.62527e+06, 0
5.4401e+06, 1.09993e+06, 0
4.72173e+06, 623698, 0
5.94395e+06, 1.80767e+06, 0
4.5881e+06, 1.54673e+06, 0
6.62759e+06, 3.1898e+06, 0
5.81497e+06, 2.78285e+06, 0
4.59906e+06, 2.54012e+06, 0
6.38137e+06, 3.04843e+06, 0
9.7453e+06, 5.8753e+06, 0
1.00651e+07, 3.00504e+06, 0
4.86266e+06, 736248, 0
7.47023e+06, 4.00944e+06, 0
8.19956e+06, 3.49947e+06, 0
4.0545e+06, 1.97038e+06, 0
1.13822e+07, 4.06159e+06, 0
2.88931e+06, 1.00954e+06, 0
4.6284e+06, 1.44221e+06, 0
1.37677e+07, 664660, 0
3.32032e+06, 1.43217e+06, 0
8.44288e+06, 5.58264e+06, 0
8.60434e+06, 2.90004e+06, 0
3.51219e+06, 1.59263e+06, 0
8.8581e+06, 6.01245e+06, 0
4.07499e+06, 1.91882e+06, 0
7.16194e+06, 4.11879e+06, 0
7.19573e+06, 2.57393e+06, 0
3.98791e+06, 191990, 0
5.70887e+06, 1.06174e+06, 0
5.5435e+06, 2.47878e+06, 0
5.57295e+06, 1.18911e+06, 0
6.25088e+06, 1.57117e+06, 0
8.54163e+06, 4.33731e+06, 0
7.56491e+06, 1.63113e+06, 0
3.51464e+06, 1.1205e+06, 0
5.98118e+06, 2.45956e+06, 0
9.51651e+06, 3.36455e+06, 0
7.08912e+06, 3.89317e+06, 0
5.60745e+06, 3.2572e+06, 0
3.06861e+06, 955859, 0
8.78866e+06, 1.61102e+06, 0
1.00578e+07, 6.43364e+06, 0
6.53091e+06, 1.43571e+06, 0
7.16927e+06, 2.21927e+06, 0
4.59482e+06, 2.31212e+06, 0
5.31174e+06, 3.341e+06, 0
6.73351e+06, 2.43842e+06, 0
8.57579e+06, 5.59897e+06, 0
7.54912e+06, 3.88979e+06, 0
6.97978e+06, 811434, 0
8.52772e+06, 5.58553e+06, 0
8.39159e+06, 704899, 0
6.40737e+06, 2.72466e+06, 0
6.05002e+06, 2.39984e+06, 0
5.26929e+06, 3.0624e+06, 0
3.79523e+06, 1.24148e+06, 0
5.29005e+06, 2.71785e+06, 0
4.49558e+06, 2.15998e+06, 0
4.42047e+06, 1.26547e+06, 0
5.39841e+06, 1.98343e+06, 0
3.49581e+06, 1.63868e+06, 0
1.17088e+07, 792004, 0
7.89539e+06, 3.79647e+06, 0
6.01858e+06, 1.83318e+06, 0
6.79562e+06, 4.07367e+06, 0
5.1339e+06, 2.53745e+06, 0
5.83428e+06, 3.33031e+06, 0
8.31212e+06, 1.23676e+06, 0
5.13133e+06, 3.1314e+06, 0
8.9773e+06, 1.49018e+06, 0
6.85309e+06, 1.60347e+06, 0
6.96365e+06, 4.37638e+06, 0
4.69419e+06, 1.92692e+06, 0
1.00122e+07, 5.71755e+06, 0
5.29729e+06, 2.48196e+06, 0
1.05859e+07, 4.97938e+06, 0
8.08379e+06, 1.34709e+06, 0
3.5296e+06, 1.36605e+06, 0
5.23776e+06, 1.62402e+06, 0
5.08116e+06, 2.56946e+06, 0
5.50548e+06, 3.54846e+06, 0
7.04768e+06, 3.99841e+06, 0
7.89745e+06, 3.87815e+06, 0
3.80814e+06, 1.20369e+06, 0
2.75247e+06, 906268, 0
6.39346e+06, 3.83074e+06, 0
6.85117e+06, 3.96179e+06, 0
7.76319e+06, 71861.2, 0
6.26054e+06, 2.0115e+06, 0
5.49571e+06, 475808, 0
3.87957e+06, 2.08865e+06, 0
5.31191e+06, 3.34016e+06, 0
7.72342e+06, 4.66531e+06, 0
5.81803e+06, 2.50079e+06, 0
3.80004e+06, 1.87034e+06, 0
5.71795e+06, 2.96677e+06, 0
1.28403e+07, 5.70469e+06, 0
4.82674e+06, 1.68758e+06, 0
3.51697e+06, 132685, 0
5.50518e+06, 3.23978e+06, 0
9.42758e+06, 1.41537e+06, 0
6.53796e+06, 884025, 0
7.68481e+06, 5.2358e+06, 0
8.12038e+06, 4.47409e+06, 0
8.1334e+06, 2.96363e+06, 0
3.15221e+06, 1.4798e+06, 0
6.52839e+06, 4.35758e+06, 0
7.81233e+06, 3.69199e+06, 0
6.60337e+06, 2.63963e+06, 0
3.65619e+06, 1.57299e+06, 0
1.58739e+07, 4.94586e+06, 0
2.87382e+06, 839724, 0
6.93056e+06, 4.17542e+06, 0
3.8954e+06, 791832, 0
5.92692e+06, 3.58247e+06, 0
6.13714e+06, 2.40728e+06, 0
4.65799e+06, 2.84052e+06, 0
8.37243e+06, 4.19052e+06, 0
6.80678e+06, 3.39753e+06, 0
5.74719e+06, 3.43775e+06, 0
4.03301e+06, 908214, 0
7.7362e+06, 5.17144e+06, 0
5.23096e+06, 1.89086e+06, 0
5.74065e+06, 3.55305e+06, 0
8.52568e+06, 4.48726e+06, 0
4.20082e+06, 1.90121e+06, 0
6.86674e+06, 1.03214e+06, 0
4.02909e+06, 1.64731e+06, 0
5.27158e+06, 2.97822e+06, 0
9.40023e+06, 4.2416e+06, 0
4.68751e+06, 2.62493e+06, 0
4.69416e+06, 1.64023e+06, 0
9.63694e+06, 5.87929e+06, 0
2.95198e+06, 722524, 0
9.58434e+06, 3.0432e+06, 0
5.32303e+06, 3.31119e+06, 0
4.86161e+06, 977650, 0
7.62894e+06, 3.32482e+06, 0
6.73306e+06, 2.94986e+06, 0
9.59431e+06, 3.09795e+06, 0
7.42186e+06, 3.23809e+06, 0
8.51076e+06, 439673, 0
9.5489e+06, 6.21127e+06, 0
9.5002e+06, 4.88403e+06, 0
5.66201e+06, 3.24295e+06, 0
3.97754e+06, 1.70099e+06, 0
8.88316e+06, 4.22118e+06, 0
4.83485e+06, 2.12562e+06, 0
1.06066e+07, 2.04582e+06, 0
2.89453e+06, 834838, 0
8.58717e+06, 4.70985e+06, 0
9.08586e+06, 5.47072e+06, 0
4.55339e+06, 793372, 0
5.62557e+06, 2.60771e+06, 0
6.23026e+06, 2.89306e+06, 0
6.09878e+06, 1.38717e+06, 0
4.34583e+06, 2.13568e+06, 0
6.08401e+06, 1.40382e+06, 0
1.02993e+07, 3.70775e+06, 0
5.95306e+06, 1.55993e+06, 0
3.38613e+06, 1.592e+06, 0
4.97892e+06, 3.04202e+06, 0
1.04008e+07, 3.55382e+06, 0
3.60754e+06, 1.27931e+06, 0
8.03948e+06, 4.59675e+06, 0
7.7029e+06, 5.08327e+06, 0
7.80743e+06, 2.05844e+06, 0
1.01838e+07, 5.69293e+06, 0
9.4448e+06, 1.42544e+06, 0
6.88361e+06, 2.66168e+06, 0
4.55636e+06, 1.06065e+06, 0
1.19357e+07, 7.86629e+06, 0
6.09094e+06, 1.86774e+06, 0
5.83164e+06, 2.79359e+06, 0
4.47207e+06, 2.24477e+06, 0
7.24571e+06, 2.96334e+06, 0
4.16981e+06, 2.35512e+06, 0
2.8693e+06, 831515, 0
6.93546e+06, 1.06053e+06, 0
7.41921e+06, 3.41738e+06, 0
1.22367e+07, 4.22978e+06, 0
8.62462e+06, 1.57893e+06, 0
1.08046e+07, 2.70406e+06, 0
7.71373e+06, 2.45897e+06, 0
4.16196e+06, 1.68538e+06, 0
4.40416e+06, 2.13694e+06, 0
5.63169e+06, 2.62435e+06, 0
5.06731e+06, 1.61157e+06, 0
4.27084e+06, 575527, 0
7.20398e+06, 3.85548e+06, 0
4.82547e+06, 1.60269e+06, 0
4.62588e+06, 1.83051e+06, 0
3.30415e+06, 1.37505e+06, 0
5.69732e+06, 3.5918e+06, 0
2.88802e+06, 1.07532e+06, 0
8.04425e+06, 3.36261e+06, 0
3.57653e+06, 1.73683e+06, 0
2.85435e+06, 510795, 0
6.34168e+06, 3.25513e+06, 0
7.24801e+06, 3.45961e+06, 0
6.49456e+06, 2.1602e+06, 0
5.23035e+06, 1.03329e+06, 0
6.87479e+06, 4.13263e+06, 0
5.5099e+06, 2.00871e+06, 0
9.6504e+06, 4.82337e+06, 0
9.10517e+06, 1.24292e+06, 0
5.58217e+06, 2.40416e+06, 0
1.02295e+07, 2.27779e+06, 0
4.85771e+06, 2.13854e+06, 0
9.00711e+06, 4.80025e+06, 0
4.55883e+06, 1.65983e+06, 0
9.20334e+06, 3.1461e+06, 0
2.82868e+06, 682558, 0
3.92861e+06, 634843, 0
5.65563e+06, 3.16587e+06, 0
5.29389e+06, 3.01296e+06, 0
8.4083e+06, 4.73027e+06, 0
7.76517e+06, 884958, 0
7.76483e+06, 3.95665e+06, 0
5.49813e+06, 1.86026e+06, 0
6.49192e+06, 3.6161e+06, 0
4.43905e+06, 2.50461e+06, 0
7.64147e+06, 2.42393e+06, 0
5.0017e+06, 2.26206e+06, 0
1.01584e+07, 2.12927e+06, 0
7.59916e+06, 2.45757e+06, 0
8.45887e+06, 4.89312e+06, 0
8.16072e+06, 4.33233e+06, 0
3.43744e+06, 1.49009e+06, 0
7.00944e+06, 3.85718e+06, 0
9.49825e+06, 1.92333e+06, 0
6.92656e+06, 4.51277e+06, 0
6.89559e+06, 377161, 0
5.51161e+06, 2.70112e+06, 0
4.9818e+06, 440108, 0
1.18753e+07, 4.10598e+06, 0
5.80197e+06, 2.73414e+06, 0
4.63385e+06, 2.66648e+06, 0
1.06354e+07, 6.25082e+06, 0
6.66032e+06, 1.77166e+06, 0
3.4073e+06, 1.17666e+06, 0
7.51046e+06, 3.11328e+06, 0
1.04001e+07, 2.4167e+06, 0
7.06773e+06, 3.78032e+06, 0
4.70769e+06, 1.72685e+06, 0
2.9328e+06, 858609, 0
4.75531e+06, 395910, 0
7.97624e+06, 5.24977e+06, 0
7.44175e+06, 4.39452e+06, 0
6.94391e+06, 3.78302e+06, 0
8.25298e+06, 3.4992e+06, 0
6.15216e+06, 1.84609e+06, 0
6.46664e+06, 4.29123e+06, 0
4.72054e+06, 1.98509e+06, 0
6.85862e+06, 2.89568e+06, 0
6.36299e+06, 3.68615e+06, 0
1.15021e+07, 4.43984e+06, 0
6.37917e+06, 3.26468e+06, 0
2.88466e+06, 930358, 0
8.86893e+06, 4.32774e+06, 0
6.91689e+06, 4.27938e+06, 0
5.81549e+06, 3.44161e+06, 0
7.8755e+06, 4.60197e+06, 0
5.73686e+06, 2.8977e+06, 0
4.7265e+06, 2.76795e+06, 0
6.27388e+06, 3.04078e+06, 0
6.9856e+06, 2.91468e+06, 0
9.84672e+06, 1.15329e+06, 0
2.91793e+06, 1.12526e+06, 0
3.24487e+06, 196649, 0
3.21176e+06, 1.55136e+06, 0
9.99324e+06, 2.30839e+06, 0
6.11464e+06, 3.95681e+06, 0
7.10879e+06, 1.89921e+06, 0
6.30997e+06, 2.83102e+06, 0
5.66736e+06, 3.37966e+06, 0
9.05048e+06, 4.40067e+06, 0
5.46567e+06, 2.00829e+06, 0
1.17668e+07, 2.41546e+06, 0
7.49705e+06, 4.43121e+06, 0
7.8096e+06, 4.25124e+06, 0
1.27402e+07, 5.95017e+06, 0
4.64525e+06, 326619, 0
5.69248e+06, 3.18236e+06, 0
4.06509e+06, 2.36937e+06, 0
3.08621e+06, 1.32734e+06, 0
4.71947e+06, 1.3187e+06, 0
5.89899e+06, 2.9797e+06, 0
5.26339e+06, 986410, 0
7.1228e+06, 2.5902e+06, 0
1.36678e+07, 3.86255e+06, 0
1.05048e+07, 3.57942e+06, 0
3.07869e+06, 944838, 0
7.18608e+06, 3.00832e+06, 0
4.13643e+06, 2.01053e+06, 0
9.56222e+06, 3.90945e+06, 0
5.60876e+06, 2.25528e+06, 0
7.59913e+06, 1.36548e+06, 0
4.81939e+06, 2.48904e+06, 0
6.01393e+06, 2.94951e+06, 0
8.2127e+06, 5.32236e+06, 0
5.99312e+06, 773383, 0
8.06842e+06, 4.12696e+06, 0
5.37636e+06, 2.93261e+06, 0
4.85815e+06, 2.85192e+06, 0
6.47381e+06, 3.37853e+06, 0
3.1259e+06, 1.09526e+06, 0
1.17195e+07, 4.70257e+06, 0
7.00462e+06, 3.26295e+06, 0
5.13873e+06, 801936, 0
6.1644e+06, 2.334e+06, 0
4.87233e+06, 2.97573e+06, 0
4.72792e+06, 2.48061e+06, 0
5.53425e+06, 3.30604e+06, 0
1.01715e+07, 6.28852e+06, 0
5.7866e+06, 3.18538e+06, 0
4.38307e+06, 1.96614e+06, 0
8.23272e+06, 2.23748e+06, 0
8.84928e+06, 5.99346e+06, 0
7.01016e+06, 3.18221e+06, 0
6.83435e+06, 4.37756e+06, 0
4.66566e+06, 2.47544e+06, 0
8.82816e+06, 1.70613e+06, 0
5.58571e+06, 2.28433e+06, 0
5.77439e+06, 1.40713e+06, 0
6.64385e+06, 3.99864e+06, 0
4.05368e+06, 628362, 0
7.83212e+06, 540317, 0
1.04472e+07, 4.57614e+06, 0
5.21525e+06, 2.68563e+06, 0
3.30003e+06, 643123, 0
3.9338e+06, 1.75843e+06, 0
7.66897e+06, 4.60357e+06, 0
7.50061e+06, 3.8979e+06, 0
5.2641e+06, 2.55754e+06, 0
3.25736e+06, 1.34349e+06, 0
7.95497e+06, 3.14514e+06, 0
7.22017e+06, 4.59589e+06, 0
1.2366e+07, 5.56071e+06, 0
4.34389e+06, 1.47375e+06, 0
8.61526e+06, 5.34719e+06, 0
7.62661e+06, 1.71909e+06, 0
5.94961e+06, 662851, 0
7.2864e+06, 2.25836e+06, 0
5.11283e+06, 1.48496e+06, 0
4.64965e+06, 1.49342e+06, 0
9.89727e+06, 2.19887e+06, 0
7.87861e+06, 3.65879e+06, 0
8.7607e+06, 5.78105e+06, 0
6.68009e+06, 3.33647e+06, 0
5.67266e+06, 2.65823e+06, 0
7.9046e+06, 2.11468e+06, 0
6.76901e+06, 3.80467e+06, 0
1.30144e+07, 7.91526e+06, 0
8.39385e+06, 3.69164e+06, 0
4.15382e+06, 2.12352e+06, 0
1.39925e+07, 8.93973e+06, 0
8.19225e+06, 5.06765e+06, 0
4.46007e+06, 760887, 0
9.01588e+06, 2.60996e+06, 0
1.28924e+07, 3.22279e+06, 0
4.95967e+06, 2.90983e+06, 0
6.22593e+06, 728568, 0
3.78188e+06, 1.64566e+06, 0
4.2954e+06, 2.12525e+06, 0
3.43538e+06, 1.78124e+06, 0
9.61552e+06, 4.99465e+06, 0
7.07877e+06, 319179, 0
4.72161e+06, 963281, 0
3.04241e+06, 713275, 0
6.38796e+06, 2.36821e+06, 0
5.11223e+06, 3.25583e+06, 0
9.13278e+06, 5.58749e+06, 0
5.45812e+06, 2.38179e+06, 0
3.51188e+06, 1.62428e+06, 0
1.08497e+07, 1.37998e+06, 0
1.0567e+07, 5.96021e+06, 0
5.46657e+06, 984869, 0
5.39903e+06, 1.2437e+06, 0
4.12029e+06, 1.65063e+06, 0
4.51787e+06, 2.56961e+06, 0
3.57688e+06, 1.28401e+06, 0
4.19027e+06, 1.80102e+06, 0
3.65706e+06, 1.28385e+06, 0
8.40237e+06, 2.18368e+06, 0
1.06453e+07, 4.38127e+06, 0
4.21042e+06, 1.61774e+06, 0
8.23999e+06, 4.12357e+06, 0
3.69349e+06, 1.29869e+06, 0
4.3432e+06, 2.60724e+06, 0
5.09812e+06, 1.71387e+06, 0
6.06492e+06, 3.63529e+06, 0
6.85767e+06, 3.46782e+06, 0
6.23775e+06, 333252, 0
3.07322e+06, 1.05231e+06, 0
8.04135e+06, 1.41615e+06, 0
7.49663e+06, 4.52002e+06, 0
6.99578e+06, 4.1977e+06, 0
9.36382e+06, 2.74795e+06, 0
7.1735e+06, 2.10368e+06, 0
8.42102e+06, 1.68395e+06, 0
5.20434e+06, 2.01609e+06, 0
6.00744e+06, 1.97598e+06, 0
6.74996e+06, 2.1158e+06, 0
5.61953e+06, 1.77973e+06, 0
7.10161e+06, 4.1423e+06, 0
8.81868e+06, 1.67533e+06, 0
6.73285e+06, 3.38414e+06, 0
1.18656e+07, 7.64443e+06, 0
8.55586e+06, 4.64317e+06, 0
5.45079e+06, 2.92373e+06, 0
5.57055e+06, 1.43513e+06, 0
6.25671e+06, 3.03246e+06, 0
3.04294e+06, 1.23999e+06, 0
5.18062e+06, 1.69315e+06, 0
9.69445e+06, 4.59422e+06, 0
5.2175e+06, 1.92277e+06, 0
1.07098e+07, 4.12515e+06, 0
5.58161e+06, 868190, 0
5.03365e+06, 2.38892e+06, 0
3.97767e+06, 357520, 0
5.13934e+06, 2.55731e+06, 0
8.68901e+06, 3.82236e+06, 0
6.22445e+06, 1.97813e+06, 0
6.61638e+06, 2.30176e+06, 0
1.20149e+07, 4.98554e+06, 0
7.28229e+06, 4.57064e+06, 0
3.86233e+06, 722997, 0
3.91275e+06, 837233, 0
1.67307e+07, 3.04191e+06, 0
9.97877e+06, 2.81071e+06, 0
5.5971e+06, 2.69426e+06, 0
4.89521e+06, 2.64569e+06, 0
8.08663e+06, 4.2464e+06, 0
1.10695e+07, 5.10267e+06, 0
6.29217e+06, 3.51379e+06, 0
8.57812e+06, 4.853e+06, 0
6.65482e+06, 4.37505e+06, 0
5.30574e+06, 1.99336e+06, 0
7.33398e+06, 2.76233e+06, 0
3.82507e+06, 2.1289e+06, 0
5.76769e+06, 1.53822e+06, 0
6.05828e+06, 3.24349e+06, 0
7.00321e+06, 2.12982e+06, 0
1.093e+07, 5.26457e+06, 0
1.34059e+07, 3.27519e+06, 0
3.49575e+06, 1.73766e+06, 0
5.48376e+06, 1.95619e+06, 0
5.54289e+06, 2.96093e+06, 0
1.10329e+07, 1.97623e+06, 0
7.49147e+06, 2.27976e+06, 0
1.68788e+07, 4.6537e+06, 0
5.45971e+06, 3.51572e+06, 0
5.32234e+06, 2.93689e+06, 0
8.1377e+06, 3.89122e+06, 0
5.8363e+06, 2.47983e+06, 0
6.91961e+06, 4.12403e+06, 0
8.70021e+06, 4.33101e+06, 0
7.81015e+06, 2.73242e+06, 0
8.14774e+06, 5.36448e+06, 0
9.50067e+06, 3.59966e+06, 0
8.24735e+06, 4.84265e+06, 0
7.54732e+06, 2.70002e+06, 0
1.04537e+07, 2.91492e+06, 0
5.88366e+06, 3.76773e+06, 0
7.37237e+06, 4.73689e+06, 0
9.13953e+06, 4.63598e+06, 0
3.90172e+06, 2.00021e+06, 0
4.0265e+06, 1.47607e+06, 0
7.45571e+06, 3.55373e+06, 0
6.11517e+06, 3.39285e+06, 0
8.59638e+06, 3.02152e+06, 0
3.31997e+06, 1.11412e+06, 0
5.38764e+06, 2.0602e+06, 0
6.48791e+06, 1.97065e+06, 0
5.7592e+06, 719993, 0
6.24439e+06, 3.07779e+06, 0
1.51105e+07, 5.0549e+06, 0
4.86605e+06, 2.66818e+06, 0
7.99232e+06, 5.07263e+06, 0
6.73977e+06, 2.97332e+06, 0
3.80099e+06, 1.87745e+06, 0
5.81473e+06, 3.80412e+06, 0
1.07949e+07, 934956, 0
6.1706e+06, 4.02088e+06, 0
7.81255e+06, 3.8785e+06, 0
6.58278e+06, 3.25623e+06, 0
4.82289e+06, 1.00418e+06, 0
1.08175e+07, 4.52596e+06, 0
8.56917e+06, 1.09703e+06, 0
8.87362e+06, 5.25693e+06, 0
6.28697e+06, 2.07644e+06, 0
4.82651e+06, 2.28759e+06, 0
5.20239e+06, 1.69344e+06, 0
8.89428e+06, 2.97042e+06, 0
1.1572e+07, 7.65539e+06, 0
1.26072e+07, 2.64266e+06, 0
5.28239e+06, 3.26731e+06, 0
1.14214e+07, 3.72013e+06, 0
6.56667e+06, 1.82557e+06, 0
7.4893e+06, 4.68418e+06, 0
1.06628e+07, 6.84858e+06, 0
5.91478e+06, 3.02444e+06, 0
5.80095e+06, 3.49122e+06, 0
4.29438e+06, 2.04299e+06, 0
5.10732e+06, 1.01168e+06, 0
4.67774e+06, 2.54244e+06, 0
9.47499e+06, 6.41761e+06, 0
4.37321e+06, 2.62105e+06, 0
9.27242e+06, 522109, 0
6.73654e+06, 3.30106e+06, 0
8.0565e+06, 747501, 0
5.45258e+06, 1.04488e+06, 0
8.59197e+06, 4.4273e+06, 0
7.47087e+06, 1.01417e+06, 0
4.39071e+06, 1.36402e+06, 0
1.07665e+07, 6.20429e+06, 0
8.44856e+06, 2.92506e+06, 0
4.74494e+06, 1.70557e+06, 0
8.67122e+06, 2.49163e+06, 0
4.92684e+06, 628023, 0
5.1682e+06, 2.76416e+06, 0
6.97136e+06, 3.51602e+06, 0
6.81282e+06, 3.1571e+06, 0
3.13534e+06, 1.17398e+06, 0
8.40304e+06, 3.17155e+06, 0
6.17807e+06, 3.14634e+06, 0
6.30318e+06, 3.53921e+06, 0
3.94302e+06, 1.52226e+06, 0
5.45088e+06, 1.40362e+06, 0
8.36584e+06, 4.20278e+06, 0
5.48165e+06, 1.27739e+06, 0
3.647e+06, 1.31345e+06, 0
8.71383e+06, 3.17663e+06, 0
6.98096e+06, 1.85827e+06, 0
6.90309e+06, 1.91175e+06, 0
7.5855e+06, 917156, 0
4.54779e+06, 513503, 0
6.69964e+06, 2.9103e+06, 0
5.93312e+06, 872691, 0
8.91364e+06, 2.03442e+06, 0
1.19372e+07, 2.99491e+06, 0
7.37734e+06, 1.15183e+06, 0
4.42392e+06, 724553, 0
3.52433e+06, 877869, 0
6.18627e+06, 1.48186e+06, 0
7.25065e+06, 874411, 0
1.17041e+07, 6.03325e+06, 0
7.5489e+06, 430740, 0
5.07868e+06, 2.89722e+06, 0
9.83141e+06, 5.46127e+06, 0
7.40928e+06, 3.5962e+06, 0
7.56912e+06, 2.7e+06, 0
5.46795e+06, 2.49898e+06, 0
4.20323e+06, 834776, 0
6.16021e+06, 1.95439e+06, 0
9.08997e+06, 3.55812e+06, 0
6.97426e+06, 923383, 0
4.79603e+06, 2.41739e+06, 0
9.36476e+06, 4.22404e+06, 0
6.91324e+06, 3.67695e+06, 0
7.56219e+06, 3.05529e+06, 0
3.49103e+06, 355428, 0
7.95758e+06, 4.67294e+06, 0
4.12065e+06, 1.41292e+06, 0
5.75752e+06, 1.27594e+06, 0
4.84404e+06, 1.27007e+06, 0
5.59138e+06, 3.13412e+06, 0
8.35418e+06, 3.37226e+06, 0
1.02286e+07, 4.45038e+06, 0
7.34889e+06, 3.03589e+06, 0
9.58465e+06, 2.45293e+06, 0
7.14258e+06, 3.99994e+06, 0
5.44494e+06, 3.24204e+06, 0
8.48123e+06, 1.96595e+06, 0
6.03725e+06, 2.49839e+06, 0
4.99796e+06, 1.69875e+06, 0
5.65463e+06, 3.18237e+06, 0
5.39151e+06, 769597, 0
7.10289e+06, 704326, 0
5.67956e+06, 3.34684e+06, 0
5.46483e+06, 977869, 0
4.86956e+06, 3.00585e+06, 0
7.5256e+06, 2.7738e+06, 0
1.09504e+07, 5.10329e+06, 0
7.55284e+06, 3.91532e+06, 0
7.65385e+06, 1.86637e+06, 0
4.74685e+06, 1.66292e+06, 0
9.70055e+06, 4.92914e+06, 0
7.28366e+06, 3.79692e+06, 0
1.07543e+07, 3.11319e+06, 0
4.87007e+06, 912527, 0
6.62021e+06, 2.52045e+06, 0
5.49374e+06, 2.84848e+06, 0
8.1532e+06, 1.17596e+06, 0
7.04977e+06, 2.15515e+06, 0
6.86538e+06, 4.35811e+06, 0
1.07194e+07, 4.53042e+06, 0
8.28323e+06, 3.3293e+06, 0
4.86858e+06, 1.70529e+06, 0
9.15816e+06, 3.45845e+06, 0
5.39003e+06, 2.95268e+06, 0
7.5495e+06, 2.35615e+06, 0
8.2891e+06, 493652, 0
1.16388e+07, 8.14828e+06, 0
8.86682e+06, 3.22574e+06, 0
1.12977e+07, 2.65134e+06, 0
7.19294e+06, 2.23798e+06, 0
2.96035e+06, 912764, 0
4.57149e+06, 2.01568e+06, 0
5.73313e+06, 2.14202e+06, 0
9.77513e+06, 1.65319e+06, 0
9.29388e+06, 5.29022e+06, 0
5.97019e+06, 942867, 0
7.65776e+06, 2.07773e+06, 0
5.19766e+06, 1.80998e+06, 0
4.68468e+06, 2.18633e+06, 0
6.4287e+06, 3.57192e+06, 0
5.3235e+06, 3.12206e+06, 0
7.99683e+06, 973730, 0
5.34072e+06, 2.19296e+06, 0
6.24668e+06, 2.92067e+06, 0
7.10152e+06, 3.29932e+06, 0
8.19366e+06, 5.32874e+06, 0
2.53881e+06, 534083, 0
7.57887e+06, 4.15405e+06, 0
3.08448e+06, 1.33594e+06, 0
1.01962e+07, 3.82591e+06, 0
7.82188e+06, 1.46868e+06, 0
9.50961e+06, 2.51594e+06, 0
9.87869e+06, 4.13736e+06, 0
1.13444e+07, 6.00777e+06, 0
1.18233e+07, 7.9627e+06, 0
7.1401e+06, 1.67562e+06, 0
3.2363e+06, 573708, 0
1.02346e+07, 2.05599e+06, 0
5.8253e+06, 3.46036e+06, 0
4.96712e+06, 2.08501e+06, 0
7.81175e+06, 3.42036e+06, 0
4.6647e+06, 1.4701e+06, 0
7.57929e+06, 2.33377e+06, 0
8.25901e+06, 2.84907e+06, 0
9.69032e+06, 5.49974e+06, 0
9.80133e+06, 4.25421e+06, 0
4.6861e+06, 1.87869e+06, 0
8.54571e+06, 1.39354e+06, 0
3.14938e+06, 962189, 0
4.98129e+06, 1.34636e+06, 0
6.53233e+06, 4.12824e+06, 0
8.38006e+06, 3.54424e+06, 0
8.82264e+06, 5.62064e+06, 0
8.54134e+06, 4.11991e+06, 0
6.33776e+06, 3.68402e+06, 0
1.15213e+07, 5.42723e+06, 0
7.10927e+06, 1.90197e+06, 0
3.52218e+06, 1.21843e+06, 0
5.89603e+06, 2.16565e+06, 0
5.07952e+06, 3.24084e+06, 0
5.81022e+06, 3.39533e+06, 0
4.93038e+06, 2.19647e+06, 0
8.22178e+06, 3.43263e+06, 0
6.51721e+06, 1.17471e+06, 0
6.16843e+06, 2.12798e+06, 0
7.17986e+06, 3.09581e+06, 0
1.06402e+07, 4.54544e+06, 0
7.05432e+06, 3.87573e+06, 0
1.04455e+07, 4.03091e+06, 0
9.10146e+06, 2.80139e+06, 0
5.2851e+06, 2.75922e+06, 0
9.32571e+06, 5.56438e+06, 0
9.2642e+06, 3.20661e+06, 0
5.98002e+06, 1.66235e+06, 0
8.34161e+06, 488720, 0
7.59702e+06, 916029, 0
6.05572e+06, 4.00402e+06, 0
7.26548e+06, 2.66464e+06, 0
3.98369e+06, 1.65016e+06, 0
1.20105e+07, 2.75994e+06, 0
8.34525e+06, 3.39205e+06, 0
4.89364e+06, 982843, 0
8.4321e+06, 3.60271e+06, 0
7.22431e+06, 2.81393e+06, 0
9.065e+06, 4.08645e+06, 0
1.10134e+07, 7.47164e+06, 0
8.87213e+06, 2.89736e+06, 0
4.85327e+06, 514311, 0
6.44105e+06, 3.55061e+06, 0
6.71553e+06, 1.55618e+06, 0
5.10494e+06, 3.22532e+06, 0
5.21124e+06, 2.83526e+06, 0
7.86879e+06, 730507, 0
4.32665e+06, 1.7227e+06, 0
6.82011e+06, 4.3447e+06, 0
5.71984e+06, 2.0053e+06, 0
6.82605e+06, 4.41062e+06, 0
8.02263e+06, 3.67283e+06, 0
1.07372e+07, 5.43924e+06, 0
7.70532e+06, 4.85636e+06, 0
7.75764e+06, 5.10923e+06, 0
9.16798e+06, 1.91622e+06, 0
4.48341e+06, 1.78842e+06, 0
5.05476e+06, 1.01338e+06, 0
5.74729e+06, 2.88393e+06, 0
7.60922e+06, 3.39491e+06, 0
1.19671e+07, 2.28826e+06, 0
1.10786e+07, 4.88939e+06, 0
7.66074e+06, 1.49468e+06, 0
6.32308e+06, 2.03994e+06, 0
5.33758e+06, 2.20454e+06, 0
8.47143e+06, 4.58308e+06, 0
1.51044e+07, 7.25776e+06, 0
9.87935e+06, 1.19276e+06, 0
3.30891e+06, 1.47288e+06, 0
8.26279e+06, 3.60886e+06, 0
9.12623e+06, 3.80363e+06, 0
9.54117e+06, 3.14252e+06, 0
3.14125e+06, 1.37328e+06, 0
5.37953e+06, 1.61337e+06, 0
1.22709e+07, 1.67915e+06, 0
9.00298e+06, 5.89848e+06, 0
6.6299e+06, 3.07198e+06, 0
6.2075e+06, 258679, 0
5.76884e+06, 1.31545e+06, 0
8.39315e+06, 2.70037e+06, 0
8.95703e+06, 1.36795e+06, 0
8.21511e+06, 2.87292e+06, 0
7.54334e+06, 4.66372e+06, 0
1.18924e+07, 6.00566e+06, 0
9.51938e+06, 1.04059e+06, 0
6.82192e+06, 2.55565e+06, 0
4.57566e+06, 1.07293e+06, 0
8.07174e+06, 727934, 0
7.13053e+06, 3.04326e+06, 0
8.11624e+06, 2.95106e+06, 0
3.95173e+06, 288471, 0
7.19182e+06, 3.95584e+06, 0
8.46539e+06, 4.9055e+06, 0
6.41949e+06, 2.94217e+06, 0
4.88846e+06, 926251, 0
7.80576e+06, 4.85611e+06, 0
7.76267e+06, 3.54365e+06, 0
7.14201e+06, 3.2909e+06, 0
7.67504e+06, 4.88793e+06, 0
6.70028e+06, 1.28503e+06, 0
1.92855e+07, 4.41598e+06, 0
7.23965e+06, 3.98325e+06, 0
7.99527e+06, 1.70344e+06, 0
9.55886e+06, 3.70723e+06, 0
4.82857e+06, 1.32942e+06, 0
1.08675e+07, 2.31155e+06, 0
5.84438e+06, 3.34665e+06, 0
5.94244e+06, 2.23545e+06, 0
4.09368e+06, 2.28897e+06, 0
5.97373e+06, 2.86402e+06, 0
6.9719e+06, 4.16713e+06, 0
4.69372e+06, 1.99561e+06, 0
7.89288e+06, 4.83879e+06, 0
1.04625e+07, 1.07757e+06, 0
5.95932e+06, 2.37849e+06, 0
5.92625e+06, 3.14926e+06, 0
5.00365e+06, 2.06749e+06, 0
5.05906e+06, 1.1245e+06, 0
5.86742e+06, 3.48637e+06, 0
5.31787e+06, 3.28125e+06, 0
6.14774e+06, 2.79926e+06, 0
5.13593e+06, 2.38439e+06, 0
6.22304e+06, 2.72376e+06, 0
5.13206e+06, 164853, 0
6.34256e+06, 3.2096e+06, 0
6.11736e+06, 3.75648e+06, 0
5.87553e+06, 725706, 0
5.32659e+06, 2.88215e+06, 0
7.79964e+06, 4.28947e+06, 0
1.22078e+07, 3.26618e+06, 0
7.36794e+06, 920419, 0
8.09749e+06, 5.40014e+06, 0
5.90852e+06, 1.38213e+06, 0
3.11061e+06, 536994, 0
5.25753e+06, 385886, 0
7.42255e+06, 3.86806e+06, 0
2.732e+06, 648402, 0
5.84071e+06, 743270, 0
1.01497e+07, 1.36985e+06, 0
1.04329e+07, 7.12911e+06, 0
3.26749e+06, 1.21615e+06, 0
7.49158e+06, 3.00971e+06, 0
7.6728e+06, 3.91763e+06, 0
1.01781e+07, 6.03785e+06, 0
9.29222e+06, 6.08398e+06, 0
5.9276e+06, 1.19285e+06, 0
4.07121e+06, 1.24694e+06, 0
4.17387e+06, 1.46095e+06, 0
3.62968e+06, 558861, 0
8.04154e+06, 4.01345e+06, 0
8.8723e+06, 3.6552e+06, 0
1.09731e+07, 2.87767e+06, 0
3.63568e+06, 1.84704e+06, 0
8.3628e+06, 4.57888e+06, 0
1.10212e+07, 510540, 0
8.91283e+06, 4.49251e+06, 0
9.23395e+06, 5.58862e+06, 0
1.00943e+07, 3.39648e+06, 0
7.51541e+06, 820411, 0
9.23847e+06, 6.42475e+06, 0
4.6608e+06, 2.74539e+06, 0
3.60907e+06, 860907, 0
8.70836e+06, 1.49358e+06, 0
5.89584e+06, 861001, 0
9.0122e+06, 3.18923e+06, 0
8.60694e+06, 4.41475e+06, 0
1.01503e+07, 3.52618e+06, 0
4.26539e+06, 1.37985e+06, 0
7.1744e+06, 4.54048e+06, 0
7.30727e+06, 4.35779e+06, 0
5.9241e+06, 3.86357e+06, 0
9.49724e+06, 562164, 0
4.95794e+06, 2.856e+06, 0
7.33791e+06, 2.5536e+06, 0
5.67461e+06, 1.57862e+06, 0
7.69562e+06, 1.82221e+06, 0
7.86796e+06, 4.66399e+06, 0
4.85663e+06, 2.25567e+06, 0
4.84354e+06, 2.58585e+06, 0
9.5202e+06, 1.95285e+06, 0
7.78388e+06, 4.94515e+06, 0
5.09058e+06, 2.02074e+06, 0
7.99801e+06, 3.06207e+06, 0
5.67329e+06, 2.33963e+06, 0
3.0457e+06, 1.09667e+06, 0
6.03882e+06, 1.42946e+06, 0
3.72475e+06, 1.71669e+06, 0
1.04688e+07, 4.81579e+06, 0
4.99655e+06, 2.784e+06, 0
6.40989e+06, 2.2153e+06, 0
7.02893e+06, 1.90388e+06, 0
1.01291e+07, 3.08078e+06, 0
7.79651e+06, 2.36895e+06, 0
4.95254e+06, 1.43753e+06, 0
8.45213e+06, 4.48927e+06, 0
5.67545e+06, 2.76627e+06, 0
5.66359e+06, 2.25238e+06, 0
1.01643e+07, 3.66732e+06, 0
1.21276e+07, 7.24e+06, 0
5.2066e+06, 585275, 0
1.15924e+07, 7.90083e+06, 0
7.22431e+06, 2.81393e+06, 0
4.38096e+06, 202031, 0
6.62961e+06, 4.36874e+06, 0
6.14593e+06, 3.20685e+06, 0
7.9196e+06, 3.20836e+06, 0
9.31505e+06, 4.65991e+06, 0
5.36672e+06, 1.65827e+06, 0
3.22283e+06, 459305, 0
7.0289e+06, 4.22221e+06, 0
9.36839e+06, 950093, 0
6.87465e+06, 2.13725e+06, 0
5.03796e+06, 2.17111e+06, 0
8.18329e+06, 2.89851e+06, 0
2.74525e+06, 990785, 0
6.62221e+06, 3.35175e+06, 0
4.35266e+06, 1.00373e+06, 0
8.96148e+06, 5.99251e+06, 0
5.54578e+06, 3.26432e+06, 0
3.35527e+06, 1.64327e+06, 0
3.13131e+06, 1.26441e+06, 0
1.10292e+07, 5.19859e+06, 0
5.91177e+06, 2.50803e+06, 0
5.48866e+06, 2.81208e+06, 0
6.47102e+06, 4.282e+06, 0
5.52937e+06, 3.22265e+06, 0
5.4763e+06, 2.43599e+06, 0
6.09213e+06, 976702, 0
6.82941e+06, 4.05146e+06, 0
9.00718e+06, 3.69499e+06, 0
4.85701e+06, 2.35824e+06, 0
9.40659e+06, 2.96531e+06, 0
6.57322e+06, 3.69589e+06, 0
8.2645e+06, 810160, 0
4.07901e+06, 1.42862e+06, 0
5.15626e+06, 3.0585e+06, 0
6.11494e+06, 2.77998e+06, 0
7.23646e+06, 4.42996e+06, 0
6.82062e+06, 2.04796e+06, 0
6.26942e+06, 1.50197e+06, 0
1.0397e+07, 6.32175e+06, 0
1.01985e+07, 2.91932e+06, 0
2.61041e+06, 737052, 0
2.80294e+06, 764961, 0
9.25632e+06, 3.77238e+06, 0
5.28453e+06, 2.11946e+06, 0
7.74477e+06, 2.22485e+06, 0
7.77767e+06, 2.70311e+06, 0
6.22985e+06, 3.56806e+06, 0
8.0096e+06, 3.23733e+06, 0
6.41196e+06, 3.6492e+06, 0
6.95128e+06, 2.93268e+06, 0
4.31961e+06, 453511, 0
8.96904e+06, 2.48989e+06, 0
8.06659e+06, 4.06249e+06, 0
6.91258e+06, 1.2997e+06, 0
5.25855e+06, 2.91308e+06, 0
3.64726e+06, 886847, 0
4.96723e+06, 2.68547e+06, 0
3.96639e+06, 955409, 0
1.72491e+07, 5.72629e+06, 0
5.0663e+06, 2.34508e+06, 0
5.59603e+06, 1.26481e+06, 0
4.96932e+06, 1.04807e+06, 0
5.81056e+06, 630227, 0
4.08426e+06, 2.14201e+06, 0
5.89001e+06, 3.44248e+06, 0
3.53252e+06, 1.30906e+06, 0
5.00639e+06, 2.43676e+06, 0
6.6785e+06, 1.57609e+06, 0
6.61205e+06, 4.29503e+06, 0
4.58505e+06, 2.04306e+06, 0
9.27878e+06, 6.20738e+06, 0
9.01159e+06, 5.3931e+06, 0
6.61715e+06, 4.33879e+06, 0
5.07251e+06, 3.0737e+06, 0
6.49807e+06, 2.13515e+06, 0
7.07367e+06, 4.72067e+06, 0
6.02283e+06, 2.45718e+06, 0
5.0643e+06, 1.95645e+06, 0
5.24386e+06, 2.60193e+06, 0
1.01283e+07, 2.81522e+06, 0
4.35699e+06, 1.39307e+06, 0
7.80547e+06, 1.79748e+06, 0
5.63874e+06, 3.46346e+06, 0
3.32516e+06, 1.0698e+06, 0
5.09477e+06, 3.09963e+06, 0
6.3066e+06, 3.89443e+06, 0
8.40486e+06, 4.30892e+06, 0
9.14162e+06, 4.35667e+06, 0
6.95864e+06, 3.91865e+06, 0
1.22998e+07, 6.32003e+06, 0
9.848e+06, 5.56186e+06, 0
7.71072e+06, 2.22662e+06, 0
6.95699e+06, 4.66606e+06, 0
1.4209e+07, 5.73707e+06, 0
1.11915e+07, 5.10943e+06, 0
8.6646e+06, 1.45207e+06, 0
1.37696e+07, 5.5521e+06, 0
8.90695e+06, 4.32442e+06, 0
8.67104e+06, 5.86451e+06, 0
5.82371e+06, 2.41065e+06, 0
8.62924e+06, 298198, 0
4.54447e+06, 1.11092e+06, 0
7.28483e+06, 4.44321e+06, 0
1.03039e+07, 5.34535e+06, 0
6.16997e+06, 3.48931e+06, 0
6.22559e+06, 2.70505e+06, 0
6.56627e+06, 2.26127e+06, 0
7.87339e+06, 4.5317e+06, 0
6.38991e+06, 2.43467e+06, 0
7.28022e+06, 2.6619e+06, 0
9.11925e+06, 4.09357e+06, 0
4.60869e+06, 1.57422e+06, 0
9.97502e+06, 2.69957e+06, 0
8.35697e+06, 5.57071e+06, 0
6.16495e+06, 3.22688e+06, 0
5.21842e+06, 327190, 0
8.60268e+06, 5.86827e+06, 0
8.13511e+06, 2.54178e+06, 0
8.08524e+06, 3.70084e+06, 0
7.33936e+06, 4.91747e+06, 0
8.02737e+06, 3.919e+06, 0
7.8704e+06, 2.92982e+06, 0
1.01213e+07, 1.30775e+06, 0
9.07784e+06, 5.65893e+06, 0
9.69917e+06, 5.83632e+06, 0
1.16225e+07, 1.55478e+06, 0
9.18967e+06, 2.68331e+06, 0
4.02013e+06, 1.66884e+06, 0
1.09222e+07, 3.90219e+06, 0
4.07902e+06, 2.08776e+06, 0
4.93612e+06, 94139.3, 0
6.6116e+06, 4.08196e+06, 0
3.35559e+06, 1.17724e+06, 0
2.63234e+06, 425154, 0
4.69704e+06, 795115, 0
7.06923e+06, 4.7015e+06, 0
9.26602e+06, 3.53991e+06, 0
3.46445e+06, 1.2072e+06, 0
8.11441e+06, 4.69121e+06, 0
6.90816e+06, 2.4881e+06, 0
3.94134e+06, 1.43678e+06, 0
5.19065e+06, 2.78558e+06, 0
6.92838e+06, 3.6913e+06, 0
6.94581e+06, 599810, 0
7.28144e+06, 4.80151e+06, 0
7.74269e+06, 2.50537e+06, 0
8.85173e+06, 4.18705e+06, 0
5.10185e+06, 1.12432e+06, 0
4.37385e+06, 1.80739e+06, 0
4.8928e+06, 864589, 0
1.48093e+07, 1.05259e+07, 0
9.24564e+06, 6.42973e+06, 0
3.2357e+06, 1.47737e+06, 0
1.13539e+07, 1.37848e+06, 0
5.91963e+06, 1.92933e+06, 0
5.87114e+06, 3.78673e+06, 0
5.60721e+06, 1.96321e+06, 0
6.65665e+06, 2.90641e+06, 0
7.925e+06, 1.87937e+06, 0
4.92096e+06, 2.34914e+06, 0
7.22431e+06, 4.4838e+06, 0
7.90288e+06, 1.46163e+06, 0
5.01309e+06, 2.57641e+06, 0
6.32924e+06, 2.90588e+06, 0
6.78508e+06, 2.24053e+06, 0
7.94624e+06, 2.81867e+06, 0
5.02642e+06, 2.79915e+06, 0
7.29227e+06, 3.90956e+06, 0
8.38158e+06, 2.07856e+06, 0
4.53465e+06, 1.06922e+06, 0
1.11343e+07, 1.44078e+06, 0
3.34245e+06, 1.07427e+06, 0
7.78311e+06, 3.68232e+06, 0
7.93403e+06, 2.46261e+06, 0
4.89672e+06, 1.75564e+06, 0
3.01749e+06, 1.12266e+06, 0
7.35621e+06, 1.56504e+06, 0
5.81564e+06, 1.30388e+06, 0
3.09162e+06, 900465, 0
5.83838e+06, 3.7076e+06, 0
6.70094e+06, 2.99292e+06, 0
5.32622e+06, 3.34151e+06, 0
4.78635e+06, 2.61874e+06, 0
3.55708e+06, 1.42428e+06, 0
7.15675e+06, 1.40679e+06, 0
7.69181e+06, 2.39666e+06, 0
7.95561e+06, 5.21851e+06, 0
4.02573e+06, 839814, 0
8.59092e+06, 3.64265e+06, 0
5.2214e+06, 1.83575e+06, 0
4.6757e+06, 509790, 0
1.27204e+07, 4.54969e+06, 0
8.87936e+06, 2.14618e+06, 0
7.00359e+06, 3.94397e+06, 0
3.42274e+06, 602814, 0
2.68945e+06, 820717, 0
4.9484e+06, 2.80476e+06, 0
1.32711e+07, 8.08642e+06, 0
4.05647e+06, 1.80553e+06, 0
6.88427e+06, 2.21588e+06, 0
9.23625e+06, 2.7577e+06, 0
8.82349e+06, 4.7062e+06, 0
5.7456e+06, 2.35772e+06, 0
6.18306e+06, 2.87772e+06, 0
5.82416e+06, 1.04334e+06, 0
5.76853e+06, 1.51756e+06, 0
1.27003e+07, 5.65838e+06, 0
7.13292e+06, 4.64541e+06, 0
8.66924e+06, 3.95261e+06, 0
9.55825e+06, 6.54335e+06, 0
4.35233e+06, 879212, 0
5.78378e+06, 1.19028e+06, 0
5.41379e+06, 1.46557e+06, 0
5.95018e+06, 1.97868e+06, 0
8.11974e+06, 5.41841e+06, 0
9.0347e+06, 4.22515e+06, 0
7.28787e+06, 903532, 0
2.8315e+06, 349923, 0
5.00162e+06, 733000, 0
4.88002e+06, 1.16205e+06, 0
6.28899e+06, 2.12341e+06, 0
7.58453e+06, 1.06221e+06, 0
8.65717e+06, 3.63541e+06, 0
4.65858e+06, 2.11384e+06, 0
6.41128e+06, 1.52573e+06, 0
9.52383e+06, 3.35024e+06, 0
5.33708e+06, 2.0464e+06, 0
1.15346e+07, 4.7794e+06, 0
7.42295e+06, 1.40611e+06, 0
3.62673e+06, 1.16658e+06, 0
9.11271e+06, 2.74279e+06, 0
8.29347e+06, 2.30493e+06, 0
5.69045e+06, 3.23898e+06, 0
7.25125e+06, 2.78065e+06, 0
3.77941e+06, 1.92335e+06, 0
9.17507e+06, 4.01635e+06, 0
4.9213e+06, 2.42616e+06, 0
9.58636e+06, 2.07434e+06, 0
3.43007e+06, 147193, 0
4.20078e+06, 657833, 0
5.86186e+06, 451883, 0
5.08967e+06, 2.44624e+06, 0
8.21918e+06, 1.59273e+06, 0
5.76705e+06, 639357, 0
4.21585e+06, 1.91402e+06, 0
3.63527e+06, 1.12754e+06, 0
1.20115e+07, 678782, 0
5.32111e+06, 1.83056e+06, 0
5.49066e+06, 3.14016e+06, 0
7.16139e+06, 1.98242e+06, 0
3.07709e+06, 1.22785e+06, 0
5.6883e+06, 2.84687e+06, 0
5.82486e+06, 1.25597e+06, 0
5.26391e+06, 1.98813e+06, 0
6.54377e+06, 3.57324e+06, 0
6.71414e+06, 3.27872e+06, 0
6.99452e+06, 3.92139e+06, 0
7.99516e+06, 2.15215e+06, 0
5.70343e+06, 2.86486e+06, 0
1.01371e+07, 1.59208e+06, 0
7.74532e+06, 4.08723e+06, 0
7.09987e+06, 3.21493e+06, 0
6.21662e+06, 3.69424e+06, 0
8.58512e+06, 1.84339e+06, 0
5.43615e+06, 3.37568e+06, 0
1.00164e+07, 2.2871e+06, 0
8.71648e+06, 2.03612e+06, 0
9.9407e+06, 5.49837e+06, 0
5.2615e+06, 1.0741e+06, 0
9.37085e+06, 6.05751e+06, 0
8.08134e+06, 2.38431e+06, 0
4.56908e+06, 2.28114e+06, 0
3.54802e+06, 1.30533e+06, 0
3.67264e+06, 2.02667e+06, 0
5.8651e+06, 2.77208e+06, 0
6.56775e+06, 2.89776e+06, 0
6.10884e+06, 3.22176e+06, 0
4.31567e+06, 2.41598e+06, 0
3.96836e+06, 1.94951e+06, 0
3.18501e+06, 1.22798e+06, 0
8.36579e+06, 4.66108e+06, 0
4.31734e+06, 981261, 0
4.36017e+06, 2.36912e+06, 0
1.14746e+07, 673035, 0
6.82899e+06, 4.26232e+06, 0
5.39625e+06, 1.92692e+06, 0
1.00645e+07, 2.71081e+06, 0
2.62455e+06, 543715, 0
9.46338e+06, 4.75554e+06, 0
5.64449e+06, 2.54997e+06, 0
5.58133e+06, 1.61855e+06, 0
5.09581e+06, 2.02071e+06, 0
7.37315e+06, 2.63894e+06, 0
5.43431e+06, 2.28388e+06, 0
7.20664e+06, 2.15077e+06, 0
7.88525e+06, 4.27326e+06, 0
9.07585e+06, 4.35152e+06, 0
8.70776e+06, 1.99725e+06, 0
6.2489e+06, 3.04664e+06, 0
6.06014e+06, 1.69574e+06, 0
8.96832e+06, 580699, 0
2.85885e+06, 1.0536e+06, 0
6.01984e+06, 2.69889e+06, 0
5.68719e+06, 1.13106e+06, 0
8.65782e+06, 3.81613e+06, 0
5.73442e+06, 3.55736e+06, 0
5.35906e+06, 1.21309e+06, 0
1.05245e+07, 2.23448e+06, 0
4.96535e+06, 1.00855e+06, 0
6.31808e+06, 1.24339e+06, 0
4.91427e+06, 2.18043e+06, 0
1.22585e+07, 2.39752e+06, 0
5.21395e+06, 2.83493e+06, 0
5.09005e+06, 2.68934e+06, 0
6.31314e+06, 2.16625e+06, 0
3.49473e+06, 1.29421e+06, 0
8.29199e+06, 4.84154e+06, 0
7.27458e+06, 4.49625e+06, 0
7.0687e+06, 1.22545e+06, 0
4.95707e+06, 1.11262e+06, 0
3.99576e+06, 2.25157e+06, 0
4.22604e+06, 2.21647e+06, 0
9.96032e+06, 6.41822e+06, 0
7.87208e+06, 4.73505e+06, 0
9.37671e+06, 1.34262e+06, 0
4.79564e+06, 2.27866e+06, 0
7.30493e+06, 3.71017e+06, 0
6.87444e+06, 2.1329e+06, 0
3.40842e+06, 1.42174e+06, 0
4.98675e+06, 1.16986e+06, 0
7.85294e+06, 377465, 0
6.58703e+06, 4.17451e+06, 0
8.20482e+06, 3.51217e+06, 0
9.52563e+06, 3.24321e+06, 0
8.6204e+06, 3.72625e+06, 0
3.76857e+06, 1.85114e+06, 0
4.35754e+06, 904290, 0
3.94116e+06, 1.99231e+06, 0
4.86453e+06, 2.56161e+06, 0
1.15011e+07, 362485, 0
7.22431e+06, 4.4838e+06, 0
8.84275e+06, 2.28194e+06, 0
1.06772e+07, 5.69923e+06, 0
7.90669e+06, 2.74456e+06, 0
5.36412e+06, 784377, 0
4.3803e+06, 881545, 0
5.71261e+06, 1.79802e+06, 0
5.21033e+06, 1.97732e+06, 0
7.95248e+06, 2.23066e+06, 0
7.65222e+06, 4.68289e+06, 0
5.62698e+06, 535221, 0
3.27971e+06, 631793, 0
7.77343e+06, 4.76452e+06, 0
4.59156e+06, 2.47602e+06, 0
7.66247e+06, 1.60402e+06, 0
6.4495e+06, 2.51617e+06, 0
4.52833e+06, 1.88856e+06, 0
6.47767e+06, 2.60123e+06, 0
6.32844e+06, 3.1775e+06, 0
5.55978e+06, 2.61998e+06, 0
5.76217e+06, 765687, 0
7.06846e+06, 2.6725e+06, 0
7.1764e+06, 251180, 0
9.37027e+06, 5.11155e+06, 0
5.95288e+06, 1.90896e+06, 0
9.44313e+06, 5.76191e+06, 0
6.54352e+06, 1.98527e+06, 0
8.19733e+06, 4.15288e+06, 0
4.3595e+06, 2.0057e+06, 0
6.77657e+06, 652409, 0
8.43085e+06, 3.32319e+06, 0
6.03729e+06, 3.85009e+06, 0
1.10734e+07, 4.15874e+06, 0
6.26033e+06, 3.37829e+06, 0
5.73227e+06, 2.52067e+06, 0
1.03254e+07, 4.48715e+06, 0
4.44025e+06, 1.74968e+06, 0
8.76334e+06, 4.83946e+06, 0
4.8802e+06, 2.82862e+06, 0
4.23042e+06, 2.147e+06, 0
9.76172e+06, 1.7481e+06, 0
4.11163e+06, 1.08468e+06, 0
1.14998e+07, 2.88225e+06, 0
4.59887e+06, 560396, 0
7.96237e+06, 3.02691e+06, 0
9.54561e+06, 6.64293e+06, 0
3.87277e+06, 1.33084e+06, 0
4.11888e+06, 771396, 0
1.03421e+07, 2.8754e+06, 0
4.40163e+06, 2.32405e+06, 0
5.16306e+06, 2.46922e+06, 0
1.01543e+07, 4.65547e+06, 0
6.94684e+06, 3.77593e+06, 0
3.79041e+06, 1.6778e+06, 0
8.60853e+06, 3.3907e+06, 0
4.92607e+06, 2.77167e+06, 0
7.85667e+06, 2.84793e+06, 0
8.56912e+06, 2.65721e+06, 0
1.00967e+07, 6.00876e+06, 0
9.39384e+06, 2.21482e+06, 0
1.07037e+07, 4.78216e+06, 0
9.73936e+06, 1.99957e+06, 0
1.05928e+07, 4.15108e+06, 0
5.1804e+06, 2.81319e+06, 0
4.57201e+06, 2.27121e+06, 0
4.40265e+06, 2.66768e+06, 0
7.40396e+06, 4.80255e+06, 0
1.26117e+07, 5.88898e+06, 0
6.19366e+06, 2.88743e+06, 0
5.79242e+06, 3.5871e+06, 0
1.0856e+07, 5.48324e+06, 0
9.82972e+06, 6.73823e+06, 0
8.35435e+06, 4.78259e+06, 0
3.25988e+06, 906168, 0
1.38162e+07, 7.5959e+06, 0
8.31361e+06, 981402, 0
4.51374e+06, 2.08153e+06, 0
7.46689e+06, 4.89412e+06, 0
9.30849e+06, 5.88484e+06, 0
8.43832e+06, 4.03431e+06, 0
9.48738e+06, 4.26169e+06, 0
9.70599e+06, 4.45825e+06, 0
8.34382e+06, 2.32601e+06, 0
7.66719e+06, 2.54913e+06, 0
6.79328e+06, 2.58673e+06, 0
6.99541e+06, 1.69113e+06, 0
6.95956e+06, 3.82912e+06, 0
3.95333e+06, 2.01204e+06, 0
9.48965e+06, 5.69962e+06, 0
7.66897e+06, 1.04795e+06, 0
8.02217e+06, 3.49876e+06, 0
6.24959e+06, 1.73592e+06, 0
6.4996e+06, 3.42415e+06, 0
8.73497e+06, 3.86813e+06, 0
6.3923e+06, 2.77502e+06, 0
4.57866e+06, 1.66919e+06, 0
5.17129e+06, 2.48873e+06, 0
4.0492e+06, 1.47572e+06, 0
5.46602e+06, 1.44208e+06, 0
7.19637e+06, 3.87668e+06, 0
7.26604e+06, 3.83582e+06, 0
5.47576e+06, 3.32807e+06, 0
8.68991e+06, 4.86061e+06, 0
6.85612e+06, 1.69558e+06, 0
7.12586e+06, 2.22713e+06, 0
5.18582e+06, 3.27124e+06, 0
3.86039e+06, 505259, 0
4.1679e+06, 2.39113e+06, 0
3.79135e+06, 1.6493e+06, 0
6.7485e+06, 3.04375e+06, 0
6.98571e+06, 2.39972e+06, 0
6.34768e+06, 1.89575e+06, 0
1.46894e+07, 7.12004e+06, 0
7.34064e+06, 2.235e+06, 0
3.98257e+06, 1.99365e+06, 0
4.82119e+06, 2.27591e+06, 0
8.47185e+06, 4.87356e+06, 0
5.01504e+06, 2.87903e+06, 0
3.27327e+06, 708839, 0
1.0072e+07, 2.71755e+06, 0
7.38368e+06, 2.02538e+06, 0
7.66211e+06, 3.59006e+06, 0
7.57047e+06, 2.22329e+06, 0
9.49356e+06, 5.73508e+06, 0
8.52805e+06, 2.65277e+06, 0
8.37047e+06, 3.62918e+06, 0
7.04478e+06, 2.16556e+06, 0
8.47619e+06, 3.02816e+06, 0
5.43283e+06, 1.35504e+06, 0
6.46744e+06, 3.60086e+06, 0
2.59804e+06, 402018, 0
4.28587e+06, 1.35015e+06, 0
8.52632e+06, 3.66931e+06, 0
8.80306e+06, 2.04696e+06, 0
9.15443e+06, 840498, 0
9.1743e+06, 5.02282e+06, 0
6.81515e+06, 806258, 0
7.11764e+06, 2.98576e+06, 0
7.18161e+06, 3.67462e+06, 0
5.01132e+06, 1.11635e+06, 0
4.33512e+06, 2.04325e+06, 0
8.67007e+06, 1.77091e+06, 0
5.61681e+06, 1.4144e+06, 0
6.49843e+06, 2.80142e+06, 0
4.53426e+06, 2.71497e+06, 0
1.39138e+07, 2.44273e+06, 0
1.18347e+07, 6.42729e+06, 0
3.8703e+06, 1.31152e+06, 0
1.06589e+07, 1.59226e+06, 0
7.49907e+06, 4.23881e+06, 0
8.89447e+06, 840384, 0
3.82225e+06, 982410, 0
1.08787e+07, 2.46078e+06, 0
3.01917e+06, 614652, 0
5.24136e+06, 2.3067e+06, 0
5.10792e+06, 2.15221e+06, 0
8.39647e+06, 2.88177e+06, 0
6.39118e+06, 2.14837e+06, 0
6.77497e+06, 3.72821e+06, 0
9.13561e+06, 2.46556e+06, 0
7.10302e+06, 1.64261e+06, 0
6.89324e+06, 1.6287e+06, 0
5.78202e+06, 2.634e+06, 0
4.6912e+06, 1.31051e+06, 0
6.7104e+06, 3.8851e+06, 0
7.08669e+06, 2.48647e+06, 0
5.16971e+06, 2.8494e+06, 0
5.98558e+06, 2.41003e+06, 0
6.51938e+06, 4.28151e+06, 0
8.08638e+06, 3.52887e+06, 0
1.06317e+07, 5.8321e+06, 0
8.28725e+06, 3.22565e+06, 0
5.77999e+06, 2.79304e+06, 0
8.35549e+06, 5.50741e+06, 0
6.04587e+06, 1.50455e+06, 0
8.43014e+06, 3.81717e+06, 0
6.62914e+06, 2.77317e+06, 0
1.21484e+07, 6.72884e+06, 0
5.0049e+06, 2.5192e+06, 0
9.1332e+06, 1.80263e+06, 0
6.4086e+06, 1.65534e+06, 0
5.10773e+06, 2.36294e+06, 0
5.27727e+06, 3.32612e+06, 0
8.9217e+06, 3.94842e+06, 0
7.60333e+06, 593903, 0
7.60654e+06, 2.21988e+06, 0
8.85247e+06, 3.84625e+06, 0
1.06882e+07, 6.53181e+06, 0
8.93065e+06, 5.30368e+06, 0
4.85188e+06, 1.92051e+06, 0
1.08387e+07, 3.12601e+06, 0
6.31992e+06, 3.71274e+06, 0
5.29859e+06, 1.47672e+06, 0
5.60904e+06, 791472, 0
7.69276e+06, 3.42235e+06, 0
7.71081e+06, 4.65573e+06, 0
1.11646e+07, 4.66385e+06, 0
5.30184e+06, 3.12664e+06, 0
5.7428e+06, 2.49273e+06, 0
3.71993e+06, 1.05939e+06, 0
6.59782e+06, 2.42128e+06, 0
6.30421e+06, 2.27197e+06, 0
4.00206e+06, 1.05579e+06, 0
6.13554e+06, 2.64673e+06, 0
7.29201e+06, 2.53979e+06, 0
3.30796e+06, 1.41928e+06, 0
8.30326e+06, 5.40604e+06, 0
5.97564e+06, 3.55083e+06, 0
9.80438e+06, 4.18773e+06, 0
8.70921e+06, 3.23543e+06, 0
7.27068e+06, 2.72785e+06, 0
1.10329e+07, 4.17195e+06, 0
7.98947e+06, 4.11688e+06, 0
8.07332e+06, 3.00674e+06, 0
4.79762e+06, 2.36906e+06, 0
7.69968e+06, 2.99681e+06, 0
5.57584e+06, 1.76425e+06, 0
5.19502e+06, 2.91686e+06, 0
9.62331e+06, 1.55906e+06, 0
6.15033e+06, 3.69314e+06, 0
8.09008e+06, 2.97782e+06, 0
7.249e+06, 2.99467e+06, 0
5.03614e+06, 2.95645e+06, 0
5.48754e+06, 2.80508e+06, 0
5.86996e+06, 2.67455e+06, 0
4.58269e+06, 2.42514e+06, 0
6.69832e+06, 3.76463e+06, 0
9.01355e+06, 3.41581e+06, 0
5.0648e+06, 2.48207e+06, 0
1.21494e+07, 6.64221e+06, 0
1.26502e+07, 2.79515e+06, 0
8.78156e+06, 2.08519e+06, 0
1.33929e+07, 5.64897e+06, 0
1.29539e+07, 1.55291e+06, 0
7.92969e+06, 1.88768e+06, 0
4.09555e+06, 1.02812e+06, 0
6.45909e+06, 644347, 0
9.27861e+06, 2.67407e+06, 0
3.68052e+06, 1.3564e+06, 0
1.38418e+07, 8.47451e+06, 0
3.10635e+06, 51050.4, 0
6.55788e+06, 2.07554e+06, 0
1.14813e+07, 1.87041e+06, 0
1.32739e+07, 1.68484e+06, 0
4.57908e+06, 1.91161e+06, 0
4.00995e+06, 1.9641e+06, 0
5.94851e+06, 513338, 0
9.38523e+06, 6.03216e+06, 0
5.49191e+06, 2.42449e+06, 0
3.71401e+06, 2.06533e+06, 0
6.19877e+06, 2.04632e+06, 0
4.17137e+06, 2.47364e+06, 0
7.49901e+06, 819614, 0
4.64578e+06, 2.37297e+06, 0
9.04419e+06, 4.3541e+06, 0
7.22457e+06, 4.6987e+06, 0
4.40445e+06, 1.6374e+06, 0
5.96619e+06, 1.17361e+06, 0
8.18882e+06, 5.00221e+06, 0
7.09031e+06, 4.46528e+06, 0
4.45209e+06, 604226, 0
1.05554e+07, 2.37345e+06, 0
6.15851e+06, 1.46359e+06, 0
4.77534e+06, 2.67392e+06, 0
8.27836e+06, 4.24538e+06, 0
4.37785e+06, 1.73542e+06, 0
4.22721e+06, 2.48343e+06, 0
1.08062e+07, 4.3654e+06, 0
3.48695e+06, 1.39431e+06, 0
5.59445e+06, 3.58744e+06, 0
7.93342e+06, 5.3733e+06, 0
7.37786e+06, 4.74712e+06, 0
9.00828e+06, 5.76353e+06, 0
3.77999e+06, 1.2357e+06, 0
1.127e+07, 6.59808e+06, 0
6.91733e+06, 4.3207e+06, 0
3.17261e+06, 768690, 0
4.6804e+06, 2.12451e+06, 0
9.98502e+06, 1.17468e+06, 0
3.83577e+06, 462959, 0
1.00742e+07, 2.64055e+06, 0
6.04524e+06, 2.65357e+06, 0
9.49549e+06, 4.33749e+06, 0
3.68675e+06, 1.23772e+06, 0
6.5395e+06, 2.5235e+06, 0
1.07092e+07, 1.92546e+06, 0
5.48523e+06, 1.45998e+06, 0
1.06803e+07, 6.43705e+06, 0
5.44706e+06, 2.98267e+06, 0
4.99951e+06, 3.16641e+06, 0
4.00664e+06, 1.66893e+06, 0
4.81748e+06, 2.54919e+06, 0
4.38758e+06, 541852, 0
5.60626e+06, 2.21214e+06, 0
7.29795e+06, 728824, 0
8.13859e+06, 5.29165e+06, 0
7.3095e+06, 2.93626e+06, 0
3.18885e+06, 1.17977e+06, 0
7.42484e+06, 2.58984e+06, 0
7.89794e+06, 3.05425e+06, 0
6.63443e+06, 994858, 0
4.28885e+06, 2.18265e+06, 0
4.14938e+06, 1.70114e+06, 0
6.89887e+06, 2.88608e+06, 0
6.97231e+06, 762642, 0
5.81851e+06, 2.4396e+06, 0
7.92671e+06, 3.97854e+06, 0
8.80256e+06, 5.32149e+06, 0
9.50491e+06, 1.9358e+06, 0
7.07007e+06, 3.47663e+06, 0
9.08276e+06, 1.53845e+06, 0
7.61905e+06, 2.14993e+06, 0
5.10597e+06, 2.33046e+06, 0
7.1267e+06, 4.2057e+06, 0
7.79641e+06, 2.37304e+06, 0
7.89226e+06, 4.05859e+06, 0
7.41505e+06, 2.60946e+06, 0
5.2759e+06, 2.38785e+06, 0
7.84498e+06, 4.85024e+06, 0
5.12558e+06, 3.03126e+06, 0
4.95045e+06, 2.53999e+06, 0
1.13263e+07, 6.67047e+06, 0
1.05904e+07, 3.90429e+06, 0
6.2244e+06, 1.22461e+06, 0
9.81278e+06, 4.84463e+06, 0
6.84213e+06, 433319, 0
8.11987e+06, 1.54396e+06, 0
1.09628e+07, 3.2137e+06, 0
1.11983e+07, 3.03729e+06, 0
8.46928e+06, 5.5043e+06, 0
6.14698e+06, 3.79138e+06, 0
5.95415e+06, 2.87284e+06, 0
6.8254e+06, 1.10346e+06, 0
3.12838e+06, 394089, 0
4.09347e+06, 2.26278e+06, 0
6.52555e+06, 2.38089e+06, 0
9.12999e+06, 6.21978e+06, 0
1.5867e+07, 6.48945e+06, 0
5.71704e+06, 2.39293e+06, 0
6.09548e+06, 3.01568e+06, 0
6.31086e+06, 2.51003e+06, 0
1.00562e+07, 6.40124e+06, 0
5.00186e+06, 2.02965e+06, 0
5.22459e+06, 2.85476e+06, 0
1.28547e+07, 7.071e+06, 0
1.01971e+07, 2.38915e+06, 0
3.17998e+06, 1.22193e+06, 0
3.91639e+06, 1.43009e+06, 0
7.16531e+06, 2.70404e+06, 0
5.54159e+06, 1.06783e+06, 0
9.59507e+06, 5.28454e+06, 0
7.1403e+06, 2.00896e+06, 0
6.38017e+06, 3.07125e+06, 0
4.03379e+06, 696027, 0
3.01175e+06, 899504, 0
1.06967e+07, 7.35353e+06, 0
4.72312e+06, 2.0251e+06, 0
6.00334e+06, 1.93798e+06, 0
1.24156e+07, 5.81489e+06, 0
7.25243e+06, 4.19832e+06, 0
5.86958e+06, 2.09716e+06, 0
8.36897e+06, 5.62825e+06, 0
6.30634e+06, 2.16243e+06, 0
1.0771e+07, 3.18138e+06, 0
9.10437e+06, 2.64574e+06, 0
6.78542e+06, 3.88513e+06, 0
8.42795e+06, 4.77819e+06, 0
8.31214e+06, 4.70739e+06, 0
3.02598e+06, 1.00197e+06, 0
5.853e+06, 3.76654e+06, 0
5.20367e+06, 1.70692e+06, 0
4.49178e+06, 2.59933e+06, 0
9.64329e+06, 5.92647e+06, 0
3.88652e+06, 271435, 0
6.03489e+06, 3.86788e+06, 0
1.01586e+07, 1.00238e+06, 0
4.89879e+06, 970730, 0
3.70281e+06, 243833, 0
8.05502e+06, 3.99515e+06, 0
2.61717e+06, 560660, 0
5.22622e+06, 2.44635e+06, 0
1.10753e+07, 1.25822e+06, 0
3.53517e+06, 531701, 0
1.10955e+07, 5.60281e+06, 0
6.20197e+06, 3.78684e+06, 0
6.87937e+06, 2.539e+06, 0
1.29507e+07, 7.04936e+06, 0
8.31995e+06, 4.8512e+06, 0
5.46638e+06, 907185, 0
8.99252e+06, 1.20263e+06, 0
4.99687e+06, 3.05035e+06, 0
6.55854e+06, 2.83495e+06, 0
4.18555e+06, 1.49015e+06, 0
4.8546e+06, 869826, 0
4.39875e+06, 1.23078e+06, 0
4.20898e+06, 2.41963e+06, 0
7.09008e+06, 4.13083e+06, 0
1.05317e+07, 4.5655e+06, 0
2.72506e+06, 697291, 0
4.48321e+06, 1.72614e+06, 0
4.73754e+06, 1.84252e+06, 0
5.29802e+06, 2.65084e+06, 0
6.74936e+06, 4.25647e+06, 0
6.50934e+06, 3.1145e+06, 0
8.80442e+06, 4.36324e+06, 0
6.17369e+06, 2.99798e+06, 0
6.88722e+06, 4.44589e+06, 0
4.97646e+06, 1.40209e+06, 0
8.70302e+06, 2.696e+06, 0
4.35865e+06, 2.53724e+06, 0
1.0158e+07, 4.81405e+06, 0
6.67424e+06, 1.71744e+06, 0
1.16929e+07, 4.37168e+06, 0
8.81861e+06, 4.35421e+06, 0
9.57795e+06, 1.26676e+06, 0
6.66842e+06, 3.6806e+06, 0
4.35558e+06, 2.49746e+06, 0
6.57034e+06, 3.83475e+06, 0
3.65089e+06, 899039, 0
9.58787e+06, 6.53097e+06, 0
3.09163e+06, 1.04575e+06, 0
8.13426e+06, 2.21136e+06, 0
7.39197e+06, 3.74061e+06, 0
7.05996e+06, 1.46535e+06, 0
7.55926e+06, 1.62409e+06, 0
7.58882e+06, 2.28432e+06, 0
9.50537e+06, 4.2675e+06, 0
5.80756e+06, 2.30966e+06, 0
5.1173e+06, 2.88833e+06, 0
5.72908e+06, 2.52913e+06, 0
6.21135e+06, 4.13429e+06, 0
3.07039e+06, 446240, 0
7.76144e+06, 1.3313e+06, 0
5.05655e+06, 1.44096e+06, 0
3.66634e+06, 784737, 0
7.09991e+06, 1.13617e+06, 0
5.19118e+06, 2.09098e+06, 0
9.32864e+06, 6.10792e+06, 0
6.98385e+06, 3.93e+06, 0
6.82626e+06, 2.77815e+06, 0
5.56709e+06, 2.65799e+06, 0
7.88234e+06, 2.57909e+06, 0
6.80086e+06, 2.40118e+06, 0
3.96436e+06, 300545, 0
2.61715e+06, 497467, 0
7.31825e+06, 2.87145e+06, 0
9.3759e+06, 3.97646e+06, 0
5.58554e+06, 1.36313e+06, 0
7.6351e+06, 3.37294e+06, 0
8.57739e+06, 4.73874e+06, 0
1.02255e+07, 5.18932e+06, 0
8.14634e+06, 3.33213e+06, 0
6.61028e+06, 3.57749e+06, 0
4.93117e+06, 2.03237e+06, 0
8.82193e+06, 3.83235e+06, 0
9.79809e+06, 6.27681e+06, 0
4.54464e+06, 626666, 0
6.24983e+06, 1.50796e+06, 0
5.02922e+06, 3.15726e+06, 0
5.71506e+06, 3.57574e+06, 0
5.63516e+06, 2.50596e+06, 0
5.77907e+06, 3.54062e+06, 0
9.79752e+06, 3.9718e+06, 0
3.90469e+06, 1.79226e+06, 0
5.84883e+06, 3.58347e+06, 0
6.26698e+06, 3.80574e+06, 0
3.57324e+06, 1.84226e+06, 0
9.50245e+06, 5.02385e+06, 0
2.56778e+06, 651914, 0
1.24297e+07, 5.54739e+06, 0
3.45027e+06, 667871, 0
7.1683e+06, 3.1691e+06, 0
1.0434e+07, 2.79777e+06, 0
6.98216e+06, 3.76307e+06, 0
9.96667e+06, 4.00336e+06, 0
6.40355e+06, 3.04909e+06, 0
1.0746e+07, 2.87632e+06, 0
7.85329e+06, 3.80272e+06, 0
5.19669e+06, 1.48225e+06, 0
7.91096e+06, 3.49138e+06, 0
7.27361e+06, 4.92031e+06, 0
1.01e+07, 4.51557e+06, 0
8.54199e+06, 1.39895e+06, 0
1.06116e+07, 480313, 0
9.37189e+06, 5.65475e+06, 0
4.4008e+06, 854180, 0
8.22005e+06, 3.11878e+06, 0
4.46261e+06, 1.97902e+06, 0
8.98298e+06, 3.17251e+06, 0
5.85173e+06, 2.50296e+06, 0
3.75407e+06, 1.30173e+06, 0
4.05796e+06, 2.15878e+06, 0
7.02967e+06, 431662, 0
7.4462e+06, 4.77161e+06, 0
5.96579e+06, 1.44769e+06, 0
9.8133e+06, 4.21394e+06, 0
7.22431e+06, 4.4838e+06, 0
5.52735e+06, 1.34864e+06, 0
9.27159e+06, 5.61587e+06, 0
5.55832e+06, 3.17413e+06, 0
7.30654e+06, 3.99887e+06, 0
3.9304e+06, 1.45127e+06, 0
7.88648e+06, 4.77232e+06, 0
7.55785e+06, 1.7854e+06, 0
5.48059e+06, 3.53565e+06, 0
3.73475e+06, 1.52089e+06, 0
4.89077e+06, 2.77339e+06, 0
5.38928e+06, 1.24556e+06, 0
3.75947e+06, 1.2137e+06, 0
5.7482e+06, 2.02917e+06, 0
6.71888e+06, 3.58434e+06, 0
7.07219e+06, 4.00129e+06, 0
4.53706e+06, 2.0436e+06, 0
4.67061e+06, 1.53511e+06, 0
9.64181e+06, 3.44196e+06, 0
9.3364e+06, 4.00377e+06, 0
8.35306e+06, 3.13989e+06, 0
4.73212e+06, 1.91994e+06, 0
7.58756e+06, 2.91437e+06, 0
6.55991e+06, 4.37362e+06, 0
6.02672e+06, 2.57663e+06, 0
5.83806e+06, 2.54797e+06, 0
4.4082e+06, 1.51027e+06, 0
6.56437e+06, 3.4739e+06, 0
4.6568e+06, 2.12239e+06, 0
6.4443e+06, 4.15122e+06, 0
4.18918e+06, 679282, 0
6.65994e+06, 3.97098e+06, 0
5.31088e+06, 3.13742e+06, 0
4.71457e+06, 1.46733e+06, 0
1.10801e+07, 3.10664e+06, 0
7.32637e+06, 3.58054e+06, 0
7.9522e+06, 3.05583e+06, 0
8.20798e+06, 3.52458e+06, 0
8.44134e+06, 2.53019e+06, 0
9.05303e+06, 3.0277e+06, 0
3.86446e+06, 1.50025e+06, 0
4.96884e+06, 2.28976e+06, 0
6.69617e+06, 4.08753e+06, 0
4.95387e+06, 874297, 0
6.51224e+06, 2.57119e+06, 0
9.74598e+06, 5.75028e+06, 0
7.51258e+06, 3.78008e+06, 0
3.864e+06, 1.46362e+06, 0
4.56968e+06, 2.67828e+06, 0
2.99145e+06, 521192, 0
1.0278e+07, 3.70679e+06, 0
1.43498e+07, 5.23281e+06, 0
7.70182e+06, 3.60422e+06, 0
4.81667e+06, 1.48663e+06, 0
5.88948e+06, 472522, 0
5.60752e+06, 3.59293e+06, 0
6.7293e+06, 1.26519e+06, 0
5.47211e+06, 2.38056e+06, 0
6.07639e+06, 1.24834e+06, 0
4.67855e+06, 732453, 0
2.97647e+06, 1.06026e+06, 0
4.61976e+06, 2.17606e+06, 0
9.64309e+06, 717863, 0
3.87416e+06, 673621, 0
4.84063e+06, 1.21939e+06, 0
8.85607e+06, 4.64771e+06, 0
3.2608e+06, 253517, 0
3.12381e+06, 1.46712e+06, 0
7.49871e+06, 1.40943e+06, 0
4.58557e+06, 1.24807e+06, 0
3.66122e+06, 1.78592e+06, 0
8.61137e+06, 4.56825e+06, 0
4.77155e+06, 2.1117e+06, 0
5.15538e+06, 2.12705e+06, 0
5.01574e+06, 2.56074e+06, 0
6.76067e+06, 2.6707e+06, 0
9.12003e+06, 5.1627e+06, 0
4.47367e+06, 1.84919e+06, 0
9.60843e+06, 5.50677e+06, 0
8.74031e+06, 2.23235e+06, 0
1.13088e+07, 4.89571e+06, 0
1.16249e+07, 3.81288e+06, 0
6.53668e+06, 4.05586e+06, 0
7.28404e+06, 4.65735e+06, 0
5.74082e+06, 2.3377e+06, 0
5.33858e+06, 2.16608e+06, 0
8.24798e+06, 4.32299e+06, 0
5.26856e+06, 385949, 0
6.6503e+06, 2.48005e+06, 0
5.02202e+06, 2.69247e+06, 0
4.04935e+06, 1.53737e+06, 0
8.18288e+06, 2.39045e+06, 0
7.97575e+06, 2.35728e+06, 0
9.3924e+06, 5.03422e+06, 0
9.02799e+06, 2.00567e+06, 0
6.25534e+06, 3.69787e+06, 0
7.58737e+06, 1.40553e+06, 0
8.30379e+06, 2.48545e+06, 0
7.60835e+06, 4.14961e+06, 0
7.1114e+06, 2.06123e+06, 0
7.19064e+06, 1.73056e+06, 0
6.73691e+06, 3.4762e+06, 0
4.46388e+06, 1.88873e+06, 0
4.07806e+06, 1.09287e+06, 0
4.32534e+06, 1.80646e+06, 0
3.75054e+06, 1.72734e+06, 0
6.85494e+06, 2.21106e+06, 0
7.79716e+06, 1.26165e+06, 0
2.96118e+06, 714054, 0
1.08802e+07, 4.92168e+06, 0
3.25385e+06, 1.09087e+06, 0
6.06781e+06, 2.94482e+06, 0
6.90012e+06, 4.61338e+06, 0
6.66429e+06, 3.26983e+06, 0
1.03729e+07, 1.62815e+06, 0
4.29486e+06, 1.87174e+06, 0
4.0305e+06, 1.94129e+06, 0
9.27957e+06, 3.11559e+06, 0
6.7186e+06, 4.19107e+06, 0
6.18836e+06, 2.50377e+06, 0
6.92393e+06, 2.39246e+06, 0
1.12877e+07, 3.14291e+06, 0
7.14906e+06, 4.73316e+06, 0
7.33076e+06, 2.91327e+06, 0
6.27186e+06, 3.21504e+06, 0
7.05245e+06, 3.70471e+06, 0
6.16648e+06, 3.50282e+06, 0
9.31287e+06, 3.58951e+06, 0
4.44081e+06, 2.68272e+06, 0
5.76956e+06, 3.49827e+06, 0
7.89808e+06, 3.1515e+06, 0
8.59031e+06, 4.47803e+06, 0
7.06338e+06, 4.58588e+06, 0
4.72262e+06, 2.84938e+06, 0
7.60584e+06, 2.30233e+06, 0
4.51429e+06, 2.16671e+06, 0
1.03397e+07, 5.13096e+06, 0
4.42416e+06, 1.49909e+06, 0
5.62731e+06, 3.65137e+06, 0
1.15992e+07, 1.25043e+06, 0
4.95638e+06, 3.12551e+06, 0
6.96756e+06, 2.98614e+06, 0
5.39136e+06, 1.61474e+06, 0
6.78436e+06, 1.68218e+06, 0
6.88533e+06, 3.90348e+06, 0
1.29554e+07, 2.97501e+06, 0
8.47923e+06, 214633, 0
5.5608e+06, 911720, 0
1.05912e+07, 271446, 0
6.25288e+06, 4.08832e+06, 0
4.86913e+06, 327487, 0
7.6418e+06, 3.30702e+06, 0
9.55906e+06, 4.28405e+06, 0
4.73212e+06, 1.01305e+06, 0
6.74358e+06, 2.51974e+06, 0
9.65864e+06, 393222, 0
7.16331e+06, 4.74988e+06, 0
7.01519e+06, 2.71565e+06, 0
5.59095e+06, 514564, 0
7.81106e+06, 931760, 0
5.71902e+06, 3.7025e+06, 0
7.22431e+06, 4.4838e+06, 0
6.22733e+06, 2.38455e+06, 0
4.3756e+06, 1.55396e+06, 0
7.05421e+06, 2.79165e+06, 0
6.10163e+06, 3.26736e+06, 0
7.94962e+06, 4.78924e+06, 0
8.13409e+06, 2.07944e+06, 0
9.26058e+06, 2.79458e+06, 0
9.84218e+06, 4.30862e+06, 0
6.41818e+06, 3.77343e+06, 0
5.8408e+06, 3.31701e+06, 0
6.56121e+06, 2.55477e+06, 0
4.72175e+06, 1.12852e+06, 0
7.36003e+06, 2.23304e+06, 0
3.44751e+06, 1.6797e+06, 0
8.69914e+06, 2.66371e+06, 0
4.45158e+06, 1.93237e+06, 0
3.27504e+06, 465666, 0
1.03837e+07, 4.15852e+06, 0
3.7628e+06, 2.03569e+06, 0
4.94376e+06, 1.40411e+06, 0
3.02466e+06, 1.04091e+06, 0
7.92804e+06, 5.05459e+06, 0
6.49714e+06, 4.31611e+06, 0
6.22567e+06, 3.18123e+06, 0
8.48195e+06, 2.68099e+06, 0
9.21789e+06, 2.54144e+06, 0
1.15674e+07, 7.24082e+06, 0
6.82408e+06, 3.03113e+06, 0
5.68422e+06, 3.72127e+06, 0
4.08989e+06, 1.14377e+06, 0
6.68118e+06, 2.96843e+06, 0
4.96156e+06, 1.66532e+06, 0
9.86954e+06, 6.39921e+06, 0
3.65908e+06, 660539, 0
1.12527e+07, 3.55329e+06, 0
8.21813e+06, 3.30572e+06, 0
3.6783e+06, 1.34667e+06, 0
4.97898e+06, 1.35704e+06, 0
6.38401e+06, 1.93392e+06, 0
6.42582e+06, 2.05644e+06, 0
6.37281e+06, 1.19743e+06, 0
5.22831e+06, 570717, 0
4.96799e+06, 2.47987e+06, 0
1.15729e+07, 7.64177e+06, 0
9.53661e+06, 2.3555e+06, 0
1.04537e+07, 6.41534e+06, 0
6.90012e+06, 4.40755e+06, 0
3.74602e+06, 1.99905e+06, 0
3.52206e+06, 554990, 0
3.78612e+06, 2.12334e+06, 0
4.3807e+06, 2.41481e+06, 0
1.18136e+07, 1.96672e+06, 0
4.12709e+06, 1.57913e+06, 0
4.1232e+06, 1.46631e+06, 0
6.61496e+06, 3.31417e+06, 0
4.77435e+06, 1.58357e+06, 0
6.24629e+06, 3.30042e+06, 0
5.66779e+06, 1.33685e+06, 0
5.45682e+06, 1.58275e+06, 0
2.46809e+06, 156543, 0
3.6615e+06, 716792, 0
1.00537e+07, 263671, 0
5.74521e+06, 1.71127e+06, 0
7.72135e+06, 5.29583e+06, 0
1.17812e+07, 3.30897e+06, 0
3.12097e+06, 1.24927e+06, 0
5.47762e+06, 1.88971e+06, 0
4.45974e+06, 897272, 0
6.04791e+06, 1.74608e+06, 0
7.30403e+06, 3.42898e+06, 0
4.89275e+06, 2.34731e+06, 0
4.7866e+06, 2.20571e+06, 0
7.33217e+06, 3.11439e+06, 0
7.43238e+06, 2.95541e+06, 0
8.33687e+06, 5.74637e+06, 0
3.23685e+06, 1.08089e+06, 0
8.29776e+06, 2.61846e+06, 0
9.46341e+06, 1.17314e+06, 0
6.99788e+06, 3.33188e+06, 0
5.74455e+06, 2.1425e+06, 0
6.5828e+06, 4.08365e+06, 0
7.64308e+06, 2.86013e+06, 0
8.2611e+06, 1.35026e+06, 0
3.49484e+06, 1.52596e+06, 0
7.06706e+06, 1.88217e+06, 0
4.75559e+06, 2.7264e+06, 0
1.19007e+07, 1.39903e+06, 0
6.56341e+06, 2.75796e+06, 0
6.29843e+06, 1.48463e+06, 0
3.62351e+06, 1.80118e+06, 0
7.77763e+06, 1.94867e+06, 0
4.48035e+06, 2.40121e+06, 0
9.21059e+06, 2.0889e+06, 0
8.4533e+06, 1.69252e+06, 0
9.75881e+06, 3.77368e+06, 0
7.30848e+06, 677646, 0
8.96744e+06, 5.11048e+06, 0
4.09807e+06, 2.28886e+06, 0
7.73461e+06, 4.57062e+06, 0
4.66058e+06, 2.30636e+06, 0
8.85494e+06, 2.84256e+06, 0
1.35619e+07, 2.89714e+06, 0
9.91692e+06, 5.90837e+06, 0
3.93269e+06, 789087, 0
4.28355e+06, 1.93492e+06, 0
7.20401e+06, 2.81672e+06, 0
1.14764e+07, 5.8056e+06, 0
5.86982e+06, 3.32012e+06, 0
1.02694e+07, 5.54139e+06, 0
8.54914e+06, 2.93991e+06, 0
7.17242e+06, 3.39512e+06, 0
6.71111e+06, 2.20967e+06, 0
4.67129e+06, 2.88525e+06, 0
9.79709e+06, 4.52402e+06, 0
1.01385e+07, 2.81579e+06, 0
6.37247e+06, 3.76005e+06, 0
7.27268e+06, 3.34221e+06, 0
6.69144e+06, 4.05859e+06, 0
5.28024e+06, 1.28295e+06, 0
2.59108e+06, 458452, 0
6.53009e+06, 2.60826e+06, 0
6.69059e+06, 3.8052e+06, 0
5.15949e+06, 1.93262e+06, 0
9.7315e+06, 3.9816e+06, 0
1.02862e+07, 5.48572e+06, 0
9.51141e+06, 6.30244e+06, 0
7.27901e+06, 2.33955e+06, 0
4.07201e+06, 53019.6, 0
6.58869e+06, 1.27907e+06, 0
1.07219e+07, 5.72733e+06, 0
3.44638e+06, 1.34027e+06, 0
6.1015e+06, 1.35871e+06, 0
4.25932e+06, 1.82161e+06, 0
7.58044e+06, 3.78472e+06, 0
5.87288e+06, 1.55676e+06, 0
4.13163e+06, 1.88067e+06, 0
7.37418e+06, 4.68177e+06, 0
7.58169e+06, 1.43674e+06, 0
6.27153e+06, 3.64271e+06, 0
6.97298e+06, 2.62569e+06, 0
5.68573e+06, 2.99154e+06, 0
5.18824e+06, 2.71087e+06, 0
3.51325e+06, 1.26943e+06, 0
6.66262e+06, 3.59538e+06, 0
6.90372e+06, 1.62657e+06, 0
6.45554e+06, 3.75888e+06, 0
4.59802e+06, 2.14233e+06, 0
4.96585e+06, 1.81856e+06, 0
4.04153e+06, 1.65088e+06, 0
6.63623e+06, 3.71803e+06, 0
4.96282e+06, 2.31311e+06, 0
8.84688e+06, 3.49674e+06, 0
6.28711e+06, 1.45066e+06, 0
3.41623e+06, 1.11857e+06, 0
1.0899e+07, 5.0357e+06, 0
7.73641e+06, 2.59843e+06, 0
5.53394e+06, 2.66157e+06, 0
6.566e+06, 2.12739e+06, 0
5.02693e+06, 2.60081e+06, 0
1.27007e+07, 4.98997e+06, 0
5.48922e+06, 2.86152e+06, 0
3.18148e+06, 1.20957e+06, 0
7.36895e+06, 2.35295e+06, 0
1.05393e+07, 6.51277e+06, 0
5.51319e+06, 2.69422e+06, 0
6.49025e+06, 1.90664e+06, 0
8.14579e+06, 2.85005e+06, 0
8.43485e+06, 4.85042e+06, 0
3.89709e+06, 1.78505e+06, 0
5.74626e+06, 2.3916e+06, 0
8.38788e+06, 5.58895e+06, 0
7.09373e+06, 4.06578e+06, 0
7.32288e+06, 4.46445e+06, 0
3.80498e+06, 1.19958e+06, 0
7.10354e+06, 2.09534e+06, 0
9.57449e+06, 2.84538e+06, 0
4.89166e+06, 1.8946e+06, 0
9.67939e+06, 6.09741e+06, 0
6.36664e+06, 4.06014e+06, 0
5.42239e+06, 2.55362e+06, 0
4.61459e+06, 807678, 0
9.37505e+06, 5.10049e+06, 0
3.693e+06, 1.92528e+06, 0
5.4364e+06, 648425, 0
8.37151e+06, 1.30753e+06, 0
6.66751e+06, 468869, 0
5.1709e+06, 2.63143e+06, 0
6.66677e+06, 2.92435e+06, 0
3.74471e+06, 1.54153e+06, 0
7.12003e+06, 1.29524e+06, 0
9.55248e+06, 2.61497e+06, 0
7.07821e+06, 3.56954e+06, 0
6.51303e+06, 3.0772e+06, 0
8.20295e+06, 4.95492e+06, 0
5.69248e+06, 858554, 0
8.25548e+06, 1.48338e+06, 0
4.94303e+06, 1.84151e+06, 0
6.46124e+06, 3.3019e+06, 0
1.01105e+07, 2.81982e+06, 0
6.35154e+06, 2.89238e+06, 0
5.73501e+06, 2.94537e+06, 0
3.8041e+06, 768785, 0
5.65068e+06, 1.72929e+06, 0
8.3213e+06, 1.23754e+06, 0
7.81423e+06, 3.14636e+06, 0
8.57255e+06, 1.96634e+06, 0
2.91207e+06, 1.03815e+06, 0
5.78471e+06, 3.40638e+06, 0
5.37476e+06, 1.81581e+06, 0
1.21459e+07, 6.91172e+06, 0
6.0024e+06, 3.53989e+06, 0
9.77277e+06, 2.29495e+06, 0
8.69819e+06, 3.87521e+06, 0
4.57008e+06, 1.49118e+06, 0
3.99552e+06, 1.56789e+06, 0
6.37559e+06, 399489, 0
4.45984e+06, 2.26535e+06, 0
7.48918e+06, 4.8542e+06, 0
8.40456e+06, 3.77286e+06, 0
7.71498e+06, 2.30317e+06, 0
4.60768e+06, 2.81827e+06, 0
5.25564e+06, 914353, 0
9.43392e+06, 1.62852e+06, 0
4.95638e+06, 1.54279e+06, 0
1.24066e+07, 967485, 0
3.80056e+06, 978999, 0
9.14255e+06, 1.4475e+06, 0
5.36363e+06, 3.268e+06, 0
1.00008e+07, 2.3783e+06, 0
7.12758e+06, 4.6299e+06, 0
4.04193e+06, 1.69308e+06, 0
9.04601e+06, 3.04877e+06, 0
7.58579e+06, 1.2834e+06, 0
7.79666e+06, 1.62124e+06, 0
7.04544e+06, 2.01018e+06, 0
5.88803e+06, 3.36611e+06, 0
7.48998e+06, 2.35167e+06, 0
8.2194e+06, 1.97998e+06, 0
7.03201e+06, 3.96015e+06, 0
4.30932e+06, 2.33628e+06, 0
6.9997e+06, 2.96876e+06, 0
9.81513e+06, 2.72239e+06, 0
7.50136e+06, 3.07776e+06, 0
5.05561e+06, 2.73965e+06, 0
1.17604e+07, 1.6106e+06, 0
1.14025e+07, 6.94609e+06, 0
6.43066e+06, 395286, 0
6.27714e+06, 3.19193e+06, 0
5.57406e+06, 3.45737e+06, 0
3.40673e+06, 1.72415e+06, 0
8.46329e+06, 2.82099e+06, 0
4.7066e+06, 884054, 0
8.5008e+06, 5.10945e+06, 0
5.54285e+06, 2.05763e+06, 0
4.90261e+06, 2.84492e+06, 0
8.20289e+06, 861171, 0
7.73887e+06, 2.75934e+06, 0
8.37705e+06, 4.58871e+06, 0
4.20532e+06, 838932, 0
6.28422e+06, 1.11232e+06, 0
5.01839e+06, 2.86078e+06, 0
7.31348e+06, 1.54359e+06, 0
9.79554e+06, 6.81204e+06, 0
5.92612e+06, 2.72612e+06, 0
5.71177e+06, 3.58155e+06, 0
8.78779e+06, 4.64066e+06, 0
2.69758e+06, 247644, 0
7.93887e+06, 1.91595e+06, 0
1.13367e+07, 3.874e+06, 0
3.38437e+06, 1.71432e+06, 0
8.77467e+06, 818800, 0
6.6747e+06, 1.94434e+06, 0
4.02588e+06, 493912, 0
8.83082e+06, 2.58218e+06, 0
7.67986e+06, 4.95172e+06, 0
6.79854e+06, 852296, 0
6.83242e+06, 3.97491e+06, 0
9.18694e+06, 2.34902e+06, 0
6.15795e+06, 3.7988e+06, 0
1.17365e+07, 2.47435e+06, 0
3.79265e+06, 158084, 0
5.9789e+06, 2.77089e+06, 0
8.96367e+06, 5.61712e+06, 0
6.07266e+06, 3.43541e+06, 0
7.48729e+06, 4.10972e+06, 0
7.599e+06, 3.07092e+06, 0
5.03527e+06, 2.45206e+06, 0
8.63493e+06, 4.01742e+06, 0
8.22149e+06, 801956, 0
3.45474e+06, 920957, 0
5.67386e+06, 881833, 0
7.93681e+06, 3.08607e+06, 0
9.04944e+06, 5.90439e+06, 0
9.14091e+06, 4.86247e+06, 0
5.50813e+06, 2.55298e+06, 0
5.87347e+06, 2.45004e+06, 0
7.10732e+06, 3.17225e+06, 0
8.28265e+06, 3.25571e+06, 0
4.07997e+06, 2.19606e+06, 0
7.44653e+06, 5.08164e+06, 0
7.26234e+06, 3.75646e+06, 0
4.19815e+06, 2.34919e+06, 0
7.63773e+06, 4.01512e+06, 0
3.76352e+06, 1.51749e+06, 0
9.58249e+06, 1.60673e+06, 0
3.01697e+06, 1.23526e+06, 0
3.86989e+06, 2.04854e+06, 0
5.79867e+06, 2.40734e+06, 0
5.33393e+06, 2.62127e+06, 0
7.37093e+06, 3.74707e+06, 0
6.47747e+06, 3.94317e+06, 0
5.12741e+06, 1.92867e+06, 0
7.19344e+06, 3.69111e+06, 0
6.13398e+06, 2.56623e+06, 0
1.18283e+07, 3.3152e+06, 0
4.25232e+06, 988839, 0
3.98166e+06, 1.06434e+06, 0
5.35879e+06, 2.41323e+06, 0
4.42856e+06, 2.08233e+06, 0
4.66611e+06, 1.50172e+06, 0
9.71563e+06, 2.63753e+06, 0
4.64938e+06, 2.34689e+06, 0
4.97743e+06, 2.06586e+06, 0
3.53197e+06, 1.33658e+06, 0
6.29504e+06, 151393, 0
4.74441e+06, 1.24938e+06, 0
1.19374e+07, 3.41516e+06, 0
4.69192e+06, 1.09883e+06, 0
7.52935e+06, 392904, 0
6.52734e+06, 2.08819e+06, 0
5.10955e+06, 1.83064e+06, 0
7.30239e+06, 2.26623e+06, 0
8.17781e+06, 4.05794e+06, 0
7.32763e+06, 4.91195e+06, 0
7.26332e+06, 4.24498e+06, 0
4.00445e+06, 1.46786e+06, 0
3.52524e+06, 1.52556e+06, 0
6.31453e+06, 2.35989e+06, 0
6.76294e+06, 1.88748e+06, 0
3.31166e+06, 991099, 0
5.1747e+06, 519868, 0
1.17682e+07, 7.2872e+06, 0
1.00778e+07, 3.04852e+06, 0
1.28505e+07, 8.15427e+06, 0
5.81476e+06, 3.06922e+06, 0
4.52284e+06, 1.42012e+06, 0
8.79491e+06, 3.24277e+06, 0
7.63766e+06, 2.91001e+06, 0
4.83303e+06, 2.40864e+06, 0
7.42271e+06, 2.16712e+06, 0
4.49238e+06, 1.8353e+06, 0
7.15228e+06, 3.38965e+06, 0
5.20563e+06, 2.50463e+06, 0
7.13712e+06, 3.62938e+06, 0
6.35515e+06, 2.68489e+06, 0
5.6361e+06, 895105, 0
6.9242e+06, 3.96229e+06, 0
9.05089e+06, 5.30824e+06, 0
3.44519e+06, 1.26541e+06, 0
9.2444e+06, 4.99267e+06, 0
1.22852e+07, 2.83968e+06, 0
6.47982e+06, 1.37502e+06, 0
8.66123e+06, 5.21264e+06, 0
9.92739e+06, 1.16136e+06, 0
7.42951e+06, 4.75575e+06, 0
4.90729e+06, 2.88269e+06, 0
7.69874e+06, 1.35778e+06, 0
2.77306e+06, 1.06445e+06, 0
8.1337e+06, 4.51869e+06, 0
8.80793e+06, 4.94821e+06, 0
6.41808e+06, 585245, 0
5.17449e+06, 1.30719e+06, 0
1.06078e+07, 6.21624e+06, 0
1.16354e+07, 3.10852e+06, 0
6.01222e+06, 3.52689e+06, 0
8.45865e+06, 3.37294e+06, 0
5.15348e+06, 495018, 0
8.79818e+06, 5.68378e+06, 0
1.0319e+07, 5.98893e+06, 0
4.7185e+06, 2.70219e+06, 0
6.78733e+06, 3.64461e+06, 0
4.82783e+06, 1.20409e+06, 0
4.19894e+06, 453326, 0
5.85475e+06, 3.56691e+06, 0
7.09779e+06, 2.82651e+06, 0
9.66756e+06, 2.50384e+06, 0
5.39637e+06, 2.95133e+06, 0
4.42082e+06, 457541, 0
1.06467e+07, 5.61072e+06, 0
1.15701e+07, 3.42211e+06, 0
1.13415e+07, 5.25564e+06, 0
4.56984e+06, 2.10424e+06, 0
7.59922e+06, 3.5253e+06, 0
9.22655e+06, 992058, 0
7.10077e+06, 2.47978e+06, 0
5.55183e+06, 2.7818e+06, 0
7.57283e+06, 4.68916e+06, 0
4.23812e+06, 1.42775e+06, 0
7.29463e+06, 4.01999e+06, 0
9.7842e+06, 4.07112e+06, 0
4.76513e+06, 715287, 0
4.368e+06, 1.61339e+06, 0
8.53757e+06, 2.79953e+06, 0
9.75505e+06, 1.51562e+06, 0
7.49091e+06, 3.73134e+06, 0
9.10566e+06, 3.95063e+06, 0
7.25977e+06, 1.57796e+06, 0
4.68141e+06, 1.58497e+06, 0
7.93659e+06, 2.72066e+06, 0
7.30873e+06, 3.82338e+06, 0
6.85898e+06, 2.4232e+06, 0
1.2058e+07, 5.20871e+06, 0
8.70198e+06, 2.54734e+06, 0
7.53069e+06, 3.35701e+06, 0
5.05275e+06, 1.78114e+06, 0
7.06375e+06, 4.47564e+06, 0
1.15009e+07, 5.99601e+06, 0
6.53055e+06, 1.51647e+06, 0
6.81323e+06, 1.36982e+06, 0
6.14108e+06, 612486, 0
9.53571e+06, 5.81377e+06, 0
8.79876e+06, 4.08747e+06, 0
8.43027e+06, 5.41513e+06, 0
3.84129e+06, 858404, 0
8.91646e+06, 5.82146e+06, 0
9.29506e+06, 1.66898e+06, 0
6.11611e+06, 848158, 0
5.60108e+06, 3.5618e+06, 0
8.73717e+06, 3.02575e+06, 0
1.08233e+07, 6.68883e+06, 0
5.28174e+06, 2.32966e+06, 0
6.75799e+06, 3.28106e+06, 0
7.42875e+06, 4.16886e+06, 0
6.27508e+06, 2.39716e+06, 0
9.13321e+06, 3.91646e+06, 0
5.22528e+06, 1.63608e+06, 0
7.63621e+06, 4.53553e+06, 0
4.86674e+06, 1.00967e+06, 0
8.22014e+06, 4.37635e+06, 0
1.77633e+07, 7.44294e+06, 0
7.61467e+06, 4.28922e+06, 0
1.17803e+07, 4.13444e+06, 0
3.90771e+06, 1.72124e+06, 0
4.5289e+06, 1.37149e+06, 0
5.09651e+06, 3.1267e+06, 0
3.938e+06, 1.51765e+06, 0
8.73409e+06, 4.92597e+06, 0
4.0484e+06, 2.14842e+06, 0
4.39824e+06, 2.00695e+06, 0
5.06279e+06, 1.62979e+06, 0
7.58836e+06, 4.25527e+06, 0
5.40733e+06, 1.46835e+06, 0
4.47726e+06, 684230, 0
1.01344e+07, 990536, 0
5.79108e+06, 906515, 0
6.35073e+06, 3.65758e+06, 0
7.29393e+06, 2.27592e+06, 0
6.41779e+06, 2.44411e+06, 0
5.48875e+06, 925624, 0
3.12826e+06, 1.35756e+06, 0
5.26341e+06, 1.56561e+06, 0
6.20777e+06, 2.19543e+06, 0
8.2652e+06, 4.91045e+06, 0
2.5063e+06, 547184, 0
1.14552e+07, 3.03438e+06, 0
5.86238e+06, 1.27344e+06, 0
5.67768e+06, 2.87972e+06, 0
3.16821e+06, 1.23697e+06, 0
6.80699e+06, 3.70091e+06, 0
6.77656e+06, 2.29235e+06, 0
5.99831e+06, 2.08333e+06, 0
4.71644e+06, 2.42994e+06, 0
1.06075e+07, 5.40334e+06, 0
5.65888e+06, 1.26162e+06, 0
4.35196e+06, 395745, 0
4.33726e+06, 2.44885e+06, 0
5.44822e+06, 411068, 0
8.35134e+06, 3.39324e+06, 0
3.78978e+06, 1.42697e+06, 0
7.00543e+06, 2.7517e+06, 0
1.05976e+07, 6.60224e+06, 0
4.40688e+06, 2.64932e+06, 0
8.53351e+06, 3.62443e+06, 0
5.77164e+06, 3.06492e+06, 0
8.24775e+06, 3.17748e+06, 0
5.47628e+06, 3.20844e+06, 0
1.06113e+07, 5.14968e+06, 0
1.56774e+07, 8.85791e+06, 0
4.54398e+06, 2.62391e+06, 0
7.05938e+06, 3.65013e+06, 0
5.94161e+06, 2.69361e+06, 0
9.23213e+06, 4.87237e+06, 0
1.1252e+07, 7.74687e+06, 0
8.78245e+06, 5.58367e+06, 0
5.99319e+06, 2.9736e+06, 0
6.16612e+06, 1.9487e+06, 0
6.27479e+06, 697188, 0
7.41251e+06, 2.47447e+06, 0
8.93491e+06, 4.40678e+06, 0
3.97745e+06, 1.95747e+06, 0
9.59814e+06, 2.10377e+06, 0
8.6604e+06, 2.97498e+06, 0
6.51346e+06, 1.97007e+06, 0
3.75001e+06, 1.21654e+06, 0
4.81699e+06, 1.35891e+06, 0
1.10632e+07, 5.159e+06, 0
6.23072e+06, 4.08629e+06, 0
6.95769e+06, 4.22617e+06, 0
1.04661e+07, 5.85576e+06, 0
7.31992e+06, 2.25657e+06, 0
5.92341e+06, 2.63179e+06, 0
8.22711e+06, 3.62724e+06, 0
4.23804e+06, 1.04728e+06, 0
7.97632e+06, 3.05012e+06, 0
1.19898e+07, 2.60538e+06, 0
6.51492e+06, 3.05265e+06, 0
7.32911e+06, 3.36639e+06, 0
5.07883e+06, 2.83901e+06, 0
2.6903e+06, 946704, 0
8.78776e+06, 5.46262e+06, 0
1.10404e+07, 4.46501e+06, 0
8.21376e+06, 2.47998e+06, 0
4.72761e+06, 2.19236e+06, 0
7.69859e+06, 1.90461e+06, 0
7.41946e+06, 4.8465e+06, 0
6.07117e+06, 2.44387e+06, 0
1.12275e+07, 6.74756e+06, 0
3.21197e+06, 856959, 0
4.18883e+06, 1.15787e+06, 0
3.44088e+06, 1.06897e+06, 0
3.57641e+06, 1.36549e+06, 0
3.50909e+06, 1.63587e+06, 0
7.39305e+06, 3.41368e+06, 0
1.4007e+07, 8.14771e+06, 0
5.34395e+06, 3.22724e+06, 0
9.24761e+06, 2.55411e+06, 0
7.34497e+06, 1.09158e+06, 0
5.87461e+06, 2.11781e+06, 0
3.08585e+06, 894366, 0
4.18705e+06, 1.22565e+06, 0
1.36182e+07, 3.26322e+06, 0
7.25948e+06, 3.64919e+06, 0
6.6307e+06, 2.64587e+06, 0
9.82071e+06, 5.91818e+06, 0
9.76082e+06, 3.41074e+06, 0
5.41434e+06, 2.42888e+06, 0
8.94214e+06, 5.29752e+06, 0
7.0421e+06, 4.74611e+06, 0
4.4178e+06, 1.61832e+06, 0
2.83284e+06, 337808, 0
7.66704e+06, 1.70027e+06, 0
3.4915e+06, 1.17027e+06, 0
4.403e+06, 2.06892e+06, 0
3.70815e+06, 1.89132e+06, 0
4.46768e+06, 2.39088e+06, 0
7.67168e+06, 4.50998e+06, 0
9.44535e+06, 2.51475e+06, 0
8.44056e+06, 2.32917e+06, 0
4.52561e+06, 2.2463e+06, 0
1.02635e+07, 2.25758e+06, 0
5.43791e+06, 2.97806e+06, 0
5.68369e+06, 2.70312e+06, 0
1.38395e+07, 2.43705e+06, 0
4.22509e+06, 2.19683e+06, 0
4.89678e+06, 1.9241e+06, 0
9.9402e+06, 5.79368e+06, 0
7.30143e+06, 880883, 0
7.7698e+06, 1.08869e+06, 0
6.59996e+06, 2.37419e+06, 0
1.10078e+07, 1.14094e+06, 0
5.92156e+06, 3.14391e+06, 0
8.95865e+06, 2.07351e+06, 0
1.26588e+07, 4.00391e+06, 0
7.64535e+06, 4.76666e+06, 0
7.11708e+06, 3.78853e+06, 0
4.05139e+06, 846344, 0
9.74889e+06, 1.25821e+06, 0
6.24278e+06, 3.38335e+06, 0
5.88849e+06, 2.81209e+06, 0
1.02639e+07, 6.3646e+06, 0
9.86878e+06, 3.37271e+06, 0
8.13879e+06, 5.20427e+06, 0
7.27347e+06, 3.71389e+06, 0
1.00558e+07, 5.41007e+06, 0
4.88814e+06, 498162, 0
8.93609e+06, 4.6381e+06, 0
7.78242e+06, 699373, 0
4.2355e+06, 820113, 0
5.02293e+06, 1.8031e+06, 0
1.05342e+07, 2.32365e+06, 0
1.14986e+07, 5.65163e+06, 0
3.63346e+06, 401870, 0
6.63892e+06, 1.84391e+06, 0
6.29508e+06, 4.14762e+06, 0
4.83289e+06, 2.66223e+06, 0
1.0165e+07, 3.79352e+06, 0
7.09793e+06, 4.22412e+06, 0
8.3315e+06, 4.85081e+06, 0
9.21912e+06, 5.09892e+06, 0
5.6325e+06, 1.83084e+06, 0
1.00584e+07, 4.3749e+06, 0
8.29655e+06, 5.20439e+06, 0
7.32058e+06, 4.87666e+06, 0
8.19948e+06, 4.00913e+06, 0
6.02461e+06, 3.36411e+06, 0
5.22269e+06, 2.73682e+06, 0
3.38612e+06, 981921, 0
4.7138e+06, 1.81891e+06, 0
5.4925e+06, 2.35145e+06, 0
4.9381e+06, 2.92228e+06, 0
3.36369e+06, 1.33917e+06, 0
4.23624e+06, 161584, 0
7.30994e+06, 2.49956e+06, 0
8.69008e+06, 4.41085e+06, 0
6.75398e+06, 4.50266e+06, 0
5.42303e+06, 3.29262e+06, 0
7.77363e+06, 2.31085e+06, 0
1.07418e+07, 2.81679e+06, 0
1.21924e+07, 8.44889e+06, 0
1.14833e+07, 3.53941e+06, 0
5.33504e+06, 1.66832e+06, 0
5.29099e+06, 2.85946e+06, 0
1.53016e+07, 3.42585e+06, 0
4.59219e+06, 2.0127e+06, 0
3.24257e+06, 1.14458e+06, 0
3.76165e+06, 1.96481e+06, 0
5.58123e+06, 2.63622e+06, 0
5.92781e+06, 1.16176e+06, 0
5.96353e+06, 2.75792e+06, 0
5.90194e+06, 3.67836e+06, 0
9.21657e+06, 3.82239e+06, 0
6.34709e+06, 1.3321e+06, 0
1.06118e+07, 1.7776e+06, 0
6.40421e+06, 4.28297e+06, 0
1.08485e+07, 6.14228e+06, 0
1.21328e+07, 2.84975e+06, 0
3.30141e+06, 1.48474e+06, 0
9.96688e+06, 4.15848e+06, 0
4.03117e+06, 2.27314e+06, 0
5.70704e+06, 2.46675e+06, 0
6.99994e+06, 819673, 0
7.44944e+06, 4.43768e+06, 0
4.80427e+06, 1.00656e+06, 0
5.96258e+06, 2.56915e+06, 0
6.65864e+06, 2.0152e+06, 0
6.42452e+06, 3.80642e+06, 0
8.12231e+06, 1.16854e+06, 0
3.79825e+06, 1.09337e+06, 0
4.65066e+06, 1.26129e+06, 0
3.8149e+06, 1.61608e+06, 0
6.4788e+06, 3.11447e+06, 0
9.79442e+06, 4.9298e+06, 0
5.51884e+06, 3.34828e+06, 0
5.71498e+06, 1.56766e+06, 0
4.04771e+06, 1.28867e+06, 0
4.57441e+06, 2.32845e+06, 0
5.80609e+06, 679121, 0
6.47011e+06, 3.59319e+06, 0
7.43841e+06, 3.70188e+06, 0
7.14762e+06, 4.69602e+06, 0
3.86288e+06, 1.25451e+06, 0
7.43505e+06, 4.67607e+06, 0
6.24598e+06, 2.5161e+06, 0
3.91206e+06, 1.07529e+06, 0
3.43266e+06, 1.54011e+06, 0
3.13916e+06, 1.29131e+06, 0
6.72998e+06, 2.04467e+06, 0
3.47221e+06, 518177, 0
1.00968e+07, 5.06742e+06, 0
8.26914e+06, 4.33044e+06, 0
3.46686e+06, 758287, 0
9.011e+06, 3.78988e+06, 0
2.71928e+06, 719348, 0
7.86222e+06, 4.77137e+06, 0
5.43379e+06, 1.92387e+06, 0
7.15214e+06, 937573, 0
9.39463e+06, 4.52832e+06, 0
3.45475e+06, 900454, 0
6.18772e+06, 1.51172e+06, 0
3.20588e+06, 773064, 0
3.6155e+06, 577317, 0
5.26819e+06, 2.39501e+06, 0
4.4219e+06, 741802, 0
6.76325e+06, 2.60687e+06, 0
4.80463e+06, 937645, 0
9.92429e+06, 4.05337e+06, 0
9.74378e+06, 5.74243e+06, 0
5.98167e+06, 1.21947e+06, 0
3.52106e+06, 1.49915e+06, 0
4.08281e+06, 1.06446e+06, 0
5.77799e+06, 2.36428e+06, 0
3.5575e+06, 1.08258e+06, 0
5.83895e+06, 2.84035e+06, 0
3.63052e+06, 322862, 0
7.67957e+06, 877996, 0
4.03356e+06, 2.31106e+06, 0
3.07308e+06, 270161, 0
1.01502e+07, 4.49573e+06, 0
7.16817e+06, 3.90014e+06, 0
4.80057e+06, 583663, 0
9.63047e+06, 5.13565e+06, 0
9.06822e+06, 1.6114e+06, 0
1.49065e+07, 6.00567e+06, 0
4.61269e+06, 976315, 0
8.78996e+06, 662116, 0
3.95083e+06, 2.17511e+06, 0
5.61435e+06, 2.25853e+06, 0
5.06554e+06, 2.12771e+06, 0
7.22431e+06, 4.4838e+06, 0
7.04482e+06, 1.72149e+06, 0
7.31735e+06, 3.49737e+06, 0
3.39856e+06, 1.57166e+06, 0
5.2105e+06, 1.8844e+06, 0
6.13806e+06, 1.37192e+06, 0
4.20873e+06, 1.53204e+06, 0
6.7728e+06, 4.06565e+06, 0
1.37557e+07, 7.38225e+06, 0
5.47758e+06, 705036, 0
5.48072e+06, 1.87664e+06, 0
4.20835e+06, 2.40783e+06, 0
8.39018e+06, 4.62799e+06, 0
5.42054e+06, 1.2543e+06, 0
6.42622e+06, 2.19419e+06, 0
4.07766e+06, 1.7785e+06, 0
6.2586e+06, 3.58813e+06, 0
7.90788e+06, 4.85562e+06, 0
1.08625e+07, 4.74867e+06, 0
9.63241e+06, 6.38393e+06, 0
4.83039e+06, 1.66128e+06, 0
3.51274e+06, 1.11042e+06, 0
6.09857e+06, 1.79076e+06, 0
1.12813e+07, 7.44198e+06, 0
5.17783e+06, 469519, 0
9.65391e+06, 5.8002e+06, 0
5.58913e+06, 3.55999e+06, 0
5.61338e+06, 2.60677e+06, 0
6.36383e+06, 3.69517e+06, 0
4.66307e+06, 1.93123e+06, 0
1.20306e+07, 6.3163e+06, 0
7.5215e+06, 2.41444e+06, 0
7.87975e+06, 3.46454e+06, 0
3.5291e+06, 1.46276e+06, 0
5.87155e+06, 1.93758e+06, 0
4.75394e+06, 2.22426e+06, 0
1.05198e+07, 2.91335e+06, 0
9.73239e+06, 2.05312e+06, 0
6.92046e+06, 2.98829e+06, 0
8.91791e+06, 5.36801e+06, 0
7.52849e+06, 2.91166e+06, 0
5.55938e+06, 3.38612e+06, 0
1.00583e+07, 2.62944e+06, 0
6.04451e+06, 3.91248e+06, 0
6.57623e+06, 176892, 0
8.38669e+06, 3.61846e+06, 0
9.75039e+06, 5.22798e+06, 0
5.39842e+06, 2.97705e+06, 0
9.40526e+06, 3.0615e+06, 0
3.29753e+06, 1.14535e+06, 0
7.57997e+06, 2.69154e+06, 0
5.13597e+06, 2.06526e+06, 0
4.60707e+06, 2.18636e+06, 0
6.96976e+06, 852901, 0
5.02728e+06, 2.17521e+06, 0
1.21465e+07, 870774, 0
3.98446e+06, 1.64749e+06, 0
5.63496e+06, 2.49078e+06, 0
3.33988e+06, 1.02032e+06, 0
3.70977e+06, 1.58162e+06, 0
8.15937e+06, 1.1899e+06, 0
6.58904e+06, 919452, 0
5.1537e+06, 2.36528e+06, 0
5.74799e+06, 1.01563e+06, 0
7.33169e+06, 4.77383e+06, 0
4.66149e+06, 1.35481e+06, 0
2.98376e+06, 1.03225e+06, 0
7.25782e+06, 2.00406e+06, 0
5.29765e+06, 3.39388e+06, 0
4.38154e+06, 2.22904e+06, 0
4.62274e+06, 1.16174e+06, 0
5.73968e+06, 2.05517e+06, 0
4.18182e+06, 499148, 0
4.48295e+06, 2.6919e+06, 0
8.52089e+06, 1.38608e+06, 0
6.20941e+06, 1.54455e+06, 0
3.53917e+06, 1.1544e+06, 0
5.7203e+06, 3.31643e+06, 0
7.6415e+06, 2.81232e+06, 0
3.87764e+06, 1.94782e+06, 0
6.18325e+06, 3.08522e+06, 0
3.06916e+06, 863674, 0
5.98305e+06, 3.17425e+06, 0
9.09973e+06, 5.90162e+06, 0
6.93399e+06, 997535, 0
5.87307e+06, 3.27826e+06, 0
8.78729e+06, 3.50336e+06, 0
7.24327e+06, 2.21257e+06, 0
3.51087e+06, 1.85981e+06, 0
1.19027e+07, 8.00969e+06, 0
8.96857e+06, 3.27267e+06, 0
1.09655e+07, 1.61629e+06, 0
2.69021e+06, 908109, 0
7.44598e+06, 3.99286e+06, 0
4.02762e+06, 1.38623e+06, 0
6.49995e+06, 2.67566e+06, 0
2.85522e+06, 894419, 0
9.65011e+06, 1.09013e+06, 0
4.94146e+06, 2.56406e+06, 0
6.23818e+06, 3.58871e+06, 0
4.12842e+06, 1.87212e+06, 0
7.68475e+06, 4.80969e+06, 0
8.53416e+06, 5.41798e+06, 0
7.70282e+06, 1.26498e+06, 0
7.4075e+06, 828067, 0
8.12623e+06, 5.24059e+06, 0
3.71684e+06, 821948, 0
5.50233e+06, 1.02444e+06, 0
4.2819e+06, 1.50355e+06, 0
5.31738e+06, 1.8274e+06, 0
9.06159e+06, 5.57986e+06, 0
5.62844e+06, 3.64574e+06, 0
3.22079e+06, 901378, 0
5.40099e+06, 2.79707e+06, 0
6.7197e+06, 3.28067e+06, 0
5.63129e+06, 2.12365e+06, 0
8.21182e+06, 3.71671e+06, 0
7.07963e+06, 3.37406e+06, 0
7.56929e+06, 4.8661e+06, 0
8.91696e+06, 5.28608e+06, 0
5.74253e+06, 3.6126e+06, 0
5.0361e+06, 1.35326e+06, 0
8.80307e+06, 432732, 0
4.33086e+06, 2.5565e+06, 0
5.62652e+06, 1.70063e+06, 0
1.16224e+07, 4.76011e+06, 0
3.80231e+06, 1.60601e+06, 0
9.10759e+06, 5.35222e+06, 0
8.23841e+06, 938580, 0
1.0356e+07, 2.81037e+06, 0
1.15073e+07, 4.32939e+06, 0
8.81111e+06, 4.93827e+06, 0
5.57956e+06, 177155, 0
3.20123e+06, 1.45418e+06, 0
1.24275e+07, 8.76805e+06, 0
3.10893e+06, 1.25832e+06, 0
8.95499e+06, 3.19779e+06, 0
4.93305e+06, 1.51948e+06, 0
4.51444e+06, 2.67659e+06, 0
7.91468e+06, 1.0771e+06, 0
6.83386e+06, 1.655e+06, 0
7.25085e+06, 1.87418e+06, 0
7.20747e+06, 4.07129e+06, 0
6.6656e+06, 3.14723e+06, 0
7.01656e+06, 4.17932e+06, 0
5.21963e+06, 1.70176e+06, 0
4.62917e+06, 1.75891e+06, 0
6.91613e+06, 2.15086e+06, 0
3.81853e+06, 2.09594e+06, 0
7.90581e+06, 2.23799e+06, 0
7.19535e+06, 3.9488e+06, 0
4.99098e+06, 2.46528e+06, 0
5.90666e+06, 2.29434e+06, 0
8.71328e+06, 2.23169e+06, 0
4.99222e+06, 908942, 0
5.50183e+06, 3.22888e+06, 0
3.41112e+06, 741699, 0
1.21986e+07, 6.57405e+06, 0
4.50149e+06, 1.60626e+06, 0
4.88049e+06, 2.02726e+06, 0
4.44699e+06, 2.40894e+06, 0
3.76277e+06, 1.23096e+06, 0
4.77109e+06, 1.46687e+06, 0
5.38238e+06, 2.79629e+06, 0
6.56436e+06, 826751, 0
3.72455e+06, 2.05189e+06, 0
1.45488e+07, 8.84193e+06, 0
7.22431e+06, 4.4838e+06, 0
7.47212e+06, 2.99454e+06, 0
8.02581e+06, 5.00242e+06, 0
3.1946e+06, 1.49386e+06, 0
5.05834e+06, 2.23352e+06, 0
9.08248e+06, 4.04074e+06, 0
7.10867e+06, 4.56714e+06, 0
7.92233e+06, 3.87724e+06, 0
6.75097e+06, 3.78252e+06, 0
4.06839e+06, 1.22587e+06, 0
5.98076e+06, 1.64462e+06, 0
5.61328e+06, 2.31932e+06, 0
9.84924e+06, 2.483e+06, 0
6.14217e+06, 905090, 0
4.20898e+06, 1.52822e+06, 0
6.83422e+06, 3.01224e+06, 0
9.11384e+06, 5.72456e+06, 0
7.03323e+06, 1.51333e+06, 0
7.94944e+06, 3.17952e+06, 0
7.94919e+06, 3.29822e+06, 0
8.3809e+06, 2.40714e+06, 0
7.37905e+06, 2.95953e+06, 0
3.23949e+06, 1.43062e+06, 0
5.46339e+06, 803648, 0
5.97922e+06, 3.3682e+06, 0
7.93754e+06, 4.43366e+06, 0
7.33317e+06, 3.21613e+06, 0
5.67648e+06, 682117, 0
1.26531e+07, 1.47398e+06, 0
6.5033e+06, 3.97585e+06, 0
5.78549e+06, 1.33337e+06, 0
7.50293e+06, 4.749e+06, 0
9.0117e+06, 1.26458e+06, 0
7.06594e+06, 1.13643e+06, 0
6.73472e+06, 3.95275e+06, 0
5.4838e+06, 1.61097e+06, 0
6.7171e+06, 2.25521e+06, 0
6.02561e+06, 3.86502e+06, 0
6.76641e+06, 3.25491e+06, 0
1.372e+07, 5.2197e+06, 0
8.85227e+06, 2.90433e+06, 0
1.1102e+07, 5.14613e+06, 0
3.18846e+06, 1.24031e+06, 0
7.49132e+06, 3.05584e+06, 0
7.50811e+06, 1.25911e+06, 0
6.87917e+06, 470652, 0
7.1804e+06, 4.29459e+06, 0
1.59191e+07, 3.41553e+06, 0
1.00284e+07, 2.24269e+06, 0
5.64384e+06, 2.45896e+06, 0
4.61016e+06, 1.62221e+06, 0
1.01401e+07, 5.00801e+06, 0
5.80765e+06, 2.81408e+06, 0
1.02797e+07, 6.44446e+06, 0
8.6621e+06, 1.66099e+06, 0
6.55092e+06, 2.0419e+06, 0
5.27059e+06, 1.40758e+06, 0
6.07241e+06, 1.21137e+06, 0
8.38847e+06, 5.57039e+06, 0
5.95642e+06, 2.81211e+06, 0
9.60279e+06, 3.69166e+06, 0
1.08176e+07, 5.42368e+06, 0
4.15889e+06, 1.49742e+06, 0
4.9351e+06, 1.99749e+06, 0
3.99461e+06, 1.45914e+06, 0
4.43555e+06, 2.13198e+06, 0
4.89447e+06, 534880, 0
5.57996e+06, 1.00285e+06, 0
5.87606e+06, 2.19571e+06, 0
8.71286e+06, 3.77237e+06, 0
7.40922e+06, 2.60902e+06, 0
6.98693e+06, 4.49941e+06, 0
4.92424e+06, 3.10075e+06, 0
4.62311e+06, 2.71127e+06, 0
6.0479e+06, 2.74e+06, 0
4.45742e+06, 1.27833e+06, 0
4.48459e+06, 659956, 0
5.89663e+06, 1.42264e+06, 0
7.47868e+06, 1.34961e+06, 0
9.70589e+06, 3.61837e+06, 0
4.70082e+06, 2.9122e+06, 0
9.1581e+06, 839737, 0
5.51e+06, 1.50387e+06, 0
9.08726e+06, 5.54563e+06, 0
3.93873e+06, 1.76636e+06, 0
8.01322e+06, 3.56878e+06, 0
5.69339e+06, 1.7533e+06, 0
4.34702e+06, 2.32188e+06, 0
8.02941e+06, 1.98893e+06, 0
8.02333e+06, 2.873e+06, 0
3.81509e+06, 1.95069e+06, 0
8.56981e+06, 2.28931e+06, 0
7.81967e+06, 3.5168e+06, 0
3.84853e+06, 1.50602e+06, 0
7.06596e+06, 3.54952e+06, 0
4.98113e+06, 1.53249e+06, 0
1.04325e+07, 4.97726e+06, 0
1.04116e+07, 3.70924e+06, 0
6.33021e+06, 2.56906e+06, 0
7.63459e+06, 2.8091e+06, 0
2.68427e+06, 863625, 0
1.07528e+07, 4.96448e+06, 0
9.29022e+06, 3.04921e+06, 0
3.71099e+06, 389985, 0
8.64015e+06, 4.56339e+06, 0
7.06319e+06, 3.84985e+06, 0
7.44089e+06, 3.06762e+06, 0
5.04413e+06, 2.81623e+06, 0
3.68767e+06, 817977, 0
5.67645e+06, 3.3602e+06, 0
6.82772e+06, 4.36281e+06, 0
1.09897e+07, 4.92788e+06, 0
7.1823e+06, 2.99558e+06, 0
5.70041e+06, 1.53462e+06, 0
7.42628e+06, 3.39491e+06, 0
1.37943e+07, 3.88578e+06, 0
5.18014e+06, 2.88853e+06, 0
6.96123e+06, 2.52177e+06, 0
7.58691e+06, 3.13943e+06, 0
5.9848e+06, 457604, 0
5.10664e+06, 822369, 0
5.65678e+06, 1.54558e+06, 0
6.57758e+06, 2.21028e+06, 0
6.35049e+06, 3.70889e+06, 0
6.20311e+06, 3.57527e+06, 0
6.16063e+06, 3.3541e+06, 0
8.10292e+06, 5.17224e+06, 0
7.14755e+06, 2.66768e+06, 0
1.5775e+07, 4.40053e+06, 0
9.194e+06, 4.32294e+06, 0
6.82359e+06, 1.62538e+06, 0
1.25491e+07, 6.06209e+06, 0
3.97783e+06, 1.95466e+06, 0
1.0154e+07, 3.93503e+06, 0
3.4901e+06, 1.57417e+06, 0
1.14795e+07, 5.35496e+06, 0
7.48095e+06, 4.88132e+06, 0
5.14995e+06, 1.41774e+06, 0
4.49757e+06, 1.72963e+06, 0
4.83132e+06, 2.58366e+06, 0
6.70288e+06, 3.96482e+06, 0
2.80803e+06, 777224, 0
5.90426e+06, 2.75161e+06, 0
3.61303e+06, 1.57544e+06, 0
6.1369e+06, 3.79024e+06, 0
6.04153e+06, 1.90671e+06, 0
7.31398e+06, 4.88183e+06, 0
7.15525e+06, 4.4432e+06, 0
1.12062e+07, 4.50607e+06, 0
1.09411e+07, 2.60693e+06, 0
8.48714e+06, 4.19913e+06, 0
5.19606e+06, 1.94315e+06, 0
1.00847e+07, 4.38589e+06, 0
2.99088e+06, 931580, 0
8.68094e+06, 3.65872e+06, 0
6.75909e+06, 2.24238e+06, 0
3.34712e+06, 786650, 0
8.74115e+06, 4.50018e+06, 0
3.52527e+06, 987968, 0
1.19197e+07, 3.77852e+06, 0
6.73597e+06, 4.1393e+06, 0
3.81328e+06, 1.6738e+06, 0
1.18187e+07, 3.28629e+06, 0
5.7033e+06, 3.57127e+06, 0
4.68336e+06, 2.39616e+06, 0
7.9216e+06, 1.71211e+06, 0
1.14756e+07, 4.58328e+06, 0
