1.01107e+07, 4.0234e+06, 0
7.96769e+06, 1.43197e+06, 0
1.10879e+07, 4.06306e+06, 0
8.03256e+06, 623051, 0
9.32644e+06, 3.04204e+06, 0
7.79849e+06, 2.35395e+06, 0
7.62109e+06, 2.07335e+06, 0
7.18244e+06, 1.5972e+06, 0
7.98133e+06, 1.75172e+06, 0
7.81504e+06, 2.08168e+06, 0
9.61985e+06, 1.69202e+06, 0
7.66905e+06, 2.14068e+06, 0
8.52428e+06, 2.2636e+06, 0
7.76379e+06, 2.04415e+06, 0
9.80093e+06, 1.44812e+06, 0
1.24565e+07, 2.23421e+06, 0
9.6632e+06, 4.13159e+06, 0
1.05536e+07, 4.45225e+06, 0
1.05701e+07, 2.86926e+06, 0
7.56826e+06, 2.04059e+06, 0
6.97446e+06, 1.05481e+06, 0
1.0365e+07, 3.37315e+06, 0
1.32208e+07, 3.31872e+06, 0
1.46743e+07, 7.24651e+06, 0
9.12762e+06, 3.08288e+06, 0
7.59656e+06, 271017, 0
8.28024e+06, 2.42098e+06, 0
1.25266e+07, 6.10265e+06, 0
1.13055e+07, 3.07811e+06, 0
1.16978e+07, 1.43876e+06, 0
9.91949e+06, 3.35753e+06, 0
1.23707e+07, 4.42381e+06, 0
1.16853e+07, 4.19516e+06, 0
7.86559e+06, 840580, 0
1.32325e+07, 5.4013e+06, 0
1.1245e+07, 3.65835e+06, 0
9.14599e+06, 3.03204e+06, 0
8.79679e+06, 2.09505e+06, 0
7.22988e+06, 1.08566e+06, 0
1.15501e+07, 2.83223e+06, 0
1.21313e+07, 5.2419e+06, 0
7.20975e+06, 1.23648e+06, 0
9.96751e+06, 308559, 0
6.96602e+06, 1.17975e+06, 0
1.00956e+07, 3.6204e+06, 0
1.31855e+07, 3.27556e+06, 0
8.4743e+06, 2.29667e+06, 0
9.62357e+06, 2.45505e+06, 0
9.35512e+06, 2.65683e+06, 0
7.98121e+06, 2.20879e+06, 0
1.49815e+07, 6.90453e+06, 0
7.91705e+06, 2.43011e+06, 0
8.50415e+06, 517901, 0
8.27401e+06, 2.61338e+06, 0
9.1742e+06, 1.49801e+06, 0
1.03738e+07, 1.01099e+06, 0
9.22822e+06, 1.73991e+06, 0
1.02659e+07, 3.10063e+06, 0
8.91767e+06, 2.26904e+06, 0
8.0919e+06, 2.36084e+06, 0
7.21148e+06, 643210, 0
8.63197e+06, 2.56618e+06, 0
9.28699e+06, 1.39822e+06, 0
6.91287e+06, 823300, 0
1.06052e+07, 1.33167e+06, 0
7.52188e+06, 1.37399e+06, 0
1.0085e+07, 2.5007e+06, 0
1.14917e+07, 2.75815e+06, 0
9.68079e+06, 4.078e+06, 0
8.29104e+06, 1.2954e+06, 0
8.95304e+06, 1.6918e+06, 0
9.63484e+06, 3.08024e+06, 0
1.57493e+07, 614065, 0
7.76214e+06, 986093, 0
7.44407e+06, 1.0615e+06, 0
1.60467e+07, 2.0781e+06, 0
1.20871e+07, 3.9181e+06, 0
9.85811e+06, 2.74315e+06, 0
1.03791e+07, 2.49954e+06, 0
8.9133e+06, 1.46078e+06, 0
9.83769e+06, 2.80228e+06, 0
1.25825e+07, 4.42914e+06, 0
1.17616e+07, 3.03577e+06, 0
7.44346e+06, 1.30522e+06, 0
9.52835e+06, 3.5673e+06, 0
8.09589e+06, 745192, 0
1.18102e+07, 1.30504e+06, 0
1.2626e+07, 4.28102e+06, 0
1.15953e+07, 2.75544e+06, 0
1.4673e+07, 2.8422e+06, 0
8.7374e+06, 1.8508e+06, 0
9.72749e+06, 2.42541e+06, 0
8.23135e+06, 1.41237e+06, 0
9.19106e+06, 1.95141e+06, 0
1.13125e+07, 4.63979e+06, 0
9.62249e+06, 3.4279e+06, 0
1.06348e+07, 4.54583e+06, 0
9.19848e+06, 2.15146e+06, 0
1.20293e+07, 4.80162e+06, 0
9.71409e+06, 2.82538e+06, 0
9.49138e+06, 3.59187e+06, 0
7.68237e+06, 1.63525e+06, 0
9.94575e+06, 3.18295e+06, 0
1.03789e+07, 927315, 0
8.47316e+06, 2.43047e+06, 0
9.11775e+06, 2.62935e+06, 0
7.94281e+06, 1.77849e+06, 0
7.93208e+06, 1.65172e+06, 0
1.48666e+07, 3.95341e+06, 0
1.10006e+07, 3.20287e+06, 0
7.10062e+06, 1.24004e+06, 0
1.17058e+07, 3.2671e+06, 0
8.87138e+06, 1.53633e+06, 0
7.94327e+06, 1.00597e+06, 0
8.17295e+06, 1.96419e+06, 0
8.19513e+06, 929458, 0
9.08812e+06, 1.96545e+06, 0
1.09704e+07, 3.64225e+06, 0
1.39835e+07, 7.18865e+06, 0
9.42019e+06, 3.59703e+06, 0
1.23289e+07, 1.91184e+06, 0
9.78035e+06, 2.46678e+06, 0
1.08553e+07, 3.74377e+06, 0
1.15516e+07, 3.39306e+06, 0
9.4013e+06, 1.49635e+06, 0
1.22521e+07, 3.87886e+06, 0
1.18853e+07, 1.57435e+06, 0
1.05881e+07, 1.72517e+06, 0
9.6868e+06, 2.39451e+06, 0
1.03441e+07, 858378, 0
9.28565e+06, 2.96969e+06, 0
9.68382e+06, 3.10177e+06, 0
9.63625e+06, 1.44407e+06, 0
8.06995e+06, 1.65613e+06, 0
8.40467e+06, 1.75546e+06, 0
1.16636e+07, 2.66039e+06, 0
1.16026e+07, 4.82989e+06, 0
9.51688e+06, 2.86643e+06, 0
7.98509e+06, 1.98262e+06, 0
8.06856e+06, 2.64547e+06, 0
8.66607e+06, 2.11852e+06, 0
1.00571e+07, 3.53386e+06, 0
1.20764e+07, 3.42567e+06, 0
7.35739e+06, 904294, 0
1.079e+07, 2.91029e+06, 0
8.82285e+06, 1.10208e+06, 0
9.98833e+06, 3.71017e+06, 0
9.40819e+06, 542197, 0
1.14415e+07, 3.86923e+06, 0
8.45602e+06, 2.80487e+06, 0
8.3816e+06, 2.31169e+06, 0
8.51695e+06, 1.63052e+06, 0
7.27468e+06, 826050, 0
7.87189e+06, 1.96116e+06, 0
9.84086e+06, 1.98694e+06, 0
8.66772e+06, 829067, 0
8.3058e+06, 1.29574e+06, 0
7.91534e+06, 1.92292e+06, 0
9.62571e+06, 3.83269e+06, 0
1.15223e+07, 3.9478e+06, 0
8.02586e+06, 1.81501e+06, 0
9.5636e+06, 2.92926e+06, 0
9.45476e+06, 3.76188e+06, 0
8.39135e+06, 2.46219e+06, 0
1.03563e+07, 1.30406e+06, 0
1.15031e+07, 4.47886e+06, 0
8.38986e+06, 2.78738e+06, 0
9.16677e+06, 2.50989e+06, 0
9.06549e+06, 3.16262e+06, 0
1.08264e+07, 229825, 0
7.37714e+06, 454576, 0
7.80659e+06, 2.30635e+06, 0
8.9976e+06, 1.88419e+06, 0
7.88894e+06, 1.70762e+06, 0
8.79001e+06, 2.25003e+06, 0
7.77603e+06, 2.03039e+06, 0
9.40151e+06, 2.9375e+06, 0
8.28588e+06, 2.04231e+06, 0
9.80945e+06, 3.04774e+06, 0
8.97515e+06, 2.67755e+06, 0
1.41808e+07, 4.47872e+06, 0
8.06896e+06, 2.04063e+06, 0
9.90256e+06, 3.5824e+06, 0
7.56614e+06, 1.53516e+06, 0
7.30125e+06, 1.62967e+06, 0
1.12872e+07, 4.02372e+06, 0
1.12452e+07, 679135, 0
8.09021e+06, 1.91853e+06, 0
7.15564e+06, 1.55928e+06, 0
1.2594e+07, 3.69547e+06, 0
1.08818e+07, 1.58297e+06, 0
9.97184e+06, 4.18201e+06, 0
8.3513e+06, 2.01076e+06, 0
9.01124e+06, 608260, 0
1.01889e+07, 2.61332e+06, 0
6.66492e+06, 409711, 0
1.03156e+07, 3.59675e+06, 0
1.28893e+07, 4.08762e+06, 0
9.6642e+06, 2.06854e+06, 0
7.69574e+06, 1.07712e+06, 0
7.25247e+06, 638017, 0
9.4321e+06, 1.51096e+06, 0
9.39581e+06, 3.24184e+06, 0
1.17291e+07, 4.48179e+06, 0
8.87598e+06, 3.12008e+06, 0
1.14825e+07, 4.51904e+06, 0
8.63876e+06, 1.2067e+06, 0
1.10963e+07, 3.75256e+06, 0
8.46218e+06, 2.67917e+06, 0
1.11831e+07, 3.29273e+06, 0
1.07218e+07, 2.98474e+06, 0
1.14084e+07, 1.09272e+06, 0
7.86644e+06, 1.5451e+06, 0
8.54901e+06, 2.89958e+06, 0
1.12351e+07, 4.67642e+06, 0
7.72127e+06, 2.13013e+06, 0
1.57846e+07, 2.71286e+06, 0
1.01931e+07, 3.54237e+06, 0
1.27937e+07, 3.71013e+06, 0
1.17808e+07, 927138, 0
9.15205e+06, 3.53929e+06, 0
6.90708e+06, 633474, 0
1.13543e+07, 3.19404e+06, 0
8.83449e+06, 1.81127e+06, 0
9.65529e+06, 3.75269e+06, 0
9.13191e+06, 3.57502e+06, 0
1.10503e+07, 3.2062e+06, 0
8.5851e+06, 910906, 0
8.68304e+06, 1.49499e+06, 0
8.19406e+06, 2.24261e+06, 0
7.39678e+06, 1.29834e+06, 0
9.25089e+06, 932037, 0
9.56571e+06, 3.91664e+06, 0
9.87396e+06, 3.17092e+06, 0
1.14535e+07, 5.27481e+06, 0
7.69754e+06, 1.24927e+06, 0
8.28711e+06, 1.87145e+06, 0
7.31347e+06, 449414, 0
7.61258e+06, 2.06937e+06, 0
7.9337e+06, 2.34947e+06, 0
1.07319e+07, 2.42087e+06, 0
1.00054e+07, 3.48319e+06, 0
8.8644e+06, 2.87151e+06, 0
1.02009e+07, 1.3418e+06, 0
1.37585e+07, 4.0009e+06, 0
8.83049e+06, 3.09205e+06, 0
1.34687e+07, 3.44982e+06, 0
1.04896e+07, 4.63304e+06, 0
7.72516e+06, 1.87614e+06, 0
1.01683e+07, 2.57235e+06, 0
9.1907e+06, 3.47706e+06, 0
9.41564e+06, 3.49595e+06, 0
8.99324e+06, 1.85281e+06, 0
7.93551e+06, 2.06398e+06, 0
1.02545e+07, 3.40993e+06, 0
1.02987e+07, 1.68951e+06, 0
8.32834e+06, 1.90452e+06, 0
7.65715e+06, 1.21666e+06, 0
7.56308e+06, 1.81696e+06, 0
1.68495e+07, 6.45972e+06, 0
9.68235e+06, 3.95151e+06, 0
1.01574e+07, 2.5651e+06, 0
1.20961e+07, 2.28134e+06, 0
1.0571e+07, 3.02749e+06, 0
1.14141e+07, 5.3498e+06, 0
9.4129e+06, 2.55414e+06, 0
6.79534e+06, 263551, 0
9.19744e+06, 1.16456e+06, 0
9.00185e+06, 1.17412e+06, 0
7.80674e+06, 1.61458e+06, 0
1.1718e+07, 4.15769e+06, 0
9.02149e+06, 942966, 0
7.495e+06, 869725, 0
9.23273e+06, 3.0092e+06, 0
1.21441e+07, 5.53685e+06, 0
1.34067e+07, 1.12146e+06, 0
1.02806e+07, 2.72914e+06, 0
7.4611e+06, 1.81139e+06, 0
1.08261e+07, 3.25994e+06, 0
8.71847e+06, 2.66667e+06, 0
9.58224e+06, 3.07208e+06, 0
8.35257e+06, 2.59802e+06, 0
7.27498e+06, 1.18709e+06, 0
8.78055e+06, 1.73655e+06, 0
7.09104e+06, 1.15439e+06, 0
8.41026e+06, 328355, 0
8.26431e+06, 837714, 0
7.77916e+06, 1.22619e+06, 0
8.78966e+06, 2.59146e+06, 0
9.36793e+06, 2.48605e+06, 0
9.41786e+06, 3.58655e+06, 0
6.97827e+06, 446995, 0
1.27232e+07, 3.99243e+06, 0
9.20519e+06, 3.51174e+06, 0
7.89541e+06, 1.93478e+06, 0
8.74147e+06, 2.34996e+06, 0
1.16021e+07, 2.84555e+06, 0
9.95958e+06, 4.11049e+06, 0
9.05504e+06, 402433, 0
1.05959e+07, 2.09652e+06, 0
1.08586e+07, 3.34103e+06, 0
8.49418e+06, 2.66015e+06, 0
1.0971e+07, 1.88634e+06, 0
9.60615e+06, 2.78276e+06, 0
7.43759e+06, 1.16997e+06, 0
9.70315e+06, 1.45993e+06, 0
1.1355e+07, 3.95665e+06, 0
1.01125e+07, 3.65387e+06, 0
9.37636e+06, 997858, 0
9.39008e+06, 1.13446e+06, 0
7.71614e+06, 2.0246e+06, 0
1.19008e+07, 5.25274e+06, 0
1.39421e+07, 4.61162e+06, 0
1.07799e+07, 2.61534e+06, 0
9.3564e+06, 3.73151e+06, 0
1.23829e+07, 5.80737e+06, 0
9.83411e+06, 4.11113e+06, 0
7.70648e+06, 907210, 0
1.1129e+07, 3.34429e+06, 0
8.06032e+06, 1.12136e+06, 0
7.04127e+06, 1.18618e+06, 0
9.28001e+06, 1.6804e+06, 0
7.38771e+06, 1.58045e+06, 0
9.16441e+06, 2.48761e+06, 0
9.49577e+06, 2.83412e+06, 0
9.5689e+06, 2.60096e+06, 0
1.09287e+07, 3.94601e+06, 0
1.29815e+07, 1.27585e+06, 0
9.33348e+06, 1.55986e+06, 0
8.57857e+06, 2.52816e+06, 0
1.3856e+07, 5.49041e+06, 0
9.38293e+06, 3.67497e+06, 0
9.13892e+06, 2.91393e+06, 0
7.22602e+06, 1.52936e+06, 0
8.65617e+06, 1.54544e+06, 0
1.09829e+07, 4.6931e+06, 0
6.92523e+06, 820227, 0
9.94682e+06, 3.9014e+06, 0
1.03288e+07, 4.44282e+06, 0
1.06418e+07, 4.01725e+06, 0
1.00847e+07, 3.47301e+06, 0
8.32351e+06, 2.83653e+06, 0
1.16441e+07, 353051, 0
7.38007e+06, 1.62376e+06, 0
8.19032e+06, 2.6551e+06, 0
8.21611e+06, 1.41891e+06, 0
1.02493e+07, 2.42783e+06, 0
1.00132e+07, 2.53974e+06, 0
1.2078e+07, 3.50113e+06, 0
1.01007e+07, 4.06189e+06, 0
8.95991e+06, 3.10273e+06, 0
8.14014e+06, 1.11444e+06, 0
7.86638e+06, 1.79301e+06, 0
1.07627e+07, 4.91146e+06, 0
8.7634e+06, 2.8503e+06, 0
1.08305e+07, 1.81362e+06, 0
1.22979e+07, 4.54925e+06, 0
8.87749e+06, 2.74058e+06, 0
7.34385e+06, 1.29533e+06, 0
7.5546e+06, 1.74959e+06, 0
9.39583e+06, 3.91338e+06, 0
8.46032e+06, 2.26639e+06, 0
8.48352e+06, 3.01051e+06, 0
1.11493e+07, 3.44525e+06, 0
1.26316e+07, 4.60082e+06, 0
9.39065e+06, 2.06747e+06, 0
8.12999e+06, 920796, 0
7.51631e+06, 1.99838e+06, 0
7.6418e+06, 2.04732e+06, 0
1.24024e+07, 1.46186e+06, 0
6.89902e+06, 727942, 0
8.52003e+06, 1.87331e+06, 0
9.25743e+06, 3.25595e+06, 0
8.90271e+06, 3.12436e+06, 0
8.70205e+06, 2.45025e+06, 0
1.17696e+07, 1.08823e+06, 0
1.04412e+07, 3.37011e+06, 0
1.01851e+07, 3.88179e+06, 0
8.30663e+06, 2.72378e+06, 0
1.04882e+07, 3.10439e+06, 0
9.76193e+06, 3.35119e+06, 0
1.10161e+07, 1.4458e+06, 0
7.52532e+06, 1.07041e+06, 0
1.3271e+07, 881424, 0
1.16456e+07, 4.5364e+06, 0
7.56946e+06, 1.26464e+06, 0
8.62359e+06, 1.29665e+06, 0
1.09403e+07, 4.07292e+06, 0
9.12228e+06, 3.38891e+06, 0
7.18063e+06, 1.30161e+06, 0
9.21315e+06, 3.69331e+06, 0
8.51646e+06, 2.33969e+06, 0
7.43942e+06, 1.73844e+06, 0
8.56683e+06, 2.41718e+06, 0
8.01865e+06, 2.53948e+06, 0
1.07954e+07, 1.68447e+06, 0
1.21815e+07, 2.04902e+06, 0
7.84037e+06, 1.87303e+06, 0
1.05268e+07, 2.24658e+06, 0
8.97123e+06, 3.53559e+06, 0
8.33431e+06, 2.37016e+06, 0
8.13374e+06, 2.56717e+06, 0
8.11012e+06, 1.63997e+06, 0
6.99896e+06, 386934, 0
8.97756e+06, 2.94111e+06, 0
8.48775e+06, 1.0017e+06, 0
7.1525e+06, 1.29462e+06, 0
7.40698e+06, 1.57474e+06, 0
1.11717e+07, 2.88891e+06, 0
8.46263e+06, 2.97193e+06, 0
7.74869e+06, 2.08509e+06, 0
1.26465e+07, 5.63712e+06, 0
7.65215e+06, 1.51607e+06, 0
1.10623e+07, 4.4715e+06, 0
1.01096e+07, 2.20719e+06, 0
1.00464e+07, 4.0254e+06, 0
9.51535e+06, 1.97659e+06, 0
8.81648e+06, 1.39486e+06, 0
8.29246e+06, 1.99183e+06, 0
1.59397e+07, 6.19529e+06, 0
9.93477e+06, 3.7484e+06, 0
8.88555e+06, 2.00541e+06, 0
7.92662e+06, 2.27387e+06, 0
9.8221e+06, 1.27655e+06, 0
1.36078e+07, 5.23506e+06, 0
1.35665e+07, 1.95235e+06, 0
9.71316e+06, 3.23437e+06, 0
8.06339e+06, 2.46187e+06, 0
8.59536e+06, 2.4273e+06, 0
9.80531e+06, 957162, 0
1.14944e+07, 959369, 0
9.70991e+06, 3.13091e+06, 0
9.40914e+06, 2.21292e+06, 0
9.03332e+06, 1.88157e+06, 0
1.45529e+07, 3.51064e+06, 0
7.51772e+06, 1.0969e+06, 0
9.96201e+06, 3.99419e+06, 0
8.69754e+06, 3.23298e+06, 0
7.77513e+06, 2.32553e+06, 0
8.38721e+06, 1.77163e+06, 0
7.45955e+06, 1.48857e+06, 0
1.39351e+07, 3.03344e+06, 0
9.9648e+06, 4.06378e+06, 0
1.31656e+07, 3.13623e+06, 0
8.69031e+06, 3.19667e+06, 0
1.61735e+07, 3.22437e+06, 0
9.50346e+06, 2.90952e+06, 0
8.57086e+06, 1.93283e+06, 0
8.91649e+06, 2.67203e+06, 0
1.10151e+07, 3.94357e+06, 0
1.03638e+07, 2.99103e+06, 0
7.27559e+06, 1.44063e+06, 0
9.93973e+06, 2.90742e+06, 0
1.17605e+07, 3.07659e+06, 0
8.97273e+06, 3.34435e+06, 0
8.87369e+06, 2.63527e+06, 0
1.13233e+07, 3.8172e+06, 0
1.71933e+07, 6.60533e+06, 0
8.02493e+06, 2.38538e+06, 0
9.74815e+06, 1.22055e+06, 0
9.197e+06, 3.66274e+06, 0
1.01552e+07, 2.63455e+06, 0
9.5591e+06, 2.99062e+06, 0
1.28822e+07, 1.99549e+06, 0
1.04502e+07, 4.72027e+06, 0
1.10038e+07, 4.34197e+06, 0
8.85657e+06, 1.0014e+06, 0
1.3341e+07, 5.3493e+06, 0
8.96276e+06, 3.13022e+06, 0
1.1861e+07, 4.98214e+06, 0
1.56906e+07, 5.65947e+06, 0
8.2442e+06, 952479, 0
1.14221e+07, 4.6829e+06, 0
7.69202e+06, 1.54837e+06, 0
9.64746e+06, 2.59536e+06, 0
7.67225e+06, 2.12895e+06, 0
1.51769e+07, 7.0244e+06, 0
1.06335e+07, 3.3838e+06, 0
1.29742e+07, 5.53943e+06, 0
1.15821e+07, 2.12321e+06, 0
1.07492e+07, 2.98229e+06, 0
1.16825e+07, 3.23623e+06, 0
9.53776e+06, 3.51097e+06, 0
9.74683e+06, 1.81313e+06, 0
7.93488e+06, 1.02574e+06, 0
9.14852e+06, 3.5413e+06, 0
7.65965e+06, 1.90075e+06, 0
9.32737e+06, 1.64697e+06, 0
8.74357e+06, 1.67381e+06, 0
9.41399e+06, 3.5607e+06, 0
7.45939e+06, 1.28145e+06, 0
8.34017e+06, 2.4688e+06, 0
9.68231e+06, 2.00382e+06, 0
8.72757e+06, 2.75846e+06, 0
1.00575e+07, 1.89023e+06, 0
7.74375e+06, 2.14459e+06, 0
1.23401e+07, 4.15746e+06, 0
9.69186e+06, 1.71051e+06, 0
1.07563e+07, 707561, 0
1.23004e+07, 4.39517e+06, 0
8.50523e+06, 1.29525e+06, 0
1.09223e+07, 4.07716e+06, 0
9.98221e+06, 3.48917e+06, 0
8.01027e+06, 1.24833e+06, 0
1.32228e+07, 4.33916e+06, 0
9.33298e+06, 1.66933e+06, 0
7.12187e+06, 261166, 0
8.59759e+06, 633904, 0
1.29375e+07, 3.99853e+06, 0
7.74064e+06, 758569, 0
9.70542e+06, 2.17681e+06, 0
7.60163e+06, 386077, 0
9.88662e+06, 2.2284e+06, 0
8.02295e+06, 1.08456e+06, 0
8.91036e+06, 2.0922e+06, 0
7.96523e+06, 2.12677e+06, 0
1.01783e+07, 3.0925e+06, 0
7.00052e+06, 1.06044e+06, 0
9.78457e+06, 2.11161e+06, 0
6.92806e+06, 1.06319e+06, 0
8.32834e+06, 845333, 0
9.12012e+06, 628805, 0
1.07734e+07, 2.01762e+06, 0
1.1212e+07, 4.07199e+06, 0
9.72989e+06, 1.41951e+06, 0
1.12164e+07, 3.27008e+06, 0
8.8396e+06, 951346, 0
1.12981e+07, 4.68481e+06, 0
9.43748e+06, 940641, 0
9.33681e+06, 2.2269e+06, 0
1.42026e+07, 3.33644e+06, 0
1.30913e+07, 1.8034e+06, 0
9.29446e+06, 3.77279e+06, 0
9.37006e+06, 2.17972e+06, 0
1.02776e+07, 3.55904e+06, 0
1.00632e+07, 3.35239e+06, 0
9.28776e+06, 683611, 0
1.3766e+07, 2.08952e+06, 0
9.20541e+06, 2.90482e+06, 0
1.13558e+07, 4.02575e+06, 0
8.7766e+06, 1.96748e+06, 0
9.62964e+06, 1.49138e+06, 0
1.39632e+07, 2.44882e+06, 0
8.69469e+06, 2.10994e+06, 0
1.12627e+07, 847814, 0
9.67373e+06, 1.75816e+06, 0
7.31652e+06, 1.7304e+06, 0
7.43172e+06, 646455, 0
8.38514e+06, 2.93991e+06, 0
8.90707e+06, 2.26278e+06, 0
8.55367e+06, 2.27328e+06, 0
8.81214e+06, 2.95322e+06, 0
7.24103e+06, 1.51051e+06, 0
9.55762e+06, 3.07603e+06, 0
8.82139e+06, 2.52543e+06, 0
8.03861e+06, 824886, 0
8.3119e+06, 2.49767e+06, 0
