103846, 36839.8, 0
57505, 39142.3, 0
123412, 52353, 0
190121, 96140.6, 0
165348, 21857.2, 0
103461, 53639.7, 0
70318, 20899.9, 0
96971.6, 32974.9, 0
71758.1, 33004.9, 0
38589.7, 25623.8, 0
117254, 84303.7, 0
131423, 29032, 0
82087.2, 51213.3, 0
64190.7, 39329.8, 0
105869, 63247.3, 0
92850, 32496.3, 0
47106.2, 26218, 0
89157.3, 58818.8, 0
64002.6, 36966.7, 0
76372.4, 31782.5, 0
154211, 47968.8, 0
165152, 104475, 0
87240.9, 51585.4, 0
129377, 56661.6, 0
161389, 9260.64, 0
111373, 10614.7, 0
110400, 28285.8, 0
116203, 79313.1, 0
113781, 55771.7, 0
157482, 105780, 0
56272.8, 39976.8, 0
173469, 70440.3, 0
194214, 138281, 0
81671.2, 39166.7, 0
133593, 92289.6, 0
71679.5, 26382.4, 0
74356.5, 12703.1, 0
59418.2, 22453.9, 0
144916, 33662, 0
55943.1, 20493.3, 0
141426, 29474.9, 0
115650, 48199.9, 0
113849, 35452.9, 0
84468.9, 60726.7, 0
49242.3, 34255.6, 0
87678.3, 36921.3, 0
86417.5, 44244.9, 0
58246, 39626.8, 0
108788, 70182.8, 0
109052, 54506.5, 0
81002.3, 29966.6, 0
120719, 27604.8, 0
70874.9, 50958.4, 0
41423.4, 24439.6, 0
38900.2, 17658.3, 0
61121.2, 43403, 0
122751, 67507.3, 0
141399, 55129.5, 0
113110, 81236.6, 0
73346.2, 30108.2, 0
42989.4, 14625.2, 0
105583, 57325.1, 0
152435, 50888.5, 0
118796, 71837.5, 0
121190, 62501.8, 0
113752, 34244.9, 0
89419.5, 32041.2, 0
84815.4, 20510, 0
103181, 68039.8, 0
144462, 47703.2, 0
135593, 92430.3, 0
73954.9, 16498.4, 0
51927.6, 27921.7, 0
140365, 16618.7, 0
54452.5, 5429.88, 0
59383.3, 3646.37, 0
101252, 51491.6, 0
140271, 88980.6, 0
113116, 16695.1, 0
105203, 32527.7, 0
41305.8, 26549.2, 0
73211.9, 35711.1, 0
211669, 74857.7, 0
105891, 58564.6, 0
56288.5, 34674.6, 0
74531.2, 23485.3, 0
43026.1, 19873.7, 0
195854, 71861.3, 0
38533.2, 14668.1, 0
129791, 49017.1, 0
46045.2, 30945, 0
197927, 118638, 0
55722, 26356.5, 0
29730.6, 12322.3, 0
268313, 114696, 0
56009.5, 29658.6, 0
119149, 36023.4, 0
45382.9, 16574.5, 0
116246, 42598.6, 0
157863, 94380.2, 0
140234, 62667.3, 0
73583.1, 9764.39, 0
146861, 85216.8, 0
124075, 68530.4, 0
153652, 106182, 0
157614, 113269, 0
89396.1, 32403.3, 0
37009.4, 23980.1, 0
130645, 63640.1, 0
112945, 38595.4, 0
139977, 91268, 0
46983.7, 20153.1, 0
169072, 113755, 0
75016.6, 47481.9, 0
83395.6, 22923.8, 0
59694, 38798.4, 0
34732.6, 9109.89, 0
134677, 96868.9, 0
120745, 85048.7, 0
119000, 69422.3, 0
105787, 54546.4, 0
178944, 28013.1, 0
189478, 108332, 0
91609, 18203.1, 0
158457, 81632.6, 0
104260, 24787, 0
50667.6, 28612.4, 0
179033, 47166.8, 0
188936, 116379, 0
93008.7, 66690.1, 0
114486, 73441.3, 0
52422.6, 32337.5, 0
84488.7, 56910.8, 0
148152, 62378.8, 0
128962, 59896.1, 0
122849, 36928.2, 0
81557.3, 15060.5, 0
59871.3, 37159.1, 0
54204.8, 23423.6, 0
60331.2, 20524.9, 0
175046, 54606.2, 0
118420, 77512.3, 0
72537.1, 46921.9, 0
35240.1, 5960.76, 0
85986, 48347.7, 0
76899.1, 45414.2, 0
107497, 25703.2, 0
40893, 28171.4, 0
148894, 15345.3, 0
80946.1, 16319.9, 0
85766.7, 30606, 0
80112.4, 26660.2, 0
147097, 82404.4, 0
84533.5, 35949.6, 0
68278.2, 14693.7, 0
54079.5, 28632.6, 0
151422, 58688.7, 0
41423, 29197.6, 0
157209, 58394, 0
118187, 76682.5, 0
157417, 90046.7, 0
57649.6, 31925.9, 0
86963.2, 34933.4, 0
171690, 114707, 0
55461.7, 39581.1, 0
165702, 103513, 0
92369.2, 60951.7, 0
45119.1, 11199.6, 0
176586, 67259.7, 0
107072, 53670.6, 0
96049.1, 49686.4, 0
150646, 76626.2, 0
217503, 95274.7, 0
103344, 57584.9, 0
161031, 84522.7, 0
184267, 25966.3, 0
102791, 62231.7, 0
100093, 61072.1, 0
248273, 99583.5, 0
181293, 113584, 0
154925, 102496, 0
118634, 21326.5, 0
101833, 67778.2, 0
151156, 79784, 0
147922, 86911.3, 0
74200.4, 42890.8, 0
110898, 60914.5, 0
127823, 45276.8, 0
80986.3, 40351.8, 0
83917.3, 18241.7, 0
69993.6, 48690, 0
108258, 49480, 0
16491.9, 11445.1, 0
83349.8, 50352.6, 0
99681.8, 41382.6, 0
13842, 7607.95, 0
109081, 48874.5, 0
139843, 62097.9, 0
42628.3, 25433.6, 0
90598, 53795.9, 0
145395, 37295.8, 0
100721, 30067.7, 0
87526.5, 36945.7, 0
195010, 78566, 0
83766.7, 29499.7, 0
38650.1, 23767.4, 0
77013.5, 21057.2, 0
115786, 12515.2, 0
28335.4, 6265.6, 0
169743, 102426, 0
56866.4, 13283.3, 0
91345.2, 61447.9, 0
105576, 9968.81, 0
100490, 25251.2, 0
122706, 61201.6, 0
59775.7, 38670.1, 0
48376.7, 32798.1, 0
204611, 35774.6, 0
88307.8, 15904.7, 0
90910.4, 63820.3, 0
117454, 26951.1, 0
93616.6, 32752.3, 0
170070, 104965, 0
130352, 39990.8, 0
90610.8, 50183.5, 0
135162, 27277.6, 0
45514.9, 21325.4, 0
159968, 71942.4, 0
194808, 72641.1, 0
126950, 78216.9, 0
113942, 54065.6, 0
87640.7, 49824, 0
63271.3, 19125.5, 0
79162.3, 28836.8, 0
63813.6, 10966.6, 0
71994.9, 47092.7, 0
40217.1, 19424.1, 0
179352, 35354.9, 0
97948, 27157.8, 0
167609, 49214.1, 0
77256.5, 42274.6, 0
96693.5, 67065.9, 0
98510.1, 54027.4, 0
40339.9, 28846.5, 0
143024, 62604.7, 0
100369, 47890.6, 0
134482, 80027.9, 0
95465.1, 45969, 0
130830, 26236.7, 0
101634, 62691.4, 0
81302.1, 52557.2, 0
141761, 28339.4, 0
239385, 63938.1, 0
72742.5, 33340.2, 0
115614, 74349.1, 0
89526, 38682, 0
130089, 41165.3, 0
138575, 78127.8, 0
91776.9, 40511.7, 0
67739.1, 46076.3, 0
101683, 42981.9, 0
140104, 59025.8, 0
86763.9, 33785.6, 0
202603, 84777.1, 0
20968.1, 2837.02, 0
179839, 120791, 0
34049.3, 21527.7, 0
64538.6, 18545.5, 0
102781, 30090.7, 0
96456, 59460, 0
120217, 23949.7, 0
93645.4, 34678, 0
56349.4, 18543.6, 0
170945, 50500.5, 0
86884.5, 58925.2, 0
113072, 36033.1, 0
189853, 129039, 0
158726, 47267.3, 0
55344.4, 10437.6, 0
127229, 38391.8, 0
91628.9, 37680.6, 0
77309.3, 8943.57, 0
85788.9, 53673.5, 0
198601, 59096.8, 0
94886.6, 45035, 0
60626.9, 11793.9, 0
107414, 56604.4, 0
72039, 51518.7, 0
110030, 70084.1, 0
203073, 15110.2, 0
128722, 57774.4, 0
143426, 75057.3, 0
76827.3, 48516, 0
60911.6, 18059.5, 0
134918, 76730.4, 0
53872.7, 26089.6, 0
77407.7, 50464.4, 0
191522, 86934.1, 0
33962.6, 13972.3, 0
85230.2, 54487.6, 0
50564.8, 29560.1, 0
50388.3, 33337.5, 0
38346, 24100.7, 0
20897, 6341.75, 0
121826, 65859, 0
120671, 59801.7, 0
48356.3, 16414.6, 0
117073, 34152.7, 0
138927, 55905.5, 0
109995, 30466.8, 0
80106.2, 50862.7, 0
188156, 125425, 0
58606.1, 33674.7, 0
64514.9, 19481.2, 0
83324.1, 47543.3, 0
77188.2, 37232.5, 0
106089, 53739.2, 0
49796, 33250.5, 0
24312.2, 6822.62, 0
142426, 79805.5, 0
175441, 97281, 0
103423, 22734.3, 0
90924.5, 51035.7, 0
60894.6, 40560.3, 0
172740, 2033.81, 0
132837, 20069.9, 0
54648.3, 38280.7, 0
120941, 27442.2, 0
94078.6, 41051.3, 0
168060, 115012, 0
194167, 105298, 0
109841, 71993.7, 0
100084, 47665.7, 0
104004, 31398.4, 0
74663.1, 11915.3, 0
87330.8, 44501.5, 0
89888.3, 53768.8, 0
34736.4, 23714.2, 0
73669.6, 27118.1, 0
136911, 57158.7, 0
148249, 76405.5, 0
82541.7, 26923.8, 0
181778, 24152.1, 0
131789, 45823.8, 0
139029, 43321, 0
88385.1, 58973.8, 0
146817, 10321.2, 0
141885, 91110, 0
69844, 14633, 0
71769.9, 25043.3, 0
75863.7, 49094.7, 0
100759, 52178.5, 0
31541.4, 19732.2, 0
71563.9, 31710.6, 0
69533.2, 35793.1, 0
217211, 19307, 0
63522.1, 28727.1, 0
164927, 54355.5, 0
43679.3, 25411, 0
95458.7, 57745.7, 0
35458.3, 16573.9, 0
88345.4, 29055.2, 0
66311.3, 36248.8, 0
99948, 47958, 0
103187, 67267.9, 0
111278, 73907.8, 0
126947, 38819.1, 0
119572, 32954.3, 0
107188, 70694.9, 0
74590.9, 41548.2, 0
81247.6, 21619.3, 0
63059.3, 15927.4, 0
46787.8, 3405.74, 0
129710, 52393.6, 0
49915.1, 17575.8, 0
81949.3, 50466.2, 0
108968, 37062.7, 0
165181, 113025, 0
117988, 79853.8, 0
56207.1, 29443.6, 0
64498.2, 22575.9, 0
48704.5, 31489.8, 0
196117, 96883.2, 0
116437, 55358.5, 0
141284, 76836, 0
69788.8, 31520.3, 0
28669.1, 18961.7, 0
97982.4, 68303, 0
33569.2, 18294.5, 0
135366, 59487.3, 0
74538.1, 22251.8, 0
128302, 85342.8, 0
40379.4, 7301.57, 0
107775, 14894.7, 0
67117.8, 42979.2, 0
162668, 81722.8, 0
172109, 116874, 0
61904.5, 41280.9, 0
80197.8, 43717.9, 0
169840, 113514, 0
28577.5, 19128.2, 0
59438.8, 40930.3, 0
172134, 38918, 0
155986, 51837.4, 0
151062, 67179, 0
90417.7, 42215.3, 0
48219.3, 17666.5, 0
68321, 46769.6, 0
144712, 85194.2, 0
26313.7, 7887.01, 0
142459, 53629.6, 0
101405, 20556.5, 0
147984, 72880.2, 0
43609.9, 28671.5, 0
99424.3, 41128.6, 0
118663, 26218.4, 0
185585, 76793.9, 0
76676.8, 24453.8, 0
113009, 46879.4, 0
45080.6, 21205.3, 0
147295, 28623.4, 0
94431.2, 66656.8, 0
65846.4, 46164.5, 0
82936.2, 29885.4, 0
112770, 49159.4, 0
109530, 46132.7, 0
84173.3, 45177.4, 0
135432, 6640.52, 0
39897.5, 21838, 0
109089, 2417.38, 0
37338.8, 17037.7, 0
88928.5, 50086.5, 0
32596.2, 6182.33, 0
130902, 30304.4, 0
39203.3, 20900.6, 0
86879.8, 59647.3, 0
133476, 47533, 0
93307.9, 49475, 0
138868, 99260.8, 0
80586.7, 43845.8, 0
39708.4, 28411, 0
74608.6, 49804.8, 0
123347, 42131.6, 0
67228, 28054.4, 0
80905.6, 20525.3, 0
113028, 53178.4, 0
138121, 51636.8, 0
101075, 66087.4, 0
93687.5, 64066.8, 0
150611, 65402.4, 0
70868.2, 16887.5, 0
90553.9, 27506.4, 0
88824.5, 48108.9, 0
133696, 18592.3, 0
116370, 37560.9, 0
157284, 15315.5, 0
183234, 112622, 0
42735.2, 16476.7, 0
104399, 71019.5, 0
103041, 11639.9, 0
190612, 84803.7, 0
82945.1, 13346, 0
47776, 32626.7, 0
167900, 87903, 0
50157.9, 17469, 0
160978, 100903, 0
78187.3, 26962.5, 0
126144, 36412.3, 0
88924.2, 36157.1, 0
153966, 18937.8, 0
39491.2, 16591.2, 0
111990, 19647.5, 0
100761, 25565, 0
137515, 62076.1, 0
86160.6, 11436.8, 0
130257, 67149.4, 0
113759, 80178.2, 0
23826.9, 10601, 0
143507, 91704.3, 0
122189, 64922.4, 0
84365.8, 14854.3, 0
128780, 87472.4, 0
122904, 76622.2, 0
97683.4, 33087.2, 0
155585, 57949.1, 0
40093.1, 21068, 0
244554, 158232, 0
86654.7, 34760.4, 0
136026, 88090.5, 0
102743, 49975.5, 0
57343.4, 37187.3, 0
142187, 90969.7, 0
94621.9, 52663.7, 0
63087.4, 7202.48, 0
118674, 76897.4, 0
48019.1, 29460.2, 0
186134, 58617, 0
84605.6, 53694.1, 0
178092, 34306.7, 0
186601, 30293.9, 0
86141.2, 22659.3, 0
76119.7, 15101.9, 0
90663.5, 19245.3, 0
68650.5, 24618.3, 0
93756.7, 62110.3, 0
222382, 56660.9, 0
79128.3, 35989.1, 0
99116.2, 64660.2, 0
126242, 73254.3, 0
106842, 9867.81, 0
89446.1, 34093.9, 0
40384, 13343.3, 0
134779, 50206.4, 0
119253, 63081.1, 0
72101.2, 23944.9, 0
40109.1, 25422.3, 0
144464, 59181, 0
190962, 31851, 0
57443.3, 21659.5, 0
77882.6, 49105.3, 0
225467, 26286.2, 0
77486.5, 32418.1, 0
108321, 38886.1, 0
100136, 52110.7, 0
186771, 73342.3, 0
66272.9, 47022.4, 0
89543.8, 48942.6, 0
98572.2, 28146.1, 0
76146.4, 48492.5, 0
75140.4, 32860, 0
134560, 96430.6, 0
112101, 58041.5, 0
166549, 68706.8, 0
106068, 70869.3, 0
90805.2, 34467, 0
87756.5, 13820.3, 0
139309, 91517.4, 0
145611, 29879.7, 0
98823.8, 47998.4, 0
33336.4, 13738.1, 0
96479.3, 68853.3, 0
86933.8, 62045.5, 0
152826, 3437.16, 0
101783, 18066.5, 0
131902, 57949.3, 0
154138, 56876.2, 0
115491, 56708.7, 0
115227, 64153, 0
117971, 26538.2, 0
63637, 33765.5, 0
150867, 84215.9, 0
32851.2, 18739.9, 0
123205, 70507.7, 0
118278, 55118.7, 0
107503, 11528.9, 0
72490.3, 42240, 0
44615.6, 30348.5, 0
129186, 6189.04, 0
74568.7, 44321, 0
118344, 51760.6, 0
203603, 111649, 0
109085, 40219.6, 0
96003.5, 66007, 0
138683, 62093.4, 0
153556, 106411, 0
93436.5, 46614.9, 0
65832.5, 12657.5, 0
132147, 53185.6, 0
88174.5, 38605.2, 0
160337, 82577.1, 0
135955, 75693.8, 0
136851, 47473.6, 0
111517, 59729.9, 0
92599, 56016.3, 0
78068.9, 34566.8, 0
20964.1, 10889.2, 0
105447, 52683.5, 0
59321.7, 38164.2, 0
74581.9, 45258.6, 0
40261.1, 20615.8, 0
46205.6, 13748.5, 0
115275, 45193, 0
117433, 40506.7, 0
39687.1, 20448.7, 0
86464.3, 14780.8, 0
98803, 35728, 0
182292, 73886.5, 0
102015, 40757.8, 0
89894.6, 18873, 0
191874, 92908.6, 0
100693, 9273.76, 0
248023, 52224.4, 0
137986, 93050.1, 0
38204.1, 10002.2, 0
83512.9, 53576, 0
137701, 75538.9, 0
83362.4, 31819.6, 0
122734, 69178.1, 0
67200.1, 33969, 0
64444.2, 22678.6, 0
88901.7, 52084.2, 0
114884, 14415.4, 0
38526.4, 3141.15, 0
114175, 54336.7, 0
11087.8, 6631.22, 0
158278, 76038.2, 0
107008, 52133.1, 0
212267, 86954.4, 0
60247, 31384.9, 0
191098, 103560, 0
58743.2, 21294.2, 0
63062.2, 37811.8, 0
83124.8, 47031.1, 0
95168.9, 35683.4, 0
58204.2, 36941.2, 0
148206, 103944, 0
57395.7, 11056.1, 0
50791, 25603.5, 0
117635, 75877.9, 0
146907, 78215.7, 0
75964.1, 16641.5, 0
152688, 32195.9, 0
92389.5, 40112.2, 0
62671.4, 23218.6, 0
135109, 73964.1, 0
79032.5, 27292.7, 0
206819, 42170.9, 0
156040, 32541.7, 0
90204, 49349.9, 0
167860, 19414.5, 0
164139, 118149, 0
123774, 18451.4, 0
83108.1, 58144.2, 0
60738, 35203.4, 0
123555, 14755.2, 0
98961.6, 68158.4, 0
39159.2, 12646.8, 0
97102.1, 30182.5, 0
82095.9, 30050.8, 0
61885.1, 30990.3, 0
151054, 54755, 0
98986.8, 69057.3, 0
79443.4, 56991.1, 0
77701.9, 28378.3, 0
144746, 72006.9, 0
59181.3, 32647.6, 0
84439.1, 31612.5, 0
42282.3, 13372.6, 0
136209, 54097.2, 0
23719.6, 9433.81, 0
51231.7, 23296.3, 0
119221, 43711.5, 0
178522, 54290.8, 0
86326.4, 57792.3, 0
18576.2, 11338.2, 0
85562, 42927.9, 0
149344, 72088.5, 0
103558, 18409.8, 0
101038, 36067.6, 0
79581.2, 38161.6, 0
250196, 76512.5, 0
50157.1, 34795.6, 0
73064.8, 11949.8, 0
92932.3, 39008.7, 0
141467, 101536, 0
127877, 81867.1, 0
94262.1, 46477.5, 0
115396, 82132.6, 0
132170, 8496.09, 0
215887, 23470.3, 0
300987, 66327.9, 0
207271, 24636.8, 0
115291, 49838.2, 0
77126.7, 38153.7, 0
156436, 86937.1, 0
113243, 70693, 0
83223.8, 17263.2, 0
190149, 52057.3, 0
36456.3, 20113, 0
134726, 80791.2, 0
124112, 88329.5, 0
141163, 35388.1, 0
101517, 32790.3, 0
46522.3, 23683.6, 0
79905.1, 44519.5, 0
71939, 27239.9, 0
95990.5, 48938.6, 0
124044, 76678.8, 0
59013.7, 9356.84, 0
104380, 22945.7, 0
85738.2, 32812.5, 0
113876, 23800.5, 0
113630, 61491.9, 0
63557.2, 28573.2, 0
56123, 24163, 0
170389, 92619.7, 0
159331, 50121.4, 0
77236.6, 18804.4, 0
196530, 128069, 0
72211.5, 36253.2, 0
68570.3, 28266.7, 0
173336, 102341, 0
154773, 51468.9, 0
68877.9, 14954.5, 0
106390, 44874, 0
100435, 46865.2, 0
116430, 28838.6, 0
37256.3, 19790, 0
210912, 31371, 0
110325, 67452.3, 0
135160, 43392.7, 0
124504, 60621, 0
131807, 41646.6, 0
109221, 52668.4, 0
82406.6, 50877.2, 0
109533, 64192.2, 0
141359, 83011.3, 0
64450.3, 32036.9, 0
82963.4, 47705.1, 0
212282, 98669.4, 0
183658, 36899.6, 0
40082.3, 14224.3, 0
79550.2, 51308.7, 0
255390, 12488.6, 0
98566.5, 26783.5, 0
168164, 90001.3, 0
86962.9, 40008.1, 0
48362.6, 29923.8, 0
63523.1, 34532.3, 0
57474.1, 11344.3, 0
82604, 23210.8, 0
61327.3, 33137.5, 0
90817.6, 55586.5, 0
93053.7, 41531.4, 0
63868.4, 44436.9, 0
145855, 60093.7, 0
160131, 73033, 0
157110, 60883.8, 0
58711, 25227.7, 0
179043, 89894.9, 0
141943, 95790, 0
113098, 73516.3, 0
96819.3, 35168.9, 0
46116, 27498.1, 0
114644, 73238.8, 0
142942, 60793.3, 0
42126.1, 20436.6, 0
131046, 65008.9, 0
43524.7, 28808.8, 0
178803, 125689, 0
56013.8, 15590.4, 0
144496, 87593.6, 0
72087.6, 49184, 0
202200, 90110.7, 0
76721.7, 43101.7, 0
103785, 30796.3, 0
26620.8, 8337.67, 0
154442, 35515.7, 0
81165.5, 44501.5, 0
186766, 133069, 0
134120, 22123.2, 0
218252, 28101.9, 0
87422.1, 21660.2, 0
180413, 118389, 0
92401.8, 37814.8, 0
146341, 29151.4, 0
93766.7, 51808, 0
56661.5, 22016, 0
147370, 42512.6, 0
65834.7, 33515.3, 0
80365.9, 53928.7, 0
99206, 36718.6, 0
134410, 80944.6, 0
122357, 42316.3, 0
90637, 26300.6, 0
70443.4, 29232, 0
144535, 31775.5, 0
156876, 101260, 0
82590.8, 38912.3, 0
78840.8, 36475.3, 0
48091.4, 32377.3, 0
87302.5, 59935, 0
98083.9, 16763.8, 0
146248, 46652.7, 0
160725, 25887.2, 0
83263.8, 23444.7, 0
107870, 27875.3, 0
63871.3, 45502.9, 0
107202, 36238.3, 0
73176.5, 40473.5, 0
144370, 60748.3, 0
100130, 51582.5, 0
47056.3, 20935.8, 0
98143.3, 31942.8, 0
165951, 26005.1, 0
31363.5, 15364.4, 0
130961, 89585.3, 0
111810, 39687.6, 0
110815, 50439.7, 0
171368, 54249.7, 0
128603, 17058.6, 0
85738.8, 43697.2, 0
80830.1, 49719.3, 0
121668, 61633.8, 0
101436, 31093.9, 0
145553, 85221.4, 0
123558, 30780, 0
89942.3, 59525.5, 0
91359, 58753.5, 0
84642.5, 58491.7, 0
157391, 31361.5, 0
154781, 62519.2, 0
83464.5, 49556.3, 0
95101, 56599.5, 0
84344.2, 56823.5, 0
124087, 56993.9, 0
27168, 17544.8, 0
204176, 88476.4, 0
159244, 92905.1, 0
145473, 59892.2, 0
168181, 65499, 0
136667, 47992.7, 0
59479.4, 34593.2, 0
111519, 40152.6, 0
95445.2, 58870.7, 0
71970.8, 44295.7, 0
92603.1, 46307.4, 0
96148.4, 30760.8, 0
13936.8, 2839.64, 0
100692, 42651.2, 0
159744, 97993.4, 0
136677, 83050.4, 0
101563, 25604.9, 0
177727, 69247.7, 0
86545.4, 20109.7, 0
21661.8, 6583.34, 0
160893, 93936.1, 0
77704.4, 55766.5, 0
32327.1, 12358, 0
184765, 29181.2, 0
163288, 26218.1, 0
165577, 32586.4, 0
117644, 47844.9, 0
255894, 119421, 0
26284.9, 15394, 0
131376, 87109.1, 0
48226.6, 30678.9, 0
107695, 40929, 0
136530, 52205, 0
92964.3, 34916.4, 0
273892, 109398, 0
132347, 69559.4, 0
103774, 59353.8, 0
86359.5, 24222.6, 0
94749.7, 55462.2, 0
67874.5, 10797.9, 0
173163, 18687.8, 0
86764.5, 16938.5, 0
53965, 28768.1, 0
126566, 45564, 0
77422.1, 55327.1, 0
78989.9, 36062.8, 0
26302.4, 13518.1, 0
90487.1, 10376, 0
73895.1, 15102.1, 0
77915.8, 52411.4, 0
188110, 47517.7, 0
97741.8, 60911.8, 0
98594.9, 23758.8, 0
90695.5, 32218.5, 0
176088, 93818.2, 0
91106.3, 57246.2, 0
139079, 28372.7, 0
145955, 70250.3, 0
127921, 44945.2, 0
115238, 68780.1, 0
157172, 104833, 0
182561, 27661.7, 0
76547.6, 39659.6, 0
69981.1, 45981.6, 0
14264.9, 5158.25, 0
76316.7, 43609.9, 0
105663, 60914.1, 0
84782.8, 58615.5, 0
139756, 51126.2, 0
85474, 50945.8, 0
109540, 20264.1, 0
151531, 93979.6, 0
50370.2, 24799.3, 0
71654.9, 24553.4, 0
88772.4, 29197, 0
78061.4, 48056.2, 0
146892, 97828.6, 0
157224, 99021.5, 0
61655.5, 40887.5, 0
175288, 55395.6, 0
121190, 58560.5, 0
82655.4, 10410.1, 0
245250, 166661, 0
136570, 84495, 0
184547, 114161, 0
129010, 38391.5, 0
104952, 33975.3, 0
148789, 72301.1, 0
109328, 74515.2, 0
49804.9, 9988.17, 0
71548.6, 29350.5, 0
60782.7, 17288.7, 0
183940, 23632.8, 0
84390.7, 44308.4, 0
145730, 35569.3, 0
151616, 56933.9, 0
18786.5, 7255.22, 0
96393.9, 49094.8, 0
42102.5, 17364.8, 0
121039, 29437.1, 0
104723, 37567.8, 0
22284.3, 12606.5, 0
129249, 80964.3, 0
110383, 52713.4, 0
74958.6, 25584.5, 0
28028.9, 14532, 0
69661.6, 5915.39, 0
139385, 92949.3, 0
99425.9, 35352.6, 0
85138.5, 47039.2, 0
156385, 18339.2, 0
88388.9, 30868.7, 0
109389, 66533.3, 0
55477.7, 27951.2, 0
102299, 63782.2, 0
75094.3, 23840.1, 0
125687, 82553.1, 0
46175.5, 31272.3, 0
81669.6, 40041.3, 0
82823.9, 55189.2, 0
143020, 86679.9, 0
196224, 71666, 0
185698, 91370, 0
85392.5, 60988.5, 0
128616, 78186.1, 0
57505.3, 30490, 0
105311, 56992.6, 0
125246, 71253.3, 0
58640.1, 29601.2, 0
87368.5, 55772.4, 0
64098.5, 35308.6, 0
126174, 86438.4, 0
106524, 61534.7, 0
79017.8, 26191.4, 0
158540, 45268.7, 0
99661.4, 50725.9, 0
134786, 42988.5, 0
91420.4, 57560.2, 0
70157.9, 47678.5, 0
25553.4, 15102.4, 0
237797, 132943, 0
68968.5, 42496, 0
125188, 52177.5, 0
104104, 40441.7, 0
151587, 63093.1, 0
71197.8, 43631, 0
159388, 93634, 0
214546, 49715.2, 0
28273.3, 10025.1, 0
63498.3, 41946.8, 0
186622, 104481, 0
102853, 25179.9, 0
124032, 60279.4, 0
74958.3, 33713.6, 0
141666, 88909.6, 0
117240, 80675.9, 0
67511.9, 44474.9, 0
41102.5, 26204.4, 0
99679.2, 35037.5, 0
99287.8, 57333.7, 0
54840.6, 16907.8, 0
118677, 48029.3, 0
191951, 56707.8, 0
139885, 66259.9, 0
39679.4, 19628.6, 0
193669, 72992, 0
82032.3, 45283, 0
137674, 38115.3, 0
68342.8, 41339.6, 0
71097.9, 50727, 0
105186, 72250.9, 0
95789.9, 50121.9, 0
110294, 22893.7, 0
145708, 86564.7, 0
148925, 30827.9, 0
67334.6, 24534.6, 0
161135, 48779.4, 0
188393, 132918, 0
138726, 62674.8, 0
143804, 25009.4, 0
61517.2, 5203.33, 0
56410.8, 30352, 0
89856.2, 37044.5, 0
73614.4, 46035.8, 0
68095.1, 25497.9, 0
138781, 80270, 0
142224, 70758.6, 0
96996.5, 46445.2, 0
105380, 62123, 0
68837.9, 29712.8, 0
40128.9, 22700.8, 0
135197, 23225.9, 0
74206.4, 33466.2, 0
80890.3, 34328.9, 0
113913, 19632.4, 0
94329.6, 41475.8, 0
85969.4, 39294.5, 0
130561, 72448, 0
58764.6, 41206.5, 0
114189, 82077.9, 0
183628, 81718.8, 0
242687, 70908.6, 0
129349, 46510.6, 0
182868, 122834, 0
149608, 67261.5, 0
24002.1, 3282.86, 0
77840.2, 52584.3, 0
77715.2, 30255.6, 0
176865, 100525, 0
119177, 64220.4, 0
111068, 54344.6, 0
70177.8, 25094.4, 0
235238, 101545, 0
98665.9, 68237.9, 0
75540.6, 38840, 0
124144, 80648.6, 0
63614, 34741.7, 0
160709, 62084.6, 0
99934.5, 21832.5, 0
26827.8, 17103.1, 0
134780, 63919.6, 0
133265, 29986.7, 0
99691.7, 42894.7, 0
89434.6, 62291.7, 0
15006.6, 3842.91, 0
144235, 50385.8, 0
78816.3, 55429.2, 0
90335, 58308.3, 0
134663, 25232.1, 0
62157.4, 32805.5, 0
67308.5, 15718.6, 0
81235.8, 57395.3, 0
106437, 60112.6, 0
52170.4, 34498.5, 0
95046.7, 14590.1, 0
54458.4, 12260.5, 0
54055.9, 33495.9, 0
79487.3, 54123.2, 0
247761, 99564.9, 0
133129, 55821.7, 0
76694.3, 22210.3, 0
107283, 67808.1, 0
85085.5, 60801.4, 0
28461, 10961.2, 0
80774.3, 56066.8, 0
131186, 31464.4, 0
87726.7, 47713.8, 0
80594, 33563.1, 0
62075.1, 23100.7, 0
76290.9, 21062.6, 0
32003.9, 21956.9, 0
138933, 51758.8, 0
109977, 14121.8, 0
307538, 108295, 0
68249.4, 32993.9, 0
126698, 62682.1, 0
14656.7, 1169.61, 0
58569.7, 33921.1, 0
179852, 55125, 0
63112.8, 21886.9, 0
24044.7, 15841.9, 0
190527, 63402.8, 0
100334, 36936.5, 0
124280, 77641.5, 0
80788.5, 53059.1, 0
68121.5, 42412, 0
171182, 18939.9, 0
79939.8, 35861.3, 0
98746.6, 56564.9, 0
214055, 120990, 0
94664.3, 13504.8, 0
53742.4, 21481.9, 0
38966.1, 27036, 0
168618, 54043.4, 0
170009, 102446, 0
117150, 17278.7, 0
55791.3, 9131.04, 0
97100.3, 47959.2, 0
81561.3, 42739.6, 0
143537, 65968.8, 0
142277, 67182.6, 0
41929.4, 20866, 0
128016, 61631.9, 0
170545, 61455.4, 0
117488, 71371, 0
30993.5, 18184.5, 0
91934, 52092.2, 0
144213, 101176, 0
94267, 62376.5, 0
136468, 44077.1, 0
153127, 80960.7, 0
158860, 95413.6, 0
108471, 32587, 0
41937.6, 18955.5, 0
206014, 88662.2, 0
49573.7, 32357.8, 0
80517.5, 54441.9, 0
79955.8, 31084, 0
82055.8, 39679.7, 0
251619, 79504.4, 0
254519, 117350, 0
52854.6, 22573.1, 0
24264.8, 16896.1, 0
111245, 27415.2, 0
118821, 81498.1, 0
197182, 50957.3, 0
77813.1, 52541.9, 0
48165.4, 29154.6, 0
109496, 27200.9, 0
75910.2, 35884.4, 0
137081, 83931.9, 0
127395, 27695.1, 0
221333, 67639.8, 0
123927, 45952, 0
100455, 39357.6, 0
163060, 71033.6, 0
51754.4, 33493.2, 0
82729.3, 35322.3, 0
126213, 90817, 0
78820, 15576.1, 0
16564.1, 5328.44, 0
48292.9, 15282.1, 0
114857, 81614, 0
77538.1, 37162.7, 0
70732.8, 29320.7, 0
81247.2, 36764.2, 0
54996, 15946, 0
69072.8, 8576.86, 0
51443.7, 36399.4, 0
78260.3, 50438.5, 0
142064, 101022, 0
62560.1, 37313.8, 0
69189, 31046.5, 0
99050.1, 24485.7, 0
211782, 90291, 0
132398, 20719.4, 0
58176, 27435.6, 0
107549, 42796.4, 0
95304.1, 41157.5, 0
82132.3, 54969.7, 0
237609, 94928.6, 0
58382, 33599.4, 0
99537.7, 57124.4, 0
53708.5, 8694.81, 0
210595, 68215.6, 0
77875.8, 43498.4, 0
108457, 27678, 0
127877, 2828.44, 0
124354, 67232.7, 0
122189, 54807.2, 0
145796, 22312.7, 0
154299, 78104.4, 0
107284, 69690.6, 0
148092, 76673.1, 0
81960.5, 50545.1, 0
145907, 69659.3, 0
112688, 42866.2, 0
51813.3, 30377.7, 0
77719, 39549.5, 0
113208, 43422.4, 0
73545.5, 52121.9, 0
117933, 65847, 0
108353, 39329, 0
108645, 65008.1, 0
60140.8, 31438.5, 0
165594, 100454, 0
78732.7, 2658.21, 0
94446.6, 39732, 0
169362, 121222, 0
212468, 131234, 0
115951, 78739.9, 0
200790, 67018.7, 0
75501.2, 27507.4, 0
126899, 56773.5, 0
201932, 137931, 0
102578, 38078, 0
51036.2, 36613.1, 0
181408, 110904, 0
121034, 68830, 0
84535.2, 27914.4, 0
21567.9, 8990.39, 0
47468.8, 11809.4, 0
155439, 87027.2, 0
128997, 58824.9, 0
143482, 69476.9, 0
173964, 65361.3, 0
97934.6, 42344.3, 0
83603.7, 24995, 0
119620, 86027.5, 0
67597.7, 32840.8, 0
112883, 70067.3, 0
18534.1, 8731.07, 0
108996, 32626.4, 0
109928, 55544.2, 0
95562.8, 35853.1, 0
66036.2, 20234.7, 0
82267.6, 26452.7, 0
115865, 53623.9, 0
63024.1, 37465.9, 0
42854.1, 13367.1, 0
45899.5, 18507.1, 0
98321.6, 42858.5, 0
131419, 94092.8, 0
55011, 12725.9, 0
123838, 71190.1, 0
194735, 66031.4, 0
128546, 74652.5, 0
68030, 33256.2, 0
107500, 41978.6, 0
163218, 83507.4, 0
110444, 34844.1, 0
113972, 45214.1, 0
55724.1, 39425.5, 0
56782, 35410.4, 0
143977, 46469, 0
154327, 44127.7, 0
129582, 48709.1, 0
71185.3, 28226.5, 0
104893, 67812.3, 0
71148, 16150.3, 0
36871.6, 6091.79, 0
107275, 54864.1, 0
59867, 20670.6, 0
34389.9, 20323.2, 0
65776.7, 36227.9, 0
53272, 12600.9, 0
158035, 94819.4, 0
160308, 88048, 0
164767, 94234.3, 0
121581, 63793.2, 0
85904.9, 45722.8, 0
192201, 8992.67, 0
183314, 29713.2, 0
25086.6, 16778.3, 0
119453, 84846.2, 0
65169.4, 36882.6, 0
85334.4, 47419.5, 0
66262.3, 13522, 0
45293.1, 8871.56, 0
128247, 72936.6, 0
88969.6, 15829.3, 0
103776, 39611.9, 0
59145.7, 41784.5, 0
34981.9, 24246.5, 0
74839.4, 28229.2, 0
126698, 47228.8, 0
121490, 33597.8, 0
66652.1, 27007.8, 0
111765, 57148.3, 0
151057, 27239.7, 0
160262, 48350.8, 0
168573, 108823, 0
79525.5, 42826.2, 0
116102, 21004, 0
115380, 59626.5, 0
60616.3, 31552, 0
106044, 71098.5, 0
124791, 51085.3, 0
143777, 38868.2, 0
40707.6, 20458.8, 0
127872, 57450.8, 0
34810.4, 23632.6, 0
152631, 75750.1, 0
78022.4, 50490.6, 0
76497.8, 21293.2, 0
53685.3, 25871.4, 0
62699.9, 34409.3, 0
33423.9, 13774.4, 0
32284.3, 20491.9, 0
136390, 29468.3, 0
144325, 29022.2, 0
67600.2, 45461.4, 0
62478.2, 30801.6, 0
62810.8, 39310.4, 0
135037, 28759, 0
158153, 52210.2, 0
166228, 56531.9, 0
88341.5, 27014.4, 0
119841, 82994.8, 0
119775, 53541.8, 0
13653.2, 4392.6, 0
146121, 10997.9, 0
44631.9, 3871.7, 0
129532, 89719.2, 0
30992.9, 17192.7, 0
63398.4, 33437.1, 0
151396, 84625.6, 0
84579, 18171.8, 0
235611, 54598.7, 0
177886, 23900.9, 0
127665, 85604.1, 0
72635.1, 36968.5, 0
187492, 20469.9, 0
133107, 70791, 0
181835, 105343, 0
104910, 68017.8, 0
146563, 73014.2, 0
83127.7, 44549.3, 0
144003, 64802.2, 0
121691, 77213.2, 0
87028.1, 26643.7, 0
74100.7, 40094.9, 0
131435, 28182.8, 0
45312.8, 32227, 0
202186, 91154.1, 0
149905, 52715.9, 0
63171.1, 27240.2, 0
152233, 64324, 0
135733, 62509.1, 0
147466, 66708.6, 0
102720, 21259.5, 0
136245, 23302, 0
55373, 27985.1, 0
245395, 39618, 0
60222.5, 5827.35, 0
80260.8, 47733.3, 0
200294, 118264, 0
160938, 104404, 0
66164.3, 25117.7, 0
100695, 19678.5, 0
112738, 68439.9, 0
94615.5, 39645.5, 0
76428, 13809.1, 0
32791.8, 9872.22, 0
64415, 44307, 0
232014, 107762, 0
168760, 72613.3, 0
136920, 57057.5, 0
193806, 88565.8, 0
150003, 18954.3, 0
129720, 69972, 0
197034, 39553.6, 0
180025, 73422.1, 0
129080, 73698.5, 0
125125, 7119.19, 0
82317.7, 34290.6, 0
99221.4, 50112.2, 0
186120, 58943.6, 0
71217.1, 34384.3, 0
219161, 84102.1, 0
203078, 42843, 0
108488, 74597.3, 0
20628.2, 13377, 0
156947, 40164.6, 0
156819, 91840.7, 0
50215.3, 27634.2, 0
53836.3, 20580.1, 0
109290, 64236.8, 0
118821, 67249, 0
71209.3, 38725.4, 0
64937.6, 39985.5, 0
67930.9, 27463.5, 0
21171.9, 9046.45, 0
80707.9, 35147.2, 0
33095.7, 18893.7, 0
138288, 65141.3, 0
119147, 55828.5, 0
73492.6, 48154.1, 0
106703, 19290.3, 0
109716, 60340.8, 0
93590, 20557.4, 0
68506.1, 46684.9, 0
68068.5, 38144.2, 0
38781, 20632.7, 0
282984, 75925, 0
125981, 37990.7, 0
201057, 43530, 0
134458, 93646.8, 0
95360, 61021.4, 0
168959, 114862, 0
115208, 44742.9, 0
173617, 69213.3, 0
136137, 27867.1, 0
109769, 17929.3, 0
83390, 56400.7, 0
79557.4, 49952.8, 0
111339, 15732, 0
170855, 122437, 0
44283.8, 19246.9, 0
106677, 58348.8, 0
48138.4, 24367.6, 0
27911.5, 18434.1, 0
127882, 6576.65, 0
81810.4, 56069.2, 0
69113.7, 31530.5, 0
115519, 30632.3, 0
138563, 44970.4, 0
34154.7, 19357.2, 0
136086, 43810.8, 0
104659, 11486.2, 0
189570, 85909.5, 0
52935, 37347, 0
16650.5, 1200.78, 0
97651.5, 22839.7, 0
120564, 59745.6, 0
245100, 103777, 0
72179, 37421.6, 0
151565, 55626.8, 0
88504.7, 45801.9, 0
72859.9, 2404.71, 0
48088.7, 27955.3, 0
130357, 16748.3, 0
92757.6, 21274.8, 0
133139, 35472.5, 0
88304.7, 5339, 0
66084.2, 42726.3, 0
43220.6, 16095.4, 0
103128, 72724.1, 0
62568.5, 38899.5, 0
87280.9, 60517.1, 0
57995.5, 29978.9, 0
65654.1, 46760.8, 0
61540.5, 17241.6, 0
39716.7, 22216.3, 0
102015, 45042.7, 0
98820.8, 15186.8, 0
95006.6, 11157.7, 0
224805, 22166.5, 0
144927, 30374.3, 0
126423, 77265.2, 0
130596, 79773.9, 0
72484.5, 42562.9, 0
106570, 30342.9, 0
119912, 27953.3, 0
70217.5, 4472.14, 0
77772.8, 19587.9, 0
125644, 43589.5, 0
65331.7, 17341.4, 0
175202, 9789.23, 0
181193, 81869.4, 0
169119, 88146, 0
114192, 37216.9, 0
115374, 21553.8, 0
134772, 81040.3, 0
76473.7, 27210.8, 0
109594, 28451.9, 0
70083.7, 46343.9, 0
120234, 85569.9, 0
90238.3, 43283.6, 0
76265.8, 34224.8, 0
191830, 57062.8, 0
57496.1, 20545.4, 0
69499.7, 45279.2, 0
213454, 83715.4, 0
61057.6, 40701.4, 0
77307.4, 34792.9, 0
175250, 34803.2, 0
137602, 86148.4, 0
60810.3, 32194, 0
41605.8, 17384.8, 0
157822, 75529.6, 0
113161, 77972.6, 0
95582.9, 53893.6, 0
151956, 91173.8, 0
132588, 83437.3, 0
76389.5, 45000, 0
110306, 38626.9, 0
117739, 27507.6, 0
74771.4, 37207, 0
136951, 46730, 0
80826.4, 43147.9, 0
112667, 56221.6, 0
92312.2, 64211.1, 0
89904.8, 29916.9, 0
65375, 45225.8, 0
121149, 69791.6, 0
30252.7, 19832.8, 0
172292, 66026.9, 0
129990, 73399.3, 0
38035.9, 22591.8, 0
85029.7, 28433.4, 0
69480.8, 27044.7, 0
94322.3, 54719, 0
186588, 20788.6, 0
162655, 31075.1, 0
96634.6, 53466.7, 0
114442, 69993.8, 0
55243.2, 30639.1, 0
103673, 52657.6, 0
80271.1, 47708.2, 0
66456.6, 47064.9, 0
189702, 43499.9, 0
57277.6, 35278.4, 0
37342.8, 14311.9, 0
96665.2, 51559, 0
211418, 65547.8, 0
99720.2, 39856, 0
144532, 100800, 0
102281, 52381.6, 0
128519, 65809.9, 0
80594.6, 57334.9, 0
147251, 70100.7, 0
116055, 83430.7, 0
68869.6, 21276.1, 0
88486, 49520.4, 0
95937.8, 58185.2, 0
107393, 61686.3, 0
96646.4, 28508.6, 0
32389.9, 14593.9, 0
165493, 93414.4, 0
204078, 49004.6, 0
46831, 31258.3, 0
101913, 43708.8, 0
27724, 13800.5, 0
139835, 78631, 0
60161.5, 34203.5, 0
120634, 50933.6, 0
216776, 139667, 0
136794, 77860.7, 0
56924.5, 32710.7, 0
86300, 45666.8, 0
137753, 64131.2, 0
160863, 49664.5, 0
156995, 106823, 0
151650, 52346.4, 0
65974.9, 18685.6, 0
161252, 114771, 0
107519, 36976.3, 0
69103.8, 45119.2, 0
69022.1, 32424.7, 0
129433, 77348.9, 0
148934, 58411, 0
164988, 91620.7, 0
38438.4, 23304.1, 0
154027, 66212.9, 0
135361, 21675.9, 0
115806, 80801.1, 0
113279, 32976.7, 0
78743, 40756, 0
206070, 74011.5, 0
99715.2, 595.18, 0
129300, 56922.7, 0
100980, 60158.4, 0
105670, 63581, 0
205383, 90333.1, 0
50763.1, 31407.8, 0
154050, 2571.12, 0
61944.9, 34455.6, 0
85210.9, 59296.3, 0
122963, 42573.2, 0
101976, 53046.8, 0
72992.2, 49466.3, 0
37891.6, 14886.7, 0
103924, 31158.6, 0
120361, 69099.2, 0
96605.8, 41519.7, 0
83930, 55159.3, 0
126806, 48749.5, 0
94098.4, 53479.8, 0
68439, 28560.7, 0
125438, 83148.4, 0
101983, 62066.6, 0
131426, 49572.2, 0
48568.9, 25224.8, 0
112805, 65760.8, 0
65754.7, 38035.7, 0
256996, 104541, 0
49434.4, 27777.7, 0
98708.8, 69649.7, 0
61824.7, 30485.6, 0
192977, 125032, 0
71266.7, 39741, 0
66143.7, 35051.1, 0
183362, 93606.5, 0
99807.7, 36260.6, 0
65358.7, 46615.1, 0
120685, 60959.2, 0
89750, 19144.8, 0
93517.7, 25889.2, 0
42340.7, 15361.6, 0
85893, 18341, 0
87436.4, 47692.2, 0
113297, 80352.1, 0
126400, 83648.5, 0
46685, 14935.9, 0
227075, 52915.2, 0
77242.4, 49632.6, 0
84406.2, 40078.1, 0
59538.8, 40380.2, 0
105800, 20847.8, 0
91305.1, 27515.8, 0
109761, 55439.5, 0
48514.9, 34075.1, 0
181443, 71594.6, 0
88690.7, 36257.1, 0
137892, 27452.7, 0
101655, 54086.6, 0
86632.7, 28047.5, 0
18186.6, 3577.4, 0
69597.9, 8859.85, 0
133407, 77001.9, 0
121385, 60420.7, 0
119695, 82974.5, 0
16729.2, 7230.18, 0
98296.7, 68827.6, 0
110497, 64447.1, 0
120087, 60789.9, 0
96300.7, 59421.5, 0
139032, 41994.2, 0
120205, 71504.4, 0
60072.1, 35491.4, 0
101360, 51795.6, 0
155495, 71077.3, 0
118135, 73382.3, 0
68882.6, 19458.1, 0
127353, 70372, 0
111708, 70223.8, 0
88071, 48520.1, 0
101656, 47677, 0
64009.6, 8723.67, 0
128093, 36138.4, 0
55085.1, 22266.5, 0
115363, 79601.9, 0
126625, 72148, 0
159894, 105820, 0
57748.5, 24438.8, 0
152291, 70745.3, 0
46582.5, 15944.6, 0
102681, 70825.4, 0
55171.3, 38857.5, 0
152913, 92168.7, 0
105650, 72690.1, 0
90608.8, 57364, 0
101569, 66445.8, 0
89325.2, 12378, 0
139640, 18065.4, 0
195110, 118036, 0
93808.9, 50925.9, 0
97880.8, 68152.4, 0
114190, 15039.6, 0
79030.4, 29922.1, 0
95070.6, 27199.6, 0
254345, 97828.1, 0
92691.7, 33090.2, 0
94117.6, 30890.6, 0
83923.2, 30745.3, 0
89047.6, 41427.7, 0
231681, 117496, 0
102691, 31600.3, 0
84343.4, 54077.3, 0
115346, 73622.4, 0
116179, 59020.6, 0
117919, 68547.6, 0
79887.1, 45421.8, 0
47274.1, 27126.4, 0
136460, 13450.6, 0
127842, 46730.2, 0
41039.8, 16331.6, 0
101852, 40214.7, 0
91464.2, 3407.43, 0
139327, 80657.8, 0
84105, 45752.3, 0
89480.9, 53263.5, 0
129185, 16901.9, 0
83437.6, 56638.6, 0
192757, 73775.9, 0
86144.5, 11968.4, 0
123421, 30795.2, 0
203384, 52643.4, 0
170285, 71225.7, 0
172969, 73405.8, 0
131910, 56085.9, 0
151098, 77231.3, 0
54242.8, 13120.5, 0
38139.8, 10605.3, 0
79762.7, 55103.3, 0
107168, 40941.8, 0
61206.9, 25195.9, 0
84659.1, 16986.7, 0
54421.1, 10294.8, 0
120754, 73278.3, 0
114360, 70837, 0
90995.6, 6272.5, 0
133467, 89630.2, 0
47102.3, 23667.4, 0
65934.4, 44741.6, 0
27009.5, 7751.12, 0
89095, 51366.3, 0
83633.4, 26931.6, 0
183398, 58550, 0
95320.4, 39404.6, 0
208468, 134539, 0
76476.1, 38790, 0
149038, 11372.3, 0
181321, 105120, 0
90106.1, 43935.2, 0
91111.1, 30620.4, 0
147536, 46191.8, 0
113238, 13664.2, 0
173263, 53754.6, 0
114001, 51470.2, 0
150184, 39190.1, 0
86563.3, 53950.3, 0
155306, 97682.3, 0
82589.1, 47391.4, 0
88417.7, 26038.6, 0
139264, 59964.5, 0
103410, 44046.2, 0
186800, 16673.8, 0
120290, 81013.4, 0
71504.6, 43096.8, 0
84247.4, 27905.5, 0
130357, 66020.4, 0
135417, 74883.7, 0
18831.7, 12371.8, 0
121003, 35313.4, 0
165941, 73576.9, 0
115152, 61246.7, 0
72584.7, 37867.7, 0
74995.7, 25483.1, 0
80926.9, 46896.5, 0
171185, 102631, 0
108290, 75042.8, 0
103730, 31597.4, 0
166053, 21959.7, 0
54367.8, 26542.8, 0
137384, 94123.4, 0
127522, 86846.1, 0
54995.7, 37741.3, 0
121701, 61644.9, 0
188219, 47854.7, 0
169057, 79342.6, 0
255868, 121638, 0
49844, 28665.5, 0
133377, 44831.8, 0
104947, 39535.1, 0
66851.8, 47005.7, 0
154063, 53660.5, 0
128592, 77607.1, 0
54642.2, 27461.3, 0
93092.9, 35790.7, 0
69404.5, 41832.5, 0
104467, 50124.4, 0
80746.2, 10476.8, 0
117523, 51665.8, 0
136324, 41194.4, 0
82293.8, 37424.3, 0
67080.7, 30657.3, 0
103053, 67385.6, 0
49087.7, 27439.7, 0
101785, 71462.3, 0
86896.4, 49984.1, 0
79743.9, 48406.5, 0
88455.8, 54275.9, 0
74567.5, 45721.5, 0
63331.1, 39237.3, 0
144847, 102052, 0
23548, 12748.9, 0
136580, 75449.2, 0
75440.5, 30170.7, 0
160536, 101228, 0
64684.1, 40607.3, 0
126745, 73209.1, 0
82246.4, 36033.2, 0
51359.3, 29352.5, 0
138870, 59233.5, 0
76993.6, 31767.3, 0
88005.4, 46240.7, 0
148447, 20820.2, 0
50441.9, 36105, 0
96886.8, 61165.5, 0
85561, 56367, 0
101095, 42359.4, 0
39216.5, 25836.8, 0
132463, 84756, 0
97805.6, 52276.4, 0
252646, 108284, 0
107654, 26291, 0
57820.2, 38195.3, 0
114194, 79367.1, 0
94813.6, 40216.6, 0
126939, 89829.2, 0
123360, 56913.1, 0
67693.1, 7286.02, 0
124374, 58559, 0
37521.9, 23714.8, 0
170379, 101527, 0
32055.3, 20336.6, 0
190256, 96707.9, 0
88290.8, 59210.9, 0
83462.4, 22193.3, 0
138642, 74569, 0
125188, 65053.8, 0
65634.8, 30421, 0
89624.2, 55003, 0
106659, 38968.8, 0
117171, 46433, 0
65738.4, 5522.36, 0
172582, 110523, 0
44026.7, 28351.2, 0
86018.1, 21403.3, 0
46048.3, 27482.3, 0
94023.8, 17713.8, 0
181909, 55711, 0
40817.8, 21151.2, 0
278144, 130142, 0
130328, 83442.6, 0
212471, 49122.3, 0
140201, 81300.7, 0
40510.1, 12518.9, 0
65978.4, 27989.3, 0
131579, 66954.4, 0
146797, 53133.7, 0
114480, 79100.6, 0
80453.3, 18372.2, 0
85399.7, 3532.88, 0
89662.6, 17699.5, 0
151689, 65522.6, 0
146959, 34276.2, 0
120543, 22936.9, 0
64893.2, 44478.4, 0
125363, 45781.4, 0
198799, 86594.7, 0
47097.2, 29748.8, 0
109906, 52469.8, 0
153839, 94104, 0
168839, 19941.4, 0
54775.2, 35420.6, 0
96688, 22020.3, 0
126008, 90413.4, 0
26235.3, 10492.6, 0
94635.3, 64022.9, 0
89178.5, 55951.4, 0
116194, 61766.9, 0
102270, 66512.7, 0
62905.2, 38480.8, 0
104252, 62683.1, 0
95963.3, 66396.8, 0
94052.7, 48235.5, 0
162977, 86241.4, 0
144871, 81454.1, 0
84785.4, 3985.32, 0
140269, 33774.3, 0
97281.8, 50748.4, 0
45817.2, 31070.6, 0
53806.4, 19852.9, 0
93272.6, 39512.3, 0
126673, 21687.6, 0
97602.7, 35861.4, 0
63335.6, 24133.9, 0
98314, 32042.8, 0
71427.1, 47655.1, 0
14993.6, 8575.12, 0
235967, 97244.8, 0
77402.3, 23095.8, 0
63798.3, 24714.8, 0
77460.9, 47595.9, 0
194791, 75197.9, 0
137699, 86665, 0
119109, 47727, 0
102822, 53995.3, 0
118454, 78652.8, 0
163195, 98357.4, 0
110400, 36353.8, 0
92752.2, 61434.8, 0
95015.1, 36182.6, 0
124251, 48907, 0
141144, 53726.3, 0
120968, 64430.8, 0
36632.5, 13431.3, 0
186042, 57559.6, 0
105593, 62785.1, 0
109065, 52867.1, 0
88905.3, 45773.8, 0
89606.7, 7265.42, 0
154307, 86083.9, 0
108561, 57453.4, 0
144918, 52075.1, 0
137096, 96328.1, 0
209069, 98470.9, 0
148907, 70995.6, 0
73740.5, 9309.46, 0
110932, 70247.2, 0
108237, 55574.9, 0
92662.2, 28795.3, 0
77618.3, 38334, 0
167826, 39229.8, 0
117269, 76235.6, 0
148406, 67081, 0
163484, 48167.3, 0
145402, 100033, 0
123543, 75678.9, 0
194480, 124300, 0
163874, 42475.2, 0
86739.1, 2125.99, 0
213258, 109165, 0
165836, 53534.6, 0
144216, 88978.8, 0
126744, 40251.9, 0
132571, 42638.6, 0
110846, 69164, 0
162536, 71405.2, 0
152085, 40000.3, 0
74786.9, 38540.8, 0
107431, 29183.1, 0
68548.1, 37016.8, 0
125308, 11852.8, 0
119519, 13695.5, 0
56906.7, 28914.9, 0
74347, 4444.37, 0
72874.2, 45511, 0
91250.2, 50052.9, 0
59034.4, 23098.4, 0
90862.3, 45543.7, 0
101655, 67910.2, 0
108346, 35275.3, 0
199915, 122165, 0
136114, 65832.8, 0
151101, 64753.2, 0
120328, 37632.6, 0
86864.9, 8652.72, 0
60369, 16022.4, 0
140878, 12996.5, 0
158975, 102335, 0
111831, 46076.5, 0
78544.3, 53614.2, 0
57284, 30789.5, 0
176551, 23863.3, 0
89521.5, 51420.7, 0
200565, 116670, 0
48899.7, 25844.8, 0
116049, 63111, 0
202357, 86007.2, 0
25099.7, 16290.9, 0
107280, 27423.7, 0
138161, 86321.6, 0
135001, 36034, 0
205159, 83094.8, 0
130732, 91183.7, 0
44550.9, 2014.58, 0
52187.5, 36058.9, 0
99723.6, 35901.6, 0
165614, 50426.6, 0
190270, 87386.5, 0
106421, 59732.6, 0
136136, 21350.7, 0
96489.8, 63606.3, 0
72108.3, 43101.9, 0
21408.6, 9595.39, 0
145406, 51683.7, 0
159692, 63796.3, 0
25580.2, 10998.9, 0
140794, 39588.3, 0
40632.5, 26735.7, 0
136140, 79594, 0
157004, 49199.5, 0
133416, 60570.4, 0
75187.6, 36695, 0
115667, 49598.9, 0
119754, 53103.4, 0
84328.6, 30418.5, 0
50159.6, 34041.2, 0
124006, 31644.6, 0
96478.6, 34761.6, 0
64331, 38578.4, 0
198377, 86976, 0
102316, 61232.1, 0
193144, 82909.7, 0
150596, 96656.4, 0
65560.7, 31833.2, 0
119392, 31814.7, 0
108837, 44643, 0
185855, 84131.2, 0
130983, 52007.4, 0
102791, 61507.3, 0
85405, 38554.9, 0
64677.4, 11180.7, 0
80347.2, 32780.3, 0
71993.9, 37087, 0
169035, 90161.6, 0
53156.5, 36501.3, 0
88700.7, 57418.6, 0
94262.4, 41729.5, 0
166208, 52513.9, 0
108501, 45069.7, 0
137851, 77297.9, 0
76075.2, 44537, 0
127258, 22079, 0
118374, 4653.33, 0
83514.9, 50162, 0
78795.7, 14980.9, 0
208658, 51785.3, 0
40997.3, 17061.5, 0
85638.1, 55843.4, 0
123316, 9041.74, 0
94328.1, 54102.3, 0
104687, 24149.6, 0
190881, 16741.7, 0
54354.6, 14085.3, 0
89950.9, 18833, 0
119410, 59455.7, 0
119093, 78183.7, 0
182226, 38913.1, 0
145927, 38999.8, 0
108306, 30237.8, 0
59373.6, 15447.9, 0
120009, 26880.1, 0
130801, 79851.5, 0
153045, 77579.7, 0
96592.2, 30200.3, 0
59323.9, 15183.3, 0
60741.5, 39229, 0
77466.3, 13322.5, 0
159718, 33144.6, 0
116650, 70442, 0
79286, 19367.8, 0
153493, 44222, 0
186099, 71127.4, 0
177103, 81063.5, 0
135658, 60337.7, 0
60365.7, 31230.2, 0
49908.4, 23737.7, 0
146805, 20807.7, 0
108546, 59578.3, 0
107338, 66721.5, 0
168935, 8311.73, 0
106264, 65015.1, 0
154998, 20757.6, 0
83179.9, 51065.1, 0
70776, 5539.62, 0
154091, 39379.6, 0
116336, 63794.7, 0
75898.5, 24522.6, 0
197679, 110261, 0
120149, 32688.9, 0
88801, 42218.6, 0
176756, 77490.5, 0
145662, 53056.5, 0
177751, 63452.7, 0
94757.9, 38794, 0
114587, 33755.4, 0
197564, 53463.6, 0
273970, 12356.3, 0
187953, 58394.2, 0
105323, 64205.7, 0
212245, 90368.1, 0
74013.8, 52687.2, 0
127904, 68712.4, 0
115410, 60813.1, 0
108268, 38985.5, 0
115481, 44308.6, 0
122634, 52916.8, 0
56334.8, 27892, 0
215609, 110851, 0
136683, 63407.6, 0
136149, 15589.5, 0
69371.2, 38090.9, 0
139341, 86436.7, 0
72065.4, 44001.7, 0
167609, 43626.8, 0
86426, 25157.5, 0
112159, 31080.9, 0
154276, 16503.3, 0
112039, 67448.7, 0
122937, 49026.4, 0
105854, 52100.6, 0
137541, 39030.6, 0
156792, 100759, 0
81445.5, 20918, 0
100509, 18781.8, 0
124137, 73439.9, 0
128563, 40409.2, 0
117230, 44336.7, 0
35273.8, 18781.4, 0
130708, 84003.9, 0
91924.8, 49767.8, 0
56551.1, 27900, 0
113896, 73734.6, 0
181113, 79784.8, 0
54403.5, 36580.7, 0
84791, 32825.9, 0
71859.3, 42872.4, 0
140511, 77287.5, 0
54027, 36711.5, 0
73907.5, 42367.5, 0
87021.2, 42876.4, 0
170029, 115925, 0
114795, 49284.7, 0
60314.5, 33477.1, 0
124387, 55024.4, 0
120881, 65143.2, 0
112710, 61776.9, 0
99776.1, 64744.2, 0
60895.7, 38787.7, 0
110355, 34260.8, 0
199811, 97351.3, 0
66559.4, 32902.4, 0
171947, 6049.97, 0
101206, 20408.8, 0
90333.5, 48980.3, 0
53799, 12787.1, 0
25225.3, 10206.1, 0
29686.6, 15893.2, 0
119537, 73159.7, 0
80796.5, 19377, 0
185659, 49341.8, 0
150531, 16229.1, 0
111813, 31724.4, 0
302676, 77416.6, 0
138640, 27454.2, 0
18390.3, 13238, 0
65251.8, 17581.9, 0
145828, 99010.5, 0
66733.7, 32492.6, 0
158104, 73991, 0
119252, 72864.8, 0
102477, 19001.9, 0
197312, 39249.6, 0
151049, 82124.2, 0
129857, 61343.4, 0
49889.1, 30971.8, 0
97325.3, 44838.7, 0
140656, 50693.5, 0
177665, 89731.4, 0
102992, 38263.6, 0
117507, 47758.9, 0
109917, 21513.1, 0
201366, 106255, 0
91117.6, 21383.5, 0
56165.1, 27323.6, 0
161605, 48663.8, 0
81008.6, 50767.2, 0
116199, 82329.7, 0
78426, 12572.4, 0
117200, 75192.1, 0
95203.8, 49605.6, 0
74060.2, 21635.5, 0
94834.9, 64893.5, 0
221707, 20174.8, 0
169475, 48155.6, 0
55693.4, 9808.66, 0
103945, 68975.3, 0
113597, 23934.1, 0
122908, 51057.3, 0
145292, 71864.8, 0
116128, 61119.3, 0
235772, 112937, 0
115022, 68626.7, 0
179357, 66315.8, 0
126824, 37637.2, 0
186151, 109144, 0
79770.2, 22062.4, 0
53130.8, 34155.8, 0
39737.5, 20044.2, 0
94206.9, 22337.8, 0
117215, 39718, 0
35365.9, 22439.8, 0
65101.4, 24892.4, 0
124023, 51154.2, 0
93280.3, 61565.1, 0
32092.4, 16577, 0
111314, 21750, 0
136691, 78400.4, 0
139943, 99217, 0
130607, 68136.5, 0
44180.2, 24766.3, 0
105060, 64683, 0
16242.2, 9620.53, 0
102642, 71245.9, 0
124331, 76684.4, 0
149741, 50044.7, 0
111323, 55799.4, 0
126613, 60151.8, 0
118557, 12378.2, 0
63267.1, 6414.45, 0
69437.4, 41678.8, 0
100807, 62027.3, 0
201057, 21913.9, 0
140638, 37654.3, 0
51121.3, 13760.6, 0
91530.1, 28042.2, 0
92043.5, 21971.9, 0
88337.3, 14263.4, 0
63706.8, 34998.7, 0
55148.3, 18853.9, 0
193560, 65331.3, 0
152798, 90072.2, 0
207150, 133212, 0
126890, 81102.4, 0
83806.4, 38735.5, 0
141989, 70947.2, 0
183514, 119907, 0
142467, 91060.2, 0
122949, 87439.4, 0
90476.7, 19302.2, 0
36989.2, 17430.3, 0
23043.8, 8632.32, 0
94683, 62242.8, 0
121039, 35992.3, 0
62084.7, 27682.6, 0
93236, 62294.9, 0
100157, 53067.1, 0
116674, 72821.1, 0
114168, 43060.4, 0
128641, 45264.2, 0
169855, 90922.5, 0
47256.7, 12950.8, 0
104637, 18183.4, 0
129018, 75672.7, 0
129008, 2151.16, 0
41100.8, 15632.5, 0
195921, 59354.6, 0
62064.1, 7456.61, 0
51813.3, 23286.6, 0
60444.4, 13472.2, 0
145805, 93956.5, 0
85376.8, 50622.4, 0
122521, 37301.5, 0
82958, 26652.4, 0
134288, 50584.7, 0
93565.1, 56177.8, 0
90828.6, 45816.6, 0
197426, 109234, 0
128796, 69551, 0
141136, 60451.6, 0
65366, 31647.2, 0
12019.6, 5930.13, 0
62200.8, 43011.7, 0
149662, 37144.9, 0
109079, 56079.8, 0
105464, 30699.6, 0
131308, 72721.5, 0
157566, 111223, 0
73066.9, 37590.3, 0
93825.2, 37078.9, 0
166234, 62527.1, 0
135980, 79881.3, 0
12488.6, 1522.43, 0
73724.7, 27878.8, 0
114545, 54938.4, 0
99907, 14832.8, 0
82014.3, 26835.3, 0
110943, 39551.8, 0
83418.1, 40753.3, 0
57505.7, 32959.4, 0
70542.6, 43881.2, 0
243687, 148895, 0
201411, 70277, 0
112867, 57977.8, 0
130289, 92696.3, 0
173529, 95184.2, 0
48322.1, 18439.4, 0
90525.3, 29373.6, 0
150109, 41992.6, 0
138847, 76151.3, 0
30818.4, 6678.01, 0
129293, 53137.2, 0
75066.3, 33978.3, 0
172317, 105954, 0
158586, 45867, 0
87340.8, 39949, 0
112904, 23042.5, 0
63148.1, 27672.2, 0
91937.3, 59079.7, 0
65006.8, 37469.8, 0
83647.6, 52037.3, 0
102723, 66085.7, 0
68230.6, 27247.7, 0
155126, 63756, 0
145828, 103324, 0
131356, 62773.2, 0
30548, 15410.5, 0
86228.7, 10121.1, 0
88479.3, 58010.9, 0
108586, 58378.2, 0
77393.6, 50416.2, 0
73454, 47024.4, 0
177660, 83623.2, 0
55905.5, 8593.25, 0
154662, 75440.6, 0
102441, 40473, 0
94583.9, 65563, 0
148515, 58865.8, 0
87888.3, 10652.7, 0
117221, 63104.8, 0
43498.5, 22703.1, 0
65827.6, 23014.7, 0
109602, 76247.2, 0
81088.6, 46691.2, 0
194500, 27552.8, 0
136680, 48259.2, 0
133863, 74319.7, 0
92471.6, 50970.7, 0
188578, 23078.3, 0
17634.1, 5910.14, 0
163309, 70911.3, 0
59593.7, 26527.5, 0
138553, 60790.2, 0
175377, 101602, 0
155813, 84753.3, 0
63554.1, 27121, 0
96218.2, 59156.3, 0
112344, 65489.2, 0
110865, 42084.5, 0
70788.2, 46910.3, 0
94674.6, 42751.4, 0
91401.2, 52596.1, 0
37201.1, 22056.3, 0
102544, 46344.3, 0
170250, 117190, 0
160807, 104853, 0
83502.5, 37408.9, 0
122389, 31774.9, 0
124117, 59174.9, 0
43567.1, 12126.9, 0
82991.1, 49691.9, 0
98370.1, 65787.9, 0
74724.2, 28036.3, 0
110992, 49431.4, 0
35969, 15113.1, 0
104762, 63332.3, 0
86542.5, 42856.2, 0
55774.7, 31011, 0
109689, 75170.2, 0
102737, 27495.4, 0
91530.7, 62492.2, 0
77074.6, 22741.6, 0
71216.5, 50463.8, 0
160740, 27168.5, 0
123450, 48784.6, 0
170647, 36272.8, 0
249990, 93997.4, 0
96431.3, 26789, 0
95352.3, 30874.6, 0
80080.6, 47299.6, 0
75102.1, 47131.3, 0
116619, 80947, 0
122128, 42302.2, 0
60895.3, 22558, 0
46599.6, 10634.2, 0
84433, 35879.4, 0
128447, 54064.6, 0
88299, 36040.9, 0
81497.4, 57397.4, 0
170724, 21141.1, 0
29198.5, 18155.2, 0
33354.2, 5931.48, 0
20501.5, 4855.7, 0
40584, 27179.4, 0
129020, 25908.1, 0
117439, 19921, 0
47181.9, 23958.9, 0
82730.2, 48777.8, 0
61323.6, 41827.6, 0
94502.1, 60395.9, 0
162104, 110728, 0
120406, 35145.8, 0
185134, 73948.3, 0
43410.2, 30868.3, 0
139147, 15201.2, 0
75972.2, 40014.4, 0
123483, 52711.8, 0
117955, 52100.1, 0
163460, 86340.4, 0
95476.6, 66503.7, 0
90487.8, 57714.1, 0
149962, 12513.4, 0
51735.7, 15014.4, 0
126468, 37764.6, 0
94211.8, 17347.5, 0
200711, 77306.6, 0
219850, 151299, 0
141290, 87390.2, 0
176159, 107552, 0
196957, 85734.9, 0
132915, 73930.2, 0
59427.8, 20009.2, 0
104933, 31955.5, 0
70781.9, 39043.3, 0
135917, 38304.4, 0
75197.4, 44518, 0
72866.3, 16790.8, 0
96813.3, 11901.5, 0
81766.9, 28329.7, 0
56581.8, 25161.2, 0
129422, 28099, 0
107433, 62511.2, 0
135164, 68961.8, 0
150180, 68432.6, 0
59947.2, 33840.9, 0
107725, 14629.9, 0
78529.2, 53527.8, 0
134555, 94467.6, 0
39944.8, 20679.8, 0
139117, 80187.8, 0
72447.1, 23443.6, 0
165188, 70038.4, 0
128033, 50479.2, 0
114270, 13780.6, 0
80577.8, 49145.9, 0
155467, 65651.1, 0
77402.7, 54687.8, 0
121266, 76185.8, 0
104372, 40237.3, 0
170391, 96926.7, 0
101125, 35873.6, 0
115425, 30411.9, 0
155443, 106854, 0
101845, 62795.2, 0
105626, 60139.6, 0
220168, 87214.2, 0
70747.1, 41710.9, 0
83650.3, 38589.1, 0
47801.9, 24369.9, 0
64485.1, 34969.7, 0
85770.6, 52749.4, 0
22080, 6353.13, 0
149679, 82655.4, 0
104061, 25461.4, 0
152566, 12460.4, 0
96607.9, 23071.3, 0
146571, 80322.3, 0
87730.7, 18564.5, 0
74344.9, 23863.9, 0
60368.8, 19628.4, 0
92104, 51221.2, 0
21826.4, 6815.95, 0
79770.1, 54177.2, 0
74702.4, 31752.9, 0
58425.7, 6954.51, 0
75666.6, 45610, 0
42118.7, 8137.73, 0
184914, 24510.1, 0
122194, 52749.5, 0
123350, 49829, 0
190638, 134866, 0
48865.1, 27160.2, 0
119816, 68322.9, 0
69442.8, 35941.2, 0
163194, 77009, 0
178292, 25510.9, 0
40030, 22855.3, 0
98862.8, 24953.1, 0
118658, 62121.4, 0
60807.9, 37474.6, 0
73167.5, 32699.2, 0
41076.7, 9969.42, 0
117788, 51788, 0
193579, 20145.9, 0
59754.9, 10131.2, 0
81020.6, 43151.3, 0
92700.5, 48633.4, 0
99184.3, 48370.1, 0
128661, 40574.6, 0
90116.4, 46851.7, 0
86647, 57181.3, 0
76947.7, 51334.3, 0
159311, 45378.8, 0
153223, 38577.9, 0
130742, 26737.4, 0
63614.1, 17052.2, 0
13472.1, 1687.94, 0
108913, 53409.9, 0
14293.8, 10250.1, 0
90142.9, 45246.3, 0
176095, 71737.5, 0
116335, 61491, 0
167931, 9766.75, 0
61241.2, 27821.3, 0
167463, 97165.5, 0
78094.1, 34669.2, 0
27651.3, 18140.1, 0
142348, 97817.6, 0
187635, 115098, 0
64468.7, 7279.44, 0
201219, 103611, 0
128213, 50540.3, 0
161691, 72584.9, 0
72108.4, 26488.1, 0
78878.8, 40155.3, 0
132980, 55750.1, 0
115999, 72881.9, 0
51902.3, 17241.8, 0
209467, 69288.7, 0
85356.2, 58900.7, 0
95750.7, 62891, 0
96230, 13537.4, 0
194539, 87165.8, 0
120424, 6884.58, 0
49502.7, 34209, 0
154365, 79192.9, 0
172247, 59635.6, 0
90642.8, 59787.1, 0
94808.7, 65665.9, 0
143476, 26129.8, 0
196474, 119702, 0
92702.1, 38161.3, 0
123755, 52971, 0
158631, 36449.2, 0
98328.9, 2184.88, 0
208610, 43379.4, 0
84062.4, 44777.2, 0
140553, 97721.8, 0
125459, 61685.5, 0
74429.2, 49567.5, 0
125254, 21581.5, 0
131001, 37491.3, 0
130801, 62537.7, 0
70886, 43419.7, 0
166644, 75240.4, 0
43124, 2954.14, 0
68687.2, 25592.5, 0
70835.8, 13374.5, 0
45658, 20921.9, 0
124130, 81535.9, 0
191244, 131717, 0
74627, 39693.9, 0
137957, 63876.1, 0
48335.3, 19910.9, 0
168410, 100282, 0
129546, 86296.3, 0
72392.9, 44108, 0
118375, 24529.7, 0
258501, 84912.9, 0
47980.1, 27415, 0
22166.8, 12324.9, 0
54843.2, 14844.6, 0
52115.6, 21422.4, 0
125967, 85781.8, 0
82220.4, 45643.5, 0
233659, 63988.2, 0
97217.2, 56722.2, 0
75122, 44602.5, 0
41886.5, 14182.7, 0
196014, 57897, 0
101894, 61715.2, 0
92601.7, 65586.2, 0
121512, 35997.8, 0
47450.8, 30851.3, 0
113298, 72999.7, 0
140052, 35609.2, 0
171535, 30861.7, 0
106583, 21386.8, 0
34271.4, 22590.7, 0
85819.6, 50998.5, 0
134373, 79145, 0
186996, 103212, 0
147404, 19626.2, 0
165887, 4573.32, 0
128487, 75629.1, 0
87422.3, 26407.9, 0
66524.3, 23227.3, 0
129124, 90957.7, 0
81678.5, 14205.3, 0
100148, 43751, 0
138250, 66983.9, 0
89254.1, 49944.9, 0
92836.6, 53879, 0
65274.5, 38481.9, 0
75715.4, 50905.6, 0
135681, 52475.3, 0
84277.6, 43751.3, 0
156113, 102728, 0
37017.4, 24808.2, 0
142906, 72264.7, 0
121035, 35214.2, 0
164099, 65653.2, 0
80364.5, 16573.7, 0
90412, 58505.4, 0
219955, 134964, 0
145779, 55748.4, 0
102292, 17497.8, 0
63888.8, 36703.1, 0
167679, 83394.4, 0
181093, 81319.1, 0
147632, 98807.1, 0
54831.7, 37017.4, 0
71819.1, 45912.4, 0
96845, 20466.7, 0
108554, 3589.18, 0
74258.5, 14849, 0
194129, 44033.1, 0
168374, 65116.2, 0
195545, 111019, 0
128131, 51938.9, 0
132286, 63653.2, 0
89447.9, 51474.5, 0
154791, 62191.6, 0
103672, 70212.8, 0
133144, 71822.7, 0
224663, 83993.1, 0
80710.1, 42795.5, 0
94380.8, 45257.8, 0
96881.4, 50610.8, 0
51879.7, 30355.4, 0
99633.9, 9397.6, 0
151319, 61571.3, 0
152208, 84153.7, 0
126225, 75298.8, 0
217418, 99670.5, 0
124644, 37822.9, 0
53392.8, 10745.4, 0
23817.4, 8952.52, 0
44170.3, 26694.5, 0
90911.2, 29544.8, 0
100061, 52163.4, 0
46407.9, 21826.3, 0
125934, 20636.3, 0
123340, 54866.2, 0
51771.3, 35876.8, 0
87175.1, 36457, 0
131941, 73410.5, 0
114297, 34213.3, 0
119026, 63610.7, 0
176283, 97755.6, 0
114367, 34257, 0
123552, 71759.3, 0
57113.3, 40290.5, 0
139789, 84631.1, 0
80352.3, 23939.6, 0
137549, 92107.5, 0
182244, 112667, 0
159513, 22762.6, 0
87278.1, 49366.4, 0
84536.7, 56605.2, 0
76819.9, 45765.3, 0
77559.6, 30940.3, 0
123867, 42923.1, 0
73912.8, 37048, 0
133365, 82098, 0
100588, 44856, 0
132302, 45452.8, 0
89762.9, 55585.9, 0
184910, 118844, 0
48895.8, 18411.4, 0
96431.3, 18555.9, 0
93815.8, 49774.2, 0
74523.5, 22115, 0
199041, 53872.7, 0
77166.8, 10235.9, 0
130352, 85887.8, 0
42432, 15626.7, 0
89396.3, 48749.5, 0
204563, 139769, 0
132338, 56611.2, 0
92054.1, 55500, 0
139237, 98942.8, 0
201847, 48424.1, 0
91855, 27423.1, 0
139034, 85935.8, 0
99263.4, 39646.3, 0
74368.4, 44461.7, 0
105958, 72939.7, 0
92797.3, 55642, 0
113517, 78284.9, 0
98639.4, 63877, 0
56735.7, 33635.3, 0
55607.9, 22019.8, 0
153156, 45897.9, 0
94301.3, 13275.3, 0
158174, 68051.1, 0
40413.3, 16703.3, 0
158987, 96602.9, 0
81752.8, 46760.6, 0
114841, 64288.2, 0
61090.6, 42281.6, 0
187307, 69429.4, 0
158034, 62825.7, 0
67732.1, 46040.8, 0
110008, 30934.7, 0
125012, 47235.3, 0
105806, 42420.3, 0
70073, 33877.6, 0
80211, 38726.1, 0
145525, 46575.6, 0
81704.2, 48857.7, 0
142605, 90917.9, 0
110769, 65955.1, 0
178720, 13545.7, 0
87673, 54076.6, 0
129317, 6873.47, 0
76530.6, 40095.1, 0
63199.6, 26814, 0
53723.6, 10420.4, 0
61436.7, 42355.9, 0
103484, 16853.7, 0
63031, 44955.5, 0
139963, 6878.67, 0
101859, 73121.4, 0
102828, 32175.8, 0
115881, 53180.8, 0
74950.8, 30536.5, 0
78586.3, 19417.4, 0
111903, 13924.8, 0
70114, 41631.4, 0
40687.8, 17112.3, 0
29612.5, 6730.62, 0
115176, 71726.1, 0
89591.8, 43595.1, 0
88783.7, 13763.7, 0
238951, 129509, 0
114832, 79692.9, 0
151974, 95603.4, 0
81327.6, 57355, 0
88009.4, 50047.4, 0
122848, 60562.8, 0
213944, 44333.6, 0
86023.6, 51919.1, 0
128818, 33665.6, 0
67482.7, 20997.7, 0
79736.9, 13349.4, 0
128791, 75798.6, 0
144462, 51429.1, 0
87640.4, 38531, 0
95349, 36057.6, 0
91634.3, 13676.5, 0
118822, 23178.5, 0
79835.3, 27756.2, 0
31559.1, 12246.4, 0
110786, 53947.2, 0
139910, 87844.5, 0
162945, 100680, 0
102439, 70187.4, 0
80173, 25396.1, 0
72588.1, 40211.2, 0
129387, 62862.3, 0
131401, 66889.6, 0
108091, 33572.4, 0
100732, 34134.6, 0
91520.4, 32057.2, 0
119004, 56073.2, 0
47504.8, 23861.6, 0
52043.7, 31472.1, 0
116227, 28154.1, 0
159162, 87423.6, 0
120724, 60540.2, 0
153561, 101741, 0
61297.3, 43715.4, 0
157508, 76287.8, 0
145649, 83294.8, 0
138551, 15185.9, 0
84292.7, 51043.8, 0
79093, 48954.4, 0
67763.1, 40627.7, 0
137532, 73151.4, 0
49326.1, 34077.3, 0
93188.5, 53772.9, 0
162794, 81135.7, 0
62178.1, 18460, 0
147134, 33366.4, 0
70699.9, 32710.9, 0
175897, 106260, 0
69285.4, 37396.1, 0
54592.2, 31794, 0
36256.9, 23012.5, 0
76621.5, 21379.1, 0
203422, 130486, 0
78453.4, 36239.5, 0
129551, 84015.9, 0
112011, 61896.1, 0
78860, 36510.8, 0
115196, 66436.9, 0
96743.9, 53086, 0
93488, 54957.3, 0
80556, 53804.7, 0
161641, 37308.7, 0
101415, 7178.6, 0
163430, 64963.7, 0
90841.7, 41252.5, 0
149969, 56684.1, 0
155263, 62737.8, 0
53426.9, 12947.4, 0
92024.9, 41006.6, 0
83068.1, 56247, 0
120510, 81331.3, 0
80127.1, 15425.7, 0
109698, 77475.2, 0
69230.5, 19521.7, 0
26521.7, 17233.9, 0
92248.8, 53628, 0
51109.9, 20153, 0
99934.6, 59931.5, 0
135355, 92957.4, 0
156975, 95443, 0
77277.4, 20537.4, 0
167348, 78906.6, 0
98392.5, 50691.3, 0
87092.4, 43055.2, 0
102329, 54997.9, 0
137735, 61705, 0
46339.2, 8569.68, 0
150767, 87027.9, 0
144771, 95130.3, 0
48458.7, 26019, 0
149037, 51920.3, 0
138762, 97172.1, 0
114693, 39430.6, 0
106287, 60083.4, 0
104177, 17973, 0
143442, 39688.1, 0
152535, 29942.6, 0
74428.4, 44732.4, 0
197674, 80428.3, 0
152446, 108836, 0
67976.5, 19939.1, 0
72483.2, 41017.4, 0
92874.4, 58230.1, 0
57304.6, 41018.8, 0
167582, 51816, 0
192861, 5729.18, 0
128658, 72957.9, 0
86499.2, 55774.9, 0
63682.2, 16258.5, 0
55744.4, 37922, 0
49922.6, 24964.2, 0
206570, 69829.1, 0
208341, 137974, 0
85475.3, 53932.5, 0
45650.8, 31521.5, 0
5780.06, 3133.24, 0
159812, 112308, 0
189149, 121584, 0
161748, 110567, 0
73549, 43672.8, 0
140846, 24665, 0
74288.2, 23096, 0
137121, 28397.1, 0
80366.3, 50165.3, 0
170021, 14441.9, 0
76954.2, 25020, 0
161774, 20444.1, 0
43381.1, 20146.9, 0
110760, 23894.4, 0
174308, 24975.1, 0
254414, 85876, 0
27313.8, 16459.8, 0
187320, 82224.1, 0
146824, 48461.6, 0
95414, 38328, 0
75453, 49744.4, 0
54878.5, 19613.8, 0
115737, 55048.3, 0
128211, 75677.9, 0
140234, 55722.3, 0
43138.8, 21446.5, 0
99368.4, 57610.1, 0
78604.6, 45104.2, 0
79804.9, 56156.3, 0
148591, 80702.3, 0
133680, 54511.4, 0
152193, 47277.7, 0
144628, 91994.5, 0
111420, 39254.8, 0
74768.8, 4563.03, 0
30045.8, 19900.7, 0
171605, 89905.6, 0
85572.4, 28709.9, 0
186732, 23266.3, 0
92916.5, 18516.4, 0
70278.1, 41174.4, 0
112888, 38508.2, 0
81681.6, 35967, 0
140895, 35825.9, 0
65138.3, 32565.3, 0
208218, 107594, 0
40857, 14538.8, 0
175568, 36495.2, 0
120496, 81123.7, 0
69176.4, 40817, 0
86341.3, 17059.7, 0
60590, 21802.3, 0
103277, 22603.9, 0
32361.5, 13069.2, 0
84690.8, 29257.3, 0
148043, 71197.4, 0
142656, 90052.6, 0
43852.7, 27371.6, 0
89331.9, 58614.9, 0
149922, 98610.8, 0
59482.4, 38811.9, 0
96374.6, 21197.2, 0
175748, 40241.1, 0
150878, 65453.5, 0
81952.3, 32585.8, 0
87373.8, 51570.9, 0
144426, 87584.7, 0
89679.6, 35182.8, 0
70137.3, 27508.6, 0
150683, 73760.7, 0
85931, 54454, 0
159349, 87398.4, 0
68637.8, 41612.3, 0
108119, 17806.8, 0
83719, 45723.2, 0
83035.8, 54710.3, 0
98781.7, 56358.4, 0
133311, 56877.8, 0
140189, 43340.3, 0
116520, 55340.7, 0
52750.2, 17182, 0
118040, 64103.6, 0
33954.9, 7633.21, 0
177261, 29492.7, 0
21786.7, 8897.14, 0
55984.3, 37099.3, 0
52319, 36391.8, 0
66340.9, 22692, 0
194594, 97870.2, 0
129043, 77884.3, 0
136470, 37919.2, 0
87605.2, 57963.3, 0
115211, 48237.4, 0
117448, 64914, 0
44522.1, 20050.2, 0
116239, 14913.5, 0
125408, 89375.4, 0
64579.1, 27340.8, 0
159382, 101643, 0
148176, 98429.3, 0
116330, 59775.5, 0
78942.6, 52960.8, 0
85586.3, 54438.9, 0
65204.5, 34494.2, 0
170746, 42144.6, 0
70937.2, 44674.4, 0
55998.7, 31818.1, 0
122137, 73134, 0
58344.2, 15623.2, 0
71118.9, 40446, 0
42558.1, 28150.2, 0
99481.9, 44212, 0
102082, 56809.3, 0
124005, 82430.6, 0
58561.1, 28959.5, 0
89663.7, 64432.3, 0
85872.6, 36687.6, 0
91502, 38863.8, 0
93614, 38509.1, 0
103489, 72429.2, 0
140853, 33443.4, 0
97044.3, 61730.2, 0
19360.1, 6528.61, 0
111790, 50204.7, 0
109278, 76131.4, 0
119762, 71059.7, 0
109867, 65977.1, 0
20224.5, 6394.26, 0
139772, 58247.3, 0
182699, 95733.4, 0
85481.7, 54351.2, 0
64866, 30477.4, 0
107924, 76528.2, 0
104421, 24324.7, 0
124279, 79965.7, 0
132287, 32346.7, 0
97124.8, 55887.7, 0
92039.9, 57550.6, 0
107623, 44011.2, 0
123392, 47528.5, 0
45776.2, 26680.9, 0
164986, 117432, 0
93257.2, 13495.1, 0
91142.3, 54618.4, 0
83925.2, 19410.2, 0
110188, 43205.9, 0
141772, 17714, 0
134733, 91462.5, 0
84091.9, 57296.2, 0
138867, 25724.4, 0
46457.9, 18482.9, 0
92336.3, 45780.3, 0
155595, 74771.9, 0
116253, 55606, 0
110021, 54683, 0
37915.4, 21123.7, 0
109835, 70749.9, 0
142544, 61010.2, 0
130329, 60133.7, 0
143029, 49557.1, 0
32413.8, 17873.8, 0
111401, 79258.6, 0
50045.5, 14146.1, 0
90763.2, 65231.8, 0
101892, 67671, 0
164763, 54791.5, 0
115791, 53612.5, 0
45441.4, 23355.2, 0
188899, 127942, 0
163321, 25063.7, 0
154891, 10862.9, 0
88537.4, 43287.6, 0
146517, 64866.7, 0
118756, 32017.3, 0
96841.5, 58599.8, 0
69176.3, 5556.03, 0
49996.9, 4582, 0
82588.5, 34271.3, 0
182661, 35766.5, 0
186874, 56069.8, 0
99820.8, 69296.1, 0
130320, 74971.7, 0
129556, 50923.7, 0
135111, 19010.7, 0
136168, 70627.3, 0
70326.5, 30099.3, 0
158160, 67303.6, 0
51516.7, 31039.2, 0
116167, 38159.1, 0
89260.7, 30047.8, 0
81619.2, 20350.4, 0
69002.2, 33378.1, 0
59717.1, 26741.1, 0
117330, 67862, 0
137337, 88781.1, 0
198948, 7270.98, 0
172122, 94765.9, 0
127925, 24649.7, 0
115871, 54289.8, 0
73476.7, 45406.4, 0
113705, 56461.1, 0
45867, 31455.7, 0
37572.2, 20758.5, 0
143872, 49499.2, 0
105581, 40212.4, 0
141434, 67163.9, 0
143779, 70535.5, 0
84863.3, 58415.5, 0
120500, 72211.6, 0
77473.9, 17485.1, 0
81363.3, 48680.5, 0
174712, 119176, 0
138397, 36733.3, 0
51819.4, 10704.8, 0
156799, 54344.2, 0
171198, 96898.9, 0
98781, 35112.4, 0
96213.2, 31857.1, 0
67541.8, 44453.6, 0
94859.4, 46828.1, 0
84855, 59319, 0
74306.6, 13108.6, 0
128034, 72482, 0
110770, 47782.9, 0
50405.5, 36153.5, 0
72950.9, 26884.7, 0
110166, 46628.8, 0
69621.1, 45217.1, 0
130831, 79067.9, 0
100516, 57444.8, 0
44482.5, 31433, 0
89567.9, 53184.4, 0
38400.7, 19052.1, 0
62128.4, 40588.9, 0
97246.6, 36892.5, 0
59510.5, 25425.5, 0
93436.7, 19794, 0
59991.9, 17857.6, 0
115285, 61804.3, 0
49388.1, 28033.6, 0
85884.8, 37442.9, 0
141160, 26975.3, 0
104360, 14482.8, 0
151732, 25713.8, 0
104861, 64631, 0
86682.9, 34261.2, 0
88401.8, 41912.8, 0
163579, 64572.8, 0
173929, 119960, 0
53240.6, 31874, 0
115570, 20964.3, 0
123723, 45158.7, 0
137719, 59163, 0
157874, 27813.3, 0
122746, 79033.2, 0
49188.5, 2889.16, 0
109726, 65319, 0
183678, 33152.4, 0
182722, 102576, 0
109212, 27825.9, 0
149376, 100435, 0
141450, 28581.8, 0
116197, 57046.1, 0
117785, 58754.9, 0
63806, 11510.2, 0
57752.2, 19551, 0
207466, 144697, 0
131625, 47063.7, 0
118883, 33026.1, 0
123737, 63658.4, 0
147773, 26109.2, 0
159247, 42944.9, 0
94188.3, 67690.7, 0
210187, 82156.7, 0
113295, 29577.9, 0
98899.4, 39282.3, 0
73566.1, 21109.9, 0
84767.6, 27257.1, 0
125378, 57637, 0
117278, 25672.1, 0
52395.1, 29704.7, 0
100570, 61793.3, 0
100702, 57486.9, 0
75966.3, 48778.8, 0
129347, 87416.2, 0
23746.8, 12535.1, 0
75858.5, 31664.9, 0
85278.1, 58516.6, 0
54251.3, 28987.7, 0
109059, 38927.1, 0
93296.7, 21780.3, 0
152666, 77290.7, 0
210465, 139064, 0
78353.3, 10211, 0
121144, 36439.7, 0
181616, 57135.8, 0
100637, 70147.9, 0
117482, 47103, 0
42017.3, 29410.7, 0
134094, 86998.7, 0
157251, 110328, 0
120923, 46511.9, 0
124017, 77290.3, 0
166390, 100997, 0
117090, 75647.6, 0
123977, 73852.4, 0
35880, 17181.3, 0
133979, 12202.2, 0
42889.8, 10431.2, 0
139545, 72085.7, 0
35201.4, 22780.9, 0
120633, 27489.9, 0
136579, 72577.8, 0
84063.2, 11809, 0
81511.7, 29752.6, 0
50294.1, 14780.9, 0
81520.8, 23009.9, 0
173506, 72986.7, 0
95160.8, 48833.5, 0
99518.6, 59586.1, 0
175169, 89086, 0
90816.8, 22606.4, 0
93497.3, 64308.5, 0
206861, 72030.2, 0
202394, 93100.4, 0
55555.5, 33905, 0
158135, 37764.8, 0
115141, 47006, 0
138838, 88538.2, 0
65471.8, 27664.5, 0
84970, 19262.9, 0
29826.2, 17833.3, 0
200707, 78860.5, 0
150736, 99758.6, 0
109700, 37181.6, 0
53864.2, 31231.5, 0
157170, 57863.8, 0
164353, 29856.6, 0
109717, 47193.2, 0
89329.4, 28108.8, 0
152549, 75456.7, 0
162284, 15389.6, 0
55759.9, 33594.3, 0
164095, 55277, 0
150776, 41232.8, 0
114547, 6363.61, 0
102908, 30958.7, 0
103111, 27290.6, 0
116894, 33676.1, 0
123672, 67001.1, 0
37370.5, 19700.9, 0
50202.8, 4786.08, 0
111718, 64146.1, 0
77571.1, 39285.1, 0
166717, 30591, 0
74753.1, 10697.4, 0
184510, 69308.1, 0
145038, 87600.3, 0
110776, 41695.5, 0
87089.5, 61605.4, 0
158217, 104754, 0
117633, 51353.2, 0
98343.5, 36392.2, 0
139287, 50789.9, 0
132565, 51351.6, 0
139501, 76474.9, 0
76932, 45099.7, 0
116900, 31827.1, 0
121949, 68529.9, 0
63829.5, 20685.6, 0
52540.3, 16484.7, 0
75272, 33071.7, 0
71747.7, 47957.7, 0
98024.5, 53291.3, 0
154104, 105477, 0
33331.8, 14878.8, 0
87322.6, 33131.1, 0
156361, 35432.3, 0
99748.7, 67061.9, 0
137313, 38941.5, 0
139940, 90357.3, 0
72548.5, 45555.1, 0
97476.1, 23365.9, 0
121317, 67254.7, 0
107891, 15373.7, 0
42290.5, 21350.2, 0
165500, 61571.2, 0
72585.3, 43935.1, 0
142963, 90794.9, 0
86587.9, 41171.2, 0
96760.8, 54254.5, 0
119297, 68356.3, 0
68220.4, 26292.7, 0
185825, 89770.2, 0
126052, 74443.2, 0
235040, 80602.3, 0
87834.3, 35389.8, 0
122180, 64638, 0
118179, 27339, 0
178539, 103721, 0
212427, 59879.3, 0
144625, 82387, 0
108304, 45781.5, 0
91180.6, 26993.3, 0
128488, 25466, 0
100250, 50689.7, 0
155452, 109204, 0
52027.7, 34897.3, 0
123143, 48415.2, 0
202202, 104348, 0
105573, 36325.6, 0
105483, 70007.1, 0
113200, 28104.2, 0
36650, 13212.7, 0
150944, 41260.4, 0
150846, 69392.9, 0
76199.5, 15545, 0
46714.2, 26916.6, 0
139263, 89461.8, 0
109641, 33453.2, 0
121528, 11643.6, 0
127411, 76405.1, 0
138792, 89997.2, 0
145398, 60458.4, 0
151424, 54837.2, 0
131780, 55184.6, 0
105607, 21346.4, 0
47231.9, 13514.6, 0
175928, 41298.7, 0
70794.9, 38094.1, 0
136945, 65318.6, 0
137498, 40216.8, 0
233812, 138182, 0
100525, 46093.2, 0
118779, 29199.1, 0
42419.7, 24179.8, 0
135448, 78935.5, 0
119098, 15264.8, 0
107251, 65168.9, 0
82207.2, 19861, 0
67293.5, 21280.1, 0
148416, 15182.7, 0
65303.1, 36735.6, 0
121490, 44434, 0
141310, 45866.3, 0
111141, 8215.27, 0
26784.5, 9931.54, 0
71057.3, 51146, 0
91834.3, 60282.6, 0
103776, 39350.4, 0
50164.2, 30269, 0
69161.1, 34620.5, 0
42536.6, 28418, 0
91138.5, 40545.1, 0
115722, 66767.4, 0
165820, 47883.1, 0
151331, 46063.4, 0
94352.2, 25307.8, 0
133001, 49305.2, 0
85824.5, 57013.8, 0
54808.8, 33478.8, 0
43691.7, 27859.9, 0
103701, 28192.4, 0
52740.6, 25152.3, 0
80313.9, 31028, 0
141805, 49693.7, 0
156933, 80364.6, 0
73731.3, 27938.1, 0
143809, 22948.7, 0
229417, 145909, 0
160437, 82647.5, 0
81619.5, 57335.7, 0
92876.5, 35248.5, 0
127141, 31826.6, 0
103638, 46630.9, 0
88711, 37434.3, 0
82855.7, 39402, 0
106576, 32710, 0
128324, 39274.3, 0
89123.3, 23897.3, 0
53653.9, 2722.43, 0
72377, 27790.9, 0
149991, 48046.9, 0
138402, 60940.3, 0
89656, 56168.2, 0
117330, 24935.2, 0
89044.9, 26659.8, 0
83284.2, 46014.2, 0
72566, 13880.5, 0
134997, 45263.7, 0
59672, 38518.2, 0
159672, 81547, 0
21356.4, 11602.7, 0
58958.7, 35739.6, 0
120364, 82101.1, 0
141133, 58504.4, 0
91540.8, 52566.6, 0
90661, 60716.4, 0
131334, 93904.9, 0
130074, 83225.8, 0
54782.1, 21536.8, 0
192118, 32368.4, 0
179605, 73766.7, 0
71561.1, 20968.6, 0
144437, 78798.3, 0
213300, 145903, 0
142826, 27572.1, 0
146256, 88311.3, 0
42067.9, 21591.4, 0
61297, 42957.6, 0
50699.7, 35960.9, 0
201345, 39606.5, 0
178580, 96700, 0
179796, 61383.9, 0
101974, 47443.5, 0
73373.7, 35752.8, 0
195877, 87458.2, 0
160956, 79955, 0
67455, 30397, 0
103773, 61121.8, 0
59904.8, 25215.2, 0
81606.3, 52591.9, 0
118633, 79623.8, 0
170701, 78465.5, 0
117837, 59440.5, 0
259865, 60892.6, 0
114418, 62360.7, 0
152182, 48638.5, 0
107814, 72799.2, 0
163269, 102232, 0
121805, 84002.9, 0
175879, 104427, 0
80710, 52668.9, 0
81697.6, 28454.7, 0
67126.4, 34787.9, 0
59201.4, 36364.6, 0
105387, 57979, 0
167276, 104178, 0
101510, 65192.3, 0
169137, 84516.8, 0
86659.3, 41192, 0
67277.1, 9751.85, 0
136493, 38257.1, 0
192938, 52762.9, 0
204754, 64661.1, 0
157184, 95963.7, 0
128791, 69058, 0
109380, 68394.2, 0
39592, 23912.1, 0
83916.1, 39787.6, 0
48930.1, 7213.35, 0
32526.8, 21848.8, 0
168269, 36573.7, 0
91699.2, 46312, 0
111205, 52394.6, 0
184790, 59116.2, 0
167111, 86579.3, 0
128457, 54930.8, 0
94632.7, 59344.2, 0
43496.3, 7627.97, 0
125977, 38632.7, 0
64070.8, 30018.3, 0
104361, 46674.9, 0
105677, 71329.9, 0
91333.4, 62279.5, 0
173879, 62955.4, 0
61520.1, 16413, 0
97652.2, 9743.24, 0
116812, 75724.7, 0
178953, 127236, 0
123684, 74560.1, 0
78015.9, 54058.8, 0
99782.2, 55807.3, 0
61643.9, 34978.2, 0
133826, 63420.1, 0
80203, 16711.8, 0
83514.4, 55717.3, 0
158357, 23015.9, 0
123394, 32692.6, 0
97150.1, 51102.7, 0
222519, 19575.2, 0
113625, 48635.5, 0
49725.2, 13908, 0
68689.4, 38791.3, 0
70481, 50176.1, 0
90038.7, 51945.3, 0
94898.3, 39441.3, 0
87881.9, 58741.2, 0
22611.7, 16034, 0
147572, 67234.6, 0
179732, 2375.6, 0
214374, 102896, 0
52195.3, 9667.99, 0
71388, 43690.5, 0
122740, 42662.8, 0
101382, 65584.5, 0
156482, 16279.8, 0
55263.5, 37512.8, 0
118325, 68865.5, 0
43158.4, 29467.8, 0
106739, 68929.4, 0
97706, 56888.7, 0
168427, 64493.4, 0
74477.5, 46452.7, 0
125891, 51194.3, 0
85000.7, 55459, 0
67994.1, 31780, 0
70966.7, 17297.4, 0
109081, 33974.6, 0
191787, 53227.7, 0
86995.4, 62625.9, 0
173716, 44723.4, 0
244559, 112737, 0
178899, 19805.5, 0
115804, 59153.3, 0
171538, 81433.2, 0
119766, 72605.5, 0
120948, 45443.9, 0
99650.6, 62089.2, 0
90420.5, 57045.1, 0
155845, 61700.5, 0
202092, 55872.8, 0
63651, 43702.6, 0
98123.7, 57982.6, 0
54250.8, 23822.6, 0
65692.6, 25881.4, 0
33958, 18424.6, 0
156831, 24689.9, 0
186557, 35618.3, 0
70840.5, 43489.3, 0
96710.8, 37300.3, 0
104171, 56347, 0
99420.6, 18567, 0
65678.7, 36351.9, 0
103458, 48435, 0
98787.5, 41769.2, 0
154678, 44456.2, 0
118791, 78684.1, 0
124257, 14659.8, 0
55842.5, 39624.2, 0
126636, 38821.3, 0
179722, 80935, 0
87314.1, 31239.4, 0
112275, 22246.1, 0
67691.3, 15295.2, 0
52906.1, 30507.1, 0
54011.4, 10234, 0
113972, 33395.9, 0
58915, 19549.7, 0
203411, 123536, 0
79544.1, 18024.1, 0
100462, 27996.6, 0
71047.5, 29700.7, 0
36922.7, 14679.9, 0
56165.7, 17189.1, 0
75946.6, 52479.6, 0
67218.5, 34510.3, 0
114025, 77124.3, 0
76727.3, 23610.7, 0
177044, 56435.2, 0
70003.9, 43139.2, 0
124270, 70508.2, 0
42636.2, 25701.1, 0
74266, 34420.4, 0
74125.3, 41395.7, 0
72455.5, 48227, 0
145904, 79273.2, 0
106611, 55083.2, 0
139008, 95236.2, 0
114485, 67391.3, 0
132959, 64183.1, 0
91413.3, 21845.7, 0
53593.1, 18767.6, 0
111482, 21268.6, 0
123858, 68640.6, 0
103766, 45528.1, 0
148175, 17206.4, 0
123342, 43436.9, 0
150175, 91794.4, 0
71229.5, 21153.8, 0
105448, 61332.2, 0
173996, 100678, 0
128867, 56771.8, 0
146068, 97741.2, 0
139266, 57405.5, 0
53958.3, 29719.9, 0
83992.5, 34147.2, 0
145477, 62076.1, 0
67041.1, 48145.6, 0
168620, 56007.1, 0
73519.7, 36468.1, 0
64989.6, 44400.9, 0
130334, 67697.3, 0
62804.7, 14653.8, 0
89166.5, 47227.8, 0
38940.6, 10834, 0
60764, 38418, 0
29510.5, 16007.4, 0
131106, 31693.1, 0
109381, 45654.6, 0
233556, 155379, 0
128298, 74341.2, 0
86654.6, 17749.2, 0
130839, 76403.5, 0
136722, 72023.2, 0
186064, 117171, 0
321683, 116814, 0
39992.7, 21966.8, 0
83453, 36907.7, 0
139486, 64041.1, 0
153935, 105742, 0
108948, 10982.4, 0
123703, 41967.4, 0
113238, 66890.5, 0
37945.5, 11684.6, 0
200332, 74893.1, 0
26602.2, 16869.3, 0
122973, 11781.1, 0
198162, 85002.4, 0
61706.8, 8524.68, 0
139392, 32091.6, 0
148986, 94312.2, 0
90516.1, 39793.2, 0
42792.1, 18087, 0
66782.8, 47384.2, 0
176812, 75239.1, 0
157498, 108346, 0
37057.5, 16809.8, 0
105200, 73340, 0
62169.1, 44463, 0
53909.7, 23570.1, 0
74844.5, 25926.2, 0
36187.9, 15402, 0
97694.3, 59124.2, 0
77855.1, 39436.7, 0
53668.8, 24665.5, 0
126874, 59621, 0
233321, 143295, 0
50462.8, 35804.7, 0
66582, 17458.9, 0
50054.6, 24786.3, 0
130580, 52940.4, 0
69620.9, 33368.7, 0
112974, 62103.7, 0
140512, 67575.6, 0
145097, 87574.1, 0
224884, 144893, 0
50334.5, 11565.5, 0
194569, 78337.4, 0
123529, 26767.4, 0
128927, 56929.5, 0
117136, 62185.2, 0
45692.4, 11056.6, 0
156246, 62802.5, 0
150970, 65075.6, 0
71052, 16963.2, 0
160355, 87221.4, 0
37097.4, 18611.4, 0
112286, 49660.8, 0
168232, 17496.8, 0
181665, 124987, 0
120617, 59654.7, 0
141901, 53397.7, 0
53914.7, 11318.9, 0
49728, 2786.11, 0
113534, 72586.3, 0
84759.6, 27562.5, 0
46791.2, 18522.7, 0
104838, 73759, 0
183185, 124496, 0
29196.6, 13200.4, 0
211839, 27362.1, 0
203065, 99949.8, 0
96111.9, 67518.6, 0
83428.4, 42244.4, 0
76851.8, 41164.7, 0
47808.3, 19238.7, 0
122104, 73934.3, 0
125503, 24306.9, 0
179645, 118159, 0
23654, 13045.2, 0
127227, 73987.2, 0
182201, 73042.1, 0
76100.7, 53964.3, 0
124302, 56068.6, 0
49325.7, 23046.6, 0
151206, 88696.1, 0
87008.2, 54761, 0
130743, 59964.6, 0
183346, 37650.3, 0
160944, 21161.9, 0
103516, 29213.9, 0
78409.1, 44787.2, 0
18658.9, 7945.4, 0
100927, 43530, 0
140571, 50407.9, 0
114269, 73957, 0
111884, 71883.3, 0
115270, 15838.8, 0
43073.4, 23819.1, 0
218608, 66974.4, 0
37720.4, 5307.79, 0
28130.4, 18232.2, 0
159455, 35047.8, 0
117939, 64348.2, 0
82733.8, 57689.4, 0
63924, 27471.5, 0
186847, 38695.8, 0
168959, 101096, 0
96621.9, 67354.4, 0
138855, 24521.4, 0
83558.4, 51798.3, 0
127081, 88359.8, 0
88659.7, 16321.7, 0
118606, 63218.3, 0
102400, 43846.1, 0
14769.3, 2194.89, 0
144561, 45445.8, 0
101181, 39660, 0
136789, 92837.1, 0
122395, 60449.7, 0
60554.7, 14283.9, 0
69545.6, 28667, 0
121873, 28482.5, 0
106428, 33541.1, 0
61090.9, 38318.6, 0
95107.8, 8476.73, 0
46678.3, 32416.6, 0
117644, 58549.9, 0
67364, 39883.3, 0
77300.5, 49112.5, 0
41341.7, 25235.5, 0
76008.7, 44803.9, 0
158254, 69096.2, 0
149104, 101715, 0
35954.4, 13645.6, 0
129770, 52701.7, 0
97274.6, 27127.7, 0
145401, 35425.5, 0
52744.2, 35337.9, 0
96868.3, 36754.2, 0
85094.5, 55920.7, 0
88911.7, 62761.8, 0
65972.6, 47499.6, 0
200773, 102078, 0
87947, 55538.8, 0
121504, 70473.9, 0
128452, 78424, 0
94088.2, 18015.8, 0
132768, 57111.5, 0
175957, 123114, 0
178403, 56243.4, 0
176370, 61197.2, 0
103560, 24529, 0
70860.8, 24741.5, 0
128766, 13549.8, 0
84739.6, 57537.4, 0
106909, 24625.7, 0
254916, 144653, 0
79139.5, 34091.2, 0
130518, 81404.5, 0
84197.2, 19372.5, 0
159973, 75957.2, 0
100041, 14727.2, 0
227494, 128394, 0
142676, 87427.4, 0
74993, 46228.9, 0
23780.9, 6471.04, 0
245461, 125346, 0
181029, 58424.3, 0
71903, 32841.2, 0
141716, 78997.4, 0
56591, 38361.4, 0
119701, 76903.2, 0
143405, 66266.3, 0
56385.8, 11670.4, 0
207785, 35876.7, 0
70684.4, 48107.4, 0
108916, 24536.4, 0
90371.6, 30651.7, 0
47361.4, 23675.2, 0
56933.5, 21388.2, 0
73463.2, 37729.4, 0
107184, 48244.8, 0
158401, 112191, 0
59229.6, 19722.2, 0
61252.3, 26931.4, 0
127991, 33033.8, 0
151765, 30276.2, 0
83012, 42111, 0
106299, 9630.8, 0
170575, 97875.6, 0
44470.8, 13122.7, 0
88428.3, 50910, 0
161330, 38032.8, 0
162083, 91281.4, 0
116830, 64701.1, 0
93533.5, 52895.4, 0
167611, 82522.7, 0
144264, 37854.8, 0
80225.1, 56685.4, 0
126300, 82170.3, 0
149485, 47706.9, 0
120158, 22375, 0
87192.6, 39572.5, 0
179679, 124802, 0
84647, 9316.73, 0
43643.8, 29611.2, 0
105016, 74497.5, 0
175167, 30703.1, 0
82790.9, 27047.7, 0
186818, 73277.9, 0
118430, 38886.7, 0
44253.7, 13709, 0
78364.2, 35450.9, 0
106652, 43887.3, 0
155982, 15384.5, 0
280472, 91024.3, 0
64221.6, 22203.7, 0
