3.67784e+07, 1.02395e+07, 0
3.26645e+07, 1.18899e+07, 0
3.05972e+07, 3.77891e+06, 0
3.90376e+07, 1.66969e+07, 0
3.45944e+07, 1.38633e+07, 0
3.54239e+07, 1.13416e+07, 0
2.64934e+07, 7.48644e+06, 0
2.73332e+07, 3.86282e+06, 0
3.44562e+07, 8.25476e+06, 0
3.03118e+07, 6.52046e+06, 0
2.9746e+07, 9.87955e+06, 0
4.72159e+07, 1.65792e+07, 0
2.94113e+07, 5.65368e+06, 0
3.36841e+07, 8.73961e+06, 0
2.66582e+07, 5.91156e+06, 0
3.73122e+07, 1.51888e+07, 0
2.46383e+07, 1.39523e+06, 0
2.63516e+07, 7.69934e+06, 0
3.98322e+07, 2.12218e+07, 0
3.77962e+07, 1.88707e+07, 0
3.04032e+07, 1.27414e+07, 0
3.08232e+07, 1.22087e+07, 0
3.5056e+07, 8.95851e+06, 0
3.97597e+07, 1.22733e+07, 0
2.64927e+07, 5.34914e+06, 0
2.90334e+07, 6.16695e+06, 0
3.46658e+07, 1.67156e+07, 0
3.50454e+07, 1.17537e+07, 0
2.76928e+07, 5.59354e+06, 0
2.74265e+07, 4.67332e+06, 0
3.14064e+07, 3.9021e+06, 0
3.19005e+07, 9.99527e+06, 0
3.66037e+07, 7.24338e+06, 0
4.46451e+07, 1.19277e+07, 0
2.56013e+07, 2.11278e+06, 0
3.60113e+07, 1.62128e+07, 0
3.62584e+07, 1.82733e+07, 0
3.24292e+07, 1.39324e+07, 0
2.61124e+07, 2.92316e+06, 0
2.92924e+07, 1.00316e+07, 0
2.81817e+07, 8.9467e+06, 0
2.77469e+07, 8.8849e+06, 0
3.98069e+07, 1.1165e+07, 0
3.38314e+07, 1.64949e+07, 0
2.84224e+07, 9.37487e+06, 0
3.58729e+07, 1.50206e+07, 0
3.13889e+07, 1.07872e+07, 0
2.81278e+07, 4.37276e+06, 0
3.83866e+07, 5.60691e+06, 0
2.7181e+07, 5.66785e+06, 0
3.12696e+07, 1.18489e+07, 0
3.31009e+07, 3.42563e+06, 0
3.61435e+07, 4.82617e+06, 0
3.29152e+07, 1.38209e+07, 0
2.92683e+07, 9.25224e+06, 0
3.28682e+07, 6.70185e+06, 0
3.15557e+07, 5.01004e+06, 0
3.40352e+07, 1.13928e+07, 0
2.96535e+07, 1.12108e+07, 0
3.56874e+07, 1.86366e+07, 0
3.62958e+07, 1.20292e+07, 0
3.69777e+07, 1.65391e+07, 0
5.32003e+07, 1.18052e+07, 0
2.97069e+07, 4.44588e+06, 0
3.51843e+07, 6.8689e+06, 0
2.42289e+07, 2.29421e+06, 0
3.33003e+07, 6.52263e+06, 0
2.6437e+07, 7.05884e+06, 0
3.50499e+07, 4.13647e+06, 0
2.79322e+07, 8.33171e+06, 0
2.95463e+07, 8.54272e+06, 0
4.56983e+07, 2.1316e+07, 0
3.08465e+07, 7.53267e+06, 0
3.02555e+07, 1.26792e+07, 0
2.61988e+07, 6.72611e+06, 0
4.48224e+07, 1.36998e+07, 0
4.24577e+07, 2.35677e+07, 0
4.31852e+07, 4.81923e+06, 0
3.06134e+07, 1.27145e+07, 0
3.57285e+07, 1.08978e+07, 0
3.30753e+07, 1.45499e+07, 0
3.47141e+07, 1.38658e+07, 0
4.0134e+07, 1.57747e+07, 0
2.61637e+07, 4.65326e+06, 0
3.91693e+07, 1.87286e+07, 0
4.54057e+07, 8.63088e+06, 0
3.51954e+07, 1.24017e+07, 0
2.85511e+07, 8.50506e+06, 0
3.12731e+07, 1.40665e+07, 0
2.77566e+07, 8.98763e+06, 0
2.68984e+07, 8.21566e+06, 0
4.20454e+07, 1.78156e+07, 0
3.13847e+07, 1.32679e+07, 0
2.82344e+07, 1.01573e+07, 0
2.87319e+07, 6.05808e+06, 0
3.12626e+07, 1.33776e+07, 0
3.55145e+07, 1.86309e+07, 0
4.43411e+07, 5.92399e+06, 0
3.07432e+07, 4.28928e+06, 0
3.60444e+07, 1.24877e+07, 0
2.96372e+07, 8.43643e+06, 0
2.56268e+07, 3.44351e+06, 0
3.23123e+07, 7.67801e+06, 0
2.62565e+07, 6.03376e+06, 0
4.89473e+07, 9.81887e+06, 0
3.1119e+07, 5.25016e+06, 0
2.87425e+07, 3.70901e+06, 0
2.90985e+07, 4.26857e+06, 0
3.18978e+07, 1.33103e+07, 0
3.38326e+07, 1.28862e+07, 0
2.96914e+07, 3.63201e+06, 0
3.88775e+07, 1.78243e+07, 0
3.59142e+07, 1.54561e+07, 0
3.07488e+07, 5.40929e+06, 0
3.64645e+07, 1.7172e+07, 0
3.04412e+07, 9.98771e+06, 0
3.0795e+07, 1.15548e+07, 0
2.6677e+07, 8.06875e+06, 0
3.34518e+07, 7.57157e+06, 0
2.92152e+07, 1.11296e+07, 0
3.09053e+07, 2.22783e+06, 0
3.21543e+07, 6.18927e+06, 0
2.64898e+07, 2.12075e+06, 0
2.6469e+07, 5.65296e+06, 0
2.684e+07, 7.51725e+06, 0
2.65667e+07, 5.16241e+06, 0
3.97996e+07, 9.1757e+06, 0
4.40371e+07, 9.3286e+06, 0
3.20909e+07, 8.85195e+06, 0
2.80362e+07, 4.59983e+06, 0
2.82653e+07, 8.96819e+06, 0
2.67176e+07, 1.47188e+06, 0
3.51677e+07, 1.25631e+07, 0
3.39969e+07, 1.23155e+07, 0
3.25243e+07, 1.57885e+07, 0
3.34097e+07, 9.27043e+06, 0
4.73486e+07, 1.18101e+07, 0
2.75871e+07, 6.187e+06, 0
3.21992e+07, 1.40297e+07, 0
2.64355e+07, 4.21588e+06, 0
3.22684e+07, 1.31263e+07, 0
3.28273e+07, 8.2474e+06, 0
2.55696e+07, 5.69254e+06, 0
2.74717e+07, 7.68437e+06, 0
3.15936e+07, 6.36935e+06, 0
2.75e+07, 7.46524e+06, 0
2.58776e+07, 4.15827e+06, 0
3.24263e+07, 1.17685e+07, 0
3.40827e+07, 3.68607e+06, 0
3.28168e+07, 1.5179e+07, 0
2.66073e+07, 6.26427e+06, 0
3.24262e+07, 1.18154e+07, 0
2.7694e+07, 7.50409e+06, 0
2.74604e+07, 6.8981e+06, 0
2.95828e+07, 8.54051e+06, 0
3.91393e+07, 1.49305e+07, 0
3.57547e+07, 7.65675e+06, 0
3.62835e+07, 1.53284e+07, 0
2.86341e+07, 5.2615e+06, 0
3.26001e+07, 1.13377e+07, 0
2.88359e+07, 9.70542e+06, 0
3.68089e+07, 2.40754e+06, 0
3.11207e+07, 9.86093e+06, 0
3.76904e+07, 2.0787e+07, 0
2.97145e+07, 1.23934e+07, 0
3.0937e+07, 5.37695e+06, 0
2.92058e+07, 3.51767e+06, 0
2.66543e+07, 6.14854e+06, 0
4.45956e+07, 1.69217e+07, 0
3.96001e+07, 2.26809e+07, 0
3.53058e+07, 4.28836e+06, 0
2.57576e+07, 4.01863e+06, 0
3.45896e+07, 6.80256e+06, 0
3.13711e+07, 5.30019e+06, 0
3.66966e+07, 1.22791e+07, 0
3.46296e+07, 9.24311e+06, 0
3.77611e+07, 7.50162e+06, 0
3.44032e+07, 1.1795e+06, 0
4.20018e+07, 1.75399e+07, 0
2.65385e+07, 7.03652e+06, 0
3.47639e+07, 1.14196e+07, 0
2.86617e+07, 8.8864e+06, 0
3.15254e+07, 1.26481e+07, 0
3.70262e+07, 1.67034e+07, 0
4.11862e+07, 1.39732e+07, 0
3.79387e+07, 1.24661e+07, 0
3.37076e+07, 8.52954e+06, 0
3.26048e+07, 7.38271e+06, 0
4.39451e+07, 1.15305e+07, 0
2.68699e+07, 8.2728e+06, 0
3.46763e+07, 1.24079e+07, 0
3.2458e+07, 1.37229e+07, 0
3.25034e+07, 4.38552e+06, 0
3.98869e+07, 1.26596e+07, 0
2.74634e+07, 6.83666e+06, 0
3.46163e+07, 1.21407e+07, 0
3.83029e+07, 8.87674e+06, 0
4.0901e+07, 1.07992e+07, 0
2.72981e+07, 7.53744e+06, 0
2.88514e+07, 3.71714e+06, 0
2.55399e+07, 4.5658e+06, 0
2.75282e+07, 6.78944e+06, 0
3.21846e+07, 4.10178e+06, 0
3.11633e+07, 1.07647e+07, 0
3.64998e+07, 1.09608e+07, 0
4.01208e+07, 1.59635e+07, 0
2.46114e+07, 3.54049e+06, 0
3.89319e+07, 1.71229e+07, 0
2.87146e+07, 1.08468e+07, 0
4.44679e+07, 1.54378e+07, 0
4.16061e+07, 6.90579e+06, 0
2.87251e+07, 4.17738e+06, 0
3.20745e+07, 7.03846e+06, 0
3.23251e+07, 1.48284e+07, 0
2.90826e+07, 7.22716e+06, 0
2.95255e+07, 1.01966e+07, 0
3.13148e+07, 6.26829e+06, 0
3.15208e+07, 7.93419e+06, 0
3.3727e+07, 1.52e+07, 0
3.22642e+07, 7.56345e+06, 0
3.26905e+07, 1.22164e+07, 0
3.43627e+07, 7.14883e+06, 0
3.76018e+07, 1.53687e+07, 0
2.7933e+07, 6.75758e+06, 0
3.91298e+07, 2.05467e+07, 0
3.21564e+07, 1.51732e+07, 0
3.44653e+07, 1.54619e+07, 0
3.0729e+07, 1.02062e+07, 0
3.03752e+07, 8.58421e+06, 0
3.64011e+07, 4.83646e+06, 0
4.13495e+07, 1.65506e+07, 0
4.07007e+07, 2.11927e+07, 0
2.85094e+07, 9.584e+06, 0
2.80818e+07, 1.0447e+07, 0
2.99592e+07, 1.00033e+07, 0
2.85961e+07, 8.06967e+06, 0
3.29471e+07, 9.50637e+06, 0
2.58092e+07, 4.58672e+06, 0
2.6125e+07, 2.55398e+06, 0
3.08353e+07, 9.10417e+06, 0
4.22763e+07, 8.00478e+06, 0
5.32795e+07, 1.04661e+07, 0
3.79911e+07, 1.46776e+07, 0
2.81809e+07, 6.55061e+06, 0
2.94802e+07, 1.08981e+07, 0
3.4064e+07, 4.14073e+06, 0
2.75373e+07, 6.42004e+06, 0
3.93106e+07, 3.76373e+06, 0
3.82775e+07, 7.59433e+06, 0
2.6552e+07, 7.95844e+06, 0
3.82014e+07, 1.57209e+07, 0
2.92715e+07, 1.14616e+07, 0
3.42583e+07, 1.32213e+07, 0
3.16613e+07, 7.64982e+06, 0
4.05549e+07, 6.10068e+06, 0
3.02069e+07, 1.17142e+07, 0
4.29481e+07, 8.00945e+06, 0
2.98659e+07, 1.13629e+07, 0
2.89071e+07, 1.09216e+07, 0
2.69328e+07, 6.47824e+06, 0
2.8791e+07, 5.43305e+06, 0
3.32287e+07, 7.1695e+06, 0
3.07262e+07, 1.38299e+07, 0
3.4825e+07, 9.94159e+06, 0
2.99935e+07, 1.24025e+07, 0
3.12768e+07, 6.20735e+06, 0
2.67824e+07, 2.7326e+06, 0
3.0359e+07, 8.48863e+06, 0
3.38794e+07, 1.10022e+07, 0
2.85174e+07, 9.35683e+06, 0
4.0405e+07, 1.18402e+07, 0
3.09585e+07, 9.89563e+06, 0
2.51465e+07, 1.49614e+06, 0
3.54749e+07, 1.16975e+07, 0
2.82026e+07, 7.14197e+06, 0
3.69255e+07, 1.13043e+07, 0
3.00787e+07, 1.16336e+07, 0
4.32345e+07, 2.32174e+07, 0
3.81311e+07, 8.53621e+06, 0
2.5244e+07, 1.23248e+06, 0
2.79745e+07, 5.04994e+06, 0
2.42768e+07, 1.58319e+06, 0
3.4439e+07, 1.77953e+07, 0
3.61661e+07, 4.28478e+06, 0
3.02322e+07, 1.2297e+07, 0
2.59424e+07, 6.09186e+06, 0
2.75087e+07, 6.1726e+06, 0
3.36163e+07, 6.71173e+06, 0
3.14052e+07, 3.78105e+06, 0
3.08099e+07, 9.53082e+06, 0
2.96615e+07, 7.76311e+06, 0
3.28617e+07, 1.097e+07, 0
2.78764e+07, 3.64656e+06, 0
3.7643e+07, 4.15591e+06, 0
3.12549e+07, 1.15197e+07, 0
2.75352e+07, 8.95132e+06, 0
2.93309e+07, 8.78246e+06, 0
2.89042e+07, 8.39095e+06, 0
2.98515e+07, 1.18498e+07, 0
3.32007e+07, 1.55786e+07, 0
2.97132e+07, 5.07166e+06, 0
2.63739e+07, 1.73774e+06, 0
3.07634e+07, 4.37178e+06, 0
2.74365e+07, 6.26717e+06, 0
2.88367e+07, 3.63173e+06, 0
3.5108e+07, 1.78427e+07, 0
2.58373e+07, 4.70233e+06, 0
3.98134e+07, 1.91508e+07, 0
3.15977e+07, 3.75479e+06, 0
2.9428e+07, 7.64499e+06, 0
3.36715e+07, 4.04057e+06, 0
3.51089e+07, 2.97746e+06, 0
2.44417e+07, 1.32639e+06, 0
3.43032e+07, 1.7638e+07, 0
3.38405e+07, 1.06769e+07, 0
3.43493e+07, 1.52742e+07, 0
2.86751e+07, 6.81278e+06, 0
4.49647e+07, 2.35826e+07, 0
3.8273e+07, 1.34222e+07, 0
2.50313e+07, 4.07831e+06, 0
3.09048e+07, 6.02282e+06, 0
3.02666e+07, 1.30687e+07, 0
3.77003e+07, 1.49275e+07, 0
3.49878e+07, 1.68221e+07, 0
3.11827e+07, 1.24173e+07, 0
3.49564e+07, 4.79107e+06, 0
3.14046e+07, 4.92914e+06, 0
3.45952e+07, 1.65154e+07, 0
3.48699e+07, 1.50727e+07, 0
2.73059e+07, 3.74907e+06, 0
2.63188e+07, 4.23946e+06, 0
3.1703e+07, 1.09738e+07, 0
3.73681e+07, 7.74324e+06, 0
3.9795e+07, 1.36137e+07, 0
3.71847e+07, 1.58655e+07, 0
4.95371e+07, 1.90703e+07, 0
2.66161e+07, 8.36216e+06, 0
3.23838e+07, 1.01843e+07, 0
2.53254e+07, 4.82648e+06, 0
2.99756e+07, 1.08873e+07, 0
2.55334e+07, 5.33358e+06, 0
3.18962e+07, 5.77026e+06, 0
2.62206e+07, 7.46719e+06, 0
4.02722e+07, 1.35225e+07, 0
4.20747e+07, 1.92516e+07, 0
3.10996e+07, 8.07855e+06, 0
2.88261e+07, 6.5387e+06, 0
3.46042e+07, 6.78795e+06, 0
2.8633e+07, 9.6917e+06, 0
3.82618e+07, 2.08628e+07, 0
3.38823e+07, 1.61995e+07, 0
2.59909e+07, 7.04459e+06, 0
2.52424e+07, 5.46313e+06, 0
3.73007e+07, 1.19517e+07, 0
3.6382e+07, 1.93328e+07, 0
3.19949e+07, 1.47141e+07, 0
3.07005e+07, 7.18221e+06, 0
3.88329e+07, 2.0621e+07, 0
2.60909e+07, 6.49551e+06, 0
3.66939e+07, 1.87633e+07, 0
3.35881e+07, 1.46745e+07, 0
3.03383e+07, 1.24567e+07, 0
2.53166e+07, 3.85742e+06, 0
3.65351e+07, 1.76669e+07, 0
2.7901e+07, 6.586e+06, 0
4.14992e+07, 1.0034e+07, 0
2.80368e+07, 6.86666e+06, 0
3.46657e+07, 1.35102e+07, 0
4.23719e+07, 2.14576e+07, 0
2.81528e+07, 9.00947e+06, 0
4.09222e+07, 1.83283e+07, 0
4.74309e+07, 2.08956e+07, 0
2.78735e+07, 9.79772e+06, 0
3.68614e+07, 967267, 0
3.10899e+07, 8.57986e+06, 0
3.3534e+07, 1.4174e+07, 0
2.65561e+07, 5.91602e+06, 0
4.04574e+07, 1.16558e+07, 0
5.08136e+07, 7.20436e+06, 0
3.67798e+07, 2.91781e+06, 0
3.0667e+07, 1.32391e+07, 0
2.84906e+07, 7.0144e+06, 0
2.4863e+07, 2.87035e+06, 0
2.7394e+07, 4.93626e+06, 0
3.26526e+07, 1.04032e+07, 0
2.91483e+07, 1.06847e+07, 0
2.86929e+07, 1.06583e+07, 0
3.63766e+07, 1.16969e+07, 0
3.81686e+07, 5.62012e+06, 0
2.81658e+07, 1.63625e+06, 0
3.35404e+07, 4.22734e+06, 0
3.43936e+07, 1.26075e+07, 0
3.61207e+07, 1.42363e+07, 0
3.80919e+07, 9.15137e+06, 0
2.62181e+07, 7.67084e+06, 0
3.43086e+07, 1.25181e+07, 0
4.05975e+07, 1.97199e+07, 0
3.15511e+07, 1.30337e+07, 0
2.79597e+07, 6.68819e+06, 0
3.37227e+07, 2.55329e+06, 0
3.4748e+07, 7.73213e+06, 0
3.02219e+07, 6.08832e+06, 0
4.57867e+07, 1.45333e+07, 0
2.82154e+07, 8.4343e+06, 0
4.54707e+07, 2.08864e+07, 0
4.00329e+07, 5.88531e+06, 0
5.09097e+07, 6.58564e+06, 0
3.56328e+07, 6.59321e+06, 0
3.12559e+07, 5.41708e+06, 0
3.25524e+07, 1.43033e+07, 0
2.80237e+07, 6.61472e+06, 0
3.03962e+07, 7.11194e+06, 0
2.56501e+07, 5.07027e+06, 0
2.99256e+07, 1.06402e+07, 0
3.0155e+07, 1.17077e+07, 0
2.93726e+07, 9.35802e+06, 0
3.12455e+07, 1.31695e+07, 0
3.21709e+07, 1.40342e+07, 0
2.93643e+07, 9.18983e+06, 0
2.70322e+07, 5.16449e+06, 0
3.52569e+07, 1.25499e+07, 0
3.37036e+07, 8.92798e+06, 0
3.44598e+07, 9.27021e+06, 0
4.08133e+07, 2.15002e+07, 0
2.61472e+07, 3.33566e+06, 0
3.46783e+07, 6.99111e+06, 0
