2.99597e+06, 1.91459e+06, 0
859177, 4.20393e+06, 0
4.26289e+06, 4.45748e+06, 0
6.76603e+06, 5.04552e+06, 0
3.67949e+06, 3.73296e+06, 0
4.54277e+06, 5.06468e+06, 0
1.19728e+06, 4.70064e+06, 0
2.43165e+06, 6.48694e+06, 0
2.20049e+06, 1.14994e+07, 0
2.48033e+06, 3.0698e+06, 0
3.93365e+06, 4.63264e+06, 0
9.5467e+06, 4.17048e+06, 0
518512, 2.60226e+06, 0
2.99365e+06, 8.52874e+06, 0
1.14216e+06, 4.34535e+06, 0
3.18118e+06, 8.12923e+06, 0
5.07509e+06, 5.43168e+06, 0
637977, 2.27715e+06, 0
5.40766e+06, 4.22053e+06, 0
1.57148e+06, 2.2451e+06, 0
7.31105e+06, 2.85946e+06, 0
2.342e+06, 8.5494e+06, 0
1.76072e+06, 8.29118e+06, 0
2.74275e+06, 2.41107e+06, 0
4.35569e+06, 2.80473e+06, 0
1.00448e+06, 3.89232e+06, 0
4.25876e+06, 4.1278e+06, 0
3.24926e+06, 1.18311e+06, 0
8.22e+06, 4.87391e+06, 0
3.40351e+06, 1.0282e+07, 0
6.81334e+06, 8.35475e+06, 0
1.86962e+06, 9.9284e+06, 0
4.3411e+06, 1.01577e+07, 0
797811, 4.31713e+06, 0
1.01286e+06, 4.28058e+06, 0
5.39258e+06, 4.16466e+06, 0
2.48003e+06, 5.6407e+06, 0
4.21892e+06, 7.42563e+06, 0
1.1732e+06, 2.73053e+06, 0
7.28133e+06, 5.69637e+06, 0
5.46302e+06, 2.28397e+06, 0
879548, 3.0484e+06, 0
3.962e+06, 6.67824e+06, 0
6.95443e+06, 7.79732e+06, 0
976342, 5.60607e+06, 0
6.72572e+06, 2.9711e+06, 0
5.72587e+06, 6.57171e+06, 0
5.86905e+06, 9.85715e+06, 0
1.07094e+07, 3.97272e+06, 0
1.05097e+06, 2.3548e+06, 0
3.62106e+06, 3.86276e+06, 0
7.78461e+06, 3.58306e+06, 0
6.40844e+06, 2.59773e+06, 0
6.82408e+06, 3.42523e+06, 0
781482, 4.23535e+06, 0
1.61661e+06, 3.9197e+06, 0
2.93355e+06, 3.21017e+06, 0
9.24605e+06, 3.62891e+06, 0
2.13053e+06, 1.91443e+06, 0
2.28393e+06, 5.73442e+06, 0
1.69107e+06, 9.70893e+06, 0
826077, 8.5074e+06, 0
4.03389e+06, 8.52731e+06, 0
904113, 3.36054e+06, 0
1.66351e+06, 396447, 0
3.90401e+06, 1.19552e+06, 0
2.61847e+06, 3.15213e+06, 0
1.49452e+06, 7.04225e+06, 0
5.2819e+06, 1.31338e+06, 0
7.21164e+06, 5.39494e+06, 0
791996, 3.23592e+06, 0
2.66646e+06, 3.97369e+06, 0
4.85438e+06, 2.82912e+06, 0
5.50133e+06, 1.29602e+06, 0
903950, 2.63822e+06, 0
8.72513e+06, 5.24988e+06, 0
2.83565e+06, 7.57083e+06, 0
2.25237e+06, 647559, 0
7.04157e+06, 4.48721e+06, 0
3.58002e+06, 5.27272e+06, 0
1.59764e+06, 3.80187e+06, 0
2.73801e+06, 3.65736e+06, 0
4.43448e+06, 8.78512e+06, 0
6.1477e+06, 7.50977e+06, 0
3.96637e+06, 3.80415e+06, 0
4.35136e+06, 5.36352e+06, 0
1.50737e+06, 4.69765e+06, 0
1.91648e+06, 1.76264e+06, 0
2.81187e+06, 1.06323e+07, 0
9.36986e+06, 4.54922e+06, 0
7.27604e+06, 7.70286e+06, 0
5.41099e+06, 5.4185e+06, 0
871488, 1.30427e+06, 0
1.83505e+06, 3.34469e+06, 0
1.91779e+06, 6.7871e+06, 0
496132, 6.00766e+06, 0
6.15502e+06, 1.86027e+06, 0
3.94533e+06, 7.23055e+06, 0
2.3917e+06, 7.72364e+06, 0
7.58868e+06, 1.01497e+07, 0
2.48186e+06, 1.39625e+06, 0
537773, 5.54369e+06, 0
3.47393e+06, 8.23935e+06, 0
1.95471e+06, 2.20211e+06, 0
441005, 1.03333e+06, 0
5.17665e+06, 7.44982e+06, 0
1.97999e+06, 4.88717e+06, 0
6.08667e+06, 5.04737e+06, 0
3.57615e+06, 6.10394e+06, 0
5.63509e+06, 8.31412e+06, 0
4.75815e+06, 6.64196e+06, 0
9.09875e+06, 3.98792e+06, 0
5.71973e+06, 5.26589e+06, 0
5.96872e+06, 5.1931e+06, 0
1.1289e+06, 7.69632e+06, 0
1.68147e+06, 5.53697e+06, 0
6.92267e+06, 2.33995e+06, 0
2.23075e+06, 7.10456e+06, 0
5.55995e+06, 2.50827e+06, 0
5.67904e+06, 2.44863e+06, 0
3.32425e+06, 4.21571e+06, 0
1.5745e+06, 4.10636e+06, 0
3.36932e+06, 4.91948e+06, 0
1.19376e+06, 1.11078e+07, 0
2.01652e+06, 4.61136e+06, 0
3.33332e+06, 2.45762e+06, 0
4.01751e+06, 3.98842e+06, 0
7.56176e+06, 3.38179e+06, 0
7.74549e+06, 4.0482e+06, 0
3.25974e+06, 4.71804e+06, 0
3.74073e+06, 2.70415e+06, 0
648366, 1.19398e+07, 0
8.84676e+06, 8.40927e+06, 0
8.77073e+06, 3.81712e+06, 0
2.62493e+06, 5.53926e+06, 0
2.85209e+06, 9.46101e+06, 0
6.99239e+06, 2.5111e+06, 0
2.18768e+06, 114540, 0
4.37108e+06, 8.20475e+06, 0
1.50746e+06, 1.13808e+07, 0
3.22411e+06, 4.93063e+06, 0
8.28855e+06, 5.36101e+06, 0
1.03723e+07, 2.34353e+06, 0
2.92966e+06, 2.81898e+06, 0
5.39294e+06, 4.76645e+06, 0
6.90621e+06, 9.664e+06, 0
877590, 2.23631e+06, 0
615149, 6.12032e+06, 0
674076, 4.94162e+06, 0
6.76576e+06, 6.02043e+06, 0
5.33542e+06, 3.72234e+06, 0
3.63579e+06, 2.27727e+06, 0
3.51492e+06, 4.50108e+06, 0
1.56765e+06, 5.7768e+06, 0
760967, 4.12261e+06, 0
3.80154e+06, 4.60866e+06, 0
2.92989e+06, 4.8202e+06, 0
3.38227e+06, 3.59028e+06, 0
5.87158e+06, 1.48391e+06, 0
4.32561e+06, 7.18603e+06, 0
1.77481e+06, 1.4699e+06, 0
4.28756e+06, 2.55969e+06, 0
1.64172e+06, 1.00658e+06, 0
3.02876e+06, 3.7014e+06, 0
3.85986e+06, 289016, 0
6.5062e+06, 2.45026e+06, 0
4.72894e+06, 3.45513e+06, 0
6.21615e+06, 5.09067e+06, 0
4.26224e+06, 6.41483e+06, 0
2.14435e+06, 6.03516e+06, 0
5.05345e+06, 8.83016e+06, 0
6.26001e+06, 5.32584e+06, 0
1.64265e+06, 4.83891e+06, 0
1.4547e+06, 8.83047e+06, 0
3.08453e+06, 6.70201e+06, 0
2.98703e+06, 3.08285e+06, 0
457844, 1.11814e+07, 0
2.11427e+06, 2.54075e+06, 0
2.90595e+06, 1.00803e+06, 0
5.90423e+06, 1.59348e+06, 0
7.75044e+06, 911483, 0
6.40693e+06, 4.33586e+06, 0
5.60824e+06, 7.73654e+06, 0
3.22139e+06, 829753, 0
1.10162e+06, 7.19499e+06, 0
5.04094e+06, 2.181e+06, 0
6.73032e+06, 2.20063e+06, 0
1.27485e+06, 2.58403e+06, 0
5.23951e+06, 1.4577e+07, 0
5.20605e+06, 452569, 0
5.24266e+06, 4.0226e+06, 0
1.7367e+06, 4.7064e+06, 0
8.28838e+06, 1.05553e+07, 0
1.62721e+06, 2.01651e+06, 0
3.21321e+06, 1.18624e+06, 0
5.69944e+06, 5.3946e+06, 0
1.14318e+06, 1.17238e+07, 0
3.71347e+06, 4.0931e+06, 0
2.24397e+06, 3.70418e+06, 0
668595, 3.19201e+06, 0
4.28351e+06, 5.51898e+06, 0
1.7175e+06, 5.00891e+06, 0
4.33425e+06, 4.72466e+06, 0
921516, 1.73593e+06, 0
8.36962e+06, 5.00904e+06, 0
2.95526e+06, 1.52912e+06, 0
2.2276e+06, 2.44613e+06, 0
1.71955e+06, 3.71888e+06, 0
4.7852e+06, 5.38163e+06, 0
4.34557e+06, 9.06026e+06, 0
2.38079e+06, 2.96102e+06, 0
1.49647e+06, 5.21937e+06, 0
352301, 8.23198e+06, 0
9.46878e+06, 2.73486e+06, 0
1.04415e+06, 8.26039e+06, 0
2.59881e+06, 6.91525e+06, 0
935884, 7.4501e+06, 0
5.28893e+06, 9.5801e+06, 0
3.09796e+06, 7.10139e+06, 0
2.04633e+06, 1.01072e+07, 0
2.05507e+06, 5.09463e+06, 0
864311, 8.66812e+06, 0
2.24005e+06, 1.66673e+06, 0
4.56265e+06, 1.36638e+07, 0
2.41308e+06, 5.23708e+06, 0
3.31326e+06, 4.6975e+06, 0
1.25636e+06, 4.9428e+06, 0
5.37356e+06, 7.47201e+06, 0
4.97274e+06, 1.01278e+07, 0
1.12572e+06, 9.19701e+06, 0
4.70273e+06, 5.62896e+06, 0
1.84729e+06, 3.48821e+06, 0
527136, 4.52648e+06, 0
350108, 6.07979e+06, 0
6.16141e+06, 4.14192e+06, 0
7.81422e+06, 3.84644e+06, 0
2.94792e+06, 6.46498e+06, 0
6.21432e+06, 800204, 0
4.57348e+06, 1.90224e+06, 0
5.6458e+06, 3.49961e+06, 0
5.62025e+06, 6.86144e+06, 0
5.38364e+06, 1.26757e+06, 0
8.18431e+06, 4.14477e+06, 0
5.47543e+06, 2.07626e+06, 0
496239, 3.54423e+06, 0
6.53696e+06, 6.08631e+06, 0
1.27248e+06, 6.98967e+06, 0
2.0216e+06, 3.80624e+06, 0
1.42344e+06, 5.62987e+06, 0
3.25404e+06, 8.4726e+06, 0
8.37291e+06, 8.85249e+06, 0
2.34506e+06, 5.12604e+06, 0
2.60228e+06, 3.45314e+06, 0
3.70631e+06, 4.93057e+06, 0
495139, 2.07636e+06, 0
3.20023e+06, 1.46437e+06, 0
1.42404e+06, 8.71058e+06, 0
4.9706e+06, 3.81778e+06, 0
5.07363e+06, 4.10293e+06, 0
1.56284e+06, 7.25072e+06, 0
2.60066e+06, 6.14064e+06, 0
7.35768e+06, 6.21957e+06, 0
3.07781e+06, 3.62009e+06, 0
488960, 8.56735e+06, 0
2.35094e+06, 8.36443e+06, 0
2.79817e+06, 7.66663e+06, 0
1.63442e+06, 1.05615e+07, 0
1.12652e+06, 4.72456e+06, 0
4.67892e+06, 9.07557e+06, 0
3.22606e+06, 4.81391e+06, 0
6.28535e+06, 3.68116e+06, 0
7.74844e+06, 6.18237e+06, 0
3.24346e+06, 4.88129e+06, 0
845552, 6.5901e+06, 0
3.04593e+06, 2.25598e+06, 0
5.74489e+06, 4.04536e+06, 0
4.13522e+06, 9.92587e+06, 0
3.8082e+06, 2.53453e+06, 0
7.18855e+06, 3.84075e+06, 0
8.40828e+06, 8.13749e+06, 0
684469, 2.98913e+06, 0
6.41904e+06, 7.44284e+06, 0
2.55286e+06, 2.03444e+06, 0
4.91327e+06, 3.82161e+06, 0
1.47212e+06, 3.83667e+06, 0
5.081e+06, 6.64894e+06, 0
6.65693e+06, 3.57831e+06, 0
6.69478e+06, 1.07101e+07, 0
3.2116e+06, 3.72865e+06, 0
3.38029e+06, 8.33889e+06, 0
3.07451e+06, 6.60179e+06, 0
5.71024e+06, 6.68845e+06, 0
4.83673e+06, 6.53958e+06, 0
7.78411e+06, 5.77709e+06, 0
3.63638e+06, 3.71378e+06, 0
2.20167e+06, 4.93742e+06, 0
2.16543e+06, 8.20757e+06, 0
2.6858e+06, 4.60402e+06, 0
867163, 5.05348e+06, 0
436380, 4.35795e+06, 0
805881, 7.8149e+06, 0
5.77037e+06, 2.27348e+06, 0
985065, 5.46231e+06, 0
452896, 4.4423e+06, 0
1.12514e+06, 4.30238e+06, 0
3.66588e+06, 4.16742e+06, 0
3.92853e+06, 1.16777e+06, 0
5.1229e+06, 2.99754e+06, 0
2.41866e+06, 9.60041e+06, 0
4.57136e+06, 7.84686e+06, 0
3.28487e+06, 1.56707e+06, 0
3.02585e+06, 1.16573e+06, 0
1.42503e+06, 5.43258e+06, 0
5.94613e+06, 1.19977e+06, 0
7.65616e+06, 6.76615e+06, 0
3.55362e+06, 2.27411e+06, 0
4.9313e+06, 8.11181e+06, 0
1.3232e+06, 2.01834e+06, 0
6.02178e+06, 3.80538e+06, 0
2.96761e+06, 3.57354e+06, 0
3.12973e+06, 1.27877e+06, 0
408958, 6.20767e+06, 0
2.92585e+06, 4.31245e+06, 0
1.11708e+06, 5.48913e+06, 0
1.08225e+07, 4.6335e+06, 0
2.68806e+06, 6.20828e+06, 0
4.17669e+06, 4.17959e+06, 0
1.62972e+06, 4.46505e+06, 0
6.61091e+06, 6.8056e+06, 0
6.402e+06, 6.69672e+06, 0
958658, 6.27924e+06, 0
3.225e+06, 183882, 0
2.45204e+06, 4.35115e+06, 0
5.17949e+06, 3.67342e+06, 0
3.84636e+06, 1.29785e+07, 0
787183, 5.7353e+06, 0
1.47165e+06, 995839, 0
5.65926e+06, 5.34756e+06, 0
5.20865e+06, 4.93922e+06, 0
1.56485e+06, 135036, 0
1.42059e+06, 8.04972e+06, 0
401098, 5.83029e+06, 0
1.99719e+06, 4.41532e+06, 0
755309, 3.6032e+06, 0
4.00192e+06, 3.96401e+06, 0
8.33908e+06, 2.72431e+06, 0
2.20974e+06, 5.84497e+06, 0
3.26429e+06, 3.37058e+06, 0
1.08927e+07, 3.70535e+06, 0
9.60694e+06, 7.4349e+06, 0
2.98007e+06, 2.66436e+06, 0
4.38766e+06, 8.57009e+06, 0
652482, 1.44572e+06, 0
1.5393e+06, 2.20866e+06, 0
5.35799e+06, 8.15113e+06, 0
9.20531e+06, 1.22209e+06, 0
2.92678e+06, 1.82919e+06, 0
4.34803e+06, 5.38842e+06, 0
3.24467e+06, 3.16526e+06, 0
963525, 6.47066e+06, 0
4.64716e+06, 7.8241e+06, 0
8.00105e+06, 1.13411e+06, 0
2.82385e+06, 2.98539e+06, 0
8.2862e+06, 1.22172e+06, 0
1.81409e+06, 5.04119e+06, 0
618322, 5.93688e+06, 0
6.55455e+06, 7.44675e+06, 0
5.48938e+06, 7.34589e+06, 0
1.56746e+06, 6.94933e+06, 0
663647, 7.49429e+06, 0
8.28378e+06, 3.17796e+06, 0
4.11236e+06, 5.86602e+06, 0
1.31739e+06, 3.17238e+06, 0
1.17127e+06, 3.17855e+06, 0
2.03616e+06, 5.07289e+06, 0
5.04887e+06, 373694, 0
2.06414e+06, 4.64038e+06, 0
5.67438e+06, 7.75274e+06, 0
2.31973e+06, 5.63871e+06, 0
5.4494e+06, 3.46149e+06, 0
9.70457e+06, 3.01788e+06, 0
2.36863e+06, 769354, 0
1.22842e+07, 6.04151e+06, 0
6.26833e+06, 1.96141e+06, 0
7.00895e+06, 1.16529e+07, 0
5.28894e+06, 4.17336e+06, 0
2.68363e+06, 5.0895e+06, 0
4.92145e+06, 1.72131e+06, 0
2.47653e+06, 5.52489e+06, 0
915114, 5.90155e+06, 0
5.73805e+06, 1.10921e+07, 0
1.94637e+06, 8.42832e+06, 0
3.83088e+06, 4.92603e+06, 0
1.07404e+06, 3.01764e+06, 0
8.51813e+06, 4.80862e+06, 0
2.89841e+06, 1.41971e+06, 0
1.46078e+06, 9.83663e+06, 0
7.49175e+06, 6.72962e+06, 0
823175, 6.57448e+06, 0
834715, 1.76018e+06, 0
2.87725e+06, 4.62616e+06, 0
7.86614e+06, 3.28785e+06, 0
1.97566e+06, 6.47944e+06, 0
1.41162e+06, 6.72476e+06, 0
7.42308e+06, 5.88711e+06, 0
4.50235e+06, 3.84126e+06, 0
6.89966e+06, 2.48071e+06, 0
2.01565e+06, 9.06005e+06, 0
2.98969e+06, 4.73523e+06, 0
355488, 3.91274e+06, 0
3.50109e+06, 3.34317e+06, 0
6.57727e+06, 8.08077e+06, 0
2.354e+06, 1.56188e+06, 0
3.18918e+06, 4.04802e+06, 0
7.31258e+06, 1.04993e+07, 0
8.98501e+06, 6.91022e+06, 0
3.46397e+06, 4.98754e+06, 0
3.91192e+06, 9.22245e+06, 0
924898, 1.00877e+07, 0
8.56778e+06, 7.17263e+06, 0
769418, 3.84429e+06, 0
6.64869e+06, 2.44447e+06, 0
1.00423e+07, 4.15457e+06, 0
669858, 9.75688e+06, 0
1.06554e+06, 3.07509e+06, 0
562912, 5.91725e+06, 0
3.79597e+06, 6.51007e+06, 0
651883, 1.17374e+06, 0
1.02251e+06, 4.4189e+06, 0
950907, 6.66657e+06, 0
2.53456e+06, 1.85114e+06, 0
1.44856e+06, 6.57449e+06, 0
6.41046e+06, 8.06999e+06, 0
9.0927e+06, 5.44518e+06, 0
6.66385e+06, 3.77169e+06, 0
2.81432e+06, 7.19909e+06, 0
2.09771e+06, 4.8513e+06, 0
589186, 6.54477e+06, 0
8.27002e+06, 5.34522e+06, 0
380411, 2.55593e+06, 0
444573, 7.91796e+06, 0
7.27674e+06, 8.04931e+06, 0
1.01757e+06, 2.47932e+06, 0
2.37293e+06, 2.31812e+06, 0
663562, 9.14864e+06, 0
2.9532e+06, 5.36636e+06, 0
3.22314e+06, 4.94322e+06, 0
1.56649e+06, 4.58322e+06, 0
4.25829e+06, 5.92815e+06, 0
3.84782e+06, 5.35069e+06, 0
883060, 1.90964e+06, 0
5.47938e+06, 1.99064e+06, 0
2.74515e+06, 2.55501e+06, 0
3.80358e+06, 5.63672e+06, 0
1.40954e+06, 5.89725e+06, 0
5.02182e+06, 9.59138e+06, 0
793435, 2.89416e+06, 0
1.43788e+06, 6.30489e+06, 0
2.34917e+06, 2.19406e+06, 0
6.06621e+06, 4.48684e+06, 0
1.21939e+06, 3.16316e+06, 0
1.45664e+06, 2.2406e+06, 0
6.45693e+06, 5.07594e+06, 0
1.20424e+06, 6.17083e+06, 0
440334, 5.19317e+06, 0
1.91282e+06, 4.11083e+06, 0
6.1679e+06, 3.17463e+06, 0
3.04543e+06, 8.16935e+06, 0
8.25059e+06, 4.37442e+06, 0
6.06242e+06, 1.21251e+06, 0
5.15973e+06, 3.40971e+06, 0
1.62085e+06, 7.78791e+06, 0
1.25574e+06, 5.43852e+06, 0
2.39353e+06, 1.26655e+07, 0
1.55386e+06, 3.93796e+06, 0
6.97995e+06, 2.20367e+06, 0
2.60892e+06, 4.52069e+06, 0
3.85747e+06, 9.09322e+06, 0
8.38562e+06, 7.2618e+06, 0
4.21432e+06, 4.15682e+06, 0
3.69959e+06, 4.08836e+06, 0
1.20933e+06, 8.09633e+06, 0
3.34225e+06, 4.56993e+06, 0
2.80242e+06, 3.82194e+06, 0
2.70508e+06, 2.19693e+06, 0
2.83652e+06, 5.98692e+06, 0
4.36869e+06, 9.57338e+06, 0
862253, 1.30618e+06, 0
1.75795e+06, 693385, 0
539003, 3.38251e+06, 0
1.84744e+06, 2.75257e+06, 0
7.86582e+06, 8.09849e+06, 0
3.5206e+06, 8.51289e+06, 0
779609, 1.73655e+06, 0
2.21541e+06, 4.94734e+06, 0
5.41861e+06, 8.32766e+06, 0
7.42201e+06, 2.39834e+06, 0
745928, 6.91216e+06, 0
7.22813e+06, 2.55713e+06, 0
4.70832e+06, 3.62117e+06, 0
4.23513e+06, 1.75066e+06, 0
2.81806e+06, 4.8424e+06, 0
1.65378e+06, 2.1953e+06, 0
2.34812e+06, 3.957e+06, 0
4.30518e+06, 3.13746e+06, 0
8.0493e+06, 7.52398e+06, 0
9.1855e+06, 4.89635e+06, 0
1.6792e+06, 1.31609e+07, 0
1.71475e+06, 5.42851e+06, 0
2.33773e+06, 2.4045e+06, 0
400551, 6.70729e+06, 0
3.36382e+06, 6.70441e+06, 0
3.13881e+06, 9.1667e+06, 0
4.24574e+06, 2.29479e+06, 0
5.39055e+06, 2.08284e+06, 0
1.17023e+06, 6.99121e+06, 0
996625, 5.09088e+06, 0
1.95343e+06, 2.86299e+06, 0
5.49743e+06, 9.4245e+06, 0
3.82679e+06, 4.78476e+06, 0
962984, 2.41962e+06, 0
1.94445e+06, 3.34885e+06, 0
1.99144e+06, 6.05699e+06, 0
3.78329e+06, 660849, 0
5.05185e+06, 5.45915e+06, 0
1.43534e+06, 3.31662e+06, 0
964343, 4.05042e+06, 0
4.14121e+06, 5.00161e+06, 0
1.23696e+06, 2.01571e+06, 0
2.83728e+06, 2.8146e+06, 0
1.45669e+06, 7.88614e+06, 0
3.13346e+06, 6.85462e+06, 0
2.23728e+06, 1.16806e+07, 0
1.31836e+06, 4.72357e+06, 0
4.83805e+06, 9.8713e+06, 0
5.72831e+06, 2.55284e+06, 0
6.92159e+06, 4.5871e+06, 0
5.24151e+06, 5.3469e+06, 0
530321, 6.21541e+06, 0
3.75896e+06, 5.96015e+06, 0
4.20065e+06, 6.84649e+06, 0
4.47957e+06, 2.88109e+06, 0
3.98978e+06, 7.26097e+06, 0
1.35385e+06, 7.80274e+06, 0
902895, 5.0642e+06, 0
2.25554e+06, 3.90504e+06, 0
4.38463e+06, 4.67464e+06, 0
6.70717e+06, 5.19615e+06, 0
7.80367e+06, 9.46144e+06, 0
2.48095e+06, 2.36706e+06, 0
2.92609e+06, 5.60178e+06, 0
6.20318e+06, 3.35583e+06, 0
2.93012e+06, 2.75417e+06, 0
6.64064e+06, 1.01473e+07, 0
6.92616e+06, 4.3129e+06, 0
2.05427e+06, 2.92279e+06, 0
7.06609e+06, 2.6393e+06, 0
1.34443e+06, 3.65047e+06, 0
4.79392e+06, 5.46457e+06, 0
2.66223e+06, 4.24394e+06, 0
3.17132e+06, 3.6428e+06, 0
1.64967e+06, 3.42576e+06, 0
4.38498e+06, 4.96763e+06, 0
5.54506e+06, 4.68804e+06, 0
1.22412e+07, 5.44928e+06, 0
1.38166e+06, 3.66277e+06, 0
7.86526e+06, 5.11803e+06, 0
4.25496e+06, 1.66567e+06, 0
5.45557e+06, 4.58576e+06, 0
1.41959e+06, 8.15763e+06, 0
2.62922e+06, 8.82409e+06, 0
1.95368e+06, 3.73643e+06, 0
1.90174e+06, 2.33285e+06, 0
498143, 6.59232e+06, 0
3.39825e+06, 2.80005e+06, 0
339266, 7.24777e+06, 0
7.41211e+06, 4.33664e+06, 0
461065, 9.07153e+06, 0
1.76366e+06, 6.4733e+06, 0
3.44535e+06, 5.3305e+06, 0
3.91703e+06, 5.36161e+06, 0
5.40218e+06, 4.82061e+06, 0
1.58606e+06, 2.94739e+06, 0
2.59613e+06, 5.69098e+06, 0
3.1247e+06, 6.70035e+06, 0
1.40508e+06, 2.97373e+06, 0
1.43836e+06, 1.60572e+06, 0
1.40616e+06, 1.37857e+06, 0
7.83853e+06, 5.86515e+06, 0
1.45669e+06, 5.95969e+06, 0
7.26033e+06, 6.23647e+06, 0
2.69777e+06, 3.54203e+06, 0
3.77111e+06, 4.74821e+06, 0
700582, 8.53287e+06, 0
1.11545e+06, 6.17299e+06, 0
435580, 8.90803e+06, 0
2.03273e+06, 1.18298e+06, 0
1.86352e+06, 1.99578e+06, 0
8.76954e+06, 2.82674e+06, 0
1.16266e+06, 3.55614e+06, 0
4.13048e+06, 6.75689e+06, 0
3.01424e+06, 5.13712e+06, 0
3.95295e+06, 6.36249e+06, 0
2.63056e+06, 4.23744e+06, 0
7.79522e+06, 7.1218e+06, 0
2.01881e+06, 4.19847e+06, 0
508087, 6.26047e+06, 0
3.49387e+06, 7.08325e+06, 0
2.03987e+06, 3.26664e+06, 0
1.72519e+06, 9.2936e+06, 0
2.95291e+06, 3.36528e+06, 0
5.9805e+06, 3.43112e+06, 0
4.57895e+06, 579707, 0
1.51734e+06, 9.43657e+06, 0
603580, 2.5942e+06, 0
1.07627e+06, 4.82719e+06, 0
4.02442e+06, 4.39647e+06, 0
6.12088e+06, 3.5743e+06, 0
1.44172e+06, 8.56013e+06, 0
3.71496e+06, 8.00896e+06, 0
3.20797e+06, 8.76115e+06, 0
714176, 8.99722e+06, 0
3.48378e+06, 2.34652e+06, 0
752525, 4.53893e+06, 0
391092, 2.45849e+06, 0
1.24079e+06, 5.19731e+06, 0
1.01055e+07, 3.42896e+06, 0
1.91928e+06, 8.06288e+06, 0
1.90448e+06, 5.41642e+06, 0
1.79847e+06, 2.65347e+06, 0
518694, 1.22275e+06, 0
788125, 8.84657e+06, 0
1.97809e+06, 6.7323e+06, 0
1.79512e+06, 7.65774e+06, 0
1.16371e+07, 4.35477e+06, 0
3.57471e+06, 9.12718e+06, 0
5.52713e+06, 7.2814e+06, 0
1.51455e+06, 3.61912e+06, 0
3.12555e+06, 8.2283e+06, 0
356961, 8.76617e+06, 0
2.17065e+06, 2.69861e+06, 0
4.61712e+06, 7.01656e+06, 0
2.75172e+06, 9.44995e+06, 0
7.59882e+06, 2.39461e+06, 0
7.85231e+06, 6.30967e+06, 0
1.87172e+06, 4.64649e+06, 0
6.25017e+06, 5.19742e+06, 0
9.52192e+06, 2.1786e+06, 0
558655, 2.35432e+06, 0
3.19505e+06, 5.14075e+06, 0
379263, 2.43023e+06, 0
5.41642e+06, 9.86355e+06, 0
3.24565e+06, 6.52726e+06, 0
2.16854e+06, 3.25157e+06, 0
1.48699e+06, 7.38824e+06, 0
3.53726e+06, 1.70208e+06, 0
4.53026e+06, 1.24458e+06, 0
5.42461e+06, 8.49418e+06, 0
9.65821e+06, 2.10325e+06, 0
1.01554e+07, 2.32911e+06, 0
5.81122e+06, 2.78072e+06, 0
1.6441e+06, 4.10668e+06, 0
1.60564e+06, 6.04417e+06, 0
1.45487e+06, 1.03297e+06, 0
4.26432e+06, 2.88437e+06, 0
1.11471e+06, 9.43571e+06, 0
3.08654e+06, 2.59491e+06, 0
2.5307e+06, 3.7771e+06, 0
2.94137e+06, 5.79617e+06, 0
1.17859e+06, 6.37964e+06, 0
6.50067e+06, 5.79042e+06, 0
1.46885e+06, 1.30376e+06, 0
2.82747e+06, 6.258e+06, 0
1.70375e+06, 5.21676e+06, 0
889635, 1.00818e+07, 0
486759, 8.444e+06, 0
4.80985e+06, 7.66243e+06, 0
8.47705e+06, 2.28407e+06, 0
4.44988e+06, 3.51763e+06, 0
2.1064e+06, 6.79332e+06, 0
4.90798e+06, 3.88107e+06, 0
2.28324e+06, 5.16426e+06, 0
3.12818e+06, 9.29149e+06, 0
1.45342e+06, 1.09658e+07, 0
1.05329e+06, 4.47141e+06, 0
3.56093e+06, 3.04385e+06, 0
2.73299e+06, 2.51289e+06, 0
2.15096e+06, 6.50869e+06, 0
6.79769e+06, 2.6725e+06, 0
1.81763e+06, 4.30512e+06, 0
3.91658e+06, 2.85064e+06, 0
2.18796e+06, 8.22157e+06, 0
601724, 5.97959e+06, 0
400333, 8.30831e+06, 0
2.08567e+06, 474776, 0
1.43356e+06, 971371, 0
5.78363e+06, 5.43575e+06, 0
4.29416e+06, 6.11793e+06, 0
2.63791e+06, 6.2952e+06, 0
5.81727e+06, 953505, 0
6.37811e+06, 6.72905e+06, 0
1.45669e+06, 6.05405e+06, 0
2.52443e+06, 6.96462e+06, 0
1.09313e+06, 1.00224e+06, 0
4.88833e+06, 1.27141e+06, 0
3.50859e+06, 5.50491e+06, 0
6.47786e+06, 1.1807e+07, 0
2.59708e+06, 1.17556e+07, 0
3.39537e+06, 1.06581e+07, 0
966791, 1.50511e+06, 0
6.69648e+06, 1.07726e+07, 0
4.27593e+06, 1.05308e+07, 0
3.24021e+06, 9.21576e+06, 0
7.76073e+06, 8.94538e+06, 0
2.08186e+06, 4.83704e+06, 0
4.55682e+06, 2.1112e+06, 0
2.00428e+06, 2.3942e+06, 0
499887, 2.54627e+06, 0
3.47984e+06, 5.71147e+06, 0
1.70041e+06, 7.98261e+06, 0
7.3533e+06, 6.98687e+06, 0
1.59014e+06, 1.15286e+06, 0
3.47889e+06, 3.18757e+06, 0
3.53963e+06, 7.97084e+06, 0
4.44322e+06, 6.40854e+06, 0
951123, 2.1947e+06, 0
3.97491e+06, 9.99156e+06, 0
1.41758e+06, 5.95122e+06, 0
459207, 2.75783e+06, 0
5.66059e+06, 5.03988e+06, 0
3.64693e+06, 1.56394e+06, 0
4.16606e+06, 2.30461e+06, 0
690974, 6.42893e+06, 0
4.22905e+06, 8.29243e+06, 0
9.66492e+06, 5.64376e+06, 0
6.79434e+06, 3.91784e+06, 0
814075, 2.19533e+06, 0
730873, 5.06883e+06, 0
7.14611e+06, 7.85209e+06, 0
6.50843e+06, 8.80268e+06, 0
836431, 2.80824e+06, 0
2.98506e+06, 8.46086e+06, 0
3.20814e+06, 1.58232e+06, 0
4.85207e+06, 5.36156e+06, 0
3.95063e+06, 5.19314e+06, 0
1.48427e+06, 3.2649e+06, 0
3.59061e+06, 6.54694e+06, 0
715314, 1.00287e+07, 0
3.41077e+06, 6.53835e+06, 0
6.16646e+06, 4.3182e+06, 0
1.50028e+06, 6.40767e+06, 0
771747, 7.10387e+06, 0
4.57502e+06, 1.34159e+07, 0
6.78419e+06, 3.83238e+06, 0
1.45669e+06, 5.95986e+06, 0
2.4804e+06, 4.30585e+06, 0
1.02447e+06, 4.17805e+06, 0
5.02685e+06, 7.01076e+06, 0
9.241e+06, 5.13099e+06, 0
5.0878e+06, 2.64714e+06, 0
6.10283e+06, 3.28539e+06, 0
8.84314e+06, 6.34341e+06, 0
5.2075e+06, 6.61528e+06, 0
7.74901e+06, 7.41981e+06, 0
4.07172e+06, 6.86443e+06, 0
4.43043e+06, 4.36178e+06, 0
5.15036e+06, 850443, 0
2.16258e+06, 6.72106e+06, 0
3.93955e+06, 5.24774e+06, 0
2.08748e+06, 7.04407e+06, 0
4.48577e+06, 4.39188e+06, 0
374841, 8.16322e+06, 0
2.34421e+06, 6.16834e+06, 0
3.18031e+06, 5.69531e+06, 0
6.2573e+06, 1.48046e+07, 0
7.44749e+06, 2.86476e+06, 0
4.64351e+06, 5.03893e+06, 0
9.73012e+06, 4.49985e+06, 0
2.08765e+06, 1.09556e+07, 0
3.15126e+06, 4.56881e+06, 0
1.68684e+06, 5.22999e+06, 0
4.28644e+06, 7.63894e+06, 0
1.2828e+06, 2.61331e+06, 0
4.4647e+06, 6.9663e+06, 0
420308, 1.32896e+07, 0
5.54336e+06, 4.87128e+06, 0
3.65114e+06, 1.01824e+07, 0
1.2601e+06, 2.93651e+06, 0
1.22846e+06, 4.63021e+06, 0
1.33517e+06, 5.25983e+06, 0
1.50804e+06, 3.24261e+06, 0
8.33227e+06, 6.49199e+06, 0
518316, 8.46962e+06, 0
2.80291e+06, 4.29237e+06, 0
3.52437e+06, 1.42942e+06, 0
1.7224e+06, 2.89205e+06, 0
2.41084e+06, 7.73492e+06, 0
1.57225e+06, 4.7122e+06, 0
4.21525e+06, 2.00746e+06, 0
5.97607e+06, 1.14664e+06, 0
1.49896e+06, 9.49895e+06, 0
3.59264e+06, 6.0958e+06, 0
1.07706e+06, 5.97156e+06, 0
4.30091e+06, 5.64391e+06, 0
880228, 4.16028e+06, 0
9.64952e+06, 9.48419e+06, 0
1.75049e+06, 8.06571e+06, 0
774887, 1.15754e+06, 0
4.92117e+06, 7.0909e+06, 0
3.47797e+06, 7.94069e+06, 0
1.62188e+06, 4.29842e+06, 0
5.43005e+06, 4.97289e+06, 0
1.09066e+06, 5.16375e+06, 0
2.76008e+06, 4.24711e+06, 0
689752, 3.69623e+06, 0
1.54342e+06, 9.20808e+06, 0
4.34803e+06, 1.75613e+06, 0
2.46085e+06, 4.53821e+06, 0
2.42537e+06, 6.24491e+06, 0
6.1697e+06, 8.46668e+06, 0
2.82038e+06, 1.8849e+06, 0
3.11677e+06, 1.95142e+06, 0
8.0397e+06, 7.79499e+06, 0
736152, 1.52488e+06, 0
783112, 5.89972e+06, 0
3.28809e+06, 4.7299e+06, 0
4.31999e+06, 7.58766e+06, 0
1.80087e+06, 1.88057e+06, 0
2.26919e+06, 7.61944e+06, 0
2.06865e+06, 4.72118e+06, 0
1.42683e+06, 3.48832e+06, 0
1.05846e+06, 1.04922e+06, 0
1.51192e+06, 1.46619e+06, 0
9.70866e+06, 8.65012e+06, 0
6.43241e+06, 5.35408e+06, 0
8.932e+06, 6.82175e+06, 0
4.20112e+06, 5.94609e+06, 0
4.72543e+06, 5.10745e+06, 0
437610, 715890, 0
1.50947e+06, 5.01046e+06, 0
7.63494e+06, 2.80433e+06, 0
5.46343e+06, 4.75858e+06, 0
1.67942e+06, 5.91058e+06, 0
961469, 3.54968e+06, 0
741084, 6.52365e+06, 0
2.37173e+06, 9.46576e+06, 0
4.82252e+06, 1.23014e+07, 0
8.19797e+06, 8.3066e+06, 0
3.36006e+06, 1.53169e+06, 0
2.78894e+06, 4.2066e+06, 0
4.28255e+06, 1.94638e+06, 0
7.17555e+06, 9.09511e+06, 0
2.99989e+06, 3.27616e+06, 0
8.78594e+06, 4.10275e+06, 0
4.50102e+06, 6.49246e+06, 0
4.1061e+06, 4.08238e+06, 0
1.31917e+06, 3.80199e+06, 0
8.27991e+06, 5.05481e+06, 0
909696, 7.76861e+06, 0
2.33445e+06, 7.31764e+06, 0
6.96934e+06, 4.11677e+06, 0
2.29902e+06, 1.65195e+06, 0
2.53142e+06, 4.98913e+06, 0
580672, 2.16503e+06, 0
5.76749e+06, 870176, 0
2.18374e+06, 3.59654e+06, 0
4.32653e+06, 9.16932e+06, 0
1.47707e+06, 6.21703e+06, 0
4.93885e+06, 2.32702e+06, 0
1.66902e+06, 4.46629e+06, 0
6.7302e+06, 6.24125e+06, 0
3.65877e+06, 5.75812e+06, 0
2.32325e+06, 3.70503e+06, 0
3.62499e+06, 4.30804e+06, 0
2.05601e+06, 2.89053e+06, 0
4.34803e+06, 2.36339e+06, 0
5.00414e+06, 2.39326e+06, 0
4.07868e+06, 1.90738e+06, 0
8.41658e+06, 6.64528e+06, 0
7.49016e+06, 6.43835e+06, 0
2.13458e+06, 2.58097e+06, 0
4.19332e+06, 6.20619e+06, 0
3.50419e+06, 341073, 0
6.02789e+06, 2.36489e+06, 0
4.78738e+06, 3.21784e+06, 0
4.4224e+06, 4.41484e+06, 0
3.70117e+06, 6.6549e+06, 0
623113, 4.17526e+06, 0
1.50158e+06, 5.11935e+06, 0
812287, 2.44868e+06, 0
5.01389e+06, 1.23665e+06, 0
379359, 8.72023e+06, 0
656864, 5.01042e+06, 0
2.16398e+06, 6.58365e+06, 0
670436, 3.57304e+06, 0
2.37369e+06, 1.23199e+06, 0
5.43414e+06, 5.3177e+06, 0
6.16834e+06, 4.20254e+06, 0
459444, 6.58415e+06, 0
2.41916e+06, 6.92072e+06, 0
3.15482e+06, 5.34009e+06, 0
4.07098e+06, 5.11213e+06, 0
3.02397e+06, 4.50397e+06, 0
1.1316e+06, 8.2165e+06, 0
4.73873e+06, 1.05769e+07, 0
3.01579e+06, 3.91011e+06, 0
917562, 6.66396e+06, 0
1.30043e+06, 4.91155e+06, 0
5.41848e+06, 4.48103e+06, 0
6.30632e+06, 3.89756e+06, 0
1.78655e+06, 4.32906e+06, 0
620152, 2.16049e+06, 0
9.95026e+06, 4.26962e+06, 0
5.11512e+06, 1.17479e+07, 0
544051, 8.65679e+06, 0
6.93459e+06, 2.05178e+06, 0
3.77063e+06, 7.26704e+06, 0
2.26847e+06, 2.90687e+06, 0
3.16027e+06, 8.70564e+06, 0
1.11642e+06, 4.52736e+06, 0
2.63593e+06, 7.56888e+06, 0
3.05631e+06, 6.78418e+06, 0
3.68144e+06, 7.93063e+06, 0
4.86318e+06, 3.65358e+06, 0
1.08335e+06, 9.63072e+06, 0
1.70997e+06, 7.36343e+06, 0
441431, 8.16082e+06, 0
2.66289e+06, 8.3649e+06, 0
3.07417e+06, 4.18164e+06, 0
5.6802e+06, 8.14445e+06, 0
3.49803e+06, 8.4907e+06, 0
5.6458e+06, 9.50969e+06, 0
5.32118e+06, 1.13677e+07, 0
7.01408e+06, 7.12358e+06, 0
8.96068e+06, 2.25178e+06, 0
9.20118e+06, 4.89955e+06, 0
2.31751e+06, 6.77749e+06, 0
1.97895e+06, 2.59553e+06, 0
3.76073e+06, 3.43662e+06, 0
5.7382e+06, 8.63535e+06, 0
509049, 2.23604e+06, 0
5.43578e+06, 8.0237e+06, 0
7.77131e+06, 5.59411e+06, 0
1.58154e+06, 6.04359e+06, 0
7.80795e+06, 2.34561e+06, 0
2.92258e+06, 7.01882e+06, 0
7.87311e+06, 5.21702e+06, 0
1.65269e+06, 8.24192e+06, 0
3.82645e+06, 8.83618e+06, 0
5.80489e+06, 4.10012e+06, 0
2.62046e+06, 3.51103e+06, 0
3.90569e+06, 4.93353e+06, 0
2.26006e+06, 8.44852e+06, 0
2.0119e+06, 763105, 0
2.47472e+06, 4.98758e+06, 0
3.3345e+06, 416479, 0
2.25589e+06, 1.85152e+06, 0
3.58311e+06, 7.37466e+06, 0
6.25065e+06, 4.63599e+06, 0
3.16756e+06, 7.27274e+06, 0
6.84024e+06, 7.73813e+06, 0
2.11165e+06, 8.23837e+06, 0
854095, 7.67392e+06, 0
7.66813e+06, 4.25355e+06, 0
2.52175e+06, 1.01405e+07, 0
4.42852e+06, 7.12721e+06, 0
6.34474e+06, 5.82278e+06, 0
1.13382e+06, 2.74903e+06, 0
7.28428e+06, 5.56314e+06, 0
877812, 8.11107e+06, 0
8.54521e+06, 1.33196e+06, 0
8.04633e+06, 6.44808e+06, 0
2.57732e+06, 2.47786e+06, 0
6.19354e+06, 5.98061e+06, 0
2.30584e+06, 5.24318e+06, 0
507011, 5.12645e+06, 0
3.74331e+06, 3.90616e+06, 0
3.72326e+06, 5.5906e+06, 0
3.18338e+06, 8.75689e+06, 0
1.26843e+06, 3.95831e+06, 0
2.11937e+06, 4.49329e+06, 0
5.75972e+06, 4.72707e+06, 0
1.01592e+06, 1.28744e+07, 0
8.85165e+06, 2.85233e+06, 0
4.04367e+06, 5.21098e+06, 0
1.24403e+06, 3.93524e+06, 0
5.2837e+06, 2.73456e+06, 0
8.3843e+06, 577691, 0
1.91253e+06, 1.02898e+07, 0
755782, 7.67424e+06, 0
7.75044e+06, 759314, 0
2.54083e+06, 3.77355e+06, 0
1.43516e+06, 6.56024e+06, 0
4.72206e+06, 2.46582e+06, 0
2.04174e+06, 3.94866e+06, 0
1.95269e+06, 7.11048e+06, 0
1.07936e+07, 2.70442e+06, 0
1.39075e+06, 3.97158e+06, 0
8.58343e+06, 9.14557e+06, 0
3.43256e+06, 2.09738e+06, 0
2.56228e+06, 2.84339e+06, 0
4.83054e+06, 6.65159e+06, 0
4.22263e+06, 5.52185e+06, 0
5.35296e+06, 9.51973e+06, 0
3.92306e+06, 9.12603e+06, 0
5.32493e+06, 7.85875e+06, 0
6.69778e+06, 2.51339e+06, 0
877838, 1.22655e+06, 0
2.43413e+06, 6.83518e+06, 0
8.11767e+06, 3.87755e+06, 0
4.19e+06, 876721, 0
3.68214e+06, 2.79867e+06, 0
545048, 1.54108e+06, 0
3.66496e+06, 4.37366e+06, 0
1.3639e+06, 7.75205e+06, 0
6.48732e+06, 1.14525e+07, 0
3.97128e+06, 1.64642e+06, 0
969547, 4.21237e+06, 0
2.80261e+06, 5.58575e+06, 0
3.56709e+06, 2.56216e+06, 0
1.36451e+06, 2.45383e+06, 0
1.46233e+06, 5.461e+06, 0
1.78007e+06, 7.94159e+06, 0
3.38021e+06, 7.1489e+06, 0
9.86189e+06, 2.74669e+06, 0
2.77872e+06, 3.3887e+06, 0
2.73662e+06, 2.71926e+06, 0
5.03913e+06, 3.37126e+06, 0
2.61835e+06, 578667, 0
4.27136e+06, 8.85873e+06, 0
2.16685e+06, 4.76228e+06, 0
4.86622e+06, 2.99048e+06, 0
3.75788e+06, 3.19147e+06, 0
5.92518e+06, 5.21759e+06, 0
5.60811e+06, 7.27105e+06, 0
3.19107e+06, 5.67639e+06, 0
1.60394e+06, 2.77567e+06, 0
1.33501e+06, 4.12252e+06, 0
1.0496e+06, 1.03549e+07, 0
2.49104e+06, 5.89939e+06, 0
6.39433e+06, 6.29804e+06, 0
555513, 3.07631e+06, 0
2.37434e+06, 5.24628e+06, 0
3.23808e+06, 3.16423e+06, 0
1.51171e+06, 3.96499e+06, 0
2.44218e+06, 3.00694e+06, 0
2.17733e+06, 437402, 0
2.37983e+06, 5.27113e+06, 0
1.72882e+06, 1.05392e+07, 0
1.45669e+06, 6.19253e+06, 0
3.10809e+06, 7.55325e+06, 0
5.0611e+06, 8.6798e+06, 0
983613, 8.70295e+06, 0
4.81099e+06, 6.33711e+06, 0
1.62833e+06, 5.48886e+06, 0
2.00459e+06, 3.90293e+06, 0
3.02395e+06, 9.36529e+06, 0
3.07163e+06, 1.89238e+06, 0
8.95827e+06, 3.77773e+06, 0
3.00044e+06, 5.07645e+06, 0
1.07183e+06, 2.79358e+06, 0
445989, 3.44118e+06, 0
4.12259e+06, 1.49502e+07, 0
4.99799e+06, 4.03131e+06, 0
2.6435e+06, 3.153e+06, 0
1.87593e+06, 8.67344e+06, 0
7.2627e+06, 3.8008e+06, 0
4.32638e+06, 7.4812e+06, 0
412963, 2.75364e+06, 0
8.48145e+06, 2.90565e+06, 0
1.56913e+06, 3.1944e+06, 0
5.99666e+06, 6.48455e+06, 0
507556, 7.19554e+06, 0
2.69444e+06, 5.54826e+06, 0
922743, 1.27112e+06, 0
8.73056e+06, 2.74679e+06, 0
5.28906e+06, 2.82806e+06, 0
4.05356e+06, 5.00497e+06, 0
628384, 4.35342e+06, 0
2.71803e+06, 6.81142e+06, 0
1.46294e+06, 3.94796e+06, 0
2.46575e+06, 2.93119e+06, 0
4.09043e+06, 8.69332e+06, 0
2.26827e+06, 7.19553e+06, 0
972078, 2.37334e+06, 0
2.90914e+06, 4.73734e+06, 0
1.26624e+06, 5.27977e+06, 0
1.82986e+06, 3.74616e+06, 0
4.8874e+06, 5.25756e+06, 0
530885, 1.07483e+07, 0
1.44937e+06, 2.68261e+06, 0
2.25109e+06, 1.4013e+07, 0
977340, 7.60726e+06, 0
1.06503e+06, 766685, 0
7.30923e+06, 4.39833e+06, 0
4.87837e+06, 5.25114e+06, 0
2.90639e+06, 3.49062e+06, 0
3.01883e+06, 767975, 0
4.57456e+06, 5.70199e+06, 0
8.44581e+06, 3.06277e+06, 0
871547, 3.01254e+06, 0
1.08225e+06, 7.97043e+06, 0
2.11799e+06, 4.83865e+06, 0
2.47791e+06, 2.57516e+06, 0
4.24346e+06, 5.90902e+06, 0
7.62365e+06, 4.95853e+06, 0
6.32559e+06, 6.24487e+06, 0
5.20721e+06, 1.23258e+06, 0
5.20254e+06, 5.12446e+06, 0
805881, 6.61522e+06, 0
580366, 2.95953e+06, 0
2.89159e+06, 2.89883e+06, 0
9.36126e+06, 5.78148e+06, 0
480548, 4.1663e+06, 0
4.49565e+06, 3.68428e+06, 0
564691, 3.56929e+06, 0
5.07723e+06, 4.20645e+06, 0
3.15139e+06, 3.72826e+06, 0
579070, 4.25456e+06, 0
3.57316e+06, 2.2236e+06, 0
2.99949e+06, 2.59096e+06, 0
8.25663e+06, 8.46836e+06, 0
2.80581e+06, 2.61558e+06, 0
3.45801e+06, 3.11915e+06, 0
759229, 3.51895e+06, 0
6.88806e+06, 9.23158e+06, 0
1.27775e+06, 8.3405e+06, 0
4.80832e+06, 9.71821e+06, 0
4.86625e+06, 6.25707e+06, 0
4.58078e+06, 6.80841e+06, 0
2.98186e+06, 2.19874e+06, 0
3.14975e+06, 6.97035e+06, 0
677971, 9.15822e+06, 0
2.20658e+06, 1.35909e+07, 0
9.26675e+06, 7.89852e+06, 0
1.02224e+07, 5.12477e+06, 0
3.28813e+06, 6.24812e+06, 0
3.47462e+06, 4.3506e+06, 0
847240, 4.50974e+06, 0
1.56869e+06, 7.72426e+06, 0
1.10763e+06, 7.94086e+06, 0
2.56533e+06, 5.76333e+06, 0
5.12857e+06, 2.04319e+06, 0
5.61335e+06, 5.70499e+06, 0
8.21939e+06, 3.50715e+06, 0
6.54091e+06, 3.69701e+06, 0
8.2415e+06, 2.632e+06, 0
4.96038e+06, 6.83377e+06, 0
3.02164e+06, 4.59165e+06, 0
2.37037e+06, 1.35455e+06, 0
1.53826e+06, 5.45658e+06, 0
2.43627e+06, 1.44542e+06, 0
1.11887e+06, 5.70114e+06, 0
1.80169e+06, 3.32175e+06, 0
1.67002e+06, 8.61116e+06, 0
3.71178e+06, 6.26295e+06, 0
3.38516e+06, 3.07237e+06, 0
3.85963e+06, 8.05762e+06, 0
637918, 4.28472e+06, 0
3.10679e+06, 3.0885e+06, 0
477899, 3.34797e+06, 0
6.40216e+06, 1.25407e+07, 0
7.37513e+06, 4.87193e+06, 0
1.17987e+06, 1.08482e+06, 0
1.67094e+06, 4.30099e+06, 0
2.91371e+06, 7.07636e+06, 0
1.19826e+06, 5.29276e+06, 0
805881, 6.61522e+06, 0
1.18256e+06, 1.15328e+07, 0
5.01824e+06, 3.26881e+06, 0
4.2387e+06, 3.95687e+06, 0
4.01249e+06, 3.50908e+06, 0
1.25604e+06, 1.09667e+06, 0
939938, 6.9932e+06, 0
1.19022e+06, 427472, 0
7.61911e+06, 5.44504e+06, 0
5.75428e+06, 1.33594e+06, 0
4.03511e+06, 6.71513e+06, 0
6.54688e+06, 4.69475e+06, 0
945103, 3.56386e+06, 0
1.64434e+06, 4.28749e+06, 0
804515, 2.35581e+06, 0
4.22737e+06, 5.96381e+06, 0
5.912e+06, 6.95503e+06, 0
4.15645e+06, 1.41689e+06, 0
482271, 2.96913e+06, 0
3.37903e+06, 3.39881e+06, 0
4.40942e+06, 5.80808e+06, 0
4.28052e+06, 5.04043e+06, 0
2.97721e+06, 5.12826e+06, 0
1.08408e+06, 4.68611e+06, 0
1.78274e+06, 4.7319e+06, 0
5.15459e+06, 1.75693e+06, 0
5.14163e+06, 3.56088e+06, 0
2.43882e+06, 7.65324e+06, 0
1.55016e+06, 1.82566e+06, 0
2.04531e+06, 6.50745e+06, 0
5.8204e+06, 1.74721e+06, 0
597299, 6.00566e+06, 0
5.66652e+06, 5.58604e+06, 0
6.30093e+06, 4.6769e+06, 0
4.28602e+06, 3.41836e+06, 0
1.09197e+06, 5.53515e+06, 0
3.53561e+06, 7.5159e+06, 0
5.79881e+06, 5.35835e+06, 0
1.61444e+06, 7.65727e+06, 0
1.01119e+06, 5.70965e+06, 0
772577, 7.5385e+06, 0
2.70607e+06, 5.2653e+06, 0
7.46422e+06, 2.11149e+06, 0
893119, 2.89167e+06, 0
2.05316e+06, 4.58555e+06, 0
613136, 5.37645e+06, 0
1.94577e+06, 3.90466e+06, 0
1.41426e+06, 9.01208e+06, 0
4.04436e+06, 5.69305e+06, 0
1.88099e+06, 416755, 0
2.25453e+06, 2.74002e+06, 0
5.80929e+06, 9.34426e+06, 0
4.30722e+06, 1.11587e+07, 0
2.71316e+06, 3.07195e+06, 0
366507, 5.94442e+06, 0
3.0426e+06, 6.74091e+06, 0
1.53827e+06, 5.13629e+06, 0
4.43526e+06, 5.1688e+06, 0
809196, 5.46464e+06, 0
1.45669e+06, 5.93058e+06, 0
3.80962e+06, 2.35619e+06, 0
5.10125e+06, 7.81555e+06, 0
3.42088e+06, 6.86379e+06, 0
6.90213e+06, 8.82178e+06, 0
2.32754e+06, 8.27182e+06, 0
3.93461e+06, 1.87641e+06, 0
4.77334e+06, 6.21569e+06, 0
8.16558e+06, 6.79497e+06, 0
2.58078e+06, 1.28978e+06, 0
613361, 7.93468e+06, 0
2.2163e+06, 7.01741e+06, 0
3.1639e+06, 7.84614e+06, 0
775085, 9.34241e+06, 0
5.11099e+06, 3.91309e+06, 0
2.81275e+06, 3.67924e+06, 0
7.73692e+06, 5.92061e+06, 0
2.48616e+06, 5.45367e+06, 0
363687, 3.87225e+06, 0
459599, 1.15681e+06, 0
3.82998e+06, 2.57556e+06, 0
4.47867e+06, 1.12275e+07, 0
8.89113e+06, 9.61515e+06, 0
1.11604e+06, 7.51765e+06, 0
718217, 1.98896e+06, 0
1.98702e+06, 7.33378e+06, 0
5.25966e+06, 4.69771e+06, 0
6.69308e+06, 5.04202e+06, 0
1.00967e+06, 3.87343e+06, 0
4.80722e+06, 7.07341e+06, 0
5.08788e+06, 3.58983e+06, 0
1.30907e+07, 4.96873e+06, 0
4.14488e+06, 3.45008e+06, 0
3.66221e+06, 2.76967e+06, 0
1.53255e+06, 2.88958e+06, 0
1.21437e+06, 4.41305e+06, 0
1.00607e+06, 7.03958e+06, 0
3.70165e+06, 3.98857e+06, 0
3.27772e+06, 1.07745e+07, 0
934653, 2.68323e+06, 0
1.27793e+06, 2.84193e+06, 0
8.62486e+06, 2.16374e+06, 0
7.23441e+06, 4.18935e+06, 0
503515, 5.60158e+06, 0
346998, 2.50403e+06, 0
925549, 5.16799e+06, 0
3.31652e+06, 6.47845e+06, 0
5.8814e+06, 9.32877e+06, 0
1.0219e+06, 3.92783e+06, 0
682582, 5.68115e+06, 0
1.7272e+06, 4.96416e+06, 0
1.85726e+06, 6.41953e+06, 0
2.45257e+06, 1.08278e+07, 0
5.22697e+06, 2.16571e+06, 0
3.86275e+06, 1.54024e+06, 0
3.81375e+06, 4.74625e+06, 0
342013, 6.98338e+06, 0
7.69559e+06, 5.17858e+06, 0
7.10825e+06, 3.20049e+06, 0
3.41043e+06, 2.55274e+06, 0
5.65863e+06, 1.58839e+06, 0
3.81247e+06, 5.69433e+06, 0
2.43835e+06, 2.57457e+06, 0
1.1086e+06, 7.89723e+06, 0
2.91723e+06, 6.32851e+06, 0
3.14469e+06, 4.85842e+06, 0
1.72067e+06, 6.62456e+06, 0
3.42655e+06, 1.05284e+07, 0
1.62569e+06, 6.11609e+06, 0
6.02065e+06, 5.60679e+06, 0
2.45557e+06, 8.60315e+06, 0
3.62337e+06, 3.68009e+06, 0
4.48453e+06, 5.66339e+06, 0
571091, 4.31569e+06, 0
3.76613e+06, 3.07808e+06, 0
1.04667e+07, 9.57928e+06, 0
4.22027e+06, 9.85242e+06, 0
442572, 9.11209e+06, 0
3.73488e+06, 7.69395e+06, 0
2.67629e+06, 6.97299e+06, 0
5.3027e+06, 7.61378e+06, 0
1.09835e+06, 1.80831e+06, 0
811321, 677290, 0
1.91848e+06, 4.17275e+06, 0
1.51749e+06, 4.04102e+06, 0
4.90319e+06, 1.59523e+06, 0
4.14621e+06, 3.28304e+06, 0
4.09593e+06, 4.0274e+06, 0
4.04211e+06, 3.2804e+06, 0
6.9921e+06, 5.89479e+06, 0
5.1839e+06, 7.95128e+06, 0
2.07811e+06, 2.16511e+06, 0
5.45282e+06, 4.08685e+06, 0
1.04142e+06, 4.59695e+06, 0
2.54606e+06, 5.99318e+06, 0
9.2583e+06, 9.83427e+06, 0
609670, 4.47844e+06, 0
4.1365e+06, 4.6441e+06, 0
5.64312e+06, 3.85687e+06, 0
3.69207e+06, 4.40242e+06, 0
1.77962e+06, 876473, 0
2.84991e+06, 1.04396e+07, 0
4.21784e+06, 6.38056e+06, 0
3.33522e+06, 4.80055e+06, 0
2.53867e+06, 5.3083e+06, 0
3.20485e+06, 2.08818e+06, 0
6.02452e+06, 6.36435e+06, 0
3.64688e+06, 7.39229e+06, 0
6.18646e+06, 7.84335e+06, 0
3.54554e+06, 4.0305e+06, 0
1.67437e+06, 5.0823e+06, 0
1.85813e+06, 7.73029e+06, 0
1.26741e+06, 7.31428e+06, 0
2.94369e+06, 4.32116e+06, 0
1.43217e+07, 6.59193e+06, 0
1.16423e+06, 5.62293e+06, 0
805881, 6.66405e+06, 0
748637, 8.10089e+06, 0
2.75362e+06, 6.67149e+06, 0
1.53542e+06, 7.57605e+06, 0
8.98513e+06, 4.93837e+06, 0
2.69918e+06, 5.08253e+06, 0
4.92227e+06, 1.53882e+06, 0
1.00768e+06, 7.04342e+06, 0
7.16881e+06, 4.15851e+06, 0
5.20065e+06, 6.6489e+06, 0
4.64128e+06, 3.32613e+06, 0
1.53614e+06, 2.28459e+06, 0
6.24337e+06, 2.14452e+06, 0
5.617e+06, 5.98888e+06, 0
1.85768e+06, 5.33593e+06, 0
2.38345e+06, 1.26729e+07, 0
3.53938e+06, 6.10274e+06, 0
7.6386e+06, 4.81184e+06, 0
720130, 4.71308e+06, 0
6.4705e+06, 7.26536e+06, 0
822818, 9.07911e+06, 0
8.22802e+06, 547665, 0
5.51227e+06, 2.26355e+06, 0
4.05361e+06, 3.44848e+06, 0
2.43323e+06, 7.05266e+06, 0
2.39269e+06, 1.06754e+07, 0
1.05241e+07, 8.28563e+06, 0
4.90242e+06, 4.96742e+06, 0
1.1716e+06, 3.97336e+06, 0
7.65414e+06, 1.01042e+07, 0
6.635e+06, 1.08337e+06, 0
4.24301e+06, 2.84443e+06, 0
2.62191e+06, 8.11623e+06, 0
1.82101e+06, 3.31126e+06, 0
3.73018e+06, 9.4762e+06, 0
1.33469e+06, 4.42482e+06, 0
3.06022e+06, 1.40554e+06, 0
1.55846e+06, 2.2619e+06, 0
4.98394e+06, 5.00278e+06, 0
2.23247e+06, 5.17693e+06, 0
1.05766e+06, 5.82184e+06, 0
708936, 7.45792e+06, 0
5.33034e+06, 1.53138e+06, 0
2.42709e+06, 5.60682e+06, 0
4.89229e+06, 8.4838e+06, 0
1.82237e+06, 6.51119e+06, 0
366591, 8.53409e+06, 0
568371, 5.17762e+06, 0
3.53428e+06, 3.33696e+06, 0
3.96295e+06, 2.75226e+06, 0
7.60354e+06, 7.90912e+06, 0
2.21552e+06, 2.63651e+06, 0
2.59564e+06, 5.2066e+06, 0
987275, 4.10726e+06, 0
1.5051e+06, 8.24409e+06, 0
1.2556e+06, 8.04495e+06, 0
2.07579e+06, 2.8513e+06, 0
826077, 9.62109e+06, 0
2.68396e+06, 2.80257e+06, 0
778615, 1.76719e+06, 0
2.83529e+06, 3.55599e+06, 0
492574, 4.91745e+06, 0
1.55503e+06, 4.9294e+06, 0
5.08229e+06, 3.4673e+06, 0
4.17821e+06, 8.8106e+06, 0
4.83272e+06, 2.65006e+06, 0
1.26996e+06, 9.16211e+06, 0
2.73682e+06, 1.31799e+06, 0
4.51877e+06, 7.55676e+06, 0
2.64082e+06, 2.63018e+06, 0
3.40368e+06, 1.73152e+06, 0
5.70154e+06, 4.84724e+06, 0
974765, 2.47336e+06, 0
6.01071e+06, 7.37744e+06, 0
6.56017e+06, 1.31864e+06, 0
5.50669e+06, 6.10984e+06, 0
1.44223e+06, 6.73979e+06, 0
7.42944e+06, 1.02177e+06, 0
7.53382e+06, 1.52021e+07, 0
5.60696e+06, 3.46989e+06, 0
6.48114e+06, 6.38544e+06, 0
4.74731e+06, 1.88138e+06, 0
2.95584e+06, 5.97273e+06, 0
2.55939e+06, 5.43011e+06, 0
614057, 8.806e+06, 0
1.4662e+06, 5.94783e+06, 0
3.32866e+06, 4.51227e+06, 0
8.6235e+06, 5.90979e+06, 0
1.30525e+06, 5.60846e+06, 0
3.72709e+06, 730354, 0
2.40529e+06, 9.24501e+06, 0
2.68278e+06, 763951, 0
3.78039e+06, 2.05346e+06, 0
4.30597e+06, 2.31638e+06, 0
2.20154e+06, 9.02821e+06, 0
532915, 9.01584e+06, 0
3.08517e+06, 4.78827e+06, 0
4.64379e+06, 9.27237e+06, 0
2.43792e+06, 2.0693e+06, 0
5.86295e+06, 1.02949e+07, 0
919627, 6.35941e+06, 0
3.58359e+06, 1.46145e+06, 0
3.28019e+06, 2.41896e+06, 0
4.16003e+06, 4.77413e+06, 0
3.07993e+06, 1.32075e+06, 0
945079, 2.76942e+06, 0
2.06888e+06, 5.46235e+06, 0
913372, 3.25686e+06, 0
9.92829e+06, 1.00333e+07, 0
1.80993e+06, 1.36616e+06, 0
1.41335e+06, 5.01897e+06, 0
2.96072e+06, 5.31864e+06, 0
1.75328e+06, 8.8543e+06, 0
2.37794e+06, 8.03653e+06, 0
1.63769e+06, 3.64795e+06, 0
1.11266e+06, 2.2471e+06, 0
1.99291e+06, 4.36287e+06, 0
4.34803e+06, 2.23125e+06, 0
1.00963e+06, 7.95744e+06, 0
1.22299e+06, 4.2681e+06, 0
9.04514e+06, 4.47589e+06, 0
949068, 4.82459e+06, 0
548054, 3.22565e+06, 0
2.72562e+06, 6.38811e+06, 0
713861, 5.02886e+06, 0
4.85469e+06, 7.44197e+06, 0
3.24334e+06, 2.27983e+06, 0
8.22544e+06, 4.91987e+06, 0
2.94204e+06, 2.78277e+06, 0
1.55139e+06, 5.56265e+06, 0
1.95395e+06, 6.78044e+06, 0
4.60595e+06, 9.78232e+06, 0
5.8534e+06, 6.76069e+06, 0
3.94844e+06, 7.35209e+06, 0
813030, 6.47315e+06, 0
2.10377e+06, 2.76679e+06, 0
1.51299e+06, 4.53404e+06, 0
535703, 5.84577e+06, 0
3.66574e+06, 6.55575e+06, 0
5.69823e+06, 7.48039e+06, 0
2.5907e+06, 5.67714e+06, 0
9.27498e+06, 6.83801e+06, 0
6.9857e+06, 3.37217e+06, 0
6.56129e+06, 5.50362e+06, 0
5.24425e+06, 1.99518e+06, 0
1.84672e+06, 6.58436e+06, 0
4.42902e+06, 3.85076e+06, 0
4.648e+06, 3.99419e+06, 0
1.41267e+06, 6.39125e+06, 0
8.18424e+06, 3.29345e+06, 0
336325, 6.76679e+06, 0
3.93153e+06, 4.69416e+06, 0
5.09628e+06, 3.90599e+06, 0
382928, 2.45499e+06, 0
4.61834e+06, 6.05984e+06, 0
997106, 9.19757e+06, 0
3.825e+06, 7.66065e+06, 0
1.07344e+06, 4.90121e+06, 0
3.2827e+06, 2.40923e+06, 0
3.67318e+06, 3.11834e+06, 0
2.1756e+06, 8.80177e+06, 0
1.53807e+06, 5.92461e+06, 0
6.47512e+06, 8.75528e+06, 0
6.87745e+06, 5.11377e+06, 0
2.97854e+06, 7.25202e+06, 0
2.92451e+06, 8.17799e+06, 0
784641, 8.58712e+06, 0
9.51962e+06, 4.92726e+06, 0
4.16643e+06, 2.32507e+06, 0
2.20931e+06, 1.2046e+06, 0
3.1336e+06, 1.08456e+07, 0
2.99477e+06, 3.4979e+06, 0
4.60256e+06, 3.95194e+06, 0
1.5745e+06, 4.22135e+06, 0
6.40954e+06, 1.0019e+07, 0
4.9255e+06, 3.84462e+06, 0
773455, 4.55864e+06, 0
1.21019e+06, 2.40983e+06, 0
863308, 1.32964e+06, 0
2.26099e+06, 6.15882e+06, 0
7.88936e+06, 2.88797e+06, 0
6.38252e+06, 1.35226e+07, 0
1.11704e+06, 2.58289e+06, 0
441284, 3.1467e+06, 0
4.30406e+06, 8.4535e+06, 0
4.01609e+06, 8.33719e+06, 0
3.61432e+06, 8.97127e+06, 0
616837, 1.21335e+07, 0
4.73175e+06, 3.15058e+06, 0
9.97143e+06, 4.07431e+06, 0
4.86344e+06, 9.93132e+06, 0
2.26317e+06, 4.42929e+06, 0
4.02687e+06, 4.45829e+06, 0
1.63767e+06, 8.76429e+06, 0
4.4118e+06, 3.55198e+06, 0
3.20114e+06, 1.47503e+06, 0
5.65506e+06, 2.75749e+06, 0
1.74399e+06, 6.078e+06, 0
944859, 5.61904e+06, 0
6.39401e+06, 1.18836e+07, 0
1.24545e+06, 1.21258e+07, 0
3.95306e+06, 5.7755e+06, 0
337502, 7.94623e+06, 0
6.48499e+06, 3.3064e+06, 0
4.61546e+06, 1.70118e+06, 0
6.62772e+06, 3.35987e+06, 0
2.02519e+06, 3.72865e+06, 0
921574, 6.03862e+06, 0
7.51292e+06, 2.62466e+06, 0
561288, 4.48407e+06, 0
690662, 9.14198e+06, 0
4.04464e+06, 5.54745e+06, 0
1.08758e+06, 2.46452e+06, 0
1.14073e+06, 7.84524e+06, 0
639788, 3.56281e+06, 0
3.18549e+06, 3.38911e+06, 0
3.14987e+06, 3.19101e+06, 0
6.77083e+06, 9.40764e+06, 0
2.77696e+06, 5.09159e+06, 0
2.99586e+06, 934736, 0
3.0306e+06, 3.90783e+06, 0
663319, 8.28112e+06, 0
862964, 2.40371e+06, 0
6.75051e+06, 5.73826e+06, 0
5.43829e+06, 1.38416e+06, 0
794018, 6.6093e+06, 0
4.60657e+06, 1.26577e+06, 0
6.81534e+06, 3.90994e+06, 0
1.00173e+06, 2.68167e+06, 0
2.93202e+06, 7.24007e+06, 0
5.36226e+06, 8.81782e+06, 0
4.48489e+06, 7.21918e+06, 0
7.85231e+06, 1.79941e+06, 0
1.96813e+06, 9.96471e+06, 0
1.1517e+07, 855873, 0
1.03394e+06, 2.99207e+06, 0
3.4412e+06, 5.38113e+06, 0
2.79898e+06, 2.06912e+06, 0
5.27892e+06, 4.35285e+06, 0
4.08804e+06, 3.59207e+06, 0
3.07084e+06, 2.1837e+06, 0
1.87185e+06, 3.3829e+06, 0
4.37384e+06, 5.8409e+06, 0
4.46979e+06, 1.894e+06, 0
1.23604e+06, 1.31322e+06, 0
1.54538e+06, 5.99606e+06, 0
3.58409e+06, 4.8574e+06, 0
3.93769e+06, 3.57824e+06, 0
807588, 3.15177e+06, 0
5.13508e+06, 1.74233e+06, 0
3.09068e+06, 632500, 0
1.26229e+07, 9.90275e+06, 0
3.05257e+06, 8.33954e+06, 0
5.01586e+06, 1.04993e+07, 0
883688, 3.65741e+06, 0
491190, 5.57579e+06, 0
1.0886e+06, 3.6327e+06, 0
1.65012e+06, 2.79276e+06, 0
2.5732e+06, 5.87054e+06, 0
3.67172e+06, 1.13543e+07, 0
607362, 5.22454e+06, 0
9.43119e+06, 3.82257e+06, 0
1.24706e+06, 4.94862e+06, 0
5.57138e+06, 2.10363e+06, 0
2.9765e+06, 6.30642e+06, 0
2.32751e+06, 3.30092e+06, 0
2.95166e+06, 5.54484e+06, 0
5.76989e+06, 2.55289e+06, 0
656648, 5.6075e+06, 0
4.77467e+06, 8.51872e+06, 0
2.14896e+06, 2.19378e+06, 0
3.18795e+06, 7.62667e+06, 0
4.01528e+06, 3.66801e+06, 0
1.78854e+06, 2.7119e+06, 0
688292, 807667, 0
655597, 3.73461e+06, 0
4.15637e+06, 9.43575e+06, 0
893811, 1.64849e+06, 0
4.52628e+06, 5.01092e+06, 0
1.50518e+06, 6.73561e+06, 0
1.35412e+06, 4.28168e+06, 0
5.34545e+06, 2.76109e+06, 0
1.41643e+06, 2.49043e+06, 0
3.72464e+06, 1.80002e+06, 0
6.55713e+06, 897851, 0
2.41298e+06, 4.99165e+06, 0
437416, 4.1814e+06, 0
8.48821e+06, 4.09423e+06, 0
2.16091e+06, 9.74218e+06, 0
3.302e+06, 7.95695e+06, 0
1.68081e+06, 2.32366e+06, 0
1.45669e+06, 7.88614e+06, 0
2.41781e+06, 7.29797e+06, 0
5.56314e+06, 6.54315e+06, 0
7.8223e+06, 8.44888e+06, 0
4.48576e+06, 2.75693e+06, 0
5.78642e+06, 7.51267e+06, 0
5.29535e+06, 6.19346e+06, 0
4.67118e+06, 4.41684e+06, 0
6.88777e+06, 6.87256e+06, 0
3.36969e+06, 9.18137e+06, 0
1.57316e+06, 6.4784e+06, 0
3.07943e+06, 6.00116e+06, 0
1.60758e+06, 6.50511e+06, 0
3.25488e+06, 7.27525e+06, 0
1.738e+06, 4.8571e+06, 0
638829, 6.14026e+06, 0
1.31037e+06, 7.22081e+06, 0
6.07039e+06, 8.45502e+06, 0
897588, 5.87758e+06, 0
3.24732e+06, 2.5605e+06, 0
2.60419e+06, 4.82452e+06, 0
9.79032e+06, 7.12782e+06, 0
3.36955e+06, 4.29436e+06, 0
1.84962e+06, 2.82952e+06, 0
2.64826e+06, 5.89209e+06, 0
1.52275e+06, 9.49446e+06, 0
2.54183e+06, 9.999e+06, 0
644793, 4.70314e+06, 0
3.85253e+06, 4.97447e+06, 0
352081, 6.47891e+06, 0
3.24819e+06, 1.02318e+07, 0
600669, 2.26129e+06, 0
1.05273e+06, 826386, 0
3.25457e+06, 5.85228e+06, 0
4.95905e+06, 9.27787e+06, 0
6.04351e+06, 2.40554e+06, 0
910993, 5.84057e+06, 0
6.36249e+06, 2.28628e+06, 0
3.86155e+06, 1.69289e+06, 0
4.75999e+06, 2.45493e+06, 0
6.54426e+06, 2.4719e+06, 0
1.96446e+06, 2.19374e+06, 0
1.15362e+06, 9.52293e+06, 0
7.04175e+06, 5.11192e+06, 0
1.10682e+06, 2.28183e+06, 0
4.72222e+06, 5.37383e+06, 0
3.70026e+06, 4.30728e+06, 0
1.24566e+06, 9.02387e+06, 0
1.70389e+06, 3.40198e+06, 0
4.01306e+06, 3.80219e+06, 0
3.00265e+06, 3.09845e+06, 0
1.46786e+06, 7.63628e+06, 0
833443, 6.97253e+06, 0
4.08662e+06, 5.78847e+06, 0
1.02693e+06, 3.05347e+06, 0
4.0693e+06, 5.42508e+06, 0
4.34423e+06, 2.69871e+06, 0
1.18862e+06, 6.53915e+06, 0
818408, 8.22621e+06, 0
3.00516e+06, 6.7968e+06, 0
2.80629e+06, 3.94552e+06, 0
5.6458e+06, 3.45272e+06, 0
6.08379e+06, 5.1021e+06, 0
2.48741e+06, 3.04267e+06, 0
8.06226e+06, 1.78017e+06, 0
3.54617e+06, 8.90126e+06, 0
4.22281e+06, 6.54425e+06, 0
1.28821e+06, 6.87557e+06, 0
3.46178e+06, 2.52422e+06, 0
2.60233e+06, 2.34914e+06, 0
1.79188e+06, 4.24027e+06, 0
4.36411e+06, 1.68206e+06, 0
635559, 1.8563e+06, 0
7.83536e+06, 4.17687e+06, 0
1.58238e+06, 2.64664e+06, 0
2.51083e+06, 5.58297e+06, 0
459048, 5.14417e+06, 0
4.56697e+06, 4.13452e+06, 0
1.0341e+06, 5.86251e+06, 0
6.36731e+06, 5.60602e+06, 0
2.68032e+06, 9.47558e+06, 0
3.06801e+06, 493616, 0
4.01485e+06, 2.58319e+06, 0
3.11573e+06, 2.18009e+06, 0
3.88462e+06, 5.35322e+06, 0
9.45932e+06, 2.61539e+06, 0
2.91337e+06, 6.12268e+06, 0
1.15516e+06, 6.79341e+06, 0
2.88391e+06, 7.62164e+06, 0
2.80347e+06, 8.22623e+06, 0
1.00547e+06, 3.31947e+06, 0
7.06798e+06, 3.18715e+06, 0
1.92935e+06, 6.94804e+06, 0
3.98358e+06, 2.45688e+06, 0
2.66179e+06, 1.10254e+07, 0
1.13256e+07, 1.78867e+06, 0
2.37664e+06, 3.21015e+06, 0
4.33702e+06, 2.67091e+06, 0
9.48965e+06, 4.15093e+06, 0
9.7745e+06, 8.88165e+06, 0
6.97807e+06, 9.03657e+06, 0
1.26481e+06, 4.33771e+06, 0
5.5072e+06, 1.21622e+07, 0
3.60334e+06, 127672, 0
1.3095e+07, 3.97901e+06, 0
1.88952e+06, 3.45495e+06, 0
719714, 2.56069e+06, 0
1.87398e+06, 7.42657e+06, 0
6.68107e+06, 4.16646e+06, 0
2.2893e+06, 5.06101e+06, 0
3.5653e+06, 7.77224e+06, 0
7.87751e+06, 6.4186e+06, 0
6.2298e+06, 2.57584e+06, 0
1.27486e+06, 3.59071e+06, 0
2.84327e+06, 1.74926e+06, 0
8.83863e+06, 6.04327e+06, 0
454281, 6.6078e+06, 0
4.10855e+06, 5.65449e+06, 0
2.94196e+06, 3.37744e+06, 0
391033, 1.06468e+07, 0
676536, 8.40064e+06, 0
805881, 6.61681e+06, 0
3.50195e+06, 6.51584e+06, 0
8.43813e+06, 1.17966e+06, 0
3.06131e+06, 6.57471e+06, 0
8.18232e+06, 2.90856e+06, 0
5.59481e+06, 2.64196e+06, 0
2.12328e+06, 7.61397e+06, 0
415784, 6.60359e+06, 0
8.33322e+06, 6.90476e+06, 0
2.27148e+06, 4.71644e+06, 0
3.21943e+06, 2.47532e+06, 0
4.0224e+06, 2.90814e+06, 0
2.71634e+06, 9.16049e+06, 0
1.19601e+06, 3.99838e+06, 0
2.764e+06, 1.20064e+06, 0
572068, 8.71195e+06, 0
7.23094e+06, 7.71599e+06, 0
1.47357e+06, 1.89751e+06, 0
7.62614e+06, 1.54042e+06, 0
5.26824e+06, 3.91965e+06, 0
1.25423e+06, 5.35462e+06, 0
2.44005e+06, 3.75566e+06, 0
1.33965e+06, 4.41221e+06, 0
544116, 7.23339e+06, 0
3.19363e+06, 3.67974e+06, 0
1.40047e+06, 4.64984e+06, 0
6.78892e+06, 2.15346e+06, 0
3.45377e+06, 872725, 0
1.70774e+06, 1.47643e+06, 0
4.18704e+06, 7.28914e+06, 0
397996, 6.0665e+06, 0
643169, 3.41246e+06, 0
2.06254e+06, 7.07297e+06, 0
5.26185e+06, 7.98917e+06, 0
3.1875e+06, 5.92629e+06, 0
5.98389e+06, 1.24951e+07, 0
3.62997e+06, 3.0239e+06, 0
4.14188e+06, 1.85781e+06, 0
6.14398e+06, 1.04245e+07, 0
899114, 4.6035e+06, 0
1.51552e+06, 8.59242e+06, 0
1.14908e+06, 8.79915e+06, 0
4.17395e+06, 4.51867e+06, 0
1.30789e+06, 8.76548e+06, 0
4.69813e+06, 4.964e+06, 0
807855, 4.74485e+06, 0
3.85288e+06, 6.32025e+06, 0
640621, 1.41846e+07, 0
1.21451e+06, 2.22368e+06, 0
1.01156e+06, 7.09452e+06, 0
4.0498e+06, 4.17906e+06, 0
4.88736e+06, 4.52664e+06, 0
4.81112e+06, 1.75482e+06, 0
5.50129e+06, 4.83283e+06, 0
2.98584e+06, 4.18703e+06, 0
1.81094e+06, 1.06745e+07, 0
378145, 7.43835e+06, 0
3.40987e+06, 172392, 0
1.45669e+06, 5.98082e+06, 0
5.04888e+06, 1.56136e+06, 0
1.69304e+06, 2.29099e+06, 0
3.80383e+06, 1.51112e+06, 0
2.7897e+06, 5.35768e+06, 0
1.56079e+06, 3.28746e+06, 0
1.92499e+06, 7.00846e+06, 0
2.55909e+06, 7.8155e+06, 0
1.97557e+06, 4.52749e+06, 0
2.52421e+06, 4.64114e+06, 0
1.19741e+06, 2.29343e+06, 0
4.54632e+06, 4.92911e+06, 0
5.36537e+06, 1.13785e+07, 0
1.1681e+06, 7.30618e+06, 0
2.37695e+06, 8.53147e+06, 0
528441, 6.63818e+06, 0
1.05746e+06, 4.40553e+06, 0
2.08158e+06, 4.65558e+06, 0
757570, 8.85569e+06, 0
2.29691e+06, 3.48148e+06, 0
2.48049e+06, 7.31949e+06, 0
1.05449e+06, 1.88895e+06, 0
936722, 1.20836e+07, 0
1.05089e+06, 8.88638e+06, 0
1.81751e+06, 7.26459e+06, 0
2.62826e+06, 3.74806e+06, 0
2.13395e+06, 1.16105e+06, 0
5.43686e+06, 6.71904e+06, 0
6.89282e+06, 2.52875e+06, 0
2.91585e+06, 1.1068e+07, 0
2.25649e+06, 4.46985e+06, 0
4.72723e+06, 3.94609e+06, 0
3.20239e+06, 6.87424e+06, 0
3.37332e+06, 9.36943e+06, 0
1.67307e+06, 6.95482e+06, 0
5.33743e+06, 5.93131e+06, 0
7.37803e+06, 4.71622e+06, 0
383008, 9.35371e+06, 0
1.85296e+06, 8.508e+06, 0
4.27953e+06, 5.31283e+06, 0
1.46746e+06, 1.11992e+07, 0
5.38052e+06, 8.99964e+06, 0
2.34473e+06, 5.90988e+06, 0
5.47491e+06, 2.33796e+06, 0
2.56873e+06, 6.51527e+06, 0
2.94812e+06, 2.70071e+06, 0
3.13571e+06, 5.20433e+06, 0
5.88372e+06, 375014, 0
1.98108e+06, 5.2757e+06, 0
666283, 5.4576e+06, 0
2.49394e+06, 1.47281e+06, 0
2.72787e+06, 2.73561e+06, 0
852927, 1.03876e+07, 0
642072, 9.36527e+06, 0
1.42931e+06, 8.47279e+06, 0
