213557, 88530.3, 0
272576, 102400, 0
196428, 34796, 0
201967, 108195, 0
162437, 74455.3, 0
243223, 40025.6, 0
264679, 88835.2, 0
176093, 48156.1, 0
104884, 43478.2, 0
66871.4, 36429.3, 0
153288, 39945.7, 0
184940, 76897.9, 0
269486, 72874.2, 0
111308, 39429.4, 0
278152, 109267, 0
163795, 96383, 0
270799, 69508.5, 0
222741, 52201.1, 0
165723, 53200.9, 0
160637, 83713, 0
253532, 132775, 0
220666, 47985.1, 0
254691, 106364, 0
237686, 89821.1, 0
161680, 88587, 0
112949, 56189.1, 0
304815, 58853.9, 0
199185, 25469.4, 0
257011, 116309, 0
74872.5, 42953.7, 0
179441, 64779.2, 0
50140.9, 6976.45, 0
165243, 68740, 0
198570, 57276.7, 0
113367, 34809.5, 0
209156, 25487.6, 0
263315, 117109, 0
160761, 72262.4, 0
79155.9, 39050.1, 0
219173, 67088.2, 0
172820, 76803.4, 0
273841, 7247.99, 0
140743, 51918.5, 0
180649, 48978.8, 0
171130, 63733.6, 0
108307, 44407.9, 0
52007.8, 25064.1, 0
87662.6, 39186.3, 0
96939.1, 15390.6, 0
95724.3, 21683.9, 0
86081.9, 36816.8, 0
191274, 80279, 0
79905.1, 11945.4, 0
72845.3, 39035.8, 0
154617, 65981.2, 0
170951, 78261.8, 0
189690, 55808.6, 0
184308, 96673, 0
73146.7, 40814.4, 0
134209, 57082.3, 0
94698.5, 53031.5, 0
130143, 65997.4, 0
163609, 52362.2, 0
130892, 65818.1, 0
220309, 39639.3, 0
50110.2, 29563.9, 0
149228, 62110.4, 0
294514, 58178.6, 0
132876, 72833.9, 0
202890, 92487.7, 0
133506, 77307.4, 0
139041, 62428.1, 0
129569, 44648.4, 0
140073, 22927, 0
251549, 148199, 0
194000, 78207.1, 0
138051, 10197.8, 0
125423, 9536.65, 0
227563, 76797.5, 0
194993, 87590, 0
150252, 59318.4, 0
116079, 56475.4, 0
129286, 74050.8, 0
132636, 43684.4, 0
106625, 55709.7, 0
147799, 55763.4, 0
65024.5, 24695.1, 0
135988, 72764.3, 0
121199, 55339.9, 0
167104, 85381.6, 0
81979.9, 45377.3, 0
216661, 20846.8, 0
91243.7, 41656.2, 0
104974, 59508.8, 0
221342, 92631.5, 0
167512, 46604.9, 0
104838, 18714.9, 0
140375, 27270, 0
88647.4, 27805.8, 0
109536, 23939.2, 0
139084, 29091.7, 0
61435.2, 24961.4, 0
182890, 82310.6, 0
146068, 49184.4, 0
151074, 82751.5, 0
97077.6, 22861.6, 0
286454, 124935, 0
291443, 64081.2, 0
130149, 58411.5, 0
151049, 37572.9, 0
161116, 70334.9, 0
146083, 53955.1, 0
197830, 77773.6, 0
129555, 71379.8, 0
214982, 67657.5, 0
204963, 44474.3, 0
198388, 110923, 0
171594, 14283.5, 0
89682.5, 43642.8, 0
137964, 80689.3, 0
157720, 39616.3, 0
167970, 97965, 0
196988, 25769.9, 0
126000, 49823.3, 0
244693, 91069.9, 0
154924, 30936.1, 0
134614, 52003.3, 0
52871.1, 18729.8, 0
161965, 36894.2, 0
230996, 84490.4, 0
98286.4, 55065.8, 0
224280, 93672.8, 0
69846, 29273.7, 0
195064, 34832.3, 0
148225, 26444.7, 0
220283, 99592.2, 0
108875, 42442.1, 0
252208, 132583, 0
221900, 96931, 0
164820, 53750.4, 0
241530, 66931.6, 0
68481.6, 31737.2, 0
158442, 23648.4, 0
170641, 91174.4, 0
215939, 126598, 0
217588, 95445, 0
205596, 108672, 0
43225.2, 24128.9, 0
161812, 60629.4, 0
191401, 87216.4, 0
76714.3, 44457.5, 0
181920, 67060.7, 0
196688, 42498.6, 0
215595, 21451.9, 0
137111, 78678.6, 0
261056, 107146, 0
206184, 89835.3, 0
209163, 62420.5, 0
67139.5, 27011.6, 0
314801, 167170, 0
129112, 73355.9, 0
136917, 55348.3, 0
165034, 67194.8, 0
154817, 26530.5, 0
157398, 88580.4, 0
226539, 131187, 0
173113, 88527, 0
179073, 104513, 0
202130, 5756.67, 0
189203, 62211.7, 0
74300.6, 18889.6, 0
245480, 102403, 0
59448.7, 33211.8, 0
239964, 86264.7, 0
65046, 32421.4, 0
74009.4, 5473.5, 0
180151, 65253.8, 0
77651.9, 35759.1, 0
107675, 33032, 0
206382, 65009.6, 0
122264, 43899.3, 0
123241, 67259.6, 0
177033, 104112, 0
101313, 36912.6, 0
121313, 64252.4, 0
189929, 49869.5, 0
164297, 89374, 0
225201, 46180.6, 0
126989, 52100.4, 0
299651, 66481.7, 0
83696.7, 35417.8, 0
85212.3, 23349.8, 0
140157, 67227.8, 0
207977, 108375, 0
120690, 70055.5, 0
129988, 71332.1, 0
164263, 74997.3, 0
96805.9, 20818.6, 0
112202, 46240.6, 0
99918.6, 40062.5, 0
259142, 104976, 0
36954.5, 20620.4, 0
193378, 31773.3, 0
189273, 53633.6, 0
113549, 5833.96, 0
122986, 63391.1, 0
101990, 45480.6, 0
104481, 50920.8, 0
186097, 73770.5, 0
269068, 58319.1, 0
229303, 130654, 0
178904, 50767.3, 0
100910, 48337.8, 0
94350, 29351.1, 0
295316, 170449, 0
174744, 62821.9, 0
319044, 36101.8, 0
162633, 86570.1, 0
279164, 161196, 0
83427.3, 33141.8, 0
106076, 21094.6, 0
68274.4, 33952.2, 0
174749, 83233.4, 0
226334, 98459.4, 0
128093, 27155.7, 0
189618, 81315.9, 0
145333, 42918.5, 0
43688.9, 3726.85, 0
134421, 74931.6, 0
153669, 89263.3, 0
162194, 88009.6, 0
184614, 42372.4, 0
160036, 53356.9, 0
172876, 15955.9, 0
124537, 52808.1, 0
93880.7, 48782.8, 0
150072, 60445.6, 0
140330, 32422.4, 0
99179.8, 42409.8, 0
221173, 83302.7, 0
133033, 45577.5, 0
203546, 77453.1, 0
199596, 66926.8, 0
175821, 95500.6, 0
150515, 60241.6, 0
203909, 21160.7, 0
135576, 26434.8, 0
131954, 19303.1, 0
208996, 87242.8, 0
119058, 65741.2, 0
113874, 60539.8, 0
166481, 98063.1, 0
183333, 37820.3, 0
244378, 112316, 0
90659.2, 19043.8, 0
109274, 58909.2, 0
116846, 65989.4, 0
220883, 88870.2, 0
223284, 42747.8, 0
138235, 58627.8, 0
222723, 60318.8, 0
94077.3, 28977.7, 0
221042, 49571.3, 0
219762, 90423.7, 0
127881, 58163.2, 0
105903, 35637.7, 0
71322.8, 25172.3, 0
129935, 40873.7, 0
29695.8, 9219.97, 0
173952, 89129.3, 0
169963, 82934.1, 0
119461, 66921.2, 0
170989, 89076.6, 0
121350, 35533.6, 0
220920, 58851.3, 0
73004.2, 41180.9, 0
168175, 81368.9, 0
101759, 19223.3, 0
84863.2, 37060.6, 0
131251, 34577, 0
72227.2, 28709.4, 0
186653, 96217.1, 0
130248, 22196.9, 0
145807, 35720.7, 0
108679, 44915, 0
74797, 31301.6, 0
182728, 89736, 0
133620, 39785.8, 0
283510, 80230.7, 0
102885, 57966.2, 0
158343, 80582.5, 0
185043, 107535, 0
80383.2, 39354, 0
91409.9, 53637.1, 0
83209.4, 47343.3, 0
101371, 48753.6, 0
187678, 50407.5, 0
145950, 17482.6, 0
178197, 80690.1, 0
113091, 57889.3, 0
137389, 75324.7, 0
80252.3, 45651.9, 0
242637, 78076.3, 0
102394, 59607.1, 0
39094.3, 15042.1, 0
180084, 89159.5, 0
126651, 24039.2, 0
79752.7, 42432.1, 0
66002.8, 36164.5, 0
255312, 71502.9, 0
82306.1, 39695.7, 0
66217.9, 24406.5, 0
56670.7, 31025.8, 0
244323, 123780, 0
99417.1, 48497.5, 0
221347, 63242.7, 0
96487.2, 40396.8, 0
52383.7, 21987.4, 0
114540, 40723.1, 0
141036, 71700.8, 0
66599.3, 12380, 0
228468, 44029.4, 0
78629.3, 26421.3, 0
213026, 57965.7, 0
111229, 23846.9, 0
179320, 59283.7, 0
187818, 6904.47, 0
143327, 62963.4, 0
183926, 39854.9, 0
113261, 52203, 0
196187, 39583.1, 0
83153.7, 44130.3, 0
177114, 79985.9, 0
194734, 85280.2, 0
255187, 59173, 0
96150, 43340.6, 0
175649, 91598.5, 0
220597, 128878, 0
146215, 10485.4, 0
35381.6, 8289.76, 0
195079, 59143.5, 0
67367.1, 26951.1, 0
159462, 66511.3, 0
88825.6, 48216, 0
197603, 78851.9, 0
107327, 35108.1, 0
151882, 81752.2, 0
222168, 79541.3, 0
207188, 99879.1, 0
128044, 41678.4, 0
198903, 37488.2, 0
160708, 85758.1, 0
170335, 34917.5, 0
138097, 52733.7, 0
192638, 83226.9, 0
69374.8, 28406.2, 0
130216, 45256.7, 0
114112, 48231.3, 0
95691.5, 19097.3, 0
115934, 41845, 0
70968.2, 33332.1, 0
192608, 89444.3, 0
186122, 75284.9, 0
147155, 85042.9, 0
204888, 69703.2, 0
165057, 70194, 0
51787.8, 23976.7, 0
96302.5, 56618.7, 0
161414, 55959.9, 0
156649, 56977.9, 0
238635, 138149, 0
83745.8, 48245.7, 0
234204, 124352, 0
180525, 81201.8, 0
143051, 71781.6, 0
61606.8, 12054.4, 0
126867, 34533.8, 0
240359, 128790, 0
57636.8, 26025, 0
217615, 74913.4, 0
87608.5, 32402.7, 0
131639, 70849.4, 0
140077, 79533, 0
202881, 36339.9, 0
286672, 72203.9, 0
97757.2, 29901.3, 0
124686, 69551.6, 0
96045.3, 48338.5, 0
151403, 43773.5, 0
130984, 44398.7, 0
90165.7, 43449.8, 0
142481, 82588.3, 0
132664, 62497.3, 0
138852, 75749.9, 0
108408, 50192.8, 0
193142, 77492.6, 0
172923, 50276.6, 0
167257, 54007.9, 0
30307.6, 17575.9, 0
109185, 48970.1, 0
142718, 37832, 0
329739, 103073, 0
66432, 38769.9, 0
82465, 33249.8, 0
237828, 85151.3, 0
111013, 57219.4, 0
91420.3, 51829.1, 0
121161, 36191.6, 0
169590, 33263.2, 0
278098, 154782, 0
224885, 18715.1, 0
133563, 52237.8, 0
115631, 50084.3, 0
161291, 68999.4, 0
231593, 112513, 0
161964, 49878.8, 0
38639.1, 19015.6, 0
59251.8, 11503.3, 0
153118, 80746.4, 0
136143, 78542.2, 0
159720, 61929.5, 0
175924, 98131.9, 0
145981, 45048.9, 0
177068, 92279.3, 0
248100, 94800.8, 0
161201, 66521, 0
57264.8, 14644.4, 0
182832, 59762, 0
227174, 97476.2, 0
187477, 80316, 0
203691, 98013.3, 0
129434, 44804.5, 0
108975, 56430.9, 0
158186, 50802.9, 0
166161, 82616.7, 0
115624, 18287.7, 0
211369, 93278.2, 0
106938, 52230.3, 0
206267, 109941, 0
260600, 91909.9, 0
201337, 68040, 0
232444, 61181.1, 0
72451.4, 42174.8, 0
45565.7, 11970.7, 0
152386, 75278.6, 0
88426.9, 45681.1, 0
104856, 28795.2, 0
120556, 69065.7, 0
179723, 49793.9, 0
156746, 69874.8, 0
76861.8, 44876.2, 0
136460, 58189.1, 0
110318, 23051.2, 0
153536, 71222.7, 0
343356, 178278, 0
152788, 81742.6, 0
236673, 109452, 0
169686, 67026.5, 0
167679, 45865, 0
159863, 91188.6, 0
116241, 32066.3, 0
165184, 45085.7, 0
175815, 14313.7, 0
114814, 17555.3, 0
84484, 26456.7, 0
228291, 96486, 0
95801, 31442.7, 0
121976, 43839.4, 0
158629, 49672.4, 0
32418.9, 18904.9, 0
146703, 77894.5, 0
47900, 19265.7, 0
222721, 82753.8, 0
113774, 56103.7, 0
82468.6, 48049.3, 0
114369, 59471.7, 0
343257, 114740, 0
110801, 65395.1, 0
282656, 19531.7, 0
59193.2, 16270, 0
91808.3, 48736.1, 0
131315, 77366.3, 0
196230, 91571.9, 0
85688.4, 49368.3, 0
163772, 41489.7, 0
121892, 70581.1, 0
195407, 47934.6, 0
132518, 54328.8, 0
197262, 65823.5, 0
81606.4, 45228.2, 0
84318.4, 44837.9, 0
102893, 42723.4, 0
103510, 47677.5, 0
192736, 69246.2, 0
217569, 80760.6, 0
66446.2, 16023.2, 0
136898, 19301.8, 0
191220, 71894.9, 0
144460, 23063.1, 0
211472, 90230.1, 0
142229, 54152.9, 0
146637, 21114.9, 0
125982, 67624.3, 0
194924, 49792, 0
159507, 51753.2, 0
98759.6, 54669.3, 0
69623.2, 8789.83, 0
103244, 46013.4, 0
132217, 66086.4, 0
172310, 70828, 0
112884, 49293.5, 0
167949, 46488.9, 0
72898.6, 25967.3, 0
179397, 56315.8, 0
225939, 116020, 0
129933, 55912.8, 0
73464.7, 4836.55, 0
215404, 66987.7, 0
191030, 90134.8, 0
37038.2, 13531.7, 0
41469.9, 24242.7, 0
99643.5, 29407.4, 0
130270, 29658.2, 0
59495.1, 21579, 0
197042, 102608, 0
261688, 44411.4, 0
97210.9, 56922.1, 0
82170.6, 25461.3, 0
26616.1, 12220.5, 0
136877, 45891.9, 0
121428, 48751.5, 0
154940, 52697.6, 0
82857.9, 2789.27, 0
149245, 77059, 0
93582, 45471.6, 0
163068, 80787.6, 0
165915, 45577, 0
164444, 57159.4, 0
166637, 13388.3, 0
340517, 123273, 0
62711.9, 33941.7, 0
77006.2, 19757, 0
151784, 71433.5, 0
33946.2, 16167.8, 0
140657, 31266.6, 0
100244, 27550.2, 0
293297, 168016, 0
211836, 59093.8, 0
72985.7, 36738.8, 0
297106, 84513.4, 0
218349, 60047.4, 0
89035.8, 49949.6, 0
197000, 83029.8, 0
119923, 52622.4, 0
142254, 49242.7, 0
110751, 33140.5, 0
128060, 48265.4, 0
39953.7, 5976.6, 0
271263, 22232.3, 0
195301, 85000.8, 0
39301, 21834, 0
82848.4, 20463.4, 0
216118, 98027.6, 0
121149, 49090.6, 0
143836, 49528.8, 0
173897, 96090.3, 0
120564, 54611.9, 0
125321, 43119, 0
123288, 20811.1, 0
247838, 86783.6, 0
39745.7, 2970.72, 0
117374, 64988.1, 0
183665, 60044.3, 0
80362.2, 37667.7, 0
293731, 61009.7, 0
48677, 27882, 0
254070, 50595.7, 0
228000, 98688.8, 0
132681, 60775.7, 0
125191, 16388, 0
236137, 14590.7, 0
268173, 72897.2, 0
152339, 81452.9, 0
110997, 2774.63, 0
231150, 37814.5, 0
123602, 37619, 0
88283.6, 40940.8, 0
65610.2, 26103.2, 0
95599.3, 34684.4, 0
47660.1, 8596.66, 0
59234.7, 26116.2, 0
159945, 93940.9, 0
169876, 60717.6, 0
156170, 69534.6, 0
154123, 66133.3, 0
98812.3, 56937.9, 0
133787, 71829.8, 0
241364, 83416.4, 0
46575, 12929.5, 0
144582, 31288.1, 0
146933, 42971.8, 0
86977.4, 43942.8, 0
196515, 69601.2, 0
229867, 64623.8, 0
232883, 55788.2, 0
154855, 80156.5, 0
162737, 56236.1, 0
123525, 68482.2, 0
76279.6, 7721.03, 0
115159, 21028.3, 0
321487, 150835, 0
208085, 49540.7, 0
162431, 27316.3, 0
158631, 32653.2, 0
102260, 46558, 0
174860, 8083.54, 0
125997, 16721.1, 0
132457, 62764.4, 0
78043.7, 29580.2, 0
119242, 48427.9, 0
158989, 74147.7, 0
52764.7, 27643.5, 0
79201.2, 25065.1, 0
273127, 58506.2, 0
160774, 1585.09, 0
131389, 69757.6, 0
146696, 16055.2, 0
115598, 49738.9, 0
128878, 34979.2, 0
144991, 58649.5, 0
159352, 81374.6, 0
251578, 49222.6, 0
122390, 54783.9, 0
165810, 68166.1, 0
339117, 157594, 0
216398, 84824.4, 0
28825.9, 11477.3, 0
76835.5, 37821.9, 0
138353, 30317.7, 0
200803, 103571, 0
159055, 43999.1, 0
353361, 54841.1, 0
124129, 69835.8, 0
203285, 59273.8, 0
133644, 28883.5, 0
180863, 98386.2, 0
115305, 28678.3, 0
158070, 45203.9, 0
90530.9, 20807.9, 0
87146.8, 49861.1, 0
110831, 50206.8, 0
182476, 69343, 0
85200, 48585.2, 0
57552.3, 29361, 0
103487, 53657.8, 0
110619, 36087.2, 0
129032, 59691.9, 0
208911, 94828.9, 0
150368, 53306.7, 0
123958, 59635.8, 0
159265, 63657.7, 0
190624, 48885.5, 0
190520, 105407, 0
153791, 72182.5, 0
93416.4, 50053.9, 0
194175, 82801, 0
140553, 73675.5, 0
121003, 59236.3, 0
150459, 37264.9, 0
240345, 118715, 0
206481, 109188, 0
87063.6, 38007.5, 0
197516, 68003.5, 0
156384, 72833.1, 0
7836.37, 2630.88, 0
95797.5, 53394.3, 0
155599, 75921.7, 0
127021, 67325.7, 0
111366, 50848.1, 0
70153.3, 28133.1, 0
169679, 77933.3, 0
96872.2, 30888.6, 0
189185, 73457.5, 0
72113, 16042.6, 0
159410, 56002.9, 0
125343, 8745.83, 0
159379, 34542.1, 0
138870, 76426.9, 0
146366, 43544.9, 0
87634.3, 49852.7, 0
77683.8, 26312.2, 0
173047, 52836.4, 0
126571, 50832.3, 0
193307, 100587, 0
54829.3, 28490, 0
130204, 37087.5, 0
287732, 148132, 0
118982, 53378.8, 0
270022, 30324.5, 0
161256, 27208.7, 0
133297, 77205.1, 0
193478, 86658.3, 0
256789, 113790, 0
197478, 41420.8, 0
195178, 89124.6, 0
119237, 31612.9, 0
93283.5, 50904.4, 0
261025, 75799.8, 0
210244, 72678.4, 0
63899, 28457.7, 0
189660, 68937.3, 0
127498, 18553.1, 0
143132, 38040, 0
29028.8, 8571.12, 0
153402, 64658, 0
141027, 38749.9, 0
158943, 32031.1, 0
124740, 21543.3, 0
260278, 35758, 0
117803, 56694.6, 0
50530.8, 4553.25, 0
29570.7, 12296, 0
181748, 90790.1, 0
126447, 28802.9, 0
119632, 59450, 0
118274, 17667.5, 0
105966, 29675.8, 0
188551, 54365.7, 0
132520, 20359, 0
150937, 34675, 0
237332, 114792, 0
50947.3, 18358.8, 0
128336, 74817.6, 0
86197.1, 27539.3, 0
130230, 70645.8, 0
136092, 61303.9, 0
79075.2, 20840.9, 0
151811, 71943.5, 0
108832, 18732.3, 0
78801.7, 42764.1, 0
113561, 33517.6, 0
227500, 106041, 0
106083, 44804.9, 0
258203, 112806, 0
152056, 39312, 0
57701.3, 20278.1, 0
64796.3, 13053.1, 0
99514.1, 5660.6, 0
118766, 61395.9, 0
57994.3, 32841, 0
215250, 108159, 0
188142, 105437, 0
165373, 46056.7, 0
77726.9, 43094.3, 0
109861, 53641.2, 0
142773, 43664.8, 0
254769, 55811, 0
70139.4, 32361.5, 0
76779.2, 43670.6, 0
165847, 11388.3, 0
117590, 11405.9, 0
73553.2, 26013.2, 0
114941, 52924.6, 0
179583, 29718.4, 0
165720, 91416.6, 0
130114, 75567.3, 0
52965.8, 11395.2, 0
69987.5, 18337, 0
147989, 72109, 0
132364, 60087.5, 0
47706.5, 21761.1, 0
93205, 41029.8, 0
155320, 28668.1, 0
37514.8, 19303.3, 0
66781.2, 14161.6, 0
191582, 99407.7, 0
134203, 69237.2, 0
185764, 40963, 0
167650, 80066.7, 0
197066, 82577.2, 0
153564, 67468.8, 0
128380, 61389.4, 0
133783, 34136.5, 0
244337, 95576.6, 0
134661, 70970.2, 0
194644, 72035.3, 0
99557.2, 49578.9, 0
101863, 37943.3, 0
174645, 51008.8, 0
178253, 66856.5, 0
120909, 46046.9, 0
139309, 81506.7, 0
153037, 57764.8, 0
258435, 39152.9, 0
174775, 102101, 0
85105.7, 32347.4, 0
113228, 65873.5, 0
183602, 103140, 0
273109, 72197.6, 0
45772.8, 18637.4, 0
87374.6, 48459.2, 0
184058, 75961.7, 0
179025, 21861.2, 0
100707, 40846.4, 0
165302, 96245.1, 0
116181, 34414.2, 0
89688.4, 29226.5, 0
172494, 97703.8, 0
89741.6, 34184.4, 0
109281, 24360.9, 0
133380, 41670.1, 0
178870, 99911.4, 0
61293.8, 31396.1, 0
137922, 65844.1, 0
95775.3, 46432.2, 0
81522.3, 44929.8, 0
275486, 103987, 0
182875, 90299.4, 0
92731.3, 37910.3, 0
170235, 91404.9, 0
190868, 72527.8, 0
159467, 93812.9, 0
218257, 77455.1, 0
220919, 92773.8, 0
95840.2, 28145.1, 0
142365, 45974.3, 0
130024, 27492.5, 0
157573, 57707.5, 0
145781, 9649.77, 0
227151, 80958.1, 0
135648, 23384.2, 0
131250, 61355.9, 0
148541, 84964.1, 0
97474, 25614.1, 0
79018, 24205, 0
117400, 61509.6, 0
119218, 7056.18, 0
130432, 74249.4, 0
139594, 77291.7, 0
138888, 81936.7, 0
132339, 27816.4, 0
152702, 56323.3, 0
97316.7, 44871.2, 0
81352.6, 25914.9, 0
205087, 78976.8, 0
29326.7, 13127.3, 0
177595, 92174.8, 0
112943, 53475.3, 0
169897, 63740.7, 0
278729, 65026.9, 0
326440, 104076, 0
70839.8, 19151.3, 0
106895, 30413.2, 0
71191.8, 35484.9, 0
249384, 108592, 0
139414, 36719.8, 0
146174, 39807.4, 0
197404, 64500.9, 0
88381.3, 50959.5, 0
82767.5, 45992.3, 0
198904, 69525, 0
242850, 70768.6, 0
53281.4, 25342.9, 0
189622, 58593.4, 0
91647.9, 24732, 0
141640, 32199.7, 0
188848, 79026.8, 0
57025.4, 30600.5, 0
94703.1, 34457.3, 0
62039.5, 13860.7, 0
89869.5, 30312.3, 0
110148, 22691.4, 0
200555, 82230.6, 0
202801, 6999.18, 0
71775.7, 31502, 0
209049, 75181.3, 0
169506, 36101.7, 0
69836.2, 28670.7, 0
160068, 47441.9, 0
159222, 24423.6, 0
41777.8, 2671.29, 0
140250, 19990.2, 0
160597, 91833.7, 0
168815, 72304.3, 0
106050, 51771.1, 0
175977, 93920.3, 0
107839, 60752.5, 0
154389, 75738.1, 0
213298, 31426.8, 0
136456, 33231, 0
265119, 83754.1, 0
138354, 31025.7, 0
229310, 125476, 0
88108.4, 49192, 0
218411, 87821.1, 0
54884.3, 26163.6, 0
268040, 94472.5, 0
160327, 35571.6, 0
87155.8, 16843.6, 0
214446, 83025.1, 0
218711, 80345.1, 0
139552, 81927.6, 0
58829.6, 22139.8, 0
154105, 41237.4, 0
84617.5, 20769.4, 0
242955, 111619, 0
188509, 79888.9, 0
90082.4, 44964.6, 0
126431, 45028, 0
169168, 42101.2, 0
88830.6, 49142, 0
150748, 86986.7, 0
202983, 88797.5, 0
114905, 24993.3, 0
103586, 36180.9, 0
76940.8, 34719.8, 0
76767.5, 27621.8, 0
211270, 92471.3, 0
178323, 10443, 0
110580, 50273.6, 0
124979, 56997.2, 0
139911, 58169.7, 0
147192, 35225.8, 0
89561.1, 36630.3, 0
155442, 61364.8, 0
161258, 45912, 0
96578.9, 7864.21, 0
171907, 34426.6, 0
105504, 40821.3, 0
113639, 47504.7, 0
79853.3, 26445, 0
108930, 51832.7, 0
138609, 74489.3, 0
122628, 40484.8, 0
158432, 41822.3, 0
159606, 80809.3, 0
139995, 74586.4, 0
167051, 52955.9, 0
246543, 59904.8, 0
113615, 38500.6, 0
128891, 68097.3, 0
132830, 24012.8, 0
100059, 56567.4, 0
189273, 43011.1, 0
190244, 58797.1, 0
161589, 31762.9, 0
218211, 78935.7, 0
271816, 53866.6, 0
182444, 67181.5, 0
58906.2, 2826.95, 0
123556, 53039.9, 0
123589, 40574.5, 0
117112, 31786.4, 0
246764, 83691.2, 0
135479, 75044.5, 0
97384.9, 55934, 0
141287, 30303.8, 0
110963, 63368, 0
61132.8, 19808.6, 0
122856, 59233, 0
263762, 121828, 0
117580, 38070.5, 0
63725.4, 29731.2, 0
231482, 71084.6, 0
244333, 108397, 0
80474.1, 23077.5, 0
76306.7, 24334.4, 0
99072.2, 21886, 0
93961.1, 44914.2, 0
112020, 45492.3, 0
233490, 68919.7, 0
104321, 56231.7, 0
128422, 49630.8, 0
75264.5, 8749.99, 0
226276, 72622, 0
230788, 59279.2, 0
144462, 60702.9, 0
222235, 99414.1, 0
156185, 85888.4, 0
73890.5, 29953.8, 0
188759, 85836.7, 0
212410, 78062.5, 0
207700, 109228, 0
69100.6, 16260.1, 0
22767.7, 13149.4, 0
361540, 101926, 0
71466.8, 27122.4, 0
259712, 57149.5, 0
101905, 12823.8, 0
98679.5, 36437.6, 0
227853, 26770.9, 0
57235.9, 31837.3, 0
115074, 9190.06, 0
174996, 103251, 0
76889.7, 35955, 0
37273.7, 10021.7, 0
157564, 46766, 0
84798.6, 23165.9, 0
107513, 37958.6, 0
254615, 44544.7, 0
141769, 79710.8, 0
211387, 38076.7, 0
84302.8, 2269.26, 0
126153, 39978.7, 0
250555, 91273.7, 0
218386, 41608.3, 0
97427.9, 30580.6, 0
131725, 40710.9, 0
124389, 45688.4, 0
92986.1, 46627.3, 0
210070, 11657.8, 0
163881, 41261.6, 0
118719, 28287.9, 0
139938, 20248.5, 0
191222, 72947.9, 0
111660, 44036.6, 0
70220.7, 23499, 0
137545, 17075.6, 0
29259.3, 2508.53, 0
118554, 42294.2, 0
182092, 52052.3, 0
133108, 73676.5, 0
71692.4, 33839.7, 0
187527, 72951.4, 0
93559.2, 54122.9, 0
219792, 123099, 0
182971, 102832, 0
163182, 76239.8, 0
155291, 34626.1, 0
129523, 66608.5, 0
134217, 21137.4, 0
129299, 64931.8, 0
254414, 100781, 0
95369.8, 39396.6, 0
141995, 30220.4, 0
68857.9, 39945.4, 0
104010, 37445.6, 0
123212, 70671.3, 0
157039, 83138.7, 0
245051, 9268.28, 0
215989, 77094.8, 0
126911, 2909.16, 0
150024, 34028.1, 0
183197, 52612.7, 0
209680, 58074.1, 0
197866, 69429.4, 0
69574.8, 30409, 0
111464, 48402.1, 0
186287, 81834.2, 0
79990.1, 44786.3, 0
143434, 78716.2, 0
129046, 46736.4, 0
51019.8, 19549.4, 0
154207, 29211.9, 0
166514, 66265.3, 0
110464, 63551.1, 0
174001, 49791.6, 0
219770, 74512.5, 0
181481, 56222.1, 0
52512.3, 29819.5, 0
82400.5, 36396.9, 0
124307, 49557.5, 0
124331, 28356.1, 0
152810, 83715.8, 0
51031.3, 22930.5, 0
34607.8, 17319.2, 0
186765, 18892.8, 0
142993, 63960.8, 0
170872, 90989.7, 0
142720, 21155.3, 0
114760, 18223.3, 0
194874, 66335.8, 0
83233.2, 29402.3, 0
68949.9, 39354.9, 0
68092.9, 30624.5, 0
76752.1, 44206.8, 0
130140, 74055.3, 0
149053, 46325.4, 0
261772, 128212, 0
181837, 72560.8, 0
92256.6, 26411.5, 0
112529, 58947.2, 0
216527, 89073.1, 0
70981.2, 31034.3, 0
146236, 12856, 0
76911, 38093.8, 0
213972, 115800, 0
299835, 105616, 0
112503, 13344.8, 0
184222, 17319.3, 0
112437, 55905.4, 0
220535, 119994, 0
96496.7, 35744.9, 0
145841, 40088.2, 0
25057.9, 10175.5, 0
116263, 54956.3, 0
56240.9, 27328, 0
96111.7, 39513.7, 0
192523, 49130.1, 0
127730, 75319.9, 0
72510.1, 17392.5, 0
131856, 56186.3, 0
92575.6, 28990.8, 0
113377, 38822.9, 0
181932, 46401.9, 0
101739, 53374.8, 0
322173, 91228.4, 0
251263, 77081, 0
268953, 87522.6, 0
231178, 79167, 0
111014, 28087.4, 0
110945, 58743.5, 0
99800.9, 39957, 0
130169, 55350.5, 0
217069, 103909, 0
109727, 37786.7, 0
170983, 64598.1, 0
271278, 53790.7, 0
181532, 69687.8, 0
100231, 59050.1, 0
134250, 59873.7, 0
117294, 17817.6, 0
166141, 9189.33, 0
183124, 85046.1, 0
309238, 124502, 0
94762.9, 39021.5, 0
193160, 60758.9, 0
171989, 98257.5, 0
207930, 120865, 0
160685, 68297.5, 0
296914, 104097, 0
213630, 61599.6, 0
92928, 51226, 0
211283, 121621, 0
211254, 109886, 0
176159, 28296.2, 0
61525.9, 24250.7, 0
131336, 31769, 0
119439, 47747.2, 0
76159.7, 44056.5, 0
212875, 77795.7, 0
71945.9, 29391.3, 0
163520, 48286, 0
149978, 87095.9, 0
236505, 73994.5, 0
50219.6, 21916.7, 0
86277.9, 22959.5, 0
54626.8, 12570, 0
160292, 18573.7, 0
141607, 26338.9, 0
81822.4, 23418.6, 0
248005, 126406, 0
241861, 43458.4, 0
145936, 58408.7, 0
75323.3, 32333.3, 0
179274, 100003, 0
128954, 40207.1, 0
166572, 63767.9, 0
28447.6, 6920.43, 0
203747, 73155.2, 0
22222, 10739.7, 0
100192, 51346.6, 0
200802, 79085.5, 0
139248, 81187.6, 0
207615, 110771, 0
193958, 95946.3, 0
132797, 59598.3, 0
109714, 20221.2, 0
80293.2, 22105.3, 0
141912, 76732.9, 0
80155, 32904.4, 0
190665, 100143, 0
59724, 31537.5, 0
252436, 115372, 0
154162, 15795.1, 0
114598, 34029.8, 0
190864, 98680.7, 0
71138.1, 33864.9, 0
70064.5, 14819.8, 0
109030, 27229.5, 0
170866, 58633.3, 0
87577.8, 32526.6, 0
207134, 84994.3, 0
259824, 53376.9, 0
220856, 112184, 0
96902.9, 55115.8, 0
218452, 104596, 0
127616, 62424.6, 0
76802, 41579.9, 0
140034, 43496.2, 0
116729, 29512.4, 0
154394, 65488.1, 0
70012.6, 38843.2, 0
94545.4, 16619.4, 0
227435, 42150, 0
151189, 81950.6, 0
128390, 73863.1, 0
98222.2, 14150.7, 0
207639, 76677.4, 0
61782.3, 10661.2, 0
103292, 39345.8, 0
204454, 102410, 0
65818.3, 20055.7, 0
183006, 34961.1, 0
103857, 53353.9, 0
76536.8, 41175.7, 0
170174, 46334.6, 0
84877.2, 15867.5, 0
200276, 86796.6, 0
193419, 85870.7, 0
248534, 117503, 0
119169, 42245.8, 0
290789, 127703, 0
234810, 43056, 0
171298, 95777.9, 0
182645, 26911.1, 0
63288.2, 33827.7, 0
246199, 127220, 0
67206.2, 8512.72, 0
64467.3, 19394.3, 0
140942, 42089.5, 0
65715.7, 36126.9, 0
257336, 100158, 0
131158, 64838.5, 0
175807, 25054.5, 0
142437, 18950.4, 0
321744, 72700.9, 0
27021.6, 5669.21, 0
124527, 13480.5, 0
121049, 61359.9, 0
112383, 56568.7, 0
161913, 82137.8, 0
134500, 70264, 0
101606, 13647.2, 0
52417.6, 22764, 0
127202, 65727, 0
58105.8, 32531.1, 0
254512, 103013, 0
88327.8, 12502.1, 0
152177, 86534.3, 0
111965, 34498.6, 0
153066, 44763.5, 0
256886, 122909, 0
155352, 68779.7, 0
110048, 63575.4, 0
165080, 42894.2, 0
117509, 66557.6, 0
151836, 16386.8, 0
128661, 74744.5, 0
59480.4, 24431.7, 0
68564.4, 36848.7, 0
233711, 35481.2, 0
147798, 69317.2, 0
98591.5, 36616.3, 0
89844.5, 15778.7, 0
140350, 25499.2, 0
190998, 50087.6, 0
65852.9, 26188.2, 0
217414, 88893.9, 0
138759, 44889.1, 0
103723, 48367.9, 0
176939, 102752, 0
149924, 47787.7, 0
126056, 48227.5, 0
173795, 78654.9, 0
147453, 50218.3, 0
133156, 29801.2, 0
226438, 100366, 0
240413, 11363.8, 0
99037.9, 44633.3, 0
63832.3, 23062, 0
97402.7, 37423, 0
199757, 93196.7, 0
40209.6, 22378.3, 0
140795, 70787.3, 0
153805, 37487, 0
157136, 30777.7, 0
122038, 67129.7, 0
229387, 48172.2, 0
159346, 82236.5, 0
113353, 33075, 0
213097, 81423.8, 0
202176, 90064.3, 0
72365.2, 17214.1, 0
127648, 60387.4, 0
148238, 61237.6, 0
215972, 53361.8, 0
102257, 27346.1, 0
184846, 92954.5, 0
97314.5, 56580.7, 0
127346, 41704.2, 0
142340, 13296.1, 0
73877.8, 32498.2, 0
145527, 29357, 0
177222, 104761, 0
105040, 30007.5, 0
140196, 70873.8, 0
58409.2, 25379.3, 0
195353, 91803.5, 0
153843, 81813.7, 0
104611, 42234.2, 0
44158.5, 17683.1, 0
124147, 31867.2, 0
201287, 91070.3, 0
124418, 41532.9, 0
99826.6, 38563.6, 0
319339, 121788, 0
123805, 31770.9, 0
209386, 69340.9, 0
257630, 100062, 0
186879, 89633, 0
147133, 68184.7, 0
226615, 121807, 0
86807.5, 23175.8, 0
89976.6, 30567.6, 0
106950, 60660.2, 0
206250, 93491.3, 0
217868, 55374.4, 0
238015, 78822.8, 0
132625, 75298.1, 0
143763, 8657.81, 0
82663.6, 37920.1, 0
230963, 109053, 0
99540.9, 21691.4, 0
57982.3, 32196.1, 0
179608, 82901.7, 0
125508, 2811.18, 0
132744, 78450.8, 0
58416.6, 4487.99, 0
162686, 95682.3, 0
173999, 44262.1, 0
86565.7, 50268.2, 0
47360.3, 15946, 0
157366, 55894, 0
124142, 42812.3, 0
87062.7, 46673.9, 0
169738, 62437.5, 0
24415.9, 10973.5, 0
86344, 34542.3, 0
282364, 34136.4, 0
158769, 85152.7, 0
56320.8, 28615.3, 0
81363.9, 18979.3, 0
203501, 39610.7, 0
135277, 70003.9, 0
99914.6, 24080, 0
96090.6, 29298.8, 0
130765, 39702, 0
83304.3, 20167.3, 0
87813.1, 38749.5, 0
147509, 20004.9, 0
87098.2, 40114.3, 0
85249.9, 15962.6, 0
44926.8, 19518.9, 0
76734.3, 21938.2, 0
132182, 76937.1, 0
76747, 24573.5, 0
120310, 53635.7, 0
78874.5, 31834.9, 0
63358, 19513.4, 0
68106.9, 30186.3, 0
135150, 59127.8, 0
58445.2, 26295.5, 0
101344, 30792.1, 0
199977, 78971.4, 0
148954, 50166.5, 0
89567.3, 43484.3, 0
118077, 50188.4, 0
193472, 104645, 0
155879, 9530.27, 0
59840.5, 29778.9, 0
162201, 84143.9, 0
116172, 53574.7, 0
69395.4, 34734.5, 0
141811, 77414.7, 0
164487, 52147, 0
93796.3, 34007.4, 0
172145, 64602.3, 0
179944, 92581.1, 0
148067, 59132.4, 0
100435, 53333.1, 0
122794, 38802.3, 0
188332, 29528.5, 0
108029, 32371.2, 0
154825, 74968.6, 0
102666, 12259.5, 0
35413.1, 4820.26, 0
112839, 40346.4, 0
210431, 65021.5, 0
37900.2, 10721.8, 0
86334.2, 17437.5, 0
90788.9, 22032.2, 0
92231.8, 43798.8, 0
122082, 50460.8, 0
164508, 17657.1, 0
105629, 24826.5, 0
155240, 30627.8, 0
240284, 128365, 0
87291.8, 50129.8, 0
90073.1, 47097.2, 0
174713, 66456.3, 0
81403.3, 35792.4, 0
175453, 13452.4, 0
220436, 89624.9, 0
70783.4, 25494.1, 0
97674.1, 39264.4, 0
54085.6, 18216.2, 0
169745, 26796.4, 0
247259, 73159.7, 0
128304, 47209.4, 0
210513, 94410.4, 0
115781, 61298.9, 0
214062, 105589, 0
142741, 12089.1, 0
169930, 78664.8, 0
93953.5, 50390.8, 0
98357.5, 27890.9, 0
62547.5, 32703.7, 0
132512, 53567.4, 0
180600, 44916, 0
159648, 74368, 0
167392, 45488.3, 0
107547, 10640.1, 0
109156, 59218.5, 0
146015, 34413.7, 0
101368, 28870, 0
132698, 41022.8, 0
52644.6, 11112.2, 0
118752, 68113.5, 0
226070, 42235.3, 0
85336.3, 43749.3, 0
177324, 31648.8, 0
122224, 70832.9, 0
169485, 19738.1, 0
139485, 32469.7, 0
87016.1, 48646.8, 0
154065, 54882.9, 0
135531, 52319.5, 0
109619, 47875.2, 0
127219, 46921.4, 0
287534, 105643, 0
161018, 86144, 0
142206, 84012.1, 0
254153, 96516.2, 0
219952, 114384, 0
127060, 66893.5, 0
137614, 78858.8, 0
148285, 68731.9, 0
119637, 58673.2, 0
142303, 77319.2, 0
236133, 85861.1, 0
269618, 59361.2, 0
69496.4, 36372.1, 0
128277, 45793.5, 0
198214, 112729, 0
92932.1, 47257.9, 0
57522, 16315.5, 0
146225, 85754.8, 0
246876, 27269.8, 0
101398, 36992.9, 0
201362, 98909.2, 0
183542, 71566.8, 0
132079, 42470.9, 0
136495, 49960.9, 0
73019.5, 38693.8, 0
75311.8, 6495.55, 0
98940.1, 45559, 0
174055, 41069.7, 0
124871, 52613.8, 0
154307, 90060.5, 0
129283, 33261.3, 0
225081, 71963.9, 0
42904.2, 15819.3, 0
163801, 31421.7, 0
208151, 121709, 0
191464, 74922, 0
90482.3, 42459.1, 0
22871.2, 8413.23, 0
104964, 41527.1, 0
165866, 27013.6, 0
205471, 87590.3, 0
132214, 63836.4, 0
79242.2, 14479.7, 0
111798, 63371.3, 0
191822, 61154.9, 0
213719, 111982, 0
197808, 96197.7, 0
164821, 71315.9, 0
198158, 82018.8, 0
197590, 102190, 0
82291.9, 39398.8, 0
118017, 22986.7, 0
115805, 58952.7, 0
189633, 22766.1, 0
153001, 52375.9, 0
69068.1, 33240, 0
163613, 52857.1, 0
153078, 77928.9, 0
103524, 55144.9, 0
244409, 107328, 0
163046, 31256.8, 0
192698, 38931.2, 0
176064, 100757, 0
117868, 48421.4, 0
185166, 46228.6, 0
196251, 14448.9, 0
70303.8, 26596.3, 0
111312, 47043.9, 0
190021, 39258.9, 0
119465, 49184.8, 0
199281, 15687.8, 0
190947, 110062, 0
213928, 112898, 0
153747, 83364.2, 0
128449, 39004.5, 0
113321, 11830.4, 0
290304, 101767, 0
201385, 86561.8, 0
41031.5, 4520.36, 0
197467, 71013.8, 0
103760, 53903.6, 0
115482, 39223.1, 0
124827, 30198.9, 0
173873, 47090.9, 0
128398, 58158.3, 0
215714, 118995, 0
124230, 27650.3, 0
135679, 11181.5, 0
45063.1, 15470.5, 0
197703, 57290.7, 0
110730, 7058.62, 0
105576, 48929.5, 0
207216, 91692, 0
91415.1, 29198.6, 0
50073.2, 7110.07, 0
124367, 7220.92, 0
223744, 86307.9, 0
202577, 76215.2, 0
142787, 83999.4, 0
118443, 63263.4, 0
201594, 70107.5, 0
110006, 59570.3, 0
132250, 58751, 0
134660, 77162.8, 0
201145, 37903.2, 0
217746, 50158.7, 0
216665, 40241.9, 0
248438, 99130.2, 0
206413, 62977.1, 0
201979, 98062.2, 0
62627.6, 20822.4, 0
170542, 90734.4, 0
262212, 153429, 0
131539, 72615.9, 0
129020, 57943.8, 0
154391, 76173.3, 0
170536, 90120.7, 0
178878, 93783.7, 0
100348, 54910.2, 0
120994, 60622.8, 0
90776.7, 42080.8, 0
136174, 26913.2, 0
91849.1, 41907, 0
96983.6, 39714, 0
151734, 47690.1, 0
128397, 68918.1, 0
135304, 33384.5, 0
218679, 32427.4, 0
215707, 51403.3, 0
145349, 46125, 0
125961, 69137.2, 0
46256.9, 23116.3, 0
191400, 105193, 0
182929, 19643.7, 0
214241, 62778.1, 0
128828, 58184.9, 0
67207, 29888.7, 0
104654, 42572.5, 0
118657, 53963.4, 0
189631, 78688.5, 0
179273, 30260.5, 0
86646.3, 37177.4, 0
177424, 2780.87, 0
98046.7, 31504.3, 0
141408, 23534.5, 0
67215.9, 33731.1, 0
110578, 39289.5, 0
92234.9, 28521.8, 0
115345, 61155.2, 0
158556, 91008, 0
275533, 122930, 0
108246, 47070.8, 0
99951.5, 43487, 0
208634, 110687, 0
209789, 100142, 0
52068.4, 15492.2, 0
254424, 134229, 0
167444, 85306.7, 0
111610, 44095.9, 0
128737, 43039.4, 0
193873, 31980.1, 0
39260.5, 17816.9, 0
171216, 99603.5, 0
113922, 52763.2, 0
59697.7, 22204.4, 0
214316, 56137.4, 0
168621, 94817.8, 0
82628, 31623.7, 0
101229, 35170.7, 0
145146, 8253.31, 0
235909, 32874.6, 0
73104.1, 35414.3, 0
281028, 119788, 0
87855.1, 30864.2, 0
126714, 31078.5, 0
191924, 94435.1, 0
265273, 120678, 0
187913, 96958.8, 0
123632, 25685.6, 0
164076, 54628.8, 0
132768, 61100.8, 0
207983, 102979, 0
105047, 57738.5, 0
130365, 64521, 0
163823, 61124, 0
180576, 60965.7, 0
235109, 88324, 0
185566, 39107.7, 0
63777.9, 27449.7, 0
211400, 124849, 0
129402, 67440.1, 0
62615.9, 21800.1, 0
244800, 94124.5, 0
87922.4, 37384.2, 0
70693.3, 31080.4, 0
110017, 49641, 0
352257, 176246, 0
71561.9, 41596.8, 0
154139, 70712.8, 0
126033, 41904.6, 0
170484, 94609.3, 0
265398, 74279.7, 0
80624.3, 23939.4, 0
111519, 52118.4, 0
102112, 35797.6, 0
156465, 57809.4, 0
62701.7, 36037.1, 0
100112, 36151.9, 0
69534.2, 6328.55, 0
25906.5, 9016.72, 0
85295.1, 26298.1, 0
89828.8, 38150.4, 0
112047, 24181.6, 0
50843.8, 13664.8, 0
282323, 96049.7, 0
176765, 100367, 0
127128, 71820.1, 0
96611.5, 39365.1, 0
83291, 27966.1, 0
102880, 58806.5, 0
88765.8, 27918.2, 0
174949, 40782.2, 0
63480.6, 16701.1, 0
101138, 42443.5, 0
245834, 70392.7, 0
156167, 57836.9, 0
221457, 35114.1, 0
140276, 66137.2, 0
106750, 61559.3, 0
210668, 98664.8, 0
224239, 100011, 0
96714.5, 51372.9, 0
136438, 37020.7, 0
83165.6, 41226, 0
132029, 46682, 0
169951, 40461.7, 0
118729, 50815, 0
120456, 6448.89, 0
194389, 36401.5, 0
216312, 32376.1, 0
149503, 83314.2, 0
115838, 53116.3, 0
111234, 36013.8, 0
180309, 55329.1, 0
110833, 19451.2, 0
228415, 75649.6, 0
233819, 36961.3, 0
134420, 27279.8, 0
169247, 57825.4, 0
178042, 22590.7, 0
90515.1, 38497.6, 0
117280, 10031, 0
175616, 54370.5, 0
140775, 77854.1, 0
166640, 62012.4, 0
117833, 48771.7, 0
138636, 67180.1, 0
147660, 23688.1, 0
120812, 35289.2, 0
90796.4, 37232.7, 0
135629, 50279.6, 0
158385, 74760.2, 0
69523.6, 27173.1, 0
260971, 149616, 0
176646, 91232.1, 0
140379, 75939.3, 0
108659, 49861.8, 0
186951, 68376, 0
103848, 32844.5, 0
55982.7, 14088.7, 0
164760, 31821.7, 0
294442, 75858.5, 0
90028, 52237.3, 0
135722, 53306.5, 0
67429.7, 17004.2, 0
175592, 86516.2, 0
139116, 46428.2, 0
70377.4, 23502.3, 0
168671, 26963.1, 0
250654, 137373, 0
247005, 128833, 0
189160, 95342.8, 0
205208, 49110.8, 0
160537, 75514.9, 0
97026.8, 17205.3, 0
68158.9, 32840.9, 0
130369, 69743.7, 0
237483, 112425, 0
155018, 40257.5, 0
95047.3, 36964.4, 0
113529, 58559.3, 0
191823, 13897.4, 0
159532, 89596.7, 0
249140, 141689, 0
64672.9, 1982.87, 0
152682, 19883.8, 0
68152.5, 12803.6, 0
112687, 63961, 0
132092, 53604, 0
71094.8, 14183.4, 0
73779.6, 22046.8, 0
29113.7, 9360.82, 0
115864, 44796.9, 0
190044, 110249, 0
215729, 67008.1, 0
123441, 14450.5, 0
174080, 42494.2, 0
83830.1, 30213.2, 0
102305, 23876.7, 0
135058, 76994, 0
233705, 48072.8, 0
143295, 36503.4, 0
150446, 46438.4, 0
193574, 28873.6, 0
161856, 40780.1, 0
109975, 35769.7, 0
156172, 74681.5, 0
111155, 26179.7, 0
75428.3, 40465.9, 0
254714, 110172, 0
244028, 141738, 0
211591, 21644.9, 0
87038.3, 34746.2, 0
56272.8, 27417.1, 0
84556.6, 35108.2, 0
159563, 94062.5, 0
155273, 13997.6, 0
218118, 63716, 0
148365, 20414.3, 0
164709, 56788.8, 0
254644, 75565.4, 0
240420, 108881, 0
135291, 29940.3, 0
185028, 83847.4, 0
107588, 60956.6, 0
100881, 44876.9, 0
48195.4, 24255.8, 0
168626, 47167.7, 0
185923, 59039.7, 0
154354, 89432.7, 0
122629, 28026.9, 0
183324, 30199.1, 0
150521, 80479.2, 0
113626, 51087.3, 0
188750, 76815.5, 0
95407.4, 39610.5, 0
152999, 56425, 0
119338, 53018, 0
122597, 62231.7, 0
134807, 62620.1, 0
71602.1, 41606.9, 0
192237, 74764.5, 0
110044, 29349.6, 0
98940.3, 54676.1, 0
58122.6, 10536.5, 0
241236, 56340.8, 0
129620, 67036.3, 0
137783, 52104, 0
138716, 39235.3, 0
30695.5, 9494.42, 0
80384.7, 29237.9, 0
141460, 66834.2, 0
221318, 27754.6, 0
129132, 60232.6, 0
84718.3, 49064.1, 0
106074, 44409.5, 0
54965.2, 5269.81, 0
242652, 95467.1, 0
85942.2, 27429.1, 0
132929, 46487.4, 0
106445, 35440.9, 0
177628, 86704, 0
55715.3, 24474.7, 0
142123, 59206.6, 0
159768, 20678.6, 0
112609, 23393.9, 0
115468, 38805.7, 0
278480, 96425.5, 0
125331, 22212.4, 0
144232, 55943.6, 0
88264.2, 43935.8, 0
191543, 37708.5, 0
174423, 47893.2, 0
87087, 13235.1, 0
191744, 27736.2, 0
209486, 106447, 0
153064, 70661.8, 0
146455, 84157.7, 0
166779, 40991.4, 0
210401, 66415.7, 0
91023.2, 37359, 0
160407, 75379.8, 0
107359, 34786.1, 0
103528, 40193.1, 0
177149, 47449.3, 0
121563, 15942.2, 0
95320.9, 46551.2, 0
141577, 58862.6, 0
191223, 92303.2, 0
135278, 62801.6, 0
207439, 78857.5, 0
153131, 82403.5, 0
158076, 30802.9, 0
54904.8, 31538.8, 0
98264.5, 45016.9, 0
233698, 108401, 0
122271, 19071.4, 0
159353, 42290.4, 0
201413, 113446, 0
83557.5, 23832.6, 0
177336, 56425.4, 0
131810, 54482.4, 0
208365, 75121.1, 0
226005, 129861, 0
162317, 59990, 0
75250.9, 8074.33, 0
127744, 53546.5, 0
69044, 26760.3, 0
54673.3, 25827.5, 0
183372, 106606, 0
100419, 47805.4, 0
140585, 82196.2, 0
149189, 59383.7, 0
150148, 57168.8, 0
105841, 59307.2, 0
164291, 80077.6, 0
132848, 78213.3, 0
54758.2, 30990.1, 0
125217, 43409.5, 0
81373.4, 38414.8, 0
143102, 36748, 0
170641, 83462.2, 0
190203, 51778.6, 0
96395, 19967, 0
84512.3, 24596.3, 0
108550, 32916.6, 0
224518, 22433.6, 0
149070, 15624.4, 0
79858.1, 22425.4, 0
228796, 117922, 0
188434, 101077, 0
243615, 59856.3, 0
330242, 84081.4, 0
169271, 33134, 0
173782, 99956, 0
175645, 30468.8, 0
80436.1, 42610.8, 0
88780.6, 25771.8, 0
208169, 97983.4, 0
159765, 30459.5, 0
138057, 43282.4, 0
165306, 33222.9, 0
145894, 20977.1, 0
55129.3, 8557.68, 0
150047, 64658.3, 0
223370, 73379.3, 0
189138, 69615.5, 0
90696.1, 42222.4, 0
274974, 153306, 0
104671, 53698.9, 0
144142, 78146.3, 0
142461, 72303.4, 0
109186, 58699.3, 0
302318, 21761.2, 0
128466, 19580.1, 0
72406.9, 39829.5, 0
181491, 33728.7, 0
232922, 21440.7, 0
54505.2, 12153.6, 0
222301, 123526, 0
225800, 125370, 0
191728, 110258, 0
215688, 14451.3, 0
61894.1, 34625.5, 0
127632, 57073.1, 0
182836, 75755.1, 0
123374, 48480.4, 0
140424, 67762.1, 0
235821, 80136.2, 0
135518, 76108.5, 0
213984, 102940, 0
67307.9, 35431, 0
178023, 82289.9, 0
62461.6, 34365.6, 0
108328, 37596.5, 0
45612.8, 15700.3, 0
179352, 90937.2, 0
71986.4, 35231.7, 0
130064, 70517.9, 0
109577, 58728.9, 0
50710.8, 29432.7, 0
164753, 62685.1, 0
86776.8, 5570.03, 0
78404.8, 4524.73, 0
190342, 61569, 0
114165, 52145.4, 0
136543, 59332.1, 0
73758.7, 20832.6, 0
98372.3, 54014.2, 0
77448.2, 33877.7, 0
228306, 81364.8, 0
165166, 67731.3, 0
251208, 65558.8, 0
58376, 15531.9, 0
165836, 71470, 0
61722.1, 12071.2, 0
116988, 53559.3, 0
185202, 94302.9, 0
254551, 118574, 0
107111, 45662.7, 0
202113, 40753.7, 0
314063, 73823.3, 0
183117, 45984.9, 0
159353, 38738.6, 0
115161, 46944, 0
214107, 87055.5, 0
172998, 74359.7, 0
42841.6, 22226.5, 0
70411.9, 12749.2, 0
151094, 63970.4, 0
85222.9, 14242.7, 0
256885, 47967.6, 0
181566, 91862.8, 0
169304, 79414.1, 0
141751, 82412.2, 0
100475, 29101.3, 0
256373, 92858.2, 0
173333, 69250.3, 0
177624, 8442.51, 0
113552, 55863.8, 0
89324.1, 7520.28, 0
320260, 98006.2, 0
172330, 52222.6, 0
205722, 107923, 0
301214, 96119.5, 0
60250.1, 8051.42, 0
20493.9, 11237.7, 0
222860, 67893.2, 0
194170, 97688.4, 0
125174, 44923.6, 0
91798.1, 35299.6, 0
173129, 66672.3, 0
182212, 97083.8, 0
83166.7, 11418.6, 0
40538.9, 18058.6, 0
140579, 37972.5, 0
124778, 55678.2, 0
95219.7, 20758.5, 0
111742, 11363.7, 0
45279.5, 21154.9, 0
59403.9, 24623.5, 0
66844.7, 32571.9, 0
135291, 71690.2, 0
125440, 64387.2, 0
154671, 70469.2, 0
100441, 24467.8, 0
130481, 24385.1, 0
108826, 40273, 0
89972.7, 42554.5, 0
133464, 48046.7, 0
192850, 102008, 0
121684, 7481.59, 0
89250.1, 16044.7, 0
93135.5, 51930.1, 0
101909, 32843.4, 0
102866, 57086.3, 0
146633, 38525.4, 0
180037, 26032.6, 0
184642, 98504.7, 0
69920.6, 28129.5, 0
100172, 54844.3, 0
95907.9, 51513.4, 0
201129, 37400.5, 0
201103, 27745.7, 0
88052.2, 19201, 0
63076.9, 35159.6, 0
86065.5, 41174.5, 0
21116.1, 3841.27, 0
131744, 52450.7, 0
168979, 67040.1, 0
192611, 69734.8, 0
166970, 59795.8, 0
192854, 51767.7, 0
167776, 50594.6, 0
281093, 73656.9, 0
135381, 26801.3, 0
35443, 2817.6, 0
135240, 24234.1, 0
107417, 61017.8, 0
60273.9, 32109.2, 0
126550, 32018.5, 0
165131, 96835.3, 0
121261, 69904.9, 0
186557, 90533.1, 0
168428, 90423.1, 0
164475, 47046.3, 0
74238.7, 33971.8, 0
113640, 32274.8, 0
112220, 18262.3, 0
183693, 99599.7, 0
237292, 113905, 0
257520, 90988.2, 0
163011, 80872.9, 0
86318.8, 17836.1, 0
218470, 92218.5, 0
214663, 68261, 0
124912, 24649.6, 0
197655, 58307.3, 0
176998, 98128.2, 0
44772.9, 20905.6, 0
200606, 95798.1, 0
94799.5, 32019, 0
161066, 61562.6, 0
180759, 77255.3, 0
301426, 79041.9, 0
117210, 64120, 0
144975, 29619.7, 0
201951, 112481, 0
120974, 58975.8, 0
80613.8, 17254.2, 0
240691, 93558.1, 0
281058, 148783, 0
227607, 133532, 0
90509.7, 13566, 0
156007, 19196.2, 0
186575, 52212.2, 0
136804, 76013.7, 0
154948, 74388, 0
35904.6, 18365.7, 0
122941, 61599.6, 0
72921.4, 35783.4, 0
172677, 55152.4, 0
71917.2, 33615.7, 0
123439, 28137.8, 0
232673, 81143.9, 0
117320, 64367.5, 0
190431, 95922.6, 0
177397, 14141.5, 0
68841.7, 33020.5, 0
221928, 46726.5, 0
78501.5, 33610.1, 0
133940, 74406.6, 0
112623, 38766.9, 0
208673, 44022.1, 0
248510, 41300.3, 0
115349, 58575.5, 0
222795, 73647.7, 0
211997, 14070, 0
111346, 31766.4, 0
105114, 4350.71, 0
196339, 11089.4, 0
119993, 57660.9, 0
250917, 59373, 0
57698.9, 21219.6, 0
180245, 87509.5, 0
56938.3, 27183.8, 0
64271.8, 34787.6, 0
114170, 55810.3, 0
70852.5, 1265.82, 0
242910, 98265, 0
52859, 7525.34, 0
117689, 61217.2, 0
26425.5, 11679.3, 0
102734, 18613.8, 0
92390.4, 47005.6, 0
247510, 141104, 0
82503.9, 48338.4, 0
260034, 8949.47, 0
122336, 37137.1, 0
172630, 98661.4, 0
165190, 61752.7, 0
119085, 30361.3, 0
245100, 100359, 0
221541, 60476.2, 0
147687, 67642.3, 0
37536, 19814.4, 0
285950, 44521.5, 0
259454, 104671, 0
215436, 106705, 0
112442, 17470.3, 0
70585.5, 23206.2, 0
197707, 106583, 0
223214, 59394.5, 0
68994.1, 39696.3, 0
237564, 134679, 0
169940, 67647.8, 0
184850, 18228.6, 0
139181, 80942.9, 0
155909, 17377.9, 0
282929, 95330, 0
202573, 75430.5, 0
192370, 91155.4, 0
36125.4, 19270, 0
139813, 80279.2, 0
178534, 89140.2, 0
183959, 77332.4, 0
219766, 126773, 0
255612, 82269.6, 0
158397, 91073.7, 0
151644, 88775.3, 0
314462, 169061, 0
139769, 74686.6, 0
177007, 83664.1, 0
148040, 71992, 0
194361, 109983, 0
177451, 82675.3, 0
114369, 49900.8, 0
195418, 64646.8, 0
87973.2, 20988.6, 0
211546, 66587.6, 0
99524.3, 6357.72, 0
180598, 85548.1, 0
157973, 49720.1, 0
72504.8, 12646.8, 0
135636, 59902.5, 0
166194, 36516.6, 0
184667, 30767, 0
110843, 40415.9, 0
133860, 58676.2, 0
190723, 44236.7, 0
109500, 37326.7, 0
78958.4, 14513.7, 0
157895, 36120, 0
122043, 71461.8, 0
175417, 64623.5, 0
156276, 11152.2, 0
241778, 66604.8, 0
117801, 63921.9, 0
120566, 56564.7, 0
126754, 62028.8, 0
204773, 88032.5, 0
208170, 19658.4, 0
53374.4, 20619.4, 0
90194.6, 33334.5, 0
117231, 5715.18, 0
103636, 36906.1, 0
224166, 65766.4, 0
108117, 62342.3, 0
143778, 84791.6, 0
111417, 49735.2, 0
180917, 87636.5, 0
92511.3, 31485.2, 0
127239, 19720.4, 0
142753, 55625.1, 0
108639, 19851.4, 0
117222, 33057.5, 0
200370, 58138.1, 0
92709.2, 40508.9, 0
82590, 33716.1, 0
82092.2, 35694.6, 0
170551, 78431.9, 0
69938, 31950.7, 0
164739, 59386.4, 0
71111.3, 27519.7, 0
154279, 86599.9, 0
196965, 57844.5, 0
60586.7, 29412.2, 0
125564, 70539.6, 0
146858, 79474.9, 0
129828, 76418.4, 0
195920, 78792.9, 0
178237, 59109.2, 0
101595, 10212.1, 0
204274, 60810.9, 0
115844, 38381.1, 0
134737, 39440, 0
115839, 53388.7, 0
136837, 34180.7, 0
112712, 8919.62, 0
162817, 75612.1, 0
57348.6, 8265.28, 0
69486.5, 37455.5, 0
71411.4, 25991.5, 0
29988.6, 12089.3, 0
172082, 67574.5, 0
126976, 21153.9, 0
150862, 73843.4, 0
257170, 55063.2, 0
166877, 92188, 0
143989, 26743.6, 0
114833, 53337, 0
180482, 95777.8, 0
105907, 36751.9, 0
93491.5, 53180.9, 0
91857.4, 39745.3, 0
174818, 67389.3, 0
82757, 44382.4, 0
182804, 68972.8, 0
136690, 75465, 0
271722, 116038, 0
79219.2, 10316.6, 0
70635.2, 37792.8, 0
170249, 45290.5, 0
60274.7, 24105.1, 0
134906, 48164.2, 0
168862, 67384.8, 0
105359, 37764.4, 0
247438, 81145.6, 0
130585, 28914.4, 0
188133, 37843.5, 0
115903, 62644.9, 0
57849.2, 27508, 0
159324, 55688.9, 0
92561.9, 21701.1, 0
243807, 46563.4, 0
184726, 15560.1, 0
61867.2, 8461.25, 0
20716.1, 5282.88, 0
225454, 121708, 0
67840.2, 29096.9, 0
142315, 64926.5, 0
147389, 71938.8, 0
165823, 69198.9, 0
172520, 55631.9, 0
124784, 36390.5, 0
225372, 124661, 0
226857, 79022.9, 0
144552, 83178.9, 0
151571, 67589.3, 0
119494, 43388.3, 0
117425, 10884.1, 0
140956, 8047.19, 0
148112, 20242.9, 0
145883, 76114.8, 0
186700, 44228.2, 0
133474, 67701.2, 0
208323, 10966.3, 0
163484, 86688.4, 0
251575, 123215, 0
102052, 32710.3, 0
56069.5, 21131.5, 0
159049, 71960.9, 0
81803.9, 14526.2, 0
54190.8, 9409.24, 0
73522.8, 31193.3, 0
296888, 95131.6, 0
117658, 45623.3, 0
61926.4, 21497, 0
107908, 53052.6, 0
150827, 81442.9, 0
248178, 137220, 0
177207, 33088.7, 0
91424.1, 53757.2, 0
54154.1, 16867.2, 0
111806, 56448.5, 0
216694, 102936, 0
88223.6, 51071.3, 0
146158, 37034.5, 0
220137, 121507, 0
170277, 100296, 0
298011, 137564, 0
206561, 68197.8, 0
257937, 132124, 0
123872, 48876.1, 0
218981, 111843, 0
175517, 57819.5, 0
172809, 29631.5, 0
266143, 59588.7, 0
183281, 39055, 0
151398, 88630.7, 0
99095.7, 39975.5, 0
163946, 56072.2, 0
157787, 38951.7, 0
125756, 38691, 0
230906, 127220, 0
140718, 12051.7, 0
152853, 44122.7, 0
131259, 50373, 0
120668, 65408.5, 0
157928, 16121.3, 0
121231, 59399.4, 0
190354, 46509.3, 0
147772, 79236.9, 0
104981, 45100.5, 0
61191.2, 12298.8, 0
61783.4, 24301.8, 0
69006.6, 26916.3, 0
98647.4, 32420.2, 0
353775, 179826, 0
216317, 90471.7, 0
95088.7, 4746.23, 0
143286, 35149.7, 0
100372, 25944.9, 0
62601.9, 22834.9, 0
126468, 27184.1, 0
53100.3, 14137.6, 0
147895, 82536.3, 0
157397, 69074.2, 0
36675.8, 18560.1, 0
144622, 24309.6, 0
131450, 64493.6, 0
107243, 48211.7, 0
71913.6, 31834.2, 0
67323.5, 29248.1, 0
180821, 79320.1, 0
79649.2, 42800.2, 0
158102, 68487.4, 0
130853, 46155.7, 0
226613, 111615, 0
150339, 75522.1, 0
146002, 75435.6, 0
75073.4, 33223.5, 0
169432, 61308.2, 0
54230.8, 22016, 0
98310, 40431.9, 0
177399, 94605.4, 0
133987, 70303.2, 0
50267.5, 21480.6, 0
211431, 108810, 0
122971, 8363.4, 0
151309, 87445, 0
149318, 47590.1, 0
178667, 98240.4, 0
281965, 115258, 0
233718, 109212, 0
109048, 49809.8, 0
243566, 91739.4, 0
221483, 68089.1, 0
51222.5, 18853.7, 0
89195.6, 18145.2, 0
100792, 35758.2, 0
111780, 56409.6, 0
147590, 50577.9, 0
148162, 74277.7, 0
238455, 114948, 0
236416, 72163.7, 0
142878, 28868.9, 0
53188.5, 24292.8, 0
279006, 112984, 0
172725, 98063.9, 0
102019, 48866.6, 0
33578.2, 19667.9, 0
178564, 96027.9, 0
171527, 70263.9, 0
85131.3, 48996.1, 0
98645.6, 53859.4, 0
212536, 108910, 0
240743, 31162.5, 0
87681.4, 49595.9, 0
148746, 30647.3, 0
82797, 25787.4, 0
78144, 25367.9, 0
197496, 31793.2, 0
104394, 51936, 0
158999, 66314.7, 0
204941, 22433, 0
83055.9, 46224.6, 0
85341.9, 31159.6, 0
161621, 71125, 0
223283, 62030.5, 0
216201, 114489, 0
139855, 80230.5, 0
113054, 32721.8, 0
144049, 19549.6, 0
209629, 42697.5, 0
161630, 59162.7, 0
143538, 64412.6, 0
193954, 109248, 0
118296, 13040.8, 0
122120, 52494.6, 0
171681, 72244.6, 0
166113, 76173.9, 0
46465.8, 13519.4, 0
23241.5, 7021.92, 0
144092, 71308.3, 0
120066, 39707.1, 0
92332, 18929.7, 0
148904, 38515.6, 0
99426.6, 53224.7, 0
136809, 63518.5, 0
133612, 17811.8, 0
134449, 44527.1, 0
111369, 12737.8, 0
112076, 54296.2, 0
180100, 75892.1, 0
186972, 100708, 0
12638.1, 5411.33, 0
138774, 27453.2, 0
180320, 97768.2, 0
98219.1, 23788.4, 0
175939, 43001.5, 0
142855, 38868.8, 0
191813, 96221.9, 0
63881.9, 15626.9, 0
153897, 44362.7, 0
144114, 76404.7, 0
114544, 62374.3, 0
261405, 146022, 0
133687, 27363.6, 0
78440.4, 34840.3, 0
40108, 13836.4, 0
100796, 7849.85, 0
120321, 50613.4, 0
161198, 33619.7, 0
95058.1, 27075.2, 0
170431, 75982.3, 0
198594, 99778.8, 0
92701.1, 30883.4, 0
70259.6, 40662.8, 0
116808, 47092.8, 0
230851, 50231.5, 0
272848, 53893.3, 0
92073.3, 13773.7, 0
69950.7, 30974.7, 0
121125, 23140.1, 0
78528.2, 39390.8, 0
271904, 81312.2, 0
46312.8, 22847.1, 0
243908, 65308.4, 0
100700, 39013.3, 0
237077, 71128.2, 0
185384, 103428, 0
139476, 51472.8, 0
195893, 91289.3, 0
192872, 66040.5, 0
264297, 76260.5, 0
230277, 24527.9, 0
115604, 64061, 0
131402, 77110.7, 0
205959, 102425, 0
108951, 19848.3, 0
193231, 35679.7, 0
172945, 83096.6, 0
198091, 85535.2, 0
185182, 57568.6, 0
115335, 56994.3, 0
273665, 63061.6, 0
73993.9, 11850.8, 0
261265, 115403, 0
103556, 52821.7, 0
211114, 116676, 0
169542, 7737.53, 0
62409.7, 12955.3, 0
149713, 48126.6, 0
193027, 44813, 0
75268.9, 23871.4, 0
55518.3, 28158.1, 0
155960, 89173.2, 0
31368.7, 7159.84, 0
37740.6, 14522.1, 0
104613, 33007.5, 0
101581, 54600.8, 0
184350, 83346.3, 0
122787, 71958.8, 0
51239.3, 17342.3, 0
109451, 18144.8, 0
127078, 12763.1, 0
138065, 54880.4, 0
218159, 72471.8, 0
57944.8, 29846.6, 0
158692, 14928.5, 0
138668, 63470.8, 0
119254, 53223.8, 0
108639, 57469.1, 0
109610, 48265.4, 0
166680, 66837.5, 0
106211, 60918.1, 0
105271, 59192.5, 0
108307, 50202.1, 0
98274.1, 55097.4, 0
125058, 39769.3, 0
220792, 123095, 0
117181, 49313.5, 0
169699, 55137.7, 0
184497, 59362.6, 0
141496, 46061.7, 0
163218, 81655.8, 0
168103, 36374.9, 0
157725, 49304.4, 0
141942, 69051.2, 0
55583.7, 25124.6, 0
325298, 139121, 0
229415, 37213.7, 0
80243.6, 32377.9, 0
146558, 55137.1, 0
140706, 66393.4, 0
33803.3, 17311.6, 0
161702, 95035.7, 0
207390, 92264.9, 0
213088, 35366.6, 0
105378, 60023.8, 0
111138, 59156.5, 0
146671, 43940.6, 0
149243, 87877.5, 0
60236, 19510.2, 0
94015.5, 48020.3, 0
45239.6, 22570, 0
142465, 67516.3, 0
58958.4, 34396.9, 0
183786, 63594.2, 0
156181, 77889.9, 0
117713, 45478.3, 0
195916, 51106.7, 0
157568, 60874, 0
156629, 20779.3, 0
86090.9, 16565.1, 0
117388, 60180.4, 0
193138, 101913, 0
137344, 65021.1, 0
152809, 37324.1, 0
94082.3, 53710.7, 0
147232, 2566.42, 0
120781, 32601.6, 0
219305, 97732.4, 0
181238, 96273.3, 0
128501, 17868.1, 0
176656, 32688.4, 0
138597, 56570.6, 0
189906, 44397, 0
129350, 39623, 0
232732, 16211.7, 0
116543, 66594.2, 0
99460.1, 39368.3, 0
99680.4, 51297.7, 0
202821, 68535, 0
184156, 39405.7, 0
110928, 55909.8, 0
103726, 9291.19, 0
123380, 49520.7, 0
152613, 85036.7, 0
242819, 100754, 0
242272, 71677.6, 0
58316.3, 20621.7, 0
58748.8, 34537.4, 0
263876, 117169, 0
174226, 97691, 0
172198, 92515.9, 0
166884, 71691.8, 0
214322, 124209, 0
167971, 79900.9, 0
83798.3, 43295.4, 0
68000.2, 22074, 0
233533, 95582.6, 0
125280, 33541.7, 0
69408.9, 22485.9, 0
109381, 53170.2, 0
97798.7, 49982.3, 0
96471.1, 46429.6, 0
59380.3, 30441.6, 0
75652.3, 27915.3, 0
114260, 48012.2, 0
200386, 50141.6, 0
80370.5, 17106.4, 0
35732.2, 12057.5, 0
210988, 118255, 0
179268, 79131.9, 0
119044, 27448.1, 0
151348, 48292.9, 0
131876, 54152.8, 0
199347, 41711.7, 0
158111, 52474.8, 0
220990, 68620.5, 0
129709, 70685.2, 0
246245, 144385, 0
200222, 87106.8, 0
150357, 37784.5, 0
383041, 44362.9, 0
54651.6, 23986, 0
195960, 60535.6, 0
89597.7, 45468.1, 0
223607, 95707.2, 0
146543, 68545, 0
167385, 36498.4, 0
97473, 44618.9, 0
150605, 40971.2, 0
78833.6, 46555.2, 0
131883, 72917.8, 0
327924, 23840.6, 0
30366.9, 12978.8, 0
198618, 53599.3, 0
180930, 43401.8, 0
225575, 27248.1, 0
230276, 86749.3, 0
166208, 86198.7, 0
153868, 37815.3, 0
186242, 83533.7, 0
80907.9, 20902.4, 0
88839.7, 32025.9, 0
120814, 64364.3, 0
201962, 108048, 0
120079, 53401.5, 0
119951, 40243.5, 0
114598, 56519.1, 0
155978, 12432.9, 0
234847, 90273.8, 0
177783, 50116, 0
95032.2, 8027.85, 0
248346, 64954.9, 0
102764, 40971.1, 0
121283, 67692.7, 0
71232.8, 29587.8, 0
120089, 61248.5, 0
207627, 68577.1, 0
115181, 62774.3, 0
223941, 106385, 0
124528, 59780.1, 0
87447.5, 45276.4, 0
210186, 72468.6, 0
250313, 36189, 0
318084, 149721, 0
206522, 107398, 0
87296.1, 47804.4, 0
104221, 47082.9, 0
106830, 28157.7, 0
161593, 49881.5, 0
124457, 72171.4, 0
174843, 70000.1, 0
105626, 11312.1, 0
106241, 45709.4, 0
94386.2, 42648.1, 0
193511, 96062.9, 0
128783, 21071.1, 0
183076, 9672.61, 0
177349, 58673.8, 0
164591, 80585.8, 0
187850, 47169.4, 0
203475, 53774.5, 0
119304, 56727.3, 0
120264, 50335.8, 0
204003, 117897, 0
99058.8, 44285.1, 0
122355, 69850, 0
72483.4, 33438.9, 0
135403, 33558.6, 0
149464, 71136.9, 0
102875, 21004.3, 0
145054, 35041.8, 0
180689, 92243.1, 0
194527, 104652, 0
276495, 144703, 0
185587, 72122.7, 0
211069, 94729.9, 0
71292, 32292.5, 0
75683, 43610.5, 0
220552, 118985, 0
179355, 104529, 0
173913, 80990.1, 0
351286, 58071.8, 0
103055, 26316.1, 0
89403.4, 46373.6, 0
205628, 42367.3, 0
72248.6, 41488.4, 0
106246, 59071.8, 0
102234, 23809.4, 0
183270, 30657, 0
71960.6, 34741, 0
173143, 48813.3, 0
183964, 69552.3, 0
62086, 21894.7, 0
179491, 65934.9, 0
170892, 70485.5, 0
125219, 70769.8, 0
160729, 53147.4, 0
180346, 80746.7, 0
287616, 153227, 0
175774, 53688, 0
156498, 39796.4, 0
199897, 55629.2, 0
254991, 86791, 0
84060.1, 33127.7, 0
108723, 45139.4, 0
97238.3, 22433.4, 0
255193, 124154, 0
187802, 72469.8, 0
187912, 73015.5, 0
254272, 103784, 0
285736, 139470, 0
139098, 55406.7, 0
163570, 12026.3, 0
216680, 82261.5, 0
95452.3, 44635.1, 0
171889, 57329.2, 0
214775, 59204, 0
114566, 16742.1, 0
112811, 4272.08, 0
145474, 51039.9, 0
39486.5, 21107.6, 0
175917, 21231.3, 0
149059, 81419.1, 0
137879, 72005.1, 0
121240, 56180.7, 0
158998, 63734.7, 0
121743, 41647.6, 0
228445, 118547, 0
156238, 58118.5, 0
57885.6, 32451.3, 0
250665, 24635.4, 0
136026, 41668.2, 0
219477, 37052.2, 0
162202, 44622.8, 0
157245, 34069.9, 0
151257, 46633.6, 0
137366, 79305.6, 0
159294, 88856.4, 0
122506, 60664.4, 0
124468, 42675.5, 0
218574, 91060.4, 0
194661, 112677, 0
87245.7, 38672.4, 0
197032, 74836.3, 0
252076, 60147.8, 0
273511, 141909, 0
141820, 25927.8, 0
177527, 100707, 0
105375, 23062.9, 0
190791, 31689.4, 0
84391.5, 30785.1, 0
111153, 48224.3, 0
50008.8, 28547.8, 0
93395.8, 49025.6, 0
267166, 133122, 0
188267, 83911, 0
210322, 42893, 0
257514, 127757, 0
75930.1, 33313.8, 0
177265, 39989.9, 0
127591, 17453.8, 0
131737, 43364.7, 0
89708.9, 30472.7, 0
193610, 102086, 0
162547, 39885.2, 0
141723, 8665.54, 0
91359.4, 27322.9, 0
181088, 76405.4, 0
154597, 74142.4, 0
191680, 105272, 0
83000.7, 40606.2, 0
230269, 77196.4, 0
