3.4783e+07, 1.75422e+07, 0
2.83905e+07, 2.97348e+06, 0
4.02111e+07, 1.55051e+07, 0
4.3783e+07, 1.47086e+07, 0
3.1219e+07, 4.72113e+06, 0
3.3939e+07, 1.26546e+07, 0
3.78896e+07, 9.40112e+06, 0
3.30028e+07, 8.4986e+06, 0
2.92085e+07, 4.18584e+06, 0
2.79992e+07, 4.54898e+06, 0
3.86292e+07, 1.35632e+07, 0
3.0242e+07, 7.73058e+06, 0
2.78753e+07, 8.99509e+06, 0
3.37752e+07, 7.34346e+06, 0
2.94568e+07, 1.07497e+07, 0
3.2211e+07, 1.0668e+07, 0
3.23468e+07, 2.48281e+06, 0
3.08062e+07, 1.09487e+07, 0
3.56581e+07, 7.58181e+06, 0
3.66754e+07, 7.78877e+06, 0
3.06754e+07, 1.04204e+07, 0
2.69706e+07, 6.39248e+06, 0
3.32919e+07, 1.43954e+07, 0
4.32124e+07, 6.23645e+06, 0
3.97984e+07, 1.83381e+07, 0
3.52796e+07, 1.77905e+07, 0
3.34378e+07, 9.1001e+06, 0
3.0305e+07, 5.30759e+06, 0
3.87951e+07, 1.38545e+07, 0
2.96483e+07, 1.20711e+07, 0
3.38543e+07, 8.92828e+06, 0
3.25717e+07, 1.25376e+07, 0
3.83282e+07, 9.22151e+06, 0
2.38399e+07, 2.98038e+06, 0
3.09128e+07, 6.02469e+06, 0
3.72587e+07, 4.37143e+06, 0
2.50917e+07, 5.98903e+06, 0
3.45444e+07, 2.04445e+06, 0
3.83012e+07, 1.58284e+07, 0
2.76253e+07, 6.749e+06, 0
3.26363e+07, 1.58668e+07, 0
3.7405e+07, 1.21078e+07, 0
4.4346e+07, 1.51701e+07, 0
3.64455e+07, 1.60451e+07, 0
2.61092e+07, 7.89342e+06, 0
2.67569e+07, 4.08169e+06, 0
2.79499e+07, 9.21449e+06, 0
3.53172e+07, 1.73673e+07, 0
3.33297e+07, 1.16238e+07, 0
3.82207e+07, 1.74184e+07, 0
2.69094e+07, 3.01093e+06, 0
2.88821e+07, 9.40887e+06, 0
3.66466e+07, 1.42819e+07, 0
2.58013e+07, 3.52047e+06, 0
3.56515e+07, 7.89253e+06, 0
2.95805e+07, 1.18895e+07, 0
2.96393e+07, 5.05078e+06, 0
2.83281e+07, 1.03844e+07, 0
4.07188e+07, 1.66179e+07, 0
2.74076e+07, 6.73098e+06, 0
3.05477e+07, 6.66768e+06, 0
2.4453e+07, 4.38231e+06, 0
2.7293e+07, 7.08841e+06, 0
2.41078e+07, 1.96944e+06, 0
2.49251e+07, 5.8483e+06, 0
3.74874e+07, 1.11672e+07, 0
3.12408e+07, 1.11075e+07, 0
3.64562e+07, 9.95997e+06, 0
3.15969e+07, 8.86791e+06, 0
2.44086e+07, 4.72401e+06, 0
2.73735e+07, 7.27265e+06, 0
2.51563e+07, 4.67598e+06, 0
3.41915e+07, 9.06923e+06, 0
2.87438e+07, 9.00728e+06, 0
2.69927e+07, 4.41519e+06, 0
2.63653e+07, 6.46732e+06, 0
4.47304e+07, 1.39112e+07, 0
2.49722e+07, 4.46294e+06, 0
2.87668e+07, 2.36125e+06, 0
3.61585e+07, 1.71831e+07, 0
3.51997e+07, 1.00272e+07, 0
2.55155e+07, 5.22368e+06, 0
2.97118e+07, 7.5633e+06, 0
3.51806e+07, 1.40222e+07, 0
3.61497e+07, 1.18504e+07, 0
6.50178e+07, 1.78165e+07, 0
3.40038e+07, 1.51205e+07, 0
3.56507e+07, 9.65527e+06, 0
2.87114e+07, 8.68318e+06, 0
4.04134e+07, 2.0417e+07, 0
2.68166e+07, 6.35193e+06, 0
3.10987e+07, 1.00888e+07, 0
3.20654e+07, 1.18e+07, 0
3.55033e+07, 1.3066e+07, 0
3.34244e+07, 1.47026e+07, 0
2.92686e+07, 4.21929e+06, 0
2.68345e+07, 7.33445e+06, 0
2.44404e+07, 3.43038e+06, 0
4.94105e+07, 1.02945e+07, 0
4.33632e+07, 1.13438e+07, 0
2.66283e+07, 7.79831e+06, 0
3.27429e+07, 6.66001e+06, 0
3.07756e+07, 1.16937e+07, 0
2.87466e+07, 3.48529e+06, 0
3.13044e+07, 7.49373e+06, 0
4.53542e+07, 1.2208e+07, 0
3.36413e+07, 6.5273e+06, 0
3.38153e+07, 2.10408e+06, 0
3.16851e+07, 1.49952e+07, 0
3.06675e+07, 5.33971e+06, 0
3.62575e+07, 9.52028e+06, 0
3.54257e+07, 1.03141e+07, 0
4.56596e+07, 1.53237e+07, 0
2.51225e+07, 1.92923e+06, 0
2.89047e+07, 5.34083e+06, 0
3.75894e+07, 1.63566e+07, 0
3.05121e+07, 8.72636e+06, 0
3.85967e+07, 1.67173e+07, 0
3.43985e+07, 1.5207e+07, 0
2.68294e+07, 7.06741e+06, 0
2.53962e+07, 4.75132e+06, 0
3.05364e+07, 8.8382e+06, 0
4.3572e+07, 1.25201e+07, 0
3.75476e+07, 1.11213e+07, 0
3.36231e+07, 1.43021e+07, 0
2.57773e+07, 6.56562e+06, 0
2.56266e+07, 2.99476e+06, 0
2.87846e+07, 3.40236e+06, 0
3.2613e+07, 1.32451e+07, 0
2.50488e+07, 4.20915e+06, 0
2.84251e+07, 8.37488e+06, 0
3.66887e+07, 1.74726e+07, 0
2.96051e+07, 6.31299e+06, 0
3.41093e+07, 1.31055e+07, 0
3.26495e+07, 6.9515e+06, 0
3.84652e+07, 1.85237e+07, 0
2.83566e+07, 1.02732e+07, 0
2.95516e+07, 2.28002e+06, 0
3.05616e+07, 1.15817e+07, 0
3.09028e+07, 8.19289e+06, 0
3.22462e+07, 1.33999e+07, 0
2.91949e+07, 4.92126e+06, 0
2.8293e+07, 8.13406e+06, 0
4.26434e+07, 2.26733e+07, 0
3.75847e+07, 1.67421e+07, 0
3.02871e+07, 2.87655e+06, 0
2.92502e+07, 9.4169e+06, 0
2.93322e+07, 6.3103e+06, 0
3.26929e+07, 1.27932e+07, 0
2.51394e+07, 4.96417e+06, 0
2.64831e+07, 6.42895e+06, 0
2.55571e+07, 2.82237e+06, 0
3.79031e+07, 1.59392e+07, 0
2.58982e+07, 6.53753e+06, 0
3.23439e+07, 1.15789e+07, 0
2.61614e+07, 4.74172e+06, 0
2.79413e+07, 7.51473e+06, 0
3.24206e+07, 1.50248e+07, 0
4.46168e+07, 1.73169e+07, 0
3.71815e+07, 1.65302e+07, 0
4.12001e+07, 7.30893e+06, 0
2.71741e+07, 6.3207e+06, 0
2.56675e+07, 5.66342e+06, 0
2.73506e+07, 6.6747e+06, 0
2.9689e+07, 1.0931e+07, 0
3.57047e+07, 1.11187e+07, 0
3.95777e+07, 2.19103e+07, 0
2.71315e+07, 7.66159e+06, 0
3.23554e+07, 966248, 0
2.94236e+07, 6.28427e+06, 0
2.88207e+07, 1.04051e+07, 0
2.88861e+07, 1.02346e+07, 0
3.83756e+07, 9.54669e+06, 0
2.55877e+07, 2.11563e+06, 0
2.84623e+07, 8.03493e+06, 0
2.7915e+07, 1.94038e+06, 0
2.50327e+07, 5.12726e+06, 0
2.92361e+07, 8.10157e+06, 0
2.9595e+07, 7.62662e+06, 0
2.8559e+07, 1.08907e+07, 0
3.41675e+07, 1.05758e+07, 0
4.89408e+07, 1.09885e+07, 0
3.10476e+07, 3.91781e+06, 0
3.38873e+07, 6.37155e+06, 0
2.91134e+07, 9.87658e+06, 0
4.85645e+07, 1.72949e+07, 0
4.65124e+07, 1.64438e+07, 0
2.96982e+07, 8.9896e+06, 0
3.23213e+07, 3.67799e+06, 0
3.23614e+07, 1.41641e+07, 0
2.98612e+07, 8.01639e+06, 0
2.56407e+07, 4.92901e+06, 0
3.65735e+07, 1.29919e+07, 0
2.94837e+07, 3.46857e+06, 0
3.15927e+07, 1.14622e+07, 0
2.98518e+07, 1.06624e+07, 0
2.60723e+07, 4.57545e+06, 0
2.84241e+07, 1.1135e+07, 0
3.48731e+07, 8.76891e+06, 0
4.05516e+07, 6.93043e+06, 0
3.21054e+07, 5.18416e+06, 0
2.60948e+07, 4.38049e+06, 0
2.68477e+07, 7.1488e+06, 0
2.88756e+07, 4.05159e+06, 0
3.21198e+07, 5.87676e+06, 0
2.68816e+07, 3.25611e+06, 0
3.22352e+07, 4.87153e+06, 0
2.85971e+07, 5.14039e+06, 0
2.97287e+07, 4.96978e+06, 0
2.96899e+07, 1.112e+07, 0
2.77226e+07, 9.78559e+06, 0
3.74848e+07, 5.33634e+06, 0
3.34647e+07, 1.59969e+07, 0
2.92754e+07, 2.33072e+06, 0
2.48919e+07, 2.68912e+06, 0
3.10671e+07, 5.9552e+06, 0
3.09575e+07, 5.56041e+06, 0
3.78703e+07, 1.51266e+06, 0
3.35057e+07, 1.26259e+07, 0
4.07703e+07, 2.19502e+07, 0
2.97108e+07, 1.03078e+07, 0
2.91148e+07, 8.26244e+06, 0
3.96667e+07, 2.2991e+07, 0
3.82803e+07, 1.47932e+07, 0
3.20372e+07, 7.26818e+06, 0
4.3701e+07, 1.02065e+07, 0
2.91496e+07, 5.2298e+06, 0
3.94441e+07, 1.74485e+07, 0
3.58819e+07, 1.5919e+07, 0
2.52129e+07, 3.9975e+06, 0
3.66777e+07, 1.42788e+07, 0
3.09022e+07, 7.33349e+06, 0
4.75987e+07, 1.78119e+07, 0
3.44956e+07, 2.45111e+06, 0
3.66133e+07, 1.62384e+07, 0
3.72488e+07, 1.93252e+07, 0
4.56423e+07, 5.42791e+06, 0
2.59988e+07, 7.19651e+06, 0
3.44377e+07, 8.25875e+06, 0
2.62312e+07, 5.38981e+06, 0
3.0186e+07, 7.5083e+06, 0
4.37952e+07, 1.48191e+07, 0
2.99047e+07, 6.25986e+06, 0
4.25696e+07, 1.66088e+06, 0
2.50382e+07, 3.53601e+06, 0
4.15556e+07, 2.17845e+07, 0
3.11289e+07, 1.01605e+07, 0
4.62321e+07, 6.95979e+06, 0
3.86436e+07, 1.04539e+06, 0
2.63034e+07, 7.18802e+06, 0
3.37379e+07, 6.55172e+06, 0
3.38786e+07, 1.38473e+07, 0
2.59709e+07, 3.96145e+06, 0
3.01323e+07, 5.45895e+06, 0
3.06188e+07, 1.27681e+07, 0
2.94657e+07, 1.19537e+07, 0
2.97328e+07, 1.00864e+07, 0
2.80451e+07, 9.01102e+06, 0
3.82935e+07, 1.50847e+07, 0
3.22336e+07, 1.44534e+07, 0
3.17949e+07, 9.81036e+06, 0
3.93209e+07, 2.09601e+07, 0
4.70502e+07, 2.46402e+07, 0
3.59604e+07, 1.44365e+07, 0
3.31495e+07, 1.42692e+07, 0
3.29234e+07, 6.50059e+06, 0
3.18003e+07, 1.30288e+07, 0
4.23388e+07, 1.34272e+07, 0
3.35866e+07, 1.55241e+07, 0
3.81284e+07, 9.31376e+06, 0
4.71272e+07, 1.78522e+07, 0
2.9013e+07, 4.48686e+06, 0
2.47922e+07, 4.36132e+06, 0
2.49349e+07, 5.4151e+06, 0
3.64602e+07, 1.56089e+07, 0
2.50535e+07, 4.18074e+06, 0
3.67192e+07, 1.09497e+07, 0
3.82429e+07, 1.89667e+06, 0
3.85036e+07, 2.16778e+07, 0
3.47641e+07, 4.42095e+06, 0
3.52579e+07, 1.15379e+07, 0
2.52146e+07, 6.201e+06, 0
2.57619e+07, 4.32625e+06, 0
2.58143e+07, 7.67627e+06, 0
2.83796e+07, 1.07672e+07, 0
2.88206e+07, 7.42767e+06, 0
3.21221e+07, 2.69069e+06, 0
4.1476e+07, 505793, 0
4.44801e+07, 1.49219e+07, 0
2.50478e+07, 2.66268e+06, 0
2.917e+07, 5.81098e+06, 0
2.65643e+07, 4.53639e+06, 0
3.86205e+07, 6.89328e+06, 0
3.64963e+07, 1.64665e+07, 0
3.14157e+07, 1.01461e+07, 0
3.19251e+07, 3.28453e+06, 0
3.58061e+07, 1.54837e+07, 0
2.48562e+07, 3.95994e+06, 0
3.15765e+07, 2.67714e+06, 0
2.57559e+07, 2.51506e+06, 0
3.62032e+07, 1.28675e+07, 0
2.98986e+07, 9.53116e+06, 0
3.83439e+07, 9.93361e+06, 0
4.58852e+07, 2.49034e+07, 0
3.15128e+07, 9.92685e+06, 0
3.58778e+07, 1.68344e+07, 0
3.12914e+07, 5.56395e+06, 0
2.55487e+07, 6.68072e+06, 0
3.00659e+07, 3.18879e+06, 0
2.58399e+07, 3.18357e+06, 0
3.20477e+07, 1.50102e+07, 0
2.91314e+07, 1.14095e+07, 0
2.60057e+07, 7.39139e+06, 0
4.0951e+07, 1.12929e+07, 0
3.6937e+07, 5.87852e+06, 0
3.29585e+07, 1.48019e+07, 0
2.79742e+07, 8.52628e+06, 0
2.6046e+07, 4.70918e+06, 0
2.44294e+07, 3.84321e+06, 0
3.20172e+07, 9.01724e+06, 0
3.21356e+07, 7.30305e+06, 0
2.88404e+07, 1.13852e+07, 0
3.36081e+07, 1.3105e+07, 0
2.72529e+07, 6.63439e+06, 0
3.04978e+07, 5.48743e+06, 0
3.05065e+07, 1.02524e+07, 0
3.07691e+07, 4.4029e+06, 0
2.75385e+07, 7.81679e+06, 0
3.35719e+07, 1.45651e+07, 0
3.17115e+07, 1.09193e+07, 0
3.65361e+07, 8.079e+06, 0
3.74599e+07, 4.87245e+06, 0
3.29477e+07, 1.62864e+07, 0
3.33826e+07, 4.87759e+06, 0
3.77895e+07, 1.56105e+07, 0
4.66703e+07, 2.08325e+07, 0
2.80325e+07, 5.0449e+06, 0
3.36795e+07, 7.1183e+06, 0
3.06059e+07, 5.94097e+06, 0
3.73277e+07, 1.90004e+07, 0
3.3947e+07, 9.59128e+06, 0
2.92834e+07, 3.82401e+06, 0
2.75013e+07, 6.61185e+06, 0
2.82701e+07, 8.63098e+06, 0
2.61363e+07, 7.24695e+06, 0
4.08184e+07, 6.77047e+06, 0
3.08304e+07, 6.99723e+06, 0
3.60982e+07, 7.03208e+06, 0
4.25769e+07, 1.02588e+07, 0
4.01964e+07, 1.38575e+07, 0
3.05905e+07, 8.13366e+06, 0
3.7244e+07, 1.59204e+07, 0
3.0808e+07, 2.10401e+06, 0
2.451e+07, 4.82322e+06, 0
3.3066e+07, 1.33656e+07, 0
2.6307e+07, 8.09898e+06, 0
2.90396e+07, 8.67193e+06, 0
4.69759e+07, 7.49971e+06, 0
3.30189e+07, 1.28511e+07, 0
3.60977e+07, 1.1031e+07, 0
2.56588e+07, 7.09821e+06, 0
2.58967e+07, 7.08998e+06, 0
3.05342e+07, 7.32114e+06, 0
3.30234e+07, 3.23563e+06, 0
2.82009e+07, 9.94922e+06, 0
2.88798e+07, 9.71768e+06, 0
3.84536e+07, 1.36755e+07, 0
2.76034e+07, 2.60709e+06, 0
3.55306e+07, 1.7021e+07, 0
2.92363e+07, 5.33095e+06, 0
4.26757e+07, 8.88254e+06, 0
3.06077e+07, 5.09464e+06, 0
4.24628e+07, 7.21361e+06, 0
2.79098e+07, 8.92399e+06, 0
3.88314e+07, 1.30608e+07, 0
3.43976e+07, 5.11217e+06, 0
3.72316e+07, 1.57749e+07, 0
2.82501e+07, 6.86639e+06, 0
3.21916e+07, 7.97212e+06, 0
2.51224e+07, 5.30635e+06, 0
3.61469e+07, 1.28677e+07, 0
2.97039e+07, 1.27333e+07, 0
2.85455e+07, 6.68795e+06, 0
3.05862e+07, 1.01364e+07, 0
3.89374e+07, 1.75756e+07, 0
2.48693e+07, 2.81573e+06, 0
3.38746e+07, 4.47822e+06, 0
2.90238e+07, 7.2762e+06, 0
3.11822e+07, 4.21104e+06, 0
2.83673e+07, 6.23459e+06, 0
2.99068e+07, 974993, 0
2.9716e+07, 1.12518e+07, 0
2.93811e+07, 1.10553e+06, 0
3.1304e+07, 7.91424e+06, 0
3.75642e+07, 1.26717e+07, 0
3.33651e+07, 9.48645e+06, 0
2.94935e+07, 1.01484e+07, 0
3.24143e+07, 1.39307e+07, 0
3.75889e+07, 4.76923e+06, 0
2.92637e+07, 4.26992e+06, 0
3.8854e+07, 1.54687e+07, 0
3.24103e+07, 6.8498e+06, 0
3.73068e+07, 9.13718e+06, 0
2.80664e+07, 3.31744e+06, 0
2.83041e+07, 1.00129e+07, 0
3.00548e+07, 1.23879e+07, 0
2.75164e+07, 6.1328e+06, 0
2.94013e+07, 1.1207e+07, 0
2.70683e+07, 7.94027e+06, 0
4.36839e+07, 1.82727e+07, 0
4.91489e+07, 1.25436e+07, 0
3.4613e+07, 1.01699e+07, 0
2.92101e+07, 1.09702e+07, 0
2.79574e+07, 6.12581e+06, 0
2.59176e+07, 4.90003e+06, 0
3.67492e+07, 6.37769e+06, 0
2.89972e+07, 6.93611e+06, 0
2.93589e+07, 7.96853e+06, 0
3.22146e+07, 1.03168e+07, 0
2.86046e+07, 2.00305e+06, 0
3.80193e+07, 6.81047e+06, 0
3.50338e+07, 1.25024e+07, 0
3.72619e+07, 1.03076e+07, 0
3.15815e+07, 1.03083e+07, 0
3.50244e+07, 1.62675e+07, 0
3.84182e+07, 8.69827e+06, 0
3.57416e+07, 1.01577e+07, 0
2.64597e+07, 6.74035e+06, 0
2.55651e+07, 4.33739e+06, 0
3.70134e+07, 2.64004e+06, 0
2.98424e+07, 1.82855e+06, 0
3.16439e+07, 9.70808e+06, 0
4.57275e+07, 1.47373e+07, 0
2.93623e+07, 3.8667e+06, 0
3.80084e+07, 9.10146e+06, 0
2.9608e+07, 8.58187e+06, 0
3.05484e+07, 2.17964e+06, 0
2.49133e+07, 2.36953e+06, 0
2.80614e+07, 7.30149e+06, 0
3.19554e+07, 1.21748e+07, 0
3.7099e+07, 1.8289e+07, 0
3.39822e+07, 6.75697e+06, 0
3.20336e+07, 9.63366e+06, 0
2.51836e+07, 6.10445e+06, 0
4.17199e+07, 1.2322e+07, 0
3.71331e+07, 1.14725e+07, 0
2.42716e+07, 2.95175e+06, 0
2.61579e+07, 7.51533e+06, 0
4.02295e+07, 1.66412e+07, 0
2.64045e+07, 5.92227e+06, 0
2.68273e+07, 6.08522e+06, 0
3.98573e+07, 1.88044e+07, 0
2.79764e+07, 9.29362e+06, 0
4.0729e+07, 1.46109e+07, 0
2.55916e+07, 5.98567e+06, 0
3.58767e+07, 1.2041e+07, 0
2.53428e+07, 3.49348e+06, 0
2.88826e+07, 1.00724e+07, 0
3.15603e+07, 1.21836e+07, 0
3.01254e+07, 1.28155e+07, 0
2.58244e+07, 6.44411e+06, 0
3.66544e+07, 1.69659e+07, 0
2.67866e+07, 6.03373e+06, 0
3.20283e+07, 8.54589e+06, 0
3.13854e+07, 1.21091e+07, 0
