179699, 50865.4, 0
77291.1, 48696.3, 0
105399, 59654.9, 0
89860.8, 47723.6, 0
104303, 60211, 0
197096, 54063.7, 0
141829, 40892.7, 0
143422, 25436.9, 0
140011, 76543.1, 0
6165.59, 10024.9, 0
60142.8, 29990.1, 0
147966, 74935.4, 0
172179, 77691.6, 0
18947.9, 21259.4, 0
102787, 34320.8, 0
249228, 110989, 0
40558.1, 22785.4, 0
50444.4, 34343.8, 0
97961, 27610.3, 0
107599, 24303.2, 0
284154, 114683, 0
118702, 42859.5, 0
201559, 104630, 0
277595, 90115.7, 0
234157, 86056.1, 0
254318, 127743, 0
90689.6, 51043.7, 0
122418, 61271.8, 0
150235, 47614.8, 0
221608, 49724.4, 0
139741, 57266.8, 0
253601, 63369.8, 0
162064, 81757.2, 0
196420, 82647.5, 0
130727, 62883.9, 0
14030.8, 16336.9, 0
117772, 21027.8, 0
234531, 24953.1, 0
199611, 95580, 0
55726.7, 39625.9, 0
99544.2, 46267.9, 0
56678.1, 8245.4, 0
140165, 22182.6, 0
16659.1, 26687.8, 0
70617.9, 40952.2, 0
109978, 23310.3, 0
167698, 82727.7, 0
146980, 9936.85, 0
29908.4, 16419.7, 0
99441.8, 56974.1, 0
319504, 104859, 0
94968.7, 34342.1, 0
183453, 78594.1, 0
117266, 22167.6, 0
103714, 48347.1, 0
134127, 32706.9, 0
200865, 42942.5, 0
105425, 46593.5, 0
60563.2, 12226.6, 0
219895, 48676.1, 0
75630.9, 39270.8, 0
182234, 50104.9, 0
152758, 57189.4, 0
68472.7, 40089.1, 0
111332, 26087.3, 0
74258.2, 31863.1, 0
64654.3, 40045.4, 0
214923, 48290.1, 0
99865.4, 25686.4, 0
219325, 113010, 0
134816, 12171.3, 0
35460.3, 31825.4, 0
232811, 91419.8, 0
216432, 57927.5, 0
83878.9, 51112.4, 0
124265, 32094.5, 0
182801, 89958.4, 0
177576, 87955.7, 0
173237, 65847.1, 0
190045, 30751.7, 0
126555, 51770.7, 0
69926, 20532.7, 0
20141.3, 24001.4, 0
213369, 78918, 0
342383, 165889, 0
79840.6, 6123.16, 0
59848.3, 30421.3, 0
47783.4, 20355.5, 0
213175, 64617.2, 0
154041, 50795, 0
84123.7, 44334.4, 0
123361, 44040, 0
167922, 37582.8, 0
232381, 118557, 0
82508.7, 22866.6, 0
154975, 52519.8, 0
191170, 95055.2, 0
117115, 66899.8, 0
120951, 51580, 0
228674, 109959, 0
138760, 58691.5, 0
121390, 27702.7, 0
17974.1, 25727.4, 0
159186, 51022.8, 0
67300.5, 38684.7, 0
64020.6, 9478.37, 0
81950.8, 40652, 0
151113, 42350.3, 0
79057.7, 12526.8, 0
69644.3, 39593.7, 0
57417.9, 28033.6, 0
106077, 59670.1, 0
107229, 47236.1, 0
62809.6, 41078.9, 0
161905, 40837.9, 0
122248, 41740.7, 0
117052, 62616.1, 0
172035, 31960.6, 0
81473.7, 37597.4, 0
82826.7, 37407.4, 0
236237, 110556, 0
213989, 74686.2, 0
128793, 70976.1, 0
71647.9, 41976.5, 0
144812, 51630.4, 0
91844.9, 45352.8, 0
80584.7, 23741.6, 0
80933, 21309.2, 0
221040, 96426.8, 0
170000, 77528.2, 0
192165, 70414.1, 0
67034.3, 16423, 0
174600, 54725.4, 0
71005.8, 36987.9, 0
171585, 60674.3, 0
173629, 87180.5, 0
157738, 4273.06, 0
184003, 43185.8, 0
22737.8, 25852.4, 0
33446.1, 15099.3, 0
192570, 103333, 0
165599, 57972.7, 0
152419, 30191.8, 0
223822, 81771.7, 0
220956, 56741.9, 0
154050, 33548.4, 0
79166.1, 31895.6, 0
114853, 63487, 0
123209, 42195.4, 0
110070, 36428.7, 0
94177.2, 29677.8, 0
146835, 57573.2, 0
121256, 47578.5, 0
75026.7, 46245.6, 0
196815, 98725.8, 0
150759, 34950, 0
181481, 87653.6, 0
232013, 5326.73, 0
264793, 63941, 0
33863.7, 30986.3, 0
175485, 67625.5, 0
67905.5, 36947.9, 0
114550, 51409.7, 0
68197.1, 32635.2, 0
54761.9, 18624.8, 0
97126.5, 56342.9, 0
64797.6, 22656.6, 0
218849, 43537.4, 0
9988.53, 13687.4, 0
156483, 51025.1, 0
90195.8, 26907.6, 0
110476, 43410.3, 0
292345, 45909.7, 0
116914, 53552.3, 0
71989.4, 22566.5, 0
258610, 102191, 0
54116.9, 28186.3, 0
100533, 20025.6, 0
93283.5, 38168.6, 0
41111.6, 27898.4, 0
42057.9, 28761, 0
93115.6, 39324.9, 0
270046, 68400.5, 0
125006, 38296.2, 0
180288, 93716.8, 0
9662.71, 27053.7, 0
139552, 70411.1, 0
46185.5, 20914.6, 0
179229, 76640.9, 0
82297.8, 27120.8, 0
34395.8, 33003.1, 0
82564.1, 45921.3, 0
318987, 129989, 0
290127, 101445, 0
217027, 100808, 0
124195, 54771.1, 0
85544.9, 8775.77, 0
75218, 22353.9, 0
144239, 69081, 0
117869, 44576.4, 0
110830, 13874.9, 0
44727.9, 22441.6, 0
171052, 31407.9, 0
180791, 48769.5, 0
110663, 55779.8, 0
84826.6, 32862.5, 0
250335, 52779.6, 0
167174, 55326.5, 0
89349.3, 38873.5, 0
53859.8, 36251.2, 0
42705, 31105.3, 0
225012, 23142.5, 0
66528.2, 29458.8, 0
134868, 28976.3, 0
138779, 42870.5, 0
157561, 74365.9, 0
25509.5, 27764, 0
82467.4, 48750.7, 0
10557.8, 11444.4, 0
125790, 50611.6, 0
23074.9, 23403.2, 0
50085.3, 36181.5, 0
116217, 7787, 0
75224.3, 29996, 0
149046, 19082, 0
126477, 45065.3, 0
192429, 74057.9, 0
130430, 52367.1, 0
79893.9, 36585.7, 0
158640, 71437.5, 0
29226.1, 29766.5, 0
134206, 57918.6, 0
110731, 46172.5, 0
76698.8, 9967.93, 0
65495.2, 43403, 0
98032.4, 46719.6, 0
211605, 104122, 0
273986, 15836.6, 0
56654.4, 30636.4, 0
104418, 17619.8, 0
109519, 44731.5, 0
62211.4, 13339.2, 0
80391.5, 29400.6, 0
131455, 51915.4, 0
44016.1, 20160.1, 0
158675, 51782, 0
197824, 34954.8, 0
16954.4, 13173.2, 0
88837.7, 31134.1, 0
265993, 99595.8, 0
164577, 77563.6, 0
163715, 48456.8, 0
80013.6, 34526.6, 0
116210, 30745.5, 0
266547, 86706.7, 0
121654, 50685.4, 0
162406, 31338.1, 0
116188, 43475, 0
193825, 60852, 0
47646.3, 8321.78, 0
55838.6, 21335.7, 0
139763, 55864.4, 0
210746, 89892.4, 0
128286, 41853.6, 0
88141, 15740.9, 0
150205, 44854.6, 0
105211, 41414.1, 0
155198, 12334.4, 0
115781, 30468.8, 0
159153, 80977.7, 0
85357, 37673.5, 0
114436, 40126.8, 0
191440, 24374.7, 0
67807.6, 12020.5, 0
83409.1, 45821.6, 0
195350, 93786.3, 0
57334.6, 30488.9, 0
73076.4, 28014.5, 0
92978.4, 28797.6, 0
2455.12, 25111.6, 0
40974.9, 31930.1, 0
13344.6, 22926.4, 0
177060, 84986.6, 0
129932, 46467.8, 0
24965, 25651.8, 0
83197.8, 49060.4, 0
106353, 60817.8, 0
102702, 51070.7, 0
991.727, 26222.8, 0
136341, 32527.9, 0
100217, 44464.7, 0
194873, 38354.5, 0
18843.6, 17475.3, 0
105005, 49971.7, 0
149565, 66029.6, 0
142846, 32350.9, 0
124962, 51288.4, 0
148977, 79895, 0
51809.7, 8949.34, 0
60723.3, 39636.1, 0
93830.3, 17914, 0
167932, 64289.5, 0
142862, 25363.6, 0
143049, 57774.5, 0
208674, 85913.2, 0
159106, 38889.3, 0
136126, 72426.6, 0
223869, 68818.9, 0
99632.7, 53509.8, 0
37599.1, 22898.1, 0
108174, 38080.8, 0
210725, 34733.2, 0
156892, 49277, 0
171870, 30603.5, 0
185343, 71304.1, 0
123961, 50237.9, 0
104168, 29382.3, 0
85662.5, 45680.4, 0
111717, 54641, 0
111627, 58856.7, 0
65488, 41649.8, 0
72973.2, 25817.6, 0
211022, 102370, 0
240969, 42627.7, 0
135300, 73051.8, 0
80442.6, 35965.5, 0
126499, 65780, 0
13380.6, 27996.6, 0
64288.2, 40708, 0
149052, 75959.2, 0
211815, 108381, 0
58546.2, 20252.7, 0
205568, 32061.4, 0
210545, 78109.2, 0
130609, 73088.3, 0
60889.1, 16850, 0
118939, 48073.5, 0
183217, 87026.6, 0
6232.27, 14277.5, 0
101700, 5957.65, 0
93205.9, 45136, 0
122803, 56786.4, 0
131609, 48479, 0
119601, 26316.3, 0
31912.7, 27420, 0
71601.9, 31192.7, 0
220051, 44404.2, 0
123377, 43584.8, 0
144670, 48085.5, 0
170661, 29078.7, 0
61669, 27753.2, 0
187298, 76153.4, 0
45007.4, 34030.2, 0
19719.6, 20152, 0
77866.5, 30998.4, 0
134357, 58109.3, 0
128725, 36096.1, 0
63762.3, 32124.4, 0
202834, 19857.8, 0
68187.8, 44117.1, 0
258155, 66721.1, 0
108181, 20663.1, 0
198831, 93279.8, 0
156772, 73429.7, 0
36899.5, 33100.2, 0
67663.9, 42746.6, 0
55081.9, 13838.3, 0
100032, 53745.5, 0
192068, 101472, 0
123282, 59270.8, 0
67363.7, 45168.1, 0
81065.5, 33030.7, 0
32094.9, 26558.1, 0
107171, 13374.4, 0
99837.6, 40601.6, 0
70782.8, 28820.3, 0
49757.4, 33347.3, 0
172779, 75482.1, 0
92523.9, 39507.4, 0
124721, 40467.6, 0
134861, 36349.6, 0
78834.1, 32682.3, 0
257064, 95620.2, 0
41504.8, 23681.7, 0
231543, 19535.1, 0
179400, 23438, 0
62796, 27282, 0
180686, 72547.7, 0
29005.3, 14037.5, 0
85946.3, 23821.6, 0
103163, 60532.8, 0
43249.2, 6772.44, 0
13.1062, 12823.3, 0
209352, 80466.2, 0
85569.5, 46955.8, 0
248288, 116126, 0
197930, 21261.4, 0
81976.1, 18145, 0
128609, 50059.4, 0
110014, 30207.3, 0
78439.1, 24262, 0
54313.6, 34295, 0
102547, 52492.7, 0
99809.3, 31936.8, 0
96892.8, 12446.4, 0
7771.91, 22207.5, 0
96799.3, 46538.8, 0
68104.3, 37077.9, 0
11353, 8576.49, 0
106837, 53913.3, 0
186478, 95451.7, 0
131371, 40824.1, 0
37735.5, 34806.5, 0
196584, 68533.6, 0
33304.1, 24357.4, 0
141868, 75733, 0
133204, 59930.2, 0
112777, 38698.2, 0
117763, 54019.6, 0
181448, 36690.2, 0
88149.5, 30675.1, 0
228321, 76269.5, 0
13149.9, 18143.2, 0
30630.2, 31364.4, 0
178897, 16276.6, 0
234978, 89300.8, 0
40192.5, 19470.3, 0
79673.7, 10754.1, 0
165380, 81563.5, 0
126022, 59489.6, 0
276008, 98300.6, 0
211043, 57873.1, 0
5768.54, 27429.9, 0
93964.6, 54732.9, 0
118714, 51158.1, 0
145203, 15496.1, 0
187818, 52388.9, 0
203488, 45304.2, 0
40739.8, 30245.1, 0
140604, 78015, 0
239211, 90637.8, 0
119589, 40531.4, 0
239639, 114676, 0
187307, 39298.4, 0
215019, 68452.5, 0
114579, 17444.7, 0
57794.9, 28451.3, 0
157662, 74279.5, 0
35997.1, 17728.4, 0
133605, 54220.2, 0
47978.8, 37897.6, 0
118121, 37801.9, 0
148298, 45839.7, 0
7342.08, 12690.9, 0
154592, 52610.6, 0
116067, 31714.3, 0
82000.7, 49542.3, 0
248992, 100636, 0
70180.5, 23466.7, 0
166954, 82245.4, 0
38234.4, 33033, 0
230945, 58309.9, 0
201698, 93732.7, 0
34420.6, 10361.3, 0
147626, 77970.9, 0
20056.1, 26440.6, 0
60484.5, 30026.7, 0
58792.7, 10464.7, 0
264155, 119258, 0
1000.4, 21439.8, 0
251041, 80474.7, 0
56911.1, 30304.2, 0
120594, 66419.2, 0
45634.3, 30752.1, 0
128403, 48886.9, 0
203289, 90726.9, 0
202711, 101142, 0
204316, 45943.4, 0
58421, 31605.3, 0
133142, 66221.9, 0
55672.8, 25858.2, 0
59550.2, 9314.57, 0
137792, 21593.3, 0
67297.3, 14526.1, 0
146728, 39379.2, 0
188946, 85555.1, 0
127224, 42025.3, 0
124748, 43258.8, 0
101566, 41879.7, 0
79960.1, 45540.4, 0
144247, 64093.1, 0
185610, 87334.8, 0
170044, 54031.7, 0
134585, 61645.8, 0
89985.6, 35305.4, 0
98810.7, 37746.2, 0
138302, 51160.6, 0
60777.5, 26802.8, 0
61287.5, 33539.7, 0
140115, 24995.8, 0
68095.1, 8337.46, 0
268397, 49835.6, 0
135084, 50579.3, 0
127760, 49905.3, 0
16077, 15213.3, 0
219193, 90579.9, 0
127311, 71150.6, 0
169022, 44150.6, 0
156890, 61750.6, 0
92503.6, 16113.1, 0
86911.1, 35337.8, 0
140254, 42123.7, 0
34425.5, 21918.6, 0
197058, 93081.9, 0
179122, 77129.7, 0
246535, 127686, 0
154384, 54513.6, 0
55416.3, 12371.3, 0
333018, 104927, 0
952.47, 18246.7, 0
79481.3, 34217.3, 0
105060, 52467.1, 0
103700, 11934.4, 0
201742, 53945.1, 0
194525, 97247.8, 0
149183, 13656.4, 0
137985, 64529.4, 0
88897.7, 48528.5, 0
113781, 24104.3, 0
157829, 78523.4, 0
116180, 20784.3, 0
88272.2, 52493.9, 0
155101, 70890.7, 0
167537, 76426.9, 0
150753, 66401.3, 0
233208, 104310, 0
323796, 161523, 0
126712, 66057.2, 0
185991, 13878.7, 0
158601, 43445, 0
109230, 62315.4, 0
124008, 38304.9, 0
87556.9, 42208.4, 0
48808.7, 34214.6, 0
117302, 62906.9, 0
119622, 16477.3, 0
45993.7, 23471.8, 0
106968, 43283.7, 0
172628, 60557, 0
67886.8, 28796.7, 0
245667, 19780.3, 0
155924, 51594.5, 0
56958.1, 10761.6, 0
134989, 25535.9, 0
246682, 120013, 0
56663.4, 37018.8, 0
185913, 71681.6, 0
112812, 17317.8, 0
269487, 71614.5, 0
218387, 86159.8, 0
207024, 70607.7, 0
176144, 66620.4, 0
118020, 7849.43, 0
50945.8, 15821.1, 0
163804, 51990, 0
63413.3, 36137.6, 0
121901, 61662.3, 0
68579.4, 11447.9, 0
121746, 67907.1, 0
233920, 85983.7, 0
101034, 46380.7, 0
202055, 81245.8, 0
138826, 26154.2, 0
202168, 106789, 0
136737, 37507.3, 0
283714, 145524, 0
98300, 46120.3, 0
97277.9, 38673.4, 0
78067.1, 44332.1, 0
56613.9, 41046.5, 0
132798, 71933.4, 0
106610, 42899.2, 0
165124, 11492.4, 0
140376, 38628.9, 0
174293, 68648, 0
56159, 34500.1, 0
239223, 18362.1, 0
56787.4, 30996.2, 0
196384, 95301.4, 0
132088, 40499.6, 0
207922, 110436, 0
120236, 31727.7, 0
230755, 55359.3, 0
85517.1, 37566.4, 0
8713.89, 11551.5, 0
141085, 50595.6, 0
72272.2, 30536.9, 0
122788, 42625.8, 0
42900, 28486.2, 0
61986.3, 13942.6, 0
132118, 44538.8, 0
226751, 50525.1, 0
237742, 53756.2, 0
110923, 29311.9, 0
25086.4, 29336, 0
102867, 19770.5, 0
81886.3, 39657.3, 0
187935, 88514.4, 0
106302, 40516.2, 0
97556.3, 51690, 0
208307, 96502, 0
121482, 49824.2, 0
141478, 54022.8, 0
92770.3, 48623.2, 0
184632, 40089.1, 0
253697, 21102.5, 0
46644.2, 24254.5, 0
165401, 40845.5, 0
75953.2, 24942.4, 0
163990, 60412.4, 0
158490, 18900.3, 0
150458, 79060.5, 0
70362.9, 21083.4, 0
35986.1, 32013.9, 0
165554, 86074.4, 0
286239, 63763.7, 0
99623.5, 26106.3, 0
76163.8, 48178.7, 0
153107, 42333.9, 0
46277.1, 28555.1, 0
124684, 9977.48, 0
87069, 50520.1, 0
72495.6, 47217.7, 0
169316, 50095.2, 0
177943, 66380.5, 0
120692, 33287, 0
162029, 45779.5, 0
166717, 52540.1, 0
169956, 58203.9, 0
133191, 31789.7, 0
50961.7, 33672.9, 0
76728.4, 17451.3, 0
135227, 60352.2, 0
115725, 61414.4, 0
168728, 55862.1, 0
64513.6, 38240.6, 0
79640.4, 45713.2, 0
180477, 65005.8, 0
55333.9, 11670.7, 0
250212, 118491, 0
98324.6, 48160.9, 0
165184, 66033.7, 0
42165.7, 25280, 0
46993.3, 25976.6, 0
46452.8, 20951.6, 0
102211, 48200.1, 0
189934, 87643.3, 0
128738, 25764.4, 0
25006.1, 29268.1, 0
109149, 39646.5, 0
5042.09, 18311, 0
127258, 67329.5, 0
120612, 37200, 0
178382, 87781.2, 0
37161.3, 34201.2, 0
206387, 57013.3, 0
147900, 56709.7, 0
86602.2, 27538.2, 0
165073, 87019.4, 0
69711.6, 25951.9, 0
96881.9, 34421.4, 0
82274.2, 19191.9, 0
198429, 51823.2, 0
104289, 31377.9, 0
130511, 22771, 0
22022, 7178.82, 0
84599.3, 35977.2, 0
203813, 57638.9, 0
152847, 40538.4, 0
301625, 59067.4, 0
79970.1, 43986.7, 0
105189, 37615.2, 0
130259, 66672.7, 0
114004, 38796.1, 0
47359, 24054.3, 0
67474.3, 25045.2, 0
49898.7, 30630.2, 0
138773, 62363.4, 0
92456.3, 28697.2, 0
132276, 45860.1, 0
192470, 43819, 0
135191, 11988.8, 0
243789, 76707.6, 0
70933.6, 20284.3, 0
141191, 55495.2, 0
202006, 81947.3, 0
186930, 59254.5, 0
112878, 40683.1, 0
53603.6, 38657.3, 0
15575.2, 11356.7, 0
121574, 47170.8, 0
269054, 109139, 0
149422, 61873, 0
155123, 83343.5, 0
259800, 19983.7, 0
279223, 9313.04, 0
14672.8, 3107.66, 0
220664, 109676, 0
67120.4, 15463.7, 0
109174, 40006.8, 0
154992, 63453.7, 0
31942.8, 27921.8, 0
20536.7, 21699, 0
87497.5, 20097.7, 0
56063.8, 38602.4, 0
230701, 118945, 0
27218.3, 29337.6, 0
106613, 17789.2, 0
61956.8, 24628.2, 0
59869.2, 24257.9, 0
56975.6, 38461.3, 0
98195.6, 42576.8, 0
194722, 33823, 0
16976.2, 12297, 0
187638, 91697.2, 0
91820.7, 28899.4, 0
69102.2, 37390, 0
122485, 60495, 0
97960.1, 57133.4, 0
42494.5, 8407.7, 0
95144.3, 35779.4, 0
294929, 108602, 0
185162, 46387.8, 0
112867, 49272.3, 0
184242, 25209.9, 0
125787, 43591.1, 0
152629, 32540.6, 0
161313, 54269.7, 0
166516, 25139.1, 0
91959.2, 6865.05, 0
80627.8, 13806.9, 0
23525.2, 10333.4, 0
120838, 42329.8, 0
72308.4, 18485.9, 0
146842, 57798.7, 0
93445.9, 52989.1, 0
254309, 67038.6, 0
117266, 59425.6, 0
128380, 59309.9, 0
123055, 48242.1, 0
168471, 83985.6, 0
68008.7, 43152.4, 0
162169, 82153.2, 0
136373, 46177.2, 0
12094.1, 15044.2, 0
80597.1, 46033.8, 0
120860, 50513.4, 0
67048.8, 40785.5, 0
183948, 67815.5, 0
119867, 52043.3, 0
145775, 78469.7, 0
91447.3, 34305.3, 0
48564.6, 32967.4, 0
120147, 26506.5, 0
180970, 32561.3, 0
30853.8, 26007.6, 0
308989, 117837, 0
76944.8, 42844.6, 0
137238, 56471.6, 0
105732, 57013, 0
111291, 47182.6, 0
4762.08, 13722.4, 0
245383, 82483.2, 0
108324, 49996.6, 0
51633.2, 14683.1, 0
193997, 93878.7, 0
109425, 61753.9, 0
70646.2, 18109, 0
149441, 47774.8, 0
97311.4, 49472.8, 0
46670, 11331.5, 0
63394.5, 40842.6, 0
136343, 56545.5, 0
86132.4, 42014.1, 0
219133, 46224.1, 0
195277, 57754.9, 0
99400.8, 26567.5, 0
136829, 74341.1, 0
119936, 58818.6, 0
259814, 84195.2, 0
31331.6, 32731.8, 0
260654, 7351.32, 0
89261, 52232.3, 0
186220, 78018.7, 0
189357, 68865.9, 0
23208.7, 9568.66, 0
134612, 33360.7, 0
178586, 62258.3, 0
93400.8, 30064.5, 0
111827, 44219, 0
224191, 55319, 0
99216, 53219.3, 0
110670, 24765.2, 0
149373, 52842.9, 0
97958.8, 47823.3, 0
122322, 26664.8, 0
65666.5, 33621.3, 0
165640, 67259.9, 0
60486.6, 29269.4, 0
51951.2, 19407.8, 0
214059, 100936, 0
132265, 64575.3, 0
232897, 58286.1, 0
284390, 87294.7, 0
68700.5, 39510.8, 0
106408, 15171.1, 0
158820, 22239.3, 0
273565, 90878.5, 0
77808.9, 16476.3, 0
3217.76, 24587.1, 0
108379, 48926.4, 0
51380.1, 30938.5, 0
227480, 53981.4, 0
102562, 55050.1, 0
249954, 130069, 0
155411, 69387.5, 0
54580.9, 7813.64, 0
219151, 25862.5, 0
196807, 52835.2, 0
67147.4, 14240.7, 0
144204, 31961.1, 0
182438, 93305.1, 0
169496, 55298.5, 0
197191, 75167.3, 0
265973, 66478.3, 0
60991.5, 29922.4, 0
52513.1, 27203.7, 0
82339, 34643.7, 0
49378.6, 27875.9, 0
137824, 16579.2, 0
55364.5, 30907.3, 0
47166.1, 17655.5, 0
80323.6, 23600.8, 0
111393, 60223.4, 0
112436, 10789.3, 0
248486, 16662.5, 0
165679, 23856.6, 0
117181, 12673.5, 0
61909, 28858.5, 0
141022, 42249.5, 0
111408, 42663.1, 0
124116, 41542.7, 0
125021, 69848.2, 0
258699, 61590, 0
145843, 16442.2, 0
122447, 41512.8, 0
182154, 70129.1, 0
251559, 34017.5, 0
170312, 87795, 0
119311, 15447.9, 0
159558, 78487.1, 0
97300.4, 34651.6, 0
122773, 56478.6, 0
1066.58, 4758.24, 0
110455, 35381.3, 0
73804, 28246.2, 0
254847, 70596, 0
136540, 20385.4, 0
269781, 113702, 0
99556.9, 46537.9, 0
119763, 16623.3, 0
168099, 34415.9, 0
111580, 49476.4, 0
187614, 43055.3, 0
106761, 46846.3, 0
189363, 94488.9, 0
116094, 51010.5, 0
34319.6, 23822.6, 0
52039, 26792.5, 0
221184, 91252.3, 0
49763.2, 35627.4, 0
21248.3, 22222.8, 0
105594, 59990.5, 0
152123, 65054, 0
256270, 88659.5, 0
78056.2, 44413.5, 0
194406, 31884.1, 0
42813.1, 32904.3, 0
124856, 51467.3, 0
262299, 97359.5, 0
76270.9, 37463.5, 0
108700, 62422.2, 0
222709, 53389.8, 0
137318, 29677, 0
180894, 49168.7, 0
18497.3, 3736.52, 0
256360, 44107, 0
77150.8, 32158.9, 0
27308.1, 27243.3, 0
155361, 71229.8, 0
123502, 69644.2, 0
96196.4, 38747.1, 0
113120, 42353.8, 0
106222, 30265.1, 0
97318.3, 16384.9, 0
147005, 69563.5, 0
165070, 39662.5, 0
13487.3, 22545.6, 0
36768.8, 26805.5, 0
145109, 48580.6, 0
113762, 16335.1, 0
93601.6, 43553.4, 0
200301, 24805.1, 0
56844.3, 40936.3, 0
938.92, 24501.8, 0
124637, 56112.1, 0
26455.5, 18875.1, 0
67663.1, 13987.1, 0
229400, 90018.3, 0
137519, 44418.2, 0
121836, 25422.3, 0
147821, 78640.1, 0
192461, 51293.5, 0
187843, 87905.3, 0
91488.9, 25310.3, 0
59405.3, 34642, 0
41397.2, 30517.6, 0
173294, 71004.7, 0
106165, 22814.3, 0
215899, 50009.1, 0
154613, 51774.7, 0
118728, 38727.3, 0
3727.06, 23417.4, 0
114708, 30525.1, 0
113065, 9251.67, 0
86269.3, 25091.9, 0
118332, 38249.2, 0
145842, 33431.1, 0
151521, 27302.2, 0
83193.6, 11566.2, 0
189318, 18855.1, 0
189351, 68943.7, 0
136605, 18596.2, 0
152165, 48646.9, 0
100275, 54988.8, 0
161363, 38594.9, 0
198266, 94061.5, 0
194432, 70468.9, 0
10716.3, 24016.8, 0
168045, 72209.8, 0
54051.5, 13047.6, 0
164642, 24883.3, 0
207837, 72214.2, 0
78168.3, 37464.8, 0
43082.4, 36377.4, 0
186360, 49810.2, 0
151290, 51037.1, 0
89806.6, 26345.6, 0
141600, 65826.2, 0
53088.8, 21246.7, 0
183878, 37011.9, 0
146350, 71522.1, 0
245216, 124976, 0
137775, 63650.3, 0
298224, 133088, 0
48789.1, 10255.9, 0
85462.3, 52608.6, 0
41839.8, 27271.6, 0
300244, 105193, 0
21358.5, 29411.1, 0
307123, 124033, 0
85430.2, 51054.6, 0
44031.8, 29057.8, 0
42724.7, 35041, 0
45147, 30381.6, 0
150205, 62019.5, 0
31202.1, 6821.23, 0
54727.2, 36357.6, 0
120634, 63024.3, 0
131684, 4980.95, 0
27570.4, 27558.9, 0
161758, 28184.7, 0
245406, 67416.7, 0
105924, 36892.4, 0
163265, 34980.5, 0
55845.3, 20297.8, 0
19931.6, 30512.7, 0
71859.5, 30952.8, 0
207581, 42019.1, 0
221593, 22477.3, 0
55004.4, 24186.4, 0
125726, 55869.1, 0
71977.7, 43527.6, 0
198942, 102607, 0
274993, 132226, 0
34203, 18470.2, 0
4143.03, 7013.83, 0
115489, 42092.4, 0
152894, 60955.4, 0
144049, 73601.8, 0
196413, 47318.2, 0
199904, 87769.8, 0
269345, 102046, 0
100298, 16609.8, 0
215439, 19107.8, 0
227744, 111697, 0
31655.6, 26985.8, 0
137281, 26690.5, 0
52398.5, 23456.5, 0
87681.9, 16691.4, 0
46530.6, 20450, 0
64790.8, 34585.5, 0
102695, 55614.6, 0
48452.9, 17760.3, 0
186618, 93233.2, 0
205970, 56434.7, 0
107863, 19334.5, 0
232765, 43374.4, 0
267362, 94230.4, 0
72248, 18827.1, 0
127972, 60972.5, 0
152874, 75001.9, 0
11233.2, 27145.4, 0
24787.3, 8446.04, 0
101752, 27155.4, 0
1542.26, 24738.2, 0
113854, 19421.8, 0
258107, 119098, 0
249779, 92718.3, 0
106897, 48262.3, 0
158498, 36681.1, 0
34649.7, 26222.7, 0
207567, 107012, 0
309777, 53575.5, 0
61814, 19335.6, 0
70129.9, 43752.2, 0
71234.6, 24136.2, 0
107649, 53216.8, 0
103340, 38635.4, 0
72793, 41797.4, 0
59868.6, 32735.3, 0
137471, 62262.3, 0
106083, 48047.8, 0
94787.5, 33125.3, 0
78864, 48411.5, 0
38500.9, 8893.96, 0
79473.4, 40387.5, 0
118328, 62822.9, 0
68762.7, 40846.8, 0
365091, 57323.2, 0
58911.6, 17399.3, 0
77987, 43983.4, 0
107721, 33610.5, 0
45214.9, 21225.3, 0
224512, 86834.5, 0
21734.8, 28620.2, 0
166517, 63575.2, 0
111512, 30531.4, 0
120524, 44399.7, 0
23606.1, 13487.7, 0
166845, 86425.6, 0
185182, 68294.3, 0
173683, 63917.4, 0
216558, 86513.9, 0
168763, 39130.9, 0
95844.1, 48393.5, 0
140600, 57290.4, 0
200513, 22706.7, 0
144014, 73248.5, 0
105096, 5147.59, 0
240228, 26395.1, 0
232405, 50018.2, 0
133122, 38193.5, 0
40177.9, 25903.8, 0
92075.2, 23325.9, 0
56735.1, 40706.8, 0
117011, 46265.7, 0
224282, 85331.7, 0
143605, 47492.2, 0
275681, 136961, 0
94019.3, 34554.9, 0
31788.5, 14403, 0
159974, 81969.9, 0
6884.91, 25962.9, 0
85072.8, 9523.11, 0
162209, 51975.3, 0
142442, 17084.5, 0
194567, 69571.8, 0
99284.7, 27764.1, 0
168455, 12433.7, 0
49976.4, 18970.4, 0
181151, 87959.3, 0
65279.4, 14832.5, 0
109201, 44020.3, 0
134137, 44304, 0
232675, 42167.9, 0
25699.1, 16123.3, 0
123540, 22565.6, 0
150880, 40130.8, 0
212691, 80488.7, 0
69905.3, 31592.7, 0
215646, 88836.3, 0
97484.8, 41578.3, 0
170293, 87023.6, 0
133333, 68847.9, 0
104460, 37060.6, 0
104802, 53539.7, 0
69149.9, 26253.2, 0
67050.9, 31025.1, 0
113536, 24335.5, 0
54324.4, 21925, 0
59003.3, 38757.9, 0
24769.4, 18897.1, 0
190174, 58166.3, 0
61532.5, 25678.6, 0
289313, 138138, 0
142561, 52796.2, 0
299527, 132368, 0
122329, 34715.3, 0
96351.9, 36523.5, 0
164677, 66901.5, 0
90400.9, 26628.4, 0
111805, 58546.7, 0
94253.4, 55165.7, 0
38116.8, 13621.8, 0
266384, 118815, 0
178196, 21625.4, 0
114269, 11442.8, 0
220355, 42391.2, 0
150884, 78322.2, 0
251005, 102639, 0
156400, 60017.9, 0
77410.5, 9202.49, 0
151699, 79558.4, 0
90639.4, 44587.9, 0
148065, 59103.1, 0
235266, 82299.9, 0
241209, 92632.9, 0
104521, 14088.1, 0
200727, 54245.1, 0
32624.9, 23498.9, 0
176515, 31757.8, 0
230954, 69217.1, 0
265733, 58018.7, 0
196495, 37338, 0
81441.9, 44039.7, 0
15539.1, 19314.4, 0
1037.94, 23429.2, 0
86934.6, 43979.8, 0
28430, 28448.3, 0
90044.3, 40818.7, 0
135837, 40049.9, 0
30827.2, 12492.6, 0
114227, 46360, 0
169309, 38341, 0
192207, 58022.9, 0
222260, 42869.7, 0
72174.2, 15418.3, 0
236515, 115702, 0
142297, 14606.7, 0
169559, 71224.9, 0
117709, 60622.3, 0
109014, 44329.7, 0
8814.07, 6048.46, 0
173541, 90984.5, 0
175118, 65940.7, 0
116152, 11699.4, 0
146065, 79398, 0
59226.8, 34385.5, 0
172852, 79330.3, 0
30650.9, 27391.7, 0
217287, 100878, 0
94114.6, 45134, 0
83241.1, 35632.8, 0
108160, 40807.6, 0
169669, 58319.8, 0
199901, 97513.9, 0
231960, 103681, 0
25993.9, 22309.2, 0
148379, 80529.1, 0
91576.6, 51244, 0
173606, 88784.8, 0
225493, 74211.2, 0
24535.3, 28528.4, 0
99368.6, 54532.2, 0
219276, 26941.1, 0
127221, 39774.1, 0
217985, 28973.9, 0
210096, 85637.4, 0
146842, 73654.7, 0
32690.7, 15814.7, 0
139773, 23480.3, 0
198694, 102433, 0
30616.7, 6381.74, 0
36061.3, 30365.9, 0
120948, 65089.7, 0
73368, 20829.6, 0
245714, 104066, 0
170667, 35290.3, 0
63070.9, 5444.38, 0
195518, 99963.1, 0
113655, 51488.6, 0
314619, 58235.4, 0
190656, 26243, 0
176893, 66361.4, 0
46952.1, 17624.4, 0
105036, 49393.6, 0
93677.5, 40111.2, 0
176024, 69283.6, 0
78280.2, 23415.3, 0
14233.5, 27421.4, 0
114522, 50676.5, 0
154062, 78580.4, 0
211233, 108977, 0
35667.4, 27925.1, 0
247610, 35548, 0
230742, 107508, 0
168807, 82277.9, 0
5.85993, 7047.76, 0
197166, 81174.1, 0
42011.6, 22528.2, 0
257107, 80642.2, 0
109896, 11090.6, 0
35761.7, 22782.7, 0
139228, 55867, 0
247355, 70589.5, 0
97989.8, 16421.6, 0
128715, 38933, 0
44860, 31871.3, 0
57942, 20966.7, 0
48642.3, 32801.5, 0
79780.3, 27756.1, 0
130486, 36433.5, 0
139569, 54456.1, 0
221604, 92093.2, 0
12826.1, 22819.3, 0
44449.4, 19763.2, 0
143339, 78642.7, 0
265306, 13238.4, 0
107245, 58668, 0
158181, 80815.4, 0
105063, 11292, 0
16803.5, 29565.5, 0
217281, 71630.9, 0
120804, 25456, 0
121396, 57628.2, 0
97213.9, 57192.1, 0
109739, 36435.4, 0
132118, 67646.5, 0
146424, 53177.1, 0
81963.5, 50765.4, 0
1548.24, 11414.2, 0
113365, 33889, 0
295526, 108870, 0
18006.7, 29195.3, 0
199084, 97831.9, 0
56895.1, 31129.1, 0
275794, 112846, 0
360402, 161408, 0
220174, 75255, 0
109030, 3489.24, 0
157384, 49914.9, 0
142815, 64812.8, 0
39235.1, 15962, 0
120713, 49898.7, 0
114102, 39256, 0
199968, 8040.09, 0
160498, 52576.6, 0
141764, 64471.7, 0
213256, 47974.7, 0
238861, 34702.9, 0
171823, 40182, 0
253367, 72191.5, 0
263189, 79367.4, 0
79154, 10424.2, 0
157060, 39189, 0
181985, 76692, 0
115964, 23475, 0
79947.2, 41446.6, 0
100815, 25017.2, 0
160279, 52628.8, 0
129065, 62662.5, 0
55313.3, 9076.72, 0
63848.7, 11263.4, 0
219691, 108451, 0
31893.4, 16587, 0
55750.3, 26788.9, 0
61359.4, 2589.2, 0
84420.9, 28038.6, 0
134366, 51409.1, 0
55237.4, 26969.2, 0
87336.4, 47631.2, 0
158113, 34077.9, 0
110524, 60408.1, 0
25000.6, 28697.7, 0
129795, 48596.6, 0
27949.5, 22636.6, 0
108706, 43553.2, 0
168725, 55020, 0
69762, 28261.8, 0
64573.4, 31576.8, 0
316675, 134139, 0
74462.5, 28703.6, 0
174221, 47450, 0
35679.3, 32428.7, 0
204806, 67497.3, 0
47143.7, 34954.3, 0
51615.3, 3987.44, 0
79410.8, 39736.5, 0
117361, 23865.6, 0
22704.7, 29580.5, 0
185280, 74553.7, 0
101405, 59007.9, 0
185671, 79417.5, 0
66191.4, 39251.5, 0
150530, 78137.1, 0
34859.7, 15952.3, 0
149077, 75689.2, 0
25316.4, 22269.5, 0
100497, 48160.6, 0
150515, 82409.2, 0
243055, 38114.8, 0
115419, 51159.7, 0
107894, 36778.8, 0
80747.1, 14745.7, 0
89303.9, 52659.1, 0
237959, 105056, 0
2933.63, 20327.4, 0
99183.3, 37436.7, 0
134882, 57432.3, 0
81701.5, 35424.4, 0
107892, 41598.8, 0
97846, 25236.6, 0
95783, 20286.2, 0
117973, 36571.2, 0
253510, 41850.3, 0
156469, 58875.2, 0
295039, 37536.6, 0
206600, 109518, 0
48286, 33825.1, 0
144887, 21723.9, 0
226655, 108715, 0
103833, 50570.2, 0
103468, 55805.3, 0
26411, 16820.6, 0
149207, 76415, 0
119977, 14672.5, 0
163725, 78101.4, 0
93599.4, 42086.5, 0
172833, 83197.7, 0
155890, 39261.4, 0
201755, 55575, 0
205612, 98419.4, 0
24723.1, 28217.6, 0
139370, 52021.6, 0
121127, 54051.6, 0
67282.2, 41639.6, 0
70175.2, 20423.5, 0
34679.1, 28113.6, 0
74506.3, 43319.4, 0
174998, 46866.6, 0
98581.4, 34994.1, 0
119635, 27470.6, 0
141771, 48383.4, 0
28259.9, 13077.7, 0
185317, 34011.4, 0
157371, 84590.4, 0
73748.2, 41736.9, 0
62762.4, 40081.2, 0
205887, 41064, 0
123888, 34924.7, 0
103177, 43852.7, 0
78322, 30828.6, 0
138128, 22598.1, 0
13987.5, 19220.5, 0
145095, 42744.7, 0
178025, 49628.1, 0
7011.61, 28869.9, 0
190352, 91642.9, 0
154373, 44518.3, 0
136868, 68958.6, 0
85205.3, 36044.2, 0
79400.1, 6867.78, 0
201474, 11503.4, 0
87691.8, 37440, 0
160105, 53887.9, 0
232684, 49164.5, 0
198725, 29271.6, 0
191410, 50483.4, 0
168173, 88569.6, 0
199893, 81876.5, 0
119009, 61179.7, 0
234066, 120182, 0
122289, 33782.2, 0
203429, 98773.8, 0
180322, 56469.1, 0
164734, 55485.3, 0
249505, 14822.6, 0
84858.4, 40443.9, 0
166524, 62073.5, 0
102377, 34848.8, 0
178853, 40828.8, 0
360964, 55333.9, 0
85961.9, 43774.3, 0
197982, 74870.2, 0
51273.6, 32610.1, 0
183186, 20483.6, 0
153492, 57796.8, 0
170506, 87676.3, 0
166235, 88146.4, 0
80708.9, 46589.3, 0
51734, 21626.5, 0
21608.4, 14360.5, 0
184325, 92548.9, 0
188863, 10032.1, 0
62636.2, 42829.6, 0
112058, 51560, 0
161150, 59581.2, 0
186567, 78922, 0
125755, 70960.3, 0
22830.9, 27401.7, 0
126089, 56524.3, 0
179224, 72917.7, 0
23897, 26548.2, 0
88027.3, 42262.9, 0
348513, 50389.8, 0
169613, 44565.8, 0
86715.9, 52594.2, 0
45137, 35790.5, 0
128155, 31629.8, 0
258782, 38461.5, 0
59411.7, 21683, 0
100712, 51010.7, 0
134378, 52475.7, 0
150577, 69108, 0
119531, 12740.9, 0
48751.9, 27393.8, 0
81194.3, 48467.2, 0
218126, 93323.6, 0
80922.6, 40373.9, 0
152867, 72805.6, 0
89750.5, 26089.7, 0
116030, 44462.9, 0
130220, 8179.83, 0
189495, 43920.9, 0
150658, 75817.8, 0
280809, 42616.1, 0
94732.7, 48274.7, 0
171955, 18374.3, 0
91368.6, 49867.3, 0
248063, 107752, 0
382634, 168865, 0
116919, 4904.2, 0
205682, 57960, 0
61672.3, 34857.9, 0
194179, 46057.7, 0
177991, 84411.2, 0
137551, 41318.5, 0
194987, 6578.61, 0
71204.1, 27624.7, 0
176092, 79814.8, 0
126686, 34465.5, 0
51433.9, 30670.7, 0
228830, 95416.7, 0
49851.7, 38078.9, 0
346801, 94941.2, 0
222908, 115790, 0
177421, 59759.2, 0
96300.1, 9996.67, 0
32334.2, 27254.7, 0
59174.9, 33816.1, 0
59521.5, 41188.1, 0
140970, 31402.9, 0
246016, 127759, 0
215323, 99394.2, 0
129891, 68578.1, 0
22629.2, 30385.6, 0
60346.2, 19907.2, 0
71231.6, 38261.1, 0
32678.3, 33479.4, 0
66722.9, 22282.9, 0
85194.6, 43847.2, 0
44767.8, 29804.8, 0
148037, 78949.8, 0
73822.6, 43668.9, 0
221969, 37224.4, 0
148997, 36719.3, 0
176904, 52503.6, 0
46378.7, 33643.6, 0
83634.5, 11685.3, 0
99685.5, 47682.3, 0
9958.2, 10003.6, 0
201184, 64594, 0
108737, 4789.75, 0
109293, 19620.6, 0
98009, 40014, 0
80887.5, 50490.9, 0
106631, 20329.1, 0
115359, 62124.6, 0
249027, 17758.4, 0
180998, 34666.5, 0
92986.2, 25709.4, 0
35210.9, 14420.4, 0
33425.5, 33347.5, 0
65754, 28096.6, 0
133985, 73326, 0
102594, 18845.2, 0
147188, 30591.4, 0
187248, 27059.3, 0
330289, 61591, 0
146601, 60835.7, 0
246870, 130305, 0
46231.8, 29867.2, 0
130504, 39209.2, 0
118515, 31206.3, 0
106578, 61909.1, 0
262122, 70789.1, 0
45419.8, 5443.34, 0
93281.2, 18947.7, 0
91141.5, 45917.8, 0
89335.5, 44262.1, 0
255914, 128617, 0
116787, 65633.2, 0
210441, 107945, 0
212276, 74714.7, 0
100768, 57862.6, 0
170038, 90352.5, 0
126424, 33966, 0
159118, 68291.2, 0
159060, 17485.2, 0
117301, 51815.8, 0
145988, 64951, 0
194186, 39032.4, 0
106943, 33821, 0
161922, 80040.4, 0
184998, 78714, 0
97464.1, 32724.1, 0
33961.7, 20718.2, 0
208444, 29214.2, 0
155076, 13051.6, 0
72118.3, 37821.6, 0
29436.5, 9834.75, 0
337024, 135354, 0
151095, 62823.1, 0
167229, 35032.4, 0
174782, 80254.9, 0
57288.5, 21778.9, 0
188247, 51709.3, 0
80220.4, 37977.2, 0
24008, 26613, 0
110411, 34153.4, 0
110377, 23029.2, 0
127686, 61408.1, 0
193038, 82643.7, 0
63870.3, 36420.8, 0
157364, 84181.4, 0
185955, 88631, 0
155070, 32583.5, 0
230230, 101383, 0
66682.8, 5373.19, 0
97270.7, 27645.3, 0
81148.6, 50112.5, 0
108052, 42306, 0
197822, 64174.1, 0
68742.6, 23640.6, 0
218105, 109071, 0
53663.7, 34713, 0
97426.8, 23274.6, 0
149583, 33579.9, 0
17011.7, 19312.5, 0
55805.5, 15194.2, 0
126794, 67265.5, 0
146994, 37424.2, 0
145604, 62937.6, 0
21951, 21432.8, 0
154817, 70303.5, 0
120817, 48900.9, 0
173477, 89887.6, 0
188236, 65973.8, 0
126047, 54305.5, 0
82671.7, 27000.3, 0
176385, 63447.5, 0
189540, 35748.8, 0
149841, 31499.8, 0
150792, 71602.5, 0
139840, 67351.2, 0
155549, 3882.53, 0
145721, 44955.6, 0
292727, 152258, 0
104729, 16574.1, 0
37029.2, 22801.9, 0
77784.3, 29380.7, 0
74154.5, 31574.1, 0
120195, 53221.7, 0
43097.3, 16936.7, 0
104411, 20465.9, 0
105082, 59998.8, 0
193367, 74130.9, 0
237839, 58878.1, 0
107789, 38109.4, 0
50834.3, 32055.1, 0
102939, 48469.1, 0
112423, 62893.8, 0
102355, 53886.9, 0
55340, 17407.2, 0
90736.3, 35254.1, 0
40709.2, 26339.3, 0
122520, 68640.5, 0
190166, 88650.8, 0
70754.3, 24584.2, 0
96000.6, 56416, 0
161736, 7613.85, 0
134062, 60926.9, 0
27903.8, 30421.7, 0
106097, 43334.2, 0
166409, 41703.5, 0
236585, 22432.9, 0
102457, 24661.9, 0
82610.1, 51187.3, 0
242694, 61471.6, 0
164181, 46179.2, 0
151783, 80184.8, 0
181615, 88320.6, 0
107278, 44540.9, 0
53188.3, 38494.1, 0
88806, 35032.5, 0
151795, 43047.1, 0
88124, 43126.2, 0
85013.1, 18948.2, 0
141118, 68932.1, 0
130481, 56882.5, 0
111202, 47249, 0
246836, 37566.8, 0
68044.4, 30040.9, 0
199933, 50210.6, 0
42423.5, 16315.8, 0
186477, 83554.7, 0
79086.5, 45074.9, 0
147218, 16730.4, 0
230357, 33837.2, 0
212768, 50096.9, 0
10469.5, 8704.5, 0
148587, 77574.6, 0
95295.4, 49081.2, 0
67586.7, 19192.9, 0
116990, 52018.4, 0
146895, 78540.3, 0
166908, 44388.2, 0
179011, 59521.9, 0
106118, 24029.2, 0
134406, 29021.2, 0
52544.2, 25225.4, 0
85773.5, 45140.9, 0
205089, 73808.6, 0
139323, 38988.6, 0
89137.1, 51324.7, 0
222182, 50352.7, 0
97484.2, 25237.5, 0
18256.7, 24599.3, 0
158332, 42444.1, 0
119497, 62647.6, 0
211096, 104696, 0
114775, 32163, 0
252396, 20738.3, 0
25927.2, 24678.2, 0
65399.8, 24563.9, 0
189545, 93269.3, 0
124052, 19338.8, 0
51347.6, 25959.8, 0
126166, 21150.8, 0
152046, 76827.6, 0
136674, 59147.1, 0
99423.2, 30727.7, 0
112411, 45768.3, 0
105851, 15157.9, 0
163098, 53297.9, 0
83048.5, 47693.5, 0
92724.9, 54910.5, 0
189231, 85297.7, 0
223517, 49798.5, 0
106728, 44218.4, 0
7282.7, 14801.3, 0
56852.7, 36764.9, 0
125782, 29208.2, 0
157715, 42620.5, 0
23277.6, 9358.53, 0
150890, 58145.3, 0
153952, 39851.5, 0
208481, 104492, 0
164637, 86204, 0
133806, 49112, 0
179061, 83579.2, 0
150702, 77762.8, 0
69076.4, 34831.7, 0
46282.5, 28686, 0
136152, 62052.5, 0
72476.4, 41757.2, 0
38251.2, 12685.4, 0
66082.5, 28763.4, 0
14953.4, 17101.6, 0
116479, 51107.7, 0
23210.5, 29999.9, 0
338677, 86425.1, 0
139311, 74117.8, 0
128764, 58862.9, 0
34095.5, 23044, 0
311367, 65760.7, 0
41538.5, 27429.1, 0
207580, 92479, 0
176302, 90551.3, 0
142626, 40454.8, 0
89270.9, 37763.9, 0
18645.2, 24735.4, 0
11605.7, 27667, 0
125423, 52699.7, 0
148136, 61259.7, 0
86977.5, 26743.6, 0
14923.8, 23336.9, 0
160519, 66654.9, 0
41999, 32419.6, 0
58313.4, 38114.2, 0
64059.4, 36335.4, 0
12601.5, 19872.3, 0
198981, 61769, 0
47654.6, 29391.8, 0
126530, 51804.9, 0
54298.2, 16322.7, 0
96763.6, 21898.4, 0
151365, 25982.6, 0
115525, 51616.3, 0
241104, 74870.8, 0
256689, 73006.3, 0
85629.8, 39599.4, 0
151577, 74402.6, 0
23808.6, 8924.82, 0
105401, 56587.3, 0
173598, 90194, 0
227867, 99791.8, 0
163055, 59392.6, 0
195710, 62429.1, 0
78542.1, 29106.1, 0
141813, 50477.5, 0
95551.3, 30502.3, 0
83595.8, 11054.9, 0
61936.8, 13762.8, 0
100733, 10621.4, 0
116693, 27717.5, 0
168513, 65598.9, 0
119870, 36288.7, 0
192381, 95206.2, 0
137073, 40165.3, 0
58991.7, 25726.6, 0
158278, 68275.5, 0
94429.6, 37843.3, 0
115555, 34819, 0
119363, 15435.5, 0
245662, 78036, 0
190451, 77986.9, 0
81512.8, 45962, 0
127326, 20330.5, 0
16583.1, 21749.2, 0
136282, 7525.26, 0
93339.6, 56052.6, 0
126021, 70039.2, 0
1353.91, 7787.95, 0
125574, 34113.4, 0
63307.1, 42322.7, 0
32469.3, 20069.5, 0
76601.4, 34577.9, 0
135565, 56044.7, 0
225589, 105351, 0
85644.7, 48455.2, 0
168762, 39340.3, 0
51544.3, 9481.48, 0
177935, 92307.8, 0
108838, 58140.3, 0
111850, 55783.3, 0
35916.1, 18496.5, 0
112404, 37018.9, 0
119700, 37720.2, 0
53928.9, 35054.8, 0
150211, 23295.2, 0
100575, 39431.7, 0
163403, 76379.7, 0
80380.9, 43668.6, 0
93876.8, 35969, 0
116956, 26537.1, 0
103255, 36451.4, 0
104314, 41051.2, 0
229453, 119261, 0
106131, 59861.5, 0
140675, 68771.4, 0
188227, 69442.4, 0
41100.3, 12887.7, 0
198722, 103742, 0
133495, 27262, 0
179842, 22351.8, 0
120761, 65412.7, 0
123119, 64334.9, 0
78886, 44702, 0
143999, 5168.41, 0
47850.6, 17813.6, 0
24803.2, 20490.8, 0
118900, 57020.7, 0
80209.5, 23508.7, 0
61541.9, 41410.9, 0
65230.6, 8524.09, 0
157740, 63976.6, 0
197186, 84451.8, 0
145302, 15386.6, 0
173798, 90507, 0
102401, 37463.4, 0
78137.3, 36278.5, 0
42481.1, 18236.4, 0
67316.7, 35805.8, 0
18866.7, 11426, 0
194802, 51959, 0
171038, 64522.5, 0
229453, 116797, 0
236850, 47048.6, 0
90275.2, 39171.2, 0
74213, 12353, 0
75272.1, 11580.9, 0
75708.2, 32256.5, 0
32090.6, 18734.6, 0
98359.2, 55418.4, 0
75714.9, 27545.2, 0
93996, 13152.5, 0
458.582, 17994, 0
128772, 44601.6, 0
13819.6, 13318.4, 0
132953, 59771.4, 0
22837.6, 30442.1, 0
180913, 45698.5, 0
131500, 69715.9, 0
27168.9, 23984.9, 0
108233, 59634.6, 0
146795, 46697.1, 0
95202.6, 41445.1, 0
100740, 21326.5, 0
90568.1, 49920.7, 0
194333, 93279.9, 0
87634.1, 49262.9, 0
102508, 4650.68, 0
93395.9, 31153.8, 0
126011, 24625.4, 0
53048, 12754.3, 0
8566.24, 24535.1, 0
146448, 71326, 0
210868, 43775.6, 0
106211, 55101.3, 0
88934.4, 46266.1, 0
80524.7, 16842.4, 0
122604, 68287.1, 0
186235, 64974.7, 0
132456, 32640.8, 0
57848.4, 33575, 0
122176, 54833.1, 0
50084.1, 15636.1, 0
196289, 104448, 0
132400, 65239.1, 0
156024, 46855.6, 0
84244.8, 28589.8, 0
93704, 46365.2, 0
133312, 39765, 0
139718, 60154.8, 0
69575.3, 21827, 0
35011.2, 10761.9, 0
203838, 26892, 0
5.15213, 25455.4, 0
197806, 94518.6, 0
78294.2, 26569.9, 0
128151, 40487.5, 0
218570, 51366.4, 0
40004.7, 6863.95, 0
146358, 63236.7, 0
107386, 50999.4, 0
198773, 72471.6, 0
165839, 35401.3, 0
183031, 60865.6, 0
166567, 30214, 0
125521, 68123, 0
27574.5, 14432.6, 0
136871, 60395.2, 0
240399, 104968, 0
201954, 30896.3, 0
96109.5, 49055.7, 0
281464, 146428, 0
125433, 49595.3, 0
254661, 105147, 0
150158, 54499.4, 0
174895, 44411.1, 0
174127, 67621.8, 0
16230.4, 20138.9, 0
79073.2, 12217, 0
215812, 53372.4, 0
19074.1, 25896.6, 0
179457, 57968, 0
150747, 66778.7, 0
2292.49, 15967.3, 0
124810, 62003.7, 0
178379, 35506, 0
18669.5, 29596.3, 0
289710, 125560, 0
197936, 51258.9, 0
238245, 119571, 0
56549.1, 15680, 0
217836, 86356, 0
64200.9, 11343.2, 0
21062.7, 13283.7, 0
2151.87, 28369.4, 0
326706, 47089.3, 0
132822, 40935, 0
110178, 11271.6, 0
73567, 26909.7, 0
71619.8, 12477.9, 0
140554, 50578.3, 0
25507.4, 28667.3, 0
19973.8, 22290.7, 0
46501.2, 24943.2, 0
140460, 63528.1, 0
122200, 49881.8, 0
168559, 57460, 0
38952.1, 25389.9, 0
101690, 15256.1, 0
140327, 54104.4, 0
241467, 123640, 0
139833, 34985, 0
51074.3, 34856.4, 0
143055, 35652.9, 0
140498, 76682.6, 0
80761.3, 49312.7, 0
104449, 52029, 0
152460, 76180.1, 0
183253, 36555.8, 0
172803, 34385.5, 0
79250.9, 36518.7, 0
11801.6, 29126.8, 0
175673, 47693.8, 0
122431, 58262.5, 0
152917, 28230.9, 0
165117, 51332, 0
133006, 50360.4, 0
96857.9, 11421.5, 0
95229.3, 54571.2, 0
76344.8, 40580.4, 0
143395, 68868.2, 0
130947, 72893.4, 0
63041.5, 22853.9, 0
177918, 58947.2, 0
203992, 100117, 0
167132, 21574, 0
204721, 25724, 0
184059, 39790.3, 0
99822, 50255.8, 0
136829, 29858.9, 0
118179, 55103.6, 0
57737.4, 10444.8, 0
128629, 71159.2, 0
36944.6, 18542.4, 0
30171.1, 24126.5, 0
34678.9, 23448, 0
83261.1, 43631.7, 0
10109.3, 21935.8, 0
139930, 23127, 0
110790, 48471.2, 0
139772, 62623.3, 0
39710.8, 16189.3, 0
186389, 91471.2, 0
220629, 46127.5, 0
233293, 111376, 0
229643, 82313.7, 0
88900.4, 53015.4, 0
134249, 53339.4, 0
51206.8, 14030.2, 0
30939.6, 16886.3, 0
165322, 56088.6, 0
104904, 25657.4, 0
162064, 52852.1, 0
122393, 53676, 0
76805.3, 38174, 0
86611.4, 44496.4, 0
272734, 126295, 0
252224, 128911, 0
39943.7, 25564.3, 0
121122, 9146.08, 0
203919, 52423.1, 0
142496, 62720.6, 0
186388, 41597.4, 0
94580.1, 40432, 0
66457, 39029.3, 0
210959, 39436, 0
158007, 64004.7, 0
127933, 41837.8, 0
39476.6, 5339.85, 0
32617.2, 18342.8, 0
145072, 8836.94, 0
186530, 29771.5, 0
115894, 47052.4, 0
129047, 19605.9, 0
156919, 52179.8, 0
211309, 45390.1, 0
184161, 88918.1, 0
163400, 20224.4, 0
53188.3, 1704.39, 0
138277, 39102.6, 0
105614, 52966.5, 0
166445, 89791.5, 0
81462.9, 49392.5, 0
57102.6, 35634.3, 0
80087, 37648.5, 0
82325.5, 19080.7, 0
91290.2, 43974.7, 0
173872, 85515, 0
165538, 78691.3, 0
170013, 44569.7, 0
2064.87, 18460.5, 0
99799.1, 54570.8, 0
101975, 41265, 0
261412, 80940.2, 0
132677, 57462.9, 0
220982, 49814.9, 0
36724.9, 17297.8, 0
99308.9, 27863.5, 0
104149, 46301.7, 0
201932, 37524.8, 0
77519.4, 38568.2, 0
135149, 27110, 0
143681, 51288.9, 0
82570.3, 17440, 0
173306, 83367.7, 0
198764, 51316.4, 0
57417.3, 40025.1, 0
77099.2, 40829.7, 0
122638, 24663.9, 0
245633, 111449, 0
196355, 92666.1, 0
94449.9, 50245.3, 0
262374, 101053, 0
106287, 36937.6, 0
31963.2, 12271.5, 0
131488, 35206.2, 0
60655.5, 29444, 0
102845, 29227.5, 0
248505, 59181.9, 0
243992, 121267, 0
179231, 52091.2, 0
114447, 7151.88, 0
178964, 34693.2, 0
121023, 34071.4, 0
94122.1, 31958.5, 0
121703, 59218.5, 0
199129, 46048.7, 0
179993, 31648.7, 0
144998, 33541.9, 0
93020.1, 55328.3, 0
24854.4, 13810.2, 0
74991.6, 44933.2, 0
81254.5, 13074.2, 0
135730, 46951.7, 0
179223, 91366.7, 0
64318.8, 31830, 0
168403, 62947.7, 0
123997, 64008.8, 0
95854.2, 5571.45, 0
84112.4, 48808.2, 0
95187.1, 54509.9, 0
103649, 57848.1, 0
143432, 18364.8, 0
150894, 19656.6, 0
160577, 83840.8, 0
127807, 34144.7, 0
171875, 48244.1, 0
67585.4, 38870, 0
209487, 99386.9, 0
110063, 54446.3, 0
100557, 9924.25, 0
140558, 28991.1, 0
88818.2, 19962, 0
58537.9, 26729.6, 0
71069, 44571.9, 0
182880, 28545.9, 0
165149, 55213.3, 0
80759.9, 14859.4, 0
91643.5, 18324.1, 0
38061.1, 12231.4, 0
123405, 20422.8, 0
126276, 25203, 0
151748, 7028.2, 0
69066.9, 18891.5, 0
184843, 25851, 0
175745, 54808.1, 0
242057, 95244.8, 0
99081.5, 24438.6, 0
170839, 32021.1, 0
267948, 34850.3, 0
215334, 38689.4, 0
130243, 16253.5, 0
66874, 40813, 0
69555.1, 35506.9, 0
188834, 7550.05, 0
65811.4, 29087, 0
113682, 52683.1, 0
106306, 59233.9, 0
133227, 29354.3, 0
129375, 11906.7, 0
102679, 35925.7, 0
52741.3, 17001.6, 0
198843, 73985.1, 0
225460, 100593, 0
96980.1, 50392.7, 0
94628.9, 41920, 0
71558.8, 45364.7, 0
110725, 40466.5, 0
78415.6, 36012.3, 0
125564, 52460.7, 0
181605, 50214.1, 0
168636, 84023.7, 0
101092, 13559, 0
93449, 51246.2, 0
85703, 19517.9, 0
190516, 25628.2, 0
142282, 52605.9, 0
114376, 32375.6, 0
59471.6, 34524.6, 0
105175, 17281.8, 0
233795, 94802.1, 0
37591.6, 21440.4, 0
93238.9, 47064.3, 0
47392.7, 29090.9, 0
127139, 44539.2, 0
159247, 52864.1, 0
46711.6, 32267.1, 0
173676, 47373.8, 0
123344, 17411.7, 0
92928.3, 54340.1, 0
152260, 54131.9, 0
24165.7, 20626, 0
147851, 65871.9, 0
112893, 53637.2, 0
141609, 48916.6, 0
162798, 77141.7, 0
202804, 61772.8, 0
122586, 63666.8, 0
63629.2, 38545, 0
160845, 60842, 0
306401, 73677.5, 0
287665, 53802.7, 0
16622.2, 26737.6, 0
67375.4, 43436.7, 0
142799, 51489.1, 0
98691.5, 36501.3, 0
228394, 84723.4, 0
210569, 82683.8, 0
72110.9, 23456, 0
194646, 36156.9, 0
241754, 98373.7, 0
178606, 16144, 0
174909, 77212.9, 0
88437.8, 23192.3, 0
80143.8, 39989.1, 0
19689.1, 8923.78, 0
88251.8, 52447.7, 0
216942, 26877.2, 0
36356.2, 25954.2, 0
60912.7, 35947.4, 0
97471.3, 32043.8, 0
74634.3, 39832.5, 0
159146, 29890.2, 0
316798, 115492, 0
222103, 93896.2, 0
232177, 102303, 0
84489.5, 41083.7, 0
119487, 50356.6, 0
208713, 35574.2, 0
144200, 18812.7, 0
87811.4, 33865, 0
11830.5, 7721.68, 0
83697.6, 32216.6, 0
150961, 47688.6, 0
114293, 8787.84, 0
137131, 55270.5, 0
135781, 56710.2, 0
170781, 76958.6, 0
109734, 42392.2, 0
141608, 70298.8, 0
137533, 65942.7, 0
162821, 74489.6, 0
91643.1, 46956.7, 0
48423.8, 21172.7, 0
33641.8, 17514.2, 0
131327, 43090.5, 0
100468, 38313.4, 0
158061, 57486.2, 0
172419, 44517.5, 0
169247, 49616.3, 0
78302.3, 23121, 0
19964.4, 22898.2, 0
36380.2, 28939.6, 0
113720, 58500.2, 0
152925, 49415, 0
97053.1, 50375.3, 0
90870.8, 36932.2, 0
6080.39, 24662.8, 0
122046, 28610.8, 0
97037.8, 4513.08, 0
200933, 39102.6, 0
42519.6, 25131.5, 0
166454, 14746.5, 0
179649, 64793.8, 0
110710, 59066.2, 0
142204, 19495.9, 0
230799, 96209, 0
187815, 82911.7, 0
58568.5, 21317.2, 0
91255.9, 54061.8, 0
40212, 26507.7, 0
137059, 26769.7, 0
64918.7, 9525.49, 0
109220, 62717, 0
186832, 67054, 0
17885.8, 26578.8, 0
246478, 29698.1, 0
191636, 34312.7, 0
79630.8, 29082.8, 0
168629, 69300, 0
193025, 87710.7, 0
112446, 63868.6, 0
169256, 69058, 0
156824, 75337.5, 0
158809, 24896.9, 0
41118.2, 10214.1, 0
239184, 26646.5, 0
173561, 91168.6, 0
128002, 8468.18, 0
149430, 67420, 0
140802, 16104.8, 0
114454, 48017.7, 0
52802, 33193.1, 0
219409, 47052.5, 0
92813.4, 33273, 0
81356.5, 20594.8, 0
98142.6, 27297, 0
201959, 55525.9, 0
213221, 31312.4, 0
121071, 60386.2, 0
169399, 81909.9, 0
221496, 104802, 0
162465, 74490.7, 0
171889, 30178.1, 0
139138, 33368.2, 0
170438, 85654.5, 0
88683, 33228.4, 0
87339.2, 47486.3, 0
167575, 29328, 0
39801.3, 10215.3, 0
51664.2, 27846.9, 0
87459.7, 48640.6, 0
188975, 67675.6, 0
184099, 42274.7, 0
135310, 68864.4, 0
162541, 23373.3, 0
236802, 81200.9, 0
75702, 33120.4, 0
22096.3, 12564.3, 0
106341, 27045, 0
89072.5, 38435.9, 0
49387.4, 31139.6, 0
186590, 48935.4, 0
16045.7, 19968, 0
212432, 102609, 0
97207.9, 42487.1, 0
193904, 24894.7, 0
255097, 33284.5, 0
8361.37, 7651.94, 0
178662, 53867.5, 0
130492, 32963.9, 0
148219, 70168.1, 0
206222, 103132, 0
96659.9, 48162.5, 0
243879, 57688.1, 0
223020, 46882.8, 0
177212, 38181.1, 0
56713.9, 21575.7, 0
2967.62, 4466.98, 0
60721.2, 35711.8, 0
101365, 42005.2, 0
20103.3, 29140, 0
214187, 94577.4, 0
124284, 41765.6, 0
89736.2, 27846.1, 0
48996.9, 29608.6, 0
72588.8, 45051.1, 0
198545, 72097.7, 0
123243, 49464.4, 0
141876, 70049.2, 0
193809, 47605.1, 0
130106, 47622.4, 0
186979, 96150.1, 0
139190, 64780, 0
148128, 28411.2, 0
165898, 86932.6, 0
165253, 45181.4, 0
94516.1, 23008, 0
151546, 57985.4, 0
182710, 88893.1, 0
157437, 81482.3, 0
178963, 86972.5, 0
263559, 103151, 0
170282, 24892.3, 0
123926, 43295.5, 0
86872.4, 24825, 0
141060, 44718.3, 0
148521, 61677.4, 0
201709, 89226.9, 0
171213, 28407.3, 0
182115, 96726.1, 0
75196.1, 45626.1, 0
73160.5, 45644.1, 0
160484, 62285.8, 0
63030.6, 42482.2, 0
163064, 86594.9, 0
139558, 6191.72, 0
163710, 65327.6, 0
224396, 52189.3, 0
246736, 70310.4, 0
164298, 16390.3, 0
56939, 38114.2, 0
143859, 71439.1, 0
61721.7, 25863.6, 0
264476, 55082.3, 0
161626, 30172, 0
164203, 52611.4, 0
96559.1, 18876.6, 0
193721, 90201, 0
201785, 95142.9, 0
9366.75, 23574, 0
210004, 94567.5, 0
148631, 63464.5, 0
114034, 39194.5, 0
46641.6, 31587, 0
109049, 4095.41, 0
165481, 89805.2, 0
98252.1, 36906.9, 0
126134, 61682.4, 0
92905.2, 28436.7, 0
192346, 49641.6, 0
116337, 36879.7, 0
242583, 56436.5, 0
107234, 57949.3, 0
82232.2, 32764.3, 0
47028.6, 34385, 0
118291, 64435.6, 0
77680.5, 39167.4, 0
211058, 109240, 0
47745.4, 27232.9, 0
164617, 76948.3, 0
326347, 135194, 0
32185.6, 17752, 0
163780, 73318.3, 0
128008, 69217.1, 0
103826, 58924, 0
243021, 120064, 0
125994, 29047.9, 0
169417, 26519.3, 0
9706.2, 18820.4, 0
151084, 65902.9, 0
69546.2, 30643.5, 0
117822, 28838.3, 0
2529.88, 16085.4, 0
72521.5, 10769.8, 0
197078, 62793.1, 0
171140, 74284.7, 0
131462, 72435.3, 0
286300, 76933.6, 0
149288, 77732, 0
89390.4, 11344.4, 0
232098, 111710, 0
97855.8, 30776.1, 0
92572.7, 16674.5, 0
143321, 8503.63, 0
35228.5, 28108.3, 0
128872, 31484.7, 0
115847, 43631.5, 0
177898, 95748.6, 0
98495.3, 54211.7, 0
86121.3, 36958.5, 0
221187, 92287.8, 0
117678, 57293.1, 0
171093, 36283.9, 0
96008.7, 21321.3, 0
96360.7, 47179.4, 0
32208.2, 25567.3, 0
96278.8, 51004.9, 0
91275.4, 49649.5, 0
76759.1, 31887.4, 0
113134, 31340, 0
115684, 49870.5, 0
329814, 80786.4, 0
180520, 23759.7, 0
119916, 65103.2, 0
175955, 69956.2, 0
177857, 86615.2, 0
83976.1, 38657.4, 0
111373, 54241.5, 0
185164, 34802.3, 0
322165, 144089, 0
204947, 31550.7, 0
171095, 30222.6, 0
54902, 12588.8, 0
90378.5, 30114.3, 0
86938.7, 37371.6, 0
130549, 53190.6, 0
175211, 62895.7, 0
95051.6, 40287.2, 0
156643, 48886.9, 0
147909, 70289, 0
59744.5, 18319.8, 0
41480.9, 29276.2, 0
16228.1, 13129.2, 0
268066, 72430.9, 0
97970.4, 20605, 0
170332, 63761.3, 0
145447, 37404.8, 0
134419, 51395.4, 0
111589, 33233.8, 0
284788, 73148.1, 0
119090, 63396.6, 0
164189, 54314.2, 0
122590, 59446.5, 0
84661.8, 51679, 0
179645, 65578.8, 0
121903, 25637.7, 0
155929, 54276.6, 0
119209, 50197, 0
82943, 25209.4, 0
249578, 86690.7, 0
1105.85, 15523.7, 0
72935.9, 14684.6, 0
78855.9, 14026.3, 0
74824.4, 47229.9, 0
84842.9, 48866, 0
169764, 54059.5, 0
134852, 56631.1, 0
41135, 23260.8, 0
159262, 56240.8, 0
26612.8, 25645.7, 0
114772, 58395, 0
184354, 93722.9, 0
145588, 37614.5, 0
171912, 50132.2, 0
90808.3, 50151.7, 0
186556, 70681, 0
36559.5, 22265.7, 0
170591, 17399.8, 0
26119.3, 21680.2, 0
220091, 68084.1, 0
396406, 57644.3, 0
109083, 28866.5, 0
191261, 85162.4, 0
117497, 36032.4, 0
142005, 58830.3, 0
127821, 32284.5, 0
124542, 50831.1, 0
154429, 60107.9, 0
114428, 43533.8, 0
247587, 57234.1, 0
102626, 46393.5, 0
122596, 47136.7, 0
154835, 25964.1, 0
158643, 84175.9, 0
208824, 60564.4, 0
147550, 26283, 0
114961, 60738.3, 0
100803, 36816.5, 0
183710, 88542.9, 0
246009, 62637, 0
127229, 23324, 0
51310, 31570.7, 0
130144, 25166.5, 0
70766.2, 42295.7, 0
159509, 66502.6, 0
174462, 91422, 0
225559, 107284, 0
165752, 29018.6, 0
175707, 49948.9, 0
79794.7, 38324.9, 0
74029.5, 40599.9, 0
194081, 103497, 0
114872, 7291.59, 0
132879, 70118.5, 0
149211, 69220.9, 0
49328, 17234.3, 0
10680.5, 12957.9, 0
128663, 60757.1, 0
129521, 65476.9, 0
236756, 97012.1, 0
94691, 37960.3, 0
83742.7, 41472.8, 0
212718, 97490.6, 0
60964.6, 13800.1, 0
239322, 98531.4, 0
142387, 74790.7, 0
229170, 106868, 0
160882, 74223.6, 0
105681, 47615.3, 0
107640, 29017.1, 0
265734, 137129, 0
153810, 70075, 0
33713.1, 25296.5, 0
49261.3, 32152.7, 0
157297, 14452.5, 0
127000, 37496.4, 0
222006, 53324.2, 0
191999, 23122.4, 0
28751.8, 3985.37, 0
149226, 16138.2, 0
244642, 84825.2, 0
64299.6, 38957.3, 0
87726.6, 37758.9, 0
101925, 58325.5, 0
203232, 52033.1, 0
42436.2, 33042.4, 0
179137, 84840, 0
123376, 46564.3, 0
45460.7, 14140.2, 0
77877.4, 36285.2, 0
154482, 61279.8, 0
24039.5, 26592.4, 0
11261.9, 22963, 0
102210, 17906.8, 0
83341.4, 20874.7, 0
96738.8, 52425.6, 0
105759, 52400.6, 0
113882, 60221.7, 0
184233, 50288.9, 0
23158.2, 20629.7, 0
101513, 51995.1, 0
256211, 114439, 0
173957, 59073.8, 0
179539, 96511.4, 0
123958, 61271.9, 0
166623, 14299.3, 0
104291, 56885.1, 0
80393.5, 45521.6, 0
65193.2, 10586.8, 0
64827, 36006.8, 0
20347.4, 12178.7, 0
68478.8, 37195, 0
11019, 29201.8, 0
114629, 34040.5, 0
92599.8, 37994.6, 0
129675, 52851.1, 0
87707.4, 21090.3, 0
237629, 30259.5, 0
146073, 62538.4, 0
70432.1, 31221.7, 0
122429, 10664, 0
28991.7, 30675.5, 0
106669, 30726.1, 0
215977, 20106.7, 0
308127, 59942.9, 0
231816, 59513.1, 0
10258.6, 27718, 0
203816, 102753, 0
201523, 104296, 0
177940, 46184.1, 0
80090.3, 32029.6, 0
138085, 69993, 0
35395.8, 7324.6, 0
194649, 95602.7, 0
57933.4, 34332.4, 0
54918, 38510.4, 0
276238, 54599.9, 0
16814.9, 9881.91, 0
116494, 37948.5, 0
30041.5, 18320.1, 0
14544, 6708.91, 0
267448, 68443.6, 0
93990.9, 5260.11, 0
114822, 29485.6, 0
219171, 67378.1, 0
89820.5, 41133.4, 0
31705.6, 24603.2, 0
193502, 61874.8, 0
223328, 11386.9, 0
271019, 32775.2, 0
216978, 71488.9, 0
105386, 49550.5, 0
15284.6, 26443.5, 0
216739, 19636.7, 0
99837.6, 32891.8, 0
152949, 72788.6, 0
107914, 61173.8, 0
169490, 67596.3, 0
47331.6, 15417.6, 0
20996, 25204.1, 0
81616.2, 41855.3, 0
89836.5, 53585.5, 0
2103.54, 28799.4, 0
44434.7, 21327, 0
164626, 62766.1, 0
159703, 68319.9, 0
74450.1, 39979.2, 0
113646, 64706.5, 0
150691, 82539.6, 0
7811.4, 19232.6, 0
185635, 81396.1, 0
81694.5, 5294.08, 0
130472, 36051.7, 0
100264, 40401.4, 0
55040.6, 14091.3, 0
2885.48, 8394.56, 0
84247.1, 14876, 0
138301, 44793.3, 0
62992.1, 31099.3, 0
143049, 50455.3, 0
301816, 64452.8, 0
300347, 90798.8, 0
217137, 78596.6, 0
168899, 26884.6, 0
104858, 21201.7, 0
151471, 79914.7, 0
57360.6, 28650.1, 0
147122, 38797.2, 0
148904, 48905.7, 0
96352.9, 48999.8, 0
144383, 55390.6, 0
155132, 83515.4, 0
224522, 54912, 0
108757, 35918.8, 0
301254, 62669.6, 0
93012.8, 16202.2, 0
139109, 68246.7, 0
100132, 23365.1, 0
284897, 149547, 0
80050.5, 27474.8, 0
57808, 31385.1, 0
56789.4, 31839.7, 0
53253.6, 31600.4, 0
165795, 15667.2, 0
96555.8, 54452.8, 0
82326, 28965, 0
98345, 41007.2, 0
48471.5, 30407.3, 0
36880.8, 23281.9, 0
79299, 43523.1, 0
206545, 61596.5, 0
86520.5, 51646.1, 0
2377.16, 20251.4, 0
25043.6, 30729.8, 0
45189.8, 32058.2, 0
193263, 16814.6, 0
283734, 121496, 0
156712, 34723, 0
147793, 69992.8, 0
188761, 64735.7, 0
148847, 44752.4, 0
245472, 98763.8, 0
100284, 30521.2, 0
154583, 74378.5, 0
242667, 115347, 0
14164.5, 29739.5, 0
118804, 34016.7, 0
278536, 56774.6, 0
198930, 71568.9, 0
131007, 65670, 0
59358.5, 20869.1, 0
58843.8, 36336.4, 0
120243, 28345.4, 0
308239, 60307.4, 0
168455, 51501, 0
211855, 94455.9, 0
108777, 25849.9, 0
124179, 56236.9, 0
154098, 55173.4, 0
146321, 68739.5, 0
132204, 70743.8, 0
187239, 66206.9, 0
82806.9, 33521.2, 0
299174, 130324, 0
69344.9, 37535.4, 0
126348, 29125.8, 0
267564, 61214.8, 0
78787.6, 10700, 0
74309.6, 26202.5, 0
150143, 64678.5, 0
189577, 82133.5, 0
81275.9, 12937.9, 0
117339, 12048.6, 0
122465, 47249.3, 0
150160, 56740.8, 0
94112.8, 30527.6, 0
97807, 32508.2, 0
173328, 82928.8, 0
55325, 28979.4, 0
178741, 28046.6, 0
175405, 83598.1, 0
87194.2, 39092.4, 0
159154, 18253.1, 0
204396, 104028, 0
173235, 76688.7, 0
112569, 62599.4, 0
303379, 26075, 0
94807.5, 9298.13, 0
49664.4, 35612.7, 0
165023, 15437.8, 0
126102, 39296.8, 0
168010, 41331.1, 0
137793, 52371.1, 0
165496, 28874.7, 0
112972, 21582.1, 0
114161, 32736.9, 0
129514, 21117.7, 0
117619, 30719, 0
79511.5, 34278.1, 0
15172.5, 27477.9, 0
5443.63, 14357.3, 0
108914, 21581.3, 0
83294.8, 49612.7, 0
34020.3, 29854.5, 0
128154, 57440.7, 0
52060.6, 20166.1, 0
58761.8, 39856.9, 0
110448, 39729, 0
195679, 80842.5, 0
135180, 21437.1, 0
135132, 72743.3, 0
242524, 61286.4, 0
94728.3, 18690.4, 0
76801.4, 39997.3, 0
211006, 38093.5, 0
174282, 65575.2, 0
85458.8, 18963.3, 0
117613, 50781.2, 0
79864.1, 30369.1, 0
50928.5, 25341.6, 0
77592.2, 36675.3, 0
129342, 2813.87, 0
118590, 35370.6, 0
124825, 24301.2, 0
4810.99, 17287, 0
30891.6, 20009.3, 0
71034.6, 11799, 0
230471, 51895.8, 0
88392, 19419.9, 0
27354.3, 26499.1, 0
57950.3, 29169.9, 0
137993, 55194.8, 0
158902, 35751.3, 0
110773, 52060.3, 0
12378, 7512.92, 0
77473.8, 27447.3, 0
139437, 72601.1, 0
118842, 39286, 0
26380, 28372.7, 0
116758, 11179, 0
98708.8, 51815.3, 0
122370, 28704, 0
76100.7, 37787.8, 0
95305.3, 43195.8, 0
149232, 8524.34, 0
8162.11, 15868.3, 0
70455.2, 46094.5, 0
130908, 29104.6, 0
177674, 52177.3, 0
288942, 104553, 0
80308.1, 29526.9, 0
110423, 42393.5, 0
59046.2, 14475.8, 0
83730.7, 31791.4, 0
168707, 60698, 0
125159, 30986.6, 0
58407.2, 19494.8, 0
93693.9, 25862.7, 0
75777.7, 20799.8, 0
187858, 58870, 0
246159, 88538.5, 0
220083, 104239, 0
14449.6, 19095.1, 0
317004, 150726, 0
21848.9, 19521.2, 0
138671, 45860.3, 0
77415.6, 35832.6, 0
4178.74, 22872.9, 0
177742, 86983.2, 0
289751, 102718, 0
192786, 80240.5, 0
121133, 59994.7, 0
70429.8, 19289, 0
303520, 119156, 0
165196, 54030.3, 0
80869.9, 37950.7, 0
116368, 60377.3, 0
70531.6, 43545.7, 0
230747, 67178.8, 0
30917, 18143.2, 0
177188, 69879.1, 0
111336, 37926.4, 0
113405, 54047.3, 0
137421, 74710.8, 0
6817.58, 27629, 0
165529, 79812.6, 0
155465, 54170.8, 0
76968.1, 43834.2, 0
211552, 109900, 0
154773, 78536.6, 0
40177.1, 11524.9, 0
183959, 97170.2, 0
129701, 47422, 0
176315, 38822.6, 0
231462, 98235.9, 0
108971, 33406.8, 0
16793.1, 23901.8, 0
31530, 23142.6, 0
96721.9, 51388.5, 0
92900.7, 38029.3, 0
209068, 86968, 0
248788, 99610.1, 0
69835.9, 10912.6, 0
21479.5, 28148.2, 0
140453, 47543.6, 0
47153.4, 34506.4, 0
120066, 56443.8, 0
45517.5, 34459.1, 0
166494, 9139.23, 0
46559.3, 14521.6, 0
105185, 45236.6, 0
145226, 40780.6, 0
95550.1, 47363.6, 0
91928.7, 53074.1, 0
163183, 17504.7, 0
220652, 92478.5, 0
107546, 34957, 0
131963, 53260.4, 0
130040, 33759.9, 0
21268.1, 16996.2, 0
142571, 24772.2, 0
68511.1, 38663.3, 0
48606.9, 33286.9, 0
135026, 57779.3, 0
95437.1, 49776.2, 0
43159.5, 7110.32, 0
206776, 15851.1, 0
254770, 23381.3, 0
128146, 37058.4, 0
138800, 53019.3, 0
19874, 25792.4, 0
115915, 36195, 0
108185, 56736.9, 0
172763, 30810.9, 0
71076.2, 20703.2, 0
188156, 61367.9, 0
108908, 45631.3, 0
254656, 64517.2, 0
32309.4, 31656.9, 0
134327, 58723.4, 0
42282.2, 19772.4, 0
7355.15, 16167.1, 0
121703, 65012.6, 0
87133.8, 48555.7, 0
51502, 35131.8, 0
155312, 62586.9, 0
243297, 101057, 0
168340, 31314.6, 0
17200.4, 22076.6, 0
158194, 4517.62, 0
177849, 11526.9, 0
3248.01, 15187.3, 0
148978, 51136, 0
79383.1, 17550.3, 0
182970, 65008.5, 0
115493, 61795.9, 0
189265, 91612.8, 0
18703.3, 9952.21, 0
169639, 71510.8, 0
76733.8, 14959.4, 0
92506.4, 35086.8, 0
115246, 38374.8, 0
253075, 128169, 0
69882.2, 23413.5, 0
225071, 60096, 0
118409, 56523.6, 0
151761, 73409.8, 0
17232.1, 13000.9, 0
13985, 15071, 0
19923.7, 18808.5, 0
112882, 63252.7, 0
201705, 7048.9, 0
164430, 40718.4, 0
188358, 92433.9, 0
260104, 62876.4, 0
56928.8, 27405.3, 0
73201.1, 39477.4, 0
143406, 49579.5, 0
15460.6, 17581.5, 0
106727, 59351.4, 0
213718, 72578.1, 0
184024, 58941.3, 0
44888.4, 36540.8, 0
192169, 82915.8, 0
138701, 63601.9, 0
207709, 46615.5, 0
250173, 59193.5, 0
134052, 25682.8, 0
83108.9, 38500.9, 0
16723.3, 29934.8, 0
24311.8, 29843.6, 0
141948, 64226.1, 0
146178, 27079.5, 0
168036, 36796.5, 0
65729.2, 37763.4, 0
151352, 12568.3, 0
150363, 30369.6, 0
23108.2, 14706.5, 0
40366.6, 18317.9, 0
106587, 52665.4, 0
156024, 56620.4, 0
109058, 57323.3, 0
148255, 73175.7, 0
184738, 82817.4, 0
106401, 8914.26, 0
104003, 40187.7, 0
95731.9, 49696.7, 0
106084, 35862.4, 0
185872, 99452.5, 0
166198, 44577.4, 0
147072, 80965, 0
184144, 38561.2, 0
145124, 73474.2, 0
196511, 50471.9, 0
