79246.4, 42463.5, 0
126190, 79325.7, 0
124179, 83121.1, 0
173866, 56422.5, 0
126888, 20174.7, 0
52287.5, 35915.2, 0
56498.8, 37179.3, 0
32581, 21983.7, 0
194914, 126373, 0
182410, 60510.8, 0
194377, 83314.8, 0
181074, 110240, 0
99523.2, 30947.5, 0
165714, 39688.2, 0
204625, 107389, 0
83853.8, 26277.6, 0
138497, 85839.6, 0
305769, 84180.9, 0
127282, 89781.2, 0
120128, 84695.3, 0
176291, 81251.8, 0
125449, 72006.1, 0
195997, 49012.2, 0
167773, 99554.1, 0
166908, 76554.6, 0
173429, 84142, 0
126369, 65032.4, 0
83320.3, 58351.3, 0
93529.3, 48069.8, 0
141145, 53874.5, 0
33571.9, 23463.9, 0
147280, 63378.8, 0
263163, 112365, 0
190039, 134758, 0
179157, 114926, 0
112310, 13171.3, 0
226510, 144750, 0
203905, 43836.8, 0
100434, 36148.1, 0
129691, 58026.9, 0
200183, 78672, 0
87928.6, 29997, 0
91173.6, 35211.7, 0
115244, 73935.3, 0
88096, 32200.2, 0
84319.3, 56476.2, 0
234613, 66753.5, 0
135326, 95688, 0
78976.1, 10218.7, 0
125890, 70910.2, 0
106752, 31208.4, 0
143845, 55560.9, 0
177330, 123992, 0
89123.3, 24214.9, 0
291251, 118940, 0
189861, 85816.4, 0
99937.7, 71832.7, 0
173748, 105159, 0
119182, 65584.7, 0
149576, 93184.7, 0
166078, 4286.92, 0
185292, 43446.4, 0
231292, 65990.5, 0
129873, 63003.5, 0
201928, 108269, 0
148778, 33531.6, 0
197930, 81885.6, 0
212787, 93088.2, 0
154218, 89801, 0
112986, 32602.7, 0
63924.7, 33212.4, 0
105100, 68447.7, 0
133564, 83266.9, 0
83151.7, 48171.5, 0
143809, 76126.8, 0
160480, 28328.3, 0
209234, 135963, 0
168252, 60779.4, 0
122550, 87899.6, 0
53495.9, 17872.4, 0
80980.8, 42364.2, 0
86795.7, 46630.6, 0
149852, 107114, 0
171721, 48780.5, 0
72232.6, 22263.5, 0
177652, 48039.8, 0
160472, 60752, 0
109481, 22327.7, 0
99878.8, 42596, 0
148725, 81331.1, 0
236764, 79367.2, 0
107967, 63935.2, 0
107911, 74112.4, 0
239901, 29994.9, 0
59294.8, 35975.5, 0
162429, 111992, 0
85663.9, 13810.1, 0
109238, 67548.5, 0
163212, 32473.4, 0
346107, 45070.4, 0
57212.2, 34147.4, 0
147347, 32100.1, 0
166181, 98309.7, 0
164454, 59481.9, 0
108133, 70327.5, 0
113276, 40573.9, 0
152446, 72717, 0
147214, 72306.1, 0
184796, 126330, 0
103563, 35770.2, 0
147010, 62360.4, 0
175974, 103147, 0
109113, 48855, 0
138187, 26958.8, 0
126254, 67212.8, 0
109649, 65200.4, 0
129197, 49826.1, 0
175713, 68082.9, 0
120722, 59993.2, 0
135466, 52988.3, 0
280008, 137784, 0
235578, 146108, 0
171368, 94618.5, 0
120051, 67775.9, 0
109553, 57602.1, 0
172687, 45690.7, 0
118350, 40928.8, 0
90642.8, 63907.2, 0
224600, 40953.7, 0
151567, 92305.5, 0
217395, 32155, 0
136842, 49068.2, 0
143764, 74797, 0
130497, 86594.5, 0
106585, 70460.5, 0
136228, 21959, 0
158998, 58853.1, 0
147530, 21236.8, 0
101219, 65614.7, 0
108399, 52487.5, 0
180038, 122442, 0
151374, 41323.2, 0
81300.2, 57075.2, 0
141956, 70280.6, 0
181973, 111508, 0
109621, 52184.2, 0
167614, 42081.9, 0
119355, 35053.3, 0
129673, 81713.2, 0
130208, 31169.9, 0
63148.5, 26487, 0
204884, 68850.3, 0
134838, 40588.7, 0
79415.5, 27790, 0
88209.9, 61224.1, 0
79548.1, 31558.3, 0
147974, 76177.8, 0
202088, 42355.5, 0
129672, 48748.8, 0
149843, 82956.4, 0
142955, 50854.3, 0
36863.6, 10701.1, 0
152330, 74451.6, 0
82399.7, 39770.9, 0
125564, 43625.3, 0
173243, 14759.1, 0
105314, 52054.4, 0
106786, 70675.3, 0
58964.1, 15281.2, 0
149827, 34218.8, 0
73072.6, 20125.2, 0
95598.5, 21122.1, 0
113184, 49410.3, 0
65476.2, 15340.1, 0
135636, 97377.9, 0
94958.2, 36865.8, 0
273500, 132759, 0
100561, 67819.8, 0
126626, 65198.1, 0
52203.9, 30983.7, 0
147978, 65425.9, 0
85798.9, 30478.1, 0
80574.8, 34222.7, 0
170096, 121303, 0
229207, 82434.9, 0
78315.8, 47657.3, 0
192610, 67003.5, 0
134701, 35974.4, 0
184338, 58148.1, 0
190389, 102097, 0
76763.6, 25610, 0
65168, 30127.8, 0
100835, 3439.46, 0
52020.5, 22331.3, 0
131899, 15688.9, 0
77560.5, 31019.1, 0
434238, 102833, 0
175052, 60692.3, 0
232527, 59001, 0
120288, 37450.7, 0
103057, 30531.8, 0
102528, 54764.8, 0
76910.1, 31564.2, 0
174794, 116880, 0
161208, 44033.1, 0
104100, 49811.3, 0
161358, 114997, 0
137083, 51627.7, 0
69046.4, 42113.7, 0
203338, 32015.6, 0
147923, 69429.1, 0
155578, 47971.9, 0
84435.2, 47136.4, 0
88942.9, 49789.6, 0
135464, 91439.9, 0
74730.3, 27964.2, 0
107178, 49674.8, 0
224973, 116231, 0
105387, 43174, 0
218246, 105751, 0
266963, 69600.6, 0
172186, 90469.2, 0
200445, 107420, 0
35536.4, 25228.8, 0
114115, 74108.4, 0
61747.2, 20792.2, 0
127665, 72734.7, 0
194732, 100360, 0
71894.9, 35068.4, 0
46716.6, 8878.88, 0
204567, 133295, 0
176269, 64667.2, 0
79156.5, 38663.5, 0
205494, 20936.5, 0
232115, 122430, 0
235094, 133347, 0
23833.2, 16009.9, 0
97684.4, 58785.7, 0
94705.7, 42675.9, 0
99340.2, 46765.9, 0
72575.5, 16105.3, 0
91967.3, 42739.9, 0
192858, 70362.1, 0
197104, 129997, 0
127120, 46212.6, 0
221272, 124717, 0
120861, 47570.8, 0
73786.6, 34792.8, 0
117932, 14580.5, 0
173442, 98860.2, 0
229330, 119623, 0
74828.2, 42641.5, 0
106853, 61161.8, 0
292018, 119598, 0
174697, 78946.2, 0
139542, 82702.8, 0
145754, 26141.7, 0
241609, 52014, 0
169808, 85197.3, 0
122525, 21427, 0
241291, 94678.2, 0
178379, 52288.8, 0
200911, 104830, 0
10029, 6201.16, 0
106070, 44985.2, 0
153621, 42001.8, 0
149814, 90137.9, 0
145781, 77013.3, 0
220146, 83494.3, 0
148675, 83969.5, 0
261667, 116206, 0
247362, 83389.1, 0
166867, 83384, 0
163691, 41765.3, 0
95437.1, 56578.7, 0
205819, 91120.1, 0
238859, 103265, 0
161579, 75096.5, 0
92332.8, 26369.9, 0
251985, 67510, 0
137400, 88285.7, 0
76244.9, 50225.1, 0
57892.9, 23470.8, 0
195228, 81862.5, 0
300603, 139127, 0
126252, 51921.9, 0
129575, 77602.2, 0
96385.2, 69404.6, 0
140526, 24982.8, 0
178894, 117142, 0
169384, 114903, 0
154973, 86827.7, 0
179521, 72198.7, 0
175848, 64324, 0
127354, 26185.4, 0
258751, 40112.7, 0
115687, 66410.5, 0
138120, 63970.5, 0
198485, 9952.6, 0
129887, 17078, 0
40867.3, 24016.2, 0
76141, 4326.61, 0
146889, 81568.5, 0
142686, 98421.5, 0
68983, 41126.1, 0
253781, 51472.3, 0
130967, 25360.2, 0
108132, 53231.9, 0
125744, 53800.1, 0
152544, 53943.5, 0
95009.4, 40592.6, 0
166274, 88525.2, 0
232984, 123988, 0
107922, 55878.3, 0
169958, 103447, 0
238393, 61242.5, 0
210216, 108402, 0
201324, 95285, 0
219762, 136617, 0
232519, 36557.3, 0
150466, 93644, 0
185127, 106161, 0
175248, 41627.2, 0
224855, 143067, 0
223064, 127844, 0
58114.7, 18587.5, 0
118864, 22766.9, 0
143052, 75929, 0
28130.6, 9252.84, 0
156690, 82467.1, 0
200611, 123234, 0
165672, 66819.8, 0
139649, 71104.8, 0
141226, 57189.3, 0
171660, 53959, 0
140923, 69510, 0
204586, 121943, 0
98754.5, 46676, 0
279737, 200983, 0
241974, 129559, 0
141590, 53812, 0
70196.4, 17289.4, 0
49673.1, 32949.1, 0
137684, 11061.3, 0
264335, 51084.9, 0
166819, 25260.8, 0
119529, 50098.6, 0
159734, 93709.7, 0
199940, 39674.2, 0
81965.7, 13722.2, 0
164746, 27462.5, 0
116841, 64574.1, 0
130215, 66781.8, 0
120708, 73488.2, 0
166434, 2519.79, 0
95363.8, 53372.2, 0
63155.4, 37065.3, 0
277202, 135776, 0
182526, 120771, 0
58649.4, 36185.1, 0
128114, 36254.4, 0
120590, 77710.7, 0
39722.1, 27688.6, 0
121794, 36970.7, 0
67171.5, 31335.4, 0
122503, 53710.6, 0
75933, 37867.6, 0
127746, 55617.6, 0
217750, 154221, 0
192661, 128201, 0
75883.1, 43831.5, 0
144850, 102479, 0
27938.7, 5244.05, 0
79335, 54638.8, 0
164294, 74552.4, 0
91763, 45903.3, 0
104634, 54466.8, 0
80213.5, 13230.6, 0
152101, 46734.3, 0
67801.7, 17816.7, 0
159190, 40036.5, 0
67064.9, 14919.6, 0
206725, 18286.6, 0
167704, 50328.2, 0
170357, 43810.3, 0
225012, 14608.1, 0
215513, 94782.3, 0
190598, 24764.9, 0
84076, 34505.4, 0
62131, 16083.7, 0
139622, 76323.6, 0
139311, 58961.7, 0
122243, 60710.2, 0
119086, 14632.6, 0
133774, 52266.9, 0
91273.6, 35398.6, 0
196411, 116847, 0
149668, 103564, 0
87154.9, 50825.1, 0
179104, 78814.5, 0
225786, 48258.9, 0
236857, 125995, 0
78201.7, 23011.5, 0
87619.4, 13732.8, 0
56328.5, 15233.6, 0
113397, 62938.2, 0
100552, 65917.7, 0
133884, 54490.6, 0
74668.7, 36511.5, 0
134817, 34662.9, 0
127881, 89462.1, 0
65206.9, 20120.2, 0
156504, 96853.3, 0
196981, 26775.4, 0
89516.2, 12622.4, 0
157339, 22953.5, 0
113969, 65453.1, 0
71478.4, 20471.3, 0
277476, 59248, 0
197592, 93945.4, 0
231178, 65616.2, 0
101458, 48953.7, 0
161181, 115140, 0
50328.8, 5876.28, 0
206500, 82123.4, 0
71830.8, 35512.1, 0
132320, 63182.5, 0
122756, 37079.8, 0
129097, 32402.4, 0
224191, 95579, 0
89787.3, 60830.3, 0
13901.5, 7917.99, 0
109223, 40285.3, 0
81740.3, 36754.2, 0
173168, 51944.8, 0
219676, 74708, 0
235871, 31380.7, 0
60326.7, 17894.4, 0
101313, 52280.8, 0
202527, 127958, 0
115980, 36552.1, 0
107310, 50261.4, 0
171478, 37156.6, 0
192914, 83836.6, 0
190909, 112842, 0
137605, 87115.3, 0
275910, 56049.1, 0
330048, 79909.5, 0
87349, 52277.7, 0
44029.6, 24593.8, 0
101944, 63123.7, 0
229435, 111828, 0
173645, 63191.8, 0
225554, 146772, 0
141562, 65556.2, 0
179450, 128641, 0
170576, 41084.2, 0
143761, 52654.1, 0
59918.6, 23449.8, 0
101127, 45414.9, 0
145724, 87954.1, 0
152473, 74369.4, 0
58227.9, 14880.6, 0
195098, 64061.7, 0
177810, 91667.5, 0
148607, 92286.4, 0
226577, 66466.1, 0
214933, 132155, 0
174888, 61018.9, 0
112213, 24167, 0
202445, 70191, 0
80276.1, 18414.4, 0
112882, 50729.9, 0
196958, 18690.4, 0
218777, 102670, 0
146935, 54214.3, 0
168058, 119292, 0
65172, 40363.7, 0
108750, 57567.4, 0
117887, 55935.4, 0
93151.9, 23134.3, 0
166854, 107720, 0
110389, 78690.4, 0
102063, 17618, 0
256772, 58731.1, 0
93078.5, 58317.1, 0
211168, 137276, 0
166602, 101016, 0
195755, 99591.2, 0
47200.7, 18485.1, 0
193289, 4939.73, 0
186910, 131111, 0
79242.7, 14060.8, 0
198960, 88080.2, 0
58869.1, 36091.4, 0
104660, 63963.2, 0
136329, 83592.1, 0
168880, 75953.4, 0
304466, 124337, 0
77905.6, 39514.4, 0
256703, 47180.5, 0
165330, 85471.4, 0
115730, 58179.4, 0
159210, 76206.9, 0
231028, 95950.9, 0
113453, 56403.6, 0
164575, 72478.3, 0
66093.8, 37770.2, 0
104589, 18253.1, 0
134649, 71308.5, 0
163030, 22731, 0
169684, 69397.9, 0
23248.6, 7509.13, 0
33876.4, 15299, 0
103843, 42219.4, 0
180148, 129434, 0
32813.4, 10816.2, 0
144538, 73891.1, 0
211860, 68617.8, 0
130787, 60425.8, 0
55536.3, 25084.7, 0
55528.5, 27944.6, 0
298154, 82098.1, 0
105115, 29435, 0
43139.9, 3457.95, 0
91169.1, 11542.7, 0
152807, 30265.9, 0
201573, 30660.4, 0
86060.4, 30433.7, 0
56218.3, 22946.8, 0
127099, 2808.67, 0
275891, 62844.5, 0
86421.3, 19242.8, 0
68003.5, 33946.3, 0
105211, 20044.6, 0
104959, 39053.4, 0
118065, 7908.06, 0
102630, 28156.9, 0
175028, 69917.7, 0
210155, 90352.9, 0
207759, 67189.6, 0
26008.9, 17116.4, 0
146585, 86212.1, 0
160822, 81417.5, 0
202330, 15336.9, 0
116430, 77044.2, 0
123151, 38484.1, 0
152657, 53941.2, 0
139913, 89096.3, 0
140183, 84995.8, 0
79106.3, 39967.2, 0
124453, 58301.1, 0
67488.6, 34320, 0
224614, 99553.4, 0
108733, 44097.1, 0
99729.2, 58520.2, 0
30065.1, 15427.3, 0
71410.6, 45169.7, 0
140299, 66763.6, 0
125487, 55850.8, 0
109966, 71664.2, 0
82920.5, 53539.3, 0
45909.8, 29561.6, 0
128862, 79188.5, 0
157134, 88605.5, 0
170103, 84246.2, 0
50197, 27791.1, 0
224241, 130997, 0
128720, 74785.1, 0
165395, 48573.4, 0
163732, 106111, 0
175842, 121514, 0
164700, 90769.4, 0
200261, 112047, 0
50480.6, 31715.4, 0
142857, 71053.5, 0
132230, 81928.7, 0
147943, 21730.5, 0
105513, 63524.6, 0
125293, 61016.5, 0
220414, 103286, 0
170761, 5863.48, 0
89992.5, 58177.6, 0
170491, 70631.8, 0
108386, 55013.6, 0
170307, 21683, 0
54215.2, 34379.2, 0
115449, 47979.5, 0
198734, 106750, 0
232115, 57610.9, 0
129206, 71480.3, 0
102398, 49914.3, 0
122933, 64277.5, 0
129072, 85175.3, 0
71670.1, 22618.2, 0
120918, 76739.2, 0
243591, 110699, 0
129661, 64528.7, 0
48181.7, 25107.6, 0
171964, 112556, 0
227444, 28003.3, 0
190871, 58937.2, 0
145521, 27728.1, 0
110424, 30027.2, 0
108921, 51320.2, 0
108551, 61437.3, 0
61536.2, 41316.6, 0
191987, 41417.9, 0
161824, 101551, 0
222336, 45335, 0
127008, 88995, 0
78721.2, 53733.3, 0
232311, 146772, 0
179840, 24987.5, 0
130554, 46424.9, 0
269753, 190324, 0
115493, 28535.5, 0
180650, 45504.2, 0
106999, 38053, 0
207020, 93720.7, 0
143606, 61714.8, 0
200810, 33821.7, 0
45341, 17516.5, 0
123382, 76117.3, 0
175903, 104813, 0
228989, 138618, 0
127674, 58379.4, 0
184843, 108189, 0
100163, 44000.8, 0
255995, 82978.8, 0
138779, 43034.5, 0
177247, 76020.1, 0
199590, 92950.2, 0
135584, 66267, 0
264053, 87654.7, 0
98394.9, 48036.7, 0
217263, 123730, 0
168932, 12468.1, 0
214198, 97834.5, 0
189319, 118614, 0
50522.2, 21664.1, 0
76894.9, 51461.8, 0
67189.2, 43777.8, 0
169157, 75131.5, 0
209353, 31261.6, 0
112263, 20884.1, 0
73900.2, 45849.3, 0
118402, 56658.3, 0
76966.4, 10554.3, 0
74029.1, 46377.4, 0
112727, 39329.2, 0
178723, 92293.9, 0
260615, 88407.3, 0
210859, 104912, 0
104822, 65978.1, 0
98238.2, 61589.4, 0
95138.7, 59613.2, 0
135673, 15475.6, 0
88300.1, 44110.3, 0
149200, 12552.3, 0
72211.6, 46231.7, 0
99124.8, 31436.3, 0
56372.5, 31658.1, 0
99205.1, 46223.4, 0
84495.7, 49881.6, 0
101278, 33939.3, 0
122156, 28598.6, 0
44523.7, 27540, 0
110708, 30741.2, 0
130836, 64444.3, 0
260295, 87247.4, 0
56864.2, 32885.1, 0
157281, 98597.8, 0
137747, 75146.3, 0
177754, 79066.1, 0
182101, 98823, 0
338076, 60569.4, 0
135627, 66887.3, 0
62828.3, 36810.1, 0
167275, 81280, 0
189295, 116702, 0
176547, 38313.7, 0
83563.5, 49643.9, 0
180002, 111144, 0
194122, 79935.7, 0
108395, 41656.6, 0
71457.7, 37746.2, 0
38704.5, 21481, 0
143161, 80280.8, 0
117005, 32093.1, 0
144642, 53095.4, 0
63968.7, 35857.1, 0
140821, 36501.4, 0
126695, 84442, 0
55590.4, 36156.6, 0
232192, 38749.6, 0
155369, 23613, 0
162995, 78919, 0
103154, 32677.2, 0
179205, 67870.2, 0
85484.7, 53951, 0
232361, 51698.8, 0
72787, 21012.3, 0
183563, 40007.4, 0
160561, 74287.4, 0
145446, 58039.7, 0
60622.2, 5846.06, 0
141919, 59614, 0
88360.3, 26564.8, 0
158981, 113488, 0
122283, 54353.8, 0
171293, 68080.5, 0
86912.9, 50186.1, 0
122352, 37875.7, 0
50980.5, 23112.4, 0
120220, 85497.4, 0
184745, 109248, 0
156023, 42447, 0
165524, 99019.8, 0
116911, 77707, 0
291010, 111538, 0
247882, 53919, 0
107788, 19452.2, 0
166668, 33378.2, 0
203472, 134253, 0
110383, 69757.5, 0
89314.4, 22505.3, 0
311511, 91497, 0
96202.6, 66110.7, 0
115596, 80663.7, 0
153048, 60392.8, 0
60532.9, 26114.4, 0
25908.2, 5745.42, 0
110549, 41244.9, 0
218456, 37476.3, 0
90772.9, 43621.2, 0
156633, 36396.1, 0
197261, 77670, 0
242117, 42688, 0
162445, 107853, 0
113837, 44272.3, 0
81633.2, 41052.7, 0
92620.2, 59805.3, 0
125776, 64190.6, 0
143226, 80471.1, 0
135384, 79218.8, 0
168602, 25559.6, 0
116452, 73553.7, 0
161177, 74199.7, 0
96504.3, 22616.4, 0
167300, 37996.5, 0
205785, 42504.1, 0
41472, 17462.7, 0
190191, 36807.9, 0
42978.4, 28057.2, 0
99063.3, 67945.7, 0
161556, 112073, 0
105020, 30486.2, 0
222536, 129322, 0
200254, 132682, 0
83970.6, 58940.3, 0
55770.4, 35977, 0
98474.1, 42617.2, 0
130221, 58852.4, 0
262269, 59349.1, 0
212000, 67631.8, 0
336126, 148463, 0
195833, 82158.7, 0
99911.9, 64003.4, 0
84589, 46735.1, 0
223878, 103099, 0
259117, 150570, 0
123005, 39885.4, 0
99166.6, 35857.6, 0
126933, 73747.2, 0
122920, 87889.2, 0
210086, 151271, 0
154711, 80448.5, 0
86702.7, 37568.3, 0
51286.4, 28154.4, 0
154279, 47074.7, 0
118953, 4273.2, 0
102640, 60606.2, 0
256900, 176550, 0
121466, 47473.8, 0
97993.6, 20961.1, 0
91615.8, 31195.1, 0
167192, 119644, 0
78873.4, 56706.1, 0
189547, 72973.9, 0
35411.5, 16682, 0
239356, 82169.3, 0
275191, 98086.2, 0
115556, 61494.1, 0
139682, 81582.6, 0
178386, 42157.3, 0
118693, 41711, 0
203784, 122811, 0
199466, 84221.1, 0
72878, 30492.5, 0
126653, 32715.3, 0
128849, 53734.3, 0
65684.5, 40034.5, 0
208627, 52325.8, 0
98092.3, 53400.3, 0
189671, 66453.2, 0
70643.1, 29828.2, 0
134537, 46761.6, 0
94289.1, 38220, 0
197706, 44876.1, 0
169606, 43816.1, 0
168847, 17647, 0
163148, 49852.4, 0
202149, 86420.5, 0
164907, 65829.9, 0
141244, 23894.8, 0
165270, 118888, 0
232566, 73223, 0
93431.8, 52000.5, 0
134249, 89239.1, 0
139863, 82369.9, 0
146966, 73492.3, 0
191478, 94517.7, 0
152603, 28386.5, 0
274468, 31904.8, 0
87250.2, 35422.2, 0
117268, 15308, 0
128276, 31633.9, 0
177164, 84764.1, 0
152155, 69691.6, 0
170685, 18194.4, 0
144618, 57969.6, 0
184101, 96647.3, 0
114737, 32611.6, 0
140904, 18317.1, 0
134015, 90361.7, 0
300751, 56145.7, 0
155344, 89229.8, 0
121830, 75569.7, 0
76334.8, 35787.5, 0
170700, 114135, 0
175610, 80484.8, 0
112799, 28519.4, 0
153492, 38500.3, 0
159967, 56198.1, 0
164711, 110271, 0
93448.9, 50040.2, 0
257002, 90621.7, 0
65553.8, 9534.26, 0
52859.6, 31731.4, 0
95165, 33787.9, 0
161768, 45899.6, 0
53675.7, 20985.3, 0
186086, 83941.4, 0
140913, 78035, 0
153198, 11832.4, 0
134426, 79013.9, 0
174364, 66891.7, 0
177208, 58469.8, 0
116477, 49494.3, 0
65553.3, 16767.3, 0
188831, 108547, 0
121592, 39628.6, 0
227377, 62078.6, 0
96514.9, 22875.6, 0
107642, 55491.2, 0
69475.8, 24930, 0
101769, 47827, 0
115699, 28985.6, 0
68098.8, 48913.6, 0
92324.8, 57566, 0
160432, 86141.8, 0
90632.7, 39722.5, 0
175701, 122429, 0
92422.3, 52857.8, 0
78721.1, 23779.8, 0
41515.7, 19791.6, 0
170799, 36303.3, 0
196655, 75720.6, 0
154978, 48879, 0
251593, 159448, 0
115554, 64920.4, 0
162213, 82383.3, 0
98372.3, 47207.6, 0
228756, 76005.9, 0
113961, 47315.5, 0
60612, 21985.8, 0
241326, 151517, 0
133682, 49652.8, 0
170042, 97664, 0
28164, 6598.66, 0
52761.6, 11155.8, 0
111224, 56877.6, 0
151784, 79032.6, 0
101035, 44077.1, 0
121296, 54896.5, 0
207823, 146285, 0
108502, 66842.7, 0
76145.6, 28573.8, 0
82818.9, 50236.7, 0
206760, 102577, 0
141062, 39877, 0
138408, 78570, 0
118542, 43505.1, 0
124836, 86430.8, 0
157082, 42039.6, 0
98354.8, 60230.7, 0
145725, 74911.9, 0
166625, 26817, 0
267787, 54006, 0
200357, 67677.5, 0
167193, 85988.7, 0
158015, 32832.9, 0
36534.8, 14756, 0
179755, 52443.1, 0
216884, 78884, 0
109762, 26120.8, 0
194693, 40329.3, 0
221978, 48173.4, 0
85595.2, 48653.8, 0
116202, 80129.7, 0
74502.6, 44802, 0
121649, 79376.8, 0
35206.8, 9620.4, 0
82358.3, 12440.4, 0
136340, 51814.1, 0
113720, 68557.7, 0
191323, 103034, 0
98777.6, 69339, 0
137426, 64494.8, 0
116334, 20783.3, 0
165400, 51074.3, 0
75696.1, 33190.4, 0
176816, 60955.9, 0
107228, 56794.7, 0
104276, 66362.5, 0
149692, 83350.5, 0
150692, 73033.7, 0
50299.3, 23178.1, 0
103959, 72744.4, 0
237970, 76841.3, 0
216416, 133276, 0
127448, 78285.5, 0
126577, 68681.4, 0
245875, 89481, 0
125215, 75086.8, 0
246930, 153190, 0
170818, 104877, 0
160471, 70657.8, 0
61865.5, 22906.4, 0
59497, 40944.4, 0
171052, 89962.7, 0
76601.8, 46504.2, 0
113767, 67719.4, 0
174083, 117679, 0
102382, 52449.3, 0
233183, 86328.6, 0
134666, 78943.4, 0
118031, 75571.9, 0
92662.5, 41327.6, 0
160876, 63288.6, 0
130167, 59530.4, 0
117035, 51024, 0
189503, 125753, 0
247793, 86080.9, 0
155041, 93111.8, 0
120555, 42906, 0
177259, 62697.2, 0
57583, 21836.8, 0
155883, 72373, 0
190511, 40240.2, 0
87839.5, 34929.8, 0
126805, 64115.2, 0
101590, 67711.3, 0
9804.45, 6157.92, 0
205103, 100762, 0
62667.4, 26053.1, 0
125144, 45243.8, 0
196960, 127528, 0
73900.8, 45432, 0
174487, 98317.3, 0
155213, 105754, 0
213166, 15467.8, 0
119127, 83356.3, 0
132008, 86522.1, 0
97551, 60359.9, 0
208122, 138323, 0
149054, 52920.4, 0
67758, 35413.4, 0
88404, 15347.3, 0
134059, 30642.4, 0
150456, 98786.2, 0
149241, 40641.5, 0
213669, 40871.9, 0
52679.5, 27076.4, 0
173373, 88639.5, 0
101510, 38771.9, 0
218676, 85353, 0
70425.3, 28929.1, 0
114750, 67868.7, 0
193086, 111119, 0
157091, 50162.1, 0
70104.4, 47352.2, 0
96808.7, 34821.7, 0
76815.4, 38000.1, 0
125151, 70412.2, 0
80080.9, 53261.3, 0
341325, 91662, 0
172249, 105988, 0
158486, 72777.5, 0
73612.7, 25767.4, 0
166431, 43549.6, 0
96611.2, 65421.7, 0
147799, 83341.1, 0
49008.1, 4351.05, 0
133792, 80701.3, 0
127440, 65420.1, 0
186418, 64992.8, 0
96073.7, 37578.9, 0
85240.3, 31223.4, 0
164496, 45667.6, 0
128506, 27547.4, 0
152457, 100081, 0
165837, 60427.6, 0
233769, 77016.1, 0
69083.8, 17905.3, 0
99384.6, 23388.1, 0
68833.9, 47827.6, 0
155703, 23578.5, 0
34027.5, 8449.43, 0
88887.9, 50781.7, 0
160622, 92259.8, 0
278037, 85506.1, 0
123736, 71383.9, 0
183924, 24121.1, 0
164674, 96825.6, 0
119370, 76982.7, 0
209884, 112240, 0
100016, 59486.2, 0
43662.7, 19584.9, 0
73318.5, 36770.5, 0
69362, 26300.5, 0
190340, 12868.4, 0
146390, 85923.6, 0
102592, 64672.8, 0
289037, 53807.8, 0
59140, 35410.1, 0
91374.9, 45710.5, 0
67034.7, 28868.5, 0
83050.3, 33810.2, 0
159556, 89564.9, 0
184927, 55744.5, 0
65421.7, 38428.1, 0
122188, 20460, 0
283842, 134677, 0
84817.2, 41589.2, 0
110314, 36805.7, 0
145221, 76031.8, 0
93124.6, 44554.6, 0
158809, 103279, 0
100349, 63114.7, 0
74110.2, 48707, 0
168252, 64727.8, 0
115538, 22441.3, 0
139786, 98563.5, 0
122959, 43200.6, 0
162065, 70666.8, 0
112454, 70411.7, 0
114259, 46702.2, 0
135336, 58780.6, 0
160761, 65792.7, 0
200385, 81541.5, 0
200468, 103941, 0
248616, 65869.5, 0
290112, 167745, 0
127795, 47532.3, 0
155278, 40549.3, 0
147415, 98468.2, 0
66383.2, 43011.9, 0
189997, 69870.2, 0
78954.6, 45882.9, 0
45250.8, 12872, 0
166869, 40193.9, 0
146261, 92824, 0
154926, 68726, 0
94852, 11579.4, 0
133779, 36780.6, 0
100141, 63547.9, 0
270627, 134528, 0
166341, 58625.9, 0
42632.6, 30292.1, 0
154827, 92195.8, 0
157461, 75931.9, 0
112421, 77181.3, 0
224860, 90227.4, 0
141630, 69696.1, 0
294924, 51955, 0
56651.9, 19430.6, 0
153602, 98404.1, 0
179177, 103476, 0
119991, 84312.9, 0
127031, 33227.2, 0
137193, 76031.6, 0
149863, 81097.1, 0
100239, 60510.2, 0
136327, 29734.6, 0
84949.7, 37203.9, 0
160226, 98806.7, 0
132217, 27952.1, 0
77310.3, 28418.7, 0
71781.5, 9814.17, 0
82037.5, 15701.7, 0
130103, 66657.5, 0
151713, 57429, 0
127400, 64348.6, 0
91090.2, 64402.5, 0
163397, 112923, 0
136048, 70655.9, 0
146743, 91944.2, 0
106898, 64826.9, 0
139572, 28465.2, 0
50723.6, 4683.28, 0
246743, 119640, 0
170839, 39761.3, 0
248490, 68982.5, 0
120099, 16067.3, 0
179320, 91168.6, 0
122385, 61633.9, 0
193254, 105401, 0
133529, 53670.6, 0
111472, 37534.3, 0
83533.2, 53656.8, 0
96818.8, 65758.2, 0
178543, 70732.2, 0
218673, 108269, 0
217304, 90773, 0
205805, 112858, 0
49355.8, 26459.2, 0
128555, 28673.7, 0
161558, 92563.6, 0
128027, 14530.6, 0
172799, 93384, 0
87000.6, 61591.8, 0
143823, 47873.7, 0
144623, 74433.1, 0
120355, 64558.5, 0
70967.8, 47905.2, 0
199593, 121115, 0
203123, 120792, 0
97589.6, 59364.4, 0
144257, 83973.5, 0
187319, 35436.7, 0
215466, 51106.2, 0
230257, 96728.6, 0
158441, 106969, 0
152270, 77498.2, 0
197057, 57576.9, 0
109332, 54820.4, 0
65478.2, 22975.3, 0
249237, 3089.74, 0
99827.8, 53165, 0
56306.3, 22367.6, 0
132882, 50696.3, 0
88239.8, 40188.1, 0
114928, 67052.7, 0
288192, 67658.2, 0
162756, 83605.1, 0
179343, 105125, 0
79572.5, 47597.5, 0
107906, 76216.6, 0
134896, 58850.1, 0
175835, 100677, 0
76064.5, 45592.1, 0
92848.8, 8715.78, 0
190601, 22447.3, 0
83345.8, 38190.2, 0
115939, 25577.8, 0
157994, 71557.9, 0
122292, 43628.3, 0
109317, 41978.2, 0
269326, 34398.6, 0
135148, 47060.6, 0
72768.5, 19093.3, 0
114055, 54608, 0
182953, 115382, 0
50483.4, 35061.3, 0
125046, 80164.1, 0
69814.8, 43448.1, 0
92036.1, 54737.7, 0
80272, 52623.6, 0
253039, 150189, 0
145224, 100523, 0
163790, 81434.7, 0
100315, 34020.4, 0
213876, 77726.3, 0
123658, 62024.1, 0
172359, 47389.1, 0
100185, 49092.8, 0
100160, 62835.8, 0
40080.1, 8733.54, 0
100793, 69956.1, 0
162969, 79808.9, 0
201451, 132320, 0
102751, 27104, 0
117566, 47264.9, 0
158619, 92555.5, 0
38901.6, 17259.9, 0
54019.3, 37702.9, 0
75666, 19791.4, 0
316219, 79063, 0
159700, 34219.6, 0
143948, 72840.3, 0
141797, 58742, 0
43411.6, 23415, 0
94135.8, 45309, 0
81274.9, 46559, 0
152518, 97896.9, 0
253363, 96163, 0
43272.6, 29107.8, 0
220013, 36257.5, 0
178082, 41488.6, 0
69590, 39821.1, 0
138470, 43722.4, 0
109390, 69185.8, 0
71265.2, 34797.4, 0
99021.2, 65138.9, 0
255992, 56246.4, 0
43097.9, 19432.7, 0
195016, 35581.2, 0
54524, 5535.05, 0
152642, 61936.6, 0
188910, 81393.8, 0
179241, 33792.2, 0
80666.6, 26933.2, 0
85937.1, 53751.8, 0
144188, 91168.8, 0
15255.4, 6586.47, 0
126449, 69908.4, 0
170379, 24184.3, 0
245299, 83745.6, 0
80507.8, 26876.2, 0
44358, 27964, 0
178896, 73011, 0
42261.7, 13687.5, 0
168197, 120394, 0
207733, 80845.4, 0
79002.8, 41406.3, 0
142247, 50712.3, 0
167118, 98775.3, 0
97298, 44139.4, 0
135893, 59596.3, 0
119728, 75235.2, 0
125196, 52656.6, 0
41268.9, 9150.34, 0
253858, 161830, 0
255371, 70685.9, 0
167324, 78258.1, 0
148549, 98119.1, 0
139426, 43855.1, 0
173046, 54538.6, 0
179858, 128195, 0
108828, 68655.8, 0
238364, 26637.1, 0
246058, 72833.3, 0
129091, 52398.4, 0
214879, 105130, 0
292985, 45212.4, 0
59778, 37842.5, 0
104986, 60626.7, 0
228698, 79200.8, 0
69229.9, 47752, 0
50980.5, 26329.2, 0
69900.7, 34619.8, 0
114058, 44321, 0
120916, 54243.8, 0
106271, 49441.2, 0
50244.9, 17234, 0
50926.3, 33019.6, 0
148934, 59207.7, 0
154362, 40316.7, 0
98800.6, 37438.5, 0
121202, 80622.4, 0
195873, 37910.2, 0
117642, 49335.5, 0
197660, 77128.2, 0
204356, 72500.1, 0
163642, 91182.4, 0
106441, 24626.2, 0
75520.2, 41511.5, 0
93401.3, 59435.9, 0
151219, 69864.2, 0
170629, 109333, 0
193761, 124851, 0
194302, 88078.6, 0
171377, 119785, 0
98976.1, 9152.94, 0
109575, 73845.1, 0
157329, 70272.4, 0
87742.9, 17043.4, 0
48757.8, 22967.8, 0
195736, 36535.8, 0
162131, 104686, 0
158613, 67399, 0
88430.6, 61608.7, 0
64131.5, 32482.8, 0
168197, 101500, 0
163184, 103792, 0
71960, 37456.6, 0
256998, 39562, 0
89431.7, 51303.7, 0
120418, 74599.1, 0
152009, 30656.9, 0
256891, 80472.7, 0
177355, 124855, 0
147769, 81247.7, 0
96904.5, 50537.4, 0
149399, 90639.6, 0
122168, 7294.57, 0
184434, 30712.3, 0
225923, 126278, 0
70946.1, 10597.3, 0
62074, 32299.1, 0
102091, 23054.2, 0
188904, 69898.4, 0
69409.5, 45279.7, 0
133168, 74003.4, 0
109660, 71405.4, 0
276211, 116369, 0
135120, 28916.2, 0
242699, 139512, 0
141970, 82757.2, 0
179691, 102117, 0
46457, 11591.3, 0
93192.3, 48991.8, 0
116725, 53895.7, 0
127780, 78785.2, 0
128733, 72283.7, 0
127200, 73229.1, 0
126818, 50145.4, 0
160925, 87955.4, 0
36491.7, 23953.1, 0
221638, 101436, 0
232044, 97283.7, 0
80577.4, 28564.9, 0
104098, 74790.3, 0
155274, 110526, 0
149764, 78414.5, 0
95826.9, 66007.5, 0
190317, 111265, 0
107014, 6744.19, 0
118911, 49719.3, 0
221289, 31254.7, 0
151271, 64648.8, 0
148001, 89981.7, 0
213065, 41171.2, 0
188590, 85186.1, 0
269542, 53089, 0
214686, 26623.3, 0
143761, 70406.8, 0
233351, 118288, 0
143697, 51223.2, 0
95845.4, 59520.7, 0
115462, 40499.8, 0
148814, 77711, 0
38213.1, 21607.9, 0
181167, 112811, 0
188571, 3052.77, 0
170702, 70958.5, 0
42962.7, 30023.2, 0
158703, 90830.4, 0
194379, 78347.3, 0
280480, 131726, 0
125760, 87137.5, 0
230135, 148395, 0
164807, 49675.9, 0
117633, 39556.6, 0
158426, 55699.9, 0
180800, 70686.8, 0
223952, 81001.6, 0
207715, 139355, 0
139439, 55813.6, 0
137721, 60976.5, 0
58377.1, 39735.3, 0
111408, 73638.3, 0
212427, 104379, 0
135654, 92508.1, 0
121875, 48974.9, 0
160769, 42494.7, 0
207245, 116420, 0
233529, 151893, 0
49069.3, 28484.1, 0
81664.1, 56603.8, 0
258868, 159416, 0
156664, 96124, 0
94760, 33246.2, 0
92251.6, 44815.4, 0
182086, 38236.5, 0
194809, 48470, 0
88033.1, 27489.7, 0
72879.6, 50686.2, 0
116491, 79742.1, 0
156732, 99493.5, 0
138171, 11799, 0
207374, 97723.2, 0
114864, 74964.7, 0
240979, 49758.1, 0
70284.7, 45762.7, 0
171405, 82674.2, 0
130330, 89697.1, 0
247963, 64659.6, 0
146998, 2997.46, 0
72072, 14107.4, 0
225219, 149922, 0
198175, 36169.3, 0
209227, 79609.5, 0
141629, 55401.1, 0
86022.3, 60810.1, 0
214208, 89795.6, 0
191156, 123526, 0
95306.9, 55381.7, 0
32493.8, 16394.7, 0
83494.4, 47914.1, 0
56947.9, 26882.6, 0
174726, 56862.1, 0
140414, 71337, 0
149990, 62336.5, 0
235933, 85361.2, 0
158959, 97582.8, 0
183797, 105582, 0
240579, 118241, 0
103994, 46199.7, 0
142421, 92004.6, 0
45434.2, 17710, 0
226456, 119091, 0
171468, 60140.6, 0
206990, 148119, 0
234182, 60214.5, 0
103746, 69139.2, 0
91463, 14982.2, 0
141440, 15472.7, 0
136996, 49880.7, 0
114372, 65931.5, 0
192699, 111086, 0
176860, 125635, 0
53962.1, 20431, 0
163366, 83010.3, 0
149316, 74951, 0
178404, 74050.6, 0
71036.8, 21220, 0
111334, 18458.7, 0
71439.2, 29616.1, 0
148447, 53229.3, 0
139507, 66548.5, 0
163146, 94182.9, 0
69022.6, 13099.9, 0
241148, 119707, 0
181840, 47002.2, 0
127528, 71023.2, 0
148749, 83622.4, 0
126050, 59845.3, 0
107492, 36522.5, 0
78706.7, 47929, 0
41740.9, 25132.6, 0
93440.3, 49605.9, 0
99561.6, 64140.2, 0
147029, 90972.2, 0
57741.2, 26821.1, 0
140837, 70095.8, 0
240632, 88618.1, 0
123214, 70428.5, 0
124678, 82646.1, 0
209154, 81972.6, 0
62507.5, 36577, 0
92109.8, 53296.2, 0
115098, 82460.8, 0
109197, 20204.9, 0
70359.4, 49163, 0
161660, 108166, 0
130523, 39127, 0
153912, 63234.5, 0
61012.4, 34848.8, 0
126054, 37967.1, 0
109365, 60290.1, 0
75506, 6422.86, 0
109487, 73901.8, 0
222631, 77096.7, 0
129681, 87525.2, 0
110317, 19610.6, 0
96280.6, 37868.8, 0
116453, 68187.2, 0
124329, 53805, 0
62519, 20813, 0
193959, 68604.6, 0
130303, 2647.42, 0
218159, 65421.1, 0
114097, 53199.1, 0
146365, 78030.8, 0
159774, 89278.8, 0
105756, 69871, 0
71755, 36328.9, 0
177310, 114782, 0
70195.1, 47447.4, 0
133727, 36384.1, 0
72461.4, 46819.4, 0
154185, 47759.8, 0
137364, 64499.2, 0
70892.6, 9865.05, 0
162067, 111244, 0
168022, 91276, 0
122063, 27295.7, 0
61694.3, 27385.5, 0
46510.4, 13690.5, 0
91018.5, 60369.2, 0
185668, 63169.2, 0
137800, 68038.6, 0
197603, 138619, 0
266119, 136493, 0
123535, 56976.6, 0
127370, 50109.1, 0
195589, 130077, 0
162360, 60866.9, 0
109523, 46050.2, 0
198690, 106904, 0
225369, 81325.5, 0
88968.8, 44423.5, 0
68751.9, 25293.1, 0
166557, 103396, 0
199881, 126984, 0
64567.9, 16742.4, 0
95303.6, 18349.4, 0
80183.8, 55697.3, 0
218725, 47766.9, 0
117615, 64632, 0
248142, 162507, 0
128248, 81306.4, 0
56526.2, 28759.1, 0
102840, 41580.4, 0
206877, 38551, 0
57224.1, 27736, 0
152375, 84786.8, 0
112679, 71931.4, 0
163125, 113875, 0
107533, 44263.6, 0
97308.9, 31599.8, 0
225586, 107355, 0
91775.9, 13727, 0
160250, 38721.8, 0
33273.5, 22453.9, 0
78334.3, 43930.8, 0
96609, 25469.9, 0
142260, 94286.9, 0
252985, 29878.8, 0
203597, 57057.4, 0
115886, 79039.6, 0
243597, 89795.5, 0
55624, 39578.1, 0
211963, 111470, 0
106780, 42062.9, 0
82210.3, 26199.6, 0
182510, 52321.4, 0
189985, 84326.2, 0
138958, 55745.7, 0
153598, 71869.8, 0
74216.3, 25066.6, 0
164563, 15175, 0
240720, 98999.6, 0
161548, 66589, 0
41791.9, 27819.4, 0
78743.9, 33064.3, 0
150532, 24663.1, 0
159932, 72920.9, 0
176440, 56463.4, 0
174657, 100675, 0
148600, 48446.2, 0
127066, 30883.4, 0
221460, 63382.3, 0
70035, 45220.4, 0
223051, 128389, 0
124402, 74041, 0
177579, 123654, 0
79120.4, 53220.7, 0
136400, 48042.2, 0
56281.5, 20060.5, 0
131413, 65070.1, 0
290157, 25623.2, 0
133553, 74764.1, 0
209076, 92404.3, 0
116439, 32650.7, 0
115767, 65662.5, 0
222465, 65878.9, 0
142755, 52257.4, 0
142206, 96857.3, 0
159397, 27183.5, 0
176609, 103162, 0
18073.7, 8421.91, 0
159628, 18892.9, 0
245701, 127382, 0
185380, 132584, 0
79486.2, 33367.3, 0
76163.5, 36620.3, 0
191626, 128244, 0
160403, 51568.3, 0
73456.9, 31386.2, 0
96707.4, 36945.8, 0
244084, 150839, 0
206943, 107547, 0
234047, 159196, 0
48549.8, 25901.2, 0
105573, 40868.6, 0
319581, 118664, 0
120766, 28232, 0
37382.2, 19893.3, 0
101595, 6157.78, 0
167757, 66993.9, 0
145572, 49153, 0
94308, 14591.2, 0
93321, 30311.8, 0
61170.5, 5009.2, 0
218585, 136504, 0
221912, 38504.4, 0
89511.6, 48043.4, 0
97076.5, 48530.4, 0
158686, 32813.3, 0
80640.2, 51004.3, 0
122516, 49011.8, 0
156076, 21292.6, 0
144855, 58804.9, 0
86747.2, 57247.2, 0
147139, 24870.3, 0
79955.3, 45191.7, 0
92522.8, 61896.8, 0
186653, 12762.8, 0
129917, 67980.7, 0
120772, 54272.4, 0
185118, 86601.5, 0
167652, 63653, 0
57880.9, 20941.7, 0
162322, 52888.2, 0
38834.3, 9730.85, 0
191579, 33470.9, 0
117010, 27475.4, 0
35062.5, 23639.3, 0
78631, 36899.1, 0
140031, 89189.6, 0
125516, 39386.9, 0
98758.5, 58292.2, 0
67180.8, 9154.86, 0
113807, 71299, 0
105247, 51592.7, 0
66981.4, 44275.7, 0
176413, 33079.5, 0
112715, 38367.4, 0
110855, 79618.4, 0
71256.4, 30859.4, 0
224880, 120286, 0
43847.1, 13344.3, 0
141365, 32898.4, 0
92420.6, 59303.5, 0
142430, 30337.1, 0
251109, 92429.5, 0
114523, 45049, 0
87643, 31105.5, 0
138812, 80840.4, 0
212822, 134320, 0
124258, 56238.1, 0
236390, 149327, 0
168937, 114552, 0
40864, 22685.3, 0
177873, 57629.9, 0
87315.1, 47240.1, 0
137474, 98937.6, 0
119166, 25597.4, 0
251903, 135416, 0
193764, 134672, 0
75914.1, 7342.69, 0
153311, 44777.7, 0
116085, 47274.9, 0
60647.9, 4204.64, 0
240285, 50984, 0
186831, 121823, 0
238879, 155957, 0
37753.9, 20793.1, 0
248819, 34056.6, 0
38899.2, 21953, 0
62833.6, 28945.9, 0
133657, 88189.6, 0
125091, 68421.3, 0
120421, 48157, 0
135977, 68143.7, 0
135763, 39270.8, 0
39394.3, 28235.5, 0
131765, 49886.4, 0
105146, 75178, 0
132233, 76859.7, 0
143654, 50401.9, 0
195144, 38794.4, 0
209079, 66682.4, 0
82620.5, 20107.9, 0
125716, 54890.9, 0
121030, 45717.2, 0
200138, 21150.5, 0
39810.5, 10652.2, 0
202757, 115102, 0
84055.6, 54580.8, 0
97055.5, 37781, 0
165757, 23285.6, 0
60721.5, 40740.3, 0
212757, 126673, 0
156091, 103356, 0
21203.2, 7228.14, 0
178992, 45961.5, 0
194105, 136095, 0
177267, 111535, 0
111957, 37000.7, 0
163906, 46314.3, 0
99399.6, 44505.2, 0
241228, 52418.6, 0
78643.4, 23416.8, 0
176039, 25683, 0
321758, 121855, 0
137217, 45191.7, 0
124100, 18719.4, 0
84989.5, 39244.2, 0
120200, 56240.4, 0
93358.9, 35410, 0
192123, 95394, 0
146736, 55456.5, 0
126983, 74583.6, 0
94997.3, 9044.24, 0
113100, 58039, 0
137032, 46465.7, 0
122977, 79179.3, 0
122378, 16026.2, 0
244646, 135651, 0
202043, 45573, 0
100232, 51889.1, 0
116773, 76871, 0
69356.6, 46339.4, 0
158754, 66281.2, 0
92096, 31307.7, 0
193654, 65461.7, 0
194013, 45650.8, 0
169496, 73057, 0
195891, 101393, 0
165424, 73222.9, 0
129531, 43802.5, 0
115860, 70746.7, 0
62955.8, 27164.2, 0
137614, 71076.4, 0
149758, 52641.9, 0
150818, 62594.9, 0
203268, 128274, 0
88140.9, 11226.6, 0
216907, 89121.9, 0
209160, 61707.9, 0
67495.1, 12576.8, 0
50869.8, 34790.2, 0
37130.1, 13364.5, 0
215860, 79777, 0
72663.2, 35495.1, 0
56035.3, 27938.8, 0
135364, 4933.77, 0
250626, 115961, 0
120065, 61328.5, 0
142674, 25459.4, 0
106038, 28046.1, 0
193768, 77605.5, 0
87168.2, 38221.3, 0
129332, 83845.5, 0
157812, 111385, 0
45163.6, 26701, 0
161002, 91330.5, 0
256304, 26169.2, 0
73472.2, 51032.6, 0
133534, 30116.2, 0
77992, 45977.2, 0
247843, 166939, 0
217590, 137518, 0
181835, 105038, 0
101313, 70570.5, 0
95877.5, 24911.2, 0
202523, 78278, 0
162939, 21987.2, 0
221789, 157824, 0
266253, 70846.1, 0
99353.9, 51862.4, 0
85148.1, 6719.76, 0
123800, 31019.5, 0
55354.4, 36949, 0
119977, 56431.9, 0
203501, 137855, 0
171420, 94500.1, 0
186162, 21597, 0
170726, 111447, 0
92997.7, 65944.3, 0
129076, 72333.9, 0
57114.1, 39099.5, 0
222152, 74634.9, 0
18517, 11289.9, 0
157743, 55250.4, 0
173330, 28699.8, 0
184107, 131203, 0
203240, 141177, 0
90573.3, 46235.8, 0
269972, 175871, 0
119795, 82892.5, 0
226905, 84341.3, 0
75812.8, 35811.2, 0
161067, 54750.4, 0
222690, 94224.4, 0
67442.4, 24873.2, 0
129373, 92311.8, 0
258030, 56840.4, 0
75466.7, 38965.5, 0
103655, 37843.3, 0
149733, 79341.8, 0
87114.7, 59663.1, 0
110936, 5625.21, 0
158720, 36021.2, 0
130282, 81978.6, 0
141830, 85953.5, 0
65707, 34694.5, 0
87332.6, 62787.5, 0
163328, 67654.1, 0
214052, 144666, 0
114433, 44340.1, 0
193563, 125103, 0
60961.6, 35756.8, 0
118956, 56780.5, 0
85725.9, 45101.2, 0
216873, 91581.3, 0
157349, 85489.9, 0
109796, 59144.6, 0
134060, 69911.3, 0
155036, 61312.6, 0
164112, 88486, 0
134552, 33718.8, 0
233164, 64554.5, 0
43464.5, 29114, 0
117922, 43546.3, 0
69885.6, 12725.7, 0
114186, 32047.1, 0
167086, 116690, 0
252195, 32633.9, 0
170300, 104449, 0
202366, 127818, 0
108519, 18817.3, 0
107324, 67444.4, 0
168590, 49638.2, 0
220811, 71210.7, 0
89386.8, 33391.9, 0
200423, 44230.3, 0
115517, 42363.6, 0
196964, 89331.7, 0
206972, 61723.4, 0
217864, 150599, 0
151931, 88190.1, 0
96497.3, 50866.7, 0
64981.4, 32267.2, 0
66509.1, 20944.2, 0
86991.2, 48186.4, 0
160046, 87018.7, 0
88469.9, 57523.9, 0
80857.5, 52070.3, 0
154699, 111309, 0
141439, 70411.4, 0
99726.2, 35383.9, 0
300526, 16485.2, 0
66057.9, 43946.6, 0
118596, 48352.3, 0
137630, 44753.2, 0
189631, 91769.7, 0
84624.2, 60542.1, 0
361353, 227560, 0
180755, 47672.4, 0
79732.5, 35336, 0
103450, 33135.5, 0
125921, 78418.4, 0
188195, 73439.3, 0
48866, 26946.8, 0
81974.5, 54682.7, 0
215903, 68724.7, 0
191520, 53321.7, 0
105171, 33639.6, 0
247307, 98476.9, 0
204451, 66591.8, 0
66752.4, 34897, 0
167957, 76596, 0
145241, 82538, 0
114375, 25621.9, 0
96121.1, 64669.7, 0
35565, 23429.2, 0
68588.3, 38519.9, 0
157853, 43166.5, 0
137441, 9746.16, 0
222759, 16570.8, 0
156412, 98443, 0
198784, 126797, 0
55023.3, 39093.3, 0
97594, 21746, 0
175508, 64694.5, 0
145010, 98087.4, 0
170674, 113096, 0
82696.3, 46474.7, 0
181559, 96701.2, 0
71116, 38322.1, 0
93998.6, 52939.8, 0
177337, 26908.5, 0
122473, 87718.2, 0
214048, 91436.1, 0
97881.8, 58473.2, 0
86749.3, 59790.1, 0
125161, 71395, 0
121362, 83725, 0
76969.8, 33312, 0
169970, 102372, 0
24036.3, 6833.33, 0
187643, 116659, 0
195172, 31232.7, 0
219947, 46640.2, 0
180802, 109007, 0
325237, 93249.5, 0
127607, 80685.5, 0
229462, 92523.2, 0
156167, 106220, 0
55396.1, 3151.34, 0
114152, 27928, 0
220817, 83189, 0
93921.5, 26231.5, 0
115215, 69841.9, 0
78071.7, 48905.9, 0
96241.3, 55942.3, 0
106780, 62573.3, 0
93032.1, 51021.5, 0
215551, 97340.1, 0
180014, 102112, 0
131716, 53029.6, 0
62708.7, 43505.8, 0
170344, 102961, 0
127001, 80113.6, 0
157665, 23209.4, 0
147030, 95176.9, 0
180412, 102595, 0
77145, 53088.3, 0
216760, 85455.5, 0
211658, 121446, 0
108604, 13499.9, 0
121360, 55882.2, 0
52051.8, 23324.9, 0
183042, 65480.1, 0
26423.5, 5992.24, 0
205673, 69894.2, 0
124159, 70905.9, 0
157007, 101341, 0
128700, 72653.8, 0
70798.1, 43515.8, 0
142076, 50634.7, 0
212625, 134560, 0
51299.4, 20753.7, 0
94592.1, 49477.2, 0
174468, 54279.9, 0
173803, 19331.6, 0
154817, 109085, 0
247896, 87799.3, 0
48977.7, 18299.3, 0
182396, 122160, 0
96086.6, 67704.7, 0
200368, 116726, 0
111163, 66508.9, 0
327849, 142283, 0
140603, 29489.8, 0
55988.2, 31411.4, 0
139820, 72450.8, 0
215951, 65998.9, 0
199990, 140920, 0
136327, 36276.2, 0
106220, 69684.3, 0
262610, 171336, 0
147883, 18889.1, 0
59166.5, 22355.1, 0
207787, 137122, 0
88950, 21583.5, 0
110785, 58567.3, 0
45330.9, 32116.4, 0
67106.9, 45423.6, 0
182591, 123681, 0
127367, 54475, 0
135468, 46829.2, 0
216631, 68971.7, 0
97872.2, 52401.1, 0
164665, 69579.4, 0
105568, 12547.4, 0
74072.1, 28012.2, 0
128331, 66022.1, 0
228503, 94712.7, 0
151802, 32667.8, 0
184890, 47531.7, 0
191439, 84998.4, 0
103585, 34789.2, 0
108758, 53427.9, 0
139389, 43020, 0
173571, 106727, 0
147179, 60286.8, 0
162794, 90639.5, 0
124295, 71736.9, 0
71724.4, 41535.2, 0
176625, 84173.9, 0
86061.7, 57641.5, 0
71867.8, 7830.58, 0
185806, 76483.4, 0
132755, 25645.5, 0
126150, 65777.4, 0
113105, 80452.6, 0
129832, 51045.9, 0
141869, 73426.2, 0
220694, 145192, 0
164174, 116266, 0
149936, 56313.3, 0
174504, 18860.1, 0
94326.4, 53168.7, 0
66504.9, 45177.9, 0
69019.1, 31392.9, 0
200716, 133188, 0
114324, 55239.5, 0
241207, 33692.2, 0
293360, 93102.9, 0
115157, 61560.5, 0
73600.8, 46298.4, 0
174445, 36405.8, 0
138107, 50852.6, 0
131264, 91418.9, 0
157410, 106947, 0
233837, 114953, 0
84209.2, 37913.4, 0
199999, 93498.9, 0
117021, 65050.8, 0
120295, 69127, 0
231971, 69855.8, 0
152138, 99326, 0
80178.7, 50493, 0
90795.4, 23554.7, 0
105360, 51496.9, 0
151741, 106910, 0
221269, 55702.5, 0
145043, 58881.6, 0
88114.6, 44669.4, 0
169572, 86477.7, 0
170659, 62072.2, 0
53170.5, 20245.4, 0
59481.8, 16275.2, 0
240182, 101939, 0
156413, 105457, 0
68292, 9784.44, 0
92303.5, 34247.4, 0
34875, 18702.7, 0
102324, 15247.2, 0
199097, 76265.4, 0
91263.2, 41465.9, 0
95491.7, 36860.7, 0
252244, 174929, 0
108566, 48423.8, 0
199493, 44146.9, 0
150828, 99002.4, 0
120937, 72397.7, 0
323209, 152135, 0
81477.8, 51348.1, 0
123725, 83422.1, 0
49306.6, 23581, 0
129199, 62287.4, 0
146331, 64110.7, 0
213500, 150197, 0
41342.7, 25151.3, 0
170432, 87401.4, 0
202892, 114717, 0
75556.8, 21093.6, 0
210656, 49263.2, 0
115267, 23554.9, 0
299751, 119719, 0
42922.2, 19740.8, 0
221473, 103558, 0
106614, 33996.8, 0
67642, 43087.4, 0
187017, 72319.6, 0
124744, 81385.2, 0
110349, 67670.2, 0
160733, 112931, 0
53400.7, 35586.5, 0
208404, 32270, 0
203546, 117364, 0
70179.1, 23505.4, 0
148358, 12315, 0
122896, 39349.6, 0
151422, 33689.5, 0
190362, 95141.1, 0
81707.6, 57911.5, 0
139432, 66924, 0
118897, 53929.1, 0
134909, 62148.5, 0
178572, 83598.6, 0
43736.6, 28338.2, 0
142051, 55959.2, 0
131951, 46006.7, 0
145349, 63789.3, 0
170436, 67659.7, 0
245768, 157524, 0
160205, 86526.3, 0
145836, 101073, 0
195353, 71757.7, 0
93439.7, 33365.2, 0
93986.1, 56842.5, 0
177709, 34269.1, 0
219035, 91850.4, 0
101055, 60357.5, 0
257887, 27217, 0
30236.1, 9267.42, 0
52325.1, 33479, 0
198361, 43479.6, 0
111471, 37423.3, 0
137271, 41419.2, 0
130913, 27759.6, 0
135182, 13086.1, 0
123601, 88333.8, 0
161829, 31650.7, 0
143937, 103372, 0
200021, 77981.6, 0
40875.7, 23827.2, 0
183611, 124057, 0
187967, 127741, 0
236287, 156206, 0
101013, 8003.25, 0
141349, 86527.7, 0
105074, 75445.7, 0
166919, 30139.7, 0
199351, 67446.6, 0
101837, 28945.3, 0
78162.2, 47895.2, 0
79604.4, 43823.2, 0
191751, 121929, 0
234183, 67756.1, 0
158942, 95357.1, 0
65087.7, 30629.3, 0
136145, 85038.4, 0
186426, 62280.4, 0
78741.7, 38829.3, 0
113492, 78886.8, 0
156678, 112758, 0
61849.5, 31823.4, 0
104621, 51169.2, 0
150847, 32035.5, 0
153371, 70773.3, 0
131941, 21170.5, 0
116897, 75504.5, 0
142294, 89871.6, 0
98072.6, 46077.7, 0
158895, 110058, 0
347089, 104662, 0
59276.1, 35254.2, 0
84602.6, 43467, 0
77014.4, 25582.2, 0
99258.3, 52347.2, 0
141863, 98422.2, 0
58317.4, 33731.6, 0
172097, 28678.8, 0
195397, 99381.5, 0
200724, 105798, 0
178401, 112108, 0
91756.5, 65856.7, 0
236574, 112568, 0
209653, 76932, 0
68386.7, 41118.6, 0
146016, 103966, 0
104637, 64787.2, 0
293993, 146797, 0
148695, 66249.7, 0
141984, 51716.7, 0
194674, 41401.8, 0
133383, 91805.4, 0
144076, 79189.6, 0
315503, 74031.4, 0
267854, 135219, 0
189047, 119065, 0
91049, 38184.5, 0
80075.9, 9007.81, 0
76836.7, 49333.3, 0
166650, 43913.2, 0
254066, 93578.1, 0
105420, 48342.1, 0
190311, 84671.6, 0
130436, 76222.9, 0
23151.6, 12646.2, 0
39664.4, 16839.2, 0
248689, 146195, 0
170768, 79372.8, 0
104418, 41205.4, 0
137571, 46983.5, 0
164359, 97824.5, 0
92587.7, 39419, 0
205954, 142551, 0
121125, 55636.1, 0
34562.5, 23956.5, 0
68401.8, 33499.4, 0
141411, 94777.4, 0
217949, 124711, 0
107253, 37709.3, 0
107539, 45266.3, 0
198872, 105340, 0
192751, 116935, 0
251276, 47990.4, 0
87574, 32621.8, 0
169663, 45026.1, 0
244893, 71258.4, 0
129974, 78095.1, 0
209074, 117825, 0
101701, 57624.6, 0
242134, 165296, 0
74721.5, 13745.5, 0
179329, 126632, 0
107732, 47003.8, 0
59108.1, 36667.6, 0
209474, 89853.3, 0
158438, 104226, 0
101406, 55415.9, 0
148320, 21384.2, 0
180298, 105393, 0
218462, 11101.4, 0
69860.1, 31928.2, 0
140427, 89904.4, 0
219229, 157760, 0
150123, 60001.4, 0
265098, 94183.1, 0
224204, 55519.4, 0
91480.7, 52395.9, 0
63101.1, 45092.3, 0
297584, 90882.2, 0
78167.4, 44913.7, 0
89828.3, 43832.2, 0
118329, 39081.2, 0
122865, 66955.2, 0
154992, 28449.7, 0
177776, 43311.1, 0
100366, 49837.5, 0
151385, 62686, 0
268688, 80154.9, 0
162797, 65371.5, 0
149019, 83543.3, 0
100179, 35947.3, 0
64901.7, 6687.99, 0
62472.5, 36399.1, 0
112784, 44512.2, 0
93685.8, 58935.9, 0
146606, 77355.3, 0
180578, 106330, 0
41626.6, 14643.2, 0
148163, 75010.9, 0
180493, 98209.4, 0
38928.1, 27326.2, 0
97308.8, 46840.4, 0
110137, 34802.6, 0
104485, 50983.8, 0
171413, 54685.8, 0
103031, 55444, 0
132955, 36325.9, 0
477605, 75128.5, 0
240936, 89479.8, 0
167374, 99833.5, 0
38161.7, 26197, 0
84198.8, 51156.8, 0
121262, 81580.7, 0
94039.7, 44945.7, 0
118523, 54095.5, 0
198737, 65997.2, 0
35826.5, 14126.5, 0
162679, 50768.4, 0
166606, 22072.1, 0
163502, 46739.2, 0
112573, 66747, 0
141799, 23324.4, 0
228254, 67524.5, 0
142427, 69930, 0
211845, 52194.3, 0
198535, 46597.1, 0
223971, 14689, 0
119351, 61908.8, 0
155846, 60767.6, 0
130268, 73386.6, 0
255461, 107989, 0
98577.3, 57984.1, 0
129495, 48344.3, 0
57982.7, 23653.3, 0
114615, 32796.5, 0
244677, 70520.4, 0
122920, 44811, 0
46268.2, 18916.7, 0
214625, 116255, 0
286348, 107470, 0
151518, 57562.3, 0
249200, 129994, 0
200628, 81904.6, 0
154010, 69202.2, 0
109218, 70694.1, 0
121604, 39949.8, 0
271461, 179155, 0
256922, 139714, 0
283561, 109253, 0
113186, 40511.2, 0
69997.9, 28848.6, 0
53971, 30571.9, 0
120804, 82906.4, 0
188002, 52071.9, 0
216359, 111970, 0
97000.2, 50271, 0
113293, 34526.6, 0
177369, 37361.6, 0
217993, 66240.8, 0
121261, 79357.9, 0
59917.2, 40696.9, 0
192563, 118328, 0
240342, 90293.7, 0
138897, 99780.6, 0
302930, 43514.5, 0
120386, 13421.5, 0
179082, 13594.3, 0
206095, 73687.2, 0
153908, 88428.4, 0
94713.7, 62081.5, 0
261463, 61595.5, 0
268204, 89178.4, 0
116660, 76015.1, 0
146238, 62389.9, 0
160525, 97091.6, 0
125005, 72727.9, 0
167385, 49997.8, 0
231884, 151276, 0
45363.4, 11267, 0
79900, 25619.4, 0
82703.7, 53729.7, 0
91660.7, 48579.7, 0
232125, 134228, 0
152133, 42085.1, 0
51014.1, 27716.5, 0
111204, 69629.4, 0
163956, 39261.4, 0
94642.2, 43881.7, 0
118546, 44258.2, 0
76696.7, 21480.5, 0
214732, 89536, 0
154336, 99906.3, 0
143267, 77128.6, 0
136822, 68331.8, 0
118726, 84658.9, 0
128489, 25904.3, 0
269164, 102506, 0
234060, 90749.7, 0
147708, 53970.8, 0
285846, 65995.9, 0
223924, 115322, 0
131717, 23628.5, 0
323158, 91344.4, 0
209118, 123515, 0
92746.8, 61015, 0
84770.7, 17690.3, 0
123336, 76249.4, 0
68364.1, 45071.6, 0
106702, 57036, 0
178718, 12805.2, 0
275824, 121670, 0
141652, 74100, 0
80150, 31612.7, 0
276982, 79158.7, 0
77697.2, 52664.4, 0
204763, 89893.1, 0
86991.2, 12980.3, 0
144919, 58276.7, 0
222380, 124245, 0
47963.1, 14017.1, 0
207772, 84150.5, 0
78723.4, 54138.2, 0
62226.7, 43770.4, 0
173404, 44102.4, 0
69309.8, 37829.9, 0
64176.8, 26883.1, 0
66620.5, 35176, 0
143677, 47451.9, 0
165521, 47927.9, 0
101856, 24587.7, 0
116301, 75503.6, 0
120702, 67420.8, 0
308327, 52288.9, 0
127572, 54668.5, 0
203779, 40306.8, 0
76248.9, 41898, 0
155748, 68785.5, 0
78907.1, 25154.5, 0
157988, 108856, 0
75448.7, 37535.2, 0
139446, 91582.4, 0
266107, 134331, 0
176015, 77946.6, 0
166815, 113219, 0
137974, 30365.2, 0
113324, 56523.7, 0
207306, 104446, 0
101936, 8394.79, 0
55732.4, 6512.26, 0
102708, 64040.3, 0
224552, 115521, 0
177606, 114238, 0
175553, 50079.8, 0
155227, 70015.7, 0
96691.7, 51574.2, 0
95509.1, 36848.5, 0
223249, 104668, 0
157485, 109291, 0
72534.1, 51429.7, 0
73323.7, 48585.1, 0
307190, 154548, 0
258023, 95773.4, 0
128429, 8966.58, 0
203879, 109037, 0
126864, 56384, 0
278202, 66922.2, 0
87736.3, 54351.2, 0
152846, 43420.2, 0
166825, 55272, 0
144122, 51930, 0
187909, 97341.5, 0
133214, 65672, 0
133572, 75435.7, 0
190888, 24860.1, 0
64192.3, 27315.7, 0
58291, 34160.2, 0
109654, 38893.5, 0
110632, 69942.6, 0
89938.5, 44514.9, 0
169000, 116647, 0
198345, 73232.7, 0
95579.7, 10995.7, 0
153109, 57680.7, 0
174830, 74205.3, 0
144462, 55448.3, 0
115664, 13311.5, 0
86477.4, 51433.5, 0
120379, 60528.9, 0
157425, 108107, 0
199088, 80892.4, 0
60929.2, 21777.8, 0
304353, 114894, 0
100306, 33203, 0
179298, 61235.7, 0
162775, 86879, 0
152212, 12120.2, 0
76799.5, 37793, 0
224500, 5971.05, 0
185019, 122057, 0
115239, 57308, 0
109552, 66871.8, 0
96672.4, 56207.1, 0
145230, 84200.8, 0
171285, 108008, 0
19640.9, 6364.4, 0
179999, 118610, 0
181825, 87985.6, 0
246658, 64324.9, 0
115545, 16835.1, 0
79021.3, 56488.9, 0
253411, 70305.4, 0
154800, 74074.9, 0
64389.8, 30204, 0
187748, 85629.2, 0
145748, 49176.9, 0
128661, 91836.4, 0
136963, 92233.9, 0
178741, 73497.7, 0
208340, 17323.2, 0
65711.2, 9727.28, 0
69624.7, 21250.2, 0
221358, 66586.9, 0
218479, 23945, 0
193344, 98313, 0
75150, 32824.4, 0
178046, 90670.7, 0
122571, 26329.1, 0
79850, 37196.2, 0
133595, 47814.7, 0
59575.8, 24245.9, 0
318700, 57633.4, 0
180489, 28447.2, 0
128991, 62690.3, 0
171124, 121963, 0
102253, 60964, 0
60611.9, 21764.6, 0
149869, 102176, 0
101223, 69056.3, 0
110088, 59849.7, 0
252137, 82912.7, 0
159712, 12280.2, 0
114060, 24619.5, 0
167196, 111745, 0
178415, 68296.7, 0
155545, 77140.7, 0
86231, 61085.9, 0
146615, 99979.7, 0
132270, 78484.4, 0
98843.4, 44421.6, 0
89615.7, 35530.3, 0
162166, 70915.5, 0
60414.2, 28084.9, 0
211149, 132971, 0
202441, 78858.9, 0
97172.8, 61358.1, 0
274359, 71638.5, 0
42979.6, 26029.5, 0
69177.8, 15955, 0
299102, 99373.5, 0
55346.1, 7930.62, 0
223219, 157598, 0
84631.3, 44330.1, 0
132130, 89172.6, 0
110831, 51640.2, 0
177893, 127584, 0
177551, 127431, 0
60212.3, 27977.7, 0
170778, 82618.2, 0
60137.1, 29673.9, 0
44482.7, 27314.6, 0
191307, 84231.4, 0
260493, 133321, 0
157718, 23905.2, 0
139098, 80162.2, 0
171384, 94778, 0
127562, 45589.9, 0
44079.8, 20942.9, 0
275464, 64951.6, 0
82327.4, 25825, 0
128926, 60283.6, 0
112773, 50098, 0
40426.2, 15414.9, 0
218705, 58147.4, 0
108221, 38874.9, 0
23751.8, 10080.4, 0
241749, 138275, 0
153006, 96396.9, 0
103071, 74074.6, 0
96455.6, 67916.5, 0
144844, 31887.6, 0
125320, 75664.5, 0
29133.9, 19330.7, 0
80825.3, 42309.9, 0
109525, 51492.2, 0
238890, 56772.8, 0
299570, 199638, 0
8426.44, 4199.3, 0
115477, 39031.4, 0
183915, 86388.6, 0
47688.9, 28349, 0
183729, 90068.8, 0
186244, 60629.5, 0
94051.3, 64312.3, 0
201085, 88369.9, 0
57683.8, 31757.2, 0
94477.4, 62143.8, 0
81867.6, 39281.9, 0
73483.6, 46280.4, 0
123852, 83523.3, 0
160848, 84352.4, 0
200011, 109590, 0
178518, 48399.9, 0
82328.9, 58814.9, 0
183984, 62068.7, 0
160529, 82781.4, 0
59520.7, 41240.8, 0
64878, 15305.7, 0
175221, 39153, 0
70374.2, 39529.5, 0
192349, 86511.1, 0
132014, 54130.7, 0
233522, 105159, 0
130631, 85899.2, 0
38153.7, 26680.2, 0
115246, 46043.1, 0
60984.8, 43164.3, 0
51864, 33899.9, 0
68340.7, 37378.8, 0
123398, 14873.7, 0
87826.1, 42289, 0
243680, 59597.3, 0
172890, 113706, 0
221666, 39368.4, 0
208437, 131079, 0
58088.4, 18000.8, 0
124254, 70630.5, 0
226752, 119774, 0
74126, 49845.2, 0
113221, 37527.1, 0
147522, 68728.8, 0
184182, 55295.1, 0
287994, 165262, 0
258016, 116282, 0
110738, 79543.4, 0
132463, 43883.4, 0
170458, 106911, 0
98328.9, 65379.2, 0
133841, 84749.4, 0
226647, 124666, 0
144571, 84645.9, 0
104592, 52500.7, 0
104138, 67940.2, 0
146447, 104955, 0
64406.4, 43248.6, 0
168445, 114504, 0
131502, 56730, 0
197566, 138840, 0
130755, 7616.01, 0
110369, 47600.4, 0
313189, 83268.6, 0
126915, 46687.8, 0
196796, 105477, 0
153317, 72166.9, 0
137298, 43654.2, 0
99907.7, 68515.9, 0
80818.4, 12311.9, 0
165959, 96136, 0
87252.6, 22653.8, 0
147474, 18462.4, 0
86271.8, 54776, 0
165353, 23088.7, 0
37332.5, 19739.8, 0
150327, 53881, 0
62769.4, 33334.5, 0
115859, 8007.31, 0
179549, 31129.5, 0
175091, 57176.7, 0
100713, 40744.5, 0
236386, 110225, 0
142763, 63745.3, 0
187808, 50156.4, 0
86920.1, 38450.2, 0
127214, 78647.8, 0
137618, 71327.7, 0
92956, 51818.2, 0
238055, 146377, 0
260410, 87271.2, 0
37017.8, 2866.22, 0
119013, 70522.5, 0
234938, 82930.6, 0
161419, 90581.4, 0
233031, 19182.2, 0
171558, 87741.2, 0
44892.5, 16358.2, 0
98904.6, 64763.9, 0
164685, 101047, 0
180468, 124713, 0
138324, 98870.9, 0
92546.5, 44060.1, 0
102477, 73308.8, 0
135758, 84033, 0
84681.9, 19726.7, 0
102235, 25332.7, 0
66090.6, 19141.6, 0
95855.4, 25189.2, 0
57453.1, 10109.9, 0
134712, 78924.7, 0
68728, 27785.5, 0
92415.3, 61601, 0
106475, 20028.8, 0
120928, 54778.8, 0
76103.6, 21906.3, 0
34251.5, 22196.5, 0
303898, 68563.9, 0
40796, 20468.4, 0
90376, 57690.5, 0
165194, 84956.5, 0
97134.7, 32440.8, 0
172333, 41451.5, 0
57102.1, 28765.8, 0
64985.8, 34772, 0
236881, 117020, 0
168683, 93315.5, 0
176443, 95650, 0
259959, 67885, 0
123212, 80976.9, 0
141055, 85221.2, 0
100556, 38027.2, 0
133326, 51588.3, 0
132643, 70555.6, 0
78259.5, 55691.7, 0
168459, 48992.2, 0
237386, 159067, 0
112562, 69267.1, 0
137253, 77793.9, 0
92811, 57930.3, 0
96884.9, 62179.9, 0
162797, 88966.5, 0
146722, 77078, 0
220763, 84111.4, 0
92080, 25334.4, 0
141213, 92137.2, 0
142221, 21862.7, 0
121279, 16327.2, 0
99084.9, 30475.8, 0
166947, 58898.4, 0
54552.7, 35129.5, 0
100403, 63201.1, 0
85626.4, 32262.6, 0
88426.2, 8703.07, 0
148842, 67771.7, 0
94183.2, 26207, 0
202782, 119506, 0
98667.9, 21191, 0
146473, 47727.4, 0
169646, 97114.3, 0
99538.4, 35499.5, 0
126871, 63045, 0
166627, 95855.4, 0
103259, 68563.4, 0
155784, 58279.4, 0
106319, 61333, 0
230961, 137853, 0
240078, 55868.4, 0
13877.8, 3926.57, 0
223287, 149137, 0
133530, 32015.2, 0
166031, 97007.2, 0
181495, 41541.5, 0
305573, 71842.7, 0
107169, 13635.7, 0
202576, 122178, 0
300572, 185933, 0
68402.6, 9999.51, 0
162074, 35332.9, 0
154998, 14687, 0
158871, 54945, 0
205302, 76835.1, 0
211600, 131098, 0
249171, 67499, 0
174722, 111371, 0
154537, 80857.8, 0
211277, 24560.6, 0
233944, 156743, 0
100643, 50955.3, 0
91708.1, 61723.4, 0
163524, 111714, 0
82829.1, 29311.1, 0
163761, 64719.7, 0
136508, 44989.3, 0
114440, 60223, 0
140265, 37388.1, 0
129846, 27113.9, 0
117303, 70418.9, 0
107839, 74104.7, 0
124885, 22919.3, 0
252728, 117562, 0
78019.6, 25527.2, 0
85336.4, 2400.09, 0
84698, 36369, 0
206088, 95044.7, 0
88471.4, 53880.8, 0
125731, 72126.3, 0
27454, 5008.75, 0
106882, 54584.5, 0
212738, 96199, 0
116716, 54262.3, 0
101349, 66501, 0
129684, 80492.2, 0
144313, 18664.7, 0
73762.7, 17402.2, 0
43980.2, 18719.8, 0
142550, 37492.4, 0
60515.1, 39008.5, 0
159716, 33243.6, 0
71506.8, 39568.9, 0
135266, 24154, 0
145673, 43720.1, 0
25909.2, 7551.14, 0
168679, 47932.2, 0
187137, 92907.9, 0
189991, 55636.2, 0
218059, 27212.7, 0
234188, 110443, 0
215873, 137695, 0
130598, 34750.8, 0
134450, 25485.3, 0
208105, 16201.6, 0
234936, 50823.1, 0
103349, 40179.1, 0
51692.2, 20221.8, 0
57631.1, 40416.8, 0
126148, 62141, 0
143299, 75111.3, 0
109220, 59267.7, 0
180574, 123841, 0
241373, 64465.4, 0
46785.9, 16211.4, 0
225808, 95727.7, 0
54040.2, 10778.9, 0
57428.6, 37915, 0
160052, 113132, 0
102578, 42103, 0
125725, 8738.14, 0
60640.5, 5532.38, 0
88684.1, 5932.65, 0
272009, 40922.3, 0
141099, 53079.8, 0
127559, 75334.9, 0
209414, 123744, 0
73709.3, 25528.2, 0
93674.3, 58432.2, 0
118651, 61317.5, 0
92586.7, 14863.5, 0
66406.3, 25911, 0
122664, 82543.6, 0
114109, 69587.1, 0
136253, 76868.8, 0
161883, 87026.9, 0
96915.7, 35137.4, 0
148546, 70333.6, 0
75412.6, 44556.5, 0
106977, 57265.7, 0
146562, 81427.8, 0
147421, 76590.8, 0
164949, 116931, 0
110258, 70140.9, 0
151195, 82618.4, 0
227240, 87675.6, 0
195087, 41967.1, 0
203190, 44536.7, 0
81313, 38345.5, 0
66306.3, 29668.6, 0
137921, 71850.8, 0
245816, 159307, 0
157694, 43530.4, 0
133731, 18139.3, 0
167873, 82885.7, 0
173914, 32074.8, 0
167930, 112130, 0
226252, 155703, 0
189802, 97394.9, 0
246719, 69155.1, 0
147453, 27109.3, 0
110615, 47952.7, 0
101020, 32027.2, 0
175215, 88575.7, 0
51434.7, 34030.2, 0
196957, 96822.1, 0
114476, 64836.1, 0
167946, 78672.5, 0
84080.2, 45331.9, 0
135322, 36086, 0
92595, 20777.5, 0
108732, 72121.6, 0
208435, 127098, 0
205531, 96604.7, 0
62617.7, 43926.2, 0
93447, 50121, 0
197028, 64525.4, 0
153024, 43563.4, 0
162989, 104802, 0
170641, 80000.5, 0
142245, 58447.8, 0
76268.6, 45773.9, 0
93620.8, 60434.1, 0
192593, 117847, 0
86766.6, 50580.7, 0
130054, 92487.5, 0
207792, 31073.4, 0
162491, 72077.1, 0
58986.1, 35908.7, 0
142134, 61982.8, 0
174987, 84040.7, 0
141533, 100557, 0
151424, 85493.6, 0
201137, 136770, 0
197223, 131015, 0
61563.2, 26033.9, 0
231482, 139055, 0
126417, 48101.4, 0
133722, 65917.5, 0
259701, 74272.4, 0
199796, 34541.7, 0
85694.3, 33153.4, 0
185462, 105321, 0
142674, 49997.5, 0
94710.6, 51441.3, 0
46553.2, 2319.01, 0
96711.9, 57064.8, 0
253300, 127947, 0
140308, 55465.8, 0
276370, 74362, 0
89200.7, 50694.3, 0
187637, 73871.2, 0
87930.5, 42776.2, 0
88148.1, 14135.5, 0
58198.1, 9479.39, 0
99937.8, 60252.5, 0
183733, 56404, 0
176357, 58989.9, 0
65618.2, 16059.8, 0
64655.9, 34331.5, 0
124118, 87258.4, 0
67973.1, 36876.2, 0
117969, 73638.2, 0
78150.2, 39893.3, 0
214083, 50184.1, 0
166820, 120048, 0
99215.1, 35263.5, 0
227963, 46782.7, 0
111558, 54745.2, 0
156441, 109765, 0
111154, 75756.6, 0
186373, 114686, 0
65779.7, 39102.3, 0
167069, 90882.1, 0
201733, 123094, 0
168651, 115991, 0
206391, 91172.4, 0
106684, 63021.9, 0
95209.5, 66178.2, 0
152403, 102137, 0
138428, 62858.4, 0
249281, 125977, 0
155621, 98212.5, 0
153175, 98079.5, 0
100924, 66977.5, 0
113991, 72686.9, 0
86459.5, 44305.9, 0
201007, 115668, 0
109570, 52870, 0
108106, 34634, 0
98125.7, 33870.4, 0
109109, 47223.3, 0
55966.9, 24384.8, 0
176264, 105288, 0
155835, 88501.2, 0
131970, 55827.6, 0
106491, 72884.4, 0
196392, 71729.3, 0
62556, 22945.1, 0
198851, 108747, 0
209248, 129705, 0
160486, 89868, 0
60263.9, 27353, 0
162533, 39481, 0
116815, 72913.9, 0
182218, 2805.6, 0
203259, 75323.9, 0
107741, 61467.2, 0
163528, 69066.4, 0
138789, 91459.7, 0
84081.8, 56661.4, 0
41598, 17863.6, 0
229429, 105512, 0
110644, 41665.7, 0
218741, 61821.4, 0
186953, 118440, 0
168271, 120414, 0
92513.8, 53504.7, 0
65766.9, 44629.1, 0
93969.5, 42635.9, 0
77437.6, 33803.5, 0
128417, 66083.6, 0
163009, 31996.5, 0
147427, 62515, 0
129582, 41167.1, 0
85382.2, 11400.1, 0
178108, 46950.6, 0
146254, 92156.8, 0
56400.9, 34157.1, 0
88039, 12008.3, 0
214110, 95937.8, 0
45353.2, 8578.53, 0
39433.4, 14667, 0
226769, 148318, 0
168319, 72195.9, 0
190930, 121798, 0
130057, 84115, 0
134595, 16174.5, 0
231846, 87759.5, 0
220605, 91099.4, 0
186060, 33502, 0
170627, 80934.7, 0
112358, 52296, 0
214807, 34409.2, 0
72993.1, 39504.2, 0
198833, 47724.5, 0
159437, 75323.9, 0
128804, 74966.8, 0
184845, 82023.6, 0
152758, 102854, 0
60637.9, 33843.1, 0
216775, 107352, 0
168666, 101437, 0
143114, 10993.7, 0
143749, 99259.2, 0
121387, 68936.7, 0
66982.4, 20349.1, 0
152286, 63155.7, 0
110813, 52939.2, 0
232310, 118939, 0
215155, 71202.6, 0
75606, 52304, 0
105757, 47424.6, 0
23341.9, 11313.8, 0
113806, 54770.2, 0
90236.6, 27557.8, 0
84418.3, 46491, 0
261515, 71299.5, 0
190489, 105125, 0
91765, 42217.4, 0
248614, 151112, 0
81935.6, 15374, 0
264630, 5413, 0
167459, 34371.1, 0
187286, 108665, 0
69686.1, 12161.4, 0
176483, 61072.4, 0
316124, 55812.3, 0
176997, 100917, 0
382046, 61487.1, 0
219663, 64888, 0
92839.1, 32468, 0
161577, 54025.5, 0
271442, 172848, 0
286061, 183261, 0
118749, 68395.5, 0
147224, 15885.1, 0
53384.2, 24394.3, 0
101968, 54767.2, 0
171618, 79068.7, 0
138342, 94831.3, 0
118886, 40738.8, 0
81475.3, 37541.7, 0
66269, 8565.71, 0
110082, 52766.7, 0
100335, 51034.6, 0
74527.6, 51940, 0
109679, 69364.9, 0
53685.4, 20193, 0
129811, 73476.3, 0
107730, 44495.2, 0
69631.9, 48849.9, 0
213289, 139132, 0
232462, 94757, 0
66272.3, 47506.2, 0
134735, 47888, 0
151506, 69202.1, 0
53091.5, 26403.5, 0
164586, 85728.5, 0
51737.9, 23258.1, 0
43916.8, 18892.2, 0
60560.3, 38590.2, 0
146190, 94994.7, 0
47757.8, 18946.1, 0
82029.4, 56675.9, 0
116474, 50633.5, 0
79238.7, 41323.3, 0
92586.4, 29866.5, 0
127583, 39268.1, 0
356833, 154271, 0
124498, 14699, 0
95169.6, 63652, 0
222386, 51859.6, 0
188105, 104980, 0
172998, 15947.9, 0
179190, 70924.6, 0
56951.8, 30854.7, 0
82394.3, 25042.8, 0
266004, 55807.2, 0
84057.5, 37018.2, 0
85803.2, 53401.1, 0
163191, 100827, 0
95745, 19115.2, 0
135777, 34735.6, 0
123789, 76906.3, 0
43044.3, 18624.2, 0
121567, 80717.3, 0
172261, 120808, 0
171591, 17333.6, 0
198204, 107173, 0
147934, 79011.4, 0
98046.7, 43996.6, 0
79657.5, 15545.7, 0
113451, 54311.5, 0
89020.7, 1034.52, 0
39804.6, 24222.7, 0
116509, 76040.2, 0
152815, 65978.2, 0
69789.6, 49687.5, 0
65809.1, 23339.5, 0
115532, 19983.3, 0
84604.7, 57103.5, 0
36960.2, 21909.3, 0
231516, 120359, 0
192967, 79952.9, 0
382865, 80496, 0
93858.3, 52562.8, 0
140893, 83735, 0
167423, 118548, 0
143460, 88330, 0
128631, 16527.2, 0
277017, 11497.9, 0
113871, 31465, 0
67235.5, 26946.9, 0
79415.7, 54576.7, 0
154899, 95769.9, 0
136837, 71780.9, 0
78831.5, 49669.7, 0
245739, 174081, 0
76530, 41108.2, 0
73847.5, 29907.4, 0
133279, 89994.9, 0
66918.9, 24736.7, 0
141669, 42472, 0
118213, 58303.6, 0
26776.8, 14481.1, 0
176032, 119916, 0
57468, 37822.5, 0
140401, 94265.3, 0
193209, 113303, 0
87203.9, 33653.6, 0
89929, 15409.4, 0
94059.1, 34637.4, 0
60232.3, 25992.3, 0
170406, 114109, 0
223327, 81666.5, 0
79526.2, 29810, 0
74801.7, 22860.8, 0
67366.4, 23164.3, 0
161033, 107769, 0
133024, 62601.6, 0
103460, 49876.2, 0
126449, 82317, 0
146974, 37001.8, 0
199814, 91264.6, 0
101757, 65390.1, 0
88935.3, 55421.4, 0
201379, 72296.4, 0
123927, 79071.8, 0
178349, 59246.5, 0
156643, 96694.1, 0
205315, 78691.8, 0
74043.3, 28975.2, 0
166217, 78813, 0
158265, 40583, 0
324730, 183341, 0
226868, 100276, 0
119666, 83113.2, 0
127219, 70899, 0
62778.3, 44292.5, 0
93533.3, 24822, 0
168735, 73432.4, 0
127663, 65280.2, 0
138470, 60484.2, 0
89707.5, 43529.5, 0
242632, 36315.5, 0
123329, 48948.7, 0
147035, 68577.8, 0
127913, 88910.4, 0
122679, 74946.3, 0
183811, 38876.1, 0
150520, 106916, 0
203814, 39117, 0
200675, 126748, 0
130406, 17689.5, 0
91289.5, 54244.7, 0
86520.4, 23479.8, 0
105192, 33385.3, 0
130107, 81361.7, 0
216629, 62861.6, 0
131385, 55157.6, 0
128046, 80575, 0
101923, 40809.2, 0
232517, 120657, 0
254758, 109391, 0
110642, 70327.3, 0
135323, 74519.7, 0
148104, 84649.3, 0
149716, 30825.4, 0
269222, 150114, 0
224061, 22703.3, 0
201074, 126100, 0
145790, 41143.9, 0
139547, 38827.3, 0
184989, 99290.8, 0
248428, 70639.8, 0
137768, 64071.5, 0
102330, 32578, 0
143005, 76560, 0
99008.5, 45408.7, 0
65466.7, 23857.5, 0
102215, 64048.3, 0
193697, 111734, 0
173856, 72768.2, 0
112414, 72770, 0
191262, 65241.4, 0
124749, 50621.1, 0
136025, 20006.6, 0
139106, 51674.2, 0
100261, 37580.7, 0
53930.5, 20246.4, 0
254797, 129783, 0
154303, 84113.5, 0
110995, 60538.7, 0
53223, 7371.85, 0
102514, 61697.1, 0
189064, 29978.7, 0
68500.7, 48673.9, 0
167046, 89765.8, 0
104954, 65997.5, 0
70908.9, 39764.8, 0
199228, 59914.8, 0
103911, 58453.4, 0
213615, 116695, 0
96441.5, 57914.9, 0
94842.3, 67806.2, 0
101561, 38436.7, 0
256200, 107227, 0
115584, 55963.5, 0
167096, 61221.4, 0
214274, 50942, 0
146205, 45440.5, 0
161782, 90176.5, 0
268087, 142519, 0
73644.3, 50012.1, 0
50601.1, 34120.5, 0
148160, 20668.3, 0
185931, 99741.4, 0
101895, 27576.7, 0
69997.8, 9762.26, 0
226852, 61228.9, 0
63372.7, 32274.4, 0
100837, 60021.3, 0
115415, 48439.2, 0
242645, 68304.3, 0
232012, 147878, 0
53692.7, 23762.6, 0
136610, 86800.6, 0
98985.4, 67776.4, 0
174655, 113650, 0
73229.4, 27727.1, 0
100037, 37455.6, 0
115579, 72023.5, 0
102293, 35172.9, 0
195452, 126155, 0
96096.5, 67731.4, 0
194690, 77681.1, 0
137559, 82244.9, 0
110830, 60231.4, 0
162446, 42144.9, 0
99588, 54874.7, 0
135100, 28827.6, 0
101410, 68596, 0
120662, 84766, 0
167119, 58160.5, 0
98052.5, 25277.3, 0
236277, 145220, 0
158023, 52791.1, 0
148564, 64582.3, 0
151562, 56947.4, 0
158762, 26546.7, 0
89446.5, 16296.3, 0
242446, 102348, 0
105999, 43793.4, 0
184981, 83469.6, 0
211469, 103369, 0
49074.3, 32666, 0
143636, 38215.7, 0
165967, 32523.8, 0
127816, 39559.4, 0
140852, 59589.8, 0
87383.2, 8136.87, 0
61229.7, 23337.9, 0
136235, 76998.4, 0
136327, 82295.9, 0
151324, 56132.7, 0
128419, 21313.3, 0
197758, 81114.6, 0
229082, 52719.5, 0
298613, 105989, 0
145166, 59066.6, 0
179041, 35048.1, 0
122062, 73752.9, 0
98458.8, 70680.7, 0
271550, 52171.9, 0
233670, 158586, 0
156137, 81935.9, 0
166969, 81322.4, 0
156227, 57123.2, 0
95034.3, 39646, 0
71394.5, 41672.8, 0
125285, 79780, 0
226538, 133324, 0
137211, 90807.6, 0
133830, 18752.8, 0
146475, 27869.2, 0
151772, 92414.6, 0
145435, 95957, 0
100187, 39524.4, 0
271805, 191941, 0
185519, 58895.4, 0
76641.2, 29914.6, 0
55292.3, 20247.2, 0
210869, 117062, 0
150821, 74480.9, 0
164650, 111197, 0
138039, 75409.9, 0
213658, 78258.1, 0
117164, 44822.6, 0
193159, 72808.8, 0
115634, 76979.4, 0
128890, 67484, 0
191036, 24562.8, 0
80281.5, 26452.8, 0
178048, 82761.1, 0
147786, 65188.1, 0
87723.2, 38953.8, 0
82193.7, 56130.2, 0
223858, 106613, 0
102518, 57054.6, 0
158092, 57898.6, 0
123997, 80951.2, 0
188719, 81733.1, 0
221905, 151443, 0
153577, 94600.9, 0
163704, 58422.6, 0
180223, 46052, 0
59049.5, 36439.6, 0
246019, 50158, 0
200682, 115639, 0
258724, 38038.9, 0
130440, 29794.1, 0
259402, 168271, 0
215359, 69671.4, 0
39882.1, 15815.3, 0
187291, 32445.1, 0
88630.2, 26815.7, 0
163113, 114421, 0
240525, 127559, 0
130472, 42874.2, 0
169878, 100924, 0
143724, 29829.4, 0
108345, 40630.6, 0
157675, 111324, 0
177726, 72213.9, 0
227357, 57531.9, 0
183350, 65596.3, 0
208983, 116984, 0
138877, 15322.9, 0
142192, 29139.5, 0
146501, 62437.7, 0
104062, 65952.9, 0
206484, 81880.8, 0
207449, 109367, 0
149133, 18310.2, 0
123958, 84184.9, 0
143932, 26618, 0
73617, 43447.6, 0
83078.4, 31377.5, 0
93062.5, 64478, 0
116250, 59069.9, 0
35168.9, 17407.6, 0
133513, 35033.4, 0
81496.3, 52208.4, 0
180935, 89792.5, 0
140274, 74339.4, 0
43577.8, 20878.6, 0
64884.3, 35234.2, 0
99665.7, 71397.1, 0
156648, 75549.4, 0
229324, 92288.3, 0
163069, 111702, 0
176642, 43197.8, 0
39258.3, 7235.39, 0
58244.4, 40858.5, 0
215217, 96075.5, 0
97627.6, 22087.5, 0
180430, 121397, 0
206930, 138040, 0
56051.7, 30909.3, 0
67502.4, 41449.7, 0
123874, 62561, 0
221582, 58276.6, 0
50750.4, 27787.3, 0
179373, 82096.3, 0
202567, 117044, 0
68243.2, 23530.8, 0
164139, 41938.1, 0
193715, 56338.1, 0
272488, 31118.8, 0
101827, 10992.3, 0
80180.9, 32772.6, 0
136078, 86976.1, 0
146565, 11759.8, 0
120317, 81109.8, 0
106304, 32348, 0
61128.3, 28084.8, 0
201020, 28228.9, 0
41309.7, 21549, 0
153697, 97098, 0
107245, 16150.4, 0
115271, 44635.4, 0
237546, 6338.09, 0
149426, 80927, 0
213153, 139868, 0
187936, 122644, 0
119330, 48363.9, 0
116757, 48363.4, 0
79534.6, 36695.4, 0
56262.3, 18167.4, 0
155494, 78168.4, 0
64628.3, 37190.8, 0
198244, 138760, 0
136882, 88680, 0
105741, 70013.8, 0
209641, 141000, 0
140624, 68330.4, 0
268672, 38858.6, 0
127299, 82827.4, 0
131946, 75732.2, 0
130345, 89333.5, 0
120567, 79048.3, 0
92882.1, 43378.3, 0
220704, 76762.5, 0
52477.4, 13762.9, 0
196014, 113139, 0
101547, 60099, 0
85287.9, 31454.4, 0
140569, 67981.3, 0
278670, 103859, 0
170442, 113021, 0
155500, 64704.6, 0
121610, 66885, 0
185115, 133270, 0
185858, 80039.6, 0
140565, 55474.5, 0
98166, 65164, 0
159467, 71105, 0
100778, 70689.9, 0
66674, 18974.3, 0
149733, 83198.5, 0
124314, 67054.5, 0
150134, 58348.9, 0
50214.8, 30042.1, 0
84515, 47556.1, 0
145179, 60639.9, 0
146952, 63372.5, 0
133409, 22664.8, 0
86271.3, 57853.7, 0
191844, 117580, 0
116130, 61071.2, 0
261109, 147561, 0
200247, 121308, 0
73040.1, 16943.8, 0
157806, 71814.1, 0
89845.4, 51123.9, 0
273837, 89705.4, 0
178978, 30755.2, 0
179586, 69381.2, 0
120310, 78250.5, 0
83192.7, 45425.2, 0
114997, 12024.7, 0
129957, 49642.6, 0
113450, 81289.9, 0
72314.5, 46163.2, 0
206664, 66959.9, 0
49641.1, 25199.8, 0
174745, 81548.9, 0
63718.5, 20202.5, 0
214736, 69702.8, 0
128693, 88782, 0
157525, 112540, 0
83373.7, 59937, 0
182771, 29019.7, 0
63932.4, 28668.4, 0
176261, 101428, 0
171534, 113039, 0
72641.6, 49556, 0
119954, 78690.8, 0
189562, 69600.4, 0
75313.7, 25432, 0
232829, 136665, 0
54024, 10786.1, 0
193259, 120350, 0
169256, 108597, 0
205336, 114033, 0
100737, 42352.9, 0
99947.1, 51757.6, 0
167973, 107893, 0
60900, 32393.7, 0
52823, 30747.5, 0
116297, 79532.8, 0
54334.6, 34520.6, 0
173499, 53604.2, 0
167586, 56027.8, 0
132344, 73084.4, 0
233724, 61598.2, 0
98440.4, 22237.7, 0
205280, 70604.8, 0
55837.2, 34117.5, 0
185534, 86277.1, 0
98400.3, 32233, 0
186692, 70250.9, 0
151860, 77348.7, 0
105179, 52074.7, 0
226487, 69448.7, 0
99616.9, 59536.6, 0
195657, 61336.4, 0
197421, 55548.4, 0
108135, 31293.4, 0
196532, 40023, 0
110514, 65544.3, 0
64628.8, 41156.4, 0
96363.8, 46155.1, 0
69857, 21511.4, 0
154156, 94349.9, 0
82094.7, 34147.4, 0
153780, 100292, 0
89205.9, 54387.5, 0
198480, 127099, 0
99078.6, 57732.6, 0
143039, 28563.8, 0
185703, 78428.4, 0
213925, 65179.2, 0
130509, 89587.2, 0
155420, 111098, 0
231947, 110737, 0
103765, 44863.5, 0
200919, 99278, 0
87796.4, 55575.9, 0
132702, 69540.7, 0
96257.6, 51728.1, 0
68656.7, 38576.3, 0
165166, 79254.8, 0
277602, 129051, 0
213137, 99781.4, 0
148073, 64486.1, 0
256351, 37251.3, 0
56182.5, 37586.1, 0
212715, 94816.7, 0
89103.3, 37707.3, 0
170706, 114171, 0
154876, 83100.6, 0
77052.1, 42981.9, 0
202675, 112715, 0
156847, 106472, 0
75149.6, 18113.1, 0
110983, 75469, 0
80726.9, 30616.7, 0
267484, 124946, 0
94691, 38710.2, 0
22072.5, 14626.9, 0
93418.4, 45428.2, 0
110024, 75860.6, 0
138645, 48908.2, 0
52357.2, 15889.9, 0
147653, 67112.4, 0
156988, 101652, 0
191281, 64327.2, 0
97778.4, 69631.4, 0
196461, 72461.4, 0
181915, 86648.8, 0
164367, 82621.4, 0
160475, 68309.4, 0
66352.3, 32822.7, 0
57448.1, 39715, 0
83542.5, 47541.5, 0
122737, 78850.1, 0
121638, 16021.9, 0
94543, 37387.5, 0
119109, 71790.2, 0
48967.3, 20025.9, 0
192683, 120961, 0
169972, 48539.4, 0
106083, 23874.8, 0
207870, 129591, 0
76606.5, 53136, 0
72983.2, 33517.6, 0
137519, 79232.4, 0
201329, 18080.2, 0
148749, 92732.7, 0
200182, 123606, 0
174121, 40590.7, 0
84126.2, 46233.7, 0
191521, 96221.7, 0
155063, 81229.2, 0
116306, 65826.9, 0
143122, 54819.1, 0
205596, 87649.7, 0
156136, 104448, 0
182683, 121671, 0
153687, 86389.4, 0
102274, 42153, 0
85094, 28204.5, 0
248076, 116756, 0
146832, 52705.8, 0
56791.1, 22922.5, 0
193837, 129435, 0
159239, 106907, 0
101560, 22155.2, 0
114911, 77664.8, 0
260217, 16447, 0
214003, 56910.4, 0
202274, 119397, 0
163705, 101864, 0
96889.4, 36148.2, 0
210269, 89430.3, 0
114115, 35073.2, 0
156999, 64696, 0
94566.5, 53239.7, 0
46607, 11038.8, 0
148153, 56018.6, 0
114866, 62459.5, 0
115681, 38704.8, 0
105356, 71200.6, 0
195489, 120583, 0
117845, 79891.7, 0
51874.8, 29557.1, 0
115887, 42568.8, 0
144264, 68621.5, 0
110411, 64614.3, 0
133853, 53956.3, 0
55823.1, 34240.9, 0
111273, 69732.6, 0
239433, 98245.8, 0
46794.3, 28422, 0
139007, 13804.7, 0
67300.7, 42595.2, 0
56140.9, 28876.2, 0
226394, 96535.5, 0
81528.2, 46044.9, 0
82104.4, 51107.3, 0
82576.4, 15955.2, 0
183999, 111731, 0
63826.4, 32605.4, 0
88425.6, 33249.4, 0
84801.9, 57635, 0
96693.4, 42072.6, 0
230228, 53347.9, 0
91869.5, 26172.3, 0
94526.1, 50873.6, 0
228310, 32387.5, 0
90806.4, 29326.2, 0
142742, 33340.5, 0
209465, 119514, 0
158969, 54069.6, 0
54016.2, 23732.9, 0
138954, 79677.9, 0
159317, 67248.9, 0
120839, 70174.2, 0
123363, 21037.5, 0
95925.1, 36545.9, 0
190315, 92570, 0
295654, 135047, 0
103965, 13573.8, 0
209218, 123935, 0
96383.2, 43622.6, 0
197176, 34066.7, 0
108794, 9777.05, 0
136519, 3174.11, 0
77088.7, 29615.6, 0
161596, 51590.2, 0
313573, 198853, 0
120036, 12849.6, 0
257023, 66352.2, 0
213595, 14295, 0
158639, 65465.9, 0
93044.2, 771.25, 0
63131.4, 45251.9, 0
278236, 86830.8, 0
72845, 51975.6, 0
196050, 95866.7, 0
89385.3, 39869.6, 0
71784.5, 46991.1, 0
169793, 78930.8, 0
150009, 94486, 0
30288.6, 17691.3, 0
249614, 150010, 0
134632, 64119.3, 0
54090.3, 24923.3, 0
212678, 66603.4, 0
93419.3, 36771.5, 0
146006, 87561.4, 0
108576, 72736.6, 0
316742, 212567, 0
206281, 7191.7, 0
74602.3, 40390.6, 0
147577, 66605.5, 0
238668, 133173, 0
174593, 107391, 0
75357.5, 39909.9, 0
106756, 61114.9, 0
93400, 56233.6, 0
121910, 63672, 0
