8.2199e+06, 1.61108e+06, 0
1.10988e+07, 3.74515e+06, 0
1.03534e+07, 2.36035e+06, 0
1.01683e+07, 3.45488e+06, 0
9.7795e+06, 953277, 0
1.37946e+07, 1.83654e+06, 0
1.0776e+07, 4.42511e+06, 0
8.23627e+06, 1.09912e+06, 0
1.34218e+07, 5.07936e+06, 0
8.34486e+06, 1.90169e+06, 0
9.93097e+06, 3.11397e+06, 0
1.33948e+07, 4.11925e+06, 0
7.68265e+06, 372978, 0
1.10727e+07, 3.19405e+06, 0
9.11898e+06, 2.17246e+06, 0
1.12275e+07, 2.67478e+06, 0
8.2723e+06, 1.14531e+06, 0
1.09268e+07, 474322, 0
8.04721e+06, 971451, 0
9.18729e+06, 1.97327e+06, 0
1.35896e+07, 3.29835e+06, 0
1.04947e+07, 1.89188e+06, 0
8.28833e+06, 927636, 0
1.06305e+07, 2.80575e+06, 0
1.15145e+07, 4.92417e+06, 0
9.21918e+06, 2.85723e+06, 0
1.02365e+07, 2.21363e+06, 0
1.03445e+07, 3.36374e+06, 0
1.03263e+07, 3.82977e+06, 0
8.11398e+06, 1.60017e+06, 0
8.75197e+06, 2.12919e+06, 0
1.13582e+07, 421837, 0
1.30925e+07, 2.39161e+06, 0
1.1713e+07, 3.35553e+06, 0
1.18561e+07, 2.57444e+06, 0
1.05905e+07, 1.88472e+06, 0
1.12618e+07, 3.06263e+06, 0
1.01447e+07, 1.55301e+06, 0
1.50977e+07, 3.30033e+06, 0
1.07897e+07, 3.38894e+06, 0
9.5839e+06, 1.64723e+06, 0
9.78532e+06, 1.5985e+06, 0
8.49281e+06, 906027, 0
9.58539e+06, 3.1811e+06, 0
1.3243e+07, 3.4341e+06, 0
1.18354e+07, 1.76238e+06, 0
1.43052e+07, 5.36358e+06, 0
8.00162e+06, 1.03902e+06, 0
8.95122e+06, 1.45666e+06, 0
1.00414e+07, 450264, 0
8.62464e+06, 1.27219e+06, 0
1.189e+07, 908328, 0
8.9928e+06, 2.13845e+06, 0
1.22826e+07, 5.04908e+06, 0
1.03946e+07, 1.98524e+06, 0
9.62065e+06, 3.28727e+06, 0
9.86067e+06, 1.12081e+06, 0
1.25523e+07, 4.71884e+06, 0
1.07895e+07, 1.8672e+06, 0
1.19987e+07, 1.49404e+06, 0
1.12703e+07, 3.68476e+06, 0
9.77286e+06, 2.12236e+06, 0
1.43163e+07, 2.12569e+06, 0
1.18803e+07, 249714, 0
1.03425e+07, 869304, 0
1.03214e+07, 298731, 0
1.1924e+07, 3.82029e+06, 0
1.31063e+07, 2.3586e+06, 0
8.56282e+06, 1.54949e+06, 0
1.17969e+07, 3.55578e+06, 0
9.45092e+06, 424995, 0
1.10747e+07, 2.69277e+06, 0
9.428e+06, 2.42294e+06, 0
9.20689e+06, 3.01333e+06, 0
1.07681e+07, 3.36752e+06, 0
1.15372e+07, 2.95193e+06, 0
8.55648e+06, 1.51742e+06, 0
1.13893e+07, 3.85765e+06, 0
9.21419e+06, 1.49565e+06, 0
7.92875e+06, 1.10643e+06, 0
9.07591e+06, 1.50657e+06, 0
1.4508e+07, 7.11666e+06, 0
8.37695e+06, 1.50598e+06, 0
1.08706e+07, 4.39354e+06, 0
1.03837e+07, 2.98238e+06, 0
8.98132e+06, 2.05496e+06, 0
1.10872e+07, 3.41613e+06, 0
1.23747e+07, 1.40729e+06, 0
8.99927e+06, 2.61601e+06, 0
9.80334e+06, 2.19971e+06, 0
1.20318e+07, 3.42596e+06, 0
1.07443e+07, 3.95755e+06, 0
1.05056e+07, 3.44343e+06, 0
8.1971e+06, 1.35021e+06, 0
1.13724e+07, 2.90026e+06, 0
8.50138e+06, 1.2627e+06, 0
1.36367e+07, 3.29473e+06, 0
9.02223e+06, 1.73709e+06, 0
9.4748e+06, 2.15134e+06, 0
8.58889e+06, 1.8093e+06, 0
1.00046e+07, 3.68846e+06, 0
1.18126e+07, 4.65382e+06, 0
1.04787e+07, 4.07297e+06, 0
9.09727e+06, 2.52859e+06, 0
1.15954e+07, 3.65299e+06, 0
9.15849e+06, 2.85787e+06, 0
9.79364e+06, 3.16478e+06, 0
7.84964e+06, 806807, 0
1.02197e+07, 3.48559e+06, 0
8.06343e+06, 1.24923e+06, 0
9.01104e+06, 1.87847e+06, 0
9.69187e+06, 402880, 0
1.00042e+07, 2.23265e+06, 0
8.92045e+06, 2.32626e+06, 0
8.64729e+06, 1.63468e+06, 0
1.16098e+07, 4.97189e+06, 0
9.07591e+06, 2.52565e+06, 0
8.13182e+06, 428552, 0
1.15971e+07, 555482, 0
1.05726e+07, 2.14262e+06, 0
1.06543e+07, 3.18401e+06, 0
9.12942e+06, 1.33763e+06, 0
1.13436e+07, 2.74728e+06, 0
1.88987e+07, 3.86078e+06, 0
1.01968e+07, 3.81367e+06, 0
9.56298e+06, 2.34126e+06, 0
1.53731e+07, 4.08701e+06, 0
1.17062e+07, 1.94341e+06, 0
8.92544e+06, 297908, 0
1.23826e+07, 931815, 0
1.16164e+07, 1.50066e+06, 0
1.2833e+07, 3.67991e+06, 0
1.38147e+07, 4.22582e+06, 0
9.63008e+06, 2.26613e+06, 0
1.00635e+07, 2.21608e+06, 0
1.03058e+07, 1.79542e+06, 0
8.98054e+06, 1.1839e+06, 0
9.54491e+06, 562832, 0
1.10266e+07, 3.39256e+06, 0
1.1054e+07, 4.69626e+06, 0
1.24286e+07, 5.37934e+06, 0
8.5064e+06, 1.68786e+06, 0
1.1846e+07, 2.35651e+06, 0
1.0611e+07, 4.2182e+06, 0
8.72715e+06, 2.14898e+06, 0
9.13116e+06, 2.64655e+06, 0
9.29061e+06, 2.69029e+06, 0
9.77864e+06, 1.10205e+06, 0
8.54977e+06, 1.33173e+06, 0
1.33316e+07, 3.4607e+06, 0
1.04671e+07, 1.92982e+06, 0
9.63924e+06, 1.19774e+06, 0
9.79903e+06, 3.03616e+06, 0
9.6157e+06, 2.69579e+06, 0
9.2528e+06, 3.03066e+06, 0
7.7608e+06, 693904, 0
9.62385e+06, 2.97994e+06, 0
1.07626e+07, 2.26385e+06, 0
1.75075e+07, 5.13638e+06, 0
9.78177e+06, 2.01073e+06, 0
1.06534e+07, 2.99725e+06, 0
1.07947e+07, 2.39579e+06, 0
9.24793e+06, 890763, 0
8.51236e+06, 1.62119e+06, 0
1.03539e+07, 1.84802e+06, 0
8.84707e+06, 2.39631e+06, 0
8.2575e+06, 1.31615e+06, 0
8.45895e+06, 1.97142e+06, 0
1.33659e+07, 3.2064e+06, 0
8.78435e+06, 896000, 0
1.21593e+07, 4.85649e+06, 0
9.90506e+06, 1.08182e+06, 0
1.01995e+07, 1.83759e+06, 0
8.83641e+06, 1.28201e+06, 0
9.35708e+06, 3.00171e+06, 0
1.30279e+07, 3.80784e+06, 0
8.20429e+06, 1.31913e+06, 0
8.4169e+06, 1.82615e+06, 0
9.41087e+06, 2.93625e+06, 0
8.82422e+06, 2.01807e+06, 0
1.32135e+07, 339823, 0
1.02542e+07, 2.46654e+06, 0
1.08501e+07, 3.51552e+06, 0
1.40808e+07, 5.69754e+06, 0
8.73288e+06, 2.06326e+06, 0
9.80266e+06, 1.35383e+06, 0
8.40829e+06, 1.76789e+06, 0
9.90356e+06, 3.47313e+06, 0
1.07452e+07, 3.18666e+06, 0
7.98688e+06, 1.16906e+06, 0
9.91217e+06, 2.26814e+06, 0
1.27545e+07, 4.52566e+06, 0
1.26034e+07, 5.90635e+06, 0
1.2504e+07, 3.20157e+06, 0
9.41041e+06, 2.33659e+06, 0
1.00835e+07, 2.6499e+06, 0
9.41366e+06, 1.01942e+06, 0
9.57356e+06, 3.15548e+06, 0
1.3159e+07, 4.66438e+06, 0
8.8884e+06, 2.33307e+06, 0
1.03691e+07, 4.04528e+06, 0
9.1753e+06, 227094, 0
7.8555e+06, 813363, 0
1.12379e+07, 3.33386e+06, 0
1.03996e+07, 3.01177e+06, 0
8.05235e+06, 1.16199e+06, 0
1.01154e+07, 3.2759e+06, 0
9.53366e+06, 2.71548e+06, 0
9.55489e+06, 1.25364e+06, 0
1.20287e+07, 5.11789e+06, 0
8.33675e+06, 1.93427e+06, 0
1.20347e+07, 3.48807e+06, 0
1.12794e+07, 4.80425e+06, 0
1.22582e+07, 1.10822e+06, 0
9.5449e+06, 1.67636e+06, 0
8.92974e+06, 2.47176e+06, 0
1.08675e+07, 2.34162e+06, 0
1.10766e+07, 2.69047e+06, 0
1.03511e+07, 3.72279e+06, 0
1.22932e+07, 4.89609e+06, 0
1.33086e+07, 5.11997e+06, 0
1.06283e+07, 4.26726e+06, 0
1.12153e+07, 4.13002e+06, 0
1.01665e+07, 1.00313e+06, 0
1.24769e+07, 1.91512e+06, 0
1.1323e+07, 2.86973e+06, 0
1.06851e+07, 3.52046e+06, 0
1.1343e+07, 2.30824e+06, 0
1.08144e+07, 2.71758e+06, 0
9.04653e+06, 728044, 0
9.84086e+06, 1.2042e+06, 0
1.06854e+07, 3.99376e+06, 0
1.08493e+07, 4.01215e+06, 0
1.01715e+07, 545264, 0
1.27352e+07, 3.76041e+06, 0
1.12549e+07, 1.04415e+06, 0
1.13562e+07, 2.23017e+06, 0
9.67101e+06, 2.79166e+06, 0
1.03736e+07, 1.67915e+06, 0
8.70085e+06, 2.30995e+06, 0
9.72982e+06, 960131, 0
9.56273e+06, 2.71447e+06, 0
1.09742e+07, 1.42169e+06, 0
8.24584e+06, 1.15917e+06, 0
1.02315e+07, 2.59415e+06, 0
1.49521e+07, 6.20356e+06, 0
1.01041e+07, 1.83798e+06, 0
1.05948e+07, 2.94939e+06, 0
8.37766e+06, 1.3242e+06, 0
1.13515e+07, 779752, 0
1.23932e+07, 3.37075e+06, 0
1.22983e+07, 1.46127e+06, 0
1.06871e+07, 3.66993e+06, 0
9.85904e+06, 2.70513e+06, 0
8.62992e+06, 1.63117e+06, 0
8.7515e+06, 1.79698e+06, 0
8.54508e+06, 541207, 0
9.74946e+06, 1.38331e+06, 0
8.79791e+06, 1.96748e+06, 0
1.27464e+07, 142308, 0
9.37961e+06, 895689, 0
8.65687e+06, 1.85228e+06, 0
9.14449e+06, 2.37748e+06, 0
1.3049e+07, 3.96916e+06, 0
8.22852e+06, 1.57431e+06, 0
1.36059e+07, 4.64518e+06, 0
9.41093e+06, 2.07852e+06, 0
8.62872e+06, 1.84444e+06, 0
9.65009e+06, 2.44109e+06, 0
8.27106e+06, 1.81312e+06, 0
1.06237e+07, 3.74618e+06, 0
9.67759e+06, 3.34313e+06, 0
1.42193e+07, 6.81327e+06, 0
7.84565e+06, 799810, 0
1.55366e+07, 3.35214e+06, 0
1.01465e+07, 3.17798e+06, 0
9.81808e+06, 995090, 0
9.86127e+06, 2.24559e+06, 0
9.46277e+06, 2.6758e+06, 0
1.03522e+07, 3.99283e+06, 0
9.5004e+06, 2.96221e+06, 0
9.36255e+06, 2.75584e+06, 0
1.09192e+07, 1.85373e+06, 0
1.29535e+07, 5.05097e+06, 0
1.10712e+07, 2.11175e+06, 0
1.19667e+07, 3.06711e+06, 0
9.77915e+06, 1.8646e+06, 0
1.07351e+07, 410055, 0
9.52028e+06, 2.29953e+06, 0
8.33984e+06, 1.66629e+06, 0
7.90561e+06, 1.02885e+06, 0
1.01874e+07, 3.3941e+06, 0
1.13499e+07, 2.94207e+06, 0
9.07625e+06, 2.16064e+06, 0
1.16503e+07, 5.15524e+06, 0
1.35774e+07, 5.62652e+06, 0
1.04306e+07, 3.76529e+06, 0
1.01518e+07, 1.69588e+06, 0
9.60297e+06, 3.34907e+06, 0
1.01508e+07, 3.09868e+06, 0
1.02574e+07, 1.68047e+06, 0
1.24962e+07, 3.63675e+06, 0
1.00945e+07, 3.18088e+06, 0
1.07934e+07, 4.16932e+06, 0
8.7757e+06, 1.88409e+06, 0
8.11818e+06, 619611, 0
8.54557e+06, 835145, 0
1.2888e+07, 2.33247e+06, 0
8.64443e+06, 1.46016e+06, 0
