9.32182e+06, 3.73124e+06, 0
9.55098e+06, 4.68079e+06, 0
9.45904e+06, 196743, 0
9.15961e+06, 4.48423e+06, 0
1.50061e+07, 6.00494e+06, 0
1.03146e+07, 2.85041e+06, 0
8.38398e+06, 2.33111e+06, 0
5.51324e+06, 161967, 0
6.15988e+06, 1.17639e+06, 0
9.54415e+06, 1.85842e+06, 0
6.31703e+06, 1.55029e+06, 0
1.17497e+07, 4.31748e+06, 0
8.00151e+06, 2.24023e+06, 0
9.92705e+06, 2.38625e+06, 0
8.0124e+06, 3.8634e+06, 0
1.11884e+07, 2.09704e+06, 0
9.05585e+06, 2.208e+06, 0
7.75461e+06, 3.59907e+06, 0
6.54168e+06, 2.22092e+06, 0
8.8543e+06, 2.18553e+06, 0
8.08224e+06, 1.15826e+06, 0
8.51253e+06, 2.92158e+06, 0
6.85016e+06, 2.41459e+06, 0
8.77959e+06, 2.36864e+06, 0
5.79767e+06, 1.37779e+06, 0
6.22158e+06, 1.74168e+06, 0
5.71574e+06, 784864, 0
6.08547e+06, 1.6235e+06, 0
6.85007e+06, 1.47901e+06, 0
7.28561e+06, 3.22007e+06, 0
7.26155e+06, 2.13188e+06, 0
6.00947e+06, 1.23369e+06, 0
1.11579e+07, 5.18076e+06, 0
7.95814e+06, 2.70162e+06, 0
8.18106e+06, 1.58418e+06, 0
7.98524e+06, 2.02542e+06, 0
6.10595e+06, 1.17841e+06, 0
7.17203e+06, 2.52808e+06, 0
6.39937e+06, 2.35669e+06, 0
1.05927e+07, 1.90131e+06, 0
8.55765e+06, 3.79543e+06, 0
1.06748e+07, 2.75572e+06, 0
6.41749e+06, 2.31197e+06, 0
1.23123e+07, 7.10556e+06, 0
9.63199e+06, 2.62454e+06, 0
7.04581e+06, 3.09966e+06, 0
7.32794e+06, 3.14264e+06, 0
7.50693e+06, 3.69139e+06, 0
9.32526e+06, 4.69192e+06, 0
1.24843e+07, 2.60462e+06, 0
6.61871e+06, 980065, 0
7.99577e+06, 1.79074e+06, 0
1.25348e+07, 3.66713e+06, 0
6.42746e+06, 1.61061e+06, 0
7.08756e+06, 3.15751e+06, 0
6.80894e+06, 714590, 0
7.65171e+06, 3.61112e+06, 0
8.20411e+06, 1.80379e+06, 0
6.12327e+06, 273858, 0
1.03018e+07, 5.22058e+06, 0
6.01768e+06, 927282, 0
1.01815e+07, 6.15303e+06, 0
6.50445e+06, 2.37082e+06, 0
9.63312e+06, 5.56302e+06, 0
9.6339e+06, 3.71906e+06, 0
1.27525e+07, 5.84818e+06, 0
7.26535e+06, 1.50531e+06, 0
8.11043e+06, 2.36383e+06, 0
1.12814e+07, 5.31462e+06, 0
6.75898e+06, 2.17294e+06, 0
1.02346e+07, 5.68414e+06, 0
7.77415e+06, 1.73643e+06, 0
1.07052e+07, 4.92679e+06, 0
6.81311e+06, 2.762e+06, 0
6.29195e+06, 2.10504e+06, 0
1.14405e+07, 5.02437e+06, 0
1.01273e+07, 5.20447e+06, 0
7.1388e+06, 2.90038e+06, 0
1.31224e+07, 4.32219e+06, 0
1.10941e+07, 4.65059e+06, 0
6.77804e+06, 1.8149e+06, 0
9.94645e+06, 5.02849e+06, 0
7.67016e+06, 2.83019e+06, 0
9.51528e+06, 2.20811e+06, 0
9.27132e+06, 1.14437e+06, 0
9.65576e+06, 810542, 0
8.08617e+06, 3.08733e+06, 0
8.91159e+06, 3.38088e+06, 0
7.05789e+06, 1.1187e+06, 0
1.14517e+07, 7.24715e+06, 0
8.94234e+06, 3.48916e+06, 0
8.13312e+06, 3.97685e+06, 0
7.80177e+06, 827476, 0
7.0398e+06, 1.43525e+06, 0
1.06878e+07, 4.46425e+06, 0
6.98644e+06, 1.52325e+06, 0
9.23334e+06, 3.79952e+06, 0
7.36977e+06, 1.97445e+06, 0
6.8559e+06, 1.13096e+06, 0
1.23386e+07, 4.99312e+06, 0
7.60886e+06, 2.8945e+06, 0
9.81329e+06, 3.01134e+06, 0
7.2176e+06, 2.48775e+06, 0
7.29779e+06, 2.14208e+06, 0
7.30745e+06, 2.68062e+06, 0
1.0041e+07, 3.77495e+06, 0
1.00727e+07, 2.09466e+06, 0
8.65883e+06, 3.99928e+06, 0
1.0405e+07, 4.41364e+06, 0
1.38389e+07, 2.61686e+06, 0
7.48618e+06, 2.47124e+06, 0
8.07823e+06, 3.65728e+06, 0
8.0432e+06, 4.24204e+06, 0
6.91212e+06, 2.03573e+06, 0
7.56297e+06, 2.15884e+06, 0
6.27126e+06, 1.20775e+06, 0
7.3203e+06, 723158, 0
7.60609e+06, 3.50126e+06, 0
1.06196e+07, 4.96113e+06, 0
1.08063e+07, 3.5941e+06, 0
7.08746e+06, 1.71369e+06, 0
6.76946e+06, 2.278e+06, 0
1.02217e+07, 1.96718e+06, 0
5.77066e+06, 1.08082e+06, 0
1.27025e+07, 5.69574e+06, 0
1.04729e+07, 4.87237e+06, 0
1.15541e+07, 6.34674e+06, 0
8.99026e+06, 4.89751e+06, 0
9.88146e+06, 4.14103e+06, 0
1.01712e+07, 5.13244e+06, 0
7.87003e+06, 2.5135e+06, 0
8.39261e+06, 4.42175e+06, 0
7.19071e+06, 1.34473e+06, 0
7.57942e+06, 3.31976e+06, 0
9.36778e+06, 3.3345e+06, 0
9.8167e+06, 4.0053e+06, 0
9.08195e+06, 3.80835e+06, 0
8.19974e+06, 1.93815e+06, 0
9.73729e+06, 3.21783e+06, 0
6.99117e+06, 1.29362e+06, 0
6.38003e+06, 1.04848e+06, 0
6.81321e+06, 2.90422e+06, 0
7.98634e+06, 3.19668e+06, 0
7.46268e+06, 2.55708e+06, 0
7.20636e+06, 1.62863e+06, 0
7.89739e+06, 3.37432e+06, 0
8.69657e+06, 3.562e+06, 0
6.58928e+06, 1.51836e+06, 0
6.89846e+06, 2.87347e+06, 0
8.07848e+06, 4.25469e+06, 0
7.46289e+06, 2.14142e+06, 0
8.49412e+06, 3.84911e+06, 0
7.83786e+06, 2.25173e+06, 0
8.71973e+06, 2.67563e+06, 0
1.00092e+07, 3.5017e+06, 0
1.12603e+07, 2.12087e+06, 0
8.75354e+06, 4.49239e+06, 0
9.15465e+06, 2.2283e+06, 0
7.28731e+06, 1.39834e+06, 0
5.50659e+06, 645292, 0
8.18946e+06, 1.75436e+06, 0
8.86362e+06, 3.92855e+06, 0
7.79563e+06, 1.67926e+06, 0
9.93544e+06, 4.04332e+06, 0
1.2993e+07, 4.04844e+06, 0
1.29615e+07, 3.34086e+06, 0
6.18275e+06, 998981, 0
1.2195e+07, 6.149e+06, 0
9.82055e+06, 5.04583e+06, 0
9.99998e+06, 4.71799e+06, 0
8.55636e+06, 3.08001e+06, 0
1.12573e+07, 4.23803e+06, 0
6.26921e+06, 2.12507e+06, 0
6.79758e+06, 2.49758e+06, 0
1.19621e+07, 4.50046e+06, 0
1.10161e+07, 2.19853e+06, 0
6.01904e+06, 1.23597e+06, 0
6.54921e+06, 709208, 0
6.19561e+06, 1.65356e+06, 0
1.0685e+07, 2.76146e+06, 0
7.84786e+06, 825004, 0
6.99069e+06, 2.27023e+06, 0
8.07859e+06, 848939, 0
6.10311e+06, 1.17488e+06, 0
7.49096e+06, 2.52598e+06, 0
7.66748e+06, 3.72051e+06, 0
1.02211e+07, 4.46847e+06, 0
6.74207e+06, 1.96473e+06, 0
8.01569e+06, 1.26729e+06, 0
8.17153e+06, 3.58557e+06, 0
9.67926e+06, 2.69491e+06, 0
8.06644e+06, 2.72122e+06, 0
9.25804e+06, 1.13011e+06, 0
1.09274e+07, 5.01242e+06, 0
1.18958e+07, 4.24767e+06, 0
9.96563e+06, 859534, 0
7.65715e+06, 2.78816e+06, 0
6.70221e+06, 1.1952e+06, 0
8.30854e+06, 2.27462e+06, 0
8.54579e+06, 2.04386e+06, 0
1.06555e+07, 4.59371e+06, 0
1.30605e+07, 5.59155e+06, 0
9.62538e+06, 3.77649e+06, 0
6.2541e+06, 1.07744e+06, 0
8.56779e+06, 3.30116e+06, 0
6.23995e+06, 449678, 0
5.95438e+06, 387300, 0
8.31892e+06, 1.92363e+06, 0
9.92997e+06, 2.13437e+06, 0
7.08897e+06, 1.58587e+06, 0
8.46351e+06, 4.40125e+06, 0
9.51472e+06, 3.67122e+06, 0
8.28692e+06, 2.6889e+06, 0
1.45801e+07, 2.38085e+06, 0
9.4482e+06, 1.55133e+06, 0
1.12471e+07, 5.86882e+06, 0
9.76659e+06, 3.22135e+06, 0
9.24524e+06, 5.07778e+06, 0
8.73525e+06, 4.43873e+06, 0
8.42361e+06, 1.38649e+06, 0
1.1742e+07, 6.42549e+06, 0
1.04718e+07, 3.39615e+06, 0
6.94168e+06, 1.41343e+06, 0
9.11045e+06, 2.39192e+06, 0
8.81069e+06, 1.19036e+06, 0
1.01119e+07, 4.53511e+06, 0
8.33763e+06, 431099, 0
8.55653e+06, 1.02839e+06, 0
1.24414e+07, 3.78846e+06, 0
7.17324e+06, 1.96148e+06, 0
9.92124e+06, 3.74345e+06, 0
8.70297e+06, 1.28322e+06, 0
9.42694e+06, 4.28734e+06, 0
6.94627e+06, 3.06051e+06, 0
6.37681e+06, 1.5751e+06, 0
1.1641e+07, 1.26194e+06, 0
9.16594e+06, 3.21975e+06, 0
1.00362e+07, 1.02844e+06, 0
1.18608e+07, 5.22891e+06, 0
1.01977e+07, 5.55235e+06, 0
8.41638e+06, 3.22431e+06, 0
1.01062e+07, 3.99445e+06, 0
8.20143e+06, 1.7215e+06, 0
1.07559e+07, 4.27574e+06, 0
7.6678e+06, 2.60695e+06, 0
9.80747e+06, 3.0678e+06, 0
9.79374e+06, 2.52774e+06, 0
6.31347e+06, 1.03571e+06, 0
7.32212e+06, 1.90062e+06, 0
6.80226e+06, 2.14332e+06, 0
6.61882e+06, 2.48312e+06, 0
1.01382e+07, 2.46882e+06, 0
7.85619e+06, 1.72526e+06, 0
9.67418e+06, 1.8944e+06, 0
9.33614e+06, 1.98592e+06, 0
9.73741e+06, 2.04391e+06, 0
7.80112e+06, 3.30296e+06, 0
1.11477e+07, 3.63325e+06, 0
8.21007e+06, 305532, 0
6.66042e+06, 1.22115e+06, 0
1.12611e+07, 4.21599e+06, 0
9.91287e+06, 2.19886e+06, 0
1.06437e+07, 4.47089e+06, 0
7.00444e+06, 2.46296e+06, 0
6.55627e+06, 1.99274e+06, 0
6.68531e+06, 644563, 0
1.18988e+07, 5.07846e+06, 0
1.11818e+07, 5.4904e+06, 0
7.02589e+06, 2.87491e+06, 0
6.54224e+06, 1.79675e+06, 0
7.42824e+06, 2.54696e+06, 0
1.06653e+07, 5.85957e+06, 0
7.32357e+06, 3.32082e+06, 0
1.41375e+07, 8.6198e+06, 0
7.45949e+06, 3.38627e+06, 0
1.40563e+07, 8.05707e+06, 0
9.494e+06, 4.44805e+06, 0
9.18753e+06, 1.45232e+06, 0
8.53123e+06, 2.77268e+06, 0
7.03492e+06, 1.99699e+06, 0
1.03207e+07, 2.66863e+06, 0
1.04569e+07, 6.33595e+06, 0
6.0559e+06, 1.5432e+06, 0
9.45097e+06, 5.34253e+06, 0
9.4502e+06, 1.79458e+06, 0
1.01889e+07, 4.51844e+06, 0
6.99353e+06, 1.38884e+06, 0
8.09526e+06, 4.12578e+06, 0
9.35705e+06, 3.87855e+06, 0
1.26022e+07, 6.23024e+06, 0
1.10587e+07, 6.18327e+06, 0
9.55424e+06, 2.81507e+06, 0
5.699e+06, 759557, 0
8.49329e+06, 4.55786e+06, 0
8.19622e+06, 3.82897e+06, 0
7.62894e+06, 2.02173e+06, 0
7.27183e+06, 1.47227e+06, 0
1.21874e+07, 5.17166e+06, 0
9.41026e+06, 2.71929e+06, 0
1.12975e+07, 3.87431e+06, 0
9.69214e+06, 3.43359e+06, 0
1.38693e+07, 2.75147e+06, 0
9.62775e+06, 4.9949e+06, 0
7.21219e+06, 1.12827e+06, 0
1.14379e+07, 6.11287e+06, 0
6.39699e+06, 831519, 0
6.52311e+06, 1.70848e+06, 0
7.75602e+06, 910856, 0
1.06628e+07, 4.52574e+06, 0
8.19912e+06, 4.09514e+06, 0
6.96415e+06, 2.84533e+06, 0
8.19317e+06, 150450, 0
8.67613e+06, 4.49729e+06, 0
6.72403e+06, 1.57438e+06, 0
9.54787e+06, 3.22905e+06, 0
1.15791e+07, 5.87315e+06, 0
1.17919e+07, 3.69953e+06, 0
1.01923e+07, 1.85057e+06, 0
5.93973e+06, 1.08023e+06, 0
7.75323e+06, 1.38906e+06, 0
6.97963e+06, 1.26278e+06, 0
7.56674e+06, 2.13369e+06, 0
8.07985e+06, 3.9135e+06, 0
1.01816e+07, 3.11286e+06, 0
8.18653e+06, 3.36585e+06, 0
5.74761e+06, 1.03033e+06, 0
5.5527e+06, 516559, 0
8.72097e+06, 3.23296e+06, 0
8.27161e+06, 3.00257e+06, 0
8.31533e+06, 4.46977e+06, 0
7.65048e+06, 1.31791e+06, 0
1.32954e+07, 6.60216e+06, 0
9.05552e+06, 3.72735e+06, 0
8.754e+06, 1.7947e+06, 0
1.24127e+07, 2.79605e+06, 0
1.03945e+07, 3.41141e+06, 0
8.37847e+06, 2.32604e+06, 0
1.01959e+07, 5.28232e+06, 0
1.04251e+07, 1.62611e+06, 0
8.18209e+06, 3.64978e+06, 0
7.88684e+06, 3.81433e+06, 0
8.07228e+06, 2.81157e+06, 0
5.80222e+06, 985893, 0
8.55654e+06, 3.87752e+06, 0
9.47032e+06, 5.13187e+06, 0
6.57557e+06, 1.84774e+06, 0
6.96319e+06, 2.21356e+06, 0
8.45219e+06, 1.06275e+06, 0
1.13502e+07, 5.85798e+06, 0
5.93234e+06, 1.20118e+06, 0
1.01862e+07, 4.81188e+06, 0
9.86745e+06, 3.48433e+06, 0
6.70347e+06, 1.51649e+06, 0
8.52823e+06, 859613, 0
7.10089e+06, 2.31416e+06, 0
1.32982e+07, 5.18739e+06, 0
1.32502e+07, 4.33883e+06, 0
8.23198e+06, 4.42455e+06, 0
9.55495e+06, 3.96519e+06, 0
7.77426e+06, 2.92842e+06, 0
9.60361e+06, 1.7588e+06, 0
1.01273e+07, 5.17697e+06, 0
7.47296e+06, 2.76489e+06, 0
1.22146e+07, 3.67461e+06, 0
8.77343e+06, 2.74871e+06, 0
1.04271e+07, 3.92421e+06, 0
8.40207e+06, 2.34114e+06, 0
6.73661e+06, 1.87382e+06, 0
8.56004e+06, 3.13503e+06, 0
1.16062e+07, 1.3806e+06, 0
9.39878e+06, 3.72273e+06, 0
7.15435e+06, 2.6568e+06, 0
6.86507e+06, 2.3827e+06, 0
5.58746e+06, 801731, 0
9.97188e+06, 3.04544e+06, 0
9.51094e+06, 5.49211e+06, 0
9.94098e+06, 3.14521e+06, 0
9.0655e+06, 2.67489e+06, 0
7.8976e+06, 2.36289e+06, 0
8.65641e+06, 3.07654e+06, 0
6.59369e+06, 2.37566e+06, 0
9.10403e+06, 2.3764e+06, 0
8.51999e+06, 1.51431e+06, 0
8.10264e+06, 2.17427e+06, 0
6.87541e+06, 977768, 0
9.1179e+06, 1.11738e+06, 0
8.15049e+06, 4.02588e+06, 0
8.57594e+06, 3.9244e+06, 0
8.35453e+06, 690503, 0
5.7307e+06, 1.07396e+06, 0
8.25665e+06, 1.33577e+06, 0
7.02253e+06, 2.32167e+06, 0
8.52826e+06, 1.66182e+06, 0
1.0671e+07, 4.87622e+06, 0
7.37445e+06, 2.60883e+06, 0
6.21601e+06, 1.32736e+06, 0
7.67755e+06, 1.26602e+06, 0
8.47526e+06, 4.40061e+06, 0
8.08468e+06, 4.30552e+06, 0
7.1449e+06, 2.8408e+06, 0
8.19324e+06, 3.39472e+06, 0
1.12147e+07, 5.24371e+06, 0
8.80542e+06, 1.56331e+06, 0
7.13984e+06, 2.93412e+06, 0
5.66316e+06, 713616, 0
8.26789e+06, 2.18236e+06, 0
1.05272e+07, 3.39096e+06, 0
1.03417e+07, 6.22275e+06, 0
9.40444e+06, 2.9523e+06, 0
7.04821e+06, 2.13965e+06, 0
6.58051e+06, 1.44448e+06, 0
7.82111e+06, 1.99301e+06, 0
5.79932e+06, 1.34656e+06, 0
6.27257e+06, 2.07218e+06, 0
6.96426e+06, 1.70169e+06, 0
7.07282e+06, 2.08219e+06, 0
1.11552e+07, 935267, 0
7.27826e+06, 3.35113e+06, 0
8.01592e+06, 3.08155e+06, 0
1.21482e+07, 5.32748e+06, 0
8.79638e+06, 4.09025e+06, 0
1.37435e+07, 2.04536e+06, 0
8.18852e+06, 3.75612e+06, 0
7.904e+06, 4.06915e+06, 0
8.59853e+06, 4.11705e+06, 0
1.06275e+07, 2.57554e+06, 0
8.57843e+06, 2.92498e+06, 0
9.95532e+06, 4.40565e+06, 0
8.59856e+06, 4.6359e+06, 0
1.03814e+07, 5.83528e+06, 0
1.2216e+07, 4.42971e+06, 0
7.89816e+06, 3.52825e+06, 0
8.0073e+06, 922278, 0
1.03517e+07, 3.32072e+06, 0
7.21011e+06, 3.27703e+06, 0
6.98978e+06, 2.44357e+06, 0
9.54781e+06, 3.19371e+06, 0
9.56069e+06, 5.23823e+06, 0
8.05925e+06, 3.72801e+06, 0
6.02163e+06, 1.06327e+06, 0
7.34395e+06, 3.1988e+06, 0
7.00999e+06, 844904, 0
7.84279e+06, 1.29397e+06, 0
9.62079e+06, 5.62169e+06, 0
6.26515e+06, 1.1732e+06, 0
9.52235e+06, 3.90615e+06, 0
7.08291e+06, 979243, 0
6.93996e+06, 1.91019e+06, 0
9.70457e+06, 709105, 0
8.03108e+06, 3.01742e+06, 0
7.7857e+06, 1.72216e+06, 0
7.6566e+06, 3.62045e+06, 0
6.05339e+06, 1.61858e+06, 0
6.99993e+06, 1.99837e+06, 0
7.29052e+06, 2.99957e+06, 0
7.24085e+06, 509770, 0
8.95438e+06, 2.1208e+06, 0
8.08544e+06, 1.60534e+06, 0
7.34114e+06, 1.03538e+06, 0
8.13639e+06, 4.05154e+06, 0
9.59967e+06, 5.47924e+06, 0
1.06119e+07, 2.65294e+06, 0
6.98244e+06, 2.3367e+06, 0
7.37599e+06, 3.46299e+06, 0
6.80211e+06, 1.05912e+06, 0
1.03223e+07, 4.96825e+06, 0
9.47582e+06, 3.5632e+06, 0
1.22302e+07, 7.11493e+06, 0
1.02906e+07, 4.45613e+06, 0
1.03751e+07, 3.18889e+06, 0
7.93949e+06, 1.67954e+06, 0
1.06159e+07, 3.00595e+06, 0
7.82867e+06, 1.4992e+06, 0
6.81322e+06, 312213, 0
7.39497e+06, 1.69841e+06, 0
7.74328e+06, 471069, 0
1.33303e+07, 3.04193e+06, 0
8.4824e+06, 2.79089e+06, 0
7.44866e+06, 2.11e+06, 0
7.38074e+06, 3.36226e+06, 0
7.52598e+06, 1.23479e+06, 0
6.55167e+06, 2.50884e+06, 0
9.94786e+06, 2.89158e+06, 0
1.29499e+07, 2.15975e+06, 0
7.62417e+06, 1.38229e+06, 0
6.61287e+06, 1.89602e+06, 0
5.97137e+06, 881136, 0
7.58692e+06, 3.16932e+06, 0
1.27566e+07, 5.30882e+06, 0
8.76826e+06, 2.47088e+06, 0
9.8481e+06, 1.23391e+06, 0
7.13547e+06, 878918, 0
1.27946e+07, 6.35934e+06, 0
7.2016e+06, 1.18589e+06, 0
7.33931e+06, 2.28739e+06, 0
7.59104e+06, 3.19762e+06, 0
7.58932e+06, 933508, 0
7.77307e+06, 1.46345e+06, 0
5.92446e+06, 939488, 0
5.86641e+06, 1.56812e+06, 0
9.57748e+06, 4.77823e+06, 0
9.66345e+06, 4.34775e+06, 0
7.74408e+06, 2.59733e+06, 0
9.73275e+06, 5.157e+06, 0
7.68623e+06, 2.13707e+06, 0
8.17024e+06, 3.32767e+06, 0
7.78428e+06, 3.27767e+06, 0
1.21417e+07, 7.10029e+06, 0
1.06507e+07, 4.84348e+06, 0
1.02279e+07, 5.955e+06, 0
6.58016e+06, 2.51942e+06, 0
7.28368e+06, 2.93109e+06, 0
8.66309e+06, 3.44389e+06, 0
7.30927e+06, 2.84009e+06, 0
8.60562e+06, 854268, 0
7.86835e+06, 4.07196e+06, 0
8.18498e+06, 1.08652e+06, 0
9.60587e+06, 5.26067e+06, 0
7.89569e+06, 1.21675e+06, 0
6.81557e+06, 1.5456e+06, 0
8.03451e+06, 3.53916e+06, 0
7.14991e+06, 812009, 0
1.04732e+07, 3.28641e+06, 0
9.06241e+06, 3.72521e+06, 0
7.28767e+06, 2.70264e+06, 0
7.36908e+06, 3.05505e+06, 0
6.48479e+06, 1.32308e+06, 0
8.39755e+06, 2.2463e+06, 0
1.03823e+07, 813217, 0
7.9617e+06, 3.55374e+06, 0
9.85643e+06, 5.87665e+06, 0
9.63874e+06, 3.36216e+06, 0
7.09897e+06, 2.14713e+06, 0
1.04996e+07, 4.25153e+06, 0
7.2718e+06, 2.54541e+06, 0
8.86262e+06, 5.01376e+06, 0
5.90772e+06, 1.20634e+06, 0
8.92389e+06, 2.45701e+06, 0
7.36553e+06, 3.3562e+06, 0
7.78081e+06, 1.12436e+06, 0
6.51902e+06, 904442, 0
8.84014e+06, 2.78047e+06, 0
8.69915e+06, 1.07699e+06, 0
7.13005e+06, 3.24749e+06, 0
6.58438e+06, 1.65535e+06, 0
6.20176e+06, 642842, 0
6.96595e+06, 2.48489e+06, 0
5.92855e+06, 1.5477e+06, 0
8.0194e+06, 4.12661e+06, 0
7.59357e+06, 2.69656e+06, 0
1.15831e+07, 6.66097e+06, 0
8.22048e+06, 2.23576e+06, 0
7.16984e+06, 1.43202e+06, 0
8.65292e+06, 1.36369e+06, 0
9.49133e+06, 5.31436e+06, 0
8.51625e+06, 1.80992e+06, 0
8.07764e+06, 3.43135e+06, 0
9.83179e+06, 4.11607e+06, 0
1.27685e+07, 4.25265e+06, 0
7.78341e+06, 2.5712e+06, 0
1.16932e+07, 3.00444e+06, 0
8.06374e+06, 2.38157e+06, 0
6.69928e+06, 1.46779e+06, 0
8.25163e+06, 2.85881e+06, 0
1.10437e+07, 4.68754e+06, 0
5.52209e+06, 524720, 0
9.12252e+06, 1.22746e+06, 0
8.51065e+06, 470119, 0
5.56404e+06, 660187, 0
8.0723e+06, 1.80649e+06, 0
7.50408e+06, 2.44185e+06, 0
9.00198e+06, 2.1716e+06, 0
8.29189e+06, 463671, 0
6.40742e+06, 1.21351e+06, 0
9.79429e+06, 4.90375e+06, 0
8.5229e+06, 3.70336e+06, 0
8.88418e+06, 4.72311e+06, 0
9.26991e+06, 5.17955e+06, 0
8.28839e+06, 1.17588e+06, 0
9.3201e+06, 4.47582e+06, 0
1.33645e+07, 7.75238e+06, 0
1.01947e+07, 3.6067e+06, 0
6.85995e+06, 1.13616e+06, 0
9.18747e+06, 1.77011e+06, 0
6.98814e+06, 1.26737e+06, 0
1.44505e+07, 5.9687e+06, 0
9.08357e+06, 2.95724e+06, 0
7.49134e+06, 3.54628e+06, 0
9.46166e+06, 4.54105e+06, 0
1.10318e+07, 4.55308e+06, 0
1.44851e+07, 8.8849e+06, 0
6.81695e+06, 2.22575e+06, 0
9.21135e+06, 4.0001e+06, 0
9.11524e+06, 3.72872e+06, 0
7.46449e+06, 3.02572e+06, 0
9.05168e+06, 1.73256e+06, 0
1.06316e+07, 1.23704e+06, 0
9.08026e+06, 3.94452e+06, 0
5.90195e+06, 1.20563e+06, 0
6.60787e+06, 1.453e+06, 0
8.48911e+06, 4.63736e+06, 0
7.06483e+06, 2.07355e+06, 0
1.19338e+07, 2.99232e+06, 0
6.1575e+06, 1.36772e+06, 0
9.01497e+06, 3.07658e+06, 0
8.69607e+06, 3.56998e+06, 0
6.35254e+06, 1.91274e+06, 0
8.61293e+06, 4.27241e+06, 0
7.23639e+06, 2.27812e+06, 0
8.25875e+06, 4.36773e+06, 0
5.97045e+06, 1.32093e+06, 0
7.24374e+06, 2.27464e+06, 0
8.632e+06, 4.52186e+06, 0
6.89142e+06, 1.51684e+06, 0
7.49765e+06, 2.90442e+06, 0
5.82989e+06, 243598, 0
7.66729e+06, 2.14133e+06, 0
9.81516e+06, 3.74753e+06, 0
7.50049e+06, 3.38381e+06, 0
6.95773e+06, 2.75347e+06, 0
7.36518e+06, 3.04505e+06, 0
6.37199e+06, 2.27911e+06, 0
1.02777e+07, 5.09228e+06, 0
7.55113e+06, 2.42085e+06, 0
7.1646e+06, 1.83343e+06, 0
8.39387e+06, 4.01171e+06, 0
9.8034e+06, 3.45684e+06, 0
9.86778e+06, 2.55832e+06, 0
5.51912e+06, 602535, 0
6.76769e+06, 2.19614e+06, 0
8.13328e+06, 3.32683e+06, 0
8.2336e+06, 1.78784e+06, 0
5.76465e+06, 1.16039e+06, 0
6.42157e+06, 966937, 0
9.67868e+06, 5.75637e+06, 0
7.72709e+06, 3.32737e+06, 0
6.41155e+06, 1.98624e+06, 0
1.06509e+07, 3.05661e+06, 0
8.25549e+06, 3.30195e+06, 0
6.29183e+06, 1.65411e+06, 0
8.36954e+06, 2.16217e+06, 0
6.2873e+06, 1.20801e+06, 0
9.06167e+06, 2.04865e+06, 0
9.21093e+06, 4.85478e+06, 0
7.69635e+06, 1.24389e+06, 0
1.22866e+07, 1.8173e+06, 0
6.57225e+06, 2.29591e+06, 0
8.97834e+06, 4.12684e+06, 0
6.05175e+06, 1.57791e+06, 0
1.02516e+07, 2.24815e+06, 0
9.94117e+06, 2.94674e+06, 0
1.44257e+07, 3.64915e+06, 0
1.26761e+07, 3.70183e+06, 0
8.13982e+06, 3.26662e+06, 0
8.56105e+06, 3.2221e+06, 0
1.06365e+07, 2.60119e+06, 0
1.17687e+07, 5.27748e+06, 0
8.30739e+06, 1.39578e+06, 0
8.45654e+06, 1.83404e+06, 0
8.43824e+06, 3.26759e+06, 0
7.39384e+06, 3.50211e+06, 0
8.1276e+06, 3.85757e+06, 0
1.01713e+07, 5.77938e+06, 0
9.08009e+06, 2.77452e+06, 0
1.02983e+07, 5.26367e+06, 0
6.95109e+06, 2.92586e+06, 0
6.54775e+06, 1.55981e+06, 0
8.51386e+06, 2.6647e+06, 0
6.02866e+06, 1.69184e+06, 0
9.85628e+06, 4.64259e+06, 0
5.99175e+06, 1.74977e+06, 0
8.34155e+06, 3.58707e+06, 0
7.10901e+06, 2.23905e+06, 0
8.92921e+06, 3.02772e+06, 0
9.81542e+06, 3.90903e+06, 0
8.23412e+06, 3.71665e+06, 0
8.30911e+06, 3.51651e+06, 0
8.73716e+06, 3.1659e+06, 0
6.68595e+06, 1.85529e+06, 0
8.80878e+06, 4.00792e+06, 0
6.74847e+06, 1.54904e+06, 0
1.01619e+07, 4.03714e+06, 0
7.69138e+06, 1.6525e+06, 0
9.86677e+06, 2.21493e+06, 0
9.13327e+06, 4.82579e+06, 0
8.17357e+06, 2.27395e+06, 0
1.0406e+07, 4.71659e+06, 0
9.00238e+06, 3.80034e+06, 0
8.92313e+06, 2.45212e+06, 0
7.9741e+06, 3.02711e+06, 0
7.24498e+06, 2.03167e+06, 0
6.86456e+06, 1.0587e+06, 0
9.47938e+06, 1.67538e+06, 0
1.1719e+07, 7.43636e+06, 0
7.51571e+06, 2.85537e+06, 0
8.45811e+06, 3.45898e+06, 0
1.15765e+07, 7.27996e+06, 0
8.38515e+06, 2.14197e+06, 0
6.87097e+06, 1.84722e+06, 0
9.81647e+06, 3.12126e+06, 0
1.07945e+07, 2.9941e+06, 0
7.00671e+06, 1.85309e+06, 0
8.60473e+06, 4.30975e+06, 0
8.6252e+06, 4.08641e+06, 0
8.42748e+06, 2.69137e+06, 0
6.88594e+06, 1.69672e+06, 0
7.26731e+06, 2.87322e+06, 0
1.05405e+07, 2.71243e+06, 0
7.67648e+06, 3.13785e+06, 0
1.15312e+07, 5.28457e+06, 0
8.68215e+06, 3.98554e+06, 0
1.07141e+07, 2.20592e+06, 0
8.55796e+06, 4.09443e+06, 0
8.60225e+06, 4.04801e+06, 0
1.13895e+07, 5.53595e+06, 0
7.70105e+06, 3.21553e+06, 0
1.36696e+07, 1.9989e+06, 0
9.40423e+06, 1.74726e+06, 0
9.86916e+06, 4.15226e+06, 0
8.18234e+06, 2.18549e+06, 0
8.36727e+06, 3.72452e+06, 0
7.3997e+06, 1.93447e+06, 0
6.26064e+06, 1.18918e+06, 0
8.86121e+06, 2.85337e+06, 0
1.13139e+07, 1.81745e+06, 0
7.04867e+06, 1.17812e+06, 0
6.77804e+06, 2.55268e+06, 0
6.57379e+06, 1.04465e+06, 0
1.23009e+07, 2.13066e+06, 0
7.21237e+06, 3.13186e+06, 0
8.54772e+06, 1.75276e+06, 0
8.85058e+06, 4.30503e+06, 0
1.13856e+07, 4.64305e+06, 0
9.83607e+06, 1.88766e+06, 0
6.3122e+06, 2.19799e+06, 0
9.53657e+06, 1.74327e+06, 0
1.08667e+07, 1.86511e+06, 0
6.12683e+06, 789295, 0
1.07885e+07, 685000, 0
7.87525e+06, 2.70447e+06, 0
6.93738e+06, 1.82573e+06, 0
8.66219e+06, 3.38095e+06, 0
7.28825e+06, 3.18142e+06, 0
6.25731e+06, 1.69413e+06, 0
7.66978e+06, 3.09858e+06, 0
7.95299e+06, 930480, 0
8.41922e+06, 3.18198e+06, 0
8.05058e+06, 2.35126e+06, 0
6.33137e+06, 1.32887e+06, 0
8.41566e+06, 3.90181e+06, 0
1.16297e+07, 4.88165e+06, 0
6.66941e+06, 2.20714e+06, 0
7.91141e+06, 3.50831e+06, 0
1.03765e+07, 5.37052e+06, 0
7.21677e+06, 3.16977e+06, 0
7.40769e+06, 3.5017e+06, 0
1.07414e+07, 2.71397e+06, 0
9.843e+06, 4.54629e+06, 0
8.12085e+06, 917809, 0
7.66152e+06, 2.42649e+06, 0
8.28643e+06, 4.02175e+06, 0
1.37512e+07, 8.51915e+06, 0
8.86626e+06, 154937, 0
9.23715e+06, 1.99251e+06, 0
8.82266e+06, 2.23477e+06, 0
9.26654e+06, 4.82288e+06, 0
1.18786e+07, 5.45765e+06, 0
6.86443e+06, 2.77522e+06, 0
1.01532e+07, 3.9688e+06, 0
9.80248e+06, 3.23924e+06, 0
8.3e+06, 2.12679e+06, 0
7.20158e+06, 2.19511e+06, 0
9.68295e+06, 4.97754e+06, 0
6.92832e+06, 1.96675e+06, 0
9.53663e+06, 3.38256e+06, 0
5.98384e+06, 1.28097e+06, 0
1.01273e+07, 5.24373e+06, 0
6.2245e+06, 1.09117e+06, 0
6.41797e+06, 1.90618e+06, 0
1.30607e+07, 2.39863e+06, 0
7.19392e+06, 539771, 0
7.45572e+06, 2.50742e+06, 0
8.12439e+06, 2.17718e+06, 0
6.13868e+06, 1.51056e+06, 0
9.47913e+06, 4.04433e+06, 0
7.88507e+06, 2.31708e+06, 0
8.79052e+06, 3.90783e+06, 0
9.24201e+06, 1.57789e+06, 0
9.6203e+06, 3.17162e+06, 0
6.27323e+06, 665429, 0
8.42853e+06, 3.11144e+06, 0
6.03007e+06, 344502, 0
7.27088e+06, 478479, 0
8.89053e+06, 3.21105e+06, 0
1.03443e+07, 1.64911e+06, 0
7.69793e+06, 1.25004e+06, 0
9.96197e+06, 5.27331e+06, 0
5.72618e+06, 1.18272e+06, 0
1.26216e+07, 7.00135e+06, 0
7.4757e+06, 2.72877e+06, 0
5.97028e+06, 1.04448e+06, 0
8.99167e+06, 1.00484e+06, 0
1.04956e+07, 2.87833e+06, 0
8.55317e+06, 580013, 0
1.11689e+07, 3.21443e+06, 0
9.31941e+06, 2.77352e+06, 0
1.10865e+07, 6.09779e+06, 0
1.32124e+07, 5.55434e+06, 0
8.93624e+06, 4.84439e+06, 0
8.0524e+06, 3.98246e+06, 0
1.25011e+07, 5.30172e+06, 0
8.14502e+06, 1.13204e+06, 0
1.26894e+07, 3.56948e+06, 0
8.45623e+06, 1.56371e+06, 0
8.17384e+06, 1.91942e+06, 0
8.79548e+06, 2.63112e+06, 0
9.63739e+06, 3.83833e+06, 0
7.55279e+06, 981758, 0
1.0966e+07, 4.23875e+06, 0
7.27827e+06, 1.84298e+06, 0
7.30999e+06, 814808, 0
6.69408e+06, 1.54208e+06, 0
6.65849e+06, 172123, 0
1.13165e+07, 7.11403e+06, 0
1.32233e+07, 7.3358e+06, 0
8.09768e+06, 3.80766e+06, 0
7.59051e+06, 2.23658e+06, 0
7.04458e+06, 2.60964e+06, 0
1.19595e+07, 4.08747e+06, 0
6.1844e+06, 1.63886e+06, 0
8.26939e+06, 2.40519e+06, 0
1.27742e+07, 1.57146e+06, 0
8.83568e+06, 3.63791e+06, 0
6.51919e+06, 1.93055e+06, 0
8.64237e+06, 2.71752e+06, 0
7.96468e+06, 4.19438e+06, 0
7.80171e+06, 1.00094e+06, 0
8.30777e+06, 3.73571e+06, 0
1.10394e+07, 6.03081e+06, 0
7.68523e+06, 3.49488e+06, 0
1.0408e+07, 6.17211e+06, 0
1.02314e+07, 5.67297e+06, 0
7.65881e+06, 2.57021e+06, 0
1.12027e+07, 4.53486e+06, 0
7.87837e+06, 2.61988e+06, 0
9.06869e+06, 3.9746e+06, 0
1.11606e+07, 4.09494e+06, 0
6.21398e+06, 838956, 0
6.02055e+06, 1.57262e+06, 0
9.22503e+06, 2.494e+06, 0
6.40388e+06, 1.09389e+06, 0
1.07179e+07, 6.09065e+06, 0
1.15159e+07, 2.92696e+06, 0
1.25558e+07, 1.31212e+06, 0
1.00299e+07, 3.07812e+06, 0
7.52057e+06, 159127, 0
9.70732e+06, 1.24382e+06, 0
8.82937e+06, 3.58512e+06, 0
8.83575e+06, 3.76567e+06, 0
9.05168e+06, 3.41422e+06, 0
9.63247e+06, 4.3172e+06, 0
9.61298e+06, 4.00703e+06, 0
9.75676e+06, 4.93812e+06, 0
7.85742e+06, 1.39019e+06, 0
6.9451e+06, 3.00456e+06, 0
1.37932e+07, 3.26681e+06, 0
9.78906e+06, 2.66804e+06, 0
1.41593e+07, 6.86365e+06, 0
7.69125e+06, 2.75905e+06, 0
7.38497e+06, 1.52983e+06, 0
8.5564e+06, 3.76821e+06, 0
8.06779e+06, 4.00975e+06, 0
6.18811e+06, 1.60241e+06, 0
8.64648e+06, 1.30914e+06, 0
9.55247e+06, 5.20341e+06, 0
7.01027e+06, 2.98015e+06, 0
9.62652e+06, 3.79952e+06, 0
9.19078e+06, 4.68714e+06, 0
1.04726e+07, 6.2383e+06, 0
8.58955e+06, 661666, 0
1.36379e+07, 7.60788e+06, 0
8.19522e+06, 1.53742e+06, 0
8.07567e+06, 1.25922e+06, 0
9.20202e+06, 4.65471e+06, 0
8.85599e+06, 1.9664e+06, 0
7.70801e+06, 3.55993e+06, 0
1.01712e+07, 3.85437e+06, 0
1.04374e+07, 3.57461e+06, 0
6.23074e+06, 777194, 0
7.41859e+06, 3.18415e+06, 0
9.70753e+06, 4.84404e+06, 0
8.11752e+06, 2.164e+06, 0
7.7882e+06, 3.60528e+06, 0
9.062e+06, 1.99252e+06, 0
5.74321e+06, 788560, 0
8.83507e+06, 1.23205e+06, 0
6.21229e+06, 1.67084e+06, 0
7.86455e+06, 796745, 0
6.19894e+06, 1.99793e+06, 0
8.8708e+06, 4.2299e+06, 0
6.5491e+06, 1.12606e+06, 0
1.04433e+07, 5.52675e+06, 0
8.4818e+06, 3.92671e+06, 0
9.21924e+06, 5.16997e+06, 0
1.69773e+07, 4.12952e+06, 0
5.53962e+06, 446109, 0
1.03784e+07, 3.90049e+06, 0
1.43839e+07, 7.0951e+06, 0
1.02921e+07, 3.89958e+06, 0
7.55465e+06, 1.33658e+06, 0
9.0057e+06, 3.78345e+06, 0
9.53495e+06, 4.14323e+06, 0
7.45152e+06, 2.1439e+06, 0
9.56546e+06, 1.74375e+06, 0
6.36953e+06, 2.39757e+06, 0
7.82788e+06, 4.05449e+06, 0
8.97896e+06, 3.99038e+06, 0
7.45287e+06, 2.35625e+06, 0
6.69559e+06, 464213, 0
8.14489e+06, 2.37078e+06, 0
8.32299e+06, 280580, 0
7.54589e+06, 2.82498e+06, 0
5.96005e+06, 1.75381e+06, 0
6.70664e+06, 1.38213e+06, 0
8.78812e+06, 3.514e+06, 0
9.06312e+06, 3.3039e+06, 0
8.06544e+06, 2.42206e+06, 0
6.40349e+06, 2.3489e+06, 0
1.15466e+07, 189875, 0
7.77598e+06, 3.66462e+06, 0
7.93271e+06, 4.14331e+06, 0
8.7906e+06, 3.81084e+06, 0
6.24172e+06, 1.75525e+06, 0
5.66186e+06, 381667, 0
1.27976e+07, 4.1859e+06, 0
1.35793e+07, 5.172e+06, 0
7.1082e+06, 2.49359e+06, 0
7.75368e+06, 3.92271e+06, 0
1.60604e+07, 3.19126e+06, 0
7.92206e+06, 3.77304e+06, 0
7.00987e+06, 2.06701e+06, 0
9.36392e+06, 2.2588e+06, 0
8.11642e+06, 1.35921e+06, 0
6.48603e+06, 2.48407e+06, 0
8.49269e+06, 2.99734e+06, 0
6.77086e+06, 2.39362e+06, 0
8.5347e+06, 3.1139e+06, 0
6.46181e+06, 1.72485e+06, 0
7.76651e+06, 703575, 0
1.16426e+07, 2.9423e+06, 0
9.62242e+06, 2.57164e+06, 0
7.35238e+06, 2.86671e+06, 0
8.46287e+06, 3.108e+06, 0
7.80569e+06, 1.28253e+06, 0
1.07517e+07, 4.76425e+06, 0
1.06064e+07, 6.05424e+06, 0
8.47393e+06, 1.51436e+06, 0
6.67147e+06, 1.56865e+06, 0
1.50824e+07, 4.09663e+06, 0
6.08976e+06, 668385, 0
8.59548e+06, 4.10952e+06, 0
9.23222e+06, 2.86853e+06, 0
9.53741e+06, 4.51279e+06, 0
8.69789e+06, 4.11703e+06, 0
6.71283e+06, 2.22467e+06, 0
9.40164e+06, 2.96521e+06, 0
7.283e+06, 990756, 0
1.44432e+07, 6.29988e+06, 0
1.16925e+07, 7.05797e+06, 0
8.64646e+06, 1.50702e+06, 0
5.94572e+06, 1.29876e+06, 0
7.02382e+06, 2.56569e+06, 0
8.56914e+06, 1.80064e+06, 0
1.08834e+07, 2.79387e+06, 0
6.35262e+06, 1.79985e+06, 0
8.0921e+06, 2.42168e+06, 0
7.39657e+06, 3.44344e+06, 0
1.02821e+07, 6.19396e+06, 0
7.59287e+06, 2.70865e+06, 0
7.83446e+06, 2.6148e+06, 0
6.5787e+06, 2.00424e+06, 0
8.11748e+06, 1.78527e+06, 0
1.00749e+07, 2.60102e+06, 0
6.41908e+06, 2.2637e+06, 0
1.18917e+07, 5.33467e+06, 0
8.38815e+06, 2.59819e+06, 0
6.38906e+06, 1.40296e+06, 0
1.54275e+07, 4.80454e+06, 0
8.48631e+06, 4.65702e+06, 0
7.57458e+06, 3.66247e+06, 0
9.00137e+06, 4.45799e+06, 0
9.02732e+06, 4.11121e+06, 0
9.87992e+06, 5.02138e+06, 0
7.29404e+06, 2.56757e+06, 0
1.04367e+07, 3.57686e+06, 0
1.35087e+07, 2.45412e+06, 0
8.03753e+06, 2.86315e+06, 0
8.0345e+06, 1.00338e+06, 0
7.59493e+06, 2.81569e+06, 0
5.86756e+06, 1.60192e+06, 0
8.8022e+06, 3.37184e+06, 0
8.73168e+06, 1.90862e+06, 0
6.98088e+06, 2.44127e+06, 0
8.81896e+06, 723945, 0
7.26012e+06, 1.79136e+06, 0
8.99109e+06, 3.89932e+06, 0
8.52107e+06, 2.22923e+06, 0
7.50094e+06, 2.10161e+06, 0
7.40944e+06, 1.16774e+06, 0
6.15373e+06, 1.80455e+06, 0
1.10418e+07, 3.24618e+06, 0
9.14196e+06, 3.4141e+06, 0
7.63045e+06, 1.13872e+06, 0
6.48696e+06, 2.50212e+06, 0
9.29834e+06, 3.21817e+06, 0
9.58115e+06, 4.95013e+06, 0
9.02222e+06, 3.90091e+06, 0
1.04926e+07, 3.81535e+06, 0
7.32758e+06, 2.75522e+06, 0
6.53233e+06, 1.98475e+06, 0
9.68453e+06, 3.17062e+06, 0
1.32993e+07, 6.01238e+06, 0
6.91211e+06, 3.01382e+06, 0
7.30944e+06, 2.0395e+06, 0
7.88445e+06, 2.15033e+06, 0
1.36316e+07, 8.00623e+06, 0
8.75305e+06, 966013, 0
9.88717e+06, 4.3632e+06, 0
6.63883e+06, 1.78148e+06, 0
1.06872e+07, 2.93544e+06, 0
6.99199e+06, 3.04872e+06, 0
9.37736e+06, 2.3952e+06, 0
8.07222e+06, 3.70695e+06, 0
8.82989e+06, 4.35874e+06, 0
9.96142e+06, 5.37675e+06, 0
9.90755e+06, 4.24163e+06, 0
8.3428e+06, 2.55421e+06, 0
6.89108e+06, 2.84557e+06, 0
1.3838e+07, 7.89635e+06, 0
7.16738e+06, 1.62619e+06, 0
9.12214e+06, 2.03447e+06, 0
6.09554e+06, 1.89177e+06, 0
1.149e+07, 2.01502e+06, 0
6.47553e+06, 810923, 0
1.08797e+07, 3.90799e+06, 0
9.56892e+06, 679108, 0
8.52808e+06, 4.39628e+06, 0
1.00738e+07, 5.9196e+06, 0
8.67079e+06, 4.08145e+06, 0
9.32338e+06, 2.80016e+06, 0
9.39615e+06, 3.43694e+06, 0
8.39042e+06, 2.72355e+06, 0
9.91952e+06, 4.66805e+06, 0
7.78037e+06, 3.88992e+06, 0
6.83881e+06, 1.88838e+06, 0
1.12984e+07, 3.16349e+06, 0
7.97094e+06, 2.01795e+06, 0
9.13864e+06, 4.3921e+06, 0
7.36205e+06, 1.62795e+06, 0
9.31782e+06, 4.77685e+06, 0
8.80712e+06, 4.27238e+06, 0
8.22255e+06, 4.31341e+06, 0
9.30848e+06, 1.59587e+06, 0
7.81073e+06, 1.04712e+06, 0
6.14347e+06, 1.76085e+06, 0
9.1697e+06, 3.18753e+06, 0
1.04863e+07, 3.21712e+06, 0
8.37358e+06, 2.15244e+06, 0
7.7392e+06, 2.52683e+06, 0
8.66183e+06, 1.59316e+06, 0
8.09418e+06, 2.5049e+06, 0
8.48828e+06, 1.12954e+06, 0
6.90341e+06, 2.50189e+06, 0
9.04281e+06, 2.88551e+06, 0
7.57372e+06, 2.44181e+06, 0
6.4174e+06, 449953, 0
1.06598e+07, 4.85719e+06, 0
7.87096e+06, 2.97265e+06, 0
7.71736e+06, 3.60551e+06, 0
7.45945e+06, 549733, 0
8.87681e+06, 1.68414e+06, 0
7.47814e+06, 3.2179e+06, 0
7.86442e+06, 3.3851e+06, 0
7.24078e+06, 3.3464e+06, 0
1.3943e+07, 4.20128e+06, 0
1.05781e+07, 3.28665e+06, 0
8.23567e+06, 2.45793e+06, 0
9.54529e+06, 4.73318e+06, 0
9.79633e+06, 5.36723e+06, 0
7.25118e+06, 3.40262e+06, 0
7.56941e+06, 3.20105e+06, 0
1.17875e+07, 5.628e+06, 0
8.5546e+06, 4.5111e+06, 0
6.44152e+06, 1.30973e+06, 0
7.31774e+06, 2.71247e+06, 0
8.09198e+06, 2.01502e+06, 0
1.4205e+07, 6.85145e+06, 0
6.09672e+06, 1.11214e+06, 0
9.13092e+06, 2.62336e+06, 0
1.10919e+07, 3.03334e+06, 0
6.22092e+06, 2.02402e+06, 0
1.28355e+07, 2.08187e+06, 0
9.39524e+06, 2.28231e+06, 0
8.09886e+06, 3.12644e+06, 0
7.88869e+06, 2.89828e+06, 0
6.293e+06, 1.40197e+06, 0
7.57161e+06, 1.64665e+06, 0
6.24661e+06, 2.16003e+06, 0
1.18574e+07, 5.86878e+06, 0
5.95077e+06, 642615, 0
9.74667e+06, 2.04698e+06, 0
7.03095e+06, 877345, 0
7.70809e+06, 3.04204e+06, 0
8.02874e+06, 3.73986e+06, 0
1.41268e+07, 3.41854e+06, 0
7.59329e+06, 3.23261e+06, 0
1.11067e+07, 3.71784e+06, 0
9.06423e+06, 3.7377e+06, 0
8.67436e+06, 1.93521e+06, 0
9.06218e+06, 2.94656e+06, 0
8.05338e+06, 1.79794e+06, 0
8.13969e+06, 2.81742e+06, 0
9.12187e+06, 2.91594e+06, 0
1.17076e+07, 5.6075e+06, 0
8.63246e+06, 1.72033e+06, 0
7.46565e+06, 1.05565e+06, 0
1.36319e+07, 5.25881e+06, 0
6.45808e+06, 1.24728e+06, 0
7.22435e+06, 1.64166e+06, 0
8.56565e+06, 4.05332e+06, 0
1.26917e+07, 2.16743e+06, 0
1.03656e+07, 5.12598e+06, 0
9.19688e+06, 4.87151e+06, 0
1.04013e+07, 5.1418e+06, 0
9.50625e+06, 4.86865e+06, 0
7.1686e+06, 1.65446e+06, 0
9.27073e+06, 3.88879e+06, 0
7.58732e+06, 2.71283e+06, 0
7.2663e+06, 1.75614e+06, 0
7.40484e+06, 2.47781e+06, 0
1.00507e+07, 2.50658e+06, 0
7.22345e+06, 1.58534e+06, 0
6.54787e+06, 540008, 0
8.69071e+06, 4.1936e+06, 0
6.56883e+06, 1.56954e+06, 0
7.50137e+06, 2.34466e+06, 0
5.69158e+06, 467227, 0
8.16364e+06, 1.032e+06, 0
8.15191e+06, 3.99045e+06, 0
9.72113e+06, 2.18686e+06, 0
9.06737e+06, 3.89412e+06, 0
5.92797e+06, 1.49698e+06, 0
7.00181e+06, 2.35234e+06, 0
6.50878e+06, 2.05149e+06, 0
7.18741e+06, 2.55451e+06, 0
7.28598e+06, 1.52889e+06, 0
1.41632e+07, 6.13414e+06, 0
6.8999e+06, 1.92073e+06, 0
6.27972e+06, 2.00477e+06, 0
9.98069e+06, 3.95377e+06, 0
1.16286e+07, 7.30229e+06, 0
6.29646e+06, 1.88164e+06, 0
1.34362e+07, 4.16058e+06, 0
9.7646e+06, 62262.8, 0
7.57442e+06, 2.16552e+06, 0
8.84894e+06, 1.39352e+06, 0
7.04041e+06, 2.31619e+06, 0
7.24253e+06, 1.55929e+06, 0
9.49857e+06, 4.27685e+06, 0
1.02025e+07, 2.55439e+06, 0
1.34722e+07, 3.13687e+06, 0
9.06625e+06, 5.01197e+06, 0
6.23232e+06, 1.34348e+06, 0
1.018e+07, 2.03551e+06, 0
6.28719e+06, 286016, 0
6.46002e+06, 2.43027e+06, 0
9.83575e+06, 4.72814e+06, 0
6.88807e+06, 1.5961e+06, 0
9.39004e+06, 2.95651e+06, 0
7.73062e+06, 3.68943e+06, 0
9.2268e+06, 4.20578e+06, 0
