9.7359e+06, 2.11478e+06, 0
6.6204e+06, 972722, 0
1.10578e+07, 5.33462e+06, 0
9.27532e+06, 3.96334e+06, 0
8.02139e+06, 1.71111e+06, 0
4.8116e+06, 138259, 0
4.596e+06, 1.00403e+06, 0
5.25498e+06, 1.61461e+06, 0
7.31284e+06, 2.15105e+06, 0
6.58722e+06, 1.6843e+06, 0
6.39708e+06, 3.0562e+06, 0
7.04276e+06, 3.83576e+06, 0
8.11008e+06, 1.83275e+06, 0
7.13559e+06, 3.2389e+06, 0
7.63738e+06, 3.72761e+06, 0
8.33982e+06, 4.42651e+06, 0
6.50012e+06, 1.49232e+06, 0
7.95486e+06, 1.08051e+06, 0
7.3217e+06, 2.25021e+06, 0
8.76822e+06, 2.56909e+06, 0
8.35362e+06, 4.96858e+06, 0
9.27225e+06, 1.04078e+06, 0
1.07126e+07, 4.02504e+06, 0
5.80813e+06, 1.36897e+06, 0
4.65842e+06, 1.84498e+06, 0
5.92537e+06, 548519, 0
7.21271e+06, 3.2957e+06, 0
5.34102e+06, 2.53856e+06, 0
5.88413e+06, 2.49931e+06, 0
1.05812e+07, 1.8145e+06, 0
9.93446e+06, 2.95265e+06, 0
6.28487e+06, 3.26259e+06, 0
1.18031e+07, 4.95993e+06, 0
1.02963e+07, 4.13862e+06, 0
7.07594e+06, 3.49158e+06, 0
4.9285e+06, 2.20309e+06, 0
1.05489e+07, 1.9768e+06, 0
8.16562e+06, 1.25284e+06, 0
5.71485e+06, 2.41914e+06, 0
1.22666e+07, 6.73554e+06, 0
6.34769e+06, 2.53404e+06, 0
7.05618e+06, 2.37329e+06, 0
8.60743e+06, 825019, 0
4.50102e+06, 1.12515e+06, 0
1.78561e+07, 1.78114e+06, 0
7.83267e+06, 4.19609e+06, 0
5.64225e+06, 2.02691e+06, 0
7.54968e+06, 3.27042e+06, 0
5.6579e+06, 1.78894e+06, 0
1.16877e+07, 7.31821e+06, 0
1.00242e+07, 5.47494e+06, 0
6.2882e+06, 3.05925e+06, 0
6.93079e+06, 2.65344e+06, 0
7.47296e+06, 4.0991e+06, 0
6.62237e+06, 2.11381e+06, 0
8.45326e+06, 4.70415e+06, 0
6.22785e+06, 2.42284e+06, 0
1.11804e+07, 3.67679e+06, 0
7.01994e+06, 1.19467e+06, 0
5.12536e+06, 1.47745e+06, 0
8.59859e+06, 1.07839e+06, 0
8.79103e+06, 3.9267e+06, 0
8.86674e+06, 1.02889e+06, 0
7.69301e+06, 636598, 0
4.86602e+06, 615349, 0
6.80699e+06, 1.49927e+06, 0
5.60676e+06, 2.66344e+06, 0
1.12829e+07, 5.8675e+06, 0
6.48246e+06, 1.96971e+06, 0
1.39063e+07, 6.56526e+06, 0
8.40882e+06, 5.25011e+06, 0
6.13939e+06, 1.65405e+06, 0
1.06417e+07, 1.70334e+06, 0
5.21297e+06, 2.51044e+06, 0
5.94094e+06, 554775, 0
5.7829e+06, 2.17536e+06, 0
6.4682e+06, 916958, 0
8.32337e+06, 2.69412e+06, 0
1.07162e+07, 3.10433e+06, 0
6.9191e+06, 601942, 0
6.06805e+06, 2.82969e+06, 0
9.71671e+06, 5.3618e+06, 0
7.50441e+06, 746699, 0
7.9691e+06, 1.2634e+06, 0
4.31111e+06, 533237, 0
6.9336e+06, 3.425e+06, 0
1.04335e+07, 1.71175e+06, 0
6.60109e+06, 1.20595e+06, 0
7.46946e+06, 193658, 0
4.14702e+06, 750683, 0
6.18382e+06, 3.30969e+06, 0
8.00094e+06, 4.80664e+06, 0
6.50778e+06, 3.28236e+06, 0
4.93985e+06, 2.3286e+06, 0
8.47852e+06, 4.6613e+06, 0
7.68007e+06, 2.3938e+06, 0
4.98104e+06, 2.28324e+06, 0
6.64589e+06, 2.26582e+06, 0
6.29921e+06, 1.27234e+06, 0
9.5867e+06, 1.98268e+06, 0
6.9957e+06, 2.32464e+06, 0
1.30411e+07, 8.2057e+06, 0
8.19272e+06, 4.49663e+06, 0
6.03336e+06, 2.39233e+06, 0
7.94301e+06, 2.13164e+06, 0
7.78265e+06, 1.79072e+06, 0
4.35994e+06, 1.00544e+06, 0
5.13751e+06, 1.98255e+06, 0
8.09501e+06, 2.63784e+06, 0
8.61058e+06, 2.94625e+06, 0
6.34191e+06, 1.99561e+06, 0
7.41243e+06, 3.28254e+06, 0
7.36374e+06, 4.31249e+06, 0
7.45021e+06, 3.99787e+06, 0
8.64923e+06, 4.89446e+06, 0
7.50741e+06, 4.45355e+06, 0
8.85384e+06, 4.86691e+06, 0
4.90669e+06, 1.71699e+06, 0
8.72946e+06, 4.07195e+06, 0
8.441e+06, 1.26287e+06, 0
1.15903e+07, 3.29121e+06, 0
6.10575e+06, 1.99124e+06, 0
6.25975e+06, 2.13868e+06, 0
5.53943e+06, 2.13892e+06, 0
7.30478e+06, 4.48459e+06, 0
1.05459e+07, 2.09574e+06, 0
6.65667e+06, 2.04904e+06, 0
5.85957e+06, 2.52404e+06, 0
5.61524e+06, 1.21701e+06, 0
4.8694e+06, 1.02864e+06, 0
8.32516e+06, 2.02419e+06, 0
5.77454e+06, 1.19344e+06, 0
7.62297e+06, 2.08206e+06, 0
6.21325e+06, 3.29921e+06, 0
9.22109e+06, 2.71293e+06, 0
8.67101e+06, 3.20944e+06, 0
7.93766e+06, 1.94616e+06, 0
8.27066e+06, 1.89298e+06, 0
9.08981e+06, 3.93629e+06, 0
4.79845e+06, 311943, 0
1.01989e+07, 5.96006e+06, 0
6.32878e+06, 2.64776e+06, 0
5.53479e+06, 2.80572e+06, 0
8.00579e+06, 3.95108e+06, 0
5.44425e+06, 2.33559e+06, 0
4.28852e+06, 63507, 0
8.20527e+06, 2.59583e+06, 0
4.85418e+06, 615153, 0
8.7838e+06, 2.57527e+06, 0
1.14377e+07, 3.07518e+06, 0
7.86316e+06, 2.3523e+06, 0
7.85968e+06, 1.85649e+06, 0
9.57056e+06, 2.6675e+06, 0
7.93569e+06, 2.71374e+06, 0
6.93868e+06, 4.10171e+06, 0
9.99143e+06, 3.62334e+06, 0
5.48478e+06, 2.51635e+06, 0
8.43759e+06, 806359, 0
6.19572e+06, 3.20326e+06, 0
8.75321e+06, 4.79622e+06, 0
5.6311e+06, 1.92089e+06, 0
4.12522e+06, 1.17666e+06, 0
8.1931e+06, 3.93469e+06, 0
6.05975e+06, 2.47832e+06, 0
7.753e+06, 2.08397e+06, 0
1.26964e+07, 7.45157e+06, 0
5.73826e+06, 1.8248e+06, 0
7.79447e+06, 4.7599e+06, 0
5.09177e+06, 433326, 0
5.95423e+06, 1.22768e+06, 0
8.35571e+06, 4.49647e+06, 0
5.28699e+06, 2.53826e+06, 0
7.14316e+06, 3.42833e+06, 0
6.31648e+06, 2.70505e+06, 0
9.80363e+06, 5.78526e+06, 0
1.17113e+07, 3.78468e+06, 0
4.6964e+06, 1.33437e+06, 0
6.56784e+06, 703087, 0
5.00896e+06, 2.40872e+06, 0
6.68341e+06, 1.44735e+06, 0
8.31282e+06, 3.38845e+06, 0
5.80419e+06, 1.9694e+06, 0
6.61037e+06, 1.05254e+06, 0
7.36797e+06, 1.86763e+06, 0
9.55045e+06, 4.65375e+06, 0
8.33225e+06, 1.26888e+06, 0
8.95741e+06, 1.41931e+06, 0
1.1663e+07, 4.38191e+06, 0
6.05747e+06, 2.77512e+06, 0
1.47571e+07, 5.49669e+06, 0
8.56914e+06, 4.07991e+06, 0
3.79701e+06, 547845, 0
4.71993e+06, 864758, 0
5.65648e+06, 1.7162e+06, 0
5.68711e+06, 2.31637e+06, 0
8.91173e+06, 4.4081e+06, 0
1.03223e+07, 3.78962e+06, 0
1.07694e+07, 2.68415e+06, 0
6.63109e+06, 2.27262e+06, 0
8.39227e+06, 3.04675e+06, 0
7.758e+06, 2.12156e+06, 0
5.94365e+06, 2.73734e+06, 0
7.26522e+06, 4.37781e+06, 0
8.4508e+06, 1.13188e+06, 0
4.99307e+06, 424712, 0
5.14265e+06, 2.31218e+06, 0
5.5132e+06, 2.69506e+06, 0
6.65894e+06, 2.13439e+06, 0
9.49739e+06, 2.71991e+06, 0
8.82248e+06, 3.64664e+06, 0
6.89271e+06, 4.17653e+06, 0
6.77117e+06, 3.93145e+06, 0
8.98529e+06, 5.53203e+06, 0
4.50508e+06, 1.65646e+06, 0
7.55738e+06, 2.57644e+06, 0
7.32931e+06, 3.22813e+06, 0
8.13768e+06, 3.83902e+06, 0
4.05045e+06, 815908, 0
8.52857e+06, 4.18533e+06, 0
1.00963e+07, 790032, 0
8.12316e+06, 4.40434e+06, 0
6.30813e+06, 2.61842e+06, 0
4.84754e+06, 1.8891e+06, 0
5.74784e+06, 61637.9, 0
7.16006e+06, 1.48352e+06, 0
9.03888e+06, 2.34281e+06, 0
9.39699e+06, 2.66374e+06, 0
8.90777e+06, 2.45294e+06, 0
8.82673e+06, 5.48529e+06, 0
1.00525e+07, 4.48488e+06, 0
7.39494e+06, 4.30691e+06, 0
4.38061e+06, 1.12568e+06, 0
1.00183e+07, 5.83484e+06, 0
7.54976e+06, 2.99875e+06, 0
7.69004e+06, 4.65535e+06, 0
7.61157e+06, 2.00298e+06, 0
4.64293e+06, 1.98158e+06, 0
4.8302e+06, 1.98792e+06, 0
6.54366e+06, 1.01295e+06, 0
8.4019e+06, 3.84595e+06, 0
4.48225e+06, 736387, 0
1.01095e+07, 3.28879e+06, 0
8.21897e+06, 2.2626e+06, 0
6.73711e+06, 2.15529e+06, 0
7.61021e+06, 2.47723e+06, 0
7.8716e+06, 4.96506e+06, 0
9.87905e+06, 1.03604e+06, 0
8.91124e+06, 2.11375e+06, 0
7.22668e+06, 4.36074e+06, 0
5.9039e+06, 2.01989e+06, 0
6.3967e+06, 3.65418e+06, 0
1.02056e+07, 1.93622e+06, 0
1.20377e+07, 4.73235e+06, 0
6.69197e+06, 1.35317e+06, 0
5.16453e+06, 2.19711e+06, 0
1.3071e+07, 6.46506e+06, 0
6.33431e+06, 1.21372e+06, 0
7.88577e+06, 4.19997e+06, 0
7.23742e+06, 3.07666e+06, 0
1.02927e+07, 3.15635e+06, 0
9.53375e+06, 4.77816e+06, 0
5.74124e+06, 1.3834e+06, 0
1.05865e+07, 1.97406e+06, 0
9.10105e+06, 2.28139e+06, 0
4.14043e+06, 956100, 0
1.31306e+07, 7.87612e+06, 0
6.62729e+06, 1.31359e+06, 0
7.52436e+06, 2.76804e+06, 0
5.4022e+06, 2.80274e+06, 0
1.47223e+07, 1.2425e+06, 0
5.58399e+06, 1.19049e+06, 0
7.25236e+06, 3.92322e+06, 0
7.96538e+06, 4.64639e+06, 0
5.15598e+06, 2.2429e+06, 0
8.132e+06, 4.59298e+06, 0
7.18232e+06, 1.77918e+06, 0
6.89321e+06, 3.59766e+06, 0
1.04637e+07, 2.16421e+06, 0
8.38491e+06, 2.50871e+06, 0
1.48329e+07, 4.99914e+06, 0
4.82423e+06, 1.22191e+06, 0
8.02288e+06, 2.48274e+06, 0
6.05398e+06, 3.28026e+06, 0
1.24236e+07, 2.26912e+06, 0
1.12392e+07, 5.16991e+06, 0
6.93289e+06, 2.94481e+06, 0
7.44372e+06, 1.64975e+06, 0
6.16497e+06, 2.80376e+06, 0
9.25976e+06, 3.30543e+06, 0
6.38469e+06, 644041, 0
5.86703e+06, 2.0178e+06, 0
6.32554e+06, 2.66683e+06, 0
9.33918e+06, 2.58374e+06, 0
5.33977e+06, 2.39672e+06, 0
9.72134e+06, 5.55295e+06, 0
6.17147e+06, 2.44474e+06, 0
1.18371e+07, 1.62766e+06, 0
6.33453e+06, 2.41287e+06, 0
5.61975e+06, 3.02918e+06, 0
8.42727e+06, 2.56432e+06, 0
8.66957e+06, 1.43903e+06, 0
4.39068e+06, 1.38399e+06, 0
6.12592e+06, 801510, 0
7.57993e+06, 2.10809e+06, 0
7.52052e+06, 3.46883e+06, 0
5.66108e+06, 1.58604e+06, 0
4.6145e+06, 469017, 0
5.72806e+06, 1.11874e+06, 0
7.23573e+06, 1.58156e+06, 0
9.34688e+06, 5.07977e+06, 0
5.78588e+06, 2.69226e+06, 0
5.98467e+06, 3.14333e+06, 0
5.98189e+06, 1.82497e+06, 0
6.37156e+06, 858334, 0
1.17685e+07, 5.44968e+06, 0
4.44465e+06, 753819, 0
8.13418e+06, 1.47578e+06, 0
7.86293e+06, 4.63811e+06, 0
8.67673e+06, 1.55684e+06, 0
5.72852e+06, 2.78037e+06, 0
1.02125e+07, 4.42277e+06, 0
7.21195e+06, 2.6046e+06, 0
5.8975e+06, 2.02692e+06, 0
9.47957e+06, 981405, 0
7.31266e+06, 4.00531e+06, 0
5.43297e+06, 2.10277e+06, 0
5.97634e+06, 1.10921e+06, 0
4.95546e+06, 256229, 0
7.84288e+06, 1.86808e+06, 0
6.20873e+06, 3.47067e+06, 0
4.1054e+06, 366332, 0
7.65869e+06, 692758, 0
8.15846e+06, 2.07525e+06, 0
4.92913e+06, 1.55693e+06, 0
7.35988e+06, 150621, 0
7.05676e+06, 1.94069e+06, 0
5.13622e+06, 2.33101e+06, 0
4.17487e+06, 1.26994e+06, 0
6.08317e+06, 2.56455e+06, 0
4.64218e+06, 946649, 0
8.22995e+06, 4.62969e+06, 0
5.23343e+06, 2.10555e+06, 0
8.46804e+06, 5.12047e+06, 0
5.43824e+06, 2.12253e+06, 0
1.10783e+07, 3.49417e+06, 0
4.59124e+06, 1.51997e+06, 0
6.69605e+06, 2.96885e+06, 0
4.98445e+06, 1.90065e+06, 0
4.28302e+06, 1.48042e+06, 0
6.87591e+06, 2.60909e+06, 0
5.67465e+06, 1.79745e+06, 0
1.1704e+07, 2.30233e+06, 0
9.54849e+06, 3.3559e+06, 0
1.35755e+07, 7.27064e+06, 0
8.76455e+06, 3.45294e+06, 0
6.30798e+06, 1.96901e+06, 0
7.54347e+06, 3.85917e+06, 0
8.96531e+06, 5.21855e+06, 0
6.2818e+06, 1.73951e+06, 0
9.70287e+06, 3.69581e+06, 0
9.7313e+06, 2.21711e+06, 0
9.5697e+06, 2.41688e+06, 0
9.46284e+06, 3.38908e+06, 0
5.21317e+06, 1.92044e+06, 0
4.1395e+06, 299150, 0
7.54332e+06, 4.50038e+06, 0
6.94824e+06, 2.79641e+06, 0
5.966e+06, 3.29827e+06, 0
6.88447e+06, 1.58501e+06, 0
4.76823e+06, 1.37515e+06, 0
6.3764e+06, 2.34197e+06, 0
1.0705e+07, 2.79401e+06, 0
7.80415e+06, 4.75277e+06, 0
5.78454e+06, 3.17741e+06, 0
3.87114e+06, 580961, 0
4.84938e+06, 1.23519e+06, 0
5.3375e+06, 1.94896e+06, 0
5.6626e+06, 622656, 0
7.38037e+06, 621908, 0
4.46031e+06, 1.74102e+06, 0
4.74584e+06, 1.52178e+06, 0
1.00771e+07, 6.41754e+06, 0
1.02252e+07, 2.47154e+06, 0
8.82369e+06, 4.37923e+06, 0
8.26341e+06, 5.25996e+06, 0
4.94292e+06, 1.85758e+06, 0
6.68886e+06, 3.33999e+06, 0
1.11793e+07, 2.55842e+06, 0
6.6438e+06, 3.56156e+06, 0
8.35188e+06, 3.51908e+06, 0
9.58781e+06, 743257, 0
8.54e+06, 3.82381e+06, 0
4.25074e+06, 454182, 0
5.98221e+06, 1.5331e+06, 0
6.84316e+06, 3.29515e+06, 0
4.85138e+06, 1.83451e+06, 0
7.89666e+06, 657079, 0
6.83172e+06, 3.64389e+06, 0
7.63592e+06, 3.60718e+06, 0
7.81289e+06, 4.45491e+06, 0
5.55218e+06, 2.35147e+06, 0
1.04498e+07, 6.1523e+06, 0
8.52365e+06, 2.00345e+06, 0
5.05901e+06, 1.48947e+06, 0
9.7651e+06, 1.59666e+06, 0
7.54195e+06, 3.26952e+06, 0
9.54055e+06, 1.2884e+06, 0
9.81142e+06, 3.48681e+06, 0
7.21574e+06, 2.71344e+06, 0
4.07017e+06, 1.03399e+06, 0
5.50457e+06, 1.92084e+06, 0
8.1292e+06, 4.49862e+06, 0
1.23236e+07, 4.00913e+06, 0
4.35725e+06, 1.59467e+06, 0
5.38539e+06, 1.20597e+06, 0
8.00152e+06, 2.27369e+06, 0
3.93308e+06, 194277, 0
5.33999e+06, 1.93603e+06, 0
5.61362e+06, 1.91579e+06, 0
6.46868e+06, 451445, 0
6.47457e+06, 3.2888e+06, 0
6.4788e+06, 2.99091e+06, 0
8.31294e+06, 2.09078e+06, 0
5.35728e+06, 2.27127e+06, 0
6.83848e+06, 1.8453e+06, 0
5.98495e+06, 1.97467e+06, 0
6.00844e+06, 1.54934e+06, 0
5.7801e+06, 1.37515e+06, 0
9.44434e+06, 4.87248e+06, 0
8.6877e+06, 912013, 0
5.09349e+06, 1.79598e+06, 0
7.22878e+06, 2.59581e+06, 0
7.92811e+06, 2.17063e+06, 0
9.88033e+06, 6.37013e+06, 0
1.14641e+07, 4.44973e+06, 0
6.74123e+06, 3.95928e+06, 0
5.78084e+06, 776959, 0
8.43319e+06, 3.61578e+06, 0
5.28096e+06, 1.40808e+06, 0
1.03311e+07, 1.88351e+06, 0
7.28058e+06, 3.8869e+06, 0
9.44447e+06, 3.03927e+06, 0
6.06333e+06, 2.55574e+06, 0
7.82541e+06, 3.17241e+06, 0
8.4071e+06, 5.2196e+06, 0
7.55861e+06, 1.70384e+06, 0
8.57604e+06, 3.23343e+06, 0
9.28676e+06, 1.15276e+06, 0
5.91113e+06, 1.08843e+06, 0
6.23407e+06, 2.58671e+06, 0
5.31122e+06, 2.51097e+06, 0
6.65549e+06, 3.07028e+06, 0
6.16216e+06, 1.77252e+06, 0
9.9765e+06, 4.85655e+06, 0
9.90988e+06, 2.7738e+06, 0
7.04207e+06, 1.69663e+06, 0
6.91208e+06, 3.13491e+06, 0
9.91726e+06, 2.30986e+06, 0
9.77597e+06, 5.98954e+06, 0
8.20157e+06, 2.02361e+06, 0
5.81261e+06, 902336, 0
7.18795e+06, 4.06536e+06, 0
7.07433e+06, 2.70387e+06, 0
5.56653e+06, 1.76902e+06, 0
8.85147e+06, 5.27968e+06, 0
7.47544e+06, 3.83619e+06, 0
6.64107e+06, 1.55425e+06, 0
4.23388e+06, 1.22141e+06, 0
4.88053e+06, 1.99477e+06, 0
8.50431e+06, 1.53712e+06, 0
4.64239e+06, 1.58436e+06, 0
1.03873e+07, 2.12358e+06, 0
3.96847e+06, 961767, 0
7.25173e+06, 3.44783e+06, 0
1.01446e+07, 6.12313e+06, 0
4.39947e+06, 665562, 0
6.57799e+06, 2.56796e+06, 0
8.46982e+06, 5.32743e+06, 0
4.34404e+06, 1.5838e+06, 0
5.17414e+06, 1.56002e+06, 0
1.20091e+07, 3.23751e+06, 0
7.34068e+06, 4.24039e+06, 0
5.19259e+06, 1.54788e+06, 0
5.78775e+06, 2.62943e+06, 0
6.60769e+06, 1.97014e+06, 0
7.64721e+06, 3.88453e+06, 0
7.85113e+06, 3.31236e+06, 0
6.91382e+06, 2.94122e+06, 0
9.38675e+06, 1.64337e+06, 0
6.3604e+06, 482014, 0
8.57643e+06, 3.05159e+06, 0
1.15757e+07, 4.44923e+06, 0
1.09839e+07, 4.85252e+06, 0
5.81116e+06, 2.9949e+06, 0
5.79728e+06, 2.01185e+06, 0
9.24134e+06, 2.01282e+06, 0
8.36295e+06, 3.25648e+06, 0
7.3482e+06, 1.96579e+06, 0
9.36836e+06, 2.69562e+06, 0
8.33106e+06, 4.18729e+06, 0
9.94593e+06, 5.4689e+06, 0
6.72024e+06, 2.49655e+06, 0
6.28663e+06, 927124, 0
5.43397e+06, 1.93974e+06, 0
8.06717e+06, 1.52261e+06, 0
5.18444e+06, 2.55936e+06, 0
5.43186e+06, 2.787e+06, 0
7.17317e+06, 3.26176e+06, 0
1.23681e+07, 8.47803e+06, 0
6.35358e+06, 2.8154e+06, 0
1.06262e+07, 2.5241e+06, 0
8.01499e+06, 2.45173e+06, 0
9.73116e+06, 3.3276e+06, 0
6.18801e+06, 1.93083e+06, 0
1.00287e+07, 3.53498e+06, 0
6.08964e+06, 1.25973e+06, 0
6.57781e+06, 1.71173e+06, 0
5.77555e+06, 2.634e+06, 0
4.97724e+06, 523341, 0
1.03798e+07, 3.12147e+06, 0
7.29662e+06, 4.42417e+06, 0
1.08396e+07, 2.87077e+06, 0
8.92966e+06, 3.8092e+06, 0
1.15319e+07, 5.03329e+06, 0
8.02272e+06, 3.06947e+06, 0
9.77509e+06, 2.36427e+06, 0
7.85256e+06, 1.70764e+06, 0
6.4766e+06, 3.68218e+06, 0
1.01539e+07, 6.00055e+06, 0
5.52961e+06, 651225, 0
7.38938e+06, 4.3905e+06, 0
7.24823e+06, 4.13453e+06, 0
4.02376e+06, 926568, 0
6.65459e+06, 3.83129e+06, 0
6.91898e+06, 2.75904e+06, 0
5.17032e+06, 2.39184e+06, 0
1.0099e+07, 671195, 0
4.35206e+06, 1.33604e+06, 0
5.92775e+06, 1.7988e+06, 0
6.18784e+06, 2.26939e+06, 0
6.5561e+06, 3.43866e+06, 0
8.48631e+06, 5.16535e+06, 0
8.99039e+06, 1.32516e+06, 0
7.70599e+06, 3.48517e+06, 0
5.45865e+06, 652542, 0
1.28767e+07, 3.66905e+06, 0
7.62128e+06, 4.4519e+06, 0
6.61671e+06, 3.27113e+06, 0
6.10547e+06, 1.91248e+06, 0
9.43102e+06, 4.60084e+06, 0
6.47551e+06, 3.17854e+06, 0
8.00089e+06, 1.8111e+06, 0
6.77492e+06, 3.66047e+06, 0
9.93174e+06, 4.76699e+06, 0
9.49359e+06, 5.84555e+06, 0
5.30611e+06, 1.04475e+06, 0
6.7071e+06, 2.83698e+06, 0
6.48465e+06, 2.82096e+06, 0
5.26726e+06, 1.1619e+06, 0
8.45938e+06, 3.12304e+06, 0
7.19848e+06, 3.30315e+06, 0
9.58969e+06, 4.39475e+06, 0
8.46503e+06, 4.22537e+06, 0
5.43666e+06, 1.91385e+06, 0
7.451e+06, 1.69505e+06, 0
9.86676e+06, 4.18306e+06, 0
6.32198e+06, 2.14287e+06, 0
9.92677e+06, 5.87726e+06, 0
9.00955e+06, 677909, 0
5.36012e+06, 1.62418e+06, 0
5.75076e+06, 2.43272e+06, 0
5.55199e+06, 1.12854e+06, 0
6.20622e+06, 1.6359e+06, 0
8.65773e+06, 2.89342e+06, 0
6.08113e+06, 628727, 0
5.84396e+06, 2.3461e+06, 0
9.75806e+06, 4.56596e+06, 0
9.38162e+06, 3.03156e+06, 0
9.1583e+06, 2.18129e+06, 0
7.10244e+06, 2.66764e+06, 0
6.02542e+06, 2.94158e+06, 0
5.93722e+06, 2.12526e+06, 0
6.63538e+06, 3.80243e+06, 0
7.88332e+06, 4.5518e+06, 0
1.04662e+07, 6.15457e+06, 0
7.17863e+06, 1.87768e+06, 0
7.51873e+06, 4.15659e+06, 0
5.26662e+06, 1.32074e+06, 0
4.74808e+06, 1.57251e+06, 0
7.48881e+06, 1.5099e+06, 0
7.57543e+06, 3.41487e+06, 0
9.54867e+06, 3.6011e+06, 0
5.38649e+06, 219710, 0
9.23356e+06, 2.42299e+06, 0
1.07837e+07, 6.34931e+06, 0
6.90032e+06, 3.36949e+06, 0
5.89785e+06, 3.118e+06, 0
6.25969e+06, 2.09024e+06, 0
9.76507e+06, 415995, 0
4.24486e+06, 697692, 0
7.0953e+06, 3.82525e+06, 0
4.35225e+06, 1.20612e+06, 0
6.85051e+06, 1.68899e+06, 0
7.74463e+06, 1.5383e+06, 0
8.99913e+06, 4.3418e+06, 0
8.43071e+06, 3.53822e+06, 0
9.68702e+06, 3.85738e+06, 0
1.27042e+07, 4.91926e+06, 0
5.57322e+06, 2.98371e+06, 0
5.35675e+06, 2.00174e+06, 0
6.94994e+06, 1.89004e+06, 0
9.46359e+06, 4.67641e+06, 0
1.18831e+07, 2.21517e+06, 0
6.10942e+06, 3.12413e+06, 0
4.82748e+06, 1.49054e+06, 0
8.45965e+06, 4.53941e+06, 0
4.8483e+06, 1.78948e+06, 0
7.92534e+06, 1.65443e+06, 0
7.75199e+06, 4.5716e+06, 0
8.28231e+06, 3.26938e+06, 0
8.4188e+06, 5.06604e+06, 0
9.96482e+06, 2.5467e+06, 0
6.65433e+06, 1.68276e+06, 0
4.7608e+06, 1.84727e+06, 0
9.85654e+06, 3.86788e+06, 0
1.02743e+07, 1.68084e+06, 0
9.16106e+06, 930480, 0
8.90738e+06, 1.25612e+06, 0
8.54998e+06, 2.55674e+06, 0
8.38124e+06, 3.778e+06, 0
6.534e+06, 1.29904e+06, 0
6.62456e+06, 973193, 0
8.92165e+06, 2.1948e+06, 0
6.49964e+06, 3.72651e+06, 0
7.91405e+06, 3.05214e+06, 0
1.03269e+07, 4.21255e+06, 0
1.25645e+07, 7.95006e+06, 0
7.5393e+06, 4.43542e+06, 0
6.81587e+06, 2.06699e+06, 0
6.18533e+06, 1.1327e+06, 0
6.39288e+06, 2.44833e+06, 0
6.0753e+06, 2.00196e+06, 0
4.62234e+06, 1.11408e+06, 0
6.03269e+06, 3.35998e+06, 0
4.5977e+06, 1.39738e+06, 0
6.92016e+06, 3.23277e+06, 0
6.03416e+06, 1.1672e+06, 0
7.81158e+06, 4.07026e+06, 0
6.96656e+06, 3.85503e+06, 0
7.6555e+06, 3.83109e+06, 0
5.30226e+06, 599997, 0
7.80638e+06, 2.68297e+06, 0
6.76848e+06, 3.53212e+06, 0
6.36299e+06, 3.24233e+06, 0
7.70628e+06, 3.22462e+06, 0
9.92324e+06, 5.48766e+06, 0
1.0034e+07, 3.93459e+06, 0
6.35453e+06, 65310.6, 0
5.78787e+06, 471720, 0
6.06339e+06, 424736, 0
5.12853e+06, 1.82599e+06, 0
6.37992e+06, 2.33885e+06, 0
8.80607e+06, 2.59416e+06, 0
5.54688e+06, 1.86717e+06, 0
8.46819e+06, 1.17546e+06, 0
1.08035e+07, 1.64112e+06, 0
7.19919e+06, 890621, 0
5.67117e+06, 3.00146e+06, 0
8.61509e+06, 5.43948e+06, 0
6.59069e+06, 1.30463e+06, 0
5.75265e+06, 1.59898e+06, 0
8.06017e+06, 1.43161e+06, 0
8.24679e+06, 3.74819e+06, 0
5.75613e+06, 2.94284e+06, 0
9.56618e+06, 5.85391e+06, 0
6.50015e+06, 1.21235e+06, 0
5.37838e+06, 2.07015e+06, 0
6.43779e+06, 3.35094e+06, 0
4.29302e+06, 1.39147e+06, 0
5.54039e+06, 331326, 0
8.4903e+06, 2.73965e+06, 0
7.02416e+06, 1.13683e+06, 0
8.80127e+06, 5.02366e+06, 0
9.59234e+06, 2.79474e+06, 0
6.42913e+06, 3.08101e+06, 0
9.22405e+06, 2.43517e+06, 0
8.28496e+06, 1.21961e+06, 0
5.98668e+06, 2.01552e+06, 0
5.97015e+06, 3.36383e+06, 0
5.90892e+06, 1.81118e+06, 0
9.30395e+06, 5.33817e+06, 0
7.94559e+06, 1.62423e+06, 0
5.33673e+06, 1.08715e+06, 0
4.68353e+06, 1.65568e+06, 0
9.95976e+06, 4.38071e+06, 0
1.43413e+07, 6.01291e+06, 0
1.08801e+07, 3.80886e+06, 0
6.56285e+06, 2.43486e+06, 0
5.4847e+06, 2.34269e+06, 0
4.48301e+06, 1.73879e+06, 0
1.26395e+07, 3.79956e+06, 0
6.35371e+06, 2.20325e+06, 0
7.04474e+06, 4.08929e+06, 0
9.96782e+06, 3.96669e+06, 0
1.16869e+07, 3.91883e+06, 0
6.17968e+06, 2.56207e+06, 0
4.31312e+06, 727446, 0
5.39646e+06, 613143, 0
4.9658e+06, 1.97287e+06, 0
8.53272e+06, 1.12608e+06, 0
4.61352e+06, 1.89539e+06, 0
1.04688e+07, 4.33765e+06, 0
7.17615e+06, 697439, 0
8.60386e+06, 474344, 0
5.64697e+06, 2.5557e+06, 0
6.52567e+06, 2.30699e+06, 0
5.06468e+06, 1.08578e+06, 0
5.1002e+06, 1.38056e+06, 0
7.63906e+06, 1.61288e+06, 0
1.03481e+07, 1.95878e+06, 0
7.68281e+06, 2.73215e+06, 0
6.02325e+06, 682226, 0
8.46821e+06, 5.19975e+06, 0
7.10846e+06, 4.0871e+06, 0
7.32163e+06, 3.99444e+06, 0
5.0949e+06, 1.40392e+06, 0
1.01536e+07, 4.45529e+06, 0
5.01387e+06, 1.80276e+06, 0
4.39863e+06, 1.52829e+06, 0
5.90979e+06, 422505, 0
9.74537e+06, 4.53371e+06, 0
6.69025e+06, 3.24947e+06, 0
5.23526e+06, 1.47094e+06, 0
5.09695e+06, 992268, 0
7.26624e+06, 3.74483e+06, 0
7.17441e+06, 1.37277e+06, 0
9.11815e+06, 3.90869e+06, 0
7.68722e+06, 3.30824e+06, 0
1.17387e+07, 7.93542e+06, 0
5.39547e+06, 737884, 0
7.55755e+06, 4.38089e+06, 0
6.69731e+06, 3.81921e+06, 0
9.9085e+06, 2.93705e+06, 0
7.15383e+06, 2.38845e+06, 0
8.44808e+06, 810572, 0
6.27732e+06, 455089, 0
5.89646e+06, 2.54371e+06, 0
4.98029e+06, 2.10764e+06, 0
7.44003e+06, 1.71794e+06, 0
9.75833e+06, 4.80137e+06, 0
6.70549e+06, 1.73322e+06, 0
6.8339e+06, 1.04984e+06, 0
1.09905e+07, 3.0938e+06, 0
7.0697e+06, 2.10071e+06, 0
4.62357e+06, 1.65388e+06, 0
6.44788e+06, 1.1634e+06, 0
5.94339e+06, 1.55254e+06, 0
9.51926e+06, 4.1011e+06, 0
6.02981e+06, 894499, 0
7.72101e+06, 2.31175e+06, 0
8.0328e+06, 3.76351e+06, 0
9.9452e+06, 5.49935e+06, 0
4.69503e+06, 1.59304e+06, 0
7.21884e+06, 1.4224e+06, 0
7.47886e+06, 4.22666e+06, 0
8.54258e+06, 1.05872e+06, 0
6.34718e+06, 3.5122e+06, 0
6.53387e+06, 3.46758e+06, 0
8.02587e+06, 3.45504e+06, 0
9.08487e+06, 3.30312e+06, 0
9.24904e+06, 4.3594e+06, 0
6.82612e+06, 3.73475e+06, 0
6.67787e+06, 3.93468e+06, 0
7.49463e+06, 4.19787e+06, 0
6.83042e+06, 2.0039e+06, 0
8.93928e+06, 4.68448e+06, 0
6.7819e+06, 1.37055e+06, 0
1.01123e+07, 3.00276e+06, 0
6.79954e+06, 3.10316e+06, 0
6.04097e+06, 1.56535e+06, 0
6.84967e+06, 4.08324e+06, 0
1.01793e+07, 1.69613e+06, 0
4.90972e+06, 2.1378e+06, 0
4.45002e+06, 1.23367e+06, 0
5.80196e+06, 2.02833e+06, 0
9.70371e+06, 5.54056e+06, 0
6.4291e+06, 2.70341e+06, 0
7.78243e+06, 3.80314e+06, 0
5.51425e+06, 2.77809e+06, 0
9.2216e+06, 2.33223e+06, 0
7.03274e+06, 3.61145e+06, 0
4.42572e+06, 1.41338e+06, 0
7.26692e+06, 379601, 0
7.45138e+06, 2.34592e+06, 0
6.52187e+06, 2.65301e+06, 0
9.67384e+06, 5.88913e+06, 0
6.9002e+06, 2.76589e+06, 0
7.89735e+06, 3.67158e+06, 0
4.63157e+06, 824708, 0
5.7878e+06, 3.11678e+06, 0
5.55051e+06, 2.83025e+06, 0
4.05315e+06, 905987, 0
7.4797e+06, 2.37161e+06, 0
1.26857e+07, 1.60349e+06, 0
5.14426e+06, 2.27067e+06, 0
5.79722e+06, 3.17352e+06, 0
9.4546e+06, 717547, 0
1.02355e+07, 5.61386e+06, 0
6.82361e+06, 3.57715e+06, 0
7.56759e+06, 3.4095e+06, 0
8.24405e+06, 4.33759e+06, 0
5.9768e+06, 1.09011e+06, 0
5.87902e+06, 3.19103e+06, 0
5.28457e+06, 2.40479e+06, 0
7.88416e+06, 3.47016e+06, 0
8.19484e+06, 1.66005e+06, 0
1.49881e+07, 2.77138e+06, 0
1.33327e+07, 4.79709e+06, 0
9.44427e+06, 2.0081e+06, 0
7.10242e+06, 1.52535e+06, 0
7.89849e+06, 2.21355e+06, 0
6.20689e+06, 2.99747e+06, 0
1.07688e+07, 2.31404e+06, 0
8.80641e+06, 4.6308e+06, 0
5.82716e+06, 1.6395e+06, 0
6.74589e+06, 2.70181e+06, 0
1.25312e+07, 4.60917e+06, 0
9.80082e+06, 3.14052e+06, 0
7.63785e+06, 3.9088e+06, 0
1.25315e+07, 1.74638e+06, 0
6.92607e+06, 2.58715e+06, 0
1.23081e+07, 4.42152e+06, 0
7.3688e+06, 1.87702e+06, 0
5.45465e+06, 2.00901e+06, 0
1.10026e+07, 3.89423e+06, 0
5.54063e+06, 775814, 0
5.90635e+06, 746896, 0
1.04536e+07, 6.86402e+06, 0
8.23454e+06, 1.9529e+06, 0
9.81986e+06, 1.22163e+06, 0
8.31765e+06, 4.29842e+06, 0
5.42225e+06, 1.21842e+06, 0
5.61406e+06, 2.61476e+06, 0
6.64067e+06, 1.19007e+06, 0
8.0091e+06, 3.04509e+06, 0
8.27621e+06, 3.41e+06, 0
7.68262e+06, 3.29533e+06, 0
7.06291e+06, 4.22598e+06, 0
6.7114e+06, 2.89033e+06, 0
8.69139e+06, 4.3601e+06, 0
6.66583e+06, 2.42622e+06, 0
8.46691e+06, 4.49281e+06, 0
7.90007e+06, 3.11264e+06, 0
5.34999e+06, 1.39424e+06, 0
8.53577e+06, 4.29689e+06, 0
4.66916e+06, 1.6926e+06, 0
7.12291e+06, 1.25404e+06, 0
8.83308e+06, 1.24898e+06, 0
5.76465e+06, 2.51917e+06, 0
5.57181e+06, 1.5474e+06, 0
1.07928e+07, 2.32146e+06, 0
6.51653e+06, 1.64073e+06, 0
6.50005e+06, 2.22825e+06, 0
6.60294e+06, 2.31002e+06, 0
5.69776e+06, 1.66706e+06, 0
8.34312e+06, 2.67802e+06, 0
7.17083e+06, 2.9667e+06, 0
5.92301e+06, 2.81661e+06, 0
6.79282e+06, 989039, 0
6.24228e+06, 734642, 0
6.00362e+06, 2.11591e+06, 0
6.03923e+06, 2.51836e+06, 0
5.80143e+06, 1.62108e+06, 0
1.48817e+07, 7.88349e+06, 0
6.01257e+06, 1.5448e+06, 0
5.16031e+06, 2.3923e+06, 0
6.50056e+06, 1.9035e+06, 0
5.23208e+06, 1.07806e+06, 0
9.2731e+06, 3.2311e+06, 0
7.26833e+06, 1.07166e+06, 0
9.44232e+06, 6.03486e+06, 0
7.25451e+06, 4.06572e+06, 0
7.34401e+06, 1.65788e+06, 0
7.06232e+06, 4.26789e+06, 0
1.14964e+07, 2.80922e+06, 0
5.4316e+06, 202234, 0
9.76661e+06, 5.92006e+06, 0
8.31553e+06, 2.98025e+06, 0
5.92916e+06, 3.11615e+06, 0
1.00155e+07, 3.59105e+06, 0
5.39148e+06, 2.30729e+06, 0
5.79873e+06, 2.79642e+06, 0
7.81359e+06, 4.81111e+06, 0
1.02704e+07, 6.76616e+06, 0
6.49828e+06, 3.36823e+06, 0
7.25947e+06, 2.51071e+06, 0
7.78294e+06, 696062, 0
4.2133e+06, 1.37002e+06, 0
1.25598e+07, 4.54525e+06, 0
5.76232e+06, 2.41057e+06, 0
8.59389e+06, 3.35945e+06, 0
6.32769e+06, 2.29279e+06, 0
6.65536e+06, 2.76241e+06, 0
5.93278e+06, 3.16588e+06, 0
5.57317e+06, 2.3287e+06, 0
7.93171e+06, 1.5269e+06, 0
7.76255e+06, 4.20969e+06, 0
1.20359e+07, 2.43546e+06, 0
4.01705e+06, 1.03227e+06, 0
5.28489e+06, 1.34391e+06, 0
8.00167e+06, 2.71088e+06, 0
5.13828e+06, 2.1114e+06, 0
1.1124e+07, 6.16389e+06, 0
6.0933e+06, 1.1029e+06, 0
4.83328e+06, 1.13558e+06, 0
1.11432e+07, 4.38371e+06, 0
9.03577e+06, 4.89862e+06, 0
7.72894e+06, 1.85634e+06, 0
7.01944e+06, 4.03676e+06, 0
6.08383e+06, 534281, 0
3.87137e+06, 613502, 0
8.40114e+06, 3.19051e+06, 0
5.42937e+06, 2.40657e+06, 0
8.18323e+06, 4.65378e+06, 0
8.08932e+06, 3.98814e+06, 0
9.16422e+06, 778243, 0
1.11715e+07, 2.93143e+06, 0
4.58459e+06, 736062, 0
8.86452e+06, 2.89068e+06, 0
9.39406e+06, 4.5177e+06, 0
7.95894e+06, 868583, 0
6.62065e+06, 3.04536e+06, 0
6.33154e+06, 482964, 0
7.07254e+06, 2.51014e+06, 0
1.0296e+07, 4.53371e+06, 0
1.09922e+07, 6.12627e+06, 0
7.7247e+06, 3.84747e+06, 0
1.1042e+07, 7.04219e+06, 0
6.67644e+06, 3.8809e+06, 0
9.96058e+06, 3.32731e+06, 0
8.27815e+06, 3.96985e+06, 0
8.24341e+06, 3.29307e+06, 0
1.18513e+07, 7.35777e+06, 0
1.03003e+07, 2.66507e+06, 0
1.02312e+07, 2.14427e+06, 0
1.21957e+07, 2.48533e+06, 0
6.24971e+06, 1.14044e+06, 0
4.34402e+06, 701646, 0
7.77718e+06, 2.77798e+06, 0
5.29116e+06, 1.75521e+06, 0
7.82122e+06, 1.98881e+06, 0
8.65411e+06, 5.04264e+06, 0
6.38039e+06, 3.15548e+06, 0
7.48805e+06, 2.51847e+06, 0
1.26158e+07, 2.10084e+06, 0
4.84622e+06, 1.82245e+06, 0
4.43976e+06, 1.4157e+06, 0
4.85995e+06, 958338, 0
6.04011e+06, 2.9601e+06, 0
7.50337e+06, 3.40321e+06, 0
1.00345e+07, 865062, 0
7.16945e+06, 4.28514e+06, 0
4.79738e+06, 1.64505e+06, 0
6.91198e+06, 2.92449e+06, 0
5.94263e+06, 2.8664e+06, 0
8.60953e+06, 3.08455e+06, 0
5.93499e+06, 1.85817e+06, 0
1.46754e+07, 4.99784e+06, 0
8.47099e+06, 2.71654e+06, 0
4.51231e+06, 1.27497e+06, 0
4.86725e+06, 873955, 0
9.80365e+06, 2.13651e+06, 0
7.94497e+06, 1.60044e+06, 0
1.15617e+07, 6.66107e+06, 0
1.12236e+07, 2.3683e+06, 0
6.07092e+06, 3.3734e+06, 0
1.10644e+07, 7.24494e+06, 0
4.09282e+06, 1.13016e+06, 0
5.64413e+06, 2.0692e+06, 0
6.87321e+06, 2.79942e+06, 0
5.66169e+06, 1.7285e+06, 0
9.98122e+06, 3.06003e+06, 0
8.25499e+06, 3.96325e+06, 0
8.95105e+06, 5.27471e+06, 0
1.11595e+07, 1.7528e+06, 0
8.08741e+06, 5.05685e+06, 0
1.02944e+07, 6.32001e+06, 0
6.81408e+06, 2.65803e+06, 0
6.6759e+06, 2.15067e+06, 0
6.44764e+06, 2.5384e+06, 0
8.30458e+06, 2.51769e+06, 0
7.80549e+06, 4.9083e+06, 0
8.92246e+06, 493935, 0
7.37958e+06, 3.4671e+06, 0
5.86414e+06, 1.24112e+06, 0
7.14332e+06, 2.5547e+06, 0
1.04972e+07, 5.6081e+06, 0
7.54838e+06, 3.08176e+06, 0
5.38535e+06, 1.90088e+06, 0
6.96297e+06, 3.00509e+06, 0
6.13063e+06, 2.62208e+06, 0
6.49298e+06, 2.47049e+06, 0
1.12608e+07, 2.30552e+06, 0
9.89187e+06, 3.69432e+06, 0
5.26394e+06, 671164, 0
5.64525e+06, 1.12916e+06, 0
4.23199e+06, 922644, 0
6.42247e+06, 2.22169e+06, 0
7.56544e+06, 3.33343e+06, 0
4.7872e+06, 1.58969e+06, 0
5.8444e+06, 2.15059e+06, 0
1.05103e+07, 1.35658e+06, 0
9.01185e+06, 5.9051e+06, 0
5.50842e+06, 2.32651e+06, 0
6.83284e+06, 2.72455e+06, 0
9.7175e+06, 6.00286e+06, 0
5.43374e+06, 2.26626e+06, 0
4.71957e+06, 1.25699e+06, 0
5.17488e+06, 664273, 0
5.36174e+06, 1.80708e+06, 0
5.4023e+06, 494986, 0
8.97777e+06, 3.58952e+06, 0
8.38109e+06, 3.58712e+06, 0
5.26395e+06, 1.39354e+06, 0
9.93876e+06, 3.42575e+06, 0
8.37767e+06, 5.24934e+06, 0
7.59223e+06, 2.92143e+06, 0
1.13768e+07, 5.49599e+06, 0
5.99823e+06, 1.74836e+06, 0
5.37236e+06, 2.42871e+06, 0
6.46556e+06, 2.88023e+06, 0
4.82285e+06, 936869, 0
7.54907e+06, 3.35165e+06, 0
1.10403e+07, 4.08721e+06, 0
4.47855e+06, 1.56475e+06, 0
4.33523e+06, 1.42413e+06, 0
7.27044e+06, 3.40728e+06, 0
5.41589e+06, 381963, 0
6.50605e+06, 3.16651e+06, 0
9.01836e+06, 2.40959e+06, 0
7.22293e+06, 4.13064e+06, 0
4.10968e+06, 1.15962e+06, 0
9.13818e+06, 3.57976e+06, 0
4.37833e+06, 179048, 0
9.32195e+06, 5.88787e+06, 0
1.01986e+07, 1.07113e+06, 0
8.70108e+06, 3.92511e+06, 0
4.19332e+06, 981268, 0
9.92741e+06, 5.69562e+06, 0
4.34859e+06, 1.26547e+06, 0
5.26578e+06, 2.28935e+06, 0
5.26277e+06, 2.47379e+06, 0
5.00661e+06, 2.15311e+06, 0
5.23366e+06, 2.33347e+06, 0
5.28023e+06, 1.1411e+06, 0
7.91705e+06, 2.77298e+06, 0
6.83149e+06, 2.85201e+06, 0
6.14023e+06, 3.07327e+06, 0
7.69298e+06, 3.67892e+06, 0
5.15855e+06, 1.58968e+06, 0
7.0645e+06, 2.79887e+06, 0
7.35814e+06, 4.11755e+06, 0
5.45533e+06, 2.72516e+06, 0
7.14774e+06, 3.049e+06, 0
6.77413e+06, 1.91254e+06, 0
8.24939e+06, 2.0824e+06, 0
5.88578e+06, 980278, 0
6.98896e+06, 904076, 0
5.01421e+06, 1.90096e+06, 0
1.37388e+07, 3.46159e+06, 0
5.49985e+06, 2.78971e+06, 0
6.5909e+06, 3.1534e+06, 0
1.18983e+07, 4.90628e+06, 0
4.12091e+06, 832465, 0
8.87859e+06, 2.91568e+06, 0
5.96623e+06, 3.20186e+06, 0
7.86365e+06, 3.67577e+06, 0
8.86867e+06, 4.72471e+06, 0
8.16502e+06, 3.24166e+06, 0
9.43079e+06, 3.56445e+06, 0
4.65276e+06, 901963, 0
6.88948e+06, 4.13879e+06, 0
8.43581e+06, 4.7477e+06, 0
4.65689e+06, 1.41463e+06, 0
1.39122e+07, 2.83832e+06, 0
5.45775e+06, 387427, 0
6.88252e+06, 3.77771e+06, 0
5.72124e+06, 1.44977e+06, 0
6.23712e+06, 1.50869e+06, 0
8.64547e+06, 4.81636e+06, 0
1.01072e+07, 2.46049e+06, 0
7.33114e+06, 2.40201e+06, 0
5.49558e+06, 1.65811e+06, 0
8.25362e+06, 3.70811e+06, 0
8.8561e+06, 3.24521e+06, 0
9.65261e+06, 2.51077e+06, 0
5.32877e+06, 1.32682e+06, 0
5.1762e+06, 1.29866e+06, 0
7.2329e+06, 2.19325e+06, 0
9.49564e+06, 1.74202e+06, 0
1.0481e+07, 3.3549e+06, 0
8.85608e+06, 5.13563e+06, 0
5.98852e+06, 2.92582e+06, 0
9.70167e+06, 5.19504e+06, 0
1.0531e+07, 1.024e+06, 0
5.88203e+06, 1.56075e+06, 0
7.45447e+06, 1.93847e+06, 0
5.55431e+06, 2.2676e+06, 0
4.85024e+06, 1.83741e+06, 0
9.3309e+06, 3.1199e+06, 0
1.11953e+07, 3.82767e+06, 0
7.70848e+06, 4.6038e+06, 0
6.86545e+06, 2.8315e+06, 0
4.94915e+06, 1.7148e+06, 0
6.76519e+06, 3.81399e+06, 0
1.0686e+07, 1.56944e+06, 0
7.09367e+06, 3.60676e+06, 0
6.6548e+06, 2.56492e+06, 0
6.52181e+06, 3.69646e+06, 0
6.8805e+06, 3.65648e+06, 0
8.58273e+06, 3.23085e+06, 0
4.22904e+06, 1.00136e+06, 0
5.23347e+06, 1.0797e+06, 0
7.28202e+06, 2.07808e+06, 0
8.66771e+06, 4.43163e+06, 0
8.55723e+06, 4.01235e+06, 0
4.31479e+06, 1.49884e+06, 0
9.2116e+06, 823479, 0
7.80721e+06, 3.1583e+06, 0
8.69588e+06, 1.83707e+06, 0
7.73602e+06, 1.52711e+06, 0
9.3767e+06, 2.40671e+06, 0
8.20395e+06, 5.03401e+06, 0
9.58934e+06, 3.88286e+06, 0
7.0046e+06, 2.90446e+06, 0
9.53347e+06, 2.84678e+06, 0
6.1956e+06, 3.31579e+06, 0
6.95472e+06, 3.51359e+06, 0
6.19787e+06, 1.69158e+06, 0
9.11428e+06, 3.3303e+06, 0
5.48603e+06, 2.67e+06, 0
8.16745e+06, 2.38676e+06, 0
6.76272e+06, 2.77192e+06, 0
8.12733e+06, 1.19637e+06, 0
9.30801e+06, 3.2577e+06, 0
7.07496e+06, 3.99383e+06, 0
8.51821e+06, 4.95804e+06, 0
7.43184e+06, 442507, 0
1.11921e+07, 1.0323e+06, 0
6.39918e+06, 2.53584e+06, 0
6.05505e+06, 1.38941e+06, 0
1.31976e+07, 7.49019e+06, 0
8.08824e+06, 4.57631e+06, 0
6.36195e+06, 2.08645e+06, 0
9.44083e+06, 2.98918e+06, 0
1.1208e+07, 4.03573e+06, 0
1.79015e+07, 4.17441e+06, 0
7.72739e+06, 4.45858e+06, 0
7.33064e+06, 3.81434e+06, 0
9.03761e+06, 2.34591e+06, 0
7.66261e+06, 1.9794e+06, 0
5.49526e+06, 1.85375e+06, 0
1.26503e+07, 5.1046e+06, 0
1.0586e+07, 3.40704e+06, 0
6.28339e+06, 1.22643e+06, 0
7.72896e+06, 3.67186e+06, 0
6.93178e+06, 1.75183e+06, 0
5.77365e+06, 1.73097e+06, 0
9.98261e+06, 6.45624e+06, 0
9.03838e+06, 5.59964e+06, 0
1.22552e+07, 6.09582e+06, 0
7.68373e+06, 4.6852e+06, 0
4.91984e+06, 1.07837e+06, 0
7.818e+06, 1.49453e+06, 0
1.04848e+07, 1.62919e+06, 0
4.80034e+06, 854457, 0
3.98771e+06, 1.0191e+06, 0
6.9182e+06, 2.62815e+06, 0
6.82552e+06, 3.70455e+06, 0
1.04687e+07, 1.99812e+06, 0
5.36786e+06, 2.52053e+06, 0
9.41856e+06, 1.39028e+06, 0
1.23098e+07, 6.67989e+06, 0
7.02668e+06, 2.31533e+06, 0
6.62865e+06, 1.23659e+06, 0
9.58483e+06, 1.06598e+06, 0
8.65284e+06, 5.5925e+06, 0
6.824e+06, 2.78051e+06, 0
4.47167e+06, 1.23549e+06, 0
7.52964e+06, 1.95834e+06, 0
6.2177e+06, 3.32398e+06, 0
8.36598e+06, 3.846e+06, 0
6.64246e+06, 3.38881e+06, 0
7.69984e+06, 1.3024e+06, 0
4.24476e+06, 1.15258e+06, 0
1.19466e+07, 7.72527e+06, 0
8.92518e+06, 3.25644e+06, 0
5.34734e+06, 1.8858e+06, 0
6.28435e+06, 3.42914e+06, 0
4.55567e+06, 741033, 0
1.26822e+07, 7.1426e+06, 0
7.25283e+06, 2.75581e+06, 0
5.84774e+06, 1.6997e+06, 0
4.499e+06, 383281, 0
1.15402e+07, 3.70977e+06, 0
7.62135e+06, 4.20328e+06, 0
7.82161e+06, 463260, 0
6.3695e+06, 1.66672e+06, 0
8.98565e+06, 2.19135e+06, 0
5.50593e+06, 1.72349e+06, 0
8.29201e+06, 1.41629e+06, 0
7.08257e+06, 1.02416e+06, 0
1.04294e+07, 3.02904e+06, 0
1.20498e+07, 5.83803e+06, 0
9.0677e+06, 3.30281e+06, 0
1.00149e+07, 4.93097e+06, 0
6.88773e+06, 2.61272e+06, 0
5.71694e+06, 2.94687e+06, 0
1.03735e+07, 4.94758e+06, 0
6.6878e+06, 3.57276e+06, 0
6.41981e+06, 2.93459e+06, 0
6.02375e+06, 2.99486e+06, 0
6.44861e+06, 1.81008e+06, 0
8.5677e+06, 2.47366e+06, 0
5.72463e+06, 1.5229e+06, 0
4.413e+06, 1.53656e+06, 0
5.13482e+06, 827328, 0
5.67311e+06, 3.02601e+06, 0
8.89158e+06, 1.59994e+06, 0
1.1331e+07, 6.8691e+06, 0
7.05422e+06, 3.56946e+06, 0
1.11793e+07, 3.5737e+06, 0
9.18703e+06, 4.12818e+06, 0
7.28464e+06, 3.82533e+06, 0
6.75316e+06, 3.95184e+06, 0
5.00644e+06, 2.33877e+06, 0
8.36573e+06, 4.54205e+06, 0
6.79239e+06, 2.06238e+06, 0
9.16194e+06, 3.78563e+06, 0
7.28393e+06, 2.53812e+06, 0
7.67839e+06, 3.60466e+06, 0
5.78588e+06, 1.61441e+06, 0
7.51414e+06, 2.58432e+06, 0
6.66819e+06, 3.70827e+06, 0
7.01271e+06, 923149, 0
6.08871e+06, 2.74041e+06, 0
7.11922e+06, 3.3252e+06, 0
5.90967e+06, 1.62021e+06, 0
6.09611e+06, 2.10711e+06, 0
5.21093e+06, 1.54736e+06, 0
8.50594e+06, 3.29588e+06, 0
1.30358e+07, 8.51191e+06, 0
9.31469e+06, 4.45811e+06, 0
9.55619e+06, 4.24042e+06, 0
7.73471e+06, 3.37216e+06, 0
6.45253e+06, 3.04493e+06, 0
7.67997e+06, 1.71424e+06, 0
1.29e+07, 5.82797e+06, 0
4.42217e+06, 711256, 0
6.84331e+06, 2.51621e+06, 0
9.29793e+06, 4.3072e+06, 0
8.18017e+06, 1.55858e+06, 0
4.86872e+06, 588428, 0
9.41718e+06, 4.35086e+06, 0
5.55436e+06, 1.5641e+06, 0
4.02038e+06, 867876, 0
6.68619e+06, 2.03324e+06, 0
1.24901e+07, 4.98454e+06, 0
6.61689e+06, 1.26896e+06, 0
6.34185e+06, 1.07144e+06, 0
7.94012e+06, 2.65088e+06, 0
1.06868e+07, 1.66423e+06, 0
5.20352e+06, 2.20506e+06, 0
7.36846e+06, 3.48461e+06, 0
1.40992e+07, 5.69428e+06, 0
5.79511e+06, 3.16451e+06, 0
6.79881e+06, 3.94307e+06, 0
5.02401e+06, 398395, 0
4.49845e+06, 1.60159e+06, 0
7.22894e+06, 3.76319e+06, 0
6.26825e+06, 2.7107e+06, 0
6.96821e+06, 4.08752e+06, 0
1.12769e+07, 4.15936e+06, 0
7.11137e+06, 3.35266e+06, 0
1.10995e+07, 4.58354e+06, 0
7.16195e+06, 3.02619e+06, 0
6.26952e+06, 1.91808e+06, 0
8.01198e+06, 1.06164e+06, 0
9.20532e+06, 4.28493e+06, 0
6.12263e+06, 2.73101e+06, 0
6.76718e+06, 3.67608e+06, 0
1.13449e+07, 7.56569e+06, 0
9.31515e+06, 4.53641e+06, 0
9.52355e+06, 1.5064e+06, 0
8.66941e+06, 2.07546e+06, 0
5.43811e+06, 1.87515e+06, 0
8.61849e+06, 3.55068e+06, 0
4.93938e+06, 1.39023e+06, 0
8.92979e+06, 2.5732e+06, 0
1.26185e+07, 7.74814e+06, 0
8.32426e+06, 1.68277e+06, 0
9.62836e+06, 3.59101e+06, 0
8.70344e+06, 721125, 0
1.19474e+07, 5.43891e+06, 0
1.24105e+07, 4.07208e+06, 0
7.69889e+06, 2.79659e+06, 0
4.4941e+06, 1.59339e+06, 0
5.83156e+06, 523947, 0
6.16073e+06, 2.68414e+06, 0
6.41399e+06, 1.76221e+06, 0
8.84505e+06, 4.73389e+06, 0
7.35039e+06, 2.4385e+06, 0
5.72811e+06, 827474, 0
4.99996e+06, 2.17527e+06, 0
5.8355e+06, 354031, 0
9.32586e+06, 1.17393e+06, 0
9.99587e+06, 4.35656e+06, 0
4.22922e+06, 431631, 0
5.81392e+06, 2.97457e+06, 0
1.0219e+07, 3.89648e+06, 0
8.91838e+06, 4.39075e+06, 0
1.54257e+07, 7.74405e+06, 0
5.16288e+06, 1.53749e+06, 0
8.50128e+06, 5.15104e+06, 0
9.14764e+06, 4.45702e+06, 0
8.43104e+06, 1.76395e+06, 0
1.13662e+07, 7.24096e+06, 0
8.93888e+06, 4.90364e+06, 0
8.90827e+06, 5.66436e+06, 0
6.6043e+06, 775421, 0
1.08659e+07, 6.23119e+06, 0
7.25057e+06, 2.08361e+06, 0
6.29524e+06, 3.5021e+06, 0
9.37295e+06, 5.2189e+06, 0
9.2462e+06, 2.79424e+06, 0
6.63473e+06, 3.95032e+06, 0
6.32665e+06, 2.39988e+06, 0
7.19284e+06, 2.72923e+06, 0
5.34225e+06, 995142, 0
9.03577e+06, 5.00713e+06, 0
5.10641e+06, 929649, 0
7.80615e+06, 4.34668e+06, 0
8.30034e+06, 4.47962e+06, 0
5.63827e+06, 2.61649e+06, 0
9.03904e+06, 4.41478e+06, 0
7.0927e+06, 4.02724e+06, 0
8.6773e+06, 4.9334e+06, 0
7.55734e+06, 438703, 0
8.39467e+06, 5.22921e+06, 0
6.59348e+06, 1.10317e+06, 0
8.34286e+06, 5.11637e+06, 0
1.02833e+07, 2.21035e+06, 0
1.17586e+07, 6.39039e+06, 0
7.5114e+06, 3.8179e+06, 0
5.47393e+06, 737420, 0
5.20862e+06, 1.70813e+06, 0
9.13081e+06, 1.44825e+06, 0
4.12327e+06, 1.21329e+06, 0
7.15198e+06, 1.80223e+06, 0
7.50236e+06, 3.23599e+06, 0
5.91498e+06, 1.04498e+06, 0
9.13916e+06, 5.6879e+06, 0
6.61835e+06, 3.07194e+06, 0
7.5761e+06, 718760, 0
7.94311e+06, 604447, 0
1.21528e+07, 844935, 0
6.92231e+06, 2.8177e+06, 0
6.24507e+06, 3.19048e+06, 0
9.26565e+06, 4.2233e+06, 0
5.27845e+06, 2.26051e+06, 0
6.83198e+06, 3.21498e+06, 0
7.18595e+06, 2.86774e+06, 0
9.90256e+06, 4.79501e+06, 0
8.39043e+06, 5.17549e+06, 0
5.87429e+06, 3.00492e+06, 0
7.96301e+06, 3.68778e+06, 0
5.73204e+06, 3.02528e+06, 0
5.75652e+06, 1.88251e+06, 0
5.87293e+06, 1.70436e+06, 0
7.85326e+06, 1.65612e+06, 0
5.71742e+06, 1.3284e+06, 0
7.8187e+06, 4.28014e+06, 0
6.74065e+06, 2.36589e+06, 0
8.63384e+06, 1.88474e+06, 0
1.04161e+07, 3.49475e+06, 0
5.08511e+06, 1.7704e+06, 0
8.59692e+06, 2.26533e+06, 0
5.33289e+06, 1.96274e+06, 0
1.0887e+07, 6.92504e+06, 0
6.95434e+06, 1.99994e+06, 0
7.45926e+06, 3.40164e+06, 0
7.86985e+06, 1.64512e+06, 0
4.66458e+06, 1.76315e+06, 0
4.84947e+06, 1.9519e+06, 0
5.7705e+06, 180851, 0
9.29168e+06, 5.40101e+06, 0
1.05757e+07, 2.91588e+06, 0
1.06073e+07, 4.28213e+06, 0
1.27053e+07, 5.22308e+06, 0
6.81401e+06, 1.94806e+06, 0
5.33091e+06, 2.7474e+06, 0
6.07791e+06, 2.23207e+06, 0
9.37709e+06, 3.88195e+06, 0
7.58419e+06, 1.4876e+06, 0
1.23829e+07, 7.46982e+06, 0
8.24437e+06, 2.05449e+06, 0
6.47035e+06, 2.71414e+06, 0
4.56659e+06, 1.86252e+06, 0
8.0106e+06, 3.97767e+06, 0
8.47272e+06, 55879.3, 0
6.42327e+06, 1.91194e+06, 0
6.89503e+06, 2.19361e+06, 0
7.38308e+06, 3.17125e+06, 0
5.57761e+06, 1.4456e+06, 0
7.12795e+06, 3.6423e+06, 0
5.78031e+06, 2.84332e+06, 0
6.42522e+06, 3.00323e+06, 0
7.03294e+06, 2.36141e+06, 0
4.87898e+06, 582367, 0
9.73319e+06, 3.14759e+06, 0
4.32987e+06, 727771, 0
4.45886e+06, 1.38861e+06, 0
6.60892e+06, 788272, 0
5.35831e+06, 1.74673e+06, 0
6.27481e+06, 3.51049e+06, 0
8.44924e+06, 4.41651e+06, 0
6.54993e+06, 3.60335e+06, 0
1.07878e+07, 5.37074e+06, 0
9.96992e+06, 2.99327e+06, 0
5.87464e+06, 2.73873e+06, 0
9.17283e+06, 4.15679e+06, 0
5.12331e+06, 1.54093e+06, 0
6.51764e+06, 3.44054e+06, 0
8.39997e+06, 2.40458e+06, 0
5.52311e+06, 2.39721e+06, 0
5.2219e+06, 2.29501e+06, 0
9.32359e+06, 1.88659e+06, 0
1.07982e+07, 3.70092e+06, 0
6.53082e+06, 2.87028e+06, 0
5.96567e+06, 1.91427e+06, 0
1.00737e+07, 6.54353e+06, 0
7.27492e+06, 1.66287e+06, 0
8.76574e+06, 5.25317e+06, 0
8.58073e+06, 4.05905e+06, 0
8.49957e+06, 1.6351e+06, 0
9.19401e+06, 3.54921e+06, 0
1.16701e+07, 915634, 0
5.077e+06, 2.01949e+06, 0
3.95963e+06, 866461, 0
1.07921e+07, 4.80079e+06, 0
7.66337e+06, 2.95983e+06, 0
5.98816e+06, 185541, 0
6.95508e+06, 2.36896e+06, 0
9.98262e+06, 5.75615e+06, 0
8.36786e+06, 4.11244e+06, 0
4.74586e+06, 1.313e+06, 0
6.38925e+06, 2.97406e+06, 0
7.10018e+06, 2.03568e+06, 0
6.1945e+06, 3.12908e+06, 0
6.79082e+06, 3.10923e+06, 0
7.68433e+06, 2.39278e+06, 0
8.11636e+06, 4.33625e+06, 0
7.57838e+06, 3.18119e+06, 0
9.3065e+06, 1.89866e+06, 0
1.21116e+07, 2.03789e+06, 0
9.59575e+06, 2.39997e+06, 0
6.07567e+06, 2.43578e+06, 0
9.25025e+06, 2.05011e+06, 0
6.46993e+06, 3.10015e+06, 0
8.86086e+06, 3.89374e+06, 0
5.8802e+06, 1.50686e+06, 0
7.17047e+06, 2.72394e+06, 0
6.88138e+06, 2.7213e+06, 0
8.96162e+06, 4.21349e+06, 0
5.42572e+06, 2.58762e+06, 0
4.16647e+06, 953443, 0
6.6594e+06, 3.12661e+06, 0
6.20892e+06, 3.14447e+06, 0
7.29206e+06, 1.65897e+06, 0
9.62059e+06, 3.28998e+06, 0
5.18201e+06, 1.77111e+06, 0
7.18687e+06, 3.99604e+06, 0
4.26279e+06, 1.0523e+06, 0
1.04015e+07, 2.9693e+06, 0
9.85701e+06, 3.75316e+06, 0
9.10415e+06, 3.48378e+06, 0
8.81451e+06, 3.74621e+06, 0
7.76469e+06, 2.89157e+06, 0
6.57473e+06, 1.89822e+06, 0
9.6333e+06, 2.45225e+06, 0
1.16896e+07, 4.50846e+06, 0
4.87134e+06, 2.01892e+06, 0
5.07458e+06, 1.95665e+06, 0
9.94088e+06, 3.41989e+06, 0
1.20119e+07, 7.37755e+06, 0
8.95001e+06, 4.87248e+06, 0
7.76775e+06, 4.30876e+06, 0
5.58202e+06, 2.87387e+06, 0
4.88478e+06, 1.00651e+06, 0
7.37816e+06, 2.86989e+06, 0
7.18263e+06, 2.08648e+06, 0
7.24795e+06, 4.45867e+06, 0
8.73249e+06, 3.73573e+06, 0
9.62203e+06, 5.3107e+06, 0
7.86847e+06, 3.92092e+06, 0
5.4237e+06, 1.69682e+06, 0
1.23348e+07, 4.09412e+06, 0
1.01384e+07, 3.06453e+06, 0
9.27164e+06, 3.69621e+06, 0
7.30392e+06, 4.08472e+06, 0
5.98078e+06, 824728, 0
4.51631e+06, 1.71962e+06, 0
6.91433e+06, 1.36468e+06, 0
7.96838e+06, 1.66301e+06, 0
6.98452e+06, 3.28841e+06, 0
9.62554e+06, 2.5883e+06, 0
9.65788e+06, 2.41094e+06, 0
5.54693e+06, 1.07569e+06, 0
6.36376e+06, 2.62203e+06, 0
6.38415e+06, 2.40871e+06, 0
7.85938e+06, 652338, 0
7.19e+06, 1.66185e+06, 0
6.92874e+06, 1.71816e+06, 0
4.64606e+06, 871557, 0
6.34925e+06, 1.04147e+06, 0
4.8858e+06, 1.57485e+06, 0
5.88051e+06, 2.50038e+06, 0
1.0019e+07, 2.62317e+06, 0
8.78901e+06, 3.88198e+06, 0
7.36087e+06, 3.20277e+06, 0
6.08127e+06, 1.64991e+06, 0
1.00581e+07, 5.17048e+06, 0
5.66141e+06, 1.55277e+06, 0
6.91365e+06, 2.09547e+06, 0
5.96586e+06, 1.24826e+06, 0
1.10073e+07, 5.68091e+06, 0
6.41457e+06, 993905, 0
6.30921e+06, 2.48066e+06, 0
7.81302e+06, 4.5649e+06, 0
4.48768e+06, 1.53934e+06, 0
7.92239e+06, 2.83556e+06, 0
7.85554e+06, 310562, 0
5.60532e+06, 2.63301e+06, 0
5.92467e+06, 877582, 0
5.48906e+06, 2.19532e+06, 0
5.95578e+06, 341401, 0
7.56252e+06, 4.18918e+06, 0
4.34262e+06, 1.21235e+06, 0
1.00568e+07, 1.23588e+06, 0
5.39194e+06, 2.65291e+06, 0
8.49191e+06, 901809, 0
5.18893e+06, 561041, 0
1.12482e+07, 4.31828e+06, 0
5.52501e+06, 2.61984e+06, 0
9.86052e+06, 4.43225e+06, 0
9.2679e+06, 5.17125e+06, 0
5.24953e+06, 857167, 0
4.20236e+06, 1.25951e+06, 0
6.11987e+06, 1.6007e+06, 0
6.75133e+06, 2.72477e+06, 0
5.77187e+06, 3.14038e+06, 0
6.19213e+06, 3.16004e+06, 0
5.35079e+06, 1.92238e+06, 0
4.34479e+06, 741251, 0
4.54725e+06, 1.19548e+06, 0
8.63861e+06, 957568, 0
1.24533e+07, 5.97869e+06, 0
7.87215e+06, 4.01598e+06, 0
6.72545e+06, 2.29783e+06, 0
7.23309e+06, 2.88407e+06, 0
7.70064e+06, 1.19915e+06, 0
8.82083e+06, 3.11487e+06, 0
5.87595e+06, 1.64219e+06, 0
7.39003e+06, 1.11154e+06, 0
5.65425e+06, 918944, 0
8.44732e+06, 2.17962e+06, 0
1.14672e+07, 4.29517e+06, 0
7.13717e+06, 822062, 0
7.86113e+06, 3.8656e+06, 0
7.8855e+06, 4.12183e+06, 0
9.18479e+06, 3.84686e+06, 0
4.87482e+06, 734512, 0
1.29214e+07, 2.12403e+06, 0
4.50861e+06, 1.74446e+06, 0
8.68147e+06, 1.87932e+06, 0
8.37296e+06, 1.72916e+06, 0
8.14838e+06, 2.66305e+06, 0
6.24762e+06, 2.88849e+06, 0
9.44457e+06, 4.13514e+06, 0
6.78918e+06, 2.38317e+06, 0
7.38945e+06, 1.45704e+06, 0
5.35632e+06, 1.12722e+06, 0
5.13015e+06, 1.06636e+06, 0
6.67096e+06, 2.06589e+06, 0
4.06058e+06, 917162, 0
8.61182e+06, 5.29692e+06, 0
6.69487e+06, 1.47819e+06, 0
1.17667e+07, 5.42211e+06, 0
6.25461e+06, 541189, 0
6.22897e+06, 2.93141e+06, 0
8.9323e+06, 3.23655e+06, 0
7.1133e+06, 3.1483e+06, 0
4.29662e+06, 1.08629e+06, 0
5.87727e+06, 2.50507e+06, 0
7.62052e+06, 1.27154e+06, 0
1.08573e+07, 1.55249e+06, 0
8.8655e+06, 3.92116e+06, 0
7.94626e+06, 2.60723e+06, 0
7.93981e+06, 1.68716e+06, 0
7.76851e+06, 1.56111e+06, 0
7.79962e+06, 4.27117e+06, 0
1.11599e+07, 3.8807e+06, 0
6.96436e+06, 1.85146e+06, 0
9.90482e+06, 4.27738e+06, 0
5.96753e+06, 1.8194e+06, 0
6.89247e+06, 3.86557e+06, 0
9.36695e+06, 4.77514e+06, 0
9.82946e+06, 3.12734e+06, 0
4.56053e+06, 885496, 0
1.24106e+07, 5.82707e+06, 0
6.39686e+06, 1.73636e+06, 0
7.24582e+06, 3.75769e+06, 0
9.12458e+06, 4.7346e+06, 0
7.44102e+06, 2.09185e+06, 0
7.91747e+06, 3.38595e+06, 0
9.15953e+06, 1.65566e+06, 0
4.75754e+06, 1.60302e+06, 0
1.02191e+07, 5.19852e+06, 0
1.01062e+07, 2.25217e+06, 0
7.33599e+06, 3.7665e+06, 0
7.45875e+06, 2.28568e+06, 0
9.80889e+06, 6.34513e+06, 0
7.0964e+06, 3.35423e+06, 0
9.33656e+06, 5.93259e+06, 0
5.57102e+06, 2.40482e+06, 0
5.79731e+06, 3.13572e+06, 0
5.09242e+06, 2.46613e+06, 0
4.71385e+06, 1.52022e+06, 0
4.55258e+06, 692300, 0
8.201e+06, 3.94955e+06, 0
6.32003e+06, 1.061e+06, 0
7.03643e+06, 3.64277e+06, 0
7.49867e+06, 4.41279e+06, 0
8.32202e+06, 1.20558e+06, 0
7.88293e+06, 4.67179e+06, 0
1.42747e+07, 1.08076e+06, 0
6.05287e+06, 2.19934e+06, 0
5.75636e+06, 620776, 0
7.68753e+06, 2.38038e+06, 0
8.93021e+06, 3.22597e+06, 0
7.06057e+06, 3.56052e+06, 0
6.90459e+06, 3.23556e+06, 0
1.20188e+07, 958490, 0
5.23641e+06, 830636, 0
5.86917e+06, 3.05897e+06, 0
8.37077e+06, 4.50982e+06, 0
5.69395e+06, 683576, 0
4.10516e+06, 685336, 0
7.65242e+06, 2.2644e+06, 0
1.06293e+07, 6.96764e+06, 0
7.50596e+06, 1.80208e+06, 0
8.27756e+06, 4.41018e+06, 0
7.85327e+06, 3.69649e+06, 0
5.49694e+06, 2.47748e+06, 0
1.47064e+07, 9.33429e+06, 0
6.46326e+06, 3.25696e+06, 0
7.55812e+06, 2.96052e+06, 0
8.06153e+06, 4.76107e+06, 0
7.63974e+06, 1.77753e+06, 0
8.92041e+06, 5.34801e+06, 0
5.94741e+06, 1.56254e+06, 0
8.06839e+06, 2.61897e+06, 0
4.50944e+06, 435455, 0
4.29622e+06, 628379, 0
4.64951e+06, 1.73294e+06, 0
6.86489e+06, 577768, 0
6.06342e+06, 2.95208e+06, 0
4.26334e+06, 169288, 0
5.61627e+06, 1.50172e+06, 0
5.07614e+06, 589087, 0
7.10173e+06, 2.50969e+06, 0
7.0977e+06, 3.24654e+06, 0
4.91047e+06, 1.66728e+06, 0
1.14061e+07, 6.18915e+06, 0
1.18908e+07, 5.00972e+06, 0
8.16736e+06, 1.66303e+06, 0
6.46151e+06, 834660, 0
5.82853e+06, 2.35145e+06, 0
1.2232e+07, 2.27129e+06, 0
6.24149e+06, 2.91537e+06, 0
7.44889e+06, 2.35333e+06, 0
8.35477e+06, 2.26073e+06, 0
4.80263e+06, 1.6941e+06, 0
7.00895e+06, 4.09703e+06, 0
9.73896e+06, 4.68011e+06, 0
5.59605e+06, 525891, 0
1.47437e+07, 1.02853e+06, 0
8.77695e+06, 1.72121e+06, 0
8.55315e+06, 2.38642e+06, 0
5.21132e+06, 2.07429e+06, 0
8.57434e+06, 1.53784e+06, 0
4.45048e+06, 1.70493e+06, 0
9.68805e+06, 2.79142e+06, 0
6.14892e+06, 3.18669e+06, 0
5.33502e+06, 894550, 0
5.37737e+06, 2.27858e+06, 0
6.39599e+06, 2.7126e+06, 0
9.46964e+06, 2.25247e+06, 0
7.91135e+06, 463467, 0
1.01142e+07, 4.43301e+06, 0
5.10991e+06, 1.11705e+06, 0
6.50124e+06, 2.8944e+06, 0
8.31505e+06, 2.90309e+06, 0
4.8298e+06, 1.62694e+06, 0
1.02976e+07, 3.64315e+06, 0
7.92775e+06, 2.6996e+06, 0
9.54848e+06, 1.74007e+06, 0
9.97524e+06, 6.01032e+06, 0
9.44768e+06, 2.86582e+06, 0
6.77493e+06, 3.34123e+06, 0
7.46954e+06, 2.13788e+06, 0
5.42099e+06, 1.45248e+06, 0
8.32581e+06, 1.27983e+06, 0
8.59476e+06, 3.15818e+06, 0
7.1678e+06, 2.83275e+06, 0
8.00693e+06, 3.17622e+06, 0
8.01374e+06, 4.94145e+06, 0
5.61094e+06, 2.23168e+06, 0
1.04641e+07, 4.78798e+06, 0
7.7173e+06, 1.50016e+06, 0
6.18151e+06, 974799, 0
5.87626e+06, 2.23732e+06, 0
4.98596e+06, 2.04262e+06, 0
5.98834e+06, 1.50046e+06, 0
5.89004e+06, 1.20118e+06, 0
5.39328e+06, 958882, 0
1.19252e+07, 4.14446e+06, 0
9.26098e+06, 5.83445e+06, 0
7.76739e+06, 3.46802e+06, 0
7.75843e+06, 4.26232e+06, 0
5.69899e+06, 1.77761e+06, 0
8.81613e+06, 3.9389e+06, 0
6.1561e+06, 3.02745e+06, 0
6.10926e+06, 1.34576e+06, 0
5.25528e+06, 1.17151e+06, 0
8.89748e+06, 2.27572e+06, 0
1.00725e+07, 1.49559e+06, 0
7.12383e+06, 2.9546e+06, 0
5.66464e+06, 1.73883e+06, 0
5.50894e+06, 2.05354e+06, 0
4.74703e+06, 1.15192e+06, 0
1.00323e+07, 4.05699e+06, 0
1.0028e+07, 1.73327e+06, 0
6.35683e+06, 2.1198e+06, 0
5.85267e+06, 2.52864e+06, 0
7.04199e+06, 2.47965e+06, 0
5.16903e+06, 2.46126e+06, 0
6.72772e+06, 1.29694e+06, 0
7.91811e+06, 1.23109e+06, 0
9.78796e+06, 4.55906e+06, 0
6.0367e+06, 2.41861e+06, 0
6.41991e+06, 2.72929e+06, 0
1.03835e+07, 4.91753e+06, 0
1.39647e+07, 3.10271e+06, 0
4.52383e+06, 364016, 0
8.51448e+06, 5.51182e+06, 0
1.11725e+07, 3.00537e+06, 0
7.11501e+06, 4.3246e+06, 0
7.0366e+06, 3.33656e+06, 0
7.72718e+06, 1.67367e+06, 0
9.30986e+06, 5.36923e+06, 0
6.54964e+06, 470115, 0
6.13657e+06, 3.46597e+06, 0
5.09496e+06, 1.06262e+06, 0
5.03492e+06, 1.31962e+06, 0
6.21841e+06, 1.39193e+06, 0
1.03353e+07, 5.62428e+06, 0
8.02152e+06, 3.04598e+06, 0
8.07478e+06, 5.06592e+06, 0
7.69702e+06, 3.4741e+06, 0
5.6347e+06, 337768, 0
6.05085e+06, 1.25204e+06, 0
5.30828e+06, 516589, 0
9.43183e+06, 3.76622e+06, 0
9.6442e+06, 4.62437e+06, 0
7.10349e+06, 4.33778e+06, 0
5.53348e+06, 1.98323e+06, 0
9.57773e+06, 2.21529e+06, 0
5.45676e+06, 2.27277e+06, 0
4.77454e+06, 1.96657e+06, 0
1.00581e+07, 5.15158e+06, 0
5.35349e+06, 2.32638e+06, 0
9.72329e+06, 1.60376e+06, 0
5.61645e+06, 1.69871e+06, 0
7.1658e+06, 4.19937e+06, 0
7.9053e+06, 926523, 0
7.45095e+06, 2.39115e+06, 0
9.96316e+06, 1.13088e+06, 0
5.66719e+06, 2.90499e+06, 0
9.84819e+06, 5.34412e+06, 0
7.11993e+06, 1.26892e+06, 0
5.23099e+06, 1.99932e+06, 0
4.53043e+06, 997286, 0
7.606e+06, 2.69471e+06, 0
1.03877e+07, 2.77886e+06, 0
7.00868e+06, 2.04594e+06, 0
7.56168e+06, 1.73998e+06, 0
1.11306e+07, 7.52333e+06, 0
9.33519e+06, 3.62461e+06, 0
5.42253e+06, 1.52758e+06, 0
9.44678e+06, 2.1415e+06, 0
4.76442e+06, 1.64812e+06, 0
4.39047e+06, 909326, 0
5.68312e+06, 2.99807e+06, 0
5.05313e+06, 2.27769e+06, 0
5.77238e+06, 2.93812e+06, 0
8.99923e+06, 4.38968e+06, 0
9.86316e+06, 2.79447e+06, 0
1.16771e+07, 5.01013e+06, 0
9.65998e+06, 4.8003e+06, 0
8.47283e+06, 3.87162e+06, 0
5.48957e+06, 1.44774e+06, 0
7.49579e+06, 2.45305e+06, 0
6.55219e+06, 3.38821e+06, 0
9.46289e+06, 3.9936e+06, 0
8.84955e+06, 4.19964e+06, 0
5.73024e+06, 1.39649e+06, 0
6.62626e+06, 3.50535e+06, 0
1.00794e+07, 6.46883e+06, 0
7.07878e+06, 2.03205e+06, 0
9.50447e+06, 2.50488e+06, 0
6.44305e+06, 2.70494e+06, 0
8.23172e+06, 4.94249e+06, 0
6.2431e+06, 2.43972e+06, 0
6.43677e+06, 2.43028e+06, 0
7.48338e+06, 3.55256e+06, 0
4.17704e+06, 1.04693e+06, 0
7.26006e+06, 1.96924e+06, 0
6.99107e+06, 911366, 0
4.80321e+06, 974469, 0
7.06483e+06, 1.34494e+06, 0
6.5401e+06, 3.05357e+06, 0
7.96245e+06, 4.11831e+06, 0
7.02613e+06, 1.57659e+06, 0
6.87923e+06, 3.55134e+06, 0
9.09172e+06, 3.57191e+06, 0
4.71432e+06, 1.99503e+06, 0
6.35714e+06, 2.766e+06, 0
8.54838e+06, 2.3895e+06, 0
6.19308e+06, 3.21979e+06, 0
1.10238e+07, 3.98882e+06, 0
5.26734e+06, 2.35799e+06, 0
5.87395e+06, 3.13481e+06, 0
1.1112e+07, 5.13683e+06, 0
8.2174e+06, 4.75769e+06, 0
1.05033e+07, 3.40188e+06, 0
4.48896e+06, 655745, 0
7.0227e+06, 2.53745e+06, 0
5.51154e+06, 857463, 0
6.39471e+06, 2.97256e+06, 0
9.11801e+06, 773835, 0
7.7437e+06, 1.99843e+06, 0
5.79663e+06, 2.99313e+06, 0
9.19753e+06, 3.2105e+06, 0
5.32279e+06, 2.0749e+06, 0
8.50178e+06, 3.01081e+06, 0
8.68487e+06, 4.86593e+06, 0
8.64201e+06, 2.92551e+06, 0
6.95967e+06, 3.29225e+06, 0
6.24925e+06, 3.28451e+06, 0
4.1699e+06, 1.3438e+06, 0
6.42091e+06, 2.33152e+06, 0
5.3334e+06, 653817, 0
5.35102e+06, 2.47843e+06, 0
5.44811e+06, 2.2734e+06, 0
6.76589e+06, 3.43857e+06, 0
8.20324e+06, 2.61489e+06, 0
7.95124e+06, 409577, 0
8.38031e+06, 4.83046e+06, 0
7.03209e+06, 1.68004e+06, 0
7.09939e+06, 3.84939e+06, 0
9.15419e+06, 3.54541e+06, 0
1.33632e+07, 7.37425e+06, 0
7.25062e+06, 3.99185e+06, 0
4.52604e+06, 1.85702e+06, 0
6.16331e+06, 2.25775e+06, 0
8.02317e+06, 3.65176e+06, 0
6.12902e+06, 3.30235e+06, 0
1.15177e+07, 2.08444e+06, 0
9.24429e+06, 4.46145e+06, 0
1.16376e+07, 4.06179e+06, 0
4.6282e+06, 1.94159e+06, 0
8.04402e+06, 1.99773e+06, 0
5.65264e+06, 1.67974e+06, 0
4.69565e+06, 1.44256e+06, 0
1.02271e+07, 4.84046e+06, 0
6.99204e+06, 3.73688e+06, 0
7.25482e+06, 4.31459e+06, 0
7.011e+06, 1.53848e+06, 0
9.11768e+06, 917359, 0
1.17442e+07, 3.03568e+06, 0
8.52357e+06, 1.63846e+06, 0
5.1139e+06, 1.70934e+06, 0
8.14286e+06, 2.58559e+06, 0
6.62088e+06, 3.58674e+06, 0
8.0656e+06, 3.28426e+06, 0
7.43269e+06, 2.55722e+06, 0
6.47721e+06, 3.18687e+06, 0
6.74903e+06, 407179, 0
7.2928e+06, 3.02175e+06, 0
7.65552e+06, 3.69145e+06, 0
4.97543e+06, 1.25411e+06, 0
8.38966e+06, 2.72896e+06, 0
5.40627e+06, 1.29038e+06, 0
9.28599e+06, 5.10032e+06, 0
7.22301e+06, 1.12184e+06, 0
9.59924e+06, 6.05147e+06, 0
5.89458e+06, 1.3493e+06, 0
8.13358e+06, 3.01312e+06, 0
9.97133e+06, 5.94104e+06, 0
8.84874e+06, 4.59771e+06, 0
6.68213e+06, 2.71597e+06, 0
5.25419e+06, 2.53733e+06, 0
5.6725e+06, 2.88634e+06, 0
6.35903e+06, 2.7286e+06, 0
4.88244e+06, 1.77878e+06, 0
6.85863e+06, 914302, 0
1.22767e+07, 5.53234e+06, 0
5.07745e+06, 1.48675e+06, 0
7.58981e+06, 4.59083e+06, 0
5.35376e+06, 2.37755e+06, 0
5.98341e+06, 3.21272e+06, 0
9.41447e+06, 6.08884e+06, 0
9.35581e+06, 4.25249e+06, 0
7.55516e+06, 3.8874e+06, 0
5.84743e+06, 1.48075e+06, 0
6.54884e+06, 2.61625e+06, 0
1.22754e+07, 5.40625e+06, 0
9.0939e+06, 2.84295e+06, 0
5.03277e+06, 1.70776e+06, 0
8.06896e+06, 4.90085e+06, 0
7.52273e+06, 2.38689e+06, 0
1.33529e+07, 8.95656e+06, 0
8.14256e+06, 5.13259e+06, 0
8.33759e+06, 309584, 0
6.93384e+06, 3.70845e+06, 0
5.75766e+06, 3.13179e+06, 0
5.85676e+06, 2.37639e+06, 0
7.07767e+06, 1.10363e+06, 0
9.15049e+06, 5.84877e+06, 0
6.37605e+06, 706489, 0
9.16843e+06, 1.4362e+06, 0
6.90845e+06, 2.91375e+06, 0
6.45607e+06, 2.6549e+06, 0
4.32251e+06, 1.47105e+06, 0
5.38001e+06, 2.12116e+06, 0
8.44849e+06, 5.43563e+06, 0
4.83794e+06, 1.71095e+06, 0
1.04144e+07, 5.84661e+06, 0
7.95681e+06, 2.44142e+06, 0
7.85046e+06, 2.88586e+06, 0
8.58552e+06, 4.0887e+06, 0
7.68252e+06, 3.89788e+06, 0
6.88524e+06, 2.9674e+06, 0
6.93526e+06, 3.46207e+06, 0
5.78362e+06, 1.85093e+06, 0
7.15641e+06, 2.02883e+06, 0
1.10191e+07, 1.4374e+06, 0
7.3482e+06, 2.61438e+06, 0
7.27407e+06, 3.09495e+06, 0
6.75987e+06, 3.92835e+06, 0
7.81769e+06, 3.9447e+06, 0
8.81153e+06, 1.92179e+06, 0
8.68652e+06, 5.6517e+06, 0
4.32329e+06, 1.53036e+06, 0
1.13171e+07, 3.24072e+06, 0
7.58156e+06, 1.07139e+06, 0
4.34379e+06, 896434, 0
8.46362e+06, 2.50151e+06, 0
7.02734e+06, 2.83759e+06, 0
6.53267e+06, 3.03091e+06, 0
6.28956e+06, 3.36844e+06, 0
1.25793e+07, 2.27471e+06, 0
5.49709e+06, 785600, 0
5.10719e+06, 2.12134e+06, 0
6.90718e+06, 3.52108e+06, 0
7.0579e+06, 3.85316e+06, 0
4.26632e+06, 729220, 0
1.16546e+07, 1.39635e+06, 0
8.50974e+06, 2.27893e+06, 0
8.85076e+06, 4.82452e+06, 0
9.55365e+06, 1.43724e+06, 0
6.25279e+06, 2.73187e+06, 0
6.15008e+06, 2.50288e+06, 0
8.16875e+06, 2.91711e+06, 0
5.29752e+06, 2.32249e+06, 0
8.9635e+06, 5.14391e+06, 0
5.02044e+06, 1.19245e+06, 0
6.77154e+06, 2.20476e+06, 0
6.0351e+06, 2.1346e+06, 0
8.44707e+06, 1.12911e+06, 0
9.489e+06, 4.75547e+06, 0
6.16532e+06, 2.11939e+06, 0
6.86623e+06, 1.40829e+06, 0
9.40951e+06, 5.36917e+06, 0
7.00528e+06, 3.82481e+06, 0
1.37749e+07, 3.26906e+06, 0
6.60825e+06, 2.19069e+06, 0
9.57476e+06, 3.45117e+06, 0
8.2219e+06, 2.79262e+06, 0
6.14308e+06, 756612, 0
7.32285e+06, 555339, 0
8.50229e+06, 2.74163e+06, 0
7.06889e+06, 3.85102e+06, 0
4.71485e+06, 1.82527e+06, 0
5.60033e+06, 2.9422e+06, 0
1.43891e+07, 4.70439e+06, 0
8.72537e+06, 5.28369e+06, 0
4.46294e+06, 807149, 0
7.54339e+06, 4.09772e+06, 0
9.49035e+06, 3.22574e+06, 0
7.25801e+06, 4.30336e+06, 0
4.76477e+06, 490242, 0
4.63983e+06, 1.46069e+06, 0
9.67588e+06, 5.08545e+06, 0
7.47322e+06, 4.5027e+06, 0
8.38428e+06, 4.85162e+06, 0
7.99851e+06, 2.91896e+06, 0
4.91716e+06, 1.25772e+06, 0
8.91906e+06, 4.11311e+06, 0
4.90028e+06, 1.33427e+06, 0
5.91408e+06, 1.24387e+06, 0
6.29572e+06, 3.53495e+06, 0
8.38829e+06, 2.87836e+06, 0
8.78021e+06, 4.33418e+06, 0
3.93899e+06, 374807, 0
5.60843e+06, 1.97353e+06, 0
6.62754e+06, 1.77464e+06, 0
6.6087e+06, 2.50852e+06, 0
6.70478e+06, 2.81749e+06, 0
1.22956e+07, 2.54387e+06, 0
6.89616e+06, 3.24102e+06, 0
7.31071e+06, 866218, 0
7.24947e+06, 589352, 0
1.0401e+07, 1.93565e+06, 0
7.36348e+06, 2.57448e+06, 0
8.12967e+06, 3.84029e+06, 0
5.87157e+06, 1.54471e+06, 0
5.74495e+06, 1.29283e+06, 0
7.62606e+06, 3.95509e+06, 0
7.1841e+06, 3.38289e+06, 0
7.27374e+06, 3.01725e+06, 0
6.45035e+06, 3.15745e+06, 0
6.46177e+06, 3.50625e+06, 0
5.66527e+06, 742779, 0
7.03469e+06, 1.50651e+06, 0
8.8109e+06, 5.49872e+06, 0
1.11489e+07, 3.65431e+06, 0
4.00299e+06, 49175.8, 0
7.89448e+06, 3.28857e+06, 0
1.05206e+07, 5.52484e+06, 0
9.92015e+06, 3.80114e+06, 0
7.69511e+06, 901271, 0
4.21088e+06, 193817, 0
9.75174e+06, 4.79977e+06, 0
1.06342e+07, 4.45594e+06, 0
6.45737e+06, 3.56886e+06, 0
5.79999e+06, 3.00819e+06, 0
8.53166e+06, 4.1035e+06, 0
8.67801e+06, 2.98659e+06, 0
5.15589e+06, 2.21629e+06, 0
1.28883e+07, 854522, 0
1.04484e+07, 1.65988e+06, 0
8.82883e+06, 5.36131e+06, 0
5.46883e+06, 2.11099e+06, 0
6.14909e+06, 2.05163e+06, 0
5.42917e+06, 1.18164e+06, 0
4.77695e+06, 1.89599e+06, 0
5.57803e+06, 2.08948e+06, 0
6.77983e+06, 3.85941e+06, 0
9.4639e+06, 4.93036e+06, 0
8.23605e+06, 4.56912e+06, 0
5.77878e+06, 2.97106e+06, 0
9.43681e+06, 4.78082e+06, 0
8.77674e+06, 3.55305e+06, 0
5.93194e+06, 843415, 0
8.63651e+06, 1.65298e+06, 0
5.60645e+06, 1.38059e+06, 0
4.99822e+06, 2.21565e+06, 0
9.63402e+06, 3.47691e+06, 0
1.09956e+07, 1.78725e+06, 0
5.47955e+06, 1.94665e+06, 0
6.3744e+06, 2.44609e+06, 0
8.36886e+06, 4.98202e+06, 0
6.82309e+06, 3.41535e+06, 0
9.82932e+06, 4.52257e+06, 0
5.71836e+06, 2.58237e+06, 0
6.40144e+06, 2.97342e+06, 0
8.63291e+06, 4.95361e+06, 0
8.01591e+06, 4.82119e+06, 0
5.39898e+06, 283305, 0
8.00604e+06, 1.2566e+06, 0
6.05473e+06, 1.94406e+06, 0
5.61339e+06, 2.22605e+06, 0
7.55839e+06, 428385, 0
5.97511e+06, 1.45169e+06, 0
5.40565e+06, 2.75073e+06, 0
6.82227e+06, 2.98114e+06, 0
6.32812e+06, 352671, 0
7.86831e+06, 4.10317e+06, 0
5.95533e+06, 3.26328e+06, 0
6.25811e+06, 2.95682e+06, 0
