1.17937e+07, 3.16784e+06, 0
9.66315e+06, 3.6958e+06, 0
1.05649e+07, 3.1873e+06, 0
1.00443e+07, 4.96621e+06, 0
1.38326e+07, 1.10449e+06, 0
8.71318e+06, 2.09908e+06, 0
1.23243e+07, 4.74527e+06, 0
8.97797e+06, 1.36594e+06, 0
1.26136e+07, 4.73744e+06, 0
1.27693e+07, 3.7251e+06, 0
7.42581e+06, 1.11076e+06, 0
9.23504e+06, 2.75843e+06, 0
1.29409e+07, 7.48226e+06, 0
8.99436e+06, 3.6371e+06, 0
1.02152e+07, 4.97314e+06, 0
9.6541e+06, 2.59655e+06, 0
9.49759e+06, 4.09093e+06, 0
9.07647e+06, 3.23416e+06, 0
7.23917e+06, 705492, 0
8.95419e+06, 1.7691e+06, 0
8.05557e+06, 2.68366e+06, 0
8.87959e+06, 2.57913e+06, 0
1.19061e+07, 1.68874e+06, 0
8.13112e+06, 2.79262e+06, 0
9.63208e+06, 2.94289e+06, 0
7.98741e+06, 1.05656e+06, 0
1.08878e+07, 5.04221e+06, 0
1.02375e+07, 1.28261e+06, 0
7.56966e+06, 1.79681e+06, 0
8.10003e+06, 805673, 0
8.64657e+06, 3.05838e+06, 0
8.88913e+06, 555456, 0
9.90132e+06, 3.85068e+06, 0
7.78851e+06, 625168, 0
7.79416e+06, 1.77104e+06, 0
1.18912e+07, 565461, 0
9.97488e+06, 2.56577e+06, 0
8.74e+06, 983933, 0
1.08683e+07, 1.85217e+06, 0
1.04691e+07, 1.735e+06, 0
8.57278e+06, 1.94326e+06, 0
9.87968e+06, 1.9931e+06, 0
1.04052e+07, 4.06262e+06, 0
9.44578e+06, 1.29866e+06, 0
1.16121e+07, 2.99614e+06, 0
1.13175e+07, 1.59518e+06, 0
1.42141e+07, 7.34185e+06, 0
8.05463e+06, 1.00548e+06, 0
8.38075e+06, 2.32543e+06, 0
1.20145e+07, 6.69753e+06, 0
1.15743e+07, 134301, 0
8.35649e+06, 2.34669e+06, 0
1.24295e+07, 7.09156e+06, 0
8.44023e+06, 1.58087e+06, 0
9.50309e+06, 2.13817e+06, 0
1.03414e+07, 714307, 0
8.50835e+06, 3.08653e+06, 0
8.83789e+06, 994527, 0
9.7953e+06, 4.20012e+06, 0
7.52547e+06, 1.80759e+06, 0
1.07573e+07, 1.93711e+06, 0
9.06716e+06, 3.28754e+06, 0
1.24235e+07, 4.73222e+06, 0
8.60482e+06, 2.28289e+06, 0
9.9459e+06, 722750, 0
8.4685e+06, 3.04714e+06, 0
1.19221e+07, 4.68521e+06, 0
1.03896e+07, 5.10508e+06, 0
9.78087e+06, 3.86134e+06, 0
1.21751e+07, 2.86459e+06, 0
1.1669e+07, 6.45446e+06, 0
9.68229e+06, 2.51443e+06, 0
8.02483e+06, 2.49408e+06, 0
8.68249e+06, 3.52987e+06, 0
7.8277e+06, 2.20113e+06, 0
1.29184e+07, 3.66921e+06, 0
1.09715e+07, 1.77154e+06, 0
7.87855e+06, 2.5047e+06, 0
8.09406e+06, 2.26209e+06, 0
8.20052e+06, 3.10068e+06, 0
8.80188e+06, 2.52018e+06, 0
8.57691e+06, 2.69322e+06, 0
8.89005e+06, 2.56725e+06, 0
1.0718e+07, 3.48179e+06, 0
9.12286e+06, 2.83291e+06, 0
1.07824e+07, 4.2462e+06, 0
9.88416e+06, 3.89782e+06, 0
9.0762e+06, 3.34402e+06, 0
1.2689e+07, 5.42389e+06, 0
8.28018e+06, 2.80152e+06, 0
7.87067e+06, 2.3312e+06, 0
1.03338e+07, 1.11738e+06, 0
8.3917e+06, 2.79716e+06, 0
1.1166e+07, 3.57577e+06, 0
7.80063e+06, 1.45365e+06, 0
1.00382e+07, 3.21521e+06, 0
9.8729e+06, 4.79639e+06, 0
8.82555e+06, 3.67997e+06, 0
7.82007e+06, 1.08496e+06, 0
9.40015e+06, 2.42582e+06, 0
1.08988e+07, 4.6529e+06, 0
1.05443e+07, 1.62853e+06, 0
9.84283e+06, 4.27145e+06, 0
8.58243e+06, 3.09073e+06, 0
1.20033e+07, 1.74115e+06, 0
8.21844e+06, 3.00981e+06, 0
1.06153e+07, 5.19111e+06, 0
9.94079e+06, 4.17592e+06, 0
7.26941e+06, 768270, 0
1.00494e+07, 3.0419e+06, 0
8.35428e+06, 295883, 0
9.09244e+06, 2.56474e+06, 0
1.09207e+07, 4.80448e+06, 0
1.07892e+07, 3.61287e+06, 0
9.74815e+06, 1.82127e+06, 0
9.99566e+06, 2.9223e+06, 0
9.99164e+06, 2.8272e+06, 0
9.57027e+06, 3.34138e+06, 0
1.10871e+07, 5.7317e+06, 0
1.0533e+07, 5.26639e+06, 0
7.23604e+06, 874260, 0
1.02314e+07, 5.03498e+06, 0
1.06984e+07, 1.10254e+06, 0
1.00779e+07, 2.08326e+06, 0
9.67459e+06, 2.31519e+06, 0
9.73042e+06, 1.06277e+06, 0
1.16516e+07, 1.94765e+06, 0
7.58382e+06, 1.97023e+06, 0
1.15835e+07, 3.37085e+06, 0
1.3704e+07, 3.50038e+06, 0
8.10255e+06, 2.24953e+06, 0
1.25824e+07, 1.82861e+06, 0
9.63992e+06, 1.66746e+06, 0
1.00318e+07, 2.01795e+06, 0
1.00097e+07, 4.93451e+06, 0
9.11679e+06, 1.51766e+06, 0
8.75381e+06, 3.39075e+06, 0
1.0467e+07, 2.20726e+06, 0
1.00765e+07, 2.2774e+06, 0
1.23801e+07, 4.82891e+06, 0
1.31373e+07, 830915, 0
7.55382e+06, 1.03109e+06, 0
8.42974e+06, 1.53328e+06, 0
8.35964e+06, 1.65331e+06, 0
7.83831e+06, 664028, 0
1.54045e+07, 3.37765e+06, 0
1.0774e+07, 4.81447e+06, 0
9.32031e+06, 3.84794e+06, 0
1.25787e+07, 3.07205e+06, 0
7.22389e+06, 283322, 0
1.44283e+07, 3.77454e+06, 0
1.3172e+07, 7.1363e+06, 0
7.25148e+06, 1.16659e+06, 0
8.07404e+06, 2.61097e+06, 0
9.4618e+06, 1.39584e+06, 0
9.55552e+06, 4.19687e+06, 0
7.57129e+06, 806026, 0
1.02183e+07, 3.87495e+06, 0
1.11527e+07, 4.11553e+06, 0
8.4327e+06, 3.10524e+06, 0
1.1972e+07, 6.87754e+06, 0
8.82815e+06, 2.99737e+06, 0
1.44148e+07, 4.97117e+06, 0
1.19971e+07, 5.71238e+06, 0
1.07106e+07, 1.8475e+06, 0
1.45953e+07, 6.40354e+06, 0
1.09122e+07, 5.45141e+06, 0
8.44728e+06, 3.0595e+06, 0
1.07462e+07, 5.32448e+06, 0
1.13559e+07, 1.34874e+06, 0
1.22093e+07, 1.39336e+06, 0
8.20335e+06, 504277, 0
1.09057e+07, 1.21515e+06, 0
1.16206e+07, 3.17984e+06, 0
1.11649e+07, 3.94652e+06, 0
8.42394e+06, 952088, 0
7.74716e+06, 2.32826e+06, 0
1.21813e+07, 3.988e+06, 0
1.44112e+07, 5.32909e+06, 0
8.62521e+06, 1.84834e+06, 0
9.76314e+06, 2.23617e+06, 0
8.92013e+06, 3.51792e+06, 0
1.16131e+07, 2.49304e+06, 0
8.86608e+06, 3.88133e+06, 0
1.01708e+07, 2.21825e+06, 0
9.34218e+06, 2.81179e+06, 0
8.44102e+06, 2.57364e+06, 0
8.17753e+06, 314151, 0
1.04073e+07, 3.567e+06, 0
7.71715e+06, 2.04046e+06, 0
7.60698e+06, 1.97391e+06, 0
1.05422e+07, 5.31307e+06, 0
8.40399e+06, 2.97405e+06, 0
8.47631e+06, 2.89092e+06, 0
7.79909e+06, 1.0089e+06, 0
1.27193e+07, 5.81454e+06, 0
1.17019e+07, 5.19087e+06, 0
8.96315e+06, 3.62869e+06, 0
9.01424e+06, 1.26798e+06, 0
9.58174e+06, 690251, 0
1.01242e+07, 3.28575e+06, 0
1.37122e+07, 6.76262e+06, 0
1.02035e+07, 2.46834e+06, 0
1.1998e+07, 2.99388e+06, 0
1.00873e+07, 4.08834e+06, 0
1.23704e+07, 7.34061e+06, 0
8.18723e+06, 1.90218e+06, 0
9.02408e+06, 1.90812e+06, 0
1.03295e+07, 5.25855e+06, 0
7.83604e+06, 553174, 0
1.11412e+07, 3.71877e+06, 0
1.04666e+07, 2.87367e+06, 0
8.43827e+06, 3.11188e+06, 0
8.97182e+06, 3.27496e+06, 0
1.20295e+07, 4.53121e+06, 0
9.98635e+06, 2.38048e+06, 0
9.74631e+06, 4.47826e+06, 0
9.04417e+06, 3.98554e+06, 0
1.11925e+07, 3.29244e+06, 0
1.22486e+07, 5.55977e+06, 0
1.04719e+07, 3.37022e+06, 0
8.44664e+06, 1.40111e+06, 0
9.6597e+06, 3.80446e+06, 0
9.87644e+06, 1.61648e+06, 0
9.85782e+06, 4.57691e+06, 0
8.29676e+06, 1.9207e+06, 0
1.01155e+07, 4.22422e+06, 0
7.43246e+06, 1.2794e+06, 0
9.67393e+06, 3.45108e+06, 0
9.68905e+06, 3.74451e+06, 0
1.03782e+07, 3.35586e+06, 0
8.60581e+06, 2.70805e+06, 0
1.19387e+07, 549218, 0
8.35682e+06, 1.93613e+06, 0
8.87229e+06, 3.22681e+06, 0
9.72077e+06, 3.20265e+06, 0
8.90283e+06, 3.03412e+06, 0
7.80753e+06, 1.40447e+06, 0
1.06864e+07, 2.72921e+06, 0
9.08926e+06, 1.98877e+06, 0
8.40045e+06, 1.73109e+06, 0
1.88737e+07, 1.18805e+07, 0
1.03742e+07, 3.61117e+06, 0
9.16076e+06, 2.56651e+06, 0
8.24379e+06, 2.28209e+06, 0
8.71501e+06, 1.7409e+06, 0
1.03754e+07, 3.05104e+06, 0
9.45449e+06, 3.77701e+06, 0
8.76587e+06, 2.662e+06, 0
8.65092e+06, 2.78176e+06, 0
8.30875e+06, 2.83731e+06, 0
8.18998e+06, 2.14581e+06, 0
8.56977e+06, 2.48399e+06, 0
8.61016e+06, 2.19326e+06, 0
9.95045e+06, 3.41757e+06, 0
9.10561e+06, 2.74912e+06, 0
8.43906e+06, 1.58069e+06, 0
1.15328e+07, 3.7752e+06, 0
8.20992e+06, 2.41694e+06, 0
1.18367e+07, 5.04108e+06, 0
9.61106e+06, 2.65642e+06, 0
8.74932e+06, 2.35453e+06, 0
8.13958e+06, 2.6592e+06, 0
1.04924e+07, 5.43197e+06, 0
1.04712e+07, 3.76042e+06, 0
1.10724e+07, 1.81562e+06, 0
9.16423e+06, 3.21948e+06, 0
9.72746e+06, 4.11045e+06, 0
1.4138e+07, 3.54475e+06, 0
1.31347e+07, 4.48405e+06, 0
1.06728e+07, 864189, 0
7.87218e+06, 1.67128e+06, 0
1.07369e+07, 5.88338e+06, 0
1.23247e+07, 6.87218e+06, 0
9.21642e+06, 1.8666e+06, 0
8.28319e+06, 1.18839e+06, 0
1.12154e+07, 5.13182e+06, 0
1.02648e+07, 3.45302e+06, 0
9.56689e+06, 1.87238e+06, 0
1.59752e+07, 7.73223e+06, 0
1.07577e+07, 3.8585e+06, 0
8.44347e+06, 3.37563e+06, 0
7.90034e+06, 846151, 0
1.11229e+07, 3.98501e+06, 0
1.00226e+07, 2.86257e+06, 0
8.20193e+06, 2.78555e+06, 0
8.47936e+06, 2.07336e+06, 0
1.02002e+07, 3.79206e+06, 0
7.57886e+06, 685072, 0
9.37992e+06, 1.02102e+06, 0
1.09151e+07, 2.15891e+06, 0
1.3853e+07, 6.27426e+06, 0
9.04695e+06, 2.03417e+06, 0
7.79402e+06, 2.39409e+06, 0
9.51328e+06, 2.52438e+06, 0
1.24103e+07, 7.38887e+06, 0
1.10744e+07, 3.94191e+06, 0
8.93909e+06, 1.20611e+06, 0
9.71043e+06, 4.23697e+06, 0
1.24384e+07, 4.43791e+06, 0
1.0694e+07, 5.35299e+06, 0
1.19437e+07, 6.69082e+06, 0
9.83124e+06, 3.8358e+06, 0
9.9533e+06, 4.11215e+06, 0
9.10081e+06, 1.94899e+06, 0
9.21887e+06, 3.11249e+06, 0
1.26298e+07, 1.60066e+06, 0
9.60715e+06, 3.81781e+06, 0
1.02111e+07, 439848, 0
9.40518e+06, 1.91268e+06, 0
8.43165e+06, 2.50209e+06, 0
1.01283e+07, 2.23761e+06, 0
1.65293e+07, 6.11225e+06, 0
1.17132e+07, 3.96878e+06, 0
9.02628e+06, 2.02761e+06, 0
1.07556e+07, 5.71812e+06, 0
8.78057e+06, 2.96605e+06, 0
8.54759e+06, 3.3491e+06, 0
8.6076e+06, 2.73534e+06, 0
8.22252e+06, 1.12267e+06, 0
7.58287e+06, 1.28318e+06, 0
1.00893e+07, 2.452e+06, 0
8.54545e+06, 3.36429e+06, 0
9.85449e+06, 4.43741e+06, 0
1.23322e+07, 5.71958e+06, 0
7.33779e+06, 1.61637e+06, 0
7.90649e+06, 2.50288e+06, 0
1.04616e+07, 3.51557e+06, 0
8.32555e+06, 1.85508e+06, 0
9.56879e+06, 4.62266e+06, 0
8.7403e+06, 1.90736e+06, 0
8.76517e+06, 3.4984e+06, 0
9.89811e+06, 3.48579e+06, 0
8.62759e+06, 2.44303e+06, 0
1.02234e+07, 5.04481e+06, 0
1.06109e+07, 4.81008e+06, 0
7.45202e+06, 1.64952e+06, 0
9.10164e+06, 3.20512e+06, 0
8.20514e+06, 1.53858e+06, 0
9.39859e+06, 3.3444e+06, 0
8.98609e+06, 3.88575e+06, 0
9.05414e+06, 3.52234e+06, 0
9.0773e+06, 2.87952e+06, 0
1.14752e+07, 3.81822e+06, 0
1.05123e+07, 817921, 0
8.90547e+06, 881306, 0
9.93316e+06, 4.43053e+06, 0
8.70914e+06, 3.33537e+06, 0
8.19571e+06, 2.54377e+06, 0
8.29561e+06, 2.92668e+06, 0
1.14025e+07, 977670, 0
8.25506e+06, 834372, 0
1.10766e+07, 4.71321e+06, 0
1.04407e+07, 5.08219e+06, 0
1.13796e+07, 1.41558e+06, 0
7.67678e+06, 1.87175e+06, 0
9.30899e+06, 4.25117e+06, 0
8.72211e+06, 882527, 0
1.20594e+07, 4.28551e+06, 0
1.31203e+07, 4.11992e+06, 0
1.03818e+07, 2.75146e+06, 0
1.1294e+07, 5.26667e+06, 0
9.64671e+06, 4.55584e+06, 0
9.77635e+06, 2.95176e+06, 0
8.9877e+06, 2.04677e+06, 0
9.91352e+06, 5.04459e+06, 0
1.05752e+07, 5.4647e+06, 0
9.19698e+06, 3.13373e+06, 0
1.0848e+07, 3.69378e+06, 0
1.10077e+07, 1.36233e+06, 0
9.5586e+06, 1.57387e+06, 0
1.40848e+07, 8.50492e+06, 0
1.14415e+07, 2.64051e+06, 0
8.74924e+06, 3.28712e+06, 0
1.3002e+07, 6.12944e+06, 0
9.77154e+06, 2.60471e+06, 0
1.03684e+07, 2.00443e+06, 0
1.26117e+07, 6.48869e+06, 0
7.26862e+06, 1.48516e+06, 0
1.05477e+07, 2.94707e+06, 0
1.21515e+07, 2.48935e+06, 0
1.12666e+07, 1.30964e+06, 0
1.21862e+07, 5.28201e+06, 0
1.00034e+07, 4.91111e+06, 0
7.63104e+06, 164164, 0
7.62638e+06, 1.75083e+06, 0
9.33007e+06, 3.86951e+06, 0
1.02881e+07, 4.7288e+06, 0
9.94258e+06, 1.88993e+06, 0
9.64496e+06, 3.49564e+06, 0
9.59471e+06, 3.09883e+06, 0
1.4841e+07, 2.62262e+06, 0
7.41596e+06, 1.04572e+06, 0
9.73712e+06, 2.93382e+06, 0
9.10143e+06, 1.43838e+06, 0
9.22216e+06, 2.06812e+06, 0
9.90697e+06, 4.13646e+06, 0
7.7177e+06, 2.33549e+06, 0
7.75521e+06, 2.36151e+06, 0
1.00201e+07, 2.4619e+06, 0
7.40079e+06, 1.67242e+06, 0
8.52012e+06, 2.90151e+06, 0
1.06851e+07, 4.2797e+06, 0
9.87955e+06, 3.31951e+06, 0
9.92267e+06, 3.97782e+06, 0
7.23562e+06, 940845, 0
7.35955e+06, 1.09573e+06, 0
1.16377e+07, 5.90198e+06, 0
7.77851e+06, 1.99242e+06, 0
8.02579e+06, 2.64878e+06, 0
1.19241e+07, 2.9365e+06, 0
1.04273e+07, 3.55479e+06, 0
9.86508e+06, 4.46603e+06, 0
7.7714e+06, 2.34086e+06, 0
1.22127e+07, 3.57894e+06, 0
1.08909e+07, 4.5666e+06, 0
7.99785e+06, 1.06766e+06, 0
7.37628e+06, 573288, 0
1.01083e+07, 5.09939e+06, 0
1.33118e+07, 1.33308e+06, 0
9.18291e+06, 3.81922e+06, 0
9.30448e+06, 1.19136e+06, 0
7.87866e+06, 2.08326e+06, 0
7.87203e+06, 2.05637e+06, 0
8.38091e+06, 1.12884e+06, 0
9.23461e+06, 2.16817e+06, 0
9.8526e+06, 4.22356e+06, 0
1.06241e+07, 3.97145e+06, 0
1.00674e+07, 1.3983e+06, 0
8.20281e+06, 497995, 0
9.86423e+06, 3.31627e+06, 0
8.69928e+06, 1.99522e+06, 0
1.10101e+07, 5.00746e+06, 0
1.0219e+07, 3.56477e+06, 0
1.02481e+07, 3.82906e+06, 0
8.55382e+06, 2.48152e+06, 0
7.5758e+06, 1.73837e+06, 0
9.25277e+06, 3.85223e+06, 0
9.5014e+06, 3.97131e+06, 0
9.16956e+06, 2.00592e+06, 0
1.02703e+07, 2.03133e+06, 0
7.99817e+06, 2.32696e+06, 0
1.063e+07, 3.79648e+06, 0
1.06253e+07, 1.64725e+06, 0
9.18103e+06, 3.92127e+06, 0
1.52839e+07, 5.03676e+06, 0
9.76562e+06, 3.81603e+06, 0
9.64517e+06, 234369, 0
8.72946e+06, 1.05441e+06, 0
9.9899e+06, 3.8106e+06, 0
9.89844e+06, 218745, 0
1.09226e+07, 3.91935e+06, 0
8.78494e+06, 3.15463e+06, 0
8.70202e+06, 2.83077e+06, 0
1.24694e+07, 830353, 0
9.36579e+06, 2.95872e+06, 0
9.24357e+06, 2.97707e+06, 0
9.55282e+06, 1.20148e+06, 0
1.3346e+07, 2.0435e+06, 0
8.25983e+06, 1.85646e+06, 0
1.11069e+07, 3.59877e+06, 0
9.25535e+06, 3.68259e+06, 0
8.8472e+06, 2.2976e+06, 0
1.01564e+07, 3.44943e+06, 0
1.04593e+07, 4.3325e+06, 0
7.99118e+06, 2.36481e+06, 0
8.41586e+06, 1.17881e+06, 0
9.83399e+06, 4.62585e+06, 0
7.71008e+06, 783979, 0
1.19054e+07, 4.57967e+06, 0
7.59178e+06, 1.68713e+06, 0
9.2499e+06, 4.29641e+06, 0
7.70772e+06, 2.28791e+06, 0
8.9665e+06, 1.64331e+06, 0
9.00286e+06, 2.74774e+06, 0
7.22476e+06, 844501, 0
8.91425e+06, 1.84053e+06, 0
1.01427e+07, 3.33907e+06, 0
8.50041e+06, 1.74079e+06, 0
9.09777e+06, 2.46729e+06, 0
7.17643e+06, 1.217e+06, 0
9.76353e+06, 2.80395e+06, 0
1.43567e+07, 4.92805e+06, 0
1.50212e+07, 6.13815e+06, 0
8.59894e+06, 2.33967e+06, 0
7.40803e+06, 244782, 0
7.16275e+06, 1.14741e+06, 0
9.82806e+06, 3.31525e+06, 0
1.06206e+07, 2.66752e+06, 0
1.0195e+07, 2.59471e+06, 0
7.73511e+06, 2.34354e+06, 0
1.04961e+07, 3.571e+06, 0
1.00969e+07, 3.11134e+06, 0
1.2864e+07, 3.07395e+06, 0
9.35895e+06, 2.05385e+06, 0
8.78491e+06, 3.48962e+06, 0
1.02628e+07, 2.02572e+06, 0
1.13188e+07, 4.22369e+06, 0
8.11656e+06, 1.58809e+06, 0
1.85692e+07, 5.53377e+06, 0
1.2512e+07, 5.68769e+06, 0
9.09711e+06, 3.68928e+06, 0
8.49577e+06, 3.29006e+06, 0
9.89093e+06, 1.33723e+06, 0
8.32043e+06, 1.34407e+06, 0
7.54552e+06, 1.18405e+06, 0
9.6936e+06, 4.17083e+06, 0
9.86009e+06, 4.58861e+06, 0
8.5527e+06, 1.15335e+06, 0
1.1441e+07, 6.21767e+06, 0
9.63351e+06, 3.6216e+06, 0
7.29653e+06, 1.29523e+06, 0
8.03304e+06, 1.53983e+06, 0
1.88278e+07, 2.43267e+06, 0
8.79809e+06, 346382, 0
1.12031e+07, 4.12044e+06, 0
8.30056e+06, 1.16689e+06, 0
8.08085e+06, 2.28574e+06, 0
1.02974e+07, 5.10238e+06, 0
7.39349e+06, 964559, 0
8.13736e+06, 1.10049e+06, 0
1.52782e+07, 3.71882e+06, 0
1.2876e+07, 5.08877e+06, 0
1.00027e+07, 4.02145e+06, 0
8.95123e+06, 2.4994e+06, 0
8.86732e+06, 1.45319e+06, 0
8.61294e+06, 2.96471e+06, 0
1.01193e+07, 4.10542e+06, 0
1.16483e+07, 2.42392e+06, 0
7.9062e+06, 1.69573e+06, 0
1.3328e+07, 6.35279e+06, 0
1.52852e+07, 3.80169e+06, 0
8.43381e+06, 2.24426e+06, 0
1.00554e+07, 2.87653e+06, 0
9.83117e+06, 3.77613e+06, 0
1.33431e+07, 6.73035e+06, 0
9.51815e+06, 3.07796e+06, 0
9.55749e+06, 2.7495e+06, 0
1.12129e+07, 2.89838e+06, 0
9.12296e+06, 2.29244e+06, 0
1.07848e+07, 4.75924e+06, 0
8.16815e+06, 697995, 0
7.5992e+06, 1.92616e+06, 0
1.26288e+07, 4.97e+06, 0
8.25652e+06, 2.24483e+06, 0
1.05605e+07, 3.44977e+06, 0
9.73209e+06, 3.0956e+06, 0
9.80225e+06, 3.81919e+06, 0
8.08111e+06, 2.75241e+06, 0
7.71441e+06, 2.16233e+06, 0
9.33454e+06, 2.49523e+06, 0
1.21247e+07, 1.43131e+06, 0
1.04008e+07, 3.00343e+06, 0
9.60027e+06, 1.86806e+06, 0
1.16392e+07, 2.64842e+06, 0
9.43958e+06, 4.00199e+06, 0
9.88793e+06, 4.12237e+06, 0
1.28209e+07, 7.5586e+06, 0
9.48569e+06, 3.86426e+06, 0
1.06403e+07, 4.82134e+06, 0
1.08964e+07, 3.77569e+06, 0
1.12566e+07, 3.1286e+06, 0
1.04632e+07, 5.10934e+06, 0
1.40613e+07, 5.99426e+06, 0
7.02602e+06, 242144, 0
9.00073e+06, 3.6382e+06, 0
1.06558e+07, 4.06155e+06, 0
8.47034e+06, 2.11476e+06, 0
8.54998e+06, 1.17738e+06, 0
9.0697e+06, 3.88641e+06, 0
1.10396e+07, 5.77059e+06, 0
8.2845e+06, 2.87199e+06, 0
1.10156e+07, 5.51328e+06, 0
1.13482e+07, 4.91174e+06, 0
1.09417e+07, 3.5986e+06, 0
1.09671e+07, 3.12695e+06, 0
1.20631e+07, 4.58548e+06, 0
1.3841e+07, 8.43973e+06, 0
7.74748e+06, 2.37575e+06, 0
8.41342e+06, 850312, 0
1.16359e+07, 5.85592e+06, 0
7.84404e+06, 903043, 0
8.89401e+06, 3.34809e+06, 0
7.67274e+06, 1.85908e+06, 0
7.7006e+06, 1.93537e+06, 0
7.73367e+06, 1.72186e+06, 0
8.28002e+06, 1.64931e+06, 0
1.03205e+07, 314887, 0
8.3365e+06, 1.44602e+06, 0
1.05278e+07, 5.6601e+06, 0
8.98296e+06, 2.47216e+06, 0
