2.68652e+07, 3.82937e+06, 0
2.59162e+07, 5.36011e+06, 0
3.08484e+07, 6.58318e+06, 0
2.26173e+07, 7.70435e+06, 0
3.22792e+07, 1.11584e+07, 0
2.64273e+07, 4.3068e+06, 0
4.31627e+07, 1.8301e+07, 0
2.49116e+07, 6.65442e+06, 0
2.32626e+07, 1.14562e+07, 0
2.65376e+07, 1.14994e+07, 0
3.01703e+07, 5.98108e+06, 0
2.32777e+07, 9.1421e+06, 0
3.62258e+07, 2.03883e+07, 0
3.21854e+07, 4.98191e+06, 0
3.04637e+07, 7.44131e+06, 0
2.84277e+07, 1.21979e+07, 0
1.84396e+07, 4.23202e+06, 0
2.38555e+07, 1.09725e+07, 0
2.47829e+07, 1.29108e+07, 0
1.81045e+07, 4.49042e+06, 0
2.14898e+07, 2.52325e+06, 0
2.60098e+07, 6.56051e+06, 0
3.01133e+07, 1.69921e+07, 0
3.08657e+07, 1.12107e+07, 0
3.71598e+07, 2.00755e+07, 0
2.11451e+07, 8.68313e+06, 0
3.92095e+07, 1.60213e+07, 0
1.95562e+07, 5.65418e+06, 0
3.25982e+07, 9.28685e+06, 0
1.89069e+07, 1.98066e+06, 0
2.10605e+07, 1.39883e+06, 0
2.18061e+07, 2.79097e+06, 0
2.37683e+07, 9.97361e+06, 0
3.7173e+07, 7.03836e+06, 0
2.33523e+07, 9.93749e+06, 0
2.05618e+07, 600740, 0
3.0556e+07, 1.77386e+07, 0
2.75935e+07, 1.42391e+07, 0
2.59749e+07, 8.38931e+06, 0
2.26426e+07, 5.547e+06, 0
3.09098e+07, 1.23323e+07, 0
3.02643e+07, 1.53708e+07, 0
3.23219e+07, 1.69334e+07, 0
2.25808e+07, 1.01833e+07, 0
3.22393e+07, 7.30169e+06, 0
2.31086e+07, 4.24689e+06, 0
2.18542e+07, 4.53061e+06, 0
2.34249e+07, 1.04411e+07, 0
2.49574e+07, 4.07768e+06, 0
2.22736e+07, 9.99004e+06, 0
2.86727e+07, 9.72806e+06, 0
2.91607e+07, 4.48068e+06, 0
2.0887e+07, 2.59707e+06, 0
2.83179e+07, 1.16785e+07, 0
3.04785e+07, 8.99102e+06, 0
2.31905e+07, 1.11926e+07, 0
2.8361e+07, 9.18022e+06, 0
1.80683e+07, 4.19429e+06, 0
3.58831e+07, 1.81146e+07, 0
3.80556e+07, 1.70908e+07, 0
3.22099e+07, 4.70466e+06, 0
3.37673e+07, 9.84177e+06, 0
2.23506e+07, 7.05542e+06, 0
3.19247e+07, 1.55709e+07, 0
2.02269e+07, 7.16114e+06, 0
2.22586e+07, 5.82871e+06, 0
2.29349e+07, 3.52152e+06, 0
1.97336e+07, 6.12134e+06, 0
2.78505e+07, 1.09207e+07, 0
2.31004e+07, 1.07959e+07, 0
2.68123e+07, 1.32952e+07, 0
2.00281e+07, 7.50249e+06, 0
1.83348e+07, 1.20889e+06, 0
2.05339e+07, 8.21114e+06, 0
2.25631e+07, 5.50282e+06, 0
2.49771e+07, 8.78983e+06, 0
2.35898e+07, 501421, 0
3.11596e+07, 1.77018e+07, 0
3.18677e+07, 1.61794e+07, 0
3.7188e+07, 1.97036e+07, 0
3.26902e+07, 1.26576e+07, 0
3.03647e+07, 1.20941e+07, 0
2.60059e+07, 1.11373e+07, 0
3.35933e+07, 1.9543e+07, 0
3.00075e+07, 1.51379e+07, 0
2.35173e+07, 8.58819e+06, 0
2.96314e+07, 1.15956e+07, 0
2.57175e+07, 8.00285e+06, 0
2.25477e+07, 1.06143e+07, 0
2.2439e+07, 6.95517e+06, 0
2.5992e+07, 3.73442e+06, 0
1.81476e+07, 4.67681e+06, 0
2.89393e+07, 8.63659e+06, 0
3.79865e+07, 4.50189e+06, 0
3.78685e+07, 2.04793e+07, 0
2.2447e+07, 6.32169e+06, 0
2.332e+07, 9.71694e+06, 0
2.20017e+07, 8.00622e+06, 0
2.39826e+07, 4.86321e+06, 0
2.04289e+07, 4.88716e+06, 0
2.69264e+07, 3.37966e+06, 0
2.79574e+07, 5.32367e+06, 0
2.88051e+07, 5.31154e+06, 0
2.37735e+07, 6.37117e+06, 0
2.02257e+07, 3.95867e+06, 0
1.79881e+07, 3.27649e+06, 0
3.32388e+07, 7.70667e+06, 0
3.01783e+07, 4.32298e+06, 0
2.37282e+07, 7.76753e+06, 0
2.76722e+07, 2.36419e+06, 0
2.12938e+07, 8.97992e+06, 0
2.18609e+07, 4.99318e+06, 0
2.77774e+07, 1.23517e+07, 0
2.54293e+07, 1.18458e+07, 0
2.53636e+07, 4.65932e+06, 0
2.60345e+07, 1.72906e+06, 0
2.35618e+07, 1.01283e+07, 0
2.27105e+07, 4.50191e+06, 0
2.55792e+07, 8.99165e+06, 0
1.8628e+07, 3.32714e+06, 0
2.08735e+07, 2.78758e+06, 0
3.56469e+07, 6.16765e+06, 0
2.64001e+07, 3.89487e+06, 0
2.53427e+07, 1.17436e+07, 0
2.40583e+07, 5.04573e+06, 0
2.69817e+07, 1.03569e+07, 0
2.10475e+07, 6.43623e+06, 0
2.29203e+07, 9.19556e+06, 0
3.39452e+07, 9.07731e+06, 0
2.78051e+07, 9.52201e+06, 0
2.19039e+07, 6.52177e+06, 0
2.52374e+07, 1.7511e+06, 0
2.86654e+07, 1.14757e+07, 0
3.26725e+07, 1.9912e+07, 0
2.04946e+07, 7.95364e+06, 0
3.59563e+07, 2.19453e+07, 0
2.63563e+07, 1.02375e+07, 0
2.88054e+07, 1.66724e+07, 0
2.85391e+07, 1.31825e+06, 0
4.58454e+07, 2.59226e+06, 0
2.51708e+07, 1.01586e+07, 0
3.73335e+07, 1.09402e+07, 0
3.00584e+07, 7.25695e+06, 0
3.22475e+07, 1.67759e+07, 0
2.95074e+07, 3.28158e+06, 0
2.61189e+07, 1.11933e+07, 0
2.11275e+07, 6.76261e+06, 0
3.50113e+07, 1.2475e+07, 0
3.27732e+07, 7.55626e+06, 0
2.24452e+07, 7.44584e+06, 0
2.69763e+07, 1.11945e+07, 0
2.81652e+07, 1.14687e+07, 0
2.49343e+07, 2.24253e+06, 0
2.76312e+07, 9.79292e+06, 0
1.80148e+07, 4.19785e+06, 0
2.77012e+07, 1.04696e+07, 0
2.32944e+07, 1.08904e+07, 0
2.98977e+07, 1.21033e+07, 0
3.7633e+07, 6.53776e+06, 0
2.05134e+07, 4.39934e+06, 0
2.26259e+07, 6.3099e+06, 0
2.86439e+07, 1.37507e+07, 0
3.43282e+07, 9.61331e+06, 0
3.02101e+07, 5.63539e+06, 0
1.8806e+07, 1.93659e+06, 0
2.20228e+07, 8.62955e+06, 0
3.15949e+07, 4.89637e+06, 0
3.13831e+07, 5.28403e+06, 0
2.98801e+07, 1.7404e+07, 0
2.15643e+07, 1.76223e+06, 0
3.12232e+07, 4.48624e+06, 0
2.55634e+07, 7.74491e+06, 0
2.74214e+07, 1.11209e+07, 0
2.7463e+07, 1.17488e+07, 0
3.94266e+07, 1.44088e+07, 0
2.52363e+07, 6.09503e+06, 0
2.11594e+07, 4.6279e+06, 0
2.03464e+07, 8.12476e+06, 0
2.4883e+07, 1.01375e+07, 0
1.97538e+07, 3.87592e+06, 0
2.80461e+07, 1.04964e+07, 0
1.96503e+07, 1.38005e+06, 0
3.30965e+07, 8.27807e+06, 0
3.02726e+07, 1.18204e+07, 0
2.58064e+07, 3.71465e+06, 0
2.82555e+07, 1.22896e+07, 0
2.66785e+07, 9.66565e+06, 0
2.31666e+07, 9.23858e+06, 0
2.67354e+07, 5.7051e+06, 0
2.79358e+07, 7.05854e+06, 0
2.79342e+07, 5.49228e+06, 0
3.66258e+07, 1.54743e+07, 0
3.36912e+07, 1.0518e+07, 0
1.97289e+07, 2.49985e+06, 0
3.907e+07, 2.24468e+07, 0
4.20998e+07, 2.30505e+07, 0
2.38658e+07, 8.5995e+06, 0
2.5753e+07, 1.07488e+07, 0
2.46238e+07, 9.45217e+06, 0
4.65656e+07, 1.89499e+07, 0
2.85747e+07, 3.78051e+06, 0
2.02158e+07, 4.85674e+06, 0
1.93559e+07, 4.068e+06, 0
2.11303e+07, 8.97778e+06, 0
1.91793e+07, 5.457e+06, 0
2.06841e+07, 5.72538e+06, 0
2.76189e+07, 1.01683e+07, 0
2.53732e+07, 9.81835e+06, 0
2.28642e+07, 6.49585e+06, 0
2.75388e+07, 1.35459e+07, 0
2.32364e+07, 4.73731e+06, 0
2.11004e+07, 4.20984e+06, 0
2.82493e+07, 5.56043e+06, 0
2.17899e+07, 5.36957e+06, 0
4.14184e+07, 1.93699e+07, 0
3.3862e+07, 1.30506e+07, 0
3.58043e+07, 1.50563e+07, 0
2.82933e+07, 6.85454e+06, 0
2.37682e+07, 9.11843e+06, 0
2.51949e+07, 1.14824e+07, 0
2.48513e+07, 597919, 0
2.34747e+07, 4.57291e+06, 0
2.39581e+07, 4.94257e+06, 0
2.07867e+07, 4.39939e+06, 0
3.3037e+07, 3.39125e+06, 0
3.08803e+07, 1.58613e+07, 0
3.27576e+07, 1.2876e+07, 0
1.73917e+07, 996918, 0
1.98783e+07, 4.47692e+06, 0
2.16825e+07, 5.63516e+06, 0
3.03545e+07, 1.53073e+07, 0
3.01298e+07, 7.1182e+06, 0
2.35917e+07, 8.11783e+06, 0
2.22449e+07, 4.93271e+06, 0
2.46475e+07, 4.75645e+06, 0
2.5571e+07, 1.1802e+07, 0
2.90613e+07, 1.41958e+07, 0
2.73528e+07, 5.11031e+06, 0
2.8189e+07, 1.46504e+07, 0
3.00405e+07, 1.4391e+07, 0
2.69733e+07, 762835, 0
2.5911e+07, 1.20071e+07, 0
2.63151e+07, 7.23438e+06, 0
3.73481e+07, 7.83917e+06, 0
2.61131e+07, 4.24974e+06, 0
2.62756e+07, 3.57255e+06, 0
2.94994e+07, 1.23237e+07, 0
5.23334e+07, 2.20479e+07, 0
2.62857e+07, 1.43259e+07, 0
3.67289e+07, 6.07312e+06, 0
2.14466e+07, 2.79529e+06, 0
3.27111e+07, 9.15927e+06, 0
2.97537e+07, 6.37397e+06, 0
3.37881e+07, 1.92367e+07, 0
1.93044e+07, 4.24968e+06, 0
2.11019e+07, 8.81837e+06, 0
1.87139e+07, 4.0396e+06, 0
2.19724e+07, 6.29892e+06, 0
2.437e+07, 4.99472e+06, 0
2.23408e+07, 6.77215e+06, 0
2.27162e+07, 4.50139e+06, 0
2.50074e+07, 8.09752e+06, 0
3.66025e+07, 8.94956e+06, 0
1.82571e+07, 2.96596e+06, 0
2.49896e+07, 7.9842e+06, 0
2.61938e+07, 9.92755e+06, 0
2.07753e+07, 3.76685e+06, 0
2.23666e+07, 1.05101e+07, 0
3.51386e+07, 1.03683e+07, 0
2.01349e+07, 5.33118e+06, 0
2.22105e+07, 1.01763e+07, 0
2.31165e+07, 2.22852e+06, 0
2.51417e+07, 9.22252e+06, 0
2.89725e+07, 1.48312e+07, 0
2.7213e+07, 1.41495e+07, 0
1.77067e+07, 634756, 0
3.02608e+07, 1.04399e+07, 0
2.41993e+07, 7.71811e+06, 0
2.50919e+07, 1.27823e+07, 0
2.46746e+07, 5.2559e+06, 0
2.50675e+07, 6.55014e+06, 0
3.04655e+07, 1.19852e+07, 0
2.4387e+07, 3.48819e+06, 0
3.22166e+07, 1.07549e+07, 0
2.69397e+07, 8.50003e+06, 0
2.19595e+07, 7.92188e+06, 0
3.00185e+07, 1.52082e+07, 0
2.24995e+07, 8.22644e+06, 0
3.11913e+07, 1.31856e+07, 0
2.34377e+07, 8.63625e+06, 0
4.71134e+07, 9.11049e+06, 0
2.21712e+07, 8.24513e+06, 0
2.54186e+07, 6.72114e+06, 0
1.94524e+07, 5.62986e+06, 0
2.11999e+07, 4.37328e+06, 0
2.76269e+07, 1.5218e+07, 0
2.3435e+07, 8.57518e+06, 0
2.41228e+07, 6.25846e+06, 0
3.66967e+07, 7.68532e+06, 0
2.0286e+07, 4.04299e+06, 0
3.03444e+07, 1.50136e+07, 0
2.62706e+07, 1.4419e+07, 0
2.315e+07, 1.43084e+06, 0
3.5665e+07, 9.81931e+06, 0
2.21031e+07, 4.07173e+06, 0
2.40371e+07, 8.64845e+06, 0
1.91451e+07, 5.31628e+06, 0
2.93993e+07, 6.62444e+06, 0
3.08046e+07, 1.14083e+07, 0
2.85728e+07, 1.40514e+07, 0
3.46238e+07, 1.20758e+07, 0
2.45805e+07, 6.4673e+06, 0
2.72188e+07, 1.29963e+07, 0
2.58285e+07, 1.37375e+07, 0
2.15497e+07, 2.61938e+06, 0
3.73055e+07, 1.39782e+07, 0
2.7519e+07, 9.83633e+06, 0
2.13039e+07, 8.85285e+06, 0
2.05464e+07, 4.54494e+06, 0
2.80189e+07, 2.03258e+06, 0
2.91617e+07, 1.48796e+07, 0
2.60641e+07, 1.20159e+07, 0
2.62681e+07, 7.10437e+06, 0
1.99337e+07, 7.13293e+06, 0
4.33128e+07, 2.18261e+07, 0
2.99443e+07, 1.75898e+07, 0
3.0326e+07, 1.12954e+07, 0
3.10341e+07, 9.18796e+06, 0
2.58776e+07, 1.27714e+07, 0
3.39911e+07, 5.69784e+06, 0
2.34386e+07, 8.88249e+06, 0
2.7845e+07, 1.25642e+07, 0
2.43634e+07, 3.67267e+06, 0
2.03526e+07, 5.94619e+06, 0
2.32432e+07, 8.82358e+06, 0
3.2645e+07, 4.52476e+06, 0
2.22406e+07, 4.94221e+06, 0
2.96579e+07, 1.20108e+07, 0
2.16169e+07, 4.90794e+06, 0
2.09164e+07, 8.81678e+06, 0
1.89768e+07, 3.12168e+06, 0
2.53168e+07, 1.43853e+06, 0
2.84839e+07, 6.91852e+06, 0
2.4573e+07, 1.22707e+07, 0
3.17679e+07, 8.09047e+06, 0
2.50261e+07, 1.3231e+07, 0
2.49088e+07, 8.74025e+06, 0
3.14981e+07, 4.46114e+06, 0
3.02209e+07, 5.48085e+06, 0
3.30919e+07, 8.54589e+06, 0
2.55436e+07, 1.22217e+07, 0
2.60318e+07, 9.34016e+06, 0
2.76912e+07, 7.24472e+06, 0
2.06553e+07, 7.44478e+06, 0
2.85872e+07, 6.86015e+06, 0
2.05772e+07, 5.60241e+06, 0
2.14687e+07, 7.48766e+06, 0
2.1662e+07, 3.3264e+06, 0
3.75579e+07, 3.75854e+06, 0
3.18299e+07, 1.42269e+07, 0
2.6022e+07, 8.6494e+06, 0
3.11359e+07, 7.2927e+06, 0
2.88073e+07, 1.30622e+07, 0
2.18422e+07, 8.84892e+06, 0
3.54701e+07, 1.57314e+07, 0
1.88018e+07, 4.99422e+06, 0
2.629e+07, 1.84174e+06, 0
3.04109e+07, 1.7532e+07, 0
2.43369e+07, 2.92082e+06, 0
2.16975e+07, 7.87008e+06, 0
2.98513e+07, 1.40505e+07, 0
1.96284e+07, 2.08268e+06, 0
3.36076e+07, 1.19988e+07, 0
2.40819e+07, 7.79643e+06, 0
1.89386e+07, 1.23036e+06, 0
2.10997e+07, 5.91334e+06, 0
4.30587e+07, 1.00474e+07, 0
2.3392e+07, 6.71472e+06, 0
3.47322e+07, 2.12236e+07, 0
3.39984e+07, 1.82868e+07, 0
2.10969e+07, 6.96688e+06, 0
2.86308e+07, 1.33922e+07, 0
3.15968e+07, 5.20271e+06, 0
3.0818e+07, 1.38522e+07, 0
2.72335e+07, 1.32085e+07, 0
2.80295e+07, 7.53742e+06, 0
2.97438e+07, 8.3669e+06, 0
2.78398e+07, 2.79285e+06, 0
2.6059e+07, 1.38725e+07, 0
2.38576e+07, 1.18504e+07, 0
2.09212e+07, 7.86171e+06, 0
2.6951e+07, 6.62243e+06, 0
2.75019e+07, 8.18147e+06, 0
2.59873e+07, 1.15991e+07, 0
2.22255e+07, 6.27622e+06, 0
2.50687e+07, 1.23374e+07, 0
3.43132e+07, 4.15033e+06, 0
3.79095e+07, 1.17376e+07, 0
2.27282e+07, 2.83971e+06, 0
2.06023e+07, 7.61321e+06, 0
2.09856e+07, 8.65843e+06, 0
3.35098e+07, 1.78465e+07, 0
4.06025e+07, 1.34467e+07, 0
2.73006e+07, 6.76633e+06, 0
2.02438e+07, 5.02016e+06, 0
3.14099e+07, 1.76892e+07, 0
3.63371e+07, 1.88703e+07, 0
3.86724e+07, 7.51867e+06, 0
3.70552e+07, 7.72809e+06, 0
2.82359e+07, 1.37e+07, 0
2.47413e+07, 1.27188e+07, 0
3.21968e+07, 6.50525e+06, 0
3.55874e+07, 3.67779e+06, 0
2.46513e+07, 1.15697e+07, 0
2.97906e+07, 1.56524e+07, 0
2.55046e+07, 1.36957e+07, 0
3.4465e+07, 1.47613e+07, 0
1.81496e+07, 4.21605e+06, 0
1.96597e+07, 5.85686e+06, 0
2.63498e+07, 1.27157e+07, 0
3.38386e+07, 1.83076e+07, 0
3.91825e+07, 4.40328e+06, 0
2.77091e+07, 8.07082e+06, 0
3.10858e+07, 1.31894e+07, 0
1.87339e+07, 3.85122e+06, 0
2.91339e+07, 1.60273e+07, 0
2.83981e+07, 9.5923e+06, 0
2.50796e+07, 6.57126e+06, 0
2.07919e+07, 6.04425e+06, 0
3.11518e+07, 1.11302e+07, 0
2.12403e+07, 6.80492e+06, 0
2.92867e+07, 1.05463e+07, 0
2.30342e+07, 9.12949e+06, 0
2.1745e+07, 3.80922e+06, 0
2.55313e+07, 2.70634e+06, 0
2.10882e+07, 772116, 0
2.8408e+07, 7.98151e+06, 0
3.38183e+07, 1.03474e+06, 0
2.38825e+07, 5.70978e+06, 0
3.45889e+07, 2.08694e+07, 0
2.8887e+07, 5.40027e+06, 0
1.95075e+07, 5.35685e+06, 0
2.98684e+07, 1.39014e+07, 0
2.55589e+07, 1.06417e+07, 0
3.48483e+07, 1.75583e+07, 0
2.55511e+07, 3.90196e+06, 0
3.53531e+07, 2.27437e+06, 0
1.85923e+07, 4.35791e+06, 0
2.01095e+07, 6.03716e+06, 0
2.6442e+07, 1.12378e+07, 0
2.75883e+07, 7.01532e+06, 0
3.41138e+07, 1.54065e+07, 0
3.18104e+07, 5.1132e+06, 0
2.56748e+07, 9.76899e+06, 0
2.525e+07, 4.03026e+06, 0
2.30321e+07, 6.49082e+06, 0
3.25853e+07, 6.57594e+06, 0
2.73085e+07, 8.21529e+06, 0
2.72716e+07, 1.09409e+07, 0
2.99229e+07, 8.81577e+06, 0
3.18879e+07, 1.54447e+07, 0
2.88962e+07, 1.31706e+07, 0
2.84848e+07, 9.4262e+06, 0
3.82695e+07, 2.24786e+07, 0
3.54395e+07, 1.5742e+07, 0
2.92869e+07, 1.55544e+07, 0
2.25313e+07, 8.92642e+06, 0
2.2859e+07, 6.95492e+06, 0
3.14821e+07, 7.9779e+06, 0
2.34201e+07, 8.88545e+06, 0
2.92018e+07, 1.46198e+07, 0
3.05828e+07, 6.04141e+06, 0
2.73582e+07, 1.46961e+07, 0
3.7279e+07, 5.63088e+06, 0
2.137e+07, 8.41121e+06, 0
2.65877e+07, 9.75101e+06, 0
2.13493e+07, 6.91665e+06, 0
3.32442e+07, 1.49029e+07, 0
2.23885e+07, 8.52402e+06, 0
2.52293e+07, 8.17163e+06, 0
2.69531e+07, 6.76918e+06, 0
2.74459e+07, 2.34283e+06, 0
3.56721e+07, 2.20841e+07, 0
2.41793e+07, 8.96862e+06, 0
2.85472e+07, 8.29868e+06, 0
3.41226e+07, 4.74762e+06, 0
2.86067e+07, 8.78648e+06, 0
3.889e+07, 1.69425e+07, 0
2.94135e+07, 1.30647e+07, 0
3.03872e+07, 8.41545e+06, 0
2.23783e+07, 6.9906e+06, 0
2.13126e+07, 6.45768e+06, 0
2.54161e+07, 1.13523e+07, 0
2.99415e+07, 1.30574e+07, 0
2.98599e+07, 6.60333e+06, 0
2.06489e+07, 7.71499e+06, 0
3.73142e+07, 7.8416e+06, 0
3.31371e+07, 1.14023e+07, 0
2.22719e+07, 6.38807e+06, 0
3.14814e+07, 1.08937e+07, 0
2.52404e+07, 2.0082e+06, 0
2.93814e+07, 1.2172e+07, 0
2.7683e+07, 4.5346e+06, 0
3.45434e+07, 1.69131e+07, 0
3.23023e+07, 1.62234e+07, 0
1.99942e+07, 5.76311e+06, 0
2.73945e+07, 1.08777e+07, 0
2.21953e+07, 8.59356e+06, 0
3.80498e+07, 3.03474e+06, 0
3.78245e+07, 1.16354e+07, 0
3.12869e+07, 1.24194e+07, 0
2.30776e+07, 1.06989e+07, 0
2.16586e+07, 5.48681e+06, 0
3.35424e+07, 1.18668e+07, 0
2.52414e+07, 1.12785e+07, 0
1.89486e+07, 4.06011e+06, 0
2.0888e+07, 4.43471e+06, 0
2.34121e+07, 1.13256e+07, 0
2.31093e+07, 1.13319e+07, 0
3.20781e+07, 7.02668e+06, 0
2.58733e+07, 1.1107e+07, 0
2.25646e+07, 7.72558e+06, 0
3.25257e+07, 5.62588e+06, 0
3.0233e+07, 9.87886e+06, 0
3.05693e+07, 1.05769e+07, 0
2.09047e+07, 6.6783e+06, 0
2.0944e+07, 3.85509e+06, 0
2.87738e+07, 4.88585e+06, 0
1.83666e+07, 1.80503e+06, 0
2.08776e+07, 3.43481e+06, 0
3.71226e+07, 8.13447e+06, 0
2.37366e+07, 1.12264e+07, 0
3.18884e+07, 8.34694e+06, 0
2.11546e+07, 1.23337e+06, 0
2.11685e+07, 8.73254e+06, 0
2.4517e+07, 7.36209e+06, 0
2.51476e+07, 8.48568e+06, 0
1.96104e+07, 5.17856e+06, 0
2.31437e+07, 9.38941e+06, 0
3.4217e+07, 1.5455e+07, 0
3.09217e+07, 1.34972e+07, 0
2.18061e+07, 5.02506e+06, 0
4.28531e+07, 1.32084e+07, 0
2.62768e+07, 1.30617e+07, 0
2.62906e+07, 1.30444e+07, 0
2.48811e+07, 6.0781e+06, 0
2.43833e+07, 1.16911e+07, 0
2.55706e+07, 9.6108e+06, 0
3.03264e+07, 1.28446e+07, 0
2.78119e+07, 1.84245e+06, 0
2.21565e+07, 3.36015e+06, 0
2.28113e+07, 6.71733e+06, 0
2.40939e+07, 8.66159e+06, 0
3.52761e+07, 2.0615e+07, 0
2.80686e+07, 1.4473e+07, 0
2.57638e+07, 5.72844e+06, 0
2.58505e+07, 5.23933e+06, 0
2.68367e+07, 6.17546e+06, 0
3.40491e+07, 8.22939e+06, 0
2.56237e+07, 6.96332e+06, 0
2.03679e+07, 2.73716e+06, 0
1.93158e+07, 6.21783e+06, 0
2.34671e+07, 9.82513e+06, 0
3.27554e+07, 1.95111e+07, 0
3.12707e+07, 9.6722e+06, 0
2.01124e+07, 4.583e+06, 0
1.77987e+07, 3.39768e+06, 0
3.33778e+07, 1.80718e+07, 0
2.41123e+07, 4.38452e+06, 0
2.9953e+07, 1.03864e+07, 0
2.19671e+07, 7.23786e+06, 0
2.56954e+07, 3.43258e+06, 0
3.97954e+07, 1.56954e+07, 0
2.85504e+07, 1.3995e+07, 0
2.10618e+07, 4.17979e+06, 0
2.42443e+07, 1.17764e+07, 0
3.20617e+07, 1.25262e+07, 0
3.02203e+07, 1.70089e+07, 0
3.53764e+07, 1.70944e+07, 0
2.43753e+07, 5.26177e+06, 0
2.63933e+07, 1.4109e+07, 0
1.74409e+07, 934193, 0
2.17608e+07, 2.99841e+06, 0
2.34684e+07, 1.05662e+07, 0
3.11772e+07, 6.06271e+06, 0
2.82583e+07, 2.95497e+06, 0
2.44277e+07, 1.16617e+07, 0
2.35405e+07, 9.72696e+06, 0
2.58075e+07, 1.18568e+07, 0
2.14887e+07, 8.9797e+06, 0
3.38018e+07, 1.45649e+07, 0
2.57634e+07, 1.14496e+07, 0
1.74258e+07, 2.23455e+06, 0
4.86486e+07, 2.06409e+07, 0
3.01026e+07, 1.16661e+07, 0
2.76152e+07, 1.18616e+07, 0
2.95338e+07, 4.09947e+06, 0
2.97531e+07, 2.64956e+06, 0
2.88689e+07, 6.92834e+06, 0
3.05321e+07, 1.55364e+07, 0
2.58481e+07, 8.73507e+06, 0
2.87522e+07, 1.55657e+07, 0
2.51585e+07, 9.53887e+06, 0
2.19047e+07, 492748, 0
2.75507e+07, 1.22902e+07, 0
2.68233e+07, 7.72789e+06, 0
2.95494e+07, 1.21507e+07, 0
2.74955e+07, 1.42468e+07, 0
3.52399e+07, 1.4019e+07, 0
2.51503e+07, 8.43112e+06, 0
2.5925e+07, 1.19607e+07, 0
3.36677e+07, 1.90192e+07, 0
2.29137e+07, 8.13864e+06, 0
2.40991e+07, 4.72639e+06, 0
2.274e+07, 7.8729e+06, 0
4.37302e+07, 9.33276e+06, 0
3.3771e+07, 1.02451e+07, 0
2.79051e+07, 1.41715e+07, 0
1.96284e+07, 4.81517e+06, 0
1.84352e+07, 1.34832e+06, 0
2.29855e+07, 5.47508e+06, 0
2.36639e+07, 7.52482e+06, 0
2.82932e+07, 8.12569e+06, 0
2.56125e+07, 9.53948e+06, 0
2.57544e+07, 1.33664e+07, 0
2.14008e+07, 7.50389e+06, 0
2.28758e+07, 2.54098e+06, 0
2.75498e+07, 3.95925e+06, 0
2.03016e+07, 6.45069e+06, 0
2.9044e+07, 1.52403e+07, 0
2.46711e+07, 8.47019e+06, 0
2.63387e+07, 9.12996e+06, 0
2.11697e+07, 6.88599e+06, 0
3.62025e+07, 1.93244e+07, 0
3.94414e+07, 6.14081e+06, 0
3.13979e+07, 1.71127e+07, 0
2.78682e+07, 8.36147e+06, 0
2.73712e+07, 6.68713e+06, 0
2.4301e+07, 9.66744e+06, 0
2.026e+07, 1.06529e+06, 0
2.40946e+07, 3.92518e+06, 0
2.79468e+07, 1.57806e+07, 0
2.13922e+07, 5.5199e+06, 0
2.33955e+07, 9.13522e+06, 0
1.79677e+07, 4.19086e+06, 0
2.25834e+07, 5.69176e+06, 0
1.97227e+07, 4.6516e+06, 0
2.0476e+07, 6.45873e+06, 0
2.50624e+07, 1.19491e+07, 0
3.23617e+07, 1.91953e+07, 0
3.72535e+07, 7.18969e+06, 0
2.79963e+07, 6.07704e+06, 0
3.01645e+07, 1.14322e+07, 0
3.00236e+07, 6.54515e+06, 0
1.95321e+07, 7.00253e+06, 0
4.27584e+07, 9.4758e+06, 0
3.13967e+07, 1.63967e+07, 0
2.32635e+07, 4.76058e+06, 0
3.84443e+07, 2.1912e+07, 0
3.26455e+07, 1.75867e+06, 0
4.6399e+07, 2.1741e+07, 0
3.1189e+07, 7.51398e+06, 0
1.79896e+07, 3.72279e+06, 0
3.05623e+07, 1.37555e+07, 0
3.78854e+07, 1.66873e+07, 0
2.44184e+07, 6.35753e+06, 0
3.576e+07, 8.24358e+06, 0
2.34923e+07, 9.02908e+06, 0
3.63452e+07, 1.81894e+07, 0
2.81498e+07, 1.28817e+07, 0
3.15914e+07, 1.25524e+07, 0
2.57551e+07, 4.94189e+06, 0
2.19231e+07, 1.64834e+06, 0
2.10419e+07, 5.22731e+06, 0
2.28867e+07, 1.08567e+07, 0
2.86505e+07, 1.63832e+07, 0
2.61385e+07, 6.02281e+06, 0
2.19892e+07, 5.08584e+06, 0
2.80929e+07, 1.18841e+07, 0
3.30099e+07, 1.56989e+07, 0
2.46326e+07, 9.09427e+06, 0
2.76672e+07, 6.08813e+06, 0
2.09538e+07, 6.6244e+06, 0
3.08039e+07, 1.23275e+07, 0
1.92155e+07, 6.04325e+06, 0
3.8219e+07, 2.462e+07, 0
2.35193e+07, 5.18636e+06, 0
2.79101e+07, 7.88625e+06, 0
2.61913e+07, 7.61564e+06, 0
3.48188e+07, 1.25713e+07, 0
2.18738e+07, 5.49903e+06, 0
2.70447e+07, 6.44445e+06, 0
2.70504e+07, 7.89376e+06, 0
2.42271e+07, 1.1895e+06, 0
2.25994e+07, 7.36292e+06, 0
2.43685e+07, 525890, 0
2.08295e+07, 8.73475e+06, 0
2.97361e+07, 1.38582e+07, 0
2.84654e+07, 1.29801e+07, 0
3.77714e+07, 1.86378e+07, 0
1.98448e+07, 5.09912e+06, 0
2.22813e+07, 9.51246e+06, 0
2.20347e+07, 9.36564e+06, 0
3.13328e+07, 1.48954e+07, 0
4.07783e+07, 2.42511e+07, 0
4.07477e+07, 2.03076e+07, 0
2.02265e+07, 7.64947e+06, 0
1.85241e+07, 3.83155e+06, 0
4.53028e+07, 1.52057e+07, 0
1.80926e+07, 2.60424e+06, 0
3.28478e+07, 1.9031e+07, 0
2.48197e+07, 4.20029e+06, 0
3.43908e+07, 1.26643e+07, 0
2.31094e+07, 8.12449e+06, 0
3.03925e+07, 4.34656e+06, 0
3.39746e+07, 1.76203e+07, 0
2.56491e+07, 6.43527e+06, 0
2.7522e+07, 1.07893e+07, 0
2.32889e+07, 9.67608e+06, 0
2.86071e+07, 1.19875e+07, 0
2.75027e+07, 5.9891e+06, 0
2.48819e+07, 1.02905e+07, 0
2.63563e+07, 1.03121e+07, 0
3.77643e+07, 8.04433e+06, 0
2.38097e+07, 4.09647e+06, 0
4.16315e+07, 1.69181e+07, 0
2.29722e+07, 5.60624e+06, 0
2.66979e+07, 5.22754e+06, 0
2.64774e+07, 8.37607e+06, 0
1.96823e+07, 6.15036e+06, 0
2.48686e+07, 1.28366e+07, 0
2.91079e+07, 1.6076e+07, 0
3.05837e+07, 5.88937e+06, 0
2.59891e+07, 1.2355e+07, 0
2.24081e+07, 6.04911e+06, 0
3.2768e+07, 6.51213e+06, 0
3.64221e+07, 1.08303e+07, 0
2.42347e+07, 1.14382e+07, 0
1.77651e+07, 1.96922e+06, 0
3.25606e+07, 1.03367e+07, 0
3.22186e+07, 1.29182e+07, 0
2.50504e+07, 6.5931e+06, 0
2.42271e+07, 1.09738e+07, 0
1.82344e+07, 2.40619e+06, 0
3.0454e+07, 1.56482e+07, 0
3.01773e+07, 7.274e+06, 0
3.36119e+07, 1.30385e+07, 0
2.22475e+07, 8.26961e+06, 0
2.8897e+07, 9.64133e+06, 0
3.92931e+07, 1.21425e+07, 0
2.8754e+07, 1.09127e+07, 0
2.34811e+07, 7.47102e+06, 0
2.82442e+07, 5.76693e+06, 0
2.83024e+07, 9.26789e+06, 0
2.02803e+07, 5.5507e+06, 0
3.60809e+07, 8.79735e+06, 0
3.30901e+07, 1.14883e+07, 0
2.25397e+07, 9.38252e+06, 0
2.58491e+07, 1.03689e+07, 0
3.83538e+07, 1.0893e+07, 0
2.1901e+07, 8.41622e+06, 0
2.11739e+07, 7.96939e+06, 0
3.00495e+07, 8.58773e+06, 0
3.35417e+07, 1.49021e+07, 0
2.59316e+07, 1.01262e+07, 0
2.21001e+07, 5.47656e+06, 0
3.57151e+07, 3.77555e+06, 0
3.52545e+07, 5.16615e+06, 0
3.46159e+07, 1.87956e+07, 0
3.03512e+07, 7.23699e+06, 0
1.86918e+07, 4.36541e+06, 0
2.30096e+07, 6.90393e+06, 0
2.07591e+07, 6.01602e+06, 0
3.42403e+07, 7.6768e+06, 0
4.66559e+07, 3.80433e+06, 0
2.3786e+07, 2.17231e+06, 0
2.16565e+07, 7.97952e+06, 0
2.32986e+07, 8.29723e+06, 0
2.46452e+07, 9.93591e+06, 0
2.78893e+07, 1.02222e+07, 0
2.45219e+07, 8.58896e+06, 0
2.36637e+07, 1.09921e+07, 0
2.79206e+07, 1.43062e+07, 0
2.60068e+07, 9.14753e+06, 0
3.15357e+07, 1.62372e+07, 0
2.44201e+07, 8.56365e+06, 0
2.27706e+07, 6.71496e+06, 0
3.51573e+07, 1.40953e+07, 0
2.13869e+07, 5.68413e+06, 0
2.74306e+07, 9.802e+06, 0
1.98926e+07, 5.18117e+06, 0
3.12979e+07, 7.30327e+06, 0
2.08423e+07, 8.73509e+06, 0
2.30086e+07, 6.58332e+06, 0
4.61579e+07, 3.77735e+06, 0
2.04728e+07, 6.09035e+06, 0
3.29086e+07, 1.6539e+07, 0
2.39485e+07, 7.3492e+06, 0
2.77045e+07, 1.15701e+07, 0
3.31039e+07, 4.40282e+06, 0
2.24155e+07, 1.056e+07, 0
2.47699e+07, 2.59623e+06, 0
2.98945e+07, 9.50525e+06, 0
2.084e+07, 6.15378e+06, 0
2.06594e+07, 7.52595e+06, 0
3.23808e+07, 1.34596e+07, 0
3.55107e+07, 1.18989e+07, 0
1.8545e+07, 4.95512e+06, 0
3.03555e+07, 6.72994e+06, 0
2.25443e+07, 2.24989e+06, 0
2.16207e+07, 7.30217e+06, 0
3.01457e+07, 1.26117e+07, 0
2.23711e+07, 8.86334e+06, 0
3.94424e+07, 7.11564e+06, 0
3.48095e+07, 1.67486e+07, 0
3.09262e+07, 8.66283e+06, 0
3.1732e+07, 9.28415e+06, 0
3.07346e+07, 9.06035e+06, 0
2.29543e+07, 9.32648e+06, 0
2.43872e+07, 8.99065e+06, 0
3.16299e+07, 1.586e+07, 0
2.33912e+07, 1.12425e+07, 0
3.19756e+07, 1.87618e+07, 0
2.17013e+07, 6.59007e+06, 0
1.84383e+07, 3.34498e+06, 0
2.8468e+07, 1.63148e+07, 0
3.54095e+07, 1.23834e+07, 0
3.5754e+07, 8.33058e+06, 0
1.99689e+07, 4.29455e+06, 0
3.00412e+07, 1.51298e+07, 0
2.12857e+07, 6.02202e+06, 0
2.9658e+07, 1.57338e+07, 0
3.63069e+07, 2.19833e+07, 0
2.51266e+07, 1.10507e+07, 0
3.04503e+07, 4.65945e+06, 0
3.37709e+07, 8.0737e+06, 0
3.13785e+07, 1.84747e+07, 0
3.90464e+07, 1.95929e+07, 0
2.18238e+07, 9.05508e+06, 0
3.19098e+07, 8.12709e+06, 0
2.74164e+07, 6.67678e+06, 0
3.25083e+07, 5.06459e+06, 0
1.91844e+07, 4.71078e+06, 0
2.71026e+07, 1.39121e+07, 0
2.64498e+07, 8.82189e+06, 0
2.38587e+07, 8.83614e+06, 0
2.59853e+07, 6.97104e+06, 0
2.23951e+07, 3.25903e+06, 0
3.53505e+07, 1.17547e+07, 0
2.29378e+07, 1.05241e+07, 0
2.94576e+07, 7.55824e+06, 0
2.8945e+07, 1.49664e+07, 0
2.60734e+07, 1.17328e+07, 0
2.35387e+07, 6.23149e+06, 0
3.80958e+07, 579081, 0
2.93464e+07, 1.02421e+06, 0
3.00902e+07, 1.71367e+07, 0
2.20227e+07, 3.93424e+06, 0
3.29066e+07, 1.70312e+07, 0
2.28863e+07, 4.7057e+06, 0
2.94819e+07, 6.1243e+06, 0
3.14358e+07, 1.74797e+07, 0
3.06541e+07, 1.23089e+07, 0
1.88391e+07, 2.01428e+06, 0
2.48964e+07, 1.21419e+07, 0
2.63046e+07, 3.44877e+06, 0
2.02015e+07, 7.2491e+06, 0
2.40502e+07, 8.40083e+06, 0
2.09257e+07, 8.81179e+06, 0
3.20983e+07, 1.59496e+07, 0
2.46548e+07, 8.15266e+06, 0
2.76005e+07, 2.70373e+06, 0
3.47377e+07, 7.4956e+06, 0
3.27839e+07, 1.53137e+07, 0
1.9686e+07, 5.12849e+06, 0
4.34714e+07, 5.41588e+06, 0
2.11075e+07, 4.43215e+06, 0
3.22238e+07, 5.44394e+06, 0
1.9638e+07, 4.94736e+06, 0
2.68969e+07, 1.23371e+07, 0
3.05517e+07, 7.43326e+06, 0
2.39197e+07, 6.57197e+06, 0
3.19126e+07, 1.4107e+07, 0
2.59964e+07, 1.14594e+07, 0
2.48554e+07, 9.7108e+06, 0
2.29138e+07, 8.42796e+06, 0
2.64709e+07, 5.80534e+06, 0
2.21105e+07, 4.27236e+06, 0
4.14355e+07, 1.11293e+07, 0
3.51951e+07, 9.8787e+06, 0
3.25597e+07, 6.57481e+06, 0
2.59735e+07, 1.33644e+07, 0
2.83533e+07, 1.28484e+07, 0
2.02806e+07, 3.29964e+06, 0
2.86484e+07, 3.91463e+06, 0
3.13403e+07, 1.21181e+07, 0
3.27693e+07, 1.63453e+07, 0
2.06639e+07, 6.92389e+06, 0
3.85985e+07, 1.5645e+07, 0
2.52327e+07, 9.49822e+06, 0
1.92892e+07, 3.79184e+06, 0
2.20902e+07, 6.89425e+06, 0
2.47745e+07, 8.01743e+06, 0
2.47336e+07, 9.69083e+06, 0
2.08323e+07, 3.15816e+06, 0
3.63293e+07, 1.12833e+07, 0
2.69801e+07, 9.69533e+06, 0
1.86043e+07, 2.37925e+06, 0
2.05993e+07, 6.23837e+06, 0
2.67787e+07, 1.15983e+07, 0
2.67517e+07, 1.21833e+07, 0
3.06159e+07, 1.74839e+07, 0
2.84804e+07, 1.3386e+07, 0
3.83318e+07, 6.78924e+06, 0
2.53156e+07, 5.18299e+06, 0
2.7033e+07, 3.40092e+06, 0
2.8778e+07, 7.61883e+06, 0
2.05532e+07, 6.62655e+06, 0
1.99812e+07, 3.28437e+06, 0
3.27493e+07, 7.44566e+06, 0
2.53474e+07, 6.87819e+06, 0
2.04036e+07, 1.187e+06, 0
1.99626e+07, 4.49458e+06, 0
2.71125e+07, 1.35592e+07, 0
2.95268e+07, 1.00787e+07, 0
2.53619e+07, 8.93028e+06, 0
2.6328e+07, 7.0488e+06, 0
1.95654e+07, 5.14265e+06, 0
2.75584e+07, 1.14171e+07, 0
3.36699e+07, 1.3032e+07, 0
2.05839e+07, 6.98831e+06, 0
3.0082e+07, 1.63069e+07, 0
2.69023e+07, 1.0674e+07, 0
2.85173e+07, 1.25828e+07, 0
3.81128e+07, 2.42643e+07, 0
2.46096e+07, 4.80869e+06, 0
3.72882e+07, 1.42917e+07, 0
2.53981e+07, 3.32636e+06, 0
3.01821e+07, 1.19621e+07, 0
2.09478e+07, 4.41412e+06, 0
2.64994e+07, 6.03659e+06, 0
2.24637e+07, 3.78347e+06, 0
3.35126e+07, 1.58265e+07, 0
3.53733e+07, 1.76171e+07, 0
2.61645e+07, 5.97238e+06, 0
2.67422e+07, 7.57734e+06, 0
3.10792e+07, 1.16711e+07, 0
3.06352e+07, 8.53431e+06, 0
3.49002e+07, 1.83854e+07, 0
2.70324e+07, 1.12468e+07, 0
2.56409e+07, 1.18449e+07, 0
2.66969e+07, 1.01668e+07, 0
3.57366e+07, 1.36749e+07, 0
2.22316e+07, 6.74542e+06, 0
1.8221e+07, 2.10796e+06, 0
2.43172e+07, 7.32213e+06, 0
1.98531e+07, 5.39853e+06, 0
2.44552e+07, 6.9853e+06, 0
2.54567e+07, 4.65367e+06, 0
2.70312e+07, 1.11761e+07, 0
2.55433e+07, 1.2966e+07, 0
3.08518e+07, 8.09166e+06, 0
3.20482e+07, 8.17424e+06, 0
2.85703e+07, 5.55481e+06, 0
2.85264e+07, 5.23873e+06, 0
2.7926e+07, 1.07045e+07, 0
2.14183e+07, 7.28908e+06, 0
2.59302e+07, 1.39258e+07, 0
2.68555e+07, 1.25066e+07, 0
2.67188e+07, 5.23633e+06, 0
2.28989e+07, 8.29145e+06, 0
3.34146e+07, 2.39989e+06, 0
2.54896e+07, 9.98393e+06, 0
1.71724e+07, 1.4944e+06, 0
1.86798e+07, 3.22283e+06, 0
2.17304e+07, 7.06872e+06, 0
2.43436e+07, 1.17055e+07, 0
2.85352e+07, 9.30383e+06, 0
3.07036e+07, 1.76234e+07, 0
1.88342e+07, 4.37973e+06, 0
3.44655e+07, 1.22529e+07, 0
4.21957e+07, 2.67804e+07, 0
2.61116e+07, 1.30049e+07, 0
4.21198e+07, 4.15904e+06, 0
2.27265e+07, 2.29141e+06, 0
2.11284e+07, 8.00032e+06, 0
2.97393e+07, 1.24643e+07, 0
4.37969e+07, 1.57586e+07, 0
2.8941e+07, 4.38225e+06, 0
2.05909e+07, 4.5459e+06, 0
2.26887e+07, 7.98196e+06, 0
4.31605e+07, 4.02235e+06, 0
2.79487e+07, 1.32436e+07, 0
2.08143e+07, 5.01587e+06, 0
3.04014e+07, 1.17531e+07, 0
2.5688e+07, 4.08179e+06, 0
2.63789e+07, 1.8531e+06, 0
2.72654e+07, 1.04293e+06, 0
3.30546e+07, 1.77423e+07, 0
2.33375e+07, 4.63706e+06, 0
2.99507e+07, 9.7216e+06, 0
4.19915e+07, 5.36725e+06, 0
2.3969e+07, 7.81661e+06, 0
2.23299e+07, 6.93863e+06, 0
1.87992e+07, 3.61913e+06, 0
2.62666e+07, 9.65837e+06, 0
1.93768e+07, 4.88738e+06, 0
3.60184e+07, 1.35261e+07, 0
2.31967e+07, 7.57893e+06, 0
2.21094e+07, 7.12501e+06, 0
2.16883e+07, 5.28918e+06, 0
2.32659e+07, 7.40625e+06, 0
3.66916e+07, 1.35015e+07, 0
3.02105e+07, 9.29424e+06, 0
2.97997e+07, 1.24618e+07, 0
2.59427e+07, 7.28414e+06, 0
2.74974e+07, 3.92633e+06, 0
2.06358e+07, 7.72066e+06, 0
2.42104e+07, 4.64165e+06, 0
2.68966e+07, 9.02914e+06, 0
1.87781e+07, 5.48691e+06, 0
3.22817e+07, 1.25135e+07, 0
1.84542e+07, 4.5116e+06, 0
2.00038e+07, 3.89506e+06, 0
3.17893e+07, 1.44834e+07, 0
2.91456e+07, 1.40749e+07, 0
2.73699e+07, 9.84833e+06, 0
2.77551e+07, 6.19037e+06, 0
2.23023e+07, 8.97597e+06, 0
3.32247e+07, 1.50491e+07, 0
2.55818e+07, 1.05277e+07, 0
2.79876e+07, 1.3598e+07, 0
2.74467e+07, 1.12287e+07, 0
3.28699e+07, 1.31701e+07, 0
3.45237e+07, 6.69453e+06, 0
2.90767e+07, 2.48105e+06, 0
2.06699e+07, 7.90224e+06, 0
3.58339e+07, 1.50356e+07, 0
3.19979e+07, 9.94028e+06, 0
3.85087e+07, 7.27777e+06, 0
2.34921e+07, 1.10091e+07, 0
3.3015e+07, 1.3017e+07, 0
3.11949e+07, 6.10128e+06, 0
2.88365e+07, 1.63861e+07, 0
2.32443e+07, 9.44501e+06, 0
2.98254e+07, 1.62403e+07, 0
3.48092e+07, 1.89166e+07, 0
2.24544e+07, 7.10829e+06, 0
2.92193e+07, 5.00233e+06, 0
3.25022e+07, 1.10605e+07, 0
2.82886e+07, 1.63024e+07, 0
2.48361e+07, 9.13108e+06, 0
3.02072e+07, 5.74835e+06, 0
2.37824e+07, 6.62841e+06, 0
2.77541e+07, 1.48639e+07, 0
2.87819e+07, 8.97245e+06, 0
5.19576e+07, 7.38045e+06, 0
3.57035e+07, 2.06329e+07, 0
2.75703e+07, 9.70655e+06, 0
2.13107e+07, 3.60664e+06, 0
2.25398e+07, 8.07877e+06, 0
3.58256e+07, 1.2858e+07, 0
2.01378e+07, 5.01972e+06, 0
2.21546e+07, 896969, 0
2.90073e+07, 1.51815e+07, 0
2.47787e+07, 9.38194e+06, 0
3.17209e+07, 9.3703e+06, 0
2.19745e+07, 9.88801e+06, 0
2.29416e+07, 8.65815e+06, 0
2.99557e+07, 1.74856e+07, 0
2.34344e+07, 3.04261e+06, 0
3.51276e+07, 1.32217e+07, 0
2.68956e+07, 1.30062e+07, 0
2.59834e+07, 1.3353e+07, 0
2.40839e+07, 4.09237e+06, 0
3.56399e+07, 1.48528e+07, 0
1.80929e+07, 4.22666e+06, 0
3.50782e+07, 1.24096e+07, 0
2.59447e+07, 6.39436e+06, 0
1.76474e+07, 663122, 0
1.9332e+07, 5.11231e+06, 0
2.85981e+07, 8.77324e+06, 0
2.44642e+07, 5.75191e+06, 0
3.24618e+07, 1.35168e+07, 0
2.11786e+07, 2.94428e+06, 0
2.58938e+07, 1.18407e+07, 0
2.06302e+07, 4.97869e+06, 0
2.28602e+07, 9.55135e+06, 0
2.17381e+07, 1.05835e+06, 0
2.04564e+07, 6.48866e+06, 0
1.95921e+07, 4.3937e+06, 0
3.15764e+07, 1.65844e+07, 0
2.17322e+07, 2.45246e+06, 0
2.06355e+07, 7.94317e+06, 0
2.83089e+07, 1.17012e+07, 0
2.36624e+07, 5.07704e+06, 0
2.89492e+07, 3.86328e+06, 0
2.68379e+07, 1.35439e+07, 0
1.87895e+07, 4.73244e+06, 0
3.14892e+07, 1.12393e+07, 0
2.56014e+07, 1.29262e+07, 0
2.60626e+07, 8.9935e+06, 0
3.17795e+07, 1.24144e+07, 0
2.11308e+07, 4.70365e+06, 0
3.02507e+07, 1.17155e+07, 0
3.73927e+07, 1.44607e+07, 0
2.61677e+07, 5.17703e+06, 0
2.52033e+07, 9.9725e+06, 0
2.21837e+07, 6.89571e+06, 0
2.96382e+07, 5.23299e+06, 0
2.48028e+07, 1.22199e+07, 0
2.75059e+07, 1.36948e+07, 0
1.86541e+07, 5.60292e+06, 0
2.3224e+07, 8.25117e+06, 0
2.69982e+07, 3.52058e+06, 0
2.95973e+07, 7.03254e+06, 0
2.63598e+07, 9.03737e+06, 0
3.31013e+07, 6.55823e+06, 0
4.65198e+07, 2.14342e+07, 0
3.97796e+07, 1.06528e+07, 0
2.35857e+07, 3.74676e+06, 0
2.77331e+07, 3.83776e+06, 0
2.27971e+07, 891542, 0
2.4833e+07, 1.17867e+07, 0
3.02752e+07, 1.19839e+07, 0
2.16428e+07, 6.49523e+06, 0
2.57854e+07, 7.40402e+06, 0
1.8255e+07, 3.47548e+06, 0
2.29925e+07, 3.55155e+06, 0
2.59969e+07, 4.51808e+06, 0
2.97425e+07, 1.13128e+07, 0
1.96842e+07, 6.54223e+06, 0
4.15936e+07, 2.36563e+07, 0
3.02813e+07, 5.14632e+06, 0
2.08576e+07, 5.41406e+06, 0
2.82973e+07, 1.07025e+07, 0
2.50294e+07, 1.05567e+07, 0
2.11577e+07, 6.38966e+06, 0
2.59458e+07, 1.10005e+07, 0
2.38431e+07, 8.0693e+06, 0
4.80765e+07, 3.08574e+07, 0
2.48073e+07, 4.76727e+06, 0
2.27884e+07, 1.03889e+07, 0
2.18996e+07, 8.4754e+06, 0
2.04695e+07, 7.73619e+06, 0
2.75313e+07, 1.25232e+07, 0
2.66515e+07, 7.42792e+06, 0
1.95409e+07, 3.92616e+06, 0
2.47806e+07, 1.28722e+07, 0
3.38587e+07, 2.36412e+06, 0
3.3972e+07, 5.27904e+06, 0
3.11965e+07, 1.80504e+07, 0
3.27262e+07, 1.00807e+07, 0
2.11679e+07, 6.18232e+06, 0
3.01911e+07, 1.09409e+07, 0
4.32837e+07, 1.25594e+07, 0
1.9392e+07, 3.83734e+06, 0
2.1529e+07, 8.27934e+06, 0
3.02032e+07, 1.34862e+07, 0
2.97176e+07, 1.3587e+07, 0
2.57866e+07, 1.0899e+07, 0
3.79802e+07, 7.33046e+06, 0
