206990, 147177, 0
310515, 104569, 0
412220, 254479, 0
677254, 284918, 0
176391, 116336, 0
221631, 155853, 0
439198, 73002.3, 0
168818, 38431.3, 0
657727, 77584, 0
103536, 48129.1, 0
317196, 121998, 0
377497, 144574, 0
379543, 158893, 0
186180, 119622, 0
242817, 144437, 0
365321, 69577.2, 0
201393, 116613, 0
312816, 94086, 0
451583, 269186, 0
208700, 41381.5, 0
357133, 73288.6, 0
320244, 160029, 0
617192, 221339, 0
463275, 284991, 0
288520, 157282, 0
313882, 49939.1, 0
244716, 103059, 0
430363, 251652, 0
394998, 239305, 0
606715, 200213, 0
151699, 78863.2, 0
361424, 168366, 0
404931, 36762.7, 0
259865, 23166.4, 0
376966, 107274, 0
388450, 268701, 0
416504, 295955, 0
422787, 290318, 0
407211, 146072, 0
374229, 236573, 0
238377, 163644, 0
609276, 383284, 0
393745, 271729, 0
796764, 393484, 0
259886, 39894.6, 0
468118, 151889, 0
217637, 120730, 0
374469, 97007.5, 0
113401, 75721.8, 0
318436, 202417, 0
275012, 129357, 0
367283, 219282, 0
206469, 83101.2, 0
556398, 127755, 0
410935, 258129, 0
300697, 45176.4, 0
186085, 89158.8, 0
443352, 211650, 0
522803, 237045, 0
383358, 264836, 0
316102, 203348, 0
307295, 146999, 0
356347, 69030.2, 0
370210, 60972.2, 0
459846, 200771, 0
533769, 344705, 0
626425, 325811, 0
355925, 130832, 0
429662, 177995, 0
477413, 221798, 0
524793, 312471, 0
689261, 229018, 0
419778, 298330, 0
397961, 85183.8, 0
210520, 132731, 0
110927, 55346.6, 0
105351, 31555.2, 0
398224, 260433, 0
211472, 130234, 0
316069, 145637, 0
291244, 100586, 0
295982, 147143, 0
357614, 231787, 0
263853, 74989, 0
290605, 88492.5, 0
224749, 148129, 0
155504, 22659.2, 0
300287, 124936, 0
340198, 194796, 0
235908, 54667, 0
243598, 116630, 0
155994, 57994.5, 0
620094, 225423, 0
203111, 138876, 0
218099, 143238, 0
408146, 142132, 0
324930, 190068, 0
420297, 185840, 0
226113, 79135.2, 0
646853, 73616.6, 0
339941, 168926, 0
349972, 152119, 0
476009, 294109, 0
268085, 128864, 0
123711, 81238.4, 0
293024, 111472, 0
537718, 215337, 0
473511, 336614, 0
344036, 240170, 0
233336, 158436, 0
64352.8, 30965.9, 0
330450, 153615, 0
167102, 90751.4, 0
239405, 128147, 0
376757, 84503, 0
535008, 350556, 0
733907, 117024, 0
201133, 98916.9, 0
414559, 238713, 0
213984, 62733.2, 0
376651, 218299, 0
217248, 122671, 0
437709, 284016, 0
185115, 123344, 0
184415, 127316, 0
16369.8, 10171.3, 0
150224, 74469.5, 0
192568, 20235.7, 0
181389, 105093, 0
275194, 122597, 0
285827, 129514, 0
400175, 96138.5, 0
482365, 316501, 0
220648, 123456, 0
220166, 90709.7, 0
358368, 86542.1, 0
545799, 173566, 0
297932, 124477, 0
470507, 272980, 0
245582, 115146, 0
625071, 230954, 0
474517, 251955, 0
151601, 38228.6, 0
336124, 210080, 0
570469, 395540, 0
434548, 270066, 0
368964, 225017, 0
168475, 91779.9, 0
415972, 47617.1, 0
237525, 71580.9, 0
294858, 134767, 0
523859, 96833.8, 0
265165, 14734.4, 0
450176, 112802, 0
225715, 125697, 0
261021, 144277, 0
277375, 156850, 0
202368, 37328.7, 0
640808, 459470, 0
127292, 70538.6, 0
333535, 216245, 0
501687, 245859, 0
278925, 188373, 0
137971, 66628.5, 0
261006, 80656.9, 0
200734, 95335.8, 0
362084, 223382, 0
217481, 150359, 0
400084, 245067, 0
452974, 269131, 0
571994, 276901, 0
416027, 141688, 0
357756, 168682, 0
341430, 178844, 0
318941, 161925, 0
241317, 122801, 0
511598, 93011.1, 0
453623, 317438, 0
217995, 67568.3, 0
343259, 188733, 0
693609, 339762, 0
191560, 63213.1, 0
191104, 125173, 0
343748, 194591, 0
432209, 159213, 0
371851, 102414, 0
380179, 218395, 0
483363, 168965, 0
582559, 366355, 0
103907, 19403, 0
419871, 223794, 0
319684, 184248, 0
411735, 194422, 0
173971, 112547, 0
431433, 82403.2, 0
338289, 193038, 0
331300, 50684.7, 0
148703, 91821.9, 0
215857, 148448, 0
284154, 123814, 0
347941, 201683, 0
441268, 286492, 0
272887, 27245.8, 0
498822, 261213, 0
363514, 251933, 0
176515, 77773, 0
601222, 298183, 0
571163, 383494, 0
476093, 190282, 0
354557, 85241.2, 0
478269, 189332, 0
446432, 317724, 0
224101, 142531, 0
408493, 199371, 0
415031, 95738.5, 0
223979, 136742, 0
420198, 187526, 0
151405, 103921, 0
440901, 237434, 0
111251, 69125, 0
591167, 91320.6, 0
385110, 236710, 0
255539, 170660, 0
342949, 193082, 0
622449, 196107, 0
405801, 171645, 0
182986, 120682, 0
530239, 77079.3, 0
223581, 119984, 0
657137, 307693, 0
656001, 335285, 0
210545, 108499, 0
703266, 105170, 0
247861, 105463, 0
341074, 91142.1, 0
122780, 12766.2, 0
319005, 186906, 0
556765, 310013, 0
165010, 88898.5, 0
513159, 12671.7, 0
348708, 207462, 0
354839, 212140, 0
255819, 183893, 0
422029, 178980, 0
275280, 19003.5, 0
605958, 247956, 0
455963, 46052.8, 0
581902, 80544.7, 0
296186, 49564.6, 0
268015, 148652, 0
425873, 173992, 0
449230, 281562, 0
289232, 194542, 0
601299, 83389.1, 0
273309, 105981, 0
222024, 47255, 0
628696, 286588, 0
280862, 153719, 0
624374, 136077, 0
216064, 72175.8, 0
176417, 103301, 0
622171, 224105, 0
415525, 190812, 0
561150, 162498, 0
390244, 221559, 0
329197, 218287, 0
243089, 102668, 0
519093, 126989, 0
364474, 87507.6, 0
334911, 184671, 0
736067, 332886, 0
154610, 53585.6, 0
313476, 179692, 0
334436, 69344.2, 0
328211, 155176, 0
367764, 162496, 0
483011, 290966, 0
268844, 121297, 0
412774, 170757, 0
343944, 139198, 0
521863, 278788, 0
422143, 162420, 0
353089, 217966, 0
734667, 18469.2, 0
528913, 313367, 0
426246, 298276, 0
424342, 168851, 0
410779, 175422, 0
566801, 218976, 0
664220, 216902, 0
630757, 240890, 0
313811, 60076.3, 0
149786, 22949.3, 0
299627, 136667, 0
220120, 76625.4, 0
673262, 74513.1, 0
244276, 157934, 0
453577, 271936, 0
180057, 111201, 0
232578, 26004.4, 0
519400, 98038.8, 0
420593, 294282, 0
435278, 223449, 0
343084, 147985, 0
120162, 39948.3, 0
443242, 115523, 0
307117, 68021.8, 0
527712, 178590, 0
391441, 100223, 0
131597, 33511, 0
464707, 279148, 0
400133, 198471, 0
440550, 188208, 0
345996, 128195, 0
252696, 135827, 0
442244, 97566.4, 0
643937, 141997, 0
184286, 50563.9, 0
162793, 91771.6, 0
324192, 153468, 0
464654, 184238, 0
413112, 252890, 0
326669, 137145, 0
491136, 245797, 0
86321, 35766.9, 0
359441, 107047, 0
409595, 161746, 0
187221, 43248.5, 0
451153, 278210, 0
352752, 240032, 0
459661, 167432, 0
336974, 237766, 0
306377, 97655, 0
330179, 145393, 0
327290, 222786, 0
96670.6, 28358.8, 0
475929, 125472, 0
346763, 192066, 0
120243, 84296.4, 0
311861, 77980.5, 0
98544.2, 43178.5, 0
289579, 165735, 0
554687, 392325, 0
102262, 45862.3, 0
299157, 45676.5, 0
298306, 65631.2, 0
215211, 129421, 0
502678, 134465, 0
408115, 126776, 0
174555, 57667.7, 0
249171, 132407, 0
307416, 111813, 0
219431, 130684, 0
299604, 143166, 0
132029, 89503.2, 0
621806, 248758, 0
441579, 131575, 0
293826, 151268, 0
340013, 203789, 0
288941, 206610, 0
286164, 175014, 0
160043, 83481.5, 0
283784, 107398, 0
343870, 198016, 0
243643, 137911, 0
483709, 193839, 0
386229, 124389, 0
483413, 249989, 0
220487, 72942.5, 0
640032, 356947, 0
22427.8, 13097.5, 0
433397, 277108, 0
241172, 126599, 0
203768, 141441, 0
521364, 313684, 0
598659, 144045, 0
268520, 124889, 0
462480, 44234.1, 0
371807, 192261, 0
338845, 197852, 0
153349, 83887.4, 0
393936, 147632, 0
188430, 20261.8, 0
363615, 204947, 0
525557, 191746, 0
447903, 229167, 0
401790, 226130, 0
407039, 244720, 0
421782, 246663, 0
585844, 338685, 0
532579, 76956.9, 0
512714, 249543, 0
329183, 124620, 0
367696, 46475.4, 0
178326, 121128, 0
393883, 59029.1, 0
460746, 133740, 0
52496.6, 2099.59, 0
252606, 46101.7, 0
325282, 202574, 0
195481, 115409, 0
367857, 182002, 0
236185, 146648, 0
260565, 186729, 0
154974, 52367, 0
357984, 16702, 0
374023, 184809, 0
472754, 83311.7, 0
431059, 89798.7, 0
292075, 208699, 0
423493, 33005.4, 0
340112, 205869, 0
251372, 121393, 0
416034, 297940, 0
218483, 122372, 0
369739, 209012, 0
471918, 203708, 0
555868, 195375, 0
320897, 225441, 0
424636, 166148, 0
196253, 88068.2, 0
177254, 122430, 0
312135, 203619, 0
152288, 89201.5, 0
233667, 111200, 0
462016, 147840, 0
366742, 145594, 0
191196, 130002, 0
386574, 64088.2, 0
237807, 113947, 0
644639, 355302, 0
116057, 76798.9, 0
231261, 80513.2, 0
383977, 270144, 0
288864, 192229, 0
297501, 67184.7, 0
342287, 184267, 0
453498, 215719, 0
230697, 62903.5, 0
540125, 216176, 0
457897, 299447, 0
348556, 160739, 0
176317, 49972.4, 0
317480, 37930.7, 0
182764, 100002, 0
688081, 440797, 0
355521, 99447.8, 0
192015, 104276, 0
242992, 67152.8, 0
212578, 132737, 0
246065, 51850.2, 0
290991, 127636, 0
205065, 104221, 0
436965, 233177, 0
281089, 135970, 0
450613, 199229, 0
334247, 48977.9, 0
372074, 148515, 0
348495, 203527, 0
269959, 191980, 0
447289, 268696, 0
372494, 242261, 0
514839, 368295, 0
294870, 133602, 0
365410, 107724, 0
447644, 26224.7, 0
221094, 42330, 0
447097, 261501, 0
236948, 99952.2, 0
673171, 398246, 0
247899, 135044, 0
272138, 139491, 0
343742, 173847, 0
539600, 310673, 0
297045, 181615, 0
322499, 107488, 0
224092, 97307.9, 0
203217, 102250, 0
595853, 106862, 0
298736, 209089, 0
174660, 99665.3, 0
577598, 358399, 0
284019, 101863, 0
697659, 52888, 0
226910, 22076.2, 0
249852, 162949, 0
489832, 112635, 0
530180, 211162, 0
572315, 240904, 0
522095, 284935, 0
541379, 385535, 0
615943, 400695, 0
206963, 106357, 0
598828, 107920, 0
429956, 220445, 0
203092, 85139.9, 0
93199.1, 52570.6, 0
67228.6, 43586, 0
307434, 131428, 0
430124, 107885, 0
316327, 148120, 0
162395, 61987.1, 0
449264, 246737, 0
117189, 34498.3, 0
252619, 94330.7, 0
385717, 187427, 0
390785, 223275, 0
310627, 200559, 0
272342, 53977.9, 0
510915, 186068, 0
278708, 177683, 0
255645, 142616, 0
244354, 31649.3, 0
376335, 245426, 0
187248, 52667.6, 0
213890, 128837, 0
273442, 179902, 0
479628, 324522, 0
425825, 286012, 0
478307, 132080, 0
424812, 297299, 0
293265, 13278.7, 0
328031, 209067, 0
512326, 116010, 0
345535, 181410, 0
118906, 59110, 0
430825, 219140, 0
578559, 214037, 0
550904, 86424.4, 0
300483, 161677, 0
176638, 99614.3, 0
401928, 211584, 0
231659, 70340.1, 0
313611, 154757, 0
480440, 271588, 0
427712, 111606, 0
221931, 105033, 0
56680.4, 35720.8, 0
420082, 97022.6, 0
584578, 250263, 0
33862.2, 11454, 0
519434, 273184, 0
361999, 101345, 0
333303, 165347, 0
480529, 212572, 0
197902, 41117, 0
366773, 71360.3, 0
536116, 304462, 0
257212, 159258, 0
254248, 127902, 0
175363, 36922.7, 0
218299, 142693, 0
452427, 296280, 0
186328, 104127, 0
300751, 213253, 0
422709, 290918, 0
199307, 79666.4, 0
556232, 46803.8, 0
307846, 170153, 0
159117, 95920.8, 0
239687, 128430, 0
350278, 121546, 0
405868, 287104, 0
400198, 251777, 0
408075, 256603, 0
425440, 239080, 0
371736, 63279.7, 0
236333, 166062, 0
262305, 155566, 0
330852, 77125.4, 0
298499, 208554, 0
344526, 104470, 0
160688, 105777, 0
219111, 91418.8, 0
587863, 223999, 0
531224, 236723, 0
221485, 101041, 0
337900, 140705, 0
589066, 255709, 0
159334, 110852, 0
312355, 172561, 0
193387, 139097, 0
436066, 173105, 0
478501, 216186, 0
588420, 166532, 0
165183, 57986, 0
189000, 93772.8, 0
58478.3, 41316.3, 0
422365, 139961, 0
422078, 245302, 0
86933.6, 9077.75, 0
400436, 243577, 0
671361, 318619, 0
468906, 278818, 0
519427, 340971, 0
453213, 279001, 0
387436, 201410, 0
636425, 122678, 0
341338, 190659, 0
501812, 69082.1, 0
405247, 195273, 0
286071, 194207, 0
163690, 86630.3, 0
536055, 152531, 0
380898, 153491, 0
325365, 213626, 0
290422, 102950, 0
156648, 57101.9, 0
486031, 238468, 0
329159, 162397, 0
671006, 203006, 0
458726, 202123, 0
607405, 102010, 0
626659, 438190, 0
304630, 152265, 0
468962, 73256.2, 0
366049, 92984.6, 0
512945, 85054.9, 0
255893, 134163, 0
253821, 170593, 0
248661, 136978, 0
207688, 134712, 0
342164, 135780, 0
245887, 143566, 0
475974, 326241, 0
270830, 186034, 0
426184, 102772, 0
493308, 148049, 0
230701, 109249, 0
537344, 313377, 0
561574, 265882, 0
549333, 156548, 0
521170, 156121, 0
519823, 303124, 0
384021, 184184, 0
414155, 165507, 0
332094, 37339.6, 0
248680, 139241, 0
572040, 123179, 0
282432, 145166, 0
383603, 82378.4, 0
162853, 79878, 0
244895, 74728.8, 0
371585, 203735, 0
237680, 146571, 0
161660, 86905.9, 0
374882, 201820, 0
293729, 129329, 0
454813, 232267, 0
317087, 193142, 0
223765, 134878, 0
398205, 233653, 0
364317, 39258.2, 0
459256, 167476, 0
271811, 155921, 0
236819, 102487, 0
457402, 214890, 0
228767, 119930, 0
287417, 141600, 0
476465, 221791, 0
111675, 53765.1, 0
406185, 216896, 0
229518, 81906.8, 0
610872, 284814, 0
473421, 327733, 0
320992, 64954.3, 0
154819, 85227.3, 0
303468, 99541.8, 0
206087, 121006, 0
344371, 192036, 0
144659, 92993, 0
316570, 141588, 0
639319, 108073, 0
425325, 81358.8, 0
243646, 119302, 0
569798, 348023, 0
458942, 284270, 0
129240, 52296.9, 0
212428, 151037, 0
199734, 60153.5, 0
515161, 196700, 0
575292, 244638, 0
396598, 149877, 0
508960, 214819, 0
370666, 165256, 0
204100, 30218.1, 0
157012, 95859.3, 0
248562, 67940.4, 0
527812, 210038, 0
231455, 110602, 0
376684, 151516, 0
308473, 98480.9, 0
532321, 158286, 0
417657, 277264, 0
354305, 241296, 0
306001, 122989, 0
451990, 293150, 0
263978, 163740, 0
157503, 91075.6, 0
242706, 119558, 0
146652, 64353.3, 0
261055, 127861, 0
145451, 98547.7, 0
399346, 98190.4, 0
398379, 151749, 0
522739, 328884, 0
815680, 289676, 0
261620, 113241, 0
295429, 17872.8, 0
358420, 190753, 0
193374, 125312, 0
184161, 90288.1, 0
238376, 166801, 0
206494, 66002.6, 0
284415, 115937, 0
186470, 105872, 0
151863, 49497.9, 0
393620, 180887, 0
504725, 169248, 0
181142, 49459.7, 0
318738, 189750, 0
216264, 151487, 0
325620, 72101.9, 0
298918, 129734, 0
404921, 69880.8, 0
753702, 302831, 0
300931, 166687, 0
104839, 69550.8, 0
479655, 155661, 0
456894, 288511, 0
331790, 106743, 0
167615, 106888, 0
225724, 132208, 0
320218, 168419, 0
417656, 196937, 0
222511, 112233, 0
161630, 70504.3, 0
504896, 184314, 0
327452, 147280, 0
225402, 87388.3, 0
663904, 181482, 0
490343, 200706, 0
497832, 287639, 0
377755, 133189, 0
195484, 129793, 0
533288, 249174, 0
279044, 60908.7, 0
318495, 141265, 0
510716, 200552, 0
321051, 107614, 0
763734, 464272, 0
507194, 231095, 0
413802, 185927, 0
403365, 179920, 0
128884, 33775.2, 0
221640, 21207.2, 0
317073, 169926, 0
210054, 148851, 0
87310.5, 61971.7, 0
382957, 264983, 0
150081, 38908.2, 0
620112, 199621, 0
530163, 238013, 0
292656, 161742, 0
602368, 150498, 0
503060, 347376, 0
303478, 116365, 0
356702, 213538, 0
349497, 141271, 0
169818, 9873.78, 0
506610, 143662, 0
312532, 164464, 0
105092, 72762.8, 0
234780, 136721, 0
316617, 156808, 0
168963, 80450.5, 0
137016, 78353.6, 0
464290, 286006, 0
437493, 296371, 0
345402, 248491, 0
566678, 308311, 0
40151.2, 24824.9, 0
570065, 211824, 0
229054, 86749.7, 0
347825, 120844, 0
535525, 298303, 0
47061, 5862.27, 0
434340, 168666, 0
168689, 57885.9, 0
367050, 223945, 0
203305, 117354, 0
192778, 96127, 0
280841, 178573, 0
263654, 161190, 0
208822, 127709, 0
476418, 216076, 0
268238, 138056, 0
595671, 382320, 0
215366, 153813, 0
423293, 146782, 0
171682, 50563.3, 0
537083, 146239, 0
464766, 208216, 0
249476, 176315, 0
433471, 144962, 0
220393, 81427.9, 0
483100, 289105, 0
476435, 191969, 0
428066, 83332.9, 0
422719, 279236, 0
392280, 143155, 0
480496, 205076, 0
504745, 195600, 0
255632, 156637, 0
303926, 90720.8, 0
277222, 186890, 0
279979, 161991, 0
126949, 7769.1, 0
488853, 321378, 0
323785, 230531, 0
233790, 107028, 0
245634, 70542.1, 0
50487.8, 28357.5, 0
329796, 160843, 0
291342, 83904.4, 0
259869, 117041, 0
412646, 261672, 0
565679, 257445, 0
372427, 264634, 0
230262, 121922, 0
530315, 204287, 0
298405, 202588, 0
570154, 169145, 0
252682, 74477.1, 0
233060, 134417, 0
392517, 232499, 0
192011, 125593, 0
134525, 62993.6, 0
231686, 165299, 0
42463.1, 6554.64, 0
238238, 97029.1, 0
358599, 178981, 0
261342, 187162, 0
266386, 93386, 0
435575, 302666, 0
504379, 254405, 0
223013, 127528, 0
615184, 382601, 0
303231, 207004, 0
392557, 251382, 0
405630, 208361, 0
314046, 127382, 0
387314, 196826, 0
165606, 51416.4, 0
230515, 147358, 0
387940, 114126, 0
491349, 170528, 0
171006, 35084.6, 0
414276, 30967.7, 0
391057, 139359, 0
528343, 173647, 0
371537, 149614, 0
469644, 288574, 0
189803, 108159, 0
193907, 136218, 0
561118, 209542, 0
418869, 118599, 0
412708, 136431, 0
376801, 216403, 0
341688, 206326, 0
282025, 130350, 0
572353, 206549, 0
125269, 78141.7, 0
249015, 131647, 0
733128, 348492, 0
302589, 217732, 0
139469, 66309.9, 0
230152, 69022.9, 0
82277.2, 27310.4, 0
366174, 116076, 0
319479, 98686.2, 0
226818, 22426.1, 0
164132, 51767.3, 0
440232, 238358, 0
429961, 72160.6, 0
349357, 225939, 0
270751, 55396.7, 0
430334, 68644.4, 0
647261, 225699, 0
344570, 48674, 0
335900, 160588, 0
192300, 122367, 0
343953, 184339, 0
231623, 119404, 0
407093, 148143, 0
184369, 20045, 0
451646, 202874, 0
480658, 276983, 0
565699, 229606, 0
602217, 63134.4, 0
386475, 198270, 0
263324, 175428, 0
334636, 230865, 0
835542, 185284, 0
395227, 138904, 0
301294, 139213, 0
315591, 133336, 0
354904, 129027, 0
194480, 108950, 0
128095, 43657.7, 0
334638, 60865.7, 0
289586, 152444, 0
324831, 94084.3, 0
111729, 46261.3, 0
347406, 202988, 0
395228, 173694, 0
273524, 167899, 0
280497, 62935.1, 0
452768, 289808, 0
288612, 100024, 0
345916, 193763, 0
487431, 217869, 0
107972, 36153.6, 0
354105, 196386, 0
288499, 139467, 0
265816, 84503.6, 0
377467, 73744.9, 0
217772, 148750, 0
223737, 133527, 0
248415, 122986, 0
422558, 75639.1, 0
466196, 103037, 0
113271, 69070.4, 0
50576.6, 25230.2, 0
728588, 157541, 0
276016, 72863.3, 0
483165, 333194, 0
259089, 72665, 0
449108, 225074, 0
719143, 288038, 0
220742, 134626, 0
371104, 116974, 0
440424, 162702, 0
92110.7, 31839.6, 0
264546, 187376, 0
177857, 85618.6, 0
358011, 237310, 0
336209, 178511, 0
773251, 394297, 0
478713, 309590, 0
323724, 122909, 0
294805, 115168, 0
279532, 130692, 0
382039, 232458, 0
449676, 214996, 0
261528, 127457, 0
637477, 193765, 0
374778, 80601, 0
204033, 123438, 0
174195, 123054, 0
399472, 191875, 0
198489, 82549.6, 0
208843, 128066, 0
244170, 21728.3, 0
200105, 107627, 0
380127, 60984, 0
431157, 196037, 0
529399, 349170, 0
258320, 166942, 0
426730, 305915, 0
317176, 50490, 0
665679, 343296, 0
201215, 142873, 0
246328, 160133, 0
346084, 117849, 0
391611, 236322, 0
426181, 174065, 0
442392, 246430, 0
244112, 163610, 0
156479, 103882, 0
327944, 188265, 0
554047, 321117, 0
500724, 224847, 0
437452, 255285, 0
537946, 282500, 0
211043, 56235.3, 0
450814, 301969, 0
391843, 181470, 0
711986, 347995, 0
155012, 24588, 0
183801, 63324.4, 0
167894, 102849, 0
411325, 281651, 0
368666, 249530, 0
235430, 103545, 0
474799, 198695, 0
232799, 103407, 0
447194, 123192, 0
457956, 212999, 0
345670, 147269, 0
322849, 31338.1, 0
457175, 250276, 0
214656, 134991, 0
274768, 139296, 0
365743, 57801.9, 0
338286, 197016, 0
134798, 34863.1, 0
539850, 270450, 0
239068, 40133.2, 0
335056, 85527.1, 0
449261, 173478, 0
287995, 191342, 0
449197, 177101, 0
395520, 155678, 0
407681, 228359, 0
499957, 172124, 0
278425, 148162, 0
756827, 66156.1, 0
380561, 124454, 0
555902, 350657, 0
588931, 221759, 0
283029, 199323, 0
504965, 188629, 0
515238, 246783, 0
291475, 83370.9, 0
653696, 364370, 0
189484, 75996.3, 0
544781, 132110, 0
220369, 71525.7, 0
597108, 169211, 0
470446, 138029, 0
566071, 180093, 0
325120, 36097.1, 0
290755, 177567, 0
282779, 85409.2, 0
469860, 326419, 0
387748, 272200, 0
206109, 126271, 0
412716, 218057, 0
257214, 146151, 0
483780, 282609, 0
267736, 156555, 0
232442, 131439, 0
233656, 84724.6, 0
225752, 80469.9, 0
386317, 237336, 0
247870, 163375, 0
274731, 173196, 0
419986, 220641, 0
97629.6, 19580.5, 0
281858, 87519.4, 0
458618, 306905, 0
177209, 69867.5, 0
479367, 191167, 0
441321, 234531, 0
116973, 73606.9, 0
410247, 76360.2, 0
173116, 105886, 0
317152, 184323, 0
550108, 386182, 0
297462, 84216.7, 0
106003, 50042.6, 0
139936, 91267.4, 0
460006, 181688, 0
599046, 252609, 0
333064, 162398, 0
133931, 31940.9, 0
418607, 148259, 0
297905, 208042, 0
249180, 129613, 0
360847, 123095, 0
395677, 134054, 0
263451, 38949.9, 0
357161, 239180, 0
447745, 268296, 0
746311, 539137, 0
410767, 208884, 0
508176, 254948, 0
482289, 283732, 0
50868.4, 12547.5, 0
409519, 232266, 0
309559, 209664, 0
370547, 235064, 0
369401, 66113.9, 0
573406, 391296, 0
293178, 206960, 0
631370, 125725, 0
528499, 133400, 0
422028, 122718, 0
446689, 142702, 0
679033, 310414, 0
281552, 175926, 0
570640, 158419, 0
248116, 174056, 0
137610, 45541.3, 0
294639, 37400.6, 0
479515, 288009, 0
309801, 100008, 0
161224, 55553.5, 0
278553, 130897, 0
252282, 72345.2, 0
197322, 73864.9, 0
411321, 251376, 0
394282, 232756, 0
142270, 56218.3, 0
256853, 171448, 0
459493, 287052, 0
528297, 313087, 0
373661, 235137, 0
296090, 102683, 0
298414, 208951, 0
514463, 359526, 0
734371, 459246, 0
349805, 222855, 0
415351, 211260, 0
331467, 89951.7, 0
242990, 170474, 0
355193, 238590, 0
562436, 188390, 0
330880, 229361, 0
300008, 199994, 0
576581, 393930, 0
204461, 109741, 0
321854, 127036, 0
313074, 207097, 0
206107, 50582.2, 0
828985, 426867, 0
194183, 139317, 0
159587, 53819.2, 0
214102, 131329, 0
470043, 311997, 0
677708, 276939, 0
488532, 317294, 0
273284, 153440, 0
126887, 74631.5, 0
353059, 230189, 0
577630, 399067, 0
520025, 280527, 0
451812, 44344.5, 0
216415, 81724.4, 0
120834, 15575.9, 0
512520, 367526, 0
503290, 295180, 0
190734, 101763, 0
312377, 127081, 0
271285, 90975.5, 0
216102, 123696, 0
386702, 121467, 0
71035.4, 3328.12, 0
614518, 63025.4, 0
79662.6, 41993, 0
122708, 55366.1, 0
725545, 277294, 0
203812, 91586.2, 0
403382, 138289, 0
208301, 68676.3, 0
233143, 158497, 0
527077, 276641, 0
245653, 101355, 0
454913, 244241, 0
426635, 260056, 0
180175, 101057, 0
340387, 191355, 0
341810, 113547, 0
274069, 190853, 0
440448, 53527.7, 0
331846, 224094, 0
334074, 191856, 0
438738, 91844.4, 0
553110, 319226, 0
268315, 58931.4, 0
267509, 144381, 0
578468, 114191, 0
459982, 176838, 0
110860, 39017.1, 0
226669, 28938.3, 0
129301, 87156.7, 0
327138, 84886.9, 0
597505, 367550, 0
191165, 77517.4, 0
142291, 75620.8, 0
323813, 142357, 0
347850, 191873, 0
299812, 157342, 0
410056, 294455, 0
464894, 318439, 0
94003.4, 53415.8, 0
159127, 31065.8, 0
339156, 171384, 0
278609, 90074.2, 0
468172, 157224, 0
347277, 148669, 0
273600, 123094, 0
149839, 71704.2, 0
355714, 196968, 0
275103, 94530.3, 0
214732, 79172.5, 0
33756.5, 13327.1, 0
517678, 323846, 0
260889, 97504.2, 0
359864, 80534.6, 0
433921, 174918, 0
233191, 128966, 0
346618, 203765, 0
455063, 198314, 0
54854.7, 29446.9, 0
322151, 221612, 0
526751, 252638, 0
604439, 30014.2, 0
332310, 112748, 0
321273, 206032, 0
441655, 304234, 0
504649, 304943, 0
476101, 234548, 0
426512, 204015, 0
471691, 184386, 0
403646, 179661, 0
604359, 189785, 0
665812, 371279, 0
354677, 92562.7, 0
392917, 136618, 0
569991, 337333, 0
309610, 191559, 0
373827, 39228, 0
314040, 65597, 0
217995, 105232, 0
393917, 118529, 0
191337, 52844.5, 0
292012, 208839, 0
446821, 212035, 0
394639, 47166.8, 0
244261, 154484, 0
492519, 186920, 0
522804, 362963, 0
514803, 318087, 0
421931, 153275, 0
348005, 212877, 0
111694, 66857.4, 0
441122, 307836, 0
383912, 117695, 0
390359, 81633.6, 0
119511, 28551.1, 0
424874, 288919, 0
352679, 186179, 0
143282, 48252.7, 0
424728, 101952, 0
330602, 223466, 0
420346, 204780, 0
428924, 215517, 0
632633, 152458, 0
293828, 152336, 0
230763, 114836, 0
338153, 32885.3, 0
512442, 154725, 0
327284, 151050, 0
439207, 132384, 0
217791, 153175, 0
431244, 260432, 0
523811, 301645, 0
481844, 282201, 0
549610, 217253, 0
236498, 149155, 0
587499, 339100, 0
78370.4, 32441.4, 0
549576, 189541, 0
293858, 47829.3, 0
341054, 215572, 0
338744, 180070, 0
320614, 124445, 0
292653, 194841, 0
331272, 42363.1, 0
284540, 125760, 0
272079, 81798.7, 0
347082, 153787, 0
383836, 254830, 0
289505, 198140, 0
262494, 154103, 0
409028, 110779, 0
217057, 149537, 0
482015, 267691, 0
307081, 137703, 0
224153, 67495.2, 0
143989, 61014, 0
726486, 389775, 0
345782, 231227, 0
291043, 147939, 0
239862, 130046, 0
287088, 159141, 0
556610, 302800, 0
177982, 97505.5, 0
522693, 140221, 0
308630, 153157, 0
360898, 247860, 0
210321, 22828.8, 0
334415, 94415.4, 0
556946, 197873, 0
499167, 72400.2, 0
401897, 60772.9, 0
274053, 83553, 0
569221, 200533, 0
274384, 159454, 0
253105, 172932, 0
268935, 40761.2, 0
224273, 154887, 0
94904.9, 34019.9, 0
329857, 215082, 0
400093, 244467, 0
223503, 130785, 0
312390, 189063, 0
374894, 95061.7, 0
348756, 145079, 0
138282, 53480.6, 0
223607, 60814.4, 0
305790, 35246.4, 0
280119, 121409, 0
191096, 134047, 0
171814, 51833.2, 0
259162, 110706, 0
225778, 143789, 0
706882, 366367, 0
269969, 131453, 0
356636, 176387, 0
248677, 91121.8, 0
464597, 104069, 0
104992, 38171.3, 0
509521, 182816, 0
357303, 167010, 0
615369, 355314, 0
378459, 224871, 0
168916, 56981.7, 0
178194, 101031, 0
123880, 54118.5, 0
422580, 167494, 0
594305, 90234.6, 0
23327.2, 12204.2, 0
400094, 283253, 0
377120, 72756.8, 0
160214, 51008.5, 0
296587, 199185, 0
460551, 26217.4, 0
262127, 90361.2, 0
121908, 53902.3, 0
240464, 141329, 0
319843, 151780, 0
266868, 165680, 0
239265, 168777, 0
292230, 156540, 0
332713, 238098, 0
443692, 285259, 0
314694, 186500, 0
452239, 107038, 0
441172, 94167.8, 0
468255, 171432, 0
374869, 220589, 0
335517, 109403, 0
359817, 78685.2, 0
576594, 137252, 0
730245, 343277, 0
352068, 216216, 0
324833, 146329, 0
282075, 188186, 0
240268, 84307.7, 0
490644, 330348, 0
261227, 141516, 0
382477, 176714, 0
465884, 313870, 0
233058, 63954.7, 0
492536, 314281, 0
339477, 239325, 0
337420, 177172, 0
285053, 200460, 0
216885, 130380, 0
422107, 147229, 0
212044, 144806, 0
556954, 267916, 0
372037, 94793, 0
196073, 34553.7, 0
407138, 125468, 0
272050, 148431, 0
342098, 151259, 0
243099, 41792.6, 0
442083, 182639, 0
442897, 283046, 0
234658, 134172, 0
461589, 162325, 0
367297, 76114.7, 0
313351, 57944.8, 0
256159, 115284, 0
275692, 90674.5, 0
358261, 135889, 0
341145, 199848, 0
393454, 115268, 0
359628, 130593, 0
300272, 182175, 0
374949, 210470, 0
297974, 179318, 0
498375, 264700, 0
434998, 196173, 0
452710, 222336, 0
158243, 112324, 0
481619, 243519, 0
381288, 132393, 0
334649, 238696, 0
202591, 49199.5, 0
640227, 294855, 0
427176, 212623, 0
457322, 186746, 0
330639, 172476, 0
301144, 69564.5, 0
377821, 225362, 0
395210, 231112, 0
118032, 51058.1, 0
141270, 54576.3, 0
411486, 27929.7, 0
236602, 158009, 0
130683, 87832.3, 0
396737, 112836, 0
267882, 131169, 0
503338, 311638, 0
264856, 118175, 0
404337, 103249, 0
310253, 151750, 0
455595, 204286, 0
491226, 298606, 0
422182, 282539, 0
478886, 124798, 0
77252.9, 49972.5, 0
418667, 113221, 0
395087, 46528.8, 0
447753, 312554, 0
229248, 37606.5, 0
230484, 142887, 0
522631, 303577, 0
404950, 95053.4, 0
612056, 365993, 0
331293, 160505, 0
395187, 239687, 0
318120, 82632.5, 0
330598, 131707, 0
401790, 167238, 0
306603, 81842.2, 0
248432, 153326, 0
402104, 42733.3, 0
205377, 139689, 0
330597, 232743, 0
235432, 101580, 0
195051, 105634, 0
309674, 123746, 0
273850, 164634, 0
359625, 162426, 0
341356, 130697, 0
303647, 11250.6, 0
409249, 219700, 0
189954, 29391.1, 0
153956, 106221, 0
556840, 296432, 0
579299, 323101, 0
44698.6, 24649.8, 0
286221, 196356, 0
315878, 115472, 0
89222, 42724.4, 0
226022, 102636, 0
180687, 40025.8, 0
612290, 217959, 0
518497, 217721, 0
550186, 183407, 0
160007, 98884, 0
420021, 223519, 0
236524, 167621, 0
252035, 88145.5, 0
462329, 242942, 0
98367.7, 26330.1, 0
723180, 419087, 0
619109, 297763, 0
371970, 226396, 0
235422, 43498, 0
276858, 84153.3, 0
439293, 201614, 0
326311, 211490, 0
472838, 205760, 0
561857, 286115, 0
408635, 257219, 0
382597, 55108.3, 0
408735, 115198, 0
76411.2, 38857, 0
426827, 141135, 0
672075, 181139, 0
309958, 45550.2, 0
462737, 245129, 0
533539, 359913, 0
504922, 166193, 0
232937, 118891, 0
199357, 55333.1, 0
510154, 176420, 0
355931, 187394, 0
423271, 191271, 0
301590, 123965, 0
302643, 35562, 0
417824, 165832, 0
138909, 69309.8, 0
485998, 315596, 0
293451, 108490, 0
700945, 449286, 0
167703, 70779.4, 0
346702, 99293, 0
379841, 175336, 0
282464, 165041, 0
406147, 224921, 0
229271, 111398, 0
282394, 159811, 0
169831, 81890.3, 0
291270, 105524, 0
372882, 55232.4, 0
297478, 86640.7, 0
117729, 83625.5, 0
539155, 360457, 0
515827, 96800.5, 0
480238, 108775, 0
202560, 137496, 0
469417, 195187, 0
545052, 101155, 0
320398, 224598, 0
281115, 124081, 0
243658, 82060.8, 0
224057, 159391, 0
359481, 158999, 0
218058, 64124.9, 0
276133, 125033, 0
172282, 84175.6, 0
652984, 249035, 0
191005, 88836.1, 0
599314, 59935.4, 0
437478, 118655, 0
450568, 219778, 0
249439, 170146, 0
467459, 145182, 0
370549, 127855, 0
325181, 205932, 0
236704, 163012, 0
329005, 144543, 0
276522, 149948, 0
411990, 237999, 0
429437, 165848, 0
491821, 145068, 0
189518, 121146, 0
307586, 76527.9, 0
246790, 156460, 0
293371, 159308, 0
209390, 137595, 0
242345, 94350.2, 0
85437.1, 44721.2, 0
325804, 141530, 0
432910, 207300, 0
91504.5, 38250.2, 0
444205, 282418, 0
172565, 96293, 0
331140, 59245.7, 0
674469, 447625, 0
360900, 133764, 0
396995, 104827, 0
509036, 85627.1, 0
362669, 213498, 0
327446, 13833.5, 0
287452, 63961.1, 0
664050, 169272, 0
140024, 96304.8, 0
382362, 245543, 0
298332, 194559, 0
518007, 186227, 0
273710, 196268, 0
518177, 298011, 0
677795, 312513, 0
419732, 37993, 0
417285, 80318.9, 0
142538, 31859.1, 0
263996, 77455, 0
394189, 45185, 0
196578, 62296.6, 0
160245, 91183.7, 0
295385, 192531, 0
254497, 85477.7, 0
218351, 110009, 0
323222, 168007, 0
261279, 92640.1, 0
71815.7, 22671.6, 0
339115, 239428, 0
189837, 66934.1, 0
480829, 234837, 0
263182, 72394, 0
231843, 138522, 0
341724, 83187.3, 0
360635, 129785, 0
205018, 60665.6, 0
497112, 356289, 0
348089, 216183, 0
281444, 159611, 0
248580, 145620, 0
313785, 157866, 0
135788, 69247.1, 0
140614, 37172.3, 0
234612, 81616.1, 0
102009, 41663.7, 0
200018, 53785.2, 0
201690, 72421.2, 0
269863, 154048, 0
504244, 209762, 0
213943, 100644, 0
634515, 443714, 0
215969, 71910, 0
185689, 107845, 0
239557, 32269.3, 0
285757, 179028, 0
407870, 225875, 0
432450, 104662, 0
414845, 102843, 0
254445, 92356.6, 0
509253, 319079, 0
280991, 70092.4, 0
79796.5, 55803, 0
364630, 165986, 0
86490.4, 27099, 0
267491, 161435, 0
386062, 138136, 0
229726, 143714, 0
349960, 247351, 0
483381, 224460, 0
325999, 182912, 0
439167, 248018, 0
213294, 147192, 0
538388, 236822, 0
68846, 9016.86, 0
494445, 183229, 0
204801, 87118.9, 0
510549, 177664, 0
266090, 173993, 0
259010, 151630, 0
546502, 237402, 0
335695, 175357, 0
394605, 276972, 0
453919, 154557, 0
195717, 68035, 0
324763, 201738, 0
281510, 190105, 0
424931, 20642.1, 0
344091, 227239, 0
217693, 121920, 0
152417, 58060.2, 0
208176, 105032, 0
186476, 125358, 0
419217, 193483, 0
145730, 92820.2, 0
347228, 183851, 0
307097, 121255, 0
292656, 141590, 0
74881.7, 21558.3, 0
328984, 35348.3, 0
386529, 212284, 0
436332, 250899, 0
478961, 324693, 0
338143, 136278, 0
264003, 170353, 0
354524, 108341, 0
324146, 227011, 0
439615, 144513, 0
268842, 75203.3, 0
333879, 148176, 0
455283, 190036, 0
208094, 136958, 0
259406, 83274.6, 0
183731, 101166, 0
371008, 35496.7, 0
232639, 91670.8, 0
372679, 158624, 0
208401, 119535, 0
274877, 138645, 0
601681, 241896, 0
349488, 174903, 0
343216, 204878, 0
317261, 153578, 0
328410, 227355, 0
16591.5, 4853.5, 0
258586, 162591, 0
490933, 45227.1, 0
215008, 114093, 0
284724, 167924, 0
243046, 119775, 0
370081, 70440.2, 0
104249, 28096.8, 0
391490, 100250, 0
351893, 54574.6, 0
156997, 108961, 0
213613, 62784.9, 0
562748, 151911, 0
289519, 173044, 0
532320, 203263, 0
264134, 134851, 0
264785, 146431, 0
603445, 363992, 0
278172, 28066.4, 0
199395, 114851, 0
401454, 61689.8, 0
593526, 401271, 0
106916, 50942.8, 0
234658, 73881.4, 0
275106, 30196.4, 0
542369, 301225, 0
181951, 82993, 0
307925, 35765.8, 0
249061, 159142, 0
703425, 93535.7, 0
239248, 79247.7, 0
328392, 74218.3, 0
141231, 12017.5, 0
117988, 81805.8, 0
482584, 71382.6, 0
273645, 50709.6, 0
205619, 85161.4, 0
393930, 242522, 0
248270, 142811, 0
279921, 195222, 0
204602, 90115.2, 0
516170, 245814, 0
267015, 83493.6, 0
330687, 62595.6, 0
161771, 108209, 0
407454, 261946, 0
217131, 75440.3, 0
235516, 37453.8, 0
440948, 187675, 0
308345, 155624, 0
133505, 68905, 0
313753, 63857.9, 0
69295.2, 43758.1, 0
705974, 143399, 0
379785, 199820, 0
500719, 243753, 0
515322, 368402, 0
511620, 135818, 0
380448, 77436.8, 0
485376, 339238, 0
206345, 121108, 0
472249, 63232.1, 0
693047, 233380, 0
308231, 59614, 0
317518, 201123, 0
245904, 118446, 0
263441, 131482, 0
252593, 144299, 0
219122, 111661, 0
446668, 296310, 0
125902, 6603.95, 0
385928, 125744, 0
460685, 208670, 0
436975, 239793, 0
302475, 154498, 0
535364, 135053, 0
132474, 41401.8, 0
136003, 75886.2, 0
373373, 54087.1, 0
328662, 166728, 0
263873, 71841, 0
117891, 77184.8, 0
242696, 111363, 0
230249, 162997, 0
245749, 166796, 0
433967, 2607.88, 0
111885, 62624, 0
77185, 28463, 0
507596, 334904, 0
346961, 182314, 0
738750, 78298.2, 0
486954, 282579, 0
481709, 283446, 0
59296.8, 30159.7, 0
373253, 140133, 0
214444, 121547, 0
476694, 251988, 0
293475, 181335, 0
215514, 41262.4, 0
526152, 264402, 0
160009, 108612, 0
395007, 262142, 0
345695, 172135, 0
143252, 37534.9, 0
23714.6, 16534.7, 0
202630, 44165.1, 0
203508, 115828, 0
133008, 94549.9, 0
341756, 82078.9, 0
281265, 193430, 0
315203, 127935, 0
427352, 230348, 0
285395, 69252.7, 0
403403, 161844, 0
415671, 295386, 0
235475, 68804.2, 0
453621, 184047, 0
306228, 139854, 0
191463, 71426.5, 0
189123, 49596.5, 0
512192, 335426, 0
164096, 72306, 0
526055, 296323, 0
186994, 87354.9, 0
351360, 182921, 0
449388, 150372, 0
208622, 93687.7, 0
480896, 305794, 0
464874, 312597, 0
398944, 276793, 0
78971.8, 46753, 0
263762, 94039.9, 0
276190, 116902, 0
313282, 78981.3, 0
284147, 150005, 0
424581, 148779, 0
543234, 288776, 0
542439, 383586, 0
202390, 89744.2, 0
308965, 39081, 0
140187, 100363, 0
181651, 109619, 0
211729, 151519, 0
231657, 138121, 0
315174, 164860, 0
328866, 231868, 0
441237, 141650, 0
200947, 132970, 0
415683, 251896, 0
579555, 257593, 0
364523, 147770, 0
209206, 57688.7, 0
424306, 160686, 0
506122, 212996, 0
318325, 178137, 0
264701, 75013.4, 0
331085, 193892, 0
317790, 164821, 0
175681, 62732.6, 0
682375, 455599, 0
476582, 151437, 0
488197, 59294.4, 0
245831, 80833.6, 0
467801, 64038.8, 0
247496, 129359, 0
343330, 214378, 0
436301, 303071, 0
363468, 254700, 0
456079, 169915, 0
196529, 46815.6, 0
449769, 188046, 0
200367, 138067, 0
187375, 127402, 0
353445, 84806.8, 0
358802, 175259, 0
314293, 49050, 0
338851, 117743, 0
431360, 179558, 0
212662, 122780, 0
468706, 205422, 0
387195, 237024, 0
305837, 186831, 0
252701, 163578, 0
450155, 175077, 0
158233, 54028.2, 0
312831, 218572, 0
309905, 73158.1, 0
259435, 179714, 0
190606, 136581, 0
492939, 67674.5, 0
287613, 152946, 0
408312, 55412.3, 0
290873, 180458, 0
279240, 171693, 0
253412, 147437, 0
414536, 233641, 0
365537, 263173, 0
122627, 40712.6, 0
260348, 168768, 0
472304, 270080, 0
259287, 20804.7, 0
187826, 31587.1, 0
476721, 208126, 0
279005, 178752, 0
462072, 275456, 0
441017, 62994.8, 0
104841, 40940.1, 0
405928, 221824, 0
170966, 74498.6, 0
584337, 283138, 0
192311, 133357, 0
195972, 121144, 0
206077, 61688.2, 0
279901, 15711, 0
394484, 213900, 0
204686, 78735.5, 0
323951, 109638, 0
448453, 28401.5, 0
653429, 82586.7, 0
313755, 103703, 0
224791, 153108, 0
593555, 289308, 0
457909, 298766, 0
318022, 106794, 0
643045, 249518, 0
403913, 13537.9, 0
184760, 104523, 0
371315, 163643, 0
333653, 117756, 0
571325, 295885, 0
363436, 156881, 0
186495, 31578.9, 0
416221, 277661, 0
369240, 93084.3, 0
213520, 138975, 0
53585, 15620.8, 0
385130, 129063, 0
279789, 155418, 0
150411, 62973.7, 0
349245, 242048, 0
305526, 127917, 0
397968, 224494, 0
299189, 74686.9, 0
366681, 118688, 0
369965, 101343, 0
257970, 157635, 0
571837, 386904, 0
559682, 57471.1, 0
488234, 122935, 0
264970, 97855.1, 0
518128, 188901, 0
520766, 276070, 0
279348, 129148, 0
164599, 75551.2, 0
381737, 229435, 0
120337, 38144, 0
382076, 23666, 0
1.00478e+06, 197553, 0
356711, 184204, 0
260051, 172346, 0
289364, 189536, 0
380687, 264639, 0
476134, 220035, 0
317273, 117448, 0
382557, 197268, 0
94518.6, 26455.1, 0
580075, 353072, 0
725318, 199598, 0
239146, 71504.7, 0
492790, 202515, 0
361993, 210839, 0
950969, 171404, 0
297184, 153358, 0
127148, 67240.6, 0
407065, 284989, 0
194699, 39502.1, 0
567145, 265826, 0
357245, 118967, 0
437931, 222594, 0
204567, 115520, 0
169445, 111678, 0
355497, 223873, 0
173302, 97297.6, 0
258663, 186258, 0
554186, 201964, 0
219795, 153639, 0
219178, 141221, 0
257315, 161682, 0
358549, 187124, 0
277225, 147187, 0
281090, 93483.6, 0
433374, 95043.7, 0
207460, 107081, 0
318287, 212254, 0
97942.7, 32179.1, 0
300348, 57484.1, 0
445366, 245987, 0
284601, 163887, 0
329599, 154746, 0
448873, 187274, 0
315951, 78661.3, 0
683307, 409163, 0
130793, 51627.8, 0
372983, 257574, 0
215664, 105634, 0
273026, 195348, 0
495978, 146877, 0
495666, 182432, 0
224250, 155915, 0
456029, 67619.5, 0
462099, 225383, 0
165960, 70817, 0
503256, 281085, 0
369097, 33499.3, 0
342096, 196736, 0
488506, 65919.4, 0
323517, 119600, 0
173377, 119861, 0
311437, 97932.1, 0
266074, 160968, 0
168920, 112306, 0
460561, 267800, 0
448169, 136661, 0
334104, 162094, 0
336639, 201791, 0
108486, 50678.3, 0
197214, 118722, 0
431012, 152760, 0
268335, 108863, 0
303195, 204414, 0
340553, 38119.4, 0
279469, 61191.9, 0
185727, 28720.9, 0
150029, 93830.8, 0
490493, 276805, 0
229935, 129801, 0
370215, 124349, 0
613439, 285632, 0
277000, 181382, 0
417421, 299473, 0
586031, 332078, 0
425443, 262464, 0
391520, 241006, 0
326891, 233523, 0
373590, 155251, 0
143440, 24035.9, 0
488025, 169562, 0
46537.1, 22841.8, 0
243088, 105694, 0
301626, 129683, 0
277627, 196845, 0
293851, 86605.7, 0
383574, 37826.1, 0
318477, 75425.4, 0
312047, 120111, 0
521339, 178072, 0
108379, 66872.5, 0
322145, 202171, 0
206750, 79696.6, 0
378478, 151355, 0
249562, 82564.3, 0
277540, 93104.5, 0
304671, 145140, 0
168616, 28565.2, 0
136170, 45378.1, 0
231437, 158789, 0
171840, 35360.1, 0
334382, 208215, 0
705808, 374149, 0
178201, 102431, 0
711101, 180075, 0
196926, 69435.6, 0
58203, 13208.9, 0
401450, 257445, 0
161834, 77363.7, 0
413831, 111712, 0
838770, 374324, 0
352441, 103062, 0
361004, 190825, 0
328977, 223338, 0
466855, 169753, 0
119516, 74011.1, 0
361126, 142738, 0
375675, 178400, 0
363930, 27600.8, 0
865951, 230331, 0
299151, 96931, 0
383339, 176665, 0
132900, 50753, 0
276737, 159929, 0
392531, 100617, 0
297364, 121228, 0
524021, 235011, 0
640559, 209488, 0
439208, 115246, 0
151461, 100528, 0
198368, 78873, 0
518087, 32188.6, 0
497692, 338000, 0
412938, 116443, 0
595205, 342019, 0
259966, 169251, 0
495858, 153780, 0
256412, 160525, 0
333248, 62003.8, 0
263742, 65704, 0
527093, 310338, 0
384206, 128557, 0
452935, 196119, 0
252246, 91010.4, 0
415387, 921894, 0
344654, 198286, 0
220993, 154610, 0
252400, 157966, 0
261011, 112711, 0
371506, 245663, 0
336917, 194775, 0
396425, 206983, 0
122238, 57727, 0
110618, 31868, 0
193536, 60644.4, 0
468764, 176871, 0
436219, 305986, 0
333190, 203308, 0
178212, 56324.8, 0
251340, 70988.1, 0
194717, 69902.9, 0
605243, 278285, 0
281844, 154764, 0
263121, 185446, 0
132510, 94625.9, 0
426853, 137641, 0
129533, 74477.1, 0
377986, 59095.4, 0
236188, 107315, 0
373916, 244288, 0
286774, 189702, 0
369907, 239329, 0
407580, 154130, 0
413700, 152902, 0
116557, 49562.6, 0
747723, 142127, 0
59965.6, 29508.8, 0
659683, 263650, 0
218413, 140825, 0
119753, 25391.8, 0
354519, 200382, 0
466178, 108062, 0
347563, 157925, 0
415291, 161856, 0
281836, 199036, 0
546739, 359486, 0
525270, 104156, 0
548994, 89311.8, 0
313219, 135252, 0
463524, 314083, 0
115689, 25542.5, 0
190234, 52325.6, 0
555505, 394741, 0
382526, 233371, 0
451123, 221967, 0
785500, 104586, 0
228940, 110466, 0
266388, 53187.3, 0
342400, 164654, 0
249048, 146577, 0
348087, 173304, 0
158603, 66654.5, 0
472758, 123654, 0
218642, 125035, 0
485374, 273261, 0
393020, 229911, 0
352813, 158832, 0
240957, 166899, 0
317134, 174529, 0
502280, 304422, 0
639397, 333331, 0
293937, 115274, 0
375010, 149769, 0
219184, 99116.7, 0
248512, 79427, 0
70372, 37330.9, 0
354833, 179090, 0
211874, 135944, 0
643514, 247639, 0
424463, 176594, 0
416118, 126558, 0
385003, 238759, 0
420050, 281210, 0
474547, 40806.3, 0
307401, 118538, 0
530858, 225619, 0
224747, 118185, 0
112327, 49140.4, 0
258763, 165698, 0
204777, 76561.6, 0
267722, 79132, 0
423630, 159563, 0
652355, 353559, 0
483502, 296066, 0
59331.4, 24637.2, 0
443849, 162548, 0
529685, 333933, 0
373182, 179338, 0
241200, 118804, 0
70326.5, 39868.2, 0
397418, 275405, 0
199042, 58949.4, 0
464015, 315040, 0
352273, 194832, 0
297517, 94689.1, 0
185848, 88489.5, 0
104711, 56216.9, 0
438846, 99681.5, 0
276347, 164942, 0
68675.7, 40756.1, 0
350177, 191235, 0
113371, 21921.9, 0
300888, 177488, 0
731609, 322666, 0
129053, 40452.5, 0
309639, 181774, 0
96308.4, 45923.1, 0
417764, 88446.7, 0
153462, 92865.5, 0
469491, 247922, 0
77890.1, 33235.1, 0
260904, 162487, 0
336273, 228296, 0
184986, 123470, 0
374072, 164772, 0
492579, 242458, 0
291090, 88107.7, 0
459356, 305417, 0
428193, 217474, 0
539590, 126722, 0
378344, 159220, 0
588757, 177432, 0
329093, 134221, 0
281719, 195637, 0
247233, 88382.9, 0
218112, 95531.9, 0
248915, 148793, 0
275950, 35766.1, 0
322661, 77898.5, 0
520423, 187127, 0
184848, 115087, 0
145383, 80195.8, 0
395619, 198544, 0
123763, 74920.5, 0
425969, 244242, 0
321662, 160824, 0
536706, 218427, 0
258603, 137315, 0
458707, 285081, 0
245445, 143703, 0
134388, 91243.6, 0
263001, 79344.5, 0
325905, 102050, 0
352332, 117167, 0
590202, 226613, 0
290602, 126736, 0
248941, 128386, 0
83305.7, 45650.1, 0
246964, 167405, 0
326817, 147163, 0
591857, 299633, 0
258058, 26900.4, 0
291649, 78048.4, 0
311135, 120160, 0
270804, 175555, 0
265158, 110721, 0
374315, 28307.3, 0
478097, 85627.5, 0
595476, 201517, 0
343691, 206563, 0
578791, 392713, 0
301225, 128668, 0
104340, 64028.4, 0
431146, 33869.9, 0
522573, 95643.1, 0
344146, 179248, 0
51959.7, 33823.3, 0
360725, 136577, 0
458297, 19377.7, 0
257433, 42604.1, 0
211225, 66035.6, 0
439996, 263109, 0
616187, 129335, 0
209222, 87969.6, 0
238488, 160233, 0
382664, 208656, 0
337261, 69373.8, 0
450289, 47240.8, 0
304468, 209863, 0
468244, 313658, 0
317007, 111641, 0
276456, 66365.5, 0
627749, 320776, 0
368750, 251915, 0
476242, 243743, 0
357533, 231848, 0
182815, 64044, 0
390195, 264612, 0
166260, 84504.3, 0
496775, 174419, 0
307620, 125305, 0
237297, 146490, 0
194999, 134972, 0
64464, 46072.3, 0
412853, 214262, 0
514073, 66853.9, 0
455679, 193297, 0
119602, 46905, 0
403353, 285858, 0
321027, 187333, 0
465862, 184017, 0
477692, 319995, 0
576894, 142833, 0
106434, 31564.5, 0
333392, 143730, 0
386317, 149494, 0
289372, 65993, 0
491035, 351624, 0
637552, 238293, 0
152798, 102989, 0
301959, 121377, 0
161876, 73239.6, 0
353833, 186724, 0
399389, 183231, 0
269725, 135662, 0
286288, 152624, 0
214065, 52806.7, 0
587942, 183638, 0
478542, 114395, 0
401284, 153335, 0
507296, 89669.8, 0
144736, 23306.4, 0
492914, 302239, 0
528440, 34881.1, 0
250288, 111818, 0
284341, 99028.6, 0
344977, 189132, 0
410573, 88190.1, 0
58464.8, 16189.2, 0
90555, 45044.2, 0
270722, 87541.8, 0
676688, 441671, 0
223140, 126531, 0
366970, 223816, 0
450509, 152006, 0
498302, 175411, 0
124662, 17032.5, 0
353531, 142477, 0
471497, 239855, 0
567876, 115956, 0
267319, 93389.2, 0
689193, 191717, 0
192578, 42949, 0
413943, 227300, 0
251622, 128875, 0
211858, 152496, 0
394925, 202941, 0
592394, 252421, 0
504414, 296305, 0
284114, 150684, 0
293388, 76026, 0
117160, 63747.5, 0
220755, 138698, 0
274708, 166864, 0
611377, 290789, 0
302568, 175227, 0
367779, 139552, 0
308961, 24469.6, 0
497380, 193950, 0
284863, 76996.1, 0
271831, 132958, 0
89555.9, 58602.5, 0
226430, 153142, 0
395744, 208592, 0
332443, 170724, 0
314991, 140781, 0
493167, 230624, 0
379372, 142354, 0
336636, 171186, 0
640432, 51540.8, 0
500342, 13460.3, 0
348971, 218181, 0
412583, 276574, 0
680291, 321081, 0
447850, 96765.6, 0
404809, 68662, 0
583826, 138729, 0
245395, 160678, 0
178899, 83350.2, 0
323405, 225438, 0
511034, 297085, 0
146997, 90543.3, 0
488105, 298149, 0
298864, 110055, 0
530888, 52808.9, 0
562578, 231737, 0
445719, 42364.2, 0
314282, 216847, 0
513954, 274032, 0
206204, 134283, 0
331150, 60495.3, 0
324895, 212005, 0
118562, 52831.7, 0
534411, 334742, 0
509808, 273375, 0
251867, 138012, 0
180570, 77537.7, 0
547041, 279152, 0
317325, 187858, 0
236076, 100092, 0
286780, 165046, 0
208819, 109144, 0
289198, 197935, 0
196842, 105686, 0
589299, 172094, 0
383365, 175408, 0
421270, 133927, 0
558616, 195395, 0
471948, 225395, 0
253297, 97092.7, 0
234188, 135027, 0
254775, 89754.8, 0
624173, 365099, 0
232375, 166401, 0
638628, 366805, 0
190935, 28086.2, 0
313157, 147079, 0
206337, 132193, 0
577365, 288193, 0
341034, 226201, 0
264615, 137761, 0
565642, 81813.8, 0
245717, 113058, 0
164260, 88373.2, 0
305829, 218943, 0
355010, 34348.7, 0
430430, 215755, 0
355153, 211162, 0
671829, 224017, 0
401596, 206810, 0
501863, 98393.2, 0
517692, 222700, 0
120404, 39895.2, 0
562217, 267192, 0
514837, 368724, 0
155475, 36083.6, 0
466725, 132750, 0
346731, 126383, 0
534402, 187916, 0
120777, 22240.6, 0
297747, 178327, 0
357279, 96497, 0
295629, 101214, 0
213143, 83875.5, 0
273330, 120494, 0
580084, 192809, 0
398554, 225358, 0
130323, 89688, 0
245655, 98743.5, 0
317438, 178431, 0
225795, 124897, 0
480693, 330601, 0
135294, 81523.2, 0
172376, 58867.3, 0
250193, 118187, 0
519481, 17293, 0
61439.3, 20591.5, 0
297005, 192200, 0
457588, 98942.1, 0
322554, 183205, 0
208066, 43472.3, 0
292471, 195468, 0
415687, 139323, 0
530538, 194702, 0
406243, 54159.8, 0
362758, 229254, 0
500597, 308059, 0
217572, 61989.5, 0
367863, 239664, 0
219094, 112261, 0
170238, 118055, 0
227393, 114091, 0
556441, 220901, 0
195897, 114747, 0
626086, 352582, 0
484266, 111776, 0
482197, 345589, 0
257576, 123862, 0
422542, 189549, 0
333910, 83474.6, 0
443621, 141871, 0
196652, 106856, 0
599208, 150569, 0
244324, 62625.4, 0
600815, 47605.9, 0
608337, 390585, 0
279400, 73216.2, 0
654226, 292305, 0
377519, 129028, 0
381248, 37310.7, 0
377060, 208392, 0
469414, 145004, 0
164783, 75433.1, 0
433739, 271061, 0
468452, 160577, 0
391865, 155696, 0
377702, 67121.4, 0
297217, 79139.7, 0
532902, 199049, 0
477259, 240209, 0
235130, 93152.4, 0
420081, 121218, 0
241476, 61523.5, 0
433999, 284231, 0
499826, 218250, 0
688523, 285998, 0
698233, 137413, 0
37795.3, 20558.8, 0
308272, 110667, 0
288800, 197100, 0
351391, 222185, 0
129931, 51270.4, 0
302129, 184362, 0
253147, 163849, 0
193726, 71203.1, 0
483443, 148873, 0
471859, 268290, 0
189237, 119449, 0
111234, 66213.8, 0
594449, 386810, 0
393096, 270845, 0
550710, 84968.7, 0
388299, 123051, 0
494959, 166131, 0
305412, 202649, 0
450178, 82170.1, 0
445227, 144415, 0
63598.4, 45382.7, 0
223014, 74023, 0
144448, 94344.8, 0
397638, 57667.4, 0
191946, 99194.1, 0
192888, 122337, 0
215099, 152992, 0
291031, 125885, 0
502032, 142212, 0
373277, 207003, 0
457381, 254653, 0
416734, 168703, 0
297996, 91808, 0
281807, 26345.6, 0
393778, 270267, 0
430658, 170911, 0
198975, 108162, 0
325187, 103068, 0
477895, 207898, 0
377720, 118336, 0
279600, 162052, 0
470813, 164438, 0
223074, 59945.2, 0
435097, 225960, 0
255950, 93281, 0
447300, 26386.8, 0
335266, 48105, 0
582504, 272715, 0
434340, 40028.4, 0
109256, 46473.8, 0
328132, 201367, 0
632360, 383167, 0
81826.5, 38830.8, 0
667853, 463686, 0
551211, 52183.1, 0
248133, 54540.9, 0
186779, 47617.3, 0
112212, 67741.6, 0
225446, 45905.7, 0
307262, 158832, 0
433692, 114305, 0
446793, 156866, 0
373840, 177039, 0
445108, 319260, 0
130625, 68536.8, 0
709330, 447292, 0
281937, 92635.1, 0
675240, 379635, 0
403304, 220624, 0
268230, 133030, 0
454828, 239777, 0
565359, 81585.4, 0
450689, 256456, 0
477578, 119985, 0
578026, 356142, 0
340191, 205761, 0
256623, 42990.4, 0
239018, 110674, 0
312288, 108455, 0
188390, 102634, 0
242120, 69000.4, 0
262806, 181414, 0
482572, 170020, 0
178580, 107306, 0
225894, 90579.7, 0
277165, 171288, 0
257674, 118387, 0
526828, 312468, 0
150772, 64609.1, 0
334765, 159414, 0
493082, 228846, 0
389921, 72540.7, 0
310226, 204380, 0
528152, 237496, 0
323749, 220571, 0
288701, 29839.7, 0
393542, 215038, 0
340526, 195639, 0
388638, 187499, 0
448882, 307322, 0
282430, 187305, 0
246224, 43419.8, 0
99188.9, 63551.7, 0
557414, 115397, 0
470319, 66144.6, 0
178683, 33897.1, 0
438325, 249126, 0
207729, 89100.3, 0
195799, 135772, 0
557797, 344177, 0
278109, 165357, 0
464906, 177332, 0
404957, 204527, 0
364863, 120252, 0
510554, 317980, 0
261110, 74634.2, 0
513426, 216550, 0
303706, 144543, 0
528589, 200939, 0
423776, 197256, 0
259467, 67909.6, 0
305844, 113815, 0
110850, 76785.8, 0
560931, 385922, 0
448325, 136855, 0
318755, 91465.5, 0
267286, 181514, 0
657935, 295375, 0
458572, 103690, 0
232988, 66618.2, 0
402067, 283791, 0
232581, 34700.3, 0
503645, 93643.7, 0
203685, 120597, 0
451383, 301758, 0
374361, 173842, 0
558528, 240582, 0
676977, 186293, 0
353042, 236955, 0
279633, 194854, 0
366212, 250151, 0
88200.7, 51812.5, 0
333546, 88644.4, 0
423459, 232272, 0
320830, 116410, 0
225339, 83063, 0
375067, 164480, 0
203086, 114696, 0
523436, 188065, 0
220701, 46448.1, 0
379620, 245556, 0
146955, 100395, 0
289741, 86702.3, 0
444605, 220969, 0
397688, 171089, 0
379014, 139343, 0
410599, 9361.38, 0
462789, 84903, 0
208810, 61674.5, 0
348520, 153036, 0
214853, 129350, 0
612348, 271229, 0
331473, 100764, 0
558097, 95770.9, 0
188945, 22134.8, 0
164292, 82946.4, 0
498795, 350462, 0
253284, 84058.5, 0
301732, 212435, 0
416601, 261982, 0
275004, 197944, 0
583765, 268450, 0
170535, 62444.1, 0
394954, 156300, 0
308895, 94958.6, 0
282353, 126791, 0
186172, 109871, 0
614178, 360820, 0
277492, 152184, 0
391373, 251046, 0
388708, 231352, 0
160941, 98338.7, 0
299946, 176492, 0
230987, 66925.3, 0
324726, 60569.1, 0
532186, 206096, 0
386806, 40359.3, 0
73896.8, 45872.5, 0
684929, 179551, 0
351698, 205145, 0
495071, 168764, 0
287494, 177548, 0
246423, 68524.4, 0
198830, 109416, 0
222253, 17538.5, 0
462969, 109925, 0
257473, 36196.9, 0
367059, 233495, 0
305913, 200379, 0
369029, 145856, 0
313250, 206770, 0
189513, 120754, 0
556133, 176552, 0
54356.1, 11921.9, 0
247810, 122551, 0
561611, 143587, 0
530243, 130627, 0
316226, 46873.7, 0
547088, 386577, 0
501913, 164159, 0
173680, 100394, 0
353190, 208990, 0
560276, 139021, 0
604584, 264747, 0
409032, 220173, 0
226029, 32147, 0
233805, 138406, 0
349463, 219979, 0
315462, 182074, 0
155147, 36881.4, 0
198048, 108800, 0
247539, 132182, 0
325962, 221877, 0
365779, 224707, 0
324086, 210786, 0
493230, 332845, 0
499045, 69939.7, 0
124592, 54253.1, 0
237044, 137023, 0
237160, 153684, 0
221445, 151683, 0
255959, 136774, 0
290588, 85716.5, 0
302508, 134003, 0
510253, 199605, 0
398641, 220326, 0
634747, 194986, 0
215308, 88202, 0
544609, 101225, 0
157354, 100879, 0
297631, 116660, 0
176391, 79121, 0
505730, 225484, 0
431093, 209345, 0
373204, 110601, 0
212332, 120722, 0
476552, 307089, 0
493003, 167944, 0
135094, 89383, 0
213923, 92044.4, 0
635318, 195498, 0
575828, 287897, 0
102001, 56481.2, 0
486213, 326502, 0
172365, 73615.7, 0
189370, 72849.2, 0
134697, 95250.3, 0
338429, 155953, 0
543402, 214058, 0
542819, 80103.5, 0
311375, 119418, 0
94179.1, 42663.9, 0
92708, 35201.4, 0
701782, 218383, 0
198763, 82281.8, 0
149769, 75227.5, 0
377702, 194326, 0
222008, 28021.7, 0
619071, 289823, 0
485155, 293192, 0
397160, 54845.8, 0
344485, 185256, 0
455380, 275577, 0
380233, 225466, 0
222281, 145380, 0
249970, 171336, 0
156667, 18721.2, 0
430096, 189640, 0
678594, 277194, 0
294438, 125121, 0
884023, 260874, 0
264922, 49093.7, 0
459433, 308745, 0
418558, 151854, 0
241727, 67246.3, 0
571448, 157923, 0
292527, 162028, 0
332398, 220488, 0
478756, 199600, 0
676664, 177501, 0
223538, 151195, 0
327615, 169789, 0
433192, 255369, 0
136147, 49162.8, 0
428224, 248974, 0
190443, 128069, 0
360495, 188119, 0
517140, 135713, 0
334721, 208686, 0
444979, 300373, 0
346731, 95699.2, 0
338811, 204360, 0
126595, 74815.5, 0
299185, 171630, 0
614892, 294687, 0
479708, 324074, 0
495475, 129872, 0
487972, 133103, 0
395640, 248733, 0
646327, 391440, 0
468457, 173609, 0
250947, 154761, 0
419889, 207218, 0
404269, 241088, 0
223787, 115269, 0
264168, 95580.6, 0
366388, 243585, 0
295972, 120792, 0
539889, 320019, 0
470982, 121007, 0
199902, 53432.8, 0
536425, 77307.6, 0
283117, 160815, 0
439126, 247699, 0
332863, 109524, 0
594368, 396362, 0
273533, 47394.8, 0
91937, 58652.6, 0
319208, 119608, 0
564789, 205627, 0
545973, 301291, 0
509624, 226021, 0
267973, 61851.6, 0
54466.9, 18609.7, 0
117444, 51645.3, 0
257649, 70985.9, 0
358740, 226043, 0
322947, 212639, 0
419574, 46072.7, 0
386246, 78054, 0
270870, 64782.8, 0
207104, 47758, 0
184863, 103323, 0
215938, 83959, 0
369126, 222016, 0
502507, 115085, 0
456314, 319230, 0
653846, 447600, 0
294024, 128410, 0
310290, 146498, 0
471778, 87814.3, 0
224372, 146200, 0
97570.7, 62628.1, 0
204633, 140499, 0
433701, 88618.4, 0
132342, 56995.7, 0
556339, 119496, 0
345931, 162222, 0
149869, 74506.2, 0
372025, 171407, 0
151348, 37618.7, 0
642296, 371345, 0
671160, 92314.7, 0
338931, 159094, 0
121503, 86244.2, 0
417607, 74720.2, 0
272115, 114420, 0
271479, 153580, 0
544226, 130999, 0
449214, 259309, 0
303481, 205767, 0
350746, 156722, 0
240664, 112582, 0
420022, 239159, 0
582007, 204306, 0
484235, 327386, 0
474618, 201381, 0
460940, 45924.7, 0
171804, 65960.2, 0
225497, 88927.7, 0
354083, 217644, 0
302167, 94269.1, 0
48076.7, 31057.9, 0
318543, 78033.5, 0
237029, 144366, 0
861512, 135388, 0
361557, 109138, 0
406367, 259798, 0
356032, 201485, 0
232311, 104456, 0
236057, 148459, 0
522969, 176564, 0
369275, 260790, 0
266974, 109476, 0
246560, 177043, 0
373849, 223703, 0
290482, 54809, 0
101658, 62989.3, 0
218638, 151246, 0
386410, 152411, 0
450730, 214064, 0
143093, 87263.4, 0
155893, 65575.5, 0
255962, 101644, 0
264228, 121269, 0
559540, 187241, 0
367822, 171806, 0
114400, 67162.9, 0
649121, 201687, 0
377846, 129690, 0
356985, 173893, 0
522516, 297423, 0
91179.1, 60786.6, 0
524456, 344112, 0
516749, 227513, 0
581771, 383061, 0
476824, 141755, 0
158098, 32877.9, 0
150597, 73928.2, 0
187622, 22956.5, 0
263066, 64356, 0
441828, 272270, 0
416047, 111594, 0
381929, 21192.5, 0
203115, 129944, 0
100633, 33248.2, 0
244611, 154012, 0
271975, 106538, 0
298126, 148385, 0
434233, 48947.9, 0
195345, 71663, 0
435815, 239809, 0
262471, 163649, 0
130732, 30165.8, 0
80170, 29919.1, 0
245576, 139484, 0
283649, 148940, 0
356849, 133703, 0
218997, 28276.6, 0
211948, 57612.2, 0
238851, 123864, 0
740454, 371738, 0
219250, 68001.8, 0
239728, 124502, 0
353567, 200058, 0
408711, 277950, 0
515918, 341518, 0
526514, 197535, 0
106412, 53777.8, 0
489010, 258925, 0
285565, 130200, 0
458094, 241817, 0
480660, 325105, 0
256707, 146943, 0
154133, 79969.3, 0
208676, 127811, 0
303347, 58962, 0
554459, 56918.9, 0
178935, 62132.2, 0
424872, 216413, 0
310941, 105150, 0
681181, 358249, 0
238494, 74519.2, 0
61259.3, 19328.1, 0
391958, 241671, 0
729884, 66522.6, 0
203274, 145194, 0
482260, 84721.3, 0
311277, 58420.1, 0
399192, 137374, 0
353684, 214837, 0
206874, 61331.2, 0
407074, 226570, 0
195054, 77308.7, 0
475870, 300741, 0
157842, 83428, 0
677460, 155933, 0
137241, 43004.6, 0
380927, 228754, 0
377402, 225753, 0
69292.6, 39086.1, 0
187070, 49621.6, 0
386284, 100062, 0
236102, 161458, 0
513866, 282017, 0
227417, 134455, 0
422064, 200765, 0
326157, 231085, 0
272991, 61856.5, 0
114943, 76183.4, 0
394985, 245129, 0
131862, 30206.7, 0
197598, 100691, 0
326387, 216736, 0
274660, 55198.9, 0
314952, 179312, 0
228373, 119300, 0
494093, 336993, 0
226236, 42662.4, 0
170624, 106065, 0
417452, 138213, 0
254834, 72633.3, 0
340944, 103742, 0
255165, 81162.6, 0
230488, 34242.8, 0
166583, 118673, 0
564183, 197002, 0
326177, 24485.5, 0
46392.1, 31726.4, 0
282674, 186297, 0
314369, 116815, 0
308643, 88258.7, 0
193563, 9734.13, 0
668827, 274145, 0
296425, 162807, 0
429730, 176008, 0
173658, 110608, 0
305762, 118129, 0
571688, 390867, 0
337474, 66095.2, 0
348325, 108557, 0
193467, 126292, 0
413056, 104686, 0
342442, 219480, 0
284460, 123665, 0
365939, 214005, 0
428139, 247238, 0
626794, 282080, 0
413935, 258901, 0
391382, 239153, 0
277009, 142489, 0
525297, 89778.6, 0
87362.3, 28479, 0
316261, 163952, 0
279452, 50505.2, 0
257508, 125265, 0
98178.7, 64390.1, 0
343832, 125977, 0
332768, 87054.8, 0
261526, 158210, 0
368395, 249410, 0
431611, 190094, 0
353926, 188917, 0
293344, 183825, 0
250533, 146314, 0
210185, 105167, 0
516726, 122219, 0
281120, 77123.8, 0
317365, 94010.8, 0
389716, 202797, 0
289226, 121232, 0
199762, 134396, 0
111200, 64927.8, 0
406482, 177403, 0
296694, 109940, 0
487091, 103166, 0
106831, 68211.5, 0
640241, 317229, 0
140797, 64412.7, 0
112970, 23766.9, 0
482722, 201440, 0
544032, 148870, 0
339468, 223247, 0
311318, 45816.3, 0
438582, 215889, 0
206932, 138345, 0
221659, 126366, 0
502666, 80938.3, 0
239153, 81449.4, 0
527924, 164163, 0
437830, 284521, 0
412871, 191843, 0
376539, 183968, 0
212154, 115957, 0
262866, 166472, 0
180109, 120214, 0
204245, 73760.7, 0
542350, 369843, 0
539132, 187251, 0
109731, 56782.4, 0
331279, 45075.3, 0
202682, 50496.2, 0
249127, 85560.8, 0
103471, 64346, 0
427013, 89048.4, 0
66765.7, 45782, 0
343544, 92106.7, 0
613161, 237895, 0
170585, 97914.2, 0
602185, 103840, 0
354752, 52215.9, 0
330800, 91038.3, 0
378191, 220145, 0
504842, 162502, 0
68942.2, 21447.3, 0
555208, 281485, 0
599686, 218025, 0
347635, 161199, 0
138713, 58086, 0
265269, 27445.8, 0
573928, 377239, 0
112505, 64598.1, 0
241649, 51708.5, 0
130981, 68534.5, 0
265024, 151564, 0
357122, 236265, 0
313272, 96257.4, 0
287107, 129125, 0
462144, 240130, 0
342456, 96857.7, 0
225075, 148364, 0
349135, 249137, 0
320388, 174432, 0
127329, 51699.4, 0
230659, 143360, 0
439170, 173865, 0
294260, 155999, 0
423007, 136232, 0
238741, 26466.2, 0
283894, 155604, 0
363475, 216259, 0
440609, 58243.4, 0
238614, 21904.3, 0
187770, 117509, 0
390224, 213611, 0
335922, 45031.1, 0
439661, 219360, 0
190672, 128260, 0
454887, 325802, 0
383218, 213531, 0
397384, 41788.1, 0
401110, 189524, 0
396764, 139626, 0
478017, 228133, 0
430183, 51610.1, 0
190564, 98185, 0
396499, 160772, 0
423996, 173556, 0
201346, 46877.1, 0
188930, 36022.7, 0
58982.1, 34730.1, 0
128967, 72711.6, 0
277059, 119947, 0
416534, 289958, 0
312434, 122758, 0
401120, 206173, 0
521610, 321079, 0
420924, 143624, 0
454315, 245348, 0
127707, 15996.2, 0
266053, 145820, 0
451974, 245493, 0
283107, 171256, 0
620101, 340128, 0
373792, 80110.4, 0
380562, 224769, 0
251217, 30325.9, 0
382565, 226960, 0
215335, 113998, 0
197107, 63328.1, 0
210635, 116147, 0
538103, 316752, 0
405251, 109233, 0
169731, 66032.1, 0
428781, 183364, 0
53498.6, 24409.6, 0
303707, 65144.7, 0
362984, 94105, 0
264273, 74846.5, 0
379631, 201063, 0
177761, 35528.5, 0
230240, 91504.3, 0
258900, 135494, 0
321692, 146901, 0
565414, 96244.2, 0
609030, 424969, 0
284948, 97871.3, 0
361024, 145598, 0
204179, 78997.1, 0
326503, 101724, 0
436597, 133727, 0
275459, 149853, 0
160269, 107991, 0
398141, 225174, 0
158881, 30972.1, 0
365083, 205490, 0
517535, 370476, 0
360652, 180242, 0
699082, 495910, 0
444272, 184943, 0
139187, 71883.5, 0
582148, 225551, 0
235062, 139093, 0
333806, 141434, 0
561165, 295418, 0
367187, 95082.6, 0
351879, 80816.2, 0
293606, 73292.6, 0
719153, 162258, 0
63004, 42674.1, 0
395173, 102069, 0
757228, 379320, 0
291464, 166591, 0
137139, 72501.9, 0
294861, 106889, 0
224822, 41902.5, 0
481274, 148898, 0
332465, 159709, 0
399312, 215185, 0
198634, 49988.6, 0
277342, 13037.5, 0
280155, 190630, 0
295541, 47666.5, 0
428407, 94035.4, 0
810367, 158534, 0
793148, 163259, 0
315081, 221985, 0
336217, 217094, 0
684155, 223011, 0
133432, 51066.2, 0
327047, 171128, 0
245625, 73314.1, 0
460956, 118894, 0
94680.6, 58911.6, 0
172434, 107634, 0
257882, 128305, 0
282486, 181372, 0
471505, 152880, 0
600842, 435823, 0
401253, 226536, 0
350520, 227340, 0
316667, 182031, 0
358870, 96162, 0
351787, 149279, 0
248059, 12471, 0
612661, 103956, 0
179421, 91023.3, 0
297832, 181199, 0
362984, 199333, 0
374855, 86480.7, 0
431346, 148682, 0
282740, 103323, 0
252090, 169893, 0
344945, 186670, 0
182478, 57445.1, 0
56117.5, 31058.4, 0
445044, 134346, 0
367738, 125518, 0
279947, 133412, 0
226148, 74702, 0
377330, 192586, 0
219901, 132257, 0
281045, 123259, 0
446263, 293196, 0
563700, 356653, 0
287884, 29922.2, 0
256732, 55314, 0
317504, 143962, 0
219553, 148324, 0
301082, 180675, 0
224584, 131191, 0
292492, 136211, 0
448632, 213108, 0
449588, 309580, 0
415553, 163541, 0
224115, 100286, 0
217337, 126245, 0
460606, 304097, 0
172119, 71127.4, 0
455762, 249859, 0
240552, 94572.7, 0
309395, 149487, 0
488682, 327482, 0
289975, 143578, 0
397950, 24829.4, 0
574570, 348192, 0
318350, 121020, 0
404961, 247242, 0
311132, 182645, 0
187823, 95700.4, 0
298764, 101899, 0
182109, 57910.2, 0
391995, 259272, 0
429609, 61260.6, 0
227188, 41939.6, 0
617685, 386095, 0
456076, 109173, 0
345906, 90078.3, 0
246734, 171270, 0
252553, 21067, 0
339574, 82007.5, 0
289770, 159763, 0
475324, 339830, 0
678009, 152088, 0
320173, 220155, 0
488851, 310721, 0
75833.6, 21237, 0
178752, 124832, 0
472838, 211292, 0
206486, 79661.2, 0
325776, 131798, 0
173907, 95874.5, 0
393186, 45445.5, 0
286535, 177480, 0
376157, 203968, 0
524465, 360547, 0
506723, 164940, 0
447863, 138443, 0
157190, 82800.9, 0
467502, 299723, 0
259483, 171649, 0
303082, 68667.2, 0
543312, 247936, 0
190413, 53900.7, 0
318836, 214514, 0
394584, 248639, 0
324310, 80946.8, 0
421169, 38323, 0
179796, 50701.4, 0
255201, 35243.1, 0
421043, 131669, 0
212012, 45941.7, 0
216027, 106114, 0
435777, 32944, 0
95913.5, 50117.4, 0
351770, 218604, 0
545765, 166476, 0
475489, 286523, 0
595928, 353263, 0
182293, 100416, 0
417442, 56808.1, 0
248464, 56768.4, 0
388295, 82319.5, 0
249069, 129458, 0
120339, 84182.7, 0
401052, 269013, 0
302292, 196136, 0
303821, 187780, 0
166070, 109642, 0
477668, 234142, 0
144376, 88844.5, 0
132471, 25942.1, 0
318834, 155351, 0
230548, 93664.2, 0
293499, 89017.7, 0
356596, 195565, 0
174266, 75522.6, 0
275073, 151450, 0
422252, 150880, 0
627321, 268696, 0
325105, 112708, 0
269073, 184143, 0
335500, 177097, 0
227957, 71764.2, 0
258830, 174672, 0
319070, 65614.4, 0
153919, 70702.9, 0
187412, 119483, 0
330106, 205847, 0
255789, 148164, 0
356004, 123367, 0
163874, 109069, 0
269899, 194088, 0
317288, 222840, 0
525786, 273039, 0
357397, 224450, 0
341324, 232071, 0
228286, 159559, 0
193288, 38059, 0
162326, 79798.8, 0
705490, 308829, 0
396270, 258057, 0
406984, 272753, 0
498718, 38880.7, 0
295746, 148716, 0
441395, 201952, 0
315276, 98733.2, 0
451658, 292121, 0
416549, 297635, 0
450721, 169255, 0
398395, 104756, 0
107212, 28535.3, 0
426406, 260562, 0
56247.2, 36142, 0
247070, 128514, 0
390141, 23500.3, 0
224770, 76261.6, 0
330909, 14847.9, 0
366869, 164673, 0
352791, 241566, 0
361392, 159924, 0
129726, 25307.8, 0
343083, 129993, 0
412212, 281587, 0
694714, 128665, 0
374871, 146946, 0
323597, 208752, 0
462142, 91645.2, 0
153043, 14015.8, 0
528870, 122087, 0
407677, 232985, 0
435914, 59335.9, 0
74865.4, 51764.5, 0
258594, 74005.6, 0
558199, 139733, 0
389236, 208549, 0
250934, 108626, 0
329078, 209189, 0
477183, 187970, 0
211392, 151659, 0
247517, 116099, 0
301375, 71981.5, 0
373000, 220341, 0
493183, 91092.4, 0
220799, 107699, 0
459935, 46689.5, 0
452763, 105437, 0
474878, 307211, 0
382572, 166036, 0
154832, 74280.7, 0
773498, 236727, 0
378899, 198079, 0
413654, 288107, 0
233238, 149482, 0
425570, 150716, 0
303605, 122592, 0
396384, 239333, 0
176909, 106603, 0
193612, 114100, 0
277332, 97936.7, 0
500006, 271263, 0
366574, 189044, 0
375345, 207395, 0
270206, 61125.6, 0
381285, 223792, 0
468807, 181941, 0
64260.3, 23693, 0
354385, 161776, 0
182112, 122260, 0
317114, 196838, 0
345726, 69898.7, 0
282721, 150539, 0
504279, 126514, 0
322173, 179697, 0
229958, 94373.6, 0
1.03121e+06, 632067, 0
172886, 66748.2, 0
447367, 166747, 0
425115, 149023, 0
180809, 123017, 0
460150, 117430, 0
342184, 85038.6, 0
412683, 220722, 0
352005, 130344, 0
447485, 300945, 0
328527, 147659, 0
518862, 318602, 0
505656, 278937, 0
366845, 134910, 0
573473, 213841, 0
393892, 240843, 0
403153, 150687, 0
687116, 461282, 0
248815, 151583, 0
442690, 145806, 0
479458, 307969, 0
65624.3, 4854.17, 0
516873, 113290, 0
292828, 177092, 0
213738, 112979, 0
449293, 20923.1, 0
475735, 98847.2, 0
324758, 217069, 0
62639.5, 37344.2, 0
493695, 295358, 0
263428, 161402, 0
468489, 11264.3, 0
206023, 75243.2, 0
230439, 143135, 0
338615, 74073.2, 0
355703, 96150.7, 0
135447, 85650.1, 0
137067, 96430.3, 0
127182, 83853.1, 0
196506, 134590, 0
414282, 135258, 0
423049, 66461.5, 0
553851, 88256.9, 0
208972, 107903, 0
336428, 161206, 0
510580, 315445, 0
490978, 209611, 0
376710, 87497.4, 0
368990, 221996, 0
545202, 153342, 0
308353, 99111.9, 0
341488, 84341.4, 0
282972, 121116, 0
432760, 187457, 0
259446, 40760.6, 0
616163, 350522, 0
194245, 39145.6, 0
505105, 236282, 0
761894, 257487, 0
283554, 197510, 0
358075, 231695, 0
219591, 148440, 0
226803, 71064.2, 0
443928, 298908, 0
154106, 99045.5, 0
131834, 93165.1, 0
362221, 160768, 0
386400, 185434, 0
365607, 97957.9, 0
227829, 51337.1, 0
527082, 140203, 0
484858, 309143, 0
352522, 213285, 0
394473, 190772, 0
336628, 198614, 0
236837, 43050.9, 0
231249, 57288.6, 0
185155, 120152, 0
220287, 18855.4, 0
100970, 62962.3, 0
566659, 213659, 0
359190, 163398, 0
402263, 245223, 0
280067, 143463, 0
583304, 276696, 0
537256, 101150, 0
177932, 106300, 0
378812, 95767.1, 0
316004, 157344, 0
302920, 156263, 0
536762, 272102, 0
521766, 104479, 0
380129, 78893, 0
385138, 247447, 0
278218, 137535, 0
384386, 196723, 0
378646, 207422, 0
364324, 183779, 0
505001, 339082, 0
237593, 64240.9, 0
220029, 70002.8, 0
269610, 66541, 0
143228, 89441.1, 0
480614, 316993, 0
291203, 111112, 0
666428, 323080, 0
212918, 120327, 0
408667, 176579, 0
292841, 145893, 0
238612, 147565, 0
437061, 149834, 0
293277, 116654, 0
445742, 202418, 0
280957, 189589, 0
441196, 309838, 0
222466, 147767, 0
213207, 80171.5, 0
408575, 221297, 0
589780, 254453, 0
347149, 187679, 0
627884, 300525, 0
814999, 489037, 0
84786.1, 60270.4, 0
390892, 137319, 0
251464, 163793, 0
354815, 220265, 0
227052, 107314, 0
564577, 233282, 0
406706, 108293, 0
303631, 85767.1, 0
234131, 118627, 0
462736, 92039.9, 0
216430, 24771.7, 0
451550, 13225, 0
303035, 100813, 0
157874, 46590.3, 0
236435, 117541, 0
189044, 112117, 0
514883, 55384.3, 0
163007, 57369.2, 0
590338, 248727, 0
117653, 23108, 0
167060, 82561.6, 0
240306, 63564.9, 0
283440, 44511.2, 0
270879, 91877.9, 0
413650, 52009.9, 0
537625, 257364, 0
636882, 128054, 0
270887, 23421.7, 0
313021, 114780, 0
293411, 196982, 0
433459, 275273, 0
260673, 56706.5, 0
680749, 417191, 0
219100, 156909, 0
701192, 171171, 0
418282, 114251, 0
253409, 176608, 0
500290, 108374, 0
576534, 357298, 0
495932, 104262, 0
209097, 35957.8, 0
252228, 72060.6, 0
195682, 12804.2, 0
166731, 93443.1, 0
717818, 144901, 0
777292, 322060, 0
223250, 98996.1, 0
529509, 304619, 0
507705, 208920, 0
425576, 55639.9, 0
152460, 9672.25, 0
176797, 106948, 0
623361, 212657, 0
172110, 90096.2, 0
588343, 373942, 0
461111, 216899, 0
372415, 168589, 0
387114, 191485, 0
172621, 95110.2, 0
216940, 155313, 0
421735, 90951.3, 0
244411, 147088, 0
262859, 50804, 0
458956, 310683, 0
281726, 157952, 0
273638, 161150, 0
352216, 183683, 0
237352, 79090.5, 0
289738, 179498, 0
247473, 163782, 0
220302, 111195, 0
268349, 178856, 0
327130, 39494.8, 0
71390.6, 34331.2, 0
279978, 154102, 0
139350, 76787, 0
306742, 100759, 0
433435, 823007, 0
247585, 149843, 0
383527, 178741, 0
328047, 25877.5, 0
311935, 131664, 0
488142, 336898, 0
264246, 151574, 0
304923, 167535, 0
396353, 276274, 0
527995, 296043, 0
178672, 126720, 0
765069, 193302, 0
489348, 215201, 0
542765, 188887, 0
313847, 195469, 0
257682, 150639, 0
348768, 250926, 0
239576, 140225, 0
289938, 141873, 0
506381, 285204, 0
442747, 109820, 0
277199, 116111, 0
369766, 206107, 0
302792, 164872, 0
264917, 123111, 0
360433, 139849, 0
411007, 271214, 0
318843, 221874, 0
375391, 109671, 0
218784, 21579.7, 0
294047, 150044, 0
636848, 279698, 0
575780, 223808, 0
340724, 185850, 0
371657, 204033, 0
259131, 82635.2, 0
444494, 104679, 0
255882, 41320.7, 0
391480, 172153, 0
616289, 100809, 0
417908, 247767, 0
249182, 150772, 0
256625, 127829, 0
261214, 136390, 0
228947, 73918.3, 0
214535, 87514.3, 0
502412, 327469, 0
486462, 200652, 0
289633, 116919, 0
381207, 186858, 0
423867, 13312.8, 0
496311, 304187, 0
130007, 39373, 0
859682, 237239, 0
353668, 239076, 0
116149, 78519.7, 0
530604, 136373, 0
418131, 77705.1, 0
64091.4, 25306.9, 0
123690, 71798.7, 0
336190, 93990.9, 0
162116, 17279.1, 0
438807, 288945, 0
342082, 33984.7, 0
532233, 197183, 0
217519, 26253.1, 0
536320, 100067, 0
465790, 308739, 0
318710, 34272.6, 0
348203, 239970, 0
407298, 278912, 0
644039, 294648, 0
411246, 227955, 0
546769, 352050, 0
397723, 194722, 0
368228, 174372, 0
470249, 301532, 0
390137, 134653, 0
364546, 244406, 0
616378, 236709, 0
194286, 68239.7, 0
309752, 43035.9, 0
466717, 173552, 0
238997, 156456, 0
158478, 106421, 0
353183, 247296, 0
365753, 111072, 0
245485, 164373, 0
83831, 21703.2, 0
278139, 197424, 0
366463, 247777, 0
233445, 83561.3, 0
371071, 264059, 0
628777, 31845.9, 0
380701, 87711.8, 0
358220, 92143.2, 0
489712, 249336, 0
365067, 235099, 0
454083, 244298, 0
447930, 259347, 0
415184, 163202, 0
588961, 357582, 0
331555, 236216, 0
364585, 261949, 0
473972, 245264, 0
504478, 229401, 0
399221, 146893, 0
59015.4, 16774.3, 0
437219, 252640, 0
222555, 53769.6, 0
517039, 269397, 0
245539, 106956, 0
273035, 173106, 0
548524, 128745, 0
306411, 180765, 0
317163, 45062.2, 0
80320.7, 45762.6, 0
293995, 162629, 0
415799, 45175.3, 0
317508, 103489, 0
391059, 53478.2, 0
379715, 96274.5, 0
234513, 143655, 0
512516, 338974, 0
248620, 121711, 0
240012, 168270, 0
500265, 196163, 0
491635, 132804, 0
356898, 158356, 0
152606, 97354.1, 0
348369, 156857, 0
88789.1, 61645.2, 0
105638, 67573, 0
389911, 126797, 0
320508, 191102, 0
320802, 200955, 0
171189, 75089.7, 0
791324, 348361, 0
434550, 202250, 0
126372, 48133.7, 0
400311, 154166, 0
199435, 81227, 0
576173, 411761, 0
374481, 138070, 0
100234, 17612.1, 0
149707, 26198.5, 0
511530, 310046, 0
230969, 91603.6, 0
291153, 192977, 0
227717, 92616.7, 0
395824, 100384, 0
350531, 99418.6, 0
227199, 137223, 0
442881, 93579.7, 0
294991, 201151, 0
266469, 99237.9, 0
229026, 136592, 0
158258, 56028.1, 0
296067, 119046, 0
377053, 227830, 0
204006, 91254.6, 0
168713, 80807.6, 0
495995, 308554, 0
299307, 204537, 0
348554, 112386, 0
437689, 73544, 0
306142, 196511, 0
268118, 170558, 0
444353, 87982.1, 0
747731, 404553, 0
371405, 189626, 0
393876, 114161, 0
172916, 81290.2, 0
206470, 102589, 0
133820, 55967.3, 0
282356, 136024, 0
555025, 383834, 0
86960.5, 58904, 0
56051.9, 34370, 0
396566, 223020, 0
105330, 38226.2, 0
125676, 58439.7, 0
66655.9, 36184.5, 0
364221, 179999, 0
383787, 154127, 0
569713, 353398, 0
456816, 53010.6, 0
320170, 79447, 0
110479, 55875.7, 0
394403, 268656, 0
424216, 178219, 0
327232, 228304, 0
149376, 105733, 0
333228, 156675, 0
157077, 87216, 0
261146, 96997.5, 0
333496, 209510, 0
192802, 51343.1, 0
356837, 180963, 0
203618, 72825.1, 0
313468, 80397.1, 0
669089, 259040, 0
468381, 321958, 0
83504.1, 39919.3, 0
312662, 161305, 0
346649, 221068, 0
171158, 44107.9, 0
390538, 87057.8, 0
224654, 156178, 0
239698, 134044, 0
389178, 131932, 0
269163, 137175, 0
370624, 95714.3, 0
326244, 171722, 0
472166, 183614, 0
265012, 178001, 0
