6.72072e+06, 3.45978e+06, 0
9.03265e+06, 3.39789e+06, 0
9.35264e+06, 3.24632e+06, 0
8.48287e+06, 1.09756e+06, 0
1.0118e+07, 6.54868e+06, 0
9.36431e+06, 3.49201e+06, 0
6.42413e+06, 1.07568e+06, 0
1.13398e+07, 2.99682e+06, 0
8.48346e+06, 3.99655e+06, 0
9.55715e+06, 7.69136e+06, 0
9.24729e+06, 5.35102e+06, 0
7.28661e+06, 4.44493e+06, 0
7.72801e+06, 3.68321e+06, 0
7.34535e+06, 4.27053e+06, 0
8.72539e+06, 3.94815e+06, 0
9.22467e+06, 1.46619e+06, 0
7.29249e+06, 3.80441e+06, 0
1.01434e+07, 4.22239e+06, 0
8.92055e+06, 4.105e+06, 0
6.57785e+06, 1.17785e+06, 0
8.43721e+06, 5.48835e+06, 0
7.31435e+06, 4.48896e+06, 0
6.54803e+06, 2.52e+06, 0
6.50519e+06, 952712, 0
1.09543e+07, 3.07094e+06, 0
1.01401e+07, 3.10052e+06, 0
8.69309e+06, 6.65851e+06, 0
8.19645e+06, 4.99001e+06, 0
7.64496e+06, 2.84655e+06, 0
9.54537e+06, 853103, 0
8.01304e+06, 3.70255e+06, 0
9.5465e+06, 3.16928e+06, 0
9.5594e+06, 3.35158e+06, 0
1.08144e+07, 8.27614e+06, 0
7.36629e+06, 4.91364e+06, 0
8.35359e+06, 1.28592e+06, 0
6.53988e+06, 811125, 0
1.06862e+07, 5.90062e+06, 0
9.62325e+06, 7.61862e+06, 0
7.14149e+06, 4.33709e+06, 0
1.01413e+07, 7.76591e+06, 0
6.32606e+06, 2.3315e+06, 0
7.57865e+06, 3.33534e+06, 0
7.57417e+06, 2.74352e+06, 0
8.54061e+06, 1.04537e+06, 0
7.4454e+06, 4.85173e+06, 0
9.58197e+06, 3.70899e+06, 0
7.69882e+06, 3.54226e+06, 0
9.87458e+06, 4.08076e+06, 0
6.32514e+06, 2.6815e+06, 0
8.41075e+06, 6.1135e+06, 0
7.53932e+06, 1.8559e+06, 0
9.84708e+06, 3.62551e+06, 0
6.42677e+06, 3.14424e+06, 0
9.90353e+06, 7.33931e+06, 0
1.60339e+07, 6.21431e+06, 0
1.02244e+07, 4.5203e+06, 0
7.43829e+06, 2.43234e+06, 0
6.22179e+06, 2.22801e+06, 0
9.81744e+06, 4.68701e+06, 0
8.88015e+06, 3.53978e+06, 0
7.08498e+06, 1.36904e+06, 0
6.85378e+06, 1.54639e+06, 0
1.06116e+07, 6.21102e+06, 0
8.46389e+06, 2.07248e+06, 0
7.61955e+06, 4.89259e+06, 0
8.36044e+06, 5.21224e+06, 0
1.00385e+07, 5.48211e+06, 0
8.21073e+06, 3.15712e+06, 0
8.54078e+06, 6.06296e+06, 0
8.61125e+06, 6.20803e+06, 0
7.44426e+06, 2.56288e+06, 0
9.15909e+06, 1.71091e+06, 0
1.05491e+07, 3.8556e+06, 0
1.12377e+07, 5.55252e+06, 0
9.47111e+06, 6.58078e+06, 0
1.05618e+07, 5.79107e+06, 0
8.47937e+06, 3.76171e+06, 0
9.89106e+06, 6.08918e+06, 0
9.18912e+06, 5.34828e+06, 0
7.70492e+06, 5.20983e+06, 0
9.31935e+06, 7.21098e+06, 0
7.1473e+06, 1.35776e+06, 0
7.24451e+06, 1.20228e+06, 0
8.08848e+06, 4.88722e+06, 0
7.80136e+06, 3.44823e+06, 0
7.83355e+06, 4.49833e+06, 0
8.8245e+06, 5.66349e+06, 0
9.00402e+06, 3.31608e+06, 0
7.4736e+06, 2.54575e+06, 0
7.97061e+06, 2.31128e+06, 0
6.38407e+06, 655351, 0
6.16166e+06, 2.42489e+06, 0
8.74852e+06, 5.3474e+06, 0
7.85649e+06, 5.33506e+06, 0
9.62423e+06, 4.04644e+06, 0
6.71686e+06, 3.58879e+06, 0
8.90212e+06, 1.57059e+06, 0
7.63541e+06, 1.31144e+06, 0
7.15385e+06, 3.25224e+06, 0
6.8967e+06, 3.25539e+06, 0
7.10522e+06, 3.9924e+06, 0
9.51468e+06, 6.76535e+06, 0
6.79884e+06, 1.81926e+06, 0
7.31483e+06, 1.95652e+06, 0
1.10321e+07, 2.43446e+06, 0
1.04248e+07, 2.17225e+06, 0
8.24453e+06, 1.59854e+06, 0
7.31376e+06, 2.78112e+06, 0
7.90505e+06, 5.65708e+06, 0
9.16719e+06, 4.86127e+06, 0
1.30733e+07, 2.96576e+06, 0
7.8732e+06, 4.02138e+06, 0
1.00569e+07, 2.921e+06, 0
6.90318e+06, 3.75436e+06, 0
8.38832e+06, 5.57176e+06, 0
9.17495e+06, 6.21475e+06, 0
7.39983e+06, 894355, 0
8.78284e+06, 6.2106e+06, 0
8.66625e+06, 3.54738e+06, 0
7.36772e+06, 3.52004e+06, 0
8.13251e+06, 4.30057e+06, 0
8.59181e+06, 3.66152e+06, 0
7.04348e+06, 3.04247e+06, 0
6.90893e+06, 1.42648e+06, 0
1.09975e+07, 5.66762e+06, 0
7.15921e+06, 1.97598e+06, 0
1.16807e+07, 3.16125e+06, 0
8.65625e+06, 156959, 0
8.62547e+06, 2.19665e+06, 0
8.42908e+06, 1.98487e+06, 0
9.78406e+06, 3.39712e+06, 0
7.8101e+06, 4.12609e+06, 0
8.58007e+06, 6.27246e+06, 0
5.80267e+06, 1.19798e+06, 0
1.07489e+07, 6.09512e+06, 0
7.61262e+06, 4.14393e+06, 0
6.81382e+06, 3.2867e+06, 0
1.07086e+07, 1.53136e+06, 0
7.0572e+06, 3.24737e+06, 0
9.89795e+06, 6.25457e+06, 0
7.07775e+06, 3.55418e+06, 0
6.29396e+06, 2.13653e+06, 0
7.57079e+06, 947921, 0
9.07184e+06, 5.44396e+06, 0
9.92487e+06, 3.34351e+06, 0
6.42709e+06, 2.87851e+06, 0
8.64661e+06, 4.61872e+06, 0
9.59588e+06, 2.71885e+06, 0
7.53026e+06, 1.79587e+06, 0
8.51437e+06, 4.06905e+06, 0
6.51468e+06, 1.77588e+06, 0
9.59464e+06, 6.64187e+06, 0
8.0046e+06, 4.24004e+06, 0
9.15768e+06, 2.20616e+06, 0
9.48682e+06, 3.49114e+06, 0
7.713e+06, 4.80789e+06, 0
6.5228e+06, 650810, 0
8.39176e+06, 4.48045e+06, 0
1.14921e+07, 2.69101e+06, 0
9.18482e+06, 7.03983e+06, 0
5.84357e+06, 1.52614e+06, 0
6.57504e+06, 2.34143e+06, 0
7.2399e+06, 2.85782e+06, 0
6.13063e+06, 2.58091e+06, 0
1.01747e+07, 7.44864e+06, 0
9.49903e+06, 6.23586e+06, 0
6.85894e+06, 861527, 0
8.19836e+06, 3.67798e+06, 0
9.37837e+06, 3.93022e+06, 0
6.72228e+06, 3.85325e+06, 0
7.1493e+06, 1.15313e+06, 0
1.15965e+07, 3.71214e+06, 0
7.52953e+06, 1.93594e+06, 0
6.41652e+06, 3.30143e+06, 0
9.39663e+06, 2.90464e+06, 0
9.46862e+06, 7.73809e+06, 0
7.81867e+06, 3.31605e+06, 0
9.07106e+06, 5.32294e+06, 0
1.01771e+07, 3.30766e+06, 0
6.28756e+06, 1.40095e+06, 0
7.73338e+06, 2.33215e+06, 0
9.15619e+06, 6.17132e+06, 0
7.9692e+06, 3.14174e+06, 0
7.23549e+06, 4.14959e+06, 0
9.43215e+06, 5.43638e+06, 0
8.50244e+06, 4.43852e+06, 0
7.13472e+06, 3.08134e+06, 0
1.18597e+07, 3.0275e+06, 0
8.82608e+06, 587765, 0
1.02364e+07, 3.89382e+06, 0
9.26661e+06, 7.43447e+06, 0
7.50072e+06, 2.73078e+06, 0
1.01775e+07, 3.64781e+06, 0
1.08339e+07, 3.02585e+06, 0
9.91497e+06, 4.57659e+06, 0
8.78402e+06, 3.46768e+06, 0
6.87126e+06, 2.16783e+06, 0
7.33047e+06, 4.79897e+06, 0
8.05401e+06, 2.8996e+06, 0
8.32254e+06, 6.28699e+06, 0
7.91912e+06, 2.31455e+06, 0
9.42255e+06, 5.56259e+06, 0
9.26245e+06, 3.05352e+06, 0
8.98133e+06, 643314, 0
8.72025e+06, 3.7966e+06, 0
8.69793e+06, 2.54473e+06, 0
7.39472e+06, 4.85355e+06, 0
6.58584e+06, 1.26945e+06, 0
7.0277e+06, 3.27051e+06, 0
6.01064e+06, 2.06454e+06, 0
1.17598e+07, 5.05189e+06, 0
8.55017e+06, 2.08366e+06, 0
1.06036e+07, 6.32641e+06, 0
7.55648e+06, 5.17501e+06, 0
7.83585e+06, 2.40508e+06, 0
6.32152e+06, 973695, 0
9.14742e+06, 5.91118e+06, 0
1.17019e+07, 2.09255e+06, 0
6.7658e+06, 1.67056e+06, 0
9.4063e+06, 5.46252e+06, 0
7.37117e+06, 1.33778e+06, 0
6.68785e+06, 2.43616e+06, 0
1.00549e+07, 3.06539e+06, 0
6.56249e+06, 2.53247e+06, 0
8.55955e+06, 4.42115e+06, 0
7.70063e+06, 4.51787e+06, 0
1.13964e+07, 669935, 0
6.82396e+06, 2.8172e+06, 0
1.0916e+07, 3.12494e+06, 0
1.23479e+07, 8.70788e+06, 0
6.567e+06, 2.89706e+06, 0
8.32674e+06, 2.8794e+06, 0
1.07579e+07, 2.36338e+06, 0
6.72208e+06, 2.08375e+06, 0
1.04015e+07, 1.64349e+06, 0
8.90173e+06, 6.30648e+06, 0
8.37861e+06, 3.87468e+06, 0
6.7549e+06, 3.75718e+06, 0
1.04487e+07, 5.9938e+06, 0
6.91312e+06, 3.55343e+06, 0
7.39871e+06, 2.03586e+06, 0
6.84304e+06, 3.14662e+06, 0
1.00775e+07, 1.57194e+06, 0
6.03713e+06, 1.84208e+06, 0
1.18232e+07, 5.28447e+06, 0
9.48831e+06, 3.20879e+06, 0
9.38233e+06, 2.57844e+06, 0
1.00015e+07, 5.41029e+06, 0
1.02338e+07, 8.57595e+06, 0
6.77988e+06, 573498, 0
1.41274e+07, 5.41302e+06, 0
9.15061e+06, 5.80649e+06, 0
1.0255e+07, 645467, 0
7.11445e+06, 2.43538e+06, 0
7.60722e+06, 2.29728e+06, 0
1.03221e+07, 4.97577e+06, 0
6.38311e+06, 1.96739e+06, 0
6.2866e+06, 1.1333e+06, 0
5.58542e+06, 492621, 0
8.21053e+06, 672852, 0
8.85168e+06, 3.90202e+06, 0
6.18037e+06, 1.83141e+06, 0
8.63236e+06, 5.74289e+06, 0
7.18912e+06, 3.50361e+06, 0
8.32815e+06, 2.30706e+06, 0
6.15177e+06, 2.79454e+06, 0
7.70019e+06, 5.3748e+06, 0
1.21095e+07, 5.77144e+06, 0
9.56304e+06, 5.07896e+06, 0
1.193e+07, 8.52126e+06, 0
8.50226e+06, 2.34003e+06, 0
8.40781e+06, 2.88125e+06, 0
1.3255e+07, 1.26639e+06, 0
7.29445e+06, 3.37349e+06, 0
6.05056e+06, 990068, 0
6.82755e+06, 3.34254e+06, 0
1.20572e+07, 3.24371e+06, 0
8.10458e+06, 2.15986e+06, 0
7.62173e+06, 3.60618e+06, 0
1.37413e+07, 5.81165e+06, 0
8.73396e+06, 2.19678e+06, 0
9.61324e+06, 3.75927e+06, 0
1.17361e+07, 923509, 0
1.08699e+07, 5.06133e+06, 0
7.64999e+06, 2.87671e+06, 0
7.97405e+06, 2.17436e+06, 0
8.03578e+06, 5.66579e+06, 0
8.58925e+06, 3.46768e+06, 0
8.05945e+06, 4.80854e+06, 0
9.66145e+06, 3.26639e+06, 0
7.06391e+06, 3.32656e+06, 0
5.70683e+06, 660940, 0
6.86956e+06, 3.71412e+06, 0
8.34421e+06, 3.2681e+06, 0
7.61408e+06, 2.62524e+06, 0
7.55555e+06, 5.06481e+06, 0
7.49776e+06, 1.62939e+06, 0
1.06298e+07, 2.83878e+06, 0
1.0333e+07, 3.34749e+06, 0
6.60261e+06, 2.48578e+06, 0
8.64012e+06, 2.82637e+06, 0
7.99761e+06, 2.81063e+06, 0
8.85572e+06, 1.5226e+06, 0
6.13278e+06, 2.51991e+06, 0
6.89191e+06, 2.66273e+06, 0
9.76942e+06, 4.53786e+06, 0
7.79934e+06, 5.05031e+06, 0
7.744e+06, 1.87221e+06, 0
9.37882e+06, 6.61762e+06, 0
7.41828e+06, 3.7996e+06, 0
7.94291e+06, 2.34874e+06, 0
1.37119e+07, 4.46604e+06, 0
9.05403e+06, 6.18073e+06, 0
8.23374e+06, 1.47829e+06, 0
7.10281e+06, 3.1538e+06, 0
8.66589e+06, 2.56706e+06, 0
9.69013e+06, 2.8051e+06, 0
8.90389e+06, 6.42305e+06, 0
1.10139e+07, 1.27764e+06, 0
8.52747e+06, 4.3826e+06, 0
7.61438e+06, 3.7007e+06, 0
1.53496e+07, 9.61559e+06, 0
9.15184e+06, 3.7064e+06, 0
7.96874e+06, 4.36284e+06, 0
1.16627e+07, 4.96358e+06, 0
9.31601e+06, 3.97188e+06, 0
8.99084e+06, 7.00758e+06, 0
8.73836e+06, 991523, 0
6.96215e+06, 1.47788e+06, 0
9.1024e+06, 2.40998e+06, 0
9.45647e+06, 5.21704e+06, 0
9.6821e+06, 6.12952e+06, 0
6.40762e+06, 1.01912e+06, 0
1.07181e+07, 4.82361e+06, 0
5.63583e+06, 1.21911e+06, 0
6.37537e+06, 3.20892e+06, 0
6.32831e+06, 2.30794e+06, 0
6.56434e+06, 2.14264e+06, 0
6.49045e+06, 3.18121e+06, 0
7.75352e+06, 5.2172e+06, 0
6.46924e+06, 1.02316e+06, 0
6.93246e+06, 1.65747e+06, 0
9.46429e+06, 7.4128e+06, 0
1.0546e+07, 4.65918e+06, 0
1.04599e+07, 3.00869e+06, 0
6.45141e+06, 3.13224e+06, 0
8.25334e+06, 4.04008e+06, 0
7.26466e+06, 2.53873e+06, 0
7.2415e+06, 2.8773e+06, 0
9.24748e+06, 5.14342e+06, 0
6.63942e+06, 1.25773e+06, 0
7.96702e+06, 1.64161e+06, 0
1.15274e+07, 597158, 0
8.46727e+06, 5.99729e+06, 0
9.75993e+06, 3.66034e+06, 0
7.92338e+06, 2.77493e+06, 0
6.8788e+06, 2.44683e+06, 0
1.01926e+07, 3.06081e+06, 0
9.14376e+06, 2.11977e+06, 0
5.82011e+06, 1.44924e+06, 0
6.88449e+06, 769832, 0
5.90189e+06, 580885, 0
7.33211e+06, 2.11298e+06, 0
6.34796e+06, 2.39736e+06, 0
6.26532e+06, 1.46637e+06, 0
7.70482e+06, 4.99997e+06, 0
5.79724e+06, 1.63971e+06, 0
7.73586e+06, 3.06278e+06, 0
7.43391e+06, 3.70143e+06, 0
6.86321e+06, 3.53517e+06, 0
6.51275e+06, 2.50896e+06, 0
9.00847e+06, 5.35394e+06, 0
7.18924e+06, 3.33807e+06, 0
9.01343e+06, 4.86528e+06, 0
6.62507e+06, 2.06717e+06, 0
8.13107e+06, 3.84516e+06, 0
6.43506e+06, 1.33241e+06, 0
7.44446e+06, 1.48637e+06, 0
6.14334e+06, 2.32038e+06, 0
6.55235e+06, 2.30344e+06, 0
9.48333e+06, 7.6283e+06, 0
6.62473e+06, 2.73379e+06, 0
6.69433e+06, 3.76641e+06, 0
9.05689e+06, 6.19811e+06, 0
9.6558e+06, 4.4742e+06, 0
9.6537e+06, 3.78431e+06, 0
8.31949e+06, 3.66142e+06, 0
7.29588e+06, 4.82312e+06, 0
7.6754e+06, 5.34673e+06, 0
8.75409e+06, 3.51838e+06, 0
6.26983e+06, 2.71126e+06, 0
7.70182e+06, 3.93621e+06, 0
8.28341e+06, 1.91356e+06, 0
9.50123e+06, 5.33784e+06, 0
8.24231e+06, 4.04622e+06, 0
9.43904e+06, 3.91393e+06, 0
1.20611e+07, 3.19382e+06, 0
5.86043e+06, 1.92585e+06, 0
1.16166e+07, 5.22384e+06, 0
7.26635e+06, 3.65151e+06, 0
6.67482e+06, 3.75028e+06, 0
7.07636e+06, 1.65619e+06, 0
8.54681e+06, 1.65648e+06, 0
7.56587e+06, 2.27242e+06, 0
9.62621e+06, 3.54992e+06, 0
7.71933e+06, 1.59609e+06, 0
8.90394e+06, 4.30897e+06, 0
7.84718e+06, 3.56676e+06, 0
6.76749e+06, 3.03484e+06, 0
8.30362e+06, 3.17698e+06, 0
6.69119e+06, 3.16318e+06, 0
1.15868e+07, 3.2465e+06, 0
6.5673e+06, 2.13645e+06, 0
1.10825e+07, 2.47917e+06, 0
1.09671e+07, 1.41798e+06, 0
6.76334e+06, 1.99303e+06, 0
8.54386e+06, 431853, 0
1.24778e+07, 1.02105e+07, 0
7.09654e+06, 3.764e+06, 0
6.54769e+06, 1.10293e+06, 0
6.48175e+06, 2.77354e+06, 0
1.45681e+07, 4.07365e+06, 0
5.85034e+06, 1.36569e+06, 0
6.5095e+06, 2.73211e+06, 0
1.01596e+07, 3.8424e+06, 0
8.20613e+06, 3.18792e+06, 0
6.43622e+06, 939823, 0
8.63244e+06, 4.64926e+06, 0
7.09249e+06, 4.2662e+06, 0
8.84377e+06, 3.80518e+06, 0
7.51726e+06, 1.60057e+06, 0
8.48278e+06, 4.01975e+06, 0
7.52011e+06, 3.10513e+06, 0
7.41674e+06, 3.7542e+06, 0
6.69587e+06, 741937, 0
9.90773e+06, 2.86649e+06, 0
6.17893e+06, 2.6248e+06, 0
6.95539e+06, 3.26449e+06, 0
1.06682e+07, 5.3236e+06, 0
6.02582e+06, 1.70059e+06, 0
8.64291e+06, 3.61669e+06, 0
6.98697e+06, 3.93459e+06, 0
1.04171e+07, 3.11163e+06, 0
6.62728e+06, 1.21929e+06, 0
9.42324e+06, 1.28224e+06, 0
7.17726e+06, 2.52171e+06, 0
6.96922e+06, 3.6266e+06, 0
9.10138e+06, 3.04932e+06, 0
8.70334e+06, 4.43174e+06, 0
7.07561e+06, 1.96254e+06, 0
8.58154e+06, 6.32224e+06, 0
1.06495e+07, 1.54915e+06, 0
7.31186e+06, 2.4957e+06, 0
8.24462e+06, 3.80586e+06, 0
8.04038e+06, 1.85771e+06, 0
6.33091e+06, 2.43466e+06, 0
8.99195e+06, 4.38835e+06, 0
8.00776e+06, 2.5921e+06, 0
6.0059e+06, 2.21776e+06, 0
1.07903e+07, 7.0367e+06, 0
8.38386e+06, 6.02162e+06, 0
1.31755e+07, 4.6232e+06, 0
7.3931e+06, 1.13223e+06, 0
1.21065e+07, 9.09402e+06, 0
1.0618e+07, 2.38796e+06, 0
7.45103e+06, 2.54088e+06, 0
1.04325e+07, 1.02486e+06, 0
9.23903e+06, 4.13626e+06, 0
9.03562e+06, 4.17054e+06, 0
8.83078e+06, 4.44987e+06, 0
7.78877e+06, 5.3653e+06, 0
8.03988e+06, 4.64184e+06, 0
6.4162e+06, 2.20682e+06, 0
7.82188e+06, 1.53633e+06, 0
7.77091e+06, 4.23675e+06, 0
7.65883e+06, 404314, 0
7.44166e+06, 3.23077e+06, 0
1.47301e+07, 9.4565e+06, 0
6.85781e+06, 233476, 0
1.0404e+07, 7.92716e+06, 0
6.67176e+06, 1.44588e+06, 0
1.04151e+07, 7.85878e+06, 0
7.13737e+06, 1.67926e+06, 0
6.48527e+06, 1.66519e+06, 0
9.42281e+06, 7.32674e+06, 0
8.17195e+06, 5.92843e+06, 0
9.21783e+06, 2.86459e+06, 0
6.84846e+06, 2.94498e+06, 0
7.78431e+06, 1.97945e+06, 0
8.52958e+06, 627272, 0
6.53129e+06, 2.59886e+06, 0
8.28129e+06, 4.70122e+06, 0
8.46186e+06, 4.48866e+06, 0
7.29965e+06, 3.21643e+06, 0
9.90991e+06, 4.42453e+06, 0
7.8486e+06, 3.333e+06, 0
7.84238e+06, 4.95935e+06, 0
8.71326e+06, 1.56607e+06, 0
7.92529e+06, 3.35351e+06, 0
7.92626e+06, 5.61414e+06, 0
7.21767e+06, 4.33658e+06, 0
1.12979e+07, 2.34428e+06, 0
7.41735e+06, 4.30597e+06, 0
8.72055e+06, 4.45362e+06, 0
7.60055e+06, 3.66255e+06, 0
6.68144e+06, 2.84928e+06, 0
7.95124e+06, 3.85027e+06, 0
6.12105e+06, 1.69588e+06, 0
7.22065e+06, 579296, 0
1.02247e+07, 5.78561e+06, 0
1.09729e+07, 2.87074e+06, 0
7.54494e+06, 1.61746e+06, 0
6.83082e+06, 3.63473e+06, 0
6.83416e+06, 2.78145e+06, 0
9.86233e+06, 4.41335e+06, 0
1.20026e+07, 4.76622e+06, 0
7.52656e+06, 2.5959e+06, 0
9.44828e+06, 2.7515e+06, 0
8.3224e+06, 5.59405e+06, 0
6.93307e+06, 3.1814e+06, 0
9.67024e+06, 737142, 0
1.20425e+07, 4.62409e+06, 0
1.36619e+07, 2.15065e+06, 0
7.36029e+06, 1.5255e+06, 0
7.51864e+06, 2.43062e+06, 0
5.85126e+06, 114807, 0
6.97614e+06, 497743, 0
6.14419e+06, 2.46032e+06, 0
8.66544e+06, 4.77126e+06, 0
6.35566e+06, 3.06109e+06, 0
8.2341e+06, 2.83528e+06, 0
1.16799e+07, 6.60716e+06, 0
7.7424e+06, 4.74136e+06, 0
8.79179e+06, 2.22785e+06, 0
6.47082e+06, 2.1703e+06, 0
8.87831e+06, 5.46723e+06, 0
6.76503e+06, 269209, 0
8.91897e+06, 4.54156e+06, 0
5.94386e+06, 560229, 0
7.72091e+06, 2.89288e+06, 0
9.43233e+06, 1.27574e+06, 0
6.03031e+06, 1.94482e+06, 0
1.40253e+07, 9.25412e+06, 0
6.5016e+06, 2.4807e+06, 0
1.21152e+07, 7.43291e+06, 0
1.11487e+07, 5.40226e+06, 0
7.45096e+06, 2.70759e+06, 0
6.38388e+06, 2.10467e+06, 0
6.94733e+06, 2.38244e+06, 0
7.18541e+06, 2.66778e+06, 0
7.01677e+06, 3.6853e+06, 0
9.68987e+06, 1.10777e+06, 0
7.18468e+06, 984477, 0
1.07122e+07, 6.51639e+06, 0
9.02995e+06, 4.19553e+06, 0
1.00219e+07, 2.95172e+06, 0
7.92666e+06, 2.86792e+06, 0
9.15174e+06, 4.52449e+06, 0
1.10864e+07, 145998, 0
9.25668e+06, 6.30628e+06, 0
1.03586e+07, 4.82514e+06, 0
1.0142e+07, 5.16939e+06, 0
8.67314e+06, 1.93986e+06, 0
9.66942e+06, 6.34191e+06, 0
6.48393e+06, 510223, 0
9.96962e+06, 5.96941e+06, 0
7.03716e+06, 2.68722e+06, 0
7.86534e+06, 3.62957e+06, 0
1.20533e+07, 5.95454e+06, 0
8.50935e+06, 5.69275e+06, 0
1.26715e+07, 4.24158e+06, 0
1.01823e+07, 959996, 0
8.68892e+06, 2.29431e+06, 0
6.73019e+06, 3.47285e+06, 0
8.12958e+06, 1.3201e+06, 0
6.48024e+06, 1.4605e+06, 0
9.14418e+06, 5.8828e+06, 0
5.82894e+06, 1.46707e+06, 0
9.13501e+06, 3.43285e+06, 0
1.03889e+07, 4.5573e+06, 0
7.66533e+06, 4.39218e+06, 0
5.82555e+06, 711497, 0
7.91658e+06, 2.02154e+06, 0
8.52841e+06, 2.00327e+06, 0
7.30999e+06, 1.81568e+06, 0
9.78739e+06, 3.72126e+06, 0
8.75413e+06, 3.87475e+06, 0
6.58982e+06, 2.4337e+06, 0
7.12356e+06, 1.40649e+06, 0
7.70305e+06, 3.06286e+06, 0
8.92201e+06, 1.15209e+06, 0
8.4393e+06, 6.28696e+06, 0
7.79909e+06, 3.78734e+06, 0
1.2232e+07, 3.29652e+06, 0
6.36509e+06, 1.41847e+06, 0
9.78287e+06, 4.64078e+06, 0
7.80163e+06, 4.45122e+06, 0
6.95107e+06, 4.14823e+06, 0
7.46067e+06, 1.32568e+06, 0
8.42205e+06, 5.76428e+06, 0
8.60427e+06, 2.912e+06, 0
8.86593e+06, 1.98203e+06, 0
8.45513e+06, 4.19448e+06, 0
1.01312e+07, 6.76094e+06, 0
8.62979e+06, 5.69902e+06, 0
8.416e+06, 6.32077e+06, 0
8.98581e+06, 4.43328e+06, 0
9.83143e+06, 2.89531e+06, 0
1.01933e+07, 5.18526e+06, 0
8.58205e+06, 5.0078e+06, 0
9.49739e+06, 6.55522e+06, 0
9.68872e+06, 6.57057e+06, 0
1.11282e+07, 1.7374e+06, 0
6.94583e+06, 4.01116e+06, 0
7.96426e+06, 4.74203e+06, 0
5.94294e+06, 2.15978e+06, 0
7.46647e+06, 1.42855e+06, 0
8.1482e+06, 4.44641e+06, 0
7.38655e+06, 4.11973e+06, 0
7.56353e+06, 4.73402e+06, 0
6.95824e+06, 1.74264e+06, 0
7.98906e+06, 445033, 0
7.15525e+06, 2.28498e+06, 0
7.05694e+06, 1.86053e+06, 0
1.00015e+07, 6.65124e+06, 0
7.15936e+06, 2.77099e+06, 0
8.66274e+06, 1.42683e+06, 0
7.62777e+06, 1.98673e+06, 0
8.90664e+06, 4.91081e+06, 0
7.61474e+06, 2.34838e+06, 0
6.82106e+06, 2.68503e+06, 0
7.66922e+06, 897888, 0
8.48416e+06, 4.1076e+06, 0
1.11793e+07, 4.47585e+06, 0
1.03904e+07, 6.73929e+06, 0
1.06379e+07, 6.3447e+06, 0
6.11037e+06, 2.26297e+06, 0
6.78009e+06, 1.9404e+06, 0
1.25358e+07, 3.63161e+06, 0
6.78461e+06, 3.33053e+06, 0
8.1338e+06, 1.80804e+06, 0
6.42768e+06, 2.05436e+06, 0
7.65263e+06, 2.87713e+06, 0
8.65363e+06, 1.56338e+06, 0
6.6022e+06, 1.42841e+06, 0
9.9159e+06, 8.21324e+06, 0
9.86645e+06, 4.16439e+06, 0
1.62202e+07, 933669, 0
6.90439e+06, 1.67155e+06, 0
8.89868e+06, 3.53987e+06, 0
9.21474e+06, 5.33113e+06, 0
1.08812e+07, 3.6977e+06, 0
6.03182e+06, 1.04904e+06, 0
9.46191e+06, 3.18543e+06, 0
6.48915e+06, 1.91974e+06, 0
8.56691e+06, 4.07151e+06, 0
7.56172e+06, 5.10518e+06, 0
7.41016e+06, 1.51411e+06, 0
1.08019e+07, 7.60436e+06, 0
7.2183e+06, 1.0096e+06, 0
6.20968e+06, 2.90598e+06, 0
8.82791e+06, 4.75028e+06, 0
1.1321e+07, 9.88425e+06, 0
7.66635e+06, 2.61633e+06, 0
6.52487e+06, 1.39512e+06, 0
7.54287e+06, 3.06827e+06, 0
9.37527e+06, 4.54257e+06, 0
6.59185e+06, 3.0166e+06, 0
8.97288e+06, 3.88689e+06, 0
1.03277e+07, 3.49116e+06, 0
8.03525e+06, 4.55637e+06, 0
8.99865e+06, 2.45428e+06, 0
6.46606e+06, 1.37684e+06, 0
7.73434e+06, 1.78129e+06, 0
6.2211e+06, 1.21272e+06, 0
6.76126e+06, 2.71147e+06, 0
7.38241e+06, 2.66184e+06, 0
6.98449e+06, 1.8182e+06, 0
8.55787e+06, 1.2038e+06, 0
8.43084e+06, 1.98814e+06, 0
7.38471e+06, 1.42112e+06, 0
8.01968e+06, 3.07867e+06, 0
6.73815e+06, 1.22547e+06, 0
1.42119e+07, 3.52369e+06, 0
7.26693e+06, 4.21381e+06, 0
7.14151e+06, 3.59992e+06, 0
1.03612e+07, 4.78738e+06, 0
1.36391e+07, 1.08352e+07, 0
1.0421e+07, 4.20599e+06, 0
1.13478e+07, 6.34548e+06, 0
7.19476e+06, 2.02055e+06, 0
7.59154e+06, 4.32891e+06, 0
1.27773e+07, 9.32859e+06, 0
7.93362e+06, 1.28957e+06, 0
1.00021e+07, 3.3495e+06, 0
6.21743e+06, 1.7621e+06, 0
7.42509e+06, 3.38542e+06, 0
7.96718e+06, 5.51219e+06, 0
7.88565e+06, 1.64625e+06, 0
7.69094e+06, 5.36019e+06, 0
5.76013e+06, 1.02088e+06, 0
1.11875e+07, 5.67273e+06, 0
8.7968e+06, 4.41712e+06, 0
8.9542e+06, 6.26182e+06, 0
6.50481e+06, 1.58303e+06, 0
8.2322e+06, 3.6703e+06, 0
1.01486e+07, 4.41984e+06, 0
6.30179e+06, 2.65419e+06, 0
8.98074e+06, 6.98262e+06, 0
8.88149e+06, 4.41027e+06, 0
7.51874e+06, 3.74642e+06, 0
9.64827e+06, 4.84099e+06, 0
1.09121e+07, 3.89413e+06, 0
6.75173e+06, 1.94442e+06, 0
7.33234e+06, 1.81188e+06, 0
6.54991e+06, 1.92803e+06, 0
9.8554e+06, 699996, 0
7.86367e+06, 3.70052e+06, 0
9.95032e+06, 2.66799e+06, 0
7.96574e+06, 3.59105e+06, 0
7.14407e+06, 2.34547e+06, 0
7.1453e+06, 2.45553e+06, 0
6.57075e+06, 1.15375e+06, 0
8.48649e+06, 4.56178e+06, 0
9.37253e+06, 6.70301e+06, 0
1.09913e+07, 3.60135e+06, 0
8.54819e+06, 3.17724e+06, 0
1.22585e+07, 7.27736e+06, 0
7.50501e+06, 1.53907e+06, 0
7.45362e+06, 3.74782e+06, 0
7.00449e+06, 4.04199e+06, 0
8.11738e+06, 3.99398e+06, 0
6.965e+06, 3.11517e+06, 0
8.76224e+06, 773305, 0
8.33124e+06, 3.65659e+06, 0
8.29786e+06, 2.04768e+06, 0
9.793e+06, 2.36767e+06, 0
8.11504e+06, 3.25175e+06, 0
6.4654e+06, 2.90913e+06, 0
7.84362e+06, 3.27823e+06, 0
9.90077e+06, 2.80201e+06, 0
9.87102e+06, 2.71798e+06, 0
1.0095e+07, 1.75998e+06, 0
6.54791e+06, 3.36025e+06, 0
7.14468e+06, 4.09602e+06, 0
9.24456e+06, 4.7579e+06, 0
5.7725e+06, 1.7009e+06, 0
7.6722e+06, 2.41944e+06, 0
9.9986e+06, 6.11622e+06, 0
9.77251e+06, 3.22464e+06, 0
8.64671e+06, 6.65067e+06, 0
8.67678e+06, 5.60339e+06, 0
7.21727e+06, 3.0064e+06, 0
8.0895e+06, 3.10645e+06, 0
6.51534e+06, 462735, 0
6.58204e+06, 2.37127e+06, 0
9.37781e+06, 4.61996e+06, 0
7.22483e+06, 2.01541e+06, 0
7.27179e+06, 1.75662e+06, 0
7.56241e+06, 3.47813e+06, 0
9.3822e+06, 7.59438e+06, 0
6.4264e+06, 2.47573e+06, 0
9.37589e+06, 2.64779e+06, 0
6.23519e+06, 1.80439e+06, 0
6.27856e+06, 758090, 0
8.89522e+06, 3.48609e+06, 0
6.68909e+06, 2.28471e+06, 0
8.10745e+06, 1.54992e+06, 0
1.16183e+07, 9.03585e+06, 0
8.48949e+06, 2.29793e+06, 0
7.70392e+06, 3.14696e+06, 0
1.14367e+07, 3.60774e+06, 0
8.02173e+06, 1.71991e+06, 0
7.0651e+06, 2.13986e+06, 0
9.37369e+06, 1.9562e+06, 0
8.39289e+06, 3.06278e+06, 0
8.65205e+06, 910448, 0
1.37534e+07, 3.79504e+06, 0
1.14572e+07, 8.66918e+06, 0
1.20378e+07, 5.11661e+06, 0
1.06757e+07, 6.30358e+06, 0
6.08983e+06, 1.25614e+06, 0
9.83502e+06, 4.88121e+06, 0
7.64083e+06, 660498, 0
6.05822e+06, 849899, 0
6.52897e+06, 2.5401e+06, 0
1.2034e+07, 5.34819e+06, 0
5.76021e+06, 522800, 0
6.11581e+06, 2.11086e+06, 0
8.64893e+06, 4.24612e+06, 0
6.72922e+06, 3.74772e+06, 0
7.3256e+06, 3.19743e+06, 0
7.52149e+06, 4.53405e+06, 0
6.57458e+06, 442119, 0
8.42056e+06, 1.80408e+06, 0
1.05756e+07, 4.86334e+06, 0
7.62988e+06, 4.3438e+06, 0
8.04565e+06, 3.73439e+06, 0
6.13172e+06, 840786, 0
8.11373e+06, 4.08778e+06, 0
7.11573e+06, 1.26859e+06, 0
7.9145e+06, 2.64676e+06, 0
9.03921e+06, 2.11009e+06, 0
8.27676e+06, 3.37378e+06, 0
8.36234e+06, 4.69851e+06, 0
7.49698e+06, 1.72532e+06, 0
8.97896e+06, 3.566e+06, 0
5.98925e+06, 1.46721e+06, 0
6.28725e+06, 2.29797e+06, 0
1.00664e+07, 4.59765e+06, 0
6.7585e+06, 3.66466e+06, 0
8.50187e+06, 1.94094e+06, 0
9.41999e+06, 6.54049e+06, 0
7.9703e+06, 1.43711e+06, 0
1.20107e+07, 1.55889e+06, 0
6.31032e+06, 2.90754e+06, 0
6.89251e+06, 3.30132e+06, 0
7.32903e+06, 4.01083e+06, 0
6.66804e+06, 3.79859e+06, 0
7.80984e+06, 5.53814e+06, 0
9.23203e+06, 6.57709e+06, 0
6.9068e+06, 3.8318e+06, 0
6.54279e+06, 1.71181e+06, 0
9.85272e+06, 6.01146e+06, 0
8.03765e+06, 1.15031e+06, 0
1.0274e+07, 7.33601e+06, 0
6.652e+06, 2.81764e+06, 0
9.20188e+06, 5.54648e+06, 0
6.12205e+06, 694939, 0
7.09514e+06, 924465, 0
6.73245e+06, 3.35372e+06, 0
5.8648e+06, 1.9524e+06, 0
9.23071e+06, 844466, 0
6.71579e+06, 2.12968e+06, 0
7.96291e+06, 1.75952e+06, 0
6.8802e+06, 2.72211e+06, 0
1.18088e+07, 4.29955e+06, 0
8.27865e+06, 4.98098e+06, 0
6.58633e+06, 1.13162e+06, 0
8.82141e+06, 4.23607e+06, 0
7.52549e+06, 4.17789e+06, 0
6.40207e+06, 1.12829e+06, 0
1.09803e+07, 2.99044e+06, 0
7.06992e+06, 3.89113e+06, 0
8.67323e+06, 5.60509e+06, 0
6.89846e+06, 1.36516e+06, 0
1.04387e+07, 7.47138e+06, 0
9.99916e+06, 2.49197e+06, 0
1.52163e+07, 1.90723e+06, 0
8.41099e+06, 2.68332e+06, 0
1.1356e+07, 6.56443e+06, 0
1.06984e+07, 5.38493e+06, 0
7.83372e+06, 3.72888e+06, 0
6.33852e+06, 744648, 0
1.26389e+07, 6.7068e+06, 0
6.41869e+06, 1.23758e+06, 0
6.12562e+06, 2.30669e+06, 0
6.54013e+06, 3.48809e+06, 0
9.74872e+06, 5.46183e+06, 0
6.19602e+06, 1.396e+06, 0
1.06233e+07, 3.59508e+06, 0
1.20326e+07, 4.5364e+06, 0
5.91027e+06, 1.55533e+06, 0
9.53881e+06, 4.07543e+06, 0
9.23765e+06, 4.47216e+06, 0
7.6333e+06, 317028, 0
1.12537e+07, 1.66547e+06, 0
8.517e+06, 3.65636e+06, 0
7.26588e+06, 2.26541e+06, 0
9.50906e+06, 6.48194e+06, 0
7.26885e+06, 1.94334e+06, 0
6.81296e+06, 3.43537e+06, 0
7.93786e+06, 3.60122e+06, 0
8.37416e+06, 3.55345e+06, 0
6.6549e+06, 2.64208e+06, 0
1.14403e+07, 3.97638e+06, 0
1.24059e+07, 203457, 0
9.01522e+06, 6.88709e+06, 0
9.26553e+06, 5.85238e+06, 0
9.75954e+06, 5.66926e+06, 0
9.12266e+06, 6.09624e+06, 0
6.92709e+06, 2.17748e+06, 0
7.25301e+06, 3.66161e+06, 0
9.83565e+06, 8.03008e+06, 0
6.16471e+06, 2.12172e+06, 0
7.56539e+06, 1.96534e+06, 0
6.81055e+06, 2.13444e+06, 0
8.73093e+06, 2.26826e+06, 0
7.56777e+06, 2.62669e+06, 0
9.42453e+06, 3.57286e+06, 0
1.00691e+07, 5.61081e+06, 0
1.00828e+07, 2.35381e+06, 0
1.31161e+07, 1.14932e+07, 0
1.14437e+07, 7.99174e+06, 0
9.22001e+06, 6.6822e+06, 0
7.5719e+06, 808489, 0
7.46792e+06, 3.30795e+06, 0
5.65324e+06, 1.09429e+06, 0
8.40581e+06, 5.54721e+06, 0
8.51373e+06, 2.63222e+06, 0
6.95235e+06, 2.23512e+06, 0
6.95457e+06, 1.32927e+06, 0
1.6081e+07, 8.79584e+06, 0
8.76656e+06, 757155, 0
9.14182e+06, 4.21058e+06, 0
6.26521e+06, 1.9037e+06, 0
1.2082e+07, 4.75682e+06, 0
8.27847e+06, 3.26381e+06, 0
8.62818e+06, 2.0444e+06, 0
1.05438e+07, 5.4563e+06, 0
8.30602e+06, 2.63343e+06, 0
9.57818e+06, 5.65813e+06, 0
9.05352e+06, 6.63199e+06, 0
1.01955e+07, 5.34495e+06, 0
7.71208e+06, 4.79367e+06, 0
1.1305e+07, 1.16332e+06, 0
1.22755e+07, 6.03509e+06, 0
7.44948e+06, 855707, 0
9.45031e+06, 4.5861e+06, 0
8.32952e+06, 2.51655e+06, 0
9.55556e+06, 4.60896e+06, 0
1.09183e+07, 5.03968e+06, 0
7.79114e+06, 2.45274e+06, 0
7.98797e+06, 1.20668e+06, 0
7.63145e+06, 4.76876e+06, 0
5.89325e+06, 2.0873e+06, 0
1.11133e+07, 5.7043e+06, 0
1.10099e+07, 7.80387e+06, 0
7.01278e+06, 2.81001e+06, 0
8.81191e+06, 4.83198e+06, 0
8.80672e+06, 6.31971e+06, 0
7.72486e+06, 3.4016e+06, 0
7.55994e+06, 3.46922e+06, 0
1.01437e+07, 7.28354e+06, 0
6.30258e+06, 1.05794e+06, 0
8.02536e+06, 1.03456e+06, 0
1.13948e+07, 4.90078e+06, 0
7.67909e+06, 4.10735e+06, 0
8.82013e+06, 950984, 0
7.86913e+06, 5.04161e+06, 0
8.47224e+06, 3.79954e+06, 0
1.10458e+07, 1.2519e+06, 0
1.20698e+07, 1.01265e+07, 0
6.76537e+06, 2.18766e+06, 0
7.07985e+06, 4.20065e+06, 0
6.20715e+06, 1.38321e+06, 0
7.40514e+06, 2.98976e+06, 0
1.14571e+07, 2.50836e+06, 0
6.37055e+06, 660994, 0
8.08652e+06, 5.87152e+06, 0
1.05332e+07, 2.93313e+06, 0
1.34059e+07, 6.14324e+06, 0
9.25836e+06, 3.06082e+06, 0
7.49605e+06, 2.08939e+06, 0
8.7391e+06, 4.64218e+06, 0
8.30503e+06, 2.82501e+06, 0
6.31135e+06, 1.03497e+06, 0
7.73472e+06, 4.344e+06, 0
6.67465e+06, 1.67912e+06, 0
1.11649e+07, 5.42583e+06, 0
7.14842e+06, 1.00225e+06, 0
5.59434e+06, 562158, 0
9.3057e+06, 6.75886e+06, 0
8.12011e+06, 2.54125e+06, 0
1.08396e+07, 7.09974e+06, 0
6.39695e+06, 3.07785e+06, 0
6.10961e+06, 2.25173e+06, 0
1.08203e+07, 2.74958e+06, 0
9.54698e+06, 4.89833e+06, 0
7.29757e+06, 2.79812e+06, 0
6.81044e+06, 3.90065e+06, 0
6.31352e+06, 1.79938e+06, 0
8.24091e+06, 558865, 0
7.09609e+06, 3.24467e+06, 0
8.67609e+06, 3.9443e+06, 0
7.88162e+06, 1.93548e+06, 0
1.03028e+07, 1.8251e+06, 0
7.37888e+06, 2.45997e+06, 0
8.78655e+06, 3.33887e+06, 0
1.06941e+07, 5.57831e+06, 0
8.68419e+06, 3.19418e+06, 0
7.88629e+06, 3.37096e+06, 0
6.67708e+06, 2.26679e+06, 0
1.06517e+07, 4.59876e+06, 0
8.48705e+06, 5.24231e+06, 0
8.59915e+06, 2.80992e+06, 0
6.82045e+06, 3.80871e+06, 0
6.34871e+06, 1.61542e+06, 0
9.98841e+06, 4.8434e+06, 0
1.22948e+07, 8.96606e+06, 0
8.10044e+06, 5.19128e+06, 0
6.64195e+06, 1.41683e+06, 0
1.14111e+07, 4.23053e+06, 0
8.96756e+06, 4.75278e+06, 0
8.70046e+06, 6.55929e+06, 0
9.35968e+06, 6.16678e+06, 0
1.01428e+07, 7.82139e+06, 0
7.34878e+06, 4.23906e+06, 0
1.3092e+07, 5.11923e+06, 0
1.30522e+07, 1.55205e+06, 0
1.10797e+07, 7.58359e+06, 0
7.21693e+06, 4.31153e+06, 0
1.01104e+07, 6.08984e+06, 0
8.14326e+06, 2.71869e+06, 0
1.13048e+07, 5.86377e+06, 0
8.67377e+06, 1.38599e+06, 0
6.73414e+06, 1.02339e+06, 0
9.32804e+06, 4.88931e+06, 0
6.80228e+06, 1.85298e+06, 0
6.99242e+06, 1.64229e+06, 0
7.7623e+06, 3.17573e+06, 0
8.4859e+06, 2.75129e+06, 0
8.45906e+06, 3.78783e+06, 0
6.59681e+06, 2.23776e+06, 0
7.08961e+06, 3.1713e+06, 0
1.41196e+07, 9.19868e+06, 0
1.34988e+07, 6.1816e+06, 0
7.38953e+06, 4.58199e+06, 0
5.82738e+06, 1.52724e+06, 0
8.78514e+06, 6.89986e+06, 0
1.02549e+07, 5.26522e+06, 0
9.64724e+06, 7.02372e+06, 0
9.21315e+06, 4.85109e+06, 0
8.39035e+06, 5.09991e+06, 0
9.24451e+06, 1.85655e+06, 0
9.98663e+06, 1.99389e+06, 0
8.49079e+06, 3.45492e+06, 0
8.10612e+06, 5.14063e+06, 0
6.02875e+06, 985779, 0
8.62577e+06, 2.15271e+06, 0
8.74755e+06, 2.58974e+06, 0
1.11285e+07, 2.73692e+06, 0
1.16597e+07, 961524, 0
8.60964e+06, 2.55338e+06, 0
1.11119e+07, 7.69321e+06, 0
8.17917e+06, 2.13699e+06, 0
7.86501e+06, 5.12456e+06, 0
8.49666e+06, 3.00032e+06, 0
8.55016e+06, 4.86335e+06, 0
9.19547e+06, 851881, 0
8.70111e+06, 2.69111e+06, 0
1.4446e+07, 2.50316e+06, 0
9.28173e+06, 4.70003e+06, 0
7.85168e+06, 2.30164e+06, 0
8.94538e+06, 4.60085e+06, 0
6.58204e+06, 2.67578e+06, 0
9.60758e+06, 2.68864e+06, 0
7.78819e+06, 470303, 0
1.07968e+07, 5.80192e+06, 0
1.00622e+07, 449513, 0
6.90686e+06, 3.36404e+06, 0
6.39376e+06, 1.18324e+06, 0
9.99127e+06, 3.22874e+06, 0
8.3584e+06, 5.0888e+06, 0
7.46012e+06, 5.04532e+06, 0
1.07905e+07, 4.82241e+06, 0
1.05752e+07, 3.36389e+06, 0
8.42412e+06, 2.16825e+06, 0
7.14591e+06, 2.27365e+06, 0
6.41386e+06, 967312, 0
6.9299e+06, 2.52172e+06, 0
7.13906e+06, 3.25887e+06, 0
1.27043e+07, 1.43059e+06, 0
5.88472e+06, 1.58072e+06, 0
8.89356e+06, 6.78254e+06, 0
8.85968e+06, 2.88178e+06, 0
7.15198e+06, 1.209e+06, 0
6.1975e+06, 2.64921e+06, 0
7.2458e+06, 2.06394e+06, 0
8.4044e+06, 1.20947e+06, 0
6.27666e+06, 1.93404e+06, 0
7.7492e+06, 4.75366e+06, 0
7.7599e+06, 4.95044e+06, 0
6.29193e+06, 1.26159e+06, 0
8.0015e+06, 3.7777e+06, 0
9.49595e+06, 2.93097e+06, 0
7.1033e+06, 1.44419e+06, 0
8.71761e+06, 5.55534e+06, 0
9.781e+06, 4.78697e+06, 0
9.18926e+06, 3.37604e+06, 0
6.97751e+06, 3.76738e+06, 0
1.01089e+07, 6.33864e+06, 0
1.0563e+07, 7.65307e+06, 0
9.44768e+06, 6.98513e+06, 0
7.466e+06, 4.75295e+06, 0
6.02779e+06, 1.55761e+06, 0
7.88311e+06, 5.36077e+06, 0
6.66456e+06, 3.26466e+06, 0
8.43803e+06, 5.80646e+06, 0
7.2928e+06, 4.07995e+06, 0
8.39488e+06, 829319, 0
8.08836e+06, 5.75174e+06, 0
1.31539e+07, 1.07063e+07, 0
9.16933e+06, 7.33407e+06, 0
6.47233e+06, 1.03692e+06, 0
9.07753e+06, 1.82987e+06, 0
9.65853e+06, 6.4016e+06, 0
9.68968e+06, 2.013e+06, 0
9.09463e+06, 1.85981e+06, 0
8.95187e+06, 6.93736e+06, 0
8.15286e+06, 3.75162e+06, 0
7.56295e+06, 1.23522e+06, 0
7.18579e+06, 3.34428e+06, 0
9.08857e+06, 2.85697e+06, 0
6.71088e+06, 2.18348e+06, 0
7.02903e+06, 3.43036e+06, 0
1.32977e+07, 5.66251e+06, 0
7.06192e+06, 3.87489e+06, 0
8.58826e+06, 3.43814e+06, 0
6.70377e+06, 3.6255e+06, 0
7.98519e+06, 1.65555e+06, 0
6.73821e+06, 1.82903e+06, 0
8.14295e+06, 3.04095e+06, 0
6.93208e+06, 2.79239e+06, 0
9.12615e+06, 4.78984e+06, 0
7.88752e+06, 4.38252e+06, 0
6.95295e+06, 2.77346e+06, 0
8.27691e+06, 1.69357e+06, 0
1.00842e+07, 7.73539e+06, 0
9.38403e+06, 3.20781e+06, 0
7.91716e+06, 1.63405e+06, 0
9.80459e+06, 5.10196e+06, 0
7.53112e+06, 4.01442e+06, 0
6.57498e+06, 3.58107e+06, 0
8.96329e+06, 3.24711e+06, 0
9.35827e+06, 7.11185e+06, 0
7.08375e+06, 502187, 0
8.45942e+06, 6.12177e+06, 0
1.36762e+07, 5.11872e+06, 0
7.90602e+06, 4.93383e+06, 0
6.4778e+06, 940521, 0
6.49782e+06, 2.32309e+06, 0
6.91538e+06, 1.16154e+06, 0
9.86375e+06, 7.01445e+06, 0
1.02714e+07, 5.33224e+06, 0
8.59566e+06, 5.21016e+06, 0
9.7051e+06, 6.22252e+06, 0
5.81872e+06, 747711, 0
6.57749e+06, 2.95902e+06, 0
1.07255e+07, 4.52071e+06, 0
7.75093e+06, 4.51824e+06, 0
8.49239e+06, 3.92443e+06, 0
7.30238e+06, 897347, 0
8.35945e+06, 2.8449e+06, 0
1.04625e+07, 2.15041e+06, 0
8.96431e+06, 1.94763e+06, 0
9.20122e+06, 4.7559e+06, 0
8.41112e+06, 6.06057e+06, 0
5.89264e+06, 132448, 0
6.40224e+06, 2.99867e+06, 0
5.93975e+06, 1.94446e+06, 0
7.41534e+06, 1.49429e+06, 0
9.16725e+06, 442045, 0
6.29898e+06, 2.45961e+06, 0
7.05192e+06, 1.48357e+06, 0
6.37566e+06, 2.04564e+06, 0
1.03173e+07, 8.57783e+06, 0
1.00797e+07, 7.83252e+06, 0
6.92905e+06, 3.42879e+06, 0
8.09824e+06, 4.30838e+06, 0
7.63137e+06, 2.56243e+06, 0
8.02918e+06, 2.80513e+06, 0
8.36939e+06, 1.76281e+06, 0
7.461e+06, 1.45079e+06, 0
9.48905e+06, 1.81376e+06, 0
8.80908e+06, 5.63051e+06, 0
5.75731e+06, 1.65921e+06, 0
1.03201e+07, 6.04447e+06, 0
6.69666e+06, 1.11929e+06, 0
9.40237e+06, 4.26101e+06, 0
7.25132e+06, 2.28127e+06, 0
6.83207e+06, 3.13862e+06, 0
8.29322e+06, 5.83052e+06, 0
1.15912e+07, 6.06686e+06, 0
7.26285e+06, 4.34375e+06, 0
9.3933e+06, 7.2078e+06, 0
1.28496e+07, 1.15247e+06, 0
8.24528e+06, 2.11901e+06, 0
8.06679e+06, 5.73852e+06, 0
8.16232e+06, 1.64161e+06, 0
1.08389e+07, 6.76108e+06, 0
1.15826e+07, 4.41617e+06, 0
1.04418e+07, 3.81869e+06, 0
6.33082e+06, 1.28805e+06, 0
6.40086e+06, 2.7536e+06, 0
6.5109e+06, 415603, 0
7.66418e+06, 2.68969e+06, 0
7.58233e+06, 3.11389e+06, 0
6.44755e+06, 2.51156e+06, 0
7.3642e+06, 3.88176e+06, 0
1.07427e+07, 3.13987e+06, 0
1.0028e+07, 3.23891e+06, 0
9.66251e+06, 4.59494e+06, 0
7.71435e+06, 1.35314e+06, 0
7.76711e+06, 4.66655e+06, 0
1.00474e+07, 4.63853e+06, 0
7.87146e+06, 1.85953e+06, 0
7.34148e+06, 2.74103e+06, 0
9.10667e+06, 2.03138e+06, 0
7.25659e+06, 3.56797e+06, 0
8.60772e+06, 3.03549e+06, 0
8.72895e+06, 6.83516e+06, 0
8.35026e+06, 723426, 0
1.12579e+07, 5.90573e+06, 0
1.0286e+07, 2.05281e+06, 0
7.21216e+06, 3.86788e+06, 0
7.55449e+06, 3.66849e+06, 0
6.84833e+06, 2.53403e+06, 0
7.49558e+06, 3.13545e+06, 0
6.44513e+06, 1.26637e+06, 0
1.02499e+07, 1.09663e+06, 0
9.21534e+06, 4.97915e+06, 0
1.05817e+07, 7.78121e+06, 0
9.72865e+06, 5.74361e+06, 0
8.29452e+06, 3.49529e+06, 0
9.48875e+06, 7.80876e+06, 0
6.48993e+06, 1.49025e+06, 0
9.52027e+06, 5.14648e+06, 0
7.14737e+06, 1.9683e+06, 0
9.49923e+06, 4.41852e+06, 0
1.03178e+07, 2.85117e+06, 0
9.50324e+06, 533593, 0
7.84293e+06, 4.31907e+06, 0
7.19078e+06, 2.27969e+06, 0
1.1121e+07, 2.05836e+06, 0
6.69041e+06, 2.32052e+06, 0
8.68195e+06, 3.05005e+06, 0
1.28293e+07, 2.60383e+06, 0
6.11747e+06, 983551, 0
9.39266e+06, 7.08593e+06, 0
6.91199e+06, 2.85412e+06, 0
8.96339e+06, 5.48011e+06, 0
7.61866e+06, 3.77987e+06, 0
7.06177e+06, 2.6792e+06, 0
9.99842e+06, 8.33429e+06, 0
7.49276e+06, 3.70071e+06, 0
9.50773e+06, 7.68839e+06, 0
6.02392e+06, 1.44278e+06, 0
6.15159e+06, 2.72422e+06, 0
9.3136e+06, 5.54149e+06, 0
8.59193e+06, 2.95125e+06, 0
8.62182e+06, 4.99784e+06, 0
7.80758e+06, 4.39491e+06, 0
1.58295e+07, 5.55137e+06, 0
9.51829e+06, 7.72751e+06, 0
7.5803e+06, 3.07243e+06, 0
7.10496e+06, 3.32583e+06, 0
7.67279e+06, 4.19057e+06, 0
9.26869e+06, 7.44158e+06, 0
9.32716e+06, 3.24207e+06, 0
6.67479e+06, 1.58789e+06, 0
5.87943e+06, 383330, 0
8.29772e+06, 4.41195e+06, 0
6.3452e+06, 3.04719e+06, 0
1.10146e+07, 5.39643e+06, 0
6.97991e+06, 998649, 0
8.66085e+06, 6.53902e+06, 0
1.42439e+07, 4.77341e+06, 0
8.18149e+06, 5.0581e+06, 0
1.12599e+07, 5.39126e+06, 0
8.95874e+06, 4.47441e+06, 0
7.07741e+06, 4.27719e+06, 0
6.02353e+06, 1.28827e+06, 0
1.03186e+07, 7.41468e+06, 0
7.1767e+06, 4.32626e+06, 0
8.69e+06, 4.70677e+06, 0
6.93023e+06, 3.59678e+06, 0
1.19396e+07, 9.91168e+06, 0
6.41861e+06, 2.51026e+06, 0
7.80825e+06, 953633, 0
8.35515e+06, 2.17355e+06, 0
8.47479e+06, 3.5049e+06, 0
8.11373e+06, 2.09587e+06, 0
1.07382e+07, 1.5722e+06, 0
8.7299e+06, 6.74063e+06, 0
9.7175e+06, 1.73874e+06, 0
5.95037e+06, 1.68695e+06, 0
9.10552e+06, 6.52303e+06, 0
8.41279e+06, 4.23017e+06, 0
7.45768e+06, 3.32912e+06, 0
8.23426e+06, 2.97278e+06, 0
6.60659e+06, 1.22342e+06, 0
6.35873e+06, 2.15063e+06, 0
6.09142e+06, 1.98573e+06, 0
8.42061e+06, 4.64508e+06, 0
7.26894e+06, 1.77381e+06, 0
6.91647e+06, 2.71785e+06, 0
8.36099e+06, 3.05432e+06, 0
8.52284e+06, 2.82113e+06, 0
6.97804e+06, 1.57367e+06, 0
8.46255e+06, 1.18454e+06, 0
6.96708e+06, 3.97144e+06, 0
6.56862e+06, 3.55264e+06, 0
7.26518e+06, 2.77319e+06, 0
9.72192e+06, 5.2151e+06, 0
7.21375e+06, 1.73163e+06, 0
7.86531e+06, 5.52113e+06, 0
8.03397e+06, 2.04741e+06, 0
7.85996e+06, 3.99503e+06, 0
1.02286e+07, 3.94252e+06, 0
8.10878e+06, 5.03084e+06, 0
6.62724e+06, 1.15868e+06, 0
7.61378e+06, 4.35213e+06, 0
1.10309e+07, 7.7315e+06, 0
8.09581e+06, 4.26458e+06, 0
8.46669e+06, 3.18962e+06, 0
7.5477e+06, 4.82406e+06, 0
8.05783e+06, 4.66177e+06, 0
8.14338e+06, 5.07087e+06, 0
8.84024e+06, 4.28392e+06, 0
9.09938e+06, 2.70898e+06, 0
7.06328e+06, 2.16666e+06, 0
1.00863e+07, 4.50543e+06, 0
7.24969e+06, 3.75148e+06, 0
8.02072e+06, 609770, 0
1.43967e+07, 3.89947e+06, 0
6.6859e+06, 2.15938e+06, 0
6.59639e+06, 2.75352e+06, 0
9.74971e+06, 4.47625e+06, 0
6.4499e+06, 3.07686e+06, 0
1.30091e+07, 2.06127e+06, 0
8.72177e+06, 4.96251e+06, 0
7.52147e+06, 2.55868e+06, 0
7.4878e+06, 1.83641e+06, 0
7.3188e+06, 1.32913e+06, 0
5.92638e+06, 1.75224e+06, 0
6.62511e+06, 3.40496e+06, 0
8.69209e+06, 3.14315e+06, 0
1.14784e+07, 1.22062e+06, 0
9.28881e+06, 4.9627e+06, 0
7.90103e+06, 855405, 0
1.11024e+07, 3.71099e+06, 0
6.58245e+06, 1.15579e+06, 0
8.56664e+06, 3.6685e+06, 0
8.63113e+06, 2.14941e+06, 0
8.14754e+06, 4.70102e+06, 0
1.17827e+07, 569878, 0
6.67559e+06, 3.74938e+06, 0
5.86925e+06, 1.13307e+06, 0
1.23237e+07, 3.18084e+06, 0
6.52362e+06, 2.16331e+06, 0
7.93729e+06, 5.7138e+06, 0
6.68514e+06, 1.45768e+06, 0
8.27218e+06, 3.30612e+06, 0
6.32224e+06, 2.43388e+06, 0
7.20442e+06, 4.20552e+06, 0
6.82154e+06, 3.3716e+06, 0
6.04794e+06, 704584, 0
1.07361e+07, 1.19601e+06, 0
6.03277e+06, 2.40512e+06, 0
1.20222e+07, 1.33792e+06, 0
7.29024e+06, 3.89484e+06, 0
9.90993e+06, 4.34573e+06, 0
7.0037e+06, 3.95794e+06, 0
1.00253e+07, 3.66848e+06, 0
6.67233e+06, 3.62957e+06, 0
6.49252e+06, 1.90657e+06, 0
8.12945e+06, 4.73023e+06, 0
9.65962e+06, 1.01908e+06, 0
9.12128e+06, 2.57241e+06, 0
1.00117e+07, 7.58882e+06, 0
9.40647e+06, 2.3788e+06, 0
8.67132e+06, 3.49465e+06, 0
1.29706e+07, 1.89348e+06, 0
6.17387e+06, 1.91571e+06, 0
5.96564e+06, 1.12891e+06, 0
5.74274e+06, 627843, 0
9.15637e+06, 4.69094e+06, 0
6.30495e+06, 2.99451e+06, 0
9.0733e+06, 5.29556e+06, 0
8.5269e+06, 2.35548e+06, 0
6.7973e+06, 3.20802e+06, 0
1.05095e+07, 4.87534e+06, 0
1.05364e+07, 6.38199e+06, 0
7.93586e+06, 3.83719e+06, 0
6.28842e+06, 1.77011e+06, 0
5.67806e+06, 835227, 0
8.73297e+06, 2.64632e+06, 0
7.05871e+06, 2.16836e+06, 0
1.02479e+07, 1.95346e+06, 0
9.76802e+06, 852418, 0
7.16443e+06, 2.66313e+06, 0
8.42962e+06, 4.6526e+06, 0
8.80792e+06, 6.35343e+06, 0
6.47753e+06, 2.54299e+06, 0
7.86291e+06, 2.58856e+06, 0
6.2988e+06, 1.9682e+06, 0
9.53234e+06, 6.05932e+06, 0
8.15789e+06, 3.39261e+06, 0
1.05493e+07, 5.38825e+06, 0
7.02991e+06, 2.4926e+06, 0
6.07012e+06, 2.15159e+06, 0
7.50769e+06, 2.16879e+06, 0
6.314e+06, 2.72773e+06, 0
7.96483e+06, 5.7148e+06, 0
9.07517e+06, 3.61475e+06, 0
7.4397e+06, 2.22253e+06, 0
9.71662e+06, 5.18067e+06, 0
8.32492e+06, 3.71217e+06, 0
7.53334e+06, 2.40587e+06, 0
9.37867e+06, 2.15194e+06, 0
7.68091e+06, 4.11632e+06, 0
7.64977e+06, 2.48602e+06, 0
7.99408e+06, 2.4574e+06, 0
9.36609e+06, 2.71809e+06, 0
7.57121e+06, 2.76453e+06, 0
7.96158e+06, 2.3179e+06, 0
6.34989e+06, 2.26104e+06, 0
9.92623e+06, 5.37025e+06, 0
9.38559e+06, 1.52287e+06, 0
7.84351e+06, 2.88859e+06, 0
8.24059e+06, 535939, 0
6.32107e+06, 3.08762e+06, 0
7.23601e+06, 1.63058e+06, 0
1.2078e+07, 7.39327e+06, 0
7.18077e+06, 4.22458e+06, 0
7.49229e+06, 949669, 0
8.30954e+06, 5.82448e+06, 0
7.75347e+06, 1.3122e+06, 0
1.09115e+07, 8.07412e+06, 0
6.56947e+06, 1.12666e+06, 0
7.79619e+06, 5.12468e+06, 0
8.26217e+06, 4.43147e+06, 0
7.09978e+06, 205423, 0
7.65758e+06, 4.12097e+06, 0
8.25396e+06, 3.40506e+06, 0
7.66647e+06, 4.3353e+06, 0
1.13937e+07, 2.20609e+06, 0
1.0682e+07, 4.69638e+06, 0
7.37759e+06, 3.7914e+06, 0
8.25592e+06, 1.1879e+06, 0
6.29095e+06, 1.67149e+06, 0
7.71764e+06, 5.36614e+06, 0
1.01556e+07, 4.39057e+06, 0
8.75846e+06, 6.31945e+06, 0
8.26499e+06, 1.56496e+06, 0
6.2364e+06, 2.67613e+06, 0
6.68711e+06, 2.5399e+06, 0
6.80247e+06, 2.53515e+06, 0
9.44441e+06, 2.70072e+06, 0
9.54759e+06, 951125, 0
7.88268e+06, 3.83195e+06, 0
8.33597e+06, 5.84283e+06, 0
1.22325e+07, 8.89724e+06, 0
8.72944e+06, 2.82619e+06, 0
1.07715e+07, 1.00901e+06, 0
7.30795e+06, 3.58435e+06, 0
7.38588e+06, 2.42734e+06, 0
8.23831e+06, 2.17351e+06, 0
6.09419e+06, 1.59549e+06, 0
1.48212e+07, 5.22134e+06, 0
7.86743e+06, 2.00452e+06, 0
8.82805e+06, 1.59546e+06, 0
7.35047e+06, 1.37904e+06, 0
9.18991e+06, 3.18201e+06, 0
9.85652e+06, 7.10951e+06, 0
1.16631e+07, 2.58836e+06, 0
9.20998e+06, 4.84921e+06, 0
8.46865e+06, 3.76084e+06, 0
9.20188e+06, 3.44783e+06, 0
1.0618e+07, 8.80655e+06, 0
9.77751e+06, 5.09954e+06, 0
6.58542e+06, 2.48721e+06, 0
8.96885e+06, 5.70639e+06, 0
1.0952e+07, 7.0303e+06, 0
7.22517e+06, 1.90936e+06, 0
9.05862e+06, 2.79749e+06, 0
7.40043e+06, 2.68848e+06, 0
8.27944e+06, 3.1515e+06, 0
8.01921e+06, 2.63843e+06, 0
5.95732e+06, 1.837e+06, 0
1.04872e+07, 3.06309e+06, 0
7.28355e+06, 4.56622e+06, 0
7.87062e+06, 3.97359e+06, 0
8.15566e+06, 4.74152e+06, 0
8.81196e+06, 5.44094e+06, 0
8.28775e+06, 5.53134e+06, 0
1.13238e+07, 1.31683e+06, 0
1.32377e+07, 3.45015e+06, 0
1.04293e+07, 8.73562e+06, 0
8.32804e+06, 2.64821e+06, 0
8.85871e+06, 5.10872e+06, 0
9.29206e+06, 4.6635e+06, 0
6.65915e+06, 1.56939e+06, 0
1.15292e+07, 848738, 0
1.06305e+07, 4.78069e+06, 0
7.80956e+06, 2.56889e+06, 0
8.47353e+06, 2.34826e+06, 0
6.48516e+06, 3.27208e+06, 0
1.07069e+07, 4.78406e+06, 0
8.68547e+06, 5.09996e+06, 0
7.44647e+06, 4.23324e+06, 0
6.6221e+06, 2.9155e+06, 0
7.33259e+06, 4.86664e+06, 0
8.02108e+06, 5.70146e+06, 0
9.37666e+06, 3.96637e+06, 0
7.88358e+06, 2.36689e+06, 0
1.28542e+07, 3.99038e+06, 0
8.2943e+06, 5.29813e+06, 0
9.58763e+06, 3.5725e+06, 0
7.38869e+06, 4.91949e+06, 0
7.28098e+06, 493660, 0
1.12692e+07, 4.28334e+06, 0
9.68003e+06, 2.08521e+06, 0
7.32712e+06, 1.70351e+06, 0
9.87458e+06, 2.45467e+06, 0
7.76552e+06, 3.93198e+06, 0
7.61699e+06, 3.9301e+06, 0
7.90499e+06, 4.46697e+06, 0
9.2408e+06, 4.94943e+06, 0
1.22157e+07, 6.93704e+06, 0
1.09683e+07, 8.88228e+06, 0
1.04417e+07, 4.53813e+06, 0
8.63508e+06, 4.77086e+06, 0
8.19803e+06, 5.55752e+06, 0
8.95135e+06, 2.96158e+06, 0
7.95497e+06, 4.32045e+06, 0
8.19292e+06, 1.82586e+06, 0
7.58849e+06, 3.21349e+06, 0
7.51308e+06, 1.25095e+06, 0
8.23084e+06, 3.01518e+06, 0
7.21913e+06, 4.09658e+06, 0
1.05962e+07, 3.26434e+06, 0
9.64953e+06, 6.97304e+06, 0
6.55607e+06, 3.42826e+06, 0
7.67527e+06, 4.65115e+06, 0
9.87955e+06, 3.75425e+06, 0
9.24818e+06, 3.53814e+06, 0
9.60427e+06, 496079, 0
9.3873e+06, 5.59494e+06, 0
8.09908e+06, 4.52496e+06, 0
8.0146e+06, 5.00154e+06, 0
7.39081e+06, 3.53599e+06, 0
7.21234e+06, 3.2191e+06, 0
7.86436e+06, 1.15647e+06, 0
1.28037e+07, 9.61867e+06, 0
7.97884e+06, 2.11957e+06, 0
7.49627e+06, 3.69697e+06, 0
6.63518e+06, 3.37781e+06, 0
1.19747e+07, 3.48285e+06, 0
6.48134e+06, 1.48525e+06, 0
8.5164e+06, 5.62654e+06, 0
8.49881e+06, 6.16864e+06, 0
1.02197e+07, 4.97682e+06, 0
8.29384e+06, 2.12401e+06, 0
7.29444e+06, 2.61723e+06, 0
7.95798e+06, 3.24831e+06, 0
9.16186e+06, 4.69958e+06, 0
1.3426e+07, 1.62988e+06, 0
8.56348e+06, 1.49923e+06, 0
1.16253e+07, 4.95173e+06, 0
8.90815e+06, 4.63586e+06, 0
6.42383e+06, 2.98474e+06, 0
7.23268e+06, 4.36313e+06, 0
6.06624e+06, 1.51753e+06, 0
5.81902e+06, 402226, 0
8.13663e+06, 4.40134e+06, 0
9.89664e+06, 2.92204e+06, 0
6.40159e+06, 2.77773e+06, 0
7.21363e+06, 2.91105e+06, 0
6.49831e+06, 1.54714e+06, 0
9.71069e+06, 5.62295e+06, 0
7.7189e+06, 1.95211e+06, 0
5.88489e+06, 990899, 0
9.26243e+06, 3.68708e+06, 0
8.89179e+06, 4.44066e+06, 0
6.43495e+06, 1.24664e+06, 0
7.96425e+06, 2.78118e+06, 0
8.51666e+06, 3.87055e+06, 0
1.06931e+07, 4.86935e+06, 0
8.52283e+06, 3.61626e+06, 0
7.548e+06, 978355, 0
7.52917e+06, 4.96003e+06, 0
7.48182e+06, 2.45438e+06, 0
1.00449e+07, 4.66676e+06, 0
6.3176e+06, 1.49403e+06, 0
6.92343e+06, 3.81619e+06, 0
1.01066e+07, 3.07324e+06, 0
8.03101e+06, 1.17779e+06, 0
6.64911e+06, 2.46567e+06, 0
7.13232e+06, 4.48783e+06, 0
6.72228e+06, 1.43225e+06, 0
8.50307e+06, 1.29985e+06, 0
7.25247e+06, 1.65555e+06, 0
5.99229e+06, 631894, 0
6.41096e+06, 1.08635e+06, 0
9.98594e+06, 3.32282e+06, 0
6.66156e+06, 3.2471e+06, 0
8.12558e+06, 3.73353e+06, 0
1.50039e+07, 7.52071e+06, 0
8.72238e+06, 4.65361e+06, 0
9.82649e+06, 2.35639e+06, 0
7.27205e+06, 3.60869e+06, 0
7.03556e+06, 1.64271e+06, 0
6.75054e+06, 855763, 0
1.01991e+07, 4.10815e+06, 0
1.1664e+07, 9.17059e+06, 0
9.86192e+06, 7.19224e+06, 0
1.05265e+07, 6.03178e+06, 0
6.77401e+06, 2.75678e+06, 0
9.19482e+06, 4.94951e+06, 0
6.64394e+06, 3.45767e+06, 0
9.92339e+06, 5.30962e+06, 0
9.72685e+06, 2.22728e+06, 0
7.26565e+06, 4.4647e+06, 0
8.85063e+06, 1.33066e+06, 0
