1.6068e+07, 7.39757e+06, 0
1.85801e+07, 3.56668e+06, 0
2.14423e+07, 5.01083e+06, 0
2.88053e+07, 1.66843e+07, 0
2.55759e+07, 3.73694e+06, 0
1.99183e+07, 5.02754e+06, 0
3.1461e+07, 8.83116e+06, 0
3.6713e+07, 2.4302e+07, 0
2.14043e+07, 1.19511e+07, 0
1.52992e+07, 7.47007e+06, 0
3.17564e+07, 1.07251e+07, 0
2.6179e+07, 1.0668e+07, 0
2.22926e+07, 5.50921e+06, 0
2.13132e+07, 1.24543e+07, 0
2.25714e+07, 1.2693e+07, 0
2.96687e+07, 1.59372e+07, 0
1.51452e+07, 5.39811e+06, 0
1.19756e+07, 5.31743e+06, 0
1.18377e+07, 3.49901e+06, 0
2.50376e+07, 1.55567e+07, 0
2.06418e+07, 6.01175e+06, 0
2.38287e+07, 1.14172e+07, 0
1.82177e+07, 9.32369e+06, 0
1.57043e+07, 1.78161e+06, 0
2.04121e+07, 1.27669e+07, 0
2.33095e+07, 2.68784e+06, 0
2.29673e+07, 4.00799e+06, 0
2.59373e+07, 1.44196e+07, 0
1.2827e+07, 5.51961e+06, 0
1.51523e+07, 4.51972e+06, 0
1.22946e+07, 6.95586e+06, 0
4.00605e+07, 3.95601e+06, 0
2.32375e+07, 1.23534e+07, 0
2.09409e+07, 7.49689e+06, 0
1.57624e+07, 7.25451e+06, 0
2.7508e+07, 5.76431e+06, 0
1.07604e+07, 3.87643e+06, 0
2.79839e+07, 1.84651e+07, 0
4.03817e+07, 1.10432e+07, 0
2.23079e+07, 5.83789e+06, 0
1.86265e+07, 9.46593e+06, 0
1.33365e+07, 7.26996e+06, 0
1.07986e+07, 2.64876e+06, 0
1.50224e+07, 4.13386e+06, 0
2.34315e+07, 1.20678e+07, 0
2.19309e+07, 1.3293e+07, 0
1.60358e+07, 8.05793e+06, 0
2.59142e+07, 1.67875e+07, 0
2.14137e+07, 1.2173e+07, 0
1.75787e+07, 5.71796e+06, 0
3.20807e+07, 8.94485e+06, 0
2.02008e+07, 6.80862e+06, 0
3.66176e+07, 2.24066e+07, 0
1.1729e+07, 4.26937e+06, 0
1.84811e+07, 1.02709e+07, 0
3.47201e+07, 8.9454e+06, 0
2.2512e+07, 1.00273e+07, 0
2.493e+07, 6.7592e+06, 0
2.13488e+07, 3.89785e+06, 0
1.32583e+07, 6.92109e+06, 0
2.48996e+07, 1.07279e+07, 0
1.51663e+07, 8.87509e+06, 0
1.76262e+07, 1.04351e+07, 0
2.86375e+07, 7.31724e+06, 0
2.42841e+07, 1.13543e+07, 0
9.57792e+06, 3.28766e+06, 0
9.62494e+06, 4.00097e+06, 0
9.91316e+06, 3.48333e+06, 0
1.83342e+07, 9.4569e+06, 0
9.12371e+06, 3.23119e+06, 0
1.3585e+07, 6.27506e+06, 0
2.80389e+07, 1.66052e+07, 0
1.08836e+07, 3.85194e+06, 0
2.13645e+07, 9.09154e+06, 0
3.41492e+07, 5.04604e+06, 0
1.59718e+07, 8.83748e+06, 0
8.35256e+06, 1.60908e+06, 0
2.32787e+07, 1.08006e+07, 0
1.44344e+07, 8.29092e+06, 0
2.52753e+07, 1.59549e+07, 0
2.3868e+07, 3.0822e+06, 0
2.89414e+07, 1.90419e+07, 0
1.48894e+07, 6.14445e+06, 0
2.2132e+07, 1.9533e+06, 0
2.43782e+07, 1.28601e+07, 0
2.38855e+07, 9.75154e+06, 0
1.78075e+07, 9.07747e+06, 0
2.28026e+07, 1.13178e+07, 0
1.01076e+07, 4.20052e+06, 0
2.03335e+07, 8.47199e+06, 0
1.73319e+07, 5.53407e+06, 0
1.66999e+07, 3.56513e+06, 0
1.41306e+07, 8.59049e+06, 0
1.69784e+07, 7.53204e+06, 0
2.06007e+07, 1.00831e+07, 0
2.09528e+07, 7.25401e+06, 0
1.5348e+07, 3.36173e+06, 0
2.56609e+07, 9.63915e+06, 0
1.30797e+07, 7.49675e+06, 0
2.34191e+07, 1.38313e+07, 0
2.43262e+07, 4.18961e+06, 0
3.42503e+07, 7.2256e+06, 0
2.64392e+07, 5.22711e+06, 0
1.74229e+07, 3.12652e+06, 0
2.8123e+07, 1.53631e+07, 0
2.82797e+07, 1.00627e+07, 0
2.40511e+07, 1.17802e+07, 0
2.38799e+07, 1.1463e+07, 0
1.12952e+07, 1.32721e+06, 0
1.151e+07, 5.32177e+06, 0
1.77099e+07, 1.05867e+07, 0
1.92422e+07, 1.12274e+07, 0
1.24096e+07, 2.24805e+06, 0
1.38239e+07, 1.8931e+06, 0
4.6372e+07, 1.75201e+07, 0
3.22786e+07, 3.34526e+06, 0
3.61991e+07, 1.90898e+07, 0
1.72451e+07, 6.94266e+06, 0
2.91597e+07, 9.1601e+06, 0
1.91958e+07, 4.83452e+06, 0
1.94364e+07, 8.78658e+06, 0
1.02097e+07, 3.06385e+06, 0
3.17268e+07, 1.17964e+07, 0
3.54232e+07, 2.02161e+07, 0
1.50371e+07, 3.79015e+06, 0
1.14545e+07, 4.35349e+06, 0
2.8106e+07, 2.76988e+06, 0
2.10679e+07, 2.64893e+06, 0
2.91796e+07, 1.56746e+07, 0
2.35503e+07, 1.54528e+07, 0
3.56479e+07, 6.05141e+06, 0
1.61846e+07, 8.68525e+06, 0
2.78024e+07, 1.13092e+07, 0
2.2984e+07, 6.58043e+06, 0
3.07815e+07, 1.77699e+07, 0
1.8682e+07, 9.35001e+06, 0
1.16239e+07, 1.28072e+06, 0
2.06885e+07, 3.87805e+06, 0
2.28769e+07, 1.08726e+07, 0
1.18287e+07, 1.83773e+06, 0
1.8301e+07, 7.83005e+06, 0
2.83222e+07, 1.41513e+07, 0
1.43725e+07, 1.42154e+06, 0
1.18168e+07, 4.3354e+06, 0
1.80781e+07, 3.82488e+06, 0
2.10505e+07, 6.63606e+06, 0
4.01334e+07, 1.85576e+07, 0
3.17769e+07, 9.45739e+06, 0
2.02685e+07, 4.90053e+06, 0
1.55637e+07, 4.19272e+06, 0
1.48352e+07, 1.81814e+06, 0
3.60789e+07, 7.28773e+06, 0
1.46359e+07, 5.5197e+06, 0
2.25141e+07, 3.62158e+06, 0
2.01284e+07, 9.8133e+06, 0
1.33855e+07, 5.42748e+06, 0
2.06263e+07, 9.38358e+06, 0
1.69615e+07, 8.99063e+06, 0
1.57002e+07, 7.8284e+06, 0
2.84793e+07, 1.05648e+07, 0
2.29592e+07, 9.71651e+06, 0
3.0886e+07, 3.41508e+06, 0
1.74595e+07, 1.10653e+07, 0
1.87193e+07, 773171, 0
2.2338e+07, 1.46506e+07, 0
1.17758e+07, 3.90633e+06, 0
2.1113e+07, 8.16882e+06, 0
3.20836e+07, 5.1718e+06, 0
1.75589e+07, 7.59615e+06, 0
3.28892e+07, 1.99095e+07, 0
2.83434e+07, 1.36163e+07, 0
1.34407e+07, 4.473e+06, 0
1.13289e+07, 1.84918e+06, 0
2.35305e+07, 7.19604e+06, 0
2.06656e+07, 8.96029e+06, 0
4.02088e+07, 1.40673e+07, 0
3.02124e+07, 3.66869e+06, 0
2.1342e+07, 9.79225e+06, 0
1.26508e+07, 7.06941e+06, 0
1.69524e+07, 6.85765e+06, 0
1.36757e+07, 8.09374e+06, 0
1.69578e+07, 9.96885e+06, 0
1.90114e+07, 1.15614e+07, 0
1.9595e+07, 3.02465e+06, 0
1.56508e+07, 6.19792e+06, 0
1.72752e+07, 8.73664e+06, 0
2.02725e+07, 1.09796e+07, 0
1.8326e+07, 4.50362e+06, 0
2.05478e+07, 1.01292e+07, 0
1.67158e+07, 5.242e+06, 0
3.22578e+07, 1.51224e+07, 0
1.16963e+07, 5.9943e+06, 0
2.8124e+07, 1.56122e+07, 0
1.90087e+07, 1.0593e+07, 0
2.5828e+07, 1.65355e+07, 0
1.58827e+07, 5.27447e+06, 0
1.66061e+07, 6.62924e+06, 0
1.8633e+07, 1.08307e+07, 0
3.28517e+07, 7.20979e+06, 0
1.77214e+07, 8.25862e+06, 0
2.3909e+07, 1.46354e+07, 0
1.34403e+07, 6.22285e+06, 0
1.78484e+07, 1.06902e+07, 0
2.67875e+07, 1.70511e+07, 0
3.56293e+07, 1.5023e+07, 0
2.07464e+07, 7.45438e+06, 0
3.23494e+07, 1.77134e+07, 0
2.16993e+07, 7.00971e+06, 0
2.67837e+07, 1.1946e+07, 0
1.79135e+07, 9.87107e+06, 0
9.84622e+06, 1.87625e+06, 0
1.31489e+07, 4.78368e+06, 0
1.98254e+07, 9.35364e+06, 0
2.6816e+07, 1.31241e+07, 0
1.67212e+07, 7.52292e+06, 0
2.50037e+07, 1.20726e+07, 0
8.93642e+06, 3.47192e+06, 0
1.6e+07, 7.82758e+06, 0
1.98323e+07, 1.2253e+07, 0
1.75824e+07, 4.98299e+06, 0
3.02088e+07, 1.49843e+07, 0
2.38377e+07, 1.26602e+07, 0
1.73572e+07, 9.72146e+06, 0
1.24574e+07, 6.70769e+06, 0
2.23982e+07, 1.41766e+07, 0
2.30391e+07, 1.3978e+07, 0
1.8178e+07, 4.32769e+06, 0
1.76965e+07, 1.47102e+06, 0
1.92429e+07, 7.40631e+06, 0
2.09773e+07, 1.09363e+07, 0
3.92351e+07, 2.64515e+07, 0
3.07227e+07, 1.37587e+07, 0
1.44317e+07, 6.72608e+06, 0
2.83444e+07, 9.47032e+06, 0
2.94899e+07, 1.41118e+07, 0
2.23848e+07, 7.43784e+06, 0
9.84947e+06, 1.70106e+06, 0
1.57983e+07, 7.70572e+06, 0
4.27637e+07, 1.13768e+07, 0
2.42783e+07, 6.12397e+06, 0
2.42366e+07, 1.16232e+07, 0
9.67177e+06, 3.36391e+06, 0
2.96268e+07, 1.59488e+07, 0
1.15989e+07, 2.88859e+06, 0
1.72481e+07, 8.07319e+06, 0
1.76228e+07, 9.15805e+06, 0
2.1942e+07, 9.65304e+06, 0
1.6124e+07, 6.35791e+06, 0
1.93983e+07, 1.1966e+07, 0
1.61852e+07, 9.3029e+06, 0
2.64326e+07, 1.77694e+07, 0
1.44681e+07, 3.32383e+06, 0
1.8186e+07, 1.00981e+07, 0
1.73353e+07, 1.11505e+07, 0
2.43411e+07, 6.59226e+06, 0
1.41563e+07, 2.19077e+06, 0
1.44328e+07, 1.99298e+06, 0
3.30994e+07, 2.75205e+06, 0
2.78532e+07, 8.68397e+06, 0
1.93686e+07, 1.0737e+07, 0
1.51757e+07, 7.35415e+06, 0
3.13123e+07, 5.97902e+06, 0
1.5693e+07, 3.17582e+06, 0
2.4395e+07, 9.70697e+06, 0
2.73233e+07, 5.39626e+06, 0
3.25136e+07, 7.33372e+06, 0
2.59696e+07, 2.67376e+06, 0
9.02059e+06, 3.15489e+06, 0
2.19286e+07, 1.29836e+07, 0
2.9653e+07, 1.69211e+07, 0
1.58603e+07, 6.12539e+06, 0
1.56558e+07, 6.83317e+06, 0
1.5557e+07, 8.75173e+06, 0
2.27609e+07, 9.95664e+06, 0
2.51872e+07, 1.17232e+07, 0
1.67734e+07, 6.90982e+06, 0
9.97374e+06, 1.95997e+06, 0
1.42876e+07, 8.28144e+06, 0
3.13089e+07, 4.15538e+06, 0
1.64284e+07, 2.17187e+06, 0
3.76306e+07, 2.11917e+07, 0
1.65951e+07, 9.08291e+06, 0
2.36953e+07, 1.11283e+07, 0
2.56793e+07, 2.36736e+06, 0
1.69578e+07, 1.00871e+07, 0
1.94405e+07, 1.11586e+07, 0
2.0282e+07, 4.88421e+06, 0
1.75222e+07, 9.05054e+06, 0
2.49246e+07, 1.55766e+07, 0
2.25243e+07, 1.06439e+07, 0
2.68761e+07, 1.09706e+07, 0
1.49908e+07, 7.00683e+06, 0
2.17479e+07, 9.40096e+06, 0
3.10864e+07, 1.18955e+07, 0
1.57148e+07, 1.29628e+06, 0
2.32435e+07, 7.6569e+06, 0
1.80832e+07, 5.28844e+06, 0
9.91231e+06, 2.0861e+06, 0
1.66092e+07, 5.8363e+06, 0
1.25951e+07, 4.27805e+06, 0
3.26759e+07, 8.17896e+06, 0
1.81184e+07, 9.9578e+06, 0
2.71659e+07, 6.51016e+06, 0
3.19595e+07, 1.64351e+07, 0
2.89433e+07, 1.48485e+07, 0
1.58518e+07, 5.58802e+06, 0
2.35295e+07, 1.45149e+07, 0
2.18479e+07, 1.08121e+07, 0
1.10556e+07, 1.44587e+06, 0
2.82579e+07, 1.1583e+07, 0
1.76164e+07, 6.39364e+06, 0
1.35144e+07, 2.47154e+06, 0
1.11369e+07, 3.96067e+06, 0
3.12236e+07, 1.25196e+07, 0
3.53631e+07, 8.9148e+06, 0
2.22392e+07, 7.19761e+06, 0
2.02548e+07, 1.16552e+07, 0
1.3643e+07, 2.28799e+06, 0
2.94654e+07, 1.38749e+07, 0
2.61461e+07, 9.17713e+06, 0
3.1852e+07, 1.95507e+07, 0
2.17908e+07, 1.20938e+07, 0
2.04901e+07, 6.15802e+06, 0
2.55507e+07, 4.74941e+06, 0
2.2472e+07, 1.21164e+07, 0
1.26e+07, 794689, 0
1.68888e+07, 2.39907e+06, 0
2.48063e+07, 1.01346e+07, 0
1.67753e+07, 4.16789e+06, 0
1.23859e+07, 5.06943e+06, 0
2.1274e+07, 1.26746e+07, 0
1.62764e+07, 5.3226e+06, 0
2.12149e+07, 9.55566e+06, 0
1.19985e+07, 793461, 0
1.61434e+07, 8.08711e+06, 0
1.18271e+07, 2.56173e+06, 0
2.86401e+07, 1.72648e+07, 0
2.50738e+07, 1.56794e+07, 0
3.87454e+07, 4.29361e+06, 0
2.6568e+07, 8.41073e+06, 0
1.49549e+07, 6.29194e+06, 0
1.99435e+07, 1.25398e+07, 0
1.35293e+07, 972665, 0
1.43105e+07, 7.7211e+06, 0
2.7757e+07, 1.22098e+07, 0
1.4618e+07, 4.50113e+06, 0
1.67058e+07, 6.66231e+06, 0
1.76077e+07, 8.86762e+06, 0
1.36914e+07, 8.00793e+06, 0
1.84471e+07, 1.00505e+07, 0
1.33819e+07, 6.23033e+06, 0
2.26706e+07, 917010, 0
1.48196e+07, 9.15476e+06, 0
1.88973e+07, 9.99863e+06, 0
1.33977e+07, 4.50585e+06, 0
1.87012e+07, 7.14977e+06, 0
1.55793e+07, 8.18923e+06, 0
3.41265e+07, 1.60831e+07, 0
2.03323e+07, 6.91693e+06, 0
1.62441e+07, 5.15507e+06, 0
3.05118e+07, 1.66121e+07, 0
1.62956e+07, 1.34248e+06, 0
3.9478e+07, 6.37406e+06, 0
2.49788e+07, 1.27239e+07, 0
1.67432e+07, 1.06942e+07, 0
1.22647e+07, 6.36324e+06, 0
3.61623e+07, 1.29589e+07, 0
1.71244e+07, 9.78546e+06, 0
1.16725e+07, 5.81735e+06, 0
2.42896e+07, 1.56269e+07, 0
3.32831e+07, 1.34872e+07, 0
3.03775e+07, 1.46499e+07, 0
1.78028e+07, 9.05422e+06, 0
1.02629e+07, 4.21928e+06, 0
1.09279e+07, 5.10399e+06, 0
1.82438e+07, 8.9696e+06, 0
2.80517e+07, 1.71282e+07, 0
2.0385e+07, 7.9828e+06, 0
1.90752e+07, 9.4485e+06, 0
2.67989e+07, 1.40582e+07, 0
1.4448e+07, 5.63462e+06, 0
2.81536e+07, 3.51824e+06, 0
3.22386e+07, 1.70765e+06, 0
1.3063e+07, 7.74289e+06, 0
1.52651e+07, 2.10419e+06, 0
1.2189e+07, 2.94308e+06, 0
1.45764e+07, 8.55423e+06, 0
2.91276e+07, 1.26781e+07, 0
2.356e+07, 8.0693e+06, 0
2.19096e+07, 1.11461e+07, 0
2.3598e+07, 1.30624e+07, 0
2.58117e+07, 1.31185e+07, 0
2.09459e+07, 2.81427e+06, 0
1.07295e+07, 3.65521e+06, 0
1.96979e+07, 9.88803e+06, 0
1.31974e+07, 3.86442e+06, 0
1.31874e+07, 4.53824e+06, 0
2.30387e+07, 1.39329e+07, 0
2.60248e+07, 1.21945e+07, 0
2.3389e+07, 1.34202e+07, 0
2.47394e+07, 1.3293e+07, 0
2.78632e+07, 1.90289e+07, 0
1.49807e+07, 4.26178e+06, 0
3.82917e+07, 1.45458e+07, 0
2.39389e+07, 1.22278e+07, 0
1.29413e+07, 6.02565e+06, 0
2.82457e+07, 9.59986e+06, 0
1.97584e+07, 9.86853e+06, 0
1.88736e+07, 2.75316e+06, 0
2.18347e+07, 1.03335e+07, 0
2.8032e+07, 9.0931e+06, 0
2.33701e+07, 1.57463e+07, 0
1.76266e+07, 6.09212e+06, 0
2.38334e+07, 8.67149e+06, 0
2.53518e+07, 1.51212e+07, 0
3.45201e+07, 1.54941e+07, 0
2.27284e+07, 8.10414e+06, 0
1.99052e+07, 6.31075e+06, 0
1.87795e+07, 5.42811e+06, 0
2.3451e+07, 1.7069e+06, 0
1.57131e+07, 8.85238e+06, 0
1.5909e+07, 2.781e+06, 0
2.32762e+07, 1.3414e+07, 0
2.28334e+07, 9.8511e+06, 0
1.95646e+07, 383832, 0
2.39649e+07, 9.96339e+06, 0
3.77493e+07, 1.20315e+07, 0
1.22882e+07, 6.44406e+06, 0
1.31969e+07, 2.44772e+06, 0
1.91843e+07, 1.26943e+07, 0
2.70752e+07, 1.31987e+07, 0
2.34208e+07, 1.04632e+07, 0
2.21268e+07, 1.97335e+06, 0
1.48816e+07, 8.50559e+06, 0
1.44642e+07, 8.53994e+06, 0
9.4309e+06, 4.10937e+06, 0
2.67182e+07, 7.57511e+06, 0
2.29411e+07, 1.51269e+07, 0
8.73139e+06, 2.65979e+06, 0
1.84873e+07, 1.19365e+07, 0
3.36264e+07, 2.22284e+07, 0
2.48804e+07, 1.70357e+07, 0
2.16664e+07, 1.42269e+07, 0
3.8153e+07, 1.68599e+07, 0
4.08788e+07, 2.37327e+07, 0
2.54359e+07, 1.50457e+07, 0
2.50204e+07, 8.58915e+06, 0
2.89352e+07, 1.10499e+07, 0
3.45282e+07, 2.10204e+07, 0
2.73557e+07, 7.70117e+06, 0
1.53135e+07, 8.71716e+06, 0
2.07523e+07, 3.04635e+06, 0
2.14583e+07, 935652, 0
1.83535e+07, 6.17432e+06, 0
2.8124e+07, 1.49315e+07, 0
1.30369e+07, 7.00038e+06, 0
2.89817e+07, 1.02339e+07, 0
1.8563e+07, 8.54104e+06, 0
1.22755e+07, 5.78491e+06, 0
2.006e+07, 7.31275e+06, 0
2.63716e+07, 1.35251e+07, 0
2.78727e+07, 7.07095e+06, 0
2.28876e+07, 1.19495e+06, 0
1.91694e+07, 4.4005e+06, 0
1.29493e+07, 3.11452e+06, 0
1.98662e+07, 8.31909e+06, 0
1.5063e+07, 7.00741e+06, 0
1.90002e+07, 6.68543e+06, 0
2.68763e+07, 5.9286e+06, 0
3.82077e+07, 1.70097e+07, 0
1.88673e+07, 3.09838e+06, 0
1.44492e+07, 8.38841e+06, 0
1.9317e+07, 1.15532e+07, 0
2.23901e+07, 1.46274e+07, 0
2.67683e+07, 1.15025e+07, 0
1.06659e+07, 1.12265e+06, 0
2.07948e+07, 9.612e+06, 0
1.85083e+07, 9.23839e+06, 0
3.31007e+07, 5.80165e+06, 0
2.12794e+07, 5.30496e+06, 0
2.56258e+07, 1.50956e+07, 0
1.81361e+07, 1.07038e+07, 0
2.8801e+07, 1.0582e+07, 0
2.07396e+07, 1.2658e+07, 0
1.76939e+07, 3.5369e+06, 0
1.89348e+07, 7.18524e+06, 0
1.85509e+07, 7.41972e+06, 0
2.79157e+07, 1.33608e+07, 0
2.66672e+07, 1.31186e+07, 0
2.30113e+07, 7.11671e+06, 0
1.7928e+07, 1.03557e+07, 0
1.91171e+07, 7.02372e+06, 0
2.3107e+07, 8.46606e+06, 0
3.49227e+07, 1.33406e+07, 0
2.51017e+07, 1.47058e+07, 0
1.46215e+07, 6.65967e+06, 0
1.93047e+07, 1.00596e+07, 0
1.50357e+07, 4.07545e+06, 0
1.74528e+07, 6.06072e+06, 0
1.75002e+07, 7.76291e+06, 0
1.07701e+07, 1.8498e+06, 0
2.40255e+07, 1.01447e+07, 0
2.32215e+07, 1.51005e+07, 0
1.74852e+07, 9.05032e+06, 0
1.8534e+07, 2.03861e+06, 0
9.9509e+06, 778222, 0
3.51157e+07, 1.60043e+07, 0
1.47565e+07, 7.1609e+06, 0
1.97619e+07, 1.20918e+07, 0
2.47247e+07, 1.6029e+06, 0
1.22986e+07, 1.73472e+06, 0
1.63028e+07, 1.79163e+06, 0
2.0004e+07, 1.33125e+07, 0
9.58551e+06, 3.79138e+06, 0
1.18491e+07, 3.46079e+06, 0
1.69432e+07, 8.9823e+06, 0
1.19201e+07, 3.63386e+06, 0
2.22696e+07, 1.45821e+07, 0
1.74642e+07, 1.02614e+07, 0
2.00819e+07, 9.67194e+06, 0
1.66082e+07, 9.58216e+06, 0
2.01469e+07, 1.20674e+07, 0
9.84035e+06, 3.19126e+06, 0
3.78286e+07, 1.87088e+07, 0
2.15912e+07, 4.89337e+06, 0
2.65475e+07, 1.2171e+07, 0
1.38969e+07, 8.12961e+06, 0
1.41674e+07, 5.69953e+06, 0
1.4405e+07, 6.43589e+06, 0
3.40546e+07, 2.20792e+07, 0
1.92087e+07, 1.04654e+07, 0
2.96479e+07, 9.64144e+06, 0
2.8533e+07, 8.78865e+06, 0
2.27136e+07, 1.08122e+07, 0
3.54758e+07, 1.89136e+07, 0
1.61887e+07, 7.97739e+06, 0
2.6105e+07, 3.62994e+06, 0
2.47733e+07, 6.97678e+06, 0
1.10519e+07, 4.49952e+06, 0
3.05551e+07, 4.38724e+06, 0
1.55833e+07, 6.59172e+06, 0
2.80639e+07, 7.44111e+06, 0
2.73564e+07, 1.06944e+07, 0
1.92059e+07, 2.34796e+06, 0
2.58285e+07, 1.45965e+07, 0
2.53889e+07, 1.57918e+07, 0
2.5022e+07, 3.61321e+06, 0
2.18002e+07, 8.3846e+06, 0
1.80305e+07, 7.25366e+06, 0
2.41608e+07, 1.40333e+07, 0
2.22405e+07, 8.2003e+06, 0
3.63785e+07, 1.03751e+07, 0
1.29812e+07, 1.78333e+06, 0
2.60765e+07, 6.05775e+06, 0
8.05726e+06, 1.89019e+06, 0
2.93199e+07, 1.26077e+07, 0
2.49192e+07, 7.1586e+06, 0
2.81752e+07, 9.07962e+06, 0
2.13267e+07, 2.41299e+06, 0
1.8935e+07, 1.12823e+07, 0
3.16178e+07, 1.03693e+07, 0
2.61608e+07, 1.43251e+07, 0
2.26854e+07, 6.84166e+06, 0
2.46758e+07, 1.2555e+07, 0
2.12554e+07, 1.00673e+07, 0
1.21244e+07, 4.29688e+06, 0
3.22908e+07, 5.19992e+06, 0
3.53349e+07, 1.63611e+07, 0
1.26267e+07, 6.27217e+06, 0
2.32422e+07, 1.42027e+07, 0
1.65693e+07, 9.18805e+06, 0
1.47998e+07, 4.6714e+06, 0
1.76742e+07, 9.26746e+06, 0
3.94866e+07, 1.27411e+07, 0
2.68276e+07, 1.0173e+07, 0
2.23816e+07, 1.19172e+07, 0
2.20185e+07, 517565, 0
1.7243e+07, 8.66321e+06, 0
1.9238e+07, 9.93613e+06, 0
2.27261e+07, 7.89047e+06, 0
1.85648e+07, 5.96122e+06, 0
2.22205e+07, 7.66709e+06, 0
3.54264e+07, 1.79441e+07, 0
1.70062e+07, 7.67983e+06, 0
1.78673e+07, 9.21919e+06, 0
2.84959e+07, 3.06386e+06, 0
3.4191e+07, 1.73971e+07, 0
2.88621e+07, 1.16943e+07, 0
1.80809e+07, 1.12444e+07, 0
1.69738e+07, 8.41235e+06, 0
4.49918e+07, 1.67511e+07, 0
3.43511e+07, 1.0163e+07, 0
1.68114e+07, 1.06571e+07, 0
1.78714e+07, 8.41215e+06, 0
2.10322e+07, 1.41061e+07, 0
1.716e+07, 8.9076e+06, 0
9.63923e+06, 4.38867e+06, 0
2.18247e+07, 9.61134e+06, 0
1.51935e+07, 2.04937e+06, 0
2.10875e+07, 1.35338e+07, 0
1.76612e+07, 1.03128e+07, 0
1.85249e+07, 5.77818e+06, 0
2.14624e+07, 1.04841e+07, 0
2.73557e+07, 7.33556e+06, 0
2.5949e+07, 1.05482e+07, 0
2.86089e+07, 1.10928e+07, 0
1.98725e+07, 9.22328e+06, 0
3.338e+07, 9.36631e+06, 0
2.24095e+07, 8.79206e+06, 0
1.13791e+07, 5.9078e+06, 0
1.71511e+07, 4.51398e+06, 0
1.64272e+07, 8.20676e+06, 0
3.93225e+07, 1.43325e+07, 0
1.22575e+07, 6.30905e+06, 0
2.34151e+07, 7.03317e+06, 0
2.27671e+07, 7.93895e+06, 0
1.11569e+07, 5.82884e+06, 0
3.01647e+07, 1.00769e+07, 0
2.41177e+07, 5.03362e+06, 0
2.88078e+07, 1.53824e+07, 0
1.40381e+07, 5.64824e+06, 0
1.25248e+07, 6.12019e+06, 0
2.40238e+07, 1.3184e+07, 0
2.17852e+07, 1.18638e+07, 0
1.86838e+07, 5.8827e+06, 0
1.38653e+07, 1.73773e+06, 0
3.1823e+07, 8.72726e+06, 0
1.55556e+07, 7.44269e+06, 0
2.74533e+07, 1.3458e+07, 0
4.08734e+07, 5.6448e+06, 0
3.44939e+07, 2.29162e+07, 0
1.50596e+07, 5.05933e+06, 0
2.91333e+07, 1.76832e+07, 0
2.74807e+07, 1.48058e+06, 0
3.13293e+07, 6.21117e+06, 0
1.1317e+07, 5.73812e+06, 0
1.75904e+07, 5.37874e+06, 0
1.12806e+07, 6.01532e+06, 0
3.0912e+07, 1.37087e+07, 0
1.29642e+07, 6.94668e+06, 0
1.98585e+07, 5.22369e+06, 0
2.24081e+07, 9.44215e+06, 0
2.99367e+07, 7.30571e+06, 0
1.8854e+07, 9.12039e+06, 0
2.49313e+07, 6.3769e+06, 0
1.91369e+07, 7.3444e+06, 0
2.25483e+07, 1.98794e+06, 0
2.25114e+07, 4.15424e+06, 0
1.56444e+07, 8.33197e+06, 0
1.75635e+07, 1.08968e+06, 0
1.65736e+07, 1.01108e+07, 0
2.02923e+07, 5.69786e+06, 0
2.7103e+07, 1.38227e+07, 0
3.81651e+07, 6.93295e+06, 0
1.83856e+07, 6.1851e+06, 0
3.46933e+07, 1.68484e+07, 0
1.92255e+07, 6.42148e+06, 0
2.35009e+07, 9.03197e+06, 0
1.34112e+07, 6.18309e+06, 0
1.35433e+07, 7.37261e+06, 0
8.73892e+06, 1.10892e+06, 0
1.3556e+07, 6.60445e+06, 0
2.48127e+07, 2.73649e+06, 0
3.92412e+07, 2.62876e+07, 0
2.15221e+07, 9.87331e+06, 0
2.69571e+07, 8.36717e+06, 0
2.67484e+07, 3.48495e+06, 0
3.56818e+07, 2.0645e+07, 0
2.01416e+07, 1.29384e+07, 0
1.43497e+07, 5.93983e+06, 0
1.70824e+07, 4.19557e+06, 0
2.10678e+07, 6.31248e+06, 0
3.38402e+07, 1.88763e+07, 0
1.80797e+07, 9.135e+06, 0
2.46258e+07, 3.6071e+06, 0
2.7204e+07, 1.53835e+07, 0
2.21904e+07, 9.81424e+06, 0
3.09662e+07, 1.68951e+07, 0
1.40201e+07, 6.72767e+06, 0
2.78147e+07, 1.16624e+07, 0
1.79806e+07, 8.52045e+06, 0
2.65915e+07, 444328, 0
1.80736e+07, 4.16903e+06, 0
1.62524e+07, 817564, 0
4.1185e+07, 1.95124e+07, 0
1.82252e+07, 4.20375e+06, 0
3.49007e+07, 4.48072e+06, 0
3.38681e+07, 9.41398e+06, 0
3.51831e+07, 1.72032e+07, 0
1.01583e+07, 3.80047e+06, 0
1.60614e+07, 7.93711e+06, 0
2.86155e+07, 3.86937e+06, 0
2.52355e+07, 1.73574e+07, 0
3.55276e+07, 2.00342e+07, 0
1.84887e+07, 5.44674e+06, 0
1.91907e+07, 6.22214e+06, 0
1.04407e+07, 3.51072e+06, 0
2.49866e+07, 1.44135e+07, 0
1.12366e+07, 3.04042e+06, 0
4.1434e+07, 1.29024e+07, 0
1.55412e+07, 8.81087e+06, 0
2.64157e+07, 9.38868e+06, 0
1.96981e+07, 1.2949e+07, 0
4.23642e+07, 1.62276e+07, 0
2.52204e+07, 1.30479e+07, 0
1.6376e+07, 6.05037e+06, 0
1.50242e+07, 1.60939e+06, 0
3.39812e+07, 1.45518e+07, 0
1.61073e+07, 8.44343e+06, 0
1.38398e+07, 6.04006e+06, 0
2.39644e+07, 1.31858e+07, 0
3.12827e+07, 2.07195e+07, 0
3.4354e+07, 1.11778e+07, 0
1.598e+07, 4.87056e+06, 0
1.56853e+07, 2.69145e+06, 0
1.6545e+07, 1.05207e+07, 0
1.80418e+07, 8.21475e+06, 0
1.84356e+07, 6.42281e+06, 0
1.01339e+07, 3.08296e+06, 0
1.16627e+07, 5.35434e+06, 0
2.31409e+07, 1.03364e+07, 0
2.58268e+07, 1.60844e+07, 0
2.40713e+07, 5.20093e+06, 0
1.69215e+07, 8.16707e+06, 0
1.30783e+07, 5.60435e+06, 0
2.05601e+07, 1.04733e+07, 0
1.87054e+07, 8.10911e+06, 0
1.01431e+07, 1.62672e+06, 0
2.59767e+07, 1.38203e+06, 0
2.92401e+07, 1.07616e+07, 0
1.18162e+07, 3.86737e+06, 0
1.20823e+07, 639429, 0
2.40718e+07, 1.58746e+07, 0
2.54143e+07, 2.67771e+06, 0
2.51088e+07, 1.59144e+07, 0
1.59468e+07, 8.83208e+06, 0
3.00315e+07, 7.02813e+06, 0
3.31342e+07, 6.21192e+06, 0
3.15319e+07, 1.78479e+07, 0
2.18656e+07, 8.49312e+06, 0
2.38011e+07, 2.6607e+06, 0
1.1698e+07, 4.91739e+06, 0
1.93328e+07, 1.17953e+07, 0
3.31424e+07, 1.15186e+07, 0
2.39909e+07, 1.39312e+07, 0
1.93047e+07, 4.73402e+06, 0
3.22351e+07, 7.56805e+06, 0
3.16636e+07, 2.54906e+06, 0
1.2509e+07, 3.80495e+06, 0
2.10224e+07, 9.80726e+06, 0
2.46109e+07, 1.0419e+07, 0
3.42082e+07, 1.5604e+07, 0
2.63118e+07, 1.05736e+07, 0
2.34488e+07, 8.88552e+06, 0
1.40885e+07, 7.41269e+06, 0
2.10134e+07, 1.23606e+07, 0
3.88414e+07, 2.70722e+07, 0
1.48853e+07, 2.48532e+06, 0
1.80273e+07, 1.0516e+07, 0
2.65067e+07, 7.28835e+06, 0
2.31026e+07, 8.84976e+06, 0
2.29622e+07, 1.00219e+07, 0
2.53947e+07, 1.5274e+07, 0
3.24208e+07, 2.17019e+07, 0
1.79243e+07, 6.91334e+06, 0
2.76859e+07, 4.69991e+06, 0
3.85424e+07, 2.36312e+07, 0
1.83615e+07, 6.91417e+06, 0
3.20991e+07, 7.01282e+06, 0
1.82488e+07, 7.21545e+06, 0
1.86174e+07, 9.61258e+06, 0
2.00776e+07, 4.58287e+06, 0
1.42118e+07, 4.38504e+06, 0
2.23104e+07, 1.03832e+07, 0
1.92356e+07, 2.97606e+06, 0
1.68866e+07, 9.16264e+06, 0
1.15733e+07, 6.24259e+06, 0
1.84261e+07, 9.85896e+06, 0
1.69382e+07, 8.30216e+06, 0
2.2858e+07, 8.43074e+06, 0
1.33954e+07, 3.05843e+06, 0
2.79931e+07, 1.04117e+07, 0
1.41114e+07, 5.98526e+06, 0
2.57742e+07, 8.45693e+06, 0
2.25056e+07, 9.72003e+06, 0
2.41567e+07, 7.39022e+06, 0
1.44733e+07, 8.51309e+06, 0
2.11484e+07, 5.3596e+06, 0
1.91317e+07, 6.64627e+06, 0
1.54661e+07, 6.65182e+06, 0
1.58829e+07, 3.93009e+06, 0
1.48648e+07, 3.50206e+06, 0
1.62884e+07, 2.53956e+06, 0
2.65117e+07, 1.68498e+07, 0
3.64477e+07, 1.40581e+07, 0
1.46729e+07, 7.60788e+06, 0
1.42296e+07, 6.9558e+06, 0
9.66038e+06, 3.90589e+06, 0
2.79193e+07, 1.23978e+07, 0
2.34433e+07, 7.1455e+06, 0
1.81183e+07, 1.11997e+07, 0
2.00349e+07, 7.72474e+06, 0
1.19508e+07, 5.016e+06, 0
9.52613e+06, 1.69332e+06, 0
2.10109e+07, 1.39273e+07, 0
1.71926e+07, 6.89945e+06, 0
3.41032e+07, 1.86978e+07, 0
1.69451e+07, 1.09541e+07, 0
1.35869e+07, 4.76316e+06, 0
2.50043e+07, 7.45451e+06, 0
1.667e+07, 461464, 0
1.24986e+07, 5.84225e+06, 0
1.30905e+07, 6.93304e+06, 0
1.77421e+07, 1.02639e+07, 0
1.06813e+07, 3.65482e+06, 0
9.20715e+06, 3.29382e+06, 0
2.54953e+07, 1.44278e+07, 0
3.22494e+07, 8.84757e+06, 0
2.51501e+07, 2.00951e+06, 0
1.66694e+07, 8.44524e+06, 0
2.49865e+07, 6.41997e+06, 0
1.28302e+07, 2.36836e+06, 0
1.0842e+07, 5.67549e+06, 0
3.54604e+07, 9.71053e+06, 0
2.32439e+07, 1.1086e+07, 0
1.53941e+07, 3.09455e+06, 0
1.86708e+07, 2.83341e+06, 0
2.36355e+07, 7.31287e+06, 0
1.99141e+07, 3.1141e+06, 0
3.93003e+07, 9.17093e+06, 0
3.93005e+07, 7.57954e+06, 0
1.64125e+07, 9.01661e+06, 0
1.33273e+07, 1.60314e+06, 0
1.51292e+07, 5.70828e+06, 0
1.76765e+07, 8.06705e+06, 0
2.23247e+07, 5.41264e+06, 0
2.37194e+07, 1.45827e+06, 0
9.51639e+06, 3.86832e+06, 0
1.67055e+07, 5.21759e+06, 0
1.46568e+07, 5.15378e+06, 0
4.10698e+07, 1.78032e+07, 0
3.3161e+07, 2.03213e+07, 0
2.31138e+07, 1.51321e+07, 0
2.14951e+07, 9.98076e+06, 0
1.1966e+07, 2.47363e+06, 0
2.13108e+07, 8.38257e+06, 0
2.61377e+07, 8.6286e+06, 0
2.79255e+07, 1.26231e+07, 0
2.34806e+07, 5.46072e+06, 0
2.64658e+07, 1.5481e+07, 0
2.84549e+07, 4.66903e+06, 0
4.25241e+07, 6.0345e+06, 0
2.97911e+07, 1.98375e+06, 0
3.18513e+07, 9.15178e+06, 0
2.45804e+07, 1.62565e+07, 0
1.11655e+07, 5.00787e+06, 0
2.25557e+07, 9.56736e+06, 0
2.31406e+07, 1.22395e+07, 0
2.62453e+07, 1.74865e+07, 0
1.10122e+07, 4.64168e+06, 0
1.81858e+07, 9.5706e+06, 0
1.86529e+07, 8.31777e+06, 0
1.48335e+07, 9.17943e+06, 0
1.08689e+07, 2.39179e+06, 0
3.16272e+07, 1.67461e+06, 0
2.51622e+07, 9.42462e+06, 0
1.10128e+07, 3.1219e+06, 0
2.92928e+07, 1.204e+07, 0
1.5321e+07, 3.52419e+06, 0
1.42906e+07, 5.08419e+06, 0
2.23743e+07, 1.41994e+07, 0
2.2429e+07, 1.29882e+07, 0
2.8813e+07, 1.06837e+07, 0
1.94041e+07, 8.44229e+06, 0
2.06316e+07, 1.25828e+07, 0
1.38104e+07, 4.18256e+06, 0
2.31813e+07, 8.22149e+06, 0
1.81962e+07, 1.0335e+07, 0
1.16295e+07, 2.71039e+06, 0
4.28014e+07, 1.66506e+07, 0
1.42489e+07, 6.96619e+06, 0
2.11263e+07, 1.22716e+07, 0
1.11402e+07, 4.82056e+06, 0
1.61705e+07, 7.47978e+06, 0
1.64949e+07, 1.29487e+06, 0
2.52922e+07, 1.36934e+07, 0
2.88081e+07, 6.46015e+06, 0
3.30912e+07, 2.21906e+07, 0
2.52332e+07, 6.28442e+06, 0
2.1758e+07, 1.27387e+07, 0
2.22598e+07, 1.22991e+07, 0
1.5428e+07, 8.97392e+06, 0
1.75072e+07, 4.30756e+06, 0
2.43968e+07, 7.39286e+06, 0
1.26498e+07, 1.97917e+06, 0
2.71647e+07, 1.48742e+07, 0
1.77477e+07, 8.16244e+06, 0
2.32276e+07, 9.99515e+06, 0
3.36297e+07, 8.20676e+06, 0
2.44058e+07, 1.64133e+07, 0
2.66903e+07, 7.00348e+06, 0
1.87608e+07, 1.05886e+07, 0
9.55967e+06, 3.10688e+06, 0
2.08666e+07, 1.27126e+07, 0
8.02483e+06, 1.03242e+06, 0
2.54592e+07, 5.50129e+06, 0
2.58793e+07, 1.06523e+07, 0
1.44248e+07, 8.06996e+06, 0
1.46674e+07, 6.97523e+06, 0
2.10357e+07, 1.02254e+07, 0
4.3218e+07, 1.79645e+07, 0
2.63294e+07, 9.26301e+06, 0
1.30091e+07, 1.69598e+06, 0
2.59872e+07, 1.58046e+07, 0
1.32542e+07, 5.45746e+06, 0
2.97519e+07, 8.04248e+06, 0
1.96875e+07, 1.03186e+07, 0
1.78764e+07, 8.64708e+06, 0
2.47813e+07, 1.03689e+07, 0
1.84518e+07, 7.78017e+06, 0
1.54069e+07, 6.96294e+06, 0
1.85765e+07, 1.00021e+07, 0
2.51342e+07, 1.54729e+07, 0
1.70472e+07, 9.14474e+06, 0
3.3556e+07, 1.44909e+07, 0
1.95979e+07, 1.19427e+07, 0
2.35701e+07, 1.24127e+07, 0
2.77281e+07, 1.58949e+07, 0
1.97413e+07, 1.279e+07, 0
1.08383e+07, 5.08717e+06, 0
2.52378e+07, 1.73661e+07, 0
3.47358e+07, 2.36256e+07, 0
2.06363e+07, 6.56824e+06, 0
2.9194e+07, 8.99221e+06, 0
3.94822e+07, 1.84083e+07, 0
2.82842e+07, 1.89352e+07, 0
1.53297e+07, 7.3975e+06, 0
9.36609e+06, 2.99562e+06, 0
2.65258e+07, 1.78922e+07, 0
1.42139e+07, 8.0975e+06, 0
2.64329e+07, 7.67688e+06, 0
1.11655e+07, 2.78189e+06, 0
1.88497e+07, 1.45842e+06, 0
2.93908e+07, 1.6084e+07, 0
2.54379e+07, 9.63902e+06, 0
1.44085e+07, 3.67365e+06, 0
1.39591e+07, 7.47744e+06, 0
1.47949e+07, 4.0486e+06, 0
1.76203e+07, 1.04123e+07, 0
3.21789e+07, 2.06889e+07, 0
1.48152e+07, 3.48963e+06, 0
1.21307e+07, 4.55712e+06, 0
2.35034e+07, 1.45478e+07, 0
5.28137e+07, 1.23195e+07, 0
2.17316e+07, 8.18665e+06, 0
1.07215e+07, 3.43643e+06, 0
1.80589e+07, 1.09338e+07, 0
1.43362e+07, 5.48589e+06, 0
1.46235e+07, 3.85622e+06, 0
1.84896e+07, 1.10462e+07, 0
2.93926e+07, 1.93974e+07, 0
1.36684e+07, 3.4896e+06, 0
2.34621e+07, 7.98164e+06, 0
1.74548e+07, 7.87884e+06, 0
4.91891e+07, 2.27259e+07, 0
2.65588e+07, 1.49412e+07, 0
1.93682e+07, 6.42351e+06, 0
1.60985e+07, 6.17914e+06, 0
2.33165e+07, 4.53416e+06, 0
2.60707e+07, 1.67345e+07, 0
1.82273e+07, 8.79231e+06, 0
1.55985e+07, 7.59407e+06, 0
1.48092e+07, 272259, 0
4.7123e+07, 2.25956e+07, 0
1.70503e+07, 8.54745e+06, 0
1.88045e+07, 7.39111e+06, 0
2.29992e+07, 1.30014e+07, 0
2.73365e+07, 1.42099e+07, 0
1.52231e+07, 9.36063e+06, 0
1.48122e+07, 8.83165e+06, 0
2.9997e+07, 1.66838e+07, 0
1.97131e+07, 1.17765e+07, 0
1.758e+07, 1.05146e+07, 0
2.00055e+07, 1.14381e+07, 0
2.19273e+07, 1.04809e+07, 0
1.40957e+07, 7.92236e+06, 0
1.95145e+07, 1.25701e+07, 0
1.75348e+07, 1.00681e+07, 0
2.35638e+07, 1.5237e+07, 0
1.86367e+07, 4.48492e+06, 0
2.55628e+07, 1.16967e+07, 0
2.51203e+07, 3.98158e+06, 0
2.13373e+07, 1.88483e+06, 0
1.65138e+07, 3.13242e+06, 0
1.33698e+07, 7.43278e+06, 0
3.44443e+07, 1.27159e+07, 0
2.2682e+07, 1.42006e+07, 0
1.90638e+07, 3.0457e+06, 0
3.42779e+07, 1.36019e+07, 0
1.86216e+07, 9.00321e+06, 0
1.36411e+07, 7.41841e+06, 0
1.15388e+07, 5.84331e+06, 0
1.34996e+07, 5.16756e+06, 0
1.94921e+07, 4.63505e+06, 0
2.15434e+07, 7.51835e+06, 0
2.21718e+07, 8.03406e+06, 0
1.87382e+07, 1.036e+07, 0
1.52221e+07, 9.11296e+06, 0
1.82429e+07, 2.32077e+06, 0
8.9091e+06, 622959, 0
1.91095e+07, 6.15237e+06, 0
3.42232e+07, 5.0602e+06, 0
2.20031e+07, 1.25911e+07, 0
2.56692e+07, 1.70771e+07, 0
1.53322e+07, 4.12761e+06, 0
3.12108e+07, 9.59884e+06, 0
1.69231e+07, 7.67983e+06, 0
1.30744e+07, 5.68103e+06, 0
1.69188e+07, 9.0304e+06, 0
2.89187e+07, 1.22252e+07, 0
2.05341e+07, 2.05723e+06, 0
2.10983e+07, 233349, 0
2.28438e+07, 1.45625e+07, 0
1.74565e+07, 1.00256e+07, 0
1.4593e+07, 2.91746e+06, 0
2.05139e+07, 7.37353e+06, 0
3.09365e+07, 6.30676e+06, 0
2.5176e+07, 6.64301e+06, 0
1.34344e+07, 4.41227e+06, 0
1.46023e+07, 4.0374e+06, 0
1.9468e+07, 1.14636e+07, 0
1.58096e+07, 2.55118e+06, 0
1.21966e+07, 2.23928e+06, 0
1.16168e+07, 5.52275e+06, 0
1.70423e+07, 9.48522e+06, 0
2.50418e+07, 3.03718e+06, 0
1.41496e+07, 7.3011e+06, 0
1.25377e+07, 5.74448e+06, 0
1.70498e+07, 6.72274e+06, 0
1.94331e+07, 1.02579e+07, 0
2.24552e+07, 1.0992e+07, 0
1.84847e+07, 1.08321e+07, 0
3.76571e+07, 3.72579e+06, 0
1.07729e+07, 4.532e+06, 0
1.82854e+07, 7.96239e+06, 0
3.26019e+07, 1.69287e+07, 0
1.56322e+07, 4.29942e+06, 0
1.19778e+07, 6.09789e+06, 0
2.0964e+07, 9.6451e+06, 0
1.30096e+07, 6.32918e+06, 0
3.13825e+07, 2.16231e+07, 0
1.90578e+07, 7.74099e+06, 0
3.06923e+07, 1.73862e+07, 0
1.93119e+07, 1.15016e+07, 0
2.493e+07, 2.6919e+06, 0
1.88226e+07, 1.00418e+07, 0
2.47207e+07, 5.8799e+06, 0
1.65612e+07, 9.0643e+06, 0
3.12698e+07, 1.75667e+07, 0
1.28506e+07, 6.02245e+06, 0
1.24659e+07, 3.9344e+06, 0
1.49111e+07, 7.6709e+06, 0
1.5057e+07, 1.38693e+06, 0
1.65088e+07, 3.08841e+06, 0
2.60231e+07, 1.56742e+07, 0
2.39454e+07, 1.09903e+07, 0
2.85622e+07, 9.51808e+06, 0
2.27629e+07, 1.28471e+07, 0
2.62153e+07, 8.73473e+06, 0
1.73183e+07, 9.19466e+06, 0
2.8528e+07, 1.89153e+07, 0
4.02784e+07, 1.5148e+07, 0
2.33837e+07, 1.28478e+07, 0
1.4457e+07, 417349, 0
2.32472e+07, 1.31775e+07, 0
3.80904e+07, 2.54403e+07, 0
3.27561e+07, 1.48524e+07, 0
2.33132e+07, 1.22769e+07, 0
1.97773e+07, 8.64054e+06, 0
1.85004e+07, 1.0403e+07, 0
2.02019e+07, 4.84294e+06, 0
2.06183e+07, 9.73337e+06, 0
3.53905e+07, 1.98578e+06, 0
3.59904e+07, 5.91071e+06, 0
1.61221e+07, 9.53785e+06, 0
4.16528e+07, 7.37226e+06, 0
2.72249e+07, 1.86591e+07, 0
2.63695e+07, 1.4144e+07, 0
3.60615e+07, 1.93094e+07, 0
2.61135e+07, 9.57102e+06, 0
1.25003e+07, 4.46867e+06, 0
2.02434e+07, 1.20928e+07, 0
1.98089e+07, 1.24404e+07, 0
3.3149e+07, 9.38172e+06, 0
1.6078e+07, 8.73447e+06, 0
1.12409e+07, 3.66343e+06, 0
1.78963e+07, 6.96061e+06, 0
3.35483e+07, 2.01713e+07, 0
2.5146e+07, 8.59984e+06, 0
3.71989e+07, 1.6849e+07, 0
2.07492e+07, 7.16769e+06, 0
2.48529e+07, 1.06594e+07, 0
2.53832e+07, 8.43098e+06, 0
1.35304e+07, 2.59866e+06, 0
1.82874e+07, 5.20997e+06, 0
1.74898e+07, 8.47294e+06, 0
2.93393e+07, 2.3673e+06, 0
2.65208e+07, 3.56186e+06, 0
2.48203e+07, 1.61383e+07, 0
1.00081e+07, 1.21981e+06, 0
1.74088e+07, 1.12174e+07, 0
3.00923e+07, 1.00529e+07, 0
2.93433e+07, 1.29721e+07, 0
1.86323e+07, 1.22531e+07, 0
2.17199e+07, 6.67615e+06, 0
2.85146e+07, 1.91171e+07, 0
2.06108e+07, 6.89855e+06, 0
2.36498e+07, 1.43598e+06, 0
1.668e+07, 3.45649e+06, 0
2.0935e+07, 8.78896e+06, 0
2.3836e+07, 7.92558e+06, 0
2.21505e+07, 1.19e+07, 0
2.24458e+07, 8.29163e+06, 0
2.50949e+07, 1.57535e+07, 0
2.8674e+07, 1.36053e+07, 0
2.06044e+07, 860786, 0
1.4302e+07, 5.19993e+06, 0
1.19443e+07, 4.6529e+06, 0
9.82595e+06, 2.17652e+06, 0
3.33644e+07, 5.92245e+06, 0
2.09606e+07, 1.13662e+07, 0
2.41266e+07, 4.23438e+06, 0
2.0069e+07, 2.87904e+06, 0
1.98272e+07, 5.20286e+06, 0
2.59761e+07, 1.09334e+07, 0
2.25629e+07, 1.46775e+07, 0
1.32105e+07, 800803, 0
1.7889e+07, 6.98767e+06, 0
3.04927e+07, 1.60585e+07, 0
3.19632e+07, 8.16846e+06, 0
1.36628e+07, 7.82802e+06, 0
1.99903e+07, 3.7494e+06, 0
2.81066e+07, 1.70423e+07, 0
2.04665e+07, 1.0356e+07, 0
3.66197e+07, 1.40132e+07, 0
1.60932e+07, 1.01265e+06, 0
2.10278e+07, 3.53922e+06, 0
1.76618e+07, 3.93662e+06, 0
2.16475e+07, 5.6776e+06, 0
1.67601e+07, 1.04098e+07, 0
1.33486e+07, 4.32798e+06, 0
2.86095e+07, 1.21713e+07, 0
1.35831e+07, 7.05901e+06, 0
2.54355e+07, 1.51657e+06, 0
1.23133e+07, 6.68336e+06, 0
1.69893e+07, 5.92419e+06, 0
2.14065e+07, 8.54091e+06, 0
2.99447e+07, 6.0055e+06, 0
1.94835e+07, 1.23783e+07, 0
9.99355e+06, 4.21712e+06, 0
2.49066e+07, 6.10036e+06, 0
2.05672e+07, 1.17479e+07, 0
1.61836e+07, 873765, 0
4.13829e+07, 1.9002e+07, 0
2.38331e+07, 4.21771e+06, 0
2.8206e+07, 9.74691e+06, 0
1.74273e+07, 6.33577e+06, 0
2.98314e+07, 2.06323e+07, 0
8.96998e+06, 2.69717e+06, 0
3.59418e+07, 9.51867e+06, 0
1.4006e+07, 7.15075e+06, 0
3.86994e+07, 7.28926e+06, 0
3.46103e+07, 1.03495e+07, 0
2.33283e+07, 5.94103e+06, 0
2.00256e+07, 1.08762e+07, 0
2.68059e+07, 1.31645e+07, 0
4.59499e+07, 2.25988e+07, 0
8.46891e+06, 2.53104e+06, 0
3.89414e+07, 2.92372e+06, 0
1.31593e+07, 5.20411e+06, 0
1.22072e+07, 3.0754e+06, 0
1.77858e+07, 3.48572e+06, 0
2.79052e+07, 9.36062e+06, 0
1.81813e+07, 4.30563e+06, 0
2.82843e+07, 1.94384e+07, 0
1.79015e+07, 2.94072e+06, 0
1.94945e+07, 5.13073e+06, 0
2.1856e+07, 1.03033e+07, 0
1.89179e+07, 1.06619e+07, 0
1.34101e+07, 6.10879e+06, 0
2.30141e+07, 1.25203e+07, 0
3.21572e+07, 1.73994e+07, 0
2.31578e+07, 5.24862e+06, 0
1.23976e+07, 5.4513e+06, 0
1.75335e+07, 1.05094e+07, 0
1.49078e+07, 3.22373e+06, 0
2.82835e+07, 1.74373e+07, 0
2.15374e+07, 1.15739e+07, 0
1.31182e+07, 5.50786e+06, 0
9.47685e+06, 1.06206e+06, 0
1.35073e+07, 5.1782e+06, 0
1.33117e+07, 7.75733e+06, 0
3.10761e+07, 4.6709e+06, 0
2.90495e+07, 1.491e+07, 0
1.47098e+07, 3.7088e+06, 0
1.49155e+07, 8.00659e+06, 0
1.81612e+07, 3.6284e+06, 0
2.50256e+07, 1.20845e+07, 0
1.93893e+07, 1.23659e+07, 0
1.15524e+07, 5.70226e+06, 0
9.23614e+06, 2.95003e+06, 0
2.66723e+07, 1.7126e+07, 0
3.31387e+07, 7.93441e+06, 0
2.16537e+07, 1.12951e+07, 0
1.49676e+07, 7.88979e+06, 0
1.74807e+07, 4.71586e+06, 0
1.1037e+07, 5.53729e+06, 0
2.70174e+07, 1.76598e+07, 0
1.31268e+07, 6.53663e+06, 0
9.45002e+06, 2.70788e+06, 0
1.12036e+07, 4.20461e+06, 0
1.92591e+07, 4.06939e+06, 0
2.5801e+07, 5.445e+06, 0
4.04543e+07, 1.32682e+07, 0
2.08481e+07, 1.38011e+07, 0
1.20809e+07, 6.26913e+06, 0
1.91005e+07, 7.66353e+06, 0
1.73972e+07, 4.75126e+06, 0
2.13148e+07, 3.41093e+06, 0
2.15157e+07, 9.32501e+06, 0
1.9544e+07, 5.98357e+06, 0
2.21483e+07, 8.17826e+06, 0
1.8735e+07, 1.03024e+07, 0
2.77992e+07, 8.97898e+06, 0
1.137e+07, 2.59043e+06, 0
1.53942e+07, 851734, 0
2.29678e+07, 2.43042e+06, 0
2.98133e+07, 1.78905e+07, 0
1.95696e+07, 5.98615e+06, 0
2.0276e+07, 9.80191e+06, 0
2.12143e+07, 1.3606e+07, 0
1.97735e+07, 6.80636e+06, 0
2.30729e+07, 1.04932e+07, 0
1.99979e+07, 1.2133e+07, 0
1.54308e+07, 1.14863e+06, 0
1.51718e+07, 7.29303e+06, 0
1.81404e+07, 4.40148e+06, 0
2.29499e+07, 1.32061e+07, 0
3.26901e+07, 1.74589e+07, 0
2.18028e+07, 4.94346e+06, 0
2.96674e+07, 1.92203e+07, 0
1.76811e+07, 8.49264e+06, 0
1.37199e+07, 5.61409e+06, 0
3.08396e+07, 1.47399e+07, 0
1.83736e+07, 1.16454e+07, 0
2.72925e+07, 7.20867e+06, 0
1.65793e+07, 6.62367e+06, 0
2.23522e+07, 1.06884e+07, 0
1.2026e+07, 2.75448e+06, 0
9.37164e+06, 1.49503e+06, 0
2.54828e+07, 2.31041e+06, 0
1.04236e+07, 5.26321e+06, 0
2.08388e+07, 1.27356e+07, 0
2.25183e+07, 6.97844e+06, 0
3.42784e+07, 1.04765e+07, 0
3.57476e+07, 1.69535e+07, 0
1.44867e+07, 6.01704e+06, 0
3.01968e+07, 3.54098e+06, 0
2.43221e+07, 1.47744e+07, 0
1.22632e+07, 745938, 0
1.16921e+07, 4.80982e+06, 0
1.42639e+07, 4.1334e+06, 0
1.0965e+07, 5.7079e+06, 0
2.16013e+07, 1.19399e+07, 0
2.40158e+07, 7.11737e+06, 0
8.425e+06, 1.66668e+06, 0
1.16896e+07, 5.70612e+06, 0
2.99956e+07, 6.84508e+06, 0
1.73551e+07, 2.63086e+06, 0
1.32235e+07, 6.995e+06, 0
2.10871e+07, 3.14943e+06, 0
1.9229e+07, 8.93959e+06, 0
1.25563e+07, 7.15693e+06, 0
1.98125e+07, 3.52155e+06, 0
2.43312e+07, 1.50539e+07, 0
2.99129e+07, 1.24828e+07, 0
1.74158e+07, 6.73649e+06, 0
1.97738e+07, 9.30183e+06, 0
2.30569e+07, 9.92553e+06, 0
3.53357e+07, 5.08428e+06, 0
3.38357e+07, 1.19653e+07, 0
1.22478e+07, 3.4106e+06, 0
2.06257e+07, 3.04738e+06, 0
1.37156e+07, 5.15699e+06, 0
1.75647e+07, 7.52016e+06, 0
3.02743e+07, 1.71089e+07, 0
1.86498e+07, 8.84335e+06, 0
1.14406e+07, 4.95082e+06, 0
1.31598e+07, 5.27388e+06, 0
1.29365e+07, 7.53537e+06, 0
1.93258e+07, 4.61997e+06, 0
3.04962e+07, 1.7257e+07, 0
8.66998e+06, 1.94564e+06, 0
2.4567e+07, 3.79311e+06, 0
1.46437e+07, 7.91117e+06, 0
2.38933e+07, 1.13389e+07, 0
1.31441e+07, 6.55085e+06, 0
2.29022e+07, 1.11367e+07, 0
1.32183e+07, 5.90151e+06, 0
3.29113e+07, 1.37082e+07, 0
1.50748e+07, 5.89095e+06, 0
2.09891e+07, 1.34541e+07, 0
1.26181e+07, 4.3188e+06, 0
1.96761e+07, 4.63361e+06, 0
2.77161e+07, 1.91333e+07, 0
3.27915e+07, 5.29717e+06, 0
1.01373e+07, 3.19164e+06, 0
1.3489e+07, 5.11773e+06, 0
1.08892e+07, 2.3899e+06, 0
1.97148e+07, 1.29929e+07, 0
1.65728e+07, 2.60364e+06, 0
2.81129e+07, 3.25318e+06, 0
1.7881e+07, 7.68583e+06, 0
1.75083e+07, 5.36159e+06, 0
1.60272e+07, 4.96257e+06, 0
2.42477e+07, 7.36253e+06, 0
3.59294e+07, 2.03138e+07, 0
2.2554e+07, 5.57699e+06, 0
2.29933e+07, 1.0933e+07, 0
8.77398e+06, 2.29847e+06, 0
1.30754e+07, 4.93673e+06, 0
2.81506e+07, 1.32968e+07, 0
1.9914e+07, 1.09852e+07, 0
1.06289e+07, 5.33293e+06, 0
1.58171e+07, 9.23409e+06, 0
1.4096e+07, 7.21403e+06, 0
2.27948e+07, 8.6939e+06, 0
1.24814e+07, 5.62726e+06, 0
1.14817e+07, 2.65991e+06, 0
1.34271e+07, 7.73712e+06, 0
1.01182e+07, 4.19133e+06, 0
1.1381e+07, 4.78696e+06, 0
2.39293e+07, 1.4937e+07, 0
1.20422e+07, 1.82912e+06, 0
1.17005e+07, 4.35077e+06, 0
1.5083e+07, 6.78381e+06, 0
1.29032e+07, 7.24966e+06, 0
2.48238e+07, 1.09264e+07, 0
1.95852e+07, 1.18634e+07, 0
1.81862e+07, 7.03643e+06, 0
2.37952e+07, 9.85049e+06, 0
1.30652e+07, 3.51504e+06, 0
4.88493e+07, 2.25493e+07, 0
1.87852e+07, 3.00093e+06, 0
3.95321e+07, 7.87237e+06, 0
1.98697e+07, 1.18294e+07, 0
2.0437e+07, 1.16305e+07, 0
2.2402e+07, 1.1539e+07, 0
2.27811e+07, 1.16544e+07, 0
2.51134e+07, 1.71853e+07, 0
9.38169e+06, 2.87045e+06, 0
2.86883e+07, 5.26704e+06, 0
3.31342e+07, 1.49631e+07, 0
3.23478e+07, 1.44921e+07, 0
1.16914e+07, 296028, 0
1.67417e+07, 5.23029e+06, 0
2.62642e+07, 5.56178e+06, 0
2.04001e+07, 1.10382e+07, 0
2.65392e+07, 1.15729e+07, 0
2.17345e+07, 5.34643e+06, 0
2.0905e+07, 1.19297e+07, 0
2.48872e+07, 8.0497e+06, 0
2.5783e+07, 1.17714e+07, 0
2.57858e+07, 1.21949e+07, 0
1.54496e+07, 7.30948e+06, 0
1.76799e+07, 7.79852e+06, 0
1.21522e+07, 2.99662e+06, 0
2.80021e+07, 1.453e+07, 0
3.18134e+07, 3.32689e+06, 0
1.1788e+07, 5.82605e+06, 0
2.89178e+07, 1.75646e+07, 0
1.88049e+07, 7.5865e+06, 0
2.03153e+07, 2.27978e+06, 0
2.13851e+07, 8.3699e+06, 0
1.91068e+07, 1.04849e+07, 0
1.89734e+07, 9.43092e+06, 0
3.35878e+07, 1.28414e+07, 0
1.30529e+07, 5.62871e+06, 0
2.23972e+07, 7.23068e+06, 0
1.9484e+07, 1.21722e+07, 0
1.38521e+07, 4.11645e+06, 0
2.21017e+07, 1.21676e+07, 0
3.28776e+07, 2.04721e+07, 0
3.20162e+07, 1.18026e+07, 0
1.06757e+07, 2.41484e+06, 0
1.72454e+07, 4.71161e+06, 0
1.49978e+07, 6.09328e+06, 0
2.53281e+07, 2.05998e+06, 0
3.42093e+07, 2.2565e+07, 0
1.344e+07, 7.72586e+06, 0
1.66644e+07, 4.40191e+06, 0
2.56225e+07, 4.43917e+06, 0
3.2346e+07, 2.18822e+07, 0
2.13851e+07, 1.19553e+07, 0
2.47756e+07, 9.94212e+06, 0
3.30697e+07, 2.05326e+07, 0
1.85884e+07, 9.13569e+06, 0
2.4671e+07, 3.60853e+06, 0
1.96733e+07, 7.5441e+06, 0
3.48024e+07, 1.2443e+07, 0
3.11956e+07, 7.96222e+06, 0
9.12288e+06, 491709, 0
1.6524e+07, 1.68292e+06, 0
2.91887e+07, 2.02233e+07, 0
2.32196e+07, 1.57023e+07, 0
3.17378e+07, 6.72138e+06, 0
3.05696e+07, 2.01419e+07, 0
2.04919e+07, 4.9224e+06, 0
3.49879e+07, 1.6303e+07, 0
1.8983e+07, 1.0139e+07, 0
2.58924e+07, 6.97949e+06, 0
2.49983e+07, 1.4513e+07, 0
1.96722e+07, 5.62727e+06, 0
2.89142e+07, 3.72728e+06, 0
1.24902e+07, 700362, 0
2.79139e+07, 1.57506e+07, 0
2.87747e+07, 8.78265e+06, 0
1.27952e+07, 2.25698e+06, 0
1.18585e+07, 4.02999e+06, 0
1.81751e+07, 1.1147e+07, 0
3.04921e+07, 7.52439e+06, 0
1.52028e+07, 8.85811e+06, 0
1.84366e+07, 1.10052e+07, 0
1.27999e+07, 6.71579e+06, 0
2.74021e+07, 1.66945e+07, 0
3.03496e+07, 1.03906e+07, 0
2.03192e+07, 1.15555e+07, 0
1.89424e+07, 3.05529e+06, 0
3.5875e+07, 6.02541e+06, 0
2.10377e+07, 6.93748e+06, 0
2.23011e+07, 1.48803e+07, 0
1.51933e+07, 4.42266e+06, 0
1.64287e+07, 5.89192e+06, 0
2.52447e+07, 2.91482e+06, 0
1.36511e+07, 7.71661e+06, 0
2.92289e+07, 1.40075e+07, 0
1.35845e+07, 1.85437e+06, 0
2.45683e+07, 4.73598e+06, 0
1.9009e+07, 1.17209e+07, 0
3.83756e+07, 6.58864e+06, 0
2.30252e+07, 1.55237e+07, 0
3.29278e+07, 1.44297e+07, 0
3.42612e+07, 8.66614e+06, 0
1.96605e+07, 4.83093e+06, 0
2.96774e+07, 1.48147e+07, 0
1.72694e+07, 9.62821e+06, 0
1.36043e+07, 7.29574e+06, 0
1.95286e+07, 3.80888e+06, 0
1.29679e+07, 168641, 0
2.57899e+07, 8.46223e+06, 0
2.7581e+07, 3.10325e+06, 0
3.27334e+07, 1.24803e+07, 0
2.7638e+07, 7.63816e+06, 0
2.04074e+07, 1.71028e+06, 0
1.98237e+07, 9.27076e+06, 0
2.51062e+07, 1.67575e+07, 0
2.39894e+07, 8.22617e+06, 0
1.5751e+07, 7.22077e+06, 0
2.3791e+07, 1.10736e+07, 0
5.17589e+07, 2.70585e+07, 0
2.20043e+07, 1.2202e+07, 0
1.94779e+07, 1.25996e+07, 0
1.38389e+07, 7.81123e+06, 0
1.94976e+07, 6.26201e+06, 0
2.91247e+07, 1.29634e+07, 0
2.09219e+07, 9.40119e+06, 0
2.26148e+07, 1.47251e+07, 0
3.0942e+07, 1.26907e+07, 0
1.21945e+07, 2.80821e+06, 0
2.08843e+07, 1.30733e+07, 0
3.13141e+07, 6.53126e+06, 0
2.20116e+07, 5.42148e+06, 0
3.85088e+07, 1.10632e+07, 0
1.07912e+07, 4.40235e+06, 0
1.89049e+07, 1.17898e+07, 0
2.55144e+07, 7.59144e+06, 0
2.83576e+07, 2.85273e+06, 0
3.13963e+07, 1.34379e+07, 0
1.88819e+07, 9.08149e+06, 0
2.34461e+07, 7.32051e+06, 0
1.84862e+07, 4.84729e+06, 0
9.18805e+06, 2.54766e+06, 0
1.72791e+07, 7.84802e+06, 0
1.36466e+07, 5.53912e+06, 0
1.56279e+07, 9.84846e+06, 0
1.14734e+07, 4.39962e+06, 0
2.32271e+07, 1.37719e+07, 0
2.81822e+07, 1.38037e+07, 0
2.01349e+07, 4.50242e+06, 0
2.38644e+07, 8.67826e+06, 0
1.51628e+07, 8.67482e+06, 0
2.46599e+07, 5.37424e+06, 0
3.2131e+07, 8.87947e+06, 0
1.80762e+07, 7.20705e+06, 0
1.9722e+07, 4.16951e+06, 0
1.27264e+07, 3.56647e+06, 0
1.84462e+07, 8.7166e+06, 0
1.69244e+07, 7.6125e+06, 0
2.74288e+07, 6.86598e+06, 0
1.65734e+07, 9.6598e+06, 0
1.6957e+07, 6.3166e+06, 0
1.57412e+07, 8.2274e+06, 0
1.24671e+07, 5.38621e+06, 0
2.28435e+07, 1.26421e+07, 0
2.33021e+07, 9.74053e+06, 0
2.0436e+07, 1.17512e+07, 0
1.36634e+07, 6.61099e+06, 0
2.81905e+07, 1.39201e+07, 0
1.75176e+07, 3.2586e+06, 0
2.02194e+07, 5.07353e+06, 0
1.56715e+07, 8.3329e+06, 0
2.66235e+07, 1.06599e+07, 0
9.93229e+06, 2.06895e+06, 0
1.54412e+07, 8.38244e+06, 0
2.09325e+07, 1.40358e+07, 0
2.77239e+07, 1.58665e+07, 0
2.59124e+07, 9.7205e+06, 0
2.24958e+07, 4.71745e+06, 0
2.44358e+07, 2.73173e+06, 0
1.92632e+07, 1.02134e+07, 0
1.6393e+07, 1.0208e+07, 0
2.40109e+07, 7.88849e+06, 0
1.18027e+07, 3.01964e+06, 0
2.04703e+07, 5.01289e+06, 0
1.88633e+07, 5.88323e+06, 0
1.16216e+07, 4.35443e+06, 0
1.65923e+07, 9.28676e+06, 0
1.71352e+07, 8.19208e+06, 0
2.89781e+07, 1.36864e+07, 0
2.98929e+07, 1.06063e+07, 0
1.67186e+07, 8.23921e+06, 0
3.04882e+07, 8.91459e+06, 0
1.26144e+07, 7.00039e+06, 0
2.059e+07, 1.04618e+07, 0
2.25562e+07, 1.21333e+07, 0
2.44668e+07, 9.69427e+06, 0
3.52985e+07, 2.38227e+07, 0
2.40775e+07, 1.42837e+07, 0
9.58061e+06, 4.2066e+06, 0
1.27739e+07, 5.4254e+06, 0
1.56593e+07, 6.55547e+06, 0
3.11472e+07, 8.47197e+06, 0
2.78096e+07, 1.57956e+07, 0
3.44176e+07, 4.06914e+06, 0
1.90003e+07, 1.0115e+07, 0
2.74631e+07, 1.61566e+07, 0
1.71161e+07, 1.09393e+07, 0
2.32481e+07, 1.37958e+07, 0
2.51217e+07, 1.51352e+07, 0
9.84567e+06, 2.69426e+06, 0
3.05156e+07, 1.54412e+07, 0
1.4208e+07, 565307, 0
1.73793e+07, 4.7694e+06, 0
2.24656e+07, 1.52193e+07, 0
3.81692e+07, 1.19334e+07, 0
1.73042e+07, 1.07039e+07, 0
2.34915e+07, 1.13596e+07, 0
2.09393e+07, 7.18168e+06, 0
2.47113e+07, 1.00169e+07, 0
3.71309e+07, 1.09413e+07, 0
1.88018e+07, 7.86381e+06, 0
1.86636e+07, 4.94261e+06, 0
2.47507e+07, 4.99295e+06, 0
2.38093e+07, 4.95427e+06, 0
3.70148e+07, 2.46547e+07, 0
2.02039e+07, 1.24594e+07, 0
2.69825e+07, 1.50102e+07, 0
3.33429e+07, 1.0697e+07, 0
1.74183e+07, 2.78088e+06, 0
2.52569e+07, 1.64273e+07, 0
2.0433e+07, 3.92769e+06, 0
1.11393e+07, 4.04197e+06, 0
2.4175e+07, 1.53377e+07, 0
1.04012e+07, 4.19152e+06, 0
1.94156e+07, 1.11988e+07, 0
1.77075e+07, 6.11523e+06, 0
1.10988e+07, 4.6787e+06, 0
1.78716e+07, 9.73573e+06, 0
1.8312e+07, 6.06673e+06, 0
2.36136e+07, 3.62126e+06, 0
2.38634e+07, 1.50784e+07, 0
1.8356e+07, 5.25814e+06, 0
1.4535e+07, 2.33575e+06, 0
1.59893e+07, 4.78601e+06, 0
1.76141e+07, 6.86935e+06, 0
3.41285e+07, 2.14455e+07, 0
1.3233e+07, 5.46478e+06, 0
2.01304e+07, 9.03765e+06, 0
1.38216e+07, 3.30727e+06, 0
1.21558e+07, 5.56432e+06, 0
9.25502e+06, 1.992e+06, 0
1.61983e+07, 5.23142e+06, 0
2.31222e+07, 7.13624e+06, 0
1.88516e+07, 1.24389e+07, 0
1.46837e+07, 8.36444e+06, 0
2.07865e+07, 1.11368e+07, 0
2.55346e+07, 1.23051e+07, 0
1.45383e+07, 6.31256e+06, 0
1.75518e+07, 1.04497e+07, 0
1.21523e+07, 2.46049e+06, 0
1.27275e+07, 2.00367e+06, 0
3.70029e+07, 9.3813e+06, 0
1.27996e+07, 5.50354e+06, 0
2.5701e+07, 1.46826e+07, 0
1.91529e+07, 6.50686e+06, 0
1.80527e+07, 6.65339e+06, 0
1.60102e+07, 8.46315e+06, 0
3.53455e+07, 5.1315e+06, 0
2.96557e+07, 8.14119e+06, 0
1.72566e+07, 7.32986e+06, 0
2.81129e+07, 1.43731e+07, 0
3.72888e+07, 1.26846e+07, 0
1.27749e+07, 6.19991e+06, 0
3.08257e+07, 1.49703e+07, 0
1.5136e+07, 5.4083e+06, 0
2.61273e+07, 6.68983e+06, 0
4.4235e+07, 8.03479e+06, 0
2.20332e+07, 9.93592e+06, 0
1.00288e+07, 1.17802e+06, 0
1.56314e+07, 5.14855e+06, 0
2.4073e+07, 2.65972e+06, 0
1.39384e+07, 8.34422e+06, 0
1.43813e+07, 4.14523e+06, 0
2.24667e+07, 1.37464e+07, 0
3.08847e+07, 3.30266e+06, 0
2.793e+07, 4.19887e+06, 0
1.20635e+07, 5.16506e+06, 0
1.6592e+07, 7.74565e+06, 0
1.18729e+07, 6.38073e+06, 0
1.67e+07, 8.22995e+06, 0
2.66571e+07, 9.59771e+06, 0
1.35377e+07, 4.02676e+06, 0
1.81094e+07, 1.34909e+06, 0
9.22035e+06, 2.8608e+06, 0
1.87608e+07, 1.18096e+07, 0
2.16302e+07, 6.19299e+06, 0
2.79645e+07, 1.65409e+07, 0
2.06268e+07, 1.11381e+07, 0
1.33528e+07, 2.58977e+06, 0
1.72661e+07, 9.3926e+06, 0
3.43155e+07, 2.3206e+07, 0
1.4163e+07, 1.75732e+06, 0
2.70972e+07, 1.21992e+07, 0
1.28979e+07, 7.28822e+06, 0
1.38527e+07, 3.11312e+06, 0
1.97652e+07, 1.26368e+07, 0
1.77875e+07, 8.96051e+06, 0
2.16498e+07, 1.23765e+07, 0
2.12113e+07, 1.21173e+07, 0
2.10758e+07, 1.3179e+07, 0
1.76547e+07, 4.47502e+06, 0
1.78903e+07, 6.07111e+06, 0
1.63782e+07, 7.64803e+06, 0
1.4171e+07, 3.29071e+06, 0
1.47889e+07, 8.64278e+06, 0
1.96928e+07, 1.07268e+07, 0
1.64764e+07, 6.83868e+06, 0
1.44901e+07, 6.7198e+06, 0
1.69353e+07, 6.41662e+06, 0
3.57054e+07, 2.33765e+07, 0
8.74047e+06, 2.32424e+06, 0
2.63612e+07, 1.58508e+07, 0
1.54872e+07, 5.01813e+06, 0
1.69043e+07, 7.213e+06, 0
1.16124e+07, 5.80408e+06, 0
1.94386e+07, 4.31306e+06, 0
2.36318e+07, 1.19615e+07, 0
2.35597e+07, 1.21357e+07, 0
2.0892e+07, 7.65521e+06, 0
2.28421e+07, 6.66581e+06, 0
1.3228e+07, 4.13565e+06, 0
1.11329e+07, 3.93207e+06, 0
2.25968e+07, 7.80613e+06, 0
1.6825e+07, 5.35272e+06, 0
2.21145e+07, 1.09162e+07, 0
1.43286e+07, 6.0647e+06, 0
1.53581e+07, 1.91753e+06, 0
2.98975e+07, 9.03652e+06, 0
2.98775e+07, 1.34749e+07, 0
2.46185e+07, 1.09595e+07, 0
1.45934e+07, 6.31539e+06, 0
1.71769e+07, 4.49786e+06, 0
1.3679e+07, 8.21314e+06, 0
1.51406e+07, 7.49407e+06, 0
2.90998e+07, 8.59424e+06, 0
1.73913e+07, 9.17436e+06, 0
3.83256e+07, 2.52634e+07, 0
1.53261e+07, 9.49906e+06, 0
3.14642e+07, 1.96176e+07, 0
1.78645e+07, 7.68847e+06, 0
8.88674e+06, 3.19635e+06, 0
2.66625e+07, 1.40838e+07, 0
1.70899e+07, 9.22471e+06, 0
2.10245e+07, 1.30717e+07, 0
1.57884e+07, 5.73306e+06, 0
3.88105e+07, 9.37791e+06, 0
2.08663e+07, 1.22214e+07, 0
2.2994e+07, 1.05198e+07, 0
2.96772e+07, 1.69285e+07, 0
1.95682e+07, 6.35292e+06, 0
4.3488e+07, 1.88256e+07, 0
1.79201e+07, 8.40007e+06, 0
7.74346e+06, 449145, 0
1.34211e+07, 4.53195e+06, 0
2.66343e+07, 3.95448e+06, 0
1.67713e+07, 8.01252e+06, 0
2.85675e+07, 1.38976e+07, 0
2.8022e+07, 1.14266e+07, 0
2.23825e+07, 1.00516e+07, 0
1.47207e+07, 6.4476e+06, 0
1.58689e+07, 5.08513e+06, 0
1.55393e+07, 8.64986e+06, 0
3.78426e+07, 2.00132e+07, 0
2.2559e+07, 1.33648e+07, 0
3.50178e+07, 1.23161e+07, 0
1.96398e+07, 9.79939e+06, 0
2.55223e+07, 9.99068e+06, 0
1.50073e+07, 7.7121e+06, 0
1.29597e+07, 5.79734e+06, 0
3.1392e+07, 1.31801e+07, 0
2.12919e+07, 1.20463e+07, 0
2.25146e+07, 1.30106e+07, 0
2.07112e+07, 1.15385e+07, 0
2.43315e+07, 8.24081e+06, 0
1.32595e+07, 5.38563e+06, 0
2.79728e+07, 3.52479e+06, 0
9.97262e+06, 2.96137e+06, 0
1.40817e+07, 7.55766e+06, 0
1.1985e+07, 1.98529e+06, 0
1.80567e+07, 6.0175e+06, 0
1.28138e+07, 2.79863e+06, 0
1.64947e+07, 9.81863e+06, 0
2.89944e+07, 1.0094e+07, 0
2.04185e+07, 8.53366e+06, 0
2.85843e+07, 1.5484e+07, 0
2.27257e+07, 9.53864e+06, 0
1.56391e+07, 6.62514e+06, 0
1.34029e+07, 1.39911e+06, 0
3.57817e+07, 1.87096e+07, 0
1.15566e+07, 6.02573e+06, 0
2.71142e+07, 1.10487e+07, 0
9.87621e+06, 2.67669e+06, 0
1.6912e+07, 6.14705e+06, 0
2.76418e+07, 6.9227e+06, 0
3.36102e+07, 1.13435e+07, 0
2.58769e+07, 4.70927e+06, 0
1.10094e+07, 5.46777e+06, 0
2.20505e+07, 5.90287e+06, 0
2.29375e+07, 7.47905e+06, 0
2.65807e+07, 1.33661e+07, 0
2.41474e+07, 1.4865e+07, 0
1.9161e+07, 3.55692e+06, 0
2.0811e+07, 7.61179e+06, 0
3.63842e+07, 2.46474e+07, 0
2.12057e+07, 1.02183e+07, 0
4.42572e+07, 1.69913e+07, 0
2.97151e+07, 1.73117e+07, 0
1.54531e+07, 3.03462e+06, 0
2.13645e+07, 1.02257e+07, 0
2.3892e+07, 1.03946e+07, 0
4.21543e+07, 1.02606e+07, 0
3.31113e+07, 1.7963e+06, 0
2.40803e+07, 1.04741e+07, 0
2.80004e+07, 1.24559e+07, 0
1.67777e+07, 5.51e+06, 0
2.37082e+07, 1.03797e+07, 0
1.66358e+07, 2.27644e+06, 0
1.64477e+07, 7.45634e+06, 0
1.66355e+07, 8.71447e+06, 0
1.89492e+07, 5.59795e+06, 0
4.19414e+07, 2.1347e+07, 0
1.57157e+07, 7.87974e+06, 0
2.60807e+07, 1.39785e+07, 0
1.70689e+07, 8.39412e+06, 0
4.42443e+07, 1.30618e+07, 0
1.73686e+07, 7.75072e+06, 0
1.58413e+07, 9.8864e+06, 0
1.46627e+07, 5.74353e+06, 0
1.45951e+07, 5.90322e+06, 0
2.08354e+07, 3.06508e+06, 0
2.7687e+07, 1.29262e+07, 0
4.56348e+07, 1.02258e+07, 0
3.51397e+07, 1.20398e+07, 0
1.03136e+07, 4.06017e+06, 0
1.1689e+07, 5.60365e+06, 0
2.24793e+07, 3.79339e+06, 0
3.08372e+07, 1.60083e+07, 0
9.00653e+06, 3.14278e+06, 0
2.07044e+07, 1.17375e+07, 0
1.9264e+07, 1.04999e+07, 0
2.16317e+07, 9.52067e+06, 0
2.63826e+07, 612909, 0
2.59022e+07, 4.26742e+06, 0
1.40344e+07, 5.51485e+06, 0
3.64412e+07, 1.77961e+07, 0
1.42358e+07, 6.49326e+06, 0
2.11647e+07, 2.90865e+06, 0
2.91544e+07, 1.12884e+07, 0
3.03565e+07, 7.65163e+06, 0
1.52796e+07, 2.9556e+06, 0
2.6847e+07, 1.66949e+07, 0
4.68215e+07, 2.39199e+07, 0
1.67302e+07, 4.90553e+06, 0
1.42203e+07, 6.58379e+06, 0
1.5648e+07, 7.80875e+06, 0
3.36865e+07, 1.92927e+07, 0
2.02648e+07, 8.02405e+06, 0
1.36061e+07, 4.98933e+06, 0
2.56447e+07, 6.47542e+06, 0
1.90073e+07, 9.50848e+06, 0
1.59418e+07, 4.73734e+06, 0
3.05356e+07, 1.15707e+07, 0
1.39639e+07, 8.22259e+06, 0
2.33477e+07, 1.09353e+07, 0
2.03055e+07, 8.64836e+06, 0
2.29453e+07, 9.15773e+06, 0
2.41623e+07, 1.5642e+07, 0
8.68794e+06, 1.87952e+06, 0
1.76061e+07, 2.67697e+06, 0
3.23352e+07, 2.19381e+07, 0
4.13635e+07, 1.98559e+07, 0
2.04886e+07, 1.30489e+07, 0
2.07963e+07, 3.44891e+06, 0
1.29519e+07, 7.59184e+06, 0
1.39305e+07, 4.71225e+06, 0
1.97039e+07, 9.28766e+06, 0
3.52813e+07, 1.39456e+07, 0
3.1003e+07, 1.29495e+07, 0
1.22654e+07, 1.1436e+06, 0
2.63718e+07, 1.32714e+07, 0
3.79084e+07, 2.52249e+07, 0
2.69205e+07, 3.1698e+06, 0
2.11369e+07, 5.7288e+06, 0
1.36914e+07, 5.55823e+06, 0
1.62255e+07, 9.41721e+06, 0
2.29901e+07, 1.15686e+07, 0
2.0997e+07, 3.24253e+06, 0
1.39506e+07, 3.7557e+06, 0
9.90594e+06, 4.39199e+06, 0
1.15146e+07, 6.26286e+06, 0
1.44695e+07, 8.94473e+06, 0
1.95775e+07, 6.84132e+06, 0
2.82127e+07, 9.17855e+06, 0
3.19717e+07, 1.91966e+07, 0
1.08967e+07, 4.55848e+06, 0
3.34961e+07, 1.99163e+07, 0
1.05915e+07, 3.05792e+06, 0
1.46644e+07, 7.67737e+06, 0
1.79917e+07, 6.93106e+06, 0
3.3212e+07, 6.34123e+06, 0
2.7934e+07, 1.15474e+07, 0
2.60919e+07, 8.75639e+06, 0
1.8323e+07, 1.13046e+07, 0
2.21259e+07, 1.29358e+07, 0
3.26383e+07, 8.65388e+06, 0
3.76162e+07, 1.48783e+07, 0
2.70802e+07, 1.47231e+07, 0
1.8178e+07, 4.71916e+06, 0
1.73497e+07, 9.55828e+06, 0
1.83069e+07, 1.15032e+07, 0
1.68844e+07, 9.41091e+06, 0
1.33844e+07, 5.96716e+06, 0
2.18067e+07, 6.33907e+06, 0
1.85708e+07, 7.4015e+06, 0
1.55287e+07, 867334, 0
1.34915e+07, 2.13969e+06, 0
3.24206e+07, 6.4281e+06, 0
2.65028e+07, 3.14393e+06, 0
1.28748e+07, 4.26653e+06, 0
1.98378e+07, 5.02491e+06, 0
2.45194e+07, 8.55614e+06, 0
1.7139e+07, 8.35992e+06, 0
2.16105e+07, 6.10695e+06, 0
2.95335e+07, 1.38895e+07, 0
2.12642e+07, 1.14686e+07, 0
1.48412e+07, 8.61139e+06, 0
1.1072e+07, 3.33306e+06, 0
1.53492e+07, 2.74736e+06, 0
2.2179e+07, 1.49263e+07, 0
2.89034e+07, 1.7607e+07, 0
1.30348e+07, 7.20305e+06, 0
1.45046e+07, 8.894e+06, 0
1.0422e+07, 3.6117e+06, 0
2.99946e+07, 4.13207e+06, 0
1.26246e+07, 7.04292e+06, 0
2.87124e+07, 3.09748e+06, 0
1.73917e+07, 1.08862e+07, 0
3.06623e+07, 2.12443e+07, 0
3.7343e+07, 1.56421e+07, 0
2.46401e+07, 8.98092e+06, 0
1.81013e+07, 1.00282e+07, 0
4.01572e+07, 9.28217e+06, 0
1.9326e+07, 9.91595e+06, 0
1.53002e+07, 7.32825e+06, 0
1.93109e+07, 1.09415e+07, 0
2.50787e+07, 6.76551e+06, 0
2.4634e+07, 1.18318e+07, 0
3.37917e+07, 7.91748e+06, 0
2.56178e+07, 1.45587e+07, 0
2.09857e+07, 8.64884e+06, 0
2.5427e+07, 1.49279e+07, 0
1.35456e+07, 5.96599e+06, 0
1.40116e+07, 3.91025e+06, 0
2.74195e+07, 1.8341e+07, 0
2.24435e+07, 8.86e+06, 0
1.81075e+07, 1.13771e+07, 0
2.6859e+07, 6.07698e+06, 0
2.04095e+07, 9.71305e+06, 0
1.43065e+07, 6.63644e+06, 0
3.03045e+07, 1.46345e+07, 0
1.35402e+07, 6.42895e+06, 0
1.42742e+07, 6.56376e+06, 0
1.5776e+07, 9.89665e+06, 0
1.01554e+07, 470975, 0
1.75064e+07, 1.06557e+07, 0
3.10441e+07, 1.71709e+07, 0
2.51746e+07, 7.48753e+06, 0
1.94769e+07, 1.27996e+07, 0
1.05314e+07, 4.07515e+06, 0
2.06537e+07, 7.99959e+06, 0
2.00541e+07, 9.42329e+06, 0
1.25523e+07, 3.98459e+06, 0
1.70972e+07, 8.66486e+06, 0
1.29452e+07, 4.73444e+06, 0
1.64774e+07, 3.01015e+06, 0
3.1384e+07, 1.79081e+07, 0
1.75505e+07, 1.01682e+06, 0
2.83536e+07, 1.79962e+07, 0
1.1758e+07, 4.27217e+06, 0
1.28167e+07, 5.19136e+06, 0
2.09059e+07, 5.34118e+06, 0
1.24885e+07, 2.76116e+06, 0
1.60086e+07, 9.3042e+06, 0
4.36792e+07, 1.70177e+07, 0
1.64471e+07, 8.05997e+06, 0
1.64625e+07, 9.6523e+06, 0
1.59762e+07, 4.58445e+06, 0
2.16323e+07, 1.18905e+07, 0
1.87972e+07, 7.04424e+06, 0
1.73949e+07, 1.07703e+07, 0
1.35172e+07, 5.17518e+06, 0
3.52737e+07, 1.68626e+07, 0
1.72947e+07, 5.95294e+06, 0
2.74072e+07, 1.20214e+07, 0
1.96887e+07, 9.11874e+06, 0
3.56752e+07, 1.8226e+07, 0
2.34975e+07, 1.15423e+07, 0
1.83924e+07, 9.80523e+06, 0
1.86237e+07, 6.78983e+06, 0
2.24913e+07, 1.43436e+07, 0
2.18112e+07, 8.88276e+06, 0
1.63299e+07, 5.84444e+06, 0
1.72469e+07, 7.843e+06, 0
1.23413e+07, 5.82857e+06, 0
2.5655e+07, 4.22484e+06, 0
1.9881e+07, 5.65334e+06, 0
1.2996e+07, 6.33235e+06, 0
3.41909e+07, 2.07607e+07, 0
2.06644e+07, 5.76701e+06, 0
1.17026e+07, 3.18244e+06, 0
1.50263e+07, 8.79522e+06, 0
2.75196e+07, 1.02771e+07, 0
5.13523e+07, 1.94635e+07, 0
2.10788e+07, 6.02864e+06, 0
1.6843e+07, 5.5708e+06, 0
2.68349e+07, 1.79743e+07, 0
1.72841e+07, 7.45264e+06, 0
1.85215e+07, 2.20449e+06, 0
1.32513e+07, 7.8425e+06, 0
3.6345e+07, 2.35938e+07, 0
1.31138e+07, 6.27742e+06, 0
2.7588e+07, 1.36022e+07, 0
2.11645e+07, 6.85499e+06, 0
2.16097e+07, 8.29427e+06, 0
4.44175e+07, 1.95523e+07, 0
1.65117e+07, 8.43465e+06, 0
1.10472e+07, 5.02333e+06, 0
1.80336e+07, 6.27873e+06, 0
2.07612e+07, 3.55208e+06, 0
1.70781e+07, 7.36864e+06, 0
4.02421e+07, 1.241e+07, 0
3.27822e+07, 1.11429e+07, 0
1.60944e+07, 6.83622e+06, 0
2.9567e+07, 1.68443e+07, 0
2.14161e+07, 5.726e+06, 0
3.76209e+07, 4.86819e+06, 0
3.69261e+07, 9.3911e+06, 0
1.8875e+07, 1.0086e+07, 0
1.80726e+07, 1.13561e+07, 0
2.91276e+07, 2.20189e+06, 0
1.53062e+07, 2.2511e+06, 0
1.82413e+07, 5.24218e+06, 0
1.19625e+07, 5.89149e+06, 0
2.09738e+07, 5.99552e+06, 0
2.03715e+07, 9.26083e+06, 0
4.31546e+07, 3.64504e+06, 0
1.7235e+07, 9.53091e+06, 0
1.96074e+07, 5.68768e+06, 0
2.57064e+07, 1.05522e+07, 0
1.15256e+07, 6.1677e+06, 0
1.9826e+07, 1.23987e+07, 0
2.01647e+07, 8.6113e+06, 0
2.43638e+07, 6.29083e+06, 0
1.3695e+07, 4.95669e+06, 0
1.75914e+07, 5.76437e+06, 0
2.42507e+07, 1.23144e+07, 0
1.9748e+07, 4.00379e+06, 0
2.48468e+07, 1.04489e+07, 0
2.50004e+07, 3.72364e+06, 0
1.84379e+07, 9.60008e+06, 0
3.94597e+07, 1.93382e+07, 0
1.75614e+07, 1.04442e+07, 0
1.92125e+07, 1.74364e+06, 0
2.53461e+07, 1.52488e+07, 0
1.68886e+07, 8.43745e+06, 0
1.82712e+07, 1.16149e+07, 0
3.30571e+07, 6.00246e+06, 0
2.84762e+07, 1.32041e+07, 0
2.60596e+07, 5.61232e+06, 0
1.70403e+07, 6.6429e+06, 0
1.16786e+07, 2.80536e+06, 0
2.23637e+07, 1.16394e+07, 0
3.96105e+07, 1.89332e+07, 0
1.77915e+07, 8.26763e+06, 0
3.62925e+07, 2.32456e+07, 0
2.38221e+07, 4.27132e+06, 0
1.47444e+07, 5.10958e+06, 0
2.51852e+07, 1.06588e+07, 0
1.12705e+07, 3.09436e+06, 0
1.20558e+07, 3.91969e+06, 0
2.12616e+07, 1.43126e+07, 0
2.24027e+07, 9.93075e+06, 0
1.23552e+07, 3.58357e+06, 0
9.50936e+06, 4.16629e+06, 0
1.70669e+07, 9.18208e+06, 0
1.76128e+07, 6.18005e+06, 0
3.05124e+07, 6.33107e+06, 0
2.79209e+07, 4.23193e+06, 0
2.67998e+07, 1.08358e+07, 0
1.59835e+07, 5.43037e+06, 0
4.10385e+07, 9.19764e+06, 0
8.64163e+06, 3.05945e+06, 0
2.35309e+07, 1.72418e+06, 0
3.73595e+07, 2.59282e+07, 0
2.75654e+07, 3.2953e+06, 0
2.14207e+07, 1.0858e+07, 0
2.1429e+07, 9.06276e+06, 0
1.01305e+07, 3.52964e+06, 0
1.42607e+07, 6.63643e+06, 0
3.47368e+07, 8.28557e+06, 0
1.71141e+07, 8.2317e+06, 0
2.84603e+07, 5.28486e+06, 0
2.06022e+07, 1.2274e+07, 0
1.83293e+07, 8.36688e+06, 0
1.83227e+07, 7.47107e+06, 0
1.61409e+07, 2.279e+06, 0
1.65656e+07, 5.87417e+06, 0
2.69068e+07, 1.11843e+07, 0
3.57246e+07, 9.75865e+06, 0
2.08506e+07, 1.37173e+07, 0
3.25456e+07, 1.06545e+07, 0
1.34609e+07, 3.29876e+06, 0
1.29031e+07, 865882, 0
1.48682e+07, 3.21295e+06, 0
1.53156e+07, 6.85366e+06, 0
3.0963e+07, 3.17188e+06, 0
2.06341e+07, 6.50792e+06, 0
1.32593e+07, 6.23784e+06, 0
1.51915e+07, 4.12845e+06, 0
1.85313e+07, 1.18836e+07, 0
2.26694e+07, 7.53985e+06, 0
1.95339e+07, 4.52785e+06, 0
2.00716e+07, 9.68017e+06, 0
1.33509e+07, 4.64502e+06, 0
2.52164e+07, 6.53626e+06, 0
2.00197e+07, 8.07072e+06, 0
1.19017e+07, 4.23954e+06, 0
2.92014e+07, 6.77503e+06, 0
2.37205e+07, 1.32589e+06, 0
2.38991e+07, 1.22235e+07, 0
1.63947e+07, 8.89866e+06, 0
1.61265e+07, 1.00641e+07, 0
1.58466e+07, 6.31675e+06, 0
2.15854e+07, 8.29009e+06, 0
1.52693e+07, 5.62174e+06, 0
4.26458e+07, 1.76707e+07, 0
1.78477e+07, 5.52361e+06, 0
3.02783e+07, 3.12579e+06, 0
8.27563e+06, 1.53165e+06, 0
1.27131e+07, 5.46348e+06, 0
1.77332e+07, 6.09492e+06, 0
1.34709e+07, 2.84424e+06, 0
8.48932e+06, 1.30417e+06, 0
1.27875e+07, 3.81666e+06, 0
2.01429e+07, 7.10874e+06, 0
1.68435e+07, 7.30403e+06, 0
1.92742e+07, 1.10284e+07, 0
1.44746e+07, 8.15012e+06, 0
2.12225e+07, 1.34631e+07, 0
2.15531e+07, 7.19047e+06, 0
7.95974e+06, 1.00828e+06, 0
2.00147e+07, 1.33026e+07, 0
2.46652e+07, 1.0646e+07, 0
2.93123e+07, 1.04639e+07, 0
1.47984e+07, 7.13855e+06, 0
2.42261e+07, 7.91206e+06, 0
2.43971e+07, 9.01886e+06, 0
2.18792e+07, 1.11835e+06, 0
8.64772e+06, 1.27767e+06, 0
3.71987e+07, 1.25341e+07, 0
1.83704e+07, 9.51354e+06, 0
2.42213e+07, 1.39088e+07, 0
1.37245e+07, 5.94624e+06, 0
2.32611e+07, 1.42289e+07, 0
3.36129e+07, 1.36886e+07, 0
2.64862e+07, 3.45693e+06, 0
1.54038e+07, 2.83261e+06, 0
2.58496e+07, 1.23318e+07, 0
1.86588e+07, 7.68614e+06, 0
2.47852e+07, 1.4601e+07, 0
3.38075e+07, 4.33136e+06, 0
1.75844e+07, 4.72033e+06, 0
1.64457e+07, 8.05308e+06, 0
1.55168e+07, 8.10932e+06, 0
4.18228e+07, 1.68781e+07, 0
1.98103e+07, 7.5281e+06, 0
1.20909e+07, 6.06411e+06, 0
1.54478e+07, 7.3289e+06, 0
2.4466e+07, 2.27478e+06, 0
2.06495e+07, 1.19173e+07, 0
2.85167e+07, 9.77229e+06, 0
1.67919e+07, 9.26399e+06, 0
1.9896e+07, 3.65332e+06, 0
1.44398e+07, 4.37034e+06, 0
2.23492e+07, 5.54933e+06, 0
3.89426e+07, 2.71436e+07, 0
2.9114e+07, 5.74459e+06, 0
2.90807e+07, 1.16588e+07, 0
1.45638e+07, 8.01588e+06, 0
2.24139e+07, 1.04857e+07, 0
1.53525e+07, 7.6114e+06, 0
1.03954e+07, 3.7964e+06, 0
8.65449e+06, 2.33766e+06, 0
9.86002e+06, 3.76735e+06, 0
1.74725e+07, 1.0195e+07, 0
1.24259e+07, 5.16064e+06, 0
2.15921e+07, 7.62834e+06, 0
9.85731e+06, 3.49121e+06, 0
1.49938e+07, 4.83931e+06, 0
2.34485e+07, 1.53163e+07, 0
1.62552e+07, 6.42048e+06, 0
1.96499e+07, 1.09797e+07, 0
2.532e+07, 1.53299e+07, 0
2.29637e+07, 1.32548e+07, 0
2.73578e+07, 8.00984e+06, 0
1.86964e+07, 8.61419e+06, 0
1.18942e+07, 6.47282e+06, 0
1.55714e+07, 1.26247e+06, 0
2.84236e+07, 1.80942e+07, 0
3.20599e+07, 1.151e+07, 0
1.38607e+07, 7.58414e+06, 0
2.34579e+07, 1.32274e+07, 0
3.05384e+07, 1.76124e+07, 0
1.74906e+07, 5.04582e+06, 0
2.41649e+07, 2.00128e+06, 0
1.16591e+07, 6.01593e+06, 0
3.35625e+07, 1.3358e+07, 0
1.74735e+07, 7.282e+06, 0
2.47078e+07, 1.6403e+07, 0
2.5177e+07, 1.65513e+07, 0
9.16016e+06, 3.6138e+06, 0
1.15111e+07, 1.56119e+06, 0
2.02216e+07, 6.7437e+06, 0
2.17478e+07, 1.42012e+07, 0
2.94405e+07, 1.79079e+07, 0
3.44991e+07, 5.10205e+06, 0
1.34665e+07, 7.21656e+06, 0
3.44825e+07, 2.01498e+07, 0
1.23512e+07, 3.11918e+06, 0
1.64681e+07, 1.00751e+07, 0
1.49653e+07, 9.25225e+06, 0
2.87338e+07, 1.53146e+07, 0
2.12708e+07, 1.20883e+07, 0
1.81858e+07, 7.0695e+06, 0
2.1856e+07, 3.08478e+06, 0
2.08648e+07, 4.80156e+06, 0
1.40654e+07, 3.84343e+06, 0
2.33904e+07, 9.72093e+06, 0
2.65044e+07, 1.74996e+07, 0
1.52168e+07, 1.63333e+06, 0
1.30192e+07, 3.23031e+06, 0
2.13777e+07, 4.68938e+06, 0
2.73137e+07, 1.61449e+07, 0
1.67363e+07, 4.52278e+06, 0
3.32242e+07, 7.49225e+06, 0
1.56747e+07, 9.52802e+06, 0
1.93895e+07, 6.65619e+06, 0
2.8698e+07, 3.66346e+06, 0
3.69822e+07, 2.25671e+07, 0
2.73488e+07, 3.84165e+06, 0
2.93206e+07, 4.06459e+06, 0
1.30382e+07, 4.65785e+06, 0
2.68171e+07, 6.78327e+06, 0
1.45279e+07, 7.66078e+06, 0
2.3449e+07, 1.54102e+07, 0
2.01758e+07, 9.70147e+06, 0
2.23912e+07, 8.18679e+06, 0
2.37939e+07, 1.40723e+07, 0
2.88171e+07, 5.82401e+06, 0
1.89281e+07, 8.22389e+06, 0
1.93387e+07, 1.24292e+07, 0
3.29734e+07, 1.02109e+07, 0
1.70155e+07, 7.53504e+06, 0
1.81224e+07, 7.60746e+06, 0
1.64354e+07, 4.26615e+06, 0
1.54751e+07, 8.51112e+06, 0
1.04428e+07, 2.7761e+06, 0
2.27137e+07, 3.13088e+06, 0
2.12896e+07, 9.19774e+06, 0
4.24337e+07, 1.03938e+07, 0
2.90032e+07, 1.87078e+07, 0
4.32924e+07, 1.78599e+07, 0
2.02201e+07, 6.48237e+06, 0
1.11004e+07, 5.43741e+06, 0
1.44452e+07, 7.79223e+06, 0
1.34919e+07, 4.73351e+06, 0
2.59164e+07, 1.36129e+07, 0
2.35327e+07, 3.58078e+06, 0
2.02105e+07, 1.17562e+07, 0
3.32602e+07, 1.62131e+07, 0
2.55635e+07, 1.53459e+07, 0
2.6627e+07, 1.54301e+07, 0
2.06428e+07, 5.5422e+06, 0
1.78642e+07, 8.42606e+06, 0
2.31781e+07, 1.12235e+07, 0
3.19741e+07, 1.6631e+07, 0
3.09204e+07, 8.87311e+06, 0
3.7128e+07, 8.75717e+06, 0
2.00501e+07, 5.68665e+06, 0
2.56832e+07, 2.32012e+06, 0
2.27522e+07, 6.20666e+06, 0
3.10168e+07, 1.57162e+07, 0
2.78565e+07, 1.37503e+07, 0
1.45096e+07, 6.00776e+06, 0
2.4911e+07, 1.4064e+07, 0
1.43074e+07, 5.77856e+06, 0
1.12543e+07, 2.13722e+06, 0
1.0675e+07, 5.42785e+06, 0
1.12328e+07, 1.42471e+06, 0
2.07109e+07, 1.10102e+07, 0
2.4269e+07, 1.60166e+07, 0
2.09296e+07, 9.93379e+06, 0
1.57852e+07, 2.95151e+06, 0
2.61711e+07, 5.22855e+06, 0
2.98398e+07, 1.26729e+07, 0
2.42423e+07, 9.40091e+06, 0
3.05959e+07, 1.4988e+07, 0
1.60553e+07, 2.87076e+06, 0
1.67932e+07, 7.07978e+06, 0
1.403e+07, 4.51851e+06, 0
2.22755e+07, 1.11547e+07, 0
2.81954e+07, 7.63106e+06, 0
1.73196e+07, 4.43582e+06, 0
2.23656e+07, 7.78101e+06, 0
2.63242e+07, 1.52351e+07, 0
1.42749e+07, 6.69657e+06, 0
1.32216e+07, 6.93416e+06, 0
3.59968e+07, 1.31263e+07, 0
2.35958e+07, 6.04171e+06, 0
3.41703e+07, 4.94619e+06, 0
1.39326e+07, 5.0138e+06, 0
1.78365e+07, 3.81315e+06, 0
3.20811e+07, 3.29787e+06, 0
1.93327e+07, 5.90297e+06, 0
3.0333e+07, 1.608e+07, 0
1.57291e+07, 6.68375e+06, 0
1.32042e+07, 3.98657e+06, 0
3.56464e+07, 7.82824e+06, 0
2.29153e+07, 1.44951e+07, 0
1.73282e+07, 1.07487e+07, 0
1.58425e+07, 5.62591e+06, 0
1.93031e+07, 1.18719e+07, 0
2.03521e+07, 9.48727e+06, 0
1.89107e+07, 9.76963e+06, 0
1.50033e+07, 6.39664e+06, 0
2.70926e+07, 1.05057e+07, 0
1.45743e+07, 6.35552e+06, 0
1.60571e+07, 5.01657e+06, 0
2.02303e+07, 1.30699e+07, 0
2.66051e+07, 1.07148e+07, 0
2.98973e+07, 7.2159e+06, 0
1.94293e+07, 8.48342e+06, 0
3.62138e+07, 1.22036e+07, 0
3.07261e+07, 2.14516e+07, 0
2.75114e+07, 1.48865e+07, 0
1.33866e+07, 6.60832e+06, 0
2.92197e+07, 1.21476e+07, 0
2.69365e+07, 1.55169e+07, 0
1.27986e+07, 6.22629e+06, 0
2.5813e+07, 1.14337e+07, 0
4.12663e+07, 1.07372e+07, 0
2.05014e+07, 1.33415e+07, 0
1.51881e+07, 8.53017e+06, 0
1.74248e+07, 5.12527e+06, 0
1.13894e+07, 3.88647e+06, 0
2.73138e+07, 1.15076e+07, 0
9.86893e+06, 4.01123e+06, 0
1.60669e+07, 2.6987e+06, 0
2.05858e+07, 4.69356e+06, 0
1.46224e+07, 8.3069e+06, 0
2.93064e+07, 6.34836e+06, 0
1.83746e+07, 2.64752e+06, 0
2.58595e+07, 2.66224e+06, 0
1.8527e+07, 1.03355e+07, 0
1.27403e+07, 4.68202e+06, 0
3.53274e+07, 1.94021e+07, 0
1.95717e+07, 2.53935e+06, 0
3.21647e+07, 6.1094e+06, 0
2.45678e+07, 1.49598e+07, 0
2.42724e+07, 1.10766e+07, 0
1.04795e+07, 2.65317e+06, 0
9.47581e+06, 2.052e+06, 0
1.02212e+07, 1.52069e+06, 0
1.9945e+07, 7.78353e+06, 0
1.04335e+07, 1.5627e+06, 0
1.48134e+07, 8.07984e+06, 0
3.33615e+07, 8.15218e+06, 0
1.30175e+07, 7.12449e+06, 0
1.74566e+07, 5.36595e+06, 0
2.16243e+07, 5.53844e+06, 0
3.44339e+07, 5.50144e+06, 0
3.34813e+07, 1.83619e+06, 0
8.96231e+06, 1.99479e+06, 0
2.93377e+07, 1.35563e+07, 0
1.60648e+07, 9.39282e+06, 0
2.03719e+07, 1.04892e+07, 0
2.50737e+07, 8.52144e+06, 0
3.32391e+07, 2.23058e+07, 0
7.98505e+06, 1.47466e+06, 0
1.40444e+07, 6.39161e+06, 0
1.27611e+07, 5.5291e+06, 0
2.71833e+07, 8.24625e+06, 0
2.49542e+07, 1.02246e+07, 0
1.66914e+07, 6.5918e+06, 0
1.56059e+07, 6.54305e+06, 0
3.45218e+07, 1.40534e+07, 0
1.26315e+07, 3.31582e+06, 0
4.48396e+07, 1.07111e+07, 0
1.96233e+07, 9.93528e+06, 0
1.90773e+07, 4.75101e+06, 0
1.07892e+07, 3.88269e+06, 0
1.58011e+07, 6.16272e+06, 0
1.09294e+07, 4.84853e+06, 0
3.05665e+07, 1.39294e+07, 0
2.75424e+07, 4.7561e+06, 0
2.11843e+07, 1.31037e+07, 0
3.61383e+07, 2.38103e+07, 0
1.2695e+07, 7.23753e+06, 0
2.18134e+07, 2.47175e+06, 0
1.49043e+07, 3.37525e+06, 0
1.55301e+07, 4.15794e+06, 0
9.39419e+06, 4.04262e+06, 0
2.20756e+07, 1.39547e+07, 0
2.69286e+07, 6.69874e+06, 0
1.21464e+07, 5.58172e+06, 0
1.75194e+07, 9.36552e+06, 0
2.13225e+07, 5.13546e+06, 0
1.22733e+07, 6.92057e+06, 0
1.47937e+07, 6.90958e+06, 0
1.20158e+07, 2.9334e+06, 0
2.00499e+07, 4.89819e+06, 0
1.71535e+07, 2.52316e+06, 0
1.90901e+07, 6.68595e+06, 0
2.23477e+07, 5.04705e+06, 0
1.29416e+07, 3.17222e+06, 0
2.28214e+07, 1.32035e+07, 0
1.26397e+07, 2.17353e+06, 0
2.21717e+07, 7.36957e+06, 0
2.77818e+07, 8.7623e+06, 0
8.78698e+06, 844910, 0
3.23378e+07, 2.06487e+07, 0
3.91753e+07, 1.95325e+07, 0
1.49786e+07, 8.04247e+06, 0
1.28911e+07, 7.47098e+06, 0
2.26369e+07, 5.26881e+06, 0
2.40602e+07, 7.94922e+06, 0
2.14807e+07, 8.03194e+06, 0
2.11847e+07, 8.94937e+06, 0
2.05713e+07, 1.34292e+07, 0
1.99683e+07, 1.03031e+07, 0
2.59017e+07, 1.0971e+07, 0
2.63721e+07, 1.79289e+07, 0
2.88016e+07, 1.31705e+06, 0
1.51828e+07, 8.0536e+06, 0
2.66731e+07, 1.43225e+07, 0
2.06032e+07, 1.207e+07, 0
3.42725e+07, 1.28759e+07, 0
2.09807e+07, 1.23939e+07, 0
1.69876e+07, 9.35666e+06, 0
2.38469e+07, 5.96951e+06, 0
2.36877e+07, 6.8176e+06, 0
1.50995e+07, 6.4377e+06, 0
2.78744e+07, 1.80977e+07, 0
2.259e+07, 2.37305e+06, 0
2.22504e+07, 1.42952e+07, 0
2.78422e+07, 6.00526e+06, 0
1.38371e+07, 5.00367e+06, 0
2.1013e+07, 6.64232e+06, 0
1.03561e+07, 3.03343e+06, 0
3.65307e+07, 1.418e+07, 0
1.66132e+07, 6.2201e+06, 0
1.61448e+07, 8.75916e+06, 0
2.13714e+07, 1.3709e+07, 0
2.88623e+07, 5.18471e+06, 0
2.19999e+07, 1.45437e+07, 0
1.7764e+07, 1.07452e+07, 0
1.86716e+07, 5.67285e+06, 0
1.97009e+07, 1.00395e+07, 0
1.50438e+07, 8.46789e+06, 0
2.49863e+07, 5.46066e+06, 0
3.07415e+07, 1.55304e+07, 0
1.98624e+07, 1.15214e+07, 0
1.86135e+07, 3.90791e+06, 0
3.83749e+07, 1.71879e+07, 0
2.04195e+07, 1.14584e+07, 0
1.88788e+07, 2.63194e+06, 0
9.82226e+06, 2.89093e+06, 0
3.01705e+07, 1.90151e+07, 0
1.94904e+07, 1.29068e+07, 0
1.86557e+07, 7.34777e+06, 0
1.9137e+07, 1.05684e+06, 0
2.30787e+07, 7.93151e+06, 0
3.31111e+07, 1.55545e+07, 0
1.96168e+07, 1.02125e+07, 0
1.03397e+07, 2.84115e+06, 0
2.79056e+07, 1.64071e+07, 0
2.65693e+07, 5.72869e+06, 0
2.29584e+07, 9.54594e+06, 0
2.40297e+07, 5.41544e+06, 0
2.60002e+07, 1.54652e+07, 0
1.90158e+07, 9.39154e+06, 0
3.11774e+07, 7.16648e+06, 0
1.49283e+07, 5.34099e+06, 0
1.66504e+07, 8.82825e+06, 0
2.56194e+07, 1.32566e+07, 0
3.72901e+07, 1.41061e+07, 0
3.19555e+07, 1.13181e+07, 0
2.88654e+07, 1.58304e+07, 0
1.59473e+07, 8.62245e+06, 0
1.68622e+07, 7.03523e+06, 0
1.96888e+07, 1.08133e+07, 0
1.60495e+07, 2.21601e+06, 0
1.25557e+07, 5.47507e+06, 0
1.4297e+07, 7.27681e+06, 0
1.12354e+07, 3.35269e+06, 0
1.89624e+07, 9.30246e+06, 0
1.99074e+07, 1.10029e+07, 0
1.63295e+07, 6.06427e+06, 0
2.67985e+07, 8.26937e+06, 0
2.31923e+07, 4.56887e+06, 0
1.21543e+07, 6.92456e+06, 0
3.86893e+07, 2.1639e+07, 0
2.60976e+07, 1.48878e+07, 0
1.53296e+07, 8.84056e+06, 0
3.55847e+07, 9.25443e+06, 0
1.2452e+07, 3.43862e+06, 0
2.69547e+07, 6.55077e+06, 0
2.00624e+07, 8.40966e+06, 0
2.17037e+07, 3.27254e+06, 0
2.40448e+07, 8.44708e+06, 0
1.49176e+07, 9.11687e+06, 0
1.33828e+07, 7.30417e+06, 0
2.96428e+07, 1.04161e+07, 0
1.48036e+07, 7.99032e+06, 0
3.05773e+07, 2.02414e+07, 0
1.84581e+07, 8.29523e+06, 0
1.65319e+07, 4.44632e+06, 0
2.42361e+07, 7.41595e+06, 0
1.77359e+07, 9.53485e+06, 0
4.06867e+07, 1.64243e+07, 0
1.00818e+07, 3.04903e+06, 0
1.54598e+07, 7.79215e+06, 0
2.34506e+07, 2.48752e+06, 0
2.82335e+07, 6.5679e+06, 0
2.59148e+07, 1.24945e+07, 0
1.30716e+07, 3.54306e+06, 0
1.30437e+07, 2.74253e+06, 0
1.56215e+07, 8.61903e+06, 0
2.55299e+07, 1.38619e+07, 0
1.55852e+07, 8.53471e+06, 0
9.48959e+06, 2.34285e+06, 0
1.02899e+07, 4.28662e+06, 0
3.0664e+07, 1.64219e+07, 0
4.42983e+07, 3.14011e+07, 0
1.14917e+07, 1.44277e+06, 0
1.63623e+07, 1.03372e+07, 0
1.41108e+07, 5.07274e+06, 0
2.48659e+07, 1.67997e+07, 0
2.33237e+07, 1.17098e+07, 0
1.26024e+07, 5.75141e+06, 0
1.24983e+07, 2.49935e+06, 0
5.15773e+07, 2.39641e+07, 0
3.14177e+07, 1.23721e+07, 0
1.99409e+07, 1.07705e+07, 0
1.10224e+07, 4.60207e+06, 0
2.44008e+07, 9.03048e+06, 0
1.93624e+07, 1.12782e+07, 0
1.86062e+07, 3.02534e+06, 0
3.83823e+07, 1.80892e+07, 0
1.80153e+07, 7.015e+06, 0
2.05403e+07, 1.01346e+07, 0
1.49822e+07, 5.74635e+06, 0
2.40402e+07, 9.06298e+06, 0
1.54118e+07, 4.85469e+06, 0
1.3996e+07, 4.50648e+06, 0
2.36842e+07, 1.32277e+07, 0
1.31306e+07, 5.06503e+06, 0
1.29789e+07, 4.82943e+06, 0
2.35333e+07, 5.10973e+06, 0
2.22994e+07, 7.42724e+06, 0
2.07431e+07, 1.13492e+07, 0
1.77812e+07, 5.22949e+06, 0
1.10529e+07, 3.9177e+06, 0
1.80689e+07, 1.14732e+07, 0
1.77018e+07, 4.51868e+06, 0
1.89282e+07, 794951, 0
3.13558e+07, 1.22261e+07, 0
1.6353e+07, 8.4387e+06, 0
3.48016e+07, 1.02044e+07, 0
1.84914e+07, 7.57009e+06, 0
2.23876e+07, 7.29263e+06, 0
3.34384e+07, 1.37306e+07, 0
1.33621e+07, 7.25936e+06, 0
1.96102e+07, 9.97005e+06, 0
2.05034e+07, 1.29246e+07, 0
1.73145e+07, 9.8419e+06, 0
1.77652e+07, 6.94948e+06, 0
2.68886e+07, 9.68127e+06, 0
2.23599e+07, 385281, 0
2.19698e+07, 9.6192e+06, 0
1.15114e+07, 4.59587e+06, 0
9.88486e+06, 1.84151e+06, 0
3.0362e+07, 1.2562e+07, 0
2.38898e+07, 1.56148e+07, 0
2.74581e+07, 1.22749e+07, 0
2.00211e+07, 6.41901e+06, 0
1.481e+07, 9.13085e+06, 0
2.05106e+07, 9.00645e+06, 0
3.25698e+07, 1.18111e+07, 0
3.18221e+07, 2.18143e+07, 0
1.52874e+07, 9.05571e+06, 0
2.29013e+07, 5.43612e+06, 0
1.24952e+07, 5.91293e+06, 0
2.10391e+07, 1.93614e+06, 0
3.10297e+07, 7.44701e+06, 0
2.41992e+07, 1.35403e+07, 0
2.36882e+07, 1.54202e+07, 0
2.43091e+07, 1.22816e+07, 0
2.19589e+07, 7.91132e+06, 0
2.3949e+07, 9.06338e+06, 0
2.26938e+07, 1.15119e+07, 0
3.32821e+07, 2.23601e+07, 0
3.68422e+07, 1.37435e+07, 0
2.75568e+07, 1.1597e+07, 0
2.23819e+07, 1.64544e+06, 0
1.35205e+07, 2.2131e+06, 0
2.12746e+07, 1.36814e+07, 0
2.13044e+07, 1.05892e+07, 0
2.34965e+07, 1.59967e+07, 0
2.81799e+07, 1.13921e+07, 0
1.48703e+07, 5.60101e+06, 0
2.20128e+07, 9.52798e+06, 0
2.76817e+07, 1.52769e+07, 0
2.24019e+07, 3.08011e+06, 0
2.1055e+07, 6.84305e+06, 0
1.58668e+07, 9.94785e+06, 0
2.60111e+07, 8.89411e+06, 0
2.23996e+07, 1.1014e+07, 0
1.60218e+07, 6.77828e+06, 0
1.86145e+07, 3.51283e+06, 0
2.39874e+07, 1.29663e+07, 0
1.02581e+07, 2.96426e+06, 0
2.49222e+07, 9.0831e+06, 0
2.03712e+07, 8.31128e+06, 0
1.01387e+07, 2.74423e+06, 0
9.55394e+06, 3.55451e+06, 0
1.5348e+07, 1.31159e+06, 0
1.00454e+07, 4.23765e+06, 0
2.49602e+07, 1.01495e+07, 0
9.88973e+06, 457264, 0
2.60841e+07, 9.06418e+06, 0
2.14521e+07, 5.72634e+06, 0
2.28327e+07, 1.22425e+07, 0
2.77611e+07, 9.20969e+06, 0
2.27777e+07, 1.52386e+07, 0
2.64679e+07, 8.92115e+06, 0
1.7134e+07, 9.43001e+06, 0
2.23455e+07, 5.56311e+06, 0
1.9985e+07, 6.36141e+06, 0
2.87272e+07, 1.70681e+07, 0
3.82638e+07, 2.1357e+07, 0
3.49756e+07, 7.27441e+06, 0
2.96136e+07, 1.54493e+07, 0
2.87298e+07, 1.06284e+07, 0
2.17403e+07, 1.36773e+07, 0
1.78331e+07, 6.2904e+06, 0
1.88031e+07, 6.93675e+06, 0
2.48258e+07, 8.17634e+06, 0
3.00227e+07, 1.17805e+07, 0
1.63905e+07, 5.81864e+06, 0
2.62225e+07, 5.70587e+06, 0
1.84486e+07, 2.90627e+06, 0
1.48446e+07, 6.81296e+06, 0
3.61978e+07, 5.85227e+06, 0
1.73243e+07, 4.34798e+06, 0
3.54818e+07, 7.85264e+06, 0
1.65863e+07, 5.72172e+06, 0
1.65106e+07, 1.00014e+07, 0
1.40558e+07, 6.91786e+06, 0
1.15764e+07, 2.16446e+06, 0
1.76467e+07, 1.14386e+07, 0
3.03952e+07, 8.74203e+06, 0
1.78304e+07, 4.39646e+06, 0
1.2144e+07, 4.68468e+06, 0
1.24936e+07, 6.92401e+06, 0
1.45385e+07, 1.21506e+06, 0
1.10301e+07, 4.00006e+06, 0
2.22601e+07, 7.77139e+06, 0
2.36496e+07, 1.4892e+07, 0
2.68414e+07, 1.15198e+07, 0
2.16401e+07, 1.1935e+07, 0
1.23322e+07, 3.97508e+06, 0
1.43995e+07, 8.81104e+06, 0
2.49271e+07, 6.57677e+06, 0
1.99779e+07, 1.70808e+06, 0
1.8908e+07, 1.10302e+07, 0
1.80804e+07, 1.05182e+07, 0
1.20652e+07, 6.75583e+06, 0
1.56169e+07, 7.715e+06, 0
2.94227e+07, 1.42204e+07, 0
2.18298e+07, 4.3429e+06, 0
3.58663e+07, 8.14837e+06, 0
2.5002e+07, 1.5094e+07, 0
2.78653e+07, 4.22908e+06, 0
1.62482e+07, 6.07407e+06, 0
1.68207e+07, 1.01729e+07, 0
3.44035e+07, 5.70914e+06, 0
2.5939e+07, 1.61524e+07, 0
2.27614e+07, 1.27253e+07, 0
2.21435e+07, 7.12363e+06, 0
1.80152e+07, 2.56242e+06, 0
4.65212e+07, 2.15199e+07, 0
1.89064e+07, 9.07117e+06, 0
4.11657e+07, 8.65472e+06, 0
1.53176e+07, 6.66895e+06, 0
3.01876e+07, 9.61555e+06, 0
3.59501e+07, 1.9655e+07, 0
1.04444e+07, 1.06207e+06, 0
3.87383e+07, 7.45698e+06, 0
2.24882e+07, 5.27715e+06, 0
2.52923e+07, 1.40237e+07, 0
2.73448e+07, 1.88837e+07, 0
1.72054e+07, 8.44094e+06, 0
1.94003e+07, 9.7091e+06, 0
2.62585e+07, 3.34126e+06, 0
1.98175e+07, 1.08359e+07, 0
1.14245e+07, 5.39854e+06, 0
3.00345e+07, 8.99487e+06, 0
3.88735e+07, 1.8863e+07, 0
1.71155e+07, 4.10504e+06, 0
1.91832e+07, 8.02103e+06, 0
3.19201e+07, 9.55231e+06, 0
3.1009e+07, 6.53241e+06, 0
2.14273e+07, 6.97621e+06, 0
2.53496e+07, 1.30503e+07, 0
3.01062e+07, 2.01752e+07, 0
9.31356e+06, 3.51149e+06, 0
2.02025e+07, 9.04197e+06, 0
1.92718e+07, 6.72774e+06, 0
1.42996e+07, 8.31808e+06, 0
3.44708e+07, 1.9643e+07, 0
1.32926e+07, 2.52304e+06, 0
2.79026e+07, 1.22749e+07, 0
1.98776e+07, 1.03214e+07, 0
1.92054e+07, 6.68641e+06, 0
2.00174e+07, 8.87905e+06, 0
2.09871e+07, 8.22238e+06, 0
2.41499e+07, 7.57168e+06, 0
1.43388e+07, 2.76416e+06, 0
1.30486e+07, 6.71752e+06, 0
1.62418e+07, 8.7506e+06, 0
2.3451e+07, 9.80949e+06, 0
2.428e+07, 1.38044e+07, 0
3.50402e+07, 1.33525e+07, 0
2.09334e+07, 1.25889e+07, 0
1.11401e+07, 4.66377e+06, 0
1.33754e+07, 6.99367e+06, 0
1.58426e+07, 4.06169e+06, 0
1.63351e+07, 2.62437e+06, 0
3.25229e+07, 8.8083e+06, 0
1.6885e+07, 6.65796e+06, 0
3.12085e+07, 1.50611e+07, 0
1.46968e+07, 8.60121e+06, 0
3.44016e+07, 1.88632e+07, 0
2.16723e+07, 4.80131e+06, 0
1.90075e+07, 8.76042e+06, 0
1.49227e+07, 6.75755e+06, 0
1.64397e+07, 8.82474e+06, 0
2.15365e+07, 1.05769e+07, 0
1.44395e+07, 6.29537e+06, 0
2.50012e+07, 1.53554e+07, 0
1.68896e+07, 7.84798e+06, 0
1.76056e+07, 5.30559e+06, 0
1.41831e+07, 8.42111e+06, 0
1.48268e+07, 9.20023e+06, 0
3.53363e+07, 2.43354e+07, 0
2.90768e+07, 1.96436e+07, 0
2.22181e+07, 1.14184e+07, 0
1.84339e+07, 4.24374e+06, 0
9.00012e+06, 887341, 0
4.5957e+07, 1.11259e+07, 0
1.35479e+07, 3.76261e+06, 0
2.64476e+07, 3.57144e+06, 0
2.02629e+07, 4.54979e+06, 0
1.84223e+07, 7.32377e+06, 0
2.10558e+07, 9.31068e+06, 0
2.04707e+07, 4.27889e+06, 0
1.50676e+07, 5.79227e+06, 0
3.12975e+07, 8.33715e+06, 0
2.24145e+07, 3.52766e+06, 0
1.09324e+07, 3.87399e+06, 0
2.66246e+07, 1.05968e+07, 0
1.93694e+07, 1.54205e+06, 0
2.48171e+07, 6.53503e+06, 0
1.99034e+07, 1.30761e+07, 0
1.51263e+07, 4.25826e+06, 0
2.26499e+07, 8.55168e+06, 0
2.24177e+07, 4.14412e+06, 0
2.77078e+07, 7.9326e+06, 0
2.7783e+07, 1.75799e+07, 0
2.4632e+07, 1.6348e+07, 0
2.13165e+07, 1.37167e+07, 0
3.18009e+07, 9.44112e+06, 0
1.83314e+07, 9.75652e+06, 0
3.83808e+07, 2.22396e+07, 0
1.90593e+07, 1.1565e+07, 0
1.16424e+07, 5.37192e+06, 0
3.12673e+07, 1.97325e+07, 0
2.43959e+07, 1.43238e+07, 0
2.46282e+07, 1.52848e+07, 0
2.75845e+07, 7.37078e+06, 0
2.50781e+07, 1.64532e+07, 0
1.73407e+07, 3.87004e+06, 0
3.52836e+07, 1.94409e+07, 0
2.28252e+07, 9.1274e+06, 0
2.76706e+07, 1.9157e+07, 0
1.94742e+07, 9.09792e+06, 0
2.31848e+07, 1.41555e+07, 0
1.9834e+07, 1.4197e+06, 0
3.69316e+07, 2.01097e+07, 0
1.68821e+07, 7.71447e+06, 0
3.4782e+07, 2.15854e+07, 0
2.30885e+07, 2.0124e+06, 0
2.87401e+07, 1.79154e+07, 0
3.08201e+07, 9.07082e+06, 0
4.27959e+07, 7.19772e+06, 0
2.94544e+07, 2.67228e+06, 0
2.64436e+07, 1.40405e+07, 0
1.82367e+07, 1.00153e+07, 0
1.5283e+07, 7.70216e+06, 0
3.00302e+07, 4.33289e+06, 0
1.64536e+07, 4.59802e+06, 0
4.86846e+07, 2.84156e+07, 0
2.12998e+07, 3.12757e+06, 0
3.82592e+07, 2.51046e+06, 0
2.78821e+07, 4.12674e+06, 0
1.16334e+07, 3.77067e+06, 0
1.53382e+07, 6.22834e+06, 0
3.41249e+07, 9.40266e+06, 0
1.60622e+07, 8.56588e+06, 0
1.73116e+07, 5.95533e+06, 0
3.38718e+07, 1.96684e+07, 0
1.9059e+07, 7.8113e+06, 0
1.34355e+07, 3.52809e+06, 0
2.27558e+07, 1.06808e+07, 0
5.50994e+07, 1.43701e+07, 0
1.53603e+07, 6.51693e+06, 0
3.28737e+07, 1.86943e+07, 0
1.35515e+07, 3.18948e+06, 0
9.63182e+06, 2.46536e+06, 0
1.58909e+07, 6.78014e+06, 0
3.41642e+07, 5.95441e+06, 0
1.62259e+07, 3.55223e+06, 0
1.84703e+07, 7.76591e+06, 0
2.03906e+07, 1.32367e+07, 0
2.7395e+07, 7.91561e+06, 0
1.29796e+07, 5.48893e+06, 0
1.71975e+07, 4.81263e+06, 0
3.2714e+07, 9.92769e+06, 0
2.93273e+07, 8.05318e+06, 0
2.6973e+07, 8.34616e+06, 0
1.42029e+07, 6.21245e+06, 0
1.70728e+07, 1.0984e+07, 0
2.33302e+07, 1.0381e+07, 0
8.92341e+06, 3.17147e+06, 0
2.09898e+07, 1.37785e+07, 0
1.83446e+07, 6.46203e+06, 0
2.46802e+07, 1.50968e+07, 0
2.58278e+07, 1.28565e+07, 0
1.91732e+07, 9.55654e+06, 0
1.81746e+07, 7.2544e+06, 0
2.70295e+07, 5.54283e+06, 0
2.66206e+07, 3.93214e+06, 0
1.72343e+07, 9.86374e+06, 0
1.24526e+07, 5.64591e+06, 0
9.8288e+06, 4.39397e+06, 0
2.02802e+07, 4.6772e+06, 0
1.97796e+07, 1.22808e+07, 0
3.99788e+07, 5.33699e+06, 0
3.2762e+07, 1.57126e+07, 0
2.16661e+07, 7.8721e+06, 0
1.69538e+07, 6.8902e+06, 0
3.62225e+07, 7.78788e+06, 0
3.33374e+07, 8.68537e+06, 0
1.57722e+07, 4.59938e+06, 0
1.87746e+07, 9.63104e+06, 0
1.82958e+07, 1.10252e+07, 0
2.71345e+07, 1.76563e+07, 0
2.62813e+07, 6.75664e+06, 0
3.69085e+07, 1.80277e+07, 0
1.86817e+07, 1.14135e+07, 0
1.57748e+07, 3.80457e+06, 0
2.87433e+07, 1.87523e+07, 0
1.27661e+07, 1.20592e+06, 0
1.31523e+07, 3.51976e+06, 0
2.29092e+07, 1.52167e+07, 0
1.70946e+07, 8.55649e+06, 0
1.77485e+07, 3.62294e+06, 0
2.69598e+07, 4.98564e+06, 0
2.81562e+07, 1.26389e+07, 0
2.42469e+07, 1.5856e+07, 0
2.03133e+07, 8.32086e+06, 0
1.62221e+07, 1.01784e+07, 0
2.44356e+07, 7.57935e+06, 0
2.68314e+07, 6.50269e+06, 0
2.09034e+07, 1.09375e+07, 0
2.08486e+07, 1.3515e+07, 0
1.77377e+07, 2.10381e+06, 0
1.7414e+07, 7.81317e+06, 0
1.58226e+07, 8.09857e+06, 0
1.48163e+07, 8.30088e+06, 0
9.68311e+06, 1.92952e+06, 0
