2.41992e+07, 1.26914e+07, 0
2.02849e+07, 9.04581e+06, 0
2.11819e+07, 5.70916e+06, 0
2.69717e+07, 4.73836e+06, 0
2.49669e+07, 6.85876e+06, 0
2.54679e+07, 1.33926e+07, 0
2.83409e+07, 7.39474e+06, 0
3.51526e+07, 1.79875e+07, 0
2.33349e+07, 1.31209e+07, 0
1.63577e+07, 8.4486e+06, 0
2.59504e+07, 1.10172e+07, 0
1.94256e+07, 9.09953e+06, 0
1.48658e+07, 4.61433e+06, 0
2.56537e+07, 7.63463e+06, 0
3.02838e+07, 7.67702e+06, 0
2.95427e+07, 1.22003e+07, 0
2.59171e+07, 9.19726e+06, 0
2.73786e+07, 5.58072e+06, 0
2.63505e+07, 2.65484e+06, 0
1.23728e+07, 1.48733e+06, 0
2.28125e+07, 8.98889e+06, 0
2.28976e+07, 9.07884e+06, 0
2.24013e+07, 5.5291e+06, 0
2.16554e+07, 5.11302e+06, 0
2.225e+07, 6.38981e+06, 0
2.933e+07, 1.47984e+07, 0
2.95253e+07, 8.8848e+06, 0
2.41581e+07, 7.97379e+06, 0
2.46245e+07, 1.51646e+07, 0
2.211e+07, 1.63545e+06, 0
1.77536e+07, 9.58339e+06, 0
2.99777e+07, 1.07124e+07, 0
2.25337e+07, 7.49469e+06, 0
2.37995e+07, 1.03868e+07, 0
2.31148e+07, 3.90863e+06, 0
2.84164e+07, 1.73472e+07, 0
2.66998e+07, 1.00371e+07, 0
1.37221e+07, 1.7274e+06, 0
3.0274e+07, 5.56926e+06, 0
2.44092e+07, 3.40669e+06, 0
1.96955e+07, 7.08686e+06, 0
2.4069e+07, 8.31129e+06, 0
3.30183e+07, 9.99792e+06, 0
1.58785e+07, 3.18996e+06, 0
1.50565e+07, 3.86756e+06, 0
2.50062e+07, 3.55453e+06, 0
2.33354e+07, 1.09941e+07, 0
2.45038e+07, 1.19638e+07, 0
2.8063e+07, 1.1818e+07, 0
1.77786e+07, 1.59387e+06, 0
1.68755e+07, 6.95576e+06, 0
2.09757e+07, 4.81225e+06, 0
1.7156e+07, 7.02887e+06, 0
2.73273e+07, 1.20035e+07, 0
3.43212e+07, 2.04874e+07, 0
3.29432e+07, 5.00598e+06, 0
2.48994e+07, 1.59558e+07, 0
1.54354e+07, 6.72268e+06, 0
2.04454e+07, 5.22525e+06, 0
3.13176e+07, 2.73415e+06, 0
2.02643e+07, 9.98253e+06, 0
1.64536e+07, 5.09113e+06, 0
2.14386e+07, 1.27155e+07, 0
3.09357e+07, 1.70074e+07, 0
2.7968e+07, 1.10484e+07, 0
1.55901e+07, 4.05142e+06, 0
3.01118e+07, 1.76028e+07, 0
2.67357e+07, 1.15549e+07, 0
1.36173e+07, 5.46829e+06, 0
2.63869e+07, 6.36177e+06, 0
1.2593e+07, 1.5572e+06, 0
2.00973e+07, 1.78851e+06, 0
2.94174e+07, 8.18075e+06, 0
1.96363e+07, 1.00531e+07, 0
2.81472e+07, 1.73234e+07, 0
1.33891e+07, 2.10878e+06, 0
1.41947e+07, 4.94425e+06, 0
1.43495e+07, 6.07838e+06, 0
3.14348e+07, 8.55993e+06, 0
3.0308e+07, 1.8621e+07, 0
1.56206e+07, 6.43288e+06, 0
1.53116e+07, 4.00998e+06, 0
2.13495e+07, 1.24856e+07, 0
1.60699e+07, 4.44615e+06, 0
2.26236e+07, 1.12091e+07, 0
2.3017e+07, 1.23549e+07, 0
1.91621e+07, 6.26642e+06, 0
3.27828e+07, 1.46371e+07, 0
2.49653e+07, 1.49714e+07, 0
2.88932e+07, 1.89638e+07, 0
3.13553e+07, 4.70323e+06, 0
1.91088e+07, 6.33957e+06, 0
3.49617e+07, 8.59846e+06, 0
2.40881e+07, 6.27323e+06, 0
2.28351e+07, 8.93425e+06, 0
2.22833e+07, 6.68338e+06, 0
1.68397e+07, 5.20243e+06, 0
1.87767e+07, 9.94507e+06, 0
1.26148e+07, 2.69097e+06, 0
3.2154e+07, 1.15275e+07, 0
2.49071e+07, 1.45428e+07, 0
2.26039e+07, 7.52377e+06, 0
1.5649e+07, 6.46458e+06, 0
3.69006e+07, 3.65237e+06, 0
1.96674e+07, 7.85356e+06, 0
4.30563e+07, 2.2074e+07, 0
1.90718e+07, 1.57553e+06, 0
3.30579e+07, 4.73101e+06, 0
2.89612e+07, 1.02201e+07, 0
2.80992e+07, 1.68588e+07, 0
2.12509e+07, 1.17399e+07, 0
1.93319e+07, 7.55257e+06, 0
2.36769e+07, 1.4973e+07, 0
2.26229e+07, 6.86381e+06, 0
1.29643e+07, 4.13794e+06, 0
2.93565e+07, 1.09114e+07, 0
2.3668e+07, 1.46802e+07, 0
3.49049e+07, 1.939e+07, 0
4.56482e+07, 6.60834e+06, 0
3.95269e+07, 1.23219e+07, 0
2.30966e+07, 1.34209e+07, 0
2.33052e+07, 7.67401e+06, 0
2.82909e+07, 1.01649e+07, 0
2.05059e+07, 1.21773e+07, 0
1.83356e+07, 8.1482e+06, 0
2.49779e+07, 1.91923e+06, 0
2.01004e+07, 1.05851e+07, 0
1.49285e+07, 6.7655e+06, 0
1.52256e+07, 6.05111e+06, 0
2.09064e+07, 9.37754e+06, 0
2.85693e+07, 7.38029e+06, 0
2.08516e+07, 1.22861e+07, 0
2.35143e+07, 1.05956e+07, 0
2.14761e+07, 1.08387e+07, 0
3.07737e+07, 1.00489e+07, 0
3.47695e+07, 1.22544e+07, 0
3.0682e+07, 1.65119e+07, 0
1.6292e+07, 6.10398e+06, 0
1.71919e+07, 5.77035e+06, 0
2.00878e+07, 6.35205e+06, 0
1.29502e+07, 4.0963e+06, 0
2.5643e+07, 1.07922e+07, 0
1.34881e+07, 658912, 0
2.11062e+07, 6.66522e+06, 0
2.03628e+07, 5.59188e+06, 0
2.52733e+07, 4.16202e+06, 0
2.14086e+07, 1.23387e+07, 0
1.4293e+07, 5.70723e+06, 0
1.41875e+07, 5.43698e+06, 0
3.1229e+07, 1.19199e+07, 0
1.31091e+07, 2.96427e+06, 0
2.08712e+07, 1.21724e+07, 0
3.3065e+07, 5.39765e+06, 0
1.8744e+07, 8.43377e+06, 0
2.24041e+07, 1.27511e+07, 0
2.37918e+07, 6.69682e+06, 0
1.80457e+07, 3.70387e+06, 0
2.49349e+07, 1.55965e+07, 0
1.76759e+07, 4.29111e+06, 0
3.31624e+07, 5.75789e+06, 0
3.87563e+07, 1.61678e+07, 0
2.66356e+07, 1.72212e+07, 0
2.62253e+07, 1.64249e+07, 0
2.08988e+07, 1.07936e+07, 0
3.14495e+07, 1.88862e+07, 0
2.58278e+07, 2.45607e+06, 0
1.46647e+07, 5.06208e+06, 0
2.28625e+07, 4.04705e+06, 0
1.53754e+07, 3.91634e+06, 0
2.01523e+07, 1.14339e+07, 0
2.68752e+07, 5.93167e+06, 0
1.62649e+07, 4.89954e+06, 0
1.47379e+07, 1.7301e+06, 0
1.29024e+07, 4.51749e+06, 0
1.94245e+07, 1.14611e+07, 0
1.96141e+07, 1.14561e+07, 0
1.84763e+07, 7.14394e+06, 0
1.9236e+07, 3.76647e+06, 0
3.20174e+07, 1.1583e+07, 0
3.43395e+07, 9.19204e+06, 0
2.3977e+07, 1.19903e+07, 0
1.43263e+07, 5.37158e+06, 0
2.12055e+07, 1.2381e+07, 0
1.8548e+07, 1.01224e+07, 0
2.17157e+07, 8.95502e+06, 0
2.89104e+07, 6.81244e+06, 0
2.26039e+07, 9.39512e+06, 0
3.57564e+07, 1.64326e+07, 0
2.41858e+07, 6.10608e+06, 0
3.04668e+07, 6.60476e+06, 0
3.39147e+07, 7.16429e+06, 0
2.0972e+07, 5.7809e+06, 0
1.9533e+07, 4.63468e+06, 0
3.31624e+07, 1.24335e+07, 0
3.41073e+07, 1.26649e+07, 0
2.18479e+07, 1.31536e+07, 0
2.29375e+07, 6.69797e+06, 0
3.19593e+07, 6.52153e+06, 0
3.22673e+07, 1.49096e+07, 0
2.14871e+07, 1.20961e+07, 0
2.0969e+07, 1.07022e+07, 0
1.35713e+07, 2.6205e+06, 0
2.59907e+07, 1.66202e+07, 0
2.73642e+07, 1.3451e+07, 0
1.70993e+07, 5.00122e+06, 0
1.26703e+07, 1.12696e+06, 0
1.48881e+07, 3.14431e+06, 0
3.04651e+07, 1.7169e+07, 0
3.07745e+07, 8.40722e+06, 0
2.11923e+07, 7.60636e+06, 0
1.74099e+07, 2.07504e+06, 0
2.08258e+07, 1.02198e+07, 0
2.06541e+07, 5.6236e+06, 0
3.24936e+07, 1.8886e+07, 0
1.4625e+07, 1.97617e+06, 0
2.42282e+07, 6.34425e+06, 0
1.67035e+07, 7.10591e+06, 0
1.96186e+07, 4.3017e+06, 0
2.37233e+07, 1.04582e+07, 0
3.29017e+07, 1.38214e+07, 0
2.09534e+07, 5.30149e+06, 0
2.01091e+07, 9.01805e+06, 0
3.18376e+07, 1.18574e+07, 0
2.69418e+07, 1.16487e+07, 0
2.63856e+07, 1.1894e+07, 0
2.78135e+07, 1.18013e+07, 0
2.63812e+07, 4.16663e+06, 0
3.11038e+07, 8.12853e+06, 0
2.35529e+07, 236477, 0
2.52727e+07, 1.12283e+07, 0
2.50394e+07, 9.23445e+06, 0
3.25401e+07, 1.33846e+07, 0
2.15455e+07, 8.37784e+06, 0
1.97182e+07, 1.05327e+07, 0
1.63559e+07, 4.70247e+06, 0
1.83323e+07, 3.98509e+06, 0
2.73914e+07, 2.95436e+06, 0
1.62831e+07, 7.4097e+06, 0
1.77154e+07, 2.73405e+06, 0
2.80605e+07, 1.50271e+07, 0
2.01565e+07, 7.74366e+06, 0
2.60005e+07, 1.49125e+07, 0
3.42943e+07, 1.77808e+07, 0
3.74413e+07, 1.23039e+07, 0
1.72821e+07, 9.43825e+06, 0
1.72389e+07, 6.13632e+06, 0
1.47387e+07, 5.45296e+06, 0
1.90513e+07, 7.30607e+06, 0
1.71919e+07, 8.23342e+06, 0
2.19918e+07, 1.30817e+07, 0
2.53332e+07, 1.4836e+07, 0
2.58263e+07, 7.87227e+06, 0
1.67089e+07, 7.41558e+06, 0
3.72512e+07, 1.3573e+07, 0
2.28458e+07, 4.18581e+06, 0
2.9448e+07, 1.60522e+07, 0
1.53297e+07, 6.57454e+06, 0
1.75207e+07, 4.58588e+06, 0
2.38043e+07, 1.35105e+07, 0
2.18347e+07, 1.32053e+07, 0
1.6309e+07, 3.69832e+06, 0
3.37266e+07, 1.12574e+07, 0
2.87043e+07, 1.19754e+07, 0
3.59555e+07, 4.43645e+06, 0
1.9395e+07, 8.31098e+06, 0
1.76906e+07, 5.82711e+06, 0
1.56389e+07, 4.4889e+06, 0
2.35036e+07, 1.34918e+07, 0
2.81846e+07, 1.09226e+06, 0
1.70538e+07, 5.05294e+06, 0
2.95815e+07, 1.76957e+07, 0
2.21581e+07, 1.29698e+07, 0
2.50998e+07, 6.91041e+06, 0
2.4446e+07, 1.04857e+07, 0
1.75188e+07, 8.06498e+06, 0
1.8832e+07, 2.33131e+06, 0
3.55737e+07, 1.95416e+07, 0
2.2064e+07, 6.51201e+06, 0
2.25117e+07, 7.91608e+06, 0
1.53471e+07, 3.14883e+06, 0
1.32126e+07, 1.93673e+06, 0
2.71786e+07, 2.09081e+06, 0
2.50135e+07, 7.31147e+06, 0
1.9986e+07, 1.10171e+06, 0
2.10918e+07, 2.48428e+06, 0
2.66866e+07, 1.6203e+06, 0
2.5683e+07, 1.51584e+07, 0
3.38647e+07, 6.31645e+06, 0
2.4595e+07, 1.52685e+07, 0
3.2044e+07, 8.67139e+06, 0
1.65625e+07, 5.5711e+06, 0
1.61817e+07, 6.41975e+06, 0
1.3085e+07, 1.99961e+06, 0
2.84268e+07, 7.99407e+06, 0
2.22982e+07, 5.73295e+06, 0
2.07351e+07, 1.12374e+07, 0
2.36064e+07, 1.20484e+07, 0
2.18046e+07, 8.44403e+06, 0
2.48187e+07, 9.08425e+06, 0
2.41662e+07, 4.75568e+06, 0
3.06711e+07, 1.74503e+07, 0
2.16092e+07, 2.91751e+06, 0
2.34307e+07, 1.48185e+07, 0
2.90428e+07, 1.49406e+07, 0
2.55839e+07, 1.32716e+07, 0
2.08835e+07, 7.77638e+06, 0
2.22062e+07, 1.2242e+07, 0
1.67633e+07, 8.14128e+06, 0
1.55786e+07, 6.82317e+06, 0
1.5996e+07, 5.36172e+06, 0
3.49751e+07, 2.10087e+07, 0
1.45498e+07, 5.85933e+06, 0
1.71673e+07, 5.44071e+06, 0
2.39618e+07, 1.49972e+07, 0
1.7646e+07, 7.77658e+06, 0
3.92001e+07, 2.18456e+07, 0
1.69179e+07, 8.46125e+06, 0
2.12948e+07, 3.40356e+06, 0
2.90886e+07, 1.6796e+07, 0
4.0486e+07, 2.06591e+07, 0
2.14212e+07, 7.29812e+06, 0
2.59891e+07, 1.36071e+07, 0
2.27528e+07, 1.05998e+07, 0
3.01216e+07, 4.62267e+06, 0
1.22636e+07, 1.79709e+06, 0
2.70554e+07, 1.67457e+07, 0
3.43805e+07, 1.64767e+07, 0
3.38446e+07, 1.80403e+07, 0
3.24908e+07, 1.89355e+07, 0
1.96583e+07, 7.02981e+06, 0
1.79331e+07, 8.56395e+06, 0
2.04319e+07, 8.72297e+06, 0
3.10406e+07, 1.25242e+07, 0
2.18215e+07, 4.78664e+06, 0
2.34495e+07, 1.45791e+07, 0
1.81134e+07, 8.38276e+06, 0
2.46126e+07, 5.87854e+06, 0
2.22132e+07, 1.2442e+07, 0
2.61094e+07, 1.37653e+07, 0
1.48874e+07, 3.70927e+06, 0
1.88098e+07, 1.06936e+07, 0
1.57566e+07, 8.01093e+06, 0
1.72214e+07, 2.8554e+06, 0
2.01244e+07, 2.46767e+06, 0
1.72588e+07, 3.52008e+06, 0
2.0424e+07, 1.1924e+07, 0
2.67346e+07, 8.85881e+06, 0
2.15369e+07, 1.18155e+07, 0
1.90335e+07, 3.49189e+06, 0
1.7698e+07, 4.63689e+06, 0
2.06008e+07, 7.40971e+06, 0
2.25025e+07, 1.15169e+07, 0
2.13023e+07, 4.42074e+06, 0
3.08885e+07, 1.00974e+07, 0
2.09919e+07, 5.1486e+06, 0
2.53102e+07, 1.26985e+07, 0
1.26719e+07, 3.37024e+06, 0
3.17037e+07, 1.1287e+07, 0
1.99483e+07, 8.47897e+06, 0
1.97599e+07, 5.3844e+06, 0
1.84633e+07, 1.04482e+07, 0
3.09933e+07, 3.46566e+06, 0
2.67103e+07, 1.6246e+07, 0
3.38143e+07, 6.1454e+06, 0
2.84307e+07, 1.61375e+07, 0
1.16985e+07, 1.58486e+06, 0
1.68843e+07, 4.22023e+06, 0
1.24908e+07, 3.62514e+06, 0
2.71661e+07, 1.40506e+07, 0
3.24163e+07, 2.02688e+07, 0
2.29803e+07, 3.7344e+06, 0
2.14458e+07, 4.18621e+06, 0
2.82942e+07, 1.86624e+07, 0
2.93691e+07, 1.72697e+07, 0
4.25864e+07, 2.11553e+07, 0
2.00917e+07, 4.07854e+06, 0
1.7583e+07, 6.9388e+06, 0
4.15595e+07, 6.411e+06, 0
2.09147e+07, 1.18472e+07, 0
1.39602e+07, 1.68899e+06, 0
2.69436e+07, 1.35282e+07, 0
2.35559e+07, 6.11005e+06, 0
3.05497e+07, 1.21861e+06, 0
3.28763e+07, 1.00149e+07, 0
1.65962e+07, 3.94517e+06, 0
1.53902e+07, 5.87833e+06, 0
1.27069e+07, 2.81174e+06, 0
2.42512e+07, 1.38139e+07, 0
3.70948e+07, 1.1882e+07, 0
1.62432e+07, 6.58716e+06, 0
1.86392e+07, 6.19989e+06, 0
2.76318e+07, 8.9196e+06, 0
1.99074e+07, 6.32184e+06, 0
1.83014e+07, 6.95228e+06, 0
3.06731e+07, 1.09514e+07, 0
3.80191e+07, 8.65503e+06, 0
1.25401e+07, 2.88137e+06, 0
1.88749e+07, 1.06969e+07, 0
2.57169e+07, 1.098e+07, 0
1.37104e+07, 5.14253e+06, 0
2.53704e+07, 1.37223e+07, 0
2.50187e+07, 8.68973e+06, 0
1.51494e+07, 1.04534e+06, 0
1.87873e+07, 3.73682e+06, 0
2.24208e+07, 1.55288e+06, 0
2.32885e+07, 1.3765e+07, 0
1.70746e+07, 7.25785e+06, 0
1.66001e+07, 4.04621e+06, 0
1.67495e+07, 1.26439e+06, 0
1.43861e+07, 3.67451e+06, 0
3.18688e+07, 8.15678e+06, 0
3.10558e+07, 7.2561e+06, 0
1.70157e+07, 6.27275e+06, 0
3.2219e+07, 1.73595e+07, 0
2.56113e+07, 4.8717e+06, 0
2.3791e+07, 8.76924e+06, 0
1.95456e+07, 1.03145e+07, 0
2.47522e+07, 1.34172e+07, 0
3.01206e+07, 1.94402e+07, 0
2.63624e+07, 1.25733e+07, 0
1.98361e+07, 1.96014e+06, 0
3.33065e+07, 1.49894e+07, 0
2.55015e+07, 5.41964e+06, 0
1.45566e+07, 4.31164e+06, 0
2.00197e+07, 5.61165e+06, 0
1.94447e+07, 1.00349e+07, 0
2.52635e+07, 8.70809e+06, 0
1.44119e+07, 3.73567e+06, 0
2.56988e+07, 5.22011e+06, 0
2.56104e+07, 988376, 0
1.89285e+07, 9.16154e+06, 0
2.30913e+07, 7.51059e+06, 0
2.69199e+07, 4.79493e+06, 0
1.88231e+07, 1.00605e+07, 0
2.14628e+07, 9.99105e+06, 0
2.7703e+07, 1.39569e+07, 0
2.56503e+07, 9.83083e+06, 0
2.84546e+07, 8.05021e+06, 0
2.22833e+07, 9.39408e+06, 0
2.47015e+07, 4.1672e+06, 0
2.16974e+07, 1.18913e+06, 0
1.20963e+07, 2.78444e+06, 0
1.3764e+07, 4.01267e+06, 0
4.17641e+07, 1.14729e+07, 0
3.73348e+07, 1.2168e+07, 0
2.05999e+07, 9.67585e+06, 0
1.72019e+07, 2.41715e+06, 0
2.04763e+07, 9.44777e+06, 0
2.15841e+07, 8.62982e+06, 0
3.48359e+07, 7.79804e+06, 0
1.98365e+07, 9.90688e+06, 0
2.51862e+07, 7.24337e+06, 0
2.81299e+07, 8.16649e+06, 0
2.07976e+07, 6.08788e+06, 0
2.39674e+07, 3.26329e+06, 0
2.73157e+07, 1.21626e+07, 0
2.69741e+07, 1.44415e+07, 0
2.48993e+07, 3.46791e+06, 0
1.98361e+07, 556579, 0
1.21859e+07, 3.11267e+06, 0
1.79018e+07, 4.34872e+06, 0
3.07099e+07, 1.47012e+07, 0
3.35889e+07, 8.25865e+06, 0
1.32224e+07, 2.9131e+06, 0
2.48427e+07, 1.5802e+07, 0
1.80655e+07, 8.80143e+06, 0
3.93624e+07, 7.11244e+06, 0
2.30313e+07, 1.18158e+07, 0
2.50714e+07, 8.93351e+06, 0
1.47579e+07, 5.16251e+06, 0
2.50685e+07, 1.00405e+07, 0
1.54563e+07, 7.59177e+06, 0
1.35083e+07, 4.75428e+06, 0
2.1694e+07, 1.21498e+07, 0
2.27003e+07, 1.27902e+07, 0
3.69998e+07, 1.02601e+07, 0
3.26073e+07, 1.13249e+07, 0
1.909e+07, 9.01643e+06, 0
2.42189e+07, 8.03081e+06, 0
1.91711e+07, 1.12762e+07, 0
1.90047e+07, 1.06681e+07, 0
1.45827e+07, 4.99817e+06, 0
2.56081e+07, 1.33136e+07, 0
2.64239e+07, 9.69703e+06, 0
2.13525e+07, 9.91543e+06, 0
2.35644e+07, 7.32977e+06, 0
3.26545e+07, 7.67395e+06, 0
2.07734e+07, 1.02325e+07, 0
2.32542e+07, 1.41662e+07, 0
1.30394e+07, 3.59343e+06, 0
2.51739e+07, 3.32322e+06, 0
2.2334e+07, 9.78363e+06, 0
3.02148e+07, 8.43121e+06, 0
1.3598e+07, 1.37969e+06, 0
3.304e+07, 1.43744e+07, 0
2.98378e+07, 1.65131e+07, 0
3.19514e+07, 1.6293e+07, 0
1.81982e+07, 4.51656e+06, 0
2.59351e+07, 1.25272e+07, 0
2.72964e+07, 1.27059e+07, 0
2.93078e+07, 1.20282e+07, 0
3.83393e+07, 1.71198e+07, 0
2.85708e+07, 1.13063e+07, 0
2.74059e+07, 6.08768e+06, 0
1.9018e+07, 7.10401e+06, 0
1.47782e+07, 3.37582e+06, 0
2.54562e+07, 1.40492e+07, 0
1.66264e+07, 8.07455e+06, 0
2.24417e+07, 1.3369e+07, 0
2.56239e+07, 1.21008e+07, 0
2.3477e+07, 4.02138e+06, 0
2.26588e+07, 1.38672e+07, 0
1.50855e+07, 6.64423e+06, 0
1.84415e+07, 7.341e+06, 0
2.41223e+07, 3.46883e+06, 0
1.78143e+07, 7.62602e+06, 0
2.25719e+07, 1.33852e+07, 0
2.3009e+07, 7.40268e+06, 0
3.52331e+07, 7.76655e+06, 0
1.63596e+07, 6.02956e+06, 0
2.66279e+07, 1.66738e+07, 0
1.58212e+07, 5.38505e+06, 0
1.81558e+07, 7.81968e+06, 0
2.83796e+07, 1.02468e+07, 0
2.44707e+07, 7.84867e+06, 0
2.61469e+07, 5.13553e+06, 0
1.76826e+07, 5.45685e+06, 0
1.50441e+07, 6.47848e+06, 0
2.8345e+07, 1.22883e+07, 0
1.63855e+07, 7.91874e+06, 0
1.94079e+07, 5.72388e+06, 0
2.64057e+07, 1.27336e+07, 0
3.21061e+07, 1.05984e+07, 0
2.1482e+07, 6.00005e+06, 0
2.01223e+07, 9.0828e+06, 0
2.93677e+07, 1.61154e+07, 0
2.20058e+07, 7.27233e+06, 0
2.63158e+07, 6.14914e+06, 0
1.93002e+07, 9.24211e+06, 0
1.92972e+07, 5.31552e+06, 0
3.45646e+07, 1.43047e+07, 0
1.97601e+07, 5.21898e+06, 0
4.39124e+07, 3.37305e+06, 0
2.29069e+07, 1.24295e+07, 0
2.61095e+07, 8.93318e+06, 0
1.27334e+07, 2.74451e+06, 0
1.81739e+07, 4.53703e+06, 0
2.0727e+07, 8.54798e+06, 0
1.16613e+07, 2.21633e+06, 0
1.57541e+07, 2.57559e+06, 0
1.64803e+07, 6.93439e+06, 0
2.52958e+07, 1.19824e+07, 0
1.87886e+07, 8.62353e+06, 0
3.16525e+07, 9.26717e+06, 0
2.21727e+07, 6.80108e+06, 0
5.78944e+07, 5.56897e+06, 0
2.34904e+07, 6.82595e+06, 0
1.75906e+07, 4.98749e+06, 0
1.37147e+07, 2.63846e+06, 0
2.4432e+07, 1.37108e+07, 0
2.80645e+07, 1.50465e+07, 0
3.1449e+07, 1.25491e+07, 0
2.57664e+07, 1.27488e+07, 0
3.49799e+07, 1.02447e+07, 0
1.84996e+07, 1.28788e+06, 0
1.37797e+07, 4.33167e+06, 0
2.56236e+07, 1.29226e+07, 0
3.19232e+07, 5.37349e+06, 0
1.76351e+07, 6.96643e+06, 0
2.34932e+07, 1.29976e+07, 0
1.78539e+07, 8.28993e+06, 0
2.27996e+07, 1.27788e+07, 0
1.98059e+07, 5.79184e+06, 0
1.53473e+07, 7.68211e+06, 0
1.73253e+07, 7.9795e+06, 0
1.963e+07, 5.2538e+06, 0
1.3344e+07, 2.956e+06, 0
1.90436e+07, 5.54943e+06, 0
1.78899e+07, 7.90369e+06, 0
2.47644e+07, 1.13459e+07, 0
1.89506e+07, 8.82071e+06, 0
1.51783e+07, 6.26649e+06, 0
2.68811e+07, 1.49381e+07, 0
2.96371e+07, 7.52132e+06, 0
2.90597e+07, 8.08785e+06, 0
2.58531e+07, 1.61276e+07, 0
2.5426e+07, 5.30017e+06, 0
2.55124e+07, 1.14655e+07, 0
3.41552e+07, 1.57301e+07, 0
2.27421e+07, 1.26058e+07, 0
1.37055e+07, 4.7341e+06, 0
4.25675e+07, 2.30007e+07, 0
2.89176e+07, 1.75861e+07, 0
1.27535e+07, 1.72367e+06, 0
2.4546e+07, 1.52645e+07, 0
3.36896e+07, 6.04913e+06, 0
1.97384e+07, 6.19588e+06, 0
2.618e+07, 1.33901e+07, 0
1.31686e+07, 4.50738e+06, 0
1.93525e+07, 1.09057e+07, 0
1.81293e+07, 9.3256e+06, 0
3.72994e+07, 1.46089e+07, 0
2.28329e+07, 9.67974e+06, 0
3.27234e+07, 2.18704e+07, 0
3.67945e+07, 2.47895e+07, 0
2.77866e+07, 4.62094e+06, 0
2.17355e+07, 9.33507e+06, 0
2.86921e+07, 3.34066e+06, 0
2.89758e+07, 1.36601e+07, 0
2.17032e+07, 3.28697e+06, 0
2.08031e+07, 7.6071e+06, 0
2.86213e+07, 1.43807e+07, 0
2.13277e+07, 9.26454e+06, 0
2.86395e+07, 9.80128e+06, 0
2.21581e+07, 8.07931e+06, 0
2.62966e+07, 4.30667e+06, 0
1.84921e+07, 6.82959e+06, 0
1.98799e+07, 8.97156e+06, 0
1.56651e+07, 5.03288e+06, 0
3.50204e+07, 1.40839e+07, 0
2.97362e+07, 8.80847e+06, 0
2.08992e+07, 7.24442e+06, 0
2.66933e+07, 1.07084e+07, 0
2.53406e+07, 1.53723e+07, 0
2.83624e+07, 9.768e+06, 0
1.60385e+07, 5.52449e+06, 0
1.41976e+07, 2.4043e+06, 0
3.32144e+07, 1.47557e+07, 0
2.05457e+07, 6.23078e+06, 0
1.55445e+07, 7.02574e+06, 0
1.98597e+07, 7.86723e+06, 0
2.97417e+07, 1.43994e+07, 0
3.15781e+07, 8.00796e+06, 0
1.7886e+07, 6.24743e+06, 0
2.17234e+07, 9.46917e+06, 0
2.82921e+07, 5.82528e+06, 0
1.67116e+07, 2.74013e+06, 0
3.96007e+07, 2.1316e+07, 0
3.80591e+07, 1.00148e+07, 0
2.45146e+07, 1.35314e+07, 0
2.14331e+07, 1.11191e+07, 0
4.00893e+07, 1.62238e+06, 0
1.85221e+07, 1.04835e+07, 0
2.59708e+07, 9.81477e+06, 0
1.8307e+07, 9.72515e+06, 0
1.32959e+07, 1.42989e+06, 0
2.26253e+07, 9.9647e+06, 0
2.98632e+07, 1.33207e+07, 0
2.04019e+07, 8.63281e+06, 0
2.64279e+07, 7.51909e+06, 0
2.64377e+07, 6.12772e+06, 0
2.50584e+07, 1.33332e+07, 0
1.7541e+07, 7.4543e+06, 0
1.7938e+07, 9.91246e+06, 0
3.36136e+07, 1.14374e+07, 0
1.56676e+07, 3.52171e+06, 0
2.38684e+07, 6.69621e+06, 0
2.57719e+07, 1.17657e+07, 0
1.83514e+07, 6.20556e+06, 0
2.12868e+07, 9.35447e+06, 0
4.02093e+07, 1.57194e+07, 0
1.94505e+07, 1.03768e+07, 0
2.36415e+07, 9.11336e+06, 0
2.12215e+07, 1.10808e+07, 0
3.34796e+07, 1.44443e+07, 0
1.78013e+07, 6.61129e+06, 0
3.0784e+07, 2.04551e+07, 0
1.6227e+07, 7.31512e+06, 0
2.40533e+07, 1.49253e+07, 0
2.1533e+07, 1.32004e+07, 0
2.94319e+07, 1.07742e+07, 0
2.1595e+07, 1.06431e+07, 0
2.70986e+07, 8.55533e+06, 0
1.55187e+07, 2.01665e+06, 0
3.16259e+07, 2.05358e+07, 0
1.38424e+07, 5.29282e+06, 0
1.64128e+07, 7.82463e+06, 0
1.95277e+07, 6.27145e+06, 0
2.52373e+07, 7.96532e+06, 0
2.70064e+07, 3.24025e+06, 0
1.68853e+07, 8.6648e+06, 0
2.5235e+07, 4.98813e+06, 0
3.0256e+07, 8.56119e+06, 0
1.87722e+07, 1.02566e+07, 0
2.66322e+07, 1.11741e+07, 0
3.36677e+07, 5.0102e+06, 0
2.88024e+07, 4.01169e+06, 0
2.14749e+07, 1.23118e+07, 0
1.96705e+07, 6.29417e+06, 0
3.22698e+07, 3.925e+06, 0
2.87715e+07, 1.2428e+07, 0
2.06535e+07, 6.67061e+06, 0
3.09138e+07, 1.14241e+07, 0
3.1375e+07, 6.28826e+06, 0
4.0824e+07, 1.49161e+07, 0
1.563e+07, 5.53712e+06, 0
3.10971e+07, 2.06183e+07, 0
2.93363e+07, 7.08328e+06, 0
3.36485e+07, 8.93778e+06, 0
2.93454e+07, 9.43231e+06, 0
2.98285e+07, 5.0353e+06, 0
3.58162e+07, 1.16183e+07, 0
3.22323e+07, 1.94694e+07, 0
1.38589e+07, 2.52878e+06, 0
2.20972e+07, 1.20143e+07, 0
2.34186e+07, 1.27239e+07, 0
1.53819e+07, 4.84929e+06, 0
2.65348e+07, 1.41903e+07, 0
2.41917e+07, 1.03359e+07, 0
2.27047e+07, 1.23146e+07, 0
2.03757e+07, 9.87248e+06, 0
2.53317e+07, 5.62381e+06, 0
1.33798e+07, 2.08931e+06, 0
3.21341e+07, 1.91875e+07, 0
2.37192e+07, 8.13676e+06, 0
1.70434e+07, 4.67704e+06, 0
2.26294e+07, 5.5092e+06, 0
2.55635e+07, 1.12482e+07, 0
3.27127e+07, 7.41872e+06, 0
2.01127e+07, 6.8237e+06, 0
2.57591e+07, 1.64785e+07, 0
3.1755e+07, 4.55049e+06, 0
2.97229e+07, 5.64137e+06, 0
1.30623e+07, 371920, 0
3.39185e+07, 1.11082e+07, 0
2.24388e+07, 5.05885e+06, 0
2.55624e+07, 1.37242e+07, 0
2.7822e+07, 1.14458e+07, 0
2.72791e+07, 1.71418e+07, 0
2.43632e+07, 1.00821e+07, 0
2.05216e+07, 1.06689e+07, 0
2.48305e+07, 1.5311e+07, 0
2.09345e+07, 6.17672e+06, 0
1.33752e+07, 4.7027e+06, 0
1.90941e+07, 7.83421e+06, 0
1.91886e+07, 9.27222e+06, 0
2.40298e+07, 1.11923e+07, 0
1.4915e+07, 7.18699e+06, 0
2.77639e+07, 1.58078e+07, 0
2.08135e+07, 1.1723e+07, 0
1.41625e+07, 1.65039e+06, 0
2.6861e+07, 1.35469e+07, 0
1.77583e+07, 7.77715e+06, 0
3.26101e+07, 1.75709e+07, 0
1.37025e+07, 2.5214e+06, 0
2.22344e+07, 7.93348e+06, 0
1.76126e+07, 4.82304e+06, 0
2.87421e+07, 1.67661e+07, 0
2.73088e+07, 1.51321e+07, 0
3.16035e+07, 1.83791e+07, 0
1.67665e+07, 2.41097e+06, 0
1.49069e+07, 4.08748e+06, 0
1.33827e+07, 5.1621e+06, 0
1.31299e+07, 3.52421e+06, 0
3.41255e+07, 1.22095e+07, 0
1.44895e+07, 5.87356e+06, 0
2.80783e+07, 3.83284e+06, 0
1.6583e+07, 7.28146e+06, 0
3.08006e+07, 8.74997e+06, 0
1.45302e+07, 3.84316e+06, 0
2.18398e+07, 1.02031e+07, 0
2.40793e+07, 1.14586e+07, 0
2.43645e+07, 7.13517e+06, 0
2.19593e+07, 6.98115e+06, 0
1.67055e+07, 8.47681e+06, 0
3.51465e+07, 7.9687e+06, 0
1.90636e+07, 3.81861e+06, 0
2.41915e+07, 1.049e+07, 0
3.15514e+07, 5.26284e+06, 0
1.96206e+07, 7.60328e+06, 0
2.55307e+07, 9.07641e+06, 0
2.18261e+07, 6.80522e+06, 0
2.0525e+07, 7.60675e+06, 0
3.09608e+07, 9.97202e+06, 0
1.27085e+07, 4.10544e+06, 0
1.40088e+07, 2.05023e+06, 0
2.4312e+07, 7.55049e+06, 0
4.60753e+07, 1.06881e+07, 0
2.05825e+07, 4.7188e+06, 0
2.92227e+07, 1.3077e+07, 0
1.98084e+07, 7.48406e+06, 0
2.41647e+07, 5.06656e+06, 0
2.12079e+07, 6.98733e+06, 0
1.51888e+07, 3.1989e+06, 0
1.93279e+07, 1.13904e+07, 0
1.88169e+07, 3.83559e+06, 0
1.45694e+07, 5.39729e+06, 0
2.01542e+07, 5.03457e+06, 0
1.57814e+07, 3.60405e+06, 0
3.34604e+07, 2.17022e+07, 0
3.16457e+07, 6.92421e+06, 0
1.18927e+07, 1.57461e+06, 0
2.34963e+07, 1.32853e+07, 0
1.5117e+07, 4.93688e+06, 0
2.46679e+07, 7.49029e+06, 0
1.72099e+07, 5.8336e+06, 0
1.53982e+07, 6.19036e+06, 0
2.67229e+07, 8.30541e+06, 0
1.81757e+07, 6.86134e+06, 0
2.7078e+07, 1.12498e+07, 0
2.56784e+07, 5.79681e+06, 0
1.59372e+07, 6.43545e+06, 0
2.37315e+07, 1.3566e+06, 0
1.91379e+07, 9.87244e+06, 0
1.77441e+07, 2.29266e+06, 0
1.75081e+07, 7.41558e+06, 0
3.096e+07, 9.6975e+06, 0
3.94544e+07, 8.28765e+06, 0
2.34991e+07, 1.37985e+07, 0
1.57961e+07, 2.01148e+06, 0
1.81783e+07, 8.36992e+06, 0
3.70522e+07, 1.69605e+07, 0
2.01285e+07, 6.38317e+06, 0
1.20957e+07, 2.01402e+06, 0
1.97128e+07, 6.58655e+06, 0
2.28201e+07, 3.1067e+06, 0
2.07864e+07, 1.0347e+07, 0
2.41857e+07, 1.00323e+07, 0
3.39266e+07, 5.99592e+06, 0
2.3845e+07, 1.37326e+07, 0
1.35311e+07, 3.61045e+06, 0
3.75838e+07, 1.91165e+07, 0
1.6907e+07, 3.33025e+06, 0
3.35499e+07, 8.96722e+06, 0
2.69712e+07, 1.3531e+07, 0
1.74352e+07, 9.34869e+06, 0
1.72192e+07, 3.87147e+06, 0
2.49626e+07, 1.17573e+07, 0
1.3674e+07, 5.25062e+06, 0
1.74373e+07, 7.07415e+06, 0
2.48813e+07, 2.70175e+06, 0
1.93286e+07, 7.86906e+06, 0
1.23534e+07, 2.83085e+06, 0
2.58562e+07, 9.39467e+06, 0
1.76176e+07, 9.25409e+06, 0
1.80134e+07, 8.56475e+06, 0
2.30674e+07, 7.0722e+06, 0
3.4261e+07, 2.00757e+07, 0
2.83875e+07, 5.75131e+06, 0
2.76146e+07, 6.04813e+06, 0
2.86626e+07, 1.0367e+07, 0
2.73895e+07, 1.29529e+07, 0
3.37634e+07, 1.80838e+07, 0
1.46972e+07, 6.82136e+06, 0
2.51543e+07, 1.61404e+07, 0
2.63391e+07, 6.72415e+06, 0
1.75254e+07, 8.42489e+06, 0
2.85236e+07, 6.32886e+06, 0
1.39995e+07, 936094, 0
2.39011e+07, 1.26937e+07, 0
2.17194e+07, 8.51434e+06, 0
1.56305e+07, 4.35307e+06, 0
2.52316e+07, 1.17346e+07, 0
1.78068e+07, 2.8017e+06, 0
2.6216e+07, 1.12765e+07, 0
3.11821e+07, 1.95592e+06, 0
3.19332e+07, 9.56145e+06, 0
1.40442e+07, 2.9673e+06, 0
2.11141e+07, 3.35539e+06, 0
2.80539e+07, 1.85713e+07, 0
3.58098e+07, 8.18627e+06, 0
3.40642e+07, 1.40672e+07, 0
1.60542e+07, 6.09253e+06, 0
2.03634e+07, 3.10769e+06, 0
1.73697e+07, 3.2174e+06, 0
1.49413e+07, 2.69616e+06, 0
2.37664e+07, 1.07437e+07, 0
1.31834e+07, 5.16807e+06, 0
2.30682e+07, 2.75368e+06, 0
1.63427e+07, 8.62523e+06, 0
2.13178e+07, 1.90255e+06, 0
2.77056e+07, 1.48598e+07, 0
1.89973e+07, 1.08784e+07, 0
4.08469e+07, 8.87205e+06, 0
2.15314e+07, 6.36362e+06, 0
1.91685e+07, 1.01645e+07, 0
2.48598e+07, 9.03929e+06, 0
2.25788e+07, 1.26768e+07, 0
1.49617e+07, 4.47744e+06, 0
1.78135e+07, 9.84353e+06, 0
2.11751e+07, 9.2541e+06, 0
1.96399e+07, 9.89487e+06, 0
1.60202e+07, 7.75249e+06, 0
1.22259e+07, 2.54535e+06, 0
1.47476e+07, 2.98805e+06, 0
1.59043e+07, 7.39315e+06, 0
1.2065e+07, 3.30172e+06, 0
2.7832e+07, 1.52848e+07, 0
2.2385e+07, 3.16374e+06, 0
3.05964e+07, 1.00009e+07, 0
1.1848e+07, 1.87963e+06, 0
1.5737e+07, 5.66444e+06, 0
2.82385e+07, 1.16858e+07, 0
1.24529e+07, 610226, 0
2.67642e+07, 5.41226e+06, 0
1.87871e+07, 5.65131e+06, 0
1.42453e+07, 6.28126e+06, 0
2.53411e+07, 1.42491e+07, 0
2.77207e+07, 1.77441e+07, 0
2.9308e+07, 1.47043e+07, 0
2.10289e+07, 7.57949e+06, 0
1.55446e+07, 4.24195e+06, 0
3.25427e+07, 1.10074e+07, 0
2.12444e+07, 9.65923e+06, 0
3.02835e+07, 9.02565e+06, 0
2.76422e+07, 1.39025e+06, 0
2.85015e+07, 1.2268e+07, 0
2.42961e+07, 1.1123e+07, 0
1.84103e+07, 6.94172e+06, 0
2.01688e+07, 1.0466e+07, 0
1.81731e+07, 8.25567e+06, 0
2.68904e+07, 1.41885e+07, 0
1.93938e+07, 9.56338e+06, 0
2.35125e+07, 8.43771e+06, 0
3.37138e+07, 1.32149e+07, 0
2.12259e+07, 1.29504e+07, 0
2.39612e+07, 7.47371e+06, 0
2.13907e+07, 1.17371e+07, 0
3.65739e+07, 1.56974e+07, 0
4.00265e+07, 7.80951e+06, 0
2.87462e+07, 9.54701e+06, 0
1.75599e+07, 6.71384e+06, 0
2.07085e+07, 1.09503e+07, 0
5.15717e+07, 1.08222e+07, 0
2.2665e+07, 9.17625e+06, 0
2.00672e+07, 1.16936e+07, 0
3.76502e+07, 1.91774e+07, 0
4.18192e+07, 7.88173e+06, 0
2.31172e+07, 1.26404e+07, 0
1.55628e+07, 4.72971e+06, 0
1.50045e+07, 5.0731e+06, 0
2.41548e+07, 1.48359e+07, 0
3.69211e+07, 2.45697e+07, 0
2.23907e+07, 272942, 0
3.19413e+07, 7.78381e+06, 0
2.42311e+07, 7.76202e+06, 0
1.90294e+07, 5.13599e+06, 0
2.4789e+07, 1.34319e+07, 0
3.98857e+07, 1.65055e+07, 0
2.81199e+07, 1.13738e+07, 0
3.94048e+07, 1.10324e+07, 0
1.29761e+07, 403515, 0
2.25633e+07, 4.27986e+06, 0
2.06562e+07, 1.01251e+07, 0
2.67249e+07, 1.4211e+07, 0
1.75339e+07, 2.32516e+06, 0
2.67248e+07, 1.40458e+07, 0
2.19489e+07, 7.38586e+06, 0
2.2812e+07, 1.41485e+07, 0
1.7468e+07, 7.75001e+06, 0
2.5686e+07, 7.71572e+06, 0
1.86031e+07, 9.48278e+06, 0
2.23264e+07, 9.56759e+06, 0
2.64107e+07, 1.6068e+07, 0
3.21075e+07, 1.09717e+07, 0
3.00857e+07, 1.5677e+07, 0
2.49333e+07, 1.55393e+07, 0
3.23867e+07, 1.24165e+07, 0
1.99316e+07, 1.08683e+07, 0
3.31497e+07, 1.46959e+07, 0
1.59667e+07, 7.02884e+06, 0
3.74403e+07, 1.67972e+07, 0
1.83257e+07, 8.9915e+06, 0
1.98548e+07, 1.03714e+07, 0
2.01675e+07, 9.1133e+06, 0
1.83946e+07, 5.91002e+06, 0
2.88028e+07, 7.54266e+06, 0
2.69858e+07, 1.70488e+07, 0
3.33241e+07, 1.59472e+07, 0
1.25567e+07, 3.73099e+06, 0
2.24419e+07, 1.15776e+07, 0
2.81283e+07, 1.64868e+07, 0
3.06891e+07, 1.32965e+07, 0
1.83515e+07, 9.16667e+06, 0
2.31471e+07, 1.35651e+07, 0
3.15309e+07, 4.02653e+06, 0
3.36978e+07, 2.24981e+07, 0
2.04848e+07, 8.93344e+06, 0
1.97951e+07, 2.77024e+06, 0
3.31266e+07, 9.91909e+06, 0
2.7414e+07, 1.77289e+07, 0
2.52436e+07, 8.78497e+06, 0
1.96683e+07, 3.48785e+06, 0
2.21135e+07, 1.32823e+07, 0
2.95431e+07, 1.43908e+07, 0
1.9077e+07, 1.12076e+07, 0
1.80783e+07, 8.22795e+06, 0
3.20662e+07, 1.21875e+07, 0
3.66895e+07, 1.93781e+07, 0
2.4935e+07, 2.57214e+06, 0
1.52455e+07, 7.38218e+06, 0
1.88782e+07, 4.89882e+06, 0
1.87464e+07, 8.84873e+06, 0
2.03967e+07, 1.62642e+06, 0
3.28046e+07, 7.69752e+06, 0
2.3473e+07, 9.04119e+06, 0
3.2179e+07, 5.66724e+06, 0
1.21836e+07, 3.05207e+06, 0
3.55313e+07, 2.12588e+07, 0
2.28658e+07, 1.07653e+07, 0
1.67727e+07, 2.33574e+06, 0
4.05064e+07, 6.84869e+06, 0
1.52806e+07, 2.97684e+06, 0
1.34808e+07, 5.09687e+06, 0
4.84133e+07, 1.94137e+07, 0
1.44184e+07, 1.85764e+06, 0
2.47228e+07, 1.42091e+07, 0
2.01668e+07, 1.10933e+07, 0
4.07954e+07, 1.57235e+07, 0
3.18119e+07, 9.29098e+06, 0
1.31364e+07, 2.39952e+06, 0
2.67399e+07, 9.31212e+06, 0
2.35516e+07, 1.33962e+07, 0
4.18123e+07, 1.50253e+07, 0
2.81418e+07, 1.74801e+07, 0
2.60346e+07, 1.37098e+07, 0
2.3555e+07, 1.16817e+07, 0
1.89857e+07, 7.34733e+06, 0
1.65556e+07, 4.39621e+06, 0
2.46133e+07, 8.54964e+06, 0
2.65405e+07, 1.20157e+07, 0
2.422e+07, 1.29107e+07, 0
2.93342e+07, 1.0335e+07, 0
1.49361e+07, 5.35058e+06, 0
1.23594e+07, 991081, 0
1.78615e+07, 8.62227e+06, 0
1.21055e+07, 3.23431e+06, 0
2.80335e+07, 6.0618e+06, 0
2.81853e+07, 9.88912e+06, 0
3.49524e+07, 8.80478e+06, 0
1.32423e+07, 2.46865e+06, 0
1.52914e+07, 4.85263e+06, 0
2.04789e+07, 9.87783e+06, 0
1.27109e+07, 3.41396e+06, 0
1.73386e+07, 4.61976e+06, 0
1.34966e+07, 1.16133e+06, 0
1.63838e+07, 6.54747e+06, 0
2.41527e+07, 1.10859e+07, 0
3.8116e+07, 1.97126e+07, 0
2.19415e+07, 6.36492e+06, 0
3.25518e+07, 1.32297e+07, 0
2.98508e+07, 1.52294e+07, 0
1.73069e+07, 6.69195e+06, 0
2.32203e+07, 7.20679e+06, 0
1.67993e+07, 6.90195e+06, 0
1.55772e+07, 2.56818e+06, 0
3.10973e+07, 6.89085e+06, 0
2.23107e+07, 7.63584e+06, 0
2.25948e+07, 1.07902e+07, 0
1.82574e+07, 4.03291e+06, 0
1.65536e+07, 8.17715e+06, 0
2.55862e+07, 8.91891e+06, 0
2.53775e+07, 9.65468e+06, 0
2.22129e+07, 7.33959e+06, 0
3.05827e+07, 1.32339e+07, 0
3.57652e+07, 1.36616e+07, 0
1.884e+07, 4.51896e+06, 0
1.56355e+07, 7.32534e+06, 0
2.52091e+07, 6.1363e+06, 0
2.45424e+07, 5.4052e+06, 0
2.0165e+07, 373089, 0
1.48538e+07, 6.65286e+06, 0
1.67899e+07, 4.53099e+06, 0
1.4624e+07, 3.30286e+06, 0
2.56057e+07, 1.16745e+07, 0
2.56581e+07, 1.56289e+07, 0
1.57907e+07, 5.64666e+06, 0
1.52977e+07, 6.07392e+06, 0
2.19001e+07, 1.27655e+07, 0
2.8269e+07, 4.62615e+06, 0
2.61245e+07, 1.59975e+07, 0
2.00532e+07, 7.77078e+06, 0
2.40769e+07, 1.53691e+07, 0
1.82213e+07, 9.94821e+06, 0
2.72617e+07, 1.481e+07, 0
2.4387e+07, 9.36322e+06, 0
2.79259e+07, 1.31611e+07, 0
3.60151e+07, 2.12971e+07, 0
3.63422e+07, 1.83399e+07, 0
1.84136e+07, 5.5385e+06, 0
1.8781e+07, 9.91115e+06, 0
2.02071e+07, 8.97026e+06, 0
2.29814e+07, 1.2647e+07, 0
2.72625e+07, 7.65459e+06, 0
3.29509e+07, 1.7993e+07, 0
1.52785e+07, 4.53299e+06, 0
1.46835e+07, 6.35809e+06, 0
1.4993e+07, 2.7627e+06, 0
2.59801e+07, 1.25838e+07, 0
3.78403e+07, 8.03503e+06, 0
1.70983e+07, 6.97108e+06, 0
3.13387e+07, 6.72852e+06, 0
1.81926e+07, 9.49435e+06, 0
2.81263e+07, 2.97292e+06, 0
2.17745e+07, 8.01787e+06, 0
3.07915e+07, 1.20564e+07, 0
3.20838e+07, 1.96703e+07, 0
2.81939e+07, 1.33797e+07, 0
2.29908e+07, 1.11089e+07, 0
2.01579e+07, 9.23978e+06, 0
2.50747e+07, 1.1686e+07, 0
3.02303e+07, 1.01529e+07, 0
1.63387e+07, 2.94004e+06, 0
2.51471e+07, 4.52384e+06, 0
1.36832e+07, 4.34016e+06, 0
3.15071e+07, 1.54433e+07, 0
1.97699e+07, 1.11145e+07, 0
2.01416e+07, 1.19217e+07, 0
2.10088e+07, 1.25891e+07, 0
2.36419e+07, 1.45311e+07, 0
2.55263e+07, 1.14505e+07, 0
4.53847e+07, 1.0273e+07, 0
2.59579e+07, 1.59112e+07, 0
2.26612e+07, 1.21192e+07, 0
1.50662e+07, 3.78539e+06, 0
2.05074e+07, 1.06285e+07, 0
3.7584e+07, 1.33575e+07, 0
3.02749e+07, 1.72674e+07, 0
1.89999e+07, 6.91936e+06, 0
3.96037e+07, 4.29466e+06, 0
2.34686e+07, 1.38979e+07, 0
3.03892e+07, 1.70714e+07, 0
1.91944e+07, 8.68901e+06, 0
1.72682e+07, 5.99596e+06, 0
2.56023e+07, 1.12664e+07, 0
2.38232e+07, 1.41134e+07, 0
1.95909e+07, 8.95002e+06, 0
1.47445e+07, 2.33319e+06, 0
2.89747e+07, 3.26113e+06, 0
2.56365e+07, 1.61273e+07, 0
1.20992e+07, 1.17767e+06, 0
2.85701e+07, 4.54665e+06, 0
2.06071e+07, 671622, 0
1.43757e+07, 6.20811e+06, 0
1.88992e+07, 1.07111e+07, 0
2.29391e+07, 1.13361e+07, 0
2.27537e+07, 1.06016e+07, 0
1.71756e+07, 6.00912e+06, 0
2.44627e+07, 4.65675e+06, 0
4.23774e+07, 1.46411e+07, 0
2.87796e+07, 1.23128e+07, 0
2.10158e+07, 3.36295e+06, 0
2.51697e+07, 3.66063e+06, 0
1.86081e+07, 9.07635e+06, 0
3.57179e+07, 1.99069e+07, 0
3.0587e+07, 1.85128e+07, 0
2.1988e+07, 9.39679e+06, 0
1.84599e+07, 8.8159e+06, 0
2.40686e+07, 1.43007e+07, 0
1.48988e+07, 2.20459e+06, 0
2.71899e+07, 7.20692e+06, 0
1.3158e+07, 4.01803e+06, 0
2.23657e+07, 9.43574e+06, 0
1.23053e+07, 2.17244e+06, 0
2.46709e+07, 7.58934e+06, 0
1.34328e+07, 4.54268e+06, 0
1.53126e+07, 5.52158e+06, 0
1.87114e+07, 8.87459e+06, 0
1.66052e+07, 1.74746e+06, 0
1.14222e+07, 1.32699e+06, 0
1.90702e+07, 6.09824e+06, 0
2.10675e+07, 8.17155e+06, 0
3.21986e+07, 1.47679e+07, 0
2.70745e+07, 1.09403e+07, 0
2.9949e+07, 1.66965e+07, 0
1.60275e+07, 7.45608e+06, 0
2.66522e+07, 3.64798e+06, 0
1.99902e+07, 3.7261e+06, 0
1.84862e+07, 7.01091e+06, 0
3.6694e+07, 1.58525e+07, 0
2.07804e+07, 6.95791e+06, 0
1.33388e+07, 4.55518e+06, 0
2.78264e+07, 1.56729e+07, 0
2.57378e+07, 1.40654e+07, 0
1.8756e+07, 7.94033e+06, 0
2.39325e+07, 1.13405e+07, 0
3.4498e+07, 2.02127e+06, 0
1.36406e+07, 1.53861e+06, 0
3.14379e+07, 1.11766e+07, 0
4.4606e+07, 7.07662e+06, 0
3.82118e+07, 1.33097e+07, 0
1.43845e+07, 6.04341e+06, 0
1.8127e+07, 7.61757e+06, 0
2.52078e+07, 1.44405e+07, 0
2.49745e+07, 6.82728e+06, 0
2.12807e+07, 9.76899e+06, 0
1.88921e+07, 2.36899e+06, 0
3.30228e+07, 2.01102e+07, 0
2.38147e+07, 1.42674e+07, 0
2.31133e+07, 8.614e+06, 0
1.16701e+07, 2.22596e+06, 0
3.66924e+07, 9.84984e+06, 0
2.24978e+07, 8.49059e+06, 0
1.32535e+07, 5.10608e+06, 0
1.91624e+07, 6.28528e+06, 0
1.98356e+07, 7.98629e+06, 0
1.80131e+07, 7.64835e+06, 0
2.24882e+07, 1.31917e+07, 0
2.13838e+07, 6.10217e+06, 0
2.38446e+07, 1.40372e+07, 0
2.31425e+07, 2.5148e+06, 0
1.28136e+07, 2.07215e+06, 0
2.46818e+07, 1.36582e+07, 0
1.63309e+07, 6.70505e+06, 0
1.69239e+07, 8.08119e+06, 0
2.2184e+07, 1.16256e+07, 0
2.93715e+07, 1.86958e+07, 0
1.47547e+07, 6.79738e+06, 0
2.28943e+07, 4.90404e+06, 0
2.09523e+07, 1.12464e+06, 0
1.84648e+07, 5.30221e+06, 0
2.51807e+07, 1.52511e+07, 0
1.87754e+07, 1.06867e+07, 0
2.94478e+07, 1.94629e+07, 0
1.96613e+07, 6.49268e+06, 0
1.83338e+07, 6.13223e+06, 0
1.76589e+07, 5.22335e+06, 0
2.64897e+07, 9.04412e+06, 0
2.44377e+07, 7.8697e+06, 0
2.82674e+07, 4.2314e+06, 0
2.25806e+07, 1.06871e+07, 0
1.95835e+07, 9.38269e+06, 0
2.03649e+07, 9.33815e+06, 0
3.21969e+07, 2.17801e+07, 0
2.81105e+07, 4.52839e+06, 0
2.57217e+07, 1.37053e+07, 0
2.53508e+07, 2.37939e+06, 0
1.91967e+07, 7.71316e+06, 0
1.85583e+07, 3.76025e+06, 0
3.19255e+07, 1.29903e+07, 0
2.21462e+07, 5.65918e+06, 0
3.34524e+07, 8.99174e+06, 0
2.47238e+07, 1.26057e+07, 0
2.06344e+07, 2.71193e+06, 0
3.67729e+07, 1.97029e+07, 0
2.98089e+07, 2.85172e+06, 0
1.61874e+07, 7.2179e+06, 0
2.1337e+07, 1.23813e+07, 0
2.39454e+07, 5.6786e+06, 0
1.74676e+07, 4.65788e+06, 0
2.25449e+07, 8.64523e+06, 0
2.21314e+07, 8.79826e+06, 0
3.37505e+07, 8.66338e+06, 0
1.89749e+07, 6.76266e+06, 0
1.62026e+07, 4.95188e+06, 0
2.48193e+07, 9.29828e+06, 0
3.06459e+07, 1.85715e+07, 0
2.93719e+07, 1.75961e+07, 0
2.75862e+07, 1.27113e+07, 0
2.22374e+07, 7.57126e+06, 0
3.01487e+07, 8.74089e+06, 0
1.56672e+07, 6.4846e+06, 0
3.30214e+07, 1.42036e+07, 0
1.79292e+07, 9.76878e+06, 0
1.99005e+07, 4.25782e+06, 0
2.32174e+07, 1.29863e+07, 0
3.74338e+07, 5.057e+06, 0
1.3899e+07, 4.89214e+06, 0
3.44331e+07, 1.50799e+07, 0
2.22469e+07, 3.30529e+06, 0
1.7021e+07, 452202, 0
2.95206e+07, 8.09218e+06, 0
3.82344e+07, 8.13539e+06, 0
1.74707e+07, 2.61679e+06, 0
1.58457e+07, 8.14461e+06, 0
1.68708e+07, 2.44972e+06, 0
2.32004e+07, 1.43879e+07, 0
1.92449e+07, 6.93288e+06, 0
2.53285e+07, 1.20421e+07, 0
1.4671e+07, 3.05754e+06, 0
2.18021e+07, 1.15266e+07, 0
1.93225e+07, 3.2008e+06, 0
1.63127e+07, 3.55903e+06, 0
2.28138e+07, 8.45485e+06, 0
1.68874e+07, 6.38601e+06, 0
1.58131e+07, 8.06415e+06, 0
3.94333e+07, 1.638e+07, 0
1.46842e+07, 3.08202e+06, 0
2.81413e+07, 1.18252e+07, 0
2.49383e+07, 1.21402e+07, 0
2.45421e+07, 5.28282e+06, 0
3.06568e+07, 7.98485e+06, 0
3.02816e+07, 1.68805e+07, 0
1.71656e+07, 7.75912e+06, 0
2.16092e+07, 1.14022e+07, 0
2.38663e+07, 1.26512e+07, 0
3.56428e+07, 1.89034e+07, 0
2.7166e+07, 3.1884e+06, 0
1.79255e+07, 9.548e+06, 0
2.50062e+07, 9.02375e+06, 0
1.93078e+07, 1.0989e+07, 0
2.25819e+07, 1.24838e+07, 0
2.60175e+07, 1.38106e+07, 0
3.29559e+07, 1.10134e+07, 0
1.8944e+07, 8.52836e+06, 0
2.63151e+07, 1.42878e+07, 0
1.57917e+07, 7.41531e+06, 0
1.76355e+07, 8.53833e+06, 0
4.28592e+07, 4.68879e+06, 0
1.30956e+07, 2.72202e+06, 0
2.84524e+07, 1.44765e+07, 0
2.87653e+07, 1.8078e+07, 0
1.73192e+07, 6.55516e+06, 0
3.13015e+07, 7.4856e+06, 0
2.71128e+07, 6.14098e+06, 0
2.56751e+07, 1.49833e+07, 0
4.03544e+07, 1.82029e+07, 0
1.93019e+07, 1.05219e+07, 0
3.48987e+07, 1.05151e+07, 0
3.22289e+07, 1.67322e+07, 0
2.58548e+07, 9.29017e+06, 0
1.66558e+07, 6.61823e+06, 0
2.20859e+07, 1.08144e+07, 0
2.31716e+07, 1.2326e+07, 0
2.66116e+07, 1.03323e+07, 0
2.02003e+07, 6.66875e+06, 0
3.01865e+07, 1.19509e+07, 0
2.61163e+07, 5.65946e+06, 0
1.27637e+07, 4.59404e+06, 0
2.19269e+07, 9.15905e+06, 0
3.03858e+07, 7.42864e+06, 0
3.63646e+07, 2.21629e+07, 0
2.15226e+07, 5.2106e+06, 0
3.14508e+07, 7.88481e+06, 0
2.47681e+07, 1.08891e+07, 0
1.28715e+07, 4.79899e+06, 0
2.10592e+07, 1.15511e+07, 0
1.45548e+07, 3.09919e+06, 0
2.66297e+07, 3.82374e+06, 0
2.00767e+07, 1.09309e+07, 0
2.18404e+07, 1.12239e+07, 0
1.5811e+07, 5.49173e+06, 0
3.75341e+07, 1.57337e+07, 0
1.64659e+07, 6.38777e+06, 0
3.29028e+07, 1.50895e+07, 0
1.69909e+07, 7.7102e+06, 0
2.15101e+07, 5.08766e+06, 0
1.41226e+07, 5.70465e+06, 0
2.38429e+07, 8.72609e+06, 0
1.71118e+07, 5.75136e+06, 0
1.79848e+07, 9.14e+06, 0
3.22062e+07, 1.55452e+07, 0
3.29335e+07, 1.51755e+07, 0
2.10374e+07, 7.85139e+06, 0
2.06342e+07, 3.81028e+06, 0
2.18811e+07, 1.09881e+07, 0
3.29852e+07, 1.80457e+07, 0
2.72885e+07, 5.53266e+06, 0
2.91866e+07, 1.17496e+07, 0
2.19939e+07, 9.19781e+06, 0
2.43695e+07, 2.27552e+06, 0
1.97538e+07, 1.84555e+06, 0
1.59951e+07, 7.27509e+06, 0
2.34342e+07, 4.56239e+06, 0
3.60924e+07, 1.75473e+07, 0
1.46287e+07, 6.35835e+06, 0
3.08206e+07, 1.76391e+07, 0
2.2304e+07, 1.13947e+07, 0
2.9337e+07, 1.0931e+07, 0
1.89958e+07, 4.28516e+06, 0
2.63027e+07, 9.68158e+06, 0
1.5126e+07, 2.57973e+06, 0
3.18267e+07, 8.01258e+06, 0
2.20385e+07, 1.18295e+07, 0
1.58703e+07, 3.20931e+06, 0
2.99959e+07, 1.47501e+07, 0
2.52845e+07, 8.9757e+06, 0
2.35343e+07, 9.4835e+06, 0
2.43616e+07, 1.34584e+07, 0
2.44579e+07, 8.38935e+06, 0
2.1814e+07, 4.10009e+06, 0
2.70243e+07, 1.44266e+07, 0
3.97536e+07, 1.14964e+07, 0
1.41466e+07, 5.72563e+06, 0
1.72378e+07, 6.9733e+06, 0
3.4418e+07, 1.48922e+07, 0
2.08945e+07, 6.64116e+06, 0
1.95899e+07, 4.1228e+06, 0
1.49565e+07, 4.6084e+06, 0
2.21602e+07, 7.39891e+06, 0
1.39739e+07, 5.1209e+06, 0
3.51201e+07, 2.23803e+07, 0
1.65476e+07, 8.64062e+06, 0
2.19431e+07, 1.21755e+07, 0
1.5037e+07, 6.73004e+06, 0
1.51935e+07, 5.64658e+06, 0
2.0805e+07, 1.13351e+07, 0
2.00694e+07, 6.91785e+06, 0
2.40494e+07, 1.4515e+07, 0
1.51251e+07, 5.62897e+06, 0
2.19334e+07, 7.89536e+06, 0
1.78161e+07, 3.42473e+06, 0
3.00738e+07, 8.51277e+06, 0
2.92065e+07, 7.97644e+06, 0
1.4246e+07, 6.04617e+06, 0
1.89988e+07, 7.47118e+06, 0
2.23532e+07, 7.55032e+06, 0
2.20271e+07, 8.9818e+06, 0
1.48759e+07, 5.0909e+06, 0
2.87531e+07, 1.59435e+07, 0
2.00622e+07, 1.02085e+07, 0
1.79041e+07, 3.02903e+06, 0
2.43924e+07, 1.42031e+07, 0
1.80663e+07, 3.65204e+06, 0
2.31028e+07, 1.26441e+07, 0
2.06161e+07, 1.02854e+07, 0
1.33911e+07, 4.41275e+06, 0
3.07658e+07, 1.26577e+07, 0
2.96046e+07, 4.64899e+06, 0
3.03864e+07, 5.48002e+06, 0
3.73859e+07, 1.58414e+07, 0
1.74462e+07, 8.98211e+06, 0
2.62387e+07, 1.65052e+07, 0
2.74724e+07, 9.25461e+06, 0
2.96633e+07, 1.21915e+07, 0
2.63015e+07, 1.39637e+07, 0
1.65785e+07, 8.68134e+06, 0
2.01774e+07, 1.1538e+07, 0
3.00739e+07, 1.58078e+07, 0
2.81659e+07, 1.19728e+07, 0
3.29969e+07, 1.74187e+07, 0
5.22065e+07, 3.39649e+07, 0
2.18597e+07, 6.94768e+06, 0
2.17557e+07, 1.2279e+07, 0
1.83186e+07, 7.69547e+06, 0
1.2296e+07, 2.56431e+06, 0
2.93124e+07, 1.41798e+07, 0
2.64681e+07, 1.00257e+07, 0
1.63231e+07, 6.78712e+06, 0
2.84896e+07, 1.39623e+07, 0
3.04705e+07, 4.54213e+06, 0
1.5809e+07, 2.47038e+06, 0
3.33505e+07, 2.65979e+06, 0
2.39905e+07, 1.39576e+07, 0
2.60678e+07, 7.98247e+06, 0
4.26031e+07, 1.34509e+07, 0
1.47601e+07, 4.13079e+06, 0
2.71706e+07, 1.6696e+07, 0
2.83209e+07, 1.69507e+07, 0
1.92706e+07, 2.30563e+06, 0
3.0863e+07, 8.24451e+06, 0
2.746e+07, 1.32136e+07, 0
2.36278e+07, 1.27695e+07, 0
1.56731e+07, 4.7652e+06, 0
1.62723e+07, 2.24297e+06, 0
1.80529e+07, 6.70187e+06, 0
2.53774e+07, 6.65936e+06, 0
1.45045e+07, 4.71438e+06, 0
2.29685e+07, 1.02847e+07, 0
2.40161e+07, 1.21598e+07, 0
2.26635e+07, 1.24495e+07, 0
2.13029e+07, 8.01651e+06, 0
1.80401e+07, 9.5159e+06, 0
1.25656e+07, 4.1631e+06, 0
2.70979e+07, 1.53385e+07, 0
2.25645e+07, 4.40099e+06, 0
1.91686e+07, 1.0282e+07, 0
1.85569e+07, 8.7565e+06, 0
1.72393e+07, 5.45643e+06, 0
1.41695e+07, 4.43906e+06, 0
1.44303e+07, 3.52248e+06, 0
1.87484e+07, 1.03076e+07, 0
3.35602e+07, 1.7997e+07, 0
1.78529e+07, 7.89432e+06, 0
2.38994e+07, 1.34517e+07, 0
2.07301e+07, 6.83729e+06, 0
1.44697e+07, 4.88762e+06, 0
1.54342e+07, 5.50239e+06, 0
1.69976e+07, 5.23195e+06, 0
3.00408e+07, 1.36263e+07, 0
2.12892e+07, 8.1017e+06, 0
1.91635e+07, 7.66809e+06, 0
2.41265e+07, 1.16791e+07, 0
2.81744e+07, 1.60627e+07, 0
2.53407e+07, 6.16168e+06, 0
2.56662e+07, 9.52698e+06, 0
2.02867e+07, 1.08503e+07, 0
1.89357e+07, 8.4352e+06, 0
2.8912e+07, 3.71022e+06, 0
2.40253e+07, 8.23562e+06, 0
2.77112e+07, 1.08761e+07, 0
1.57304e+07, 8.01101e+06, 0
2.56122e+07, 1.34889e+07, 0
2.55323e+07, 1.00896e+07, 0
1.98131e+07, 6.93883e+06, 0
2.72599e+07, 1.53366e+07, 0
1.53153e+07, 2.58436e+06, 0
5.00875e+07, 2.2508e+07, 0
1.64245e+07, 7.24211e+06, 0
2.04152e+07, 8.75538e+06, 0
2.20803e+07, 2.59273e+06, 0
2.22816e+07, 1.34594e+07, 0
3.32348e+07, 1.04771e+07, 0
2.0133e+07, 1.16205e+07, 0
1.51128e+07, 1.51947e+06, 0
3.51622e+07, 4.33685e+06, 0
1.80023e+07, 5.30645e+06, 0
3.21625e+07, 1.12728e+07, 0
1.49516e+07, 5.87033e+06, 0
2.57074e+07, 1.56175e+07, 0
1.7402e+07, 7.65014e+06, 0
3.3474e+07, 9.59809e+06, 0
1.39464e+07, 1.53623e+06, 0
2.15553e+07, 8.8213e+06, 0
2.36832e+07, 1.50817e+07, 0
2.24137e+07, 9.12625e+06, 0
2.23469e+07, 9.04359e+06, 0
2.09197e+07, 1.18622e+07, 0
1.64601e+07, 8.73744e+06, 0
1.76322e+07, 9.18476e+06, 0
2.64991e+07, 1.55375e+07, 0
2.50158e+07, 8.06285e+06, 0
2.11882e+07, 6.27841e+06, 0
2.37048e+07, 1.26297e+07, 0
2.97042e+07, 7.96791e+06, 0
3.25521e+07, 1.81668e+06, 0
2.38656e+07, 7.26517e+06, 0
1.23857e+07, 2.57196e+06, 0
1.83202e+07, 8.68286e+06, 0
2.40926e+07, 9.24153e+06, 0
4.05708e+07, 1.97314e+07, 0
1.35849e+07, 4.89556e+06, 0
3.148e+07, 2.00739e+07, 0
2.38541e+07, 1.26935e+07, 0
1.70219e+07, 2.1741e+06, 0
1.98726e+07, 1.01378e+07, 0
2.19416e+07, 9.54906e+06, 0
1.59885e+07, 5.32351e+06, 0
2.40383e+07, 1.34525e+07, 0
2.18457e+07, 1.1372e+07, 0
2.85695e+07, 1.74923e+07, 0
1.52262e+07, 6.06199e+06, 0
3.75168e+07, 1.86011e+07, 0
1.29477e+07, 3.97556e+06, 0
1.48059e+07, 3.38946e+06, 0
1.9284e+07, 5.67157e+06, 0
2.95042e+07, 1.50556e+07, 0
3.5226e+07, 8.03709e+06, 0
2.32842e+07, 1.41251e+07, 0
2.47506e+07, 9.17766e+06, 0
1.89905e+07, 1.02227e+07, 0
2.21073e+07, 1.1218e+07, 0
2.48558e+07, 1.16011e+07, 0
1.79267e+07, 4.60602e+06, 0
3.50178e+07, 7.43765e+06, 0
1.44775e+07, 5.57748e+06, 0
2.43461e+07, 1.52594e+07, 0
3.25296e+07, 1.59523e+07, 0
1.80268e+07, 7.68458e+06, 0
2.17895e+07, 9.2903e+06, 0
3.96373e+07, 1.81702e+07, 0
2.62153e+07, 1.3844e+07, 0
2.25179e+07, 1.03154e+07, 0
1.54105e+07, 6.48486e+06, 0
1.70808e+07, 1.14773e+06, 0
2.59411e+07, 1.28649e+07, 0
2.1747e+07, 1.16103e+07, 0
3.52479e+07, 4.77888e+06, 0
2.97119e+07, 1.15919e+07, 0
1.81924e+07, 8.69205e+06, 0
1.80603e+07, 2.96172e+06, 0
1.97213e+07, 9.43012e+06, 0
1.69163e+07, 2.88695e+06, 0
2.22959e+07, 1.26689e+07, 0
3.63815e+07, 1.94754e+07, 0
3.52511e+07, 8.04335e+06, 0
2.97325e+07, 1.12615e+07, 0
2.28101e+07, 5.32555e+06, 0
2.41004e+07, 1.04479e+07, 0
1.69678e+07, 4.65679e+06, 0
2.44037e+07, 1.34103e+07, 0
2.50835e+07, 1.51847e+07, 0
1.63872e+07, 5.026e+06, 0
1.89818e+07, 6.53249e+06, 0
3.1663e+07, 1.0173e+07, 0
4.65796e+07, 1.35804e+07, 0
1.81202e+07, 5.77268e+06, 0
1.85443e+07, 7.804e+06, 0
2.35138e+07, 1.45747e+07, 0
2.64077e+07, 1.10385e+07, 0
3.25792e+07, 1.00392e+07, 0
2.98884e+07, 1.78958e+07, 0
3.40628e+07, 2.07987e+07, 0
1.49177e+07, 3.86879e+06, 0
3.46415e+07, 2.26388e+07, 0
2.46299e+07, 1.71636e+06, 0
1.63985e+07, 6.25484e+06, 0
2.17959e+07, 4.29716e+06, 0
1.41562e+07, 3.47909e+06, 0
2.7321e+07, 8.39334e+06, 0
2.76862e+07, 1.18124e+07, 0
1.81085e+07, 6.39538e+06, 0
1.22759e+07, 3.88368e+06, 0
2.0393e+07, 7.80301e+06, 0
1.69266e+07, 7.19436e+06, 0
2.4031e+07, 1.09561e+07, 0
2.97468e+07, 1.45465e+07, 0
2.33567e+07, 1.00796e+07, 0
2.54237e+07, 7.29484e+06, 0
2.48165e+07, 4.00717e+06, 0
2.19001e+07, 1.29034e+07, 0
3.6495e+07, 1.4687e+06, 0
1.60096e+07, 6.81738e+06, 0
3.15538e+07, 1.64169e+07, 0
1.39574e+07, 792760, 0
1.40211e+07, 377113, 0
1.63604e+07, 8.2244e+06, 0
2.30549e+07, 8.50757e+06, 0
2.29594e+07, 9.77655e+06, 0
2.56683e+07, 1.38895e+07, 0
2.64292e+07, 1.18286e+07, 0
1.87908e+07, 4.95207e+06, 0
2.32779e+07, 5.68342e+06, 0
1.88828e+07, 9.50807e+06, 0
1.86768e+07, 6.58616e+06, 0
2.65251e+07, 1.25365e+07, 0
2.97185e+07, 2.63688e+06, 0
1.19883e+07, 3.39872e+06, 0
3.21269e+07, 2.0597e+07, 0
3.50103e+07, 1.10684e+07, 0
1.90928e+07, 9.67225e+06, 0
2.28012e+07, 1.18279e+07, 0
2.20048e+07, 7.14288e+06, 0
2.26373e+07, 1.10722e+07, 0
2.65069e+07, 5.11174e+06, 0
2.9611e+07, 9.86113e+06, 0
2.51184e+07, 1.05328e+07, 0
2.16761e+07, 4.74825e+06, 0
1.84452e+07, 2.68004e+06, 0
1.73123e+07, 6.39467e+06, 0
2.85331e+07, 1.13139e+07, 0
3.00565e+07, 1.40287e+07, 0
2.62641e+07, 1.38009e+07, 0
2.08939e+07, 1.02726e+07, 0
3.21637e+07, 1.72412e+07, 0
2.84774e+07, 1.59719e+07, 0
1.87135e+07, 7.07346e+06, 0
2.87924e+07, 8.88272e+06, 0
1.48797e+07, 4.11958e+06, 0
1.16731e+07, 326964, 0
2.38249e+07, 5.42731e+06, 0
2.17557e+07, 1.09043e+07, 0
1.97721e+07, 8.1408e+06, 0
2.88312e+07, 1.227e+07, 0
2.82148e+07, 9.29457e+06, 0
2.65645e+07, 1.35875e+07, 0
3.03714e+07, 8.50384e+06, 0
1.1303e+07, 914455, 0
2.57143e+07, 1.30071e+07, 0
1.33819e+07, 2.14809e+06, 0
2.48553e+07, 1.04655e+07, 0
2.62162e+07, 1.41625e+07, 0
2.43437e+07, 1.227e+07, 0
2.02482e+07, 6.6434e+06, 0
2.25916e+07, 7.73357e+06, 0
1.98254e+07, 2.55935e+06, 0
2.44962e+07, 1.31614e+07, 0
2.0484e+07, 1.11502e+06, 0
2.81782e+07, 1.41819e+07, 0
1.8807e+07, 6.99925e+06, 0
1.70978e+07, 2.68872e+06, 0
2.92276e+07, 9.33981e+06, 0
2.44959e+07, 3.38178e+06, 0
2.70398e+07, 4.83451e+06, 0
3.1533e+07, 1.81243e+07, 0
3.25609e+07, 1.32256e+07, 0
2.08481e+07, 6.30212e+06, 0
1.83543e+07, 7.79249e+06, 0
1.86177e+07, 3.97912e+06, 0
1.88136e+07, 6.6488e+06, 0
2.60393e+07, 1.71795e+06, 0
2.6395e+07, 7.84957e+06, 0
1.42198e+07, 2.3031e+06, 0
2.1277e+07, 9.00568e+06, 0
2.53223e+07, 1.20484e+07, 0
1.26494e+07, 4.00317e+06, 0
2.12173e+07, 1.25977e+07, 0
1.74412e+07, 4.88099e+06, 0
1.89473e+07, 9.36349e+06, 0
2.14238e+07, 9.48635e+06, 0
1.92009e+07, 6.64363e+06, 0
1.59574e+07, 6.04134e+06, 0
3.3212e+07, 1.07096e+07, 0
2.20502e+07, 6.98999e+06, 0
2.39856e+07, 1.25936e+07, 0
2.4468e+07, 1.39117e+07, 0
1.84533e+07, 3.00459e+06, 0
3.66699e+07, 6.26708e+06, 0
3.54922e+07, 1.16418e+07, 0
2.23833e+07, 1.33929e+07, 0
3.02815e+07, 1.35669e+07, 0
2.34498e+07, 4.32711e+06, 0
2.43839e+07, 1.52878e+07, 0
2.47895e+07, 1.45538e+07, 0
2.65199e+07, 1.06284e+07, 0
2.16647e+07, 8.4102e+06, 0
1.97745e+07, 1.07246e+07, 0
2.45093e+07, 1.09974e+07, 0
2.70691e+07, 990267, 0
1.77454e+07, 6.23864e+06, 0
1.84949e+07, 2.70789e+06, 0
1.82939e+07, 7.69957e+06, 0
2.02962e+07, 8.12632e+06, 0
2.47533e+07, 1.11147e+07, 0
2.26922e+07, 5.50338e+06, 0
1.56574e+07, 2.61923e+06, 0
2.02234e+07, 1.02948e+07, 0
2.20703e+07, 3.8517e+06, 0
1.45885e+07, 6.22869e+06, 0
1.48163e+07, 5.44086e+06, 0
2.49076e+07, 1.03626e+07, 0
3.23658e+07, 1.87923e+07, 0
2.57676e+07, 1.21474e+06, 0
2.55626e+07, 5.53174e+06, 0
2.56374e+07, 7.48448e+06, 0
2.28716e+07, 6.85861e+06, 0
4.38685e+07, 1.81728e+07, 0
2.32659e+07, 5.59227e+06, 0
2.18726e+07, 3.06916e+06, 0
2.82218e+07, 7.38481e+06, 0
1.4109e+07, 4.64425e+06, 0
2.40063e+07, 1.36993e+07, 0
2.07502e+07, 1.11261e+07, 0
2.03979e+07, 2.8171e+06, 0
2.65704e+07, 1.43299e+07, 0
2.77303e+07, 2.34817e+06, 0
1.68002e+07, 1.91314e+06, 0
1.86821e+07, 5.97075e+06, 0
2.04259e+07, 6.00522e+06, 0
2.55291e+07, 1.38635e+07, 0
2.52815e+07, 6.65455e+06, 0
2.16646e+07, 6.25115e+06, 0
2.36387e+07, 1.14158e+07, 0
2.20677e+07, 1.00035e+07, 0
1.73508e+07, 3.6829e+06, 0
1.66505e+07, 4.45121e+06, 0
1.73871e+07, 7.82063e+06, 0
2.27004e+07, 315170, 0
2.11531e+07, 1.2492e+07, 0
1.45449e+07, 3.22979e+06, 0
2.20115e+07, 9.75702e+06, 0
1.92965e+07, 1.05908e+07, 0
1.98062e+07, 9.58566e+06, 0
2.07972e+07, 7.52151e+06, 0
1.95927e+07, 1.08513e+07, 0
2.71841e+07, 3.91014e+06, 0
2.78211e+07, 7.5163e+06, 0
1.76182e+07, 8.84885e+06, 0
3.23457e+07, 4.67454e+06, 0
1.93568e+07, 1.10851e+07, 0
2.49347e+07, 4.55548e+06, 0
2.38654e+07, 4.67895e+06, 0
1.97243e+07, 5.42867e+06, 0
1.38377e+07, 2.55269e+06, 0
2.55959e+07, 1.38958e+07, 0
1.68363e+07, 1.57044e+06, 0
2.15548e+07, 2.16725e+06, 0
1.33586e+07, 3.04439e+06, 0
3.63229e+07, 8.54194e+06, 0
3.46527e+07, 739319, 0
2.80234e+07, 1.62824e+07, 0
2.87326e+07, 1.0665e+07, 0
2.35397e+07, 1.08965e+07, 0
2.98431e+07, 1.5001e+07, 0
2.0553e+07, 5.97161e+06, 0
2.16314e+07, 1.26365e+07, 0
1.77063e+07, 7.87095e+06, 0
1.78797e+07, 9.59992e+06, 0
2.05412e+07, 9.88167e+06, 0
4.07453e+07, 1.64238e+07, 0
2.65327e+07, 1.60353e+07, 0
2.84817e+07, 1.4288e+07, 0
2.23748e+07, 9.00952e+06, 0
1.67742e+07, 5.87301e+06, 0
1.3892e+07, 5.86069e+06, 0
1.15631e+07, 2.49937e+06, 0
3.03768e+07, 1.73942e+07, 0
1.30258e+07, 4.98274e+06, 0
1.91001e+07, 3.74385e+06, 0
2.43736e+07, 8.37692e+06, 0
1.49692e+07, 4.79396e+06, 0
1.94834e+07, 8.71027e+06, 0
2.95236e+07, 8.04432e+06, 0
3.6505e+07, 1.93446e+07, 0
1.78171e+07, 6.62601e+06, 0
1.92449e+07, 7.45655e+06, 0
3.64086e+07, 1.20869e+07, 0
2.13677e+07, 7.9654e+06, 0
3.35982e+07, 1.11727e+07, 0
2.4976e+07, 7.97891e+06, 0
2.95608e+07, 1.00255e+07, 0
3.09866e+07, 1.08323e+07, 0
2.54651e+07, 7.11459e+06, 0
1.50639e+07, 4.17888e+06, 0
4.45937e+07, 1.1964e+07, 0
2.94118e+07, 1.14017e+07, 0
2.07716e+07, 1.11957e+07, 0
2.25818e+07, 1.32162e+07, 0
1.8671e+07, 4.30819e+06, 0
1.63524e+07, 7.9529e+06, 0
1.72783e+07, 8.90874e+06, 0
1.93725e+07, 3.49393e+06, 0
4.00706e+07, 2.28566e+07, 0
1.76577e+07, 7.74459e+06, 0
2.88754e+07, 1.57449e+07, 0
1.4945e+07, 590951, 0
3.27724e+07, 1.28227e+07, 0
1.53507e+07, 7.11383e+06, 0
2.14256e+07, 4.55182e+06, 0
2.99287e+07, 6.29418e+06, 0
2.05365e+07, 4.25812e+06, 0
2.10056e+07, 1.1683e+07, 0
1.36037e+07, 5.30889e+06, 0
1.31324e+07, 2.97266e+06, 0
1.91192e+07, 9.32085e+06, 0
2.98795e+07, 1.06173e+07, 0
1.62187e+07, 6.52298e+06, 0
2.50587e+07, 1.24225e+07, 0
1.9614e+07, 1.12522e+07, 0
1.99969e+07, 3.51812e+06, 0
2.70792e+07, 1.60013e+07, 0
2.90592e+07, 7.68589e+06, 0
2.07796e+07, 8.83603e+06, 0
2.52e+07, 1.60328e+07, 0
1.45889e+07, 6.30236e+06, 0
2.62772e+07, 1.47202e+07, 0
2.68096e+07, 7.72011e+06, 0
3.12416e+07, 1.00351e+06, 0
2.17239e+07, 1.04722e+07, 0
2.26828e+07, 6.2216e+06, 0
2.5714e+07, 1.6352e+07, 0
3.27019e+07, 1.16042e+07, 0
2.58017e+07, 1.61694e+07, 0
1.6028e+07, 5.17911e+06, 0
2.15687e+07, 1.17421e+07, 0
3.58305e+07, 1.3774e+07, 0
1.85715e+07, 9.32333e+06, 0
2.47449e+07, 6.54889e+06, 0
1.71628e+07, 9.41946e+06, 0
2.75174e+07, 1.00832e+07, 0
2.8548e+07, 1.27972e+07, 0
3.67054e+07, 1.60785e+07, 0
1.78712e+07, 4.69087e+06, 0
1.74908e+07, 2.76103e+06, 0
3.99263e+07, 8.30831e+06, 0
2.19862e+07, 1.18133e+07, 0
2.10166e+07, 1.20459e+07, 0
2.25228e+07, 6.76105e+06, 0
2.1298e+07, 7.8015e+06, 0
1.62923e+07, 6.60397e+06, 0
2.28248e+07, 8.41765e+06, 0
3.15379e+07, 8.57113e+06, 0
1.60399e+07, 6.85746e+06, 0
2.96594e+07, 5.83078e+06, 0
3.73146e+07, 2.15708e+07, 0
1.74234e+07, 7.94679e+06, 0
2.33923e+07, 1.43125e+07, 0
3.53572e+07, 1.93836e+07, 0
1.77511e+07, 6.26539e+06, 0
2.13756e+07, 8.11086e+06, 0
2.35436e+07, 5.78311e+06, 0
2.14081e+07, 4.43801e+06, 0
1.68676e+07, 8.17487e+06, 0
2.29438e+07, 1.41093e+07, 0
2.00711e+07, 7.05954e+06, 0
1.82897e+07, 1.01817e+07, 0
2.46359e+07, 1.01126e+07, 0
1.94699e+07, 5.42768e+06, 0
1.76893e+07, 1.9392e+06, 0
2.26686e+07, 1.1034e+07, 0
3.30122e+07, 7.48976e+06, 0
2.04531e+07, 1.15441e+07, 0
2.36729e+07, 1.26509e+07, 0
1.99983e+07, 6.94842e+06, 0
2.63683e+07, 7.38487e+06, 0
1.72714e+07, 4.67674e+06, 0
3.4677e+07, 2.00003e+07, 0
2.40232e+07, 1.1783e+07, 0
1.83703e+07, 9.46814e+06, 0
3.66259e+07, 6.36649e+06, 0
1.80773e+07, 8.33973e+06, 0
2.28601e+07, 1.11258e+07, 0
3.21956e+07, 1.88764e+07, 0
2.51967e+07, 1.17475e+07, 0
3.00643e+07, 1.92878e+07, 0
2.04523e+07, 9.39288e+06, 0
2.22569e+07, 5.98704e+06, 0
4.14991e+07, 8.93143e+06, 0
2.3192e+07, 1.44389e+07, 0
1.42444e+07, 5.89358e+06, 0
1.8742e+07, 6.71831e+06, 0
2.57349e+07, 9.04984e+06, 0
1.79648e+07, 5.70381e+06, 0
3.29711e+07, 1.76538e+07, 0
5.32351e+07, 2.48227e+07, 0
1.84934e+07, 7.06062e+06, 0
3.96656e+07, 5.99671e+06, 0
3.16963e+07, 1.48683e+07, 0
2.87425e+07, 1.7505e+07, 0
2.80013e+07, 1.49336e+07, 0
4.25285e+07, 2.86788e+07, 0
2.24453e+07, 1.21084e+07, 0
4.13545e+07, 1.34034e+07, 0
3.40527e+07, 4.0185e+06, 0
2.81826e+07, 1.21989e+07, 0
2.18816e+07, 1.08623e+07, 0
2.57256e+07, 1.62531e+07, 0
1.62009e+07, 5.11943e+06, 0
1.85082e+07, 7.89553e+06, 0
3.17497e+07, 9.04453e+06, 0
3.42915e+07, 6.73017e+06, 0
2.29242e+07, 5.50014e+06, 0
2.80282e+07, 1.69838e+07, 0
2.14324e+07, 9.08788e+06, 0
2.96535e+07, 1.49455e+07, 0
1.35942e+07, 4.97496e+06, 0
1.96894e+07, 5.34365e+06, 0
3.23531e+07, 1.73263e+07, 0
1.99477e+07, 1.12191e+07, 0
1.83527e+07, 5.18108e+06, 0
2.82521e+07, 6.09227e+06, 0
3.012e+07, 9.18826e+06, 0
3.01367e+07, 5.78048e+06, 0
2.55389e+07, 6.55335e+06, 0
2.87344e+07, 1.47986e+07, 0
2.40476e+07, 1.20023e+07, 0
3.04102e+07, 1.16903e+07, 0
2.05894e+07, 9.69076e+06, 0
2.85923e+07, 3.98434e+06, 0
3.3504e+07, 2.08063e+07, 0
2.62659e+07, 1.40124e+07, 0
2.44757e+07, 3.60383e+06, 0
1.4568e+07, 3.88396e+06, 0
1.94734e+07, 4.27464e+06, 0
1.44254e+07, 3.02905e+06, 0
2.59091e+07, 1.54812e+07, 0
2.36157e+07, 1.46485e+07, 0
2.28955e+07, 1.41807e+07, 0
1.5862e+07, 3.30884e+06, 0
3.11306e+07, 1.58412e+06, 0
1.95587e+07, 5.18284e+06, 0
2.48777e+07, 4.61461e+06, 0
1.45011e+07, 6.46628e+06, 0
1.85769e+07, 7.10956e+06, 0
1.74985e+07, 4.44616e+06, 0
2.32894e+07, 7.64708e+06, 0
3.67873e+07, 2.11695e+07, 0
2.22808e+07, 8.79569e+06, 0
2.87671e+07, 1.0313e+07, 0
2.28241e+07, 1.33716e+07, 0
1.51327e+07, 6.94263e+06, 0
1.72106e+07, 8.12261e+06, 0
1.31649e+07, 2.63697e+06, 0
2.53549e+07, 1.62561e+07, 0
1.41815e+07, 5.55124e+06, 0
3.29904e+07, 1.06412e+07, 0
1.47836e+07, 4.4909e+06, 0
3.0986e+07, 7.6445e+06, 0
1.59915e+07, 6.59812e+06, 0
3.43454e+07, 1.09834e+07, 0
2.66739e+07, 1.45052e+07, 0
1.39371e+07, 5.76718e+06, 0
2.82929e+07, 1.72584e+07, 0
3.07712e+07, 1.18266e+07, 0
3.4404e+07, 1.98841e+07, 0
1.38107e+07, 5.54379e+06, 0
2.6545e+07, 9.03334e+06, 0
1.70457e+07, 3.92062e+06, 0
1.87506e+07, 6.98528e+06, 0
2.3242e+07, 1.38569e+07, 0
1.64373e+07, 4.75633e+06, 0
1.64465e+07, 6.51743e+06, 0
1.74912e+07, 7.97709e+06, 0
3.04563e+07, 3.11148e+06, 0
2.54707e+07, 4.62475e+06, 0
1.75259e+07, 8.88128e+06, 0
3.15374e+07, 1.04568e+07, 0
2.65523e+07, 1.06133e+07, 0
2.08273e+07, 5.45183e+06, 0
1.63891e+07, 6.89062e+06, 0
1.40202e+07, 4.73568e+06, 0
1.73796e+07, 3.05817e+06, 0
2.34801e+07, 1.25065e+07, 0
1.48446e+07, 6.37477e+06, 0
2.04813e+07, 5.84337e+06, 0
3.22187e+07, 1.2865e+07, 0
3.86843e+07, 1.57987e+07, 0
1.68459e+07, 7.26683e+06, 0
4.62005e+07, 1.93124e+07, 0
3.55971e+07, 1.09535e+07, 0
2.48156e+07, 1.13152e+07, 0
3.66376e+07, 3.98997e+06, 0
2.50398e+07, 1.09178e+07, 0
1.92595e+07, 8.63157e+06, 0
3.29843e+07, 7.41698e+06, 0
2.07067e+07, 7.29841e+06, 0
2.13081e+07, 9.03181e+06, 0
3.51099e+07, 1.89584e+07, 0
2.64277e+07, 6.31955e+06, 0
1.88765e+07, 1.08076e+07, 0
3.03858e+07, 1.64437e+07, 0
1.67295e+07, 5.40857e+06, 0
2.20582e+07, 1.04607e+07, 0
2.02345e+07, 3.99263e+06, 0
3.57174e+07, 7.92013e+06, 0
1.75063e+07, 5.56503e+06, 0
2.16358e+07, 2.19514e+06, 0
3.83437e+07, 3.7138e+06, 0
2.15562e+07, 1.28406e+07, 0
1.9582e+07, 6.76256e+06, 0
2.21467e+07, 1.31195e+07, 0
1.38772e+07, 3.68261e+06, 0
3.2145e+07, 2.16552e+07, 0
1.60336e+07, 5.69166e+06, 0
2.63813e+07, 1.54673e+07, 0
2.75438e+07, 1.20576e+07, 0
4.28678e+07, 2.53699e+07, 0
1.6689e+07, 6.42739e+06, 0
1.43425e+07, 6.45349e+06, 0
2.68962e+07, 1.42589e+07, 0
1.77465e+07, 5.17268e+06, 0
2.8127e+07, 1.62463e+07, 0
1.77371e+07, 8.17758e+06, 0
2.52154e+07, 6.19758e+06, 0
2.80175e+07, 1.53249e+07, 0
2.86169e+07, 1.6105e+07, 0
3.02613e+07, 1.56674e+07, 0
1.58465e+07, 6.21309e+06, 0
2.29602e+07, 1.40512e+07, 0
2.44724e+07, 1.45716e+07, 0
1.56794e+07, 6.32491e+06, 0
2.81497e+07, 1.33455e+07, 0
2.27703e+07, 1.14619e+07, 0
3.70307e+07, 1.78628e+07, 0
2.76317e+07, 1.57393e+07, 0
1.86238e+07, 939676, 0
2.13354e+07, 8.7972e+06, 0
2.20805e+07, 4.50346e+06, 0
3.73461e+07, 1.21257e+07, 0
1.65433e+07, 1.36292e+06, 0
3.97237e+07, 1.74921e+07, 0
3.35966e+07, 2.00984e+07, 0
2.6198e+07, 1.21214e+07, 0
3.49492e+07, 1.34993e+07, 0
2.62227e+07, 1.05453e+07, 0
3.53503e+07, 1.72213e+07, 0
1.45286e+07, 6.08478e+06, 0
2.19683e+07, 1.05673e+07, 0
1.51557e+07, 1.48854e+06, 0
1.8168e+07, 7.87951e+06, 0
3.29201e+07, 1.69496e+07, 0
3.35068e+07, 1.00257e+07, 0
2.85768e+07, 1.39649e+07, 0
2.52316e+07, 6.36041e+06, 0
2.56361e+07, 1.3641e+07, 0
1.30357e+07, 2.77226e+06, 0
3.00846e+07, 8.63256e+06, 0
3.73563e+07, 7.67581e+06, 0
1.82519e+07, 8.81143e+06, 0
3.66074e+07, 2.01116e+07, 0
2.60884e+07, 6.0038e+06, 0
1.74581e+07, 9.43929e+06, 0
2.91582e+07, 1.49403e+07, 0
1.19531e+07, 3.11161e+06, 0
2.74339e+07, 1.50261e+07, 0
1.63564e+07, 7.4119e+06, 0
2.53076e+07, 1.15693e+07, 0
3.26628e+07, 9.41728e+06, 0
1.4522e+07, 5.50002e+06, 0
2.54939e+07, 1.24346e+07, 0
1.78174e+07, 9.1146e+06, 0
1.45757e+07, 3.31393e+06, 0
1.59223e+07, 5.75305e+06, 0
1.97365e+07, 4.15245e+06, 0
2.0232e+07, 8.53044e+06, 0
2.09919e+07, 9.45562e+06, 0
1.7814e+07, 8.35496e+06, 0
3.22132e+07, 1.47127e+07, 0
2.55753e+07, 1.25521e+07, 0
2.12833e+07, 8.40014e+06, 0
1.36295e+07, 2.92519e+06, 0
2.80982e+07, 1.09315e+07, 0
2.26162e+07, 5.8946e+06, 0
1.47304e+07, 6.24377e+06, 0
3.50198e+07, 8.53111e+06, 0
2.94324e+07, 1.01139e+07, 0
1.75589e+07, 3.58685e+06, 0
1.58483e+07, 4.33724e+06, 0
1.94492e+07, 1.13887e+07, 0
3.03429e+07, 1.4797e+07, 0
2.18623e+07, 1.35019e+07, 0
1.98912e+07, 6.80483e+06, 0
1.43755e+07, 6.39196e+06, 0
1.90787e+07, 4.65204e+06, 0
2.58716e+07, 9.51839e+06, 0
2.51623e+07, 1.06238e+07, 0
1.61835e+07, 1.5775e+06, 0
2.40323e+07, 7.0379e+06, 0
2.08747e+07, 349430, 0
1.42402e+07, 3.88568e+06, 0
2.69785e+07, 1.38956e+07, 0
1.99736e+07, 6.23306e+06, 0
1.81297e+07, 4.35866e+06, 0
2.06644e+07, 908858, 0
1.63834e+07, 8.0157e+06, 0
1.90971e+07, 1.44291e+06, 0
1.84817e+07, 636181, 0
1.56984e+07, 3.44744e+06, 0
1.97094e+07, 1.01639e+07, 0
2.177e+07, 2.31621e+06, 0
3.25294e+07, 1.88381e+07, 0
2.35701e+07, 1.23402e+07, 0
2.00774e+07, 7.07378e+06, 0
2.37951e+07, 1.40408e+07, 0
3.28142e+07, 5.72542e+06, 0
3.74818e+07, 1.52131e+07, 0
2.51225e+07, 9.06267e+06, 0
1.64468e+07, 4.90669e+06, 0
1.61398e+07, 913861, 0
1.47267e+07, 4.07958e+06, 0
1.93321e+07, 7.13789e+06, 0
1.48657e+07, 3.86637e+06, 0
1.85396e+07, 1.02128e+07, 0
1.53653e+07, 5.16031e+06, 0
2.38045e+07, 1.0397e+07, 0
3.29241e+07, 1.16105e+07, 0
1.85955e+07, 5.44128e+06, 0
1.54031e+07, 6.40452e+06, 0
1.747e+07, 8.56147e+06, 0
2.39285e+07, 7.81877e+06, 0
1.6466e+07, 7.83264e+06, 0
2.57332e+07, 9.08684e+06, 0
2.40022e+07, 7.11425e+06, 0
2.91207e+07, 6.37092e+06, 0
2.29131e+07, 1.19325e+07, 0
2.11027e+07, 7.31804e+06, 0
1.77517e+07, 8.15374e+06, 0
4.1216e+07, 1.27229e+07, 0
2.17423e+07, 4.72001e+06, 0
1.76175e+07, 4.51445e+06, 0
1.60563e+07, 5.52765e+06, 0
2.93835e+07, 1.52197e+07, 0
2.0303e+07, 1.04483e+07, 0
1.71566e+07, 8.3856e+06, 0
3.05239e+07, 1.87874e+07, 0
2.6047e+07, 1.22281e+07, 0
1.87121e+07, 1.00131e+07, 0
3.41738e+07, 1.58178e+07, 0
2.80977e+07, 4.58318e+06, 0
3.62239e+07, 1.31539e+07, 0
2.58878e+07, 4.57143e+06, 0
1.85225e+07, 1.14224e+06, 0
2.43696e+07, 1.16915e+07, 0
1.84092e+07, 5.96939e+06, 0
2.72861e+07, 3.44717e+06, 0
2.54268e+07, 1.10076e+07, 0
3.13455e+07, 1.73173e+07, 0
1.96506e+07, 7.86441e+06, 0
1.67724e+07, 7.29851e+06, 0
2.66347e+07, 1.49526e+07, 0
2.98293e+07, 1.88582e+07, 0
1.97444e+07, 8.88268e+06, 0
2.06143e+07, 1.03407e+07, 0
1.42415e+07, 6.21106e+06, 0
1.84454e+07, 6.25306e+06, 0
2.38763e+07, 6.68425e+06, 0
