145518, 84802.6, 0
94734.5, 66171.3, 0
34697.8, 33721.9, 0
212221, 79682.2, 0
95777.3, 66675.9, 0
82733, 15495.1, 0
337681, 153702, 0
36597.5, 36486.2, 0
135218, 90366.3, 0
78505.3, 27391.6, 0
28520, 9776.93, 0
245447, 94488, 0
120173, 32076.5, 0
135885, 78437.7, 0
150460, 93595.7, 0
87372, 53870.3, 0
88900.4, 48215, 0
17142, 12927, 0
122484, 86020.3, 0
134444, 22257.8, 0
149080, 76522.6, 0
58706.7, 54947.5, 0
147393, 81731.3, 0
73559.8, 64731.4, 0
253319, 61409.4, 0
82638.8, 60401.6, 0
100017, 36309.4, 0
46732.1, 51338.7, 0
175525, 74049.7, 0
99550.8, 33404.1, 0
146401, 111656, 0
104254, 57847.2, 0
180910, 128337, 0
234061, 94467.7, 0
251770, 71493.1, 0
61492.2, 13118.9, 0
29725.4, 29649.5, 0
147200, 108069, 0
7579.88, 29982.2, 0
135592, 45608, 0
85162, 27166.4, 0
110815, 40892.6, 0
117035, 93579.6, 0
7977.77, 26962.9, 0
135781, 34605.8, 0
76984.8, 51856.2, 0
69785.5, 51760.9, 0
107902, 26368, 0
129777, 54119, 0
135631, 65004.6, 0
43538.3, 33419.6, 0
48128.4, 36878.6, 0
214728, 137863, 0
35509.1, 45076.6, 0
113478, 41815.3, 0
149675, 71499.5, 0
110065, 87054.6, 0
63269.6, 49787.4, 0
79150.9, 62339.1, 0
86109.5, 48041.4, 0
176527, 73354.4, 0
59271.4, 33624.7, 0
97270.9, 80309.3, 0
74694.3, 16592.2, 0
26223.6, 22347.5, 0
227803, 61973.1, 0
19310.9, 26693.7, 0
81274.4, 38587.8, 0
96043.7, 66879.5, 0
11661.1, 36111.5, 0
56236.9, 7963.55, 0
172942, 70788.7, 0
75882.7, 53371, 0
187261, 139259, 0
40725.6, 17811.1, 0
224877, 43719.6, 0
119465, 67920.5, 0
78375.8, 36463.5, 0
34167.2, 14373.1, 0
157737, 117586, 0
146713, 50471.3, 0
84125.6, 40260.1, 0
137625, 85959, 0
148692, 85961.1, 0
84946.7, 43109.6, 0
89891.5, 38813.7, 0
135975, 92658.9, 0
36393.2, 36278.9, 0
46690.8, 32438.4, 0
118121, 48725.3, 0
161148, 83975.3, 0
3649.83, 33827.8, 0
123806, 92627.2, 0
186480, 70577.4, 0
161942, 67568.3, 0
141632, 20761.3, 0
75886.2, 37607.4, 0
171347, 30976, 0
8926.28, 40147.3, 0
134550, 22963.5, 0
83257.7, 43327.2, 0
132796, 72156.6, 0
64192.5, 57081.1, 0
102507, 46476.6, 0
10872, 34408.5, 0
57405.9, 57642, 0
69520, 53999.2, 0
11672.5, 33281.5, 0
68495.4, 11140.9, 0
79441.1, 52158.1, 0
99113.7, 39116.8, 0
93119.2, 37534.1, 0
142705, 67748, 0
164924, 62735.5, 0
57446.2, 41221.2, 0
169207, 22675.3, 0
169998, 35382.5, 0
105748, 64108.3, 0
223174, 90958.5, 0
52381, 41837, 0
72061.6, 43654.5, 0
138804, 23102.3, 0
187784, 66071.6, 0
85136.7, 41147.6, 0
165125, 113545, 0
156978, 77539.5, 0
167543, 73059.4, 0
207390, 41687.3, 0
41470.3, 40203.4, 0
43356.4, 24423, 0
97084.7, 23284.1, 0
235942, 71223, 0
82946.5, 32561.3, 0
201724, 129409, 0
229404, 160994, 0
123593, 85818.9, 0
194490, 117146, 0
130851, 58718.9, 0
125887, 30504.6, 0
111720, 65547.8, 0
139555, 49077.1, 0
203779, 30908.4, 0
268314, 152700, 0
161146, 64121.4, 0
15058.8, 17746.2, 0
85205.1, 35920, 0
113560, 78474.4, 0
118851, 91083.2, 0
142055, 87161.9, 0
86132.4, 59878.8, 0
90975.8, 26357.7, 0
179338, 103122, 0
46893, 24949.9, 0
128546, 82411.4, 0
149793, 84654, 0
106542, 49411.6, 0
125540, 34274.4, 0
144914, 43710, 0
150752, 67539.1, 0
106375, 68527.9, 0
173697, 82936.2, 0
141674, 2275.32, 0
90638.2, 64973.4, 0
148467, 79909.3, 0
174736, 81841.3, 0
115069, 37473.6, 0
188267, 139037, 0
176383, 58688.4, 0
128576, 63662.4, 0
102295, 56152.8, 0
128716, 91699.2, 0
128992, 34727.5, 0
213723, 112185, 0
124340, 61503.3, 0
139842, 67678.4, 0
100259, 36080.7, 0
56244.2, 48827.5, 0
91927.3, 77043.7, 0
80046.9, 53828.1, 0
163489, 99140.2, 0
79791.2, 65647.1, 0
112100, 82376.9, 0
57738.3, 11913.2, 0
181478, 80466.2, 0
44173.9, 16958, 0
108404, 49797.5, 0
90120.6, 74361.2, 0
9308.77, 23282.5, 0
243212, 17528.7, 0
72095.3, 48684.8, 0
121147, 74093.7, 0
141759, 55699.7, 0
10618.8, 21028.6, 0
271698, 166500, 0
21233.1, 20699.9, 0
21381.1, 42039.6, 0
65716, 40708.6, 0
200090, 60398.1, 0
47157.1, 32980.4, 0
71314, 42435.5, 0
90486.9, 45155.4, 0
185843, 134746, 0
192039, 85257.2, 0
252023, 98398, 0
42856.2, 44141, 0
143205, 73914.1, 0
29230.1, 40934.3, 0
229362, 122883, 0
72572.5, 42646.6, 0
68116.7, 24672.5, 0
378401, 63386.4, 0
56290, 54004.9, 0
184949, 102710, 0
13546.3, 19267.4, 0
127783, 21175.7, 0
121848, 81142.6, 0
96295.9, 80005.9, 0
43989.6, 27903.3, 0
157719, 83280.3, 0
23338, 10625.8, 0
98262.6, 33112.1, 0
133175, 37652.2, 0
84844.2, 15744.9, 0
185739, 90120.2, 0
68070.3, 22630.4, 0
41743, 46571.1, 0
139939, 80434.7, 0
230771, 157270, 0
103194, 29969.7, 0
106571, 34038.7, 0
109557, 44338.5, 0
246213, 98378.5, 0
148991, 77858.5, 0
19998.7, 4986.3, 0
135597, 80333.1, 0
122265, 76741.1, 0
164829, 86580.3, 0
345104, 134580, 0
162301, 52988.4, 0
84601.5, 10286.8, 0
235999, 102717, 0
171021, 116115, 0
112409, 30851.6, 0
58200.8, 4337.09, 0
189997, 38532.5, 0
112866, 82837.9, 0
193333, 10792.8, 0
157413, 81082.9, 0
150298, 95992.2, 0
199801, 89752.6, 0
253752, 99103.6, 0
57870.1, 52118.3, 0
4795.53, 34290.9, 0
90255.3, 68613.8, 0
20597, 7976.75, 0
149231, 111826, 0
104645, 28147.8, 0
84677.8, 36298.8, 0
94529.1, 24293.4, 0
113660, 91075.7, 0
246119, 68253.2, 0
31044.2, 43273.5, 0
42763.1, 46145.7, 0
16693.1, 34724.9, 0
118385, 57281.9, 0
235781, 77089.7, 0
201009, 99752.2, 0
65718.7, 9357.29, 0
146601, 93371.1, 0
230218, 90815.7, 0
62192.4, 52397.2, 0
130050, 91620.3, 0
45456.4, 39282.4, 0
14649, 31767.8, 0
105676, 46768.9, 0
142998, 71301.5, 0
172488, 55182.2, 0
167885, 116442, 0
129641, 27286, 0
41265.8, 34827.5, 0
248009, 103521, 0
77487, 39855.4, 0
137207, 34198.8, 0
148321, 113778, 0
267867, 181774, 0
161457, 76824.1, 0
84259.5, 41039.1, 0
111305, 87453.1, 0
154031, 88472.1, 0
61250.1, 39646.9, 0
85529.9, 49211.4, 0
110821, 10913.4, 0
185779, 44690.4, 0
26853.3, 41527.4, 0
32557.3, 39102.6, 0
156114, 12387.3, 0
222360, 56864.9, 0
154939, 99191.9, 0
15070, 41827.4, 0
61478.5, 59953.5, 0
50802.4, 40770.4, 0
204928, 53805.5, 0
216393, 97463.7, 0
35425.6, 26115, 0
118118, 30639, 0
108979, 55096.4, 0
175845, 82408.1, 0
166350, 50099.4, 0
84872.7, 69305.5, 0
42999, 14623.3, 0
52980.3, 41825.5, 0
100151, 36758.5, 0
231137, 130712, 0
261470, 72898.6, 0
83495.5, 41846.3, 0
133897, 95637.7, 0
119152, 92701.5, 0
56483, 51021.9, 0
97604.7, 61182.2, 0
52232.3, 32669.6, 0
17492.1, 21261.4, 0
190120, 117308, 0
82684, 65297.4, 0
26798.2, 25220, 0
130850, 69746.5, 0
54736.7, 3664.46, 0
119134, 82137.7, 0
169736, 48506.9, 0
26884.9, 5186.19, 0
102081, 74682.2, 0
86938, 55742.6, 0
235018, 124634, 0
181736, 104873, 0
59372.6, 38110.1, 0
100190, 72943, 0
112080, 60637.8, 0
195828, 90398.1, 0
54799.3, 21651.7, 0
229993, 110326, 0
140247, 32962.4, 0
9590.99, 36794.2, 0
110754, 77478.6, 0
98423.7, 56026.5, 0
71775.7, 65254.3, 0
129455, 100885, 0
49472.8, 52713.4, 0
164596, 89593.3, 0
13901.4, 20506.5, 0
101469, 53823.9, 0
38805, 25355.7, 0
267695, 98817.5, 0
125877, 88426.7, 0
198912, 126814, 0
45015.9, 48420.2, 0
173586, 108276, 0
48003, 40967.8, 0
125926, 71094.2, 0
44203.6, 35113.6, 0
82260.9, 52241.5, 0
197271, 4634.33, 0
185375, 120286, 0
126807, 29858.7, 0
26040.3, 32113.8, 0
129231, 82292, 0
88548.1, 55649.9, 0
266583, 146068, 0
147051, 81397.1, 0
17991.4, 35906.9, 0
73699.7, 62429.8, 0
28473.7, 28559.6, 0
4666.76, 34405.1, 0
41095.9, 30017.8, 0
293760, 95601.2, 0
189597, 26366.3, 0
6771.31, 35042.7, 0
86492.4, 24262.7, 0
88564.4, 63296.1, 0
69901.3, 26052.5, 0
74355.6, 31120.2, 0
100550, 82120.9, 0
132543, 38090, 0
23668.5, 36613, 0
86511.5, 31835, 0
52474.3, 33288.9, 0
268029, 24794.9, 0
46650.1, 45930.1, 0
99035.4, 77625.6, 0
25311.6, 30953.9, 0
130479, 74416.9, 0
38645.8, 8310.16, 0
133790, 96748.4, 0
55486.1, 30242.7, 0
89599.8, 43583.7, 0
182983, 54448.7, 0
99708, 30721.2, 0
110272, 38813.4, 0
107796, 35942.2, 0
157726, 118225, 0
4725.81, 23506, 0
23552.7, 41831.4, 0
163528, 19672.2, 0
94811.3, 73816.1, 0
256027, 113270, 0
96468.4, 47314.6, 0
184984, 87724.9, 0
110811, 57314, 0
125931, 29727.7, 0
200579, 67903.8, 0
169466, 62729.7, 0
148411, 25818.9, 0
171643, 43156, 0
95513.7, 74883, 0
122099, 59016.2, 0
148512, 47583.7, 0
100605, 82165.1, 0
89753.9, 54673.6, 0
161277, 58278.7, 0
139172, 86076.9, 0
111311, 73880.9, 0
43438.9, 42234.2, 0
65577.4, 32912.3, 0
85616.1, 73169.1, 0
118154, 67640.6, 0
30353.6, 4861.18, 0
23671.6, 30142.4, 0
11483.1, 29231.8, 0
69687.1, 40601.3, 0
123999, 79316.4, 0
166224, 71060.3, 0
151341, 53245.9, 0
1047.11, 31143.7, 0
233734, 22587, 0
240543, 55713.5, 0
52468.7, 27156.5, 0
135086, 51001.1, 0
257178, 171091, 0
188563, 141310, 0
21559.5, 42348.4, 0
37118, 38352.6, 0
152654, 50057.3, 0
90326.5, 72424.9, 0
25346.7, 24451.8, 0
8784.96, 16684.9, 0
68902.3, 49237.5, 0
189138, 49807.6, 0
90098, 21529.5, 0
105839, 76915.6, 0
299300, 138818, 0
68405.7, 31433.1, 0
9104.62, 28136.6, 0
13805.2, 30496.7, 0
238067, 116377, 0
106289, 931.452, 0
117195, 90129.9, 0
161921, 61776.9, 0
205878, 54748.1, 0
4434.95, 26938.3, 0
193462, 131030, 0
173253, 68257.6, 0
157255, 29358.9, 0
135840, 56936.8, 0
27946.9, 37001.6, 0
132591, 87321.4, 0
189404, 104970, 0
29835.2, 28297.1, 0
133732, 43341.2, 0
55028, 30261.1, 0
7986.44, 35404.3, 0
92156.7, 64353.7, 0
211920, 35647.7, 0
17851.9, 26815.2, 0
142483, 89394.6, 0
187618, 69041.8, 0
171471, 91415.6, 0
109977, 66981, 0
158514, 18638.1, 0
70273.6, 58666.7, 0
104629, 58501.2, 0
71842.6, 36739.5, 0
133124, 52176.7, 0
281089, 79035.6, 0
89005.5, 75528.9, 0
196156, 88739.5, 0
16671.6, 14999.4, 0
64073.8, 48426.3, 0
137800, 30028.9, 0
108369, 19821.1, 0
60413.5, 45869.8, 0
124088, 42028.3, 0
116679, 61261.5, 0
36574, 25399.8, 0
67820.3, 57018.1, 0
111470, 86652.9, 0
53351, 25081.7, 0
14059.9, 28838, 0
115348, 84584.8, 0
54923, 48515.5, 0
40742.9, 45467.2, 0
80745.6, 43013.3, 0
292539, 128082, 0
119091, 76652.6, 0
195984, 66636.4, 0
96435.6, 74525, 0
146647, 57837.6, 0
90407.6, 67958.8, 0
175521, 128383, 0
157943, 25099.2, 0
150053, 65768.4, 0
34617.5, 5794.14, 0
125625, 67297.2, 0
140830, 108576, 0
127760, 27303.5, 0
187123, 120087, 0
40007.7, 47248.4, 0
45428.9, 7545.46, 0
120995, 65256.3, 0
117799, 72301.6, 0
208388, 91377.1, 0
107975, 39579.2, 0
190777, 107537, 0
107661, 77994.3, 0
111184, 34237.8, 0
115075, 69571.4, 0
117643, 90174.7, 0
141305, 40382.4, 0
250355, 184731, 0
175479, 129201, 0
236727, 78326.4, 0
243788, 124882, 0
123095, 77010.8, 0
66575.8, 12741.8, 0
54895.3, 42136, 0
65174.6, 29104.9, 0
11056.4, 36486, 0
181401, 133218, 0
50157.4, 46338.7, 0
142373, 21142, 0
126823, 42375.3, 0
61437, 45452.8, 0
111008, 53843.5, 0
145672, 106341, 0
231216, 112723, 0
79048.3, 42921.5, 0
171304, 110291, 0
66693.1, 36946.1, 0
172879, 36313.9, 0
60839.4, 31646.8, 0
132243, 61691.4, 0
21946.9, 31843.3, 0
23096.4, 28334.1, 0
120102, 48614.5, 0
202890, 148518, 0
137377, 94468.6, 0
171906, 86166.8, 0
179885, 113693, 0
117294, 38954.2, 0
192909, 79173.4, 0
298655, 181521, 0
59463.7, 47010.6, 0
34191.2, 15677.8, 0
81974.6, 38016.2, 0
174387, 95618.7, 0
232525, 65643.7, 0
75919, 67596.7, 0
199215, 123495, 0
6099.9, 36161, 0
83018.7, 18742.3, 0
47599.6, 42056.7, 0
52975.2, 44005.2, 0
25652.8, 17787.7, 0
141429, 36754, 0
98959.2, 37365.6, 0
50288.4, 49625.3, 0
115044, 76183.5, 0
115541, 72081.1, 0
158950, 108386, 0
133318, 58196.6, 0
13813.4, 40009.4, 0
185669, 24669.5, 0
83835.2, 66607.2, 0
128175, 72474.7, 0
50242.4, 48748, 0
95507, 31667.8, 0
112618, 55557.8, 0
109970, 61964.1, 0
115883, 87067.8, 0
100833, 35583.7, 0
55591.3, 16683.3, 0
91440.1, 43895.3, 0
34464.4, 23545.1, 0
294062, 25425.2, 0
229135, 140304, 0
139656, 28601, 0
96268.7, 43475.3, 0
136442, 29411.4, 0
120107, 5637.61, 0
246860, 105151, 0
125277, 85511.1, 0
125081, 53760.9, 0
61342.7, 42647, 0
195799, 133000, 0
93531.1, 65656.9, 0
71922.7, 45770.7, 0
79849.9, 55358.3, 0
14950.1, 34252.5, 0
173834, 58376.4, 0
155324, 105331, 0
28882.9, 45772.4, 0
78916.1, 63199.6, 0
185868, 118504, 0
153800, 15311.5, 0
225623, 48400.5, 0
55597.7, 16574.8, 0
44332.2, 37087.7, 0
130413, 53085.3, 0
156904, 29463.3, 0
152608, 93201.5, 0
102042, 70067.3, 0
194566, 97940.9, 0
48516.6, 29636.2, 0
180355, 67062.3, 0
189837, 100932, 0
156513, 116427, 0
35834.8, 48030.1, 0
129123, 61255.7, 0
39682.8, 24950, 0
93633, 45026.6, 0
71835.8, 65026.5, 0
74065.7, 51652, 0
58108.3, 23527.4, 0
205077, 70532.5, 0
86156.9, 63463.8, 0
105312, 51121.4, 0
55265.7, 46119.4, 0
192339, 25306.5, 0
119761, 93776.9, 0
191583, 121263, 0
267132, 131720, 0
94841.6, 77416.5, 0
93438.9, 49747.8, 0
62583.5, 21274.3, 0
181198, 37663.6, 0
72584.5, 50859.5, 0
162765, 16034.3, 0
84890.9, 46666.1, 0
83865, 43831.8, 0
166120, 91217.8, 0
75175.9, 20846.5, 0
37845.6, 35870.8, 0
137379, 106042, 0
112041, 43195.7, 0
73172.4, 50958.7, 0
207113, 127471, 0
79952.5, 65754.4, 0
117521, 58625.6, 0
93187.5, 9035.71, 0
147050, 89799.3, 0
43160, 47958.5, 0
30412.8, 34829.3, 0
202672, 92362.5, 0
106605, 15120, 0
62673.2, 53561.3, 0
147432, 60837.5, 0
157693, 37845.7, 0
109208, 77419.3, 0
190259, 96929.6, 0
124282, 75990.1, 0
97368.4, 50945.5, 0
211133, 112769, 0
123222, 94361.9, 0
108453, 41101, 0
130397, 81895.3, 0
183495, 30313.4, 0
72648.2, 24668.3, 0
133753, 93316, 0
60002.4, 10095.3, 0
182982, 125093, 0
119690, 23045.4, 0
185499, 108268, 0
38757.5, 13781.1, 0
79481.9, 38506.1, 0
88936.5, 45798.6, 0
216200, 43012.7, 0
207735, 24039.7, 0
218959, 132765, 0
121030, 45966.8, 0
112600, 61704.7, 0
128327, 87964.6, 0
87879.9, 35605.7, 0
146312, 93515.5, 0
50678.4, 31592.4, 0
3726.64, 26114.2, 0
53569.6, 29463.9, 0
32142.8, 40359.8, 0
106716, 34680, 0
56504.4, 23537.8, 0
186631, 80367, 0
156930, 117827, 0
21952.9, 15367.7, 0
204317, 39649.2, 0
90616.9, 60724.6, 0
172783, 118190, 0
75621.2, 24996.1, 0
259963, 41821.7, 0
177912, 82386, 0
4189.5, 28343.9, 0
93372.5, 49087.4, 0
76451.2, 61065.9, 0
183957, 37458.1, 0
254955, 73660.4, 0
59485.7, 52854.4, 0
114872, 89725.1, 0
123059, 35885.7, 0
174989, 126034, 0
110892, 69731.6, 0
156366, 111560, 0
177483, 71975.5, 0
30677.8, 30366.4, 0
176075, 77490.5, 0
46675.1, 43421.9, 0
149719, 59380.7, 0
100739, 74600.4, 0
102115, 59429.7, 0
152032, 49577.3, 0
27879.5, 35578.9, 0
76957, 49883.3, 0
50154, 25117.3, 0
144706, 84726.8, 0
96393.2, 74554.4, 0
194257, 38384.7, 0
194515, 15958.2, 0
47216.7, 22587.2, 0
134126, 87058.3, 0
45923.8, 39874.9, 0
155808, 37780, 0
143299, 105843, 0
31521, 39674.5, 0
67718.4, 23126, 0
207171, 49488.8, 0
70286.6, 55332.1, 0
70432.8, 49796.2, 0
23076.8, 27609.8, 0
170924, 119048, 0
128113, 19843.6, 0
53600.5, 21187.6, 0
232656, 100599, 0
87398, 48321.5, 0
146225, 40964.9, 0
110136, 82682.7, 0
111005, 85979.2, 0
59191.1, 48063.2, 0
129629, 45365, 0
133219, 90242.2, 0
88721.5, 16951.8, 0
64727.5, 14251.2, 0
71931.3, 43425.7, 0
239443, 91900.9, 0
140995, 108452, 0
25051, 34404.4, 0
195152, 106040, 0
7323.41, 37194.4, 0
89690.5, 52127.9, 0
130544, 40953.9, 0
225939, 76197.4, 0
74828.7, 54342.8, 0
92224.6, 65212, 0
65475.9, 58791.6, 0
86470.7, 51810, 0
147181, 81076.7, 0
8086.51, 31980.5, 0
144104, 60892.8, 0
140073, 106196, 0
926.422, 28012, 0
142370, 38699.4, 0
167254, 91215.7, 0
184824, 115489, 0
44401.1, 21212, 0
184427, 80937.5, 0
97301.7, 47729.8, 0
116958, 56706.6, 0
156082, 85087.7, 0
162994, 58310.8, 0
79392.9, 64148.3, 0
212285, 40321, 0
139620, 42531, 0
173136, 47442.1, 0
22904.8, 18876.3, 0
178602, 78772.7, 0
106778, 32528.9, 0
99392.2, 51937.3, 0
19440.5, 41596.8, 0
18922.5, 22655, 0
31676.2, 27508.7, 0
200983, 97127.9, 0
125270, 62088.7, 0
150959, 95167.4, 0
66882.3, 44399.9, 0
190313, 103263, 0
159178, 103031, 0
182188, 32901.2, 0
9204.69, 20026, 0
287122, 55578.6, 0
116109, 21985.3, 0
101109, 49498.4, 0
260044, 137053, 0
5908.48, 33958, 0
164909, 48688.6, 0
58638.1, 58525.2, 0
190236, 129856, 0
94309.3, 66198.2, 0
144630, 85000.5, 0
38853.8, 33088.5, 0
6460.1, 30104, 0
108031, 11419.8, 0
125227, 56492.1, 0
178865, 39125.3, 0
100043, 68590.6, 0
110280, 31141.6, 0
9265.58, 33886, 0
133190, 61978, 0
237516, 33913.1, 0
131399, 40935, 0
162200, 18671.2, 0
41807.1, 31573.6, 0
45941.8, 49117.9, 0
25685.1, 32745.1, 0
126474, 22731, 0
50370, 37233, 0
67560.9, 55995.1, 0
139677, 49100.1, 0
232061, 152286, 0
228971, 124809, 0
107516, 53368.4, 0
67989.1, 55535.6, 0
77054.2, 46816.6, 0
69141.4, 7518, 0
194830, 12496.8, 0
209231, 116136, 0
127554, 92492, 0
77436.5, 26606, 0
92361.5, 60290, 0
41682.4, 26763, 0
171944, 102976, 0
110463, 89131.2, 0
293247, 109348, 0
245883, 69420.5, 0
20561, 28455.3, 0
34526.1, 38828.6, 0
122209, 39623.2, 0
11356.9, 11515.5, 0
17850.8, 13639.4, 0
137294, 34062, 0
95972.2, 17665.8, 0
174921, 75163.4, 0
175947, 91436.8, 0
119556, 41646.7, 0
116567, 78643.7, 0
139795, 90486.3, 0
86958.5, 52580.9, 0
131344, 43125.7, 0
99344.5, 69099.4, 0
103492, 61118.5, 0
24274.9, 33011.2, 0
164190, 83121, 0
153681, 86572.1, 0
203100, 104218, 0
136739, 31911.3, 0
177039, 23446.3, 0
133105, 60442.4, 0
136996, 92045.1, 0
250742, 143917, 0
356900, 88567.3, 0
48491.4, 8785.84, 0
109804, 11547.2, 0
123685, 79819.6, 0
88828.9, 43909.5, 0
126854, 54934.4, 0
126017, 62534.9, 0
46424.8, 49964.9, 0
98678.3, 44226.9, 0
260698, 142958, 0
78571.4, 69203.7, 0
158562, 21391.6, 0
235826, 140691, 0
118562, 35220.6, 0
272601, 36363.4, 0
297783, 69985, 0
185812, 67688, 0
190772, 16125, 0
83495.5, 29845.6, 0
33309.1, 45757.3, 0
87276.8, 66188.3, 0
34270.2, 28311.3, 0
181892, 75748.5, 0
12100, 33230.8, 0
10430.4, 40477.6, 0
200560, 139752, 0
84418.8, 48844.8, 0
40469, 44868.3, 0
125972, 96182.3, 0
76404.9, 58227.3, 0
60052.8, 51176.3, 0
107224, 85286.4, 0
72145.2, 55674.3, 0
300861, 74739.2, 0
231310, 134401, 0
19662.5, 26917.9, 0
80707.9, 39516.8, 0
164310, 56135.9, 0
21413.6, 35615.1, 0
94311.1, 55628.4, 0
106644, 67593.7, 0
60432.2, 19432.6, 0
144679, 56281.9, 0
109351, 19677, 0
70434.8, 27745.7, 0
67911.4, 30418.3, 0
149846, 81873.7, 0
14830, 3732.5, 0
106163, 62949, 0
114187, 6453.6, 0
18281.3, 29188.7, 0
79113.7, 37823.5, 0
116649, 31174.3, 0
185857, 137591, 0
30488.8, 42511.9, 0
68769.6, 45243.6, 0
65529, 44762.6, 0
140953, 83579.6, 0
69378.3, 24452.6, 0
7426.79, 36238.3, 0
157185, 97882.4, 0
75785.9, 29006.6, 0
97044.2, 41861.3, 0
12233.6, 21507.1, 0
222439, 149474, 0
117083, 61745.9, 0
117165, 67665, 0
65779.8, 30728.1, 0
70220.2, 27260.7, 0
18876.1, 4066.2, 0
64062.7, 25280, 0
60247.2, 32904.9, 0
213674, 141731, 0
293964, 209737, 0
89579.2, 59372.7, 0
44839.2, 40176.4, 0
121236, 86517.3, 0
6928.92, 40127.7, 0
33062.8, 32709.3, 0
143231, 54954.1, 0
134929, 104153, 0
218729, 102569, 0
170289, 115680, 0
92184.5, 52424.3, 0
187110, 123040, 0
144910, 60710.4, 0
66353.9, 58912.3, 0
148875, 109873, 0
78970.3, 61161.2, 0
188801, 78889.2, 0
203084, 111940, 0
47962.1, 19421.5, 0
61238.3, 44683.2, 0
76370.4, 37849.9, 0
69237.1, 61981.1, 0
63785.2, 49705, 0
184629, 113716, 0
141154, 85339.7, 0
86894.8, 30790.6, 0
55011.2, 13192.6, 0
114634, 50397.4, 0
155449, 52733.6, 0
155226, 56718.9, 0
174561, 121563, 0
55826.5, 34787.9, 0
261904, 123639, 0
103961, 71337.3, 0
163678, 81690.8, 0
130781, 72892.8, 0
96966.4, 56518, 0
46757.8, 32804.8, 0
121239, 70798.2, 0
210620, 154950, 0
95869.4, 65758.6, 0
93512.5, 42098.8, 0
97869.3, 55549.1, 0
22995, 39287, 0
58151.7, 26320.3, 0
192440, 64626.2, 0
17471.1, 22400.3, 0
80249.6, 25650.5, 0
132257, 101259, 0
79905.7, 17936.9, 0
30172.4, 37932.3, 0
28977.1, 44009, 0
49313.9, 33916.6, 0
142434, 49293.4, 0
180890, 108107, 0
144717, 47351.1, 0
161222, 114840, 0
207311, 77347.2, 0
103672, 73851.5, 0
51764.8, 44779.4, 0
68805.7, 40561.3, 0
90591.8, 12385.7, 0
149525, 33525.1, 0
99670.4, 62186, 0
95402.7, 54176.3, 0
56027.7, 25008.5, 0
165025, 96612.8, 0
102436, 32585.1, 0
75502.4, 67845, 0
139212, 104870, 0
48568.7, 44951.6, 0
93111.5, 73224.9, 0
71957.8, 12961.4, 0
99230.2, 37366.7, 0
109548, 33275.1, 0
60109.5, 29785.6, 0
153566, 55878.8, 0
124906, 80346.1, 0
187440, 82104.4, 0
116079, 61708.7, 0
106666, 79638.9, 0
115919, 25080.2, 0
28235.5, 41120.1, 0
132325, 36456.3, 0
100598, 28444.9, 0
190724, 113331, 0
128042, 91912, 0
182242, 106841, 0
88176.5, 28366.4, 0
236961, 111488, 0
98773.8, 50203.1, 0
35512.7, 39116, 0
34080.1, 17531.3, 0
158396, 108144, 0
29054.3, 33760.9, 0
131965, 30227.2, 0
130360, 43643.4, 0
193883, 16833.9, 0
135409, 98933.2, 0
139418, 87781.8, 0
177914, 98821, 0
176427, 122301, 0
118709, 47462.7, 0
130034, 54987.6, 0
132750, 53827.5, 0
171688, 125888, 0
200722, 18413.7, 0
43218.7, 32744.4, 0
128858, 58944.6, 0
28549.3, 15079.3, 0
95518.8, 68137.3, 0
112237, 48632.4, 0
81399.8, 50950.8, 0
140803, 105419, 0
178530, 96652.3, 0
133186, 76922.7, 0
131192, 66480.4, 0
83424.4, 41495.2, 0
295556, 62116, 0
89224.3, 66125.8, 0
170365, 85959, 0
17503.8, 35698.8, 0
144686, 33552.4, 0
44789.7, 45412.5, 0
205518, 92247.7, 0
150022, 49903.9, 0
93864.9, 58829.5, 0
87004.9, 56967.5, 0
214296, 157011, 0
175051, 92245.2, 0
218277, 74185.5, 0
57141.8, 44769.7, 0
167504, 63529.3, 0
129274, 57266.6, 0
55514.8, 53748.3, 0
169044, 121873, 0
170861, 91106.3, 0
200634, 136292, 0
103496, 62447.9, 0
94444.4, 45201.4, 0
189966, 112553, 0
124505, 42705.8, 0
50821, 43730.5, 0
222709, 141753, 0
194069, 52920.9, 0
27769.6, 36423.8, 0
148252, 60066.5, 0
53856.2, 43102.8, 0
148158, 99988, 0
155560, 111095, 0
134026, 100850, 0
18242.2, 39209.9, 0
166194, 76873.2, 0
168868, 57537.7, 0
111283, 58532.9, 0
68407.4, 56722.9, 0
117296, 79918.5, 0
124990, 36734.8, 0
184151, 103022, 0
122446, 83511.8, 0
98482.3, 81395, 0
202288, 40166.3, 0
99654.2, 51449.5, 0
20666.6, 41185.1, 0
149547, 103867, 0
91922.8, 56581.5, 0
150237, 72570.2, 0
137107, 90860.4, 0
42644.1, 39723, 0
103666, 60183.1, 0
6813.17, 16473.2, 0
100216, 47776.4, 0
260343, 79778.2, 0
139274, 80298.6, 0
97506, 79750, 0
63799.8, 28081.1, 0
83307, 66464.1, 0
166412, 46916.9, 0
63416.6, 39432.2, 0
163655, 124212, 0
69995.8, 28660.5, 0
164673, 89604.4, 0
91099.7, 64009.7, 0
63346.1, 50929.9, 0
209685, 82143.2, 0
68127.5, 36972, 0
52239, 39979.1, 0
84045.1, 11487.6, 0
56636.3, 23466.4, 0
104337, 74377.2, 0
152457, 56211, 0
65153.7, 37422.2, 0
129838, 60682.4, 0
19653.5, 42005.9, 0
83966.8, 36536.6, 0
48328.9, 41723.4, 0
146211, 81939.9, 0
128473, 80561.4, 0
185955, 42129.7, 0
209482, 36098.6, 0
125206, 73797.9, 0
66739, 35403.1, 0
195434, 109994, 0
167785, 90122.7, 0
113531, 57423.8, 0
106281, 84434.4, 0
210038, 35345.9, 0
68152.7, 29825.9, 0
89652.5, 33048.2, 0
130972, 88137.6, 0
65077.8, 52421.3, 0
119061, 69708.7, 0
159721, 108663, 0
170242, 79488.7, 0
1102.19, 37647.6, 0
10807.5, 30164.7, 0
180748, 55978.8, 0
83495.5, 46801.7, 0
160069, 56053.8, 0
199987, 114115, 0
124229, 84797.7, 0
110972, 54916.1, 0
55592.1, 20008.7, 0
123511, 91131.9, 0
285263, 185476, 0
25000.2, 25407.4, 0
49244.5, 44089.1, 0
280107, 111297, 0
84500, 24126.6, 0
97468.8, 58383.7, 0
78238.4, 59182, 0
86614.6, 74390.4, 0
137491, 36472.7, 0
136317, 103578, 0
111098, 9300.64, 0
210223, 103788, 0
34356.2, 45497.9, 0
158693, 63153.5, 0
140790, 82093.7, 0
35308.1, 27406.8, 0
29914.2, 17030, 0
161461, 21441.2, 0
152819, 64927.8, 0
143730, 101878, 0
125726, 18962.5, 0
277856, 69082.9, 0
105744, 60595.9, 0
201172, 24972.1, 0
268909, 101550, 0
74767.4, 63441.5, 0
127920, 72188.1, 0
93374.5, 63792.6, 0
38403.7, 17353.4, 0
158406, 84999.3, 0
111341, 60152.7, 0
172989, 60834.4, 0
182047, 86324.8, 0
112658, 68050, 0
40964.1, 44458.6, 0
81277.6, 70926.9, 0
144424, 81305.9, 0
123479, 84291.6, 0
73309, 50687.1, 0
70911.3, 54138.7, 0
131314, 76670.4, 0
52595.4, 18240.3, 0
110561, 55785.2, 0
128039, 86939.4, 0
170836, 86918.3, 0
128524, 86187.7, 0
17831.4, 30076, 0
80145.1, 66981.6, 0
37698.4, 32657.4, 0
247132, 102813, 0
172213, 92877.4, 0
156600, 40867.5, 0
41691.7, 47906.2, 0
65055.4, 44004.9, 0
215233, 147205, 0
98387, 24932.9, 0
95958.7, 33453.8, 0
172362, 117830, 0
152150, 70075.5, 0
97414.1, 39409.1, 0
116876, 24015.7, 0
70107.2, 21054.7, 0
183546, 26731.7, 0
76904.7, 56996.4, 0
32674.3, 8836.83, 0
126764, 83906, 0
168103, 93265.9, 0
188994, 83842.5, 0
115655, 74393.4, 0
177817, 65071.6, 0
66771.9, 59452.3, 0
125908, 55390.7, 0
73746.9, 49678.4, 0
183726, 133515, 0
174884, 54498.1, 0
213062, 67545.9, 0
1194.47, 32027.5, 0
184540, 127841, 0
98651.3, 77392.5, 0
129498, 98469.2, 0
125530, 89529, 0
46790, 37560.7, 0
207146, 45351.4, 0
77599.7, 13497.7, 0
58944.7, 55962.6, 0
125710, 62392, 0
186111, 75818.3, 0
208845, 89475.9, 0
92864.7, 72033.6, 0
179346, 60791.4, 0
73482.9, 28437.2, 0
48624.2, 32878.3, 0
30027.1, 45810, 0
132630, 78218.5, 0
101217, 41955.2, 0
119995, 66649.7, 0
105404, 80637.8, 0
3672.57, 23576.2, 0
185400, 103436, 0
195206, 109831, 0
136452, 63893.4, 0
168356, 52317.6, 0
209219, 99423.4, 0
68734.6, 51951.3, 0
139382, 108073, 0
142179, 37166.5, 0
92667.2, 66796.3, 0
37046.6, 5322.2, 0
255713, 99717.3, 0
169328, 63567.8, 0
67857.9, 32798.1, 0
153759, 57371.8, 0
71345, 63362.2, 0
90877.3, 11703.2, 0
58452.3, 58402.1, 0
105818, 83751.8, 0
165672, 101903, 0
112539, 75148.3, 0
135701, 84258.7, 0
123350, 56735.9, 0
222825, 119744, 0
83013.2, 53621.4, 0
116336, 68221.6, 0
150331, 25564.2, 0
202838, 48772, 0
106931, 58838.3, 0
15540.6, 6610.64, 0
129240, 82979.2, 0
324119, 70338.3, 0
212835, 54641.1, 0
153358, 49042.9, 0
39883.9, 29943.1, 0
64189.2, 58729.7, 0
329578, 107845, 0
62214.1, 59651.6, 0
84006.2, 57724.1, 0
136838, 102141, 0
163906, 87410.9, 0
196000, 85476, 0
177788, 83117.3, 0
81191.5, 28406.7, 0
36518.7, 33876.2, 0
106642, 77224.4, 0
96580.6, 51084.9, 0
185306, 65727.9, 0
136683, 82290.7, 0
114845, 49901.5, 0
123010, 24356.8, 0
27078.8, 19853.9, 0
175003, 45862.3, 0
182318, 74385.8, 0
236479, 99429.3, 0
106278, 81245.7, 0
33106.8, 22370.1, 0
147700, 68702.5, 0
89665.2, 54485.8, 0
108298, 43518, 0
143883, 23178.2, 0
108569, 32155.4, 0
27273.8, 30024.1, 0
117138, 68764.7, 0
53358, 13246.3, 0
133509, 41069.6, 0
105412, 85667.9, 0
183653, 56160.9, 0
28896.2, 15944.1, 0
160684, 60609.3, 0
1713.45, 30904.9, 0
142322, 24856.2, 0
118297, 68417.7, 0
80247.2, 39377.5, 0
161419, 72799.6, 0
40960.6, 42448.3, 0
117648, 87804.7, 0
170291, 52880.4, 0
225518, 129972, 0
79401.2, 65484, 0
127898, 75275, 0
57000.5, 41652.2, 0
255350, 139503, 0
136420, 101634, 0
98598.9, 75643.2, 0
111093, 83676.7, 0
114973, 88486.4, 0
156752, 30357.3, 0
136859, 50307.9, 0
70413.4, 36519.3, 0
34282.3, 22741.6, 0
197166, 144257, 0
127758, 25006.7, 0
119565, 40036, 0
190849, 116780, 0
160078, 23910.7, 0
132859, 37486.1, 0
177770, 111146, 0
173021, 75083.7, 0
114466, 64199.9, 0
128899, 16807.3, 0
135382, 78824.1, 0
102646, 71159.7, 0
131042, 80065.3, 0
75911.2, 62890.7, 0
154015, 57761.3, 0
172565, 68640.6, 0
175597, 34417.5, 0
75344.4, 43168.2, 0
98117.3, 70329.6, 0
95108.6, 77308.6, 0
7973.49, 13122.3, 0
247585, 102725, 0
31760.9, 42783.9, 0
193400, 53852.9, 0
131102, 90075.6, 0
12293.8, 34583.2, 0
55713, 38705.7, 0
28347.1, 44710.8, 0
79126.1, 57211.8, 0
170460, 115297, 0
41408.1, 40841.7, 0
77996.6, 14259.8, 0
122180, 88212.7, 0
184608, 136118, 0
73479, 49563.7, 0
222256, 118175, 0
77070.6, 38415.5, 0
86100.9, 41860.4, 0
182902, 133873, 0
152165, 68854.6, 0
4949.56, 21152.8, 0
177502, 114001, 0
99866.8, 43227.4, 0
107705, 55227.3, 0
113651, 50717.6, 0
82712.8, 44139.5, 0
151899, 48210.1, 0
130666, 99665.8, 0
207808, 85625.5, 0
157642, 38788.2, 0
133625, 40414.5, 0
177284, 98537.9, 0
144567, 45940.2, 0
22037.8, 43299, 0
176933, 46471.8, 0
125388, 38972.2, 0
165490, 36604.1, 0
144215, 60774.9, 0
172774, 54734.5, 0
59262.5, 44538.2, 0
125390, 57552.6, 0
159669, 104560, 0
128230, 33021.9, 0
116195, 80712.3, 0
37031.5, 36486.5, 0
114644, 47673.2, 0
287308, 74584.8, 0
72739.1, 9035.61, 0
115407, 72369.3, 0
135718, 58591.6, 0
66254.8, 56965.8, 0
150185, 102531, 0
123247, 94676.3, 0
2350.05, 7019.63, 0
97319.8, 56932.5, 0
111295, 75864.5, 0
128845, 95765.7, 0
180977, 31803.1, 0
102815, 62407.6, 0
147471, 67469, 0
1090.25, 27520, 0
63660.6, 44425.6, 0
127517, 24225.9, 0
168027, 108566, 0
16859.6, 25728.2, 0
200494, 149059, 0
254470, 45561.7, 0
89317.9, 52587.9, 0
775.911, 34743.3, 0
128959, 79790.9, 0
71914, 21838.4, 0
200249, 107706, 0
73208.8, 11848.5, 0
82730.4, 8302.26, 0
116268, 57049.5, 0
121613, 68135.6, 0
97396.4, 74740.3, 0
155433, 29673.7, 0
74014.9, 45412.9, 0
140392, 102384, 0
130695, 33709.7, 0
244737, 121247, 0
167949, 117590, 0
109582, 74096.7, 0
6442.99, 9469.86, 0
142329, 74544.4, 0
172525, 115889, 0
194353, 63692.7, 0
56119.7, 26605.8, 0
163936, 59138.5, 0
46.1696, 18928.3, 0
212280, 30893.9, 0
143104, 31705.4, 0
84323.4, 8263.61, 0
117848, 55575.5, 0
3093.31, 13111.6, 0
129959, 70571.5, 0
33926, 24027.6, 0
111081, 30809.1, 0
104200, 10259.1, 0
145162, 44907.2, 0
94670, 68381, 0
130071, 46621.6, 0
134471, 84067.7, 0
119376, 37977.2, 0
138656, 44007.8, 0
80216.1, 42729.1, 0
166028, 100843, 0
147458, 45633.8, 0
42800.5, 23315.5, 0
127266, 63454.1, 0
148380, 59696.8, 0
109630, 62790.5, 0
18838, 31708.2, 0
180156, 110846, 0
116779, 88264.2, 0
175441, 92361.7, 0
2950.96, 19722.3, 0
109599, 79532.1, 0
120189, 59060.8, 0
162095, 105661, 0
51149.2, 17524.4, 0
82660.7, 39876.8, 0
72153.6, 40551, 0
85375.5, 34675.6, 0
74866.5, 39203.3, 0
129452, 70248.5, 0
114707, 46894.5, 0
65107.9, 49443.3, 0
55149.1, 49185.5, 0
172303, 123785, 0
163720, 37755.7, 0
71478.1, 26508.2, 0
187059, 97261.2, 0
45657.9, 45026.6, 0
200477, 79776.1, 0
186015, 87499.2, 0
42494.8, 38702.9, 0
147438, 109941, 0
25058.1, 44251, 0
105079, 67044.4, 0
33276.2, 21234.5, 0
105333, 46712.8, 0
79769.6, 49604.2, 0
96345.8, 78270.3, 0
136991, 64804.4, 0
213518, 88750.7, 0
168460, 71497.5, 0
64372.9, 30903.3, 0
114099, 7204.37, 0
129757, 96757.1, 0
284971, 72001.4, 0
43227.3, 46519.4, 0
58036.8, 37521.3, 0
190997, 115959, 0
108390, 45895.1, 0
142199, 64641.7, 0
145309, 33626.8, 0
51738.7, 26116.8, 0
91504.3, 55606.7, 0
34758.7, 32234.8, 0
112697, 81891.7, 0
110948, 67026.4, 0
90388.9, 61408.7, 0
52993.9, 52682.4, 0
219599, 18894.4, 0
54587.6, 27373.9, 0
140371, 80797.9, 0
157135, 119349, 0
47299.7, 16987.9, 0
199864, 102300, 0
177394, 104355, 0
140963, 68966.2, 0
152753, 95074.6, 0
192034, 136236, 0
111092, 82341.4, 0
132076, 55612.6, 0
137571, 72646.1, 0
27478.5, 29207.3, 0
116639, 77783.1, 0
229293, 88795.4, 0
111623, 81148, 0
224670, 117908, 0
95725.2, 75585.5, 0
122717, 62487.6, 0
91690.6, 21130.6, 0
162085, 82137.2, 0
112212, 36617.3, 0
232856, 115930, 0
56866.1, 47904.6, 0
40997.8, 16976.3, 0
197002, 57606.2, 0
215390, 38418.5, 0
130551, 101899, 0
92836.4, 24019.8, 0
25418.7, 37388.2, 0
205157, 63565.2, 0
305899, 73132.7, 0
78273.8, 28911.2, 0
124004, 85256.6, 0
177228, 62552.4, 0
163053, 85952.9, 0
64647, 35153.5, 0
22221.9, 42939.5, 0
1987.06, 37335.1, 0
220600, 136491, 0
117018, 92434.2, 0
191207, 86292.4, 0
87913.3, 69128.9, 0
207733, 106771, 0
32837.4, 36741.7, 0
55095.5, 43422.9, 0
99753.8, 59887.5, 0
72142, 45109.5, 0
59377.4, 50430.3, 0
124142, 88910.2, 0
209442, 79253.5, 0
130213, 62290, 0
157673, 97686.2, 0
134960, 71408.9, 0
143044, 58116.2, 0
36730.9, 17717.3, 0
169885, 107686, 0
34459.5, 45438.9, 0
55243.9, 29529.2, 0
176112, 78828.8, 0
144752, 40485.4, 0
191220, 63648.1, 0
187000, 32831.4, 0
11317.8, 20248.9, 0
66776.3, 55451.8, 0
5604.6, 36627.3, 0
106375, 40443.3, 0
99961.1, 51590.3, 0
87779.8, 24637.4, 0
192472, 138343, 0
135707, 73954.1, 0
146341, 87745.2, 0
42512.7, 42669.3, 0
22361.2, 35811.4, 0
104643, 28908.6, 0
162774, 107701, 0
232000, 26832.1, 0
142041, 78039.4, 0
39044.8, 46173.4, 0
153940, 58648, 0
156769, 47065.5, 0
106440, 67645.5, 0
83505.1, 57989.8, 0
131182, 60236.9, 0
176252, 67824.2, 0
87908.2, 56820.2, 0
107057, 48465.5, 0
32631.5, 18981.6, 0
84721.3, 52906.4, 0
147121, 87239.1, 0
257281, 20279.5, 0
274776, 26904, 0
95150.2, 73214.1, 0
263709, 23403, 0
34114.5, 22977.7, 0
124330, 86226.3, 0
177062, 133457, 0
99885.6, 70161.5, 0
177644, 84081.8, 0
86178.6, 71273.8, 0
174686, 62044.8, 0
9779.48, 40536, 0
247199, 135930, 0
86372.6, 54681.1, 0
213817, 24621.2, 0
101284, 41793.4, 0
48689.3, 49442.9, 0
189228, 80915.2, 0
261427, 123433, 0
73486.7, 43429.7, 0
92584.3, 34416.6, 0
60375.3, 41857.3, 0
289176, 154526, 0
77440, 22480, 0
114588, 59660.3, 0
110196, 30815.8, 0
130705, 58703.5, 0
116231, 71853, 0
16106.9, 21545.2, 0
179455, 36068.2, 0
103361, 63771.8, 0
84712.2, 69942.7, 0
67242.9, 60490.5, 0
175369, 35602.7, 0
105116, 16902.9, 0
78056.1, 47172.7, 0
105808, 65556.8, 0
141554, 61415.9, 0
80777.5, 54166.3, 0
11182.4, 24131.1, 0
143414, 84801.9, 0
179184, 121570, 0
93036.9, 30331.6, 0
69114.4, 50858.4, 0
66348.8, 58480.9, 0
259938, 126306, 0
43327.1, 40570.2, 0
321267, 72006.3, 0
93048.8, 32903.9, 0
89116.2, 42102.2, 0
55868.1, 27269.3, 0
101599, 8594.57, 0
67335.5, 28212.1, 0
137863, 45501.9, 0
160416, 115499, 0
279971, 184171, 0
109164, 77993.3, 0
10060.6, 10622.3, 0
66191.1, 20077.7, 0
146005, 52485.6, 0
97452.3, 68234.4, 0
128745, 36898.5, 0
50564.6, 22923.4, 0
108712, 63499.6, 0
24071.6, 35390.8, 0
171423, 70268.7, 0
214623, 90374.9, 0
240106, 122016, 0
55920.2, 31592.3, 0
244372, 156508, 0
20775.1, 42520.8, 0
92715.8, 24825.5, 0
53440.5, 29977.2, 0
171061, 102013, 0
152003, 68366.8, 0
6221.05, 9092.78, 0
99537.9, 50395.4, 0
39436.5, 25451.3, 0
160647, 46575.5, 0
131364, 86141.9, 0
139170, 66433.3, 0
165588, 111511, 0
223077, 96258.9, 0
146680, 51431.1, 0
51631.7, 31601.9, 0
79976.2, 64824.8, 0
133153, 80874.3, 0
95643.8, 66135.1, 0
31216, 27521, 0
105163, 82165.5, 0
249039, 47749.8, 0
213966, 113798, 0
91079.8, 53667.7, 0
162791, 47264.1, 0
24436.8, 34331.1, 0
117087, 84618.6, 0
159198, 94999, 0
196142, 49593.9, 0
151923, 27383.3, 0
38390.8, 42699.6, 0
51565, 20134.2, 0
106490, 82182.2, 0
10118.5, 16652, 0
132674, 90090.5, 0
96344.7, 27482.4, 0
94785, 49796.4, 0
140766, 37972, 0
175915, 96029.2, 0
96337.5, 31546.8, 0
149614, 88761.9, 0
84945.9, 31304.2, 0
183941, 69748.6, 0
247658, 40585.9, 0
126731, 64398.7, 0
134553, 84419.8, 0
99166.8, 26518.8, 0
145036, 49777.6, 0
261096, 32019.4, 0
37807.7, 44974.2, 0
55022.4, 35801, 0
150524, 86413.2, 0
58854.7, 53790.8, 0
230896, 102075, 0
143315, 51059.9, 0
160983, 49887.8, 0
135370, 72692.3, 0
195688, 138437, 0
25165.1, 12321.3, 0
129308, 97813.7, 0
43926, 38575.7, 0
74288, 61122, 0
125202, 70740.3, 0
83385, 45862.8, 0
182526, 115421, 0
55077.5, 50858.8, 0
162508, 123828, 0
83495.5, 59532.9, 0
100812, 47689.6, 0
202916, 97149, 0
83417.9, 63814.9, 0
187834, 53224, 0
55586.3, 14968.7, 0
108091, 47389.7, 0
55221, 27261, 0
86177.3, 34289.1, 0
210009, 112211, 0
155845, 88470.5, 0
113927, 57100.4, 0
143780, 58803.3, 0
96276.3, 48184, 0
82399.4, 54176.8, 0
256164, 104890, 0
127933, 37394.5, 0
235730, 156478, 0
146195, 49456.3, 0
26918.7, 22504.4, 0
243107, 80112.3, 0
85710, 66158.3, 0
195342, 115558, 0
144154, 50756.8, 0
138496, 29107.7, 0
85540.1, 14447.6, 0
174508, 128708, 0
20952.4, 23007.4, 0
140070, 102614, 0
228592, 57392.2, 0
113653, 66524.6, 0
165105, 79204, 0
43685.4, 28433.9, 0
221602, 135341, 0
173789, 101329, 0
92310.2, 22301.6, 0
138585, 87097, 0
25026.4, 15295.6, 0
95208.5, 55894.9, 0
149276, 77834.2, 0
93897.4, 67365.8, 0
76758.5, 34709.4, 0
41863.8, 41845.4, 0
68563.9, 62788.9, 0
231808, 133582, 0
106978, 56010.3, 0
96166.4, 66108.4, 0
8011.75, 28834.4, 0
39204.9, 35482.1, 0
167316, 39563.7, 0
55431.4, 50311.7, 0
90738.4, 43805.4, 0
119219, 38324.3, 0
203477, 100495, 0
217227, 5719.37, 0
88691.7, 51306.9, 0
147629, 82266.5, 0
52521.3, 27864.4, 0
169387, 88888.2, 0
167481, 30117.5, 0
116884, 93210.2, 0
33768.2, 2636.24, 0
217441, 94258.3, 0
100046, 26191.1, 0
98684.5, 60948.5, 0
142710, 51675.3, 0
112272, 54555.2, 0
89104, 38897.4, 0
159287, 67899.7, 0
142461, 83955.8, 0
31975.7, 36729.1, 0
173404, 128180, 0
175070, 105583, 0
30145.6, 30448.5, 0
79234.2, 30457.6, 0
43586.9, 40571.7, 0
20441.9, 24401.1, 0
137271, 104453, 0
73460.3, 45909.7, 0
160805, 121749, 0
71772.9, 49031.4, 0
258951, 20521.9, 0
160584, 93296.1, 0
155528, 52647, 0
75447.6, 64440.3, 0
97167.3, 43947.6, 0
184016, 99229.1, 0
250828, 98348.2, 0
125927, 77042.1, 0
241789, 166505, 0
58453, 50434.9, 0
115225, 70194.3, 0
238166, 50572.2, 0
9191.05, 39567.6, 0
168928, 88837.3, 0
130735, 55957.4, 0
69155.2, 48828.8, 0
133948, 49453.5, 0
326756, 73680.8, 0
90325.9, 57683.1, 0
203292, 99169.9, 0
111931, 11457, 0
181617, 128149, 0
172188, 31799.1, 0
33329.9, 39125.7, 0
75844.3, 65085.4, 0
75013.5, 58797.3, 0
58736.4, 52484.6, 0
208197, 113493, 0
60127.5, 15825.3, 0
33647.3, 13723, 0
107867, 41236.1, 0
4108.41, 18193.6, 0
90512.3, 59498.4, 0
129494, 24839.5, 0
45899.3, 27568.1, 0
107098, 75134.2, 0
97091.2, 78721.6, 0
79612.3, 37281.3, 0
113398, 68454.1, 0
84152.1, 61087.9, 0
154975, 31741, 0
254995, 156569, 0
119736, 31111.1, 0
210342, 152540, 0
117249, 61723.7, 0
250845, 64103.7, 0
173720, 47950.8, 0
84545.3, 21956.6, 0
85052.3, 55316, 0
109029, 50274.3, 0
14669.3, 38084.9, 0
87651.7, 56582.8, 0
25648.5, 5660.72, 0
91983.2, 32714.4, 0
18686, 8508.62, 0
86122.2, 71196.8, 0
99947.2, 82163.3, 0
13425.1, 18442.4, 0
80130.7, 52654, 0
130219, 72250.2, 0
92538.1, 49720.4, 0
77697.8, 25101.6, 0
250680, 142562, 0
181309, 86755.1, 0
42080.2, 10695.9, 0
104004, 60905.7, 0
57903.5, 53418.2, 0
248766, 40285.8, 0
74396.2, 35461.9, 0
5949.82, 25850.7, 0
133847, 80730.8, 0
95531, 60389.9, 0
152230, 113144, 0
151986, 57373.3, 0
263315, 141304, 0
62224.8, 36578.2, 0
110852, 44776.7, 0
142990, 89146.6, 0
217652, 18158.8, 0
2260.8, 18836.6, 0
25767.2, 28711.7, 0
19219.8, 39304.6, 0
42263.2, 42999.9, 0
68156.3, 44389.2, 0
216764, 17682.7, 0
35447.5, 37289.1, 0
40386.5, 45299.1, 0
120031, 95227.5, 0
158294, 81598.8, 0
1172.23, 22608.8, 0
86866, 53802.2, 0
115986, 83351.2, 0
186611, 116525, 0
221878, 21018.2, 0
66236.5, 24167, 0
110588, 75263.3, 0
195662, 65764.7, 0
126132, 27327, 0
89900.8, 50417, 0
83090.8, 49507.8, 0
272920, 151413, 0
50500.9, 42223.8, 0
131921, 46347.4, 0
43889.5, 43425.8, 0
97319.4, 60019.8, 0
64292.3, 8623.81, 0
176949, 55905.7, 0
170666, 20227.3, 0
167500, 37010.3, 0
2745.61, 25649.2, 0
92396.1, 62781.1, 0
80249.1, 55839.9, 0
142094, 84403.2, 0
67162.6, 25393, 0
68248.8, 62949.2, 0
189854, 47764.3, 0
132357, 39528.7, 0
153194, 16597, 0
80912.1, 20434.2, 0
269013, 127253, 0
20794.5, 37311.9, 0
197501, 137060, 0
248069, 161857, 0
200964, 20557.2, 0
186212, 135751, 0
147681, 53640.7, 0
337192, 19701.1, 0
251031, 24124.2, 0
64420.7, 21757.8, 0
86826.8, 36784.2, 0
93997, 48081.6, 0
208523, 120655, 0
82808, 62243.4, 0
183790, 134112, 0
82408.2, 62379, 0
231045, 35708.9, 0
86905.8, 66629, 0
83999.3, 38269.2, 0
145770, 61474.6, 0
234053, 103021, 0
104809, 70315.6, 0
171957, 106853, 0
49120.5, 32352.5, 0
111270, 87106, 0
116631, 26201.8, 0
111560, 67885.8, 0
122841, 79446.9, 0
104851, 47933.4, 0
11704.8, 39688.9, 0
51077.3, 47658.9, 0
26832.9, 35194.8, 0
88049, 37368.6, 0
240432, 92148.9, 0
214125, 142393, 0
103662, 75844, 0
64588.8, 43307.4, 0
169102, 108701, 0
57596.5, 47021.9, 0
72886.7, 15015.4, 0
219513, 18655.2, 0
179569, 36962.4, 0
6782.12, 22641.5, 0
101760, 46772.9, 0
51573.1, 34906.4, 0
113692, 44994, 0
27502.4, 42907, 0
125623, 85664.1, 0
57314.8, 44305.5, 0
180792, 47638.1, 0
57592.9, 32987.8, 0
143789, 57937.8, 0
16964.4, 25358.4, 0
108723, 65829, 0
151895, 41314.8, 0
196613, 64940.3, 0
138118, 105078, 0
30449.3, 14916, 0
112557, 13279, 0
197468, 116089, 0
135826, 17806.2, 0
160368, 69143.9, 0
25764.4, 33135.5, 0
124629, 14817.9, 0
127374, 97077.4, 0
210972, 127540, 0
135227, 34503.1, 0
59055.4, 43244.1, 0
23259.8, 41792.5, 0
180870, 58513.4, 0
127719, 77830.1, 0
94609.3, 79287.7, 0
100907, 48356.3, 0
187110, 89340.6, 0
87265.5, 6128.24, 0
136688, 76620, 0
99061.9, 44131.9, 0
192018, 45920, 0
98702.3, 18154.4, 0
188403, 105154, 0
79178.5, 35380.9, 0
174516, 125691, 0
109402, 29238.9, 0
249195, 142314, 0
149834, 97342.3, 0
76129.4, 45260.1, 0
214241, 149429, 0
252016, 144674, 0
68104.2, 23161.3, 0
118235, 88189.1, 0
35893.4, 34714.2, 0
222307, 100673, 0
171108, 60429.1, 0
139209, 11235, 0
15566.4, 39618.8, 0
121602, 92810.5, 0
28904.7, 35135.9, 0
37770, 30466.4, 0
114192, 16527.3, 0
74699.3, 7477.61, 0
127251, 44486.9, 0
111996, 15673.1, 0
258557, 131432, 0
91600.8, 73011.3, 0
256989, 157477, 0
131464, 36255.2, 0
171092, 119143, 0
67144.4, 55697.7, 0
98351.9, 31541, 0
83495.5, 54224.1, 0
211305, 22569, 0
258778, 87190.7, 0
36169.1, 21661.5, 0
202311, 149333, 0
189496, 18593.9, 0
91361.7, 65645.5, 0
195501, 73788, 0
150173, 108071, 0
115209, 69690.1, 0
149975, 96023.1, 0
110351, 70309.5, 0
78049.1, 21407.2, 0
149600, 107249, 0
17874.6, 18607.5, 0
145672, 83607.8, 0
230558, 62796.5, 0
102472, 65013.8, 0
194348, 116241, 0
62688.6, 58914.3, 0
66267.7, 52019.9, 0
25177.8, 38980.4, 0
116284, 25069.8, 0
223092, 47924.8, 0
185663, 93346, 0
190424, 86969, 0
23742.6, 27933.3, 0
106757, 83833.6, 0
167668, 27930.2, 0
91643.3, 20797.5, 0
122861, 90870.4, 0
160459, 90377.7, 0
10526.7, 27890.9, 0
15868.7, 27008.7, 0
126666, 69667.5, 0
151028, 23916.3, 0
104129, 68271.1, 0
239585, 104695, 0
397654, 222447, 0
115500, 14798.3, 0
135109, 72459.3, 0
55167.3, 42181.9, 0
222012, 100733, 0
37935.2, 47735.1, 0
159422, 113051, 0
126662, 64927.4, 0
104811, 70446.8, 0
34140.7, 28793, 0
174356, 54202.1, 0
180335, 74070.9, 0
173820, 127034, 0
125996, 90915.7, 0
257937, 161305, 0
102816, 35548.3, 0
171423, 127597, 0
20487.5, 33094.2, 0
14589.3, 29091.8, 0
150055, 90619.3, 0
64344.8, 49984.5, 0
233675, 157486, 0
116194, 60393.5, 0
138600, 13292.2, 0
26146.8, 35751.3, 0
88151.7, 50668.6, 0
63546.3, 58030.2, 0
31051.9, 22875.3, 0
118154, 58546.1, 0
76911.9, 47910.2, 0
117002, 86586.3, 0
21803.7, 31710.8, 0
19897.5, 25467.9, 0
52110.8, 29499.3, 0
46564.8, 34285.8, 0
86766.9, 60799, 0
41316.6, 41371.2, 0
1431.44, 38179.9, 0
214942, 45121.4, 0
153867, 108250, 0
204721, 15448.9, 0
32772.5, 33375, 0
6180.69, 23627.5, 0
85344.1, 67340.6, 0
161468, 53553.9, 0
288450, 151652, 0
84042.6, 56475.3, 0
107071, 36483, 0
168449, 24762.3, 0
140725, 88876.9, 0
65841, 48472.8, 0
40165.4, 49242.2, 0
208928, 84347.1, 0
190085, 71033.2, 0
117028, 36023, 0
72432.6, 63992.7, 0
176669, 116954, 0
89898.2, 59089.5, 0
240831, 144355, 0
115118, 13298.7, 0
81806.9, 46234.7, 0
69232.1, 23746.5, 0
174158, 36732.5, 0
145204, 75540.6, 0
143966, 40613.6, 0
62174.7, 54421.3, 0
87050.8, 13941, 0
107992, 62181.6, 0
105551, 24403.7, 0
37475.2, 47251.5, 0
288597, 30719, 0
72154.6, 40653.1, 0
94108.3, 52409.9, 0
184520, 54785, 0
133866, 62045.5, 0
74164.6, 63495.9, 0
96616.5, 53569, 0
221667, 59726.8, 0
72334.7, 13636.4, 0
150864, 50111.7, 0
64175.2, 15046.1, 0
222574, 100722, 0
129721, 51937.5, 0
92337.1, 35476.6, 0
101420, 53443.2, 0
132824, 81204.4, 0
165261, 71834.3, 0
33685.6, 2870.96, 0
62459.5, 34818.6, 0
215235, 104342, 0
213669, 70322.9, 0
91050.6, 40234.6, 0
126676, 97571.2, 0
118177, 56629.9, 0
79455.2, 62770.7, 0
56530.8, 11185.5, 0
149397, 113734, 0
145089, 51405.8, 0
136010, 94227.8, 0
94195.2, 40503.6, 0
91413, 56729.6, 0
176108, 121930, 0
112476, 66393.3, 0
41574.3, 37077.7, 0
79374.3, 58555.7, 0
133554, 42600, 0
65849.3, 30737.9, 0
146414, 71430.4, 0
179288, 115821, 0
5989.52, 33225.6, 0
102817, 82765.7, 0
64196, 42152.4, 0
72368.6, 63120.6, 0
104285, 52390.5, 0
265740, 183217, 0
177619, 108087, 0
110281, 64475.4, 0
158519, 99196.3, 0
61554.7, 40925.5, 0
107411, 10701.9, 0
46199.9, 39718.7, 0
153958, 115848, 0
124947, 98713.9, 0
58589.6, 49807.4, 0
124139, 61044.1, 0
173871, 53847.4, 0
166158, 108852, 0
84239.3, 21312.5, 0
74707.7, 35990.8, 0
49668.4, 39494.7, 0
142177, 103663, 0
158351, 66224.5, 0
137659, 27784.3, 0
110080, 84038.5, 0
49582.1, 24361.7, 0
126510, 52930.1, 0
91059.2, 51327.9, 0
56815, 34176.9, 0
210257, 52453.5, 0
108522, 80228.9, 0
169551, 125406, 0
46790.4, 21430.5, 0
236810, 160131, 0
125574, 91863.4, 0
103277, 20767.3, 0
149797, 90277.7, 0
173809, 70837.2, 0
40704.2, 7989.32, 0
124098, 54032.2, 0
226864, 58693.7, 0
89099, 45280.3, 0
175627, 120167, 0
180091, 98244.2, 0
112730, 61173.7, 0
94126.2, 38459.8, 0
15927.5, 17319.3, 0
186213, 102497, 0
197395, 147395, 0
211340, 119258, 0
112770, 75444.5, 0
133471, 82593.3, 0
54843.9, 36594.9, 0
99719.5, 67064.8, 0
48306.3, 15781.1, 0
45641.5, 38360.9, 0
48508.9, 16402.3, 0
72518.2, 40934, 0
129793, 53681.5, 0
120113, 22860.4, 0
163283, 60374.4, 0
187463, 139688, 0
222569, 101081, 0
131875, 101579, 0
150810, 113379, 0
216365, 77515.8, 0
75058, 33831.8, 0
129830, 72147.1, 0
97858.1, 37286.2, 0
124588, 33652.8, 0
140894, 54029.9, 0
135176, 69292.5, 0
236858, 46291.9, 0
211049, 141353, 0
169233, 110460, 0
72744.2, 29559.6, 0
130246, 20678.3, 0
157447, 29485.3, 0
275851, 95779.6, 0
188677, 135051, 0
136260, 36947.9, 0
144055, 37517, 0
257571, 140372, 0
118683, 73548.5, 0
85955.6, 37457, 0
119303, 87222.7, 0
4215.63, 25120.2, 0
106611, 5491.62, 0
68211.2, 35339.6, 0
86296.4, 62300.6, 0
180000, 115340, 0
119090, 93972.8, 0
292224, 207001, 0
104475, 47520.7, 0
198910, 90745, 0
124374, 85351.1, 0
156991, 43799.6, 0
171187, 108722, 0
190726, 14797, 0
216156, 140332, 0
149389, 111823, 0
14010.4, 36833.1, 0
222131, 76389.1, 0
125124, 98675.8, 0
205484, 70294.5, 0
195835, 121410, 0
140037, 92885.5, 0
109485, 73596.1, 0
234842, 131609, 0
186295, 94157.1, 0
107793, 74459.9, 0
63568.4, 42697.6, 0
21755.6, 40613.3, 0
144144, 67244, 0
145996, 89548.5, 0
89468.1, 67149.2, 0
94385.9, 34664.1, 0
184627, 113644, 0
90569.6, 39002.5, 0
218791, 50115.9, 0
101081, 59812.2, 0
196075, 126105, 0
125750, 96427.5, 0
115151, 16250.8, 0
178137, 52240.1, 0
233433, 62248.8, 0
7974.8, 39944.7, 0
121304, 48421.7, 0
64551.2, 50172.1, 0
108410, 57102.4, 0
213342, 63548.1, 0
198602, 52103.2, 0
54039.5, 32078.1, 0
88439, 59258.9, 0
288047, 166603, 0
104457, 64234.9, 0
14434.3, 25080.1, 0
107706, 56849.1, 0
157414, 56709.4, 0
22305.5, 40579.7, 0
214633, 81250.5, 0
112550, 89683.5, 0
64714.8, 40068.4, 0
163177, 101352, 0
216845, 127649, 0
53098.6, 33668.4, 0
94333.4, 17280, 0
112395, 23055.5, 0
164960, 62378.4, 0
119695, 93421.1, 0
37882, 31685.8, 0
14583.6, 12822.4, 0
209685, 23109.4, 0
292776, 43322.1, 0
125811, 55265.1, 0
24576.1, 30841, 0
152497, 80356.2, 0
184232, 68218.1, 0
179317, 86045.7, 0
177602, 87192.2, 0
181797, 28541.4, 0
16036, 42153, 0
264381, 93675.4, 0
188035, 80768, 0
220906, 82762.8, 0
92905.8, 26229.8, 0
19790.4, 29696.2, 0
191914, 27014.4, 0
110280, 66449.4, 0
167342, 110884, 0
211189, 79480.5, 0
100295, 48738.5, 0
138095, 66359, 0
107022, 64161.9, 0
180724, 95137.3, 0
156174, 37084, 0
180341, 106422, 0
139510, 24939, 0
199003, 36815, 0
16398.7, 26575.8, 0
59373.5, 25150, 0
204748, 82380.1, 0
183125, 53082.9, 0
138417, 87033, 0
41734.5, 36769.7, 0
311288, 155189, 0
182571, 14265.7, 0
122267, 68371.8, 0
26301.3, 18670.3, 0
136106, 90139.7, 0
172337, 95202.1, 0
277311, 67991.9, 0
98119.3, 68144.2, 0
99470.6, 32324.8, 0
55428.6, 24680.6, 0
38127.8, 18199.9, 0
21919.5, 40521.6, 0
99594.8, 55861, 0
117222, 57184.3, 0
143159, 96187.8, 0
151483, 80543.9, 0
119875, 93862.2, 0
162043, 69205.6, 0
163686, 68871.9, 0
152224, 71806.5, 0
92452.4, 30134.8, 0
19105.6, 24676.9, 0
88822.4, 36340.6, 0
160107, 74275.8, 0
167518, 6746.37, 0
131408, 99086.8, 0
105679, 65289.9, 0
157017, 39748.7, 0
53007, 54697.9, 0
165318, 94808.1, 0
101868, 77942.1, 0
124783, 10990.4, 0
175139, 82330.3, 0
151944, 43630.2, 0
104175, 78166.2, 0
145964, 33186.5, 0
30706.6, 6459.81, 0
158656, 18241.3, 0
60573.9, 58096.1, 0
95704, 14653.1, 0
68463, 59562.1, 0
104439, 79125.4, 0
68431.1, 36666.6, 0
127975, 95437.2, 0
85388.2, 42847.7, 0
258621, 107755, 0
136040, 70280.2, 0
63201.5, 51881, 0
72084.3, 56850.9, 0
153277, 27153.8, 0
2904.06, 38904.2, 0
98872.9, 70855.9, 0
134130, 85464.9, 0
7593.34, 13050.9, 0
154958, 99304.7, 0
26674.9, 39771.8, 0
185175, 90727, 0
132501, 95339.2, 0
47075.6, 36960.2, 0
161864, 47303.5, 0
91990.5, 76216, 0
103887, 45144.6, 0
74021.6, 6246.72, 0
203045, 127055, 0
17593.2, 34947.9, 0
153974, 77179.3, 0
160423, 118752, 0
148042, 7716.39, 0
23784.4, 37515.6, 0
100834, 56987.7, 0
173326, 47419.3, 0
145448, 92809.8, 0
76536.3, 61152.1, 0
39683.9, 48182.9, 0
245810, 93340.2, 0
77682.7, 63321.3, 0
40695.1, 42463.5, 0
170788, 63506.3, 0
133012, 48897.8, 0
111689, 47096.2, 0
140537, 93546.9, 0
182142, 134217, 0
174932, 85631.4, 0
115556, 17482.6, 0
72211.8, 50210.9, 0
49058.4, 6553.75, 0
83340.6, 15525.4, 0
140287, 59868, 0
140809, 72954.1, 0
194336, 31986.4, 0
260257, 118113, 0
2613.73, 30947.7, 0
166898, 21572.8, 0
25797.1, 30711.7, 0
231087, 148394, 0
116898, 37895.3, 0
66639.6, 10906, 0
146292, 8973.07, 0
155343, 83091.7, 0
249707, 161754, 0
193178, 101667, 0
153390, 80681.5, 0
265125, 111983, 0
241293, 62693.5, 0
305696, 190680, 0
181625, 136708, 0
201418, 123896, 0
89183, 75449.2, 0
142807, 71212.7, 0
145757, 63772.7, 0
103759, 63727, 0
189926, 20653.5, 0
192723, 94388, 0
132058, 75318.1, 0
123426, 57261.5, 0
83468.3, 61790.4, 0
135403, 93657.6, 0
127326, 71867.2, 0
277169, 130130, 0
70161.4, 61803.2, 0
15904.7, 20955.7, 0
86645.5, 53506.8, 0
198695, 10637.3, 0
27081.5, 28325.8, 0
92990.4, 47205.9, 0
119865, 43555.7, 0
113974, 67404.7, 0
130689, 44412.8, 0
111808, 52765.5, 0
77779.6, 44399.2, 0
229798, 124403, 0
145672, 44142, 0
64022.9, 21477, 0
6881.14, 29036.2, 0
169119, 70770.4, 0
206537, 48912.4, 0
124580, 69304.4, 0
71724.4, 10286.7, 0
158217, 63559.1, 0
23166.8, 15863.9, 0
178411, 91000, 0
139885, 82639.1, 0
295400, 10055.7, 0
139250, 101603, 0
162564, 71944.8, 0
3922.23, 39295.3, 0
76079.3, 59757.2, 0
93173.6, 62553, 0
15476.4, 41794.9, 0
199938, 115429, 0
156272, 44639.7, 0
13372.8, 41316.1, 0
87387.5, 24735.7, 0
173110, 124633, 0
240260, 143869, 0
107066, 81045.9, 0
67939.9, 63095.6, 0
66854.7, 42339.7, 0
375132, 222169, 0
65.5182, 34258.6, 0
94893.1, 74184.8, 0
4720.36, 38554, 0
125458, 59968.5, 0
14460.8, 23074.7, 0
142672, 85833.3, 0
79570.3, 41738.1, 0
103050, 76914.7, 0
31387.1, 16741.3, 0
55388.6, 50279.3, 0
99106.9, 38964.6, 0
118557, 82465.5, 0
135535, 39981.9, 0
107431, 38329.4, 0
202928, 116717, 0
200045, 86508.2, 0
57887.2, 49776.1, 0
71306.1, 14718.2, 0
76859.4, 60461.5, 0
207425, 140076, 0
149227, 33010.6, 0
175284, 94376.2, 0
124718, 90828, 0
53431.9, 14444.3, 0
158381, 94161.9, 0
94071, 8661.72, 0
139084, 62871.3, 0
202381, 42980.7, 0
132817, 86785.7, 0
43387.1, 22967.4, 0
119954, 77973, 0
190022, 56470.8, 0
6219.81, 15073.3, 0
573.977, 17471.9, 0
168868, 57637.6, 0
159159, 92363, 0
94117.8, 72463.4, 0
167009, 89203.2, 0
160585, 52911.8, 0
194373, 100754, 0
120006, 17339.1, 0
85682.8, 61967.4, 0
181003, 104406, 0
137160, 5508.09, 0
25718.6, 27018.3, 0
258599, 119019, 0
117415, 19657.2, 0
118864, 49992.3, 0
66663.1, 50508, 0
77968.1, 55081.5, 0
36549.7, 13835.6, 0
12113, 37015.1, 0
98482.3, 26739.6, 0
94739.4, 35984.7, 0
111674, 87851.5, 0
30769, 37320.1, 0
57522.8, 20778.6, 0
163931, 121064, 0
193734, 73715, 0
250825, 59487.9, 0
161782, 62890.3, 0
140742, 26150.8, 0
196480, 84922.2, 0
104345, 85418.2, 0
32933.4, 37543.6, 0
3890.98, 38664.2, 0
46398.6, 51164.8, 0
63129.7, 46477.2, 0
17856.9, 10675.2, 0
44521.4, 40004.4, 0
28811.7, 25516.6, 0
163691, 73512, 0
150551, 36901.7, 0
175762, 101648, 0
123699, 97055.5, 0
81007.5, 59245.1, 0
96209.3, 31140.1, 0
151460, 90179.9, 0
51386, 51489.1, 0
36769.9, 39855.9, 0
232263, 107604, 0
25532.8, 40537.5, 0
52181.3, 23885.3, 0
170472, 42700.8, 0
29431.1, 28427.8, 0
226424, 114864, 0
146087, 93052.8, 0
93288.7, 20154.5, 0
37945, 33227.5, 0
54325.7, 9166.87, 0
63064.8, 44376.8, 0
79584.5, 44349.1, 0
147173, 64623.1, 0
191559, 126400, 0
23794.6, 34468.7, 0
52720.3, 30493.4, 0
91268, 48279.6, 0
142687, 83146, 0
100473, 54760.4, 0
180365, 134187, 0
105976, 82522, 0
21135.7, 42072.4, 0
163833, 115603, 0
58914.5, 40307.8, 0
115342, 49226, 0
35541.6, 14749.8, 0
36489, 24120, 0
148496, 84988.5, 0
9883.72, 14492.9, 0
61359.6, 34138.3, 0
61557.2, 20316.4, 0
100115, 79655.3, 0
152755, 105543, 0
60436.7, 43895.8, 0
94708.3, 9344.95, 0
113671, 47327.5, 0
174187, 123311, 0
110297, 79799, 0
154755, 74060.9, 0
96472.9, 48246.9, 0
126537, 19342.8, 0
67713, 56270.2, 0
120290, 89882.4, 0
83088.1, 39894.9, 0
236806, 82003.6, 0
229856, 70168, 0
79139.7, 32586.7, 0
7966.07, 37368.9, 0
122362, 28575.1, 0
11839, 25780.5, 0
106117, 41848.2, 0
184398, 19919.7, 0
72867.2, 25314.6, 0
100788, 44866.7, 0
90091.2, 53442.9, 0
91371.3, 51320.5, 0
167277, 110600, 0
154978, 102812, 0
128938, 80130.2, 0
125355, 59686.9, 0
147211, 107974, 0
6138.94, 25583.2, 0
149382, 77081.8, 0
32612.5, 20844.3, 0
206894, 151346, 0
170348, 28154.2, 0
31802.4, 32051.5, 0
100329, 66335.4, 0
146536, 107037, 0
180656, 60064.1, 0
100214, 55823.6, 0
41433.1, 10534.9, 0
269509, 76941.5, 0
121826, 36625.8, 0
102490, 57885, 0
242689, 158704, 0
278202, 130235, 0
99253.2, 67449.3, 0
35983.8, 12864.8, 0
103322, 63832, 0
89698.9, 50391.4, 0
105978, 67357.8, 0
144009, 85410.4, 0
114938, 60294.9, 0
180853, 65247.7, 0
238969, 151754, 0
181727, 98615.4, 0
126092, 80917, 0
49205.7, 29750.1, 0
37891, 43627.8, 0
126308, 43089.4, 0
67773.1, 41326, 0
43353.8, 34354.1, 0
119939, 90754.6, 0
38731.5, 43119.8, 0
198071, 147127, 0
117484, 31513.6, 0
126991, 64390.8, 0
140605, 63242.1, 0
77326.1, 55163.3, 0
68343.2, 23098.7, 0
161781, 61667.6, 0
125980, 95526.1, 0
57703, 53964.4, 0
103265, 32566.9, 0
207143, 118236, 0
60137.9, 50043, 0
169906, 113458, 0
70355.7, 50430.7, 0
111575, 45139.6, 0
165638, 74555.9, 0
71647, 36284.3, 0
30230.1, 38398.6, 0
160250, 81565.7, 0
115469, 64770.1, 0
76607, 41916.6, 0
109505, 64019.4, 0
128586, 61857.6, 0
100009, 81267.2, 0
157292, 111439, 0
63285.5, 53020.4, 0
136217, 17508.5, 0
201571, 90842.5, 0
171824, 98099.9, 0
119027, 62592.2, 0
189828, 26486.9, 0
157855, 98275, 0
139490, 107009, 0
32865.6, 33964.9, 0
192961, 127481, 0
113921, 41432.6, 0
78392.4, 17698.3, 0
198282, 81109.8, 0
148763, 58420.4, 0
44574.2, 31976.4, 0
42618.4, 38278.6, 0
65624.5, 45165.4, 0
30918.6, 22845.8, 0
43226.1, 24176.5, 0
162671, 13232.2, 0
238496, 31631.5, 0
81290.1, 23105.5, 0
163706, 88896.3, 0
42962.9, 11849.1, 0
12089.6, 39339.3, 0
116150, 47929.1, 0
9059.66, 41207.4, 0
73228.2, 52629.9, 0
89861.7, 67274.6, 0
104280, 58754.9, 0
73193.5, 29793.9, 0
73869.7, 32727.7, 0
92989.2, 22286.4, 0
202799, 132632, 0
178764, 56113.9, 0
147842, 47571.5, 0
109612, 4716.42, 0
6905.68, 18405.5, 0
30089.5, 37827.4, 0
149481, 31791.5, 0
96009.9, 53959.5, 0
106086, 74355.8, 0
132854, 101415, 0
237943, 37801.2, 0
94200.5, 75782.2, 0
269371, 146666, 0
119721, 60637.2, 0
67123.1, 42794.1, 0
95068.6, 78009.5, 0
86410.2, 70452, 0
177809, 89205.6, 0
121069, 74471.4, 0
137244, 64878.3, 0
77496.5, 60142.8, 0
26918, 30105.6, 0
139960, 5572.92, 0
150512, 23041.9, 0
102657, 41000.4, 0
90284, 67653.9, 0
211864, 66815.7, 0
94033.8, 43534.9, 0
87079, 46455.9, 0
87087.5, 45956.3, 0
134506, 57061.6, 0
30399.6, 42800.9, 0
63588.4, 45367.6, 0
258850, 103416, 0
71212.7, 62831.2, 0
100083, 68376.2, 0
119827, 94504.4, 0
90190.7, 26139.5, 0
131083, 34842.5, 0
138338, 65591.3, 0
59247.2, 37364.4, 0
94179.4, 36813.3, 0
37553.6, 15671.3, 0
175243, 121863, 0
188366, 61507.5, 0
102604, 43964.1, 0
216992, 67193.7, 0
90436.8, 52574.4, 0
236658, 76384.3, 0
124887, 65729.5, 0
177176, 49810.7, 0
92941.4, 74415.6, 0
221359, 67744.1, 0
80836.7, 68535.6, 0
97166.1, 65997.4, 0
143762, 77542.1, 0
173924, 72600.1, 0
278036, 81229.9, 0
128471, 87753.1, 0
235443, 56632.5, 0
61303.3, 31887, 0
10179, 37619.2, 0
164170, 62418.9, 0
127407, 48866.3, 0
204737, 145701, 0
172806, 75061.4, 0
138167, 60775.6, 0
10644.7, 27389.9, 0
139986, 70850.5, 0
69005.2, 53113.7, 0
138610, 52329.4, 0
105008, 12484.8, 0
95939.4, 55774.5, 0
41627.3, 41586.4, 0
102611, 32626.7, 0
175987, 130742, 0
201631, 11751.1, 0
176326, 29335, 0
111907, 70931.2, 0
231680, 106462, 0
197798, 83090.7, 0
295922, 55644.6, 0
75565.2, 56474.8, 0
135778, 102129, 0
80364.2, 59566.6, 0
205243, 101592, 0
73746.1, 53972.7, 0
202829, 141980, 0
98026.2, 9619.7, 0
33854.6, 45016.3, 0
80559.4, 40853.3, 0
352063, 19595.7, 0
131588, 47418, 0
123338, 38844.6, 0
180274, 68496.9, 0
140391, 47169.7, 0
17665.9, 17937.7, 0
136764, 93062.4, 0
100046, 75125.4, 0
31057.1, 36831.3, 0
85247.5, 50716.7, 0
86963.5, 73865.6, 0
115913, 82441.8, 0
99067.6, 59685.6, 0
83630.9, 47714.3, 0
146987, 99648.8, 0
201285, 141824, 0
47247, 38279.1, 0
285868, 181218, 0
88043, 36595.3, 0
20193.8, 42901.8, 0
84382.6, 51232.3, 0
178059, 120085, 0
164710, 14108.9, 0
56930.4, 26503, 0
81368.9, 22608.7, 0
122933, 69646.4, 0
77763, 47159, 0
215758, 134184, 0
175427, 48394.6, 0
44209.2, 10011.9, 0
91199, 75180.1, 0
99798.6, 61795, 0
89715.2, 60089.4, 0
114398, 76279.9, 0
32731.3, 2893.74, 0
163188, 112840, 0
83678.7, 47637.2, 0
164732, 72258.8, 0
96458.6, 70527.9, 0
40717.1, 24647.4, 0
292264, 141690, 0
216281, 122808, 0
291850, 160927, 0
234903, 90183.8, 0
16781.2, 27230.8, 0
6414.62, 37673.3, 0
164342, 65524.8, 0
154896, 48040, 0
71779.7, 54270.3, 0
51978.7, 36055.7, 0
193575, 113610, 0
154425, 38031.5, 0
117291, 87459.7, 0
156829, 56704.1, 0
8084.2, 26535.5, 0
2110.96, 38838.2, 0
109847, 77895.5, 0
113527, 86656.1, 0
144468, 19608.9, 0
178532, 39055.5, 0
223656, 93660.4, 0
82535.3, 21139.2, 0
20949.4, 39654, 0
143090, 57719.6, 0
234379, 21107.8, 0
184611, 119390, 0
184441, 119359, 0
65340.5, 58091.9, 0
138720, 84185.9, 0
146162, 55271.2, 0
78551.1, 67907.7, 0
73064.1, 53036.1, 0
82733.1, 62423.4, 0
346552, 207092, 0
178747, 67421.7, 0
87047.3, 47257.2, 0
305703, 158604, 0
162009, 107498, 0
68598.5, 23787.8, 0
164683, 44201.2, 0
72558.6, 16306.1, 0
90880.3, 77045.4, 0
263919, 17462.1, 0
216.839, 28766.3, 0
206735, 68941.8, 0
156100, 88765.1, 0
106271, 86309.7, 0
202531, 26448.4, 0
248179, 76569.7, 0
193850, 49227.4, 0
91756.5, 29902.3, 0
231769, 140406, 0
165003, 82224.4, 0
46642.1, 35861.8, 0
222526, 84025.3, 0
127261, 45522.2, 0
66651.2, 33200.9, 0
93794, 57900.5, 0
149671, 12305.3, 0
222522, 72174, 0
143528, 41424.1, 0
131548, 85164.5, 0
111867, 81811.7, 0
27351.4, 10434.4, 0
141414, 92097.4, 0
165951, 86379.7, 0
72353.9, 34767.3, 0
172562, 87198.7, 0
123372, 96787.6, 0
48321.1, 52945.9, 0
155731, 45396, 0
310841, 71098.1, 0
36703, 29764.5, 0
81307.3, 26578.1, 0
125588, 66167.8, 0
118569, 29818.6, 0
19652.1, 39245.6, 0
168096, 104519, 0
191603, 87022, 0
134468, 56623.6, 0
26631.9, 33506.7, 0
72703.7, 34386, 0
72081.1, 33968, 0
41133.2, 26699.5, 0
144220, 84018, 0
217728, 97077.2, 0
98139.5, 76179.5, 0
21500.4, 27264.2, 0
95272.8, 51736.4, 0
168359, 73609.7, 0
64378.4, 31386.5, 0
70955.1, 39399.8, 0
114533, 44442.9, 0
187519, 16628.2, 0
161670, 89368.9, 0
171666, 122934, 0
103971, 48102.3, 0
230518, 161556, 0
107453, 52629.1, 0
102863, 45473.9, 0
53099.9, 36286.2, 0
148434, 96498.8, 0
23480.5, 30336.2, 0
234900, 66371.5, 0
126082, 89073.9, 0
46187.1, 22082.6, 0
206008, 75344.7, 0
117369, 35260.7, 0
102718, 51625.6, 0
186409, 110424, 0
165444, 104024, 0
18587, 37543.8, 0
180833, 66385.8, 0
206800, 11576.4, 0
38108.5, 39226.3, 0
246602, 81087.8, 0
99154, 59282.7, 0
37598.7, 43255.6, 0
142520, 98761.3, 0
59171.7, 49984.8, 0
74727.3, 47076.3, 0
199500, 105751, 0
216061, 39682.4, 0
108734, 76250.6, 0
195569, 55535, 0
124044, 79448.4, 0
198379, 71970.9, 0
179697, 47235.9, 0
89487.2, 66206.2, 0
187684, 127078, 0
106857, 74371.8, 0
67175.8, 21416.3, 0
51012.3, 42450.9, 0
235278, 163050, 0
196663, 41496.9, 0
36069.3, 42213.9, 0
73998.1, 24563.1, 0
112854, 59916.2, 0
31379.6, 46053.4, 0
169268, 111954, 0
182694, 97299.7, 0
30560.7, 42308.4, 0
93479.4, 27839, 0
93134.1, 22879.9, 0
65760.8, 40307.7, 0
172878, 112577, 0
31779.6, 43442.7, 0
222593, 78868.6, 0
103206, 66828.7, 0
100628, 59424.4, 0
206577, 136092, 0
71719.3, 48484.2, 0
343102, 154086, 0
169662, 88601.7, 0
24460.8, 18974.8, 0
81015.2, 61493.7, 0
48239.5, 50746.3, 0
108675, 62459.9, 0
208908, 147871, 0
43087.1, 22886, 0
41744.8, 20211, 0
205079, 128108, 0
185832, 115788, 0
128718, 66824.9, 0
213280, 111465, 0
108769, 60243, 0
160394, 52914.5, 0
59520.8, 44425.5, 0
181453, 26933.4, 0
117936, 82884.9, 0
180362, 93775.4, 0
203059, 87588.7, 0
69089.9, 40630.7, 0
144351, 98912.8, 0
224930, 105325, 0
122764, 85650.3, 0
163978, 76346.4, 0
227154, 17100.1, 0
181886, 96137, 0
137576, 78086.1, 0
115307, 34186.1, 0
129921, 50653.8, 0
32795.5, 4952.19, 0
9831.72, 32993.5, 0
75016.6, 44196.7, 0
113750, 23250.9, 0
61921.2, 52354.7, 0
137071, 73473.6, 0
78902.6, 12301.9, 0
81090.6, 66006.1, 0
52751.6, 54597.5, 0
78066.2, 2223.8, 0
322791, 37610.8, 0
188043, 79061.1, 0
232291, 71993.8, 0
69203.6, 21592.2, 0
47903.1, 50477.9, 0
31781, 35541.8, 0
171465, 24009.7, 0
228777, 161306, 0
139765, 32831, 0
82044.3, 57214.6, 0
42396.7, 32647.4, 0
45021.5, 24934.4, 0
143616, 49835.1, 0
101807, 42926.7, 0
285941, 174982, 0
59333.5, 23038.4, 0
71310.3, 29491.5, 0
73802.5, 14538.7, 0
27379.6, 37354.5, 0
94399.5, 74617.4, 0
37451.9, 18134.3, 0
17741.5, 23696.8, 0
187162, 110015, 0
38079.8, 34924.7, 0
160196, 59001.5, 0
100855, 49838.9, 0
130767, 97183.3, 0
158379, 112561, 0
241826, 135171, 0
281548, 114553, 0
33953, 40835.6, 0
75192.8, 35998.1, 0
138959, 70095.3, 0
118425, 47904.8, 0
166512, 24908.6, 0
166384, 125461, 0
62866.4, 51056, 0
127868, 93867.6, 0
139982, 91446.1, 0
206245, 105445, 0
12430.3, 27478.8, 0
72303.3, 1780.61, 0
229550, 90606.5, 0
201979, 79554.2, 0
188546, 113914, 0
10571.4, 29807.4, 0
106098, 48574.5, 0
210734, 86589.4, 0
160596, 114080, 0
187664, 72721.1, 0
277636, 104765, 0
45999.5, 49774.4, 0
124719, 18171.3, 0
68533.3, 25651.2, 0
18262.1, 29714.7, 0
101836, 80909.8, 0
25217.3, 24128.6, 0
73243.6, 19804.4, 0
164413, 74886.4, 0
70872.8, 26202.7, 0
151089, 87634.7, 0
124831, 20571.1, 0
60501, 32235.9, 0
267254, 111705, 0
210714, 113243, 0
112358, 67046.3, 0
164798, 82684.4, 0
168530, 73190.3, 0
141631, 107423, 0
64610.4, 46179.6, 0
120608, 73271.7, 0
161963, 95398, 0
113751, 80243.1, 0
26545.2, 44093, 0
27930.9, 27075.3, 0
98106.8, 80826.7, 0
179830, 73369.9, 0
93627.6, 64428.8, 0
114352, 51606.3, 0
126075, 71407.5, 0
45649.1, 30947.8, 0
174233, 90387.4, 0
132489, 78070, 0
159815, 73877.4, 0
225933, 109346, 0
169308, 73784.8, 0
137154, 68788.7, 0
110745, 48207.2, 0
118172, 38792.4, 0
264647, 70611.6, 0
238193, 81188.7, 0
203626, 108564, 0
14748.5, 32590.5, 0
82027.3, 61616.2, 0
152124, 102110, 0
155159, 101692, 0
250821, 68318.1, 0
244129, 113889, 0
78611.3, 48248.4, 0
154724, 114870, 0
92483.7, 51460.7, 0
161070, 82097.2, 0
94494, 63902.5, 0
114947, 63135.2, 0
157325, 57316.4, 0
45087.5, 20564.8, 0
44692.8, 42780.1, 0
89233.3, 65776.6, 0
7374.97, 39323.6, 0
139310, 52066.2, 0
92275.7, 31605.3, 0
184920, 70324.3, 0
23775.2, 6710.35, 0
103175, 55947.1, 0
264839, 62299.8, 0
118911, 69505.5, 0
210048, 138727, 0
108029, 58782.3, 0
75932.9, 29108, 0
141260, 81182.8, 0
128661, 23327.4, 0
169901, 109202, 0
19476.5, 37352.9, 0
166757, 110462, 0
25224.6, 40468, 0
210888, 130573, 0
167864, 109121, 0
159901, 35843, 0
126419, 71925.5, 0
25769.3, 23577.2, 0
66794.5, 44203.4, 0
242697, 140259, 0
120282, 72643.2, 0
142101, 100853, 0
264388, 11270.2, 0
153403, 64950.5, 0
100516, 75851.3, 0
172738, 108560, 0
136213, 86355.8, 0
136219, 58422.8, 0
49122.3, 28878.4, 0
83070.6, 18351.1, 0
48407.6, 52080.4, 0
370914, 153520, 0
94346.5, 63988.5, 0
48286.7, 50636.5, 0
113259, 2204.75, 0
83495.5, 36562.3, 0
82120.2, 43428.3, 0
146798, 31095.7, 0
245283, 176575, 0
62904.6, 43705.3, 0
177726, 31512.6, 0
27020.7, 43327.7, 0
117773, 86689.4, 0
136926, 92355.2, 0
181592, 89463.5, 0
119131, 68273.2, 0
110857, 79770.8, 0
144654, 89476.9, 0
232777, 56060.8, 0
97212.8, 76801.8, 0
86787.9, 72927.9, 0
154944, 25669.3, 0
214915, 108828, 0
282186, 88982.3, 0
14932.3, 36660.5, 0
135244, 99523.7, 0
109329, 32999.7, 0
36142.3, 38280.8, 0
114590, 82927.7, 0
120090, 64471.2, 0
83437, 34980.1, 0
11663.1, 13857.3, 0
131821, 73095.1, 0
114743, 24024.7, 0
74897.5, 43189.8, 0
74144.1, 29562.1, 0
46119, 50731.2, 0
156520, 68328.7, 0
268245, 162643, 0
195393, 96232.1, 0
221952, 120923, 0
51700.8, 51732.2, 0
189008, 125193, 0
101161, 24655.5, 0
61515.4, 8766.24, 0
167858, 32870.5, 0
181087, 42449.1, 0
61997, 28426.9, 0
2467.12, 35724.1, 0
30592.5, 42561.1, 0
59238.4, 55226.5, 0
128140, 95263.2, 0
148615, 75810.7, 0
198694, 96297.1, 0
163682, 68317.9, 0
106867, 59493.1, 0
25265.3, 30360.5, 0
44735.8, 39225.8, 0
49069.4, 49790.7, 0
106013, 65896.9, 0
57129.8, 56930.5, 0
125509, 78461.4, 0
93008.3, 61838.5, 0
272138, 170795, 0
280948, 136273, 0
57124, 50188.3, 0
145608, 61537.4, 0
13287.8, 18809.5, 0
73128.6, 44389, 0
175407, 81873, 0
31792.8, 40367.4, 0
36069, 45945.3, 0
107569, 42894.4, 0
136383, 95891.8, 0
152917, 89467.6, 0
156511, 71467, 0
30032, 41475.2, 0
182816, 105805, 0
151909, 105172, 0
117077, 73780.5, 0
202772, 143388, 0
2816.28, 37721.5, 0
42955.5, 39051.2, 0
81393.3, 66155.6, 0
51729.8, 53958, 0
9013.82, 20816.1, 0
300665, 201717, 0
80217.7, 62314.1, 0
66029.4, 57804.6, 0
78139.7, 53103.4, 0
168281, 90735.4, 0
83429.1, 48643, 0
45185.6, 43371.2, 0
122092, 91101.6, 0
6370.11, 31256.4, 0
178738, 44146.3, 0
41088.6, 45399.6, 0
66896.5, 55600.6, 0
93606.8, 20830.6, 0
83750.3, 66514, 0
66747.9, 5828.26, 0
100907, 59056.3, 0
210711, 33838, 0
33511.3, 34832.1, 0
60500.1, 53929, 0
10281.2, 31800, 0
179476, 55138.6, 0
193142, 121868, 0
186403, 134258, 0
175066, 85209.4, 0
125686, 59217.9, 0
125814, 41643.9, 0
169964, 64626.6, 0
14731.6, 34283.5, 0
142509, 38271, 0
71217.4, 32801.8, 0
172452, 110555, 0
98487.5, 17088.8, 0
90567.1, 30490.9, 0
78806.8, 62045, 0
50981.3, 22055.1, 0
104439, 69447.8, 0
193815, 100824, 0
24732.5, 43141.4, 0
21097.4, 27938.7, 0
99059.5, 40242, 0
216099, 87319.2, 0
185075, 31332.3, 0
60169.2, 34393.1, 0
108488, 48149, 0
190013, 20934.9, 0
120115, 75794.9, 0
42974.7, 50799.7, 0
130810, 87306.4, 0
78285.2, 59214.4, 0
65304.9, 57503.9, 0
183155, 48829.4, 0
99337.4, 45259.9, 0
54721.2, 46876.7, 0
134748, 55849.9, 0
187410, 41010, 0
209466, 61480.1, 0
195521, 82176.5, 0
66146.2, 53785.9, 0
116583, 16021.2, 0
215526, 159178, 0
100565, 80208.1, 0
55769.6, 51145, 0
210986, 125805, 0
96040.1, 72324.1, 0
208283, 129953, 0
156847, 76525.1, 0
190272, 66825.5, 0
63211.9, 47110.7, 0
204836, 84280.2, 0
63885.1, 28793.3, 0
95640.4, 61729.3, 0
79025.8, 64926.9, 0
166251, 76667.8, 0
101535, 66685.3, 0
197861, 78520.1, 0
140625, 79824.1, 0
142605, 26957.8, 0
145425, 66612.5, 0
187935, 70132.2, 0
37013, 44597.2, 0
101813, 66408.4, 0
63263.9, 39380, 0
70655.9, 45049.8, 0
100235, 40637.7, 0
113797, 84133.7, 0
33598.4, 33973.2, 0
95525.3, 77112.5, 0
68872.5, 48032.7, 0
201705, 130083, 0
186061, 93397.6, 0
68560.7, 63439.6, 0
135285, 62906.4, 0
53484.8, 26589.5, 0
164634, 50903.6, 0
15898.3, 12917.8, 0
49410.1, 9676.52, 0
133493, 30963.2, 0
83578.1, 11553.4, 0
90676.8, 49375.8, 0
241603, 99511.1, 0
100333, 48346.3, 0
76984.7, 54631.6, 0
4103.88, 31010.7, 0
141011, 45165.3, 0
152979, 74792.1, 0
34957.3, 19249.9, 0
40446.1, 39883.6, 0
100420, 41857.8, 0
228842, 144128, 0
313158, 166067, 0
203388, 63292.9, 0
48337.7, 31652.1, 0
144866, 111272, 0
158418, 27540.5, 0
113292, 81932.9, 0
86915.7, 61221, 0
62222.9, 29803.9, 0
126669, 68116.1, 0
61851.8, 45713.8, 0
157285, 59518, 0
69857.4, 32015.8, 0
148848, 54933.5, 0
38295.3, 48490.1, 0
1448.62, 18120.1, 0
142905, 86150, 0
125427, 68699.6, 0
53251.9, 30375, 0
15679.9, 35162.4, 0
190299, 66386.8, 0
84541.9, 51744.8, 0
207663, 91607.3, 0
33539.7, 15559.1, 0
127679, 88946.5, 0
138220, 59326, 0
5867.99, 40922, 0
152433, 59614.4, 0
11047.1, 27765.4, 0
3707.36, 23820.7, 0
265593, 174239, 0
142671, 108869, 0
106286, 67984.3, 0
39230.8, 19675.8, 0
28774.6, 39183.1, 0
250775, 102641, 0
61471.8, 16370.8, 0
99126.9, 36789.8, 0
224829, 117918, 0
135690, 65133.5, 0
111288, 54258.3, 0
108345, 64487.2, 0
65911.9, 60352.8, 0
111291, 79403.3, 0
21754.3, 32978.9, 0
162764, 15128.4, 0
193089, 29634.7, 0
281899, 68974.3, 0
191631, 85938.9, 0
215977, 145120, 0
175181, 105852, 0
132733, 64151.2, 0
117496, 6608.53, 0
146708, 76563.3, 0
25491.7, 34895.5, 0
79571.5, 66218.8, 0
16577.1, 39110.3, 0
167749, 64063.9, 0
80891.4, 53272.2, 0
170124, 85602.8, 0
192733, 65587.7, 0
126798, 79017.5, 0
173896, 89546.7, 0
39056.1, 41804.8, 0
224839, 133818, 0
10248.8, 20590.9, 0
125973, 53231.9, 0
86252.5, 62756.6, 0
240446, 107667, 0
107628, 74456.9, 0
112260, 81025.2, 0
220509, 19878.8, 0
102507, 12567.4, 0
21705.5, 42953.5, 0
84590.1, 54830, 0
190160, 83913.1, 0
88291.8, 72206.8, 0
140294, 75987.2, 0
69174.8, 64294.3, 0
76979.7, 52022.3, 0
101126, 76984.1, 0
76261.5, 32551, 0
202715, 131824, 0
168527, 93172, 0
49860.4, 35978.1, 0
94170.4, 11458.9, 0
90937.5, 44934.8, 0
106398, 85636.7, 0
98556, 29062.1, 0
34438.3, 17864.1, 0
100825, 28094, 0
16592.1, 20855.6, 0
48635.1, 44094.9, 0
87344.1, 74130.4, 0
150594, 109452, 0
125405, 66073.3, 0
183784, 23931.5, 0
36883.6, 34103, 0
227065, 87672.2, 0
39346.5, 44826, 0
175488, 30820.2, 0
8267.18, 29392.2, 0
114048, 73419.4, 0
38728.7, 24196.8, 0
78939.4, 58994.1, 0
155453, 91380.9, 0
51385.3, 33082.9, 0
80258.3, 42209, 0
75370, 36600.8, 0
144909, 106130, 0
264827, 61970.3, 0
72005.2, 53770.4, 0
23733.6, 32787.7, 0
306774, 197624, 0
260594, 43228.3, 0
226946, 63614.6, 0
108861, 58774.1, 0
167659, 46295.5, 0
85242.2, 36103.1, 0
69827.3, 25154.6, 0
162306, 54831.5, 0
85025.5, 23837.7, 0
77042.1, 3724.97, 0
151918, 95837.2, 0
110314, 15032, 0
118206, 90421.8, 0
111333, 50984.8, 0
100480, 74108.2, 0
174823, 59783.8, 0
119301, 25429.9, 0
75569, 29707.2, 0
167119, 94159.4, 0
178376, 112200, 0
72134, 58342.9, 0
101151, 57422.6, 0
38921, 35913.9, 0
83595.6, 68997.3, 0
134279, 55006.2, 0
227699, 70001.8, 0
28456.1, 42344, 0
82570.6, 39705.4, 0
113292, 26113.4, 0
173165, 48764.1, 0
71333.1, 36191.5, 0
25743.8, 15641, 0
80010.9, 15764.1, 0
10414, 32801.9, 0
158103, 79988.8, 0
23073.7, 18923.8, 0
158679, 61471, 0
223503, 159261, 0
158119, 111909, 0
193262, 141763, 0
157345, 96323.1, 0
59337.9, 18878.2, 0
90493.2, 23102.8, 0
220449, 48703.4, 0
225284, 137245, 0
28613, 28381, 0
33058.3, 38539.1, 0
51321.2, 29877.3, 0
129083, 73903.1, 0
123914, 91032.8, 0
44590, 31871, 0
69626.8, 62955, 0
74197.4, 61002.8, 0
112733, 39644.2, 0
7680.63, 16394.7, 0
120294, 67956, 0
86186.4, 35496.3, 0
146980, 57088.8, 0
12557.2, 34102.6, 0
83168.3, 21955.6, 0
198594, 71125.6, 0
124716, 44318.1, 0
159349, 106847, 0
33944.2, 24536.6, 0
96476.6, 38137.7, 0
196061, 130083, 0
96299.1, 60657.1, 0
118670, 87542.7, 0
102110, 34530.9, 0
200180, 52896.7, 0
160265, 93054.6, 0
148435, 95966.5, 0
128761, 91538.3, 0
208635, 46670.6, 0
93009.5, 26341.5, 0
204349, 69949.8, 0
121172, 85497.6, 0
62861.8, 37984.6, 0
50014.2, 13681.5, 0
17395.3, 19384, 0
138315, 103737, 0
27853.2, 14888.9, 0
121428, 79299.8, 0
130122, 67930.8, 0
119897, 27111.1, 0
85911.3, 43432.5, 0
139682, 88849.7, 0
136537, 61851.7, 0
206808, 139653, 0
191802, 110457, 0
219905, 101667, 0
35811, 46231.8, 0
56771.5, 51910.5, 0
158629, 67871.2, 0
101464, 81789.4, 0
233840, 147555, 0
113326, 77158.7, 0
110842, 60005.3, 0
118967, 30693.4, 0
93903.8, 45339.2, 0
205284, 32419.1, 0
94932.5, 56317.1, 0
167715, 77628.9, 0
170295, 66946.6, 0
82974.3, 64310.7, 0
122181, 35114.6, 0
95695.6, 35745.1, 0
186557, 100597, 0
95024.7, 31882.7, 0
126730, 83459.9, 0
118552, 72549.7, 0
158145, 24481, 0
300310, 105399, 0
112769, 57168.8, 0
184008, 40072.7, 0
101375, 74391.7, 0
63624.3, 13325.8, 0
131124, 70929.3, 0
191200, 19507.1, 0
162749, 23564.3, 0
40389.6, 35391.1, 0
178437, 37730.5, 0
195003, 136286, 0
126291, 56079.7, 0
99618.3, 44674.9, 0
128100, 83273.9, 0
210799, 108776, 0
60061, 36122.9, 0
99267, 25189.3, 0
91541.2, 28982.3, 0
146620, 101571, 0
164428, 34037.5, 0
46088.6, 35445.8, 0
82322.1, 57045.8, 0
19159.3, 34828.3, 0
208324, 86728.6, 0
128109, 13365.3, 0
159117, 92980.2, 0
161136, 109502, 0
103119, 80528.4, 0
104680, 67736.6, 0
43477.3, 35991.2, 0
63396.5, 60020.4, 0
322149, 5426.1, 0
141843, 87114.4, 0
107538, 73058.1, 0
6452.46, 26752.3, 0
55433.2, 33291.2, 0
225686, 82359.5, 0
98020.2, 42099.7, 0
97866.6, 20861.4, 0
72762.8, 57389.4, 0
49325.1, 53650.8, 0
93501.1, 23960, 0
116814, 47345.5, 0
121526, 31072.9, 0
103846, 79209, 0
181175, 97966.6, 0
195700, 95003.3, 0
23834.7, 33848.3, 0
139047, 107526, 0
82702, 30062, 0
203575, 134415, 0
172483, 43613.6, 0
139339, 76530.6, 0
181010, 74850.8, 0
66277.6, 30757.7, 0
41531, 42370.3, 0
158206, 107374, 0
117821, 70726.6, 0
181124, 42229.8, 0
174786, 40195, 0
170144, 95146.5, 0
203553, 84219.9, 0
92040.2, 66995.3, 0
151023, 94220.6, 0
113649, 80724.9, 0
150912, 95814.3, 0
217316, 100917, 0
267321, 99865.5, 0
30931.1, 43663.4, 0
284388, 124241, 0
136572, 32738.7, 0
278865, 50205.6, 0
84290.9, 56916.7, 0
91578.3, 56792.5, 0
37609.6, 33723.6, 0
303532, 11070.9, 0
78515.1, 69579.9, 0
104872, 73160.8, 0
84830.7, 73246.6, 0
59210.1, 24452, 0
210754, 82285.4, 0
102088, 71914.2, 0
219686, 154123, 0
128707, 97872.2, 0
148426, 113142, 0
147905, 73364, 0
227282, 85093.5, 0
208432, 152309, 0
187647, 135606, 0
14892.2, 33088, 0
48626.5, 41185.7, 0
101383, 62555.4, 0
28553.5, 42986.5, 0
239147, 126232, 0
239724, 39583.5, 0
115302, 61574.4, 0
26954.3, 31185.8, 0
138094, 35560.1, 0
75924, 65212.4, 0
137003, 71408.4, 0
78874.9, 63333.1, 0
59282.3, 52561.1, 0
101425, 48088.9, 0
119289, 50206.6, 0
99174.5, 75617.7, 0
250413, 183799, 0
197431, 74763.9, 0
219805, 143547, 0
125236, 65014.1, 0
354928, 142386, 0
112697, 47158.7, 0
102407, 32010.8, 0
126129, 20049.2, 0
152725, 82482.6, 0
54983.2, 27227.6, 0
33683.3, 36814.9, 0
112420, 89647.9, 0
31543, 35715.6, 0
30235.8, 26853.7, 0
165740, 121774, 0
147523, 67666.7, 0
18338.4, 7706.18, 0
31804.6, 31041.5, 0
16490.4, 24081.6, 0
77234.4, 53636.8, 0
22277.2, 19899.7, 0
95400.1, 59263.7, 0
46845.5, 37425, 0
69961.4, 42416.7, 0
227344, 109656, 0
221880, 45093.9, 0
89920.3, 36131.3, 0
140971, 103833, 0
55153.5, 51551.4, 0
51177.8, 42272.8, 0
41253.6, 50273.6, 0
91577.5, 49426.7, 0
142634, 35118.9, 0
25785.7, 37750, 0
86931.9, 64891, 0
80387.4, 23144.2, 0
10810.7, 34853.2, 0
158928, 80148.6, 0
151514, 10517.7, 0
268549, 102271, 0
27950.8, 9064.81, 0
200284, 141831, 0
101183, 9468.58, 0
64530.5, 10184.8, 0
177795, 114468, 0
85463.5, 19017.6, 0
165898, 19855, 0
89768.6, 35729, 0
71728.6, 47259.3, 0
133241, 22198.7, 0
123203, 32119.7, 0
82032.7, 36722, 0
23660.2, 28028.8, 0
84729, 71749.6, 0
120387, 7638.35, 0
65213.7, 55754.1, 0
158148, 103583, 0
6560.7, 20945.4, 0
52124.6, 45453.2, 0
115143, 78642.2, 0
143059, 82169.6, 0
105784, 23842.9, 0
138481, 57738.7, 0
111257, 59907.8, 0
146354, 13045.3, 0
94108.5, 14641.9, 0
135562, 52285.9, 0
206132, 91827.7, 0
64289.7, 45160.6, 0
75411.2, 66706.5, 0
124655, 92959.6, 0
20933.1, 21527.7, 0
204281, 72014.5, 0
94735.6, 30445.7, 0
91958, 46031.7, 0
113485, 81279.8, 0
206234, 48164.2, 0
18296.2, 39571.3, 0
117466, 90902, 0
202764, 52397.7, 0
139616, 106512, 0
187000, 101553, 0
80391.5, 10228.7, 0
102973, 71662.1, 0
138042, 44367, 0
17554.9, 25149.5, 0
159214, 72017.2, 0
88391.7, 58227.3, 0
178094, 73895.3, 0
70943.7, 36348.9, 0
110870, 40090.7, 0
113844, 41040.8, 0
66943.7, 40291.6, 0
109075, 73105.7, 0
54468.5, 46856, 0
141241, 74112.1, 0
29283.9, 40652.7, 0
109845, 13448.8, 0
123291, 87730.4, 0
109724, 74011.6, 0
25376.2, 19250.9, 0
24073.9, 34607.4, 0
33905, 35305, 0
89494.9, 69721.3, 0
145439, 82688.7, 0
37084.9, 42792, 0
247438, 48116.5, 0
35795.2, 32774.3, 0
2556.42, 37472.4, 0
71145.4, 30570.1, 0
72762.3, 33392.9, 0
203056, 76910, 0
74613.7, 5396.1, 0
106746, 21776.2, 0
138718, 84911.6, 0
120938, 68097.5, 0
139780, 61145.8, 0
159671, 21158.2, 0
87635.1, 53837.1, 0
225961, 166885, 0
111497, 37522, 0
98298.3, 58901.9, 0
40250.7, 40657.9, 0
208285, 96635.8, 0
158013, 76479.2, 0
71732.1, 37737.3, 0
72389.2, 39003.5, 0
83838, 60997.3, 0
125434, 35867.8, 0
99334.6, 48321, 0
93392.7, 43311.2, 0
57562.1, 38704.1, 0
130950, 35624.7, 0
134779, 59011.5, 0
48315.8, 45465.7, 0
230332, 70650.9, 0
128929, 46326.6, 0
232573, 32881.1, 0
80706, 49979.8, 0
41742.8, 46960.6, 0
145017, 22219.9, 0
124495, 93832.2, 0
54552.8, 23264.7, 0
164027, 56969.5, 0
71371.6, 61235, 0
103087, 81630.6, 0
166230, 117990, 0
54981.1, 21289.3, 0
130301, 55769, 0
104776, 78714.5, 0
53756.7, 32882, 0
108956, 60533.2, 0
6323.16, 19908.4, 0
12663.1, 22659.3, 0
161335, 83845.3, 0
58473.1, 41056.4, 0
5555.11, 29494.5, 0
91477.9, 30343.1, 0
147325, 85018.4, 0
86916.7, 48488.9, 0
167138, 50779.8, 0
3437.2, 8579.4, 0
149173, 51160.8, 0
85581.3, 56494.4, 0
102435, 32928.4, 0
127867, 12093.8, 0
136745, 48862.4, 0
217847, 90241.9, 0
1343.22, 36308.2, 0
9859.69, 22743.3, 0
101757, 35722.9, 0
156463, 93256.2, 0
205117, 51936.6, 0
180292, 52178.3, 0
101462, 79352.4, 0
175108, 113423, 0
219669, 123822, 0
127842, 84381.2, 0
67875.4, 38126.3, 0
50781.6, 39229.8, 0
136124, 44078.6, 0
3821, 26240.5, 0
221881, 74421.4, 0
113618, 68867.9, 0
98827.6, 81491.4, 0
119703, 66535.1, 0
116127, 80611.4, 0
137499, 45646.5, 0
167023, 37311.5, 0
133606, 56481.6, 0
53302.2, 23440.3, 0
129041, 89984.4, 0
76955.8, 60800.4, 0
77417.5, 60598, 0
16742.8, 37869.7, 0
40305.5, 27601.7, 0
200687, 130927, 0
20597.5, 31507.2, 0
94592.1, 50148.8, 0
47528.1, 38848, 0
101861, 74463.4, 0
143737, 35516.6, 0
97834.9, 69186.4, 0
216388, 96563.2, 0
102579, 26639.5, 0
62278.9, 32698, 0
176308, 67947.3, 0
52368.6, 37583.1, 0
269779, 20943.5, 0
180967, 84077, 0
77323.1, 22714.3, 0
4735.17, 34558.9, 0
73046.4, 36865.9, 0
201352, 103693, 0
172798, 121438, 0
264579, 99647.6, 0
113174, 35602.9, 0
125500, 78122.8, 0
66780.4, 33285.2, 0
89196.7, 35186.2, 0
1446.86, 27168.8, 0
7458.04, 33431.2, 0
116072, 80470.9, 0
58509.1, 51452.8, 0
38417.5, 29418.2, 0
133049, 46688.1, 0
91107.3, 25598.4, 0
172188, 24326.8, 0
13311.8, 32810.6, 0
262581, 80975.8, 0
123341, 72943.9, 0
123015, 90729.6, 0
158528, 55984.1, 0
75662.8, 25747, 0
38931.3, 8314.93, 0
173233, 79439.6, 0
79213, 51171.7, 0
137728, 66156.4, 0
116757, 79223.8, 0
79620.3, 59240.6, 0
10238.2, 22757.5, 0
192477, 26676.5, 0
115602, 34078.8, 0
57610.2, 32340.3, 0
201566, 96536.3, 0
102387, 66840.5, 0
92531.2, 5163.89, 0
124104, 50093.9, 0
123885, 51009.3, 0
164778, 122595, 0
164764, 109423, 0
134664, 22809.8, 0
48977.1, 53722.7, 0
112085, 46692.9, 0
179316, 50345.8, 0
121278, 14732.7, 0
115412, 82377.1, 0
185852, 42313.2, 0
176198, 125835, 0
174199, 114820, 0
98315.5, 3401.66, 0
39568.7, 28705.7, 0
63591.5, 10137.6, 0
134129, 62232.1, 0
120532, 32255.5, 0
302787, 95779.9, 0
5701.97, 24026.8, 0
134839, 44024.6, 0
114158, 82775.7, 0
103413, 39785.6, 0
18089.5, 30944.4, 0
185019, 108529, 0
73254.8, 52953.9, 0
128168, 72200.6, 0
87001.9, 66623.8, 0
133075, 72742, 0
114164, 59959.3, 0
56161.7, 46185.5, 0
60057.8, 50147, 0
255982, 117063, 0
114315, 69413.8, 0
2041.33, 38435.7, 0
54730.1, 31907, 0
63413.8, 9389.68, 0
64823.7, 58212, 0
157134, 104021, 0
73127.1, 40875.8, 0
12072.2, 40857.4, 0
169533, 39070.6, 0
75507.4, 66930.7, 0
227094, 61835.4, 0
110787, 79499.9, 0
190981, 9681.56, 0
204956, 39398.5, 0
23053.3, 29914, 0
67893.1, 18472.2, 0
179971, 110069, 0
6011.3, 38411.2, 0
47063.1, 52844.6, 0
94108.9, 57753.3, 0
192351, 112305, 0
78280.9, 41099.6, 0
236125, 155082, 0
32462.8, 29788, 0
153055, 52737.1, 0
127900, 46580.8, 0
167163, 78814.6, 0
168195, 63081.2, 0
143682, 41500, 0
84785.9, 48590.7, 0
47817.6, 50306.9, 0
191930, 12521.3, 0
124893, 55023.5, 0
91852.6, 47233, 0
116027, 74976.9, 0
146355, 39399.1, 0
136422, 81919.4, 0
66666.5, 61570.4, 0
18398.8, 9247.53, 0
174933, 83368.4, 0
71251.4, 43591, 0
83003.6, 60064.7, 0
162486, 46382.8, 0
36118.5, 20028.6, 0
198571, 80581.8, 0
40907, 48831.2, 0
141412, 58863.9, 0
200592, 71963.9, 0
71897.8, 39398.9, 0
243325, 118113, 0
52607.8, 28272.9, 0
215384, 110013, 0
102602, 47957.5, 0
25920.3, 34190.7, 0
53348.4, 31530.1, 0
118098, 88142.9, 0
138466, 68121.4, 0
164642, 21283.1, 0
93372.3, 75894.8, 0
289118, 130589, 0
130497, 91628.7, 0
129812, 7624.01, 0
43639.4, 35833.2, 0
171056, 83680.2, 0
43806.4, 29913.1, 0
104670, 10067.1, 0
7065.79, 24876.2, 0
155825, 97397.8, 0
139604, 71048, 0
163565, 76983.1, 0
119968, 77195.7, 0
91673.6, 31180.5, 0
227394, 92510.4, 0
46479.2, 45320.8, 0
174867, 81141.8, 0
89037.8, 74289.9, 0
88360.2, 42858.1, 0
115187, 55307.9, 0
81118.9, 35678.7, 0
61428.1, 59419, 0
31741, 26233.5, 0
210299, 89889.9, 0
275428, 9958.96, 0
101997, 65043.3, 0
80960.1, 57121.7, 0
216536, 133272, 0
147262, 76217.9, 0
75629.8, 66814.9, 0
71613.5, 49012.6, 0
111845, 62917.4, 0
152648, 97596.3, 0
53619.1, 37364.1, 0
141151, 44187.2, 0
5600.77, 31803.7, 0
7117.2, 36227.9, 0
192110, 92548.3, 0
119030, 64408.3, 0
132335, 41708.6, 0
21979.1, 8764.65, 0
217280, 58652, 0
71214.9, 51579.6, 0
157505, 35031.7, 0
207756, 57390.8, 0
105492, 74803.5, 0
43437.1, 9842.12, 0
64435.4, 61561, 0
156458, 88232.2, 0
63909, 46513.7, 0
106769, 63406.3, 0
60331.9, 49875.6, 0
136369, 100483, 0
32955.6, 14532, 0
163855, 48253.2, 0
288051, 95522.7, 0
253942, 158217, 0
192732, 54093, 0
148326, 76623.2, 0
170760, 84426.5, 0
116927, 73785.4, 0
228214, 19068.8, 0
325440, 129237, 0
160963, 63549, 0
83495.5, 54224.1, 0
115364, 69367.4, 0
152746, 61855.4, 0
67156.1, 16790.1, 0
57693.8, 21574.8, 0
144981, 87254.8, 0
103452, 61665.4, 0
119259, 63769.9, 0
36380.1, 20257.3, 0
15617.5, 22479.9, 0
181897, 42876, 0
88169.9, 38897.2, 0
95173.2, 29445.6, 0
98473.1, 54820.7, 0
54054.2, 31644.8, 0
146625, 59574.4, 0
259585, 152061, 0
50233.6, 17274.7, 0
129831, 101992, 0
71843.6, 29025.7, 0
145533, 92571.9, 0
76026.6, 14891.3, 0
119893, 56546.8, 0
60878.3, 39576.3, 0
18268.1, 23596.7, 0
68518.4, 51706.3, 0
31741.8, 10124, 0
91967.1, 50580.9, 0
162985, 71526.3, 0
123552, 54746.9, 0
139137, 55617.5, 0
4685.06, 21552.4, 0
122323, 87535.8, 0
111776, 48513.1, 0
187718, 57096.3, 0
94491.3, 36722.4, 0
61807.6, 48537.7, 0
152792, 56932.9, 0
137938, 26078.4, 0
209883, 44975.6, 0
45144.5, 15958, 0
117094, 22872.2, 0
66067.8, 54961.9, 0
4027.71, 38867.9, 0
77188, 21706.8, 0
50730.5, 26178, 0
49050.4, 51184.1, 0
170887, 78505.9, 0
190636, 141464, 0
268182, 103662, 0
109468, 38829.3, 0
135649, 98654.3, 0
24310.7, 15408.5, 0
115073, 82568.1, 0
7696.45, 34362.2, 0
133123, 67905.8, 0
183244, 30998.4, 0
234701, 124945, 0
14341.1, 30047.8, 0
126646, 86221.2, 0
61117.9, 23919.8, 0
86661.4, 42940.1, 0
97461.6, 45775.1, 0
203361, 67891.6, 0
127197, 56904.1, 0
38192, 41129.3, 0
172329, 55580.1, 0
198160, 84601.1, 0
130204, 45141.3, 0
75174.9, 29783.2, 0
192640, 51022.8, 0
89116.4, 55872.2, 0
94354.2, 13869.7, 0
137414, 34299.9, 0
183098, 38688.4, 0
214031, 130167, 0
200134, 45839.1, 0
189526, 90467.9, 0
64822.8, 38224, 0
211372, 130305, 0
224910, 105860, 0
101472, 33995.7, 0
145816, 75260.8, 0
297257, 88248.5, 0
118643, 85988.5, 0
136836, 76747.7, 0
99661.9, 41510.5, 0
130756, 47123.1, 0
210366, 30994.4, 0
24405.4, 36723.3, 0
137560, 5373.95, 0
9346.93, 30376.6, 0
76883.1, 38378.8, 0
153476, 7435.59, 0
175116, 83956.7, 0
10776.6, 35629.8, 0
140508, 98972.9, 0
145167, 23895.6, 0
32489.7, 34089.7, 0
95155.2, 66505.9, 0
149859, 98053.8, 0
157666, 94237.1, 0
34272.3, 43046.2, 0
103530, 24915.3, 0
23190.2, 38204.3, 0
36095.7, 39077.7, 0
137307, 51841.4, 0
98977.3, 61450.2, 0
3569.82, 38294.4, 0
24179.6, 33776.3, 0
131105, 80974.3, 0
175815, 64259.8, 0
62254.4, 10244, 0
248087, 122675, 0
145535, 36638, 0
143402, 97144.5, 0
44648.9, 36760.6, 0
61308.3, 27164.8, 0
27148.9, 28178.3, 0
103728, 54522.6, 0
99321.1, 30793.6, 0
15204.7, 32193.8, 0
183733, 94536.1, 0
33850.3, 40987.6, 0
86542.7, 66206.9, 0
169469, 80069.7, 0
102017, 55536.2, 0
154805, 108603, 0
84761.4, 56920.6, 0
178282, 118398, 0
139247, 41771.8, 0
144133, 98566.6, 0
145735, 77070.4, 0
79615.4, 59737.3, 0
70536.1, 26838.1, 0
255146, 20463.2, 0
174922, 102140, 0
140478, 36276.4, 0
120349, 36068.2, 0
73171.3, 31348.3, 0
210488, 87143.8, 0
71382.8, 15432.1, 0
86721.2, 69620.9, 0
164721, 92361.2, 0
205041, 72324.3, 0
89248.7, 42760.6, 0
173531, 111119, 0
11088.6, 38237.7, 0
66397.5, 26863.9, 0
173928, 59495.2, 0
190877, 93991.9, 0
121222, 65123.2, 0
111834, 63819.7, 0
155335, 106258, 0
116713, 38817.1, 0
37384.7, 17874.8, 0
125580, 33044.9, 0
93488.6, 70980.6, 0
41215.8, 24855.7, 0
139991, 95079, 0
8081.45, 29458.1, 0
58784.5, 34319.8, 0
16998.4, 30083.9, 0
161123, 13444, 0
56281.5, 38413.9, 0
149407, 14426.8, 0
104504, 68524.9, 0
163206, 106616, 0
1557.3, 7074.02, 0
208776, 64234.1, 0
118940, 33258.2, 0
96193.8, 24901.2, 0
172588, 90222.4, 0
25149.8, 43381, 0
170760, 59429, 0
71507.9, 52485.8, 0
121298, 81655.6, 0
132891, 74146.5, 0
156900, 93014.7, 0
5276.47, 38181.6, 0
28405.4, 28843.7, 0
93827, 34810.3, 0
218216, 130033, 0
248359, 163719, 0
42395.6, 43308.5, 0
126826, 22987.8, 0
61789.4, 44220.7, 0
149525, 101408, 0
31988.8, 25728.3, 0
3104.54, 7645.26, 0
137522, 30017.1, 0
187502, 112319, 0
198426, 27163.3, 0
86910.3, 67814.9, 0
90671.8, 57143.4, 0
149040, 74981.3, 0
55759.2, 37688.3, 0
143323, 32675.7, 0
204615, 61176.6, 0
123965, 94047.4, 0
113561, 89358.5, 0
84023.2, 58436.7, 0
191428, 93279.9, 0
149436, 32571.9, 0
136487, 59387.8, 0
119053, 75992.7, 0
108761, 87958.3, 0
197788, 49251.7, 0
51961.4, 22915.4, 0
168412, 90893, 0
97375.1, 57533.4, 0
7723.98, 26112.1, 0
249727, 97642.1, 0
30274.5, 45532.1, 0
120549, 66857.4, 0
97552.9, 62121, 0
211620, 55126.3, 0
90331.8, 39856.7, 0
248498, 34002.7, 0
127849, 79801.8, 0
29264.8, 15133.5, 0
16586.5, 37742.7, 0
89341.1, 50655.7, 0
101065, 79015.4, 0
135151, 68993.4, 0
107106, 52446.4, 0
328789, 51137.5, 0
214127, 94727, 0
129392, 69707, 0
163932, 52519.9, 0
110127, 57041.3, 0
10298.8, 17039, 0
96291.1, 62757.2, 0
88805.4, 68311.2, 0
90701.9, 27446.5, 0
125563, 68828.7, 0
61036.4, 10131.6, 0
68453.1, 17976.5, 0
38523.9, 6677.9, 0
60379.9, 31094, 0
229314, 76140.8, 0
58115.5, 49272.4, 0
164671, 87484.9, 0
160002, 115251, 0
164367, 96110.2, 0
269367, 89893.7, 0
159363, 111112, 0
134363, 71703.1, 0
241727, 175341, 0
176240, 87199.2, 0
72030.3, 26667.8, 0
138020, 7025.29, 0
62660.9, 27558.7, 0
120977, 63539.5, 0
224185, 88131.5, 0
101286, 14583, 0
93368.1, 76413.2, 0
137922, 63541.7, 0
249394, 176308, 0
65893.4, 61212.9, 0
115956, 29179.1, 0
1848, 15659.1, 0
29447.3, 43378.2, 0
284368, 138459, 0
202809, 80064, 0
40571.8, 36232.5, 0
113170, 73762.4, 0
59180.1, 16090.3, 0
58999.2, 45489.4, 0
98607.7, 67206.2, 0
193031, 67054.2, 0
128873, 84756, 0
224010, 20572.6, 0
40954.5, 49768.2, 0
153658, 86288.6, 0
99383.7, 66680.9, 0
110197, 66508.2, 0
75088, 44855.3, 0
13736.7, 31902.1, 0
97263.3, 59210.1, 0
228123, 30846.3, 0
227278, 97666.4, 0
75649.8, 21807.1, 0
161670, 57824.1, 0
149802, 111163, 0
176579, 58126.4, 0
47898.9, 9525.19, 0
100783, 34501.7, 0
98807.3, 58794.9, 0
155488, 38249, 0
53127.8, 27675.3, 0
87926.8, 55809.5, 0
63360.8, 59773, 0
115837, 62802, 0
46758, 47284.5, 0
49896.9, 45976.2, 0
106382, 59436.6, 0
182200, 40186.8, 0
46026.7, 46070, 0
32450.7, 28596.8, 0
76607.2, 46593.2, 0
165020, 121064, 0
170606, 124757, 0
54297.9, 36332.4, 0
277165, 54636.4, 0
136654, 97595.5, 0
187169, 60760.8, 0
92626.4, 60445.4, 0
185835, 64483.4, 0
88419.7, 51114.5, 0
92563.1, 22591, 0
100185, 51180.5, 0
163078, 38804.5, 0
24766.4, 10414, 0
127462, 81704, 0
15614.6, 15793.3, 0
68414.4, 25140.8, 0
104956, 45996.6, 0
148792, 52267.7, 0
73094, 57628.8, 0
206473, 85932.4, 0
144841, 66052.7, 0
121166, 16189.7, 0
91130.3, 55749.8, 0
161060, 75968.9, 0
81652.8, 68801.3, 0
240406, 166473, 0
87238.1, 65726.5, 0
271684, 121549, 0
124295, 47522.2, 0
198690, 40234.4, 0
47434.9, 30701.6, 0
16750.8, 19883.1, 0
169405, 110096, 0
171757, 102799, 0
46208.2, 29185.3, 0
126038, 85147.2, 0
186771, 35052.4, 0
107681, 46897.7, 0
123841, 77163.4, 0
62161.2, 46503.6, 0
48706.6, 13878.5, 0
105687, 31019.9, 0
71618.2, 56134.1, 0
132849, 81894.7, 0
69573.8, 37338.1, 0
80705.3, 42091.2, 0
141973, 75323.9, 0
61566.6, 41135.3, 0
79445.7, 63274.8, 0
160722, 35401.5, 0
120951, 88930.8, 0
146708, 37945, 0
147984, 41066.8, 0
155628, 97600.5, 0
185532, 79878.6, 0
32523.9, 35289.2, 0
147646, 94004.8, 0
123478, 36021.2, 0
54670.7, 34789.4, 0
215915, 128711, 0
28508.6, 39184.3, 0
250889, 107788, 0
150916, 105342, 0
181301, 66435.9, 0
8888.58, 38199.5, 0
57993.8, 33851.3, 0
169686, 67068.4, 0
202919, 96732.1, 0
239526, 14760, 0
124013, 70784.1, 0
167046, 80762.1, 0
58579.5, 36725.7, 0
147261, 67572, 0
97843.4, 41340.6, 0
103948, 82178.8, 0
159861, 82833.1, 0
29635, 23594.3, 0
73058.5, 62793.9, 0
178504, 118196, 0
55660, 17072.7, 0
172470, 97510.4, 0
74104.9, 43423.3, 0
123614, 41398.1, 0
142219, 25811.6, 0
119782, 91418, 0
178298, 71098.4, 0
276110, 155969, 0
103596, 82710.7, 0
173330, 34477.4, 0
62247.7, 19139.5, 0
147078, 94073.7, 0
155573, 77009.2, 0
131356, 62230.6, 0
188497, 135366, 0
69582, 46118.8, 0
145867, 82512.1, 0
145833, 104262, 0
67608.7, 61809.4, 0
179112, 97164, 0
40357.3, 44223.8, 0
46631.3, 34236.3, 0
266536, 128571, 0
202877, 103655, 0
139286, 60448, 0
41100.3, 45462.6, 0
81428.4, 38678.6, 0
170174, 34218.4, 0
24692.4, 42123.2, 0
133549, 47204.4, 0
23355.6, 34070.7, 0
96007.3, 68749.3, 0
81325.4, 57335, 0
55256.9, 40390.2, 0
239372, 138821, 0
102654, 49890.1, 0
274665, 117836, 0
128617, 99981.8, 0
106231, 83506.8, 0
107760, 76458.8, 0
38553.4, 22759.4, 0
207484, 26596.7, 0
19997.5, 33475.1, 0
205394, 86334.1, 0
17590.6, 40924.5, 0
158770, 56527.5, 0
177915, 34382.7, 0
110853, 58219.4, 0
116904, 64491.6, 0
70120.4, 36850.5, 0
45528.6, 44671.4, 0
104542, 33792.6, 0
292009, 140111, 0
120324, 69868.3, 0
89951.6, 61472.7, 0
25384.6, 43731, 0
131528, 23387.1, 0
144888, 76591.7, 0
126772, 69522.5, 0
162271, 53872.8, 0
265574, 112664, 0
132548, 69804.4, 0
90255.7, 74149.2, 0
231197, 25408, 0
37042.8, 29894.4, 0
167039, 88712.7, 0
12191, 28304.5, 0
151861, 26244.3, 0
164662, 122990, 0
123883, 72398.1, 0
157766, 13600.3, 0
124631, 89847.6, 0
116141, 90282.5, 0
303570, 65827.8, 0
51523, 49164.7, 0
94166.2, 50680.5, 0
35772.9, 43740.4, 0
88341, 12467.5, 0
57079.1, 14610.8, 0
165819, 55411.4, 0
91986.1, 73400.4, 0
90943.8, 68883.5, 0
179213, 102822, 0
55305.3, 32845.2, 0
88002.6, 66488.6, 0
136594, 30146.6, 0
81197.4, 8664.26, 0
22769.3, 41795.7, 0
146781, 35537.2, 0
58246, 48122.4, 0
46796, 43176.6, 0
48932.5, 44978.6, 0
158140, 114358, 0
81503.9, 56508.5, 0
112222, 67264, 0
59933.8, 20385.7, 0
200215, 117983, 0
150035, 41269.9, 0
154456, 39108.5, 0
59829.9, 30792.3, 0
139016, 103189, 0
104832, 67565.7, 0
116270, 44158.9, 0
94566.6, 77635.7, 0
42900, 12771.6, 0
161323, 33521.9, 0
77758.6, 29274.6, 0
156121, 111570, 0
11948.6, 18394.4, 0
105762, 27898.7, 0
105913, 48012.4, 0
145100, 96243.1, 0
154920, 99102.2, 0
54570.6, 43054.3, 0
35391.7, 37270.2, 0
180335, 45527.6, 0
111321, 71084.1, 0
153512, 52011.6, 0
112683, 42953.2, 0
59651.8, 43593.7, 0
71763, 64977, 0
1676.5, 31543.1, 0
119442, 91354.6, 0
160414, 57844.8, 0
91251.8, 57830.4, 0
103292, 25115.1, 0
276774, 63186.8, 0
178041, 111992, 0
74148.7, 64352.7, 0
181619, 48256.8, 0
189900, 78781.9, 0
23286.1, 36959.1, 0
172564, 68028.9, 0
95294.1, 50563.3, 0
191514, 118587, 0
177774, 77996.1, 0
63457.4, 40588.8, 0
141640, 98093.2, 0
103278, 71993.2, 0
60747.3, 28863, 0
52494.4, 43816.8, 0
136515, 50243.6, 0
195833, 84428.1, 0
94910.6, 35541.9, 0
20802.3, 42465.5, 0
98786.6, 56057.4, 0
208147, 34854.1, 0
227621, 132687, 0
94271, 56602.3, 0
193089, 46825.7, 0
90518.7, 24101.7, 0
188838, 104221, 0
119577, 85224, 0
148910, 82504.2, 0
130161, 83175.2, 0
88723.4, 31604.3, 0
51391.2, 26049.3, 0
45779.9, 46208.2, 0
138964, 22592.4, 0
140848, 42941.7, 0
168910, 72872, 0
143143, 50317.6, 0
81339.8, 28873.7, 0
109516, 84810.2, 0
84187.8, 32283.9, 0
180609, 108406, 0
94464.2, 55801.7, 0
146407, 83572.5, 0
146423, 28725.8, 0
194873, 80054.8, 0
138467, 65319.6, 0
136874, 73904.5, 0
29021.9, 5450.96, 0
240300, 108551, 0
105764, 78018.7, 0
75122.8, 27710.8, 0
175284, 68593.2, 0
175274, 61285.6, 0
84120.6, 6621.49, 0
79491.2, 53348.7, 0
194149, 92981.4, 0
146144, 110212, 0
82605, 59306.9, 0
144631, 83860.9, 0
94710, 15872.8, 0
116734, 37788.9, 0
42824.4, 36847, 0
218207, 80694.3, 0
166031, 111657, 0
33039.2, 42671.7, 0
97420, 39237.9, 0
101210, 35655.7, 0
77583.1, 53818.2, 0
64264.4, 43531.5, 0
103415, 18171.7, 0
181190, 124965, 0
156709, 106447, 0
110644, 46753.1, 0
104040, 75008.1, 0
119091, 85752.6, 0
240592, 39027.3, 0
53149.8, 28021.8, 0
221280, 51066.8, 0
77907.1, 45838.6, 0
177522, 131105, 0
39407.8, 48354.2, 0
129028, 73090.6, 0
67837.9, 44887.1, 0
114696, 55315.7, 0
93934, 58415.6, 0
119544, 25904.8, 0
52574.3, 50084, 0
14019.4, 36420.4, 0
102651, 54895.6, 0
112832, 84359.4, 0
178631, 102015, 0
121876, 70595.8, 0
200394, 73261.5, 0
102381, 15892.5, 0
250678, 60855.3, 0
162971, 39362.1, 0
157858, 92574.9, 0
170986, 70141.7, 0
93717.8, 38735.8, 0
95133.4, 61655.1, 0
2898.51, 34118.2, 0
178520, 107537, 0
47697.3, 33383.4, 0
112232, 40738.8, 0
133732, 90261.1, 0
159566, 108515, 0
123324, 57989.6, 0
8583.04, 23904.1, 0
71951.3, 57307.7, 0
78046.1, 24614.8, 0
220822, 113081, 0
25029.6, 43194.8, 0
118944, 32706.9, 0
96173.4, 67962.5, 0
114390, 78121.3, 0
83766.7, 45713, 0
160579, 113990, 0
258364, 99050.2, 0
45121.8, 43608.1, 0
119507, 89626.9, 0
192797, 80250.5, 0
238064, 81633.2, 0
137326, 90822.7, 0
79700.6, 35395.1, 0
102342, 83563.8, 0
179978, 120498, 0
114692, 67106.5, 0
45071.8, 43180.8, 0
123233, 60781.8, 0
96533.9, 44861.7, 0
138334, 106349, 0
267965, 90681.9, 0
148466, 38114, 0
50982.9, 50696.8, 0
185855, 88169.4, 0
135899, 95560, 0
169712, 62823.3, 0
150626, 84274.6, 0
156747, 110814, 0
239195, 31365.4, 0
262852, 45188.7, 0
113230, 62069.6, 0
67454.1, 58478.8, 0
65134.2, 49919.9, 0
86633.4, 68516.9, 0
104869, 13681.5, 0
70551.6, 21507.5, 0
141366, 89186.8, 0
65056.9, 41175.6, 0
36846.4, 45974.1, 0
215349, 133269, 0
38938.6, 39134.7, 0
61254, 50231.1, 0
113421, 34412, 0
173730, 57621.3, 0
35725.2, 17689.3, 0
51864.4, 52895.9, 0
53047, 37313.5, 0
141029, 74638.6, 0
84414.2, 43798.9, 0
173505, 78883.4, 0
80460.1, 22904.7, 0
202663, 96643, 0
161821, 118300, 0
100975, 80109.4, 0
123128, 80210, 0
213656, 19233.6, 0
67195.3, 54698.1, 0
26366, 42948.2, 0
123065, 83946.2, 0
138137, 48770.9, 0
122723, 69202.9, 0
162271, 43358.1, 0
114932, 37244.8, 0
90014.3, 43246.9, 0
144942, 97826, 0
106223, 63853.1, 0
182309, 84252.8, 0
88810.5, 73718.1, 0
216512, 118063, 0
72483.3, 18269.8, 0
102422, 43749.2, 0
120621, 13691.9, 0
79299.5, 7187.32, 0
167761, 48933.6, 0
124038, 28513.5, 0
131931, 34178.1, 0
137184, 86964.7, 0
129988, 79989.8, 0
189941, 111220, 0
173393, 101320, 0
238497, 137467, 0
140815, 51939.8, 0
6734.5, 18896.7, 0
6769.9, 15133.8, 0
128988, 78033.5, 0
271394, 191104, 0
138205, 64139.9, 0
78530.2, 48594.8, 0
77022.1, 31869.5, 0
209178, 112834, 0
153784, 25659.4, 0
205064, 94970.7, 0
145055, 69126.8, 0
36524.2, 9665.92, 0
19705.5, 6471.86, 0
114822, 36676.3, 0
92621.1, 52029, 0
28351.3, 12672.3, 0
179761, 57248.7, 0
206929, 59038, 0
84160.2, 39373.4, 0
115740, 31447.7, 0
83335.9, 45649.2, 0
182767, 122793, 0
74894.8, 65788.2, 0
150506, 99116.2, 0
183603, 124795, 0
151115, 98942.4, 0
21009.3, 31741.4, 0
178873, 49802.7, 0
119577, 63374.6, 0
275829, 71248.8, 0
99623.4, 29794.7, 0
145397, 78260.4, 0
167022, 125206, 0
242535, 121812, 0
288559, 173537, 0
56257.2, 43562.6, 0
137793, 51735.7, 0
185010, 132123, 0
67272.4, 58257.5, 0
58892.1, 37816.5, 0
105329, 56602, 0
315477, 226562, 0
93425.5, 51328.3, 0
73974.3, 17528.2, 0
175212, 72951.8, 0
147450, 89117.6, 0
270959, 151628, 0
252435, 90778.8, 0
265110, 39438.7, 0
69214.2, 46252.2, 0
203296, 133375, 0
103768, 61195.3, 0
60614.7, 40269.7, 0
147234, 71820, 0
221743, 106342, 0
3842.73, 26800.1, 0
173932, 113918, 0
235372, 111897, 0
44694.8, 1120.81, 0
159427, 100739, 0
29741.6, 29273.5, 0
155459, 66865.1, 0
10826.8, 38553.6, 0
184309, 112308, 0
248922, 137391, 0
127720, 19969, 0
37171.2, 43395.5, 0
147478, 99078.7, 0
188110, 122720, 0
129925, 85856.8, 0
102792, 81821.8, 0
146944, 87037.3, 0
124884, 89209, 0
97745.8, 30994.5, 0
64501.6, 35999.9, 0
91953.4, 20683.6, 0
257631, 115745, 0
32664.1, 10983.7, 0
142443, 40652.1, 0
183107, 78761.4, 0
64789.7, 41837.7, 0
100611, 76130.4, 0
162458, 68978.2, 0
161601, 31285.9, 0
38711.5, 34164.5, 0
164555, 75114, 0
138752, 89840.9, 0
227761, 57562.7, 0
29961.6, 21577, 0
256050, 73743.1, 0
44708.5, 40924, 0
32707.6, 37480, 0
111157, 58928.1, 0
299496, 73689.8, 0
187696, 112217, 0
9215.45, 17272.9, 0
115164, 81113, 0
136313, 21764.5, 0
162108, 88583.8, 0
218428, 122969, 0
148865, 56128.6, 0
33641.1, 44701.6, 0
103404, 79608.2, 0
73905.4, 58148.7, 0
156524, 51520.2, 0
136776, 76214, 0
93684.6, 71305.6, 0
170980, 86349.3, 0
118621, 28089.8, 0
32406.1, 29210.7, 0
50108, 39233.1, 0
18060, 41565.9, 0
102932, 27359.5, 0
156396, 27157.4, 0
30966.6, 24413.5, 0
258632, 49150.4, 0
85224.8, 66374.8, 0
97624.7, 62073.4, 0
111645, 81731.9, 0
49725.9, 41395.3, 0
266578, 84310.9, 0
31358.8, 16453.2, 0
101636, 21893.7, 0
164493, 17907.4, 0
31378.2, 30041.8, 0
149875, 65297, 0
198675, 78889, 0
133154, 94793.1, 0
121185, 83923.8, 0
185922, 61701.8, 0
70480.1, 36819.4, 0
114442, 61185.6, 0
231686, 115349, 0
201333, 91490.1, 0
179750, 24185.8, 0
185303, 120899, 0
135708, 91429.8, 0
140234, 101833, 0
262413, 77236, 0
137894, 74591.2, 0
191143, 64636.8, 0
180586, 63617.7, 0
36312.9, 36509.7, 0
154873, 113493, 0
179105, 48301.6, 0
154151, 11733.7, 0
61854, 9116.71, 0
24161.9, 35269.8, 0
105058, 77213.2, 0
11396.6, 38304.7, 0
157805, 102767, 0
201676, 81863.2, 0
221037, 113936, 0
124321, 72023, 0
143986, 90480.5, 0
160275, 33860.2, 0
72115.8, 21032.6, 0
115258, 49795.9, 0
140632, 89739.3, 0
97037.2, 51795.9, 0
198935, 38865.9, 0
119295, 94061.6, 0
17769.1, 9961.81, 0
129483, 92608.9, 0
84637, 51637.5, 0
44054.2, 33651.9, 0
74588, 56789, 0
34812.7, 13218.4, 0
279799, 20707.3, 0
190122, 73388.2, 0
188789, 90726.5, 0
115685, 7486.12, 0
141625, 102587, 0
94386.5, 24231, 0
105311, 39633.5, 0
126880, 96920.6, 0
247453, 61754.5, 0
139282, 86505.8, 0
127007, 82310.8, 0
120400, 18033.8, 0
62911, 45656.3, 0
204196, 122113, 0
13237.6, 39288.4, 0
75957.5, 35197.4, 0
213075, 35163.6, 0
74064.5, 13145.6, 0
239448, 70032, 0
158356, 110813, 0
161738, 104822, 0
181372, 80066, 0
130429, 67926.3, 0
187388, 129072, 0
198416, 76057.2, 0
214516, 92115.7, 0
129094, 51124.7, 0
179491, 119876, 0
9078.74, 29356.9, 0
170618, 61746, 0
104078, 84045.4, 0
215395, 71437, 0
127167, 77461.6, 0
179016, 84534.6, 0
65011.4, 33532, 0
247141, 83155.9, 0
140061, 102170, 0
33894.6, 35316.6, 0
60816.8, 33868.6, 0
20495.7, 19186.3, 0
101592, 9774.12, 0
59303.4, 54101.9, 0
145332, 65033.6, 0
75970.6, 22014.7, 0
55125.1, 36752.5, 0
