1.64166e+07, 7.47985e+06, 0
5.69666e+06, 873784, 0
6.41369e+06, 105779, 0
8.70672e+06, 2.19817e+06, 0
1.06828e+07, 3.01856e+06, 0
9.30764e+06, 2.21123e+06, 0
1.28916e+07, 5.37821e+06, 0
9.99958e+06, 1.47703e+06, 0
1.351e+07, 4.38469e+06, 0
9.11441e+06, 3.01702e+06, 0
8.21086e+06, 1.7431e+06, 0
1.00236e+07, 4.07768e+06, 0
8.45749e+06, 255309, 0
1.04203e+07, 4.52325e+06, 0
9.06902e+06, 544003, 0
7.63911e+06, 2.73021e+06, 0
9.91772e+06, 2.37578e+06, 0
1.21973e+07, 4.12588e+06, 0
6.20633e+06, 462734, 0
1.2732e+07, 4.06066e+06, 0
8.27354e+06, 2.26741e+06, 0
7.82669e+06, 2.50443e+06, 0
9.82332e+06, 3.10031e+06, 0
6.30474e+06, 1.4417e+06, 0
9.90862e+06, 4.04717e+06, 0
1.084e+07, 3.39954e+06, 0
9.60491e+06, 2.90063e+06, 0
9.04244e+06, 3.63082e+06, 0
1.08288e+07, 2.53195e+06, 0
8.17275e+06, 1.56992e+06, 0
6.5292e+06, 727512, 0
1.11755e+07, 2.25564e+06, 0
6.89019e+06, 1.08374e+06, 0
7.70559e+06, 2.19698e+06, 0
9.16915e+06, 995234, 0
1.26433e+07, 3.79358e+06, 0
1.19536e+07, 3.84551e+06, 0
1.24546e+07, 4.98196e+06, 0
5.52156e+06, 346618, 0
6.65985e+06, 1.91242e+06, 0
8.51576e+06, 1.9946e+06, 0
8.73487e+06, 3.30823e+06, 0
6.02397e+06, 1.30976e+06, 0
6.13473e+06, 785500, 0
1.48127e+07, 722556, 0
8.49056e+06, 1.86959e+06, 0
9.9285e+06, 3.61178e+06, 0
1.13793e+07, 4.75876e+06, 0
9.78562e+06, 2.54376e+06, 0
6.3033e+06, 1.6295e+06, 0
6.27363e+06, 121001, 0
9.3519e+06, 3.61904e+06, 0
1.11667e+07, 1.86624e+06, 0
9.79426e+06, 1.45271e+06, 0
6.92087e+06, 1.41973e+06, 0
8.69108e+06, 3.21914e+06, 0
1.00844e+07, 4.00404e+06, 0
9.14149e+06, 838060, 0
9.09187e+06, 136630, 0
8.52197e+06, 2.42429e+06, 0
8.16559e+06, 2.52427e+06, 0
1.47731e+07, 1.86009e+06, 0
9.03901e+06, 873001, 0
7.18835e+06, 1.59742e+06, 0
1.01184e+07, 3.92761e+06, 0
7.11055e+06, 2.05026e+06, 0
6.07529e+06, 231344, 0
1.09489e+07, 3.00757e+06, 0
9.06987e+06, 162832, 0
1.15064e+07, 1.34004e+06, 0
8.17681e+06, 2.21701e+06, 0
7.93528e+06, 2.12505e+06, 0
8.02253e+06, 2.46002e+06, 0
8.58863e+06, 589158, 0
7.81409e+06, 1.99476e+06, 0
7.4695e+06, 2.28209e+06, 0
6.25758e+06, 1.57969e+06, 0
7.54546e+06, 1.86117e+06, 0
1.02866e+07, 4.3194e+06, 0
6.82718e+06, 1.27391e+06, 0
1.23784e+07, 5.10481e+06, 0
1.29033e+07, 3.61135e+06, 0
9.76225e+06, 3.84818e+06, 0
6.47595e+06, 658972, 0
1.15e+07, 3.84628e+06, 0
9.22885e+06, 1.48184e+06, 0
6.09283e+06, 1.20875e+06, 0
1.25377e+07, 4.20305e+06, 0
7.88975e+06, 2.02515e+06, 0
1.06944e+07, 4.21699e+06, 0
6.38833e+06, 1.49371e+06, 0
1.19991e+07, 2.68297e+06, 0
7.87579e+06, 2.16168e+06, 0
1.03442e+07, 2.09982e+06, 0
9.35331e+06, 3.88633e+06, 0
1.19813e+07, 2.05298e+06, 0
6.75072e+06, 1.67229e+06, 0
9.97071e+06, 1.29019e+06, 0
8.40897e+06, 2.31459e+06, 0
6.22246e+06, 1.47335e+06, 0
7.93381e+06, 2.01497e+06, 0
6.75163e+06, 2.08576e+06, 0
1.12912e+07, 3.13862e+06, 0
6.91719e+06, 1.96487e+06, 0
1.12272e+07, 1.07462e+06, 0
7.55475e+06, 1.85686e+06, 0
9.40178e+06, 2.30713e+06, 0
1.0014e+07, 438229, 0
7.16964e+06, 2.17129e+06, 0
1.08104e+07, 2.71443e+06, 0
7.03189e+06, 650476, 0
6.63759e+06, 697976, 0
7.32821e+06, 2.36489e+06, 0
1.26842e+07, 4.14819e+06, 0
1.21067e+07, 1.10133e+06, 0
7.35818e+06, 1.79652e+06, 0
6.28479e+06, 1.5092e+06, 0
1.20897e+07, 2.63257e+06, 0
9.90311e+06, 1.29121e+06, 0
7.40149e+06, 2.18722e+06, 0
7.29415e+06, 1.23868e+06, 0
7.22343e+06, 1.85268e+06, 0
7.94438e+06, 2.90881e+06, 0
9.03457e+06, 1.90522e+06, 0
6.52966e+06, 1.49471e+06, 0
1.24491e+07, 5.60207e+06, 0
1.25088e+07, 3.89297e+06, 0
7.1522e+06, 2.27042e+06, 0
8.53849e+06, 2.68371e+06, 0
1.26784e+07, 5.5527e+06, 0
1.25919e+07, 3.54934e+06, 0
6.92727e+06, 831878, 0
8.3475e+06, 1.17395e+06, 0
9.33281e+06, 2.33662e+06, 0
1.10947e+07, 1.72806e+06, 0
5.72309e+06, 641099, 0
9.31123e+06, 538277, 0
1.12962e+07, 3.07372e+06, 0
9.77983e+06, 4.17775e+06, 0
9.4716e+06, 2.01158e+06, 0
8.17811e+06, 1.80043e+06, 0
8.01485e+06, 1.8674e+06, 0
9.13463e+06, 880031, 0
7.40687e+06, 1.00967e+06, 0
6.60033e+06, 1.7818e+06, 0
1.19227e+07, 3.74224e+06, 0
8.67492e+06, 3.28225e+06, 0
9.10021e+06, 1.21305e+06, 0
6.89126e+06, 347390, 0
9.09355e+06, 937630, 0
7.67475e+06, 2.11686e+06, 0
8.95165e+06, 1.15768e+06, 0
6.00621e+06, 963799, 0
9.70405e+06, 3.93309e+06, 0
8.46748e+06, 2.23558e+06, 0
6.49842e+06, 551365, 0
8.00345e+06, 1.17618e+06, 0
8.73197e+06, 3.17452e+06, 0
1.02728e+07, 1.32547e+06, 0
1.39088e+07, 5.10479e+06, 0
1.07969e+07, 3.89683e+06, 0
6.23236e+06, 860090, 0
9.53456e+06, 1.74212e+06, 0
7.1703e+06, 1.41498e+06, 0
9.35928e+06, 2.45089e+06, 0
6.41513e+06, 412757, 0
6.11923e+06, 1.33921e+06, 0
9.97291e+06, 3.08639e+06, 0
1.05168e+07, 3.91469e+06, 0
8.33294e+06, 2.43916e+06, 0
7.74394e+06, 1.6997e+06, 0
9.33374e+06, 2.6877e+06, 0
7.29909e+06, 2.22391e+06, 0
7.15837e+06, 283562, 0
9.47068e+06, 1.66521e+06, 0
1.11046e+07, 1.54166e+06, 0
1.0491e+07, 4.35735e+06, 0
6.31112e+06, 1.44056e+06, 0
1.02538e+07, 3.81195e+06, 0
9.08371e+06, 1.54221e+06, 0
9.28892e+06, 2.69366e+06, 0
6.90684e+06, 1.64951e+06, 0
8.92609e+06, 2.02823e+06, 0
9.86681e+06, 545550, 0
1.18166e+07, 3.60119e+06, 0
8.4175e+06, 2.47258e+06, 0
1.05612e+07, 3.21508e+06, 0
1.06277e+07, 3.32063e+06, 0
7.40383e+06, 1.5046e+06, 0
8.63967e+06, 2.75082e+06, 0
1.36527e+07, 2.92865e+06, 0
7.3097e+06, 333320, 0
8.32454e+06, 3.26295e+06, 0
9.24903e+06, 2.43525e+06, 0
7.75515e+06, 2.24721e+06, 0
8.85705e+06, 1.08566e+06, 0
6.5935e+06, 1.56437e+06, 0
1.15093e+07, 2.18475e+06, 0
7.38999e+06, 2.34978e+06, 0
9.83333e+06, 3.14122e+06, 0
5.88447e+06, 569918, 0
1.14609e+07, 4.2268e+06, 0
1.02225e+07, 3.95495e+06, 0
1.33014e+07, 1.91635e+06, 0
7.46412e+06, 490763, 0
8.74461e+06, 3.36053e+06, 0
7.75029e+06, 2.25058e+06, 0
1.00837e+07, 3.10036e+06, 0
8.96495e+06, 2.71252e+06, 0
8.79927e+06, 3.20758e+06, 0
1.0159e+07, 561217, 0
9.01964e+06, 2.41442e+06, 0
9.44009e+06, 1.62583e+06, 0
9.90808e+06, 2.86754e+06, 0
9.72912e+06, 1.97934e+06, 0
8.77378e+06, 2.29681e+06, 0
1.55674e+07, 5.63404e+06, 0
1.2531e+07, 819663, 0
8.32457e+06, 2.97577e+06, 0
8.17279e+06, 2.42184e+06, 0
1.07263e+07, 2.21517e+06, 0
8.35532e+06, 1.74385e+06, 0
9.25371e+06, 3.86763e+06, 0
8.21545e+06, 2.85716e+06, 0
7.56319e+06, 2.29187e+06, 0
8.23786e+06, 1.79467e+06, 0
7.62987e+06, 1.51935e+06, 0
5.97651e+06, 558736, 0
1.02432e+07, 4.45577e+06, 0
1.09586e+07, 1.44314e+06, 0
8.30588e+06, 2.71612e+06, 0
1.14291e+07, 2.72957e+06, 0
7.16799e+06, 1.18335e+06, 0
9.51638e+06, 2.081e+06, 0
7.44887e+06, 1.93296e+06, 0
7.20256e+06, 2.43117e+06, 0
7.65359e+06, 2.4988e+06, 0
8.77154e+06, 2.43618e+06, 0
8.69958e+06, 3.38755e+06, 0
8.74447e+06, 3.50104e+06, 0
1.07071e+07, 3.93613e+06, 0
6.82047e+06, 1.69107e+06, 0
8.03129e+06, 1.47434e+06, 0
7.12013e+06, 1.81825e+06, 0
9.9483e+06, 1.31168e+06, 0
6.11813e+06, 660177, 0
9.49325e+06, 2.85402e+06, 0
9.54366e+06, 2.50676e+06, 0
8.34906e+06, 1.88339e+06, 0
9.49167e+06, 3.46299e+06, 0
9.79535e+06, 3.48305e+06, 0
8.78845e+06, 2.50906e+06, 0
7.14955e+06, 1.87872e+06, 0
8.88588e+06, 2.65602e+06, 0
1.24353e+07, 3.30588e+06, 0
1.03408e+07, 3.46519e+06, 0
1.16466e+07, 3.88673e+06, 0
1.03364e+07, 2.88491e+06, 0
7.37678e+06, 2.38198e+06, 0
8.65197e+06, 2.29162e+06, 0
9.24138e+06, 2.08757e+06, 0
9.64465e+06, 2.41952e+06, 0
7.17663e+06, 2.00959e+06, 0
1.27109e+07, 3.80627e+06, 0
1.15375e+07, 4.29312e+06, 0
1.17545e+07, 5.22878e+06, 0
9.61533e+06, 3.82717e+06, 0
9.44742e+06, 3.42793e+06, 0
1.12532e+07, 2.522e+06, 0
7.38397e+06, 1.54905e+06, 0
8.1027e+06, 1.5097e+06, 0
9.0851e+06, 1.23648e+06, 0
6.36219e+06, 167543, 0
7.67098e+06, 2.19663e+06, 0
7.28194e+06, 1.98306e+06, 0
7.05562e+06, 2.18821e+06, 0
7.24047e+06, 1.83068e+06, 0
9.34138e+06, 2.67984e+06, 0
8.10536e+06, 2.98213e+06, 0
1.05607e+07, 1.45601e+06, 0
1.02225e+07, 2.4845e+06, 0
6.81105e+06, 2.00713e+06, 0
9.08302e+06, 1.57053e+06, 0
1.51435e+07, 1.41994e+06, 0
8.15577e+06, 710488, 0
7.08382e+06, 1.67376e+06, 0
1.02973e+07, 1.53357e+06, 0
7.61848e+06, 1.82763e+06, 0
7.18323e+06, 1.86899e+06, 0
7.53425e+06, 1.45508e+06, 0
7.62418e+06, 1.45666e+06, 0
6.27856e+06, 864037, 0
8.40261e+06, 1.18381e+06, 0
9.81354e+06, 3.53301e+06, 0
6.21571e+06, 1.37396e+06, 0
7.78871e+06, 2.20359e+06, 0
9.34347e+06, 2.64511e+06, 0
1.33876e+07, 6.14374e+06, 0
6.21853e+06, 1.18588e+06, 0
9.67082e+06, 3.51837e+06, 0
7.71974e+06, 381314, 0
1.0298e+07, 3.88672e+06, 0
6.77938e+06, 2.08811e+06, 0
8.60749e+06, 2.79077e+06, 0
9.98851e+06, 1.1157e+06, 0
8.81445e+06, 2.95213e+06, 0
1.18709e+07, 4.25614e+06, 0
7.45517e+06, 2.42729e+06, 0
7.15591e+06, 1.45769e+06, 0
7.71367e+06, 1.70995e+06, 0
7.44581e+06, 2.40306e+06, 0
6.90428e+06, 428421, 0
9.93333e+06, 1.0607e+06, 0
6.34862e+06, 1.44335e+06, 0
8.69834e+06, 3.17695e+06, 0
1.14083e+07, 4.92024e+06, 0
7.31713e+06, 1.93037e+06, 0
6.65039e+06, 752363, 0
6.31695e+06, 925844, 0
1.01578e+07, 4.04314e+06, 0
7.60251e+06, 2.31233e+06, 0
8.84703e+06, 3.38113e+06, 0
1.0017e+07, 2.5423e+06, 0
8.20267e+06, 1.07053e+06, 0
8.2062e+06, 2.60309e+06, 0
1.03043e+07, 2.83867e+06, 0
7.20934e+06, 811743, 0
8.66315e+06, 570619, 0
7.60541e+06, 929490, 0
7.01433e+06, 1.99645e+06, 0
1.03523e+07, 1.76272e+06, 0
8.03406e+06, 1.06677e+06, 0
6.32698e+06, 1.29324e+06, 0
1.12721e+07, 4.42493e+06, 0
1.04133e+07, 1.65956e+06, 0
7.78524e+06, 2.07783e+06, 0
1.04948e+07, 3.28371e+06, 0
1.17418e+07, 4.15608e+06, 0
8.09323e+06, 2.85652e+06, 0
1.22596e+07, 5.23966e+06, 0
6.15563e+06, 501772, 0
6.75561e+06, 1.26014e+06, 0
9.03268e+06, 2.11447e+06, 0
8.71264e+06, 3.24311e+06, 0
7.32999e+06, 1.38128e+06, 0
1.5453e+07, 6.70281e+06, 0
7.91134e+06, 2.3809e+06, 0
1.17141e+07, 2.80839e+06, 0
6.1082e+06, 1.3812e+06, 0
5.50594e+06, 194514, 0
9.36845e+06, 3.08519e+06, 0
8.40359e+06, 3.01705e+06, 0
1.06197e+07, 3.40495e+06, 0
1.67277e+07, 6.05337e+06, 0
7.85245e+06, 2.63507e+06, 0
8.59166e+06, 3.04172e+06, 0
8.25378e+06, 1.75035e+06, 0
1.1139e+07, 3.10474e+06, 0
8.7694e+06, 1.87385e+06, 0
7.06061e+06, 1.71015e+06, 0
7.13281e+06, 1.59366e+06, 0
6.44325e+06, 1.69357e+06, 0
5.82178e+06, 912924, 0
8.54038e+06, 3.27976e+06, 0
7.23165e+06, 1.84097e+06, 0
7.27093e+06, 2.23225e+06, 0
6.90303e+06, 2.07041e+06, 0
7.96656e+06, 2.57793e+06, 0
9.42428e+06, 3.07003e+06, 0
1.02274e+07, 1.86374e+06, 0
8.59334e+06, 2.86337e+06, 0
6.26962e+06, 1.05374e+06, 0
1.03364e+07, 2.76302e+06, 0
7.82504e+06, 618449, 0
1.16005e+07, 5.18271e+06, 0
7.00462e+06, 1.95324e+06, 0
6.47363e+06, 1.57171e+06, 0
9.24008e+06, 2.5258e+06, 0
5.96768e+06, 14375.6, 0
1.02392e+07, 2.39951e+06, 0
1.32414e+07, 2.12061e+06, 0
5.78141e+06, 317669, 0
9.77025e+06, 3.87944e+06, 0
8.79363e+06, 2.40623e+06, 0
8.88981e+06, 2.40792e+06, 0
1.75041e+07, 4.9412e+06, 0
7.01202e+06, 2.07415e+06, 0
5.76587e+06, 548994, 0
7.81343e+06, 2.60577e+06, 0
6.98307e+06, 588050, 0
7.5346e+06, 2.32319e+06, 0
1.02888e+07, 3.21157e+06, 0
7.01637e+06, 1.20811e+06, 0
1.33749e+07, 3.96838e+06, 0
8.87775e+06, 2.92009e+06, 0
6.34987e+06, 1.25508e+06, 0
8.53281e+06, 975942, 0
6.25641e+06, 997234, 0
5.93313e+06, 1.1065e+06, 0
8.54967e+06, 1.17715e+06, 0
1.02422e+07, 3.90437e+06, 0
7.66897e+06, 2.02735e+06, 0
6.3267e+06, 1.68052e+06, 0
1.27259e+07, 3.87614e+06, 0
9.12373e+06, 2.29658e+06, 0
7.32092e+06, 978567, 0
8.04002e+06, 2.10631e+06, 0
5.74382e+06, 665585, 0
1.31279e+07, 4.20457e+06, 0
9.6267e+06, 2.49811e+06, 0
9.5953e+06, 3.15681e+06, 0
9.57698e+06, 3.32236e+06, 0
7.64879e+06, 1.22778e+06, 0
1.35736e+07, 3.29644e+06, 0
1.37621e+07, 5.23343e+06, 0
1.21045e+07, 4.01633e+06, 0
9.68325e+06, 2.27639e+06, 0
1.07109e+07, 4.65623e+06, 0
7.54744e+06, 1.59846e+06, 0
1.00619e+07, 4.11029e+06, 0
8.54434e+06, 2.89262e+06, 0
1.2192e+07, 4.81907e+06, 0
7.8858e+06, 2.10189e+06, 0
8.29751e+06, 1.27984e+06, 0
5.67059e+06, 470596, 0
7.87437e+06, 1.30714e+06, 0
6.51627e+06, 759794, 0
1.04709e+07, 2.24394e+06, 0
7.75249e+06, 915276, 0
1.21854e+07, 5.57446e+06, 0
1.08632e+07, 4.27906e+06, 0
8.21249e+06, 1.62772e+06, 0
7.87419e+06, 736110, 0
7.1253e+06, 1.5124e+06, 0
1.16729e+07, 1.54387e+06, 0
6.35725e+06, 529518, 0
9.81525e+06, 3.27847e+06, 0
7.50238e+06, 2.36769e+06, 0
8.71207e+06, 1.97408e+06, 0
1.04473e+07, 4.36948e+06, 0
6.10756e+06, 1.46564e+06, 0
1.10379e+07, 4.84695e+06, 0
6.43983e+06, 1.10667e+06, 0
6.45835e+06, 1.56048e+06, 0
1.01929e+07, 1.88256e+06, 0
8.61607e+06, 865707, 0
5.95125e+06, 1.11309e+06, 0
9.23942e+06, 1.74856e+06, 0
7.31773e+06, 2.4323e+06, 0
6.84542e+06, 1.72443e+06, 0
1.12167e+07, 4.70958e+06, 0
8.81161e+06, 588523, 0
1.46053e+07, 2.77746e+06, 0
9.45898e+06, 3.13249e+06, 0
5.84247e+06, 453062, 0
6.59583e+06, 1.70635e+06, 0
1.28188e+07, 827374, 0
7.84421e+06, 1.57431e+06, 0
1.31281e+07, 2.48825e+06, 0
6.91177e+06, 492678, 0
9.33053e+06, 3.10163e+06, 0
1.02254e+07, 2.63569e+06, 0
1.2742e+07, 738108, 0
9.01858e+06, 2.29713e+06, 0
6.70329e+06, 1.65631e+06, 0
1.04322e+07, 4.55672e+06, 0
7.57814e+06, 2.30632e+06, 0
1.0806e+07, 1.54378e+06, 0
9.12293e+06, 3.01971e+06, 0
1.10327e+07, 4.29895e+06, 0
6.53405e+06, 1.87473e+06, 0
8.68409e+06, 1.19756e+06, 0
8.75757e+06, 3.00831e+06, 0
8.62175e+06, 476915, 0
8.45358e+06, 1.66026e+06, 0
7.43501e+06, 906640, 0
8.56245e+06, 2.84712e+06, 0
7.7508e+06, 1.14002e+06, 0
7.58189e+06, 1.04669e+06, 0
7.50508e+06, 2.41464e+06, 0
7.3929e+06, 2.18024e+06, 0
9.80114e+06, 2.95535e+06, 0
8.17178e+06, 2.00312e+06, 0
1.09598e+07, 3.17965e+06, 0
1.17044e+07, 2.5357e+06, 0
1.07332e+07, 3.83085e+06, 0
1.18015e+07, 1.80521e+06, 0
7.22706e+06, 2.16002e+06, 0
7.11285e+06, 1.06253e+06, 0
8.57677e+06, 2.27374e+06, 0
7.16273e+06, 2.33858e+06, 0
6.57469e+06, 1.6929e+06, 0
8.8225e+06, 1.51381e+06, 0
1.02949e+07, 4.36039e+06, 0
1.02271e+07, 618315, 0
6.6221e+06, 1.04408e+06, 0
8.65765e+06, 1.10545e+06, 0
9.66855e+06, 1.24111e+06, 0
1.00357e+07, 3.13494e+06, 0
1.10963e+07, 2.47592e+06, 0
7.16936e+06, 853204, 0
6.14324e+06, 1.34532e+06, 0
7.47629e+06, 1.86533e+06, 0
7.87415e+06, 2.84342e+06, 0
6.17715e+06, 1.3885e+06, 0
9.87436e+06, 2.34496e+06, 0
9.99137e+06, 1.45879e+06, 0
8.99221e+06, 866806, 0
9.38785e+06, 3.81413e+06, 0
7.97952e+06, 1.29568e+06, 0
7.71717e+06, 2.71811e+06, 0
1.37112e+07, 5.09877e+06, 0
1.10452e+07, 3.23404e+06, 0
1.06153e+07, 3.01899e+06, 0
1.33919e+07, 1.28452e+06, 0
8.50872e+06, 1.14153e+06, 0
8.83953e+06, 1.45812e+06, 0
8.61627e+06, 1.60018e+06, 0
1.04768e+07, 3.29784e+06, 0
8.83177e+06, 2.15218e+06, 0
5.816e+06, 648093, 0
8.0811e+06, 1.7548e+06, 0
7.62932e+06, 1.24697e+06, 0
8.4085e+06, 1.62489e+06, 0
1.37657e+07, 5.14209e+06, 0
6.8495e+06, 1.37063e+06, 0
7.56297e+06, 2.43806e+06, 0
1.01546e+07, 3.53792e+06, 0
1.31344e+07, 3.60995e+06, 0
9.35875e+06, 2.52004e+06, 0
7.43242e+06, 1.82078e+06, 0
6.21828e+06, 982827, 0
1.00425e+07, 3.12395e+06, 0
7.19899e+06, 2.2748e+06, 0
6.97414e+06, 1.71317e+06, 0
6.97945e+06, 1.32956e+06, 0
8.22988e+06, 1.39502e+06, 0
8.57429e+06, 952576, 0
9.84037e+06, 2.90818e+06, 0
6.60487e+06, 1.84884e+06, 0
7.99049e+06, 2.3356e+06, 0
1.30301e+07, 5.08283e+06, 0
6.78702e+06, 1.35217e+06, 0
6.97281e+06, 2.23171e+06, 0
8.5969e+06, 2.93894e+06, 0
7.89633e+06, 2.88908e+06, 0
7.91109e+06, 1.12067e+06, 0
5.6186e+06, 617181, 0
1.25582e+07, 1.27899e+06, 0
9.32605e+06, 1.00897e+06, 0
8.84482e+06, 2.99214e+06, 0
6.10525e+06, 1.45823e+06, 0
7.73913e+06, 2.37005e+06, 0
8.24884e+06, 1.81279e+06, 0
6.20928e+06, 490365, 0
8.27163e+06, 1.51392e+06, 0
9.01729e+06, 3.68629e+06, 0
6.91649e+06, 1.9388e+06, 0
1.11124e+07, 2.24441e+06, 0
6.90197e+06, 1.58994e+06, 0
1.06669e+07, 2.8259e+06, 0
7.47349e+06, 1.7827e+06, 0
7.07909e+06, 1.18779e+06, 0
6.43463e+06, 1.68399e+06, 0
6.56371e+06, 1.11371e+06, 0
7.34362e+06, 1.45447e+06, 0
6.33038e+06, 1.68743e+06, 0
9.02753e+06, 2.7932e+06, 0
7.85783e+06, 2.28729e+06, 0
7.34677e+06, 2.46217e+06, 0
8.61412e+06, 2.78471e+06, 0
1.23703e+07, 4.29683e+06, 0
7.41674e+06, 1.88365e+06, 0
8.15408e+06, 2.6973e+06, 0
1.23871e+07, 4.3237e+06, 0
7.24394e+06, 1.72478e+06, 0
6.26506e+06, 1.10173e+06, 0
6.3336e+06, 1.08129e+06, 0
7.31229e+06, 2.46938e+06, 0
1.13796e+07, 3.77692e+06, 0
9.38411e+06, 1.65218e+06, 0
7.64159e+06, 1.26966e+06, 0
1.0461e+07, 4.25517e+06, 0
5.45543e+06, 267749, 0
7.62242e+06, 1.99856e+06, 0
7.92252e+06, 785981, 0
7.42644e+06, 1.97142e+06, 0
1.09693e+07, 4.65975e+06, 0
1.05373e+07, 3.99609e+06, 0
8.44338e+06, 1.91515e+06, 0
6.69294e+06, 1.78135e+06, 0
6.61109e+06, 1.59704e+06, 0
5.53958e+06, 335714, 0
9.59257e+06, 2.41474e+06, 0
7.71472e+06, 1.25744e+06, 0
1.19133e+07, 4.66396e+06, 0
1.01548e+07, 3.24749e+06, 0
8.23807e+06, 500877, 0
7.73646e+06, 971589, 0
7.75826e+06, 2.12169e+06, 0
9.249e+06, 2.50836e+06, 0
1.23568e+07, 2.69686e+06, 0
9.74619e+06, 2.34286e+06, 0
7.44033e+06, 2.17006e+06, 0
1.05638e+07, 3.25479e+06, 0
6.94118e+06, 351348, 0
1.36486e+07, 6.13045e+06, 0
8.9135e+06, 1.73674e+06, 0
1.0634e+07, 1.00262e+06, 0
1.33884e+07, 2.51789e+06, 0
6.64369e+06, 191580, 0
9.77681e+06, 2.53498e+06, 0
1.20773e+07, 4.00024e+06, 0
9.4744e+06, 280029, 0
1.29972e+07, 5.08107e+06, 0
8.16868e+06, 3.07973e+06, 0
6.60676e+06, 994743, 0
8.85125e+06, 2.31993e+06, 0
6.89549e+06, 2.10277e+06, 0
9.27144e+06, 3.71739e+06, 0
8.2353e+06, 2.96968e+06, 0
1.56926e+07, 879038, 0
6.31931e+06, 1.45167e+06, 0
7.69121e+06, 2.13637e+06, 0
1.07117e+07, 4.65825e+06, 0
8.25183e+06, 2.79976e+06, 0
7.86739e+06, 2.5989e+06, 0
9.74037e+06, 3.6247e+06, 0
1.01499e+07, 3.50259e+06, 0
8.30514e+06, 3.10005e+06, 0
1.42397e+07, 5.09482e+06, 0
6.72921e+06, 349711, 0
9.54403e+06, 2.93421e+06, 0
1.21532e+07, 4.64236e+06, 0
8.91984e+06, 1.52431e+06, 0
6.86605e+06, 1.88646e+06, 0
1.35147e+07, 5.41338e+06, 0
7.55462e+06, 1.38186e+06, 0
1.08089e+07, 2.01397e+06, 0
8.46174e+06, 482916, 0
7.46194e+06, 2.38763e+06, 0
8.61391e+06, 3.39266e+06, 0
7.82258e+06, 1.18234e+06, 0
9.92282e+06, 840056, 0
1.37922e+07, 1.73024e+06, 0
1.00674e+07, 2.60132e+06, 0
6.95417e+06, 1.12582e+06, 0
8.22905e+06, 2.36045e+06, 0
7.13901e+06, 1.60031e+06, 0
7.07858e+06, 2.07158e+06, 0
5.61709e+06, 543098, 0
7.15048e+06, 1.90241e+06, 0
1.11494e+07, 3.3226e+06, 0
7.2813e+06, 1.90944e+06, 0
9.12195e+06, 3.06168e+06, 0
7.90954e+06, 2.72074e+06, 0
5.50875e+06, 227895, 0
9.09222e+06, 2.44462e+06, 0
7.9738e+06, 1.77096e+06, 0
7.30786e+06, 2.3946e+06, 0
7.83699e+06, 1.13139e+06, 0
7.44642e+06, 2.31704e+06, 0
