2.3404e+07, 9.21907e+06, 0
1.67563e+07, 3.03741e+06, 0
2.71429e+07, 8.61004e+06, 0
3.49621e+07, 2.12949e+07, 0
2.47764e+07, 6.48625e+06, 0
1.95709e+07, 2.93376e+06, 0
2.53697e+07, 1.3384e+07, 0
1.91945e+07, 5.75529e+06, 0
1.98834e+07, 3.71249e+06, 0
2.96401e+07, 1.34474e+07, 0
2.38433e+07, 1.11085e+07, 0
2.99989e+07, 9.1919e+06, 0
3.27529e+07, 2.3336e+06, 0
2.20451e+07, 7.57374e+06, 0
2.45553e+07, 8.2707e+06, 0
3.75873e+07, 2.38562e+07, 0
2.36213e+07, 5.29523e+06, 0
3.18775e+07, 1.53385e+07, 0
2.0367e+07, 5.23131e+06, 0
2.60397e+07, 1.45761e+06, 0
2.70558e+07, 1.25547e+07, 0
2.48467e+07, 5.04413e+06, 0
2.85071e+07, 1.36054e+07, 0
4.25709e+07, 1.37073e+07, 0
4.29215e+07, 2.06899e+07, 0
2.73996e+07, 5.76975e+06, 0
2.85505e+07, 1.13491e+07, 0
2.7362e+07, 1.3431e+07, 0
2.04662e+07, 2.197e+06, 0
2.97311e+07, 1.41228e+07, 0
2.72751e+07, 8.03075e+06, 0
2.62564e+07, 1.01627e+07, 0
2.71112e+07, 1.43997e+07, 0
1.91292e+07, 2.53269e+06, 0
3.21744e+07, 1.05903e+07, 0
2.41503e+07, 1.24716e+07, 0
2.29872e+07, 2.67077e+06, 0
2.95789e+07, 1.10552e+07, 0
2.6295e+07, 1.42505e+07, 0
1.92519e+07, 6.72919e+06, 0
2.46367e+07, 1.00731e+07, 0
2.71807e+07, 5.08881e+06, 0
3.27532e+07, 1.01739e+07, 0
2.78739e+07, 1.41098e+07, 0
3.65956e+07, 2.10809e+07, 0
3.20388e+07, 1.06835e+07, 0
2.51873e+07, 1.10577e+07, 0
2.3624e+07, 9.69935e+06, 0
2.24476e+07, 9.94839e+06, 0
2.97644e+07, 9.2437e+06, 0
2.48181e+07, 1.29775e+07, 0
2.93265e+07, 1.53856e+07, 0
2.12482e+07, 9.1186e+06, 0
1.86883e+07, 5.0785e+06, 0
3.96795e+07, 1.8048e+07, 0
2.63032e+07, 1.1986e+07, 0
2.07799e+07, 7.45774e+06, 0
2.67118e+07, 8.866e+06, 0
3.53586e+07, 1.70318e+07, 0
3.60718e+07, 3.16813e+06, 0
3.21913e+07, 1.68097e+07, 0
3.02208e+07, 1.28031e+07, 0
2.9285e+07, 5.10365e+06, 0
3.60101e+07, 7.25517e+06, 0
2.47682e+07, 1.28281e+06, 0
1.92939e+07, 6.34611e+06, 0
2.78346e+07, 1.11017e+07, 0
2.6656e+07, 7.22704e+06, 0
1.89649e+07, 4.55058e+06, 0
2.32753e+07, 8.1597e+06, 0
2.57813e+07, 3.48243e+06, 0
2.35324e+07, 7.00702e+06, 0
3.34838e+07, 1.679e+07, 0
1.70777e+07, 1.43446e+06, 0
2.18204e+07, 5.56719e+06, 0
2.12228e+07, 4.33501e+06, 0
3.02375e+07, 1.66767e+07, 0
2.78055e+07, 9.20003e+06, 0
2.64307e+07, 1.35269e+07, 0
1.96119e+07, 2.41732e+06, 0
3.1528e+07, 1.19561e+07, 0
3.08491e+07, 1.88327e+07, 0
2.0806e+07, 5.33611e+06, 0
3.77548e+07, 7.62628e+06, 0
1.9082e+07, 1.1793e+06, 0
4.0594e+07, 5.8917e+06, 0
2.79717e+07, 1.05026e+07, 0
2.52987e+07, 2.38825e+06, 0
2.11017e+07, 8.67858e+06, 0
2.77218e+07, 1.33413e+07, 0
2.25123e+07, 7.14902e+06, 0
2.85145e+07, 5.26325e+06, 0
1.81573e+07, 1.31231e+06, 0
2.59134e+07, 4.49799e+06, 0
4.64141e+07, 2.87709e+07, 0
1.88038e+07, 3.43394e+06, 0
3.61548e+07, 1.59479e+07, 0
2.16006e+07, 7.08254e+06, 0
2.21156e+07, 5.55595e+06, 0
3.36027e+07, 1.22614e+07, 0
2.24593e+07, 8.98815e+06, 0
3.82978e+07, 2.17447e+07, 0
2.22425e+07, 1.03092e+07, 0
1.82182e+07, 5.46324e+06, 0
2.93378e+07, 4.41576e+06, 0
2.03053e+07, 8.38295e+06, 0
2.39729e+07, 8.59771e+06, 0
4.00639e+07, 7.41445e+06, 0
2.88265e+07, 1.20186e+07, 0
2.09185e+07, 4.40335e+06, 0
2.68062e+07, 8.42934e+06, 0
2.47768e+07, 1.18929e+07, 0
3.45962e+07, 2.06925e+07, 0
2.12163e+07, 8.26677e+06, 0
3.16705e+07, 6.29107e+06, 0
2.16649e+07, 8.20078e+06, 0
2.26073e+07, 779172, 0
2.80113e+07, 6.53178e+06, 0
2.56738e+07, 1.39327e+07, 0
2.86218e+07, 3.01228e+06, 0
3.62181e+07, 4.69529e+06, 0
3.44324e+07, 1.85941e+07, 0
2.06055e+07, 7.04915e+06, 0
2.76556e+07, 2.12984e+06, 0
2.19953e+07, 7.73601e+06, 0
4.51819e+07, 1.64525e+07, 0
1.95015e+07, 6.96774e+06, 0
1.94277e+07, 7.7185e+06, 0
2.62573e+07, 5.69578e+06, 0
2.50222e+07, 4.28459e+06, 0
1.67558e+07, 1.94668e+06, 0
2.87383e+07, 1.683e+07, 0
2.74633e+07, 2.86252e+06, 0
2.31988e+07, 6.27587e+06, 0
2.23993e+07, 3.03194e+06, 0
1.97023e+07, 7.45355e+06, 0
3.34961e+07, 9.1492e+06, 0
2.11656e+07, 7.99097e+06, 0
2.68534e+07, 1.1687e+07, 0
4.39149e+07, 7.35269e+06, 0
2.51638e+07, 7.80856e+06, 0
2.19744e+07, 8.81759e+06, 0
1.84804e+07, 6.43701e+06, 0
1.92746e+07, 5.74114e+06, 0
2.46508e+07, 1.0203e+07, 0
2.15136e+07, 6.9183e+06, 0
2.31818e+07, 1.18872e+07, 0
2.69785e+07, 4.064e+06, 0
2.45847e+07, 8.29745e+06, 0
2.16431e+07, 8.6985e+06, 0
2.28796e+07, 3.68716e+06, 0
2.95351e+07, 1.65409e+07, 0
2.35527e+07, 1.11223e+07, 0
2.55107e+07, 9.46777e+06, 0
2.92512e+07, 1.41696e+07, 0
1.81866e+07, 4.10394e+06, 0
1.97584e+07, 6.71986e+06, 0
3.76365e+07, 2.17675e+07, 0
3.16409e+07, 8.4631e+06, 0
2.75344e+07, 1.28844e+07, 0
2.1873e+07, 5.91073e+06, 0
3.48932e+07, 1.71098e+07, 0
2.89696e+07, 7.95325e+06, 0
2.63605e+07, 2.1217e+06, 0
2.30072e+07, 9.81733e+06, 0
2.29791e+07, 8.10361e+06, 0
3.37482e+07, 4.45323e+06, 0
2.00085e+07, 3.52055e+06, 0
2.60692e+07, 1.31959e+07, 0
2.85618e+07, 4.3608e+06, 0
4.91176e+07, 2.72121e+07, 0
3.90431e+07, 9.59089e+06, 0
3.0216e+07, 1.65856e+07, 0
2.84665e+07, 1.44063e+07, 0
2.12946e+07, 9.6365e+06, 0
3.78309e+07, 8.81888e+06, 0
2.43799e+07, 1.29523e+07, 0
3.34383e+07, 8.86378e+06, 0
3.73587e+07, 1.88047e+07, 0
2.93397e+07, 1.13092e+07, 0
1.8955e+07, 5.1988e+06, 0
2.58419e+07, 5.0786e+06, 0
3.44098e+07, 1.36973e+07, 0
2.94761e+07, 6.25245e+06, 0
2.81166e+07, 9.84504e+06, 0
2.50206e+07, 6.26866e+06, 0
2.73794e+07, 9.13095e+06, 0
3.56182e+07, 1.70561e+07, 0
3.58408e+07, 1.12334e+07, 0
2.77552e+07, 9.63839e+06, 0
3.17335e+07, 1.9344e+07, 0
3.39888e+07, 7.19962e+06, 0
2.05934e+07, 8.28105e+06, 0
1.9813e+07, 6.85844e+06, 0
2.00799e+07, 7.96301e+06, 0
2.98871e+07, 8.47562e+06, 0
3.14786e+07, 7.73817e+06, 0
3.04927e+07, 1.19179e+07, 0
2.64085e+07, 1.42778e+07, 0
1.79334e+07, 2.70247e+06, 0
4.78518e+07, 7.13625e+06, 0
3.74987e+07, 1.9922e+07, 0
2.083e+07, 6.31484e+06, 0
2.66297e+07, 8.66223e+06, 0
3.4408e+07, 8.55699e+06, 0
3.90905e+07, 8.54335e+06, 0
2.47581e+07, 6.24579e+06, 0
4.06064e+07, 2.26244e+07, 0
2.27635e+07, 5.44865e+06, 0
2.00335e+07, 3.23289e+06, 0
3.2062e+07, 7.79954e+06, 0
2.20931e+07, 1.02078e+07, 0
3.01125e+07, 8.55957e+06, 0
1.98528e+07, 5.67669e+06, 0
2.27012e+07, 9.35839e+06, 0
2.64018e+07, 9.7174e+06, 0
2.72872e+07, 1.13688e+07, 0
2.65387e+07, 8.16698e+06, 0
2.63636e+07, 1.35143e+07, 0
1.87025e+07, 6.05474e+06, 0
2.87525e+07, 9.36513e+06, 0
2.79236e+07, 1.46878e+07, 0
3.81585e+07, 5.28923e+06, 0
2.58443e+07, 1.10574e+07, 0
3.06189e+07, 1.54032e+07, 0
2.57537e+07, 5.66004e+06, 0
2.57229e+07, 1.04152e+07, 0
2.50677e+07, 6.91526e+06, 0
3.17651e+07, 3.6902e+06, 0
3.43822e+07, 1.1847e+07, 0
3.60191e+07, 9.78021e+06, 0
2.34538e+07, 1.21942e+07, 0
2.73939e+07, 4.38117e+06, 0
4.95472e+07, 1.45904e+07, 0
2.21302e+07, 9.10148e+06, 0
2.71652e+07, 1.00187e+07, 0
2.57446e+07, 1.27574e+07, 0
2.42822e+07, 8.65686e+06, 0
3.46882e+07, 1.33843e+07, 0
3.25845e+07, 1.82568e+07, 0
2.63548e+07, 1.17034e+07, 0
2.57523e+07, 1.24643e+07, 0
2.46474e+07, 2.20202e+06, 0
2.0188e+07, 6.47718e+06, 0
3.12653e+07, 3.77186e+06, 0
2.86835e+07, 3.76473e+06, 0
2.24049e+07, 1.07301e+07, 0
2.85604e+07, 1.58499e+07, 0
2.147e+07, 8.8469e+06, 0
2.73584e+07, 1.43597e+07, 0
2.71579e+07, 1.22031e+07, 0
2.7141e+07, 1.29634e+07, 0
1.66365e+07, 2.48226e+06, 0
2.81074e+07, 1.12776e+07, 0
3.14721e+07, 5.74493e+06, 0
2.78742e+07, 7.72902e+06, 0
1.79508e+07, 4.07827e+06, 0
2.73216e+07, 1.5033e+07, 0
2.39066e+07, 6.5769e+06, 0
3.38846e+07, 8.2983e+06, 0
2.89972e+07, 8.84304e+06, 0
2.37696e+07, 5.45382e+06, 0
2.44323e+07, 3.33026e+06, 0
2.6417e+07, 6.35821e+06, 0
1.90306e+07, 1.6149e+06, 0
2.20044e+07, 8.39524e+06, 0
3.54694e+07, 1.22492e+07, 0
3.09656e+07, 1.80805e+07, 0
1.96781e+07, 5.83182e+06, 0
2.46016e+07, 4.42479e+06, 0
2.06118e+07, 8.36618e+06, 0
2.85878e+07, 1.52471e+07, 0
2.37937e+07, 6.71637e+06, 0
2.19262e+07, 6.52887e+06, 0
2.24224e+07, 6.11547e+06, 0
3.22427e+07, 9.73146e+06, 0
2.69583e+07, 7.65044e+06, 0
2.45918e+07, 8.32747e+06, 0
2.28856e+07, 6.78068e+06, 0
2.614e+07, 7.19458e+06, 0
1.96604e+07, 3.99758e+06, 0
2.71494e+07, 1.28621e+07, 0
2.79889e+07, 9.80338e+06, 0
2.44349e+07, 1.23626e+07, 0
2.59508e+07, 3.02218e+06, 0
1.7893e+07, 4.47671e+06, 0
3.74535e+07, 9.25739e+06, 0
1.77924e+07, 2.44205e+06, 0
2.70023e+07, 1.42877e+07, 0
4.31604e+07, 1.18791e+07, 0
2.8143e+07, 6.78074e+06, 0
2.3125e+07, 6.13001e+06, 0
3.96004e+07, 5.3598e+06, 0
2.47512e+07, 9.66379e+06, 0
3.96887e+07, 2.46821e+07, 0
3.02286e+07, 1.70157e+07, 0
1.99597e+07, 2.18972e+06, 0
2.7299e+07, 1.22049e+07, 0
2.19806e+07, 6.6453e+06, 0
2.24203e+07, 1.76542e+06, 0
2.93014e+07, 1.02617e+07, 0
2.32366e+07, 7.88854e+06, 0
2.24777e+07, 7.15414e+06, 0
3.40168e+07, 9.70131e+06, 0
2.24434e+07, 8.61015e+06, 0
2.4722e+07, 1.14268e+07, 0
2.78138e+07, 6.15884e+06, 0
4.25111e+07, 1.22661e+07, 0
3.13646e+07, 7.50231e+06, 0
2.14595e+07, 9.64952e+06, 0
2.84329e+07, 9.59079e+06, 0
2.48111e+07, 5.15303e+06, 0
3.17205e+07, 1.33931e+07, 0
3.00919e+07, 8.07887e+06, 0
2.49328e+07, 9.07114e+06, 0
3.80522e+07, 1.17173e+07, 0
2.62663e+07, 6.14719e+06, 0
3.76217e+07, 2.43494e+07, 0
2.60286e+07, 1.21479e+07, 0
2.44377e+07, 1.04647e+07, 0
3.6289e+07, 1.58685e+07, 0
3.02721e+07, 3.1668e+06, 0
3.75222e+07, 6.211e+06, 0
3.50141e+07, 1.92194e+07, 0
2.44853e+07, 4.13369e+06, 0
2.08412e+07, 6.95511e+06, 0
2.90945e+07, 1.28021e+07, 0
3.36993e+07, 1.06047e+07, 0
2.9969e+07, 4.52182e+06, 0
3.16478e+07, 1.12712e+07, 0
3.18489e+07, 1.39807e+07, 0
1.84502e+07, 3.23003e+06, 0
2.11851e+07, 9.44753e+06, 0
3.2866e+07, 3.89078e+06, 0
3.38711e+07, 8.88583e+06, 0
2.70339e+07, 1.51866e+07, 0
2.89002e+07, 3.64797e+06, 0
2.03854e+07, 4.859e+06, 0
2.58142e+07, 1.10374e+07, 0
3.71536e+07, 1.17161e+07, 0
1.65835e+07, 1.17063e+06, 0
2.76402e+07, 1.3788e+07, 0
2.33777e+07, 6.94676e+06, 0
2.95129e+07, 4.13014e+06, 0
2.01471e+07, 6.78708e+06, 0
1.80521e+07, 3.50713e+06, 0
3.12986e+07, 4.58261e+06, 0
2.44655e+07, 1.29107e+07, 0
2.08193e+07, 8.73223e+06, 0
3.19355e+07, 1.69067e+07, 0
2.07473e+07, 8.02713e+06, 0
2.15243e+07, 1.88129e+06, 0
2.48585e+07, 1.13104e+07, 0
2.37986e+07, 1.15078e+07, 0
1.7181e+07, 1.4799e+06, 0
4.20832e+07, 2.61123e+07, 0
2.43279e+07, 8.35647e+06, 0
3.04312e+07, 1.42976e+07, 0
2.81101e+07, 1.63275e+07, 0
3.13932e+07, 1.00715e+07, 0
3.15054e+07, 9.41771e+06, 0
4.43736e+07, 1.37062e+07, 0
2.36935e+07, 1.39778e+06, 0
2.77333e+07, 1.58178e+07, 0
2.82339e+07, 1.21596e+07, 0
3.77022e+07, 1.03794e+07, 0
3.08957e+07, 1.42669e+07, 0
3.75926e+07, 1.99083e+07, 0
2.44498e+07, 6.30052e+06, 0
2.9979e+07, 1.26739e+07, 0
2.99593e+07, 5.82913e+06, 0
2.78617e+07, 788434, 0
4.71786e+07, 1.64573e+07, 0
2.81475e+07, 1.49947e+07, 0
2.04384e+07, 826196, 0
1.97888e+07, 5.33324e+06, 0
2.73116e+07, 8.91076e+06, 0
3.59769e+07, 1.84134e+07, 0
2.44404e+07, 8.17815e+06, 0
1.79395e+07, 4.26993e+06, 0
1.88292e+07, 5.47399e+06, 0
1.98961e+07, 5.58816e+06, 0
2.07838e+07, 6.05974e+06, 0
2.02559e+07, 6.27638e+06, 0
2.76126e+07, 1.51637e+07, 0
2.55655e+07, 3.6853e+06, 0
2.37378e+07, 3.20183e+06, 0
3.38109e+07, 1.87879e+07, 0
2.33478e+07, 8.07583e+06, 0
2.1989e+07, 6.70637e+06, 0
2.21807e+07, 9.17002e+06, 0
4.00195e+07, 7.92637e+06, 0
3.32478e+07, 4.02902e+06, 0
4.01919e+07, 4.49282e+06, 0
2.16366e+07, 5.87987e+06, 0
1.82331e+07, 3.72419e+06, 0
2.95083e+07, 1.85654e+06, 0
2.23168e+07, 1.05671e+07, 0
2.3388e+07, 1.12087e+07, 0
3.73154e+07, 9.46801e+06, 0
3.56531e+07, 1.65132e+07, 0
3.50535e+07, 1.82711e+07, 0
2.13097e+07, 7.27742e+06, 0
3.39811e+07, 4.46503e+06, 0
2.20085e+07, 5.4582e+06, 0
2.37525e+07, 2.45246e+06, 0
2.74928e+07, 1.18355e+07, 0
3.0502e+07, 1.85682e+07, 0
2.56894e+07, 7.62642e+06, 0
2.3759e+07, 1.12306e+07, 0
2.25578e+07, 1.13237e+07, 0
2.5258e+07, 8.4976e+06, 0
2.4899e+07, 1.32991e+07, 0
1.95771e+07, 7.3985e+06, 0
2.61657e+07, 1.30036e+07, 0
3.06854e+07, 1.06913e+07, 0
3.79625e+07, 9.79482e+06, 0
2.01437e+07, 4.14329e+06, 0
2.45015e+07, 1.12864e+07, 0
3.64156e+07, 9.61987e+06, 0
2.71592e+07, 1.09425e+07, 0
3.93255e+07, 1.76085e+07, 0
3.7929e+07, 8.68359e+06, 0
2.13256e+07, 9.26814e+06, 0
2.47469e+07, 7.7104e+06, 0
2.57964e+07, 8.97674e+06, 0
2.23057e+07, 4.16723e+06, 0
3.26803e+07, 9.48149e+06, 0
2.4669e+07, 7.75393e+06, 0
2.35471e+07, 9.40453e+06, 0
2.5581e+07, 8.66016e+06, 0
1.69538e+07, 1.52468e+06, 0
2.75536e+07, 1.49118e+07, 0
2.00213e+07, 6.37673e+06, 0
2.351e+07, 1.032e+07, 0
3.09866e+07, 1.38924e+07, 0
3.07543e+07, 2.98517e+06, 0
3.189e+07, 3.35809e+06, 0
2.95448e+07, 1.18142e+07, 0
2.38702e+07, 1.1728e+07, 0
2.46992e+07, 8.29525e+06, 0
2.60008e+07, 1.40726e+07, 0
3.44175e+07, 1.15345e+07, 0
3.34303e+07, 6.81317e+06, 0
2.10615e+07, 935663, 0
2.74271e+07, 8.11993e+06, 0
3.22283e+07, 1.18795e+07, 0
2.91045e+07, 1.21154e+07, 0
2.52007e+07, 1.26736e+07, 0
3.57244e+07, 1.49176e+07, 0
2.13783e+07, 7.2305e+06, 0
2.37093e+07, 1.0826e+07, 0
3.52825e+07, 1.34321e+07, 0
2.25252e+07, 2.65735e+06, 0
2.27078e+07, 6.23478e+06, 0
3.94141e+07, 1.68088e+07, 0
1.96059e+07, 1.36629e+06, 0
2.91742e+07, 1.66615e+07, 0
3.4567e+07, 1.73977e+07, 0
3.13814e+07, 1.85548e+07, 0
2.81963e+07, 7.63379e+06, 0
2.98414e+07, 1.7859e+07, 0
2.9125e+07, 6.00922e+06, 0
2.93344e+07, 1.40052e+07, 0
2.03271e+07, 7.74535e+06, 0
2.61137e+07, 1.35964e+07, 0
1.76085e+07, 3.84167e+06, 0
2.25619e+07, 8.16987e+06, 0
2.46804e+07, 1.33907e+07, 0
2.12771e+07, 7.09897e+06, 0
2.14708e+07, 7.96311e+06, 0
2.3074e+07, 5.23494e+06, 0
2.53447e+07, 1.07818e+07, 0
1.88688e+07, 2.01545e+06, 0
3.53533e+07, 1.56435e+07, 0
3.34934e+07, 1.53902e+07, 0
1.83112e+07, 4.11851e+06, 0
2.74669e+07, 1.33562e+07, 0
2.07657e+07, 7.41656e+06, 0
2.93179e+07, 134046, 0
2.3903e+07, 6.7055e+06, 0
2.96564e+07, 1.63438e+07, 0
2.36911e+07, 9.47168e+06, 0
2.65697e+07, 1.24021e+07, 0
2.26687e+07, 6.99783e+06, 0
2.68031e+07, 9.70703e+06, 0
1.76099e+07, 4.00396e+06, 0
2.58089e+07, 8.42017e+06, 0
2.77032e+07, 1.48704e+07, 0
2.19203e+07, 7.21423e+06, 0
2.34589e+07, 1.13181e+07, 0
2.69433e+07, 1.25334e+07, 0
1.95608e+07, 3.64259e+06, 0
2.1238e+07, 9.69864e+06, 0
2.5653e+07, 4.92714e+06, 0
3.41146e+07, 4.25253e+06, 0
2.6512e+07, 1.25869e+07, 0
2.93814e+07, 1.47296e+07, 0
2.28118e+07, 6.16362e+06, 0
2.25927e+07, 8.66271e+06, 0
2.11122e+07, 1.70895e+06, 0
3.33804e+07, 1.81731e+07, 0
2.16554e+07, 6.0297e+06, 0
2.88006e+07, 1.11485e+07, 0
2.26105e+07, 1.05757e+07, 0
2.15913e+07, 9.51545e+06, 0
2.57779e+07, 8.00103e+06, 0
2.52725e+07, 1.08543e+07, 0
3.10336e+07, 1.61655e+07, 0
2.45336e+07, 6.08828e+06, 0
4.31794e+07, 1.98998e+07, 0
3.18865e+07, 1.44673e+07, 0
2.53704e+07, 7.79633e+06, 0
2.44759e+07, 1.25847e+07, 0
5.24717e+07, 1.10994e+07, 0
2.70644e+07, 1.35033e+07, 0
3.16342e+07, 1.04322e+07, 0
3.03312e+07, 1.20007e+07, 0
2.67488e+07, 1.14077e+07, 0
3.14527e+07, 1.10032e+07, 0
2.11269e+07, 7.03723e+06, 0
1.90392e+07, 5.72674e+06, 0
2.32268e+07, 6.24625e+06, 0
3.4203e+07, 1.26391e+07, 0
3.17899e+07, 1.37882e+07, 0
2.24426e+07, 1.02112e+07, 0
3.43085e+07, 4.73133e+06, 0
3.31239e+07, 1.2377e+07, 0
1.947e+07, 4.67341e+06, 0
2.65293e+07, 7.95955e+06, 0
3.79869e+07, 2.46519e+07, 0
2.17217e+07, 700776, 0
3.00505e+07, 1.02484e+07, 0
2.50648e+07, 4.66619e+06, 0
2.16647e+07, 8.75616e+06, 0
3.23378e+07, 1.76115e+07, 0
2.32984e+07, 2.0488e+06, 0
2.56428e+07, 7.8551e+06, 0
2.23071e+07, 1.00398e+07, 0
2.34685e+07, 1.195e+07, 0
2.36235e+07, 1.206e+07, 0
2.53642e+07, 1.15154e+07, 0
2.21453e+07, 4.06734e+06, 0
2.45614e+07, 1.0495e+07, 0
3.44481e+07, 1.51523e+07, 0
2.19727e+07, 9.73485e+06, 0
2.084e+07, 1.80662e+06, 0
4.47139e+07, 2.91432e+07, 0
2.48224e+07, 1.12609e+07, 0
2.69233e+07, 3.88684e+06, 0
2.95864e+07, 1.99359e+06, 0
1.88387e+07, 3.11074e+06, 0
2.46919e+07, 2.15027e+06, 0
2.0804e+07, 4.46443e+06, 0
2.07223e+07, 7.72597e+06, 0
3.36784e+07, 5.1233e+06, 0
2.84327e+07, 1.09288e+07, 0
2.81225e+07, 1.65193e+07, 0
2.40323e+07, 6.98622e+06, 0
2.00345e+07, 3.96591e+06, 0
3.44445e+07, 2.88685e+06, 0
2.16212e+07, 8.84275e+06, 0
2.14503e+07, 9.86945e+06, 0
1.83686e+07, 5.83022e+06, 0
2.97204e+07, 1.72535e+07, 0
2.60116e+07, 1.21253e+07, 0
2.22411e+07, 9.41272e+06, 0
3.83683e+07, 9.72579e+06, 0
2.63184e+07, 4.54312e+06, 0
3.007e+07, 1.13726e+07, 0
2.7767e+07, 1.51662e+07, 0
3.46973e+07, 1.25394e+07, 0
3.01026e+07, 1.5474e+07, 0
2.36195e+07, 1.11673e+07, 0
2.082e+07, 3.93482e+06, 0
1.97054e+07, 7.53782e+06, 0
2.76822e+07, 1.21632e+07, 0
2.67531e+07, 1.22596e+07, 0
3.93566e+07, 1.34682e+07, 0
2.76268e+07, 3.47212e+06, 0
2.46138e+07, 1.22275e+07, 0
3.24529e+07, 1.01995e+07, 0
2.31194e+07, 2.63882e+06, 0
2.0303e+07, 4.56226e+06, 0
2.76565e+07, 1.01872e+07, 0
2.99356e+07, 1.3431e+07, 0
3.33482e+07, 1.70517e+07, 0
2.1895e+07, 5.81945e+06, 0
3.20015e+07, 1.6046e+07, 0
3.88966e+07, 1.2614e+07, 0
3.40413e+07, 4.7782e+06, 0
2.50415e+07, 8.38335e+06, 0
2.18662e+07, 3.25816e+06, 0
2.70806e+07, 8.16147e+06, 0
1.72057e+07, 3.63338e+06, 0
1.9231e+07, 6.64717e+06, 0
3.87251e+07, 1.90843e+07, 0
1.97211e+07, 4.46575e+06, 0
2.24502e+07, 8.75243e+06, 0
1.70145e+07, 2.76931e+06, 0
1.81101e+07, 4.55985e+06, 0
2.47152e+07, 1.17761e+07, 0
2.56623e+07, 1.02187e+07, 0
2.26643e+07, 1.08752e+07, 0
3.07227e+07, 1.65268e+07, 0
2.57481e+07, 1.37404e+07, 0
1.82979e+07, 5.41299e+06, 0
2.99587e+07, 1.27693e+07, 0
3.48518e+07, 1.51033e+07, 0
2.6078e+07, 1.26021e+07, 0
2.3286e+07, 1.08344e+07, 0
3.70776e+07, 1.40224e+07, 0
4.91904e+07, 5.69003e+06, 0
2.74517e+07, 1.38281e+07, 0
4.03374e+07, 3.60594e+06, 0
1.97146e+07, 8.10735e+06, 0
2.09487e+07, 8.40312e+06, 0
2.74921e+07, 1.15644e+07, 0
2.97006e+07, 1.5322e+07, 0
2.28545e+07, 9.28496e+06, 0
2.52235e+07, 1.11846e+07, 0
3.32318e+07, 1.3998e+07, 0
3.40765e+07, 1.76698e+07, 0
3.39765e+07, 2.09352e+07, 0
2.32237e+07, 3.88127e+06, 0
2.19646e+07, 6.01417e+06, 0
2.69955e+07, 1.3316e+07, 0
3.23564e+07, 1.37372e+07, 0
1.91807e+07, 6.49648e+06, 0
3.05236e+07, 8.6921e+06, 0
1.85245e+07, 3.79195e+06, 0
1.84473e+07, 6.04305e+06, 0
3.0049e+07, 4.31792e+06, 0
3.07372e+07, 1.79818e+07, 0
3.12593e+07, 1.18889e+07, 0
2.3952e+07, 7.09047e+06, 0
2.28904e+07, 9.46194e+06, 0
2.71576e+07, 8.59502e+06, 0
2.99551e+07, 8.49903e+06, 0
3.39651e+07, 1.15081e+07, 0
2.7168e+07, 7.61066e+06, 0
2.29457e+07, 1.17475e+07, 0
2.2092e+07, 913876, 0
3.82966e+07, 6.79286e+06, 0
1.97697e+07, 7.18908e+06, 0
2.56289e+07, 1.2876e+07, 0
1.88882e+07, 6.18086e+06, 0
2.5095e+07, 1.35481e+07, 0
2.3404e+07, 9.62332e+06, 0
1.91734e+07, 3.87268e+06, 0
2.97023e+07, 1.76992e+07, 0
2.56041e+07, 1.27095e+07, 0
2.83241e+07, 9.80499e+06, 0
2.67289e+07, 1.08921e+07, 0
3.06809e+07, 9.13748e+06, 0
2.72273e+07, 5.98619e+06, 0
3.51169e+07, 7.63884e+06, 0
3.86137e+07, 1.82284e+07, 0
2.24148e+07, 5.62719e+06, 0
2.51351e+07, 5.14717e+06, 0
3.05169e+07, 6.5473e+06, 0
3.35397e+07, 1.23768e+07, 0
2.0015e+07, 4.98106e+06, 0
3.61661e+07, 4.16568e+06, 0
2.44705e+07, 7.79953e+06, 0
2.62188e+07, 1.33576e+07, 0
2.08135e+07, 4.14533e+06, 0
3.13443e+07, 1.74117e+07, 0
2.75853e+07, 1.26363e+07, 0
2.10658e+07, 9.62983e+06, 0
2.48309e+07, 7.80644e+06, 0
2.16283e+07, 7.85561e+06, 0
2.43956e+07, 8.0908e+06, 0
2.99118e+07, 1.00155e+07, 0
2.48088e+07, 1.30676e+07, 0
2.1045e+07, 3.13978e+06, 0
2.27672e+07, 1.11166e+07, 0
2.3741e+07, 1.2123e+07, 0
2.45671e+07, 6.08795e+06, 0
2.55047e+07, 5.49269e+06, 0
2.77732e+07, 8.76032e+06, 0
2.76321e+07, 1.44146e+07, 0
3.69044e+07, 1.53562e+07, 0
3.85161e+07, 7.32101e+06, 0
4.00469e+07, 2.60446e+07, 0
2.60527e+07, 1.08352e+07, 0
3.34585e+07, 9.81003e+06, 0
2.47939e+07, 8.35577e+06, 0
3.11199e+07, 8.28928e+06, 0
3.68004e+07, 1.7707e+07, 0
2.83145e+07, 1.20359e+07, 0
2.41058e+07, 4.69067e+06, 0
3.27664e+07, 1.22503e+07, 0
1.76247e+07, 4.9967e+06, 0
2.344e+07, 1.01716e+07, 0
3.74526e+07, 1.92182e+07, 0
2.39855e+07, 1.038e+07, 0
2.70983e+07, 8.06254e+06, 0
1.88759e+07, 5.90076e+06, 0
1.86598e+07, 4.61178e+06, 0
2.74618e+07, 7.9035e+06, 0
2.32832e+07, 1.14603e+07, 0
3.05876e+07, 9.24542e+06, 0
2.99902e+07, 1.20769e+07, 0
2.26731e+07, 1.13424e+07, 0
1.71639e+07, 1.38898e+06, 0
3.09518e+07, 1.83315e+07, 0
1.94878e+07, 5.17176e+06, 0
1.81719e+07, 2.35046e+06, 0
2.8461e+07, 1.31457e+07, 0
2.40061e+07, 9.77749e+06, 0
3.21894e+07, 1.16329e+07, 0
2.05862e+07, 6.66685e+06, 0
3.37181e+07, 2.06375e+07, 0
3.02569e+07, 1.56062e+07, 0
2.97213e+07, 6.1175e+06, 0
4.26592e+07, 1.09179e+07, 0
2.99239e+07, 8.80833e+06, 0
3.22688e+07, 1.47158e+07, 0
2.54216e+07, 1.36557e+07, 0
2.64218e+07, 1.39326e+07, 0
2.273e+07, 7.47931e+06, 0
2.14492e+07, 4.56568e+06, 0
2.50383e+07, 6.18958e+06, 0
2.42333e+07, 1.2426e+07, 0
1.81526e+07, 1.18067e+06, 0
3.03416e+07, 1.62438e+07, 0
2.22484e+07, 9.12033e+06, 0
3.01747e+07, 4.49622e+06, 0
2.56748e+07, 2.54073e+06, 0
1.84023e+07, 1.96473e+06, 0
1.73081e+07, 4.12799e+06, 0
1.67433e+07, 1.684e+06, 0
2.29336e+07, 3.20553e+06, 0
1.69622e+07, 2.58081e+06, 0
2.22936e+07, 1.04043e+07, 0
1.93657e+07, 3.13883e+06, 0
2.98945e+07, 1.59972e+07, 0
3.32397e+07, 8.11342e+06, 0
3.37689e+07, 1.49571e+07, 0
2.59864e+07, 1.25925e+07, 0
3.0721e+07, 2.11832e+06, 0
3.63455e+07, 1.31631e+07, 0
2.61663e+07, 1.06563e+07, 0
2.80509e+07, 1.19513e+07, 0
3.83961e+07, 2.14555e+07, 0
2.06447e+07, 8.36569e+06, 0
2.1274e+07, 2.64554e+06, 0
2.29002e+07, 1.15758e+07, 0
1.98268e+07, 7.77365e+06, 0
2.09568e+07, 7.01732e+06, 0
2.1974e+07, 9.13679e+06, 0
2.50996e+07, 8.19575e+06, 0
1.76611e+07, 2.24869e+06, 0
2.77564e+07, 4.86402e+06, 0
2.16492e+07, 3.18273e+06, 0
2.3752e+07, 1.0788e+07, 0
2.72442e+07, 7.92534e+06, 0
3.9444e+07, 1.44061e+07, 0
3.26764e+07, 1.39314e+07, 0
3.02176e+07, 7.45061e+06, 0
3.0646e+07, 1.25383e+07, 0
3.25202e+07, 1.74896e+07, 0
3.06296e+07, 9.5382e+06, 0
2.00405e+07, 1.46475e+06, 0
3.30467e+07, 1.93554e+07, 0
3.31936e+07, 1.56285e+07, 0
2.44773e+07, 1.29515e+07, 0
2.62263e+07, 7.61506e+06, 0
4.1609e+07, 9.91552e+06, 0
3.31767e+07, 1.53604e+07, 0
2.60505e+07, 4.70666e+06, 0
2.7508e+07, 1.56652e+07, 0
2.31765e+07, 9.14372e+06, 0
2.81447e+07, 1.25328e+07, 0
2.85761e+07, 4.36453e+06, 0
2.93516e+07, 4.30889e+06, 0
3.05246e+07, 1.08855e+07, 0
2.55743e+07, 5.56159e+06, 0
1.92947e+07, 6.3182e+06, 0
2.96509e+07, 1.31818e+07, 0
2.09492e+07, 6.57068e+06, 0
2.79895e+07, 1.57108e+07, 0
3.50301e+07, 1.05758e+07, 0
2.52507e+07, 5.14411e+06, 0
1.87819e+07, 5.98346e+06, 0
2.44839e+07, 1.19226e+07, 0
1.79651e+07, 1.64895e+06, 0
1.6746e+07, 2.67964e+06, 0
3.3291e+07, 1.22802e+07, 0
3.79833e+07, 3.11402e+06, 0
5.00591e+07, 1.39316e+06, 0
2.37513e+07, 8.4663e+06, 0
2.16099e+07, 9.55965e+06, 0
1.87664e+07, 4.99882e+06, 0
2.43402e+07, 7.93439e+06, 0
1.92176e+07, 2.4291e+06, 0
3.87623e+07, 1.0391e+07, 0
2.51902e+07, 3.39573e+06, 0
3.16778e+07, 1.27945e+07, 0
3.75595e+07, 9.55456e+06, 0
3.61497e+07, 2.30771e+07, 0
2.15378e+07, 1.91463e+06, 0
3.81877e+07, 5.73673e+06, 0
3.61311e+07, 2.2795e+06, 0
2.44779e+07, 1.06193e+07, 0
1.97822e+07, 6.55919e+06, 0
2.73601e+07, 1.31911e+07, 0
3.92228e+07, 4.98921e+06, 0
2.37049e+07, 8.18988e+06, 0
2.12287e+07, 4.94381e+06, 0
2.06755e+07, 9.28769e+06, 0
2.61403e+07, 7.06751e+06, 0
3.09107e+07, 1.06794e+07, 0
1.86614e+07, 4.15537e+06, 0
2.31103e+07, 1.08443e+07, 0
3.00339e+07, 1.38425e+07, 0
2.12297e+07, 7.56796e+06, 0
2.58804e+07, 7.49893e+06, 0
2.42933e+07, 1.21638e+07, 0
3.05062e+07, 1.3961e+07, 0
2.87773e+07, 4.79181e+06, 0
2.07333e+07, 4.94153e+06, 0
2.19624e+07, 8.52031e+06, 0
2.40999e+07, 9.72838e+06, 0
2.11126e+07, 4.15066e+06, 0
2.44787e+07, 1.01777e+07, 0
2.95252e+07, 2.24472e+06, 0
2.3034e+07, 3.75138e+06, 0
3.32261e+07, 1.15512e+07, 0
3.75392e+07, 1.27682e+07, 0
2.49401e+07, 1.36035e+07, 0
2.33399e+07, 4.08137e+06, 0
2.33387e+07, 9.68004e+06, 0
1.66813e+07, 2.31525e+06, 0
3.07372e+07, 1.65662e+07, 0
3.27984e+07, 1.57639e+07, 0
2.30914e+07, 1.13196e+07, 0
2.70171e+07, 1.78067e+06, 0
2.82443e+07, 1.01682e+07, 0
3.25278e+07, 9.54506e+06, 0
2.7412e+07, 1.44291e+07, 0
3.56456e+07, 1.91248e+07, 0
1.70718e+07, 3.35674e+06, 0
2.34401e+07, 1.85868e+06, 0
2.86058e+07, 1.45095e+07, 0
2.29722e+07, 1.17282e+07, 0
2.15382e+07, 4.55387e+06, 0
4.02454e+07, 1.30867e+07, 0
2.18425e+07, 1.01134e+07, 0
2.58147e+07, 1.24288e+07, 0
1.83955e+07, 5.99432e+06, 0
2.55653e+07, 7.45911e+06, 0
2.50806e+07, 1.31317e+07, 0
2.18183e+07, 4.22692e+06, 0
2.3426e+07, 8.73722e+06, 0
3.26977e+07, 5.83601e+06, 0
2.23451e+07, 5.95253e+06, 0
2.84591e+07, 1.58717e+07, 0
1.93796e+07, 3.87933e+06, 0
1.92241e+07, 6.55837e+06, 0
2.05349e+07, 5.95524e+06, 0
3.4057e+07, 1.80121e+07, 0
2.2473e+07, 6.31282e+06, 0
2.6389e+07, 6.56824e+06, 0
1.93779e+07, 7.6324e+06, 0
1.80979e+07, 1.73186e+06, 0
2.20128e+07, 3.14309e+06, 0
2.12212e+07, 8.07241e+06, 0
1.88931e+07, 2.2812e+06, 0
4.43993e+07, 1.70798e+07, 0
2.16418e+07, 8.12129e+06, 0
2.69013e+07, 1.06472e+07, 0
2.66938e+07, 9.18517e+06, 0
2.67583e+07, 1.3531e+07, 0
2.78826e+07, 1.42743e+07, 0
5.10385e+07, 6.32004e+06, 0
2.30381e+07, 7.84453e+06, 0
1.85455e+07, 2.21577e+06, 0
3.43185e+07, 2.15363e+07, 0
1.98151e+07, 6.48898e+06, 0
3.80447e+07, 1.30205e+07, 0
3.47699e+07, 1.16362e+07, 0
2.0917e+07, 2.04802e+06, 0
1.90223e+07, 6.17258e+06, 0
2.50704e+07, 9.67503e+06, 0
2.65749e+07, 8.20066e+06, 0
2.61937e+07, 6.06203e+06, 0
2.33203e+07, 1.01187e+07, 0
2.60625e+07, 2.9589e+06, 0
2.17822e+07, 5.59917e+06, 0
1.98244e+07, 5.09543e+06, 0
2.6807e+07, 5.09645e+06, 0
3.48718e+07, 5.79998e+06, 0
1.87225e+07, 5.38346e+06, 0
2.91895e+07, 1.70335e+07, 0
3.15379e+07, 8.4197e+06, 0
4.38087e+07, 1.77135e+07, 0
3.2666e+07, 1.20502e+07, 0
2.65319e+07, 1.4608e+07, 0
2.47573e+07, 1.04558e+07, 0
4.41707e+07, 1.4457e+07, 0
3.55225e+07, 1.66056e+07, 0
2.74806e+07, 1.34513e+07, 0
2.16638e+07, 4.91948e+06, 0
3.17824e+07, 7.16257e+06, 0
2.59286e+07, 4.07517e+06, 0
2.60279e+07, 3.49133e+06, 0
3.29333e+07, 1.88027e+07, 0
2.64013e+07, 5.52248e+06, 0
3.18624e+07, 1.28799e+07, 0
2.52158e+07, 6.93414e+06, 0
2.16351e+07, 4.39586e+06, 0
2.2813e+07, 8.76973e+06, 0
3.02942e+07, 1.15639e+07, 0
2.35235e+07, 9.42802e+06, 0
2.42647e+07, 1.20237e+07, 0
3.35421e+07, 1.94347e+07, 0
2.33484e+07, 1.04802e+06, 0
3.85021e+07, 1.34815e+07, 0
2.66622e+07, 1.13007e+07, 0
2.02599e+07, 974207, 0
1.96927e+07, 4.90377e+06, 0
2.73517e+07, 7.02969e+06, 0
2.51221e+07, 8.99684e+06, 0
3.09731e+07, 8.41388e+06, 0
2.48969e+07, 8.07778e+06, 0
3.13608e+07, 1.62012e+07, 0
2.70802e+07, 1.48764e+07, 0
2.07222e+07, 5.31476e+06, 0
2.62929e+07, 1.84887e+06, 0
3.09521e+07, 1.10768e+07, 0
1.82947e+07, 4.9545e+06, 0
2.90752e+07, 1.56991e+07, 0
2.96779e+07, 1.01052e+07, 0
2.54987e+07, 7.77439e+06, 0
3.11512e+07, 1.49049e+07, 0
2.43498e+07, 1.26362e+07, 0
3.02317e+07, 2.10872e+06, 0
2.12723e+07, 4.5175e+06, 0
2.41515e+07, 4.92328e+06, 0
2.86776e+07, 1.18243e+07, 0
3.12011e+07, 1.89339e+07, 0
2.43772e+07, 1.25487e+07, 0
4.14525e+07, 2.18525e+07, 0
2.80768e+07, 5.11763e+06, 0
2.83648e+07, 2.12343e+06, 0
1.69767e+07, 2.59853e+06, 0
3.32357e+07, 4.81572e+06, 0
2.41873e+07, 8.43072e+06, 0
2.82975e+07, 1.4295e+07, 0
2.53728e+07, 9.11321e+06, 0
1.9213e+07, 4.83867e+06, 0
2.44069e+07, 7.51304e+06, 0
2.40141e+07, 1.08777e+07, 0
2.30181e+07, 984888, 0
2.54308e+07, 4.44229e+06, 0
1.99685e+07, 8.41198e+06, 0
3.17771e+07, 7.22513e+06, 0
3.41623e+07, 1.31803e+07, 0
1.97671e+07, 5.28516e+06, 0
1.94597e+07, 6.14553e+06, 0
3.99053e+07, 1.86244e+07, 0
2.6721e+07, 1.19453e+07, 0
2.80942e+07, 4.83238e+06, 0
2.09671e+07, 7.29106e+06, 0
2.32187e+07, 3.88607e+06, 0
2.18296e+07, 1.04478e+07, 0
2.42237e+07, 1.2742e+07, 0
2.31253e+07, 9.23047e+06, 0
2.61696e+07, 1.4631e+07, 0
1.83309e+07, 5.97246e+06, 0
3.12308e+07, 9.65378e+06, 0
3.18428e+07, 1.01929e+07, 0
2.09516e+07, 979533, 0
3.78494e+07, 1.98012e+07, 0
2.47183e+07, 1.1715e+07, 0
1.84995e+07, 3.81078e+06, 0
2.43855e+07, 8.94793e+06, 0
1.92778e+07, 6.35048e+06, 0
2.88385e+07, 8.67067e+06, 0
2.28527e+07, 1.04248e+07, 0
1.74914e+07, 4.03246e+06, 0
2.33625e+07, 1.15602e+07, 0
2.91917e+07, 3.42176e+06, 0
2.07956e+07, 6.06473e+06, 0
2.35352e+07, 6.57004e+06, 0
2.92837e+07, 8.37075e+06, 0
2.2086e+07, 4.23024e+06, 0
3.03345e+07, 1.14988e+07, 0
2.21174e+07, 5.44657e+06, 0
2.19157e+07, 9.94128e+06, 0
3.17571e+07, 5.18784e+06, 0
2.78205e+07, 1.35322e+07, 0
2.97229e+07, 9.12562e+06, 0
3.33574e+07, 1.01492e+06, 0
2.85085e+07, 1.65692e+07, 0
2.04811e+07, 6.19161e+06, 0
2.50857e+07, 1.05143e+07, 0
1.75287e+07, 2.03686e+06, 0
2.79664e+07, 8.73197e+06, 0
1.97773e+07, 4.07123e+06, 0
4.30399e+07, 1.23185e+07, 0
2.09824e+07, 4.13564e+06, 0
2.57901e+07, 6.12799e+06, 0
2.4436e+07, 1.12383e+07, 0
1.91432e+07, 6.99153e+06, 0
3.25036e+07, 1.28836e+07, 0
2.35151e+07, 1.09881e+07, 0
2.47899e+07, 3.35188e+06, 0
3.83857e+07, 1.78918e+07, 0
2.04585e+07, 1.76938e+06, 0
2.25122e+07, 5.77876e+06, 0
2.40434e+07, 1.13007e+07, 0
2.47533e+07, 1.28023e+07, 0
2.38503e+07, 6.50428e+06, 0
2.70988e+07, 9.99098e+06, 0
3.96679e+07, 1.63498e+07, 0
3.39196e+07, 1.77201e+07, 0
2.17429e+07, 6.75821e+06, 0
2.56135e+07, 1.38919e+07, 0
2.89798e+07, 8.18476e+06, 0
1.73883e+07, 2.31569e+06, 0
1.96115e+07, 6.72131e+06, 0
2.74504e+07, 3.64981e+06, 0
1.86978e+07, 3.89689e+06, 0
1.66365e+07, 2.74482e+06, 0
3.13698e+07, 1.85682e+07, 0
2.18493e+07, 8.39776e+06, 0
3.1759e+07, 8.4637e+06, 0
3.81689e+07, 1.12942e+07, 0
2.84971e+07, 1.30086e+07, 0
2.88968e+07, 1.26697e+07, 0
2.16218e+07, 4.1853e+06, 0
2.0492e+07, 6.34955e+06, 0
3.77665e+07, 2.24302e+07, 0
2.02659e+07, 6.77155e+06, 0
2.92093e+07, 1.73764e+07, 0
2.57267e+07, 8.75575e+06, 0
3.32025e+07, 1.13179e+07, 0
2.42101e+07, 1.10459e+07, 0
3.85562e+07, 4.5966e+06, 0
3.27528e+07, 1.7349e+07, 0
4.80748e+07, 6.26038e+06, 0
3.28244e+07, 6.0556e+06, 0
1.80224e+07, 4.21154e+06, 0
4.15355e+07, 2.0852e+06, 0
3.10901e+07, 1.09043e+07, 0
2.1104e+07, 6.80801e+06, 0
3.60407e+07, 5.67139e+06, 0
2.60791e+07, 9.86723e+06, 0
3.46702e+07, 1.54149e+07, 0
3.694e+07, 2.19075e+07, 0
2.45339e+07, 8.22019e+06, 0
2.55809e+07, 1.21093e+07, 0
2.39869e+07, 7.83676e+06, 0
2.42787e+07, 1.25803e+07, 0
3.0772e+07, 5.90755e+06, 0
2.33001e+07, 1.03597e+07, 0
2.87174e+07, 1.26633e+07, 0
2.65753e+07, 6.73994e+06, 0
2.87109e+07, 8.1372e+06, 0
2.26546e+07, 7.41693e+06, 0
2.55265e+07, 1.41496e+07, 0
4.3554e+07, 1.49851e+07, 0
2.95646e+07, 1.13897e+07, 0
1.79218e+07, 4.07864e+06, 0
3.3196e+07, 1.2763e+07, 0
2.4777e+07, 1.28783e+07, 0
2.0183e+07, 6.06629e+06, 0
2.81405e+07, 1.3238e+07, 0
3.5327e+07, 1.45063e+07, 0
2.50329e+07, 9.35384e+06, 0
3.41812e+07, 1.79175e+07, 0
2.67289e+07, 1.13474e+07, 0
2.04399e+07, 6.2582e+06, 0
3.59241e+07, 8.04983e+06, 0
2.52107e+07, 7.041e+06, 0
3.50326e+07, 1.84703e+07, 0
2.21963e+07, 4.79392e+06, 0
2.65524e+07, 8.36607e+06, 0
2.33356e+07, 6.62705e+06, 0
2.15776e+07, 4.63525e+06, 0
2.1775e+07, 2.63692e+06, 0
1.85188e+07, 6.15657e+06, 0
2.70542e+07, 1.33791e+07, 0
2.5881e+07, 6.68978e+06, 0
3.3442e+07, 3.58074e+06, 0
3.55112e+07, 1.65761e+07, 0
4.56311e+07, 4.78611e+06, 0
2.20567e+07, 9.03339e+06, 0
3.64229e+07, 4.82874e+06, 0
2.00398e+07, 8.36084e+06, 0
3.45406e+07, 4.81716e+06, 0
2.57389e+07, 1.27877e+07, 0
2.25726e+07, 1.02611e+07, 0
2.48658e+07, 1.01437e+07, 0
2.97522e+07, 8.12136e+06, 0
2.6676e+07, 9.3708e+06, 0
2.83432e+07, 1.48951e+07, 0
2.58679e+07, 7.36866e+06, 0
2.29672e+07, 1.13468e+07, 0
2.80415e+07, 1.04377e+07, 0
2.94039e+07, 1.32427e+07, 0
2.0574e+07, 8.14205e+06, 0
3.69979e+07, 1.98042e+07, 0
2.09774e+07, 7.44207e+06, 0
2.87515e+07, 8.5937e+06, 0
3.8393e+07, 1.26427e+07, 0
3.92411e+07, 1.05711e+07, 0
3.2182e+07, 1.12961e+07, 0
2.5561e+07, 7.28737e+06, 0
2.71761e+07, 2.53884e+06, 0
2.65974e+07, 1.0302e+07, 0
2.30029e+07, 6.25698e+06, 0
2.67588e+07, 5.15238e+06, 0
2.59377e+07, 1.3056e+06, 0
3.55704e+07, 1.82721e+07, 0
2.27634e+07, 1.09386e+07, 0
2.05492e+07, 4.33039e+06, 0
2.19337e+07, 4.50307e+06, 0
3.02368e+07, 1.16724e+07, 0
2.79928e+07, 1.61624e+07, 0
3.11265e+07, 1.03591e+07, 0
1.96294e+07, 2.9014e+06, 0
3.27833e+07, 1.09481e+07, 0
2.19154e+07, 643040, 0
2.14111e+07, 5.6933e+06, 0
2.11944e+07, 4.353e+06, 0
2.32158e+07, 1.03955e+07, 0
3.47205e+07, 2.10907e+07, 0
3.35241e+07, 1.62196e+07, 0
1.71175e+07, 1.85286e+06, 0
1.9809e+07, 3.99003e+06, 0
2.46808e+07, 4.93319e+06, 0
1.78003e+07, 5.24972e+06, 0
2.1313e+07, 3.91388e+06, 0
2.35401e+07, 1.21561e+07, 0
2.50203e+07, 6.23522e+06, 0
2.56529e+07, 7.69463e+06, 0
3.62769e+07, 2.22677e+07, 0
2.69213e+07, 8.60194e+06, 0
1.97541e+07, 3.39633e+06, 0
2.48398e+07, 8.70565e+06, 0
3.29214e+07, 1.43679e+07, 0
3.1643e+07, 8.72027e+06, 0
2.42625e+07, 8.73782e+06, 0
1.91176e+07, 4.77152e+06, 0
2.42988e+07, 2.06309e+06, 0
1.95726e+07, 6.24776e+06, 0
2.05594e+07, 5.21085e+06, 0
2.1498e+07, 9.31375e+06, 0
3.28237e+07, 1.18228e+07, 0
2.76816e+07, 1.29863e+07, 0
2.36202e+07, 6.83371e+06, 0
2.76895e+07, 1.01977e+07, 0
2.06425e+07, 909387, 0
1.62444e+07, 442321, 0
4.20004e+07, 1.49848e+07, 0
2.89698e+07, 1.07028e+07, 0
2.68177e+07, 1.09543e+07, 0
2.56031e+07, 4.84513e+06, 0
3.03569e+07, 5.5557e+06, 0
1.96179e+07, 1.86491e+06, 0
2.03876e+07, 4.67673e+06, 0
2.02226e+07, 5.29209e+06, 0
2.45238e+07, 1.27849e+07, 0
3.30395e+07, 7.07912e+06, 0
2.86448e+07, 1.55593e+07, 0
3.04682e+07, 9.14039e+06, 0
2.69289e+07, 1.52212e+07, 0
1.65208e+07, 2.19852e+06, 0
4.12252e+07, 2.65366e+07, 0
2.24145e+07, 5.96291e+06, 0
3.62776e+07, 2.13333e+07, 0
3.12424e+07, 1.39744e+07, 0
3.03603e+07, 6.16014e+06, 0
2.75528e+07, 1.29267e+07, 0
2.81853e+07, 1.57524e+07, 0
1.99394e+07, 7.43738e+06, 0
3.69037e+07, 2.29293e+07, 0
4.94653e+07, 7.70865e+06, 0
3.51496e+07, 1.59263e+06, 0
2.68877e+07, 2.31885e+06, 0
2.79569e+07, 4.88677e+06, 0
2.40854e+07, 8.11748e+06, 0
2.238e+07, 6.10451e+06, 0
3.27784e+07, 5.12314e+06, 0
2.17666e+07, 9.58603e+06, 0
2.15063e+07, 5.49087e+06, 0
2.13895e+07, 2.35842e+06, 0
2.92138e+07, 1.63814e+07, 0
2.5918e+07, 3.35816e+06, 0
2.14198e+07, 6.59305e+06, 0
3.17099e+07, 1.94967e+07, 0
2.15205e+07, 8.24083e+06, 0
2.24799e+07, 8.8071e+06, 0
3.17201e+07, 1.68827e+07, 0
2.61974e+07, 1.60297e+06, 0
1.74652e+07, 3.84381e+06, 0
3.32159e+07, 1.02244e+07, 0
2.83756e+07, 7.52811e+06, 0
2.57459e+07, 1.17314e+07, 0
2.00848e+07, 7.6098e+06, 0
2.45418e+07, 3.15817e+06, 0
2.50168e+07, 1.09979e+07, 0
3.0954e+07, 8.42572e+06, 0
2.12822e+07, 6.1323e+06, 0
2.1436e+07, 6.17814e+06, 0
2.47245e+07, 1.16879e+07, 0
2.133e+07, 9.53163e+06, 0
2.15945e+07, 1.99678e+06, 0
2.45133e+07, 1.08751e+07, 0
2.17969e+07, 9.47938e+06, 0
2.22187e+07, 6.55816e+06, 0
2.99783e+07, 1.63787e+07, 0
2.2846e+07, 1.11219e+07, 0
2.23455e+07, 7.76005e+06, 0
2.48487e+07, 1.1397e+07, 0
2.93746e+07, 7.28276e+06, 0
2.40773e+07, 9.58774e+06, 0
2.21939e+07, 2.57504e+06, 0
2.65221e+07, 3.45842e+06, 0
2.75541e+07, 1.14577e+07, 0
3.89539e+07, 1.76976e+07, 0
2.92658e+07, 1.5924e+07, 0
2.56134e+07, 6.19053e+06, 0
2.05997e+07, 3.63526e+06, 0
3.24539e+07, 1.10282e+07, 0
1.71697e+07, 3.04571e+06, 0
2.86165e+07, 1.31168e+07, 0
2.04277e+07, 7.76685e+06, 0
1.7556e+07, 4.44575e+06, 0
2.81837e+07, 1.27065e+07, 0
2.92868e+07, 9.56002e+06, 0
3.27532e+07, 1.58831e+07, 0
3.23669e+07, 1.69608e+07, 0
3.09457e+07, 1.01388e+07, 0
2.73559e+07, 4.55539e+06, 0
2.86336e+07, 1.29335e+07, 0
2.93206e+07, 1.65963e+07, 0
3.76085e+07, 1.31685e+07, 0
2.54583e+07, 1.26737e+07, 0
2.23496e+07, 7.04698e+06, 0
2.46283e+07, 9.97498e+06, 0
2.10449e+07, 1.65514e+06, 0
4.34219e+07, 1.39623e+07, 0
2.23254e+07, 1.0985e+07, 0
3.39433e+07, 1.39123e+07, 0
1.89863e+07, 102452, 0
2.00203e+07, 6.86789e+06, 0
2.68045e+07, 1.14755e+07, 0
2.94431e+07, 8.00537e+06, 0
2.04175e+07, 4.9826e+06, 0
2.59058e+07, 9.23403e+06, 0
2.99398e+07, 1.16896e+07, 0
3.40933e+07, 6.50577e+06, 0
3.47822e+07, 1.38772e+07, 0
1.8672e+07, 236524, 0
2.24997e+07, 9.5138e+06, 0
