5.43745e+06, 798377, 0
4.05183e+06, 1.08822e+06, 0
5.37811e+06, 2.52039e+06, 0
5.81799e+06, 220402, 0
5.84377e+06, 1.91949e+06, 0
6.3356e+06, 3.2953e+06, 0
9.84858e+06, 4.68457e+06, 0
5.94509e+06, 1.1245e+06, 0
5.15099e+06, 1.82515e+06, 0
1.10053e+07, 1.84315e+06, 0
7.18737e+06, 1.23513e+06, 0
6.9138e+06, 2.3487e+06, 0
9.11062e+06, 4.03299e+06, 0
4.30962e+06, 1.68124e+06, 0
8.56456e+06, 2.63621e+06, 0
5.19998e+06, 1.81643e+06, 0
7.92455e+06, 2.50343e+06, 0
6.72209e+06, 3.6319e+06, 0
7.07986e+06, 3.03643e+06, 0
6.11374e+06, 3.2776e+06, 0
1.04609e+07, 2.52124e+06, 0
8.65665e+06, 4.07616e+06, 0
7.71487e+06, 3.83671e+06, 0
7.99109e+06, 1.4019e+06, 0
5.16905e+06, 2.31071e+06, 0
2.88081e+06, 700845, 0
8.27066e+06, 4.05886e+06, 0
1.24954e+07, 5.72429e+06, 0
6.55406e+06, 3.23663e+06, 0
4.23789e+06, 652015, 0
4.78891e+06, 764374, 0
6.50611e+06, 2.56998e+06, 0
7.29609e+06, 1.49108e+06, 0
1.05787e+07, 1.34797e+06, 0
8.02742e+06, 1.50928e+06, 0
6.338e+06, 2.92872e+06, 0
4.77917e+06, 2.36501e+06, 0
8.96967e+06, 2.1295e+06, 0
1.44045e+07, 4.35561e+06, 0
7.60656e+06, 4.20398e+06, 0
4.31749e+06, 1.53072e+06, 0
1.08978e+07, 1.83957e+06, 0
8.48146e+06, 4.06327e+06, 0
1.01743e+07, 4.4243e+06, 0
5.45465e+06, 2.85091e+06, 0
5.26725e+06, 2.22783e+06, 0
1.11232e+07, 6.21612e+06, 0
8.25517e+06, 3.87597e+06, 0
1.04563e+07, 3.76123e+06, 0
5.63861e+06, 1.59071e+06, 0
3.23203e+06, 771552, 0
1.39367e+07, 5.41409e+06, 0
5.08853e+06, 1.1282e+06, 0
8.29598e+06, 4.33062e+06, 0
7.33912e+06, 3.15626e+06, 0
8.42803e+06, 2.18943e+06, 0
7.88574e+06, 3.99275e+06, 0
7.67948e+06, 4.16231e+06, 0
8.10409e+06, 1.51184e+06, 0
8.10976e+06, 4.49539e+06, 0
4.55518e+06, 953060, 0
8.39525e+06, 2.48897e+06, 0
1.03498e+07, 5.01401e+06, 0
4.86452e+06, 2.30291e+06, 0
1.13976e+07, 4.51052e+06, 0
1.04884e+07, 4.24174e+06, 0
6.00434e+06, 2.43376e+06, 0
7.94848e+06, 3.45187e+06, 0
1.04231e+07, 4.20164e+06, 0
5.62877e+06, 2.05467e+06, 0
4.59464e+06, 1.37937e+06, 0
6.09151e+06, 1.54116e+06, 0
1.24752e+07, 4.98849e+06, 0
5.09404e+06, 2.1619e+06, 0
6.69996e+06, 3.32215e+06, 0
5.27547e+06, 1.47064e+06, 0
9.90321e+06, 2.82333e+06, 0
5.73696e+06, 1.57602e+06, 0
3.85021e+06, 365522, 0
5.64106e+06, 610644, 0
4.9417e+06, 2.4256e+06, 0
6.46592e+06, 1.16733e+06, 0
6.04369e+06, 1.88966e+06, 0
1.24586e+07, 1.82764e+06, 0
7.79838e+06, 4.17665e+06, 0
6.59059e+06, 3.33388e+06, 0
7.11047e+06, 340016, 0
4.1967e+06, 1.31902e+06, 0
6.87486e+06, 3.75299e+06, 0
7.90547e+06, 376168, 0
6.71151e+06, 3.63531e+06, 0
1.10039e+07, 5.35815e+06, 0
2.94366e+06, 193787, 0
4.93136e+06, 2.45764e+06, 0
7.70107e+06, 1.58743e+06, 0
4.855e+06, 1.81534e+06, 0
6.30145e+06, 2.66528e+06, 0
4.81526e+06, 1.27392e+06, 0
3.53596e+06, 780360, 0
8.17269e+06, 4.30048e+06, 0
8.26108e+06, 4.48504e+06, 0
8.77665e+06, 3.04063e+06, 0
6.15034e+06, 2.19918e+06, 0
7.22219e+06, 2.26828e+06, 0
6.97512e+06, 410681, 0
5.2178e+06, 2.21152e+06, 0
2.91304e+06, 712298, 0
9.86603e+06, 4.85906e+06, 0
5.68732e+06, 1.97295e+06, 0
6.27882e+06, 422351, 0
7.35598e+06, 2.79503e+06, 0
6.53302e+06, 2.41703e+06, 0
6.99402e+06, 1.9554e+06, 0
5.53609e+06, 1.8663e+06, 0
4.60485e+06, 1.04157e+06, 0
9.7746e+06, 3.07655e+06, 0
5.11066e+06, 2.47263e+06, 0
7.74059e+06, 1.86806e+06, 0
5.12764e+06, 1.67274e+06, 0
8.76043e+06, 3.41076e+06, 0
7.76196e+06, 2.8394e+06, 0
6.97275e+06, 1.9475e+06, 0
1.06868e+07, 5.7981e+06, 0
6.37654e+06, 564529, 0
1.00185e+07, 3.83624e+06, 0
1.02134e+07, 2.18479e+06, 0
6.79488e+06, 2.67139e+06, 0
7.98792e+06, 1.00859e+06, 0
2.98714e+06, 476668, 0
8.14967e+06, 1.37404e+06, 0
8.27797e+06, 4.12867e+06, 0
8.61663e+06, 4.0658e+06, 0
7.2424e+06, 2.09803e+06, 0
7.64429e+06, 4.17925e+06, 0
3.99928e+06, 494517, 0
8.95269e+06, 4.17679e+06, 0
5.19411e+06, 1.348e+06, 0
7.22255e+06, 2.73622e+06, 0
7.77756e+06, 3.72766e+06, 0
1.02174e+07, 5.43241e+06, 0
8.9863e+06, 938502, 0
3.30827e+06, 1.11336e+06, 0
7.9402e+06, 4.43108e+06, 0
7.47085e+06, 2.20912e+06, 0
6.25924e+06, 2.15776e+06, 0
7.91021e+06, 1.88705e+06, 0
1.02015e+07, 5.45185e+06, 0
1.23504e+07, 4.6367e+06, 0
5.64601e+06, 2.75601e+06, 0
1.09727e+07, 5.07017e+06, 0
5.75887e+06, 2.9659e+06, 0
6.6543e+06, 3.10028e+06, 0
8.32963e+06, 4.08231e+06, 0
4.63327e+06, 2.25437e+06, 0
9.26082e+06, 3.73741e+06, 0
7.94746e+06, 3.51293e+06, 0
6.23966e+06, 2.58841e+06, 0
4.08476e+06, 1.52107e+06, 0
4.87822e+06, 1.29085e+06, 0
5.39643e+06, 2.56731e+06, 0
7.3428e+06, 4.04936e+06, 0
6.80904e+06, 3.28267e+06, 0
1.05937e+07, 1.07145e+06, 0
8.46947e+06, 4.50018e+06, 0
8.88409e+06, 3.40711e+06, 0
8.2483e+06, 2.3578e+06, 0
1.0638e+07, 3.50772e+06, 0
6.72628e+06, 1.69108e+06, 0
5.3679e+06, 520493, 0
6.02874e+06, 610885, 0
5.83984e+06, 3.02406e+06, 0
7.63167e+06, 4.03284e+06, 0
7.59201e+06, 1.99191e+06, 0
4.99058e+06, 2.00042e+06, 0
7.52695e+06, 4.16297e+06, 0
6.38107e+06, 1.65704e+06, 0
6.61342e+06, 1.61643e+06, 0
7.79269e+06, 779722, 0
4.71506e+06, 1.62076e+06, 0
4.92051e+06, 1.73568e+06, 0
1.18635e+07, 1.69379e+06, 0
5.09102e+06, 1.45347e+06, 0
3.26591e+06, 961212, 0
7.06244e+06, 3.05027e+06, 0
9.89168e+06, 195986, 0
1.11424e+07, 2.84293e+06, 0
4.22869e+06, 1.99352e+06, 0
6.77782e+06, 3.11086e+06, 0
5.63512e+06, 2.53061e+06, 0
4.68323e+06, 2.34684e+06, 0
1.34776e+07, 4.39549e+06, 0
5.75694e+06, 2.5486e+06, 0
6.21203e+06, 2.36177e+06, 0
7.83475e+06, 2.52246e+06, 0
8.19287e+06, 93929.6, 0
5.62382e+06, 999720, 0
4.26499e+06, 1.92853e+06, 0
4.60578e+06, 1.23872e+06, 0
7.54585e+06, 2.3146e+06, 0
6.04763e+06, 2.02195e+06, 0
9.06174e+06, 3.39013e+06, 0
4.62977e+06, 1.14175e+06, 0
5.37347e+06, 2.61492e+06, 0
2.9911e+06, 932390, 0
6.21445e+06, 2.08945e+06, 0
5.86795e+06, 2.37354e+06, 0
5.9619e+06, 2.46514e+06, 0
9.48895e+06, 4.02154e+06, 0
1.13415e+07, 4.3533e+06, 0
4.52403e+06, 1.24384e+06, 0
4.78415e+06, 2.08749e+06, 0
8.85983e+06, 4.212e+06, 0
5.84486e+06, 1.64057e+06, 0
9.04669e+06, 1.59734e+06, 0
9.77939e+06, 3.63656e+06, 0
5.87199e+06, 2.80656e+06, 0
7.7022e+06, 2.56761e+06, 0
6.13087e+06, 230326, 0
6.12543e+06, 2.02497e+06, 0
9.00477e+06, 1.15257e+06, 0
7.54202e+06, 3.70343e+06, 0
4.70491e+06, 1.68036e+06, 0
5.1362e+06, 329089, 0
6.32693e+06, 1.02307e+06, 0
6.62282e+06, 879353, 0
4.81939e+06, 2.16736e+06, 0
7.27365e+06, 2.90952e+06, 0
5.35067e+06, 1.94427e+06, 0
3.88523e+06, 1.51976e+06, 0
4.8922e+06, 2.45748e+06, 0
5.94884e+06, 2.27963e+06, 0
1.16919e+07, 4.34863e+06, 0
3.00208e+06, 1.05094e+06, 0
5.49593e+06, 2.42993e+06, 0
9.94722e+06, 4.85532e+06, 0
5.12066e+06, 2.403e+06, 0
9.55252e+06, 5.35613e+06, 0
3.22127e+06, 936055, 0
1.01502e+07, 1.78744e+06, 0
5.07177e+06, 2.27136e+06, 0
1.00561e+07, 3.39771e+06, 0
8.29633e+06, 1.60861e+06, 0
1.11616e+07, 4.54086e+06, 0
7.86652e+06, 467485, 0
6.28138e+06, 1.36866e+06, 0
5.78136e+06, 2.66114e+06, 0
6.18386e+06, 1.58909e+06, 0
5.01179e+06, 2.44122e+06, 0
8.24871e+06, 4.53829e+06, 0
6.47917e+06, 2.63496e+06, 0
9.56031e+06, 1.4901e+06, 0
1.21424e+07, 6.48813e+06, 0
5.7466e+06, 2.28859e+06, 0
3.79569e+06, 762117, 0
8.17006e+06, 2.39047e+06, 0
5.03154e+06, 1.86513e+06, 0
6.03204e+06, 1.64034e+06, 0
7.00204e+06, 2.32549e+06, 0
4.79335e+06, 2.38227e+06, 0
6.06632e+06, 2.52836e+06, 0
6.45638e+06, 2.92212e+06, 0
7.43617e+06, 1.97065e+06, 0
8.59633e+06, 4.47026e+06, 0
7.38668e+06, 2.02001e+06, 0
8.70972e+06, 1.85354e+06, 0
6.56136e+06, 1.11499e+06, 0
1.42003e+07, 3.37657e+06, 0
8.70916e+06, 3.8902e+06, 0
7.08531e+06, 3.66814e+06, 0
5.79832e+06, 535315, 0
3.0722e+06, 818625, 0
7.045e+06, 852137, 0
2.87928e+06, 345319, 0
8.57732e+06, 4.19499e+06, 0
6.47816e+06, 2.43825e+06, 0
4.5938e+06, 1.37367e+06, 0
5.22826e+06, 2.60623e+06, 0
7.15856e+06, 2.95748e+06, 0
1.11441e+07, 6.21047e+06, 0
7.58242e+06, 1.94004e+06, 0
9.00351e+06, 2.90921e+06, 0
6.87429e+06, 2.17595e+06, 0
4.97536e+06, 1.39598e+06, 0
3.68189e+06, 513768, 0
1.29807e+07, 4.0678e+06, 0
5.12466e+06, 1.6078e+06, 0
1.14416e+07, 5.70231e+06, 0
3.85119e+06, 334567, 0
8.54311e+06, 3.48535e+06, 0
8.05849e+06, 2.87043e+06, 0
1.30169e+07, 4.77052e+06, 0
7.8899e+06, 4.28634e+06, 0
9.64967e+06, 2.26359e+06, 0
8.84066e+06, 1.99267e+06, 0
5.45446e+06, 1.28542e+06, 0
7.96569e+06, 2.97161e+06, 0
4.75017e+06, 1.54902e+06, 0
5.04012e+06, 1.96496e+06, 0
7.69001e+06, 3.00944e+06, 0
8.12251e+06, 2.55953e+06, 0
7.42916e+06, 3.44593e+06, 0
4.38751e+06, 1.42823e+06, 0
3.43721e+06, 1.33797e+06, 0
4.96427e+06, 1.96489e+06, 0
3.87291e+06, 759838, 0
7.00353e+06, 3.23339e+06, 0
7.39357e+06, 791068, 0
5.17974e+06, 1.27911e+06, 0
1.13273e+07, 719736, 0
7.85009e+06, 1.86112e+06, 0
9.37162e+06, 3.81536e+06, 0
8.09025e+06, 3.68146e+06, 0
1.18919e+07, 2.79074e+06, 0
7.64067e+06, 2.67733e+06, 0
4.76572e+06, 2.0509e+06, 0
1.22281e+07, 4.56843e+06, 0
7.33846e+06, 2.14266e+06, 0
6.85721e+06, 2.08693e+06, 0
8.13269e+06, 1.92709e+06, 0
4.98705e+06, 2.23118e+06, 0
1.08425e+07, 5.15729e+06, 0
3.58428e+06, 1.06724e+06, 0
7.64305e+06, 4.24969e+06, 0
1.43453e+07, 3.72795e+06, 0
4.74639e+06, 1.41413e+06, 0
7.19523e+06, 1.84539e+06, 0
3.94731e+06, 1.44148e+06, 0
1.263e+07, 3.15444e+06, 0
9.78974e+06, 1.13453e+06, 0
6.87036e+06, 1.94831e+06, 0
6.56674e+06, 1.92315e+06, 0
4.84416e+06, 2.40399e+06, 0
4.94396e+06, 1.84612e+06, 0
5.38421e+06, 1.99973e+06, 0
6.29664e+06, 3.24523e+06, 0
3.74675e+06, 1.41657e+06, 0
3.89874e+06, 625234, 0
4.89047e+06, 214926, 0
6.73396e+06, 3.49282e+06, 0
6.36384e+06, 2.83104e+06, 0
6.68395e+06, 2.48091e+06, 0
5.01955e+06, 944877, 0
7.02069e+06, 2.97599e+06, 0
6.96018e+06, 3.15023e+06, 0
5.7193e+06, 1.56775e+06, 0
5.25518e+06, 1.93288e+06, 0
7.5402e+06, 325591, 0
9.34059e+06, 4.72604e+06, 0
8.33957e+06, 3.41259e+06, 0
3.38647e+06, 429400, 0
6.01652e+06, 636995, 0
6.17848e+06, 3.24983e+06, 0
4.72793e+06, 1.4858e+06, 0
8.32852e+06, 3.75959e+06, 0
8.19249e+06, 2.69002e+06, 0
2.67859e+06, 97852.4, 0
4.48768e+06, 2.12504e+06, 0
6.13332e+06, 1.10849e+06, 0
7.1809e+06, 3.60445e+06, 0
7.83851e+06, 3.87423e+06, 0
4.16701e+06, 1.50591e+06, 0
1.09771e+07, 2.8155e+06, 0
3.05967e+06, 649351, 0
5.65023e+06, 1.785e+06, 0
1.08392e+07, 4.09487e+06, 0
5.82486e+06, 2.73162e+06, 0
6.03824e+06, 909825, 0
8.08423e+06, 4.43962e+06, 0
4.53819e+06, 322990, 0
7.78527e+06, 3.90945e+06, 0
4.0704e+06, 299857, 0
8.19547e+06, 2.99835e+06, 0
8.35265e+06, 399118, 0
4.38015e+06, 1.83266e+06, 0
5.2586e+06, 2.70767e+06, 0
1.21069e+07, 4.26575e+06, 0
7.5383e+06, 2.20199e+06, 0
5.7218e+06, 1.82477e+06, 0
6.98363e+06, 1.32005e+06, 0
6.40004e+06, 2.85641e+06, 0
6.27204e+06, 1.49997e+06, 0
1.17256e+07, 3.09019e+06, 0
4.85955e+06, 1.70768e+06, 0
9.39829e+06, 4.64639e+06, 0
8.25443e+06, 2.5463e+06, 0
4.43215e+06, 1.25387e+06, 0
4.05049e+06, 1.81745e+06, 0
6.5956e+06, 2.68129e+06, 0
4.8485e+06, 2.33587e+06, 0
8.33542e+06, 3.74885e+06, 0
5.97057e+06, 1.78305e+06, 0
6.54069e+06, 3.39221e+06, 0
3.31908e+06, 677643, 0
4.95323e+06, 1.13355e+06, 0
5.5982e+06, 1.87525e+06, 0
4.28818e+06, 1.21577e+06, 0
5.6014e+06, 2.97471e+06, 0
8.25923e+06, 2.96558e+06, 0
5.85808e+06, 2.75355e+06, 0
6.21823e+06, 1.74713e+06, 0
7.50565e+06, 625015, 0
6.62535e+06, 965012, 0
7.95515e+06, 4.38019e+06, 0
1.10794e+07, 5.3443e+06, 0
7.35075e+06, 3.38163e+06, 0
3.22706e+06, 1.1383e+06, 0
7.14699e+06, 3.0333e+06, 0
5.32926e+06, 2.34989e+06, 0
6.40292e+06, 1.42679e+06, 0
3.2176e+06, 810237, 0
7.34202e+06, 3.63449e+06, 0
7.13003e+06, 2.30296e+06, 0
4.54209e+06, 1.79993e+06, 0
6.31214e+06, 2.47285e+06, 0
7.85863e+06, 3.0814e+06, 0
9.1587e+06, 4.80594e+06, 0
7.69536e+06, 3.20705e+06, 0
6.5667e+06, 3.12408e+06, 0
7.24329e+06, 2.407e+06, 0
8.16767e+06, 1.28735e+06, 0
1.03129e+07, 3.19423e+06, 0
6.81598e+06, 2.8193e+06, 0
6.56092e+06, 2.51226e+06, 0
6.2058e+06, 3.07114e+06, 0
8.32233e+06, 2.83966e+06, 0
5.89951e+06, 3.15709e+06, 0
9.20302e+06, 3.04494e+06, 0
6.00464e+06, 2.65689e+06, 0
8.14956e+06, 3.16237e+06, 0
4.45365e+06, 1.62911e+06, 0
5.54728e+06, 2.8092e+06, 0
9.28818e+06, 3.19958e+06, 0
9.93555e+06, 2.89038e+06, 0
7.31054e+06, 2.29606e+06, 0
6.63046e+06, 3.118e+06, 0
3.48645e+06, 708723, 0
7.63093e+06, 3.26471e+06, 0
4.39966e+06, 1.60337e+06, 0
4.33477e+06, 1.71187e+06, 0
9.9284e+06, 2.68355e+06, 0
4.30648e+06, 1.96179e+06, 0
1.05456e+07, 338958, 0
5.75771e+06, 1.2949e+06, 0
4.00142e+06, 1.42718e+06, 0
7.1928e+06, 2.72027e+06, 0
5.98246e+06, 1.84549e+06, 0
4.96859e+06, 1.7432e+06, 0
6.55241e+06, 1.8296e+06, 0
4.00347e+06, 975972, 0
8.2764e+06, 1.95751e+06, 0
8.27117e+06, 610758, 0
5.37064e+06, 1.55072e+06, 0
9.46913e+06, 5.06815e+06, 0
8.36371e+06, 1.88027e+06, 0
5.38341e+06, 1.74469e+06, 0
4.05686e+06, 1.38421e+06, 0
7.39135e+06, 3.38761e+06, 0
5.50468e+06, 460129, 0
6.86046e+06, 1.19332e+06, 0
6.47905e+06, 3.54976e+06, 0
1.13834e+07, 2.2414e+06, 0
6.08022e+06, 1.10856e+06, 0
8.97833e+06, 1.79259e+06, 0
5.34995e+06, 1.57362e+06, 0
1.03999e+07, 3.37117e+06, 0
5.99184e+06, 2.50345e+06, 0
7.17211e+06, 1.71703e+06, 0
6.88287e+06, 2.8682e+06, 0
6.29979e+06, 3.43062e+06, 0
1.04909e+07, 581975, 0
3.52738e+06, 1.2111e+06, 0
8.53445e+06, 4.15301e+06, 0
9.16776e+06, 3.86888e+06, 0
5.92716e+06, 2.35963e+06, 0
6.87345e+06, 842477, 0
5.0659e+06, 1.32058e+06, 0
7.69946e+06, 3.71827e+06, 0
5.0356e+06, 2.30532e+06, 0
9.85012e+06, 688692, 0
7.89233e+06, 2.90184e+06, 0
7.03018e+06, 2.19225e+06, 0
9.39906e+06, 5.20892e+06, 0
6.52076e+06, 2.43957e+06, 0
8.13213e+06, 2.47037e+06, 0
1.07258e+07, 3.59325e+06, 0
9.07203e+06, 3.22089e+06, 0
4.54636e+06, 1.54498e+06, 0
4.95358e+06, 1.4373e+06, 0
5.19154e+06, 2.08629e+06, 0
6.58534e+06, 2.80486e+06, 0
9.68673e+06, 5.26513e+06, 0
5.08099e+06, 1.93465e+06, 0
7.03387e+06, 2.16899e+06, 0
6.5276e+06, 3.31219e+06, 0
1.02156e+07, 2.23798e+06, 0
8.17047e+06, 2.71362e+06, 0
7.03646e+06, 2.17553e+06, 0
4.97974e+06, 1.24548e+06, 0
3.26659e+06, 1.2551e+06, 0
6.82247e+06, 2.91104e+06, 0
1.29386e+07, 5.05411e+06, 0
4.50189e+06, 2.01891e+06, 0
1.00862e+07, 1.336e+06, 0
5.00435e+06, 2.01103e+06, 0
4.92035e+06, 1.93159e+06, 0
7.18699e+06, 3.23261e+06, 0
5.92752e+06, 2.13357e+06, 0
3.61625e+06, 1.01298e+06, 0
9.87139e+06, 4.0587e+06, 0
3.99627e+06, 1.00777e+06, 0
3.8187e+06, 1.21372e+06, 0
9.88099e+06, 4.42296e+06, 0
4.1033e+06, 1.03221e+06, 0
4.92508e+06, 1.55993e+06, 0
4.75089e+06, 2.11082e+06, 0
4.37236e+06, 1.42437e+06, 0
6.49332e+06, 2.87305e+06, 0
4.97745e+06, 1.42276e+06, 0
4.52155e+06, 1.87169e+06, 0
1.0772e+07, 5.19893e+06, 0
7.51195e+06, 1.70823e+06, 0
5.37578e+06, 845675, 0
9.15121e+06, 2.45178e+06, 0
7.94183e+06, 614264, 0
5.83402e+06, 2.70123e+06, 0
1.39038e+07, 5.20828e+06, 0
1.24851e+07, 2.65711e+06, 0
5.15724e+06, 2.26765e+06, 0
6.07276e+06, 1.88233e+06, 0
6.29315e+06, 1.91039e+06, 0
5.30035e+06, 1.79044e+06, 0
6.87496e+06, 1.85485e+06, 0
2.80049e+06, 759868, 0
5.47308e+06, 1.96847e+06, 0
6.54494e+06, 3.28231e+06, 0
3.71531e+06, 669224, 0
6.21374e+06, 2.10886e+06, 0
9.09064e+06, 1.75629e+06, 0
4.13072e+06, 1.9382e+06, 0
7.56917e+06, 1.88059e+06, 0
5.78567e+06, 1.33731e+06, 0
3.17081e+06, 1.12478e+06, 0
5.54389e+06, 1.68038e+06, 0
6.56545e+06, 3.39435e+06, 0
6.22939e+06, 1.91905e+06, 0
7.31367e+06, 3.17405e+06, 0
2.76603e+06, 443522, 0
5.72369e+06, 2.77031e+06, 0
9.61968e+06, 1.55251e+06, 0
3.28562e+06, 1.24864e+06, 0
5.36547e+06, 2.26445e+06, 0
9.74377e+06, 1.08053e+06, 0
5.7326e+06, 1.34855e+06, 0
8.97029e+06, 3.62797e+06, 0
6.98349e+06, 2.91424e+06, 0
7.35166e+06, 2.2386e+06, 0
8.21813e+06, 4.59437e+06, 0
1.00529e+07, 3.5729e+06, 0
7.80244e+06, 3.55193e+06, 0
4.60859e+06, 1.58494e+06, 0
9.71538e+06, 4.36228e+06, 0
5.15037e+06, 1.89702e+06, 0
4.45456e+06, 823181, 0
1.35287e+07, 2.52378e+06, 0
9.71877e+06, 2.35371e+06, 0
5.6986e+06, 762080, 0
9.70434e+06, 2.35458e+06, 0
6.45569e+06, 1.62992e+06, 0
6.66672e+06, 2.0185e+06, 0
3.85017e+06, 1.64713e+06, 0
1.05288e+07, 2.67536e+06, 0
5.49549e+06, 1.0869e+06, 0
9.84141e+06, 3.66941e+06, 0
6.79263e+06, 3.20939e+06, 0
3.00065e+06, 432207, 0
6.78192e+06, 2.35227e+06, 0
5.84363e+06, 890710, 0
3.53805e+06, 1.30312e+06, 0
1.1731e+07, 5.52882e+06, 0
7.89132e+06, 2.55255e+06, 0
8.2424e+06, 1.45366e+06, 0
1.12257e+07, 4.72816e+06, 0
6.03071e+06, 846847, 0
7.05992e+06, 1.30673e+06, 0
1.03346e+07, 3.73129e+06, 0
9.44365e+06, 3.84021e+06, 0
7.57279e+06, 1.05557e+06, 0
8.68981e+06, 2.63066e+06, 0
5.30765e+06, 1.76298e+06, 0
8.9913e+06, 3.01827e+06, 0
7.55774e+06, 3.58405e+06, 0
6.39284e+06, 1.29089e+06, 0
6.53432e+06, 2.80872e+06, 0
6.39219e+06, 3.39916e+06, 0
5.82325e+06, 2.98574e+06, 0
6.35703e+06, 1.67402e+06, 0
8.38787e+06, 3.99712e+06, 0
6.14078e+06, 1.92486e+06, 0
8.4157e+06, 3.09665e+06, 0
5.01063e+06, 2.46837e+06, 0
5.74735e+06, 1.91799e+06, 0
9.79157e+06, 3.64511e+06, 0
5.3247e+06, 2.48253e+06, 0
7.55211e+06, 3.67933e+06, 0
5.38743e+06, 460256, 0
1.01786e+07, 3.44278e+06, 0
9.51918e+06, 4.35547e+06, 0
5.76796e+06, 1.63866e+06, 0
6.68123e+06, 2.84548e+06, 0
5.10205e+06, 2.05173e+06, 0
6.53263e+06, 1.90041e+06, 0
5.20172e+06, 2.62656e+06, 0
8.97734e+06, 1.61824e+06, 0
8.64969e+06, 2.70475e+06, 0
9.89063e+06, 4.32512e+06, 0
8.02076e+06, 620217, 0
5.4587e+06, 1.83049e+06, 0
7.66244e+06, 2.46522e+06, 0
9.72346e+06, 4.32994e+06, 0
9.73925e+06, 2.55433e+06, 0
8.83131e+06, 4.344e+06, 0
3.98768e+06, 1.05971e+06, 0
3.20161e+06, 965348, 0
4.48301e+06, 2.01285e+06, 0
6.64964e+06, 3.55322e+06, 0
4.90733e+06, 1.45034e+06, 0
5.25115e+06, 819474, 0
6.27722e+06, 2.90655e+06, 0
6.67789e+06, 461224, 0
4.39798e+06, 2.1318e+06, 0
9.88883e+06, 2.67657e+06, 0
1.03176e+07, 1.247e+06, 0
3.13032e+06, 704183, 0
5.58015e+06, 812469, 0
7.14628e+06, 3.22392e+06, 0
7.06987e+06, 3.56393e+06, 0
1.20791e+07, 5.93448e+06, 0
4.96713e+06, 1.24107e+06, 0
7.08292e+06, 821115, 0
6.35115e+06, 2.85184e+06, 0
4.82196e+06, 1.86352e+06, 0
6.77141e+06, 3.68505e+06, 0
7.01062e+06, 3.33447e+06, 0
9.26215e+06, 3.23598e+06, 0
3.75008e+06, 1.51312e+06, 0
1.14719e+07, 3.64469e+06, 0
4.18148e+06, 1.81017e+06, 0
4.14377e+06, 1.96155e+06, 0
1.00053e+07, 3.82177e+06, 0
5.89168e+06, 2.71774e+06, 0
7.64472e+06, 4.04545e+06, 0
5.61587e+06, 2.85696e+06, 0
3.65485e+06, 1.08402e+06, 0
5.7668e+06, 1.60872e+06, 0
4.56069e+06, 1.72047e+06, 0
3.53934e+06, 600658, 0
4.54058e+06, 1.81593e+06, 0
1.16062e+07, 5.11362e+06, 0
3.39182e+06, 1.05025e+06, 0
5.28189e+06, 2.62646e+06, 0
6.81474e+06, 2.60148e+06, 0
8.36203e+06, 4.63839e+06, 0
3.63721e+06, 1.51593e+06, 0
5.83699e+06, 757188, 0
7.99591e+06, 1.5909e+06, 0
3.04361e+06, 892338, 0
3.75356e+06, 1.30394e+06, 0
5.96584e+06, 2.19879e+06, 0
5.68452e+06, 2.81473e+06, 0
9.82611e+06, 1.70873e+06, 0
2.66344e+06, 296507, 0
6.97874e+06, 1.6542e+06, 0
4.26617e+06, 2.01197e+06, 0
6.85633e+06, 739459, 0
5.23016e+06, 918165, 0
4.69058e+06, 1.10838e+06, 0
1.35533e+07, 5.90777e+06, 0
4.7934e+06, 1.94417e+06, 0
5.59022e+06, 1.36925e+06, 0
5.41862e+06, 2.78821e+06, 0
4.3325e+06, 1.2549e+06, 0
1.20081e+07, 4.10408e+06, 0
3.81253e+06, 379499, 0
6.28438e+06, 716035, 0
7.43872e+06, 3.9978e+06, 0
9.23216e+06, 4.62263e+06, 0
5.7187e+06, 1.10546e+06, 0
8.03063e+06, 2.78296e+06, 0
8.71801e+06, 1.98278e+06, 0
3.95035e+06, 1.58644e+06, 0
4.41844e+06, 1.02991e+06, 0
5.51894e+06, 2.17711e+06, 0
5.68611e+06, 2.27923e+06, 0
9.00133e+06, 3.11557e+06, 0
3.17297e+06, 781281, 0
5.13195e+06, 1.37926e+06, 0
8.1824e+06, 3.62119e+06, 0
6.58019e+06, 3.40129e+06, 0
8.35408e+06, 767461, 0
8.50872e+06, 2.92747e+06, 0
4.23658e+06, 1.09811e+06, 0
8.02491e+06, 774890, 0
9.52755e+06, 5.35697e+06, 0
3.93119e+06, 1.41044e+06, 0
8.13155e+06, 4.51843e+06, 0
1.00102e+07, 5.29918e+06, 0
8.31825e+06, 3.5862e+06, 0
6.7032e+06, 3.11752e+06, 0
1.018e+07, 4.21026e+06, 0
1.14851e+07, 3.43592e+06, 0
6.43252e+06, 829177, 0
9.14895e+06, 4.25056e+06, 0
6.55843e+06, 1.70724e+06, 0
5.15057e+06, 2.49635e+06, 0
6.75975e+06, 938033, 0
4.79741e+06, 1.46658e+06, 0
6.06642e+06, 2.11675e+06, 0
6.94703e+06, 1.43741e+06, 0
9.49554e+06, 4.27972e+06, 0
4.50232e+06, 2.01835e+06, 0
5.67421e+06, 1.7194e+06, 0
7.34629e+06, 576440, 0
4.33316e+06, 565446, 0
3.38095e+06, 759945, 0
5.89003e+06, 2.2944e+06, 0
3.76577e+06, 1.03329e+06, 0
8.0037e+06, 2.70616e+06, 0
8.36959e+06, 1.36136e+06, 0
6.2029e+06, 1.67779e+06, 0
8.79915e+06, 1.96203e+06, 0
8.79264e+06, 2.97029e+06, 0
4.93754e+06, 654864, 0
4.33468e+06, 1.3672e+06, 0
5.58048e+06, 854839, 0
3.06588e+06, 712321, 0
3.32981e+06, 1.07945e+06, 0
1.00797e+07, 4.98261e+06, 0
6.25827e+06, 2.45362e+06, 0
6.6339e+06, 1.6613e+06, 0
6.60443e+06, 2.32987e+06, 0
9.90893e+06, 1.75243e+06, 0
5.46313e+06, 2.58966e+06, 0
1.60934e+07, 3.82003e+06, 0
9.95648e+06, 3.03642e+06, 0
7.88563e+06, 3.45907e+06, 0
1.02032e+07, 2.83285e+06, 0
5.388e+06, 2.51299e+06, 0
7.66776e+06, 2.23951e+06, 0
5.2571e+06, 2.70893e+06, 0
8.13127e+06, 1.89997e+06, 0
3.63787e+06, 872326, 0
5.31602e+06, 2.30201e+06, 0
4.80649e+06, 2.41831e+06, 0
1.03902e+07, 2.50282e+06, 0
6.48081e+06, 2.91266e+06, 0
4.52462e+06, 1.00958e+06, 0
6.80452e+06, 2.73834e+06, 0
6.13936e+06, 2.78514e+06, 0
5.89903e+06, 167002, 0
5.05096e+06, 680092, 0
1.30789e+07, 1.11627e+06, 0
3.96509e+06, 954143, 0
6.1068e+06, 2.18095e+06, 0
1.14788e+07, 3.00244e+06, 0
9.58017e+06, 4.62267e+06, 0
4.01048e+06, 592171, 0
4.47809e+06, 1.30619e+06, 0
8.17202e+06, 4.02074e+06, 0
8.87625e+06, 1.84103e+06, 0
6.49048e+06, 1.86134e+06, 0
8.69223e+06, 2.47583e+06, 0
1.76243e+07, 1.48944e+06, 0
3.63744e+06, 1.48654e+06, 0
3.47321e+06, 1.39078e+06, 0
1.16121e+07, 3.48475e+06, 0
7.75011e+06, 1.92002e+06, 0
6.33604e+06, 435514, 0
6.5027e+06, 3.37013e+06, 0
2.69696e+06, 369206, 0
9.75594e+06, 3.01896e+06, 0
5.52355e+06, 1.29924e+06, 0
8.11044e+06, 4.45005e+06, 0
5.21759e+06, 1.36813e+06, 0
8.50202e+06, 3.9478e+06, 0
4.54776e+06, 1.192e+06, 0
7.41746e+06, 3.43311e+06, 0
4.8422e+06, 970772, 0
7.96374e+06, 3.65889e+06, 0
1.0127e+07, 5.78365e+06, 0
8.62467e+06, 2.59252e+06, 0
9.46361e+06, 5.34769e+06, 0
4.35435e+06, 1.50239e+06, 0
8.1656e+06, 1.63139e+06, 0
5.96719e+06, 3.14943e+06, 0
8.67983e+06, 1.93178e+06, 0
6.7906e+06, 2.63e+06, 0
1.00271e+07, 4.56445e+06, 0
8.00797e+06, 2.41489e+06, 0
9.47677e+06, 2.24781e+06, 0
3.06496e+06, 548290, 0
6.39974e+06, 3.48554e+06, 0
3.29103e+06, 692245, 0
6.43445e+06, 2.91982e+06, 0
4.50561e+06, 847580, 0
3.79879e+06, 556187, 0
5.97743e+06, 853548, 0
6.61364e+06, 2.78467e+06, 0
5.41678e+06, 1.38653e+06, 0
9.00342e+06, 3.12492e+06, 0
7.29489e+06, 3.11701e+06, 0
9.76659e+06, 4.76327e+06, 0
7.75267e+06, 2.46231e+06, 0
8.47357e+06, 4.2037e+06, 0
7.11638e+06, 1.16805e+06, 0
8.08454e+06, 3.05517e+06, 0
5.27546e+06, 1.31166e+06, 0
7.3421e+06, 2.96969e+06, 0
8.46409e+06, 4.34126e+06, 0
7.97897e+06, 4.47469e+06, 0
8.32304e+06, 2.94943e+06, 0
7.84693e+06, 3.63933e+06, 0
7.86521e+06, 3.78856e+06, 0
3.89175e+06, 1.72292e+06, 0
8.34322e+06, 4.04465e+06, 0
3.00311e+06, 876772, 0
7.3448e+06, 3.29499e+06, 0
5.70998e+06, 983915, 0
8.60448e+06, 1.78214e+06, 0
6.43893e+06, 2.12916e+06, 0
8.44764e+06, 3.22493e+06, 0
5.1847e+06, 1.99346e+06, 0
8.63922e+06, 936268, 0
8.03092e+06, 4.25433e+06, 0
5.38903e+06, 2.21335e+06, 0
1.05175e+07, 4.0484e+06, 0
4.38401e+06, 1.97367e+06, 0
3.84345e+06, 374828, 0
1.14435e+07, 5.62424e+06, 0
5.93933e+06, 2.77742e+06, 0
3.3142e+06, 925303, 0
6.04987e+06, 2.78926e+06, 0
7.50578e+06, 1.65312e+06, 0
5.64603e+06, 2.30495e+06, 0
9.71984e+06, 3.52147e+06, 0
9.58401e+06, 5.21488e+06, 0
6.37082e+06, 2.5696e+06, 0
4.81172e+06, 2.02533e+06, 0
3.55943e+06, 1.16751e+06, 0
8.2647e+06, 3.77354e+06, 0
1.11192e+07, 3.05407e+06, 0
5.91526e+06, 1.0027e+06, 0
4.85782e+06, 857752, 0
7.95199e+06, 4.31157e+06, 0
5.08971e+06, 936551, 0
9.74924e+06, 3.81935e+06, 0
8.3203e+06, 2.14268e+06, 0
6.76731e+06, 3.58733e+06, 0
8.97714e+06, 4.56219e+06, 0
4.5461e+06, 1.82033e+06, 0
6.32264e+06, 1.88503e+06, 0
4.99186e+06, 2.3048e+06, 0
1.01083e+07, 1.85825e+06, 0
6.71993e+06, 2.06668e+06, 0
6.27739e+06, 2.91805e+06, 0
3.7077e+06, 969350, 0
5.78232e+06, 2.0915e+06, 0
5.00379e+06, 2.11996e+06, 0
9.09582e+06, 3.29134e+06, 0
6.51938e+06, 3.52762e+06, 0
7.45592e+06, 3.82278e+06, 0
6.12994e+06, 2.76793e+06, 0
9.77693e+06, 1.21836e+06, 0
4.38483e+06, 883437, 0
6.90746e+06, 2.91498e+06, 0
3.47952e+06, 758284, 0
8.29725e+06, 3.33107e+06, 0
8.43676e+06, 3.73928e+06, 0
2.85269e+06, 876772, 0
6.47545e+06, 3.16574e+06, 0
1.55148e+07, 4.20123e+06, 0
5.88879e+06, 2.8349e+06, 0
7.03367e+06, 2.74147e+06, 0
4.39291e+06, 1.18906e+06, 0
9.00478e+06, 4.90867e+06, 0
6.38923e+06, 1.26663e+06, 0
5.66616e+06, 2.11787e+06, 0
1.02785e+07, 4.961e+06, 0
3.41889e+06, 1.13192e+06, 0
9.19074e+06, 2.10405e+06, 0
5.30546e+06, 1.7816e+06, 0
9.33368e+06, 3.42388e+06, 0
6.79283e+06, 1.39224e+06, 0
8.48334e+06, 3.37763e+06, 0
1.02233e+07, 2.47643e+06, 0
8.20793e+06, 3.82003e+06, 0
6.46227e+06, 3.47951e+06, 0
4.72202e+06, 1.90649e+06, 0
5.61256e+06, 783147, 0
8.74495e+06, 1.7707e+06, 0
7.12756e+06, 2.65303e+06, 0
6.39708e+06, 3.49961e+06, 0
7.15325e+06, 2.43603e+06, 0
5.4548e+06, 2.20647e+06, 0
8.00163e+06, 2.76533e+06, 0
5.50373e+06, 1.67045e+06, 0
8.69564e+06, 3.94651e+06, 0
6.24193e+06, 2.76304e+06, 0
9.64294e+06, 4.03656e+06, 0
6.68026e+06, 1.64886e+06, 0
6.17547e+06, 2.30821e+06, 0
3.21195e+06, 952294, 0
1.26372e+07, 5.58383e+06, 0
5.86141e+06, 3.05059e+06, 0
4.90128e+06, 1.95877e+06, 0
4.72127e+06, 1.63839e+06, 0
7.54056e+06, 1.47889e+06, 0
6.51479e+06, 2.60576e+06, 0
9.4392e+06, 4.96393e+06, 0
5.57387e+06, 2.4815e+06, 0
6.28461e+06, 2.4714e+06, 0
6.30935e+06, 2.28155e+06, 0
8.34749e+06, 1.03471e+06, 0
1.00385e+07, 4.58752e+06, 0
6.22876e+06, 2.05191e+06, 0
5.73072e+06, 1.30824e+06, 0
1.08962e+07, 5.47265e+06, 0
7.30541e+06, 200400, 0
4.29054e+06, 1.45236e+06, 0
3.65458e+06, 932281, 0
3.66027e+06, 1.11809e+06, 0
6.43727e+06, 2.846e+06, 0
7.42496e+06, 1.26881e+06, 0
4.47574e+06, 1.66045e+06, 0
8.84618e+06, 2.66116e+06, 0
1.22465e+07, 4.29705e+06, 0
5.99165e+06, 3.15568e+06, 0
1.29831e+07, 7.534e+06, 0
5.80095e+06, 2.09835e+06, 0
6.42759e+06, 1.45649e+06, 0
7.10774e+06, 2.90673e+06, 0
5.59229e+06, 2.97706e+06, 0
1.00917e+07, 3.14919e+06, 0
5.25464e+06, 727024, 0
7.25015e+06, 2.69784e+06, 0
4.88268e+06, 2.40485e+06, 0
4.44028e+06, 2.11353e+06, 0
1.30333e+07, 3.18507e+06, 0
6.91799e+06, 1.02333e+06, 0
1.37132e+07, 1.4208e+06, 0
3.57945e+06, 1.13421e+06, 0
3.52781e+06, 769432, 0
6.26235e+06, 1.08153e+06, 0
9.86376e+06, 2.27158e+06, 0
6.29486e+06, 3.19912e+06, 0
4.63525e+06, 2.1136e+06, 0
4.68189e+06, 1.67832e+06, 0
7.42159e+06, 2.99412e+06, 0
3.70795e+06, 1.2555e+06, 0
5.22516e+06, 1.69685e+06, 0
7.52453e+06, 2.57867e+06, 0
4.77627e+06, 1.32451e+06, 0
6.64548e+06, 2.58144e+06, 0
1.2349e+07, 5.25738e+06, 0
1.30079e+07, 4.28335e+06, 0
4.64813e+06, 949393, 0
9.75022e+06, 2.90255e+06, 0
4.38607e+06, 1.56749e+06, 0
7.24612e+06, 403543, 0
9.21443e+06, 1.54719e+06, 0
6.17878e+06, 2.13274e+06, 0
9.14499e+06, 4.48376e+06, 0
6.81034e+06, 3.64909e+06, 0
6.19464e+06, 3.00602e+06, 0
3.79213e+06, 513423, 0
8.67791e+06, 4.56321e+06, 0
6.87097e+06, 2.74944e+06, 0
7.50875e+06, 3.90231e+06, 0
7.86382e+06, 4.41702e+06, 0
5.14634e+06, 1.3007e+06, 0
5.29193e+06, 711233, 0
6.05496e+06, 2.89596e+06, 0
1.29272e+07, 466246, 0
1.26663e+07, 5.37036e+06, 0
3.39681e+06, 1.35478e+06, 0
8.08468e+06, 3.39274e+06, 0
9.31378e+06, 3.13331e+06, 0
8.63252e+06, 2.49567e+06, 0
1.38061e+07, 4.54418e+06, 0
1.29791e+07, 6.17272e+06, 0
5.09165e+06, 195123, 0
1.2658e+07, 5.70435e+06, 0
1.03869e+07, 4.11839e+06, 0
4.4424e+06, 1.5581e+06, 0
7.66627e+06, 1.07773e+06, 0
7.61373e+06, 2.08506e+06, 0
4.62637e+06, 1.16607e+06, 0
5.01978e+06, 2.17094e+06, 0
9.42254e+06, 2.75152e+06, 0
5.79573e+06, 1.24743e+06, 0
5.53061e+06, 515843, 0
6.76121e+06, 2.09765e+06, 0
6.0941e+06, 1.6662e+06, 0
3.35653e+06, 1.02641e+06, 0
3.87249e+06, 1.42266e+06, 0
8.26729e+06, 718585, 0
8.7061e+06, 4.27893e+06, 0
3.07834e+06, 1.08956e+06, 0
4.64967e+06, 1.67428e+06, 0
6.24744e+06, 2.33677e+06, 0
5.31366e+06, 2.21814e+06, 0
1.00746e+07, 1.64934e+06, 0
4.81711e+06, 2.39999e+06, 0
5.44675e+06, 1.37638e+06, 0
6.64121e+06, 762855, 0
8.79547e+06, 2.28311e+06, 0
3.57112e+06, 908511, 0
5.42243e+06, 2.60374e+06, 0
5.31455e+06, 2.59192e+06, 0
8.6235e+06, 2.86125e+06, 0
7.83091e+06, 2.93795e+06, 0
7.66443e+06, 533173, 0
9.17717e+06, 1.01787e+06, 0
9.38503e+06, 1.37371e+06, 0
3.2397e+06, 106095, 0
1.03797e+07, 3.60557e+06, 0
6.66621e+06, 849254, 0
3.68232e+06, 948046, 0
5.50815e+06, 1.87025e+06, 0
1.01554e+07, 4.74166e+06, 0
9.68477e+06, 401535, 0
5.40854e+06, 1.6962e+06, 0
4.2126e+06, 1.46141e+06, 0
3.51786e+06, 1.43721e+06, 0
4.68705e+06, 2.01474e+06, 0
6.36969e+06, 1.67361e+06, 0
7.35949e+06, 3.69235e+06, 0
9.17403e+06, 2.94565e+06, 0
4.73915e+06, 1.18272e+06, 0
6.10662e+06, 3.17082e+06, 0
9.25154e+06, 2.68021e+06, 0
4.31871e+06, 1.18001e+06, 0
9.2207e+06, 3.39056e+06, 0
6.61065e+06, 3.14978e+06, 0
7.61745e+06, 1.75547e+06, 0
9.81055e+06, 5.6079e+06, 0
7.48797e+06, 4.18086e+06, 0
7.20773e+06, 3.26992e+06, 0
6.76149e+06, 2.61423e+06, 0
4.22028e+06, 1.28955e+06, 0
1.0498e+07, 2.91603e+06, 0
4.24175e+06, 1.66059e+06, 0
9.36817e+06, 2.2975e+06, 0
9.05914e+06, 4.39727e+06, 0
6.22545e+06, 1.07306e+06, 0
6.45827e+06, 1.69917e+06, 0
8.22415e+06, 3.1886e+06, 0
8.7031e+06, 2.34686e+06, 0
1.47683e+07, 6.77692e+06, 0
7.6285e+06, 3.86594e+06, 0
6.86569e+06, 3.28641e+06, 0
8.48012e+06, 4.77222e+06, 0
4.54402e+06, 1.36353e+06, 0
8.89249e+06, 1.80642e+06, 0
4.45931e+06, 1.46583e+06, 0
6.17478e+06, 2.67498e+06, 0
8.95898e+06, 2.58323e+06, 0
6.9741e+06, 2.63158e+06, 0
6.32288e+06, 2.28487e+06, 0
5.1498e+06, 2.66212e+06, 0
8.71218e+06, 4.77681e+06, 0
5.67729e+06, 2.27548e+06, 0
5.13828e+06, 1.29658e+06, 0
7.69449e+06, 1.13448e+06, 0
6.49646e+06, 821647, 0
5.51945e+06, 2.90759e+06, 0
5.71902e+06, 2.75e+06, 0
9.74182e+06, 1.96548e+06, 0
8.77125e+06, 1.03839e+06, 0
5.20123e+06, 772357, 0
1.01213e+07, 1.0827e+06, 0
6.52306e+06, 2.36756e+06, 0
5.30419e+06, 2.76252e+06, 0
6.9314e+06, 1.73237e+06, 0
1.29e+07, 2.69705e+06, 0
9.87868e+06, 5.01865e+06, 0
5.18974e+06, 1.68521e+06, 0
6.51739e+06, 1.39204e+06, 0
3.49147e+06, 1.02026e+06, 0
5.56502e+06, 1.90486e+06, 0
8.82342e+06, 1.25185e+06, 0
5.1272e+06, 949567, 0
5.09553e+06, 1.85923e+06, 0
7.69967e+06, 3.90787e+06, 0
7.8531e+06, 1.6793e+06, 0
3.27964e+06, 1.25267e+06, 0
5.88435e+06, 2.80293e+06, 0
7.32536e+06, 2.5891e+06, 0
7.89779e+06, 3.99024e+06, 0
1.21431e+07, 3.58979e+06, 0
3.92472e+06, 556687, 0
7.10405e+06, 3.40103e+06, 0
8.52085e+06, 985966, 0
3.42975e+06, 1.0401e+06, 0
4.19277e+06, 1.50841e+06, 0
7.54411e+06, 2.6872e+06, 0
4.31416e+06, 1.07262e+06, 0
5.30029e+06, 2.12513e+06, 0
4.43435e+06, 1.97051e+06, 0
3.99097e+06, 1.62886e+06, 0
9.96414e+06, 1.52391e+06, 0
5.26121e+06, 1.29146e+06, 0
1.18402e+07, 2.97916e+06, 0
7.91929e+06, 2.03369e+06, 0
7.45076e+06, 4.02818e+06, 0
7.51451e+06, 1.78679e+06, 0
4.6215e+06, 1.08109e+06, 0
8.93405e+06, 1.90186e+06, 0
8.28632e+06, 4.51993e+06, 0
7.81161e+06, 4.02755e+06, 0
4.70372e+06, 2.08418e+06, 0
1.2063e+07, 2.97363e+06, 0
8.44787e+06, 4.42034e+06, 0
1.06236e+07, 4.44e+06, 0
6.04344e+06, 1.19043e+06, 0
7.39017e+06, 2.76355e+06, 0
4.882e+06, 2.28884e+06, 0
5.42307e+06, 2.69561e+06, 0
1.17065e+07, 5.53733e+06, 0
5.40616e+06, 151991, 0
3.81653e+06, 1.73646e+06, 0
7.87924e+06, 1.65674e+06, 0
7.41476e+06, 3.03036e+06, 0
4.29306e+06, 980383, 0
8.22357e+06, 2.42741e+06, 0
1.17934e+07, 2.70495e+06, 0
1.09622e+07, 4.55601e+06, 0
8.34426e+06, 4.61511e+06, 0
8.16676e+06, 3.23235e+06, 0
7.21856e+06, 404882, 0
3.15877e+06, 289588, 0
6.77833e+06, 2.57581e+06, 0
5.68666e+06, 2.17027e+06, 0
9.83187e+06, 4.72645e+06, 0
1.25321e+07, 3.72279e+06, 0
4.27592e+06, 735840, 0
9.02061e+06, 1.01645e+06, 0
8.48713e+06, 1.23155e+06, 0
4.03601e+06, 1.07284e+06, 0
4.29501e+06, 1.66484e+06, 0
3.16015e+06, 735385, 0
7.85439e+06, 1.49207e+06, 0
1.16542e+07, 2.96849e+06, 0
1.16651e+07, 3.05689e+06, 0
9.60273e+06, 5.14524e+06, 0
7.24146e+06, 577362, 0
5.298e+06, 439065, 0
7.13352e+06, 3.38321e+06, 0
6.73928e+06, 3.25978e+06, 0
7.6721e+06, 2.46557e+06, 0
8.1266e+06, 2.33882e+06, 0
9.79691e+06, 3.08203e+06, 0
8.30566e+06, 1.57556e+06, 0
5.76806e+06, 275790, 0
7.31931e+06, 2.25345e+06, 0
1.07005e+07, 3.6926e+06, 0
7.6116e+06, 731527, 0
4.65604e+06, 2.2116e+06, 0
8.91824e+06, 4.34944e+06, 0
4.71621e+06, 2.28367e+06, 0
5.80133e+06, 2.16153e+06, 0
9.68462e+06, 2.24241e+06, 0
8.02643e+06, 1.53072e+06, 0
6.45904e+06, 1.01101e+06, 0
4.62932e+06, 1.30705e+06, 0
3.20034e+06, 1.12232e+06, 0
6.27839e+06, 1.52248e+06, 0
7.274e+06, 2.23299e+06, 0
5.44917e+06, 1.93513e+06, 0
2.62691e+06, 376341, 0
7.62525e+06, 3.39914e+06, 0
6.66198e+06, 2.84668e+06, 0
5.68907e+06, 2.79122e+06, 0
7.28234e+06, 2.78821e+06, 0
6.69584e+06, 1.85406e+06, 0
5.3914e+06, 630569, 0
8.31154e+06, 3.31373e+06, 0
6.04279e+06, 1.18965e+06, 0
5.1385e+06, 1.72592e+06, 0
5.35167e+06, 2.74467e+06, 0
3.63602e+06, 955564, 0
1.14819e+07, 2.78774e+06, 0
4.22984e+06, 1.62117e+06, 0
8.44788e+06, 2.98755e+06, 0
5.40626e+06, 1.17301e+06, 0
1.00187e+07, 4.22082e+06, 0
6.48385e+06, 3.52783e+06, 0
5.53595e+06, 2.40197e+06, 0
1.62987e+07, 434848, 0
5.46673e+06, 1.85726e+06, 0
5.87013e+06, 1.78452e+06, 0
7.71964e+06, 4.05423e+06, 0
5.3736e+06, 2.66758e+06, 0
6.87881e+06, 2.63588e+06, 0
3.7271e+06, 1.48905e+06, 0
8.30905e+06, 2.06521e+06, 0
6.32827e+06, 827182, 0
7.08249e+06, 1.95721e+06, 0
9.65298e+06, 1.66191e+06, 0
8.24008e+06, 3.61385e+06, 0
5.84686e+06, 2.17478e+06, 0
7.76725e+06, 1.89129e+06, 0
5.89252e+06, 2.00163e+06, 0
6.76001e+06, 1.59259e+06, 0
5.00968e+06, 2.13638e+06, 0
5.67194e+06, 2.81805e+06, 0
7.71535e+06, 2.88846e+06, 0
6.05341e+06, 1.33479e+06, 0
9.87261e+06, 5.07867e+06, 0
1.12287e+07, 6.32853e+06, 0
5.5448e+06, 734070, 0
1.04564e+07, 3.378e+06, 0
1.01266e+07, 2.53382e+06, 0
1.11359e+07, 4.26948e+06, 0
5.0727e+06, 2.61467e+06, 0
8.17385e+06, 3.291e+06, 0
9.04415e+06, 1.19181e+06, 0
7.66556e+06, 3.322e+06, 0
5.92302e+06, 3.0803e+06, 0
1.41828e+07, 1.3578e+06, 0
7.72385e+06, 2.5416e+06, 0
9.58039e+06, 4.06432e+06, 0
6.95851e+06, 2.27242e+06, 0
1.11938e+07, 4.50535e+06, 0
6.49246e+06, 767969, 0
8.38599e+06, 3.61571e+06, 0
3.34942e+06, 1.34968e+06, 0
7.01865e+06, 583718, 0
8.44534e+06, 4.22433e+06, 0
5.15814e+06, 2.40099e+06, 0
8.56835e+06, 3.28229e+06, 0
4.6637e+06, 1.08893e+06, 0
6.84838e+06, 796459, 0
1.01223e+07, 2.89916e+06, 0
7.49259e+06, 645111, 0
5.00055e+06, 2.39057e+06, 0
8.2012e+06, 1.7725e+06, 0
7.09314e+06, 2.57575e+06, 0
3.37661e+06, 693020, 0
8.76432e+06, 3.53899e+06, 0
8.25173e+06, 3.68282e+06, 0
4.4535e+06, 213599, 0
1.23713e+07, 5.97878e+06, 0
4.39884e+06, 2.00987e+06, 0
6.85961e+06, 2.93343e+06, 0
6.00569e+06, 2.30785e+06, 0
3.61064e+06, 1.11753e+06, 0
7.80934e+06, 3.82466e+06, 0
1.25947e+07, 4.1916e+06, 0
9.0843e+06, 1.36743e+06, 0
8.71699e+06, 3.60793e+06, 0
5.6657e+06, 2.52468e+06, 0
5.12872e+06, 2.67151e+06, 0
4.91413e+06, 2.3815e+06, 0
5.95633e+06, 2.2791e+06, 0
5.69746e+06, 2.74876e+06, 0
6.08893e+06, 651087, 0
9.64087e+06, 1.68666e+06, 0
6.44321e+06, 2.50498e+06, 0
9.08014e+06, 3.35655e+06, 0
9.37775e+06, 5.04618e+06, 0
3.13132e+06, 489542, 0
3.37654e+06, 1.0342e+06, 0
1.0837e+07, 4.95514e+06, 0
4.03778e+06, 1.21244e+06, 0
6.85539e+06, 2.55273e+06, 0
7.75584e+06, 2.11025e+06, 0
7.17589e+06, 3.55205e+06, 0
8.52719e+06, 4.40137e+06, 0
3.80183e+06, 947760, 0
5.45388e+06, 2.344e+06, 0
1.28589e+07, 275327, 0
1.11957e+07, 4.27747e+06, 0
4.85469e+06, 2.08409e+06, 0
1.19104e+07, 3.75791e+06, 0
8.56962e+06, 2.24872e+06, 0
7.11992e+06, 2.14695e+06, 0
4.08095e+06, 968042, 0
5.55309e+06, 977873, 0
7.85141e+06, 3.29571e+06, 0
7.6998e+06, 696949, 0
7.12666e+06, 1.98793e+06, 0
3.73766e+06, 1.67929e+06, 0
5.57064e+06, 2.39658e+06, 0
7.89885e+06, 2.36457e+06, 0
3.88511e+06, 1.73075e+06, 0
5.36221e+06, 2.14646e+06, 0
8.51617e+06, 3.1651e+06, 0
5.46496e+06, 649787, 0
3.62983e+06, 178883, 0
4.73195e+06, 2.09494e+06, 0
6.04043e+06, 1.43101e+06, 0
6.57264e+06, 2.67469e+06, 0
7.01998e+06, 3.12235e+06, 0
5.39015e+06, 2.37814e+06, 0
7.18578e+06, 2.04055e+06, 0
6.39154e+06, 1.55488e+06, 0
9.33929e+06, 3.18982e+06, 0
9.87499e+06, 292774, 0
7.79085e+06, 3.43693e+06, 0
8.4136e+06, 354805, 0
9.50692e+06, 4.41193e+06, 0
6.29169e+06, 1.21336e+06, 0
1.14227e+07, 5.38193e+06, 0
3.61435e+06, 1.5867e+06, 0
4.7806e+06, 799022, 0
6.82339e+06, 2.64211e+06, 0
5.22738e+06, 1.23622e+06, 0
6.0128e+06, 438632, 0
3.18791e+06, 1.00908e+06, 0
5.42827e+06, 1.75455e+06, 0
3.45533e+06, 783697, 0
7.80257e+06, 3.74065e+06, 0
4.92068e+06, 2.10587e+06, 0
5.68728e+06, 1.17525e+06, 0
1.39694e+07, 441344, 0
4.07913e+06, 1.82586e+06, 0
6.66439e+06, 1.2349e+06, 0
4.31076e+06, 1.08848e+06, 0
4.22423e+06, 1.74201e+06, 0
7.43653e+06, 648947, 0
5.81922e+06, 2.32173e+06, 0
6.19154e+06, 1.8278e+06, 0
6.46647e+06, 3.36613e+06, 0
6.18256e+06, 2.30329e+06, 0
5.37027e+06, 1.02829e+06, 0
3.82803e+06, 426450, 0
5.54897e+06, 1.52981e+06, 0
1.03215e+07, 3.6479e+06, 0
3.97471e+06, 1.65362e+06, 0
4.44753e+06, 1.02015e+06, 0
7.42425e+06, 3.07376e+06, 0
4.26515e+06, 1.8065e+06, 0
8.40664e+06, 4.36652e+06, 0
9.41025e+06, 2.32956e+06, 0
6.43073e+06, 3.42098e+06, 0
8.58503e+06, 2.6619e+06, 0
6.10023e+06, 1.84264e+06, 0
5.0368e+06, 1.81826e+06, 0
1.367e+07, 4.21346e+06, 0
7.96887e+06, 2.10909e+06, 0
9.12227e+06, 2.36087e+06, 0
5.62918e+06, 1.61726e+06, 0
3.86445e+06, 1.21985e+06, 0
8.9868e+06, 240983, 0
4.91179e+06, 481563, 0
1.26782e+07, 1.10727e+06, 0
8.22892e+06, 2.97055e+06, 0
8.60327e+06, 3.22589e+06, 0
4.16682e+06, 1.9192e+06, 0
5.10883e+06, 346890, 0
2.56284e+06, 449462, 0
5.62245e+06, 2.96735e+06, 0
6.31445e+06, 575915, 0
3.69688e+06, 1.4871e+06, 0
6.0697e+06, 2.54159e+06, 0
7.25282e+06, 2.23488e+06, 0
3.66633e+06, 1.12571e+06, 0
8.86216e+06, 2.70176e+06, 0
3.49599e+06, 796672, 0
4.00526e+06, 1.10408e+06, 0
4.68698e+06, 1.93943e+06, 0
6.03107e+06, 588486, 0
6.26657e+06, 2.21967e+06, 0
3.92739e+06, 1.05907e+06, 0
7.90656e+06, 1.79447e+06, 0
5.77717e+06, 3.05499e+06, 0
6.66539e+06, 2.66098e+06, 0
6.00191e+06, 2.89745e+06, 0
3.6625e+06, 818225, 0
7.1884e+06, 3.77021e+06, 0
6.27657e+06, 2.93473e+06, 0
6.92039e+06, 2.10222e+06, 0
7.33905e+06, 3.2401e+06, 0
7.8081e+06, 4.13284e+06, 0
3.49682e+06, 413140, 0
1.00316e+07, 5.50454e+06, 0
5.03315e+06, 2.58952e+06, 0
3.65376e+06, 1.37028e+06, 0
8.12224e+06, 1.22673e+06, 0
5.47016e+06, 2.79642e+06, 0
7.07994e+06, 2.61678e+06, 0
8.44822e+06, 3.70292e+06, 0
5.27255e+06, 2.52735e+06, 0
8.92636e+06, 1.95625e+06, 0
9.55418e+06, 1.80358e+06, 0
7.83058e+06, 2.53299e+06, 0
9.43965e+06, 1.99625e+06, 0
4.09251e+06, 1.70418e+06, 0
6.43775e+06, 2.92419e+06, 0
7.4906e+06, 2.65766e+06, 0
7.88836e+06, 4.02511e+06, 0
5.32613e+06, 2.01461e+06, 0
6.769e+06, 1.79869e+06, 0
8.25519e+06, 2.96165e+06, 0
7.7494e+06, 2.43946e+06, 0
2.86921e+06, 662275, 0
9.69165e+06, 3.27284e+06, 0
8.73992e+06, 3.56832e+06, 0
8.4698e+06, 4.77549e+06, 0
1.04075e+07, 3.08371e+06, 0
7.0206e+06, 940698, 0
7.15064e+06, 3.53518e+06, 0
3.95673e+06, 1.13383e+06, 0
5.51675e+06, 1.96363e+06, 0
4.98681e+06, 1.31901e+06, 0
6.15044e+06, 2.39851e+06, 0
5.39029e+06, 2.01634e+06, 0
6.03114e+06, 551773, 0
8.68456e+06, 2.36827e+06, 0
1.09823e+07, 3.9442e+06, 0
9.49568e+06, 5.35169e+06, 0
7.0883e+06, 817760, 0
8.28611e+06, 3.85359e+06, 0
9.24312e+06, 2.1111e+06, 0
5.47463e+06, 2.18439e+06, 0
9.74499e+06, 977527, 0
7.2228e+06, 3.48032e+06, 0
4.53858e+06, 1.58474e+06, 0
6.70607e+06, 2.37942e+06, 0
8.31488e+06, 997716, 0
8.02194e+06, 2.78878e+06, 0
8.45153e+06, 3.20512e+06, 0
6.93837e+06, 3.26189e+06, 0
6.2704e+06, 3.10559e+06, 0
8.40343e+06, 2.80394e+06, 0
1.16308e+07, 3.6625e+06, 0
9.23791e+06, 1.53579e+06, 0
6.51228e+06, 3.26645e+06, 0
5.66453e+06, 1.83111e+06, 0
1.2074e+07, 3.10607e+06, 0
5.68109e+06, 2.00055e+06, 0
2.88583e+06, 886828, 0
6.55835e+06, 790244, 0
6.34752e+06, 2.26205e+06, 0
5.41622e+06, 1.97867e+06, 0
7.12544e+06, 2.84545e+06, 0
8.1098e+06, 4.10634e+06, 0
5.25159e+06, 1.81138e+06, 0
3.1271e+06, 294934, 0
8.56522e+06, 2.88132e+06, 0
8.30903e+06, 2.77085e+06, 0
6.77631e+06, 2.32997e+06, 0
1.09372e+07, 3.15867e+06, 0
8.03452e+06, 737649, 0
7.45464e+06, 1.47194e+06, 0
9.59939e+06, 3.23047e+06, 0
3.99066e+06, 851949, 0
4.71772e+06, 2.38671e+06, 0
2.92677e+06, 612855, 0
5.10825e+06, 1.83302e+06, 0
8.26626e+06, 1.75891e+06, 0
7.49997e+06, 175270, 0
3.92025e+06, 1.79893e+06, 0
6.21701e+06, 2.0209e+06, 0
8.84424e+06, 3.23698e+06, 0
8.58803e+06, 1.75512e+06, 0
7.7561e+06, 2.42041e+06, 0
4.01499e+06, 1.53237e+06, 0
9.50245e+06, 3.52602e+06, 0
5.91911e+06, 2.15539e+06, 0
5.65241e+06, 2.14923e+06, 0
8.31517e+06, 1.04286e+06, 0
3.79482e+06, 735461, 0
9.34525e+06, 3.72642e+06, 0
6.03957e+06, 381603, 0
7.53824e+06, 4.17147e+06, 0
3.53993e+06, 1.50117e+06, 0
6.91657e+06, 2.68716e+06, 0
8.15958e+06, 2.8887e+06, 0
9.56451e+06, 4.85096e+06, 0
6.50596e+06, 1.71144e+06, 0
7.32572e+06, 1.53351e+06, 0
7.04326e+06, 3.39881e+06, 0
9.2323e+06, 3.67064e+06, 0
6.20435e+06, 2.8798e+06, 0
4.31509e+06, 608837, 0
1.03824e+07, 4.61511e+06, 0
1.02995e+07, 3.49005e+06, 0
7.81379e+06, 1.9975e+06, 0
4.28696e+06, 1.69081e+06, 0
3.79168e+06, 1.52011e+06, 0
1.26054e+07, 3.27866e+06, 0
7.90262e+06, 2.4357e+06, 0
9.05346e+06, 5.1029e+06, 0
5.45278e+06, 1.43526e+06, 0
1.12762e+07, 1.54924e+06, 0
5.72632e+06, 3.03005e+06, 0
1.08286e+07, 3.00869e+06, 0
5.48568e+06, 1.71186e+06, 0
9.28183e+06, 3.51413e+06, 0
5.20881e+06, 1.43411e+06, 0
6.45899e+06, 3.35419e+06, 0
7.12655e+06, 3.24885e+06, 0
1.06967e+07, 2.04377e+06, 0
6.55911e+06, 3.02192e+06, 0
7.45057e+06, 780734, 0
6.22289e+06, 3.31268e+06, 0
1.13458e+07, 837370, 0
6.57027e+06, 1.52716e+06, 0
8.9298e+06, 1.8121e+06, 0
1.39016e+07, 1.58726e+06, 0
9.11682e+06, 4.18775e+06, 0
4.67963e+06, 885745, 0
5.11986e+06, 1.61278e+06, 0
6.72679e+06, 3.58466e+06, 0
7.12217e+06, 1.4016e+06, 0
5.01599e+06, 2.49773e+06, 0
9.40278e+06, 2.06779e+06, 0
8.75865e+06, 4.93996e+06, 0
3.64598e+06, 1.29531e+06, 0
8.68264e+06, 3.98497e+06, 0
7.03433e+06, 1.60361e+06, 0
3.04951e+06, 369932, 0
7.24159e+06, 3.93101e+06, 0
6.53107e+06, 2.14138e+06, 0
5.3718e+06, 253201, 0
7.91129e+06, 3.35653e+06, 0
6.43288e+06, 1.8905e+06, 0
1.00337e+07, 5.06088e+06, 0
8.37085e+06, 4.72888e+06, 0
8.88073e+06, 2.2563e+06, 0
4.18715e+06, 1.76323e+06, 0
6.83742e+06, 3.66337e+06, 0
1.03219e+07, 3.29684e+06, 0
6.45471e+06, 2.86358e+06, 0
9.63898e+06, 3.90322e+06, 0
5.56596e+06, 1.64926e+06, 0
4.39584e+06, 1.82271e+06, 0
7.91242e+06, 4.10655e+06, 0
5.27837e+06, 2.50185e+06, 0
8.41217e+06, 2.47573e+06, 0
3.05842e+06, 835159, 0
3.7309e+06, 744886, 0
7.22654e+06, 2.05002e+06, 0
1.1404e+07, 4.649e+06, 0
8.4312e+06, 4.04569e+06, 0
5.52207e+06, 2.89532e+06, 0
5.28359e+06, 1.76341e+06, 0
1.16083e+07, 6.24499e+06, 0
7.71358e+06, 3.61645e+06, 0
4.75579e+06, 1.89512e+06, 0
6.33185e+06, 3.09125e+06, 0
5.6142e+06, 2.49727e+06, 0
1.25723e+07, 5.58336e+06, 0
4.28184e+06, 1.90014e+06, 0
7.32367e+06, 3.74015e+06, 0
3.22947e+06, 736756, 0
8.58235e+06, 4.45771e+06, 0
1.00138e+07, 2.6872e+06, 0
4.28918e+06, 1.48328e+06, 0
6.76716e+06, 2.0541e+06, 0
4.44964e+06, 1.46787e+06, 0
4.96255e+06, 2.55427e+06, 0
7.86202e+06, 1.17261e+06, 0
8.75327e+06, 3.73981e+06, 0
3.74833e+06, 1.16321e+06, 0
1.25294e+07, 2.1398e+06, 0
4.64348e+06, 1.53727e+06, 0
7.68218e+06, 3.89841e+06, 0
7.41961e+06, 3.27593e+06, 0
8.74756e+06, 3.35931e+06, 0
9.80424e+06, 1.59298e+06, 0
1.34916e+07, 811863, 0
9.75887e+06, 4.97596e+06, 0
1.02004e+07, 5.13936e+06, 0
6.56082e+06, 1.10886e+06, 0
8.5052e+06, 360966, 0
4.98518e+06, 1.62995e+06, 0
7.27528e+06, 3.09816e+06, 0
8.57905e+06, 2.60228e+06, 0
5.52111e+06, 1.16242e+06, 0
5.40182e+06, 2.4615e+06, 0
6.64971e+06, 2.55922e+06, 0
8.98523e+06, 4.59182e+06, 0
7.09262e+06, 2.26697e+06, 0
6.91725e+06, 3.62118e+06, 0
7.70549e+06, 1.93687e+06, 0
3.68822e+06, 1.01074e+06, 0
1.0715e+07, 3.73025e+06, 0
7.19241e+06, 3.26803e+06, 0
3.83761e+06, 1.07786e+06, 0
6.7097e+06, 1.63379e+06, 0
1.24095e+07, 4.65647e+06, 0
4.20433e+06, 1.72826e+06, 0
5.88426e+06, 2.492e+06, 0
6.12038e+06, 1.47732e+06, 0
6.72004e+06, 3.41556e+06, 0
3.75529e+06, 1.13327e+06, 0
8.67345e+06, 414908, 0
4.47659e+06, 1.63581e+06, 0
6.8952e+06, 2.2856e+06, 0
9.04388e+06, 3.86017e+06, 0
5.58862e+06, 2.52057e+06, 0
5.59882e+06, 2.42654e+06, 0
4.71739e+06, 2.08075e+06, 0
4.01868e+06, 1.21708e+06, 0
4.89592e+06, 1.45883e+06, 0
4.75747e+06, 2.00526e+06, 0
5.49389e+06, 2.63846e+06, 0
8.29449e+06, 4.08017e+06, 0
5.67276e+06, 1.51833e+06, 0
7.68876e+06, 2.97188e+06, 0
1.24586e+07, 1.64163e+06, 0
7.02723e+06, 2.65978e+06, 0
8.46144e+06, 1.61115e+06, 0
6.26137e+06, 2.78156e+06, 0
7.15002e+06, 2.52861e+06, 0
6.26623e+06, 1.47262e+06, 0
8.89559e+06, 1.06819e+06, 0
3.32415e+06, 112625, 0
7.71871e+06, 2.99253e+06, 0
1.05644e+07, 5.2442e+06, 0
6.91551e+06, 2.34521e+06, 0
6.01634e+06, 2.77386e+06, 0
9.65718e+06, 545613, 0
5.99367e+06, 2.55675e+06, 0
7.93857e+06, 3.37842e+06, 0
7.35138e+06, 453723, 0
3.5008e+06, 1.36179e+06, 0
5.5164e+06, 447079, 0
8.74288e+06, 3.57438e+06, 0
1.33273e+07, 2.50689e+06, 0
7.69326e+06, 504847, 0
3.64576e+06, 1.32861e+06, 0
3.85672e+06, 1.09834e+06, 0
5.5349e+06, 1.50422e+06, 0
8.04455e+06, 3.09224e+06, 0
6.57006e+06, 1.20256e+06, 0
9.44046e+06, 3.08461e+06, 0
7.33068e+06, 1.62737e+06, 0
4.03347e+06, 1.7223e+06, 0
7.40997e+06, 502313, 0
4.30085e+06, 1.74896e+06, 0
8.39214e+06, 1.08238e+06, 0
4.78225e+06, 2.35559e+06, 0
3.38641e+06, 1.26138e+06, 0
6.26563e+06, 2.64256e+06, 0
8.86143e+06, 4.41696e+06, 0
3.13723e+06, 257842, 0
4.27812e+06, 755591, 0
5.55664e+06, 2.54719e+06, 0
9.92769e+06, 4.50482e+06, 0
4.13073e+06, 1.64885e+06, 0
4.65143e+06, 1.86632e+06, 0
3.10915e+06, 762090, 0
7.2975e+06, 3.10968e+06, 0
5.36621e+06, 1.69777e+06, 0
8.51241e+06, 3.24858e+06, 0
5.28992e+06, 2.47402e+06, 0
8.12979e+06, 3.7917e+06, 0
7.40785e+06, 3.42357e+06, 0
1.02946e+07, 3.59339e+06, 0
1.24694e+07, 2.6687e+06, 0
6.20699e+06, 2.86083e+06, 0
1.1954e+07, 6.88554e+06, 0
5.79648e+06, 1.31057e+06, 0
6.82784e+06, 2.01442e+06, 0
5.2487e+06, 868813, 0
8.1247e+06, 1.8657e+06, 0
4.87109e+06, 1.90491e+06, 0
9.96651e+06, 5.36417e+06, 0
5.76871e+06, 1.24336e+06, 0
3.21764e+06, 409793, 0
5.13974e+06, 2.54282e+06, 0
6.84951e+06, 2.06345e+06, 0
6.32077e+06, 2.36887e+06, 0
8.09299e+06, 4.33949e+06, 0
1.15921e+07, 6.56181e+06, 0
4.73807e+06, 1.0727e+06, 0
5.42933e+06, 1.96707e+06, 0
7.62221e+06, 1.49461e+06, 0
1.15399e+07, 4.71658e+06, 0
7.82686e+06, 4.2083e+06, 0
8.42241e+06, 908355, 0
6.19052e+06, 2.71765e+06, 0
4.92405e+06, 2.05735e+06, 0
9.18614e+06, 3.76353e+06, 0
7.36668e+06, 1.32757e+06, 0
7.67168e+06, 4.06018e+06, 0
4.5627e+06, 2.12692e+06, 0
8.0557e+06, 1.31295e+06, 0
6.46601e+06, 1.29411e+06, 0
1.02352e+07, 4.05389e+06, 0
4.6524e+06, 976600, 0
8.96371e+06, 3.43938e+06, 0
1.0236e+07, 1.95528e+06, 0
8.8498e+06, 2.66453e+06, 0
8.0301e+06, 2.93092e+06, 0
5.03918e+06, 1.87946e+06, 0
6.99145e+06, 3.10383e+06, 0
8.15575e+06, 4.24501e+06, 0
8.42936e+06, 3.2776e+06, 0
8.17465e+06, 4.57334e+06, 0
8.31686e+06, 1.69528e+06, 0
8.99274e+06, 1.8683e+06, 0
3.5027e+06, 1.4075e+06, 0
5.59112e+06, 1.8457e+06, 0
7.55002e+06, 1.78255e+06, 0
5.68466e+06, 613311, 0
4.72653e+06, 2.13435e+06, 0
9.15118e+06, 4.89364e+06, 0
4.90796e+06, 522032, 0
4.54464e+06, 2.27355e+06, 0
7.22451e+06, 2.04143e+06, 0
6.77527e+06, 3.23976e+06, 0
8.85105e+06, 4.02284e+06, 0
4.2694e+06, 1.80202e+06, 0
5.16516e+06, 2.13587e+06, 0
8.35086e+06, 1.71463e+06, 0
5.9027e+06, 2.47081e+06, 0
5.98394e+06, 684993, 0
4.55225e+06, 1.22194e+06, 0
5.81927e+06, 2.03944e+06, 0
1.15806e+07, 2.56077e+06, 0
6.37614e+06, 2.99779e+06, 0
7.24278e+06, 3.17149e+06, 0
7.24317e+06, 3.52983e+06, 0
1.04467e+07, 5.04062e+06, 0
6.558e+06, 3.54012e+06, 0
4.60582e+06, 1.70706e+06, 0
6.62357e+06, 2.74369e+06, 0
4.00106e+06, 1.04065e+06, 0
4.72458e+06, 1.71836e+06, 0
7.94471e+06, 2.80401e+06, 0
3.40373e+06, 723987, 0
4.72985e+06, 1.75099e+06, 0
5.58033e+06, 2.01376e+06, 0
5.20684e+06, 2.45955e+06, 0
7.82728e+06, 3.09418e+06, 0
1.04259e+07, 3.47821e+06, 0
4.86022e+06, 1.61684e+06, 0
4.51251e+06, 1.95311e+06, 0
9.50173e+06, 3.03275e+06, 0
5.37718e+06, 1.32874e+06, 0
7.913e+06, 3.29506e+06, 0
8.31694e+06, 4.41732e+06, 0
6.0663e+06, 2.00285e+06, 0
9.2127e+06, 2.89098e+06, 0
7.9046e+06, 3.12918e+06, 0
3.39937e+06, 1.37966e+06, 0
1.18621e+07, 4.40636e+06, 0
1.29135e+07, 2.73368e+06, 0
3.63866e+06, 1.04283e+06, 0
6.2896e+06, 2.71363e+06, 0
3.80426e+06, 823428, 0
5.35519e+06, 2.48382e+06, 0
4.85565e+06, 1.37555e+06, 0
1.20597e+07, 1.12288e+06, 0
7.08602e+06, 3.80244e+06, 0
7.07868e+06, 2.61305e+06, 0
1.10164e+07, 2.81257e+06, 0
4.9185e+06, 2.41585e+06, 0
3.14262e+06, 865637, 0
3.64681e+06, 703663, 0
4.66836e+06, 1.66646e+06, 0
5.45964e+06, 1.16485e+06, 0
4.98049e+06, 950258, 0
1.16741e+07, 3.92921e+06, 0
1.07846e+07, 3.42695e+06, 0
6.49674e+06, 2.66213e+06, 0
6.17337e+06, 3.22934e+06, 0
1.01121e+07, 3.93211e+06, 0
7.62038e+06, 2.2963e+06, 0
3.98439e+06, 1.31209e+06, 0
9.43594e+06, 1.16223e+06, 0
9.79914e+06, 5.01201e+06, 0
1.22444e+07, 1.9559e+06, 0
2.75936e+06, 182566, 0
8.0098e+06, 1.44599e+06, 0
3.93667e+06, 1.31644e+06, 0
8.86701e+06, 1.90692e+06, 0
7.7631e+06, 4.24966e+06, 0
1.178e+07, 2.22969e+06, 0
6.08181e+06, 2.17039e+06, 0
8.58577e+06, 3.10236e+06, 0
1.15521e+07, 2.67261e+06, 0
7.51694e+06, 2.32906e+06, 0
8.97193e+06, 3.32583e+06, 0
7.31925e+06, 3.51956e+06, 0
8.58129e+06, 2.70808e+06, 0
7.88216e+06, 4.34701e+06, 0
4.04449e+06, 1.54814e+06, 0
7.51588e+06, 1.06232e+06, 0
5.83823e+06, 1.56911e+06, 0
8.06118e+06, 2.57479e+06, 0
9.29925e+06, 3.77007e+06, 0
5.25797e+06, 1.84663e+06, 0
6.93319e+06, 3.39586e+06, 0
4.55474e+06, 1.56192e+06, 0
7.22678e+06, 1.86347e+06, 0
7.86638e+06, 4.39831e+06, 0
1.27028e+07, 6.1424e+06, 0
1.00194e+07, 4.30142e+06, 0
6.34465e+06, 2.1257e+06, 0
8.61988e+06, 3.51506e+06, 0
3.3619e+06, 1.31519e+06, 0
8.92505e+06, 4.8151e+06, 0
5.40961e+06, 1.80507e+06, 0
4.68275e+06, 1.39499e+06, 0
3.06599e+06, 655787, 0
5.35459e+06, 2.22106e+06, 0
9.26367e+06, 4.75092e+06, 0
6.13249e+06, 2.4903e+06, 0
7.27134e+06, 2.20785e+06, 0
6.49703e+06, 1.98592e+06, 0
6.04667e+06, 2.65117e+06, 0
4.15609e+06, 1.93339e+06, 0
6.21714e+06, 2.863e+06, 0
4.6748e+06, 2.35274e+06, 0
4.71796e+06, 1.22877e+06, 0
4.5648e+06, 655827, 0
3.13309e+06, 526129, 0
6.68328e+06, 1.17546e+06, 0
7.32682e+06, 2.44426e+06, 0
8.31321e+06, 1.11492e+06, 0
9.42924e+06, 4.51278e+06, 0
9.55629e+06, 4.50557e+06, 0
7.314e+06, 2.89606e+06, 0
8.75877e+06, 1.85778e+06, 0
7.12714e+06, 2.97006e+06, 0
6.83505e+06, 2.0553e+06, 0
6.49001e+06, 2.86368e+06, 0
8.2297e+06, 4.49837e+06, 0
9.40678e+06, 3.42431e+06, 0
1.20003e+07, 3.84841e+06, 0
6.95479e+06, 3.47465e+06, 0
7.27152e+06, 2.76389e+06, 0
8.60756e+06, 3.25223e+06, 0
1.0507e+07, 676072, 0
9.06595e+06, 2.68044e+06, 0
4.87545e+06, 2.48774e+06, 0
1.14439e+07, 3.21255e+06, 0
8.43935e+06, 3.25704e+06, 0
5.20706e+06, 2.17478e+06, 0
9.23694e+06, 4.35087e+06, 0
6.61927e+06, 3.51762e+06, 0
1.0562e+07, 5.14506e+06, 0
8.59296e+06, 2.099e+06, 0
6.0045e+06, 1.72971e+06, 0
4.84777e+06, 2.4154e+06, 0
1.19958e+07, 1.51568e+06, 0
3.31565e+06, 503364, 0
2.96464e+06, 389227, 0
6.83722e+06, 2.42571e+06, 0
5.70431e+06, 1.55024e+06, 0
5.30437e+06, 1.58965e+06, 0
7.59861e+06, 738123, 0
7.64492e+06, 836821, 0
5.59539e+06, 2.32146e+06, 0
7.15897e+06, 1.34869e+06, 0
5.68095e+06, 2.88192e+06, 0
7.8944e+06, 3.63175e+06, 0
5.43201e+06, 1.75364e+06, 0
7.85509e+06, 871301, 0
5.44809e+06, 1.88048e+06, 0
1.25261e+07, 4.29971e+06, 0
6.72955e+06, 363642, 0
5.09993e+06, 2.52221e+06, 0
7.09016e+06, 2.24961e+06, 0
6.66547e+06, 60687.7, 0
4.9098e+06, 1.32951e+06, 0
4.6828e+06, 1.92623e+06, 0
9.77095e+06, 1.582e+06, 0
6.57421e+06, 2.29083e+06, 0
7.79285e+06, 3.52585e+06, 0
4.47345e+06, 1.32054e+06, 0
8.4972e+06, 4.61988e+06, 0
4.89953e+06, 2.05291e+06, 0
4.98909e+06, 2.01577e+06, 0
4.1163e+06, 1.5461e+06, 0
7.45483e+06, 4.03208e+06, 0
3.26924e+06, 1.26918e+06, 0
4.32204e+06, 1.79176e+06, 0
4.437e+06, 1.30391e+06, 0
5.0004e+06, 2.54585e+06, 0
9.01549e+06, 2.45485e+06, 0
9.37494e+06, 4.97859e+06, 0
3.50658e+06, 628800, 0
9.31712e+06, 3.92123e+06, 0
8.54167e+06, 2.90951e+06, 0
1.06441e+07, 4.16321e+06, 0
8.22029e+06, 2.5051e+06, 0
9.36397e+06, 4.52478e+06, 0
5.69251e+06, 1.98091e+06, 0
6.81549e+06, 1.17992e+06, 0
4.99685e+06, 1.99554e+06, 0
7.59179e+06, 4.15858e+06, 0
6.95182e+06, 1.34233e+06, 0
6.1436e+06, 2.38512e+06, 0
1.21726e+07, 4.25052e+06, 0
6.6067e+06, 868451, 0
7.45962e+06, 2.51207e+06, 0
6.26628e+06, 2.28949e+06, 0
1.12672e+07, 2.91727e+06, 0
5.75657e+06, 2.12694e+06, 0
9.18396e+06, 1.95315e+06, 0
1.06703e+07, 2.99446e+06, 0
5.71726e+06, 2.90485e+06, 0
3.8176e+06, 921117, 0
1.04537e+07, 3.18699e+06, 0
5.143e+06, 1.43338e+06, 0
5.14092e+06, 2.20652e+06, 0
7.30415e+06, 2.79384e+06, 0
7.89479e+06, 2.72114e+06, 0
4.62503e+06, 1.39696e+06, 0
6.89923e+06, 2.42768e+06, 0
6.75635e+06, 2.96619e+06, 0
4.92264e+06, 703676, 0
6.02009e+06, 2.28633e+06, 0
7.71267e+06, 4.32622e+06, 0
4.13312e+06, 906472, 0
5.23702e+06, 575618, 0
6.41965e+06, 2.37454e+06, 0
1.19504e+07, 1.38542e+06, 0
5.34105e+06, 1.21769e+06, 0
7.85859e+06, 4.16231e+06, 0
3.62348e+06, 1.19432e+06, 0
5.83517e+06, 2.61903e+06, 0
7.26534e+06, 2.87553e+06, 0
7.95592e+06, 1.93445e+06, 0
9.02528e+06, 4.659e+06, 0
6.6912e+06, 2.16025e+06, 0
8.21475e+06, 1.61212e+06, 0
3.38374e+06, 343132, 0
6.72225e+06, 1.80271e+06, 0
9.80813e+06, 3.07926e+06, 0
7.17663e+06, 2.29276e+06, 0
5.27378e+06, 2.54325e+06, 0
7.77235e+06, 516059, 0
6.43907e+06, 2.90637e+06, 0
6.15418e+06, 1.94449e+06, 0
9.39697e+06, 5.03723e+06, 0
3.8232e+06, 1.35475e+06, 0
8.01475e+06, 2.53025e+06, 0
7.79222e+06, 1.72247e+06, 0
3.77566e+06, 724381, 0
7.65539e+06, 1.77821e+06, 0
7.93961e+06, 3.21399e+06, 0
7.98201e+06, 519576, 0
4.15573e+06, 1.97789e+06, 0
4.96788e+06, 959938, 0
3.06798e+06, 268223, 0
6.6356e+06, 1.88733e+06, 0
6.32126e+06, 2.11736e+06, 0
9.97008e+06, 4.92776e+06, 0
5.25583e+06, 2.00545e+06, 0
7.83215e+06, 3.59854e+06, 0
9.93553e+06, 3.22535e+06, 0
6.98828e+06, 3.15011e+06, 0
5.95296e+06, 894561, 0
8.27186e+06, 2.18714e+06, 0
3.9415e+06, 891460, 0
5.19807e+06, 2.00414e+06, 0
5.48415e+06, 2.72616e+06, 0
9.41097e+06, 1.88991e+06, 0
5.44042e+06, 1.7407e+06, 0
4.13987e+06, 1.1841e+06, 0
3.2067e+06, 557602, 0
3.85202e+06, 1.19915e+06, 0
6.02365e+06, 2.77216e+06, 0
5.33705e+06, 2.70478e+06, 0
8.2892e+06, 1.69346e+06, 0
4.56512e+06, 1.42443e+06, 0
6.19176e+06, 477381, 0
9.19417e+06, 3.82742e+06, 0
7.03912e+06, 2.88705e+06, 0
6.95816e+06, 2.51137e+06, 0
7.53565e+06, 3.98197e+06, 0
8.94135e+06, 1.59181e+06, 0
7.08069e+06, 1.35691e+06, 0
6.65301e+06, 2.28586e+06, 0
6.37872e+06, 2.57105e+06, 0
9.8548e+06, 729751, 0
4.50662e+06, 1.44534e+06, 0
5.69028e+06, 2.9081e+06, 0
3.00738e+06, 56239.5, 0
1.01077e+07, 4.43721e+06, 0
7.35833e+06, 1.10257e+06, 0
6.81446e+06, 3.57136e+06, 0
3.24116e+06, 208507, 0
8.29331e+06, 2.28218e+06, 0
9.90243e+06, 5.56967e+06, 0
1.03867e+07, 3.71032e+06, 0
7.40797e+06, 3.60206e+06, 0
5.83398e+06, 1.37693e+06, 0
6.0693e+06, 3.08831e+06, 0
3.80771e+06, 1.13207e+06, 0
1.17995e+07, 4.10469e+06, 0
6.1616e+06, 3.18507e+06, 0
3.42008e+06, 409779, 0
1.08436e+07, 1.14479e+06, 0
9.23045e+06, 2.25896e+06, 0
4.1469e+06, 173425, 0
6.50001e+06, 1.34782e+06, 0
5.44435e+06, 1.59565e+06, 0
5.42256e+06, 2.277e+06, 0
5.05318e+06, 2.3953e+06, 0
6.92822e+06, 1.33e+06, 0
7.45291e+06, 3.12488e+06, 0
3.33579e+06, 1.19151e+06, 0
1.05785e+07, 5.42962e+06, 0
9.59413e+06, 3.07388e+06, 0
7.1998e+06, 3.76759e+06, 0
7.13686e+06, 2.23915e+06, 0
6.48812e+06, 929890, 0
6.53359e+06, 2.35182e+06, 0
6.67468e+06, 1.64508e+06, 0
1.02711e+07, 5.02867e+06, 0
4.78042e+06, 2.02951e+06, 0
1.04266e+07, 3.66346e+06, 0
9.72565e+06, 3.07139e+06, 0
6.82393e+06, 1.25071e+06, 0
7.81942e+06, 1.58638e+06, 0
9.6171e+06, 2.54169e+06, 0
3.96547e+06, 1.58214e+06, 0
7.48454e+06, 3.69924e+06, 0
8.83928e+06, 4.29331e+06, 0
3.6648e+06, 1.1313e+06, 0
7.32866e+06, 3.38225e+06, 0
5.99675e+06, 1.74181e+06, 0
9.23353e+06, 767458, 0
7.27447e+06, 3.97148e+06, 0
7.20546e+06, 3.44903e+06, 0
6.67643e+06, 3.1976e+06, 0
1.04758e+07, 4.32495e+06, 0
5.17728e+06, 2.49741e+06, 0
4.88238e+06, 1.73915e+06, 0
9.35271e+06, 4.60033e+06, 0
8.16028e+06, 1.44232e+06, 0
7.63478e+06, 3.5939e+06, 0
5.72615e+06, 2.23082e+06, 0
4.18574e+06, 1.07116e+06, 0
5.00294e+06, 1.87946e+06, 0
7.4231e+06, 3.14702e+06, 0
7.66669e+06, 3.8515e+06, 0
9.76668e+06, 2.97448e+06, 0
3.90264e+06, 1.78746e+06, 0
6.6345e+06, 3.04568e+06, 0
6.30266e+06, 1.38744e+06, 0
6.15409e+06, 2.53912e+06, 0
5.85815e+06, 1.38519e+06, 0
1.10294e+07, 4.70327e+06, 0
9.30974e+06, 4.4311e+06, 0
3.54571e+06, 559656, 0
8.52403e+06, 2.92269e+06, 0
3.82241e+06, 1.46981e+06, 0
8.27627e+06, 656111, 0
5.98561e+06, 1.95667e+06, 0
5.2928e+06, 1.85362e+06, 0
5.33956e+06, 362085, 0
8.79646e+06, 2.3303e+06, 0
4.60064e+06, 1.78613e+06, 0
6.60606e+06, 3.47287e+06, 0
6.07494e+06, 1.91993e+06, 0
7.70517e+06, 1.66247e+06, 0
5.44945e+06, 930673, 0
7.64991e+06, 960893, 0
7.2838e+06, 2.37477e+06, 0
7.82636e+06, 1.58296e+06, 0
3.95199e+06, 1.57266e+06, 0
8.50993e+06, 2.41861e+06, 0
7.55472e+06, 2.01702e+06, 0
5.21916e+06, 2.37434e+06, 0
5.51275e+06, 2.7577e+06, 0
5.98662e+06, 244989, 0
7.2534e+06, 3.3661e+06, 0
8.92801e+06, 4.67065e+06, 0
4.69125e+06, 1.52107e+06, 0
4.12452e+06, 1.66325e+06, 0
6.01906e+06, 2.52767e+06, 0
5.21139e+06, 1.90377e+06, 0
8.00757e+06, 1.25557e+06, 0
3.76059e+06, 1.6703e+06, 0
5.83196e+06, 733050, 0
1.69093e+07, 7.57779e+06, 0
5.71912e+06, 2.19391e+06, 0
6.39981e+06, 272159, 0
9.79494e+06, 4.76566e+06, 0
6.11008e+06, 1.93815e+06, 0
7.93532e+06, 3.34203e+06, 0
5.39461e+06, 2.58857e+06, 0
8.20263e+06, 1.40548e+06, 0
3.24826e+06, 1.04427e+06, 0
1.17448e+07, 6.241e+06, 0
6.56124e+06, 2.32191e+06, 0
7.2776e+06, 2.23591e+06, 0
8.16666e+06, 2.21872e+06, 0
7.85617e+06, 3.49587e+06, 0
7.53066e+06, 1.38667e+06, 0
5.18688e+06, 1.27899e+06, 0
6.1002e+06, 3.1373e+06, 0
7.58401e+06, 3.25036e+06, 0
9.36158e+06, 1.76778e+06, 0
7.59676e+06, 2.31442e+06, 0
4.43415e+06, 1.77573e+06, 0
9.01378e+06, 912377, 0
