3.30215e+07, 1.39366e+07, 0
2.65934e+07, 1.10302e+07, 0
1.93247e+07, 3.68937e+06, 0
2.21824e+07, 9.00243e+06, 0
2.05808e+07, 1.8162e+06, 0
2.58663e+07, 1.34583e+07, 0
2.91388e+07, 1.36048e+07, 0
1.99907e+07, 2.49096e+06, 0
2.27778e+07, 5.96302e+06, 0
2.72686e+07, 7.6468e+06, 0
3.57279e+07, 4.44101e+06, 0
2.06128e+07, 6.96778e+06, 0
2.71926e+07, 1.42453e+07, 0
3.15826e+07, 8.52179e+06, 0
2.75279e+07, 1.23933e+07, 0
2.71938e+07, 1.21415e+07, 0
3.03083e+07, 1.72304e+07, 0
4.06184e+07, 2.21232e+07, 0
2.82195e+07, 1.60191e+07, 0
2.36237e+07, 6.58373e+06, 0
2.86644e+07, 1.56625e+07, 0
4.50336e+07, 2.61595e+07, 0
2.04652e+07, 8.43241e+06, 0
2.05492e+07, 4.00138e+06, 0
4.48408e+07, 1.60301e+07, 0
3.64808e+07, 1.68434e+07, 0
2.99705e+07, 5.74268e+06, 0
2.49197e+07, 9.26827e+06, 0
3.16555e+07, 1.09233e+07, 0
3.0485e+07, 1.17909e+07, 0
3.0377e+07, 1.38272e+07, 0
3.21608e+07, 1.82674e+07, 0
1.96608e+07, 5.8482e+06, 0
2.42862e+07, 4.46603e+06, 0
2.09409e+07, 5.35236e+06, 0
2.06383e+07, 5.51626e+06, 0
2.29924e+07, 1.83024e+06, 0
2.59204e+07, 7.80862e+06, 0
2.34805e+07, 7.24239e+06, 0
2.35573e+07, 6.90993e+06, 0
3.80134e+07, 1.56919e+07, 0
1.88877e+07, 564620, 0
1.88813e+07, 4.9929e+06, 0
2.08366e+07, 1.25662e+06, 0
3.08351e+07, 1.24311e+07, 0
2.69338e+07, 1.51195e+07, 0
2.60559e+07, 1.06817e+07, 0
5.59866e+07, 8.02013e+06, 0
3.00034e+07, 1.30867e+07, 0
3.35728e+07, 6.26146e+06, 0
3.97627e+07, 1.99717e+07, 0
2.40431e+07, 3.04747e+06, 0
2.64141e+07, 1.17169e+07, 0
2.4982e+07, 1.07334e+07, 0
2.18629e+07, 9.64214e+06, 0
1.97117e+07, 1.39917e+06, 0
2.27293e+07, 5.38315e+06, 0
2.88314e+07, 1.29554e+07, 0
2.46399e+07, 6.1792e+06, 0
1.90713e+07, 6.37511e+06, 0
2.44251e+07, 1.22522e+07, 0
3.26256e+07, 4.93744e+06, 0
2.00127e+07, 2.63313e+06, 0
1.88566e+07, 5.87165e+06, 0
4.71594e+07, 1.38649e+07, 0
2.75965e+07, 1.37945e+07, 0
2.76608e+07, 1.16612e+07, 0
2.10512e+07, 2.50322e+06, 0
1.9658e+07, 4.57479e+06, 0
2.57234e+07, 1.35639e+07, 0
2.5784e+07, 1.29169e+07, 0
2.74917e+07, 9.77042e+06, 0
2.29441e+07, 9.74905e+06, 0
3.76121e+07, 1.14204e+07, 0
2.82446e+07, 1.61532e+07, 0
2.65562e+07, 8.76423e+06, 0
2.36738e+07, 1.10494e+07, 0
3.14797e+07, 1.55413e+07, 0
2.40455e+07, 1.0429e+07, 0
3.37186e+07, 1.66214e+07, 0
4.75383e+07, 4.93451e+06, 0
2.42952e+07, 4.28641e+06, 0
3.28549e+07, 1.66556e+07, 0
3.35064e+07, 1.70621e+07, 0
3.09182e+07, 1.16729e+07, 0
1.97946e+07, 4.72912e+06, 0
1.87982e+07, 4.68898e+06, 0
3.23091e+07, 1.97575e+07, 0
2.85255e+07, 2.04489e+06, 0
2.5362e+07, 4.02994e+06, 0
4.72284e+07, 4.38566e+06, 0
2.10756e+07, 8.28014e+06, 0
1.84534e+07, 2.95762e+06, 0
2.52376e+07, 1.34921e+07, 0
3.16851e+07, 1.07153e+07, 0
2.10663e+07, 6.26638e+06, 0
4.25293e+07, 1.09435e+07, 0
4.78243e+07, 9.81893e+06, 0
2.37269e+07, 7.92352e+06, 0
2.5398e+07, 1.07395e+07, 0
3.46666e+07, 1.3796e+07, 0
2.53914e+07, 1.00988e+07, 0
2.33631e+07, 5.19515e+06, 0
2.62102e+07, 1.29889e+07, 0
2.7338e+07, 1.44554e+07, 0
3.57035e+07, 1.52447e+07, 0
2.20423e+07, 9.66377e+06, 0
3.13021e+07, 1.17987e+07, 0
2.33453e+07, 8.23301e+06, 0
1.72071e+07, 2.54315e+06, 0
1.78067e+07, 3.43112e+06, 0
2.46676e+07, 1.06401e+07, 0
2.6039e+07, 1.07048e+07, 0
2.1493e+07, 7.37407e+06, 0
4.56102e+07, 1.53189e+07, 0
2.16948e+07, 7.13352e+06, 0
2.34168e+07, 1.11598e+07, 0
2.26806e+07, 7.81176e+06, 0
2.72125e+07, 2.65099e+06, 0
2.99358e+07, 1.09537e+07, 0
1.85561e+07, 1.06337e+06, 0
2.25444e+07, 4.51147e+06, 0
2.54938e+07, 1.00243e+07, 0
2.24011e+07, 6.0187e+06, 0
2.6827e+07, 7.66485e+06, 0
2.75107e+07, 1.4999e+07, 0
3.94157e+07, 9.20808e+06, 0
2.17533e+07, 6.64073e+06, 0
2.7342e+07, 4.9354e+06, 0
2.20447e+07, 5.83658e+06, 0
2.55577e+07, 1.18607e+07, 0
1.96152e+07, 6.52308e+06, 0
4.48591e+07, 6.2969e+06, 0
2.38503e+07, 4.80973e+06, 0
2.28777e+07, 1.08437e+07, 0
2.82035e+07, 1.07637e+07, 0
2.70196e+07, 1.25596e+07, 0
3.68348e+07, 1.94333e+07, 0
3.29009e+07, 1.28252e+07, 0
2.74601e+07, 2.07812e+06, 0
2.68348e+07, 8.22546e+06, 0
2.45425e+07, 6.52149e+06, 0
2.63948e+07, 6.93797e+06, 0
2.99572e+07, 8.9035e+06, 0
3.7361e+07, 5.81439e+06, 0
2.15924e+07, 8.19478e+06, 0
2.27906e+07, 7.01203e+06, 0
1.99786e+07, 6.41209e+06, 0
4.97544e+07, 2.29203e+07, 0
1.91327e+07, 6.77241e+06, 0
1.98986e+07, 4.13633e+06, 0
2.7729e+07, 1.34433e+07, 0
2.56231e+07, 3.76854e+06, 0
2.22833e+07, 1.03085e+07, 0
3.36234e+07, 1.57396e+07, 0
3.73855e+07, 2.96867e+06, 0
2.87298e+07, 1.63693e+07, 0
2.62182e+07, 4.63685e+06, 0
2.04996e+07, 5.45984e+06, 0
2.37593e+07, 5.63482e+06, 0
2.195e+07, 9.88759e+06, 0
1.99841e+07, 2.22013e+06, 0
2.47302e+07, 5.06936e+06, 0
2.66039e+07, 1.46794e+07, 0
2.89051e+07, 7.48618e+06, 0
2.26241e+07, 4.37789e+06, 0
3.50094e+07, 6.04324e+06, 0
2.55576e+07, 7.11182e+06, 0
2.77772e+07, 1.38005e+07, 0
4.09387e+07, 1.29887e+07, 0
3.02754e+07, 1.31526e+07, 0
3.21954e+07, 6.89039e+06, 0
2.09098e+07, 1.61134e+06, 0
2.05513e+07, 7.30955e+06, 0
2.73573e+07, 5.85872e+06, 0
2.73178e+07, 1.44613e+07, 0
3.96772e+07, 1.34253e+07, 0
3.65664e+07, 1.0892e+07, 0
2.52399e+07, 1.02768e+07, 0
2.22457e+07, 2.93188e+06, 0
2.38773e+07, 7.08789e+06, 0
3.23928e+07, 1.47592e+07, 0
2.95973e+07, 1.04617e+07, 0
3.51903e+07, 1.99565e+07, 0
2.85334e+07, 7.8347e+06, 0
3.46916e+07, 1.53501e+07, 0
3.81473e+07, 1.5079e+07, 0
2.73957e+07, 7.94466e+06, 0
3.50672e+07, 1.26745e+07, 0
3.35045e+07, 1.28471e+07, 0
3.65462e+07, 7.51909e+06, 0
2.93022e+07, 9.03856e+06, 0
2.52353e+07, 1.32568e+07, 0
2.46463e+07, 1.29943e+07, 0
2.38707e+07, 6.57966e+06, 0
2.0343e+07, 4.55657e+06, 0
2.71494e+07, 5.50362e+06, 0
2.83765e+07, 1.30721e+07, 0
2.57729e+07, 6.1368e+06, 0
1.99303e+07, 5.52267e+06, 0
2.54664e+07, 1.28335e+07, 0
1.89105e+07, 5.79254e+06, 0
2.89455e+07, 9.49763e+06, 0
2.14646e+07, 5.62448e+06, 0
3.04334e+07, 1.06938e+07, 0
2.70292e+07, 1.18866e+07, 0
2.08805e+07, 4.64976e+06, 0
3.94706e+07, 3.99158e+06, 0
1.75853e+07, 3.76509e+06, 0
2.26007e+07, 1.07272e+07, 0
3.75223e+07, 1.40431e+07, 0
1.99993e+07, 7.75137e+06, 0
2.87981e+07, 3.57093e+06, 0
2.80393e+07, 8.41786e+06, 0
2.39463e+07, 1.12008e+07, 0
1.91558e+07, 2.27309e+06, 0
4.0104e+07, 1.99643e+07, 0
2.72909e+07, 1.39204e+07, 0
3.41468e+07, 9.26569e+06, 0
2.91274e+07, 2.90606e+06, 0
2.24475e+07, 7.19238e+06, 0
3.11889e+07, 1.10588e+07, 0
2.98396e+07, 7.5715e+06, 0
2.31229e+07, 4.36609e+06, 0
1.85996e+07, 2.98328e+06, 0
1.88246e+07, 6.21498e+06, 0
3.53235e+07, 1.19442e+07, 0
2.97668e+07, 7.05019e+06, 0
3.52735e+07, 2.1442e+07, 0
2.31548e+07, 4.17558e+06, 0
2.90802e+07, 1.19136e+07, 0
2.17767e+07, 9.18567e+06, 0
2.62396e+07, 8.18748e+06, 0
3.43171e+07, 1.66811e+07, 0
3.22099e+07, 1.12966e+07, 0
2.11898e+07, 4.80965e+06, 0
3.26467e+07, 8.84772e+06, 0
2.80332e+07, 1.48161e+07, 0
2.94828e+07, 1.64789e+07, 0
1.75897e+07, 3.75957e+06, 0
2.9745e+07, 1.52505e+07, 0
3.19622e+07, 1.21186e+07, 0
2.24966e+07, 5.25537e+06, 0
2.40304e+07, 3.32021e+06, 0
2.09445e+07, 8.50516e+06, 0
4.09994e+07, 1.26357e+07, 0
3.54737e+07, 2.18939e+07, 0
3.18914e+07, 1.36572e+07, 0
2.26673e+07, 7.76599e+06, 0
3.9425e+07, 1.52154e+07, 0
1.97429e+07, 6.0057e+06, 0
2.81097e+07, 1.77837e+06, 0
2.04263e+07, 6.92254e+06, 0
2.55338e+07, 1.37125e+07, 0
2.19662e+07, 4.351e+06, 0
2.30745e+07, 5.20629e+06, 0
2.15881e+07, 8.20135e+06, 0
3.73398e+07, 4.9911e+06, 0
2.33881e+07, 7.64645e+06, 0
2.26789e+07, 8.73995e+06, 0
2.49871e+07, 1.03786e+07, 0
1.85463e+07, 4.25316e+06, 0
2.20164e+07, 5.89563e+06, 0
2.4048e+07, 1.10893e+07, 0
2.29773e+07, 962031, 0
3.50592e+07, 1.65849e+07, 0
2.23951e+07, 7.40231e+06, 0
2.05338e+07, 8.15184e+06, 0
3.25981e+07, 1.50744e+07, 0
2.24481e+07, 9.35116e+06, 0
3.77002e+07, 4.7118e+06, 0
2.04961e+07, 654331, 0
2.76969e+07, 1.35825e+07, 0
1.90303e+07, 5.42098e+06, 0
2.8924e+07, 1.18743e+07, 0
3.12944e+07, 9.72536e+06, 0
2.20953e+07, 4.69648e+06, 0
2.92607e+07, 9.85873e+06, 0
2.83929e+07, 1.32485e+07, 0
4.54025e+07, 4.99491e+06, 0
3.6865e+07, 1.24947e+07, 0
3.22515e+07, 8.01197e+06, 0
3.49532e+07, 1.78138e+07, 0
2.82501e+07, 6.46254e+06, 0
2.94024e+07, 1.01928e+07, 0
2.16402e+07, 2.04631e+06, 0
3.5074e+07, 2.16255e+07, 0
2.54609e+07, 9.89635e+06, 0
1.79675e+07, 3.2175e+06, 0
2.66323e+07, 1.37588e+07, 0
1.75741e+07, 479633, 0
3.27131e+07, 1.5807e+07, 0
2.16627e+07, 1.76191e+06, 0
2.9356e+07, 1.57795e+07, 0
2.42034e+07, 7.90951e+06, 0
2.37734e+07, 1.12679e+07, 0
2.51562e+07, 1.31602e+07, 0
2.11547e+07, 7.46843e+06, 0
1.92221e+07, 5.7179e+06, 0
2.27735e+07, 1.06635e+07, 0
2.69867e+07, 6.45886e+06, 0
2.63073e+07, 1.44142e+06, 0
2.29728e+07, 2.80983e+06, 0
2.07187e+07, 6.59212e+06, 0
2.3425e+07, 6.46744e+06, 0
2.08499e+07, 5.52906e+06, 0
3.06707e+07, 5.26371e+06, 0
2.14548e+07, 1.99073e+06, 0
1.99167e+07, 2.8072e+06, 0
2.8264e+07, 1.21146e+07, 0
3.25644e+07, 1.29984e+07, 0
1.97621e+07, 5.46641e+06, 0
2.96264e+07, 7.13621e+06, 0
2.74316e+07, 1.02574e+07, 0
3.51714e+07, 1.38591e+07, 0
2.66015e+07, 1.25611e+07, 0
2.92319e+07, 1.03157e+07, 0
2.87854e+07, 1.5544e+07, 0
2.51039e+07, 1.18706e+07, 0
3.04311e+07, 7.43025e+06, 0
1.89587e+07, 3.75162e+06, 0
2.70346e+07, 7.34527e+06, 0
2.55473e+07, 1.27744e+07, 0
2.27368e+07, 9.56367e+06, 0
3.05193e+07, 1.3592e+07, 0
3.25698e+07, 1.30635e+07, 0
4.29344e+07, 1.61831e+07, 0
2.70993e+07, 5.56022e+06, 0
3.39452e+07, 7.03778e+06, 0
2.87206e+07, 5.401e+06, 0
2.86525e+07, 1.33797e+07, 0
1.80583e+07, 2.08326e+06, 0
3.32653e+07, 1.60048e+07, 0
1.88772e+07, 3.49115e+06, 0
3.27952e+07, 1.65912e+07, 0
2.54588e+07, 8.57239e+06, 0
2.84897e+07, 4.7047e+06, 0
2.48805e+07, 7.58259e+06, 0
2.05779e+07, 4.9156e+06, 0
2.12158e+07, 6.83651e+06, 0
3.00707e+07, 1.28025e+07, 0
2.70658e+07, 3.53643e+06, 0
2.44551e+07, 5.36399e+06, 0
3.5866e+07, 1.99107e+07, 0
2.82859e+07, 4.37798e+06, 0
2.68255e+07, 248138, 0
2.19073e+07, 9.68847e+06, 0
2.22675e+07, 7.84996e+06, 0
1.80862e+07, 4.55192e+06, 0
2.95602e+07, 1.35766e+07, 0
2.44024e+07, 1.03622e+07, 0
2.27129e+07, 1.11065e+07, 0
2.58021e+07, 1.31891e+07, 0
3.21708e+07, 7.4005e+06, 0
2.59932e+07, 3.39973e+06, 0
2.04007e+07, 6.10935e+06, 0
2.24964e+07, 9.02206e+06, 0
2.56051e+07, 5.45352e+06, 0
2.1354e+07, 8.62654e+06, 0
2.56609e+07, 4.72141e+06, 0
2.54325e+07, 9.86556e+06, 0
3.41968e+07, 1.50496e+07, 0
4.12639e+07, 7.95546e+06, 0
3.19149e+07, 1.52519e+07, 0
2.46596e+07, 3.9402e+06, 0
3.39917e+07, 1.0687e+07, 0
2.77439e+07, 8.79742e+06, 0
2.44485e+07, 9.56089e+06, 0
2.28576e+07, 5.35151e+06, 0
4.40275e+07, 1.51155e+06, 0
3.37234e+07, 1.4551e+07, 0
3.06478e+07, 1.12017e+07, 0
2.88847e+07, 9.64579e+06, 0
3.50836e+07, 1.1265e+07, 0
3.76696e+07, 1.20759e+07, 0
2.67691e+07, 1.19683e+07, 0
2.62388e+07, 9.2763e+06, 0
2.33801e+07, 8.88347e+06, 0
3.49281e+07, 2.0859e+07, 0
3.9297e+07, 1.80972e+07, 0
2.26152e+07, 9.95278e+06, 0
2.65421e+07, 1.00048e+07, 0
2.98945e+07, 1.45641e+07, 0
2.83166e+07, 1.18459e+07, 0
3.12114e+07, 5.53613e+06, 0
2.72473e+07, 7.91944e+06, 0
3.63765e+07, 1.26097e+07, 0
1.9539e+07, 6.36135e+06, 0
4.55366e+07, 1.43165e+07, 0
2.92045e+07, 1.18895e+07, 0
2.06628e+07, 6.33719e+06, 0
2.34266e+07, 4.73814e+06, 0
2.27095e+07, 8.62192e+06, 0
3.89235e+07, 1.43651e+07, 0
4.70472e+07, 8.40038e+06, 0
2.29319e+07, 7.99778e+06, 0
2.46504e+07, 1.20644e+07, 0
2.43283e+07, 9.89082e+06, 0
2.47692e+07, 2.16247e+06, 0
3.21475e+07, 7.05747e+06, 0
2.13389e+07, 5.28573e+06, 0
2.48229e+07, 1.16831e+07, 0
2.03181e+07, 6.9977e+06, 0
2.02847e+07, 8.36342e+06, 0
2.29613e+07, 5.49223e+06, 0
2.29023e+07, 8.8817e+06, 0
2.36954e+07, 7.44649e+06, 0
3.74132e+07, 1.02979e+07, 0
2.62043e+07, 6.05233e+06, 0
2.62765e+07, 5.68757e+06, 0
2.45393e+07, 1.07256e+07, 0
2.43884e+07, 8.74935e+06, 0
2.41339e+07, 1.09407e+07, 0
3.30069e+07, 1.21841e+07, 0
2.59735e+07, 1.41367e+07, 0
1.80772e+07, 4.65757e+06, 0
2.56263e+07, 9.15058e+06, 0
2.43028e+07, 8.02704e+06, 0
2.27413e+07, 9.73134e+06, 0
1.95142e+07, 1.08108e+06, 0
2.4432e+07, 2.50294e+06, 0
1.8803e+07, 5.92961e+06, 0
2.56979e+07, 8.54688e+06, 0
3.4885e+07, 1.77383e+07, 0
2.8585e+07, 1.22667e+07, 0
2.43315e+07, 504570, 0
4.55351e+07, 2.19987e+07, 0
2.54405e+07, 4.53678e+06, 0
2.98076e+07, 6.25286e+06, 0
2.91368e+07, 1.0023e+07, 0
2.31859e+07, 1.07838e+07, 0
3.77575e+07, 7.97317e+06, 0
2.10759e+07, 6.69819e+06, 0
2.70452e+07, 1.44895e+07, 0
2.16883e+07, 4.98778e+06, 0
2.02966e+07, 5.14948e+06, 0
2.02242e+07, 2.21624e+06, 0
2.62776e+07, 7.35204e+06, 0
3.53661e+07, 8.6641e+06, 0
2.41245e+07, 4.7027e+06, 0
2.65248e+07, 1.25822e+07, 0
3.39206e+07, 1.33682e+07, 0
3.04919e+07, 1.40114e+07, 0
2.67977e+07, 1.2801e+07, 0
2.07437e+07, 5.69449e+06, 0
3.44061e+07, 2.02403e+07, 0
2.43629e+07, 1.00098e+07, 0
3.27895e+07, 2.01566e+07, 0
1.93175e+07, 5.47835e+06, 0
2.31779e+07, 7.22192e+06, 0
3.24721e+07, 1.57126e+07, 0
1.92566e+07, 3.73043e+06, 0
2.77354e+07, 1.1969e+07, 0
2.37128e+07, 7.85813e+06, 0
2.08221e+07, 5.25517e+06, 0
3.1622e+07, 1.10281e+07, 0
2.70104e+07, 7.30514e+06, 0
2.44867e+07, 9.25353e+06, 0
2.4789e+07, 4.20678e+06, 0
2.40979e+07, 1.08977e+07, 0
2.43586e+07, 1.79101e+06, 0
2.0112e+07, 6.30233e+06, 0
2.21072e+07, 4.25595e+06, 0
2.41748e+07, 1.22617e+07, 0
2.51935e+07, 1.30994e+07, 0
2.21001e+07, 8.26997e+06, 0
1.95927e+07, 4.41678e+06, 0
2.05391e+07, 4.7755e+06, 0
2.57608e+07, 9.4753e+06, 0
3.2547e+07, 1.36017e+07, 0
2.25254e+07, 1.04899e+07, 0
3.92395e+07, 6.94838e+06, 0
2.47031e+07, 7.68435e+06, 0
2.72113e+07, 1.16182e+07, 0
3.36413e+07, 1.11594e+07, 0
3.14838e+07, 1.06956e+07, 0
2.39307e+07, 6.01687e+06, 0
2.40328e+07, 1.53053e+06, 0
4.06775e+07, 1.3767e+07, 0
4.1182e+07, 2.07451e+07, 0
2.36136e+07, 6.03576e+06, 0
3.89544e+07, 2.38657e+07, 0
2.23008e+07, 5.5696e+06, 0
3.16331e+07, 7.87133e+06, 0
2.10053e+07, 7.19684e+06, 0
2.95061e+07, 9.85479e+06, 0
2.08413e+07, 7.06069e+06, 0
1.91544e+07, 5.41897e+06, 0
2.73632e+07, 6.15708e+06, 0
3.39357e+07, 1.94152e+07, 0
4.29122e+07, 2.27881e+07, 0
2.37878e+07, 9.2656e+06, 0
2.72032e+07, 7.01889e+06, 0
3.02845e+07, 1.42964e+07, 0
2.04366e+07, 7.38838e+06, 0
3.1407e+07, 1.86678e+07, 0
2.4158e+07, 7.4908e+06, 0
2.88936e+07, 5.68248e+06, 0
3.20896e+07, 1.3839e+07, 0
3.39989e+07, 9.93608e+06, 0
2.22789e+07, 1.01745e+07, 0
2.49194e+07, 1.03054e+07, 0
2.86137e+07, 3.00722e+06, 0
2.05996e+07, 7.64566e+06, 0
1.98737e+07, 5.93808e+06, 0
3.29064e+07, 1.04955e+07, 0
2.50798e+07, 4.06576e+06, 0
2.80796e+07, 1.39811e+07, 0
3.2074e+07, 1.73435e+07, 0
3.97395e+07, 1.89635e+07, 0
3.38939e+07, 1.47493e+07, 0
1.7834e+07, 3.21277e+06, 0
2.47111e+07, 9.85018e+06, 0
2.58124e+07, 1.00016e+07, 0
3.30049e+07, 1.31394e+07, 0
3.05275e+07, 1.36628e+07, 0
3.00119e+07, 7.01525e+06, 0
2.70312e+07, 1.13474e+07, 0
4.40183e+07, 1.3651e+07, 0
4.45434e+07, 1.43139e+07, 0
2.3772e+07, 8.50727e+06, 0
2.21586e+07, 1.04305e+07, 0
3.09156e+07, 7.12114e+06, 0
2.26548e+07, 1.08504e+07, 0
2.24909e+07, 7.91746e+06, 0
2.56473e+07, 9.40393e+06, 0
2.67938e+07, 3.16269e+06, 0
2.14637e+07, 6.31383e+06, 0
1.72846e+07, 1.87181e+06, 0
2.68672e+07, 1.11295e+07, 0
2.39115e+07, 8.00297e+06, 0
1.97377e+07, 3.11449e+06, 0
2.42703e+07, 9.69086e+06, 0
3.08575e+07, 1.57065e+07, 0
1.90143e+07, 5.7865e+06, 0
3.02516e+07, 2.10552e+06, 0
3.69064e+07, 5.96466e+06, 0
2.09338e+07, 8.74795e+06, 0
3.01562e+07, 1.33964e+07, 0
4.00371e+07, 5.19683e+06, 0
2.04487e+07, 3.74084e+06, 0
2.1021e+07, 8.22824e+06, 0
3.3525e+07, 1.9726e+07, 0
2.65684e+07, 3.4777e+06, 0
2.41356e+07, 2.34647e+06, 0
2.13387e+07, 5.50665e+06, 0
3.49442e+07, 1.02746e+07, 0
3.38023e+07, 1.93757e+07, 0
3.11045e+07, 7.26447e+06, 0
4.87024e+07, 1.86527e+07, 0
2.28263e+07, 6.11035e+06, 0
2.15119e+07, 8.03998e+06, 0
3.00599e+07, 1.31945e+07, 0
3.14887e+07, 1.04991e+07, 0
2.13577e+07, 6.24134e+06, 0
3.83535e+07, 1.7277e+07, 0
2.13954e+07, 8.39733e+06, 0
2.71047e+07, 1.03482e+07, 0
2.73542e+07, 1.30007e+07, 0
2.25127e+07, 5.95619e+06, 0
3.42804e+07, 1.02185e+07, 0
3.7168e+07, 3.96802e+06, 0
2.06776e+07, 6.40547e+06, 0
3.13192e+07, 7.40673e+06, 0
2.40044e+07, 9.87881e+06, 0
2.26552e+07, 1.0713e+07, 0
2.14848e+07, 6.08318e+06, 0
4.16317e+07, 2.01255e+06, 0
2.24475e+07, 5.2326e+06, 0
3.13364e+07, 1.3581e+07, 0
2.7374e+07, 1.14663e+07, 0
2.15608e+07, 3.41525e+06, 0
1.98434e+07, 5.70284e+06, 0
2.9643e+07, 9.93249e+06, 0
2.1541e+07, 5.24049e+06, 0
1.8495e+07, 4.8307e+06, 0
2.88496e+07, 1.1642e+07, 0
1.74917e+07, 3.41619e+06, 0
3.36427e+07, 1.84454e+07, 0
1.9525e+07, 2.95441e+06, 0
2.4318e+07, 1.08039e+07, 0
2.83862e+07, 1.63783e+06, 0
3.64701e+07, 1.05772e+07, 0
2.69007e+07, 1.52469e+06, 0
2.35674e+07, 7.12995e+06, 0
2.59549e+07, 9.67975e+06, 0
1.98046e+07, 1.46512e+06, 0
2.15693e+07, 8.44117e+06, 0
2.9197e+07, 1.69095e+07, 0
3.86423e+07, 1.84877e+07, 0
3.03791e+07, 1.13256e+07, 0
2.53553e+07, 4.36104e+06, 0
2.33015e+07, 6.91523e+06, 0
2.57938e+07, 1.19413e+07, 0
2.36802e+07, 1.05497e+07, 0
3.20893e+07, 1.36219e+07, 0
2.73514e+07, 9.89466e+06, 0
2.61337e+07, 1.16344e+07, 0
2.04039e+07, 1.86048e+06, 0
2.36255e+07, 2.12791e+06, 0
1.94454e+07, 3.97454e+06, 0
2.37456e+07, 7.78173e+06, 0
2.99428e+07, 9.49709e+06, 0
2.98684e+07, 1.77469e+07, 0
2.21603e+07, 7.11649e+06, 0
2.74019e+07, 1.50934e+07, 0
2.15581e+07, 7.87278e+06, 0
3.01468e+07, 9.95703e+06, 0
3.5922e+07, 1.65641e+07, 0
2.7928e+07, 1.34482e+07, 0
2.91229e+07, 1.49823e+07, 0
2.70115e+07, 1.51437e+07, 0
4.15055e+07, 1.48861e+07, 0
1.93248e+07, 6.66067e+06, 0
2.86516e+07, 1.61627e+07, 0
2.35933e+07, 7.80637e+06, 0
2.66145e+07, 1.05543e+07, 0
1.86317e+07, 5.10127e+06, 0
3.08641e+07, 1.84793e+07, 0
3.97328e+07, 1.65617e+07, 0
2.65383e+07, 997689, 0
2.14576e+07, 4.64799e+06, 0
2.18888e+07, 6.63378e+06, 0
2.47117e+07, 1.15648e+07, 0
3.57549e+07, 1.02529e+07, 0
2.10174e+07, 7.6603e+06, 0
2.72648e+07, 1.3259e+07, 0
3.14169e+07, 3.93059e+06, 0
3.45611e+07, 2.07602e+07, 0
2.09412e+07, 6.33322e+06, 0
2.11496e+07, 7.19219e+06, 0
2.34044e+07, 6.15377e+06, 0
2.09684e+07, 7.58933e+06, 0
1.79684e+07, 4.2289e+06, 0
2.68657e+07, 7.21714e+06, 0
2.04376e+07, 4.94223e+06, 0
3.05542e+07, 1.23125e+07, 0
2.54689e+07, 4.90807e+06, 0
3.09804e+07, 1.14286e+07, 0
2.90743e+07, 7.53542e+06, 0
2.32617e+07, 1.45767e+06, 0
3.61929e+07, 9.78556e+06, 0
2.08081e+07, 7.77745e+06, 0
2.04463e+07, 2.43406e+06, 0
1.81886e+07, 4.76847e+06, 0
2.74187e+07, 1.4492e+07, 0
2.5222e+07, 7.59953e+06, 0
3.50942e+07, 1.54717e+07, 0
2.85755e+07, 1.13782e+07, 0
4.28158e+07, 1.60857e+07, 0
2.15313e+07, 5.3136e+06, 0
2.55892e+07, 2.71555e+06, 0
2.13707e+07, 7.57704e+06, 0
3.08938e+07, 1.74601e+07, 0
4.26066e+07, 2.76837e+07, 0
2.27532e+07, 8.62693e+06, 0
1.97022e+07, 7.54611e+06, 0
3.17184e+07, 1.10969e+07, 0
3.31344e+07, 1.47696e+07, 0
2.1151e+07, 5.13553e+06, 0
2.07781e+07, 7.10983e+06, 0
3.56659e+07, 1.14993e+07, 0
2.68338e+07, 9.80547e+06, 0
1.9974e+07, 5.0103e+06, 0
3.14897e+07, 1.5301e+07, 0
3.00866e+07, 1.02299e+07, 0
3.22525e+07, 9.16714e+06, 0
2.05291e+07, 5.51764e+06, 0
2.22191e+07, 9.99062e+06, 0
3.03686e+07, 4.68364e+06, 0
3.81891e+07, 1.42733e+07, 0
1.92404e+07, 5.8756e+06, 0
2.44958e+07, 1.14725e+07, 0
3.51516e+07, 9.56364e+06, 0
3.57747e+07, 1.20384e+07, 0
3.84299e+07, 2.03487e+07, 0
2.11222e+07, 7.33497e+06, 0
2.24068e+07, 9.98313e+06, 0
2.06106e+07, 5.12061e+06, 0
2.66207e+07, 5.41209e+06, 0
2.52073e+07, 5.57126e+06, 0
2.5047e+07, 1.29986e+07, 0
3.26324e+07, 1.78485e+06, 0
1.90886e+07, 245900, 0
2.7783e+07, 1.57807e+07, 0
2.46988e+07, 1.1383e+07, 0
1.77098e+07, 1.12355e+06, 0
2.29939e+07, 1.02328e+07, 0
2.55724e+07, 6.73163e+06, 0
3.62487e+07, 7.1531e+06, 0
2.14158e+07, 8.31654e+06, 0
2.81447e+07, 1.24917e+07, 0
2.74544e+07, 8.21758e+06, 0
2.08212e+07, 8.61718e+06, 0
2.15742e+07, 6.98039e+06, 0
1.77993e+07, 4.47556e+06, 0
2.3495e+07, 6.22347e+06, 0
4.1524e+07, 1.55136e+06, 0
2.69821e+07, 1.08392e+07, 0
2.62922e+07, 9.74459e+06, 0
2.0011e+07, 3.10416e+06, 0
1.84369e+07, 2.30693e+06, 0
1.93342e+07, 6.87068e+06, 0
2.94375e+07, 9.91609e+06, 0
3.64255e+07, 8.23821e+06, 0
2.52647e+07, 4.16925e+06, 0
3.23046e+07, 1.64e+07, 0
3.39512e+07, 1.97458e+07, 0
2.7016e+07, 1.28242e+06, 0
2.23539e+07, 7.31402e+06, 0
3.25356e+07, 1.09414e+07, 0
2.60101e+07, 6.77826e+06, 0
2.18745e+07, 5.10897e+06, 0
2.35865e+07, 8.13804e+06, 0
3.48175e+07, 1.86966e+07, 0
2.8084e+07, 9.77493e+06, 0
2.20102e+07, 3.36416e+06, 0
2.48591e+07, 3.39125e+06, 0
2.04771e+07, 7.01589e+06, 0
3.18858e+07, 6.82174e+06, 0
5.96123e+07, 7.5235e+06, 0
2.88552e+07, 1.25233e+07, 0
2.42278e+07, 5.43636e+06, 0
2.23397e+07, 3.33559e+06, 0
2.04075e+07, 5.3654e+06, 0
2.38324e+07, 1.16562e+07, 0
2.36437e+07, 3.57904e+06, 0
1.76914e+07, 4.33591e+06, 0
3.11012e+07, 7.93253e+06, 0
2.79304e+07, 1.47385e+07, 0
3.9002e+07, 1.05546e+07, 0
2.63986e+07, 1.83751e+06, 0
2.91298e+07, 6.17403e+06, 0
3.09555e+07, 1.31744e+07, 0
3.08766e+07, 1.79136e+07, 0
2.92262e+07, 1.71998e+07, 0
2.6678e+07, 7.69485e+06, 0
2.31743e+07, 8.49645e+06, 0
2.96157e+07, 1.47643e+07, 0
2.58762e+07, 1.29668e+07, 0
2.61639e+07, 1.24742e+07, 0
2.09879e+07, 7.70397e+06, 0
3.35611e+07, 1.35715e+07, 0
3.44686e+07, 1.50706e+07, 0
2.91135e+07, 1.48065e+07, 0
2.58981e+07, 1.30838e+06, 0
1.98564e+07, 2.02353e+06, 0
2.11492e+07, 9.39368e+06, 0
2.11768e+07, 8.0465e+06, 0
2.12349e+07, 6.39308e+06, 0
2.84258e+07, 1.58372e+07, 0
2.0675e+07, 1.4337e+06, 0
2.74395e+07, 4.76422e+06, 0
2.95574e+07, 1.68218e+07, 0
3.40142e+07, 1.30013e+07, 0
2.44746e+07, 5.20668e+06, 0
2.46412e+07, 1.18902e+07, 0
2.32142e+07, 7.10073e+06, 0
3.07786e+07, 1.38947e+07, 0
2.37705e+07, 4.98024e+06, 0
2.69286e+07, 7.74525e+06, 0
3.27522e+07, 1.37787e+07, 0
2.65992e+07, 1.36576e+07, 0
1.99856e+07, 2.28625e+06, 0
4.7546e+07, 7.75155e+06, 0
2.53545e+07, 4.40923e+06, 0
2.29334e+07, 9.76467e+06, 0
2.09717e+07, 5.00494e+06, 0
3.03667e+07, 1.57366e+07, 0
2.15032e+07, 4.94793e+06, 0
3.17665e+07, 1.36085e+07, 0
3.27553e+07, 1.061e+07, 0
2.15661e+07, 5.49812e+06, 0
3.20176e+07, 1.92023e+07, 0
2.47257e+07, 9.97384e+06, 0
2.66976e+07, 6.72936e+06, 0
2.9932e+07, 1.31583e+07, 0
3.3845e+07, 4.98412e+06, 0
3.05355e+07, 1.30779e+07, 0
2.92527e+07, 8.73272e+06, 0
3.27155e+07, 1.70227e+07, 0
1.80138e+07, 2.65632e+06, 0
2.19955e+07, 8.40768e+06, 0
2.51422e+07, 9.9723e+06, 0
2.15714e+07, 6.22779e+06, 0
2.97338e+07, 1.74427e+07, 0
2.7989e+07, 1.31614e+07, 0
2.93585e+07, 1.14972e+07, 0
2.77868e+07, 6.04004e+06, 0
3.22151e+07, 1.22328e+07, 0
3.00022e+07, 8.69072e+06, 0
2.94633e+07, 1.31302e+07, 0
3.3679e+07, 1.5008e+07, 0
2.5139e+07, 1.21971e+06, 0
2.30472e+07, 4.3089e+06, 0
4.13101e+07, 2.34785e+07, 0
2.04217e+07, 3.94972e+06, 0
3.64048e+07, 1.78504e+07, 0
2.99774e+07, 1.02566e+07, 0
3.60272e+07, 2.08189e+07, 0
2.30096e+07, 1.0603e+07, 0
2.21817e+07, 6.95136e+06, 0
2.16907e+07, 2.63081e+06, 0
2.6875e+07, 2.95188e+06, 0
2.17639e+07, 4.01983e+06, 0
2.23655e+07, 6.66125e+06, 0
1.85225e+07, 5.59093e+06, 0
2.81886e+07, 9.50392e+06, 0
3.63545e+07, 2.21277e+07, 0
4.06381e+07, 5.87462e+06, 0
3.2201e+07, 1.21893e+07, 0
2.23657e+07, 8.78383e+06, 0
4.43017e+07, 1.97344e+07, 0
3.10811e+07, 1.55058e+07, 0
2.88814e+07, 5.41782e+06, 0
2.35315e+07, 3.40168e+06, 0
3.4294e+07, 2.09818e+07, 0
2.07767e+07, 8.01999e+06, 0
3.24905e+07, 5.92998e+06, 0
2.92116e+07, 9.44448e+06, 0
1.80609e+07, 4.70328e+06, 0
3.83005e+07, 1.42744e+07, 0
3.54211e+07, 1.37209e+07, 0
1.90426e+07, 2.94162e+06, 0
3.37579e+07, 2.09648e+07, 0
2.31798e+07, 8.99299e+06, 0
2.32897e+07, 3.89487e+06, 0
2.16275e+07, 9.78351e+06, 0
2.66134e+07, 1.30418e+07, 0
1.97482e+07, 7.50591e+06, 0
2.35231e+07, 3.48849e+06, 0
1.79524e+07, 4.24525e+06, 0
3.01943e+07, 1.67831e+07, 0
3.0817e+07, 1.37867e+07, 0
1.98624e+07, 6.44822e+06, 0
2.13823e+07, 8.04462e+06, 0
3.34404e+07, 7.99519e+06, 0
3.86507e+07, 8.94114e+06, 0
3.57068e+07, 2.03078e+07, 0
2.41291e+07, 2.23996e+06, 0
2.18883e+07, 9.29457e+06, 0
2.81931e+07, 1.24995e+07, 0
2.64958e+07, 7.77991e+06, 0
2.49737e+07, 1.21488e+07, 0
2.49973e+07, 1.2864e+07, 0
2.58544e+07, 1.10516e+06, 0
3.46834e+07, 6.54801e+06, 0
2.03461e+07, 7.08641e+06, 0
2.36554e+07, 6.84083e+06, 0
3.80577e+07, 1.7502e+07, 0
2.93199e+07, 1.3952e+07, 0
3.55146e+07, 6.85443e+06, 0
2.34333e+07, 5.83937e+06, 0
2.53388e+07, 3.41224e+06, 0
2.51962e+07, 1.14503e+07, 0
1.95409e+07, 5.9209e+06, 0
2.09017e+07, 7.99787e+06, 0
2.09502e+07, 6.89024e+06, 0
2.63718e+07, 1.03481e+07, 0
2.65866e+07, 1.49047e+07, 0
2.86402e+07, 8.11619e+06, 0
2.67026e+07, 1.03365e+07, 0
3.29749e+07, 1.40464e+07, 0
2.86948e+07, 7.22417e+06, 0
2.32099e+07, 4.31299e+06, 0
2.79258e+07, 1.32716e+07, 0
2.03502e+07, 4.30187e+06, 0
3.35528e+07, 4.71572e+06, 0
2.03265e+07, 2.21582e+06, 0
2.1702e+07, 7.01269e+06, 0
2.73079e+07, 1.18865e+07, 0
3.61219e+07, 1.74753e+07, 0
2.14014e+07, 6.50945e+06, 0
2.3324e+07, 1.15384e+07, 0
2.87344e+07, 1.47494e+07, 0
2.87816e+07, 3.77504e+06, 0
3.02428e+07, 1.36073e+07, 0
3.51756e+07, 9.73756e+06, 0
4.72939e+07, 1.77428e+07, 0
2.03111e+07, 4.32448e+06, 0
2.00595e+07, 3.53012e+06, 0
2.14698e+07, 4.63858e+06, 0
2.72841e+07, 1.33225e+07, 0
2.70106e+07, 1.34143e+07, 0
2.62052e+07, 1.1024e+07, 0
2.00963e+07, 6.69534e+06, 0
2.22189e+07, 8.93463e+06, 0
2.87155e+07, 9.88643e+06, 0
2.91262e+07, 6.34308e+06, 0
2.21896e+07, 8.55364e+06, 0
1.79611e+07, 3.91957e+06, 0
1.77466e+07, 3.09185e+06, 0
3.2536e+07, 9.13345e+06, 0
1.7895e+07, 1.3465e+06, 0
3.0619e+07, 1.18238e+07, 0
2.85842e+07, 9.74687e+06, 0
3.13792e+07, 8.63391e+06, 0
2.11106e+07, 8.72937e+06, 0
3.49878e+07, 9.86193e+06, 0
4.72379e+07, 7.56693e+06, 0
2.34565e+07, 2.90021e+06, 0
2.01692e+07, 5.87298e+06, 0
2.01875e+07, 8.09386e+06, 0
2.09324e+07, 8.11486e+06, 0
2.91135e+07, 8.84013e+06, 0
2.28273e+07, 8.39759e+06, 0
2.80991e+07, 1.02739e+07, 0
2.98801e+07, 1.28121e+07, 0
2.37324e+07, 1.08907e+07, 0
3.50962e+07, 2.06144e+07, 0
3.35982e+07, 1.30864e+07, 0
2.05159e+07, 2.71857e+06, 0
2.59833e+07, 1.06759e+07, 0
1.70079e+07, 2.583e+06, 0
3.02007e+07, 1.8063e+07, 0
2.78632e+07, 1.38054e+07, 0
3.29283e+07, 9.71954e+06, 0
2.55587e+07, 1.1587e+07, 0
2.67283e+07, 4.24351e+06, 0
3.05764e+07, 9.70226e+06, 0
2.18442e+07, 4.06749e+06, 0
1.87734e+07, 3.23483e+06, 0
2.27392e+07, 5.55509e+06, 0
1.92623e+07, 7.03166e+06, 0
1.88542e+07, 6.02205e+06, 0
2.44093e+07, 5.92083e+06, 0
1.87151e+07, 763961, 0
2.76671e+07, 1.13672e+07, 0
2.46296e+07, 1.23468e+07, 0
3.54031e+07, 2.18516e+07, 0
2.45997e+07, 9.33332e+06, 0
4.41882e+07, 2.04691e+07, 0
2.52037e+07, 1.32699e+07, 0
2.22209e+07, 1.00342e+07, 0
2.40692e+07, 1.21889e+07, 0
2.31462e+07, 6.04036e+06, 0
3.44721e+07, 5.71432e+06, 0
2.1388e+07, 7.2889e+06, 0
3.68924e+07, 9.1126e+06, 0
3.23042e+07, 1.02346e+07, 0
2.04281e+07, 8.48089e+06, 0
3.19945e+07, 9.43149e+06, 0
2.81215e+07, 9.8673e+06, 0
2.27125e+07, 7.94034e+06, 0
2.90762e+07, 8.59478e+06, 0
2.6629e+07, 9.16369e+06, 0
2.31501e+07, 4.42135e+06, 0
2.17497e+07, 2.11231e+06, 0
3.05839e+07, 1.70751e+07, 0
3.86353e+07, 2.13348e+07, 0
3.84428e+07, 1.74587e+07, 0
2.23748e+07, 9.16626e+06, 0
3.07084e+07, 6.32276e+06, 0
2.19489e+07, 3.28528e+06, 0
1.76254e+07, 2.45643e+06, 0
2.38342e+07, 1.01418e+07, 0
2.80264e+07, 1.23644e+07, 0
2.08536e+07, 6.18113e+06, 0
2.27765e+07, 4.40122e+06, 0
2.60509e+07, 9.49401e+06, 0
3.65191e+07, 1.25617e+07, 0
2.14288e+07, 5.90727e+06, 0
2.78316e+07, 3.88865e+06, 0
2.18832e+07, 7.96222e+06, 0
4.95554e+07, 1.96134e+07, 0
2.70193e+07, 3.00707e+06, 0
2.16583e+07, 5.74866e+06, 0
2.96255e+07, 1.1905e+07, 0
3.25769e+07, 1.67058e+07, 0
2.97398e+07, 1.03566e+07, 0
1.97602e+07, 3.70593e+06, 0
3.63558e+07, 1.63877e+07, 0
2.74447e+07, 6.69494e+06, 0
3.09607e+07, 1.12143e+07, 0
2.30709e+07, 3.28567e+06, 0
2.83602e+07, 3.27117e+06, 0
2.23046e+07, 6.06624e+06, 0
2.23251e+07, 1.43832e+06, 0
2.67966e+07, 1.3e+07, 0
1.93519e+07, 3.76334e+06, 0
2.64565e+07, 1.00072e+07, 0
3.3807e+07, 1.61281e+06, 0
3.99663e+07, 2.44207e+07, 0
2.23042e+07, 5.82237e+06, 0
1.88596e+07, 6.39039e+06, 0
2.24052e+07, 7.12401e+06, 0
2.43532e+07, 8.52553e+06, 0
3.02753e+07, 1.40551e+07, 0
3.58014e+07, 1.85808e+07, 0
2.73748e+07, 9.08555e+06, 0
2.77271e+07, 1.58592e+07, 0
1.86651e+07, 3.57423e+06, 0
3.33438e+07, 6.70454e+06, 0
2.20606e+07, 9.3075e+06, 0
4.12227e+07, 4.47063e+06, 0
2.48996e+07, 2.45196e+06, 0
2.79565e+07, 9.96536e+06, 0
2.30074e+07, 1.07365e+07, 0
3.39858e+07, 1.54576e+07, 0
2.79556e+07, 1.00232e+07, 0
1.79874e+07, 1.73917e+06, 0
5.04188e+07, 5.07019e+06, 0
2.07266e+07, 7.70488e+06, 0
2.39828e+07, 3.44513e+06, 0
2.23825e+07, 9.98457e+06, 0
3.38327e+07, 1.13509e+07, 0
3.33945e+07, 9.21279e+06, 0
2.09555e+07, 6.82114e+06, 0
2.66754e+07, 1.44495e+07, 0
2.32597e+07, 1.02046e+07, 0
2.88456e+07, 7.38543e+06, 0
3.06455e+07, 725362, 0
2.16425e+07, 7.67099e+06, 0
2.09944e+07, 4.279e+06, 0
3.45263e+07, 5.70368e+06, 0
3.50103e+07, 1.34858e+07, 0
2.98004e+07, 1.47464e+07, 0
2.36664e+07, 9.30435e+06, 0
2.3338e+07, 5.3951e+06, 0
3.06945e+07, 7.83175e+06, 0
2.54479e+07, 8.14034e+06, 0
2.04118e+07, 8.31276e+06, 0
2.77002e+07, 9.68956e+06, 0
2.45285e+07, 8.77238e+06, 0
3.63945e+07, 1.22327e+07, 0
3.51861e+07, 4.92957e+06, 0
2.2844e+07, 1.01165e+07, 0
2.90518e+07, 1.05664e+07, 0
2.44585e+07, 5.85768e+06, 0
2.01463e+07, 7.56318e+06, 0
3.1851e+07, 1.55792e+07, 0
2.69775e+07, 8.37279e+06, 0
3.80485e+07, 9.37047e+06, 0
3.07612e+07, 1.85419e+07, 0
3.06606e+07, 1.29622e+07, 0
2.57897e+07, 5.98425e+06, 0
2.23092e+07, 4.48454e+06, 0
2.25298e+07, 9.54718e+06, 0
2.53431e+07, 1.03959e+07, 0
3.30393e+07, 1.40414e+07, 0
2.26556e+07, 3.21438e+06, 0
2.01293e+07, 3.72733e+06, 0
2.44345e+07, 9.09869e+06, 0
2.05542e+07, 7.15849e+06, 0
2.40333e+07, 1.0272e+07, 0
3.0829e+07, 1.21544e+07, 0
2.13695e+07, 2.07432e+06, 0
2.68781e+07, 1.45523e+07, 0
3.23792e+07, 3.11491e+06, 0
3.08914e+07, 1.68881e+07, 0
2.83168e+07, 9.37005e+06, 0
3.45786e+07, 1.85171e+07, 0
3.82328e+07, 1.93374e+07, 0
2.89316e+07, 1.15079e+07, 0
2.77386e+07, 1.41834e+07, 0
2.25594e+07, 1.0543e+07, 0
2.04548e+07, 4.3168e+06, 0
2.36364e+07, 8.19763e+06, 0
2.89849e+07, 5.2813e+06, 0
2.433e+07, 5.90273e+06, 0
2.10421e+07, 3.61538e+06, 0
2.89478e+07, 1.12997e+07, 0
2.41666e+07, 1.77617e+06, 0
2.91386e+07, 1.07222e+07, 0
3.42213e+07, 9.81521e+06, 0
3.05362e+07, 1.49494e+07, 0
2.62165e+07, 4.53077e+06, 0
2.88276e+07, 7.2688e+06, 0
2.30784e+07, 9.19696e+06, 0
1.84786e+07, 5.28736e+06, 0
2.54318e+07, 3.11147e+06, 0
2.31401e+07, 1.0814e+07, 0
2.47209e+07, 1.21407e+07, 0
2.68802e+07, 7.9741e+06, 0
2.52027e+07, 7.80444e+06, 0
3.83444e+07, 1.74024e+07, 0
3.5834e+07, 1.15231e+07, 0
2.72234e+07, 1.38571e+07, 0
2.3994e+07, 1.04664e+07, 0
3.00721e+07, 1.7225e+07, 0
2.30988e+07, 5.84095e+06, 0
2.14055e+07, 8.1621e+06, 0
1.93701e+07, 4.04906e+06, 0
4.36917e+07, 8.06292e+06, 0
2.86021e+07, 6.06404e+06, 0
2.85364e+07, 1.56924e+07, 0
5.66647e+07, 3.06377e+07, 0
1.9787e+07, 4.77552e+06, 0
2.78545e+07, 1.28462e+07, 0
2.39157e+07, 4.81471e+06, 0
2.20547e+07, 8.41745e+06, 0
3.50645e+07, 8.94744e+06, 0
2.82627e+07, 1.22191e+07, 0
2.9609e+07, 1.33228e+07, 0
3.58859e+07, 1.55816e+07, 0
2.19632e+07, 9.89601e+06, 0
1.81803e+07, 4.27579e+06, 0
2.94467e+07, 5.25181e+06, 0
3.54117e+07, 9.97284e+06, 0
2.29509e+07, 7.85633e+06, 0
2.24239e+07, 7.43552e+06, 0
1.88339e+07, 6.05495e+06, 0
2.36213e+07, 1.13832e+07, 0
2.73925e+07, 1.41886e+07, 0
1.85159e+07, 5.82982e+06, 0
3.24375e+07, 1.46007e+07, 0
2.50637e+07, 1.17426e+07, 0
3.49562e+07, 1.91987e+07, 0
2.49344e+07, 8.39291e+06, 0
2.5018e+07, 1.13259e+07, 0
2.03729e+07, 7.01947e+06, 0
1.79501e+07, 4.81649e+06, 0
2.73505e+07, 7.5603e+06, 0
2.33731e+07, 1.1439e+07, 0
3.89854e+07, 1.4138e+07, 0
3.98215e+07, 6.70071e+06, 0
2.91333e+07, 1.599e+07, 0
2.62694e+07, 1.15329e+07, 0
1.85563e+07, 4.52384e+06, 0
2.29728e+07, 9.24815e+06, 0
2.68718e+07, 1.49053e+07, 0
3.36429e+07, 1.97034e+07, 0
2.25724e+07, 1.10015e+07, 0
3.03612e+07, 2.42732e+06, 0
2.89326e+07, 1.34886e+07, 0
2.76148e+07, 1.23162e+07, 0
2.88413e+07, 1.18209e+07, 0
2.36951e+07, 1.14119e+07, 0
2.16586e+07, 4.86415e+06, 0
3.12618e+07, 6.68625e+06, 0
1.78166e+07, 2.23705e+06, 0
2.55128e+07, 1.36941e+07, 0
2.57337e+07, 1.25352e+07, 0
3.09875e+07, 1.25392e+07, 0
3.14237e+07, 1.40011e+07, 0
3.62176e+07, 4.56195e+06, 0
2.98858e+07, 8.51144e+06, 0
2.47315e+07, 1.03109e+07, 0
2.52767e+07, 1.1262e+07, 0
3.30011e+07, 1.22098e+07, 0
2.0659e+07, 5.09336e+06, 0
4.03137e+07, 1.853e+07, 0
2.17158e+07, 2.26754e+06, 0
3.85028e+07, 1.75666e+07, 0
1.95078e+07, 5.15594e+06, 0
4.07099e+07, 2.42236e+07, 0
3.14295e+07, 1.11345e+07, 0
3.20272e+07, 1.88145e+07, 0
2.99873e+07, 1.57485e+07, 0
2.60212e+07, 9.89108e+06, 0
1.8784e+07, 4.87005e+06, 0
2.26724e+07, 2.90872e+06, 0
3.04991e+07, 1.82018e+07, 0
3.23451e+07, 1.683e+07, 0
2.41439e+07, 5.05504e+06, 0
2.779e+07, 2.97077e+06, 0
2.90932e+07, 8.03032e+06, 0
1.86816e+07, 3.67015e+06, 0
2.83274e+07, 8.80694e+06, 0
2.92342e+07, 4.56726e+06, 0
2.5468e+07, 1.2652e+07, 0
3.07423e+07, 5.21951e+06, 0
3.08095e+07, 1.40144e+07, 0
2.94954e+07, 1.32495e+07, 0
2.32641e+07, 1.05636e+07, 0
3.23882e+07, 1.24966e+07, 0
2.11791e+07, 476097, 0
2.03245e+07, 6.70603e+06, 0
2.16969e+07, 8.51013e+06, 0
3.16188e+07, 9.74188e+06, 0
4.07281e+07, 7.2126e+06, 0
2.57223e+07, 5.13623e+06, 0
2.54562e+07, 8.49156e+06, 0
3.60145e+07, 1.14528e+07, 0
2.06725e+07, 7.7896e+06, 0
2.62276e+07, 9.21608e+06, 0
1.99577e+07, 6.8048e+06, 0
2.09708e+07, 7.90347e+06, 0
2.66842e+07, 1.4826e+07, 0
3.05036e+07, 1.10445e+07, 0
2.21421e+07, 9.5759e+06, 0
2.36487e+07, 8.51125e+06, 0
2.40276e+07, 2.84781e+06, 0
2.74466e+07, 5.32229e+06, 0
2.27095e+07, 8.55563e+06, 0
2.67362e+07, 9.34548e+06, 0
2.45095e+07, 6.90387e+06, 0
2.07146e+07, 5.68326e+06, 0
1.70795e+07, 501610, 0
1.99501e+07, 4.80596e+06, 0
2.22129e+07, 1.01301e+07, 0
1.88611e+07, 5.16052e+06, 0
2.80962e+07, 5.85898e+06, 0
2.65116e+07, 7.36781e+06, 0
2.25912e+07, 7.29097e+06, 0
2.40795e+07, 7.68549e+06, 0
2.1343e+07, 5.77145e+06, 0
2.9707e+07, 5.66689e+06, 0
3.04326e+07, 1.69173e+07, 0
3.49553e+07, 1.39221e+07, 0
1.74134e+07, 2.70687e+06, 0
2.44389e+07, 3.97802e+06, 0
2.50643e+07, 3.60613e+06, 0
3.68369e+07, 9.9982e+06, 0
1.98301e+07, 6.65812e+06, 0
3.06692e+07, 1.81972e+07, 0
2.54852e+07, 9.65437e+06, 0
2.48408e+07, 1.12465e+07, 0
2.72487e+07, 8.91968e+06, 0
3.14459e+07, 9.83563e+06, 0
3.75637e+07, 1.54935e+07, 0
2.93531e+07, 1.44925e+07, 0
2.84534e+07, 6.77465e+06, 0
2.97661e+07, 1.35898e+07, 0
2.96665e+07, 8.38801e+06, 0
2.39471e+07, 1.21026e+07, 0
2.57912e+07, 6.65234e+06, 0
2.53946e+07, 7.9597e+06, 0
2.68292e+07, 3.49512e+06, 0
2.52601e+07, 1.89434e+06, 0
2.96596e+07, 8.01867e+06, 0
2.80486e+07, 4.56091e+06, 0
2.46554e+07, 1.03598e+07, 0
3.19382e+07, 4.77529e+06, 0
3.61268e+07, 1.73207e+07, 0
2.09307e+07, 5.31004e+06, 0
3.72031e+07, 1.45158e+07, 0
2.99582e+07, 1.97732e+06, 0
2.60169e+07, 5.05444e+06, 0
3.96035e+07, 1.86413e+07, 0
2.36847e+07, 1.1204e+07, 0
2.24777e+07, 8.7891e+06, 0
2.9086e+07, 9.09647e+06, 0
2.45473e+07, 9.77916e+06, 0
2.51754e+07, 9.80512e+06, 0
2.92246e+07, 1.06344e+07, 0
2.38403e+07, 8.28254e+06, 0
2.77357e+07, 9.50925e+06, 0
4.1937e+07, 1.15377e+07, 0
2.88855e+07, 9.34801e+06, 0
