0, 0, 0,5000,1250,6250,12500
0.0321946, 0.0156034, -0.00374956,5000,1250,6250,12500
0.0643891, 0.029282, -0.0121412,5000,1250,6250,12499.9
0.0965836, 0.0396944, -0.0243524,4999.96,1250.04,6250,12499.7
0.128778, 0.0458191, -0.0391863,4999.77,1250.23,6250,12500
0.16097, 0.0470542, -0.05519,4999.28,1250.72,6250,12501.7
0.19316, 0.043276, -0.0707956,4998.35,1251.65,6250,12504.9
0.225347, 0.0348511, -0.0844732,4997.1,1252.9,6250,12507.5
0.257529, 0.0226018, -0.0948781,4995.91,1254.09,6250,12504.3
0.289709, 0.0077278, -0.10098,4995.24,1254.76,6250,12489.1
0.321888, -0.00830668, -0.102164,4995.15,1254.85,6250,12459.6
0.354066, -0.0239111, -0.098287,4994.79,1255.21,6250,12422.6
0.386238, -0.037519, -0.089701,4992.18,1257.82,6250,12395.4
0.418391, -0.0477378, -0.0772232,4984.73,1265.27,6250,12401.4
0.450503, -0.0534865, -0.0620694,4970.4,1279.6,6250,12457.6
0.482552, -0.0541088, -0.0457498,4949.17,1300.83,6250,12560.8
0.514522, -0.0494536, -0.0299356,4924,1326,6250,12679.3
0.546412, -0.0399145, -0.0163049,4900.28,1349.72,6250,12759.2
0.578241, -0.0264222, -0.00637677,4883.64,1366.36,6250,12746.8
0.61004, -0.0103857, -0.00134655,4876.65,1373.35,6250,12619.6
0.641833, 0.00641828, -0.00193349,4876.05,1373.95,6250,12410.5
0.673619, 0.0220077, -0.00825611,4872.39,1377.61,6250,12206.8
0.705358, 0.034404, -0.0197516,4853.51,1396.49,6250,12114.2
0.736979, 0.041875, -0.0351575,4811.23,1438.77,6250,12196.7
0.768407, 0.0431952, -0.0525756,4748.12,1501.88,6250,12423
0.799608, 0.0378915, -0.0696378,4679.14,1570.86,6250,12663.2
0.830612, 0.0264331, -0.0837807,4624.99,1625.01,6250,12752.9
0.861504, 0.0103148, -0.0926204,4599.15,1650.85,6250,12598.8
0.89237, -0.00801727, -0.0943898,4595.8,1654.2,6250,12262.2
0.923222, -0.0254359, -0.0883715,4588.38,1661.62,6250,11951.2
0.953963, -0.0386095, -0.0752387,4544.61,1705.39,6250,11894.8
0.98443, -0.044653, -0.057188,4452.12,1797.88,6250,12161.8
1.01451, -0.0418535, -0.0377511,4334.59,1915.41,6250,12574.5
1.04422, -0.0303016, -0.0212139,4238.34,2011.66,6250,12826.4
1.07374, -0.0122095, -0.0116777,4195,2055,6250,12730.9
1.10321, 0.0082808, -0.0119364,4190.81,2059.19,6250,12396.1
1.13265, 0.0258994, -0.0224624,4174.04,2075.96,6250,12147
1.16189, 0.03559, -0.0408534,4103.8,2146.2,6250,12216.7
1.19078, 0.0341079, -0.0620756,3996.69,2253.31,6250,12494.9
1.21932, 0.0213763, -0.0796654,3912.49,2337.51,6250,12643.6
1.24771, 0.00101737, -0.0877099,3886.07,2363.93,6250,12483
1.27609, -0.0203683, -0.08303,3882.75,2367.25,6250,12210.9
1.30435, -0.0351994, -0.0667485,3836.37,2413.63,6250,12172.6
1.33228, -0.0376836, -0.0444579,3734.91,2515.09,6250,12418.6
1.35983, -0.0263649, -0.024575,3640.49,2609.51,6250,12632.7
1.38718, -0.00526644, -0.015199,3606.23,2643.77,6250,12560.2
1.41452, 0.0171851, -0.0206072,3603.53,2646.47,6250,12347
1.44175, 0.0313814, -0.0389494,3564.4,2685.6,6250,12314.6
1.46871, 0.0307677, -0.0624467,3483.84,2766.16,6250,12480.6
1.4954, 0.0152102, -0.0804479,3425.01,2824.99,6250,12554.7
1.52201, -0.00834218, -0.0842911,3415.27,2834.73,6250,12417.5
1.54859, -0.0286607, -0.0717474,3401.6,2848.4,6250,12306.2
1.57497, -0.0355459, -0.0486744,3339.92,2910.08,6250,12410.7
1.60107, -0.0251722, -0.026616,3270.47,2979.53,6250,12554.6
1.62702, -0.00257181, -0.0171155,3246.49,3003.51,6250,12512.2
1.65296, 0.0204694, -0.0254923,3243.17,3006.83,6250,12390.3
1.67879, 0.0314439, -0.0475241,3206.63,3043.37,6250,12412.4
1.7044, 0.0240667, -0.0712312,3152.15,3097.85,6250,12513.7
1.72989, 0.00220408, -0.0832535,3129.86,3120.14,6250,12490
1.75535, -0.0218178, -0.0765051,3127.32,3122.68,6250,12392.4
1.78073, -0.0340179, -0.0546479,3095.85,3154.15,6250,12415.2
1.8059, -0.0270039, -0.0304207,3046.16,3203.84,6250,12514.7
1.83096, -0.00472917, -0.0183491,3024.88,3225.12,6250,12507.2
1.85599, 0.0194474, -0.0259324,3022.89,3227.11,6250,12429
1.88096, 0.030657, -0.0487229,2998.35,3251.65,6250,12442.1
1.90577, 0.0217738, -0.0726659,2961.99,3288.01,6250,12504.5
1.93051, -0.00180011, -0.0826641,2949.81,3300.19,6250,12478.3
1.95523, -0.0251734, -0.0722055,2946.41,3303.59,6250,12422.2
1.97986, -0.0332869, -0.0478408,2919.65,3330.35,6250,12457.6
2.00436, -0.0207278, -0.0252985,2888.74,3361.26,6250,12511.5
2.0288, 0.00443787, -0.0193899,2881.41,3368.59,6250,12480.3
2.05323, 0.0256589, -0.0341556,2876.52,3373.48,6250,12442.8
2.07758, 0.0287527, -0.0598932,2852.94,3397.06,6250,12477
2.10183, 0.0115176, -0.0793692,2833.65,3416.35,6250,12497.9
2.12606, -0.0145033, -0.0793481,2831.66,3418.34,6250,12457.8
2.15026, -0.0316149, -0.059723,2821.78,3428.22,6250,12448.6
2.17437, -0.0280136, -0.0338542,2797.99,3452.01,6250,12492.1
2.19841, -0.00606755, -0.0195822,2785.66,3464.34,6250,12496
2.22244, 0.019073, -0.0268894,2784.65,3465.35,6250,12460.8
2.24643, 0.0298568, -0.0507772,2772.36,3477.64,6250,12468
2.27034, 0.0186406, -0.0745373,2755.16,3494.84,6250,12494.6
2.29423, -0.00675181, -0.0813849,2750.97,3499.03,6250,12476.1
2.3181, -0.0283577, -0.066386,2747.48,3502.52,6250,12456.6
2.34191, -0.0307531, -0.0401465,2731.73,3518.27,6250,12482.2
2.36567, -0.0121443, -0.0214178,2719.57,3530.43,6250,12496.3
2.38941, 0.0141661, -0.0237002,2718.47,3531.53,6250,12472.6
2.41313, 0.0292087, -0.0454207,2711.94,3538.06,6250,12469.1
2.43679, 0.0220428, -0.0708986,2698.83,3551.17,6250,12490.1
2.46043, -0.00218826, -0.0816071,2694.07,3555.93,6250,12482.8
2.48406, -0.0258439, -0.0696812,2692.59,3557.41,6250,12464.9
2.50765, -0.0315915, -0.0437912,2682.09,3567.91,6250,12479.7
2.53119, -0.0151544, -0.0229262,2672.04,3577.96,6250,12493.8
2.55472, 0.0114124, -0.0224821,2670.75,3579.25,6250,12478.2
2.57824, 0.0284957, -0.0428402,2666.83,3583.17,6250,12472.5
2.60172, 0.0234085, -0.0689577,2657.11,3592.89,6250,12487.9
2.62518, -0.000118604, -0.0814318,2652.93,3597.07,6250,12484.7
2.64862, -0.0245917, -0.0709344,2652.09,3597.91,6250,12470.7
2.67205, -0.0317275, -0.0452589,2644.66,3605.34,6250,12480.2
2.69544, -0.0161448, -0.0236026,2636.87,3613.13,6250,12491.6
2.71881, 0.0105072, -0.0222289,2635.74,3614.26,6250,12480.6
2.74218, 0.0282039, -0.0422099,2633,3617,6250,12475.7
2.76552, 0.0235912, -0.0685234,2625.71,3624.29,6250,12487.1
2.78883, 0.000114974, -0.0813063,2622.48,3627.52,6250,12485
2.81215, -0.0244914, -0.0708629,2621.85,3628.15,6250,12474.5
2.83544, -0.0315752, -0.0450728,2616.23,3633.77,6250,12481.6
2.85871, -0.0157287, -0.0234985,2610.38,3639.62,6250,12490
2.88197, 0.011029, -0.0225586,2609.57,3640.43,6250,12481.6
2.90522, 0.0283266, -0.0429989,2607.37,3642.63,6250,12478.3
2.92845, 0.0229519, -0.0692496,2601.81,3648.19,6250,12486.9
2.95167, -0.00101655, -0.081255,2599.51,3650.49,6250,12484.7
2.97488, -0.0252565, -0.0698078,2598.94,3651.06,6250,12477
2.99808, -0.0311888, -0.0436533,2594.46,3655.54,6250,12483.1
