0.5908312647,1.499773525e-05,1.110348204e-05
0.5908109765,0.01119745688,-0.003617426891
0.5909262175,0.02247720924,-0.007040884054
0.5904640013,0.03386665462,-0.01014734513
0.5895194811,0.0451190249,-0.01366125536
0.5888158678,0.05638222542,-0.01725998571
0.5877376001,0.06777324715,-0.02037874367
0.5859941895,0.07898645291,-0.02377487691
0.5844681117,0.09015595564,-0.02741678803
0.5826985529,0.1014577573,-0.0305424883
0.5802008578,0.1125614613,-0.03385970175
0.5778745625,0.1235942414,-0.03749559467
0.575388333,0.1347446304,-0.04062118275
0.5721656504,0.1456636052,-0.04383566607
0.5690310629,0.1564630113,-0.04742955723
0.565865616,0.1673718848,-0.05059026875
0.5619974675,0.1780634474,-0.05364024625
0.5579745924,0.1885478655,-0.05711115175
0.5541003251,0.1990934736,-0.06042896819
0.5498001539,0.2095503563,-0.06337143285
0.5450036881,0.2196970443,-0.06644696011
0.5401484369,0.2296752363,-0.0697715213
0.5353170144,0.2396235148,-0.07300425044
0.5302767574,0.2494737713,-0.07600163781
0.5249162856,0.2591103669,-0.07888564551
0.519300513,0.2685016397,-0.08177596531
0.5135181193,0.2776743897,-0.08469030512
0.5076130765,0.2866546787,-0.08759702757
0.5016038231,0.2954483028,-0.09047231824
0.4955046417,0.30404687,-0.0933239135
0.4893107181,0.3124225059,-0.09619273394
0.4829595192,0.3205046252,-0.09909644176
0.4763634897,0.3282458501,-0.1018862476
0.4696740842,0.3358370369,-0.1043341906
0.4632488929,0.3434496955,-0.106824506
0.4566162722,0.3505295792,-0.1097042217
0.4497311953,0.3573750725,-0.1119261312
0.4432500102,0.3642041799,-0.1146152857
0.4363016966,0.3704877125,-0.1167782901
0.4297200321,0.3766954407,-0.1194495681
0.4230672804,0.3827969813,-0.1214873781
0.4162096378,0.3882995727,-0.1236899299
0.4095849998,0.3936839125,-0.1260930268
0.4031039198,0.398985439,-0.1283351601
0.3966390684,0.4040589488,-0.1304250314
0.3902008782,0.4088528911,-0.1324532417
0.383813224,0.4133637754,-0.1344390621
0.377478857,0.4176083162,-0.1363217507
0.3712598516,0.421694387,-0.1380121487
0.3653204776,0.4257776077,-0.1396679794
0.359573637,0.4295656775,-0.1416424642
0.35366458,0.4327873937,-0.143342177
0.3481423392,0.436333066,-0.1447202925
0.3426913188,0.4392881574,-0.1465945844
0.3374125634,0.4423979012,-0.1477771568
0.3322319273,0.444922342,-0.1494518869
0.3274386941,0.4478110828,-0.150800571
0.3225602537,0.450112444,-0.1518806647
0.3179580283,0.4522183076,-0.1533280561
0.3136853021,0.4544720515,-0.1546734418
0.3095725564,0.4566071606,-0.155731221
0.3055912341,0.4584882409,-0.1566702602
0.301801407,0.4601658965,-0.1575943229
0.2982436418,0.46170655,-0.158503716
0.2949285734,0.4631421731,-0.1593780928
0.2918618024,0.4644776916,-0.1602118544
0.2890457923,0.4656987752,-0.1610152944
0.2864737353,0.4667693806,-0.161794033
0.2841314565,0.4676447332,-0.1625114179
0.2819997608,0.4683349404,-0.1630791494
0.2800772972,0.4689643473,-0.1634372654
0.2784435653,0.4696711807,-0.1636772108
0.2771435542,0.4704009043,-0.1640238422
0.2760912517,0.4708813619,-0.1645177857
0.2751795702,0.4710184935,-0.1648500633
0.2744855969,0.4711337466,-0.1648223845
0.2741757929,0.4714444679,-0.1647507316
0.2742047938,0.4716287447,-0.1649288921
0.2743902651,0.4714042319,-0.165062299
0.2747554135,0.4710596704,-0.164816709
0.2754743423,0.4709025903,-0.1644274862
0.2765528861,0.4707276716,-0.1642337458
0.2778399109,0.4702322317,-0.1641205053
0.2792745278,0.4694793659,-0.1637937229
0.2809290835,0.4687062219,-0.1632166325
0.2828698487,0.4679899253,-0.162557121
0.2851138802,0.4672311756,-0.1619259217
0.2876331344,0.4663272647,-0.1613106886
0.2903903979,0.4652521002,-0.1606541204
0.2933725691,0.4640224215,-0.159914308
0.296576628,0.4626566063,-0.1590749126
0.2999960181,0.4611538873,-0.1581330597
0.3036153321,0.4594891676,-0.1571001979
0.3074251759,0.4576258122,-0.1560267171
0.3114524817,0.4555876857,-0.1550118338
0.3157817179,0.4535379723,-0.1540568441
0.320376926,0.4515658697,-0.1528517567
0.3249697555,0.4492311755,-0.1512903372
0.3297270546,0.4464657042,-0.1501066379
0.334933146,0.4440759016,-0.1487787441
0.3399550873,0.4410161055,-0.1470970247
0.3455020033,0.4381900428,-0.1458135794
0.3508344862,0.4347433504,-0.1440652917
0.3566688873,0.4316372288,-0.1423779737
0.3624741455,0.4279110991,-0.1409362978
0.3682784061,0.4239718188,-0.13903023
0.3743705268,0.4200676833,-0.1370263157
0.3806476662,0.4159709496,-0.1351187812
0.3869996369,0.4115885875,-0.1332031152
0.3934020627,0.4069352132,-0.1312013761
0.3998387935,0.4020088218,-0.1291184096
0.4063078147,0.3967947207,-0.1270419954
0.4129147502,0.3913835393,-0.1250689198
0.4197500607,0.3859747405,-0.1229607207
0.4264308193,0.3802577813,-0.1203938913
0.4329741315,0.3739546115,-0.1182141327
0.4399527796,0.3679191219,-0.1158569154
0.4464202378,0.3611342653,-0.1133596705
0.4533825769,0.3546012732,-0.1108578315
0.45991753,0.3473512217,-0.1085344094
0.4664777512,0.3401108893,-0.1056644577
0.4732626035,0.3327632117,-0.1030641171
0.4798123914,0.3249719718,-0.1006037922
0.4861304448,0.3168808425,-0.09796609138
0.4923583141,0.3086089262,-0.09517640171
0.4985235652,0.3001556102,-0.09233470816
0.5046015394,0.2914965332,-0.08948436536
0.510574204,0.2826313035,-0.0866296093
0.5164395682,0.2735817443,-0.08374799884
0.5221846355,0.2643680832,-0.08078020231
0.5277299685,0.2549760582,-0.0776630917
0.5329453323,0.2453392708,-0.07444906888
0.537840202,0.2354259071,-0.07136291792
0.5426961779,0.2253611529,-0.06848659986
0.5476159795,0.2153068617,-0.06543994248
0.5521268673,0.2051236723,-0.06201906222
0.5561043598,0.1946125111,-0.05880505856
0.560210377,0.1840357042,-0.05587044879
0.5642279445,0.1735295634,-0.05246616933
0.5675092437,0.1627634498,-0.04904566817
0.5708264139,0.151854737,-0.04607017578
0.5741554236,0.14106829,-0.04262232644
0.5766911392,0.1300558022,-0.03915397255
0.5793262599,0.1189255806,-0.03613142211
0.5818837525,0.1079278954,-0.03257263718
0.5836448823,0.0967225877,-0.02914164204
0.5856155766,0.08544378662,-0.02605768337
0.5873539781,0.07429391657,-0.02240989752
0.5883603486,0.06297727251,-0.01903704322
0.5896228877,0.05164324542,-0.01590501411
0.590567339,0.04045530856,-0.01224407092
0.5908213485,0.02915296739,-0.008883790425
0.5912962985,0.01780855381,-0.005764574451
0.591549193,0.006626068682,-0.00216219451
0.591086406,-0.004572645811,0.001289035075
0.5906417823,-0.01585961688,0.00436621476
0.5902469738,-0.02703341611,0.007751576042
0.5892636646,-0.0380794479,0.01133080209
0.587862414,-0.04914880356,0.01456835666
0.5865222762,-0.06022534503,0.01763534006
0.5851194973,-0.07119438036,0.02093490529
0.5833020831,-0.08201060467,0.02439504178
0.5810542776,-0.09273218601,0.02772416585
0.5785903623,-0.1034069621,0.03084241461
0.5760350818,-0.1140291122,0.03387195986
0.5733621182,-0.1245549959,0.03692663865
0.5705007388,-0.1349518554,0.04002504686
0.567405219,-0.1452255171,0.04313682749
0.5640734169,-0.1553689601,0.04622192479
0.5605163981,-0.1653800829,0.04925762162
0.5567466527,-0.1752398246,0.05223276472
0.552763162,-0.1849339975,0.05515775502
0.548568672,-0.1944431373,0.05806948822
0.5442113413,-0.2037562356,0.06102633853
0.5398130851,-0.2129169225,0.06403494558
0.535441121,-0.2220130134,0.06691383793
0.5308358389,-0.2309756159,0.06945467214
0.5257656083,-0.2395286398,0.07203664342
0.5208567036,-0.2478989594,0.07500071843
0.516016627,-0.2563368426,0.07741223301
0.5105845729,-0.264180061,0.08000182659
0.50567678,-0.2721905464,0.08257860797
0.5000894862,-0.2796070629,0.08500215869
0.4950065905,-0.2872139794,0.08732314857
0.489519751,-0.2942265721,0.08995390288
0.4839446168,-0.3011369681,0.09201581405
0.4786658692,-0.3080326188,0.09418805955
0.4733143553,-0.3145804,0.09656032578
0.4678378015,-0.3207898176,0.09883740204
0.4623680895,-0.3267656692,0.1009642432
0.4569649802,-0.3325561281,0.1030000683
0.4516399866,-0.3381723392,0.1049638091
0.4463750161,-0.3436079647,0.106813442
0.441094878,-0.3487893306,0.1085134421
0.4357508305,-0.3535912075,0.1102285005
0.430595746,-0.3581779263,0.1122108999
0.4257833786,-0.3629059883,0.1139640113
0.4207028691,-0.3671516714,0.1153092519
0.4159162397,-0.3711677516,0.1172272222
0.4112251092,-0.3752232943,0.1184228546
0.4066369377,-0.3788132583,0.120220265
0.4020706298,-0.3823500807,0.1212979052
0.3979280747,-0.3858598562,0.122843888
0.3935913013,-0.3887804114,0.124232944
0.3894845874,-0.3917679209,0.1252076831
0.385729809,-0.3947543922,0.1263378207
0.3820995817,-0.3974340929,0.1276061556
0.3785356952,-0.3998272191,0.1287837215
0.3751176272,-0.4020394941,0.1298113486
0.3719064122,-0.4041140413,0.1307308614
0.3688977159,-0.4060693075,0.1315900554
0.366092767,-0.4079046873,0.1324043303
0.363508478,-0.4096147763,0.1331600495
0.3611547581,-0.4111939719,0.1338249898
0.359025418,-0.4126151378,0.1343619429
0.357059831,-0.4138427575,0.1347789485
0.355235669,-0.4148295858,0.1351549345
0.3536120771,-0.4156048821,0.1356092107
0.3522896299,-0.4163214643,0.1361549842
0.3512859002,-0.4170964649,0.1365948048
0.3504667611,-0.4177924353,0.1367314574
0.3497210806,-0.4181478848,0.1367085968
0.3491693356,-0.4182036216,0.1368590718
0.3489992001,-0.4182925848,0.1371441462
0.3491381703,-0.4184737066,0.1371743578
0.3493697464,-0.4184083237,0.1368885326
0.3497140879,-0.4179568408,0.1366625144
0.3503793727,-0.4174053772,0.1366467678
0.35140289,-0.4169574598,0.1365485713
0.3526189589,-0.4164422197,0.1361466621
0.3539268661,-0.4156347811,0.1355797305
0.3553909472,-0.4145483514,0.135071564
0.3571073757,-0.4133339232,0.1346583578
0.3590939876,-0.4120782814,0.1342349053
0.3613202651,-0.4107551862,0.1337084513
0.3637745658,-0.4092881025,0.1330539571
0.366427201,-0.4076434076,0.1323009316
0.3692595399,-0.405814813,0.1314821359
0.3722528566,-0.4038066452,0.1306138826
0.3754018914,-0.4016127124,0.1296838418
0.3787196171,-0.3992279859,0.128648681
0.382214642,-0.3967108422,0.1274705461
0.3859494998,-0.3941536011,0.1262002139
0.3899662987,-0.3915072797,0.1250487518
0.3940583007,-0.3884703565,0.1240645851
0.3980688712,-0.3850716719,0.1227171024
0.4024804223,-0.3819017531,0.1211198533
0.4070435123,-0.3783335249,0.1200348813
0.4114558724,-0.3744874455,0.1182818249
0.4163699752,-0.3707116197,0.1170088673
0.4210090613,-0.3664854078,0.1151384529
0.42601236,-0.3621239844,0.1138243592
0.4311409321,-0.3577897339,0.111907133
0.4360536911,-0.3528787124,0.1100445379
0.4412111327,-0.3478305446,0.1084433464
0.4465740256,-0.342745302,0.1066889915
0.4519596947,-0.3374529207,0.104741833
0.4573353273,-0.3318917722,0.1027211079
0.4627184495,-0.3260677149,0.1006852739
0.4681002632,-0.3199730472,0.09863173694
0.4734464199,-0.3135932576,0.09649320957
0.4787702076,-0.3070097624,0.09415333601
0.4842571254,-0.3003758888,0.09168301891
0.4898841794,-0.293531175,0.0895047733
0.4950876077,-0.2861504768,0.08732411839
0.5003841218,-0.2788333683,0.08457488685
0.505820905,-0.2712263688,0.08242353975
0.5108029005,-0.2633426413,0.0796162124
0.5160970768,-0.2553084508,0.07736375218
0.5210747706,-0.2471295692,0.07441403598
0.5258295778,-0.2385046559,0.07198398438
0.5309001062,-0.2299752922,0.06934605535
0.5355439503,-0.2211878634,0.0663324187
0.5398727209,-0.2120519354,0.0635359343
0.5442369199,-0.2027729441,0.06088579693
0.5485913297,-0.1934069554,0.05812397534
0.5527829724,-0.1839061529,0.05520939113
0.5567522787,-0.1742356225,0.05220991569
0.5605041696,-0.1643924087,0.04917918155
0.5640510451,-0.1543889116,0.04613839155
0.5673868382,-0.1442544467,0.04309848324
0.5705024939,-0.1339849149,0.04004631277
0.5733736417,-0.1236005973,0.03696793054
0.5759946174,-0.1131025989,0.03382260229
0.5783939521,-0.102523782,0.03057048137
0.5806522226,-0.09189088692,0.02721960886
0.5828356174,-0.08117745885,0.02387067056
0.5848648093,-0.07033359355,0.02066659679
0.5865128033,-0.05934057363,0.01759038846
0.587686333,-0.04828797642,0.01438641378
0.5886735677,-0.0372628611,0.01088602178
0.5897500938,-0.0262088574,0.007392722027
0.5905895765,-0.01499781377,0.004231757352
0.590794452,-0.003735799447,0.001047074379
0.5907989789,0.007418198999,-0.002539030666
0.5909770227,0.01863314786,-0.006016261774
0.5906803405,0.02998885233,-0.009114420538
0.5897974249,0.04123444383,-0.01253928776
0.5891118137,0.05244117487,-0.01617842971
0.5882076769,0.06380152624,-0.01933608273
0.5865636349,0.07502673665,-0.02263169888
0.5850354412,0.08615055522,-0.02629707142
0.5834370646,0.09742085638,-0.02948422881
0.5810612067,0.1085480816,-0.03270132727
0.5787329063,0.1195408013,-0.03634677587
0.5764069949,0.1306719849,-0.03954777805
0.5733213617,0.1416249749,-0.042675515
0.5701928931,0.1524000182,-0.04625865664
0.567160169,0.1632937401,-0.04949845913
0.5634507841,0.1740224563,-0.05249893459
0.5594681386,0.1845095165,-0.05592622484
0.5556724544,0.1950426245,-0.05929783934
0.5515186197,0.2055301598,-0.06225644388
0.5468246046,0.2157138184,-0.06529708572
0.5420412894,0.2257110078,-0.06861758806
0.5373046122,0.2356859723,-0.07186623979
0.5323663075,0.2455733331,-0.0748605244
0.5270872002,0.2552477082,-0.07773448558
0.5215392673,0.2646719169,-0.08062838446
0.5158252808,0.2738782505,-0.08355985916
0.5099909202,0.2828965504,-0.08648485905
0.5040466195,0.2917344483,-0.0893665303
0.4980057575,0.3003871044,-0.09219767738
0.4918862286,0.3088446842,-0.09501010718
0.4856728201,0.3170644647,-0.09786697008
0.4792672455,0.3249489373,-0.100757586
0.4726016028,0.3325072765,-0.1034319183
0.4660001135,0.3400404499,-0.1057739632
0.4596290561,0.3474576088,-0.1084610994
0.4527746247,0.3542138052,-0.1111250145
0.4462060215,0.3611752666,-0.1133230557
0.4394304134,0.3674837414,-0.1160369783
0.4328876027,0.3739799736,-0.1181855645
0.4259921801,0.379751922,-0.1205051389
0.4194860324,0.3855969949,-0.1230145266
0.4129710974,0.3913149054,-0.1250853428
0.4063355885,0.3965994736,-0.1270681046
0.3997492272,0.4015935886,-0.1291275375
0.3932796961,0.4064049635,-0.1311802672
0.3869321275,0.4110525371,-0.133166686
0.3807228741,0.415536022,-0.1351077313
0.37464831,0.4198081553,-0.1370926669
0.36861652,0.4237042173,-0.1391073516
0.3625724368,0.4272590258,-0.1407971605
0.3568401234,0.4309917546,-0.1422313053
0.3513500551,0.4344373479,-0.1441668224
0.345697749,0.4374061335,-0.1455337748
0.3405781852,0.4406752633,-0.1472014695
0.3352531467,0.4432783208,-0.1484530562
0.3304123351,0.4460307487,-0.1501435261
0.3256214365,0.4486659047,-0.1511928605
0.3208944061,0.4507464679,-0.1524627934
0.3165416281,0.4529300053,-0.1539106851
0.3124196207,0.4551486553,-0.155073298
0.3084180598,0.4571311663,-0.1560207601
0.3045746748,0.4588670215,-0.1569297184
0.3009494933,0.4604386826,-0.1578383379
0.2975651424,0.4618979593,-0.1587198147
0.2944258179,0.4632622987,-0.1595528287
0.291536409,0.4645318067,-0.1603375507
0.2889006559,0.4656918339,-0.1610903912
0.2865130614,0.4667055599,-0.1618229193
0.2843590388,0.4675239059,-0.1625039205
0.2824154675,0.4681475428,-0.1630466223
0.2806737855,0.4686900327,-0.1633802
0.2792072852,0.4692960791,-0.1635698452
0.2780723556,0.4699510638,-0.1638277151
0.2772068148,0.4704153597,-0.1642455038
0.2764967327,0.4705348511,-0.1645847754
0.275966214,0.4705327793,-0.1645886035
0.2757694341,0.4706942328,-0.1644250032
0.2759419145,0.4708755528,-0.1644406732
0.2763368229,0.4707342161,-0.1645727897
0.2768725026,0.4703035609,-0.1644653733
0.2776525985,0.4699057262,-0.164059224
0.2787799103,0.4696315568,-0.1636343205
0.2802105677,0.4692694508,-0.1633583281
0.2818408761,0.4686503391,-0.1631180322
0.2836357862,0.4678118153,-0.1627425363
0.2856563237,0.4668614469,-0.1621815834
0.287947988,0.4658559947,-0.1614916603
0.2905131786,0.4647845795,-0.1607386245
0.2933370277,0.4636099735,-0.1599513247
0.2964034225,0.4623041783,-0.1591342029
0.2997043089,0.4608584374,-0.1582893814
0.3032412013,0.4592887337,-0.1574226978
0.3070259271,0.4576379394,-0.1565173572
0.3110443944,0.4559428249,-0.1554869272
0.3152208147,0.4541003341,-0.1542122008
0.3194741781,0.4518619636,-0.1528353887
0.32396458,0.4493801099,-0.1517682721
0.3288502887,0.4471837219,-0.1505943597
0.3336612493,0.4445512152,-0.148906573
0.3387745204,0.4416607981,-0.1478038604
0.3440474754,0.4389063187,-0.1460042555
0.3494793594,0.4356512846,-0.1447795911
0.3549462042,0.432334308,-0.142848068
0.3608377224,0.429054497,-0.1413186441
0.3666212047,0.4251792653,-0.139774003
0.3724916085,0.4211634265,-0.1378400443
0.3786001314,0.4171122956,-0.1358388702
0.3848622373,0.4128599515,-0.133880679
0.391198644,0.4083365074,-0.1319094378
0.3975853375,0.4035322212,-0.1299014349
0.4040330893,0.398465351,-0.1279059062
0.4106212726,0.3932353206,-0.125953531
0.4173890592,0.3879547465,-0.1238166204
0.4240037883,0.3823361767,-0.1212941358
0.4304994032,0.3761571083,-0.119119045
0.4374390516,0.3702180884,-0.116872242
0.4438893268,0.3636187305,-0.1142803281
0.4508328797,0.3571551221,-0.1119943343
0.4572501268,0.3500101872,-0.1094915209
0.4639942407,0.3430530335,-0.1067155541
0.4707112385,0.3357004765,-0.1043635737
0.4770778985,0.3279139716,-0.1018226306
0.4833814915,0.3200022753,-0.09900685128
0.4897113057,0.3119583742,-0.09614713646
0.4959793132,0.303694583,-0.09331625558
0.5021142894,0.2951798051,-0.09048705664
0.5080877775,0.2864167737,-0.08763812792
0.5138940069,0.2774199919,-0.08478129896
0.5195582123,0.2682151953,-0.08194172135
0.5251358056,0.2588501193,-0.07910314864
0.5306376316,0.249375837,-0.07615382499
0.5359147758,0.2397640826,-0.07297243687
0.5407614322,0.2298864221,-0.06969612151
0.5453194707,0.2197271295,-0.06667074097
0.549988165,0.2095223214,-0.06377545432
0.5545389145,0.1993321246,-0.06047356925
0.5584406023,0.188871492,-0.05706951431
0.5622154173,0.1781973274,-0.0541062872
0.5661595338,0.1676402137,-0.05088884351
0.5694307955,0.1569338517,-0.04734320397
0.5724300945,0.1459786937,-0.04430588556
0.575673144,0.13513887,-0.04103325358
0.5781871907,0.1241907465,-0.03744038473
0.5805060966,0.1130308198,-0.03439121969
0.5830131805,0.1020030705,-0.03099212306
0.5847152277,0.09086345889,-0.02741139129
0.5863722233,0.0795633531,-0.02435479228
0.5881040537,0.0684079249,-0.02084571264
0.5890178524,0.05717807488,-0.01730827432
0.589966284,0.04584347202,-0.01424161003
0.5909261828,0.03465755478,-0.01071780023
0.5911014921,0.02344910418,-0.007186036987
0.5912518074,0.01213130245,-0.0041133304
0.5914893101,0.00094214171,-0.000691988163
0.5910386879,-0.01016945475,0.00290070259
0.5902831141,-0.02137134536,0.006048791595
0.589713263,-0.03254737117,0.009218092526
0.5888286609,-0.04356622953,0.0127491643
0.5873522019,-0.05451273159,0.01617419818
0.5856950054,-0.0654837663,0.01926929508
0.5840939354,-0.07642725995,0.02236222809
0.5823231337,-0.08723545653,0.02567319946
0.5801552192,-0.09788902686,0.02906393512
0.5776184443,-0.1084417694,0.03233855709
0.5748564484,-0.1189234732,0.03545570756
0.5719533185,-0.12932481,0.03848467548
0.5689058074,-0.1396308341,0.04149453421
0.565680585,-0.1498191372,0.04450743849
0.5622506543,-0.1598787629,0.04752249631
0.5586125805,-0.1697837438,0.05052697651
0.5547755349,-0.1795236324,0.05352250444
0.5507691025,-0.1890955758,0.05652104972
0.5466464066,-0.1985194538,0.05952131523
0.5424596114,-0.2078278283,0.06245371823
0.5381450717,-0.2170272684,0.06518139409
0.5334829437,-0.2259894866,0.06772008102
0.5285106291,-0.2345859315,0.07046169882
0.5237736481,-0.2431007372,0.07341324758
0.5189657543,-0.2516043182,0.07580669812
0.5136099422,-0.2595473909,0.07841348564
0.5087612716,-0.2676218953,0.0810745847
0.5032487562,-0.2751900495,0.08338482226
0.4982560189,-0.2828530825,0.08593043233
0.4926565752,-0.2899128633,0.08837704566
0.487360682,-0.2971158939,0.0904436868
0.4821253605,-0.3040133848,0.09293499397
0.4765739152,-0.3104828558,0.09530434233
0.4710091028,-0.3167905855,0.09738198919
0.46556833,-0.3229523307,0.0993774223
0.4601990518,-0.328889219,0.1013794154
0.4548520874,-0.3345732216,0.1033832306
0.4495393733,-0.3400121123,0.1053901059
0.4443234432,-0.3452576331,0.1074036558
0.4392605265,-0.3504000863,0.1093196715
0.4342183832,-0.3553769212,0.1109304918
0.4289951367,-0.3598689502,0.1124707135
0.424030086,-0.3641567415,0.114425368
0.4193529965,-0.3686202059,0.1158932446
0.4143753525,-0.3723587428,0.1174209215
0.4099836618,-0.3764285391,0.1189821637
0.4052489367,-0.3797772656,0.1204049059
0.4010250843,-0.3834747482,0.1216322902
0.3967805705,-0.3866071467,0.1232432678
0.392521858,-0.3895384981,0.1243031169
0.3886752465,-0.3926196309,0.1253546787
0.3850123339,-0.3954319767,0.1266523172
0.3813804008,-0.3978897301,0.127886518
0.3778569729,-0.4001576878,0.1289269562
0.3745337047,-0.4023116151,0.1298350113
0.3714385124,-0.4043394854,0.1306789539
0.3685428973,-0.406234147,0.1314942998
0.3658437893,-0.4079876648,0.1322858415
0.363362292,-0.4096003829,0.1330432302
0.3611214211,-0.4110849669,0.133742728
0.3591340736,-0.4124469435,0.1343391386
0.3573521749,-0.4136778792,0.1347914899
0.3557130099,-0.4147192889,0.1351054555
0.3542086871,-0.4155017726,0.1353769732
0.3529098496,-0.4160685928,0.13574366
0.3519232218,-0.4165922189,0.1362039223
0.3512531104,-0.4171779322,0.1365407788
0.350758981,-0.4176695777,0.1365766487
0.3503440039,-0.4178259803,0.1364696638
0.3501229632,-0.4176965916,0.1365207674
0.3502615937,-0.4175736373,0.1367015394
0.3507151279,-0.4175348203,0.1366858715
0.351301993,-0.4173280546,0.1363628839
0.3519815916,-0.4167730818,0.1359829619
0.3528873099,-0.4160007544,0.1357581011
0.3541173389,-0.4152206647,0.1355995825
0.3556272852,-0.4144572541,0.1353029789
0.3573195098,-0.4135878756,0.1347986342
0.3591479868,-0.4125146601,0.1341610399
0.3611402727,-0.4112229027,0.1334785476
0.3633586588,-0.4097345385,0.1327779073
0.3658109617,-0.4080923813,0.1320496087
0.3684851144,-0.4063208829,0.1312733381
0.3713632832,-0.4044319869,0.1304403455
0.3744398312,-0.4024251505,0.1295594382
0.3777369066,-0.4002650811,0.1286519888
0.3812178675,-0.3979052364,0.127752202
0.384799222,-0.395274047,0.1268230933
0.3884368026,-0.3923922749,0.1256820843
0.3922922394,-0.3895093209,0.1242511047
0.3965365305,-0.3866702965,0.1229809136
0.4007634829,-0.3833019846,0.1219531744
0.4049646104,-0.3797662013,0.1203101057
0.4096888423,-0.3763799976,0.1190089101
0.4140659739,-0.3723084774,0.1174846147
0.4190308679,-0.3685723738,0.1159928693
0.4236393821,-0.3641749971,0.114222767
0.4287046526,-0.3598050177,0.1128608819
0.4338243206,-0.3553748055,0.1109263502
0.4387598027,-0.3504216421,0.1090270888
0.443872646,-0.3452738248,0.1073500715
0.449173461,-0.3400451494,0.1056024512
0.4545300803,-0.3346345591,0.1037059625
0.4598852039,-0.3289764347,0.1017137672
0.4652238536,-0.3230552443,0.09965222789
0.4705509602,-0.3168769385,0.09748412604
0.4759161865,-0.310512617,0.09516093394
0.4814387028,-0.3040457621,0.09279925508
0.487019023,-0.2973132599,0.09069269429
0.492221077,-0.2900883574,0.08853066276
0.497487729,-0.2828903065,0.08582864939
0.5029955596,-0.2754977321,0.08365339649
0.507921664,-0.2676697676,0.08100427316
0.5133561832,-0.2599097594,0.07863896713
0.5181638673,-0.2517200965,0.07582030719
0.5232238907,-0.2433661459,0.07351802618
0.5282226401,-0.2350074011,0.070612749
0.5327038069,-0.2261875043,0.0678126445
0.5372956352,-0.2172134241,0.06529649557
0.5419558169,-0.2082137545,0.06256324138
0.5463679238,-0.1990440247,0.05958642095
0.5504859674,-0.1896408143,0.05656416598
0.55439505,-0.1800407224,0.05357848489
0.5581518411,-0.1702792793,0.05060640704
0.5617624083,-0.1603789652,0.04761183732
0.5652147483,-0.1503572203,0.04457962882
0.5684982415,-0.140231531,0.04151590509
0.5716099589,-0.1299875883,0.03843194775
0.5745313281,-0.1196285871,0.03535954818
0.5772198283,-0.1091274409,0.03231284333
0.5796041675,-0.09849356683,0.02926526415
0.5816563243,-0.08776404445,0.02612375817
0.5834727989,-0.07698922554,0.02279783378
0.5852315197,-0.06619465234,0.01935168491
0.5869555247,-0.05531534707,0.01602282319
0.5883606011,-0.04427717933,0.01292193685
0.5892192548,-0.03315656235,0.009760643358
0.5898401329,-0.02209381506,0.006258370121
0.5905947965,-0.01101144889,0.002744428036
0.5910890906,0.0002240571361,-0.0003974907171
0.5909145017,0.01146367183,-0.003615546721
0.5906483147,0.02260409051,-0.007244510008
0.5905212845,0.03385032386,-0.01062589754
0.5897614248,0.04517194315,-0.01371903071
0.5885969756,0.05634176462,-0.01726811503
0.5876893959,0.06755253396,-0.02079377242
0.5862895626,0.07883863186,-0.02386000636
0.5843278889,0.08992772301,-0.02731527542
0.5826402453,0.1010359185,-0.03087857788
0.5805469571,0.1122268866,-0.03393286686
0.5778267478,0.1231796476,-0.0373099302
0.5753549898,0.1341240712,-0.04087156265
0.5725786628,0.1451418849,-0.04391208025
0.5691372142,0.1558847152,-0.04715965123
0.5658514675,0.166560444,-0.05070117818
0.5624485022,0.1773232578,-0.0537871677
0.5583706337,0.1878493017,-0.05682114598
0.55417204,0.1981578067,-0.06023980463
0.5500976583,0.2085215267,-0.06352532301
0.5456578733,0.2187978203,-0.06644991539
0.5407355243,0.2287795366,-0.06942547334
0.5356669526,0.2385395904,-0.07262596649
0.5305979099,0.2482192441,-0.07584313852
0.5254145626,0.2578110771,-0.07890895766
0.5200115189,0.2672321936,-0.0818387093
0.5143839438,0.2764347726,-0.08471040744
0.5085733203,0.2854127521,-0.08757170829
0.5026152409,0.2941664685,-0.09043633971
0.4965194471,0.3026823702,-0.09330310356
0.4902639088,0.3109364159,-0.09614602736
0.4838329922,0.3189276026,-0.09887321132
0.47733309,0.3267537639,-0.1013800565
0.4709817747,0.3345345222,-0.1038628804
0.4645969989,0.3419768873,-0.1067009347
0.4577678,0.3488982707,-0.1092660274
0.4512747402,0.3560213484,-0.1115230111
0.4445781115,0.3625173361,-0.1142906196
0.4379691736,0.369099587,-0.1163676802
0.4311878926,0.375039638,-0.1189373621
0.4247709884,0.3812084962,-0.121240045
0.4180500724,0.3868686679,-0.1232218275
0.4113645298,0.3921460835,-0.125487739
0.4048913244,0.3973372409,-0.1277822225
0.398502093,0.4023827031,-0.1299307102
0.3921463779,0.407184059,-0.1319649104
0.3858324572,0.4117154763,-0.1339158096
0.3795822835,0.4160030771,-0.1357499534
0.3734658506,0.4201510425,-0.1374338155
0.3676084203,0.4242484548,-0.139139952
0.3619034349,0.4280026371,-0.141111064
0.3560595812,0.4312394313,-0.1427883519
0.3505814213,0.4347705919,-0.1441401386
0.3452343546,0.4377941902,-0.1460244331
0.3399479469,0.4408100166,-0.1471642211
0.3349149246,0.4434562581,-0.1489179508
0.3301029013,0.4463115154,-0.1500689287
0.325257941,0.4484844662,-0.1513250704
0.320837795,0.4507949078,-0.1528326522
0.3166008178,0.4531495948,-0.1539457384
0.3124292532,0.455142575,-0.1548678936
0.3084406299,0.4568576194,-0.1558633128
0.304699728,0.458462188,-0.1569066171
0.3012059643,0.4599926382,-0.1579027719
0.2979427245,0.4614269191,-0.1588071692
0.2949026486,0.4627484696,-0.1596114776
0.292092426,0.4639597646,-0.1603174308
0.2895280821,0.465078969,-0.1609354506
0.2872303904,0.466124178,-0.1614962995
0.2852172938,0.4670809272,-0.1620507996
0.2834776256,0.4678818381,-0.1626316814
0.281943115,0.4684547997,-0.1631915477
0.2805677042,0.4688184896,-0.1635908195
0.279399879,0.4691336859,-0.1637419993
0.2785400531,0.4695539764,-0.1637797007
0.278017729,0.4699847468,-0.1639440452
0.2777331541,0.4701579577,-0.1642350764
0.2775942198,0.4700189537,-0.1643673654
0.2776625139,0.4698318684,-0.1641839524
0.2780644507,0.4697859736,-0.1638964156
0.2788029745,0.4697238513,-0.1637583979
0.2797644181,0.4693994827,-0.163713153
0.2808794195,0.4688077995,-0.1635252723
0.2821855871,0.4681287073,-0.1630992543
0.2837528503,0.4674791677,-0.1625318202
0.2856303088,0.4668194177,-0.1619408078
0.2878011005,0.4660600135,-0.1613630849
0.2902264223,0.4651496566,-0.1607684791
0.292883804,0.4640825675,-0.1601139857
0.2957653322,0.4628705169,-0.15937329
0.2988653835,0.4615183422,-0.158537445
0.3021731124,0.4600136965,-0.1576128265
0.3056810563,0.4583302459,-0.1566319007
0.3093998532,0.4564703553,-0.1556679698
0.3133857696,0.4545360984,-0.1547675324
0.3176721245,0.4526686422,-0.1537587107
0.3220821495,0.4506724632,-0.1523636225
0.3264934901,0.4481347608,-0.1509793336
0.3313228317,0.4456469754,-0.1499746007
0.3362936094,0.4432165603,-0.1483234002
0.3412882629,0.4401208982,-0.1470669833
0.3466734586,0.4374274385,-0.1453935439
0.3520323149,0.4340297442,-0.1440853885
0.3575528486,0.4307349174,-0.1421479771
0.3634330264,0.4273790236,-0.1406297648
0.3692318018,0.4234683033,-0.1390703418
0.3751084601,0.4193860868,-0.1371720655
0.3811868723,0.4152325244,-0.1351805443
0.3874104475,0.410889493,-0.1332060752
0.3937221622,0.4062902142,-0.1312349071
0.4001097888,0.4014355718,-0.1292705906
0.4066132927,0.3963911709,-0.1273247285
0.4132751673,0.3912537507,-0.1252645682
0.4199072569,0.385884888,-0.1228556925
0.4263183285,0.3799356439,-0.1205129511
0.4330919801,0.3739740545,-0.1185259862
0.4397452455,0.3678708998,-0.1158366933
0.4463679813,0.3612416317,-0.1137579113
0.4529996573,0.3546372732,-0.1109631566
0.4597766488,0.3477173001,-0.1087583379
0.4661252834,0.34032823,-0.1061482802
0.47270085,0.3330177752,-0.1033147949
0.4793332762,0.3254664449,-0.1007473895
0.4857447926,0.3175365228,-0.09822690311
0.4919721142,0.3093364325,-0.09557885072
0.498093911,0.3009392951,-0.09282202758
0.5041325987,0.2923554451,-0.09000561917
0.510079652,0.2835852914,-0.08714454241
0.5159122818,0.2746358682,-0.08421847027
0.5215809603,0.2655004161,-0.08119009511
0.5269988342,0.256140689,-0.07806704356
0.5321180623,0.2465158522,-0.07497484371
0.5370725307,0.2366785009,-0.07206477814
0.5420807815,0.2267829022,-0.06919742105
0.5469786166,0.216857623,-0.06600071373
0.5513279972,0.206682491,-0.06262057192
0.5553805404,0.1962289289,-0.0596069847
0.5596429873,0.1858200487,-0.05660411109
0.5635293154,0.1753754689,-0.05311035507
0.5668059147,0.1646290642,-0.04989020336
0.5703194572,0.153868058,-0.04689474562
0.5735397777,0.1431627141,-0.04334454276
0.5760833433,0.1321707162,-0.04007437619
0.5789152427,0.1211783949,-0.03700712946
0.5813532293,0.1102525816,-0.03337769121
0.5831781271,0.09907686888,-0.03014646221
0.5853290133,0.08792928264,-0.02697260298
0.5869376146,0.07684110944,-0.02329925618
0.5880602564,0.06555190786,-0.02011589538
0.589490586,0.05433495002,-0.01686354484
0.5903069312,0.0432067016,-0.0131970691
0.5906899954,0.03192358154,-0.01002499782
0.5913553162,0.02068667796,-0.006791555452
0.591493542,0.00957979593,-0.003144800206
0.5910987439,-0.001613256851,0.0001040261107
0.5909109141,-0.01283189974,0.003215596474
0.5904993428,-0.02389669014,0.006748854455
0.5894313579,-0.0349099856,0.01020295684
0.5882237597,-0.04598480685,0.01328112599
0.5871208043,-0.05700356826,0.01644329568
0.5857193728,-0.06786614623,0.01988841222
0.5838067859,-0.07862339403,0.02329465155
0.5816127052,-0.08935170897,0.02644461338
0.5793640751,-0.1000439887,0.02946104146
0.5770406291,-0.1106529744,0.03253199041
0.5745171051,-0.121131092,0.03569860065
0.5717242641,-0.1314655644,0.03889612434
0.568665986,-0.1416801369,0.04206275518
0.5653803363,-0.1517769843,0.0451680624
0.5618986379,-0.1617640754,0.04821141784
0.5582447971,-0.171621562,0.05118959715
0.5544207693,-0.1813430274,0.05409746918
0.5504073325,-0.1909131843,0.05692678651
0.5461644928,-0.2003016163,0.05969631703
0.5416879067,-0.2094574945,0.06249129681
0.5371078763,-0.2183955549,0.06542321961
0.5326337439,-0.2272597771,0.06836910321
0.5280837334,-0.2360755759,0.07093607628
0.5230082316,-0.2444881851,0.07339025615
0.518032645,-0.2526518833,0.0763143505
0.5131851673,-0.2609187966,0.07867773893
0.5077622733,-0.2685671539,0.08127013682
0.5028439456,-0.2764270291,0.08369563694
0.4973154449,-0.2836377279,0.0862283472
0.4921274375,-0.2910304156,0.08833827364
0.486867466,-0.2980037384,0.09095080642
0.4812629313,-0.3046119578,0.09317974982
0.4758450794,-0.3112299547,0.09516980962
0.4705670104,-0.3176813706,0.09728694223
0.4652705154,-0.3238263528,0.09945329346
0.4599492223,-0.3296922886,0.1015431622
0.4546317383,-0.3353281347,0.1035205625
0.449322763,-0.3407322412,0.1053901254
0.4440095418,-0.3458603411,0.1072059846
0.4387524441,-0.3507103305,0.1091055923
0.433742471,-0.35547754,0.1110954499
0.4289142663,-0.3602621005,0.1127345583
0.4238316042,-0.3645259765,0.1141360304
0.4190465929,-0.3685881352,0.1160504307
0.4144394283,-0.3727618536,0.1173108068
0.4097376839,-0.3762885934,0.1190213374
0.4053598241,-0.3800799019,0.1201658682
0.4010545982,-0.3833808637,0.1218510663
0.3967017854,-0.3864850614,0.122897374
0.3928263098,-0.3897535657,0.1241028927
0.3889740331,-0.3925564417,0.1255369856
0.3851163592,-0.3950550346,0.126657322
0.3814894251,-0.3975399341,0.1275469586
0.3781245245,-0.3999785423,0.1284362896
0.374967929,-0.4022546152,0.1293590348
0.3719933629,-0.4043246947,0.1302578918
0.3691820205,-0.4062081412,0.1310936314
0.3665293144,-0.4079255076,0.1318532042
0.3640552768,-0.4094701902,0.1325359094
0.3617785659,-0.4108299431,0.1331576858
0.3597275552,-0.4120012288,0.1337479987
0.3579354753,-0.413016241,0.1343341541
0.3564004324,-0.4139594266,0.1349095181
0.3551222163,-0.4148762783,0.1353880817
0.3540459827,-0.4157171896,0.1356664334
0.3530941627,-0.4163417455,0.1357566262
0.3522681056,-0.416664128,0.1358345692
0.3516834494,-0.4167988241,0.1360586013
0.3514413601,-0.4169561155,0.1363360915
0.3514826939,-0.417157045,0.1364075951
0.3516570836,-0.4171830091,0.1362004535
0.3519308815,-0.4168754384,0.1359364109
0.3524272908,-0.4163479131,0.135820374
0.3532507375,-0.415811555,0.13577938
0.3543631435,-0.4153055225,0.1355974647
0.3556562174,-0.4146949823,0.1351866979
0.3570757251,-0.4138576506,0.1346355147
0.3586447665,-0.412787004,0.1340657834
0.360417684,-0.4115409339,0.1335206123
0.3624513623,-0.4101520112,0.1329646333
0.3647355261,-0.4086382349,0.1323546758
0.3672404529,-0.4069971272,0.1316644174
0.3699390884,-0.4052237628,0.130885075
0.3728138776,-0.4033246062,0.1300181578
0.3758964028,-0.4012953113,0.1290671964
0.3792086163,-0.3991428462,0.1280697532
0.3827369813,-0.3968399445,0.1271057891
0.3863933723,-0.3942701981,0.1262072841
0.3900652918,-0.3913517089,0.1251706501
0.3938691693,-0.3883582555,0.1237526792
0.3981007173,-0.3855007536,0.1223992617
0.4023571937,-0.382135244,0.1213867513
0.406548999,-0.3785650345,0.1197357334
0.411265049,-0.3751393474,0.1184645997
0.4156313423,-0.3710671842,0.1168575474
0.4205843588,-0.3672506671,0.1154751332
0.4252399115,-0.3629314172,0.1135902434
0.4301680734,-0.3583918608,0.1122220239
0.4353669167,-0.3539681475,0.1104615685
0.4403870492,-0.3491303985,0.1084559955
0.4454157011,-0.3439450528,0.106605569
0.4505925647,-0.3385987326,0.1048113282
0.4558681915,-0.3330966023,0.1029345394
0.4611809533,-0.3273950465,0.1009414013
0.4665176722,-0.3214824592,0.09882976169
0.4719245124,-0.3153780094,0.0966137538
0.4774464692,-0.3090982109,0.09440640236
0.4829629451,-0.3025145114,0.09236479072
0.4881756182,-0.2955033969,0.09023374203
0.493398516,-0.2884539969,0.0876121889
0.4989686596,-0.281338342,0.085348509
0.5039357907,-0.2736329151,0.08298975527
0.5093579971,-0.2661468359,0.08034866459
0.5142010688,-0.258020607,0.07795904291
0.5195156762,-0.2500855181,0.07536729688
0.5241752689,-0.2416673224,0.07255150916
0.529018102,-0.2330704918,0.07018102287
0.5339353215,-0.2245012511,0.06738381603
0.5383892442,-0.2156149708,0.0644003509
0.5426242295,-0.2064364947,0.06163234476
0.5468680099,-0.1971235042,0.058952235
0.5510635231,-0.187706663,0.05617924356
0.5551004686,-0.1781558987,0.05328861812
0.5589316726,-0.1684443321,0.05032254869
0.5625483434,-0.1585705754,0.04731791604
0.5659447513,-0.1485546266,0.04429413182
0.5691140721,-0.1384118082,0.04124855614
0.5720515381,-0.1281492801,0.03816008263
0.574761993,-0.1177877759,0.03500264956
0.5772852967,-0.1073409647,0.03175356
0.5796844971,-0.09682562945,0.02844479764
0.5819836625,-0.08621455408,0.02517699211
0.5840790143,-0.07545743925,0.0220476914
0.5857752317,-0.06455799551,0.01899459689
0.5870419139,-0.05361278626,0.01577720471
0.5881697759,-0.0426928445,0.01229130077
0.5893711811,-0.03172431778,0.008848947353
0.5903067263,-0.02059841971,0.005724173538
0.5906248647,-0.009420731748,0.002553252284
0.5907579795,0.001659020564,-0.001009411675
0.5910582801,0.01278983738,-0.004464159942
0.5909026929,0.02406945632,-0.007544249428
0.5901511994,0.03525577795,-0.01092920251
0.5895779664,0.04638934732,-0.01455600976
0.5888385222,0.05768154345,-0.01771425321
0.5873471037,0.06887667088,-0.02096346056
0.5859225148,0.07994230524,-0.02461498242
0.5844961459,0.09115301247,-0.02781934178
0.5822916626,0.1022571377,-0.03098569439
0.580072788,0.1132069287,-0.03461483127
0.5779213407,0.1242945296,-0.03784010223
0.5750134795,0.1352396178,-0.04092811801
0.5720073879,0.1459921234,-0.04449366963
0.5691435088,0.1568603858,-0.04775023807
0.5656099287,0.1675907826,-0.050731784
0.5617822876,0.1780656365,-0.054146212
0.558152087,0.1886065033,-0.05751425748
0.5541501818,0.1991001185,-0.06045502234
0.5496011654,0.2092908576,-0.06351649591
0.5450134619,0.2193187091,-0.06686345224
0.5404728491,0.2293564167,-0.07007469682
0.5356614588,0.2392863979,-0.07300279461
0.5304669078,0.2489694683,-0.07586443011
0.5250226791,0.2584039283,-0.07881178031
0.5194515182,0.2676447505,-0.08181733801
0.5137759075,0.2767188026,-0.08480200651
0.5079740502,0.2856190461,-0.08771928752
0.5020367209,0.2943293289,-0.09055357085
0.4959846484,0.3028462965,-0.09330357379
0.4898642968,0.3111834363,-0.09599794403
0.4837100597,0.3193253917,-0.09873168639
0.4774309279,0.3271529509,-0.1015930618
0.470836998,0.3345701833,-0.104352346
0.4641922861,0.3418926618,-0.1066677007
0.4578769982,0.349217874,-0.109235003
0.4511046527,0.3558501337,-0.1119131949
0.4445859,0.3626770984,-0.1140610837
0.4378649259,0.3688477251,-0.1167224416
0.4314260647,0.3752358365,-0.1188856953
0.4246073561,0.3809182918,-0.1210790646
0.4181187335,0.3865587703,-0.1235741848
0.4117355408,0.3921678055,-0.1257176552
0.4052642283,0.3974227714,-0.1276728639
0.398803298,0.4023679434,-0.1296467366
0.3924440771,0.4070996412,-0.1316335791
0.3862139401,0.4116504761,-0.1336061188
0.3801103703,0.4159958478,-0.1355879263
0.3740782585,0.4200412715,-0.1375836018
0.3680514609,0.423738476,-0.1393928949
0.3622052544,0.4274077557,-0.1408428194
0.35674339,0.4311483617,-0.1425445005
0.3511685067,0.4341950398,-0.144352247
0.3458277714,0.4374521535,-0.1455637532
0.3406904257,0.4402813513,-0.1473805936
0.3356794652,0.4431946411,-0.1484770987
0.3307640762,0.4455287816,-0.150033676
0.3262743292,0.4482239899,-0.1513790809
0.321727565,0.4504633065,-0.15234021
0.3173685852,0.4523684355,-0.153597775
0.3133609567,0.454359696,-0.1549077737
0.3095803661,0.4563377659,-0.1559924028
0.3059509263,0.4581384024,-0.1569024283
0.302500049,0.4597381272,-0.1577429796
0.2992665219,0.461176406,-0.1585543542
0.2962676961,0.4624865415,-0.15933904
0.2935115618,0.463677759,-0.1600929091
0.2909985054,0.4647398966,-0.1608131016
0.2887213875,0.465650798,-0.1614868644
0.2866712205,0.4663945106,-0.1620751012
0.2848540012,0.4669939525,-0.1625174575
0.2832956315,0.4675315525,-0.162787569
0.2820189309,0.4681006974,-0.1629627778
0.2810410368,0.4686781384,-0.163190063
0.2803203271,0.4691007868,-0.1635330534
0.2797747453,0.4692375574,-0.1638516361
0.2793890058,0.4691802998,-0.1639329405
0.2792528982,0.4691595182,-0.1637705106
0.2794521371,0.4692432411,-0.1635926256
0.2799554418,0.4692444711,-0.1635626306
0.2806598485,0.4689746945,-0.1635765424
0.2815196571,0.46846852,-0.1634241289
0.2825803705,0.4678993388,-0.1630423594
0.283908991,0.4673658504,-0.1625361692
0.2855490543,0.4668191506,-0.162019736
0.2874829535,0.466165833,-0.1615239213
0.2896723098,0.4653546535,-0.1610128619
0.2920945485,0.4643846432,-0.1604402359
0.2947447503,0.4632747433,-0.1597791469
0.2976209679,0.4620389979,-0.1590203817
0.3007167435,0.46067426,-0.1581620071
0.3040168753,0.4591566878,-0.1572122138
0.3075105925,0.4574490853,-0.1562116685
0.3112142889,0.4555586395,-0.1552514628
0.3152040911,0.4536182118,-0.154369025
0.3194935533,0.4517677086,-0.1533268017
0.323850785,0.4497045576,-0.1518813233
0.3282550448,0.4471018746,-0.150609636
0.3331386888,0.4447404189,-0.1495574785
0.3379864115,0.4421269166,-0.1478373555
0.3430934596,0.4391670618,-0.1467301935
0.3483147935,0.4362775311,-0.1448932144
0.3538216141,0.4331044643,-0.1436635504
0.3592082557,0.4295328857,-0.1418617815
0.3650051655,0.4262020952,-0.1400505875
0.370942923,0.422495118,-0.1385220809
0.3768663313,0.4183906415,-0.1368441132
0.3828850257,0.4141074992,-0.1349701955
0.3890459669,0.4096783551,-0.1330254315
0.3953433111,0.4050708586,-0.1310648522
0.4017671016,0.4002934926,-0.1290715271
0.4082859449,0.3953586588,-0.1269468356
0.4147731865,0.3901302311,-0.124601539
0.421142039,0.3844157814,-0.1223379441
0.4277945451,0.3786117052,-0.1203964366
0.4345345209,0.3728375312,-0.1178738181
0.4409364202,0.366329106,-0.1156151771
0.4478026058,0.3601137225,-0.1131557202
0.4542136834,0.3531355339,-0.1108530895
0.460856488,0.3463271884,-0.1080639176
0.4675613894,0.3391767695,-0.1057657447
0.4738785458,0.3315510394,-0.1032553276
0.48018503,0.3238498203,-0.1004290752
0.4865698307,0.3160355033,-0.09761484065
0.4928935631,0.3079766152,-0.09486944199
0.499074005,0.2996517374,-0.09211782207
0.5050936642,0.2910807349,-0.08931007755
0.5109419995,0.2822778585,-0.08644079136
0.5166041079,0.2732460975,-0.08353960898
0.5220927919,0.2639919428,-0.08066218095
0.5274779557,0.2545601039,-0.0778406986
0.5328326598,0.2450309856,-0.07498078368
0.538053502,0.23542212,-0.0718845062
0.542859955,0.225590105,-0.06858331184
0.5472705606,0.2154460383,-0.06548189533
0.5517509952,0.2052116865,-0.06261766501
0.5562218441,0.1950293545,-0.05939194378
0.5600537527,0.1846197234,-0.05595656397
0.5636600208,0.1739614734,-0.05297336474
0.567488228,0.1634159283,-0.04982393023
0.5706936938,0.1527608446,-0.04627452237
0.5735452834,0.1418410303,-0.0432212028
0.5766799136,0.1310240336,-0.0400060034
0.5791269327,0.1201339216,-0.03640986695
0.5813046942,0.1090203879,-0.03335709793
0.5837190473,0.09802645788,-0.03001431227
0.5853544374,0.08695295267,-0.02642361881
0.5868743857,0.07570597564,-0.02337581549
0.5885328608,0.06459847861,-0.01992609171
0.5893839423,0.05345153252,-0.01637269809
0.5901957076,0.04218098477,-0.01332302485
0.5910964829,0.0310478745,-0.009866460428
0.5912281684,0.01992491945,-0.006314387122
0.5912446484,0.008686366621,-0.003249420684
0.5914152686,-0.00244785888,8.934634957e-05
0.590957166,-0.01347894867,0.003683877331
0.5900968012,-0.0245829351,0.006862356556
0.5894127261,-0.035689297,0.009959474104
0.5885239871,-0.04664615029,0.01341935049
0.5870458013,-0.05749649537,0.01687298633
0.5852897579,-0.06835996252,0.01999985637
0.5835730615,-0.07921551736,0.02303251209
0.5817674832,-0.08995792881,0.02624601461
0.5796280369,-0.1005405509,0.02959067944
0.5771093433,-0.1110027337,0.03288266158
0.5743201372,-0.1213767444,0.03603455511
0.5713589418,-0.1316648475,0.03907721092
0.5682482602,-0.1418654579,0.04207502121
0.5649734863,-0.151951968,0.0450604509
0.5615131518,-0.1619134244,0.04804765589
0.5578661156,-0.1717215207,0.05103149456
0.5540450666,-0.181370768,0.05401391944
0.5500837846,-0.1908665683,0.05699182903
0.5460220541,-0.2002347602,0.05993070632
0.5418553263,-0.2094892205,0.06273623228
0.537450617,-0.2185774957,0.06533930216
0.5326750764,-0.2273555456,0.06792822574
0.5278240847,-0.2358570376,0.07082138591
0.52324452,-0.2444046622,0.07360039839
0.5182377258,-0.2527098192,0.07588467683
0.5130606812,-0.2605772381,0.07870823987
0.5081901687,-0.2686205356,0.08105361358
0.5027397509,-0.2760215892,0.08363622449
0.4977129032,-0.2836417006,0.08586034809
0.4923374925,-0.2906743838,0.0885123577
0.4868660776,-0.2976304413,0.09053642587
0.481728577,-0.3045552625,0.09278550892
0.4763890493,-0.3110468249,0.09521921689
0.47088909,-0.3172351689,0.09742782075
0.4654453924,-0.3232510612,0.09945411292
0.4600978504,-0.3290792241,0.1014311466
0.4548168915,-0.3346942525,0.1034079631
0.4496089822,-0.3401035217,0.1053843395
0.4445087195,-0.3453520977,0.1073146359
0.4394939972,-0.3504595157,0.1090679223
0.4344003786,-0.3552648038,0.1105946568
0.4292410709,-0.3596167813,0.1122910896
0.4244870408,-0.3640007998,0.1142153978
0.4197669274,-0.3683257807,0.1155148756
0.4149299622,-0.3720134293,0.1172030526
0.4105812091,-0.376051456,0.1185731116
0.405969689,-0.3793439509,0.1201134319
0.4017682674,-0.3829549697,0.1212259705
0.3976565573,-0.3860993327,0.1228358113
0.3934607599,-0.388949578,0.1239048882
0.3896901345,-0.3919875337,0.1249136167
0.3861124523,-0.3947581113,0.1262058592
0.382546064,-0.3971457251,0.1274189831
0.3790858287,-0.3993602349,0.1284013711
0.3758368338,-0.4014929236,0.1292464355
0.3728216606,-0.4035140929,0.1300411744
0.3700230606,-0.405383876,0.1308099025
0.3674027305,-0.407099877,0.131556676
0.3649708784,-0.4086546105,0.132274231
0.3627511104,-0.4100526825,0.1329596395
0.3607722078,-0.4113117729,0.1336053766
0.3590602798,-0.412453865,0.1341821565
0.3575966277,-0.4134970151,0.1346415909
0.3563145104,-0.4144222375,0.1349454717
0.355171175,-0.4151465589,0.1351116378
0.3541684986,-0.4156132811,0.1352505875
0.3533800255,-0.4158818401,0.1354830418
0.3528951244,-0.4161057197,0.1357908069
0.3527141157,-0.4163676549,0.1359941061
0.3527314742,-0.4165597188,0.1359450165
0.3528566461,-0.4164969313,0.1357161848
0.3531248102,-0.4161408772,0.13551892
0.3536494323,-0.4156379538,0.1354493004
0.3544864601,-0.4151351676,0.1353953124
0.3555856186,-0.414628457,0.1351915863
0.3568621894,-0.4140058198,0.1347894861
0.358276635,-0.4131785304,0.1342608312
0.3598488809,-0.4121366767,0.1336945425
0.361646274,-0.4109007261,0.1331192667
0.3636906006,-0.4095094855,0.1325220734
0.365970202,-0.4079876867,0.1318764539
0.3684649819,-0.4063432755,0.131162665
0.3711555124,-0.4045823662,0.1303757545
0.3740433456,-0.4027056099,0.1295239645
0.3771593439,-0.4006910467,0.1286303445
0.380483232,-0.3985087116,0.1277469661
0.3839422442,-0.3960775035,0.1268870307
0.3874467698,-0.3933430591,0.1259044542
0.3910725197,-0.390490021,0.1245918379
0.3950775884,-0.3877616412,0.123220397
0.3992697934,-0.3847125873,0.1222333183
0.4032717331,-0.3811867231,0.1208513435
0.4077794361,-0.3779858053,0.1193184807
0.4121501283,-0.3741192952,0.1181495744
0.416819282,-0.3704932533,0.1163804341
0.4213821405,-0.3662197313,0.1150481133
0.4264038933,-0.3622445021,0.113410319
0.43112749,-0.3576884887,0.1115303404
0.4360753946,-0.352916976,0.1100455338
0.4413026936,-0.3481991608,0.1083789445
0.4465183941,-0.3432590768,0.1064364559
0.4516994482,-0.3380102839,0.1044316982
0.4569193996,-0.3325143397,0.1024375209
0.4622101862,-0.3268113511,0.1004415795
0.4675655363,-0.3208890499,0.0984447532
0.4729332084,-0.3146868544,0.0964535372
0.4781971415,-0.3081670996,0.09437843872
0.4833884259,-0.3014635398,0.09200825646
0.4888372855,-0.2947866858,0.08952573963
0.4943103598,-0.287765163,0.08746715883
0.4992944961,-0.2803150469,0.08502006943
0.5047678462,-0.2730519888,0.0824815179
0.509682002,-0.265144056,0.08018638782
0.5150097643,-0.2574501136,0.07751412572
0.5196992535,-0.2491530841,0.0749488678
0.524837063,-0.2409245233,0.0725333063
0.5296103439,-0.2325014641,0.06957290024
0.5340368781,-0.223661061,0.06691069724
0.5386400997,-0.214747391,0.06438965169
0.5432202183,-0.2057760279,0.06159987193
0.5475234357,-0.1966097187,0.0586188359
0.5515560335,-0.1872184581,0.05562236357
0.555399837,-0.1776419317,0.05265849445
0.559096374,-0.1679114665,0.04969841349
0.5626466532,-0.1580452982,0.04671158238
0.5660376649,-0.1480667435,0.04369171891
0.5692627596,-0.1379788593,0.04064487099
0.5723128427,-0.1277760223,0.03758931366
0.5751635693,-0.1174470829,0.03455111734
0.5777595174,-0.10697737,0.03153324844
0.5800378823,-0.09638612413,0.02848469342
0.5820101639,-0.08571628017,0.0253028859
0.5838134466,-0.07501741026,0.02193940326
0.5856002614,-0.06428177288,0.018528859
0.5872841314,-0.05343093313,0.01530805106
0.5885391104,-0.0424249448,0.01225610262
0.5892936969,-0.0313905241,0.009011932282
0.5899800679,-0.02041530347,0.005464548213
0.5907629873,-0.009361444397,0.002083606698
0.5910845585,0.001830355595,-0.0009817571812
0.5908327883,0.01296149195,-0.00432304196
0.5906944607,0.02403926591,-0.007939736292
0.5904963082,0.03526637487,-0.01114560931
0.5895642879,0.04648414831,-0.01430610728
0.5885175054,0.05756757908,-0.01793711507
0.5876268737,0.0687623439,-0.02127420086
0.5860307948,0.07994547452,-0.02434990965
0.584167858,0.09093700829,-0.02792722782
0.5825431997,0.1020377054,-0.03131144059
0.5802571478,0.1131210348,-0.03434197811
0.5776201956,0.1239730566,-0.03785690069
0.5752449946,0.1349135593,-0.04125707995
0.5722941361,0.1458241351,-0.04423689095
0.5689013521,0.1564555198,-0.0476306792
0.5657550474,0.1671290446,-0.05106205913
0.5622285142,0.1778103065,-0.05402216241
0.5581109255,0.1882005389,-0.0571730328
0.5540709616,0.1984810666,-0.06061107244
0.55002624,0.2088228762,-0.06373715907
0.5454842908,0.2189829408,-0.06661200969
0.5405630082,0.2288470157,-0.06967648842
0.5356106504,0.2385613977,-0.07291731695
0.5306405327,0.2482239839,-0.07606958677
0.5254891861,0.2577728499,-0.07904014218
0.520086608,0.2671220382,-0.0819036864
0.5144670505,0.2762445474,-0.0847412744
0.5086855863,0.2851498482,-0.08758168469
0.5027781578,0.293844051,-0.09042627391
0.496754044,0.3023143344,-0.09327684045
0.4905869405,0.3105291548,-0.09612646659
0.4842331595,0.318460753,-0.09890034648
0.4777466119,0.3261778528,-0.1014462872
0.4713757298,0.3338612703,-0.1038412418
0.4651096262,0.3413344893,-0.1065676957
0.4584015545,0.3482123817,-0.1092525058
0.4518582197,0.3552078407,-0.111406206
0.4453580924,0.36177817,-0.1141842047
0.4386882371,0.3681969302,-0.11620859
0.432101182,0.374194252,-0.1188548996
0.4256983685,0.3803260903,-0.1209703287
0.4189832395,0.385835744,-0.1230270335
0.4124502601,0.391129352,-0.1253842814
0.4061160584,0.3963811615,-0.1276310077
0.3998143492,0.4014399191,-0.1296970288
0.3935341752,0.4062279439,-0.1316836774
0.3873055576,0.4107410876,-0.133639393
0.3811360328,0.4149793134,-0.1355343418
0.3750380103,0.4189915456,-0.1372712651
0.3691377331,0.4229460073,-0.13883404
0.3635501231,0.4268467944,-0.1405673362
0.3579462741,0.430201207,-0.142491038
0.3523387001,0.4333864928,-0.143802683
0.3472281312,0.4367554251,-0.1454796394
0.3418909122,0.4393975329,-0.1468726258
0.3371011411,0.4424398673,-0.1483961696
0.3321282429,0.4448516595,-0.1495108762
0.3275790835,0.4472534584,-0.1511098703
0.3232374696,0.4497693873,-0.152193737
0.3188714583,0.4517657585,-0.1531696967
0.3147717776,0.4535712649,-0.1544025982
0.3109956914,0.4554339995,-0.1556154808
0.3074326709,0.4572529619,-0.1566414394
0.304043146,0.4589146354,-0.1575231867
0.3008487456,0.4603991146,-0.1583313277
0.2978717957,0.4617280906,-0.1590993833
0.295125944,0.4629176688,-0.1598338422
0.2926151317,0.4639687011,-0.1605294569
0.2903368935,0.4648723903,-0.161169471
0.2882869369,0.4656264589,-0.1617206733
0.2864735364,0.4662560046,-0.1621406453
0.2849271118,0.4668214327,-0.1624142404
0.2836843026,0.4673830419,-0.1625983519
0.2827405765,0.4679323859,-0.1628099731
0.2820510734,0.468355245,-0.1631138566
0.2815503058,0.4685317351,-0.163424113
0.2812072416,0.4684889352,-0.163564697
0.2810722807,0.468398521,-0.1634623265
0.2812285351,0.4683883916,-0.1632430504
0.2816978624,0.4683956403,-0.1630901625
0.2824200248,0.4682490449,-0.1630406765
0.2833235452,0.467860362,-0.1629703418
0.284402605,0.4672842898,-0.1627447945
0.2857199324,0.4666203492,-0.1623327815
0.2873212587,0.4659214873,-0.1617954926
0.2892128169,0.4651729963,-0.1612023249
0.2913754297,0.4643320709,-0.1605822803
0.2937877199,0.4633637948,-0.1599291609
0.2964332865,0.4622507234,-0.159227783
0.2993025405,0.4609851756,-0.1584721785
0.30239127,0.4595661502,-0.1576745465
0.3057100881,0.4580087784,-0.1568612922
0.3092803546,0.4563702707,-0.156041973
0.3131096568,0.4547246848,-0.1551305976
0.3171249607,0.4529971561,-0.1539498782
0.3211965696,0.450883752,-0.152585175
0.3254637455,0.4484518256,-0.1515296098
0.3301572777,0.4463137056,-0.1504469549
0.3347921187,0.4437985803,-0.1488013015
0.3396996429,0.4409720107,-0.147741271
0.3448001324,0.4383281536,-0.1460056281
0.3500330664,0.4351483816,-0.1448239092
0.3553314455,0.4319573717,-0.1429385023
0.3610436759,0.4287643683,-0.1414907867
0.3666301356,0.42497711,-0.139971956
0.3723352075,0.4211022727,-0.1380572289
0.3783013025,0.4172024662,-0.1361148351
0.3844205437,0.4130878613,-0.13423153
0.3906111899,0.408700962,-0.1323229185
0.3968520717,0.4040407794,-0.1303467965
0.4031340398,0.3991048457,-0.1283428554
0.409506094,0.3939382199,-0.1264007347
0.4160919362,0.3886971941,-0.1244494577
0.4227346542,0.3833584935,-0.1221135198
0.4290832408,0.3774159128,-0.1196911727
0.4357591631,0.3713845538,-0.1177294132
0.4423499863,0.3652608904,-0.1150441859
0.4489265601,0.3586288995,-0.1129830836
0.4554287244,0.3519457435,-0.1101937748
0.4621829038,0.3450781142,-0.1079298825
0.4684856403,0.3376563813,-0.1054563308
0.474871915,0.3302401074,-0.1026174678
0.4813935628,0.3227010669,-0.09992565646
0.4877932009,0.3148400113,-0.09735481201
0.4940117913,0.3066842755,-0.09473537074
0.5000915367,0.2983028557,-0.09201884322
0.5060599027,0.2897249126,-0.08921472782
0.511907405,0.2809576423,-0.08632860458
0.5175936939,0.2719936399,-0.08335702719
0.523061377,0.2628048104,-0.0803237327
0.5282871237,0.253368469,-0.07732251974
0.5333699921,0.2437290991,-0.07445538797
0.538469908,0.234015775,-0.07162325807
0.5434872732,0.2242643961,-0.06851721062
0.5480348096,0.214292121,-0.06517219538
0.5521874211,0.2040132477,-0.06210385794
0.5564964852,0.1937036482,-0.05921057566
0.5606543579,0.1834325047,-0.05585197985
0.5641230546,0.1728735959,-0.05250063352
0.56761989,0.1621876913,-0.0495817243
0.5711552443,0.1516155534,-0.04622030579
0.573915753,0.1408231769,-0.04277792655
0.5767133009,0.1298824716,-0.03981362787
0.5795260014,0.1190753157,-0.03635385689
0.5815318765,0.1080752181,-0.03292407912
0.5836844289,0.09697155569,-0.02991142277
0.5857089528,0.08599347807,-0.02634318022
0.5869612556,0.07484265222,-0.02296929205
0.588452899,0.0636410009,-0.01990042158
0.5896850426,0.05258888731,-0.0162850553
0.5901991878,0.04141843542,-0.01295010762
0.5909504475,0.0302047164,-0.009871694849
0.5914629363,0.01914290841,-0.006283856965
0.5912627996,0.008033634653,-0.002903388815
0.5911735103,-0.003145541177,0.0001377495176
0.5910493004,-0.01419333282,0.003580894599
0.5902486291,-0.02516377341,0.007096087088
0.5892013436,-0.0362029216,0.01019267222
0.5883066415,-0.04721749217,0.01331407446
0.5871451871,-0.05806945952,0.01675726561
0.5854346521,-0.06881899454,0.02016680274
0.5834530221,-0.07956666898,0.02328465868
0.5814698985,-0.09029477135,0.02628990708
0.5794162855,-0.1009173954,0.02941224595
0.5771030773,-0.111398512,0.03266143825
0.5744605164,-0.1217410657,0.03591627453
0.5715374772,-0.1319639264,0.039090641
0.5683990848,-0.1420923351,0.04217903059
0.5650852572,-0.1521161543,0.04520525009
0.5616090331,-0.1620314415,0.04819885599
0.5579817994,-0.1718126676,0.05116706939
0.5542127496,-0.1814573852,0.05410494112
0.5503080277,-0.190968806,0.05698507539
0.5462416518,-0.2003467717,0.05976221829
0.5419380173,-0.2095427989,0.06241931369
0.5373376218,-0.2184724703,0.06507870575
0.5326165568,-0.2271437558,0.06794982445
0.5280895588,-0.2357782744,0.07084512804
0.5234109557,-0.2443431861,0.07325778104
0.5182079334,-0.2524037546,0.07580112286
0.5134166699,-0.2604715439,0.07861481097
0.5082128687,-0.2683140949,0.08077195185
0.5031239128,-0.2758456771,0.08357371222
0.4977805606,-0.2832499045,0.08563747543
0.4927397265,-0.2905024124,0.08823045153
0.4871820511,-0.2972572153,0.09053592143
0.4818947363,-0.3041018261,0.09252693758
0.4767315947,-0.3107372675,0.09482098617
0.4713922409,-0.3169811862,0.0971469554
0.4659884657,-0.3229532824,0.09929478603
0.4606452621,-0.3287300267,0.1013157788
0.455386573,-0.3343265502,0.1032831618
0.4502170305,-0.3397491228,0.1052051905
0.4451292188,-0.345006647,0.1070258684
0.4400504205,-0.3500429935,0.1086720304
0.4348867834,-0.3547031967,0.1102642354
0.4298439621,-0.3590701923,0.1121337326
0.4251990256,-0.3635842429,0.1139163
0.4203642594,-0.3677496937,0.1151706787
0.4156743071,-0.3715152165,0.1169888458
0.4112652722,-0.3754955916,0.1182007033
0.4067643474,-0.3788283035,0.1198617099
0.4025098115,-0.3823572754,0.1208964387
0.3984865894,-0.385575642,0.1224949547
0.3943038374,-0.3883788,0.1236184297
0.3905369421,-0.3913946005,0.1245840686
0.3869966037,-0.3941789546,0.1258642959
0.3834544244,-0.3965557506,0.1270833607
0.3800119683,-0.39875527,0.1280476227
0.3767856971,-0.4008933343,0.1288666731
0.3737975406,-0.4029327102,0.1296450224
0.3710312661,-0.4048172313,0.1304035128
0.3684469531,-0.4065375808,0.1311359894
0.3660351669,-0.4080930349,0.131832648
0.3638155174,-0.4094807376,0.1324899139
0.3618134466,-0.4107081999,0.1331124379
0.36005951,-0.4117953221,0.1336988879
0.3585812602,-0.4127682932,0.1342235697
0.3573534008,-0.4136561596,0.1346403664
0.3563166795,-0.4144429761,0.1349035586
0.3554266817,-0.4150491494,0.1350164205
0.3546729828,-0.4154080318,0.1350710013
0.3541096897,-0.4155478727,0.1351883223
0.3538208041,-0.4155934165,0.1353932587
0.3538367318,-0.4156502014,0.135564789
0.3540961298,-0.4156878557,0.1355488487
0.3545076168,-0.4155681084,0.1353190163
0.3550420939,-0.4151895258,0.1349961587
0.355750538,-0.4145783141,0.134715049
0.356701008,-0.4138387971,0.1345038491
0.3579168129,-0.4130479273,0.1342918302
0.3593773838,-0.412205565,0.1339946854
0.3610773143,-0.4112467189,0.1335680483
0.3629969739,-0.4101235982,0.1330235773
0.3651184681,-0.4088219407,0.1323958269
0.3674333074,-0.4073455799,0.1317134172
0.3699310743,-0.4057029609,0.1309926254
0.3725941351,-0.4038968477,0.1302373787
0.3754331501,-0.4019003879,0.1294236238
0.3784366906,-0.3997110089,0.1285079517
0.3816068002,-0.3973824177,0.1274390301
0.3850083269,-0.3950186503,0.1262440788
0.3887123452,-0.3926105255,0.1251300467
0.3925501655,-0.3898706674,0.1242256666
0.3962937311,-0.3867038856,0.1230628184
0.4003456586,-0.383702204,0.121509583
0.4047149474,-0.3805158488,0.1204589051
0.4088188199,-0.376806815,0.1189529648
0.4135023116,-0.3734208431,0.1175581372
0.4178353409,-0.3693100351,0.1160208823
0.4227504499,-0.3654743132,0.1146315372
0.4274001962,-0.3611816303,0.1127334661
0.432218486,-0.3565714177,0.1113120188
0.4373747534,-0.3520871228,0.109684607
0.4424594913,-0.3473354721,0.1077227043
0.4474860355,-0.3422212718,0.1057640448
0.4525844099,-0.3368719918,0.1038611239
0.4577781819,-0.3313478237,0.1019305197
0.4630515543,-0.3256505891,0.0999268502
0.4684101657,-0.3197663246,0.09786595739
0.4738448073,-0.3136532826,0.0958234928
0.479224024,-0.3072134773,0.09384355051
0.4843801819,-0.3004290035,0.09168774022
0.4896009017,-0.2936165323,0.08913896721
0.4951427349,-0.2867320594,0.086888598
0.5001671804,-0.2792533966,0.08469105917
0.5054526054,-0.271942295,0.08196664487
0.510504176,-0.2641027163,0.07982122892
0.5156573547,-0.2563676219,0.0769999634
0.5203866869,-0.2480664862,0.07461218803
0.5255294128,-0.239909646,0.07205602541
0.5301533408,-0.2314235014,0.06911837015
0.5345996431,-0.222591485,0.06655947526
0.5392367551,-0.2137336968,0.06400548061
0.5437632379,-0.2047825256,0.06115584262
0.5479883298,-0.1956117437,0.05816792067
0.5519647148,-0.1862202715,0.05519725401
0.5557740261,-0.1766532066,0.05226001717
0.5594441016,-0.1669395513,0.04931718884
0.5629683415,-0.1570940546,0.04633937837
0.566331545,-0.1471414434,0.04332423277
0.5695302915,-0.1370779994,0.04027773184
0.5725565231,-0.1269043768,0.03722281574
0.5753890394,-0.1166023578,0.03418660573
0.5779695896,-0.1061600515,0.0311770164
0.5802304224,-0.09559464021,0.02814378204
0.5821783356,-0.08494759468,0.02497904493
0.5839514225,-0.07427418713,0.02162717147
0.5857112996,-0.06356774834,0.01822047631
0.5873767697,-0.05274801757,0.01500361683
0.5886160335,-0.04177120568,0.01196120732
0.5893521177,-0.03076772193,0.008728113388
0.5900222932,-0.01982428131,0.005189056063
0.5907916044,-0.008801636183,0.001819169434
0.5910957807,0.002357129905,-0.001235082224
0.590831151,0.01345373252,-0.004571564744
0.5906886899,0.02449918275,-0.008177308738
0.5904775219,0.03569465785,-0.01136637322
0.5895316887,0.04687587631,-0.01452297725
0.5884875228,0.0579251886,-0.01814719778
0.5875913184,0.06908740152,-0.02146336282
0.5859822832,0.08023284724,-0.02453332055
0.5841271069,0.09118903718,-0.02810668917
0.5825033767,0.1022588973,-0.03146925143
0.5802075565,0.1133038106,-0.03449234792
0.5775817855,0.1241205635,-0.03800468086
0.5752139811,0.1350303914,-0.04138368984
0.5722583316,0.1459029646,-0.04435367634
0.5688785697,0.156498807,-0.04774576483
0.5657466811,0.1671422178,-0.05115901203
0.5622217834,0.1777884485,-0.05410525274
0.5581159374,0.188142375,-0.05725357925
0.554096707,0.1983929134,-0.06068088206
0.5500655047,0.2087037018,-0.06378977491
0.5455344922,0.2188292105,-0.06665475855
0.5406315662,0.2286604328,-0.06971396032
0.53570259,0.238345573,-0.07294595833
0.5307552992,0.2479800188,-0.07608558137
0.5256254557,0.2575001208,-0.07904322058
0.5202447769,0.2668203493,-0.08189532185
0.5146487295,0.2759145818,-0.08472260694
0.5088926558,0.284792824,-0.08755300915
0.5030124838,0.2934615297,-0.09038733267
0.4970178419,0.3019082409,-0.09322744601
0.4908830387,0.3101015712,-0.09606791733
