0.5908312649,2.538412596e-05,1.110348204e-05
0.5909170779,0.0189504205,-0.003617426891
0.5913535486,0.03801892304,-0.007040884054
0.5914344318,0.05729323127,-0.01014734513
0.5912435581,0.07638634107,-0.01366125536
0.5915091559,0.09546421236,-0.01725998571
0.5916322334,0.1148050258,-0.02037874367
0.5912935395,0.1339829773,-0.02377487691
0.5913806472,0.1530467367,-0.02741678803
0.5914653668,0.1723888321,-0.0305424883
0.5910187121,0.1916238729,-0.03385970175
0.5909437761,0.2107028004,-0.03749559467
0.5909550314,0.2300350471,-0.04062118275
0.5904163085,0.2492873321,-0.04383566607
0.5901500016,0.2683326667,-0.04742955723
0.5900993503,0.2875810009,-0.05059026875
0.5895318014,0.3068341221,-0.05364024625
0.5889702398,0.3258681798,-0.05711115175
0.5887829664,0.3449441084,-0.06042896819
0.588380456,0.3641420346,-0.06337143285
0.5876187636,0.3831854921,-0.06644696011
0.5869506351,0.4020464981,-0.0697715213
0.5865012658,0.4208805999,-0.07300425044
0.5860295232,0.4397372336,-0.07600163781
0.585384736,0.4585324178,-0.07888564551
0.5846076918,0.4771902975,-0.08177596531
0.583784143,0.4956978852,-0.08469030512
0.5829596386,0.5140674322,-0.08759702757
0.5821478291,0.5322974048,-0.09047231824
0.581351313,0.5503671867,-0.0933239135
0.5805452618,0.5682448683,-0.09619273394
0.5796318762,0.5858947601,-0.09909644176
0.5785045483,0.6033499047,-0.1018862476
0.577390908,0.6207505702,-0.1043341906
0.5766777524,0.6379701244,-0.106824506
0.5756469456,0.6547129033,-0.1097042217
0.5744345833,0.671465014,-0.1119261312
0.5736856771,0.6878139752,-0.1146152857
0.5723812676,0.7040032208,-0.1167782901
0.571453201,0.7197392403,-0.1194495681
0.5705431207,0.7354681309,-0.1214873781
0.5692161459,0.7507200318,-0.1236899299
0.568108172,0.7656052764,-0.1260930268
0.5671703014,0.7802635178,-0.1283351601
0.5662033069,0.7946646632,-0.1304250314
0.5651702504,0.8087365506,-0.1324532417
0.5640764148,0.8224501949,-0.1344390621
0.5629271652,0.8358271444,-0.1363217507
0.5618363048,0.848915941,-0.1380121487
0.5610219448,0.8616716954,-0.1396679794
0.5601962796,0.8738608294,-0.1416424642
0.5589128405,0.8856680719,-0.143342177
0.5582021434,0.8973481272,-0.1447202925
0.5571457845,0.9083041444,-0.1465945844
0.5563839869,0.9192228095,-0.1477771568
0.5552782582,0.9293984234,-0.1494518869
0.5547529759,0.9394373069,-0.150800571
0.5537565616,0.9490018815,-0.1518806647
0.5528098276,0.9579879172,-0.1533280561
0.5522167277,0.9666649146,-0.1546734418
0.5516568379,0.9749992061,-0.155731221
0.5509967962,0.9828957945,-0.1566702602
0.5503060435,0.9903171781,-0.1575943229
0.5496564456,0.9972669123,-0.158503716
0.5490751642,1.003757139,-0.1593780928
0.5485643424,1.009780466,-0.1602118544
0.5481084011,1.015315953,-0.1610152944
0.5476685638,1.020337125,-0.161794033
0.5471949205,1.024822134,-0.1625114179
0.5466822492,1.028810174,-0.1630791494
0.5462333305,1.032419664,-0.1634372654
0.5460053453,1.035652333,-0.1636772108
0.5459721242,1.03838214,-0.1640238422
0.545853127,1.040489915,-0.1645177857
0.5455109688,1.042058765,-0.1648500633
0.5452608093,1.043264329,-0.1648223845
0.5453734974,1.04404197,-0.1647507316
0.5455473781,1.04416583,-0.1649288921
0.5454465761,1.043664981,-0.165062299
0.5453326969,1.042768437,-0.164816709
0.5455596785,1.041485068,-0.1644274862
0.5459542468,1.039618109,-0.1642337458
0.5461807099,1.037126895,-0.1641205053
0.5462647132,1.034164759,-0.1637937229
0.546449149,1.030839193,-0.1632166325
0.546836284,1.027121616,-0.162557121
0.547352625,1.022895878,-0.1619259217
0.5478995691,1.018111535,-0.1613106886
0.5484396958,1.012803377,-0.1606541204
0.5489847648,1.00700914,-0.159914308
0.5495533019,1.000752982,-0.1590749126
0.5501459066,0.9940462059,-0.1581330597
0.5507382,0.9868891561,-0.1571001979
0.5512999391,0.9792601036,-0.1560267171
0.5518720755,0.9711430234,-0.1550118338
0.5526434526,0.9625828088,-0.1540568441
0.5536723845,0.9537362817,-0.1528517567
0.5544492682,0.9445436402,-0.1512903372
0.5550239234,0.9346783522,-0.1501066379
0.5562226341,0.9245966985,-0.1487787441
0.5568345056,0.9140873073,-0.1470970247
0.5580162613,0.9031222835,-0.1458135794
0.5586471314,0.8918063755,-0.1440652917
0.5599315962,0.8802135545,-0.1423779737
0.5607989077,0.8680009902,-0.1409362978
0.5615880052,0.8555804627,-0.13903023
0.5626812152,0.8428561963,-0.1370263157
0.5638479198,0.8297106605,-0.1351187812
0.5649547631,0.8161789635,-0.1332031152
0.5660048151,0.8023058614,-0.1312013761
0.5669939626,0.7881044419,-0.1291184096
0.5679190881,0.7735532885,-0.1270419954
0.5689285243,0.7586343745,-0.1250689198
0.5702338238,0.7435035147,-0.1229607207
0.571348601,0.7282228006,-0.1203938913
0.5721089494,0.7123872397,-0.1182141327
0.5735180281,0.6964686369,-0.1158569154
0.5742029138,0.6801780228,-0.1133596705
0.575584767,0.6637453351,-0.1108578315
0.5763479901,0.6468505834,-0.1085344094
0.5773014025,0.6299931277,-0.1056644577
0.5785402726,0.6128208295,-0.1030641171
0.5795055767,0.5953209715,-0.1006037922
0.5802898221,0.577669902,-0.09796609138
0.5810819037,0.5598908057,-0.09517640171
0.5819099031,0.5419541956,-0.09233470816
0.5827460359,0.5238435361,-0.08948436536
0.5835807327,0.5055690794,-0.0866296093
0.5844286085,0.4871601831,-0.08374799884
0.5852924713,0.4686535608,-0.08078020231
0.5860987202,0.4500820769,-0.0776630917
0.5867044273,0.4314243052,-0.07444906888
0.5871093941,0.4125989737,-0.07136291792
0.5876281058,0.3935937302,-0.06848659986
0.5884218773,0.3746057014,-0.06543994248
0.5889989801,0.3557122452,-0.06201906222
0.5891740731,0.3366363476,-0.05880505856
0.5896649956,0.3174048916,-0.05587044879
0.5903098193,0.2983709649,-0.05246616933
0.5903885858,0.2793060731,-0.04904566817
0.5906798253,0.2600042772,-0.04607017578
0.5912315222,0.2409247393,-0.04262232644
0.5911744089,0.2218100179,-0.03915397255
0.5914069742,0.202469751,-0.03613142211
0.5918083575,0.1833960031,-0.03257263718
0.5916051112,0.1642290524,-0.02914164204
0.591816056,0.1448819125,-0.02605768337
0.5920340206,0.1258209835,-0.02240989752
0.5917212491,0.1066326052,-0.01903704322
0.5918802028,0.08736395963,-0.01590501411
0.591951361,0.06839559772,-0.01224407092
0.5915401604,0.04930313025,-0.008883790425
0.5915644151,0.03010871567,-0.005764574451
0.5915863018,0.01120074486,-0.00216219451
0.5911040927,-0.007735848009,0.001289035075
0.5908546711,-0.02684504786,0.00436621476
0.5908657171,-0.0457681933,0.007751576042
0.5904927694,-0.06453235765,0.01133080209
0.5899134027,-0.08341197579,0.01456835666
0.5896062013,-0.102323496,0.01763534006
0.5894348699,-0.1210797617,0.02093490529
0.5890390984,-0.1396815545,0.02439504178
0.588407454,-0.1582583805,0.02772416585
0.5877582897,-0.1768549974,0.03084241461
0.5872129544,-0.195428589,0.03387195986
0.5867350898,-0.2139125539,0.03692663865
0.5862449115,-0.232280177,0.04002504686
0.5856954272,-0.2505677179,0.04313682749
0.5850797667,-0.268776182,0.04622192479
0.5844050003,-0.2869088859,0.04925762162
0.5836744224,-0.304939611,0.05223276472
0.5828788011,-0.3228566762,0.05515775502
0.58201007,-0.3406384832,0.05806948822
0.581104627,-0.3582501949,0.06102633853
0.5802859491,-0.3756929607,0.06403494558
0.5796438321,-0.3930593599,0.06691383793
0.5789096846,-0.4104084055,0.06945467214
0.5777572536,-0.4274850979,0.07203664342
0.5768410524,-0.4442188006,0.07500071843
0.5761785628,-0.4610529086,0.07741223301
0.5748806056,-0.4774760814,0.08000182659
0.5742792869,-0.4937927267,0.08257860797
0.5729481686,-0.5098136304,0.08500215869
0.5722965968,-0.5257502967,0.08732314857
0.5711382165,-0.5411922906,0.08995390288
0.5699876013,-0.5566229628,0.09201581405
0.5692144663,-0.5718086664,0.09418805955
0.5683197225,-0.5865934466,0.09656032578
0.567255071,-0.6010544958,0.09883740204
0.5661802299,-0.6152230955,0.1009642432
0.5651641987,-0.6291081828,0.1030000683
0.5642155692,-0.6427104169,0.1049638091
0.5633090523,-0.6560369397,0.106813442
0.562333254,-0.6690662048,0.1085134421
0.5611644396,-0.6816854143,0.1102285005
0.5600929596,-0.6938441847,0.1122108999
0.5594570956,-0.7058425304,0.1139640113
0.5583827127,-0.7175316307,0.1153092519
0.5574511802,-0.7286057905,0.1172272222
0.5566853788,-0.7396523804,0.1184228546
0.5557455207,-0.7499891073,0.120220265
0.5548444607,-0.7602631871,0.1212979052
0.5542874536,-0.7700020792,0.122843888
0.5532308025,-0.7792491307,0.124232944
0.5524313058,-0.7883208126,0.1252076831
0.5519225631,-0.7969604488,0.1263378207
0.5513201869,-0.805067017,0.1276061556
0.5505915707,-0.8127455812,0.1287837215
0.5498627002,-0.8200257887,0.1298113486
0.5492017278,-0.8268779402,0.1307308614
0.5486144432,-0.8333268148,0.1315900554
0.5480968418,-0.8393664532,0.1324043303
0.5476519684,-0.8449640286,0.1331600495
0.5472780297,-0.8500961088,0.1338249898
0.5469465264,-0.8547359014,0.1343619429
0.546587185,-0.8589231057,0.1347789485
0.5461464692,-0.8626323645,0.1351549345
0.5456820678,-0.8658164494,0.1356092107
0.5453728495,-0.8685147294,0.1361549842
0.5453175632,-0.8708378507,0.1365948048
0.5453232708,-0.8728089184,0.1367314574
0.5451169487,-0.8742760037,0.1367085968
0.5448059233,-0.8751184877,0.1368590718
0.5447652046,-0.8754628862,0.1371441462
0.5449933074,-0.8754800008,0.1371743578
0.5450915016,-0.8750769453,0.1368885326
0.5449659292,-0.874060943,0.1366625144
0.5449705989,-0.872475319,0.1366467678
0.545286635,-0.8705095334,0.1365485713
0.5456777919,-0.8681969655,0.1361466621
0.5459088731,-0.8654127631,0.1355797305
0.5460339376,-0.8620813567,0.135071564
0.5462331094,-0.8582486764,0.1346583578
0.5465866829,-0.8539965296,0.1342349053
0.5470577272,-0.8493394934,0.1337084513
0.5475844095,-0.8442045985,0.1330539571
0.5481259357,-0.8385939843,0.1323009316
0.5486695456,-0.8325268093,0.1314821359
0.5492103385,-0.8260347615,0.1306138826
0.5497448052,-0.8191181037,0.1296838418
0.5502831391,-0.8117542058,0.128648681
0.5508788659,-0.8040065249,0.1274705461
0.5516466964,-0.7959144642,0.1262002139
0.5525863409,-0.7873700523,0.1250487518
0.5533454276,-0.7782574036,0.1240645851
0.5538402466,-0.7688034329,0.1227171024
0.5548328031,-0.7591686667,0.1211198533
0.5557163638,-0.7488587591,0.1200348813
0.5563602985,-0.7383957927,0.1182818249
0.5574863776,-0.7274534171,0.1170088673
0.5581757643,-0.7162716092,0.1151384529
0.5591245934,-0.7045124318,0.1138243592
0.5602642207,-0.6926892209,0.111907133
0.5609511629,-0.6803589274,0.1100445379
0.5618303582,-0.6675992485,0.1084433464
0.562941118,-0.6546069857,0.1066889915
0.5640408135,-0.6413497022,0.104741833
0.5650732254,-0.6277719171,0.1027211079
0.5660640584,-0.6138589603,0.1006852739
0.5670102356,-0.5996047007,0.09863173694
0.5678840055,-0.5850170251,0.09649320957
0.5687494227,-0.570197047,0.09415333601
0.5698514175,-0.5551992666,0.09168301891
0.5710928645,-0.5398199045,0.0895047733
0.5718337474,-0.5240705532,0.08732411839
0.5728283483,-0.5083837172,0.08457488685
0.5739499378,-0.492194487,0.08242353975
0.5746903078,-0.4760073059,0.0796162124
0.5757938848,-0.4593911965,0.07736375218
0.5767078467,-0.4428516726,0.07441403598
0.5773917351,-0.4258252923,0.07198398438
0.5785702704,-0.408778704,0.06934605535
0.5794233286,-0.3916758965,0.0663324187
0.5800246357,-0.3742679539,0.0635359343
0.5807845486,-0.3566491997,0.06088579693
0.5816860816,-0.3389464801,0.05812397534
0.5825723025,-0.3211727226,0.05520939113
0.5833790809,-0.3032947751,0.05220991569
0.5841145334,-0.2852930365,0.04917918155
0.5847986983,-0.2671706365,0.04613839155
0.5854375881,-0.2489685921,0.04309848324
0.5860247887,-0.2306737998,0.04004631277
0.5865444917,-0.2123183143,0.03696793054
0.586994035,-0.193893617,0.03382260229
0.5874101546,-0.1754337604,0.03057048137
0.5878783367,-0.1569529701,0.02721960886
0.5884616697,-0.1383899045,0.02387067056
0.5890786531,-0.1196814378,0.02066659679
0.5895070585,-0.1008321205,0.01759038846
0.5896668166,-0.08198207627,0.01438641378
0.5898517526,-0.06321535996,0.01088602178
0.5903321755,-0.04441139426,0.007392722027
0.5907799779,-0.02538919013,0.004231757352
0.5908062633,-0.00632326462,0.001047074379
0.5908455493,0.01255555519,-0.002539030666
0.5912706956,0.03151895319,-0.006016261774
0.5914411179,0.05072646519,-0.009114420538
0.5912370775,0.06979931813,-0.01253928776
0.5914412954,0.08878333846,-0.01617842971
0.5916577608,0.1080452822,-0.01933608273
0.5913424634,0.1272181552,-0.02263169888
0.5913445574,0.1462062189,-0.02629707142
0.5915146926,0.1654510845,-0.02948422881
0.5911131972,0.1846813633,-0.03270132727
0.5909498964,0.2036914632,-0.03634677587
0.591033156,0.2229327932,-0.03954777805
0.5905548385,0.2421771456,-0.042675515
0.5902081844,0.2611730552,-0.04625865664
0.590199545,0.2803328037,-0.04949845913
0.5897123039,0.2995572592,-0.05249893459
0.5891081053,0.3185622326,-0.05592622484
0.5889087382,0.3375679623,-0.05929783934
0.5885706707,0.3567195467,-0.06225644388
0.5878346703,0.375742592,-0.06529708572
0.5871577458,0.3945717639,-0.06861758806
0.5867232089,0.413371072,-0.07186623979
0.586276511,0.4321999517,-0.0748605244
0.5856383774,0.4509772136,-0.07773448558
0.5848541963,0.4696154707,-0.08062838446
0.5840248423,0.4881011905,-0.08355985916
0.5831991058,0.5064513713,-0.08648485905
0.5823847379,0.5246738961,-0.0893665303
0.5815858896,0.5427544431,-0.09219767738
0.5808072837,0.5606664202,-0.09501010718
0.5800068646,0.5783659693,-0.09786697008
0.5790413668,0.5958159829,-0.100757586
0.5778523721,0.6131164589,-0.1034319183
0.5768740013,0.6303822558,-0.1057739632
0.576181967,0.6472996635,-0.1084610994
0.5748671851,0.6638659493,-0.1111250145
0.5740621803,0.6804682428,-0.1133230557
0.5728380124,0.69647059,-0.1160369783
0.5720600469,0.7125196609,-0.1181855645
0.5706845536,0.7280727727,-0.1205051389
0.5697837957,0.7433291572,-0.1230145266
0.5689222113,0.7584786837,-0.1250853428
0.5678025651,0.773273101,-0.1270681046
0.5666364399,0.7876997478,-0.1291275375
0.565538605,0.8018097437,-0.1311802672
0.5645180773,0.815615621,-0.133166686
0.5635779382,0.829091228,-0.1351077313
0.5626724122,0.8421807576,-0.1370926669
0.5616078726,0.8548134728,-0.1391073516
0.5603651016,0.8671150147,-0.1407971605
0.5595433551,0.8792428342,-0.1422313053
0.5587330942,0.8907443452,-0.1441668224
0.5575222501,0.9019760002,-0.1455337748
0.5569454084,0.9128276039,-0.1472014695
0.5557790407,0.9232728805,-0.1484530562
0.5550817417,0.9332197515,-0.1501435261
0.5543738936,0.9429935602,-0.1511928605
0.5533042547,0.9521165815,-0.1524627934
0.5525795798,0.960825542,-0.1539106851
0.5520564444,0.9692479749,-0.155073298
0.5514441067,0.9772653201,-0.1560207601
0.5507491952,0.9848131175,-0.1569297184
0.5500676121,0.9918842094,-0.1578383379
0.549449487,0.9984932168,-0.1587198147
0.5489066584,1.004647265,-0.1595528287
0.5484371224,1.010335329,-0.1603375507
0.5480259785,1.01553429,-0.1610903912
0.547634745,1.020214963,-0.1618229193
0.5472098917,1.024352047,-0.1625039205
0.5467363333,1.027981992,-0.1630466223
0.5463040551,1.031224792,-0.1633802
0.5460728138,1.034098992,-0.1635698452
0.5460569909,1.036498478,-0.1638277151
0.5460166928,1.038295757,-0.1642455038
0.5457595526,1.039527855,-0.1645847754
0.545489182,1.040364434,-0.1645886035
0.5455289558,1.040825309,-0.1644250032
0.5457725959,1.040720575,-0.1644406732
0.5458504757,1.03996547,-0.1645727897
0.5457506959,1.038719512,-0.1644653733
0.5458043212,1.037118053,-0.164059224
0.5461428728,1.035085578,-0.1636343205
0.5465636099,1.032496547,-0.1633583281
0.5468705695,1.029356572,-0.1631180322
0.5470805734,1.025755029,-0.1627425363
0.5473199666,1.021697984,-0.1621815834
0.5476639952,1.017170479,-0.1614916603
0.5481082122,1.012161711,-0.1607386245
0.5486171884,1.006662145,-0.1599513247
0.5491631289,1.000672175,-0.1591342029
0.5497391855,0.9941979369,-0.1582893814
0.5503647582,0.9872555424,-0.1574226978
0.5510874736,0.9798737503,-0.1565173572
0.5519352089,0.9721165327,-0.1554869272
0.5527850174,0.9639968335,-0.1542122008
0.553392252,0.9553763447,-0.1528353887
0.553981527,0.9461713399,-0.1517682721
0.5550817899,0.9367173962,-0.1505943597
0.5558377571,0.9269385126,-0.148906573
0.5566259392,0.9164742077,-0.1478038604
0.5576803941,0.9059656336,-0.1460042555
0.5585050263,0.8947155013,-0.1447795911
0.5593744379,0.88338139,-0.142848068
0.5606171807,0.8715465409,-0.1413186441
0.5614165257,0.8592193495,-0.139774003
0.5622531727,0.8466476188,-0.1378400443
0.5633122816,0.8337600254,-0.1358388702
0.5644220772,0.8204808366,-0.133880679
0.565486589,0.8068296656,-0.1319094378
0.5664912657,0.7928212618,-0.1299014349
0.5674657463,0.7784602696,-0.1279059062
0.5685453781,0.7637733587,-0.125953531
0.5698442875,0.7488656704,-0.1238166204
0.5709292115,0.7337690934,-0.1212941358
0.5716851462,0.7181324697,-0.119119045
0.5730744776,0.7023599719,-0.116872242
0.5738086054,0.6863183382,-0.1142803281
0.575160905,0.6699739585,-0.1119943343
0.5758340122,0.653327143,-0.1094915209
0.5770407604,0.6366486492,-0.1067155541
0.5781555845,0.6195150193,-0.1043635737
0.5789049093,0.6021776215,-0.1018226306
0.5797060656,0.5847702343,-0.09900685128
0.5806334387,0.5671998549,-0.09614713646
0.5815719034,0.5494240203,-0.09331625558
0.5824516091,0.5314554151,-0.09048705664
0.5832561683,0.5133120564,-0.08763812792
0.5839939231,0.4950085508,-0.08478129896
0.5847051625,0.4765527062,-0.08194172135
0.5854664795,0.4579678568,-0.07910314864
0.5863144243,0.4393240732,-0.07615382499
0.5871043027,0.4206831502,-0.07297243687
0.5875973907,0.4019690296,-0.06969612151
0.5879229002,0.3830321379,-0.06667074097
0.588546162,0.3639837524,-0.06377545432
0.5892764237,0.3450735666,-0.06047356925
0.5895153491,0.326135197,-0.05706951431
0.5897800123,0.3069389018,-0.0541062872
0.5904573304,0.2878755935,-0.05088884351
0.5906603632,0.2689218585,-0.04734320397
0.5907503636,0.2496937757,-0.04430588556
0.5913223173,0.2305743715,-0.04103325358
0.5913744745,0.2115786037,-0.03744038473
0.5914078917,0.1923046785,-0.03439121969
0.5918690692,0.1732053311,-0.03099212306
0.5917331034,0.1541647419,-0.02741139129
0.5917454786,0.1348638141,-0.02435479228
0.5920692714,0.1157990336,-0.02084571264
0.5917865855,0.09677038078,-0.01730827432
0.5917447424,0.07754940729,-0.01424161003
0.5919416353,0.0585824416,-0.01071780023
0.5915664244,0.03964939235,-0.007186036987
0.5913762493,0.02051511784,-0.0041133304
0.5914900605,0.001592828301,-0.000691988163
0.5911261696,-0.01720437525,0.00290070259
0.5906698648,-0.03618943893,0.006048791595
0.590610755,-0.05513592032,0.009218092526
0.5904381494,-0.07385338978,0.0127491643
0.5898764675,-0.09254585823,0.01617419818
0.5893443501,-0.1113428254,0.01926929508
0.5890728745,-0.1301083772,0.02236222809
0.5888210738,-0.1487001392,0.02567319946
0.5883556237,-0.1671546268,0.02906393512
0.5877096941,-0.1855792583,0.03233855709
0.5870287291,-0.2039973883,0.03545570756
0.5863919381,-0.2223714453,0.03848467548
0.5857905663,-0.2406799821,0.04149453421
0.5851839865,-0.2589033118,0.04450743849
0.5845400047,-0.2770424742,0.04752249631
0.5838446152,-0.2950659626,0.05052697651
0.5830991586,-0.3129623024,0.05352250444
0.5823261466,-0.3307204447,0.05652104972
0.5815773959,-0.3483491504,0.05952131523
0.5809086298,-0.3658716296,0.06245371823
0.5802593846,-0.3833373525,0.06518139409
0.5793749211,-0.4006939507,0.06772008102
0.5782335552,-0.4177380852,0.07046169882
0.5774398695,-0.4345447362,0.07341324758
0.5767410051,-0.4514290002,0.07580669812
0.5754650474,-0.4679100786,0.07841348564
0.5748560779,-0.4842513409,0.0810745847
0.5735755172,-0.5004039271,0.08338482226
0.5729440868,-0.5163204192,0.08593043233
0.5716292237,-0.5318972864,0.08837704566
0.5707874287,-0.5474795864,0.0904436868
0.5699728076,-0.5625940862,0.09293499397
0.5687902077,-0.5774215406,0.09530434233
0.5676317909,-0.5920842365,0.09738198919
0.5666145761,-0.6064672404,0.0993774223
0.5656423655,-0.6205021194,0.1013794154
0.564650035,-0.6341984423,0.1033832306
0.563643402,-0.6475569926,0.1053901059
0.5626954376,-0.6605840767,0.1074036558
0.5618985946,-0.6733396617,0.1093196715
0.5611045896,-0.6858775628,0.1109304918
0.5599486482,-0.6979939221,0.1124707135
0.5589379628,-0.7095803821,0.114425368
0.5583348385,-0.7211030025,0.1158932446
0.5570978066,-0.7320424858,0.1174209215
0.5565833702,-0.7427554103,0.1189821637
0.5553894779,-0.7529626374,0.1204049059
0.554863948,-0.7630305243,0.1216322902
0.5539854755,-0.7724124454,0.1232432678
0.5530042048,-0.7815834382,0.1243031169
0.5524659463,-0.7904466425,0.1253546787
0.5519066457,-0.7987482816,0.1266523172
0.5511508391,-0.8065806255,0.127886518
0.5503653941,-0.8140539351,0.1289269562
0.5496636531,-0.8211402603,0.1298350113
0.5490509885,-0.8277830581,0.1306789539
0.5484979939,-0.8340077068,0.1314942998
0.5479923475,-0.8398057253,0.1322858415
0.5475441799,-0.8451462709,0.1330432302
0.547174132,-0.8500104211,0.133742728
0.5468909983,-0.85438414,0.1343391386
0.5466534227,-0.8583211659,0.1347914899
0.5463733467,-0.8618374695,0.1351054555
0.5459904001,-0.8648618359,0.1353769732
0.5455808243,-0.8673475281,0.13574366
0.5453430397,-0.8693483369,0.1362039223
0.5453587578,-0.870980069,0.1365407788
0.5454170321,-0.8722536767,0.1365766487
0.5452700899,-0.8730209371,0.1364696638
0.5450289277,-0.8731791737,0.1365207674
0.5450237853,-0.8728393206,0.1367015394
0.5452856381,-0.8721563314,0.1366858715
0.5455050829,-0.8710887702,0.1363628839
0.5455188746,-0.8694805524,0.1359829619
0.5455145105,-0.8672985977,0.1357581011
0.5457172254,-0.8646550422,0.1355995825
0.5461186514,-0.8616442373,0.1353029789
0.5465639606,-0.8582587452,0.1347986342
0.5469512055,-0.8544462578,0.1341610399
0.5472902085,-0.850150879,0.1334785476
0.547642134,-0.8453138009,0.1327779073
0.5480484024,-0.8399778819,0.1320496087
0.5485234174,-0.8341919736,0.1312733381
0.549068229,-0.8279979301,0.1304403455
0.5496828076,-0.8214059949,0.1295594382
0.5503610685,-0.8143465228,0.1286519888
0.55104958,-0.8068130307,0.127752202
0.5516448255,-0.7988253579,0.1268230933
0.5521366199,-0.7904638539,0.1256820843
0.5528206872,-0.7818385559,0.1242511047
0.5538547989,-0.7728016029,0.1229809136
0.5545554802,-0.7631313845,0.1219531744
0.55517448,-0.7532982976,0.1203101057
0.5563333984,-0.7430495438,0.1190089101
0.5568341163,-0.7323467015,0.1174846147
0.5580613434,-0.7214197204,0.1159928693
0.5586535193,-0.7100608213,0.114222767
0.5596850274,-0.698239968,0.1128608819
0.5607983537,-0.6863196883,0.1109263502
0.5615206958,-0.6739257534,0.1090270888
0.562349482,-0.6610986763,0.1073500715
0.5633715485,-0.6479955698,0.1056024512
0.5644270387,-0.634624024,0.1037059625
0.5654377909,-0.6209503429,0.1017137672
0.5663902585,-0.6069631904,0.09965222789
0.5672999209,-0.5926612497,0.09748412604
0.56825549,-0.5780972356,0.09516093394
0.569409387,-0.5632853958,0.09279925508
0.5705985482,-0.5480866068,0.09069269429
0.5713430176,-0.5325485946,0.08853066276
0.5722944749,-0.5170397406,0.08582864939
0.5735011189,-0.5010864644,0.08365339649
0.5741354555,-0.4850059434,0.08100427316
0.5754021671,-0.4686710584,0.07863896713
0.5760701349,-0.4522171072,0.07582030719
0.5770531352,-0.435363012,0.07351802618
0.5781415364,-0.4186064926,0.070612749
0.5787349419,-0.4015341296,0.0678126445
0.5795414318,-0.384183451,0.06529649557
0.5805765023,-0.3668028107,0.06256324138
0.5814949974,-0.3493605488,0.05958642095
0.5822357244,-0.3317640638,0.05656416598
0.5828966745,-0.3140072833,0.05357848489
0.5835482076,-0.2961080435,0.05060640704
0.584207511,-0.2780946177,0.04761183732
0.5848717854,-0.2599965657,0.04457962882
0.5855383274,-0.2418422138,0.04151590509
0.5862036491,-0.2236034142,0.03843194775
0.5868536834,-0.2052862239,0.03535954818
0.5874449153,-0.1868516319,0.03231284333
0.5879132366,-0.1683245216,0.02926526415
0.5882402631,-0.1497567558,0.02612375817
0.5885302438,-0.1311920992,0.02279783378
0.5889632108,-0.1126298048,0.01935168491
0.5895562532,-0.09396360176,0.01602282319
0.5900242923,-0.07511358941,0.01292193685
0.590151411,-0.0562127446,0.009760643358
0.5902537751,-0.03743979024,0.006258370121
0.5906974401,-0.01864251645,0.002744428036
0.5910891331,0.00037905813,-0.0003974907171
0.5910256882,0.01939744918,-0.003615546721
0.5910806853,0.03825129844,-0.007244510008
0.5914906863,0.05726012152,-0.01062589754
0.5914888355,0.07644433154,-0.01371903071
0.591287404,0.09543138242,-0.01726811503
0.5915591018,0.1144437122,-0.02079377242
0.5915665483,0.1336686375,-0.02386000636
0.5912073047,0.1527013622,-0.02731527542
0.5913357018,0.1717029537,-0.03087857788
0.591294887,0.1909569188,-0.03393286686
0.59081044,0.210033509,-0.0373099302
0.5907813731,0.229025181,-0.04087156265
0.5906881511,0.2482588892,-0.04391208025
0.5900993247,0.2673400461,-0.04715965123
0.5898561391,0.2862686395,-0.05070117818
0.5897388026,0.3054066248,-0.0537871677
0.5891223343,0.3245296021,-0.05682114598
0.5885347621,0.3434067291,-0.06023980463
0.5882930059,0.3623277601,-0.06352532301
0.5878902966,0.3813508027,-0.06644991539
0.587141366,0.4002513464,-0.06942547334
0.586378905,0.4189495912,-0.07262596649
0.5857874487,0.4375659816,-0.07584313852
0.5852580747,0.4561648603,-0.07890895766
0.5846580412,0.4747030471,-0.0818387093
0.583958068,0.4931253711,-0.08471040744
0.583187158,0.5114034753,-0.08757170829
0.5823710086,0.5295194591,-0.09043633971
0.5815050976,0.5474544805,-0.09330310356
0.5805515954,0.5652037743,-0.09614602736
0.5794904486,0.5827937796,-0.09887321132
0.5784590747,0.6002748372,-0.1013800565
0.5776999036,0.61759991,-0.1038628804
0.5768869585,0.6345274981,-0.1067009347
0.5755704666,0.6512464352,-0.1092660274
0.5748043943,0.66795053,-0.1115230111
0.5736449392,0.6840721739,-0.1142906196
0.5727578041,0.7002714016,-0.1163676802
0.571469797,0.7158672438,-0.1189373621
0.5707453988,0.73140157,-0.121240045
0.5695904048,0.7466789496,-0.1232218275
0.5683302976,0.7614846239,-0.125487739
0.567286407,0.7759820686,-0.1277822225
0.5663177181,0.7902435292,-0.1299307102
0.5653119843,0.8042087914,-0.1319649104
0.5642484545,0.817840023,-0.1339158096
0.5631529722,0.8311448365,-0.1357499534
0.5621420106,0.8441563032,-0.1374338155
0.5613579091,0.856804672,-0.139139952
0.5605000924,0.868883488,-0.141111064
0.5592368662,0.8806003442,-0.1427883519
0.5585094453,0.8921896185,-0.1441401386
0.5575396959,0.9030596481,-0.1460244331
0.5566669357,0.9138714426,-0.1471642211
0.5557170679,0.9239514512,-0.1489179508
0.5551233145,0.9339687185,-0.1500689287
0.554013578,0.9433322036,-0.1513250704
0.5533108888,0.9522507035,-0.1528326522
0.5527934814,0.9609653314,-0.1539457384
0.5520568828,0.9692273565,-0.1548678936
0.5512299943,0.9769538304,-0.1558633128
0.5504811551,0.9842171463,-0.1569066171
0.5498347571,0.9910499255,-0.1579027719
0.5492582896,0.9974508697,-0.1588071692
0.5487291848,1.003411604,-0.1596114776
0.5482487104,1.00892167,-0.1603174308
0.5478366159,1.013971333,-0.1609354506
0.547515339,1.018542879,-0.1614962995
0.5472782631,1.022591573,-0.1620507996
0.5470584783,1.02606861,-0.1626316814
0.5467557219,1.029012011,-0.1631915477
0.5463597833,1.031512162,-0.1635908195
0.5460317827,1.033643804,-0.1637419993
0.5459537507,1.03539083,-0.1637797007
0.5460581653,1.036615985,-0.1639440452
0.5460624599,1.037226021,-0.1642350764
0.5458721166,1.037315645,-0.1643673654
0.5457457798,1.037033566,-0.1641839524
0.5459108899,1.036356941,-0.1638964156
0.5462340113,1.035135518,-0.1637583979
0.5464467073,1.033319537,-0.163713153
0.5465107512,1.031012693,-0.1635252723
0.546601493,1.028324303,-0.1630992543
0.5468568847,1.025256609,-0.1625318202
0.5472705383,1.02169845,-0.1619408078
0.5477603578,1.017594413,-0.1613630849
0.5482659749,1.012958159,-0.1607684791
0.5487745913,1.007820519,-0.1601139857
0.549296138,1.002206575,-0.15937329
0.5498360643,0.9961313388,-0.158537445
0.5503827676,0.9896007851,-0.1576128265
0.5509151681,0.9826010701,-0.1566319007
0.5514466923,0.9751192102,-0.1556679698
0.5520993618,0.9671773146,-0.1547675324
0.5530139947,0.9588792098,-0.1537587107
0.5539337326,0.9502923392,-0.1523636225
0.5544571787,0.9411579848,-0.1509793336
0.5553161671,0.931490894,-0.1499746007
0.5563580781,0.9217143383,-0.1483234002
0.5569417235,0.9112101281,-0.1470669833
0.5581444713,0.9006281656,-0.1453935439
0.5588457476,0.8893364444,-0.1440853885
0.5598005079,0.8779695678,-0.1421479771
0.5610137204,0.866083796,-0.1406297648
0.5618340745,0.8537116477,-0.1390703418
0.5626642397,0.8410711338,-0.1371720655
0.5636678818,0.8281205485,-0.1351805443
0.5647273947,0.8148009953,-0.1332060752
0.5657639783,0.8011066932,-0.1312349071
0.5667789352,0.7870521954,-0.1292705906
0.5678559062,0.7726690067,-0.1273247285
0.5691009237,0.7580331812,-0.1252645682
0.5702887437,0.7432009625,-0.1228556925
0.5710502699,0.7279328744,-0.1205129511
0.5722108499,0.7122783351,-0.1185259862
0.5733278991,0.6966363315,-0.1158366933
0.5742298243,0.6803806227,-0.1137579113
0.5753053842,0.6642046783,-0.1109631566
0.5764563188,0.6475046332,-0.1087583379
0.5771447686,0.6306572086,-0.1061482802
0.5782274052,0.6137397554,-0.1033147949
0.5793865691,0.5964913194,-0.1007473895
0.5803252939,0.5789793098,-0.09822690311
0.5811416261,0.5613044615,-0.09557885072
0.581946736,0.5434887097,-0.09282202758
0.582770438,0.5255222494,-0.09000561917
0.5836110596,0.5074096166,-0.08714454241
0.5844573061,0.4891762867,-0.08421847027
0.5852667503,0.4708455767,-0.08119009511
0.5859486529,0.4524145685,-0.07806704356
0.5864466707,0.4338366461,-0.07497484371
0.5869102282,0.4150785855,-0.07206477814
0.5876070612,0.3962299308,-0.06919742105
0.5883985348,0.3774548519,-0.06600071373
0.5887955609,0.3586664966,-0.06262057192
0.5890274503,0.3396324396,-0.0596069847
0.5896858178,0.3205799731,-0.05660411109
0.5901879738,0.3017084141,-0.05311035507
0.5902301871,0.2826729286,-0.04989020336
0.5907111498,0.2635186617,-0.04689474562
0.5911374115,0.2446139509,-0.04334454276
0.5910508579,0.2255268182,-0.04007437619
0.5914618007,0.2063405888,-0.03700712946
0.5917154798,0.1874223624,-0.03337769121
0.5915344063,0.168284473,-0.03014646221
0.5918966232,0.1491070347,-0.02697260298
0.5919462134,0.1301783296,-0.02329925618
0.5917025585,0.1110131153,-0.02011589538
0.5919893899,0.09191301406,-0.01686354484
0.5918860465,0.07306333233,-0.0131970691
0.5915520144,0.05399203507,-0.01002499782
0.5917170342,0.03496754879,-0.006791555452
0.5915711138,0.01619452752,-0.003144800206
0.5911009454,-0.002729244246,0.0001040261107
0.591050223,-0.02171204321,0.003215596474
0.5909826779,-0.04044654403,0.006748854455
0.5904642519,-0.05915744375,0.01020295684
0.5900184691,-0.0780170306,0.01328112599
0.5898815522,-0.09678665779,0.01644329568
0.5896380224,-0.1153536362,0.01988841222
0.5890772457,-0.1338682109,0.02329465155
0.5884361195,-0.1524357283,0.02644461338
0.5879383737,-0.1709927167,0.02946104146
0.5875542259,-0.1894595119,0.03253199041
0.5871478906,-0.2077964214,0.03569860065
0.5866445506,-0.2260168625,0.03889612434
0.586049712,-0.2441735468,0.04206275518
0.5853983068,-0.2622676335,0.0451680624
0.5847201855,-0.2803084926,0.04821141784
0.5840301482,-0.2982598881,0.05118959715
0.5833246807,-0.3161170582,0.05409746918
0.5825770984,-0.333872969,0.05692678651
0.5817356708,-0.3515114526,0.05969631703
0.5807738202,-0.3689673146,0.06249129681
0.579811598,-0.3861950224,0.06542321961
0.5790904173,-0.4032857909,0.06836910321
0.5784497446,-0.4203912787,0.07093607628
0.5773318656,-0.4372827478,0.07339025615
0.576359953,-0.4537707603,0.0763143505
0.5757062049,-0.4703689395,0.07867773893
0.5744134768,-0.4865174037,0.08127013682
0.5738152456,-0.5026337966,0.08369563694
0.5725146394,-0.5183233496,0.0862283472
0.571741303,-0.5340512709,0.08833827364
0.5708293594,-0.5492573751,0.09095080642
0.5695633888,-0.5642906883,0.09317974982
0.5685882731,-0.5792221768,0.09516980962
0.5677629474,-0.5938206717,0.09728694223
0.5668687319,-0.6080335642,0.09945329346
0.5659066109,-0.6219133571,0.1015431622
0.5649203266,-0.6355060285,0.1035205625
0.5639054934,-0.648807227,0.1053901254
0.5628177758,-0.661771889,0.1072059846
0.5616951514,-0.6743355254,0.1091055923
0.5608001539,-0.6865538919,0.1110954499
0.5601394728,-0.6986244427,0.1127345583
0.5590280997,-0.710312776,0.1141360304
0.5580835605,-0.7214223171,0.1160504307
0.5574149614,-0.7325035615,0.1173108068
0.5563075365,-0.7428691508,0.1190213374
0.5556773514,-0.753223577,0.1201658682
0.554820401,-0.76287146,0.1218510663
0.5538438491,-0.7723538375,0.122897374
0.5533718024,-0.7814717548,0.1241028927
0.5526313042,-0.7899819686,0.1255369856
0.5517092446,-0.7981365666,0.126657322
0.5509738475,-0.8059984633,0.1275469586
0.5504189226,-0.8134770581,0.1284362896
0.5499179241,-0.8204916945,0.1293590348
0.5494156176,-0.8270211275,0.1302578918
0.5489083878,-0.8331135181,0.1310936314
0.5484040099,-0.838799388,0.1318532042
0.5479070005,-0.8440424362,0.1325359094
0.5474166356,-0.8488010787,0.1331576858
0.5469450854,-0.853030663,0.1337479987
0.546534738,-0.8567221286,0.1343341541
0.5462450687,-0.8599766096,0.1349095181
0.546108153,-0.8628457736,0.1353880817
0.5460488436,-0.8653445212,0.1356664334
0.5459083593,-0.86741371,0.1357566262
0.5456205767,-0.8689505238,0.1358345692
0.545346228,-0.8699286867,0.1360586013
0.5453103996,-0.8704540003,0.1363360915
0.5454906821,-0.8706334539,0.1364075951
0.545622917,-0.8704196936,0.1362004535
0.5455643651,-0.8696726198,0.1359364109
0.5454819704,-0.8683534018,0.135820374
0.5456054735,-0.8665663192,0.13577938
0.5459413105,-0.8644133289,0.1355974647
0.5463179234,-0.8618874095,0.1351866979
0.546608844,-0.8589188886,0.1346355147
0.5468264616,-0.855467356,0.1340657834
0.5470528742,-0.8515269766,0.1335206123
0.5473533249,-0.8470600452,0.1329646333
0.5477382687,-0.8421050779,0.1323546758
0.5481899414,-0.836702553,0.1316644174
0.5486904657,-0.8308858113,0.130885075
0.5492366751,-0.8246888663,0.1300181578
0.5498509184,-0.818066901,0.1290671964
0.5505580682,-0.8110033998,0.1280697532
0.5513343254,-0.8034867247,0.1271057891
0.5520406029,-0.7954877318,0.1262072841
0.5525460088,-0.7870444239,0.1251706501
0.5531320431,-0.7783531245,0.1237526792
0.5541615398,-0.7693199931,0.1223992617
0.5549041863,-0.7596267581,0.1213867513
0.5555119926,-0.7497700613,0.1197357334
0.5566583068,-0.739492619,0.1184645997
0.5571716682,-0.728811579,0.1168575474
0.5583585366,-0.7178047708,0.1154751332
0.5590601004,-0.7065077303,0.1135902434
0.5599011496,-0.6946264065,0.1122220239
0.5611040916,-0.6826381851,0.1104615685
0.5619900251,-0.6703234651,0.1084559955
0.5627551387,-0.6575514144,0.106605569
0.5636335344,-0.6444298103,0.1048113282
0.5645964528,-0.6310252674,0.1029345394
0.5655752719,-0.6173432788,0.1009414013
0.566559538,-0.6033804647,0.09882976169
0.567605527,-0.5891191291,0.0966137538
0.5687678217,-0.5745443459,0.09440640236
0.5698844058,-0.5595853815,0.09236479072
0.5706467311,-0.5443234823,0.09023374203
0.571531105,-0.5290389808,0.0876121889
0.5728184581,-0.5134065767,0.085348509
0.5734337393,-0.4974465842,0.08298975527
0.5746996672,-0.4814963929,0.08034866459
0.5753063295,-0.4650780439,0.07795904291
0.5765754974,-0.4486426171,0.07536729688
0.5772025704,-0.4319992195,0.07255150916
0.5780847744,-0.414985883,0.07018102287
0.5792130345,-0.3980234162,0.06738381603
0.5799593037,-0.3809214564,0.0644003509
0.5805661726,-0.3635322925,0.06163234476
0.581310843,-0.345961873,0.058952235
0.5821553039,-0.3282996942,0.05617924356
0.5829888974,-0.3105585886,0.05328861812
0.58376203,-0.2927117148,0.05032254869
0.5844700728,-0.2747502657,0.04731791604
0.5851170298,-0.2566986261,0.04429413182
0.5857035562,-0.2385739125,0.04124855614
0.586229648,-0.2203786298,0.03816008263
0.5867071746,-0.2021344257,0.03500264956
0.5871800376,-0.1838414049,0.03175356
0.5877153382,-0.1655037273,0.02844479764
0.5883348814,-0.147069532,0.02517699211
0.5889330354,-0.1284788402,0.0220476914
0.5893219467,-0.1097665176,0.01899459689
0.5894849782,-0.09107437103,0.01577720471
0.5897171901,-0.07245884361,0.01229130077
0.5902243823,-0.05377550298,0.008848947353
0.5906660021,-0.03488028262,0.005724173538
0.5906999924,-0.01594909646,0.002553252284
0.590760309,0.002808284035,-0.001009411675
0.5911966428,0.02163550048,-0.004464159942
0.5913927048,0.04071086114,-0.007544249428
0.5912033559,0.05966932908,-0.01092920251
0.5914001607,0.07852052371,-0.01455600976
0.5916569662,0.09764663159,-0.01771425321
0.5913718086,0.1167342576,-0.02096346056
0.5913509664,0.1356010698,-0.02461498242
0.5915611687,0.1547052787,-0.02781934178
0.5912022518,0.1738389764,-0.03098569439
0.5910162841,0.1927372844,-0.03461483127
0.5911363684,0.2118446984,-0.03784010223
0.5907031876,0.2309956307,-0.04092811801
0.5903440962,0.2498927564,-0.04449366963
0.5903638829,0.2689311825,-0.04775023807
0.5899163177,0.2880597632,-0.050731784
0.5893273365,0.3069479472,-0.054146212
0.5891571652,0.3258660248,-0.05751425748
0.5888321333,0.3449260977,-0.06045502234
0.5881021204,0.3638502246,-0.06351649591
0.5874864848,0.3825819856,-0.06686345224
0.5871245749,0.4013305667,-0.07007469682
0.5866780878,0.4201162552,-0.07300279461
0.585987147,0.4388203657,-0.07586443011
0.5851678423,0.4573694027,-0.07881178031
0.5843488618,0.4757690233,-0.08181733801
0.5835571771,0.4940473425,-0.08480200651
0.5827657121,0.5122154383,-0.08771928752
0.5819541416,0.5302631223,-0.09055357085
0.5811339353,0.5481743488,-0.09330357379
0.5803465864,0.5659320135,-0.09599794403
0.5796068733,0.5834835271,-0.09873168639
0.578765362,0.6007484932,-0.1015930618
0.5776025331,0.6177953917,-0.104352346
0.5765111193,0.6348259857,-0.1066677007
0.5758510824,0.6515729018,-0.109235003
0.5745648139,0.6678999336,-0.1119131949
0.5737519501,0.684279397,-0.1140610837
0.5725157969,0.7000523496,-0.1167224416
0.5717782632,0.7158527817,-0.1188856953
0.5704297958,0.7312145369,-0.1210790646
0.5694303805,0.7461976198,-0.1235741848
0.5686138788,0.7610620635,-0.1257176552
0.5676125033,0.7756294647,-0.1276728639
0.566519225,0.7898474268,-0.1296467366
0.5654577539,0.8037260205,-0.1316335791
0.5644619757,0.8172681441,-0.1336061188
0.5635037169,0.8304439142,-0.1355879263
0.5624670775,0.8432128736,-0.1375836018
0.5612630167,0.8556130873,-0.1393928949
0.5602410516,0.8677865051,-0.1408428194
0.5596023196,0.8795544541,-0.1425445005
0.5584305263,0.8907242705,-0.144352247
0.5576389818,0.9018442405,-0.1455637532
0.556702465,0.912235384,-0.1473805936
0.5559695974,0.922570504,-0.1484770987
0.5548880692,0.9321719109,-0.150033676
0.5544002913,0.9415722659,-0.1513790809
0.5535574194,0.9505937924,-0.15234021
0.5525939018,0.9590167638,-0.153597775
0.5519400534,0.9670329104,-0.1549077737
0.5514382646,0.9747133355,-0.1559924028
0.5509054049,0.9820003082,-0.1569024283
0.5503321045,0.9888293418,-0.1577429796
0.5497673404,0.9951808168,-0.1585543542
0.5492434331,1.001059412,-0.15933904
0.5487678026,1.006459424,-0.1600929091
0.548327732,1.01136797,-0.1608131016
0.5478966192,1.015772844,-0.1614868644
0.5474524894,1.019671497,-0.1620751012
0.5470147655,1.023075525,-0.1625174575
0.5466645841,1.026021307,-0.162787569
0.5464914824,1.028559018,-0.1629627778
0.5464826272,1.030637058,-0.163190063
0.5464750991,1.032165868,-0.1635330534
0.546312908,1.033151553,-0.1638516361
0.5460662691,1.033704591,-0.1639329405
0.5459787859,1.033899308,-0.1637705106
0.5461526492,1.033664238,-0.1635926256
0.5464114046,1.032873991,-0.1635626306
0.5465411372,1.031514262,-0.1635765424
0.5465492398,1.029688784,-0.1634241289
0.5466090532,1.027489119,-0.1630423594
0.5468410676,1.024904999,-0.1625361692
0.5472279066,1.021824851,-0.162019736
0.5476833322,1.018190183,-0.1615239213
0.5481468787,1.014013762,-0.1610128619
0.5486094441,1.00933101,-0.1604402359
0.5490882949,1.004169208,-0.1597791469
0.5495982861,0.9985468054,-0.1590203817
0.5501375589,0.9924726308,-0.1581620071
0.550682417,0.9859479499,-0.1572122138
0.5512008982,0.9789526794,-0.1562116685
0.5517137008,0.9714697205,-0.1552514628
0.5523794901,0.9635239919,-0.154369025
0.5533264797,0.9552494141,-0.1533268017
0.5541782385,0.9466802796,-0.1518813233
0.554663376,0.9374945339,-0.150609636
0.5556756483,0.927895029,-0.1495574785
0.5565168683,0.9181076239,-0.1478373555
0.557297793,0.9076015459,-0.1467301935
0.5582663159,0.8970446168,-0.1448932144
0.5592577327,0.8858093949,-0.1436635504
0.5599366668,0.8743236156,-0.1418617815
0.5611390174,0.8625907438,-0.1400505875
0.5622284027,0.8502801489,-0.1385220809
0.5630976474,0.8375657469,-0.1368441132
0.5639911026,0.8245535065,-0.1349701955
0.5649717861,0.8112240965,-0.1330254315
0.5660200828,0.7975507077,-0.1310648522
0.5671434423,0.7835608866,-0.1290715271
0.5683360642,0.7693137261,-0.1269468356
0.5694193477,0.7547916837,-0.124601539
0.5702070764,0.7398386237,-0.1223379441
0.5712748867,0.7244834665,-0.1203964366
0.5725627254,0.7091293428,-0.1178738181
0.573255563,0.6932401604,-0.1156151771
0.5746382052,0.6772842907,-0.1131557202
0.5753388354,0.660848656,-0.1108530895
0.5764817637,0.6444514562,-0.1080639176
0.57762837,0.6275811732,-0.1057657447
0.5783484831,0.6104937393,-0.1032553276
0.5791859538,0.5933560185,-0.1004290752
0.5801970695,0.5760357855,-0.09761484065
0.5812001893,0.5584798752,-0.09486944199
0.5821220028,0.5407249135,-0.09211782207
0.5829644962,0.5228036651,-0.08931007755
0.5837315447,0.5047341852,-0.08644079136
0.5844170036,0.4865208731,-0.08353960898
0.5850407073,0.4681508617,-0.08066218095
0.5856909085,0.4496297999,-0.0778406986
0.586473211,0.4310271487,-0.07498078368
0.5873032825,0.4124474323,-0.0718845062
0.5878671841,0.3938465688,-0.06858331184
0.5881513937,0.3750408202,-0.06548189533
0.5886773284,0.3560747612,-0.06261766501
0.5894227592,0.3372380206,-0.05939194378
0.5896987775,0.3184286846,-0.05595656397
0.589894239,0.299353812,-0.05297336474
0.5905486047,0.2803779356,-0.04982393023
0.5907852129,0.2615442158,-0.04627452237
0.5908240601,0.2424412688,-0.0432212028
0.5913772232,0.2234113317,-0.0400060034
0.591455969,0.2045387834,-0.03640986695
0.5914394242,0.1853907551,-0.03335709793
0.5918928219,0.1663818101,-0.03001431227
0.5917775202,0.1474691319,-0.02642361881
0.5917372216,0.1282901232,-0.02337581549
0.5920674722,0.1093242565,-0.01992609171
0.5918027524,0.09044309738,-0.01637269809
0.5917011143,0.07134817308,-0.01332302485
0.5919113301,0.05247767358,-0.009866460428
0.5915638169,0.03368814682,-0.006314387122
0.5913084535,0.01469060524,-0.003249420684
0.5914203344,-0.004138961288,8.934634957e-05
0.5911108644,-0.0228047188,0.003683877331
0.5906086314,-0.04163508212,0.006862356556
0.5904922417,-0.06047676667,0.009959474104
0.5903696695,-0.07909420788,0.01341935049
0.5898547447,-0.09763070991,0.01687298633
0.5892683473,-0.1162699969,0.01999985637
0.5889249666,-0.1349176156,0.02303251209
0.5886814363,-0.153413656,0.02624601461
0.5882831491,-0.1717481431,0.02959067944
0.587687673,-0.1900219875,0.03288266158
0.5870059063,-0.2082751273,0.03603455511
0.5863332435,-0.2264877253,0.03907721092
0.5856892464,-0.2446530008,0.04207502121
0.5850508019,-0.2627367971,0.0450604509
0.5843911162,-0.2807365716,0.04804765589
0.5836975961,-0.2986142218,0.05103149456
0.5829762356,-0.3163626324,0.05401391944
0.5822561438,-0.3339794277,0.05699182903
0.5815789222,-0.3514878549,0.05993070632
0.5809414155,-0.3689143155,0.06273623228
0.5801976278,-0.3862630022,0.06533930216
0.5791660221,-0.4034098744,0.06792822574
0.5781235219,-0.4202294745,0.07082138591
0.5775105771,-0.4369784639,0.07360039839
0.5765696777,-0.4537051552,0.07588467683
0.5754404918,-0.4699378842,0.07870823987
0.574816701,-0.4862514494,0.08105361358
0.5735287045,-0.5021018276,0.08363622449
0.5728618928,-0.5179856422,0.08586034809
0.5717410287,-0.5333282541,0.0885123577
0.5706333824,-0.5487006868,0.09053642587
0.5699266004,-0.5637696724,0.09278550892
0.5689434537,-0.5784294551,0.09521921689
0.5677804923,-0.5928519351,0.09742782075
0.5666839171,-0.6070240364,0.09945411292
0.565670547,-0.6208794213,0.1014311466
0.5646934101,-0.6344080265,0.1034079631
0.5637540619,-0.6476118278,0.1053843395
0.5628997007,-0.6605146344,0.1073146359
0.5621181777,-0.6731633041,0.1090679223
0.5611744557,-0.6855175487,0.1105946568
0.5599751123,-0.6973666579,0.1122910896
0.5591831811,-0.7088364112,0.1142153978
0.5584515682,-0.7202176633,0.1155148756
0.5572798804,-0.7309164021,0.1172030526
0.5567689169,-0.7415306727,0.1185731116
0.5556196734,-0.7515065543,0.1201134319
0.5550425655,-0.7614283182,0.1212259705
0.5542593547,-0.7706532827,0.1228358113
0.5532568516,-0.7796324779,0.1239048882
0.5527319671,-0.7883372171,0.1249136167
0.552192713,-0.7964695319,0.1262058592
0.5514219963,-0.8041208886,0.1274189831
0.5506311494,-0.8114369922,0.1284013711
0.5499544466,-0.8183915995,0.1292464355
0.5493811188,-0.8249125826,0.1300411744
0.5488653316,-0.8309695039,0.1308099025
0.5483749413,-0.8366083702,0.131556676
0.5479072301,-0.8418045172,0.132274231
0.5474774612,-0.8465296368,0.1329596395
0.5471142115,-0.850763547,0.1336053766
0.5468477624,-0.8544942219,0.1341821565
0.5466764396,-0.857766503,0.1346415909
0.5465398624,-0.8606482485,0.1349454717
0.5463453385,-0.8630993932,0.1351116378
0.5460491963,-0.865050325,0.1352505875
0.5457427483,-0.8664691565,0.1354830418
0.545599614,-0.8674121272,0.1357908069
0.5456823906,-0.8679755833,0.1359941061
0.5458401709,-0.8681787561,0.1359450165
0.5458731597,-0.8679294313,0.1357161848
0.5457750098,-0.8671328333,0.13551892
0.5457314629,-0.8658035867,0.1354493004
0.5458918004,-0.8640389254,0.1353953124
0.5462214656,-0.861906232,0.1351915863
0.5465815959,-0.85939177,0.1347894861
0.5468808327,-0.8564450517,0.1342608312
0.5471269116,-0.8530264458,0.1336945425
0.5473823474,-0.8490679176,0.1331192667
0.5476941406,-0.8445877132,0.1325220734
0.5480767658,-0.8396340317,0.1318764539
0.5485264811,-0.8342465855,0.131162665
0.5490385282,-0.8284619211,0.1303757545
0.5496182608,-0.8222817223,0.1295239645
0.5502749182,-0.8156411617,0.1286303445
0.5509779334,-0.8085335291,0.1277469661
0.5516239984,-0.8009545392,0.1268870307
0.5521175252,-0.7929497183,0.1259044542
0.5526483259,-0.7846528634,0.1245918379
0.5535750999,-0.7760530336,0.123220397
0.5544548158,-0.7668320148,0.1222333183
0.554915677,-0.7572524054,0.1208513435
0.556019188,-0.7474996109,0.1193184807
0.5566264235,-0.7370671264,0.1181495744
0.5576769357,-0.7266252192,0.1163804341
0.5582829032,-0.7154739058,0.1150481133
0.5595009916,-0.7042233247,0.113410319
0.5601892248,-0.6925654643,0.1115303404
0.5609921048,-0.6803876106,0.1100455338
0.5621305212,-0.6680133738,0.1083789445
0.5632099698,-0.6553907825,0.1064364559
0.5641660602,-0.6424173111,0.1044316982
0.5651027552,-0.6290958534,0.1024375209
0.5660776585,-0.6154499872,0.1004415795
0.5670866892,-0.6014703232,0.0984447532
0.5680612959,-0.5871209139,0.0964535372
0.5688931951,-0.572453325,0.09437843872
0.569688192,-0.5576254791,0.09200825646
0.5708424317,-0.5426491702,0.08952573963
0.5719716084,-0.5271946989,0.08746715883
0.5726006631,-0.5115703885,0.08502006943
0.5738884623,-0.4958651557,0.0824815179
0.5745233795,-0.4796882578,0.08018638782
0.5757739298,-0.4635625296,0.07751412572
0.5763372046,-0.447046706,0.0749488678
0.5774933494,-0.4303513327,0.0725333063
0.5783978278,-0.4136727585,0.06957290024
0.5789815691,-0.3966177155,0.06691069724
0.5798703295,-0.3793717025,0.06438965169
0.580888956,-0.3621047843,0.06159987193
0.581753637,-0.3447489888,0.0586188359
0.5824644274,-0.3272336497,0.05562236357
0.5831171707,-0.3095624516,0.05265849445
0.583766234,-0.2917563241,0.04969841349
0.5844224265,-0.2738395414,0.04671158238
0.5850832408,-0.2558517607,0.04369171891
0.5857458963,-0.2377957193,0.04064487099
0.5864031905,-0.2196600945,0.03758931366
0.5870323234,-0.2014285405,0.03455111734
0.587579967,-0.1830854927,0.03153324844
0.587991692,-0.1646674575,0.02848469342
0.5882882895,-0.1462250846,0.0253028859
0.5886134149,-0.1277952401,0.02193940326
0.5891178257,-0.109333,0.018528859
0.5897096876,-0.09072991546,0.01530805106
0.5900662339,-0.07196070482,0.01225610262
0.5901291606,-0.05321774977,0.009011932282
0.5903331815,-0.03458957691,0.005464548213
0.590837155,-0.01584503623,0.002083606698
0.5910873924,0.003096595433,-0.0009817571812
0.5909749436,0.02193414706,-0.00432304196
0.5911834167,0.04067417132,-0.007939736292
0.5915484826,0.05965242068,-0.01114560931
0.5913939682,0.07868214497,-0.01430610728
0.5913263738,0.09750774877,-0.01793711507
0.591636377,0.1164872587,-0.02127420086
0.591458681,0.1355816302,-0.02434990965
0.5912035401,0.1544298424,-0.02792722782
0.5914121007,0.1733999727,-0.03131144059
0.5911807897,0.1925349489,-0.03434197811
0.5907744148,0.2114198891,-0.03785690069
0.5908540194,0.2303687368,-0.04125707995
0.5905804404,0.2494970724,-0.04423689095
0.5900229471,0.2683787091,-0.0476306792
0.5899244793,0.2872394207,-0.05106205913
0.5896756798,0.3063065376,-0.05402216241
0.5889883258,0.3252354128,-0.0571730328
0.5885485233,0.3439817344,-0.06061107244
0.5883331185,0.3628497407,-0.06373715907
0.5877981285,0.381753024,-0.06661200969
0.5870087924,0.4004717293,-0.06967648842
0.5863363448,0.4190226298,-0.07291731695
0.5858280645,0.4375424807,-0.07606958677
0.5853082323,0.4560500651,-0.07904014218
0.5846744933,0.4744767732,-0.0819036864
0.5839412607,0.4927710504,-0.0847412744
0.5831564641,0.510916109,-0.08758168469
0.5823488664,0.5289003201,-0.09042627391
0.5815140042,0.5467040953,-0.09327684045
0.5806064951,0.5643134372,-0.09612646659
0.5795679459,0.581741234,-0.09890034648
0.5784754245,0.5990495188,-0.1014462872
0.5776317395,0.6162547376,-0.1038412418
0.5769195767,0.6331040055,-0.1065676957
0.5756594896,0.6496314598,-0.1092525058
0.5747594808,0.6662105429,-0.111406206
0.5737832995,0.6822147291,-0.1141842047
0.5727271155,0.6982571515,-0.11620859
0.5716054319,0.7137027584,-0.1188548996
0.5708476469,0.729166067,-0.1209703287
0.5695754351,0.7442351535,-0.1230270335
0.5684165612,0.7588719713,-0.1253842814
0.5674929762,0.7732680037,-0.1276310077
0.5665734925,0.7874269421,-0.1296970288
0.5655884453,0.8012687611,-0.1316836774
0.5645474612,0.8147558419,-0.133639393
0.563446986,0.8278831077,-0.1355343418
0.5623232384,0.8406967646,-0.1372712651
0.5613786522,0.8532265101,-0.13883404
0.5606842943,0.8653097596,-0.1405673362
0.5596415046,0.8768195323,-0.142491038
0.5585395346,0.8881849463,-0.143802683
0.5579629705,0.8991009922,-0.1454796394
0.5567401439,0.9095585272,-0.1468726258
0.5562285641,0.9197137431,-0.1483961696
0.5551595885,0.9294718936,-0.1495108762
0.5543858872,0.9386391993,-0.1511098703
0.5538726962,0.9476472501,-0.152193737
0.5529659189,0.9561659053,-0.1531696967
0.5520943437,0.9641185095,-0.1544025982
0.5514874867,0.9716695285,-0.1556154808
0.5509946627,0.9788714672,-0.1566414394
0.5504951201,0.9856654133,-0.1575231867
0.5499793746,0.9919981836,-0.1583313277
0.5494728713,0.9978566328,-0.1590993833
0.548991886,1.003234234,-0.1598338422
0.5485349313,1.00812394,-0.1605294569
0.5480892728,1.012519369,-0.161169471
0.5476471102,1.016423644,-0.1617206733
0.5472309831,1.019846717,-0.1621406453
0.546905576,1.022797133,-0.1624142404
0.5467391439,1.025272558,-0.1625983519
0.5467201765,1.027269532,-0.1628099731
0.5467261139,1.028748927,-0.1631138566
0.5466192107,1.029700293,-0.163424113
0.5464058886,1.03019811,-0.163564697
0.5462589143,1.030324761,-0.1634623265
0.5463306456,1.030069979,-0.1632430504
0.5465785959,1.029340643,-0.1630901625
0.5468256015,1.028070738,-0.1630406765
0.5469602816,1.026289196,-0.1629703418
0.5470278322,1.024056378,-0.1627447945
0.5471475396,1.021368839,-0.1623327815
0.5473904805,1.018207299,-0.1617954926
0.5477499155,1.014550673,-0.1612023249
0.5481823722,1.010390377,-0.1605822803
0.548650372,1.00572806,-0.1599291609
0.5491342501,1.000573853,-0.159227783
0.5496265485,0.994936449,-0.1584721785
0.5501286455,0.9888226924,-0.1576745465
0.5506638712,0.9822332914,-0.1568612922
0.5512968,0.9751967779,-0.156041973
0.5520979951,0.9677829435,-0.1551305976
0.552968954,0.9600304334,-0.1539498782
0.5535913603,0.951815752,-0.152585175
0.5541080125,0.9429969516,-0.1515296098
0.5551574117,0.9338923158,-0.1504469549
0.555916309,0.924498846,-0.1488013015
0.5566436577,0.9144023976,-0.147741271
0.5576905069,0.9042638967,-0.1460056281
0.5584597224,0.8933786173,-0.1448239092
0.5593278173,0.8824214334,-0.1429385023
0.5605278043,0.8709321896,-0.1414907867
0.5612692762,0.8589720941,-0.139971956
0.5621037545,0.8467839639,-0.1380572289
0.5631782784,0.8342605334,-0.1361148351
0.5642878128,0.821328794,-0.13423153
0.5653437697,0.8080259748,-0.1323229185
0.5663395785,0.7943737893,-0.1303467965
0.5672757106,0.7803757688,-0.1283428554
0.5682275619,0.7660241683,-0.1264007347
0.5694014472,0.7513716493,-0.1244494577
0.5706735691,0.7365888086,-0.1221135198
0.5714500843,0.7214218806,-0.1196911727
0.5725491551,0.7058105631,-0.1177294132
0.5736628177,0.6902332247,-0.1150441859
0.5745865852,0.6740446554,-0.1129830836
0.5755702645,0.6579209777,-0.1101937748
0.5767945401,0.6413387238,-0.1079298825
0.5774864734,0.6245102945,-0.1054563308
0.5784132296,0.6076521636,-0.1026174678
0.5795478762,0.5905466825,-0.09992565646
0.5805742326,0.573161131,-0.09735481201
0.5814661597,0.5555759529,-0.09473537074
0.5823024461,0.5378394216,-0.09201884322
0.5831270446,0.5199617952,-0.08921472782
0.5839403977,0.501955756,-0.08632860458
0.5847082795,0.4838360905,-0.08335702719
0.5853713116,0.4655944246,-0.0803237327
0.5859034615,0.4471978501,-0.07732251974
0.5864191523,0.4286273069,-0.07445538797
0.5871228362,0.4099686811,-0.07162325807
0.5879395679,0.3913549129,-0.06851721062
0.5884413868,0.3727403953,-0.06517219538
0.5886699867,0.3539081792,-0.06210385794
0.589244806,0.3349606868,-0.05921057566
0.5898989683,0.3161985216,-0.05585197985
0.5900170344,0.2973605688,-0.05250063352
0.590336503,0.2783168912,-0.0495817243
0.5909361971,0.2594700712,-0.04622030579
0.5909403174,0.2406187049,-0.04277792655
0.5911579212,0.2215157486,-0.03981362787
0.5916327553,0.2026497792,-0.03635385689
0.5914892866,0.1837493885,-0.03292407912
0.5916848783,0.1646332414,-0.02991142277
0.5919880537,0.1457779629,-0.02634318022
0.5917135609,0.1268243075,-0.02296929205
0.5918842719,0.107730976,-0.01990042158
0.5920253715,0.0889460077,-0.0162850553
0.5916507146,0.07006218195,-0.01295010762
0.5917218572,0.05106765711,-0.009871694849
0.5917726387,0.03235406188,-0.006283856965
0.5913173746,0.01358641258,-0.002903388815
0.5911818787,-0.005320792353,0.0001377495176
0.5912196937,-0.02400917403,0.003580894599
0.5907847828,-0.04260669737,0.007096087088
0.590312523,-0.06136690808,0.01019267222
0.5901984379,-0.08008832885,0.01331407446
0.5900097736,-0.09858077557,0.01675726561
0.5894656783,-0.1170149493,0.02016680274
0.5888533636,-0.1355359476,0.02328465868
0.5884389421,-0.1540566473,0.02628990708
0.5881390589,-0.1724409888,0.02941224595
0.5877564039,-0.1906852518,0.03266143825
0.5872186747,-0.2088327074,0.03591627453
0.5865744333,-0.2269162294,0.039090641
0.5858905625,-0.2449663502,0.04217903059
0.5852013947,-0.2629581265,0.04520525009
0.5845159485,-0.2808851247,0.04819885599
0.5838349777,-0.2987051372,0.05116706939
0.5831625454,-0.316414334,0.05410494112
0.582501511,-0.3340190509,0.05698507539
0.5818236598,-0.3515386553,0.05976221829
0.5810378639,-0.3689490034,0.06241931369
0.5800533942,-0.386168668,0.06507870575
0.579029086,-0.403113142,0.06794982445
0.5783337936,-0.4199178622,0.07084512804
0.5776353704,-0.4367600985,0.07325778104
0.5764088112,-0.453250544,0.07580112286
0.5757100851,-0.4694941899,0.07861481097
0.5746936344,-0.4857615719,0.08077195185
0.5737808895,-0.5015108615,0.08357371222
0.5727268065,-0.5173328023,0.08563747543
0.5720000784,-0.5327118476,0.08823045153
0.5707085096,-0.5478539451,0.09053592143
0.5698249359,-0.5629412474,0.09252693758
0.5690612118,-0.5776448784,0.09482098617
0.5680560863,-0.591986236,0.0971469554
0.5669603803,-0.6060462548,0.09929478603
0.5659129686,-0.6198148001,0.1013157788
0.5649346626,-0.6332861151,0.1032831618
0.5640255676,-0.6464603406,0.1052051905
0.5631781316,-0.6593542816,0.1070258684
0.5622939355,-0.6719671888,0.1086720304
0.5611959302,-0.6841941863,0.1102642354
0.56008681,-0.6959273132,0.1121337326
0.5594530482,-0.7074427571,0.1139163
0.5585212151,-0.718736981,0.1151706787
0.5575021845,-0.7293597441,0.1169888458
0.5568986114,-0.739964961,0.1182007033
0.5558490064,-0.7498526713,0.1198617099
0.5551677534,-0.7597274359,0.1208964387
0.5544908815,-0.7689329134,0.1224949547
0.5534560583,-0.7778281422,0.1236184297
0.5529094288,-0.7864950088,0.1245840686
0.5523978815,-0.7945921895,0.1258642959
0.5516282796,-0.8021929371,0.1270833607
0.5508310643,-0.8094614302,0.1280476227
0.5501662722,-0.8163877085,0.1288666731
0.5496174763,-0.822890609,0.1296450224
0.5491276639,-0.8289177847,0.1304035128
0.5486583289,-0.8345088205,0.1311359894
0.5481985667,-0.8396741355,0.131832648
0.5477556072,-0.8443823485,0.1324899139
0.5473483311,-0.8486062565,0.1331124379
0.5470084442,-0.8523259581,0.1336988879
0.5467706869,-0.8555325894,0.1342235697
0.5466377881,-0.858293495,0.1346403664
0.546557002,-0.8606699767,0.1349035586
0.5464374827,-0.8626282064,0.1350164205
0.5462204295,-0.8641036336,0.1350710013
0.5459612686,-0.8650546057,0.1351883223
0.5458086197,-0.8655115779,0.1353932587
0.5458621829,-0.8655567963,0.135564789
0.5460590285,-0.8652397754,0.1355488487
0.5462348425,-0.8645241567,0.1353190163
0.5462940882,-0.8633300671,0.1349961587
0.5462907868,-0.8616173191,0.134715049
0.5463498505,-0.8594156324,0.1345038491
0.5465464621,-0.8567859019,0.1342918302
0.5468688433,-0.8537587512,0.1339946854
0.5472665628,-0.8502660355,0.1335680483
0.547693499,-0.846279204,0.1330235773
0.5481303449,-0.8418070393,0.1323958269
0.5485778494,-0.8368670711,0.1317134172
0.5490390626,-0.8314850484,0.1309926254
0.54950801,-0.8256893873,0.1302373787
0.5499763376,-0.819433768,0.1294236238
0.5504391151,-0.8127310465,0.1285079517
0.5509414995,-0.8056467896,0.1274390301
0.5516077827,-0.798230763,0.1262440788
0.5524855763,-0.7903873274,0.1251300467
0.553258321,-0.7819735515,0.1242256666
0.5537044486,-0.7731511708,0.1230628184
0.5545304569,-0.7641737508,0.121509583
0.5555056253,-0.7545900976,0.1204589051
0.555982197,-0.744673543,0.1189529648
0.5571600199,-0.7345077292,0.1175581372
0.5576524671,-0.7238288833,0.1160208823
0.558828611,-0.7128609272,0.1146315372
0.5595740325,-0.7016229891,0.1127334661
0.560317763,-0.6897878843,0.1113120188
0.5614819827,-0.6777829146,0.109684607
0.5625054059,-0.6655341159,0.1077227043
0.5633463863,-0.6528833891,0.1057640448
0.5641944585,-0.6398621915,0.1038611239
0.5651125942,-0.6265326136,0.1019305197
0.5660963241,-0.6129176913,0.0999268502
0.5671495267,-0.5989954351,0.09786595739
0.5682493142,-0.5847179453,0.0958234928
0.5692414126,-0.5700679576,0.09384355051
0.5699839882,-0.5551646551,0.09168774022
0.5708937825,-0.5402031965,0.08913896721
0.5721727028,-0.5249023685,0.086888598
0.5728434934,-0.5092085639,0.08469105917
0.5739642394,-0.4935969935,0.08196664487
0.5747736585,-0.4774208444,0.07982122892
0.575870528,-0.4613783335,0.0769999634
0.5764887557,-0.4448315769,0.07461218803
0.5777004431,-0.4282547749,0.07205602541
0.5784629649,-0.4115891173,0.06911837015
0.5790887217,-0.3945386813,0.06655947526
0.5800503178,-0.3773674242,0.06400548061
0.5810459033,-0.3601747496,0.06115584262
0.5818549337,-0.3428647203,0.05816792067
0.5825315751,-0.3253855459,0.05519725401
0.583173322,-0.3077521454,0.05226001717
0.5838206202,-0.2899906084,0.04931718884
0.5844757442,-0.272123825,0.04633937837
0.5851341925,-0.2541947865,0.04332423277
0.5857944442,-0.2361935707,0.04027773184
0.5864517824,-0.2181189634,0.03722281574
0.5870848801,-0.1999419477,0.03418660573
0.5876383267,-0.1816527997,0.0311770164
0.5880524452,-0.1632860506,0.02814378204
0.5883431892,-0.1448908535,0.02497904493
0.5886560275,-0.1265130868,0.02162717147
0.5891507321,-0.1081077155,0.01822047631
0.5897404709,-0.0895624522,0.01500361683
0.5900963214,-0.07084634775,0.01196120732
0.5901547012,-0.05215865777,0.008728113388
0.5903552394,-0.03358657235,0.005189056063
0.5908571643,-0.01489693663,0.001819169434
0.5911004805,0.003987708063,-0.001235082224
0.5909843077,0.02276692404,-0.004571564744
0.5911965311,0.04145186728,-0.008177308738
0.5915554179,0.06037702097,-0.01136637322
0.5913923907,0.07934681096,-0.01452297725
0.591331457,0.09811456541,-0.01814719778
0.5916389326,0.1170399389,-0.02146336282
0.5914495295,0.1360741365,-0.02453332055
0.5912020953,0.1548616708,-0.02810668917
0.5914110804,0.1737799887,-0.03146925143
0.5911671186,0.1928544656,-0.03449234792
0.5907678336,0.21167766,-0.03800468086
0.5908505147,0.2305732339,-0.04138368984
0.590565215,0.2496413907,-0.04435367634
0.5900124606,0.2684596883,-0.04774576483
0.5899201879,0.2872648542,-0.05115901203
0.5896626715,0.3062746364,-0.05410525274
0.5889744925,0.3251391165,-0.05725357925
0.5885430391,0.3438259745,-0.06068088206
0.5883275403,0.3626366767,-0.06378977491
0.5877874663,0.3814784926,-0.06665475855
0.5869992197,0.4001334878,-0.06971396032
0.5863325652,0.4186225831,-0.07294595833
0.5858287099,0.4370822593,-0.07608558137
0.5853105431,0.4555291965,-0.07904322058
0.5846774553,0.473894187,-0.08189532185
0.5839453495,0.4921260333,-0.08472260694
0.5831626597,0.510208445,-0.08755300915
0.5823583332,0.5281301898,-0.09038733267
0.5815284353,0.5458717297,-0.09322744601
0.5806282306,0.5634184525,-0.09606791733
