0.5914664314,0.0004976430577,0.0005892579923
0.5042454259,0.302771817,-0.07014034859
0.2605317282,0.4931741341,-0.1282274327
-0.009901099813,0.5317107044,-0.1811975414
-0.2219587854,0.4584904095,-0.2050970817
-0.3385468779,0.3539301966,-0.2207744519
-0.3987411435,0.2898275809,-0.2140717065
-0.429225125,0.2917052558,-0.1905879375
-0.4243624078,0.3516935717,-0.1338717451
-0.369406684,0.4399917624,-0.07645686741
-0.2838238427,0.5015797971,0.005813970781
-0.1860743759,0.5301048426,0.07779810955
-0.1002577979,0.5244363128,0.1290695639
-0.06946826151,0.5059043414,0.1709974816
-0.106722378,0.4764526857,0.1858393903
-0.2124412935,0.4428883607,0.1850415826
-0.3701812658,0.3568684351,0.173806451
-0.5134133988,0.1671067155,0.1351509416
-0.5552561179,-0.1117229398,0.08396777757
-0.4353193576,-0.3933180583,0.02881700486
-0.1756800212,-0.561539019,-0.04130920663
0.1321473003,-0.5507920969,-0.1103623598
0.3732489143,-0.3951816162,-0.1595314901
0.4806453667,-0.1829678091,-0.202309734
0.4996624738,-0.002758049231,-0.2143686581
0.486560552,0.1075194305,-0.2163884214
0.4834374838,0.1458518567,-0.1966320922
0.5203080529,0.1246929724,-0.1591454547
0.564873307,0.04636623731,-0.1009552612
0.5732128329,-0.05737286602,-0.02411366292
0.5514536562,-0.1555182392,0.05356293772
0.4996852745,-0.2352872249,0.1116420299
0.4417857249,-0.2589664867,0.1604539434
0.4304128682,-0.2408747492,0.1807871297
0.4602370956,-0.1668792341,0.1877928348
0.4956056596,-0.02071456594,0.1805610523
0.4899123603,0.1912977401,0.1611416895
0.3654037192,0.4226748508,0.1130271459
0.1082909812,0.5735649061,0.05570750104
-0.1999321729,0.5570211278,-0.008648568478
-0.450510227,0.372482578,-0.07691333347
-0.5543975115,0.08869534093,-0.1400818009
-0.4956999441,-0.1681412279,-0.1870380137
-0.3714858618,-0.3394924996,-0.2050250732
-0.2533320278,-0.4263756058,-0.2202652455
-0.183585518,-0.4661790449,-0.2138753232
-0.1843231051,-0.4913906487,-0.1843934556
-0.2505260456,-0.4943063968,-0.1287259233
-0.3489044375,-0.4540122825,-0.06717294821
-0.4321236573,-0.3865085463,0.01521377096
-0.4782081144,-0.2926958385,0.08600715638
-0.4918492587,-0.2084734279,0.1358133166
-0.4681531395,-0.1756820708,0.1794145167
-0.4412629943,-0.2111476325,0.1966569446
-0.3793254648,-0.3048570847,0.1934398304
-0.2657310055,-0.4365159535,0.1741714659
-0.0549020281,-0.5356261545,0.1422262983
0.2225677184,-0.5233316885,0.09709784191
0.4640901552,-0.3499310997,0.03020657955
0.5821941943,-0.07212726932,-0.03885982554
0.5301976881,0.230528422,-0.1040364237
0.3268796608,0.4418956607,-0.1504627554
0.08805200469,0.5058279773,-0.1907587763
-0.1028930838,0.4822230567,-0.2118909389
-0.2237129357,0.4327920874,-0.2163487456
-0.285809625,0.40649062,-0.2049878258
-0.3016416173,0.4269283844,-0.1749154939
-0.2656047165,0.4847093108,-0.1249906258
-0.1831476865,0.5443430899,-0.06533380085
-0.08749120194,0.5714750015,0.01569143284
0.00968836527,0.5598896949,0.08385274819
0.08446876775,0.5288313651,0.1334768801
0.1011309335,0.495096575,0.1782687981
0.06249738376,0.4896515999,0.1916981571
-0.04236165613,0.4878980629,0.1970436375
-0.2013059723,0.4649265028,0.1786810731
-0.3875286802,0.3541991763,0.1569284261
-0.5404305966,0.1480563737,0.1091575748
-0.5666344326,-0.1376420585,0.0529972714
-0.434518576,-0.4024931063,-0.006916959037
-0.1798835931,-0.5584610745,-0.07173515549
0.111574957,-0.550787074,-0.1362816009
0.3386848802,-0.4133476628,-0.1730522585
0.450354277,-0.2270763309,-0.2008619843
0.4901792001,-0.06969992594,-0.2218033926
0.4947689528,0.03549594579,-0.2191259086
0.49708426,0.0781229569,-0.2038354241
0.5338255281,0.06721829026,-0.1656888411
0.5593025964,-0.002600979442,-0.1091202058
0.5675089523,-0.09757428925,-0.04105377146
0.5496566502,-0.1892823554,0.0308688826
0.490536295,-0.2587979527,0.09556579745
0.4365587899,-0.2997271169,0.1486758766
0.406528463,-0.2973568096,0.1736504446
0.4185482908,-0.2502801989,0.1883937757
0.4666839285,-0.1573617478,0.1945647212
0.5028334103,-0.001576303134,0.1774609005
0.4800359505,0.2095183214,0.1595456978
0.3568049999,0.4289768504,0.1165762164
0.1124115811,0.5684242583,0.06553046304
-0.1741356673,0.5574283477,0.002133129158
-0.4180415957,0.4032314138,-0.06203432735
-0.5501380693,0.1466078013,-0.1255686105
-0.5270724598,-0.1203113257,-0.1714329266
-0.4057808197,-0.3103253715,-0.2047230821
-0.2657482701,-0.4202139666,-0.2149700225
-0.1537410843,-0.4664173546,-0.2164446155
-0.09311111318,-0.49166215,-0.2056125368
-0.09239854718,-0.5154879813,-0.1777383626
-0.1497072773,-0.5282554695,-0.1313053503
-0.2435644647,-0.524605752,-0.07520053426
-0.3227796528,-0.4771313849,-0.001719501005
-0.3835723948,-0.4136111507,0.06817510167
-0.415244322,-0.3400730971,0.1246673402
-0.4144851188,-0.2941302379,0.1686083465
-0.394545646,-0.2978585331,0.1859024927
-0.3369598371,-0.3500856437,0.2005773579
-0.2324937743,-0.4279614346,0.191698494
-0.07018892369,-0.5072363414,0.1701110546
0.1576067992,-0.511305414,0.1374011205
0.3965655068,-0.4027000049,0.09241977035
0.5525233891,-0.1685578866,0.03981689271
0.5733552277,0.1125382493,-0.02551670116
0.4446144548,0.368902187,-0.08867033706
0.2040289651,0.5137309293,-0.1403338159
-0.04985379684,0.5281125939,-0.1767218987
-0.2393308811,0.4386441057,-0.2079496929
-0.3622216238,0.3315761348,-0.2164706375
-0.4200406321,0.2414336043,-0.219812626
-0.454879503,0.1995709497,-0.2050359632
-0.4807548764,0.2159232764,-0.1712381145
-0.4825486162,0.285166983,-0.1218685791
-0.4415476644,0.3684741216,-0.05625195973
-0.3826892065,0.4422278385,0.01132773427
-0.3018367169,0.4822934059,0.0794221232
-0.2227469072,0.4832986286,0.1350208781
-0.185211405,0.4685067632,0.1678250231
-0.2060217251,0.4426404391,0.194786605
-0.2775366408,0.3954033433,0.1922092088
-0.3892732703,0.3053219822,0.1830474461
-0.4961888274,0.14063971,0.1612071607
-0.5398105488,-0.09842372452,0.131219014
-0.4443363876,-0.3537156596,0.07596376588
-0.2279784637,-0.544440795,0.0206976576
0.06111438792,-0.588130395,-0.04331768365
0.3287973384,-0.467062709,-0.1018439592
0.4891767127,-0.2447017716,-0.1607381426
0.5207111863,-0.004144527415,-0.1900553309
0.4661920503,0.1822663187,-0.212086978
0.3899533436,0.300098573,-0.2195604079
0.3322854553,0.3624326041,-0.2115729564
0.3309916151,0.3923030493,-0.1972555554
0.379408369,0.3841237657,-0.152092015
0.4560821186,0.337006391,-0.08629229725
0.5215422337,0.259598479,-0.01156596577
0.5523228823,0.1649198467,0.05631684835
0.542997022,0.07347264817,0.1140248353
0.5089292233,0.02554028038,0.1615634
0.4949412685,0.0345264282,0.1856923771
0.4742618666,0.1096705559,0.1998574417
0.4277571543,0.2403262789,0.1919867883
0.3166164023,0.400040872,0.1674902283
0.1124740944,0.5361712476,0.1285973231
-0.1703458685,0.5405378576,0.07847001648
-0.4315843124,0.4019115631,0.0114869501
-0.5742085459,0.1348205536,-0.0562548338
-0.5447990045,-0.1689558096,-0.1108375586
-0.3765597249,-0.3927530336,-0.165272797
-0.1595450277,-0.4856779818,-0.2040327236
0.02513453715,-0.4961759762,-0.2158430172
0.1454816328,-0.4665430001,-0.2168473881
0.2058865352,-0.4532506242,-0.2044814421
0.2108843037,-0.4832180873,-0.1723386048
0.1552836347,-0.5407309309,-0.1201897576
0.05408965474,-0.5773327628,-0.04729238176
-0.05687096614,-0.5793695756,0.02096425222
-0.1508189526,-0.5397420196,0.09717317015
-0.2099272488,-0.4858739493,0.1497280079
-0.214563905,-0.45318068,0.1807443361
-0.1610052419,-0.459240426,0.2001276404
-0.04881652447,-0.4813648337,0.1919452056
0.1239266804,-0.4830037818,0.1822237797
0.3344487224,-0.4098411067,0.1462505172
0.5186468008,-0.2132066568,0.1097616188
0.5811164224,0.07261199124,0.04800417485
0.4740347246,0.3534728606,-0.01588900193
0.2306858979,0.5340550195,-0.08094449066
-0.06304710109,0.5546274021,-0.1386538349
-0.2958577414,0.4374611894,-0.1872960783
-0.4193884534,0.2643015365,-0.2121333923
-0.4691336877,0.1156878065,-0.2218394774
-0.4905992769,0.02046433452,-0.2240188018
-0.5028712227,-0.01458924474,-0.2048391201
-0.5392233331,0.00935210738,-0.1629006279
-0.5554501064,0.08911676046,-0.1021783053
-0.5481592243,0.18879116,-0.03151995404
-0.5091991067,0.2798901911,0.03578964227
-0.4347680533,0.3370174822,0.1030944355
-0.3705703452,0.3619676892,0.1504643384
-0.3456766829,0.3500061369,0.1817235154
-0.3739128906,0.3082869026,0.1927553132
-0.4352677693,0.2114364293,0.1999725956
-0.4994581661,0.05463359977,0.1861032422
-0.4976650044,-0.1640964169,0.1499735374
-0.3852028265,-0.400649908,0.1149500138
-0.147677148,-0.5601618705,0.05886016116
0.1436720408,-0.5661693472,-0.00781007025
0.398358713,-0.4190805702,-0.07347965904
0.5391411592,-0.1623662111,-0.1295182943
0.5164265338,0.09945621051,-0.1791193108
0.4122815873,0.2946237195,-0.2107582221
0.277782782,0.3976238812,-0.2243855806
0.1782151812,0.4570388639,-0.22384427
0.1287814021,0.4844455221,-0.2065842179
0.1435075882,0.5086473943,-0.1760763702
0.2160382387,0.5179553725,-0.1245857053
0.3094138605,0.4871932789,-0.0542124057
0.3942953977,0.4311769672,0.0127580952
0.445863058,0.3501383297,0.08426510964
0.4556280852,0.2672141473,0.1358319093
0.4498455653,0.2325454821,0.178101456
0.4191081454,0.252659455,0.1966718175
0.3555104676,0.3235260607,0.1946913032
0.2449975462,0.4324775068,0.1836842978
0.05246353414,0.51562659,0.1583964054
-0.202018018,0.5127124896,0.1188720476
-0.448876022,0.3641074919,0.07215151652
-0.5751726223,0.09730624823,0.006789649192
-0.5462723707,-0.1979091949,-0.05997453854
-0.3671865277,-0.4350224922,-0.1257987751
-0.1071383339,-0.528876067,-0.172602437
0.1242999614,-0.4962965476,-0.2053131823
0.275890824,-0.399550145,-0.2212920529
0.3703863621,-0.3185746984,-0.2274277927
0.4163807405,-0.2714506457,-0.2094234206
0.4320487789,-0.2839823076,-0.1799238864
0.4209134744,-0.3536675268,-0.1361590152
0.3745579001,-0.4450198575,-0.06597287994
0.285622054,-0.5029280458,0.003251167545
0.1898974276,-0.5307788173,0.07359125411
0.1069136111,-0.5248857526,0.1402298237
0.06717003164,-0.4946097757,0.1727390335
0.09076832257,-0.4730637784,0.1922283478
0.1760887456,-0.4440801153,0.2035708873
0.3046386775,-0.3860448217,0.1891727948
0.4461625112,-0.2497900862,0.1764848678
0.5419912093,-0.03162163902,0.1362041206
0.5157736954,0.2397447861,0.08535428965
0.3413616836,0.4701078477,0.03314883544
0.07468335625,0.5788354781,-0.03274930085
-0.2120044476,0.5313758036,-0.09889792419
-0.4266850556,0.3492904949,-0.1542654216
-0.5111509087,0.1121623715,-0.1927596013
-0.4879258218,-0.09340076663,-0.2188424446
-0.4255458199,-0.2376813282,-0.2291703446
-0.3626701858,-0.3160856065,-0.2225867977
-0.3430057829,-0.3579081524,-0.2105244195
-0.3698209643,-0.3689533943,-0.172945321
-0.437184657,-0.3444284205,-0.1189929978
-0.5028759441,-0.2760140363,-0.05746048858
-0.5478276867,-0.1958750219,0.01704958861
-0.5535224654,-0.1053651524,0.0842926147
-0.5316271887,-0.02842697381,0.1313400394
-0.5085826414,0.002312817469,0.1749594542
-0.4891540664,-0.02098158989,0.1938165378
-0.467159874,-0.09935571416,0.1974028299
-0.4303749973,-0.2234602859,0.2004136135
-0.3410700385,-0.373695001,0.1829344808
-0.1628929966,-0.4970196905,0.1533577618
0.08038737791,-0.5527791664,0.1149455756
0.3394640118,-0.4688621348,0.06485781843
0.5208093418,-0.2619930949,0.00359370737
0.5807391675,0.007899081816,-0.05774960187
0.5010674419,0.2755112893,-0.1186078659
0.3003880121,0.446772691,-0.1639299015
0.07608559621,0.5119875472,-0.1928940355
-0.1138338129,0.4801241757,-0.2129660225
-0.2423363702,0.4141497951,-0.2263705576
-0.3272735178,0.3633798202,-0.2218146943
-0.3679115521,0.3386681428,-0.2044758956
-0.3844764159,0.3620578353,-0.1753007325
-0.3657452445,0.4217855869,-0.1262593287
-0.3061997652,0.4834454267,-0.06656245019
-0.2375285026,0.5331539583,0.003535199574
-0.1563782859,0.5512970546,0.06763299543
-0.08007898777,0.540819618,0.1243485747
-0.03707868578,0.5144540658,0.1606410155
-0.04636159673,0.4869310435,0.1925054089
-0.1033730853,0.4711540897,0.1957184581
-0.2046369714,0.4320066761,0.1986648743
-0.3343998191,0.363699169,0.1861370407
-0.4633015294,0.2267794977,0.1714951508
-0.5370939241,0.02027547527,0.1362793093
-0.5187177672,-0.2249083634,0.09784456902
-0.3767466475,-0.4410070679,0.04605281968
-0.1493057855,-0.5726118888,-0.005183713926
0.1166347866,-0.5776045826,-0.05995675086
0.3483163141,-0.4462349497,-0.1100289791
0.494490284,-0.2401457242,-0.1560152224
0.5190267026,-0.01346023306,-0.185687237
0.4713383504,0.1745386757,-0.2104106086
0.3848396956,0.3044167861,-0.2232503662
0.298575689,0.3758845748,-0.2265861523
0.2484395979,0.4286865694,-0.2190185569
0.2328825659,0.4493978355,-0.1950043578
0.2658121146,0.4628825606,-0.1602495772
0.3346262028,0.4581137097,-0.1115116303
0.4026530018,0.4194813505,-0.05035718068
0.4459378339,0.3629746977,0.01848273238
0.4749745474,0.2973219033,0.07676005581
0.4863130381,0.2347018919,0.1259310587
0.4721898518,0.1985609507,0.1635790653
0.4415032333,0.2042692358,0.1923649069
0.4115417255,0.2540393579,0.199465045
0.3467853512,0.3330971614,0.1977147075
0.2373084582,0.4269581058,0.1973526216
0.07740821001,0.5020614985,0.1723749559
-0.1331608567,0.516983384,0.1480921077
-0.3494803426,0.4253228851,0.1113423679
-0.5185976047,0.2444726469,0.06248309257
-0.5899326234,-0.001734598959,0.01613839845
-0.5332498566,-0.2531725199,-0.03637672103
-0.3613449426,-0.4492135966,-0.08731040458
-0.1242979133,-0.5417917527,-0.1338203751
0.1083660022,-0.5209245923,-0.1795946904
0.291425383,-0.4198971776,-0.2056438142
0.3998434088,-0.2812672168,-0.216504102
0.4556740049,-0.1567309493,-0.2313999524
0.4767519976,-0.0592298406,-0.2230144312
0.4935433043,-0.006648911185,-0.2172839017
0.521278925,0.002448051659,-0.1888840603
0.5411399624,-0.03814581145,-0.1441462765
0.5611379795,-0.111835129,-0.08344031329
0.5532614427,-0.1941200023,-0.02304021921
0.5136528515,-0.2614707281,0.03627846454
0.4606079101,-0.3116936311,0.104158473
0.4064259851,-0.3365832911,0.1512554986
0.3781791217,-0.3322627977,0.1779663556
0.3863225484,-0.2956665319,0.199312742
0.4235035999,-0.2277654025,0.2022930239
0.4676707893,-0.1190742609,0.1977715207
0.4929207193,0.03297279371,0.1941506015
0.4597813106,0.2132327946,0.1725652016
0.3560101424,0.3954609373,0.1471655508
0.1701058119,0.5288470788,0.1029845723
-0.06899186964,0.5713201517,0.05814110495
-0.3081176243,0.502912878,0.01450884849
-0.4882713793,0.3305236359,-0.03540621369
-0.569272111,0.09162315552,-0.08480260157
-0.5377258579,-0.1550601986,-0.1297494639
-0.4048750247,-0.3430579935,-0.1718463703
-0.2291872747,-0.4533974731,-0.1967715351
-0.05489915271,-0.4889380971,-0.2212014791
0.09306263859,-0.4778328067,-0.2290496552
0.1954887189,-0.4374194184,-0.2322382987
0.2638488452,-0.4097850104,-0.2166535994
0.3015869308,-0.4093089962,-0.1991074036
0.3009284178,-0.4330703336,-0.1702111097
0.2772081661,-0.4863868195,-0.1169695903
0.2184223067,-0.5305932314,-0.06097227165
0.1563269317,-0.5637462195,0.001746009039
0.08753262793,-0.5688650921,0.0597218352
0.02194502509,-0.5484814886,0.1097697797
-0.01526264119,-0.5205370835,0.1599686777
-0.01643179199,-0.4936847169,0.1880379621
0.02087268699,-0.4777890051,0.1961924572
0.0968734312,-0.4635942824,0.20202642
0.2043790855,-0.4330171531,0.2011089823
0.3286705371,-0.3542259231,0.1959590237
0.4522201986,-0.2287464938,0.1817229405
0.521067495,-0.03809208245,0.1537478944
0.5172034691,0.1854080909,0.1233073089
0.4102223425,0.3954859052,0.07373148012
0.2146318291,0.5429741216,0.03484113393
-0.02396544085,0.5840012394,-0.01624265972
-0.2591174375,0.5175164836,-0.06799210855
-0.4478891571,0.3560012011,-0.1172063213
-0.5264662419,0.1316876112,-0.1595343082
-0.5163852909,-0.0865719987,-0.1913989633
-0.4252899826,-0.256544931,-0.2123211617
-0.3085767403,-0.3702144322,-0.2244224417
-0.1953466335,-0.4395591758,-0.228025594
-0.1006731343,-0.4722212777,-0.2278569799
-0.0453689996,-0.4867867356,-0.2227009236
-0.03176100822,-0.5081071289,-0.1908798969
-0.06627467022,-0.5351790278,-0.1510154019
-0.1380930447,-0.547069933,-0.09801307212
-0.2181584991,-0.5373067633,-0.03298797158
-0.2896629653,-0.5057439944,0.02678718747
-0.3390417967,-0.4479077609,0.09227677924
-0.3680410389,-0.3862752305,0.1349142011
-0.3636360564,-0.348673948,0.1789330931
-0.3368102075,-0.3467381275,0.2004399666
-0.284714735,-0.3791825278,0.210380631
-0.1971863079,-0.42571827,0.2067801527
-0.07137569408,-0.4715037512,0.2002024095
0.09424526047,-0.486190381,0.1830867676
0.282517327,-0.4302971541,0.1610141493
0.4585501746,-0.2958261855,0.1340786693
0.5626570196,-0.08040402032,0.09104408593
0.5540499981,0.1657582793,0.04236183804
0.4451497215,0.3877311997,-0.007345512005
0.242888274,0.5368164366,-0.05769840157
-0.009866766044,0.5717315597,-0.1010074803
-0.2394272197,0.4927704496,-0.1510886008
-0.4003015233,0.3343134723,-0.1828516351
-0.4844999341,0.1497780893,-0.2089766493
-0.4863824607,-0.02321551077,-0.2284869074
-0.4464777669,-0.15839849,-0.2313393675
-0.4002101285,-0.2516490228,-0.233124348
-0.3669370588,-0.3120100867,-0.2212366879
-0.3613176273,-0.3441048812,-0.2024370403
-0.395003857,-0.3585285329,-0.1708475518
-0.4494041297,-0.33387192,-0.1279220166
-0.5067317548,-0.2859850233,-0.06369537613
-0.538068194,-0.2194622872,-0.007648848226
-0.5474837947,-0.151767302,0.05488389386
-0.5383667139,-0.0862398911,0.1156071965
-0.5184694379,-0.03982747532,0.1519097487
-0.4966634248,-0.03177864157,0.1832552179
-0.4698877208,-0.06518294365,0.2038021371
-0.4499061852,-0.132091247,0.2055983436
-0.4118534422,-0.2415431468,0.2087016003
-0.3235110385,-0.3651955164,0.1947367074
-0.1746919751,-0.4694497663,0.1762585703
0.02413116251,-0.5293525491,0.1549306607
0.2488276717,-0.4942215865,0.1165508893
0.4462331145,-0.3536394093,0.08118366696
0.5673365453,-0.1438829642,0.02611193246
0.5826679964,0.1019905167,-0.02152291098
0.4835465803,0.3320405689,-0.06949516327
0.2872134511,0.4852721102,-0.1203537898
0.053687273,0.5386686965,-0.1547850196
-0.159128555,0.4922911716,-0.1934623122
-0.3181164715,0.3780066952,-0.213459028
-0.4143114909,0.2420110218,-0.2305881988
-0.4572831463,0.1125719873,-0.2361079632
-0.4758696172,0.01095997199,-0.2381919305
-0.4818888964,-0.05307741451,-0.2283648521
-0.4996763922,-0.07659789995,-0.2064680799
-0.5296773012,-0.05880441847,-0.1618401966
-0.5631867232,0.002422679547,-0.1189229474
-0.5767238111,0.08195066799,-0.0563528584
-0.5548884346,0.1533801315,0.009809459911
-0.5187081523,0.2173126216,0.07107518902
-0.4695804504,0.2663499472,0.123128619
-0.4247073063,0.2821251175,0.1638307111
-0.4032142137,0.2630491121,0.1924703976
-0.4139077038,0.2179293312,0.2059546761
-0.4480562419,0.1388149826,0.2158945678
-0.4714015784,0.0155455993,0.2044863506
-0.4594422656,-0.1475198625,0.1955646614
-0.3904560001,-0.3284466722,0.1781101993
-0.2315567302,-0.4818083966,0.1492535576
-0.004571280002,-0.5532959118,0.1055684868
0.2413749055,-0.5198784276,0.05811253167
0.4517448308,-0.3795894135,0.008183820245
0.5705764675,-0.1529574864,-0.04314698427
0.5665083177,0.1069853251,-0.09073286758
0.4445902804,0.3286219892,-0.1371136852
0.2539024794,0.4686679327,-0.1795257829
0.04147413641,0.5028302916,-0.202565754
-0.1411723697,0.4687188056,-0.2250384417
-0.2738387006,0.3903719412,-0.238869818
-0.3573640071,0.3037935281,-0.2348835197
-0.4095558844,0.2397024254,-0.2374420059
-0.438681618,0.2107881807,-0.2169872829
-0.4666940338,0.2319234435,-0.1885402155
-0.4639494341,0.2901777532,-0.1354217368
-0.441039161,0.3746823316,-0.07993969571
-0.3814051822,0.4358364679,-0.01572953105
-0.3119472424,0.4741708531,0.0534340575
-0.2365631002,0.4927864103,0.1177376069
-0.1745467494,0.4873937496,0.157142754
-0.1531767306,0.4594598796,0.1940858271
-0.1765403994,0.4318287679,0.2107583606
-0.2423590346,0.3952030083,0.2195238606
-0.337793115,0.325571439,0.2167638721
-0.432633346,0.1977746352,0.2044063903
-0.4957911156,0.01607373565,0.1825313583
-0.4884324786,-0.2074079568,0.1529927939
-0.3596630428,-0.4185558477,0.1097794244
-0.1402847897,-0.5602856879,0.06097458189
0.1268711839,-0.5749908547,0.01308070806
0.3670146635,-0.4587329176,-0.04339219528
0.5180149542,-0.2371613359,-0.1009140795
0.5505155488,0.02176152478,-0.1535789979
0.4608274964,0.2479342065,-0.1914480891
0.3006399448,0.3914922158,-0.2180284276
0.1311136995,0.4635974275,-0.2343100962
-0.01708194383,0.466675522,-0.2375437079
-0.1247506827,0.4541163538,-0.2399804198
-0.1822939794,0.4368993174,-0.2321795743
-0.2079291071,0.4588817813,-0.2071350593
-0.1816268374,0.4974767752,-0.1700166695
-0.1199723059,0.5537087616,-0.1065429477
-0.02882317341,0.5823553643,-0.03901627551
0.0643282948,0.5771024345,0.0239999007
0.1452725501,0.5414393604,0.09646502901
0.2035484247,0.4891232512,0.1479839835
0.2202089971,0.4469852241,0.1848303865
0.1940934792,0.4307400181,0.2017725124
0.1270329889,0.4419070418,0.2158952836
0.01720411888,0.4620621085,0.2166407289
-0.1389504177,0.4582777068,0.2001982236
-0.3246650921,0.3846815694,0.1818291267
-0.4817341567,0.2103805233,0.155144982
-0.5591083868,-0.03562160271,0.1055973623
-0.4954048388,-0.3041117897,0.05183888519
-0.3029109262,-0.5081283419,-0.002857513955
-0.03189996093,-0.5867622044,-0.06292935475
0.2375266175,-0.5102055228,-0.1242309192
0.4249039089,-0.323283815,-0.1703406045
0.4947433776,-0.09607968517,-0.2028281264
0.4746523859,0.1084626248,-0.223241072
0.3971602508,0.2559718684,-0.2360310972
0.3154219109,0.3471159967,-0.2454894706
0.2564881182,0.3926884463,-0.2361279885
0.2462099841,0.4234832028,-0.2113878136
0.2869403865,0.4334557065,-0.1774527739
0.3662524845,0.4155582125,-0.12099019
0.4502676404,0.358641881,-0.0577620551
0.5039202473,0.2801892119,0.02156093952
0.524524931,0.1853928781,0.08585051212
0.5188838567,0.1022287727,0.1476094049
0.494647734,0.0555804405,0.1865354833
0.4705346692,0.06071951475,0.2044165047
0.4461798067,0.117781556,0.2133418732
0.4110016319,0.2181828012,0.2175167978
0.3256445901,0.3410571819,0.2057978249
0.1735687597,0.4560762959,0.1940489927
-0.04179934529,0.5128583215,0.1648230061
-0.2863867135,0.462928396,0.1215419171
-0.4974841153,0.2928365387,0.07266236137
-0.5825209873,0.02820090308,0.018612095
-0.5303619727,-0.2422861654,-0.04307229648
-0.3482738196,-0.4524381824,-0.1068450262
-0.08948723565,-0.5443152366,-0.1526108014
0.1561213581,-0.4921969925,-0.1889944339
0.3286738904,-0.3599141659,-0.2189685718
0.4288254619,-0.2058023543,-0.2351013872
0.4604292399,-0.06711726537,-0.2488818068
0.4653694877,0.03426604563,-0.2470697786
0.4653530929,0.08617689517,-0.2290514695
0.4962636209,0.09004428421,-0.20700209
0.540127683,0.04295099751,-0.1544476958
0.5686650604,-0.05027775205,-0.0902253262
0.5643541543,-0.1567001029,-0.02163991794
0.5186018408,-0.24851195,0.04657472932
0.4436813675,-0.3120793947,0.1130419067
0.3760415516,-0.3410118106,0.1689330689
0.3412958561,-0.3360210971,0.201950306
0.3521586312,-0.304163616,0.2113819023
0.3982895072,-0.233533943,0.2224918243
0.4527521228,-0.1094970189,0.2192702681
0.4737645807,0.06816109262,0.2015930214
0.4268883905,0.2821596721,0.1774636033
0.263058542,0.474145913,0.1328693378
0.00260021812,0.5653240412,0.08272026694
-0.2801698509,0.5159143588,0.03031877825
-0.4927209379,0.3220673047,-0.0329695706
-0.5708026881,0.04326853911,-0.09539113993
-0.4975014462,-0.2265987147,-0.1549994231
-0.3168945552,-0.4118882337,-0.1967617885
-0.1008305879,-0.4833579819,-0.2216652965
0.08453271944,-0.4653772087,-0.2431388243
0.2141929756,-0.4070275336,-0.2501313968
0.2946330734,-0.3599343857,-0.2473714571
0.3355315771,-0.3396084032,-0.2247306867
0.3458397614,-0.364597878,-0.1981717119
0.323875213,-0.4298344881,-0.1518703566
0.2612266238,-0.5038022431,-0.08535818212
0.1732306657,-0.5560211513,-0.01085846457
0.07379229498,-0.5706205096,0.05852544089
-0.02140807255,-0.5469221828,0.1200909467
-0.08180991816,-0.5045828494,0.16818745
-0.09283816367,-0.4728575979,0.202345745
-0.05521204627,-0.4577322112,0.2122844899
0.02841470525,-0.4590932126,0.2238620529
0.1493672414,-0.4323647385,0.2198132203
0.297578503,-0.3727158322,0.2106497565
0.432622071,-0.2327197218,0.1868354963
0.5186091098,-0.0268066062,0.1625574659
0.5030044918,0.2182859613,0.1240491457
0.3666227795,0.4376962896,0.06857248373
0.1369227383,0.5733259609,0.01940934374
-0.1305916545,0.5753598227,-0.03649550223
-0.3662901542,0.4430027998,-0.09088179786
-0.5042776319,0.218542579,-0.1421863883
-0.5244652653,-0.02841955091,-0.179987524
-0.4423284206,-0.2351517899,-0.2167076171
-0.3029238129,-0.3714895779,-0.230574617
-0.1581621792,-0.4341207168,-0.2480267699
-0.0394683028,-0.4592414282,-0.2517159454
0.03967885506,-0.4674251514,-0.2444972451
0.07745599322,-0.4762481877,-0.2211915153
0.07307526058,-0.506242675,-0.1916827973
0.02342918277,-0.5466438388,-0.1472200527
-0.06207712352,-0.5724815204,-0.09004463475
-0.1526553993,-0.5616901524,-0.02625947589
-0.2274608238,-0.5226954695,0.04380792595
-0.2915654469,-0.4698165024,0.1113853659
-0.3197590988,-0.4018840371,0.155898304
-0.3251787562,-0.36853699,0.1917492243
-0.2950758601,-0.3657721408,0.2141337096
-0.2357495704,-0.3922096487,0.2239461621
-0.1455650612,-0.4325385553,0.2174928926
-0.0193764038,-0.4665432587,0.2153436148
0.1409349179,-0.4513169706,0.2070317576
0.3125683355,-0.3851436539,0.1839325672
0.4585152451,-0.2378142973,0.1590980219
0.5464673722,-0.03110094048,0.1276447487
0.5260478148,0.2045908635,0.08565939726
0.403571391,0.4121056818,0.04624459747
0.2082644329,0.5456043614,-0.007414383321
-0.02923073912,0.5835078757,-0.05764101241
-0.267318614,0.5125815382,-0.1004367803
-0.437961071,0.3376759207,-0.1395763659
-0.5178178563,0.1225617753,-0.1804183254
-0.4948003741,-0.08911167202,-0.2036256353
-0.4108390226,-0.2599602542,-0.2247198151
-0.2881953317,-0.3718812224,-0.237159961
-0.1650205143,-0.4344682302,-0.2455223221
-0.06298540439,-0.4556685958,-0.2430642643
0.004782841433,-0.4687631361,-0.2348210047
0.03664387918,-0.4816101359,-0.2190370176
0.0337878217,-0.5148429848,-0.1900129613
-0.0118905163,-0.5474235662,-0.1514077678
-0.08662609037,-0.5650103443,-0.09649848378
-0.1629556003,-0.5543508737,-0.03191365093
-0.2275863537,-0.5273441799,0.03769996534
-0.2851407012,-0.4775313285,0.09005929028
-0.3151549007,-0.4181738601,0.1437457252
-0.3212875444,-0.3778094232,0.1849108735
-0.3054788091,-0.3658417833,0.2018589566
-0.2595267152,-0.3781199511,0.2141471843
-0.1901689929,-0.412483756,0.2275119759
-0.08838040321,-0.4496979496,0.2211500795
0.04897641968,-0.4609037454,0.2209432256
0.2023213635,-0.4305270926,0.2029320594
0.3554512204,-0.3398663025,0.1944563611
0.4719886907,-0.1894290558,0.1700789586
0.5334312519,0.003892201131,0.1466021378
0.5114030888,0.2126650392,0.1071157341
0.408366918,0.4050461627,0.07580064506
0.2324134942,0.5296718149,0.03341644149
0.02679846567,0.587969364,-0.007986557215
-0.1890405024,0.5583693017,-0.04703847466
-0.3783029581,0.4389815202,-0.08304170683
-0.5061196902,0.2556393463,-0.1247170112
-0.5449754832,0.04116789418,-0.1604747318
-0.4953752343,-0.1608707216,-0.1841078526
-0.3876170563,-0.3218310969,-0.2121490913
-0.2395898774,-0.4232083222,-0.2292908818
-0.08338909013,-0.4653137428,-0.2392549209
0.05619478117,-0.4612204573,-0.2488980086
0.1668249966,-0.4266969967,-0.2457924314
0.2456394934,-0.3863323638,-0.2482337873
0.2994911229,-0.3589659789,-0.2357489974
0.3317676276,-0.3563511135,-0.2150016887
0.3453512401,-0.3875413875,-0.1902174457
0.3284354146,-0.4370075571,-0.1380901496
0.2872353234,-0.5004592805,-0.08543752363
0.2239773281,-0.5384138244,-0.0285239303
0.1584947879,-0.5497482547,0.03539264017
0.09003993283,-0.5540009424,0.09325147419
0.03099823499,-0.5273227589,0.1398343334
0.003417498926,-0.4940351099,0.1799894519
0.008166744986,-0.4786348081,0.2041596508
0.04803986287,-0.458784783,0.2140062889
0.1184523254,-0.4344924315,0.2269918673
0.2126008979,-0.4007334499,0.2288584326
0.3179924224,-0.331060275,0.217939779
0.4158912451,-0.2179683519,0.2093297275
0.4817833523,-0.06223660813,0.1966660243
0.4864861261,0.1221375293,0.1769773827
0.4214935073,0.3089730001,0.1609031352
0.2839657709,0.4599029407,0.1305914263
0.09485919892,0.5529491511,0.09930392849
-0.1176737247,0.5637247391,0.06327327889
-0.3130824288,0.4906372918,0.01728518655
-0.4716397539,0.3528537759,-0.0219315007
-0.5660197007,0.1591830198,-0.0593212219
-0.5691333607,-0.06089152101,-0.0943538175
-0.4886561449,-0.2622495283,-0.1322579503
-0.342506705,-0.4121636158,-0.169663184
-0.155735629,-0.4910925286,-0.1896208022
0.03383362334,-0.4940328933,-0.2114689632
0.1959500436,-0.4336151697,-0.2326554348
0.3235251092,-0.3394744387,-0.2460916308
0.4033726688,-0.2252253115,-0.2515193393
0.4375977965,-0.1171755651,-0.24917339
0.4613401618,-0.03689404706,-0.2499909456
0.4714263354,0.01594930657,-0.2392350679
0.4868745466,0.03835891782,-0.2162521338
0.5205320854,0.02881264184,-0.1873919032
0.5515490629,-0.0142359489,-0.1355271856
0.5690821244,-0.08402445709,-0.08785225622
0.5581370931,-0.1498105912,-0.02642913791
0.5362620634,-0.205624053,0.03924388667
0.4936320895,-0.2573630735,0.08873120187
0.4419257296,-0.2868990574,0.143305369
0.4054133961,-0.2996407081,0.1782537157
0.3822721398,-0.2778734724,0.2047698455
0.3907427612,-0.2439098511,0.221622191
0.4126959823,-0.1866249844,0.2244212201
0.4376260318,-0.1020700524,0.2319278673
0.4453444364,0.007149868396,0.2325791268
0.4312589458,0.1349064968,0.2285921514
0.3738120687,0.2702839041,0.2138183908
0.2698459736,0.3982860548,0.2059953856
0.1107976752,0.4803652599,0.1905971993
-0.07421121881,0.5066772467,0.1693909744
-0.264948893,0.4682293935,0.1437238645
-0.4249596025,0.3484738864,0.1115735181
-0.5423003561,0.1836540617,0.08099277301
-0.5778081908,-0.01379608458,0.04354004155
-0.5492838414,-0.2117160732,0.01353153258
-0.4461523807,-0.3817590206,-0.01944195365
-0.2876669414,-0.5047457469,-0.05637754754
-0.09287076574,-0.5668030795,-0.0990533995
0.114374175,-0.5479415267,-0.1328869607
0.2953506398,-0.4543337025,-0.1635337605
0.4278221633,-0.3057377253,-0.1861611929
0.4832489398,-0.1260744403,-0.2109384468
0.4782309707,0.05153061477,-0.2257936815
0.4188582029,0.205117186,-0.2392477163
0.324133773,0.3213068411,-0.2471562883
0.2181392767,0.4004647711,-0.2562189655
0.1133717348,0.4387925941,-0.2589895098
0.02853833663,0.4532007478,-0.2563103203
-0.03114975601,0.4663368872,-0.2400092194
-0.0559186953,0.4759961663,-0.2249847001
-0.05104430445,0.5041568316,-0.1928097869
-0.01066551506,0.5392231889,-0.1491208457
0.05844586281,0.5625679114,-0.09485509488
0.1331099106,0.5651704518,-0.03184684644
0.2018780382,0.5466683969,0.02523231525
0.25693062,0.5014419164,0.08933676807
0.2960941684,0.4422640311,0.1331266228
0.3082120483,0.396641597,0.1804571008
0.2939966532,0.3693755046,0.2007574979
0.2604476865,0.3716054635,0.2199575715
0.2067407693,0.3941868393,0.2315004682
0.1311632725,0.4232234861,0.2289728332
0.02258619321,0.4429548407,0.235746894
-0.1064573453,0.4338270326,0.2280920138
-0.2497231939,0.391817299,0.219747963
-0.3783892493,0.2835757434,0.2040865218
-0.4802887503,0.1321773536,0.1877961862
-0.5156862633,-0.06023069677,0.1654971265
-0.4671611863,-0.2574888913,0.137124456
-0.3544898591,-0.4324145526,0.1043830243
-0.1752162545,-0.5483575571,0.07432283531
0.03087526499,-0.5782256092,0.03213965148
0.234107078,-0.5404711525,-0.006312578235
0.4094974491,-0.4245824894,-0.04292953975
0.5274718363,-0.243786096,-0.07787645442
0.5682618875,-0.03108392266,-0.1215159868
0.5145415503,0.1754738477,-0.1543307019
0.3950515446,0.3414978081,-0.1835366826
0.2318271723,0.4520983959,-0.2078351392
0.05011537672,0.4820914692,-0.2299892393
-0.1175382549,0.4534758908,-0.2445844511
-0.2521841271,0.3803152991,-0.2545371988
-0.3460253479,0.2845225791,-0.2541916775
-0.4022188011,0.1920370977,-0.2558840147
-0.4351435824,0.1178509359,-0.2505479317
-0.4605893998,0.06669351096,-0.246980897
-0.4803795323,0.04020961942,-0.2221139377
-0.505276806,0.04600680267,-0.1947367923
-0.527280702,0.08550461286,-0.1569632703
-0.5428760216,0.1525782117,-0.1116766023
-0.5335967036,0.2233978014,-0.05296749437
-0.5056334004,0.2791755276,0.01431450599
-0.4611133893,0.3265593134,0.07279871949
-0.4028276297,0.3585609538,0.124453286
-0.3534159549,0.3718674112,0.1683979129
-0.3230346531,0.3653585518,0.1932091752
-0.317142803,0.3359945495,0.2181301819
-0.337163326,0.3012554907,0.2248381083
-0.3666158321,0.2409358719,0.2371153038
-0.4055028155,0.1643565046,0.2408486673
-0.4366692733,0.05839427369,0.2396425903
-0.4403336449,-0.0695521255,0.2287687932
-0.4060666816,-0.2056770963,0.2227176251
-0.3244238798,-0.3360236242,0.2187918182
-0.1946945912,-0.4331970096,0.2043627657
-0.03816108876,-0.492805184,0.1849093503
0.1361604537,-0.4958288219,0.1689779124
0.303693642,-0.4361366871,0.1499132437
0.4420345647,-0.3228136621,0.1277777853
0.5351895635,-0.1694083809,0.1054802024
0.5664511025,0.005083048598,0.08249161091
0.5518279017,0.1769906141,0.05708012377
0.4776952434,0.3273080167,0.0261576599
0.3720373332,0.4556996003,0.0007491142716
0.2280498544,0.5435346474,-0.0205823393
0.06101070131,0.5812820722,-0.04524859317
-0.1129056291,0.5647945488,-0.07672214846
-0.2838021674,0.5002888431,-0.1029636107
-0.4174511096,0.3732204417,-0.1273432226
-0.5018289165,0.2127225757,-0.1520815015
-0.5276306404,0.03641309007,-0.1745242338
-0.492665038,-0.1343791714,-0.1946362154
-0.4054413489,-0.2789244952,-0.2145366709
-0.2839587049,-0.3860291185,-0.2331766608
-0.1408796518,-0.448531024,-0.2450445801
0.00423325851,-0.4598271154,-0.2538610128
0.1321753632,-0.4285435667,-0.2543173991
0.2346693993,-0.3786010759,-0.256514531
0.3087267297,-0.3228880799,-0.2562236146
0.3643823874,-0.2744747161,-0.2465333001
0.3993897907,-0.2391907324,-0.2368683535
0.4264601724,-0.2269431339,-0.221022827
0.4529802392,-0.242132335,-0.1901413957
0.4634194277,-0.2853833787,-0.1529141949
0.4507347388,-0.3438640712,-0.101420846
0.421216237,-0.4014165202,-0.04545681841
0.3787615981,-0.4438316159,0.004246633934
0.3262161547,-0.4686507004,0.05976622904
0.2661599086,-0.4750722999,0.1117631655
0.2207416976,-0.4738984232,0.1576746785
0.1951283327,-0.4513203431,0.1909210281
0.1981239471,-0.430759634,0.209719033
0.2250758612,-0.3993676406,0.2240406325
0.2704121656,-0.3595757224,0.23097911
0.3203368301,-0.2986626999,0.2324777556
0.3757287701,-0.2249523098,0.2389103864
0.4219646905,-0.13255715,0.2381600431
0.4431036894,-0.02057159913,0.230292567
0.4369371707,0.1027820379,0.2332195949
0.3966785951,0.2233796531,0.2282008174
0.3169283126,0.329464959,0.2176163685
0.2119099392,0.4135212232,0.2132018823
0.08875824591,0.4683146337,0.2015152532
-0.04683693866,0.479396986,0.1983043294
-0.1750363718,0.4569143635,0.1879719716
-0.2904220653,0.406773664,0.1860585942
-0.3781281865,0.327583471,0.1775609423
-0.4433760832,0.238578496,0.1736032909
-0.4814379198,0.1500104644,0.1752358451
-0.4960349592,0.06961268786,0.1779850263
-0.4980873333,-0.0006393290389,0.1786813708
-0.4827521501,-0.0597835696,0.1893554083
-0.4682755486,-0.09903201766,0.2051637304
-0.4458415565,-0.1126691224,0.215948911
-0.423712042,-0.09978960043,0.2398752481
-0.4015430085,-0.05364048987,0.2544027497
-0.3686117225,0.02672068673,0.2787319461
-0.3057839919,0.1455977686,0.2948119235
-0.1432216696,0.2649267618,0.3066922801
0.1555362118,0.2069327295,0.314759663
0.2304129925,-0.07808547493,0.319869677
0.09317944201,-0.2120591881,0.3207171094
0.006522321556,-0.230236249,0.3244345876
0.01617006568,-0.2279776723,0.3339817181
