99.99338010699934
100.0225542002421
99.97047388922432
99.98700139890369
100.0462876242329
100.0003399660035
99.98306032154987
100.0451384328723
100.004496760637
99.96959198166495
100.0269530406227
99.98774826122016
99.94002129521725
99.99035098675142
99.96078583858164
99.89706774719912
99.92997374329688
99.92826562485172
99.84916833699089
99.82210781798457
99.84674060351669
99.82670943209446
99.75614152394506
99.69350263567301
99.66340877152216
99.64658665605967
99.61998110227637
99.58682553649749
99.54295481283555
99.48464501940074
99.41795731240164
99.35467002688846
99.32788174789719
99.32522272883702
99.23783192599628
99.15569359119617
99.16614188733865
99.03563716383077
99.05500278630322
98.93795819288277
98.89024331406743
98.88365279957719
98.80787048873927
98.71648220758998
98.6453582004138
98.58433239109101
98.53431684418385
98.50196019030922
98.48342196155899
98.41903958875336
98.30372865505801
98.30070226476842
98.24796073003751
98.17077767438599
98.14961315857876
98.10140125303494
98.00779676650581
98.03175466728284
97.98063865586796
97.88832899994918
97.83358659978178
97.81075645825472
97.79590245954932
97.77314733385683
97.74210615893411
97.70222591947503
97.6594699621897
97.61516006768932
97.58355813943568
97.58227198122998
97.60389815708314
97.60984070890184
97.56446670615435
97.50584498841252
97.51061400454974
97.56288362084354
97.56112036553431
97.50157924300269
97.4931580041472
97.5537443243151
97.58279934782736
97.54721953257696
97.52208391377751
97.55475008805746
97.61256570944629
97.65144781730811
97.66275399797026
97.66101091793765
97.66817698438061
97.68540122808476
97.71345750515128
97.75225328554201
97.80493955512324
97.86577396303871
97.91247503236211
97.91235995321725
97.90977674083305
98.00390034381242
98.06436676571631
98.04299667885125
98.17059074595397
98.135671686618
98.26303058484973
98.26378112787623
98.29634094092603
98.40272856645734
98.46915087954804
98.50386748431482
98.54306040441982
98.59951473571078
98.6686023805637
98.74271106139484
98.78039238084475
98.78192787898949
98.86575962825857
98.95246513330777
98.94464908367368
99.06531794349505
99.06246229105103
99.13381785444288
99.22484907633294
99.22608912899675
99.25152856128187
99.31786316416525
99.38463110181586
99.44177167301
99.48737822783043
99.51999847783257
99.54410659975326
99.56129426884254
99.5835396252962
99.64002188548528
99.71407297647485
99.73957192817829
99.71368316435483
99.74026088023548
99.81938706410426
99.81437196298205
99.79006243866979
99.8638490391411
99.86791475899406
99.831391593734
99.90393681585947
99.89566939761555
99.86207678864751
99.93389829204325
99.90456286733419
99.87918577428162
99.94513605824928
99.90167079349514
99.87559829648445
99.93461826095151
99.89420207855981
99.85044669154432
99.89816991982624
99.88955752018572
99.82044034304748
99.82227998485259
99.85984243343935
99.83293130601734
99.76589890686267
99.7346514606066
99.74499821051295
99.75600320575865
99.7396924885975
99.69650825946037
99.64796018241567
99.60424989400693
99.56802148689462
99.5322096472085
99.5017880149412
99.48069759214177
99.46384184331072
99.44256901476959
99.39638136042375
99.30763620429077
99.24925849188426
99.26591562692055
99.20025765182699
99.11585678199725
99.13534493512263
99.01143244494325
99.03706981100797
98.92842455330076
98.88887888589471
98.88807364470246
98.79895433804487
98.71237476918013
98.65780528156668
98.61729482956004
98.56795568640732
98.50935454534851
98.45086862145462
98.41605948525653
98.41617046416368
98.36442814188449
98.25211135541979
98.26629736330939
98.1867419976209
98.15716486986635
98.08982641150251
98.09534822013886
97.98333929627175
97.98048561864566
97.97929823033503
97.90686476466674
97.83135535228557
97.79098661780577
97.77262981497388
97.75554571991221
97.72901644633521
97.69776661499509
97.66206698074895
97.62729525641895
97.60087816510325
97.59603121491101
97.61500250957481
97.63044393416662
97.60479229284584
97.54647089799828
97.51996582865871
97.55862313052567
97.5965774940272
97.56561993778011
97.51943815097736
97.54333858292776
97.60436599562485
97.6131328433689
97.57385465450055
97.56257742860716
97.60598404154487
97.66429795463733
97.69648503316198
97.7004680807441
97.69817847907755
97.70493364195271
97.72185976523774
97.74831024234379
97.781277331182
97.82689269845334
97.88463536234266
97.94823517744375
97.99008923761853
97.98590691882629
97.99441594001463
98.09827378360791
98.13663972627573
98.13242188280955
98.25306807119095
98.22310780362899
98.34441823782471
98.35111197698866
98.38405807098486
98.49857545473326
98.54280441186857
98.55552375434877
98.58738824458445
98.634712625259
98.68947470079442
98.74935127299786
98.82938802402533
98.92045597036342
98.96919800548119
98.9625393106375
99.04788630896306
99.12348439818599
99.11931276409378
99.23461271388894
99.23003384192725
99.29952314222207
99.37890952738469
99.36076754703676
99.4230651900081
99.5152123722122
99.55584834229033
99.56951213633671
99.58427034760719
99.60727391690753
99.63933429097871
99.67450909134602
99.70651409514039
99.74093148375879
99.7845194311452
99.83647342298426
99.88524393929495
99.91503319576879
99.91323532576263
99.89605690290176
99.90803298466976
99.96736880475245
100.0131159532471
99.98716073077864
99.96145212084498
100.0157536193874
100.0578357872592
100.0102555411535
100.0106810898455
100.0763417085216
100.0454465869974
100.0109546754238
100.0733877157348
100.0524039461872
100.0010460884931
100.0555840328875
100.0374094918294
99.97510952129547
100.0194765331145
100.0099667355699
99.9376168691154
99.9604517070606
99.97410305355073
99.8984470523524
99.86135530456249
99.88622945992445
99.87276291557527
99.80401030933808
99.74020765888747
99.71248708856547
99.7011883755624
99.68019644070777
99.64783563558453
99.60863194499412
99.55705144393676
99.4939941300633
99.42074249218587
99.35951220195861
99.35031421108935
99.32806514593022
99.21163527106646
99.19517267281182
99.13311030319797
99.07699447405055
99.00149921247794
99.00134195037278
98.88563849838812
98.81396396758871
98.79147126502392
98.76074524209788
98.71321052319489
98.65283492357807
98.58069017423846
98.48982449869284
98.41650600391094
98.41414691012264
98.37818785574981
98.25681656705551
98.28722051111494
98.16043483447032
98.19308503143782
98.07223783118718
98.05565022902982
98.05734515685027
97.96885703935686
97.89292178119456
97.86352874606118
97.85037122338214
97.83565678850627
97.81065392027581
97.77828022727854
97.73925935792062
97.69695944479707
97.65097635579383
97.61655960794886
97.61211217033318
97.6340340702393
97.64763184638549
97.61325995095426
97.55343852838237
97.5417387389742
97.59082584693368
97.61731663381991
97.57581625592489
97.53866444267773
97.57139184104618
97.63033549139733
97.64289041543242
97.61202550977923
97.59050024229627
97.60903895865791
97.65387707107858
97.70014238002106
97.74115475319108
97.77351389164086
97.80222340190815
97.82884298977693
97.84821282494384
97.85531377609328
97.86137011485644
97.90324553523332
98.00021894483201
98.0446074711306
98.01836274832849
98.12971997622934
98.13777908410395
98.20688506803918
98.22166278700158
98.33185522078811
98.31577990393515
98.37023355689779
98.46999481183015
98.53917475993494
98.58660496870851
98.63841522141659
98.69819555827428
98.75490131604474
98.78264121057806
98.79073126033397
98.87822581352626
98.96757614268586
98.95384032052642
99.08079554600134
99.06097178319978
99.17282049474865
99.21354146758452
99.21590842170924
99.28999083726831
99.37575978446733
99.43122067055249
99.47078122632094
99.51162978799526
99.55354488632686
99.59830534759183
99.63861401515879
99.6542742513107
99.65249605298642
99.66867889567069
99.73167814716847
99.79563724788858
99.78768578166171
99.77359451420841
99.84561299437635
99.87873448735965
99.83327507505592
99.88361824864363
99.92507259101724
99.8726620079354
99.92408945357575
99.95170857079115
99.89610316938686
99.9539843322474
99.96004593174065
99.9056909658208
99.96436836823058
99.95631644807615
99.89851558761673
99.94850286753983
99.94780782921521
99.87956792457463
99.89999072019685
99.93054760254739
99.87233353216963
99.83012408364996
99.85888961836858
99.8732405167856
99.82490487017975
99.7633920965298
99.73611894267117
99.74062896246168
99.74391541383709
99.73000212063761
99.70318920949038
99.67166277806129
99.63765170663559
99.60296024140712
99.5727062816382
99.54004574260019
99.48979254988382
99.42038350523831
99.35062922755679
99.32497999408329
99.33429620379113
99.25227764378937
99.17851281424946
99.20028558383214
99.07592501022341
99.10211409243553
98.97962939957986
98.98725185884599
98.93084098180162
98.82705817907626
98.79986013264369
98.78573135290216
98.74783560043052
98.69827178833945
98.64628942623636
98.59584025358191
98.52666506796443
98.43525395808673
98.37237569043391
98.38409249212678
98.32246752969644
98.23210205904606
98.25536695524468
98.13644738701281
98.15996251139725
98.07708541829462
98.01958536075442
98.04159796346364
97.98208727842152
97.89984917097203
97.85742004453942
97.84649468659762
97.83927936204427
97.82323292912666
97.79689909935803
97.76738394632329
97.73312324441966
97.69385522925771
97.65165888606657
97.61940858785024
97.61643461855235
97.64165718127904
97.660865616449
97.63584370288716
97.58057580073138
97.5602266822128
97.60123787960406
97.64145351595597
97.61997686486613
97.57511873664617
97.58187105582401
97.63769919838923
97.67756387148258
97.66998358532156
97.64482195282213
97.64038512925782
97.66525576818917
97.7077015002765
97.75307289376339
97.7918868804737
97.82494797607478
97.85142435723313
97.87273965213889
97.88618494020656
97.89637418625728
97.92737744178244
98.00885434835118
98.08648344293651
98.07522685282422
98.10178241231885
98.21528736546861
98.18294300655151
98.30325740962211
98.27722122261066
98.40459601040061
98.39880044067384
98.4379953861021
98.5460158386532
98.60563560607333
98.6332100568065
98.66577707035063
98.71349185774802
98.77531971681579
98.85072397423936
98.92784166299319
98.95879015225285
98.95889252036589
99.04473395412833
99.12818395440237
99.11267508603488
99.23803617410778
99.21546347369339
99.32869414446816
99.34194742095501
99.36490485162767
99.46772384194564
99.51026289329158
99.50629250346009
99.52903730437167
99.58291216963971
99.63937566994476
99.68784995068511
99.73123657300975
99.76342898073072
99.7855062967437
99.80172427261114
99.81478596173876
99.82887916120451
99.85778064704816
99.91027353198106
99.96663482846486
99.98750670416858
99.96291830725812
99.95262867932686
100.0051710170949
100.0558624007664
100.0265917506475
100.0024352707986
100.0640791260675
100.0882474382199
100.0322446644008
100.0575441950485
100.1082413577217
100.0510445000173
100.0488691531208
100.1035921562824
100.0466082132319
100.0293882125812
100.0808336694678
100.0245271521836
99.99259942941994
100.0411458920919
99.99808233217736
99.94039630248483
99.97165204311676
99.96399389229207
99.88649505973926
99.85162084572566
99.86916699059931
99.8605575812296
99.80454425127539
99.73999079855045
99.68719416098838
99.64151436414876
99.60192643612778
99.55996235935866
99.5126567113976
99.47415276866391
99.45388437963169
99.43950654165683
99.37255858932481
99.26638630944606
99.26876924180051
99.19971998215347
99.1308422318578
99.08989149444979
99.04770939495671
98.9360011399577
98.92910582650599
98.89857458196579
98.81906758882634
98.74106192077193
98.67636707928267
98.6266804807547
98.59330379002201
98.56259046708702
98.48679487674853
98.37779541779733
98.37617345788833
98.32996943860903
98.2381371008852
98.2431290330734
98.15771636441026
98.10689827017798
98.12197968887003
98.02197797463634
97.95492671615132
97.95386111716145
97.95110984613277
97.92328537746228
97.88703084700812
97.84994554032359
97.8196005607924
97.7953173765235
97.77617712127572
97.74901907667564
97.70510081462238
97.65278469807245
97.6132609577573
97.61429302433292
97.64793795078312
97.66056036958359
97.61932660644398
97.57031171013247
97.57965449665731
97.63344281156795
97.65600379215189
97.62318344738171
97.58902104741723
97.60136005855443
97.64984520422519
97.69732333092077
97.72088551223057
97.72449557748874
97.72880452921764
97.74037730990153
97.76085680426901
97.79414802465952
97.83709612669627
97.8912700828035
97.93815882964574
97.95203386753779
97.93903665990945
97.98586066802805
98.09189146152764
98.07723139427894
98.13441596816332
98.19843249962902
98.22233901940909
98.26937962565961
98.3636460840374
98.35124338040681
98.40056987324982
98.49585273300548
98.57095229353226
98.62722386849143
98.68235020325041
98.73198218448636
98.76390873448614
98.77509887382014
98.83604427994257
98.95182682329941
98.94795458477932
99.03076457693814
99.06633948927636
99.15041646996649
99.1437196473123
99.25344426929971
99.30859809786766
99.31212189120171
99.34157661020589
99.39201245557349
99.44728484363472
99.49449110998961
99.52887328589593
99.5587118012174
99.59271897457984
99.63958962711168
99.70884692382006
99.76307006619609
99.7588011720682
99.74485826951828
99.80489056667454
99.86506602661321
99.83492018510491
99.84546416295626
99.92009070167289
99.89069932271033
99.88545026599874
99.95912690288752
99.91998182896039
99.92095071131975
99.9856081078341
99.9311978021437
99.94321470655935
99.99416853088083
99.9302587306274
99.94285245889503
99.98643978817543
99.92159131881556
99.91563177861003
99.96321784219656
99.91675190921192
99.86720676578202
99.90162181905187
99.91566493897743
99.85720143347689
99.80803437819942
99.81376865295353
99.83209427049046
99.8168686789373
99.77118297398449
99.71666478498533
99.67155089408156
99.63813754008561
99.61168233397818
99.58128546368765
99.54537297590338
99.50926802896868
99.47756538891112
99.45591278847846
99.45116923315368
99.43190311671476
99.35061210179126
99.27069277996769
99.281989236475
99.22770764127819
99.14298452128384
99.15583993498277
99.04122830663766
99.04829207009078
98.97735777602597
98.89083343904282
98.8948766736123
98.86082386853087
98.77971318093208
98.70241917958714
98.6429862650553
98.59243116301631
98.55713272648164
98.53570820812082
98.50972033115941
98.42641252261218
98.332408427953
98.35101725563359
98.27719955240582
98.22159424065894
98.20035430476422
98.14863819659041
98.07588337109476
98.10514995106453
98.01281077827605
97.94558322863089
97.95511281102142
97.95334781239048
97.91750260774755
97.87004618294785
97.82779299299335
97.79100865102265
97.76549220802818
97.75069646769734
97.74554327138181
97.74316059173842
97.72746234413826
97.69114394084249
97.6408308773056
97.60516626735652
97.61195171135385
97.65038949901492
97.66888993922581
97.63582756613411
97.59074276325943
97.59464805799762
97.64498755812826
97.68170677892667
97.66987512559029
97.63834924579629
97.63183989214723
97.66169884400333
97.70851813201155
97.75230126059157
97.78744721878135
97.81351151760775
97.83817751048119
97.86573393970082
97.89617898140816
97.92731863903467
97.94541413251814
97.9451078103656
97.95199111299769
98.01664947287496
98.10988432815799
98.10976786040729
98.12589959464032
98.24070701432785
98.20680516477371
98.33314892012058
98.30199055988844
98.41922352318647
98.44948548039517
98.45261287559043
98.53740886935421
98.62665274206438
98.68522302281099
98.73133877125251
98.78424894239188
98.84252720419011
98.89483907455076
98.916251805408
98.92606603645115
99.01037474877221
99.10373027862745
99.08557427319298
99.19761292300974
99.19741083134369
99.30334718208456
99.2805081976641
99.39633089270065
99.42394692561366
99.4194701000379
99.49684464881894
99.57613840799935
99.61788523256163
99.63780549719101
99.65421578652959
99.67714356960303
99.71005989587452
99.74392907885873
99.78071771650383
99.82492364376969
99.87474033466357
99.91617105538802
99.93401683936796
99.92569567056066
99.91372791319965
99.93719144065568
99.99992404950366
100.0396216479286
100.0109719492596
99.98930502752873
100.0449095268138
100.0863613614925
100.0406222840884
100.0392984594761
100.1060113675059
100.0808236326929
100.0420328012835
100.1036339512654
100.0920832378002
100.0357018257762
100.0875442000367
100.0800597073088
100.0137895454976
100.0542677481272
100.0533696721744
99.97936649010036
100.000330326276
100.0183237200578
99.94371987123321
99.91028479218477
99.93759829623514
99.91708937781345
99.84453106010886
99.7931470723221
99.77983274421771
99.7769657817078
99.75797198208564
99.71874933108052
99.67802495167898
99.63613625662968
99.59021023480932
99.53631093386225
99.45901458420485
99.37549350010664
99.34903892694921
99.34560993062105
99.23408937742887
99.20594280865423
99.14942582269009
99.09788954210336
99.01097549056368
99.01939309591856
98.91920254452826
98.82856708971221
98.78740978668077
98.75393313386155
98.706456375832
98.64243642310019
98.56523341166239
98.49277239998003
98.47121947167709
98.46714459801221
98.35834815033775
98.31493530840758
98.29924952614357
98.20721799298201
98.1917516880463
98.15525071368663
98.05254720888514
98.06700138608161
98.0485148321913
97.9686856674743
97.89676804311229
97.85550725494252
97.833344451855
97.81096196226812
97.78397884115105
97.74965925612932
97.7154871652576
97.68726647713302
97.67128925197734
97.67803037254775
97.69972365662447
97.70543552811647
97.67212679171877
97.61629715084212
97.58884592082347
97.61622598178143
97.65999821510289
97.66181174971824
97.62091167290936
97.59066938367273
97.60720990931746
97.65491018540824
97.69722287911573
97.71412115764839
97.71114819570691
97.70864751489351
97.716121636715
97.73217364119799
97.75850973963651
97.79396596925797
97.84261284189078
97.90103921424156
97.9507133796978
97.95814211335149
97.94525438976143
98.01101804271316
98.10372185491786
98.0711956557804
98.17214135372278
98.17838695015784
98.26678446557651
98.25192643744981
98.37104688019144
98.40330808288486
98.40247624732712
98.45851029261424
98.53393270678048
98.59887407287898
98.65022156252843
98.6851492934473
98.72188263750743
98.79546133704081
98.90347986731619
98.91578451358818
98.95664582773064
99.0574738956676
99.05561851338815
99.14580752583743
99.20401820179158
99.2006188114466
99.28256089299362
99.36764870523133
99.41207870675002
99.43729773260299
99.46977520254947
99.50979274318962
99.55553322542902
99.61035286796377
99.66372724150251
99.69324469984232
99.69415741928975
99.6938836922087
99.73955858784456
99.81264304413021
99.81823295761828
99.79353924356143
99.8565617076783
99.90029755341517
99.85284942755499
99.89393777336879
99.94340255658133
99.88987845480803
99.93365022255047
99.9689378890693
99.91040519345528
99.96205051518018
99.97667449799434
99.91736349029881
99.97038743049369
99.97226675435493
99.90906804350568
99.9518267453201
99.96280253958093
99.89242610459603
99.90034609956356
99.93884072781464
99.89143009616787
99.83781014381049
99.85513087437954
99.87834521486283
99.8444048208348
99.78148085031982
99.74057333948532
99.73339878627722
99.73418564337305
99.72650797126551
99.70800209636494
99.68290090350993
99.65082562440585
99.61581239040871
99.58078338149525
99.5369139839256
99.47444667381106
99.40496243055668
99.35959742427481
99.360028344963
99.34147455678485
99.23376506624228
99.21435957325725
99.19315859723062
99.09369621586465
99.10218802544445
99.01055903525466
98.9650545628395
98.96411127282643
98.86000311431603
98.78956773785862
98.76548282831004
98.7404971688522
98.70182359235783
98.65015463031995
98.59012044829005
98.51232151202683
98.43552891963344
98.41189721198653
98.41656734999911
98.31688175613746
98.27111734863793
98.26494837076808
98.16791354227036
98.1720137114511
98.11253640506381
98.03792505827037
98.0659251299717
98.00860244894663
97.92364748115314
97.89097043714254
97.88818111023436
97.88446410390905
97.86952968406915
97.8449359012837
97.81815317990058
97.79354358687141
97.76776723628655
97.73682783330983
97.69716778188155
97.65361688594508
97.6264643768066
97.63142715541458
97.66209538633348
97.68430145613425
97.66612389271917
97.61980575839527
97.59501412784728
97.62050043200118
97.66913362076048
97.6922316646222
97.67567371824659
97.64807741015549
97.6426188977983
97.66651524466164
97.70669846624639
97.75128423611116
97.7885562232249
97.81918234572824
97.84702659729386
97.87183630524991
97.89493444229913
97.90908888159798
97.91283233304004
97.92359135199378
97.98351618224358
98.07563858739819
98.09583595748805
98.08152608305988
98.19465553892834
98.19910197380061
98.25696375403633
98.29627476563361
98.37170294822678
98.36036881283636
98.47504957015428
98.52508445278077
98.52441252898213
98.5616725208274
98.62506811042431
98.68693570619357
98.73931509562912
98.78030864320853
98.8262400650403
98.89958927684845
98.99921264783329
99.03468085599769
99.03370039311496
99.15767499686947
99.14938130557924
99.2479466249643
99.24446842568301
99.35817300570244
99.34370869466588
99.40000724233873
99.49537437317747
99.51837719566582
99.51591292322188
99.54789870676362
99.60226906862955
99.65571006041991
99.70222572828779
99.74293038467781
99.77148513181176
99.79096308879117
99.80622909618332
99.82009494368482
99.83878139716788
99.87700798780702
99.93428279052418
99.98177333287518
99.98456431257331
99.95626802746249
99.96665164308006
100.0306215021377
100.0578008085339
100.0142565449118
100.0179543373947
100.0867297988743
100.0767292983475
100.0303868890183
100.0845022284959
100.103761650373
100.0405761861387
100.0742771238611
100.1027681254497
100.0328357930603
100.0529280258559
100.0821394317634
100.0086433086003
100.0133113904681
100.0480834558428
99.97955921344308
99.95226725937248
99.98967004766355
99.95086231090994
99.87634508356601
99.86839676541726
99.88677030985241
99.85668274871666
99.7888623450315
99.72856536401231
99.68626441885483
99.64862551372013
99.61280965102263
99.57057618561579
99.51886217276098
99.47123186869669
99.44216252563245
99.4338930541719
99.39036072366341
99.27831319790279
99.2574559778591
99.22315117399654
99.12128616864865
99.11552873467231
99.03535019679229
98.95300140724544
98.95666267148093
98.89682422707045
98.8032352257931
98.72794783880325
98.66745586775805
98.61283657818564
98.57183074267023
98.55185493853554
98.52454496113012
98.42399262705071
98.34876044322196
98.37099091778495
98.24679357227024
98.27007137875792
98.14958206343174
98.18260891192948
98.08659337251818
98.02683894068895
98.04513942572439
98.01552858690563
97.93948199892041
97.87210171286854
97.82985571535558
97.80101323160456
97.77404521236616
97.74491803406639
97.71619285602802
97.69598765605522
97.68845248948644
97.69488565110363
97.71158976596175
97.71680972642416
97.68905956521279
97.63781764153806
97.60152056172204
97.61097720297066
97.65163697943586
97.67586665556729
97.65732306117238
97.61870957623174
97.60096262363089
97.62203824559873
97.66595241969159
97.70785001303049
97.73837205531939
97.76118193394339
97.78021463732108
97.80161226275166
97.83059165708173
97.86078805130659
97.88749043087743
97.89482923448213
97.8892744978922
97.91361137710075
98.00654984516218
98.06233662432358
98.03064045287759
98.13585880282788
98.14830885252957
98.2099113003041
98.22845433041208
98.3335066296341
98.31320778025972
98.37566157886691
98.47436291741764
98.53426002283672
98.57328891868042
98.61946592126705
98.67915635088303
98.74526615004085
98.79598623348582
98.80217116323222
98.83793668325255
98.95789039635177
98.96074353651315
99.03992692575893
99.06909395998919
99.16563856673143
99.15048905304461
99.24287753694769
99.32216275573683
99.34102121756422
99.35708274239391
99.38946229888919
99.43335394289272
99.47544908199384
99.51435665679794
99.55978878831937
99.61597633768906
99.67885330878177
99.72760988292201
99.73144712709103
99.71754295217973
99.76435586637263
99.83632117769397
99.82447525698147
99.81158534848635
99.88684308471066
99.89295424022528
99.85540383325963
99.92636048566968
99.92846967628336
99.88968131664458
99.96150401072221
99.94404167041361
99.91134007048682
99.98057285947097
99.94477258693851
99.91674065139675
99.97846531574447
99.93800269167454
99.90027852420098
99.95449889821371
99.93242229648499
99.86931271175628
99.89414525635435
99.91996070850618
99.86559117883913
99.81636966539597
99.82849406213289
99.84838112241526
99.82314257286028
99.76623296079907
99.71728257265831
99.68765005154545
99.6713745465058
99.65825906441324
99.64206514650891
99.61481916565882
99.57784280016081
99.53456231160685
99.48363813481588
99.42958241890985
99.39682827560216
99.39769959507721
99.38178582285674
99.29479982331834
99.22739638978713
99.24796581518704
99.14364655950084
99.13458135308578
99.05483432847211
99.05141686209384
98.93520334486495
98.94759518423068
98.8998072426518
98.79956575892912
98.73669968635545
98.70041441524715
98.66515037101527
98.61540544074084
98.55490807535702
98.48837240132325
98.44283716545249
98.44345120436833
98.41282115963689
98.29853649594214
98.29719704065293
98.24789342166062
98.1868057681418
98.15953092093248
98.12962072897713
98.03575326381076
98.06594923644957
98.01767593363702
97.92846315818026
97.89767347600525
97.89827309211169
97.8951827046169
97.87764503430454
97.85208823298508
97.82316454098013
97.79946471079137
97.77987165094376
97.76038845875094
97.7349613016228
97.69794231556745
97.65460940410077
97.62412539569117
97.62364570526027
97.65207670604936
97.6824465116254
97.68242266547297
97.64883402306981
97.61479706608064
97.61547907211086
97.6526786972633
97.69772903660068
97.72249620168328
97.72167906571677
97.70941804696919
97.70512707926558
97.71173966327952
97.72801868305844
97.75094840696977
97.77663185475944
97.80598542021534
97.84649953698333
97.90039339261507
97.96522211329363
98.01472660585088
98.01538776555805
98.00932808758853
98.09732372323191
98.1609200713461
98.13357872661861
98.2559393613172
98.22838213103603
98.34871148902272
98.31918568568008
98.42695619113493
98.48051605828387
98.4744483044387
98.52543700340345
98.608730972751
98.68171343809851
98.74017053488362
98.78996409299117
98.82670388840435
98.85129785890554
98.88270925127497
98.97420876632837
99.06124941507909
99.04513094074115
99.13971639710923
99.17632062290825
99.22951881301606
99.26350125241336
99.35391231588848
99.33616766046018
99.4168576441914
99.49765593544906
99.50590568638076
99.50937408385376
99.55180487925564
99.60990805891876
99.6629216862955
99.70838778239973
99.74744228014444
99.77484325616138
99.79362302309069
99.80799856623102
99.81968827824289
99.83541982468704
99.87183972953045
99.92913778702992
99.97813997889277
99.98173910096274
99.95260417147328
99.96209276667378
100.0260559578568
100.0530864874053
100.0091717654793
100.0135807728749
100.0822400050394
100.0706608066362
100.0250555206163
100.08027887213
100.0973897172579
100.0343815177596
100.0699200246063
100.096233882378
100.0261630812369
100.0483546930298
100.0755438959664
100.0016940788988
100.0085209952106
100.0418672316618
99.9723749933505
99.94695830111161
99.9841133341891
99.94380900425628
99.86992050377606
99.86318298950151
99.8813175492205
99.85035473817717
99.78235545679102
99.72246208899195
99.68072310292595
99.64355544991123
99.60803928552281
99.56604454808461
99.51436478635479
99.46625553038018
