1.24308e+07, 1.80263e+06, 0
9.83642e+06, 4.26012e+06, 0
9.20102e+06, 2.43509e+06, 0
1.07501e+07, 4.43778e+06, 0
9.79473e+06, 4.53224e+06, 0
8.29683e+06, 2.89708e+06, 0
1.21522e+07, 6.9504e+06, 0
1.15343e+07, 4.60799e+06, 0
1.19659e+07, 6.37502e+06, 0
1.07169e+07, 4.72837e+06, 0
8.96747e+06, 3.03601e+06, 0
9.53557e+06, 4.47896e+06, 0
1.17742e+07, 2.74819e+06, 0
9.67441e+06, 1.29133e+06, 0
8.51288e+06, 3.29307e+06, 0
9.22683e+06, 3.55437e+06, 0
1.09224e+07, 1.43266e+06, 0
1.30276e+07, 3.95692e+06, 0
1.14801e+07, 2.45743e+06, 0
8.28961e+06, 719510, 0
9.0882e+06, 1.69378e+06, 0
7.88713e+06, 620477, 0
7.524e+06, 1.12945e+06, 0
1.26015e+07, 6.53578e+06, 0
1.41729e+07, 3.91041e+06, 0
9.86771e+06, 4.06945e+06, 0
9.37751e+06, 3.1695e+06, 0
9.34531e+06, 2.44753e+06, 0
8.67719e+06, 1.45908e+06, 0
8.4588e+06, 2.28724e+06, 0
1.2675e+07, 1.92951e+06, 0
1.54369e+07, 5.70537e+06, 0
1.21268e+07, 2.99638e+06, 0
1.10145e+07, 3.10596e+06, 0
9.48962e+06, 852761, 0
8.78283e+06, 332842, 0
8.06497e+06, 835621, 0
9.43763e+06, 4.71107e+06, 0
1.14928e+07, 852346, 0
1.15199e+07, 4.68943e+06, 0
1.1893e+07, 4.76887e+06, 0
1.26239e+07, 3.10281e+06, 0
9.78812e+06, 4.16587e+06, 0
1.02748e+07, 4.23531e+06, 0
8.26055e+06, 1.8202e+06, 0
9.48131e+06, 1.26802e+06, 0
9.54925e+06, 4.85017e+06, 0
1.25705e+07, 7.14971e+06, 0
8.53601e+06, 2.69503e+06, 0
8.74301e+06, 2.58396e+06, 0
9.33808e+06, 1.95212e+06, 0
1.48452e+07, 8.64445e+06, 0
1.11474e+07, 1.22436e+06, 0
1.20886e+07, 6.64227e+06, 0
9.57229e+06, 3.32513e+06, 0
1.48734e+07, 4.45639e+06, 0
8.91363e+06, 559144, 0
1.39941e+07, 2.6616e+06, 0
9.13659e+06, 531887, 0
9.03201e+06, 3.03907e+06, 0
8.18226e+06, 1.10632e+06, 0
1.01592e+07, 3.79428e+06, 0
9.49575e+06, 3.69219e+06, 0
8.81495e+06, 2.55646e+06, 0
7.87553e+06, 2.18976e+06, 0
1.02641e+07, 5.1975e+06, 0
7.63291e+06, 1.32897e+06, 0
8.94255e+06, 2.42996e+06, 0
8.04327e+06, 1.29789e+06, 0
1.33156e+07, 2.16445e+06, 0
9.59241e+06, 1.37211e+06, 0
1.19128e+07, 347932, 0
9.81983e+06, 2.13123e+06, 0
8.91967e+06, 1.61658e+06, 0
9.8943e+06, 3.50424e+06, 0
9.12223e+06, 1.09845e+06, 0
9.94423e+06, 5.2249e+06, 0
1.64349e+07, 4.6442e+06, 0
1.0009e+07, 5.53319e+06, 0
1.00316e+07, 1.28528e+06, 0
1.19819e+07, 3.09665e+06, 0
9.70285e+06, 4.46712e+06, 0
9.41011e+06, 4.06347e+06, 0
1.09725e+07, 5.68886e+06, 0
9.3268e+06, 2.41719e+06, 0
8.94896e+06, 1.73464e+06, 0
8.86088e+06, 1.89917e+06, 0
1.10455e+07, 2.53263e+06, 0
8.07031e+06, 1.11603e+06, 0
1.16435e+07, 6.45511e+06, 0
1.17814e+07, 4.87596e+06, 0
1.02311e+07, 2.30542e+06, 0
1.20798e+07, 7.87209e+06, 0
1.05666e+07, 5.23019e+06, 0
9.05786e+06, 2.54541e+06, 0
8.53883e+06, 194816, 0
8.14054e+06, 881035, 0
1.06187e+07, 2.18868e+06, 0
9.78382e+06, 2.65288e+06, 0
1.00005e+07, 3.03605e+06, 0
8.25838e+06, 630255, 0
1.28305e+07, 2.44229e+06, 0
9.83446e+06, 1.21943e+06, 0
1.19082e+07, 3.10218e+06, 0
1.10247e+07, 5.8754e+06, 0
9.19522e+06, 4.48287e+06, 0
1.2805e+07, 2.85823e+06, 0
7.89619e+06, 1.97401e+06, 0
9.48945e+06, 2.48776e+06, 0
1.08253e+07, 2.23082e+06, 0
1.24537e+07, 6.52752e+06, 0
1.03976e+07, 3.21159e+06, 0
1.05187e+07, 5.90219e+06, 0
8.91442e+06, 4.46311e+06, 0
1.05913e+07, 4.11155e+06, 0
9.14711e+06, 4.00006e+06, 0
8.1083e+06, 612042, 0
9.13143e+06, 3.16452e+06, 0
1.24877e+07, 7.1261e+06, 0
8.21e+06, 1.36295e+06, 0
9.05145e+06, 3.35165e+06, 0
1.23189e+07, 3.17565e+06, 0
7.98321e+06, 1.66983e+06, 0
7.88726e+06, 1.18594e+06, 0
1.33198e+07, 3.5433e+06, 0
8.19818e+06, 1.931e+06, 0
9.70322e+06, 4.57839e+06, 0
9.1628e+06, 2.67475e+06, 0
8.85712e+06, 3.09843e+06, 0
1.00241e+07, 3.46479e+06, 0
9.73337e+06, 3.57932e+06, 0
9.24017e+06, 4.36473e+06, 0
9.37699e+06, 1.28102e+06, 0
1.22363e+07, 5.47419e+06, 0
8.61837e+06, 2.40913e+06, 0
1.05943e+07, 6.85607e+06, 0
9.81412e+06, 3.2541e+06, 0
8.31978e+06, 1.27817e+06, 0
8.90791e+06, 3.44426e+06, 0
1.23484e+07, 3.23572e+06, 0
9.38921e+06, 2.31165e+06, 0
8.8447e+06, 906485, 0
1.03598e+07, 827488, 0
9.44194e+06, 2.24906e+06, 0
7.73727e+06, 1.48832e+06, 0
9.62573e+06, 2.75986e+06, 0
1.00264e+07, 3.39513e+06, 0
9.01189e+06, 2.03022e+06, 0
1.07307e+07, 2.95832e+06, 0
9.41261e+06, 4.17254e+06, 0
1.18408e+07, 1.79232e+06, 0
1.25047e+07, 4.77931e+06, 0
1.22993e+07, 4.73758e+06, 0
9.83865e+06, 2.93784e+06, 0
1.3612e+07, 2.33928e+06, 0
1.18796e+07, 6.71577e+06, 0
1.10516e+07, 2.68051e+06, 0
1.12787e+07, 7.48867e+06, 0
1.19026e+07, 7.21355e+06, 0
9.91016e+06, 4.31185e+06, 0
9.90242e+06, 4.44492e+06, 0
9.82814e+06, 1.97286e+06, 0
1.23228e+07, 5.33143e+06, 0
9.521e+06, 1.3192e+06, 0
9.05342e+06, 1.65652e+06, 0
1.1417e+07, 3.20256e+06, 0
9.00482e+06, 2.08241e+06, 0
1.08815e+07, 2.01301e+06, 0
9.03417e+06, 3.41846e+06, 0
8.816e+06, 3.77171e+06, 0
1.47488e+07, 4.84747e+06, 0
1.21336e+07, 3.77191e+06, 0
8.68916e+06, 1.58683e+06, 0
1.5332e+07, 2.74715e+06, 0
1.11215e+07, 5.37403e+06, 0
9.25455e+06, 2.08809e+06, 0
1.00358e+07, 5.06411e+06, 0
1.21812e+07, 1.23505e+06, 0
1.15104e+07, 5.34926e+06, 0
1.32314e+07, 4.67704e+06, 0
9.00966e+06, 3.07182e+06, 0
8.79844e+06, 2.78609e+06, 0
1.10729e+07, 1.3889e+06, 0
9.89817e+06, 3.13493e+06, 0
8.47687e+06, 1.58808e+06, 0
1.46725e+07, 6.47286e+06, 0
1.39448e+07, 4.64024e+06, 0
9.42644e+06, 2.96054e+06, 0
1.23696e+07, 1.40901e+06, 0
7.82705e+06, 1.85894e+06, 0
1.00653e+07, 4.95504e+06, 0
9.91203e+06, 5.92583e+06, 0
1.06225e+07, 3.8814e+06, 0
9.03646e+06, 686635, 0
8.91699e+06, 1.34702e+06, 0
1.09955e+07, 4.51146e+06, 0
1.05555e+07, 6.74639e+06, 0
1.02117e+07, 840274, 0
9.26999e+06, 1.78074e+06, 0
1.00489e+07, 666735, 0
1.21282e+07, 5.28892e+06, 0
7.96863e+06, 1.94602e+06, 0
7.72285e+06, 848120, 0
9.33546e+06, 3.68773e+06, 0
1.17079e+07, 1.61777e+06, 0
9.20848e+06, 3.13256e+06, 0
9.34023e+06, 4.92278e+06, 0
1.29396e+07, 4.04414e+06, 0
1.38237e+07, 1.61311e+06, 0
1.07531e+07, 2.95807e+06, 0
8.84129e+06, 4.18274e+06, 0
1.05832e+07, 6.01809e+06, 0
1.01996e+07, 4.57993e+06, 0
1.01011e+07, 2.92256e+06, 0
1.35194e+07, 4.65714e+06, 0
8.89129e+06, 1.62058e+06, 0
8.65036e+06, 3.32213e+06, 0
9.85162e+06, 4.75665e+06, 0
1.23406e+07, 6.3328e+06, 0
7.93252e+06, 2.0907e+06, 0
1.07436e+07, 3.76245e+06, 0
1.05595e+07, 2.29423e+06, 0
1.28637e+07, 1.28394e+06, 0
9.15921e+06, 2.86635e+06, 0
8.81112e+06, 3.94387e+06, 0
8.92853e+06, 2.84066e+06, 0
8.23156e+06, 2.59968e+06, 0
9.92873e+06, 1.75474e+06, 0
8.56225e+06, 1.7384e+06, 0
7.86672e+06, 1.47098e+06, 0
8.3144e+06, 1.19311e+06, 0
9.09281e+06, 1.44358e+06, 0
8.99628e+06, 3.4173e+06, 0
8.85671e+06, 3.82303e+06, 0
1.06774e+07, 4.38084e+06, 0
9.10886e+06, 3.56492e+06, 0
1.10785e+07, 4.97105e+06, 0
9.26327e+06, 3.34392e+06, 0
1.29129e+07, 8.7941e+06, 0
9.69971e+06, 3.67497e+06, 0
1.26548e+07, 6.17694e+06, 0
9.82772e+06, 4.00883e+06, 0
9.00635e+06, 3.03274e+06, 0
9.29032e+06, 4.08026e+06, 0
9.68796e+06, 4.3487e+06, 0
1.01122e+07, 4.76328e+06, 0
9.41117e+06, 3.62437e+06, 0
9.95599e+06, 2.3593e+06, 0
1.04607e+07, 4.82978e+06, 0
1.09487e+07, 5.22521e+06, 0
1.02691e+07, 3.35306e+06, 0
8.14043e+06, 204943, 0
9.13472e+06, 3.50968e+06, 0
1.13527e+07, 3.45911e+06, 0
1.39517e+07, 4.14923e+06, 0
7.55554e+06, 882698, 0
9.28374e+06, 4.67168e+06, 0
9.39462e+06, 3.74136e+06, 0
1.02913e+07, 5.39491e+06, 0
1.0935e+07, 5.28725e+06, 0
9.37951e+06, 3.53501e+06, 0
9.59777e+06, 1.96771e+06, 0
8.69717e+06, 1.36191e+06, 0
1.0969e+07, 1.68786e+06, 0
7.42542e+06, 933669, 0
1.16523e+07, 6.99523e+06, 0
9.27226e+06, 4.25916e+06, 0
1.09529e+07, 6.72858e+06, 0
1.0167e+07, 5.92035e+06, 0
8.77622e+06, 3.51619e+06, 0
1.06592e+07, 2.53754e+06, 0
1.08315e+07, 315045, 0
9.7111e+06, 3.37547e+06, 0
8.95578e+06, 2.82849e+06, 0
1.09174e+07, 5.28197e+06, 0
1.24023e+07, 5.28167e+06, 0
7.87812e+06, 1.2999e+06, 0
1.00231e+07, 1.60174e+06, 0
9.48754e+06, 2.02177e+06, 0
1.01605e+07, 2.42903e+06, 0
1.1853e+07, 5.55188e+06, 0
1.02112e+07, 1.55333e+06, 0
8.54616e+06, 3.54053e+06, 0
1.02019e+07, 2.5569e+06, 0
1.05677e+07, 4.2559e+06, 0
8.49554e+06, 2.46225e+06, 0
9.80385e+06, 2.22044e+06, 0
9.3392e+06, 5.021e+06, 0
8.64251e+06, 3.07068e+06, 0
9.69154e+06, 2.48935e+06, 0
8.75479e+06, 2.43074e+06, 0
