2.4816e+06, 870207, 0
1.74382e+06, 668402, 0
3.39133e+06, 1.18686e+06, 0
4.98535e+06, 2.7695e+06, 0
2.61211e+06, 2.11962e+06, 0
4.65922e+06, 1.35255e+06, 0
6.45212e+06, 3.28592e+06, 0
3.8836e+06, 2.04368e+06, 0
4.65098e+06, 3.39893e+06, 0
1.09525e+07, 1.54568e+06, 0
3.99541e+06, 2.54136e+06, 0
4.92183e+06, 3.35381e+06, 0
6.69471e+06, 2.66092e+06, 0
8.1146e+06, 3.54266e+06, 0
5.25933e+06, 2.06516e+06, 0
1.0633e+07, 2.6019e+06, 0
7.11042e+06, 4.52121e+06, 0
3.64909e+06, 1.32441e+06, 0
2.29381e+06, 753554, 0
8.55269e+06, 6.22774e+06, 0
4.70434e+06, 2.19782e+06, 0
6.15089e+06, 3.66052e+06, 0
4.4336e+06, 2.25452e+06, 0
4.45812e+06, 2.06223e+06, 0
7.19378e+06, 4.73609e+06, 0
1.12835e+07, 6.70748e+06, 0
6.06905e+06, 1.6348e+06, 0
5.88881e+06, 5.07097e+06, 0
1.07367e+07, 2.22285e+06, 0
1.22472e+07, 3.29665e+06, 0
5.48874e+06, 2.54908e+06, 0
1.02442e+07, 5.0111e+06, 0
7.06884e+06, 3.06946e+06, 0
2.48306e+06, 397486, 0
5.35063e+06, 3.22551e+06, 0
6.21642e+06, 970882, 0
1.03861e+07, 2.75941e+06, 0
8.11405e+06, 4.5025e+06, 0
6.00792e+06, 5.37176e+06, 0
7.29254e+06, 4.35168e+06, 0
3.57212e+06, 910350, 0
3.48363e+06, 1.79132e+06, 0
9.12977e+06, 2.84766e+06, 0
3.87764e+06, 1.82323e+06, 0
3.37764e+06, 2.76049e+06, 0
8.27989e+06, 5.7114e+06, 0
3.9457e+06, 1.52916e+06, 0
8.53906e+06, 3.10384e+06, 0
5.41916e+06, 734192, 0
9.00202e+06, 727571, 0
6.57804e+06, 1.47736e+06, 0
1.16771e+07, 8.65434e+06, 0
9.63605e+06, 3.28765e+06, 0
7.17657e+06, 4.71303e+06, 0
6.07982e+06, 2.02308e+06, 0
3.71976e+06, 2.0046e+06, 0
1.36142e+07, 8.37791e+06, 0
4.3331e+06, 2.51388e+06, 0
5.69387e+06, 4.67075e+06, 0
6.14639e+06, 4.74564e+06, 0
2.56663e+06, 1.08152e+06, 0
1.20444e+07, 5.88932e+06, 0
6.42426e+06, 2.11085e+06, 0
7.93672e+06, 2.41264e+06, 0
3.79511e+06, 3.01885e+06, 0
7.34917e+06, 4.28447e+06, 0
4.99853e+06, 1.80944e+06, 0
6.00452e+06, 2.79331e+06, 0
6.81121e+06, 4.95212e+06, 0
2.08887e+06, 411647, 0
4.47785e+06, 2.37236e+06, 0
5.61429e+06, 4.03763e+06, 0
9.09108e+06, 4.91621e+06, 0
6.47926e+06, 978401, 0
5.46557e+06, 2.81957e+06, 0
4.67272e+06, 2.61572e+06, 0
9.93288e+06, 982747, 0
7.74716e+06, 5.89763e+06, 0
1.98232e+06, 1.17518e+06, 0
4.35147e+06, 1.71094e+06, 0
3.72307e+06, 2.03524e+06, 0
7.8504e+06, 5.11265e+06, 0
5.89433e+06, 4.38663e+06, 0
4.23003e+06, 533454, 0
5.54105e+06, 1.85776e+06, 0
7.98764e+06, 2.62415e+06, 0
5.67417e+06, 2.85664e+06, 0
4.9565e+06, 1.85777e+06, 0
9.09718e+06, 3.27964e+06, 0
9.02248e+06, 2.32818e+06, 0
8.39704e+06, 3.27306e+06, 0
6.56792e+06, 3.75737e+06, 0
4.32788e+06, 1.9485e+06, 0
1.0822e+07, 2.47447e+06, 0
6.35289e+06, 2.25579e+06, 0
6.23247e+06, 2.85119e+06, 0
9.10451e+06, 8.2284e+06, 0
6.10812e+06, 1.93884e+06, 0
6.28236e+06, 2.53095e+06, 0
6.54186e+06, 2.13152e+06, 0
9.40663e+06, 2.61735e+06, 0
3.52537e+06, 1.69089e+06, 0
7.98071e+06, 5.2721e+06, 0
9.66614e+06, 5.80445e+06, 0
6.87109e+06, 3.69056e+06, 0
3.81017e+06, 1.6162e+06, 0
2.25043e+06, 1.3329e+06, 0
6.87016e+06, 5.30141e+06, 0
8.38416e+06, 4.02098e+06, 0
8.48907e+06, 4.65583e+06, 0
5.09839e+06, 1.32066e+06, 0
5.67706e+06, 3.01105e+06, 0
7.51692e+06, 1.52483e+06, 0
8.07935e+06, 2.88309e+06, 0
6.70663e+06, 3.14534e+06, 0
4.64076e+06, 2.19222e+06, 0
3.29644e+06, 1.82171e+06, 0
4.25923e+06, 2.36043e+06, 0
6.48745e+06, 4.17361e+06, 0
9.19331e+06, 5.40852e+06, 0
9.75903e+06, 3.37351e+06, 0
8.87247e+06, 5.34704e+06, 0
3.90692e+06, 3.02884e+06, 0
6.70834e+06, 4.1366e+06, 0
5.16986e+06, 3.25833e+06, 0
3.6209e+06, 2.24226e+06, 0
3.94466e+06, 2.75096e+06, 0
6.75176e+06, 3.47612e+06, 0
6.89295e+06, 2.43097e+06, 0
4.58628e+06, 3.46744e+06, 0
3.69564e+06, 2.66635e+06, 0
6.61228e+06, 3.53465e+06, 0
6.83114e+06, 2.71789e+06, 0
5.37259e+06, 742970, 0
8.2026e+06, 4.99718e+06, 0
4.90455e+06, 2.29673e+06, 0
1.1075e+07, 5.73827e+06, 0
6.07445e+06, 3.58201e+06, 0
5.69899e+06, 3.04502e+06, 0
8.86889e+06, 6.18476e+06, 0
7.92991e+06, 6.63901e+06, 0
8.52969e+06, 2.10842e+06, 0
5.06105e+06, 1.83677e+06, 0
9.9261e+06, 6.5134e+06, 0
8.81276e+06, 4.32296e+06, 0
6.69019e+06, 3.21313e+06, 0
6.84619e+06, 2.69689e+06, 0
8.6452e+06, 2.12142e+06, 0
7.83897e+06, 1.20009e+06, 0
5.43592e+06, 1.90291e+06, 0
6.61361e+06, 3.80827e+06, 0
5.09655e+06, 3.21293e+06, 0
9.38879e+06, 3.49165e+06, 0
6.78414e+06, 3.84064e+06, 0
5.95338e+06, 5.16295e+06, 0
4.39289e+06, 3.34463e+06, 0
3.93048e+06, 918245, 0
5.38447e+06, 3.86725e+06, 0
5.65466e+06, 3.56734e+06, 0
6.06265e+06, 4.15749e+06, 0
5.18113e+06, 3.33435e+06, 0
4.10742e+06, 1.23038e+06, 0
4.67728e+06, 2.93078e+06, 0
7.58033e+06, 1.67339e+06, 0
4.14113e+06, 2.72355e+06, 0
1.00593e+07, 2.68789e+06, 0
6.00229e+06, 3.71425e+06, 0
4.25736e+06, 1.62666e+06, 0
7.88266e+06, 1.5923e+06, 0
7.12112e+06, 1.2779e+06, 0
4.86452e+06, 1.57021e+06, 0
6.53796e+06, 2.15818e+06, 0
1.03607e+07, 6.04916e+06, 0
5.24958e+06, 2.54985e+06, 0
3.88794e+06, 2.28103e+06, 0
1.0466e+07, 2.98047e+06, 0
5.82644e+06, 962321, 0
1.02034e+07, 2.20438e+06, 0
5.48483e+06, 3.17855e+06, 0
7.90068e+06, 5.29264e+06, 0
1.11201e+07, 7.63681e+06, 0
1.97103e+06, 867418, 0
5.39429e+06, 2.43289e+06, 0
7.65955e+06, 3.02339e+06, 0
7.84601e+06, 2.18023e+06, 0
5.6875e+06, 1.75266e+06, 0
3.57791e+06, 2.37928e+06, 0
5.42694e+06, 3.57991e+06, 0
7.63169e+06, 6.65937e+06, 0
5.05139e+06, 679041, 0
4.76153e+06, 2.79401e+06, 0
9.99492e+06, 1.40854e+06, 0
7.12854e+06, 2.54891e+06, 0
6.41941e+06, 3.65091e+06, 0
7.86075e+06, 4.7587e+06, 0
6.62501e+06, 2.98309e+06, 0
7.20407e+06, 1.17512e+06, 0
2.07345e+06, 927093, 0
4.49732e+06, 2.27502e+06, 0
5.07933e+06, 2.57691e+06, 0
5.84305e+06, 2.9539e+06, 0
7.64756e+06, 1.51644e+06, 0
4.0254e+06, 1.56724e+06, 0
2.53744e+06, 1.90693e+06, 0
1.16815e+07, 5.90843e+06, 0
9.07133e+06, 3.38551e+06, 0
2.27505e+06, 838745, 0
7.05567e+06, 5.15789e+06, 0
7.47258e+06, 3.74212e+06, 0
4.92841e+06, 754663, 0
4.60187e+06, 2.83265e+06, 0
2.87066e+06, 1.61947e+06, 0
5.28219e+06, 886320, 0
6.0237e+06, 1.27659e+06, 0
6.14538e+06, 1.62902e+06, 0
9.74151e+06, 6.96882e+06, 0
3.62281e+06, 713373, 0
7.71331e+06, 5.15323e+06, 0
7.83974e+06, 6.18823e+06, 0
9.77151e+06, 6.78297e+06, 0
8.60689e+06, 1.88671e+06, 0
7.22299e+06, 4.47818e+06, 0
4.89884e+06, 2.82914e+06, 0
4.35427e+06, 3.28914e+06, 0
3.16612e+06, 1.96002e+06, 0
5.16934e+06, 2.79807e+06, 0
6.07184e+06, 4.20035e+06, 0
5.36844e+06, 3.15536e+06, 0
8.79082e+06, 3.25544e+06, 0
4.99024e+06, 2.84462e+06, 0
4.77145e+06, 3.75685e+06, 0
5.69501e+06, 3.40171e+06, 0
3.75623e+06, 744331, 0
6.72051e+06, 2.93606e+06, 0
7.41151e+06, 4.59067e+06, 0
9.60887e+06, 4.21921e+06, 0
1.02723e+07, 4.64748e+06, 0
5.88661e+06, 3.72616e+06, 0
8.91429e+06, 6.65598e+06, 0
9.23026e+06, 5.76227e+06, 0
6.14767e+06, 1.53705e+06, 0
4.34057e+06, 2.47043e+06, 0
5.4424e+06, 3.61188e+06, 0
5.59478e+06, 3.45608e+06, 0
4.96123e+06, 2.11806e+06, 0
7.01927e+06, 1.94429e+06, 0
8.01972e+06, 3.04719e+06, 0
3.55287e+06, 1.06627e+06, 0
2.20376e+06, 547659, 0
5.69807e+06, 3.53863e+06, 0
6.27694e+06, 2.01281e+06, 0
7.72782e+06, 4.27258e+06, 0
9.41683e+06, 2.23743e+06, 0
2.84752e+06, 717047, 0
7.12852e+06, 4.8342e+06, 0
9.5023e+06, 4.27972e+06, 0
8.3038e+06, 1.62829e+06, 0
2.95701e+06, 2.18449e+06, 0
8.62136e+06, 3.23803e+06, 0
2.93751e+06, 1.48427e+06, 0
7.51071e+06, 1.56612e+06, 0
1.08535e+07, 6.63882e+06, 0
4.97356e+06, 3.50899e+06, 0
3.87361e+06, 2.34731e+06, 0
5.38481e+06, 561156, 0
5.71605e+06, 4.87665e+06, 0
9.32201e+06, 3.72676e+06, 0
7.21295e+06, 3.27272e+06, 0
5.2443e+06, 3.10408e+06, 0
4.97063e+06, 2.23369e+06, 0
6.59962e+06, 2.76084e+06, 0
4.44931e+06, 3.82299e+06, 0
9.04339e+06, 1.59236e+06, 0
8.7691e+06, 4.29081e+06, 0
4.78437e+06, 1.96328e+06, 0
1.15415e+07, 1.87841e+06, 0
9.92001e+06, 5.28563e+06, 0
4.1605e+06, 1.9831e+06, 0
5.17877e+06, 1.86362e+06, 0
4.12604e+06, 2.07208e+06, 0
6.42521e+06, 827845, 0
5.12792e+06, 1.34528e+06, 0
2.19384e+06, 882271, 0
5.60536e+06, 1.21461e+06, 0
7.06933e+06, 4.83169e+06, 0
7.52677e+06, 1.51194e+06, 0
6.70892e+06, 5.1315e+06, 0
3.7422e+06, 2.51495e+06, 0
5.07918e+06, 1.12575e+06, 0
7.97567e+06, 3.97862e+06, 0
6.93297e+06, 3.84144e+06, 0
1.02854e+07, 6.93044e+06, 0
7.02425e+06, 1.88911e+06, 0
7.47934e+06, 1.2839e+06, 0
6.33505e+06, 919450, 0
6.56048e+06, 5.77238e+06, 0
6.00328e+06, 2.7515e+06, 0
1.05439e+07, 3.48971e+06, 0
3.86866e+06, 1.07713e+06, 0
7.40113e+06, 3.69321e+06, 0
5.00996e+06, 4.143e+06, 0
5.98533e+06, 1.8257e+06, 0
5.59782e+06, 879513, 0
4.94746e+06, 2.89201e+06, 0
7.33965e+06, 1.2525e+06, 0
5.92304e+06, 3.48833e+06, 0
2.05705e+06, 829695, 0
8.03128e+06, 4.21612e+06, 0
2.79964e+06, 1.30484e+06, 0
7.99277e+06, 5.82498e+06, 0
5.56124e+06, 5.03087e+06, 0
4.87252e+06, 3.23049e+06, 0
6.2155e+06, 3.88113e+06, 0
5.97121e+06, 2.51463e+06, 0
6.38323e+06, 4.5332e+06, 0
6.36497e+06, 4.26503e+06, 0
6.44171e+06, 5.63255e+06, 0
6.26926e+06, 2.92749e+06, 0
2.81561e+06, 601901, 0
5.34349e+06, 3.14551e+06, 0
6.141e+06, 569300, 0
1.36856e+07, 7.28482e+06, 0
3.31554e+06, 1.49591e+06, 0
7.15361e+06, 1.9353e+06, 0
6.92793e+06, 3.96514e+06, 0
1.01514e+07, 2.45221e+06, 0
5.26805e+06, 3.39592e+06, 0
8.21693e+06, 898126, 0
3.41171e+06, 358047, 0
8.46125e+06, 1.61522e+06, 0
2.43688e+06, 535363, 0
4.83661e+06, 1.63772e+06, 0
5.35216e+06, 2.18284e+06, 0
6.76089e+06, 4.77536e+06, 0
4.96633e+06, 3.13089e+06, 0
1.79108e+06, 816178, 0
3.79218e+06, 1.55772e+06, 0
8.971e+06, 5.66099e+06, 0
6.83247e+06, 2.16125e+06, 0
6.95246e+06, 1.59249e+06, 0
6.67176e+06, 4.50916e+06, 0
6.4667e+06, 4.05028e+06, 0
2.78695e+06, 1.14685e+06, 0
9.20765e+06, 2.73291e+06, 0
2.23728e+06, 1.25691e+06, 0
4.55329e+06, 3.00726e+06, 0
3.62629e+06, 1.59627e+06, 0
6.77335e+06, 5.40567e+06, 0
6.17481e+06, 2.39898e+06, 0
6.00272e+06, 2.2114e+06, 0
5.79496e+06, 3.50022e+06, 0
2.15756e+06, 1.44896e+06, 0
7.29804e+06, 4.23083e+06, 0
7.73284e+06, 557930, 0
3.63249e+06, 3.03107e+06, 0
8.6171e+06, 2.43616e+06, 0
6.59838e+06, 1.37086e+06, 0
6.66107e+06, 4.97077e+06, 0
4.55897e+06, 2.46465e+06, 0
5.24034e+06, 955169, 0
5.57319e+06, 4.20081e+06, 0
8.24099e+06, 2.84981e+06, 0
3.33903e+06, 1.9731e+06, 0
3.1813e+06, 1.89522e+06, 0
7.43781e+06, 4.51704e+06, 0
7.16324e+06, 4.39272e+06, 0
9.37586e+06, 2.17845e+06, 0
4.99253e+06, 4.08402e+06, 0
5.7704e+06, 3.11775e+06, 0
7.89769e+06, 3.24579e+06, 0
4.1479e+06, 2.49455e+06, 0
6.96316e+06, 1.49178e+06, 0
6.45049e+06, 2.31251e+06, 0
6.2449e+06, 2.99272e+06, 0
6.66597e+06, 4.29496e+06, 0
9.02563e+06, 6.73694e+06, 0
5.1241e+06, 1.8496e+06, 0
4.79953e+06, 3.84498e+06, 0
1.00382e+07, 3.78416e+06, 0
4.5331e+06, 544178, 0
7.75751e+06, 2.07491e+06, 0
3.87314e+06, 895873, 0
4.00105e+06, 2.89545e+06, 0
9.60249e+06, 4.2329e+06, 0
6.77446e+06, 4.50403e+06, 0
2.91944e+06, 2.00194e+06, 0
4.74588e+06, 2.59157e+06, 0
1.22624e+07, 9.9891e+06, 0
4.69538e+06, 3.90555e+06, 0
6.57367e+06, 3.70805e+06, 0
8.40139e+06, 5.93964e+06, 0
3.24591e+06, 1.71649e+06, 0
5.29802e+06, 922544, 0
8.21421e+06, 1.67024e+06, 0
5.80891e+06, 3.74461e+06, 0
9.57992e+06, 6.41389e+06, 0
2.67471e+06, 420549, 0
2.06446e+06, 1.48441e+06, 0
3.26915e+06, 1.40506e+06, 0
3.67027e+06, 1.81516e+06, 0
5.17458e+06, 3.44007e+06, 0
7.92647e+06, 1.55754e+06, 0
4.90315e+06, 3.1938e+06, 0
6.02191e+06, 3.81734e+06, 0
2.49347e+06, 1.88163e+06, 0
3.67941e+06, 3.10994e+06, 0
7.8211e+06, 613600, 0
5.88363e+06, 933496, 0
4.58761e+06, 3.29777e+06, 0
8.23409e+06, 4.15832e+06, 0
3.66512e+06, 2.18117e+06, 0
4.04311e+06, 1.30844e+06, 0
2.02988e+06, 209024, 0
9.83128e+06, 1.6297e+06, 0
6.50051e+06, 2.22312e+06, 0
5.65404e+06, 3.48745e+06, 0
3.2808e+06, 1.59271e+06, 0
7.6657e+06, 3.4794e+06, 0
8.44837e+06, 3.58818e+06, 0
3.08048e+06, 1.55626e+06, 0
3.54332e+06, 2.20646e+06, 0
9.54543e+06, 4.26358e+06, 0
5.67963e+06, 2.97099e+06, 0
4.36852e+06, 1.3922e+06, 0
1.19384e+07, 5.09555e+06, 0
6.34641e+06, 743977, 0
3.76212e+06, 583999, 0
5.48869e+06, 2.51713e+06, 0
6.59652e+06, 2.62445e+06, 0
3.06823e+06, 369444, 0
9.02655e+06, 4.46108e+06, 0
7.91398e+06, 3.77724e+06, 0
8.87368e+06, 2.57018e+06, 0
4.79605e+06, 859735, 0
7.21818e+06, 3.33892e+06, 0
6.87031e+06, 4.22832e+06, 0
5.96537e+06, 2.62594e+06, 0
7.32585e+06, 2.77005e+06, 0
7.79334e+06, 5.43201e+06, 0
1.00995e+07, 7.48717e+06, 0
6.36551e+06, 5.69195e+06, 0
7.65229e+06, 5.53836e+06, 0
7.12394e+06, 4.96455e+06, 0
3.80294e+06, 2.08173e+06, 0
4.68679e+06, 2.1896e+06, 0
8.35823e+06, 2.05105e+06, 0
4.35318e+06, 670436, 0
5.44876e+06, 1.84214e+06, 0
5.68391e+06, 3.07393e+06, 0
9.76051e+06, 5.89837e+06, 0
3.40616e+06, 1.01334e+06, 0
3.91532e+06, 1.67539e+06, 0
3.20344e+06, 1.55608e+06, 0
4.88856e+06, 579176, 0
9.62423e+06, 3.46183e+06, 0
5.55436e+06, 2.66697e+06, 0
1.88719e+06, 1.16227e+06, 0
5.00665e+06, 3.5997e+06, 0
6.53369e+06, 2.15761e+06, 0
6.06489e+06, 1.12537e+06, 0
9.20894e+06, 4.34495e+06, 0
3.1038e+06, 1.53273e+06, 0
5.97844e+06, 3.51676e+06, 0
9.18242e+06, 5.17196e+06, 0
3.65413e+06, 1.04379e+06, 0
5.73569e+06, 3.4382e+06, 0
7.08622e+06, 858120, 0
3.46487e+06, 1.60194e+06, 0
3.31401e+06, 2.11026e+06, 0
1.10658e+07, 1.20793e+06, 0
9.51573e+06, 4.7327e+06, 0
1.20294e+07, 3.24533e+06, 0
6.9736e+06, 3.83605e+06, 0
4.04262e+06, 1.17425e+06, 0
1.18116e+07, 3.39537e+06, 0
5.10227e+06, 932406, 0
5.06174e+06, 3.71228e+06, 0
3.27535e+06, 797999, 0
7.4931e+06, 1.97503e+06, 0
5.31205e+06, 3.90563e+06, 0
5.03448e+06, 3.23894e+06, 0
4.37617e+06, 1.57399e+06, 0
4.20522e+06, 1.8743e+06, 0
1.13418e+07, 5.88015e+06, 0
5.55085e+06, 923783, 0
4.59511e+06, 1.83507e+06, 0
4.9058e+06, 2.53404e+06, 0
5.17266e+06, 2.3303e+06, 0
2.34861e+06, 78317.5, 0
9.03427e+06, 5.66053e+06, 0
5.43388e+06, 3.59312e+06, 0
2.71814e+06, 1.70018e+06, 0
4.55878e+06, 3.01768e+06, 0
2.5843e+06, 963615, 0
5.23945e+06, 3.26506e+06, 0
7.85655e+06, 4.03504e+06, 0
5.82346e+06, 3.06921e+06, 0
4.86927e+06, 3.03745e+06, 0
1.06884e+07, 6.80179e+06, 0
7.24822e+06, 3.95999e+06, 0
6.18739e+06, 4.99932e+06, 0
4.30588e+06, 1.37748e+06, 0
4.99617e+06, 712486, 0
4.42417e+06, 2.6484e+06, 0
6.9354e+06, 5.82754e+06, 0
7.01702e+06, 3.53189e+06, 0
1.05367e+07, 3.46441e+06, 0
7.06467e+06, 5.27103e+06, 0
4.19831e+06, 2.65495e+06, 0
4.64821e+06, 2.22945e+06, 0
6.73422e+06, 3.35417e+06, 0
3.22724e+06, 891612, 0
6.64073e+06, 2.22694e+06, 0
7.72572e+06, 1.27553e+06, 0
8.22555e+06, 3.4713e+06, 0
6.50559e+06, 3.09422e+06, 0
8.0447e+06, 3.33467e+06, 0
2.7911e+06, 492187, 0
7.87901e+06, 4.35845e+06, 0
8.64886e+06, 1.60013e+06, 0
6.84317e+06, 5.69714e+06, 0
3.26658e+06, 2.76403e+06, 0
4.48946e+06, 892074, 0
6.63089e+06, 3.19473e+06, 0
6.51233e+06, 1.81419e+06, 0
7.24769e+06, 4.4259e+06, 0
3.07804e+06, 2.15515e+06, 0
6.70264e+06, 3.48459e+06, 0
9.32416e+06, 4.72947e+06, 0
7.5091e+06, 3.77579e+06, 0
9.44046e+06, 3.08697e+06, 0
1.217e+07, 3.01177e+06, 0
9.39169e+06, 1.38375e+06, 0
8.61808e+06, 7.65853e+06, 0
9.81813e+06, 5.48871e+06, 0
3.62496e+06, 2.00334e+06, 0
4.77268e+06, 3.11627e+06, 0
6.11647e+06, 5.55029e+06, 0
4.17377e+06, 2.51505e+06, 0
9.28219e+06, 1.79409e+06, 0
4.83635e+06, 3.12663e+06, 0
6.88999e+06, 6.13173e+06, 0
3.84292e+06, 2.34022e+06, 0
5.69827e+06, 1.00401e+06, 0
6.64009e+06, 2.99357e+06, 0
5.18231e+06, 3.41079e+06, 0
5.29213e+06, 3.20978e+06, 0
3.5845e+06, 2.88124e+06, 0
3.01642e+06, 1.01525e+06, 0
6.07053e+06, 2.49112e+06, 0
9.81327e+06, 7.80306e+06, 0
2.70976e+06, 1.56318e+06, 0
5.85818e+06, 2.4967e+06, 0
6.45877e+06, 2.68463e+06, 0
6.78768e+06, 3.27384e+06, 0
7.81788e+06, 3.78823e+06, 0
6.12899e+06, 2.59096e+06, 0
6.8283e+06, 5.82034e+06, 0
7.3822e+06, 1.93125e+06, 0
2.20493e+06, 720264, 0
3.35743e+06, 1.2612e+06, 0
3.8211e+06, 1.56866e+06, 0
6.63266e+06, 3.90031e+06, 0
3.53511e+06, 2.89382e+06, 0
4.41496e+06, 2.47549e+06, 0
6.67452e+06, 2.54692e+06, 0
5.22621e+06, 1.72879e+06, 0
6.77147e+06, 4.08578e+06, 0
5.01816e+06, 1.97562e+06, 0
4.18196e+06, 1.23368e+06, 0
8.06892e+06, 3.04641e+06, 0
6.81144e+06, 6.19546e+06, 0
7.47887e+06, 2.94867e+06, 0
5.28458e+06, 1.31201e+06, 0
8.88102e+06, 5.43248e+06, 0
8.7795e+06, 3.60199e+06, 0
2.74143e+06, 1.20783e+06, 0
6.21022e+06, 2.3031e+06, 0
8.25199e+06, 1.8303e+06, 0
2.8403e+06, 604604, 0
6.3437e+06, 4.81621e+06, 0
5.62391e+06, 372913, 0
4.23878e+06, 2.76663e+06, 0
4.76953e+06, 3.93608e+06, 0
9.37974e+06, 3.67538e+06, 0
5.60761e+06, 4.274e+06, 0
5.95244e+06, 2.95984e+06, 0
4.5856e+06, 4.0159e+06, 0
7.59027e+06, 3.38964e+06, 0
6.97688e+06, 865808, 0
5.01645e+06, 3.01807e+06, 0
9.01331e+06, 4.73791e+06, 0
4.8041e+06, 2.91522e+06, 0
4.7613e+06, 2.65415e+06, 0
5.70018e+06, 3.40583e+06, 0
5.24514e+06, 3.13047e+06, 0
4.6187e+06, 2.86784e+06, 0
7.15888e+06, 1.01588e+06, 0
3.87348e+06, 1.25998e+06, 0
6.01668e+06, 3.62879e+06, 0
5.61978e+06, 2.70484e+06, 0
4.42169e+06, 1.53289e+06, 0
5.30418e+06, 4.61884e+06, 0
3.07484e+06, 409990, 0
5.09137e+06, 646730, 0
8.41616e+06, 5.46249e+06, 0
3.44289e+06, 475541, 0
9.55658e+06, 1.41756e+06, 0
8.65843e+06, 3.38723e+06, 0
9.1735e+06, 5.71243e+06, 0
5.24583e+06, 3.44426e+06, 0
3.9675e+06, 793121, 0
4.3349e+06, 2.29726e+06, 0
5.73668e+06, 4.28469e+06, 0
4.11654e+06, 2.00497e+06, 0
7.23934e+06, 4.74584e+06, 0
4.24707e+06, 2.59489e+06, 0
7.21542e+06, 2.95377e+06, 0
3.04036e+06, 1.7833e+06, 0
3.57153e+06, 1.87967e+06, 0
9.97395e+06, 2.31554e+06, 0
5.91669e+06, 1.33189e+06, 0
1.45158e+07, 7.29036e+06, 0
6.0494e+06, 2.27945e+06, 0
6.31901e+06, 2.58041e+06, 0
5.007e+06, 580866, 0
8.52079e+06, 4.88962e+06, 0
3.75879e+06, 2.98253e+06, 0
9.30597e+06, 2.51527e+06, 0
3.20844e+06, 1.56576e+06, 0
8.46718e+06, 4.92979e+06, 0
6.47633e+06, 3.90011e+06, 0
5.0758e+06, 2.51145e+06, 0
6.77755e+06, 3.12314e+06, 0
6.63096e+06, 3.04455e+06, 0
7.27848e+06, 2.36144e+06, 0
8.70269e+06, 4.59945e+06, 0
6.79785e+06, 2.46297e+06, 0
1.01251e+07, 8.25636e+06, 0
8.15892e+06, 2.68039e+06, 0
2.25833e+06, 696149, 0
8.32213e+06, 4.87813e+06, 0
2.47261e+06, 875134, 0
6.12593e+06, 3.54613e+06, 0
5.58414e+06, 1.39922e+06, 0
7.73989e+06, 2.03643e+06, 0
6.07777e+06, 2.46833e+06, 0
4.76778e+06, 2.47687e+06, 0
5.11668e+06, 2.41348e+06, 0
5.94952e+06, 4.63271e+06, 0
4.9331e+06, 3.0543e+06, 0
4.28367e+06, 1.09608e+06, 0
5.84105e+06, 1.93124e+06, 0
4.95233e+06, 1.54825e+06, 0
8.25085e+06, 2.51868e+06, 0
6.00756e+06, 2.99988e+06, 0
5.38888e+06, 1.1297e+06, 0
8.29078e+06, 6.95253e+06, 0
5.53771e+06, 4.10013e+06, 0
4.81574e+06, 1.80254e+06, 0
4.48661e+06, 2.50651e+06, 0
8.03474e+06, 4.03758e+06, 0
5.88287e+06, 2.13356e+06, 0
9.16083e+06, 5.48548e+06, 0
5.37343e+06, 3.99611e+06, 0
6.84619e+06, 2.69689e+06, 0
5.71256e+06, 1.77611e+06, 0
4.6296e+06, 2.9344e+06, 0
6.46489e+06, 3.87536e+06, 0
8.16179e+06, 7.0754e+06, 0
6.83779e+06, 4.04886e+06, 0
1.10892e+07, 9.19351e+06, 0
6.56381e+06, 1.86695e+06, 0
8.46183e+06, 3.80978e+06, 0
5.71538e+06, 2.87396e+06, 0
6.59678e+06, 4.39141e+06, 0
8.85539e+06, 6.05953e+06, 0
3.98985e+06, 2.54193e+06, 0
1.24403e+07, 4.48154e+06, 0
3.88319e+06, 1.80112e+06, 0
9.6327e+06, 2.71863e+06, 0
7.12069e+06, 5.81254e+06, 0
7.71292e+06, 6.0939e+06, 0
3.47594e+06, 2.81533e+06, 0
4.44662e+06, 1.969e+06, 0
5.64672e+06, 2.90219e+06, 0
7.6526e+06, 5.48529e+06, 0
5.74018e+06, 2.00208e+06, 0
7.02822e+06, 5.61503e+06, 0
4.76697e+06, 2.95964e+06, 0
8.02617e+06, 5.56352e+06, 0
3.74267e+06, 2.16305e+06, 0
8.95385e+06, 3.82107e+06, 0
1.11733e+07, 5.11711e+06, 0
4.47747e+06, 2.43352e+06, 0
3.81113e+06, 2.78915e+06, 0
7.07147e+06, 913129, 0
2.62234e+06, 1.28061e+06, 0
5.84872e+06, 3.44493e+06, 0
9.59561e+06, 3.41815e+06, 0
3.46293e+06, 2.22836e+06, 0
3.03382e+06, 1.35355e+06, 0
6.04524e+06, 1.76732e+06, 0
9.18369e+06, 4.74398e+06, 0
6.7832e+06, 5.86366e+06, 0
6.76604e+06, 3.94086e+06, 0
6.62046e+06, 1.90972e+06, 0
8.83511e+06, 2.69611e+06, 0
5.60359e+06, 2.1539e+06, 0
3.43623e+06, 2.03742e+06, 0
7.05937e+06, 2.35628e+06, 0
5.58374e+06, 2.08275e+06, 0
6.83373e+06, 5.71472e+06, 0
5.46475e+06, 4.13751e+06, 0
8.69917e+06, 5.56091e+06, 0
8.33719e+06, 5.01826e+06, 0
3.74237e+06, 596148, 0
6.51235e+06, 5.35963e+06, 0
5.56697e+06, 3.38089e+06, 0
7.41441e+06, 3.64767e+06, 0
2.68044e+06, 29072.4, 0
7.14759e+06, 1.52313e+06, 0
5.12731e+06, 1.07533e+06, 0
1.00192e+07, 3.50366e+06, 0
1.0627e+07, 1.41188e+06, 0
3.84287e+06, 1.06301e+06, 0
4.34028e+06, 2.20145e+06, 0
4.88324e+06, 3.80103e+06, 0
4.61367e+06, 1.67024e+06, 0
1.00535e+07, 874846, 0
6.88479e+06, 2.43871e+06, 0
1.07389e+07, 3.07682e+06, 0
6.02633e+06, 5.34684e+06, 0
3.95271e+06, 1.67113e+06, 0
7.83654e+06, 5.80857e+06, 0
7.03574e+06, 4.71951e+06, 0
6.83531e+06, 2.03192e+06, 0
6.76567e+06, 3.75576e+06, 0
7.59122e+06, 4.07771e+06, 0
4.15919e+06, 2.71471e+06, 0
5.86999e+06, 2.22286e+06, 0
4.97658e+06, 3.48897e+06, 0
5.48099e+06, 3.49918e+06, 0
4.98332e+06, 2.35934e+06, 0
2.21769e+06, 863749, 0
1.0276e+07, 6.54435e+06, 0
8.47557e+06, 3.80525e+06, 0
3.91983e+06, 1.24818e+06, 0
5.82729e+06, 2.83539e+06, 0
5.2902e+06, 2.72235e+06, 0
6.5958e+06, 3.36906e+06, 0
7.56911e+06, 4.64954e+06, 0
5.92286e+06, 3.67947e+06, 0
6.04602e+06, 1.1538e+06, 0
5.87992e+06, 3.62057e+06, 0
1.02232e+07, 5.0598e+06, 0
7.12552e+06, 2.24682e+06, 0
1.41333e+07, 7.85271e+06, 0
5.91602e+06, 2.96553e+06, 0
2.49606e+06, 1.41423e+06, 0
7.7672e+06, 6.53798e+06, 0
8.3378e+06, 4.50489e+06, 0
6.76325e+06, 4.53565e+06, 0
4.00883e+06, 836750, 0
6.18641e+06, 3.75187e+06, 0
4.22274e+06, 2.50263e+06, 0
4.20308e+06, 2.17085e+06, 0
1.02266e+07, 6.11317e+06, 0
8.31208e+06, 3.8606e+06, 0
7.94281e+06, 2.27446e+06, 0
7.45069e+06, 5.4704e+06, 0
4.15766e+06, 2.1209e+06, 0
5.25597e+06, 1.15687e+06, 0
1.02465e+07, 2.92327e+06, 0
3.26254e+06, 1.69944e+06, 0
3.71156e+06, 2.08651e+06, 0
4.38901e+06, 997337, 0
9.14054e+06, 3.56624e+06, 0
6.68017e+06, 3.05417e+06, 0
9.55484e+06, 5.02092e+06, 0
7.02099e+06, 2.10965e+06, 0
7.51719e+06, 5.23111e+06, 0
6.45136e+06, 1.05418e+06, 0
6.21962e+06, 2.80737e+06, 0
4.87564e+06, 1.55833e+06, 0
4.62186e+06, 3.399e+06, 0
6.94804e+06, 2.50807e+06, 0
8.70855e+06, 2.29445e+06, 0
6.84822e+06, 1.99647e+06, 0
3.73342e+06, 2.2324e+06, 0
5.70306e+06, 4.69507e+06, 0
9.54726e+06, 2.66933e+06, 0
4.96234e+06, 2.50535e+06, 0
5.27633e+06, 822282, 0
4.57887e+06, 2.39811e+06, 0
7.13694e+06, 3.58389e+06, 0
3.13929e+06, 661754, 0
3.44227e+06, 2.7405e+06, 0
6.66965e+06, 4.09973e+06, 0
5.85398e+06, 1.38388e+06, 0
6.45795e+06, 2.36133e+06, 0
4.09857e+06, 1.02475e+06, 0
7.8677e+06, 6.51796e+06, 0
4.34969e+06, 3.01306e+06, 0
3.85401e+06, 2.9747e+06, 0
4.78129e+06, 1.83527e+06, 0
3.78281e+06, 2.08192e+06, 0
7.02946e+06, 4.96327e+06, 0
8.82944e+06, 902540, 0
4.02772e+06, 2.49603e+06, 0
2.72255e+06, 1.44867e+06, 0
7.4935e+06, 1.84874e+06, 0
2.66107e+06, 2.0353e+06, 0
6.05462e+06, 3.80961e+06, 0
9.96923e+06, 981012, 0
4.87052e+06, 1.27035e+06, 0
2.70309e+06, 1.20492e+06, 0
2.75347e+06, 1.4031e+06, 0
7.48981e+06, 1.65413e+06, 0
4.66548e+06, 2.63736e+06, 0
3.60164e+06, 1.81359e+06, 0
4.85742e+06, 3.06234e+06, 0
5.68006e+06, 4.39232e+06, 0
3.10145e+06, 599869, 0
7.0701e+06, 3.6683e+06, 0
1.01224e+07, 6.48642e+06, 0
9.60077e+06, 6.11975e+06, 0
5.06478e+06, 3.25271e+06, 0
3.45913e+06, 901898, 0
4.53001e+06, 3.37237e+06, 0
7.28606e+06, 4.48333e+06, 0
6.0271e+06, 4.60592e+06, 0
3.3606e+06, 1.4401e+06, 0
6.72101e+06, 2.87672e+06, 0
6.40077e+06, 5.56307e+06, 0
4.63117e+06, 3.611e+06, 0
8.08029e+06, 5.88694e+06, 0
3.13262e+06, 1.72209e+06, 0
6.34375e+06, 3.22302e+06, 0
3.47042e+06, 1.97039e+06, 0
8.05613e+06, 6.15987e+06, 0
2.7628e+06, 1.07367e+06, 0
5.45518e+06, 1.31219e+06, 0
7.80651e+06, 675817, 0
6.33397e+06, 5.4115e+06, 0
5.93663e+06, 461213, 0
4.3325e+06, 3.18242e+06, 0
7.32654e+06, 3.09435e+06, 0
7.23559e+06, 5.52805e+06, 0
8.56983e+06, 4.82469e+06, 0
7.77107e+06, 1.23669e+06, 0
3.7232e+06, 1.64177e+06, 0
6.97187e+06, 5.43581e+06, 0
7.34049e+06, 3.51988e+06, 0
2.0903e+06, 1.38875e+06, 0
3.99539e+06, 715471, 0
6.17206e+06, 2.56299e+06, 0
9.31284e+06, 3.62794e+06, 0
5.78871e+06, 3.87807e+06, 0
6.12772e+06, 2.36307e+06, 0
6.8532e+06, 1.38247e+06, 0
3.8317e+06, 1.3035e+06, 0
7.70365e+06, 2.72894e+06, 0
8.0157e+06, 2.03692e+06, 0
4.31396e+06, 3.49676e+06, 0
9.10124e+06, 3.25986e+06, 0
7.853e+06, 1.61478e+06, 0
8.64209e+06, 5.34821e+06, 0
4.34334e+06, 2.78553e+06, 0
7.91499e+06, 685305, 0
5.24613e+06, 3.22396e+06, 0
4.42583e+06, 2.68019e+06, 0
7.74393e+06, 5.56846e+06, 0
1.0534e+07, 7.36552e+06, 0
2.25132e+06, 790757, 0
5.47298e+06, 3.84052e+06, 0
1.01992e+07, 6.45407e+06, 0
5.63482e+06, 4.37752e+06, 0
1.1658e+07, 5.8609e+06, 0
7.38971e+06, 1.37909e+06, 0
6.54092e+06, 3.42696e+06, 0
5.02137e+06, 3.72686e+06, 0
5.08659e+06, 2.33581e+06, 0
6.09795e+06, 1.65768e+06, 0
8.90567e+06, 3.10324e+06, 0
6.67566e+06, 4.50448e+06, 0
6.81447e+06, 3.01903e+06, 0
5.94776e+06, 4.61019e+06, 0
8.53573e+06, 5.54969e+06, 0
3.06661e+06, 2.24522e+06, 0
8.99989e+06, 3.53446e+06, 0
6.65273e+06, 2.5812e+06, 0
7.37172e+06, 3.53254e+06, 0
2.60902e+06, 1.11987e+06, 0
5.05534e+06, 2.58858e+06, 0
4.71387e+06, 3.80921e+06, 0
2.85736e+06, 2.32809e+06, 0
2.0218e+06, 678577, 0
7.35212e+06, 6.06209e+06, 0
4.14321e+06, 3.29933e+06, 0
5.9402e+06, 5.06944e+06, 0
6.6979e+06, 3.52194e+06, 0
4.47196e+06, 1.68391e+06, 0
3.85952e+06, 1.38708e+06, 0
5.44108e+06, 3.01498e+06, 0
2.01053e+06, 1.36232e+06, 0
6.38806e+06, 2.13976e+06, 0
6.98813e+06, 2.59259e+06, 0
4.56722e+06, 2.68835e+06, 0
3.39566e+06, 919851, 0
3.44299e+06, 2.10026e+06, 0
9.3892e+06, 5.6004e+06, 0
3.11107e+06, 976969, 0
7.05409e+06, 2.17704e+06, 0
4.74979e+06, 2.49076e+06, 0
3.97548e+06, 3.12875e+06, 0
7.94392e+06, 4.01359e+06, 0
3.01285e+06, 818427, 0
5.91621e+06, 2.3043e+06, 0
9.01498e+06, 7.20482e+06, 0
8.1137e+06, 3.98822e+06, 0
5.0373e+06, 1.12541e+06, 0
7.56647e+06, 4.7568e+06, 0
2.82657e+06, 493086, 0
4.99532e+06, 2.07131e+06, 0
4.3308e+06, 1.25943e+06, 0
1.04743e+07, 8.34282e+06, 0
6.41451e+06, 3.71108e+06, 0
5.98393e+06, 3.70214e+06, 0
7.03604e+06, 2.86966e+06, 0
7.62256e+06, 2.85579e+06, 0
7.03259e+06, 3.05506e+06, 0
6.89522e+06, 6.23059e+06, 0
7.54183e+06, 3.03465e+06, 0
5.60018e+06, 4.02137e+06, 0
9.21702e+06, 1.27028e+06, 0
3.72919e+06, 2.30419e+06, 0
6.74849e+06, 1.13203e+06, 0
7.62885e+06, 3.03842e+06, 0
9.57469e+06, 7.04066e+06, 0
6.39785e+06, 3.72048e+06, 0
6.19599e+06, 2.53264e+06, 0
6.44679e+06, 3.40324e+06, 0
8.3529e+06, 5.6273e+06, 0
6.30332e+06, 3.20851e+06, 0
7.04273e+06, 4.73025e+06, 0
7.86478e+06, 1.43058e+06, 0
6.86888e+06, 4.03707e+06, 0
1.33549e+07, 825081, 0
1.04037e+07, 7.83654e+06, 0
5.31221e+06, 3.53004e+06, 0
5.10854e+06, 3.26334e+06, 0
4.80753e+06, 2.8045e+06, 0
7.02734e+06, 3.10808e+06, 0
7.26238e+06, 2.35697e+06, 0
5.0785e+06, 2.81262e+06, 0
8.96422e+06, 5.39401e+06, 0
9.42489e+06, 2.3906e+06, 0
7.51843e+06, 3.60144e+06, 0
4.65662e+06, 315971, 0
1.34071e+07, 7.86914e+06, 0
5.69112e+06, 3.43634e+06, 0
3.9706e+06, 1.0468e+06, 0
8.2164e+06, 1.88561e+06, 0
6.40488e+06, 185374, 0
7.51593e+06, 5.72607e+06, 0
7.07392e+06, 3.66352e+06, 0
8.94757e+06, 5.48308e+06, 0
4.26299e+06, 737986, 0
2.4525e+06, 1.71645e+06, 0
7.23853e+06, 4.49951e+06, 0
3.61494e+06, 1.47826e+06, 0
1.02476e+07, 5.31722e+06, 0
9.84133e+06, 2.55007e+06, 0
3.20282e+06, 1.22117e+06, 0
4.58353e+06, 2.81784e+06, 0
6.05065e+06, 4.03312e+06, 0
8.62892e+06, 7.92839e+06, 0
7.95513e+06, 4.61499e+06, 0
5.84669e+06, 2.97815e+06, 0
4.49966e+06, 2.96697e+06, 0
9.67463e+06, 4.0844e+06, 0
5.53368e+06, 2.13731e+06, 0
6.09081e+06, 1.8375e+06, 0
8.53894e+06, 2.13128e+06, 0
4.62106e+06, 1.60957e+06, 0
9.03306e+06, 7.53105e+06, 0
9.00297e+06, 1.37671e+06, 0
1.02216e+07, 6.88755e+06, 0
7.49542e+06, 5.4506e+06, 0
8.93773e+06, 4.88953e+06, 0
6.40106e+06, 3.96844e+06, 0
2.84011e+06, 466581, 0
7.36194e+06, 2.61876e+06, 0
3.5301e+06, 1.31834e+06, 0
7.07854e+06, 2.20483e+06, 0
7.08972e+06, 5.03556e+06, 0
5.68453e+06, 3.95719e+06, 0
4.22908e+06, 2.45759e+06, 0
9.12057e+06, 5.22099e+06, 0
6.81346e+06, 3.95484e+06, 0
4.38218e+06, 2.62028e+06, 0
6.43238e+06, 1.02773e+06, 0
7.96257e+06, 5.65945e+06, 0
3.62782e+06, 1.69799e+06, 0
6.90084e+06, 2.76346e+06, 0
4.31346e+06, 1.0509e+06, 0
6.44915e+06, 4.46339e+06, 0
6.79643e+06, 5.38606e+06, 0
3.62781e+06, 1.21916e+06, 0
2.08343e+06, 669869, 0
8.57729e+06, 4.00023e+06, 0
9.33999e+06, 3.03263e+06, 0
9.77618e+06, 870793, 0
3.69493e+06, 1.53256e+06, 0
4.53608e+06, 3.81057e+06, 0
5.15153e+06, 1.76139e+06, 0
3.28974e+06, 2.49402e+06, 0
3.64341e+06, 867750, 0
2.99195e+06, 1.59075e+06, 0
4.06361e+06, 2.02613e+06, 0
5.03321e+06, 2.50363e+06, 0
5.02214e+06, 836804, 0
3.8927e+06, 2.38067e+06, 0
3.82912e+06, 2.91733e+06, 0
9.44771e+06, 2.70296e+06, 0
4.50899e+06, 2.14185e+06, 0
7.49887e+06, 5.23215e+06, 0
3.95302e+06, 2.56046e+06, 0
6.4091e+06, 4.61892e+06, 0
5.87401e+06, 3.82312e+06, 0
6.68041e+06, 1.92144e+06, 0
8.11503e+06, 4.01255e+06, 0
3.48926e+06, 1.91152e+06, 0
3.70076e+06, 2.89239e+06, 0
1.48806e+07, 5.36635e+06, 0
2.99639e+06, 1.81711e+06, 0
5.82329e+06, 4.49979e+06, 0
7.40774e+06, 5.26853e+06, 0
6.35952e+06, 4.88295e+06, 0
8.03702e+06, 4.47056e+06, 0
5.00521e+06, 2.18017e+06, 0
7.03994e+06, 2.90661e+06, 0
6.88983e+06, 2.86824e+06, 0
2.85588e+06, 1.56203e+06, 0
5.76762e+06, 4.94231e+06, 0
4.54732e+06, 1.87483e+06, 0
8.13288e+06, 3.4552e+06, 0
5.74656e+06, 2.00377e+06, 0
1.13559e+07, 6.47756e+06, 0
1.23245e+07, 4.1051e+06, 0
8.01416e+06, 2.42597e+06, 0
4.6423e+06, 3.0371e+06, 0
3.92436e+06, 3.19206e+06, 0
3.32221e+06, 1.33352e+06, 0
5.46814e+06, 1.6479e+06, 0
6.4211e+06, 4.79588e+06, 0
3.10488e+06, 1.66599e+06, 0
8.69509e+06, 5.64037e+06, 0
6.4545e+06, 1.95067e+06, 0
5.71282e+06, 2.41956e+06, 0
4.05767e+06, 2.76834e+06, 0
4.02081e+06, 1.85806e+06, 0
6.9779e+06, 853151, 0
7.09354e+06, 4.66527e+06, 0
7.65974e+06, 489051, 0
4.2059e+06, 2.10293e+06, 0
9.99525e+06, 6.5045e+06, 0
5.71945e+06, 3.74327e+06, 0
4.43905e+06, 1.60757e+06, 0
5.06591e+06, 96309, 0
8.59592e+06, 834294, 0
9.86413e+06, 5.65162e+06, 0
6.62432e+06, 3.80939e+06, 0
8.32465e+06, 6.21877e+06, 0
1.05337e+07, 4.36594e+06, 0
5.17317e+06, 3.26137e+06, 0
4.19875e+06, 1.39327e+06, 0
5.53802e+06, 2.85644e+06, 0
5.5154e+06, 2.30552e+06, 0
5.93279e+06, 5.24463e+06, 0
7.10151e+06, 5.74262e+06, 0
7.51186e+06, 4.72353e+06, 0
1.3343e+07, 3.71747e+06, 0
1.01408e+07, 5.61398e+06, 0
9.84968e+06, 4.62539e+06, 0
4.22699e+06, 2.76773e+06, 0
4.90226e+06, 2.89592e+06, 0
8.7787e+06, 6.22059e+06, 0
7.65051e+06, 1.35929e+06, 0
5.66999e+06, 933098, 0
4.26281e+06, 1.29628e+06, 0
7.71987e+06, 1.32597e+06, 0
5.27513e+06, 3.49869e+06, 0
9.23023e+06, 4.97278e+06, 0
1.05232e+07, 4.32327e+06, 0
5.31249e+06, 704793, 0
1.19635e+07, 7.01123e+06, 0
4.88947e+06, 2.37683e+06, 0
5.42925e+06, 2.8367e+06, 0
6.711e+06, 1.8211e+06, 0
5.15433e+06, 1.68633e+06, 0
7.47287e+06, 5.98645e+06, 0
5.37738e+06, 2.74356e+06, 0
5.60582e+06, 3.51292e+06, 0
4.98224e+06, 279854, 0
7.82943e+06, 3.30047e+06, 0
2.25447e+06, 854453, 0
4.71462e+06, 1.39088e+06, 0
6.16767e+06, 2.45872e+06, 0
2.39585e+06, 533885, 0
6.1295e+06, 3.19414e+06, 0
5.27685e+06, 1.73702e+06, 0
3.63762e+06, 1.49402e+06, 0
7.58789e+06, 5.98614e+06, 0
4.90213e+06, 3.84266e+06, 0
4.47997e+06, 2.70291e+06, 0
4.64871e+06, 1.8988e+06, 0
3.34318e+06, 1.34931e+06, 0
3.43681e+06, 2.47274e+06, 0
8.69627e+06, 6.67707e+06, 0
3.07161e+06, 2.51671e+06, 0
3.37751e+06, 1.6066e+06, 0
7.16456e+06, 4.67553e+06, 0
4.32837e+06, 2.46597e+06, 0
6.73134e+06, 2.71843e+06, 0
5.79251e+06, 2.3423e+06, 0
3.34097e+06, 1.95087e+06, 0
4.3901e+06, 1.67297e+06, 0
4.2686e+06, 3.44042e+06, 0
9.18738e+06, 6.44515e+06, 0
9.93822e+06, 4.68456e+06, 0
1.13016e+07, 1.13114e+06, 0
5.97314e+06, 2.8221e+06, 0
5.92513e+06, 996363, 0
9.91006e+06, 3.0752e+06, 0
8.10944e+06, 2.27902e+06, 0
8.77306e+06, 2.45331e+06, 0
3.23958e+06, 1.25307e+06, 0
9.13355e+06, 3.10673e+06, 0
8.90042e+06, 919021, 0
6.91201e+06, 4.68043e+06, 0
4.25341e+06, 997445, 0
5.84657e+06, 2.76624e+06, 0
4.25172e+06, 2.54512e+06, 0
4.57399e+06, 2.71896e+06, 0
5.68855e+06, 2.24841e+06, 0
2.75445e+06, 1.29851e+06, 0
7.72162e+06, 2.22568e+06, 0
2.95382e+06, 1.92932e+06, 0
4.33935e+06, 3.07932e+06, 0
8.05857e+06, 5.24898e+06, 0
9.60667e+06, 4.15201e+06, 0
9.33536e+06, 4.08609e+06, 0
9.42738e+06, 4.29525e+06, 0
4.17736e+06, 2.88421e+06, 0
3.34138e+06, 768192, 0
7.13511e+06, 3.24757e+06, 0
9.00364e+06, 2.52935e+06, 0
1.16927e+07, 7.97528e+06, 0
4.08754e+06, 374575, 0
7.11417e+06, 4.75726e+06, 0
4.70164e+06, 2.59398e+06, 0
6.88911e+06, 5.35237e+06, 0
8.58319e+06, 5.37822e+06, 0
6.31639e+06, 680134, 0
7.66817e+06, 5.68061e+06, 0
5.31486e+06, 3.39242e+06, 0
8.86099e+06, 2.50109e+06, 0
3.0361e+06, 1.02116e+06, 0
7.09021e+06, 5.50921e+06, 0
3.55463e+06, 2.85405e+06, 0
3.378e+06, 2.38669e+06, 0
4.01288e+06, 1.08668e+06, 0
7.14193e+06, 910614, 0
3.18068e+06, 1.97428e+06, 0
2.95006e+06, 582961, 0
8.48988e+06, 6.22948e+06, 0
7.23117e+06, 3.58476e+06, 0
9.43427e+06, 7.15288e+06, 0
7.88597e+06, 786038, 0
7.13718e+06, 4.47608e+06, 0
6.33759e+06, 2.17843e+06, 0
3.98574e+06, 1.39857e+06, 0
9.14482e+06, 3.28367e+06, 0
2.41761e+06, 1.19412e+06, 0
1.1982e+07, 2.74528e+06, 0
1.00625e+07, 3.06566e+06, 0
3.10525e+06, 2.22678e+06, 0
3.80027e+06, 2.83713e+06, 0
1.10828e+07, 910133, 0
5.88403e+06, 4.79002e+06, 0
2.12467e+06, 933550, 0
2.26121e+06, 1.25087e+06, 0
5.8528e+06, 2.35016e+06, 0
6.27842e+06, 2.97688e+06, 0
7.05733e+06, 3.1314e+06, 0
6.18893e+06, 3.25258e+06, 0
4.01645e+06, 3.07573e+06, 0
7.46757e+06, 1.8008e+06, 0
1.62326e+07, 1.08831e+06, 0
5.67655e+06, 1.87295e+06, 0
5.34774e+06, 2.08526e+06, 0
4.05098e+06, 1.76351e+06, 0
6.00584e+06, 2.37756e+06, 0
9.30012e+06, 1.47446e+06, 0
5.94946e+06, 1.66779e+06, 0
4.80061e+06, 2.09101e+06, 0
1.36749e+07, 1.40737e+06, 0
5.66612e+06, 1.30891e+06, 0
5.15097e+06, 2.1714e+06, 0
5.72903e+06, 2.3682e+06, 0
1.11908e+07, 2.63914e+06, 0
9.89249e+06, 3.81787e+06, 0
9.22429e+06, 2.38555e+06, 0
6.69298e+06, 2.33752e+06, 0
5.33396e+06, 2.79144e+06, 0
7.53256e+06, 5.20086e+06, 0
7.74463e+06, 3.65657e+06, 0
8.03715e+06, 5.755e+06, 0
8.90272e+06, 4.4774e+06, 0
8.6481e+06, 5.35598e+06, 0
4.75118e+06, 2.80696e+06, 0
4.80603e+06, 4.04137e+06, 0
4.36867e+06, 2.13209e+06, 0
7.14541e+06, 1.1153e+06, 0
6.30882e+06, 2.62512e+06, 0
7.93436e+06, 5.31545e+06, 0
6.63834e+06, 3.00903e+06, 0
4.66652e+06, 4.09703e+06, 0
6.81462e+06, 3.71732e+06, 0
5.3795e+06, 2.09164e+06, 0
1.15498e+07, 2.68651e+06, 0
4.95566e+06, 4.45118e+06, 0
5.27931e+06, 3.73496e+06, 0
3.74495e+06, 1.57957e+06, 0
5.35319e+06, 3.19504e+06, 0
3.65935e+06, 2.08543e+06, 0
8.70584e+06, 1.27792e+06, 0
9.37441e+06, 2.07046e+06, 0
7.02829e+06, 3.44401e+06, 0
6.48999e+06, 1.37217e+06, 0
3.82138e+06, 1.25242e+06, 0
1.92927e+06, 211625, 0
1.86176e+06, 562152, 0
4.90748e+06, 3.24269e+06, 0
1.30934e+07, 1.23321e+06, 0
2.48596e+06, 1.05891e+06, 0
7.20992e+06, 2.71141e+06, 0
4.55656e+06, 2.15017e+06, 0
5.21248e+06, 4.29605e+06, 0
7.99162e+06, 3.7634e+06, 0
4.50597e+06, 2.94549e+06, 0
6.52878e+06, 3.4298e+06, 0
6.41344e+06, 4.34607e+06, 0
6.00792e+06, 1.73453e+06, 0
6.44368e+06, 1.45214e+06, 0
2.70575e+06, 1.55737e+06, 0
5.59702e+06, 2.85429e+06, 0
8.19944e+06, 5.70385e+06, 0
8.64869e+06, 6.58404e+06, 0
2.65802e+06, 1.95539e+06, 0
5.46419e+06, 3.37664e+06, 0
5.09645e+06, 4.11123e+06, 0
4.9047e+06, 3.09849e+06, 0
8.04036e+06, 3.13232e+06, 0
8.19097e+06, 6.59543e+06, 0
6.15937e+06, 1.09971e+06, 0
3.41066e+06, 1.08095e+06, 0
3.76034e+06, 2.68131e+06, 0
3.78326e+06, 3.07367e+06, 0
8.56966e+06, 1.71088e+06, 0
2.85001e+06, 1.10919e+06, 0
2.66201e+06, 2.09645e+06, 0
4.22494e+06, 3.47053e+06, 0
7.03052e+06, 2.69494e+06, 0
6.49627e+06, 903357, 0
8.4439e+06, 2.04984e+06, 0
5.14899e+06, 839840, 0
1.05043e+07, 9.5064e+06, 0
8.31687e+06, 4.94838e+06, 0
8.10865e+06, 3.34573e+06, 0
4.48765e+06, 1.86442e+06, 0
4.60209e+06, 3.26406e+06, 0
5.02579e+06, 3.02081e+06, 0
1.06453e+07, 5.06983e+06, 0
4.72639e+06, 3.49979e+06, 0
1.28621e+07, 2.51366e+06, 0
2.07547e+06, 68781.6, 0
2.65845e+06, 712854, 0
5.50746e+06, 1.85146e+06, 0
4.61632e+06, 1.355e+06, 0
3.63882e+06, 2.08652e+06, 0
2.5784e+06, 1.30932e+06, 0
5.43244e+06, 1.9684e+06, 0
5.37517e+06, 3.2188e+06, 0
9.898e+06, 4.47349e+06, 0
5.6852e+06, 2.8658e+06, 0
7.90135e+06, 5.15565e+06, 0
4.3995e+06, 3.81143e+06, 0
8.35603e+06, 6.19882e+06, 0
6.34571e+06, 3.92577e+06, 0
5.8939e+06, 4.09503e+06, 0
6.43099e+06, 4.27452e+06, 0
7.55404e+06, 5.52492e+06, 0
6.58759e+06, 5.52164e+06, 0
5.59527e+06, 2.80966e+06, 0
9.19553e+06, 6.5427e+06, 0
5.1632e+06, 1.07965e+06, 0
4.25522e+06, 3.45162e+06, 0
6.58644e+06, 4.30365e+06, 0
5.81557e+06, 3.02591e+06, 0
1.20249e+07, 6.50711e+06, 0
5.49501e+06, 3.17944e+06, 0
4.87981e+06, 878539, 0
3.29141e+06, 1.46275e+06, 0
3.85582e+06, 3.09093e+06, 0
6.61404e+06, 3.19748e+06, 0
9.84419e+06, 7.64429e+06, 0
5.74959e+06, 3.23101e+06, 0
7.09798e+06, 4.27113e+06, 0
3.45006e+06, 2.03067e+06, 0
7.2397e+06, 2.84708e+06, 0
6.95348e+06, 3.55314e+06, 0
7.86265e+06, 4.12185e+06, 0
7.86335e+06, 4.77332e+06, 0
6.84619e+06, 2.69689e+06, 0
5.31071e+06, 3.4776e+06, 0
5.25913e+06, 1.34097e+06, 0
8.76456e+06, 3.094e+06, 0
6.70517e+06, 2.93309e+06, 0
6.4615e+06, 2.70973e+06, 0
4.84748e+06, 3.80791e+06, 0
4.80726e+06, 1.06404e+06, 0
3.48258e+06, 2.64656e+06, 0
6.11744e+06, 3.29786e+06, 0
6.90746e+06, 1.61125e+06, 0
1.23837e+07, 6.81245e+06, 0
7.81433e+06, 374824, 0
4.08494e+06, 2.24899e+06, 0
9.68668e+06, 4.84504e+06, 0
5.34771e+06, 4.7268e+06, 0
7.98279e+06, 5.29253e+06, 0
5.71634e+06, 4.22734e+06, 0
4.70224e+06, 2.87685e+06, 0
7.02776e+06, 3.68878e+06, 0
8.77361e+06, 6.1905e+06, 0
2.18775e+06, 1.44451e+06, 0
2.57965e+06, 1.8443e+06, 0
7.38486e+06, 5.06458e+06, 0
2.54925e+06, 739912, 0
3.9277e+06, 1.81918e+06, 0
3.83402e+06, 2.03996e+06, 0
5.90798e+06, 3.85375e+06, 0
1.04715e+07, 5.41922e+06, 0
7.68764e+06, 5.79253e+06, 0
4.70789e+06, 2.91878e+06, 0
4.75923e+06, 2.11731e+06, 0
8.80012e+06, 3.73138e+06, 0
7.79575e+06, 3.87026e+06, 0
6.71653e+06, 908042, 0
5.07823e+06, 4.40547e+06, 0
3.31083e+06, 363824, 0
8.89679e+06, 4.87791e+06, 0
3.6097e+06, 1.77124e+06, 0
8.72239e+06, 1.26346e+06, 0
3.70801e+06, 2.1378e+06, 0
2.3631e+06, 719057, 0
3.25157e+06, 654076, 0
7.876e+06, 960870, 0
9.76635e+06, 5.29511e+06, 0
9.10748e+06, 1.22318e+06, 0
6.28869e+06, 1.57948e+06, 0
7.63435e+06, 6.26295e+06, 0
4.73389e+06, 3.64784e+06, 0
4.58289e+06, 1.7036e+06, 0
6.37843e+06, 4.24938e+06, 0
5.09957e+06, 3.34144e+06, 0
8.02711e+06, 5.95224e+06, 0
4.98733e+06, 1.96782e+06, 0
3.31818e+06, 1.57796e+06, 0
7.2056e+06, 3.655e+06, 0
7.60743e+06, 4.18134e+06, 0
3.81423e+06, 1.88666e+06, 0
5.30919e+06, 4.15978e+06, 0
5.803e+06, 2.00771e+06, 0
4.27786e+06, 3.44801e+06, 0
1.21833e+07, 3.17492e+06, 0
6.70934e+06, 4.3394e+06, 0
2.3958e+06, 1.35845e+06, 0
3.07004e+06, 2.02659e+06, 0
5.81277e+06, 2.63501e+06, 0
7.79588e+06, 5.79516e+06, 0
6.57679e+06, 1.26677e+06, 0
4.69472e+06, 2.30914e+06, 0
9.43561e+06, 3.54713e+06, 0
7.98658e+06, 6.19342e+06, 0
5.54334e+06, 2.94519e+06, 0
7.97902e+06, 4.82651e+06, 0
5.98177e+06, 2.58731e+06, 0
3.32512e+06, 2.55614e+06, 0
3.97086e+06, 1.91459e+06, 0
3.00769e+06, 844709, 0
9.92093e+06, 6.19728e+06, 0
5.78065e+06, 4.16275e+06, 0
2.58655e+06, 1.4547e+06, 0
7.92733e+06, 6.59069e+06, 0
6.80269e+06, 5.75163e+06, 0
2.43998e+06, 1.84027e+06, 0
4.29803e+06, 3.19748e+06, 0
5.87754e+06, 3.22115e+06, 0
5.10477e+06, 655868, 0
8.34152e+06, 1.13602e+06, 0
6.36231e+06, 2.49554e+06, 0
2.81855e+06, 2.01594e+06, 0
8.9256e+06, 3.27786e+06, 0
6.64957e+06, 3.53188e+06, 0
8.19907e+06, 3.12694e+06, 0
4.0129e+06, 1.2802e+06, 0
1.97313e+06, 1.36015e+06, 0
4.58675e+06, 4.01699e+06, 0
5.67001e+06, 2.18456e+06, 0
4.07018e+06, 495681, 0
1.25886e+07, 4.17766e+06, 0
4.61917e+06, 1.14131e+06, 0
9.10613e+06, 3.29935e+06, 0
9.28592e+06, 5.42666e+06, 0
7.83046e+06, 4.68512e+06, 0
3.70454e+06, 1.7502e+06, 0
1.03542e+07, 1.58403e+06, 0
6.00194e+06, 3.01521e+06, 0
6.27497e+06, 2.5953e+06, 0
5.16986e+06, 383895, 0
7.13184e+06, 3.93785e+06, 0
6.46186e+06, 2.62456e+06, 0
9.3025e+06, 1.28444e+06, 0
8.34884e+06, 6.08466e+06, 0
6.62429e+06, 4.58262e+06, 0
1.08921e+07, 60219, 0
7.65357e+06, 5.54225e+06, 0
5.1692e+06, 965295, 0
5.19718e+06, 333620, 0
5.7905e+06, 4.81693e+06, 0
8.06983e+06, 4.7163e+06, 0
2.53412e+06, 1.3176e+06, 0
1.51323e+07, 8.11761e+06, 0
6.57404e+06, 3.23947e+06, 0
5.64198e+06, 4.74037e+06, 0
5.01291e+06, 3.58154e+06, 0
4.08409e+06, 1.64812e+06, 0
4.74476e+06, 1.05618e+06, 0
5.86713e+06, 2.16711e+06, 0
6.08134e+06, 1.81315e+06, 0
5.37707e+06, 2.30508e+06, 0
8.57382e+06, 6.54085e+06, 0
7.30986e+06, 3.23321e+06, 0
6.72681e+06, 1.39473e+06, 0
7.56158e+06, 5.42285e+06, 0
3.9684e+06, 1.71185e+06, 0
8.88011e+06, 5.50119e+06, 0
2.8483e+06, 1.5517e+06, 0
8.17988e+06, 3.3079e+06, 0
3.82984e+06, 2.92573e+06, 0
6.81337e+06, 3.93456e+06, 0
4.33696e+06, 1.29301e+06, 0
1.02099e+07, 5.30638e+06, 0
4.45538e+06, 2.07803e+06, 0
6.96741e+06, 3.9948e+06, 0
5.37387e+06, 4.30075e+06, 0
2.25517e+06, 1.22752e+06, 0
6.27205e+06, 742439, 0
3.67662e+06, 2.73854e+06, 0
5.27066e+06, 2.43622e+06, 0
7.58015e+06, 2.68035e+06, 0
7.0929e+06, 3.70226e+06, 0
7.95974e+06, 2.42907e+06, 0
6.65009e+06, 4.29175e+06, 0
6.34984e+06, 3.67748e+06, 0
3.04382e+06, 1.72165e+06, 0
3.59286e+06, 772353, 0
7.3852e+06, 6.33472e+06, 0
1.14605e+07, 6.17089e+06, 0
5.07329e+06, 2.06099e+06, 0
5.06507e+06, 1.8241e+06, 0
5.55547e+06, 1.21321e+06, 0
9.15698e+06, 6.99846e+06, 0
4.48341e+06, 1.12945e+06, 0
3.94288e+06, 3.19992e+06, 0
3.02619e+06, 1.90636e+06, 0
3.55323e+06, 2.21361e+06, 0
4.38107e+06, 2.46725e+06, 0
6.19468e+06, 4.52874e+06, 0
7.5585e+06, 3.60173e+06, 0
6.25683e+06, 4.52951e+06, 0
2.62916e+06, 1.25394e+06, 0
6.1933e+06, 2.41028e+06, 0
6.49435e+06, 5.19701e+06, 0
5.31071e+06, 3.2463e+06, 0
4.66114e+06, 1.62904e+06, 0
2.2192e+06, 1.49162e+06, 0
9.98166e+06, 4.56979e+06, 0
7.87653e+06, 6.82388e+06, 0
6.36888e+06, 3.75412e+06, 0
5.3705e+06, 3.29796e+06, 0
5.97022e+06, 2.01482e+06, 0
3.55904e+06, 1.29571e+06, 0
7.80011e+06, 4.23588e+06, 0
2.89636e+06, 1.06039e+06, 0
1.91723e+06, 370398, 0
4.1389e+06, 1.16448e+06, 0
9.84895e+06, 1.22213e+06, 0
3.1978e+06, 2.06944e+06, 0
3.73306e+06, 1.6278e+06, 0
4.82291e+06, 2.7556e+06, 0
6.66623e+06, 3.6867e+06, 0
4.15856e+06, 1.34592e+06, 0
9.92628e+06, 1.88822e+06, 0
3.93919e+06, 2.17912e+06, 0
8.53626e+06, 4.39744e+06, 0
2.62781e+06, 1.99834e+06, 0
1.07949e+07, 2.55472e+06, 0
4.93275e+06, 1.41588e+06, 0
8.32758e+06, 5.2235e+06, 0
5.25257e+06, 439912, 0
5.24126e+06, 3.05573e+06, 0
5.57796e+06, 3.11869e+06, 0
2.06041e+06, 532512, 0
8.96345e+06, 1.47232e+06, 0
7.84868e+06, 5.06179e+06, 0
4.80436e+06, 1.7e+06, 0
4.6316e+06, 3.14932e+06, 0
4.39362e+06, 1.63472e+06, 0
8.63997e+06, 6.54214e+06, 0
7.00987e+06, 3.1506e+06, 0
7.12422e+06, 5.64747e+06, 0
7.44842e+06, 3.90167e+06, 0
4.42077e+06, 1.63694e+06, 0
6.75403e+06, 1.4803e+06, 0
6.59143e+06, 3.27528e+06, 0
1.17587e+07, 3.19802e+06, 0
6.48517e+06, 4.95115e+06, 0
7.02167e+06, 609997, 0
6.83108e+06, 3.8779e+06, 0
5.04942e+06, 1.595e+06, 0
5.18182e+06, 2.80566e+06, 0
5.91339e+06, 1.32111e+06, 0
8.92957e+06, 4.55758e+06, 0
4.93549e+06, 4.00543e+06, 0
4.27928e+06, 1.6399e+06, 0
4.93709e+06, 773770, 0
4.71812e+06, 2.80398e+06, 0
5.77069e+06, 2.05688e+06, 0
2.6675e+06, 1.43322e+06, 0
6.58498e+06, 4.83429e+06, 0
7.92916e+06, 1.6456e+06, 0
5.07368e+06, 2.45838e+06, 0
6.49003e+06, 5.35598e+06, 0
8.34346e+06, 3.37227e+06, 0
5.41067e+06, 313451, 0
6.65855e+06, 4.61563e+06, 0
3.06569e+06, 1.6486e+06, 0
9.17677e+06, 5.42614e+06, 0
1.39837e+07, 6.18978e+06, 0
1.00147e+07, 4.22843e+06, 0
8.64988e+06, 2.36185e+06, 0
2.179e+06, 1.26136e+06, 0
6.8786e+06, 2.18549e+06, 0
9.54474e+06, 3.95937e+06, 0
6.32954e+06, 1.9923e+06, 0
9.26845e+06, 6.05224e+06, 0
6.07496e+06, 3.32735e+06, 0
4.45703e+06, 184762, 0
7.4764e+06, 2.41366e+06, 0
6.2931e+06, 1.87071e+06, 0
4.62644e+06, 1.30813e+06, 0
2.66657e+06, 1.72446e+06, 0
8.03637e+06, 777701, 0
5.38623e+06, 3.19055e+06, 0
4.63492e+06, 2.81748e+06, 0
5.62146e+06, 1.71101e+06, 0
6.74629e+06, 168245, 0
4.28496e+06, 1.25194e+06, 0
4.3291e+06, 2.54409e+06, 0
1.06192e+07, 6.78662e+06, 0
7.15881e+06, 5.95133e+06, 0
1.0584e+07, 5.05205e+06, 0
9.74754e+06, 3.80374e+06, 0
6.51679e+06, 5.81701e+06, 0
6.63996e+06, 4.33984e+06, 0
6.63591e+06, 2.78067e+06, 0
8.50365e+06, 3.63359e+06, 0
5.98392e+06, 1.98532e+06, 0
6.37522e+06, 3.74804e+06, 0
4.89589e+06, 2.94227e+06, 0
5.24793e+06, 3.12611e+06, 0
4.30203e+06, 2.40333e+06, 0
9.09732e+06, 3.19414e+06, 0
8.2797e+06, 6.42469e+06, 0
7.5607e+06, 4.29391e+06, 0
9.28157e+06, 2.92281e+06, 0
3.64582e+06, 2.76451e+06, 0
9.23008e+06, 4.6797e+06, 0
3.52526e+06, 2.7619e+06, 0
7.09581e+06, 4.97674e+06, 0
3.28822e+06, 1.81648e+06, 0
3.69252e+06, 2.62896e+06, 0
7.57193e+06, 6.30867e+06, 0
1.18029e+07, 7.71602e+06, 0
9.34112e+06, 4.40969e+06, 0
2.47104e+06, 310431, 0
1.10898e+07, 5.20128e+06, 0
2.86346e+06, 1.57136e+06, 0
5.98238e+06, 3.09857e+06, 0
7.27427e+06, 3.01112e+06, 0
8.33485e+06, 2.71179e+06, 0
6.8477e+06, 4.83762e+06, 0
1.12144e+07, 8.5156e+06, 0
7.03372e+06, 4.28539e+06, 0
7.18355e+06, 2.35815e+06, 0
1.3566e+07, 4.75084e+06, 0
4.38573e+06, 1.31156e+06, 0
9.96415e+06, 7.13814e+06, 0
1.11721e+07, 905506, 0
1.02646e+07, 801644, 0
6.00723e+06, 1.51416e+06, 0
3.59248e+06, 2.79505e+06, 0
1.22724e+07, 7.41831e+06, 0
2.81909e+06, 2.13583e+06, 0
5.80892e+06, 3.15824e+06, 0
4.02831e+06, 2.03315e+06, 0
4.9188e+06, 3.73502e+06, 0
9.69829e+06, 4.0266e+06, 0
4.17067e+06, 1.58214e+06, 0
4.45566e+06, 2.20447e+06, 0
5.19358e+06, 1.19823e+06, 0
7.50349e+06, 655374, 0
2.91763e+06, 1.81616e+06, 0
9.63572e+06, 691327, 0
4.69333e+06, 2.37492e+06, 0
7.124e+06, 2.81661e+06, 0
6.83283e+06, 5.27472e+06, 0
6.19514e+06, 2.30851e+06, 0
2.60562e+06, 1.39298e+06, 0
8.46495e+06, 6.03864e+06, 0
7.67607e+06, 1.80597e+06, 0
4.44599e+06, 2.03412e+06, 0
3.79015e+06, 2.36844e+06, 0
3.4962e+06, 2.41149e+06, 0
2.4678e+06, 1.08079e+06, 0
6.00551e+06, 1.92821e+06, 0
4.43861e+06, 238986, 0
6.96796e+06, 2.52915e+06, 0
4.33729e+06, 1.74842e+06, 0
9.34281e+06, 343920, 0
4.48433e+06, 2.11039e+06, 0
2.83572e+06, 1.79904e+06, 0
6.72206e+06, 875458, 0
5.58632e+06, 3.47131e+06, 0
4.60604e+06, 1.70477e+06, 0
7.81981e+06, 2.13374e+06, 0
6.94679e+06, 4.2925e+06, 0
7.01383e+06, 2.01404e+06, 0
8.4772e+06, 4.8188e+06, 0
7.7302e+06, 5.84611e+06, 0
3.88233e+06, 1.09414e+06, 0
7.40566e+06, 3.85604e+06, 0
7.17049e+06, 1.39682e+06, 0
5.57223e+06, 2.46555e+06, 0
5.0784e+06, 1.83993e+06, 0
2.83315e+06, 1.26964e+06, 0
3.39186e+06, 1.97758e+06, 0
3.73327e+06, 2.36332e+06, 0
2.96696e+06, 1.85458e+06, 0
8.37474e+06, 1.5988e+06, 0
4.4313e+06, 2.82251e+06, 0
5.80901e+06, 2.19522e+06, 0
3.68006e+06, 836287, 0
3.01811e+06, 1.53726e+06, 0
3.16656e+06, 1.24549e+06, 0
8.78605e+06, 7.82595e+06, 0
6.65313e+06, 3.68693e+06, 0
9.51888e+06, 2.69244e+06, 0
8.31113e+06, 6.33654e+06, 0
6.1294e+06, 2.8554e+06, 0
8.16909e+06, 3.6587e+06, 0
4.5448e+06, 3.50638e+06, 0
6.52322e+06, 5.3837e+06, 0
4.36022e+06, 2.38753e+06, 0
8.20551e+06, 1.66515e+06, 0
5.62639e+06, 4.25249e+06, 0
7.35353e+06, 2.96774e+06, 0
8.84491e+06, 3.51e+06, 0
4.49203e+06, 1.46745e+06, 0
3.81579e+06, 1.91728e+06, 0
3.30999e+06, 389706, 0
9.85657e+06, 4.27891e+06, 0
1.19334e+07, 605985, 0
6.27292e+06, 2.40986e+06, 0
1.12854e+07, 8.63036e+06, 0
5.11878e+06, 2.94036e+06, 0
3.59955e+06, 1.11462e+06, 0
6.10776e+06, 1.21645e+06, 0
5.50094e+06, 4.60257e+06, 0
2.97095e+06, 1.3875e+06, 0
4.06259e+06, 1.58379e+06, 0
4.06182e+06, 2.40796e+06, 0
6.79474e+06, 4.51463e+06, 0
8.11158e+06, 3.17601e+06, 0
4.36827e+06, 1.10882e+06, 0
2.02399e+06, 1.12711e+06, 0
4.55659e+06, 2.67366e+06, 0
3.78635e+06, 2.51764e+06, 0
4.14038e+06, 1.72529e+06, 0
6.73793e+06, 5.02179e+06, 0
3.64381e+06, 1.91687e+06, 0
5.61896e+06, 3.54555e+06, 0
2.97169e+06, 2.30355e+06, 0
6.05566e+06, 3.5709e+06, 0
9.7505e+06, 5.94256e+06, 0
3.65454e+06, 2.60479e+06, 0
4.37656e+06, 2.55268e+06, 0
8.65835e+06, 4.976e+06, 0
7.74586e+06, 967168, 0
8.17965e+06, 3.42571e+06, 0
4.30569e+06, 2.67001e+06, 0
5.75986e+06, 3.86875e+06, 0
4.01737e+06, 1.72348e+06, 0
4.48811e+06, 585706, 0
3.93404e+06, 525194, 0
5.65412e+06, 2.09559e+06, 0
2.49756e+06, 1.34554e+06, 0
4.73495e+06, 2.86928e+06, 0
3.40572e+06, 1.88052e+06, 0
5.32704e+06, 4.65229e+06, 0
7.46696e+06, 4.71913e+06, 0
6.32839e+06, 2.83822e+06, 0
4.22533e+06, 2.02475e+06, 0
3.99145e+06, 2.20953e+06, 0
5.48323e+06, 3.07453e+06, 0
6.19962e+06, 3.5293e+06, 0
1.0578e+07, 8.9563e+06, 0
7.39079e+06, 2.87561e+06, 0
3.87837e+06, 2.0204e+06, 0
2.24135e+06, 1.52374e+06, 0
7.49441e+06, 3.5379e+06, 0
1.14717e+07, 6.50297e+06, 0
6.86711e+06, 1.9445e+06, 0
5.4107e+06, 1.3667e+06, 0
2.66459e+06, 1.99588e+06, 0
3.29714e+06, 2.27845e+06, 0
4.28709e+06, 2.6354e+06, 0
8.74329e+06, 7.59639e+06, 0
6.17307e+06, 2.17377e+06, 0
5.67738e+06, 1.34858e+06, 0
8.90726e+06, 5.64478e+06, 0
6.42995e+06, 5.18809e+06, 0
8.49204e+06, 7.63905e+06, 0
6.73734e+06, 4.21764e+06, 0
5.23706e+06, 3.79027e+06, 0
5.07804e+06, 2.0305e+06, 0
3.82768e+06, 2.72945e+06, 0
1.01503e+07, 2.89789e+06, 0
3.55605e+06, 2.61226e+06, 0
3.01842e+06, 1.61952e+06, 0
6.10332e+06, 3.0099e+06, 0
5.52116e+06, 3.61918e+06, 0
3.9927e+06, 3.30173e+06, 0
6.2994e+06, 1.07457e+06, 0
5.22643e+06, 1.34055e+06, 0
6.75234e+06, 1.67102e+06, 0
4.66655e+06, 1.93127e+06, 0
4.0111e+06, 2.30261e+06, 0
6.52558e+06, 3.83458e+06, 0
6.1856e+06, 3.16011e+06, 0
1.20099e+07, 8.72748e+06, 0
7.26078e+06, 5.29769e+06, 0
9.6532e+06, 4.87226e+06, 0
7.02377e+06, 4.33498e+06, 0
8.46688e+06, 6.34367e+06, 0
7.01082e+06, 4.61009e+06, 0
3.48383e+06, 929219, 0
4.44027e+06, 321812, 0
5.90346e+06, 4.34807e+06, 0
6.41569e+06, 1.90498e+06, 0
7.95612e+06, 6.76505e+06, 0
7.54483e+06, 6.19221e+06, 0
2.88518e+06, 1.70295e+06, 0
8.53928e+06, 2.37832e+06, 0
4.33449e+06, 2.60413e+06, 0
4.23581e+06, 1.95294e+06, 0
8.42967e+06, 4.93779e+06, 0
3.90087e+06, 1.05309e+06, 0
5.41888e+06, 4.7658e+06, 0
7.62007e+06, 1.85526e+06, 0
5.58039e+06, 4.76483e+06, 0
5.10284e+06, 1.25943e+06, 0
4.09743e+06, 3.03836e+06, 0
1.94162e+06, 1.08522e+06, 0
6.56954e+06, 3.81392e+06, 0
6.34813e+06, 4.34662e+06, 0
4.38112e+06, 1.43787e+06, 0
1.08645e+07, 4.08902e+06, 0
7.68779e+06, 4.12829e+06, 0
1.08894e+07, 6.74477e+06, 0
5.04271e+06, 4.47829e+06, 0
4.17382e+06, 953675, 0
4.37585e+06, 2.67981e+06, 0
5.49447e+06, 3.28763e+06, 0
4.12101e+06, 3.05537e+06, 0
6.29533e+06, 5.33076e+06, 0
9.80788e+06, 4.68925e+06, 0
2.97204e+06, 1.49113e+06, 0
7.30815e+06, 4.63482e+06, 0
4.29304e+06, 1.68738e+06, 0
7.06311e+06, 3.78254e+06, 0
1.38452e+07, 6.53811e+06, 0
3.25362e+06, 2.28816e+06, 0
8.91848e+06, 2.22136e+06, 0
6.83586e+06, 2.42738e+06, 0
1.24487e+07, 2.7279e+06, 0
6.91884e+06, 3.54727e+06, 0
9.27161e+06, 2.91154e+06, 0
5.00141e+06, 1.97418e+06, 0
7.15812e+06, 5.94644e+06, 0
7.54087e+06, 6.40567e+06, 0
3.91843e+06, 2.34598e+06, 0
7.12818e+06, 4.06388e+06, 0
5.78202e+06, 2.39817e+06, 0
9.31178e+06, 2.65041e+06, 0
2.74461e+06, 1.57922e+06, 0
5.31526e+06, 372621, 0
3.34629e+06, 958286, 0
7.87753e+06, 5.06137e+06, 0
7.51821e+06, 4.80533e+06, 0
4.15346e+06, 2.069e+06, 0
8.13241e+06, 5.59427e+06, 0
5.2481e+06, 2.23064e+06, 0
4.09155e+06, 719639, 0
5.72275e+06, 4.75765e+06, 0
9.35986e+06, 3.30096e+06, 0
3.40763e+06, 1.1039e+06, 0
5.06557e+06, 1.17497e+06, 0
8.00419e+06, 5.94776e+06, 0
2.83544e+06, 837253, 0
7.77827e+06, 2.48959e+06, 0
1.04051e+07, 3.11124e+06, 0
1.11894e+07, 4.51824e+06, 0
1.26609e+07, 3.3642e+06, 0
6.23423e+06, 4.128e+06, 0
7.15083e+06, 3.99998e+06, 0
4.27706e+06, 3.63807e+06, 0
7.02753e+06, 6.32918e+06, 0
6.92772e+06, 4.21078e+06, 0
4.54877e+06, 2.20896e+06, 0
7.63902e+06, 5.09952e+06, 0
7.63959e+06, 6.01542e+06, 0
6.25176e+06, 3.47325e+06, 0
8.00128e+06, 4.6861e+06, 0
7.30986e+06, 4.09923e+06, 0
3.70333e+06, 2.30832e+06, 0
5.58671e+06, 100588, 0
4.56616e+06, 3.75861e+06, 0
2.1808e+06, 706557, 0
6.35584e+06, 5.61314e+06, 0
3.96946e+06, 1.1558e+06, 0
3.39745e+06, 151375, 0
2.56155e+06, 1.18495e+06, 0
4.2493e+06, 182490, 0
4.46299e+06, 2.55272e+06, 0
7.31165e+06, 2.91601e+06, 0
5.77668e+06, 2.59588e+06, 0
6.50364e+06, 3.26516e+06, 0
6.10719e+06, 1.57995e+06, 0
7.52065e+06, 5.52674e+06, 0
5.16628e+06, 3.57266e+06, 0
6.3029e+06, 2.1413e+06, 0
6.4593e+06, 1.33511e+06, 0
7.58718e+06, 5.15714e+06, 0
2.79084e+06, 1.58775e+06, 0
7.67929e+06, 2.91548e+06, 0
8.09722e+06, 5.25586e+06, 0
3.40257e+06, 2.55492e+06, 0
2.66269e+06, 1.31218e+06, 0
5.84244e+06, 2.03802e+06, 0
6.14249e+06, 4.31347e+06, 0
5.65893e+06, 4.64218e+06, 0
7.91612e+06, 3.32742e+06, 0
6.04891e+06, 2.46836e+06, 0
5.44506e+06, 4.28132e+06, 0
4.98429e+06, 1.86213e+06, 0
3.80685e+06, 622559, 0
4.26869e+06, 3.60509e+06, 0
3.59417e+06, 2.04801e+06, 0
1.07806e+07, 4.92868e+06, 0
3.97344e+06, 2.90154e+06, 0
5.98546e+06, 2.90467e+06, 0
4.6025e+06, 1.3671e+06, 0
5.41274e+06, 1.52677e+06, 0
3.52323e+06, 826981, 0
5.73463e+06, 3.84899e+06, 0
9.08374e+06, 5.892e+06, 0
7.57628e+06, 2.88565e+06, 0
5.33592e+06, 4.13368e+06, 0
8.09796e+06, 4.69557e+06, 0
1.08165e+07, 3.01818e+06, 0
4.91808e+06, 1.63646e+06, 0
6.118e+06, 5.54256e+06, 0
6.27901e+06, 840739, 0
6.40849e+06, 2.96449e+06, 0
5.74006e+06, 4.05313e+06, 0
5.27688e+06, 1.73032e+06, 0
6.1293e+06, 5.13888e+06, 0
2.82112e+06, 1.93161e+06, 0
8.19546e+06, 6.32445e+06, 0
9.98876e+06, 4.79114e+06, 0
4.43502e+06, 1.08486e+06, 0
6.8612e+06, 4.29982e+06, 0
2.12333e+06, 563303, 0
1.05098e+07, 2.19157e+06, 0
9.30671e+06, 3.43291e+06, 0
4.19839e+06, 3.14274e+06, 0
5.51815e+06, 4.86616e+06, 0
3.37348e+06, 1.11499e+06, 0
5.69686e+06, 2.39565e+06, 0
8.27107e+06, 6.68531e+06, 0
5.14848e+06, 1.98157e+06, 0
8.80233e+06, 5.89233e+06, 0
6.60304e+06, 3.03479e+06, 0
7.94596e+06, 3.94444e+06, 0
5.27906e+06, 3.2126e+06, 0
7.27503e+06, 5.20319e+06, 0
6.02888e+06, 1.5469e+06, 0
8.8471e+06, 5.16173e+06, 0
5.82713e+06, 4.52101e+06, 0
5.25579e+06, 342871, 0
8.26974e+06, 2.50779e+06, 0
3.78877e+06, 3.01704e+06, 0
3.74056e+06, 1.86054e+06, 0
6.12529e+06, 3.43571e+06, 0
1.61764e+06, 355211, 0
6.79913e+06, 2.46748e+06, 0
3.1249e+06, 1.75262e+06, 0
5.72438e+06, 1.78956e+06, 0
5.96711e+06, 3.53441e+06, 0
6.22427e+06, 5.34501e+06, 0
9.37035e+06, 6.55244e+06, 0
7.76796e+06, 3.47784e+06, 0
1.01982e+07, 9.42812e+06, 0
5.66749e+06, 2.3027e+06, 0
8.07555e+06, 5.93688e+06, 0
5.65112e+06, 2.07036e+06, 0
4.08319e+06, 1.17435e+06, 0
7.81093e+06, 1.144e+06, 0
3.13139e+06, 475834, 0
5.38637e+06, 4.87978e+06, 0
5.72479e+06, 1.54041e+06, 0
2.51824e+06, 1.55174e+06, 0
7.22435e+06, 1.4084e+06, 0
9.25593e+06, 3.95479e+06, 0
6.74026e+06, 5.91e+06, 0
5.85771e+06, 5.16574e+06, 0
5.85955e+06, 3.69844e+06, 0
4.87744e+06, 729414, 0
2.98159e+06, 1.67718e+06, 0
3.87197e+06, 2.49297e+06, 0
3.02609e+06, 1.39333e+06, 0
7.44561e+06, 5.69871e+06, 0
1.01374e+07, 4.42247e+06, 0
9.34526e+06, 2.72976e+06, 0
3.90138e+06, 2.4124e+06, 0
8.41946e+06, 620263, 0
5.2162e+06, 2.29126e+06, 0
3.15697e+06, 2.52448e+06, 0
8.7523e+06, 2.62125e+06, 0
6.09416e+06, 1.00632e+06, 0
2.77418e+06, 1.8559e+06, 0
8.1932e+06, 4.34137e+06, 0
6.61195e+06, 5.49001e+06, 0
2.32577e+06, 265078, 0
5.84672e+06, 2.16371e+06, 0
3.8606e+06, 937486, 0
7.00313e+06, 4.8234e+06, 0
3.64184e+06, 2.40712e+06, 0
2.82259e+06, 1.24341e+06, 0
6.59081e+06, 2.30563e+06, 0
6.05971e+06, 351971, 0
1.15814e+07, 4.66085e+06, 0
5.23203e+06, 3.27397e+06, 0
5.50238e+06, 4.55967e+06, 0
8.49205e+06, 4.20168e+06, 0
5.81895e+06, 3.40849e+06, 0
1.31193e+07, 9.47792e+06, 0
4.41316e+06, 2.02299e+06, 0
1.22874e+07, 3.26891e+06, 0
3.58155e+06, 2.68309e+06, 0
8.1487e+06, 4.92734e+06, 0
3.32902e+06, 1.87475e+06, 0
3.7142e+06, 2.01702e+06, 0
5.80248e+06, 4.9851e+06, 0
7.36874e+06, 1.6642e+06, 0
5.43176e+06, 1.60747e+06, 0
6.43574e+06, 2.14814e+06, 0
6.02651e+06, 2.46251e+06, 0
1.10489e+07, 5.02793e+06, 0
8.73182e+06, 5.76325e+06, 0
1.0283e+07, 2.82296e+06, 0
4.58857e+06, 937634, 0
5.47312e+06, 2.3413e+06, 0
5.44143e+06, 3.16169e+06, 0
6.62336e+06, 4.2908e+06, 0
2.27573e+06, 610178, 0
1.02856e+07, 6.61908e+06, 0
4.31766e+06, 2.41497e+06, 0
4.9683e+06, 1.31507e+06, 0
7.4205e+06, 5.8329e+06, 0
5.5161e+06, 2.37847e+06, 0
6.96921e+06, 3.27856e+06, 0
1.04398e+07, 8.52001e+06, 0
4.77616e+06, 3.10548e+06, 0
5.73107e+06, 3.4852e+06, 0
5.98989e+06, 2.3251e+06, 0
9.19677e+06, 3.67676e+06, 0
2.55589e+06, 581386, 0
1.08604e+07, 6.7428e+06, 0
3.18832e+06, 1.72743e+06, 0
3.3503e+06, 1.40796e+06, 0
1.13209e+07, 3.8702e+06, 0
2.03995e+06, 652163, 0
8.39119e+06, 4.47535e+06, 0
3.10308e+06, 1.23813e+06, 0
3.67934e+06, 3.08065e+06, 0
3.44547e+06, 2.85863e+06, 0
7.31444e+06, 957908, 0
5.53926e+06, 3.18428e+06, 0
6.35548e+06, 5.26666e+06, 0
9.11468e+06, 1.38048e+06, 0
6.56221e+06, 5.48082e+06, 0
2.2813e+06, 622342, 0
6.48088e+06, 631359, 0
4.62685e+06, 2.40282e+06, 0
4.75638e+06, 1.74283e+06, 0
7.14372e+06, 2.55763e+06, 0
4.50748e+06, 2.94501e+06, 0
6.0792e+06, 2.3029e+06, 0
8.90047e+06, 2.74043e+06, 0
5.42166e+06, 1.6894e+06, 0
5.28756e+06, 3.24633e+06, 0
5.92564e+06, 1.61802e+06, 0
3.72395e+06, 2.71478e+06, 0
3.45529e+06, 1.97221e+06, 0
6.14242e+06, 1.61809e+06, 0
3.16541e+06, 1.89758e+06, 0
6.94336e+06, 2.14769e+06, 0
6.37918e+06, 3.34333e+06, 0
8.55931e+06, 3.60663e+06, 0
7.03596e+06, 1.41558e+06, 0
7.25502e+06, 2.59735e+06, 0
6.14769e+06, 2.73587e+06, 0
5.20673e+06, 3.35237e+06, 0
5.32443e+06, 4.62103e+06, 0
8.28746e+06, 2.45836e+06, 0
6.45733e+06, 267086, 0
6.73584e+06, 3.85372e+06, 0
5.369e+06, 2.82434e+06, 0
3.27026e+06, 2.15593e+06, 0
5.66258e+06, 3.05293e+06, 0
5.56526e+06, 4.35014e+06, 0
4.53654e+06, 2.84371e+06, 0
4.78805e+06, 2.50545e+06, 0
3.49117e+06, 2.02445e+06, 0
1.07473e+07, 4.78203e+06, 0
7.30585e+06, 3.29765e+06, 0
7.45722e+06, 5.28488e+06, 0
6.22197e+06, 4.31092e+06, 0
3.66998e+06, 2.26724e+06, 0
1.97458e+06, 95421.5, 0
3.19792e+06, 1.94554e+06, 0
2.9828e+06, 476436, 0
7.85792e+06, 3.37633e+06, 0
7.43994e+06, 4.18225e+06, 0
8.98744e+06, 5.64233e+06, 0
4.04526e+06, 3.49611e+06, 0
5.70718e+06, 3.83643e+06, 0
5.01518e+06, 2.44801e+06, 0
3.97048e+06, 3.18908e+06, 0
3.41066e+06, 2.61612e+06, 0
8.07594e+06, 6.10873e+06, 0
8.71166e+06, 1.54768e+06, 0
6.52377e+06, 5.4581e+06, 0
5.32877e+06, 1.46615e+06, 0
2.93836e+06, 1.7818e+06, 0
7.20609e+06, 3.74467e+06, 0
9.90406e+06, 2.16184e+06, 0
1.05233e+07, 7.82741e+06, 0
7.02234e+06, 3.60278e+06, 0
4.5597e+06, 2.59753e+06, 0
6.03361e+06, 2.04725e+06, 0
3.66803e+06, 1.39467e+06, 0
3.55026e+06, 1.02564e+06, 0
2.94003e+06, 1.53024e+06, 0
4.91895e+06, 1.16785e+06, 0
7.9347e+06, 5.21339e+06, 0
1.39332e+07, 5.21712e+06, 0
4.27378e+06, 2.6368e+06, 0
4.87481e+06, 1.44385e+06, 0
