58769.7, 66685.5, 0
3100.33, 134433, 0
51741.8, 50731.7, 0
23620.2, 110144, 0
66640.7, 60157.3, 0
17073.4, 30619.2, 0
1681.46, 30562.8, 0
28505.7, 81175.6, 0
9626.18, 33845.7, 0
452.044, 120060, 0
10684.5, 29384.7, 0
3352.85, 85954.4, 0
41457.3, 49543.7, 0
78590.8, 124371, 0
1579.09, 71739.2, 0
115276, 60244.1, 0
23060.6, 35096.3, 0
39469.7, 99474.8, 0
62919, 44988.2, 0
22968.2, 31677.6, 0
510.025, 93271.3, 0
48820, 111704, 0
325.978, 84131, 0
110571, 57772.9, 0
41117.4, 41252.4, 0
53606.4, 79049.9, 0
23648.6, 111456, 0
17852.7, 76398.3, 0
25794.4, 57938.5, 0
64371.1, 94975.3, 0
5900.39, 43469.8, 0
37002.1, 69324.6, 0
25711.2, 65131.1, 0
8523.84, 66013, 0
15530.6, 54739.3, 0
65399.4, 26460, 0
30234.4, 46219.3, 0
57542.2, 70746.4, 0
21335.8, 43840.6, 0
1324.39, 134035, 0
28659.6, 91592.2, 0
45778.3, 101160, 0
50751.5, 87641.7, 0
22144.9, 30410.6, 0
20154.7, 75199.9, 0
49112.3, 95718.4, 0
55179.3, 95976.5, 0
8970.04, 68683.6, 0
36354.7, 68537.9, 0
41592.1, 36953.6, 0
69593.4, 94530.5, 0
26789.2, 65978.6, 0
17924.8, 67082.2, 0
15145.4, 58063.6, 0
3011.17, 49177.6, 0
40154.7, 44081.6, 0
33029, 25419.2, 0
5201.52, 61000.6, 0
55395.2, 79110.9, 0
58215.3, 45550.6, 0
27336.7, 58680.5, 0
19499.9, 84999.7, 0
1940.5, 37520.9, 0
786.524, 68381.8, 0
58774.8, 34887.2, 0
4243.94, 28654.1, 0
11437.1, 121637, 0
30987, 63059.5, 0
15678.1, 48781.4, 0
15421.3, 36637.2, 0
50174.9, 54477.4, 0
45554.2, 69244.8, 0
14601.8, 39338.5, 0
109185, 71699.4, 0
4299, 27036.5, 0
39201, 93852.2, 0
6194.69, 51241.4, 0
23515.3, 91642.5, 0
45918.6, 35518, 0
1875.87, 21288.1, 0
338.189, 60476.8, 0
51188.4, 41650, 0
55431.5, 69661.2, 0
72538.5, 37834.1, 0
28833.9, 31165.3, 0
5676.91, 83915.4, 0
8245.83, 104461, 0
11766.2, 39307.1, 0
77036.1, 147981, 0
66461.9, 35644.9, 0
2307.54, 45774.4, 0
23502.8, 51953.8, 0
9024.78, 57379.4, 0
11918.5, 56153.1, 0
2173.53, 64362.5, 0
5421.12, 33446.5, 0
8450.15, 51091.7, 0
39450.1, 152362, 0
52110.3, 47415, 0
53329.5, 81000.3, 0
32148.4, 67052.5, 0
50862.1, 48215.8, 0
34094, 62158.3, 0
35062.3, 61776.8, 0
5486.17, 90205.9, 0
20711.1, 43015.5, 0
35847.4, 70023.1, 0
11657.2, 75994.5, 0
47412.9, 69800, 0
46685.7, 66294.2, 0
74357.9, 124257, 0
3713.81, 58449.7, 0
71108.8, 82712.6, 0
16531, 66744.2, 0
8508.62, 43389.9, 0
1953.37, 72135.4, 0
33163.2, 90567.5, 0
16853, 42839.8, 0
52264.3, 68565.5, 0
31714.2, 68045.1, 0
10017, 30187.4, 0
8854.91, 93731.4, 0
38069.6, 48081.4, 0
6826.05, 29653.8, 0
15413.6, 101735, 0
5743.9, 57080.8, 0
23291.4, 26711.6, 0
43047.3, 69665.8, 0
4582.42, 85242.9, 0
53972.5, 99035.4, 0
5647.99, 44550.7, 0
7005.29, 57554, 0
43527.6, 103056, 0
11240.1, 67630.2, 0
17170.2, 29784.3, 0
22083.4, 36271, 0
8998.33, 57248.1, 0
40849.5, 58257.2, 0
19035.5, 105050, 0
89390.6, 128500, 0
49839.6, 29000.1, 0
28954.4, 86698.2, 0
43051.1, 67260, 0
45372.9, 41898.5, 0
62383.2, 37632.9, 0
61368.4, 124211, 0
2643.14, 100550, 0
13755.8, 33662.4, 0
21246.3, 77048.4, 0
63955.6, 52108.9, 0
47073.2, 41379.2, 0
43705, 64983.8, 0
44555.8, 105177, 0
26330.5, 68450.3, 0
47045.4, 56710.9, 0
29184.1, 45125.3, 0
22071.2, 79683.7, 0
46451.4, 47500.1, 0
9770.39, 45759.2, 0
10878.1, 43352.6, 0
15887.2, 118666, 0
18681.1, 35987.8, 0
40675.3, 43464.6, 0
9954.43, 41968.5, 0
16453.5, 61682.4, 0
41272.4, 53270, 0
43014.1, 47110.4, 0
64973.2, 66584.5, 0
17868.1, 16836.3, 0
67032.6, 34314.3, 0
25848.5, 121637, 0
5495.84, 116418, 0
39793.4, 124823, 0
6622.08, 68903, 0
12624.6, 107653, 0
29411.8, 79772.4, 0
24222.6, 81755.3, 0
353.038, 79073.4, 0
26118.9, 44528.9, 0
50495.3, 141933, 0
63195.4, 105984, 0
45057.5, 74448.6, 0
34994.9, 83836.9, 0
35109.3, 57810.2, 0
66386.4, 35475.5, 0
56567.5, 39914.2, 0
9014.95, 25121.6, 0
2251.92, 24296.7, 0
3281.61, 14284.9, 0
18157.6, 52573.3, 0
51294.7, 77639.6, 0
20144.9, 33607.6, 0
62229.3, 50662.3, 0
45541.4, 44098, 0
18879.2, 18828, 0
68210.1, 26783.6, 0
15564.9, 103487, 0
37162.3, 59965.9, 0
4064.98, 43102.1, 0
4943.4, 100929, 0
46158.4, 62302.8, 0
42467.5, 71764.2, 0
18935.4, 61403, 0
112543, 60931.4, 0
5214.43, 32872.8, 0
25030.6, 21653.1, 0
10937.4, 60594.4, 0
52469.3, 87256, 0
9085.55, 82320.7, 0
4358.61, 77001.4, 0
9774.57, 37068.7, 0
8819.44, 52318.1, 0
107493, 92285.4, 0
8159.74, 54343.3, 0
25534.7, 72303.6, 0
42477.2, 79255.4, 0
34145.6, 78073.9, 0
67338.1, 38049.9, 0
10526.6, 74293.3, 0
58532.5, 96892.6, 0
46681.9, 40325.1, 0
55722.7, 34691.1, 0
50417.2, 109246, 0
61309.7, 66322.5, 0
24399.8, 52092.7, 0
8437.51, 28003, 0
70129.3, 57808.3, 0
34472.7, 61457.5, 0
9852.85, 61352.6, 0
71339.4, 79918.5, 0
10999.2, 53779.6, 0
76839, 27035.4, 0
98288.1, 70093.1, 0
56806.4, 124350, 0
50955.8, 53373.3, 0
29613.3, 53975.3, 0
36691.1, 106614, 0
16160.5, 92175, 0
37416.9, 51535, 0
12172.4, 72919.5, 0
20059.8, 54792.2, 0
14659.3, 43316.9, 0
39550.6, 58672.9, 0
14758.6, 58495.5, 0
47435.7, 98194.7, 0
4719.93, 29986.5, 0
4119.16, 77107, 0
15882.1, 70078.8, 0
18082.4, 120907, 0
57655.6, 69323.4, 0
2917.59, 112084, 0
12942.6, 40638.9, 0
23707.6, 71818.3, 0
51835.5, 18848.3, 0
50497.4, 92033.9, 0
8975.84, 27461.5, 0
23211.5, 129213, 0
42289.4, 44561.7, 0
51248.2, 75204.7, 0
9221.51, 84021.9, 0
10717.1, 65054.8, 0
60814.1, 21278.5, 0
9085.23, 75257.3, 0
8197.13, 82819.2, 0
45827.2, 109579, 0
4687.6, 69781.3, 0
36925.3, 81290.1, 0
21103.2, 81732.1, 0
13149.7, 70822.5, 0
114721, 45069.9, 0
12859.4, 44896.7, 0
58477.9, 31001.5, 0
8026.74, 30084.3, 0
26520.6, 42933.2, 0
29358.3, 58902.3, 0
12817.5, 108121, 0
33452.2, 58367.4, 0
14499.2, 125109, 0
59451.5, 105722, 0
5470.05, 34712.9, 0
54136.8, 113992, 0
14445, 82389.7, 0
3011.32, 53455.6, 0
25132.3, 88157.6, 0
11692.3, 32218.3, 0
65864.1, 56408, 0
35940.6, 33104.8, 0
46669.2, 72394.3, 0
12071.3, 18506.3, 0
32647.3, 79650.6, 0
65696.8, 8394.63, 0
53941.8, 43881.3, 0
26044.1, 77067.1, 0
27493.2, 60053.6, 0
19151, 23543.9, 0
23633.1, 44536.8, 0
6562.37, 35074.1, 0
50103, 45495, 0
42332.1, 49666.2, 0
86635, 53538.6, 0
30255.9, 144974, 0
1225.81, 29696.4, 0
41845.4, 142589, 0
40915, 88530.1, 0
19846.2, 102592, 0
46859.6, 28572.3, 0
30352.2, 19660.8, 0
23436.6, 67537.4, 0
19680, 16888.9, 0
45283.7, 129251, 0
33247.9, 64305.2, 0
17129, 52153.3, 0
78241.1, 79890.1, 0
30732.8, 156600, 0
10307.1, 82207.2, 0
1866.02, 49419.8, 0
18125, 92008.9, 0
51267.4, 94980.1, 0
31866.9, 47960.8, 0
29371, 30057.6, 0
8212.58, 38515.3, 0
31837.8, 71179.4, 0
79117.6, 68321.9, 0
31026.9, 122193, 0
49152.2, 62814, 0
6477.78, 24098, 0
52888.3, 67152.6, 0
1481.66, 26752, 0
67067.2, 36047.2, 0
18761.5, 80650.7, 0
23705.6, 56358.5, 0
31321.3, 53647.3, 0
12662.6, 50803.6, 0
23096.8, 77157, 0
18401.1, 132064, 0
10402.7, 70939.2, 0
28895.9, 113343, 0
134352, 90320.9, 0
56801.3, 99304.1, 0
56535.2, 60091.4, 0
61202.5, 53158.3, 0
89074.8, 29046.2, 0
4680.93, 55131.5, 0
7860.98, 60823.1, 0
29164.7, 38383.3, 0
62796.4, 87905.8, 0
16367.8, 80284.6, 0
173.861, 85199.7, 0
30252.3, 80826.3, 0
6847.9, 83538.8, 0
17364, 134067, 0
22137.3, 75449, 0
123641, 49615.3, 0
28341.5, 131266, 0
63160.4, 139667, 0
11525.2, 55894.9, 0
30064.5, 74847.5, 0
36853.4, 88389.1, 0
54055.9, 35039, 0
1097.67, 49252.3, 0
29885.3, 68380, 0
20599.7, 135201, 0
17669.2, 18771.4, 0
7016.3, 44816.7, 0
10244.2, 60494.4, 0
26113.7, 62891.2, 0
6684.25, 124126, 0
53274.4, 79978.8, 0
38159.5, 79777.1, 0
44404.1, 109392, 0
70541, 29520.5, 0
53269.5, 46609.4, 0
33235.4, 55955.3, 0
5107.99, 63776.1, 0
55609.9, 67593.1, 0
18919.4, 73439, 0
22905.4, 77911, 0
27887.9, 38753.8, 0
14843.5, 106772, 0
3856.5, 45022.6, 0
6744.23, 66507.3, 0
82396.2, 107615, 0
3524.42, 39325.2, 0
10001.3, 46695.2, 0
37100.8, 91615.1, 0
15662, 53602.6, 0
9562.42, 87163, 0
67694.1, 29415.8, 0
26871.9, 82177, 0
40073.1, 34788.8, 0
20938.9, 71544, 0
15133.2, 93667.3, 0
19387.7, 129388, 0
57061.4, 105650, 0
49749.3, 114536, 0
89470.4, 96767.3, 0
8345.41, 143900, 0
23966.5, 32565.8, 0
51645.5, 53847.5, 0
990.134, 68060, 0
19678.3, 139697, 0
10571.7, 88475.6, 0
115338, 109673, 0
46106.3, 74948.2, 0
58771.2, 40848.6, 0
49576.6, 54877.9, 0
66294.5, 19518.5, 0
9824.98, 32533.4, 0
33108.5, 87540.5, 0
38428.9, 112207, 0
25531.9, 49894, 0
33234.1, 36180.9, 0
65985.5, 37415.1, 0
35758.3, 87548.5, 0
11995, 23759.9, 0
3726.13, 74526.4, 0
80687.8, 48030.6, 0
59347.4, 56810.8, 0
80033.9, 123155, 0
29507.4, 64404.9, 0
67674.3, 41894, 0
8420.78, 69528.3, 0
14445.7, 45605.6, 0
6430.96, 92392.7, 0
10136.1, 75773.7, 0
5135.12, 59480.4, 0
73417.7, 73727.3, 0
42469.2, 78338.4, 0
25712.9, 31490.8, 0
25298.5, 29073.3, 0
8479.48, 36201.9, 0
34979.5, 77643, 0
10642.9, 35037.1, 0
49313.2, 130111, 0
9424.19, 49660, 0
52896, 77372.2, 0
23755.5, 83034.3, 0
16334.6, 47247.6, 0
18780.3, 153705, 0
105068, 76852.4, 0
47152.3, 66841, 0
65608.7, 70408.8, 0
44828.3, 54025.8, 0
14651.8, 82513.4, 0
57993.4, 65406.8, 0
5044.19, 75749.1, 0
16745.6, 74747.5, 0
7739.97, 83691.7, 0
9395.44, 125440, 0
37483.5, 141398, 0
47848.3, 72114.7, 0
29359, 94390, 0
68383, 22708.3, 0
58855.5, 56730.7, 0
47496.4, 50218, 0
53213.7, 55123.3, 0
4052.78, 60349, 0
1319.85, 64553.2, 0
42617.5, 65676.1, 0
85163.2, 134900, 0
112788, 47649.5, 0
36167.1, 48878.4, 0
28474, 44936.7, 0
31648.8, 71404.7, 0
25656.8, 103164, 0
27312.8, 46606.5, 0
23056.8, 28982, 0
43978.8, 58698.5, 0
11268.2, 53168.4, 0
8936.34, 76593.5, 0
1485.71, 57003.1, 0
30082.2, 66524.1, 0
13094.7, 50519.5, 0
10501.7, 66013.7, 0
64669.7, 51733.4, 0
1909.95, 77470.3, 0
5416.95, 67637.1, 0
36016.6, 57800.6, 0
3410.35, 39165.5, 0
48425.9, 61030, 0
23575.6, 32255.7, 0
29512.9, 27376.3, 0
67947.2, 49688.9, 0
36718.1, 53551.1, 0
29284.7, 80004.4, 0
20665.5, 49978.7, 0
21575.6, 49372.6, 0
49241.4, 69493.1, 0
1658.59, 92919.6, 0
3360.62, 115498, 0
67727.3, 14013.7, 0
17857.4, 111946, 0
33304.7, 71726.5, 0
72076.4, 8220.23, 0
6184.01, 75673.2, 0
58934.1, 69742.1, 0
58092.9, 77575, 0
7079.84, 60442.3, 0
19613.5, 29601.2, 0
2486.44, 51324, 0
58894.6, 135878, 0
20208.6, 26069.1, 0
6099.07, 42413.2, 0
110405, 42339, 0
29452, 97381.7, 0
8524.54, 86768.7, 0
10013.3, 36555.6, 0
17265.8, 74550.1, 0
53736.1, 78787.8, 0
13626.8, 87877.6, 0
1272.89, 77371.2, 0
37702.2, 85825.6, 0
62835.4, 40473.6, 0
45719.8, 103963, 0
52623.1, 136964, 0
8669.54, 82340.1, 0
50174.4, 71699.9, 0
43022.4, 160921, 0
56919.1, 24520.9, 0
34044.5, 65956.9, 0
27346.9, 39467.3, 0
23431.4, 76239.4, 0
9385.47, 43359.3, 0
26128.1, 65226.2, 0
41000.3, 96659, 0
22301.2, 39331.3, 0
18873.6, 67214.4, 0
38521.5, 57629.1, 0
41723.5, 68939.9, 0
8574.16, 83313, 0
5517.71, 61840.4, 0
3808.86, 105975, 0
43479.6, 55864.2, 0
42087.4, 85673, 0
50174, 34106, 0
17620.2, 147241, 0
17041.7, 70095.2, 0
12070.6, 35031.4, 0
65134.9, 9475.7, 0
24104, 36321, 0
31283.4, 31135.6, 0
4707.13, 56809.1, 0
58575.9, 44039.5, 0
68598.2, 42233.8, 0
57990.8, 35972.4, 0
4788.81, 95030, 0
30289.2, 55442.1, 0
30303.4, 120100, 0
52852.2, 85867.7, 0
6508.18, 35769.7, 0
18906.8, 50371.3, 0
25325.6, 42859.8, 0
24226.8, 78916.9, 0
72996.6, 67216, 0
13764.4, 50065, 0
21240.3, 64704.4, 0
32908.2, 61789.7, 0
62463.9, 79051.4, 0
110978, 115977, 0
61829.6, 119831, 0
4929.51, 112775, 0
32044.6, 126913, 0
40169.7, 107477, 0
64820, 61497.1, 0
12962.2, 56293.2, 0
34817.1, 72023, 0
81751, 105644, 0
61073.2, 58983.9, 0
33044.5, 49079.5, 0
53503.6, 42617.3, 0
32794.5, 80739.3, 0
46059.6, 42978.4, 0
53491.2, 72281.3, 0
92072.4, 63870.2, 0
15087.2, 53980.2, 0
131921, 67544.8, 0
5213.21, 59578.7, 0
45089.8, 59296.4, 0
10669.2, 102524, 0
58306.1, 18262.2, 0
1503.14, 49501, 0
2649.41, 33255.9, 0
56385.1, 46565.9, 0
4720.34, 56411.8, 0
4113.89, 45060.7, 0
23005.5, 51420.2, 0
23642.7, 69952.4, 0
21826.4, 56121.9, 0
56449.2, 42745.1, 0
19497.3, 73102.2, 0
29034.6, 51912.8, 0
19962.2, 55153, 0
29889.2, 42896.6, 0
22292, 30857.1, 0
8468.43, 118953, 0
52556.4, 29114.4, 0
9448.29, 37994.8, 0
61808.7, 93830.7, 0
39834, 41572.2, 0
58158.1, 36877.1, 0
26540.7, 74643.7, 0
7218.13, 20949.1, 0
17332.2, 73883.8, 0
46139.2, 44853.9, 0
2637.58, 59527.8, 0
19517.7, 57369.2, 0
26510.5, 34597.5, 0
13538.6, 117785, 0
57151.9, 92842, 0
11329.3, 50369.9, 0
57855.1, 46946.7, 0
8069.45, 44686.1, 0
78619.1, 67941.7, 0
24312.7, 62216.5, 0
65210.7, 35364.4, 0
8082.26, 109539, 0
31717.1, 80360, 0
15504.7, 136070, 0
52220.2, 92746.6, 0
16726.1, 30361.3, 0
33591.8, 76924.9, 0
49035.1, 38969.1, 0
17678, 85096.2, 0
51046.3, 64688, 0
21203.9, 57401.6, 0
43706, 48140.3, 0
59353.4, 78834.8, 0
67569.4, 98448.3, 0
60657, 115211, 0
23950.8, 110234, 0
40822.9, 109681, 0
28103.2, 47442.8, 0
132633, 120806, 0
43908.7, 120837, 0
85277.4, 109354, 0
22222.7, 84796.5, 0
35450.5, 61627.4, 0
46662.9, 135840, 0
38669.3, 83080.1, 0
10903.8, 44772.3, 0
60841.8, 53411.3, 0
21619.1, 102557, 0
34011.8, 54535, 0
14992.4, 34148.1, 0
2558.17, 24700.6, 0
58251.8, 30672.1, 0
21218.3, 69244.2, 0
2175.67, 59952.7, 0
57696.5, 92205, 0
3566.98, 83457.2, 0
13293.5, 58939, 0
27096.5, 73174.3, 0
24477.1, 111130, 0
69054.6, 45892.6, 0
18521.3, 48181.2, 0
55272.8, 34313.2, 0
29998.7, 34755.3, 0
40475.5, 54232, 0
22794.4, 84576.7, 0
2817.91, 73040.8, 0
14292.9, 69638.4, 0
16341.5, 79831.5, 0
39463.7, 33029.2, 0
37719.4, 46554.2, 0
63288.7, 81027.9, 0
45370, 93672.1, 0
50562.2, 47834.3, 0
34267.3, 66321.6, 0
14026.7, 36191.9, 0
14611.6, 37189, 0
59325.5, 67102, 0
7301.96, 72450.4, 0
15341.7, 55691.3, 0
22344.1, 89093.9, 0
50463.9, 85360, 0
10420.4, 53231.8, 0
40057.6, 49996.2, 0
63275.2, 47593.4, 0
41466.8, 37981.6, 0
11540.5, 74693.2, 0
8586.01, 102038, 0
4393.88, 89080.8, 0
15077.3, 81087.1, 0
24381, 32244.7, 0
14661.2, 24966.3, 0
2159.1, 68669, 0
99073.3, 98001.5, 0
14569, 143564, 0
9788.91, 30118.7, 0
14539.8, 81194.8, 0
30222, 32523.7, 0
33889, 66383, 0
127837, 10279.4, 0
61280.5, 35629.7, 0
4524.97, 36259.9, 0
127468, 70651.5, 0
71892.7, 22525, 0
31542.1, 69010.8, 0
15274.1, 79906.4, 0
56378.8, 77587.7, 0
43958.7, 116562, 0
45197.9, 81940.5, 0
16101.4, 90213.5, 0
18052.9, 44019.5, 0
13353.2, 50310.8, 0
6855.79, 57977.6, 0
60054, 94482, 0
18697.8, 72226.1, 0
23681.7, 103551, 0
26830.4, 80599.8, 0
46400.1, 67834.8, 0
32930.5, 71207.1, 0
47886.1, 57455.2, 0
5463.13, 71635, 0
42816.3, 51858.5, 0
51999.5, 65555.3, 0
49842.9, 60249.2, 0
16387.3, 33815.3, 0
14919.1, 43163.1, 0
14652, 59225.7, 0
11605.2, 95264.7, 0
4901.03, 75574.3, 0
60731.3, 21677.5, 0
7014.88, 56434.7, 0
51230.1, 56980.7, 0
18970.1, 76305.9, 0
22323.3, 65625.6, 0
18608.6, 68734.2, 0
3658.71, 40280.2, 0
35040.4, 41618.2, 0
42107.8, 57641.9, 0
49099.4, 52782, 0
58389.5, 84843.1, 0
43802.5, 69897.1, 0
13953.6, 73392.3, 0
30143.2, 45202.8, 0
45896.1, 60739.5, 0
12448.1, 29645.2, 0
63598.6, 60321.4, 0
33160.6, 35111.9, 0
57871.6, 89668.4, 0
74228.9, 95804.7, 0
53190, 56367.6, 0
40073.1, 76244.7, 0
30730.4, 79169.2, 0
17376.9, 97347.3, 0
12534, 92707.8, 0
14587.4, 65656.5, 0
20487.1, 96256.6, 0
21620, 75203.5, 0
3141.97, 48020.4, 0
56933.4, 57185.2, 0
15463.4, 53223.5, 0
58743.7, 46267.9, 0
5847.64, 35796.2, 0
25556.1, 23072.2, 0
45047, 110779, 0
7637.89, 57410.1, 0
6686.47, 39117.9, 0
19418.9, 61922.6, 0
61518.3, 67362.3, 0
59719.2, 60017.3, 0
1979.4, 27827.4, 0
26272.3, 36362.9, 0
75110.9, 16891.6, 0
9389.36, 95131.8, 0
27656.2, 37885.6, 0
24125.8, 67318.9, 0
65438.6, 40483.8, 0
28323, 43728, 0
98235.6, 84880.4, 0
44721.8, 109731, 0
1763.7, 43846.5, 0
16150.1, 104024, 0
8537.85, 36966.5, 0
9203.21, 53904.5, 0
62746.3, 125417, 0
64480.5, 52054.7, 0
7754.21, 18926.1, 0
22587.8, 82826.4, 0
64669.9, 88854.7, 0
53309.8, 64142.1, 0
22451.2, 91970.9, 0
12240.1, 72555, 0
38591, 36683.5, 0
30496.5, 37938.4, 0
41602, 51574.9, 0
10240.7, 112395, 0
26236, 25157.3, 0
20795.5, 88957.8, 0
2870.01, 119336, 0
4575.14, 26339.9, 0
30755.7, 66001.6, 0
61175.5, 72316.5, 0
34495, 106590, 0
48102.7, 65575.4, 0
5090, 92258.1, 0
42977.8, 51203.6, 0
12059.7, 64802.5, 0
68911.4, 99117.1, 0
28143.6, 84254.6, 0
38924.8, 62678.6, 0
70459.6, 83560.7, 0
4211.92, 71419.4, 0
38237.4, 53761.4, 0
5487.42, 83861.6, 0
61295.1, 25526.7, 0
21278.1, 76473.6, 0
3440.57, 75183, 0
9717.43, 121865, 0
22871.9, 30162.3, 0
51902, 75004, 0
21698.4, 24203.3, 0
49556.1, 78752.2, 0
9899.81, 66559.7, 0
6801.1, 67045.4, 0
121280, 106896, 0
25590.4, 112063, 0
56443.7, 104315, 0
43348.7, 50537, 0
2837.14, 38334.7, 0
22852.1, 86624.7, 0
31287.5, 74008.5, 0
48767.9, 63220, 0
24534, 38402.6, 0
19474.6, 78164.5, 0
3378.67, 78633.3, 0
7954.48, 26890.2, 0
54276.4, 39418.7, 0
75092.1, 133172, 0
61884.7, 69114.4, 0
9003.91, 77700.8, 0
4884.24, 72897.9, 0
28266.2, 42872.1, 0
25837.9, 72513.6, 0
34981.8, 80078.7, 0
40867.3, 68856.4, 0
66318.5, 23748.9, 0
43100.8, 58887.7, 0
1531.79, 25056.3, 0
78345.4, 100997, 0
12134.8, 54845, 0
84175.4, 58753, 0
41814.4, 49423.5, 0
23847.4, 100974, 0
3144.7, 46139.8, 0
14155.6, 40096.3, 0
57425.4, 72765.5, 0
9734.05, 27217.8, 0
20731.4, 95777.5, 0
40464.8, 65724.4, 0
11729.7, 114849, 0
29738.3, 61544.6, 0
8895.79, 67514.1, 0
48234.2, 47606.1, 0
33122.5, 74467.7, 0
1526.78, 38545.2, 0
52166.3, 125219, 0
33530.5, 63920.2, 0
46383.1, 29300, 0
38135.4, 63357.6, 0
10022.6, 64793.4, 0
53742.1, 47478.1, 0
26264.3, 49868.8, 0
2258.48, 76887.1, 0
22051.9, 59351.8, 0
1169.36, 39923.1, 0
32040, 70531.8, 0
17936, 44315.4, 0
68873.7, 124942, 0
19025.2, 95744.6, 0
1578.77, 94198.2, 0
8774.69, 84557.3, 0
13806.1, 63860.7, 0
13584.8, 116465, 0
53555.6, 119764, 0
3685.83, 82125.7, 0
7646.12, 91486.7, 0
62308.7, 54864.9, 0
12767.6, 67607.1, 0
54056.8, 97044.3, 0
27119.1, 143223, 0
26775.4, 87322.1, 0
53466.7, 55992.6, 0
3800.02, 62739, 0
20047, 50649.3, 0
25932.5, 47845.5, 0
30001.7, 85371.6, 0
38699.6, 66155, 0
20073.3, 41525.7, 0
1414.22, 20486, 0
7581.22, 23384.1, 0
14153.6, 43161.6, 0
65770.1, 101661, 0
118938, 49830.2, 0
44028.9, 115403, 0
50296.6, 89783, 0
66809.2, 69653.4, 0
25126.6, 77736, 0
46160.4, 73049.5, 0
72810.2, 15005.9, 0
34784.7, 42463.3, 0
21718.5, 101501, 0
615.864, 36815.6, 0
25109.6, 35426.2, 0
40067.8, 60833.1, 0
55370.5, 36203, 0
21464, 47679.7, 0
47591.3, 49292.4, 0
37979, 47354, 0
29935.5, 97767.9, 0
67783.9, 46452.4, 0
18210.3, 25299.2, 0
66325.5, 22685.9, 0
4903.06, 58553, 0
58806.9, 77171.8, 0
3076.68, 110886, 0
16186.4, 101449, 0
53036.3, 50745.1, 0
18458.5, 62249.8, 0
59878.9, 87303.8, 0
61659.3, 97336, 0
69482.5, 47340.7, 0
58339.3, 29143.5, 0
37743.9, 60302.6, 0
42791.5, 58998.9, 0
7257.58, 56373.6, 0
125830, 35286.4, 0
12856, 37325.9, 0
31722.6, 35660.5, 0
5336.69, 59751, 0
89149.6, 103822, 0
22304.1, 83382.9, 0
2703.42, 52517.6, 0
11423.7, 82336.2, 0
21803.7, 90223.3, 0
51430.3, 57421, 0
10279.5, 44084.6, 0
17395.8, 40824, 0
34894.4, 42434.9, 0
47799.3, 99697, 0
19159.1, 74954.8, 0
40983, 45907.3, 0
31500.1, 49142.9, 0
17065.1, 76835.5, 0
124386, 87616.4, 0
41156.2, 78399.2, 0
64303.1, 89524.4, 0
28739.5, 56583.2, 0
20261.3, 78834.3, 0
30970.8, 55779.9, 0
30476.8, 93294.2, 0
45046.7, 50165.3, 0
17682.5, 60473.3, 0
3422.84, 70864.4, 0
33153.5, 60796.7, 0
26780.4, 120265, 0
21619, 46946, 0
28956, 83620.9, 0
26244.5, 45198.4, 0
6313.75, 58908.8, 0
17076.5, 87056.1, 0
13397.5, 100442, 0
57445.8, 24827.8, 0
28331.6, 45152.5, 0
9664.25, 33904.8, 0
27161.6, 37795.8, 0
20377.1, 90741.1, 0
14154.3, 124617, 0
86310.7, 79140.4, 0
26883.7, 54808.6, 0
4342.69, 47414.5, 0
21109.2, 36288.9, 0
24847.2, 53540.7, 0
27220.5, 49591.3, 0
36844.5, 39419.1, 0
49558.2, 60025.5, 0
10744.8, 56466.2, 0
12550.2, 39957.9, 0
58161.5, 35686.9, 0
11767, 73034.7, 0
22212.3, 92071.3, 0
55700.1, 80067.6, 0
6484.42, 40595.2, 0
56704.5, 121757, 0
22890.7, 29362.2, 0
4172.37, 105215, 0
16662.6, 70336, 0
7588.04, 71469.6, 0
28358.6, 74442.3, 0
76551.9, 18444.7, 0
7469.59, 50256.8, 0
24039.7, 34603.1, 0
40358.4, 48182.7, 0
47148, 28036.7, 0
46894.3, 32024.6, 0
32459.8, 30612, 0
3224.28, 102371, 0
63299.7, 42231.3, 0
71734.1, 44806.3, 0
131295, 107286, 0
442.398, 108384, 0
49990.9, 131978, 0
75017.5, 23632.2, 0
36172.6, 32075.7, 0
31801.4, 36928.7, 0
39874.4, 62741.8, 0
21675.7, 41291.2, 0
22163.1, 27038.2, 0
11607.1, 29774.8, 0
39175, 57637.4, 0
38583.7, 62598, 0
1260.4, 59991.4, 0
52409.5, 42508.6, 0
14175, 19556.7, 0
26582.4, 118862, 0
34190.7, 50609.9, 0
79732, 47864.9, 0
45380, 48977.2, 0
36299.6, 49997.6, 0
15320.8, 65991.3, 0
25030.2, 46951.8, 0
61974.2, 104052, 0
41700.6, 65885.1, 0
58225.2, 50638.6, 0
40748.8, 39563.5, 0
16482.9, 67276.8, 0
3201.89, 56582.3, 0
17443.3, 74311.9, 0
10522.1, 100722, 0
21359.3, 51065.2, 0
41824.2, 84595.6, 0
57008.9, 43241.4, 0
1706.14, 37962.3, 0
43416.3, 57383.9, 0
75962.2, 39725.6, 0
55652.9, 97855.9, 0
1968.56, 67423.5, 0
29162.3, 88087.2, 0
31969.1, 64670.5, 0
37278.5, 51105.4, 0
65592.4, 47454.7, 0
19618.7, 100113, 0
6776.84, 43796.5, 0
31028.9, 91236.8, 0
55182.9, 81634.4, 0
26023.3, 33630.2, 0
51845.9, 42621.2, 0
39884.4, 99344.9, 0
47520.5, 90023.4, 0
21010, 133237, 0
24218, 137794, 0
10783.7, 79687.7, 0
14557.9, 79671.4, 0
22477.6, 62265, 0
10675.7, 35362.9, 0
46287.4, 55527.9, 0
49560.9, 41883.6, 0
18688.3, 33559, 0
7003.67, 47916.5, 0
40221.8, 75508.2, 0
20466.8, 90664.3, 0
42877.2, 70208.1, 0
27085.4, 119935, 0
120886, 66260.4, 0
28294.2, 69629.9, 0
58933.9, 58420.2, 0
30217.4, 35887.2, 0
47488.1, 35725.3, 0
68251.8, 29981.5, 0
4316.15, 42669.1, 0
3836.54, 87185.3, 0
15280, 75928.2, 0
54155.4, 95846.2, 0
25608.5, 135396, 0
14083.3, 43694.6, 0
33952.4, 72004.4, 0
1928.27, 32178.5, 0
20824.2, 22640.9, 0
69955.2, 40320.9, 0
9970.51, 48975.6, 0
20710.2, 102836, 0
38950.8, 56568.9, 0
35757.5, 65942.4, 0
14556.2, 99751.5, 0
27471, 32655.6, 0
8286.5, 52252.6, 0
3928.78, 111195, 0
34533.1, 34356.6, 0
2722.47, 52218.2, 0
56241.2, 42731, 0
24364.3, 109858, 0
75988.9, 74157.1, 0
11178.6, 43894.4, 0
101579, 77603.7, 0
2168.92, 79601.3, 0
54722.5, 31522.6, 0
3340.2, 58924.9, 0
34014.1, 86613.5, 0
53610.1, 73296.2, 0
26194.2, 32962.7, 0
75147.1, 29109, 0
11956.5, 88446.1, 0
50744.1, 99285.5, 0
18775.8, 127599, 0
17182.6, 73269.2, 0
19182.8, 78329.3, 0
6493.6, 64332.5, 0
37071.4, 97880.7, 0
29501, 144042, 0
10001, 29758.4, 0
37297.8, 44875.6, 0
17825.1, 67330.9, 0
39179.2, 72913, 0
21327, 79390, 0
67346.9, 93558.1, 0
13862.8, 116090, 0
40226.9, 50078, 0
49167.5, 37948.7, 0
12052.8, 91422.9, 0
17674.7, 95598, 0
20142, 30635.4, 0
26744.7, 36898.3, 0
31098.6, 62163.4, 0
22671.2, 30720.2, 0
14519.1, 79305.6, 0
26965.6, 65364.3, 0
13870.4, 93684.6, 0
67610.3, 78711.4, 0
13732.4, 76660.2, 0
18169, 129073, 0
49909.9, 41119.5, 0
26786.9, 80055.8, 0
14340.7, 33046.4, 0
22935.9, 70948.4, 0
55014.9, 65422.4, 0
43434.4, 114136, 0
18591.2, 41199.9, 0
6766.31, 92960.9, 0
17593.9, 102514, 0
26209.5, 44044.9, 0
79580.3, 66912.3, 0
52451.1, 42331.8, 0
18884, 95340.7, 0
77753.8, 20605.6, 0
6619.47, 52006.1, 0
86141.5, 87934.8, 0
69246, 81227.9, 0
55163.9, 50679.1, 0
37388.9, 104173, 0
34431.7, 84843.7, 0
89178.1, 83111.5, 0
11707.3, 63956.9, 0
159113, 75211.7, 0
80758.6, 102617, 0
32238.7, 44030, 0
13779.9, 47745.5, 0
13804.6, 48737.3, 0
41236.6, 85699.3, 0
14388.3, 103926, 0
62920.1, 10097, 0
12919.7, 44351, 0
18008.2, 80836.9, 0
40063.7, 68337.8, 0
30988.6, 119349, 0
574.12, 121035, 0
25416.4, 29962.8, 0
47630.7, 72634.4, 0
19093.1, 65974.4, 0
1861.59, 86616, 0
1518.33, 43889.4, 0
54803.7, 34681.8, 0
27311.2, 46665, 0
32723.5, 104132, 0
52741.9, 41858.5, 0
21457.2, 162219, 0
94699, 128533, 0
21935.4, 15220.5, 0
16718.5, 76216.8, 0
12373.6, 98719.2, 0
7001.89, 42345.4, 0
9282.05, 43769.3, 0
44059.3, 52155.6, 0
154.699, 60779.8, 0
630.385, 88985.6, 0
102059, 37552.1, 0
58893, 58005.9, 0
10269.6, 101906, 0
27143.6, 37625.4, 0
94502.9, 94143.6, 0
43284.4, 68216.6, 0
22013, 26450.6, 0
147.418, 29777.6, 0
19918.8, 61031.4, 0
22668.8, 52206, 0
14058.9, 50821.7, 0
43582.1, 118527, 0
26159.5, 48509.5, 0
93493.8, 71162.3, 0
8168.15, 73333.3, 0
78825, 81553.4, 0
42219.1, 34255.5, 0
43507.7, 81563.7, 0
14611.3, 62079.7, 0
51165.6, 65495.3, 0
7763.63, 60076.2, 0
37674.5, 56233.9, 0
46912.2, 55303, 0
80598.6, 54051.7, 0
31052.7, 31720.9, 0
14107.9, 62059, 0
64747.1, 21780.7, 0
12169.7, 49524, 0
24387, 60352.1, 0
61468.9, 101728, 0
22148.8, 75166.3, 0
32375.7, 38526, 0
23169.6, 31966.5, 0
44341.6, 43093.3, 0
1257.29, 34841.3, 0
23517.2, 97363.1, 0
37904.2, 78587.2, 0
8905.92, 91210.7, 0
12629.8, 67756.7, 0
6797.32, 53085.8, 0
36513.9, 78832.8, 0
47512.2, 105278, 0
3172.88, 39930.5, 0
39663.1, 47381.1, 0
41447.6, 45333.4, 0
51129.1, 48636.2, 0
51067, 81872.1, 0
6005.01, 85770.8, 0
39949.2, 59948.3, 0
48815.3, 81436.7, 0
19903.8, 45131.7, 0
565.993, 88219.2, 0
17616.9, 87857.3, 0
5185.59, 95369.4, 0
8069.66, 22740.2, 0
17978.9, 51740.9, 0
6563.79, 97066.5, 0
48376.5, 92076.7, 0
5481.72, 60030.9, 0
20906.8, 47371.8, 0
11076.9, 119194, 0
58183.2, 114746, 0
19191, 50746.1, 0
1087.45, 49727.2, 0
42040.8, 30309.2, 0
29341.2, 32505.4, 0
8445.58, 47530.4, 0
19481, 42646.7, 0
31499, 26139.5, 0
31416.9, 60210.3, 0
1385.91, 59600.6, 0
4779.33, 59313.1, 0
59134.4, 55485.4, 0
3676.93, 64975.5, 0
58692.8, 88167.9, 0
1881.26, 103728, 0
14577.5, 84129.5, 0
17651.2, 69010.8, 0
33175.5, 57156, 0
56739.2, 32358.5, 0
64020.2, 30620.8, 0
21114.4, 70089.4, 0
27104, 33292.8, 0
5540.07, 46011.3, 0
20603.1, 69760.6, 0
35309.1, 93044, 0
6675.31, 111868, 0
34329.7, 36731.6, 0
7653.7, 40024.2, 0
4876.68, 75582.4, 0
52008.7, 41527.5, 0
18592.9, 120579, 0
10334.7, 85434.1, 0
1345.19, 45434.6, 0
33198, 80866.3, 0
42401.4, 77902, 0
19249.4, 20386.5, 0
36187.7, 58945.7, 0
34014.4, 50520.2, 0
56930.3, 104446, 0
29506.8, 48925.7, 0
10846.1, 23611.6, 0
40874.8, 116025, 0
19189.3, 49355.4, 0
48414.3, 88220.5, 0
66789.9, 93654.9, 0
28887.8, 96263.6, 0
61046.8, 51759.7, 0
10769, 105839, 0
5742.73, 71741.3, 0
106421, 87462.8, 0
57765.5, 62313, 0
47331.1, 32797.2, 0
36547.9, 98693.8, 0
9598.81, 23549.7, 0
39448.2, 91373.4, 0
25843.9, 123580, 0
54505.7, 84920.2, 0
27895.6, 47300.2, 0
6594.81, 39697.7, 0
50749.7, 110529, 0
19610.3, 70823.4, 0
40860.8, 55645.3, 0
23000.9, 85038.1, 0
27377.4, 86527.7, 0
33532.2, 89791.3, 0
24492.3, 22864.8, 0
22195.3, 56729.3, 0
54121.3, 56909.7, 0
18329.1, 43213.2, 0
38229.7, 57880, 0
14395.6, 41362, 0
1647.37, 131802, 0
14792.4, 32236.1, 0
11688.8, 86234, 0
19302.3, 101661, 0
56277.3, 73560.4, 0
5370.78, 50398.1, 0
11501.6, 75734.6, 0
6108.1, 49830.5, 0
148829, 108763, 0
1025.77, 13772.7, 0
62072.5, 43532.5, 0
113261, 57664.4, 0
3645.93, 54262.1, 0
34123.7, 103538, 0
80588.2, 44316.7, 0
5741.93, 97275.3, 0
67158.7, 127074, 0
10069.8, 24323.9, 0
101648, 65143.1, 0
27544.1, 54421.9, 0
7091.41, 61594, 0
67391.9, 50063.7, 0
3683.29, 49327, 0
41870.1, 86028.9, 0
20391.8, 50927.7, 0
4176.39, 79167, 0
46620.8, 74293.5, 0
7392.74, 30065.4, 0
8978.48, 119959, 0
46529.7, 61493.4, 0
30230.2, 52341, 0
45462.3, 31884.4, 0
60932.8, 89230.7, 0
20782.8, 24078.5, 0
74198.6, 44848.8, 0
8012.9, 69795, 0
19703.6, 93609.6, 0
58316.1, 24123.6, 0
42129.9, 68704.3, 0
23269.7, 69397.6, 0
683.66, 92834.9, 0
9287.45, 34571.4, 0
44169.7, 97634, 0
48689.5, 90182.4, 0
18414.3, 63460.7, 0
18963.6, 90668.8, 0
62607.1, 58434.8, 0
70514.3, 12501.9, 0
66686.8, 46045.1, 0
23376.9, 99499.6, 0
36255.6, 92566.3, 0
30367.3, 71139.4, 0
5503.7, 86461.8, 0
14386.7, 72331, 0
3530.64, 89118.1, 0
88545.5, 84859.9, 0
48916.1, 113941, 0
46540.1, 67043.2, 0
6370.04, 70517.8, 0
62939.6, 48528.4, 0
10347.1, 47515.5, 0
8511.36, 53027.7, 0
169.067, 36700.9, 0
10576.7, 116837, 0
59739.7, 52951.8, 0
35649.7, 72578.6, 0
1072.41, 60898.1, 0
42533.6, 38028, 0
21150.4, 31511.3, 0
4203.94, 42591.3, 0
7822.54, 45596.4, 0
12446.7, 86839.9, 0
5775.5, 117827, 0
22370, 96428.7, 0
16246, 77994.6, 0
5402.03, 63868.5, 0
42403.1, 91610.4, 0
9191.71, 33724.1, 0
59334.7, 112886, 0
34169.2, 69319, 0
1326.7, 147087, 0
20624.5, 48222.7, 0
5798.8, 41556.9, 0
66576.5, 29012.4, 0
54164.9, 101604, 0
53987.8, 52971.2, 0
10239.5, 49047.4, 0
59617.2, 43825.2, 0
2650.29, 56649.6, 0
41422.1, 95334.3, 0
71367.6, 51874.9, 0
28947.1, 51335.1, 0
16555, 41448.9, 0
7387.18, 58028.7, 0
53275.4, 56528.2, 0
25031.1, 103173, 0
53914.4, 98917.2, 0
55208.7, 30050.7, 0
10317.4, 66050.8, 0
58024.6, 70444.4, 0
59246.3, 25861.7, 0
15663.2, 122956, 0
5766.46, 122139, 0
5830.94, 55928.1, 0
36897.3, 78087.3, 0
4858.57, 85103, 0
28741.2, 106083, 0
18464.6, 56880.6, 0
54686.3, 89702.2, 0
30490.9, 56260.5, 0
20874.2, 108862, 0
11383.1, 82638.3, 0
6108.1, 49830.5, 0
17521.5, 92503, 0
38760, 74170.2, 0
91021.2, 75216.7, 0
20849.2, 41318.4, 0
83533.8, 88862.8, 0
60213.8, 135887, 0
10397.8, 36046.4, 0
4365.62, 67482.5, 0
55966.8, 25176.4, 0
1715.48, 68399.6, 0
29239.9, 103868, 0
9144.37, 63458, 0
45512.9, 134713, 0
24634.7, 63039, 0
11674.3, 84323.9, 0
23323.6, 92274.3, 0
65584.4, 52796.3, 0
6676.62, 50871.3, 0
33101, 37646, 0
74285.7, 77073.4, 0
41859.5, 47056, 0
44549.3, 37388.3, 0
29192.8, 41182.3, 0
58023.2, 93389.9, 0
25627.2, 85659.2, 0
4009.85, 23405.9, 0
43762.3, 32729.9, 0
2271.08, 43177.8, 0
76117.6, 35738.4, 0
28646.3, 101234, 0
9436.01, 64036.3, 0
5641.68, 61212.1, 0
30133.2, 115310, 0
88213.5, 159158, 0
6009.6, 82597.5, 0
28558, 55858.4, 0
3059.23, 92112.4, 0
64173, 94976.7, 0
23012.1, 104180, 0
120338, 61706.7, 0
32286.2, 83546.9, 0
51480.4, 43645.9, 0
7401.75, 51759.1, 0
1557.7, 22519.1, 0
70726.1, 78497.4, 0
59809.8, 85095.5, 0
84834.2, 40546.7, 0
24746.2, 37791.1, 0
26683.1, 33322.8, 0
67737.6, 102788, 0
35287.6, 67336.8, 0
58321.6, 38966.1, 0
13.7243, 117783, 0
41733.8, 83962.2, 0
7919.19, 80746.6, 0
8932.78, 85691.6, 0
18442.4, 109343, 0
20507.4, 99651.1, 0
577.54, 99975.1, 0
14026.2, 75217.4, 0
6719.2, 64768.4, 0
10796.5, 71913.1, 0
17915.7, 40447.1, 0
22975.6, 61939.2, 0
26878.7, 67924.1, 0
41748, 47463.1, 0
12139.5, 105526, 0
59720.9, 43652.6, 0
18238, 107800, 0
56249.8, 62096.6, 0
30411.5, 55595.6, 0
20204.1, 64965.7, 0
54942.1, 87410.1, 0
15316.1, 49511.6, 0
35002.9, 74617.1, 0
21522.9, 40638.1, 0
10037.5, 115366, 0
44942.7, 38890.2, 0
11449.9, 78681.3, 0
9260.32, 64078.4, 0
36578.3, 84254.8, 0
110265, 57211.8, 0
18410.8, 84581.6, 0
97741.3, 106183, 0
18972.2, 27851.3, 0
6340.22, 33616.3, 0
29939.6, 43021.8, 0
15907.8, 81461.9, 0
12922.2, 100741, 0
57216.3, 108023, 0
13500.1, 84115.7, 0
20801.5, 60551.3, 0
34210.9, 72864.3, 0
15368.1, 71722.4, 0
8754.23, 92843.4, 0
17468.8, 31949.3, 0
10088.4, 104734, 0
23909.4, 64958.7, 0
9458.78, 71175.6, 0
999.16, 37202.9, 0
51884.5, 67944, 0
4899.75, 41453.3, 0
11400.1, 33511.3, 0
16279.3, 123532, 0
67320.3, 17699.1, 0
11334.3, 81387.2, 0
90601.2, 54802, 0
30449.1, 47599.4, 0
59591.9, 62497.7, 0
11832.9, 66776.6, 0
61295.9, 130809, 0
1294.94, 61284.1, 0
2871.82, 48888.1, 0
49005.4, 89379.3, 0
44309.8, 31780.4, 0
32166.2, 63925.6, 0
50644.9, 38289.5, 0
54958.5, 68483.1, 0
6085.79, 151100, 0
37597.7, 70155.7, 0
16260.1, 86123.7, 0
23361.2, 54697.3, 0
8208.42, 130256, 0
54710.5, 92445.1, 0
32983.8, 87807.4, 0
12843.5, 82839.2, 0
85341.2, 75169.1, 0
765.925, 63434.5, 0
28771.1, 94939.9, 0
29790.9, 49860.9, 0
63147.2, 100630, 0
8798.87, 20868.9, 0
13132.5, 50653.9, 0
21995.2, 129624, 0
19521.6, 107278, 0
11007.4, 110663, 0
2742.6, 37944.8, 0
44607.2, 70362.2, 0
70518.2, 20486.2, 0
16879.3, 35658.2, 0
25330.8, 67548.8, 0
43211.5, 90204.3, 0
40947.2, 43522.1, 0
5311.53, 44033.9, 0
28232.6, 84956.3, 0
68026, 59571.5, 0
34986.3, 51823.9, 0
72612.1, 44685.5, 0
16049.3, 57366.5, 0
61645.7, 58474.5, 0
50651.6, 28040, 0
10963.3, 82442.5, 0
24599.9, 85956.4, 0
4663.49, 82568.8, 0
78784.8, 95823.6, 0
16628.9, 35597.4, 0
19298.1, 29368.8, 0
13548.9, 73645.6, 0
60542.4, 68111.9, 0
53513.9, 28811.8, 0
36484, 43968.9, 0
32178.4, 39533.4, 0
18977.3, 94673.1, 0
14694.4, 93028.9, 0
57666.2, 46150.7, 0
36148.1, 113018, 0
17045.2, 26061.7, 0
5746.1, 45488.8, 0
12461.3, 46096, 0
69034, 53733.4, 0
18693.4, 55802.7, 0
47224.7, 86675.9, 0
35102.6, 67371.6, 0
64469.6, 83807.9, 0
10468, 30187, 0
8446.18, 70825.9, 0
57650.3, 23067.9, 0
16323.6, 51879.9, 0
26096.3, 63726.7, 0
24833.9, 101890, 0
3773.25, 85725.4, 0
11481.9, 29771.7, 0
76775.6, 123903, 0
23423.7, 96253.3, 0
40451.2, 68875.7, 0
