40288, 85447.1, 0
38712, 57064.3, 0
27560.9, 107288, 0
16784.3, 47287.9, 0
80984.8, 91499.3, 0
24062.7, 66593.6, 0
85550.8, 90167.8, 0
23414.1, 97093.6, 0
43668.6, 101809, 0
5634.72, 45295.5, 0
40819.6, 39384.3, 0
28355, 52114.7, 0
66785.8, 47492.6, 0
90577.5, 141183, 0
13784, 90807.6, 0
37926.1, 90574.6, 0
34243.9, 126150, 0
92306.7, 49272.7, 0
57134.3, 66757, 0
122023, 75962.1, 0
54457.1, 103414, 0
84146.1, 187994, 0
104369, 92300.9, 0
16974.6, 63982.2, 0
104188, 59776.6, 0
122136, 88037.8, 0
74673.3, 25895.8, 0
49356.6, 105846, 0
34900.7, 63167.8, 0
22484.1, 101479, 0
69393.9, 116955, 0
32280.3, 90278.3, 0
46788.3, 125009, 0
7815.69, 121290, 0
14742.2, 123248, 0
39256.8, 48446.3, 0
5866.49, 94679.1, 0
91862.1, 72369.2, 0
52649.3, 47903.9, 0
7435.84, 223513, 0
88044, 83356.5, 0
125120, 123798, 0
94317.3, 145311, 0
60982.4, 30862.4, 0
24132.8, 108378, 0
12998.3, 80183.7, 0
95513.3, 69532, 0
93316.5, 112971, 0
42339.1, 140620, 0
54670.5, 135711, 0
39070.1, 74710, 0
68412.7, 45870.3, 0
101163, 106291, 0
36011.8, 35569.1, 0
84751.8, 80655.4, 0
170955, 47867.9, 0
37502.5, 101489, 0
142558, 84402, 0
67955.5, 56053.1, 0
28608, 38726.5, 0
5683.14, 102155, 0
79180.6, 89133.1, 0
66834.5, 58489.3, 0
31676, 35077.7, 0
46751.9, 22030.7, 0
19073.9, 59094, 0
2431.23, 112857, 0
30503.8, 60423.3, 0
33657.1, 29819, 0
38870.1, 45176.3, 0
133585, 113987, 0
26546.4, 130731, 0
132794, 32788.8, 0
75593.2, 65203.8, 0
29533.3, 70161.7, 0
37603.3, 138391, 0
16940.1, 181988, 0
80395.2, 24565.3, 0
1064, 110957, 0
19668.9, 123767, 0
2548.71, 64011.3, 0
30762.1, 131037, 0
58294.7, 97651.4, 0
78452.7, 48810.7, 0
45502, 39602.9, 0
81683.9, 131528, 0
10386.3, 121026, 0
116963, 73428.9, 0
20264.5, 95415.4, 0
85703.1, 114478, 0
5490.7, 95497.6, 0
24694.3, 50657.9, 0
33808.2, 84187.3, 0
95411.5, 114367, 0
122445, 39449.5, 0
125939, 123822, 0
141234, 54363, 0
22767.5, 221737, 0
55271.8, 25890, 0
59708.4, 34013.3, 0
1943.16, 71460.2, 0
29482.4, 162979, 0
9121.82, 55898.1, 0
6516.81, 114014, 0
5514.02, 120247, 0
84609.9, 164542, 0
18901.6, 99934.8, 0
72546.4, 39243, 0
41728.9, 87338.7, 0
52584.7, 104137, 0
3362.59, 67626.6, 0
41940.7, 98972.6, 0
4228.58, 115603, 0
15494.3, 107232, 0
16505.4, 99955.7, 0
54105.6, 30444.1, 0
16435.4, 68272.3, 0
157468, 69092.7, 0
25037.5, 53548.3, 0
66417.8, 56422.2, 0
69362.7, 67200.2, 0
82163.6, 5616.42, 0
31606, 104836, 0
80367.1, 50543.3, 0
16292.3, 42558.7, 0
109899, 53765.1, 0
59849.1, 43041, 0
38847.7, 138798, 0
20161.1, 72406.4, 0
40800.4, 88547.2, 0
86002.5, 159820, 0
614.12, 61567.3, 0
14228.3, 21887.3, 0
18062.4, 36279.6, 0
43451.6, 156433, 0
41293.5, 90841.4, 0
54973.8, 79909.6, 0
74316.2, 86220.5, 0
75380.9, 24873.9, 0
43502.4, 118664, 0
57150.2, 125926, 0
6244.61, 159212, 0
69937.1, 100424, 0
52190.2, 183748, 0
20832.2, 99529.1, 0
110051, 81506.3, 0
179.774, 154972, 0
5636.88, 105611, 0
80584.2, 79240.6, 0
21586.1, 139553, 0
20500.5, 48446.5, 0
39106.7, 92147.7, 0
7023.15, 98998.4, 0
75796.5, 57167.6, 0
31298.1, 73619.5, 0
43663.5, 21104.7, 0
66988.6, 212478, 0
99847.1, 78358.3, 0
30628.6, 58290.4, 0
28916.8, 46620.7, 0
3220.16, 66341.4, 0
22127.9, 103485, 0
70576.6, 6537.49, 0
42684.5, 157417, 0
114.702, 86033.2, 0
78028.9, 18555.1, 0
37104.4, 66828.3, 0
96212.9, 99958.9, 0
8966.43, 147478, 0
2999.16, 86273.6, 0
20501.8, 100183, 0
10878.7, 140463, 0
38017.5, 36546.5, 0
65855.8, 195057, 0
26663, 85490.9, 0
77076.1, 143151, 0
84593.9, 136948, 0
56891, 57833.9, 0
163470, 50236.4, 0
106974, 160672, 0
115726, 42872.8, 0
44688.5, 126409, 0
35209.2, 108296, 0
43859.9, 82322.7, 0
10080.3, 19909.4, 0
17437.1, 35309.8, 0
37942.6, 35507.4, 0
68884.3, 174079, 0
181850, 75221.2, 0
49070.8, 72111, 0
48466.4, 43137.2, 0
21332.3, 75116.4, 0
96875.5, 64637.5, 0
26379.8, 50254.1, 0
8089.66, 34737.3, 0
46518.1, 63987.1, 0
25811.7, 56209, 0
48251.9, 48853.1, 0
35201.1, 141683, 0
21660.2, 127054, 0
62033.2, 112250, 0
4278.6, 77472.5, 0
12584.8, 73303.3, 0
122232, 36623.7, 0
5264.05, 110745, 0
19259.5, 62604.1, 0
57359.2, 71690.2, 0
23308, 123054, 0
24862.7, 74284.4, 0
14505.5, 196635, 0
125188, 62315.3, 0
47886.2, 43124.9, 0
91954.5, 109981, 0
24849.8, 59255.6, 0
46454.6, 116087, 0
33448.2, 59426.1, 0
31021.7, 85440.3, 0
64103.4, 66814.8, 0
49133.5, 33914, 0
28140.5, 76842.1, 0
19045.8, 77700.1, 0
5071.51, 102560, 0
26274.4, 79895.4, 0
3023.03, 63917.9, 0
3046.3, 70996, 0
47429, 53750.5, 0
37488, 76782, 0
411.33, 97896, 0
97377.7, 78156.3, 0
59196.5, 86289.1, 0
29896.7, 82530.3, 0
48657.7, 61095.7, 0
17670.4, 52394.9, 0
90421.8, 65030.7, 0
102025, 142583, 0
64964.2, 91784.3, 0
76672.1, 57455.4, 0
141740, 36084.1, 0
115085, 71564.8, 0
11721.7, 53498.5, 0
40047.3, 103075, 0
159794, 116709, 0
27654.3, 112860, 0
19977.6, 102004, 0
33156.2, 135950, 0
3873.37, 83016.1, 0
12308.7, 84080.8, 0
22417.6, 126678, 0
359.204, 76825.3, 0
42312.6, 78153, 0
103243, 106278, 0
56606.1, 53566.7, 0
136594, 80626, 0
51035.6, 188750, 0
32554.3, 140536, 0
41851.2, 84855.7, 0
22692, 58761, 0
18375.3, 76859.3, 0
1291.2, 33348.4, 0
81960.4, 116961, 0
100891, 130414, 0
37280.1, 128817, 0
90435.5, 83453.2, 0
69582.1, 125516, 0
21886.3, 38631.4, 0
3709.97, 98834.8, 0
85131.8, 59039.3, 0
16094, 94779.5, 0
37571.1, 57436.8, 0
146112, 107765, 0
82063.2, 148840, 0
73929.6, 91874.2, 0
78963.6, 57241.6, 0
38066.2, 92024, 0
65819.9, 60397.9, 0
82069.7, 75859, 0
164522, 68975.5, 0
44504.8, 45838.4, 0
79284, 117799, 0
78326.7, 73499.2, 0
462.966, 100577, 0
37623.5, 136788, 0
63619.8, 103357, 0
34269.1, 101427, 0
59157.6, 103607, 0
35739.8, 61724.7, 0
19062.1, 87290.5, 0
31544, 120354, 0
106828, 37261.7, 0
74383, 101378, 0
128516, 163433, 0
12864.9, 42517.9, 0
31760.7, 88371.4, 0
113952, 81620, 0
35642.1, 41306, 0
57101.6, 119151, 0
9875.65, 92060.8, 0
68736.5, 148339, 0
28581.2, 113177, 0
29628.6, 44540.9, 0
28773.2, 118890, 0
69173.3, 65741.7, 0
8041.05, 17541.6, 0
28208.2, 28484.3, 0
57989, 84651.7, 0
90021.1, 11121.1, 0
60976.9, 23241.6, 0
82058.9, 56680.1, 0
33646.9, 91305.3, 0
31013.3, 93058.8, 0
63148.2, 110576, 0
86403, 57362.5, 0
76641.8, 106797, 0
82071.6, 120629, 0
39137.8, 56133.7, 0
22769.7, 62790.4, 0
71904.3, 37605.3, 0
32382.2, 125646, 0
6287.18, 57280.6, 0
19778.4, 23454.2, 0
1123.79, 78296.6, 0
60092.8, 104331, 0
33743.2, 129393, 0
142951, 47317.6, 0
90939.9, 50291.1, 0
24850.5, 100984, 0
6889.29, 49430.9, 0
17252.2, 74401.6, 0
164810, 72434.5, 0
22488.2, 58264.3, 0
19509.4, 22345.8, 0
94534.1, 63175.1, 0
38667.7, 36389.5, 0
56347.8, 64001.6, 0
29369.3, 137403, 0
61740.6, 114359, 0
66640.9, 39332.1, 0
35825.7, 129248, 0
2032.1, 123623, 0
4888.97, 45225.9, 0
99485.6, 94542.1, 0
7503.95, 41690.7, 0
12979.6, 66765, 0
18994.7, 36562.8, 0
38849.6, 162664, 0
13299, 55395.6, 0
93587.8, 42144.3, 0
19309, 129675, 0
11612, 53525.1, 0
7436.7, 109700, 0
44361.4, 141853, 0
55539.7, 47895, 0
28679.4, 127507, 0
143829, 30306.2, 0
57757.6, 26011.7, 0
53825.1, 42507.5, 0
59437.4, 59335.4, 0
64931.4, 124968, 0
104656, 135754, 0
82289, 45657.9, 0
48667.1, 62412.5, 0
41555.4, 65432.2, 0
55529.1, 95770.6, 0
338.646, 182796, 0
40314.2, 120733, 0
35302.3, 113385, 0
144852, 21541.5, 0
107258, 70910.3, 0
59286.6, 100726, 0
50055.9, 63181.1, 0
65458, 170362, 0
6570.39, 50354.8, 0
45297.1, 99744.6, 0
23032.4, 186201, 0
159951, 45556.7, 0
63393.4, 26209.9, 0
27542.8, 95955.5, 0
126018, 156853, 0
59702.6, 79668.5, 0
40650.2, 61333.4, 0
70755.4, 45562.2, 0
18649, 62010.2, 0
44560.1, 59159.1, 0
41306.1, 152649, 0
12424.2, 53819, 0
11076.4, 59665, 0
95598.4, 91953.8, 0
39750.2, 40200.1, 0
31351.7, 111721, 0
69869, 58556.9, 0
61377.6, 106520, 0
54609.2, 35047.3, 0
29929.4, 34531.5, 0
74229.8, 76129, 0
6319.39, 101614, 0
40492.7, 58279.6, 0
20943.6, 48307.1, 0
13722.7, 56330.1, 0
38912.1, 31046, 0
51360.7, 126430, 0
81097.6, 127619, 0
21128.6, 60409.3, 0
64352.8, 125218, 0
40946.8, 25353.7, 0
38877.8, 37605.5, 0
31742.1, 47192.8, 0
72713.5, 42112.3, 0
47992.6, 65842.8, 0
6785.06, 37363.6, 0
36441.4, 87445.6, 0
51865.2, 51345.4, 0
73427.6, 98013.5, 0
102541, 86880.4, 0
61628, 39485.6, 0
49033.4, 21547, 0
64418.6, 55028.1, 0
44867.6, 61377.2, 0
41530.5, 64839.2, 0
30136.5, 73235.2, 0
4478.49, 37392.7, 0
122199, 83003.8, 0
20350.1, 53164.7, 0
43136.2, 77062.2, 0
48803, 20111.3, 0
45341.3, 134566, 0
54087.3, 41696.4, 0
105069, 119164, 0
3181.47, 40094.3, 0
59454.5, 65381.9, 0
4083.24, 66923.5, 0
79912.1, 146035, 0
1344.12, 91733.1, 0
32616.4, 83059.4, 0
72366, 32582.1, 0
52025.5, 120531, 0
45348.5, 55364.2, 0
23212.7, 62108.3, 0
39532.4, 47713, 0
17413.6, 113332, 0
66538.3, 82461.7, 0
49054.5, 86518.9, 0
84829.8, 116210, 0
12859.4, 71970.5, 0
20789.5, 32671.5, 0
114011, 146935, 0
66313.2, 179380, 0
36104.8, 91041.1, 0
42535.4, 41291.2, 0
29477.9, 113590, 0
67098.4, 106039, 0
80952.4, 42493.6, 0
122326, 115639, 0
80603.9, 70230.6, 0
26781.2, 29746.3, 0
91811.9, 104681, 0
57640, 54678.3, 0
59981.2, 58179.4, 0
55988.1, 138681, 0
12068.4, 77784.1, 0
71733.5, 128293, 0
107324, 54693.3, 0
30551.6, 48079.5, 0
64798.8, 128864, 0
87845.8, 94953, 0
52641.2, 201509, 0
80764.4, 150212, 0
53691.6, 104949, 0
99291.4, 27002.3, 0
37762.2, 23781.6, 0
17603.7, 126707, 0
5420.32, 118144, 0
57541.3, 91444.6, 0
22003.1, 48330.3, 0
57067.3, 38759.6, 0
98696.7, 87404.1, 0
50793.1, 33826.9, 0
25421.7, 123753, 0
47911.1, 79961.9, 0
4479.16, 172916, 0
78372.6, 99426.8, 0
21814.8, 44048.5, 0
48368.4, 113333, 0
86228, 4308.57, 0
53576.7, 41200.4, 0
16552.5, 37850.6, 0
2835.07, 109647, 0
102011, 151774, 0
79980.9, 74069.6, 0
64359.2, 96900.5, 0
9972.2, 139615, 0
51162.5, 120233, 0
61248.7, 94521, 0
11321.7, 56168.8, 0
119815, 88799.1, 0
5813.87, 101532, 0
21398.3, 156669, 0
28699.6, 185321, 0
3198.58, 138938, 0
25924.2, 33756, 0
84180.9, 85242.1, 0
40442.9, 59167.1, 0
31660.4, 121080, 0
77902.7, 104651, 0
25514.5, 84982.7, 0
5127.23, 43969.7, 0
75797.1, 15253.3, 0
47107.4, 141652, 0
11936.1, 89739.8, 0
165599, 24857.2, 0
77618.6, 74956.8, 0
100466, 135308, 0
176454, 114618, 0
47686.5, 115623, 0
14562.5, 124808, 0
54863.6, 115335, 0
12120.2, 61940.9, 0
63542.1, 60351.7, 0
10111.8, 98505.4, 0
19570.7, 105288, 0
4649.97, 21490, 0
151201, 122503, 0
44369.8, 51524, 0
14312.1, 156899, 0
10415.5, 61775.6, 0
70589.4, 125241, 0
54732.5, 145429, 0
42935.4, 116669, 0
55356.6, 77085.8, 0
16898, 96695.5, 0
49394.5, 70471.9, 0
2582.36, 37122.4, 0
37651.5, 37476.3, 0
123902, 96947.9, 0
17336.8, 142121, 0
86759.6, 76733.3, 0
143090, 58645.7, 0
20102, 54723.7, 0
21138.5, 59848.8, 0
98630.3, 37579.7, 0
109112, 52299.7, 0
87524.4, 89544.9, 0
6956.44, 34838.5, 0
40865.2, 81419.8, 0
18713.5, 67259, 0
1790.2, 109213, 0
133136, 56241.3, 0
28958.1, 83068.5, 0
112043, 148264, 0
56332.9, 43357.4, 0
10875.6, 21171.2, 0
79918.3, 173704, 0
60089.3, 64211.4, 0
21667, 146338, 0
36264.5, 74448.4, 0
23254, 101015, 0
78271.8, 138152, 0
71818.2, 48450.9, 0
75341.6, 70640.6, 0
73690.7, 97286.9, 0
14137.1, 38095.3, 0
56327.5, 150148, 0
11195.8, 105919, 0
32354.8, 74918.5, 0
4783.27, 116130, 0
37003.1, 76463.7, 0
28063.4, 187605, 0
133135, 115519, 0
54345.7, 100405, 0
16857.5, 78775.8, 0
115001, 125084, 0
25832.8, 91006.6, 0
936.494, 132901, 0
48199.6, 77132.4, 0
77555.6, 131317, 0
66333.7, 60870.1, 0
26303.6, 111360, 0
6599.54, 60444.4, 0
45487.2, 124889, 0
131883, 150382, 0
23413.9, 106456, 0
65300.2, 51933.7, 0
19169.5, 32913.2, 0
7105.8, 84502.5, 0
34651.3, 90513.9, 0
16195.2, 28993, 0
91700, 33013.9, 0
141739, 31581.9, 0
79918.5, 115946, 0
4898.03, 85137.7, 0
97013.3, 146379, 0
30138.1, 70757, 0
3752.33, 117476, 0
12647.4, 50847.3, 0
102700, 138534, 0
93916, 94104.7, 0
9297.61, 101085, 0
9763.8, 80602.5, 0
106443, 137399, 0
50633.7, 43296.1, 0
58265.4, 179681, 0
23551.8, 67628.7, 0
51914.4, 81700.1, 0
38438.7, 36994.9, 0
50238.2, 168496, 0
2856.78, 86005, 0
104034, 84655.6, 0
43348, 102345, 0
34968.9, 217064, 0
72336.6, 101400, 0
49379.8, 48516.8, 0
15848.1, 62972.5, 0
45214.7, 56020.1, 0
59454.5, 95075.4, 0
65430.1, 96767.7, 0
47895, 159406, 0
65713.8, 85365.4, 0
24940.6, 100880, 0
29894.1, 26209.7, 0
8997.45, 30309.1, 0
39819.6, 57603.8, 0
84879, 132542, 0
37042.6, 89360.2, 0
56370.3, 86309.1, 0
36651.7, 136193, 0
29701.7, 61208.5, 0
40262.5, 103708, 0
156373, 91600.5, 0
8536.09, 72608.4, 0
45322, 26520.2, 0
87824.4, 69693.8, 0
42352.4, 129980, 0
21542.3, 207788, 0
21717.2, 148640, 0
63218.8, 21175, 0
91339.7, 105714, 0
45819.9, 34436.9, 0
17104.6, 80390.9, 0
47474.4, 40688.1, 0
129548, 175795, 0
143916, 128847, 0
40007.9, 72869.1, 0
55239.4, 57693.4, 0
34072, 102636, 0
92979.7, 51694.4, 0
98584.8, 111064, 0
1750.2, 39620.9, 0
21386.3, 41837.2, 0
150945, 28267.8, 0
55879, 94187.3, 0
67332.1, 35899.9, 0
61906.9, 167855, 0
8121.96, 57367.8, 0
43663, 122456, 0
25994.2, 24659.8, 0
58101.2, 49408.1, 0
100733, 127987, 0
56933.8, 49051.9, 0
24175.4, 118118, 0
25522.4, 20664.9, 0
2651.12, 45920.9, 0
31106.7, 36869.1, 0
3844.66, 30941.2, 0
4398.15, 147330, 0
5249.75, 133891, 0
54794.8, 22126.2, 0
36826.5, 113348, 0
84635.3, 128710, 0
11271, 112447, 0
2755.04, 34837.6, 0
16943.7, 62075.4, 0
143864, 101579, 0
121666, 70529, 0
14301.8, 28910.2, 0
53796.1, 36450.5, 0
42055, 140003, 0
11272.9, 69709.6, 0
37388.9, 49564.4, 0
110445, 84262.1, 0
27136, 97788.9, 0
70074.4, 132706, 0
52543.7, 141505, 0
27838.1, 56147.6, 0
27793.3, 90100.7, 0
78394.8, 161396, 0
4768.9, 174407, 0
46761.7, 77560.4, 0
73009.9, 37061.3, 0
48970.1, 42994.8, 0
30906.8, 38667.6, 0
96073.8, 66575.7, 0
83984, 79631.9, 0
2162.51, 63865.6, 0
33734.4, 27428, 0
71830.3, 56079.3, 0
398.836, 60169.7, 0
32940.1, 158125, 0
12366, 57895.1, 0
63301.4, 133103, 0
42017.8, 89139.2, 0
35831.2, 111469, 0
83256.3, 44444.8, 0
4829.66, 125708, 0
47123.1, 31867.6, 0
49816.8, 32240.9, 0
38606.1, 83639.9, 0
121885, 150615, 0
7277.02, 42206, 0
14296.8, 76094.6, 0
29505.5, 87266.2, 0
64532, 200514, 0
24607.5, 26451.4, 0
26646.5, 70223.3, 0
70516.6, 61228.6, 0
50835.8, 60512.2, 0
24878.4, 24557.6, 0
6212.52, 113400, 0
1510.15, 107520, 0
87434.9, 73942, 0
55329.5, 21927.8, 0
32901.1, 21368.2, 0
22502.1, 104326, 0
51300.5, 77425.1, 0
11939.9, 98469.4, 0
1377.15, 119808, 0
13793.7, 66353.7, 0
19360.9, 46201.3, 0
66981.2, 40516.8, 0
124874, 83793.9, 0
92250.5, 108569, 0
41540.2, 34685.1, 0
8429.06, 104559, 0
94591.5, 181590, 0
21149.3, 60326.6, 0
50709, 51737.1, 0
37489.9, 108507, 0
47880.5, 104045, 0
45538.4, 37745.1, 0
65684.9, 54419.6, 0
34114.2, 112419, 0
74571.4, 12257.4, 0
12017.9, 65893.4, 0
108428, 92594, 0
545.081, 133771, 0
74337.3, 40443.5, 0
10804.7, 121503, 0
61275.2, 31468.5, 0
4437.43, 123144, 0
35785.9, 81339.1, 0
70685.6, 28863.6, 0
24737.8, 71370.9, 0
130431, 131826, 0
1978.17, 53735.1, 0
29521.5, 125436, 0
82668, 63804, 0
26624.8, 15522.6, 0
91945.7, 87757.4, 0
56920.6, 36043.7, 0
22810.2, 72357.8, 0
24477, 96858.5, 0
4192.11, 78430.7, 0
9761.26, 28483.3, 0
43567.7, 138812, 0
27162, 112092, 0
60452.6, 132514, 0
39585.1, 85316.2, 0
17182.3, 46289.4, 0
80666.3, 49130.4, 0
84978, 59135.5, 0
45231, 120671, 0
35938.2, 36917.3, 0
17412.7, 65406.5, 0
2552.78, 131426, 0
87123, 170359, 0
27006.8, 110738, 0
1081.59, 110527, 0
13873.4, 39839.9, 0
19562.8, 48925.9, 0
29345.3, 120342, 0
24175.8, 52292.6, 0
146901, 93132, 0
48236.2, 104971, 0
6178.84, 117528, 0
23466.5, 50861.8, 0
46465.5, 81417.2, 0
20583, 57374.7, 0
2712.05, 114394, 0
22125.1, 190476, 0
91944, 62387, 0
57900.4, 33814.9, 0
110836, 82977.2, 0
12245.6, 36595, 0
15244.2, 58633.2, 0
24228, 99153.1, 0
49842.5, 74761.3, 0
104044, 84237.6, 0
22732.5, 72218.8, 0
65133.1, 120726, 0
16766.1, 56287.5, 0
897.694, 161567, 0
54314.5, 99554.2, 0
35025.8, 89280.7, 0
16259.8, 71074.5, 0
59445.7, 85106.7, 0
34321.8, 26389, 0
29170.2, 57194.4, 0
35838.6, 61026.7, 0
52876.7, 140596, 0
1016.72, 119707, 0
25727.3, 39578.3, 0
31816.2, 131899, 0
8194.53, 21851.3, 0
7414.87, 104413, 0
13690.7, 123911, 0
33758.8, 37638.6, 0
27446.1, 76805.3, 0
2416.3, 119638, 0
58218.3, 93763.7, 0
67580.7, 104256, 0
25277.6, 57079.7, 0
137307, 78777.4, 0
39644.1, 71219.1, 0
2765.26, 95387.6, 0
2778.54, 152426, 0
6377.56, 132394, 0
4630.66, 65153.7, 0
62586.9, 88872.5, 0
84029.8, 59479.6, 0
67639.2, 58397.4, 0
19543, 54084.7, 0
56365.4, 100767, 0
83905.1, 144808, 0
12235.1, 117542, 0
4622.6, 28372.2, 0
3140.04, 75306.2, 0
24293.5, 92914.3, 0
49660.3, 54785.3, 0
31617.5, 61510.8, 0
36580.3, 92869.6, 0
18289.2, 144289, 0
81013.7, 67794.9, 0
12327.3, 57743.8, 0
51308.5, 71814.1, 0
23900.5, 77617.4, 0
45786.5, 40587.3, 0
37283, 73578, 0
71774.5, 109477, 0
37690.4, 18102.3, 0
31735.2, 64461.9, 0
79103.3, 55184.2, 0
117374, 95364.5, 0
11856.1, 211964, 0
53064.7, 33387, 0
79938.2, 113232, 0
16814.6, 134556, 0
37182.1, 31771.5, 0
5462.31, 122428, 0
15786.7, 44055.2, 0
31771.3, 22283.3, 0
32514.9, 96236.1, 0
34051.4, 111225, 0
87911.2, 63809.9, 0
54091, 58889.3, 0
25838.4, 137630, 0
11530.3, 120175, 0
42304.9, 197274, 0
37528.1, 32621.2, 0
30442.3, 35827.9, 0
8070.65, 85801.1, 0
3508.4, 164925, 0
39628.5, 59096, 0
25092.8, 40337, 0
105639, 181097, 0
59781.8, 16200, 0
31343.7, 80985.9, 0
1259.18, 96081.3, 0
6032.19, 73080.2, 0
3594.04, 71115.6, 0
11217.4, 51480.9, 0
7177.2, 98798.9, 0
45799.9, 125663, 0
17505.9, 27083.9, 0
37772.4, 127217, 0
62804.3, 97267.6, 0
59931.2, 36984.2, 0
37202.8, 57318.1, 0
30600.1, 59327.5, 0
30051.4, 92612.7, 0
79655.3, 125671, 0
21335.1, 175584, 0
5997.01, 147258, 0
28984.2, 141130, 0
53774.4, 84271, 0
44879.5, 119978, 0
17937.2, 87030.9, 0
9392.47, 98137.2, 0
17933.8, 91241.2, 0
51939.8, 37941.9, 0
84910, 132500, 0
39172.9, 81473.5, 0
30953.1, 101015, 0
89213.9, 122418, 0
49716.1, 58693.5, 0
27.9001, 48051.5, 0
55851.2, 48207.1, 0
26455.5, 80427.2, 0
64365.1, 75846, 0
24982.6, 49133, 0
8995.96, 128749, 0
4186.69, 123352, 0
74129.1, 174378, 0
40936.6, 213237, 0
101691, 64859.1, 0
1244.03, 95196.6, 0
35310.5, 27497.5, 0
29885.7, 37204, 0
93357.5, 127185, 0
45063.8, 40850.2, 0
28275.5, 53456.4, 0
63749.6, 131073, 0
96131.5, 122381, 0
67576.3, 93990.3, 0
53771.2, 59777.7, 0
12680.5, 37666.9, 0
16977.5, 75507.1, 0
9428.94, 57238.2, 0
29535.1, 98973.5, 0
593.791, 117346, 0
37787.7, 110574, 0
55700.8, 84742.3, 0
15322.3, 86146.8, 0
66949.3, 188977, 0
4367.68, 108174, 0
147874, 75646.7, 0
47310.6, 145484, 0
4068.87, 167575, 0
57289.2, 39628.4, 0
29667.3, 64883.2, 0
63826.7, 93711.3, 0
22750.9, 216836, 0
16720, 88046.6, 0
19643.2, 50400.1, 0
64860, 24274.7, 0
13617.8, 59985.4, 0
62486.5, 101081, 0
49012.5, 116926, 0
58891.2, 122613, 0
31111.9, 63962.1, 0
46434.9, 40756.3, 0
62527.6, 20793.4, 0
82430, 76432.6, 0
117586, 76287.8, 0
4377.81, 45403.1, 0
68775, 132965, 0
81941.9, 84456.5, 0
92822.2, 111796, 0
40760.1, 62496.8, 0
50190.9, 38989.2, 0
38740.7, 60274, 0
48852.4, 130098, 0
10707.7, 48555.9, 0
13358.1, 37428.3, 0
40830.1, 33534.6, 0
47465.8, 104262, 0
28565.2, 78289.3, 0
15527, 96987.7, 0
55975.8, 52087.5, 0
41823.2, 122101, 0
42874, 89687.5, 0
88751.4, 29338.5, 0
11139.1, 163017, 0
55904.1, 95597, 0
6874.76, 44022.3, 0
27023.5, 26307, 0
48744.4, 38400.6, 0
946.159, 119472, 0
20130.3, 70945.2, 0
818.194, 104514, 0
6498.33, 83672.9, 0
63240, 46899, 0
14270.5, 88381.5, 0
47722.8, 90237.1, 0
95147.4, 71158.3, 0
56837.1, 19808.9, 0
23693.4, 70843, 0
147676, 76137.8, 0
29969, 169472, 0
46138.1, 70581.1, 0
95563.2, 31640.3, 0
73672.6, 112144, 0
12608.1, 70015.3, 0
26230.8, 70045.1, 0
109276, 72522.1, 0
43296.1, 90523.3, 0
12436.5, 80035.7, 0
21959.8, 47330.6, 0
44966.3, 210531, 0
41454.8, 41212.6, 0
97986.9, 79022.2, 0
40377.4, 77922.6, 0
79315.8, 54691.9, 0
43755.7, 31671.6, 0
16369.6, 137686, 0
18215, 98039.6, 0
27083.4, 115193, 0
35573.7, 118836, 0
10377.5, 35620, 0
26781.5, 94484, 0
13743.5, 31713.7, 0
38789.2, 84160.7, 0
78151.2, 89521.3, 0
11791.3, 93700.3, 0
21529.9, 58338.6, 0
111269, 91550.4, 0
31143.8, 60711.6, 0
142931, 67000.8, 0
617.806, 43307.1, 0
11666.5, 66448.7, 0
113606, 60948.2, 0
6076.81, 149224, 0
39014.4, 19445.7, 0
27913.7, 123229, 0
34114.5, 40436.3, 0
48591.5, 62718.7, 0
68456.7, 80330.5, 0
122600, 124332, 0
98880.2, 56152.7, 0
21864, 97595.2, 0
41910.3, 63900, 0
59609.9, 99039.5, 0
24963.8, 40654.9, 0
38021.9, 126674, 0
3898.84, 85034.4, 0
23781.3, 126381, 0
52737.5, 93032.4, 0
57915.1, 68723, 0
99242.9, 101439, 0
201.526, 69473.2, 0
20973.3, 45044.2, 0
81698.8, 158735, 0
22262.8, 156755, 0
56384.3, 62958.3, 0
22175, 52201, 0
110795, 128020, 0
50960.1, 113170, 0
116817, 168422, 0
43765.5, 159382, 0
11031, 216988, 0
67234.5, 29515.8, 0
31660.5, 65914.2, 0
17911.5, 163386, 0
49134.3, 82731.6, 0
39085.2, 70796, 0
8302.1, 92304.2, 0
20595.1, 108310, 0
84663.6, 67403.3, 0
40001.6, 31480.1, 0
54487.1, 115221, 0
23016.4, 57997.5, 0
94319.6, 29455.5, 0
5050.54, 95257.6, 0
51926.8, 122581, 0
6005.82, 104168, 0
12411.3, 60822.1, 0
56539, 111914, 0
65100.2, 71935.5, 0
163469, 43085.4, 0
107440, 124538, 0
105336, 31351.7, 0
40259.9, 44286.2, 0
4574.17, 77601, 0
128977, 79894.4, 0
44346.8, 81401.3, 0
3508.69, 35836.2, 0
38007.1, 42814.6, 0
54923.1, 44772.7, 0
6764.1, 68359.1, 0
124948, 100504, 0
3481.78, 31257.9, 0
10253.5, 31948.6, 0
3328.29, 127535, 0
5635.28, 137898, 0
10464.7, 124574, 0
53568, 72439.6, 0
90972.4, 73731.6, 0
2400.86, 162829, 0
66408.9, 38545.3, 0
162347, 40976.5, 0
29167.7, 25231, 0
120094, 72416.1, 0
32019.9, 141679, 0
10881.8, 122358, 0
72129.3, 51556.2, 0
81662.1, 117376, 0
26620.7, 112474, 0
58644.1, 63099.1, 0
99629.7, 70953.6, 0
19033.6, 134657, 0
22345.3, 101108, 0
30479, 76804.9, 0
124855, 53293.7, 0
19997.9, 84973.7, 0
93753.7, 49499.3, 0
79259.4, 102187, 0
42318.8, 157099, 0
81247.8, 66510.7, 0
36002.7, 142401, 0
80713.2, 129673, 0
106442, 146936, 0
61915.7, 46755.5, 0
11550.3, 100587, 0
76233.9, 29331.4, 0
20597.1, 48973.6, 0
78709, 83789.5, 0
65643.5, 154239, 0
42257.4, 29176.7, 0
64049.3, 112733, 0
7507.87, 39975.4, 0
14012.9, 126882, 0
79188.7, 32631.8, 0
68503.7, 86530.9, 0
25083.5, 34179.7, 0
88401.3, 64186.8, 0
111690, 71865.6, 0
108635, 134961, 0
54951.4, 169868, 0
118726, 170192, 0
31998, 33306.5, 0
56.3226, 131561, 0
75940.2, 47564.6, 0
28589.7, 102707, 0
110228, 109182, 0
26502.8, 54288.6, 0
16778.6, 69173.4, 0
16089.1, 114318, 0
11094.2, 76055.1, 0
13053.9, 101501, 0
33873.6, 133027, 0
114033, 50549.9, 0
54160.7, 89257.1, 0
9162.8, 116188, 0
86392.9, 84535.8, 0
16855.3, 128746, 0
29040.7, 25710.1, 0
6437.45, 78383.7, 0
64581.3, 134196, 0
50624.8, 35666.6, 0
26820.4, 28085.8, 0
16604.7, 56606.2, 0
95598, 50912.5, 0
2317.56, 91484.5, 0
32682.6, 103105, 0
25222.3, 33676.4, 0
6518.48, 69536.7, 0
61341.8, 49606.2, 0
15588.6, 38796.9, 0
31937.7, 81265.8, 0
131243, 79535.8, 0
47042.7, 88323.3, 0
65246.3, 54086.1, 0
72599.5, 30253.1, 0
74537.4, 80131.7, 0
9043.54, 104147, 0
46139.6, 80998.4, 0
46738, 36631, 0
54003.6, 91157.2, 0
14067.6, 43570.2, 0
55497.4, 87169.8, 0
59960.5, 120508, 0
84784.4, 108839, 0
111062, 136915, 0
81625.3, 51363.7, 0
8649.42, 98562.3, 0
18300.1, 44677.3, 0
57259.5, 133471, 0
67248, 44118.8, 0
10498.2, 137115, 0
6261.64, 114839, 0
114772, 38844.2, 0
91787.1, 148554, 0
106691, 59733.1, 0
111562, 79337.1, 0
7522.05, 38054.8, 0
23380.6, 100026, 0
133455, 46738.1, 0
68063.5, 26896.3, 0
298, 86183.2, 0
6429.1, 133086, 0
89463.9, 42830.8, 0
3401.48, 73465.6, 0
49551.1, 65870.1, 0
73926.4, 186562, 0
102488, 83871.5, 0
111786, 113738, 0
3996.46, 110441, 0
100233, 135202, 0
31073.7, 40589.2, 0
74872.6, 112446, 0
70838.2, 110782, 0
26963.7, 48650.6, 0
153668, 103273, 0
81112.9, 60925.4, 0
48650.9, 100123, 0
36336, 94626.4, 0
43076.3, 72938.9, 0
64352.8, 57788.1, 0
34278.8, 55897.8, 0
30994.4, 65683.6, 0
33053.9, 58717, 0
32047.5, 57641.2, 0
53717.1, 39875.9, 0
10623.2, 74241.4, 0
91942.8, 135540, 0
54783, 136923, 0
64761.6, 76557.8, 0
16256.5, 64974.2, 0
28343.5, 150138, 0
8101.57, 50211.7, 0
47512.4, 38033.6, 0
38639, 38000.2, 0
36969.1, 177554, 0
4157.88, 91645.1, 0
24888, 114682, 0
45533.2, 62664.8, 0
43239.6, 86435.3, 0
10574.5, 28306.7, 0
38611.1, 93463.3, 0
46734, 152864, 0
77069.8, 41138, 0
29308.5, 53487, 0
4896.41, 108902, 0
11153.7, 70330.9, 0
64067.6, 62585.7, 0
17713.6, 57307.6, 0
77476.7, 17949.5, 0
24756.8, 129330, 0
38273.1, 97024.1, 0
56007.3, 29458, 0
6688.82, 156664, 0
107877, 176689, 0
2422.24, 113055, 0
69595.9, 74248.4, 0
36435.9, 126997, 0
6834.53, 143549, 0
48573.1, 121344, 0
49947.6, 57803.8, 0
35052.6, 74714, 0
7402.41, 55194, 0
56919.8, 37923.8, 0
31683.4, 125559, 0
42403.6, 66844.7, 0
46586.4, 20684.5, 0
36153.2, 112279, 0
29979.8, 26959.8, 0
14701.1, 39035.4, 0
41129.8, 151074, 0
73745.2, 20392.4, 0
14598, 45222.4, 0
20757.1, 73438.9, 0
59103.8, 101984, 0
34163.3, 150916, 0
38833.5, 63674.1, 0
39678.1, 102422, 0
20782.2, 81822.4, 0
18395, 156345, 0
42601.7, 28500.7, 0
117891, 78632.8, 0
40443.2, 134918, 0
20346.8, 79193.3, 0
21127.4, 77866.7, 0
19670.8, 65945.6, 0
5360.2, 134437, 0
20471, 59792.4, 0
17343.4, 173901, 0
18816.8, 102109, 0
6130.12, 84536.3, 0
132025, 115388, 0
45031.1, 57093.1, 0
73801.9, 151560, 0
28245.7, 54274.8, 0
80838.4, 102143, 0
93660.3, 90587.4, 0
72729.2, 60511.2, 0
159409, 116397, 0
71196.5, 126000, 0
64167.9, 29297.6, 0
45868.1, 35944.4, 0
44343, 65027, 0
15104.2, 72773.9, 0
91438.8, 90610.2, 0
46254.6, 33579.6, 0
133878, 92695.5, 0
54788.6, 84497.2, 0
74676, 90075.8, 0
57896.4, 61343.3, 0
28736.1, 142965, 0
16038.4, 86585, 0
42091.5, 22310.3, 0
88567.4, 102963, 0
73427.7, 61144.7, 0
7605.48, 83223, 0
24798.7, 113891, 0
48607.4, 75678.8, 0
109130, 94612.7, 0
116540, 92311.1, 0
43765.3, 95352.6, 0
36093.3, 86922.9, 0
5324.92, 34935.7, 0
3383.45, 98517.3, 0
46491.3, 83107.6, 0
44074, 106004, 0
18059.7, 113550, 0
19161.5, 203229, 0
7635.15, 147705, 0
50443.2, 78147.3, 0
19096.3, 47153.8, 0
44741.1, 55486.8, 0
13433.4, 116334, 0
14021.6, 78103.8, 0
14406.7, 64361.8, 0
60092.8, 82976.9, 0
48719.1, 55004.9, 0
3646.11, 115597, 0
104099, 80752.5, 0
87749.1, 68611.1, 0
85812.7, 95457, 0
48881.6, 166590, 0
52947.2, 149132, 0
2733.02, 39945.5, 0
40366.1, 77989.1, 0
21665.2, 47047, 0
66040.2, 196833, 0
816.69, 24701.7, 0
5277.13, 128217, 0
42095, 126728, 0
96913.9, 147656, 0
148797, 88336.2, 0
24967.7, 72194, 0
58128.4, 70233, 0
31333.3, 42334.2, 0
24929.5, 122284, 0
21707.4, 91050.6, 0
86698.3, 73017.5, 0
5174.26, 169212, 0
96712.6, 65762, 0
25498, 36865.6, 0
6877.11, 129297, 0
60623.6, 20354.6, 0
12086.9, 77008.1, 0
4855.8, 169386, 0
29206.6, 26535.7, 0
29498, 23280.7, 0
102168, 134079, 0
38114.3, 52485.7, 0
31753.9, 154759, 0
10553.7, 169551, 0
120824, 109045, 0
13524.2, 80373.6, 0
81921.9, 84563.5, 0
32319.2, 49258.1, 0
36215.3, 105999, 0
29964.4, 14406.4, 0
72975.6, 108908, 0
31950.2, 68039.8, 0
1534.18, 59223.2, 0
70800.2, 65635.8, 0
34714.1, 29497.7, 0
189303, 128949, 0
47266.8, 67812.5, 0
36503.9, 82454, 0
7576.92, 52602, 0
40654.3, 103256, 0
131573, 61904.9, 0
2364.4, 28888.6, 0
66946, 96107.5, 0
96774.2, 55579, 0
26088.3, 59087.2, 0
12709.9, 116862, 0
21489.1, 36180.3, 0
94608, 61471.1, 0
38739.3, 42150.5, 0
81405.1, 123163, 0
51348.2, 36879.9, 0
13054.7, 78177.5, 0
146095, 187406, 0
127380, 84015.5, 0
52086.4, 74473.9, 0
147117, 75172.1, 0
15249.3, 67982.2, 0
44621.9, 26229.9, 0
7043.49, 85851.7, 0
11522.7, 40797.2, 0
37755.7, 92283.1, 0
10226, 183110, 0
125636, 89914.9, 0
29804, 44418.4, 0
58111, 48388.3, 0
10286.5, 21138.7, 0
55104.9, 124317, 0
88827.9, 90987.2, 0
38111.1, 105695, 0
21848, 56607, 0
36591.3, 49076.5, 0
1157.05, 46039.5, 0
23387.4, 107031, 0
81962.2, 20201.5, 0
40535.4, 23007.2, 0
136871, 46744.7, 0
60794.6, 150130, 0
34796.4, 132515, 0
5912.17, 92201.6, 0
79099.1, 127211, 0
42090.6, 40206.1, 0
149831, 111831, 0
5217.96, 89291.7, 0
6170.51, 60647.6, 0
58507.1, 87472.1, 0
71011, 43083.1, 0
125746, 58005.1, 0
126492, 64262.5, 0
147649, 93741.7, 0
1276.61, 83420.7, 0
37765.4, 56231.3, 0
20219.5, 135614, 0
4903.15, 84299.7, 0
44611.9, 49157.3, 0
45496.9, 77637.5, 0
84055.9, 20691.5, 0
25754.4, 90100.3, 0
64176.1, 86754, 0
34442, 99651.7, 0
130426, 84394.8, 0
6762.48, 117695, 0
52102, 109750, 0
24076.6, 63145.2, 0
25960.1, 62250.8, 0
715.292, 57745.3, 0
55153.8, 35493.5, 0
75240.1, 91028.3, 0
65274.8, 71308.1, 0
18806.6, 85537.7, 0
118106, 145362, 0
84364.5, 164005, 0
40237, 83414.4, 0
14462.4, 221838, 0
22958.3, 61998.8, 0
84972.8, 10862.1, 0
65491.1, 37579.5, 0
40998.8, 86689.4, 0
44332.2, 85298.6, 0
21427.4, 40002.2, 0
82956.4, 93377.7, 0
38462.5, 28265.1, 0
91962.3, 83179.9, 0
5954.72, 101585, 0
50897.2, 109169, 0
43943.3, 92501.4, 0
45561.6, 126955, 0
36980.8, 52849.2, 0
43870.7, 67353.6, 0
42242.6, 55310.8, 0
2896.36, 128186, 0
52223.1, 56687, 0
65666, 120648, 0
50763.4, 50547.4, 0
38701.2, 86378.3, 0
140608, 113504, 0
74364.8, 111603, 0
21888, 115424, 0
60722.1, 170460, 0
59414.8, 18168.2, 0
75926.7, 12320.4, 0
81268.3, 121847, 0
2611.49, 81492.9, 0
92864.5, 128654, 0
12549.2, 107546, 0
81239.8, 68464.6, 0
46481.8, 31872.5, 0
73089.3, 159681, 0
31782.2, 77488, 0
66605.3, 52644.5, 0
19029.3, 20784.3, 0
22811.5, 68282.8, 0
17008, 93562.3, 0
57786.5, 22091, 0
63580.6, 86803, 0
56882.4, 59774.1, 0
24501.2, 58399.2, 0
31994.5, 144083, 0
8637.96, 67954.7, 0
37313.1, 46330.9, 0
10348.1, 191067, 0
33693.2, 98155.6, 0
88795.7, 73924.4, 0
63662.8, 117064, 0
10998.2, 64800.4, 0
64273.2, 84473, 0
67671.3, 106696, 0
8941.08, 78477.3, 0
33868.3, 45346, 0
107968, 130934, 0
39258.6, 117941, 0
106817, 74141.1, 0
14505.2, 109788, 0
81047.1, 39208.9, 0
26905.2, 88210.1, 0
42177.7, 104688, 0
4957.53, 82031.4, 0
89974.4, 41130.5, 0
15512.7, 116571, 0
7582.01, 44955.3, 0
31413.7, 103331, 0
17253.3, 59148.6, 0
176712, 75929.8, 0
43680.8, 126074, 0
57224.8, 101147, 0
17855.3, 132971, 0
54843.3, 60910, 0
22948.1, 91771.8, 0
121252, 52696.2, 0
43003.4, 49162, 0
50610.9, 44307.7, 0
43505, 55893.1, 0
45732.8, 99762.4, 0
769.271, 59287.4, 0
14699.9, 55105.7, 0
887.441, 36843.1, 0
64077.2, 37703.6, 0
33927.9, 21528.9, 0
42871.6, 47216.9, 0
48306.1, 42981.9, 0
103010, 50682.7, 0
111232, 91253.1, 0
60892.9, 21626.7, 0
3735.02, 45720, 0
102953, 50303.3, 0
54267.5, 78860.7, 0
23074.6, 48610.6, 0
57765.5, 117948, 0
58591, 169920, 0
77444.9, 100888, 0
11477.3, 106297, 0
36034.9, 71484, 0
113642, 100538, 0
37492.4, 103156, 0
74818.1, 50665.3, 0
121421, 46513.5, 0
62116.6, 62105.3, 0
63871.1, 85950.9, 0
27635.3, 69264.1, 0
48260.8, 41197, 0
6387.13, 93881, 0
37610.5, 157158, 0
48224.3, 73818.9, 0
43898.2, 119540, 0
87038.4, 127804, 0
104.35, 67090.3, 0
56604, 104151, 0
8066.93, 133144, 0
35641.5, 56885.3, 0
154920, 19066.5, 0
54551.6, 69155.4, 0
36910.1, 76742.1, 0
104504, 110685, 0
97461.9, 156996, 0
36420.1, 94527.1, 0
55483.5, 108868, 0
1519.17, 55288.8, 0
77976.2, 160034, 0
25654.4, 55182.6, 0
29895.3, 23582.6, 0
96442.3, 50921.9, 0
30471.6, 51704, 0
3408.09, 65103.3, 0
55085.6, 61428.1, 0
68900.5, 51882.1, 0
164126, 39877.2, 0
39375.7, 165883, 0
2183.25, 78826.2, 0
11622.6, 103338, 0
43493.7, 71210.2, 0
44514.5, 68122, 0
7419.51, 102723, 0
20031.9, 25765.2, 0
53326.6, 19661.2, 0
7711.84, 27798.4, 0
20848.3, 62956.5, 0
60094.8, 187440, 0
7965.08, 55133.8, 0
8015.87, 123449, 0
80039.3, 173413, 0
10659.7, 37888.2, 0
40160.2, 114678, 0
57277.1, 160064, 0
28438.7, 43374.4, 0
24848.3, 24665.2, 0
57076, 63047.2, 0
142112, 64324.8, 0
53410.2, 85543.3, 0
92183.9, 74601.4, 0
4280.27, 55293.4, 0
2686.96, 30554.6, 0
60155.4, 65901, 0
1761.59, 110484, 0
10174.6, 82789.5, 0
45258.6, 118426, 0
9603.95, 166764, 0
11228.5, 27275.4, 0
58988, 97621.1, 0
61051.8, 56363.2, 0
2931.13, 117309, 0
51733.9, 21740.7, 0
67668.6, 47256.1, 0
19423.6, 35072.9, 0
74763.9, 128739, 0
44071.6, 41481.1, 0
4767.17, 134707, 0
39925.4, 133421, 0
33953.3, 68870.6, 0
11619.9, 125772, 0
20940.3, 87639.2, 0
60955.9, 47346.9, 0
46331.8, 36596.2, 0
36905.8, 39674.2, 0
12739.6, 37540.3, 0
59612.6, 87982.8, 0
37204.2, 53502.8, 0
20925.5, 73619.4, 0
50125.4, 163626, 0
51931.7, 107857, 0
81343.5, 39671.5, 0
17815.6, 49641.4, 0
30479.8, 41151.8, 0
44367.7, 67027.8, 0
43330.8, 72932.5, 0
129762, 118910, 0
23542, 61029.8, 0
53554.5, 73106.5, 0
71789.3, 47026.2, 0
56881.5, 129029, 0
83133.2, 246789, 0
42462.5, 64076.4, 0
95912.2, 63431.9, 0
83183.5, 101249, 0
58687.3, 50983, 0
19197.9, 52660.5, 0
89538.8, 58782.6, 0
2479.03, 100427, 0
80394.6, 15455.7, 0
15673.9, 57126.5, 0
44366, 32449.1, 0
61417.3, 190671, 0
21817.7, 26747.3, 0
18351.6, 40837.1, 0
89492.9, 89824.3, 0
131137, 114563, 0
57939.1, 184752, 0
3325.5, 117713, 0
65026.9, 122506, 0
14103.8, 105648, 0
21266.6, 124390, 0
44336.4, 70178.3, 0
88900.3, 30629.7, 0
107103, 84670.1, 0
72023.1, 89959, 0
44614.2, 143907, 0
16782.1, 39842.4, 0
47980.1, 55211.1, 0
69084, 55276.9, 0
31788.5, 69632.6, 0
44413.4, 90858.5, 0
46810.2, 171293, 0
8398.16, 66845.1, 0
1739.7, 22051, 0
89933, 96716.8, 0
1788.39, 42197.7, 0
52047.7, 80279.2, 0
85608.4, 109474, 0
34062.8, 163746, 0
41870.9, 76047.8, 0
5814.19, 241700, 0
7289.4, 123979, 0
77349.8, 36515.7, 0
72361.3, 64664.1, 0
90565.3, 35728.4, 0
93857.5, 98377.9, 0
102691, 46414.2, 0
63685.3, 81279.8, 0
37511.4, 106940, 0
44304.7, 33265.6, 0
18043.9, 146602, 0
12011.8, 82360.7, 0
48552.4, 93101.9, 0
33598.1, 23402, 0
3193.46, 148358, 0
69043, 102253, 0
34701.9, 58892.6, 0
31947.8, 56335.6, 0
59434.1, 100918, 0
27927.6, 93756.1, 0
30003.5, 65528.5, 0
19663.4, 35126.2, 0
5709.3, 34740, 0
80947.8, 51617.6, 0
10873.3, 98561.8, 0
24008, 61497.4, 0
26925.1, 107155, 0
55059.8, 102948, 0
61453.8, 85828.3, 0
70483.3, 46365.3, 0
24933, 68322.9, 0
30327.4, 118545, 0
47190.4, 13956.5, 0
8150.04, 65619.1, 0
32445.9, 10209.4, 0
48828, 122508, 0
10681.2, 79019.9, 0
11381.5, 156433, 0
56261.8, 127485, 0
39436.2, 66602.8, 0
64887, 91733.7, 0
92425.9, 74333.2, 0
27117.9, 86748.1, 0
127553, 135277, 0
5125.14, 133454, 0
96070.8, 102595, 0
57333.4, 86217.3, 0
91691.5, 68325.5, 0
58139.5, 41639.2, 0
36459.3, 50102, 0
62039.2, 31526.4, 0
28809, 30472.5, 0
11529.2, 92577.6, 0
52581.7, 86747.4, 0
77386.6, 8733.63, 0
96516.4, 89987, 0
6525.25, 34642.7, 0
23701.6, 21899.5, 0
50055.8, 151888, 0
59589.4, 116634, 0
118619, 69466.1, 0
16622.4, 125030, 0
60432, 65794.5, 0
20316.5, 98797.1, 0
81814.3, 34244.3, 0
1250.32, 125002, 0
21253.4, 73237.5, 0
17118, 36899.8, 0
13574.6, 48227.9, 0
11643.4, 85928.5, 0
42570.7, 25689.6, 0
448.646, 99044.7, 0
44103.9, 35774.3, 0
25083, 68851.6, 0
72020, 148499, 0
176.996, 69552.3, 0
36585.7, 28452.9, 0
64942.5, 69741.1, 0
35535.6, 121639, 0
61709.4, 37610.8, 0
27596.4, 72472.1, 0
19486, 139724, 0
77057.1, 109752, 0
33123.9, 71366.1, 0
30160, 141017, 0
77186.3, 40473.3, 0
45784.6, 23248.4, 0
88147.6, 156940, 0
108275, 31878.8, 0
37081.5, 51218.2, 0
78058.7, 141987, 0
82348.5, 137364, 0
98821.6, 89219.9, 0
21177.2, 114758, 0
30081.4, 100560, 0
4653.2, 19668.1, 0
125649, 51652, 0
50496.2, 144026, 0
41440.4, 28765.3, 0
22395.1, 101975, 0
5450.33, 62736.4, 0
17997.2, 153354, 0
15779.1, 40408.1, 0
26885, 52889.1, 0
2987.92, 178809, 0
62579, 127429, 0
8645.06, 55331.2, 0
57209.9, 50917.1, 0
52353.6, 38702.1, 0
117679, 97893.8, 0
45480, 142852, 0
5930.55, 46977.2, 0
112908, 109653, 0
47806, 101831, 0
69008.6, 47447.4, 0
34205.5, 158723, 0
35861.3, 130873, 0
11081.4, 59801.9, 0
40274.5, 75659.7, 0
35548.4, 105410, 0
42204.3, 151256, 0
74362.4, 77401.3, 0
25702, 83847.7, 0
31879.3, 38010.6, 0
6785.54, 66924.3, 0
181624, 65855.8, 0
10784.1, 43752.4, 0
35972.7, 113994, 0
55919.3, 56793.5, 0
38900.9, 45178.5, 0
14111.5, 62492.4, 0
43255.2, 82703.4, 0
40222.7, 127851, 0
16309.9, 113555, 0
70685.1, 19073.3, 0
11927.3, 177281, 0
3318.38, 67518.9, 0
15019.8, 54279.3, 0
48281.9, 83464.2, 0
16620.7, 112561, 0
56083.1, 120142, 0
40981, 60840.2, 0
64330.1, 71679.4, 0
74211.7, 44939, 0
126599, 91723.4, 0
20071, 31999, 0
25270.9, 75166.5, 0
15901.6, 33232.2, 0
66532.7, 48363.2, 0
86920.8, 104554, 0
273.852, 109167, 0
1938.15, 145113, 0
24350.3, 72907.8, 0
25565.6, 38775.7, 0
63797.3, 158557, 0
75787.4, 40051.4, 0
94155.7, 135057, 0
8215.7, 95808.1, 0
101638, 95932.9, 0
109672, 55336.5, 0
11692.3, 55567.9, 0
54304.4, 115642, 0
65202.7, 81229.2, 0
21589.1, 66558.7, 0
150632, 147147, 0
26108.8, 54705.9, 0
5496.63, 136641, 0
46534.7, 92712.8, 0
82210, 123004, 0
2147.08, 58353.3, 0
54081, 40260.5, 0
70612.4, 79211.4, 0
90439.8, 111326, 0
33064.5, 81379, 0
100336, 24715, 0
10548.7, 65881.9, 0
51592, 78081.9, 0
80029.1, 22374.3, 0
15318.4, 55767.9, 0
50185.9, 96753.3, 0
15768.3, 53305.1, 0
30971.7, 47534.3, 0
69546.6, 128133, 0
37888.3, 38250.4, 0
43916.8, 78807, 0
12628.8, 130531, 0
5477.83, 175710, 0
146209, 93704.7, 0
5646.74, 86337.1, 0
11896.4, 164935, 0
46227.9, 85749.6, 0
35614.7, 69266.3, 0
43721.2, 92806.3, 0
37574.4, 40654.6, 0
1947.92, 114081, 0
14804.5, 126174, 0
5362.87, 57110.4, 0
3144.4, 164007, 0
19416.5, 106977, 0
35881, 100692, 0
74214.5, 158087, 0
16267, 112096, 0
8789.88, 107217, 0
54789.6, 150548, 0
33294.1, 186570, 0
10435.6, 44476.2, 0
79727, 30958.6, 0
42027.5, 88428.3, 0
61618.1, 32923.2, 0
32836.3, 72061.8, 0
17382.3, 135800, 0
86980.7, 171679, 0
7016.99, 56819.4, 0
46813.4, 47936.3, 0
62464.2, 24907.5, 0
85628.2, 48954.7, 0
53090.4, 81153.3, 0
17468.3, 68943.1, 0
67090.8, 99538.8, 0
57527.2, 126711, 0
48659.9, 74343.7, 0
45053.8, 103900, 0
27476.7, 114857, 0
61920.3, 114858, 0
17262.3, 31859.2, 0
41191.2, 70651.5, 0
65634.7, 88249.2, 0
104141, 99177.9, 0
13372, 69827.7, 0
86462.9, 112911, 0
83568.7, 253163, 0
5090.82, 77780.7, 0
8751.39, 62244.4, 0
71739.4, 22178.7, 0
31410.7, 83015.7, 0
124997, 58612.8, 0
44913.9, 70109.1, 0
62825.7, 56691.4, 0
7284.57, 142073, 0
38712.9, 76125.4, 0
69042, 102626, 0
1636.34, 186321, 0
86618.2, 114344, 0
3559.98, 146847, 0
95211.8, 99728.4, 0
3429.35, 28067, 0
90164.2, 18910, 0
68098.9, 44448.1, 0
15857.1, 71221.2, 0
77215.2, 85095.1, 0
15695.8, 60015.6, 0
92109.2, 185608, 0
133505, 54627.6, 0
46111.3, 38833.6, 0
4250.58, 66166.2, 0
54520.6, 12984.6, 0
29587.4, 84419.2, 0
50356, 58932.5, 0
21750.4, 82680, 0
45457.6, 147410, 0
4264.81, 127275, 0
45025.1, 77715.1, 0
56166.2, 114142, 0
10137.1, 51180.6, 0
156003, 74853.9, 0
33793.6, 76503.3, 0
40611.4, 42425.2, 0
15973.9, 101271, 0
64619.2, 124311, 0
36105.4, 77589.7, 0
77275, 124290, 0
4100, 95063.9, 0
35587.3, 80889, 0
101456, 95500.7, 0
77437.9, 127453, 0
40621.9, 82723, 0
115450, 47615.3, 0
93382.9, 95798.3, 0
56720.7, 55037.5, 0
67299.7, 60929.9, 0
113876, 77583.5, 0
45384.2, 52809.5, 0
38945.8, 145276, 0
67820.6, 58657.5, 0
63284.3, 82250, 0
43829.4, 24793.9, 0
17247, 72495.1, 0
99413.9, 108101, 0
28318.8, 112659, 0
57575.1, 94671.3, 0
4637.72, 65992.9, 0
23478.3, 52370.1, 0
33930.8, 123603, 0
39647.2, 110291, 0
51623.4, 39507.8, 0
94038.5, 40904.3, 0
93474.9, 72924.4, 0
9782.24, 50826.8, 0
42023.4, 126202, 0
8399.06, 95872.1, 0
24050.2, 27863.6, 0
54080.3, 43655.8, 0
25719.7, 41447.1, 0
53272.1, 83849.2, 0
153386, 52318.8, 0
50488.2, 96420.4, 0
105960, 59381.8, 0
32378.8, 61423.3, 0
95278.1, 126219, 0
47092.6, 61262.8, 0
64775.4, 62202.3, 0
90252.4, 72530, 0
54825.8, 58735.6, 0
91470, 36197.9, 0
30657.9, 81217.7, 0
51544.6, 116282, 0
85607.3, 53638, 0
74966.2, 127555, 0
90536.2, 121059, 0
26930.6, 97572.1, 0
53022.2, 105467, 0
105463, 62029.6, 0
5332.51, 76827.7, 0
12093.8, 60765, 0
25014, 95181.1, 0
23084.7, 96191.1, 0
76646.6, 36374.3, 0
29172.8, 36384.8, 0
76264.7, 37668.9, 0
51760, 70332.8, 0
31417.5, 21620.7, 0
54458.1, 30204.2, 0
43587.4, 122005, 0
32190.1, 70966.6, 0
22846.6, 147462, 0
3951.67, 47126.1, 0
48425.3, 44593.5, 0
55712.7, 70388.3, 0
63609.9, 91893, 0
755.017, 47356.8, 0
9205.61, 88361.9, 0
2798.36, 90350.1, 0
99710.9, 18939.4, 0
46033.3, 176129, 0
45568.2, 65690.9, 0
20373.1, 153806, 0
64051.2, 37485.8, 0
14047.3, 102154, 0
8282.13, 83175.2, 0
25401.6, 117689, 0
45640.7, 43047.8, 0
90245.6, 40861.8, 0
65397.9, 23526.9, 0
104492, 109142, 0
9074.08, 101641, 0
49344.6, 52048.6, 0
11043.4, 38784.2, 0
41259.7, 152450, 0
42971.8, 49111.2, 0
181667, 125336, 0
8662.32, 66545.6, 0
116045, 34479.7, 0
157645, 101249, 0
69455.3, 59419.5, 0
37763.6, 37629.2, 0
79603.3, 97991.2, 0
3295.44, 121595, 0
29632.3, 109705, 0
455.064, 126984, 0
47438.4, 19759.6, 0
5214.14, 92248.7, 0
80578.4, 48538.1, 0
61134.3, 23494.8, 0
5583.65, 43817, 0
45695.7, 96369.5, 0
11952, 112339, 0
44138.6, 98707.2, 0
38705.4, 143148, 0
57913.9, 153728, 0
31057.2, 30869.2, 0
43329.4, 111652, 0
38471.3, 127860, 0
48145.4, 85482.2, 0
24916.3, 54994, 0
14040.5, 45917.1, 0
42636.4, 124918, 0
64687.5, 124369, 0
2997.45, 113216, 0
43519.1, 49718.9, 0
37610.9, 78169.3, 0
20240.9, 78937.9, 0
80132.3, 104926, 0
65674.1, 48684.7, 0
111153, 87731.9, 0
74782.4, 121253, 0
68823.4, 136313, 0
12736.1, 90372.4, 0
21653.2, 95253.3, 0
17349.7, 139470, 0
34533.3, 32713.3, 0
38975.8, 139616, 0
84109.6, 103949, 0
113847, 176304, 0
52785, 150914, 0
72652.4, 65061.2, 0
65184.4, 68044, 0
109077, 49715.2, 0
11345.6, 83588.7, 0
74874, 67350.6, 0
12948.8, 59385.9, 0
78788.9, 107961, 0
98406.4, 34720.3, 0
89077.8, 140385, 0
28333.8, 152670, 0
26564.5, 24927.8, 0
23953.2, 78292, 0
8583.25, 99811.7, 0
19535.2, 63642.8, 0
14739.5, 124018, 0
49294.5, 33392.7, 0
92456.3, 62641.6, 0
81137.8, 111616, 0
31704.7, 40245.1, 0
37268, 36834.3, 0
27808.3, 74103.4, 0
59396.2, 103518, 0
70318.6, 92175.7, 0
107449, 169702, 0
28698.6, 79259, 0
16678.6, 92906.8, 0
29089.9, 47634.4, 0
15951.1, 198902, 0
10670, 38702.7, 0
48414.7, 76761.3, 0
9333.33, 121893, 0
65009.1, 41796.9, 0
18520.3, 50319.9, 0
35643.9, 50794.6, 0
89807.3, 51819.2, 0
122024, 119474, 0
45038.1, 209199, 0
5863.03, 134038, 0
38608.1, 58432.1, 0
3972.63, 75555.2, 0
128070, 92833.5, 0
12560, 32627, 0
69194.9, 50768.8, 0
12241.5, 56325.2, 0
51485.2, 82083.3, 0
42516.9, 41751.7, 0
52756.6, 41619.4, 0
108649, 86412.2, 0
39414.8, 31780.3, 0
20632.4, 103496, 0
33591.7, 74619.1, 0
9758.18, 138868, 0
16503.2, 78569.9, 0
708.566, 55404.8, 0
21594.7, 135633, 0
75223.5, 82750.1, 0
33183.3, 89964.7, 0
88791.4, 22556.5, 0
29925.7, 86366.4, 0
166570, 36387.8, 0
9935.47, 54260.5, 0
19781.8, 107500, 0
118374, 117642, 0
1778.43, 96782.7, 0
14417.3, 113402, 0
2807.08, 86037.9, 0
13736, 56967.7, 0
40464.3, 46797.3, 0
32211.2, 80319.6, 0
55586, 63509.4, 0
26225.1, 40853.3, 0
62131.7, 44730.6, 0
40988.2, 26305.9, 0
46447.1, 112019, 0
26676.3, 54799, 0
71736.3, 72742.3, 0
34890.3, 82669.7, 0
11877.3, 19059.1, 0
36590.4, 44258.2, 0
117186, 102463, 0
31900.9, 119631, 0
45749.6, 22935.6, 0
127547, 119639, 0
1167.38, 130041, 0
70135, 98402.3, 0
96850.5, 62347.7, 0
16341.6, 17401.8, 0
61283.9, 19513.7, 0
5280.29, 61878.8, 0
33857.8, 58491.3, 0
59813.2, 45731.4, 0
20044.7, 95496.5, 0
60404.6, 65619.9, 0
7020.31, 60895.8, 0
12546.7, 179771, 0
32596.2, 91951.2, 0
7482.48, 22446.1, 0
17727.4, 79120, 0
10504.3, 178371, 0
39217.1, 114494, 0
12063.7, 100095, 0
17510.1, 36225, 0
67199, 49883, 0
28609.7, 61984.3, 0
88524.6, 138094, 0
69704, 74827, 0
19582.5, 83844, 0
11807.3, 112990, 0
41904.6, 27512.2, 0
130209, 58256.5, 0
23855.8, 64582.4, 0
35044.4, 63561.9, 0
48631.6, 54567.6, 0
70084.3, 35104.7, 0
10385.9, 108724, 0
16688.5, 63424.1, 0
31302.6, 46733.7, 0
29862.7, 59853.6, 0
60268.6, 149965, 0
29272.3, 80134.9, 0
6999.26, 58802, 0
15976.3, 48406.4, 0
7089.36, 38064.5, 0
20782.2, 55024.5, 0
37167.6, 116243, 0
19998.8, 26268.5, 0
57796.5, 44759.2, 0
5234.32, 65652.3, 0
83024.9, 112332, 0
32841.3, 89211.2, 0
31102.1, 84772.2, 0
116713, 92063.5, 0
7541.53, 79334, 0
14789.9, 83139.2, 0
68728.5, 88844, 0
65904.8, 95871.6, 0
81650.4, 68104, 0
29547.6, 93757, 0
158299, 129864, 0
22504.9, 72638, 0
1911.8, 43277.4, 0
95588.7, 166299, 0
49110.5, 144016, 0
74316.6, 64973.5, 0
155133, 116890, 0
25597.6, 60087.1, 0
49507.1, 42645.3, 0
13228.1, 103485, 0
31496.5, 65305.6, 0
22447, 90568, 0
4218.49, 143153, 0
111537, 112107, 0
26882.5, 72030.6, 0
64839.2, 56224.5, 0
58053.2, 83760.4, 0
144226, 114789, 0
64414.7, 95272.1, 0
51733.6, 88888.1, 0
5962.26, 116398, 0
29445.6, 89688.8, 0
116084, 76915.2, 0
52197.6, 77017.9, 0
105014, 53382.7, 0
47762.6, 105945, 0
145861, 100315, 0
38112.6, 20309.1, 0
25221.2, 92938.6, 0
93161.6, 63440.1, 0
102657, 104989, 0
32793.3, 110684, 0
36778.6, 137089, 0
43279.6, 81204.4, 0
26679, 88650, 0
42798.3, 63026.4, 0
89868.5, 206480, 0
75632, 70785.3, 0
80248.7, 114081, 0
34180, 39542.8, 0
55196.2, 38121.5, 0
10732.2, 116649, 0
13710.8, 66870, 0
18174.4, 49443.9, 0
58117, 62886.5, 0
27793.7, 34022.2, 0
70142.7, 49915.3, 0
44105, 91797.9, 0
4157.44, 142828, 0
96003.2, 98801.6, 0
61160.4, 106826, 0
10612.6, 83601.8, 0
13379.2, 63199.3, 0
93183.2, 32166.8, 0
11789.6, 148148, 0
143691, 79902.1, 0
19835.4, 78041.6, 0
30528.7, 55682.7, 0
40743, 110748, 0
10461.3, 126986, 0
16686.5, 85367.8, 0
21980.5, 42984.7, 0
43872.6, 149146, 0
20249.4, 21792, 0
42368.7, 35602.6, 0
11401.5, 99737.9, 0
78153.6, 16401.7, 0
64393.9, 101020, 0
44879.3, 57713.7, 0
25429.8, 27893.5, 0
35935.1, 38786.7, 0
23805.9, 81927.6, 0
37065.4, 36574.7, 0
57702.7, 37828.1, 0
69477.5, 17530.1, 0
64107.8, 150352, 0
73359.3, 148121, 0
45753.4, 27198.8, 0
59446.8, 56812.1, 0
62948.1, 96579.8, 0
23817.7, 53442.8, 0
72822.5, 45706.5, 0
46823.2, 127230, 0
6909.63, 95402, 0
74075.9, 92566.2, 0
31592.5, 43373, 0
52748.4, 22093.5, 0
12321.5, 104858, 0
126243, 211875, 0
59368.7, 25655.1, 0
34566.1, 93986.8, 0
56209.9, 118234, 0
65915.1, 73607.7, 0
78827.1, 57618.6, 0
52837.2, 64978.6, 0
86741.2, 65966.3, 0
18184.5, 40811.6, 0
73500.5, 147436, 0
26679.5, 154294, 0
37299.6, 125148, 0
8320.37, 135203, 0
8663.92, 148249, 0
48886.9, 98948.4, 0
56069.2, 56664.7, 0
31063.9, 51470.5, 0
71781.1, 73573.5, 0
87394.3, 69664.8, 0
54191.2, 110155, 0
4337.15, 78111.3, 0
10492.4, 53852.4, 0
12418, 79039.3, 0
35236.5, 11381.1, 0
48315.4, 108274, 0
27276.2, 22119.3, 0
56089.9, 40249.5, 0
25456.3, 155512, 0
25798.6, 75521.1, 0
42772.7, 59620.4, 0
58182.5, 54320.9, 0
46367, 69261.8, 0
6931.17, 70532.5, 0
37361, 38108.6, 0
40138.2, 90474.8, 0
29968.3, 87683.1, 0
53490.9, 141864, 0
50194.8, 77858.1, 0
49854.2, 20768.7, 0
81701, 95361.5, 0
14140.1, 154723, 0
54222.1, 103725, 0
80427, 147250, 0
20272.3, 110975, 0
18787.7, 93166.2, 0
775.836, 119883, 0
6650.19, 117726, 0
42648.3, 22150, 0
25497.5, 48427.6, 0
40134.5, 46713.2, 0
73769.8, 69531, 0
5173.11, 100080, 0
28705.2, 99932.7, 0
35011.8, 125483, 0
10011.1, 98024.8, 0
88801.6, 126665, 0
89374.1, 143663, 0
19781.6, 157286, 0
25534.1, 213864, 0
10818.8, 85160.9, 0
9567.35, 55489.2, 0
20629.7, 143613, 0
76379.3, 55567.6, 0
20582, 78315.5, 0
32078.2, 174963, 0
2916.58, 129162, 0
30498.3, 78571.7, 0
67046.3, 38246, 0
74082.1, 92996.6, 0
36574, 24600.1, 0
92139.4, 39321.3, 0
51988.7, 115870, 0
60350.4, 75543.2, 0
44966.8, 86821.3, 0
80052.9, 35179.5, 0
20140.2, 58619, 0
140712, 53659.2, 0
79438.9, 18049.4, 0
55846, 94809.6, 0
47641, 149616, 0
14712.6, 99997.6, 0
43953.7, 94644.9, 0
44548.9, 100227, 0
51923.4, 61400.6, 0
94976.6, 81397.9, 0
27649.1, 99439.7, 0
45008.1, 72073.9, 0
36860.1, 85563.9, 0
94992, 95129, 0
42656.3, 59447.7, 0
3169.73, 86759.9, 0
33557.8, 69948.3, 0
23732.8, 87907.3, 0
493.009, 30629.7, 0
44391.2, 96601.6, 0
81071.2, 79528.6, 0
47055.6, 45443.9, 0
56565.3, 78017.1, 0
10645, 68683, 0
138065, 109455, 0
87870.2, 54963.1, 0
6122.08, 69249.4, 0
16137.1, 32141.2, 0
20292.5, 71689.4, 0
32838.5, 95128.9, 0
137309, 48517, 0
50571.7, 59922.1, 0
39845.7, 221965, 0
10574.8, 75422.5, 0
96748.2, 115293, 0
65794.2, 107961, 0
13446, 36032, 0
15456.3, 42647.5, 0
22056.1, 196668, 0
76048.9, 99142.8, 0
9276.93, 95628.9, 0
39686.8, 163309, 0
7817.01, 106792, 0
174558, 100289, 0
10191.1, 41713.2, 0
28220.4, 60977, 0
31190.5, 111076, 0
97746.4, 75443, 0
42507.3, 57453.1, 0
1763.97, 109789, 0
32556, 177609, 0
50247.5, 52916.7, 0
12369.9, 58407.5, 0
18387.4, 131213, 0
119455, 104373, 0
4573.77, 58728, 0
11226.3, 54670.3, 0
49405.4, 65494.8, 0
93628, 122983, 0
39310, 80325.6, 0
56571.3, 101321, 0
50603.6, 83146.2, 0
45685.1, 119931, 0
71695.5, 118202, 0
9913, 54030.5, 0
91922.2, 121893, 0
68025.7, 79163, 0
21949, 33414.8, 0
1900.23, 152943, 0
83183.5, 83942.5, 0
110672, 95287.3, 0
38339, 148686, 0
5901.72, 36164, 0
25161.9, 158848, 0
5846.33, 71196.2, 0
51201.1, 38917.2, 0
50545.8, 144331, 0
81009.1, 60568.6, 0
51380, 42164.7, 0
119678, 57512.7, 0
164541, 101718, 0
54876.6, 113431, 0
9437.92, 113777, 0
52759, 72183.6, 0
64891, 67818.6, 0
86420.8, 130263, 0
20345, 74025.1, 0
54393.3, 91093.6, 0
12940.6, 57968.6, 0
37966, 27477.4, 0
75954.6, 100796, 0
59409.6, 28502.5, 0
88868.5, 53909.3, 0
10131.5, 187267, 0
117369, 146315, 0
63064.5, 40456.9, 0
53119.2, 135379, 0
12044.6, 57658.3, 0
36381.4, 10167.3, 0
50703.6, 88557.3, 0
44738.8, 72887.3, 0
54237.3, 86311.4, 0
92591.2, 214245, 0
20735.2, 100834, 0
273.465, 151029, 0
87416.1, 25595.4, 0
3703.3, 49727.3, 0
79920.1, 130021, 0
64919.4, 37915.8, 0
4929.67, 56761, 0
43839.8, 62006.3, 0
14158.5, 71895.5, 0
19702.1, 76127.9, 0
48085.4, 61741.4, 0
22416.7, 57697.7, 0
18093.9, 74517.2, 0
37653.7, 81576, 0
62731.2, 14614.2, 0
61199.8, 127418, 0
69930.4, 91029.2, 0
28260.4, 91935.6, 0
103392, 102854, 0
35293.7, 35563.9, 0
25082.4, 62911.7, 0
22821.9, 43481.5, 0
62587.8, 128257, 0
62380.1, 109394, 0
44392.1, 86965, 0
26798.2, 102899, 0
61384.2, 90625.4, 0
992.713, 134051, 0
77221.3, 20304.9, 0
103060, 71870.3, 0
14127.6, 131897, 0
17598.7, 39506, 0
41407.2, 86813.6, 0
27423.3, 113181, 0
24338, 72901.7, 0
27796, 71983.7, 0
33374.6, 111086, 0
60596.8, 113877, 0
71618.2, 155649, 0
56546.8, 138626, 0
76176.6, 31492.3, 0
526.346, 55510, 0
48312.8, 34623.4, 0
150088, 23268.2, 0
35549, 104374, 0
6491.71, 72936.8, 0
15192, 53015, 0
6597.73, 65107.3, 0
81253.9, 53628.1, 0
75415.7, 105734, 0
28289.4, 177568, 0
64678.7, 31946.8, 0
66602.9, 144427, 0
136005, 190552, 0
20792.5, 153358, 0
51906, 69359.1, 0
40858.7, 92680.7, 0
125600, 130289, 0
44283.4, 64175.4, 0
53925.2, 77225.7, 0
24507.1, 41026.6, 0
46564.3, 140804, 0
36835.5, 78104.8, 0
83004.1, 139192, 0
62568.4, 112978, 0
74464, 58927, 0
15314.7, 74264, 0
10794.7, 60957.6, 0
50856.9, 28262.4, 0
26488.3, 31110, 0
65997.7, 224725, 0
206702, 59016.1, 0
49448.6, 128642, 0
43424.7, 23371.6, 0
54901, 65854.5, 0
1668.36, 70513.8, 0
17787.7, 18725.6, 0
52279.9, 49582.8, 0
28754.2, 110407, 0
9247.72, 74663.6, 0
41837.3, 46071.6, 0
14777.6, 99247.7, 0
48500.1, 78266.9, 0
29172.1, 128629, 0
14382.8, 88290.3, 0
43008.1, 130160, 0
22003, 29237.5, 0
35643.3, 49255, 0
9744.13, 101285, 0
115846, 77139, 0
408.704, 127963, 0
14449.5, 40276.8, 0
35587.9, 80593.8, 0
10067.5, 36750.4, 0
41180.8, 157948, 0
55969.9, 105999, 0
38498.5, 17300.7, 0
66261.1, 46449.9, 0
20230.8, 75751.9, 0
74833.6, 56756.3, 0
74627.5, 100080, 0
57722.5, 24101.7, 0
52958.2, 53885.1, 0
72335.4, 76431.7, 0
41855.1, 105187, 0
17361.6, 42455.1, 0
48737.4, 157811, 0
46741.7, 56143.5, 0
55663, 121645, 0
12167.2, 65963.1, 0
137505, 126179, 0
63986.9, 51851.6, 0
25409, 72373.9, 0
34804.9, 170195, 0
63951.6, 67533.7, 0
34493.7, 37611.1, 0
44497.8, 122885, 0
96772.9, 87060, 0
9742.08, 88870.3, 0
46210.2, 81340.5, 0
6218.53, 95537.2, 0
19728.6, 127607, 0
28697.2, 55392.4, 0
64090.4, 52200.8, 0
28198.7, 31442.1, 0
44227.9, 48890.3, 0
22535.1, 58307.9, 0
44489.2, 47478.1, 0
21471.1, 89463.6, 0
11774.6, 40589.3, 0
20507.4, 53227, 0
84301.7, 113008, 0
4884.09, 79660.4, 0
97901.8, 76917.9, 0
35390.1, 116640, 0
57867.5, 56354.9, 0
136210, 83885.1, 0
43442.5, 99547.6, 0
58894.2, 54609.2, 0
18592.2, 72463.7, 0
17004.6, 162657, 0
46257.3, 80116.1, 0
1308.71, 135579, 0
23241, 74014.6, 0
11696.8, 57770, 0
3355.03, 52198.4, 0
31387.7, 64183.5, 0
134615, 139848, 0
88205.9, 61302.2, 0
68820.2, 82643.3, 0
85936.3, 28954.6, 0
31564.9, 82767.3, 0
103227, 137942, 0
34270.3, 95767.4, 0
34284.5, 26556.3, 0
7289.71, 50375.8, 0
40861.7, 112317, 0
10324.1, 56723.7, 0
43376.4, 79168.5, 0
6131.41, 103881, 0
47778, 87860.6, 0
6218.22, 51971.1, 0
63090.4, 65408.2, 0
20564.4, 35302.5, 0
25777.6, 95123.4, 0
46677.3, 107808, 0
101014, 87306.4, 0
45093.6, 91906, 0
41416.6, 23846.7, 0
76667.6, 69403.6, 0
124164, 93181.8, 0
53236.5, 43990.2, 0
28573.4, 177451, 0
24924.4, 54535.8, 0
32791.1, 167633, 0
93868.7, 84628.1, 0
41348, 164690, 0
72442, 65847.3, 0
73325.6, 48427.3, 0
11358.1, 81993, 0
23265.8, 85887.5, 0
101688, 91873.5, 0
15535.6, 71340.3, 0
103007, 98736.3, 0
99488.5, 81576.6, 0
61364.8, 46621, 0
70971.9, 53278.5, 0
37424.9, 63931.2, 0
19287.1, 76991, 0
64434, 146346, 0
1226.48, 114842, 0
18873.4, 129885, 0
90803, 105748, 0
52994.3, 165636, 0
10126.6, 80042.5, 0
14444.1, 41694, 0
17282.7, 66187.3, 0
19180.5, 38400.3, 0
10932.5, 100780, 0
65980.4, 99888.7, 0
48442.4, 63155.4, 0
1313.07, 91573.4, 0
85434, 83216.2, 0
76824.7, 120664, 0
11965.8, 89471.7, 0
30360.9, 66630.3, 0
96789.5, 60468.5, 0
67615.2, 21218.4, 0
43123.4, 142862, 0
53919.2, 53600.4, 0
130.422, 62601.7, 0
47284.1, 181453, 0
5445.77, 115211, 0
22471.4, 101367, 0
4918.6, 73251.1, 0
87034.1, 33394.5, 0
79009.4, 11719.1, 0
25428.9, 117907, 0
29183, 74701.8, 0
52305.2, 188833, 0
10612.8, 92200.5, 0
6190.05, 40718, 0
60229.2, 56305.6, 0
41541, 57745.7, 0
16240, 105317, 0
43954.1, 103083, 0
138054, 62854.5, 0
22970.7, 107612, 0
110336, 141339, 0
3742.54, 56080, 0
43368.2, 124875, 0
54659.4, 103807, 0
108172, 25099.4, 0
30205.6, 66591.5, 0
28220.5, 42387.5, 0
44236.7, 118730, 0
23545.2, 28589.9, 0
23356.1, 113622, 0
90867, 118151, 0
12617.3, 121671, 0
3937.22, 160335, 0
30511.5, 135220, 0
3596.62, 54369.2, 0
21403.4, 14793.4, 0
43080.6, 118709, 0
1901.77, 57610.9, 0
35101.4, 78994.7, 0
22786.3, 72173, 0
1197.27, 106692, 0
9203.64, 101081, 0
19353.8, 62361.9, 0
16922.1, 35414.6, 0
32492.2, 107007, 0
42357.7, 104599, 0
6958.57, 43504.6, 0
36563.3, 47727.8, 0
10034.4, 150394, 0
43519.7, 71412.8, 0
51895.2, 56652.6, 0
23234.7, 62266.6, 0
57244.1, 81218.3, 0
15746.3, 54905.5, 0
123083, 111545, 0
10324.8, 109402, 0
1624.88, 131834, 0
23100.8, 58454.9, 0
53915.6, 104525, 0
30569.6, 123180, 0
808.628, 86064, 0
26156.2, 53836.4, 0
21004.3, 123116, 0
99460, 124387, 0
22115.4, 91905.1, 0
121396, 76347.6, 0
11139.2, 115190, 0
8546.43, 62440, 0
60565.3, 63029.9, 0
5013.15, 39393.4, 0
20365.5, 88455.2, 0
1810.13, 64683.1, 0
11662.7, 60046.5, 0
68099.1, 99744.9, 0
33758.4, 157469, 0
12315.4, 83060, 0
42328.3, 37658.1, 0
64408.4, 91251.4, 0
99643.9, 107600, 0
51026.9, 107831, 0
68656.3, 42170.4, 0
31712.6, 103742, 0
133628, 103846, 0
24196.2, 79320.7, 0
41714, 145173, 0
113332, 128879, 0
97889.3, 155662, 0
78594.2, 68570.5, 0
23403.7, 106136, 0
84335.8, 102070, 0
84166.1, 39368.1, 0
84001.6, 140051, 0
55586.9, 71651.8, 0
66426.3, 53185.9, 0
51379.6, 44789.7, 0
68957.4, 34364.5, 0
28785.2, 30354.9, 0
6621.19, 131092, 0
51237, 130886, 0
37111, 93634, 0
25119.9, 172037, 0
127762, 44113.1, 0
14425, 57934.9, 0
15721, 74996.5, 0
57802, 47262.4, 0
72038.5, 69821.6, 0
40639.3, 83723.3, 0
9521.54, 101665, 0
18482.7, 47255.9, 0
28653.1, 44647.6, 0
107743, 53571.4, 0
37244.5, 44879.3, 0
8795.36, 66373.9, 0
19842.9, 131127, 0
7594.65, 52192.3, 0
37923.2, 92173.3, 0
41911.6, 94783.3, 0
52787.9, 81640.1, 0
59331.4, 25165.1, 0
156919, 13188.1, 0
7657.46, 36489.1, 0
10540.4, 30992, 0
21663.5, 60550.2, 0
34427.7, 54128.1, 0
21149.8, 14910.2, 0
23541.7, 81008.2, 0
33620.3, 38062.3, 0
85206.2, 78082.6, 0
8845.46, 76106.1, 0
35734.9, 158553, 0
38977.6, 91375.3, 0
28976.6, 63655.1, 0
93562.3, 83593.3, 0
122732, 37311.4, 0
116398, 59578.8, 0
37526.7, 101735, 0
56431.6, 158968, 0
81101.3, 125511, 0
58424.7, 118407, 0
105260, 176343, 0
10680.6, 66874.3, 0
67924.8, 70613.4, 0
75057.1, 39731.7, 0
4632.82, 35016.4, 0
9588.97, 70609.8, 0
12430.1, 96779.1, 0
49092.6, 56639.9, 0
40981.2, 19967.8, 0
20995.8, 98027, 0
81150.7, 117931, 0
69351.8, 132071, 0
20202, 80639, 0
2676.22, 69396.1, 0
128302, 101531, 0
17489.7, 75279.7, 0
17437, 58450.4, 0
22979.6, 48524.1, 0
3495.93, 34752.8, 0
123120, 82222.8, 0
33537, 115729, 0
39593.7, 24053.7, 0
53783.3, 23262.2, 0
19733.5, 66569, 0
35939.5, 84773.3, 0
142129, 143178, 0
16004.7, 114111, 0
62974.7, 46442.3, 0
18499.1, 94569.3, 0
11955.2, 32958.5, 0
682.277, 77159.3, 0
5555.9, 114192, 0
187488, 136448, 0
2873.49, 89550.2, 0
139597, 65952.4, 0
1156.21, 144273, 0
36634.8, 68832.1, 0
23364.2, 125320, 0
38287.9, 95373.2, 0
66723.7, 52644.8, 0
101105, 90130.4, 0
16245.4, 45890, 0
71349.8, 76523.1, 0
23684.7, 152427, 0
25309.3, 73080.1, 0
9600.8, 84395.8, 0
55725.8, 66636.6, 0
11593.2, 27615.1, 0
6943.77, 151768, 0
56266.6, 65326.3, 0
126601, 55741.6, 0
43704.5, 64434.1, 0
75117.8, 106488, 0
149532, 108883, 0
61360.1, 119715, 0
60311.3, 49299.5, 0
24542.1, 115637, 0
13806.6, 44089.3, 0
28372.1, 97773.3, 0
46043.6, 53394.8, 0
94363.7, 44882.3, 0
72484.6, 103824, 0
76962.2, 145081, 0
40694.7, 82562.2, 0
132186, 86465.2, 0
99608.5, 147533, 0
1204.61, 109731, 0
80079.8, 107324, 0
1681.34, 78044.6, 0
18309.1, 13775.9, 0
18608.3, 113056, 0
58883, 75727.1, 0
110828, 143713, 0
25944.5, 34666.7, 0
43814.7, 50299.2, 0
40725.4, 97090.3, 0
46485.4, 41726.9, 0
42745.1, 41201.1, 0
1865.54, 76756.2, 0
5130.82, 56169.1, 0
10528.3, 107631, 0
24377, 107007, 0
84192.1, 113713, 0
23716, 104364, 0
46841.3, 21351.1, 0
159774, 75120.3, 0
47227.3, 155607, 0
33209.5, 80097, 0
11819.9, 93727.6, 0
30550.9, 89900.7, 0
49730.1, 40398.4, 0
63977.4, 73639.9, 0
32098.1, 103343, 0
38067.9, 78646.8, 0
75460, 73005.3, 0
14523.4, 75582.3, 0
9700.87, 150874, 0
37266.8, 110675, 0
16727.5, 54298.5, 0
10934, 140358, 0
4976.48, 112014, 0
43360.9, 46560, 0
75109.4, 45692.9, 0
116311, 87523, 0
148707, 160437, 0
62614.1, 52080.9, 0
59943.2, 103378, 0
70321.9, 140985, 0
29067.6, 61889.5, 0
7425.46, 68254.9, 0
45806.9, 47795.6, 0
60696.3, 36802.4, 0
6154.21, 135092, 0
70673, 88080.3, 0
92270.3, 125079, 0
39992.2, 21788.6, 0
14367.1, 46391.3, 0
5644.02, 177777, 0
34954.5, 39641.5, 0
64333.6, 42021.1, 0
22574.1, 87114.4, 0
31884.4, 96096.5, 0
94043.4, 78988.2, 0
27127.2, 62739.5, 0
62071, 20999.1, 0
40730.5, 32236.3, 0
135101, 67000, 0
69109.4, 45099, 0
82964.3, 64296.6, 0
141484, 30089.3, 0
27008.3, 118356, 0
35459.7, 36656.6, 0
73648.4, 157095, 0
13737.8, 33224.1, 0
16796, 105694, 0
34531.1, 68313.3, 0
36118.2, 110433, 0
14235.8, 109421, 0
99792.6, 156216, 0
30439.3, 112144, 0
59656.5, 68260.9, 0
30880.1, 106137, 0
27098.1, 121900, 0
4869.82, 44362.4, 0
63951.6, 36275.9, 0
57602.1, 83569, 0
153609, 123796, 0
54629.1, 41848.4, 0
137227, 59069.2, 0
43039.1, 54496, 0
44574.6, 9610.31, 0
45996.9, 68717.1, 0
134216, 134849, 0
20051.7, 113682, 0
15689.6, 31425.3, 0
23578, 158753, 0
51736, 87282.3, 0
44210.8, 107009, 0
70751.7, 89064.9, 0
22003.1, 67271.1, 0
47847.3, 27468.6, 0
49435.1, 114645, 0
111849, 151388, 0
61493.4, 29336.1, 0
42233.4, 153618, 0
40829.7, 25560.9, 0
32963.4, 57603, 0
148010, 85822.8, 0
40329.5, 174141, 0
51311.3, 103931, 0
98429.3, 106405, 0
32490.4, 100065, 0
56547.6, 151459, 0
163038, 119607, 0
33770.3, 30536.6, 0
32316.6, 32426.5, 0
38019.4, 152810, 0
27174.9, 168184, 0
7922.85, 128731, 0
51877.9, 102238, 0
96181.6, 102145, 0
7707.33, 58505.8, 0
3604.71, 140790, 0
97909.1, 47356.4, 0
5769.92, 59056.3, 0
13328.5, 103177, 0
154734, 70957.8, 0
41799.2, 53488.6, 0
48874.5, 227723, 0
37231.2, 46372.1, 0
69061.8, 40824.1, 0
14369.6, 117244, 0
17472.2, 79611.4, 0
39118.9, 62140.7, 0
84909.4, 91925.1, 0
8062.09, 124638, 0
145999, 51615.8, 0
31237.8, 42080.1, 0
13407.9, 55465.3, 0
2221.13, 179343, 0
132968, 40072.9, 0
66924, 63318.7, 0
125049, 136781, 0
22159.9, 51107.5, 0
80586.2, 57343.9, 0
43388, 86201.8, 0
11148, 71675.9, 0
69813.5, 83022.5, 0
179373, 47267, 0
77280.3, 119179, 0
13649.1, 77891.3, 0
54148, 50445.7, 0
30204.6, 14262.4, 0
53939.8, 43952.1, 0
25577.2, 50324.8, 0
22182.6, 64798.8, 0
30227.3, 77812.2, 0
22703.8, 101864, 0
27019.2, 28834.9, 0
57839.2, 78101.5, 0
141774, 65118.3, 0
9255.43, 107151, 0
41855.8, 94238.8, 0
115098, 84981.1, 0
74721.1, 109570, 0
35438, 40555.1, 0
61143.5, 53122.6, 0
47055.3, 80434, 0
59277.3, 113957, 0
73931.7, 83153.5, 0
81135.2, 183853, 0
18849, 44745.7, 0
62521.4, 174718, 0
12249.5, 96164.3, 0
137578, 131020, 0
3004.92, 58357.8, 0
66513.5, 55309.5, 0
43963.6, 202305, 0
4083.51, 64335.5, 0
8155.78, 28231.4, 0
7768.31, 139429, 0
2265.18, 72286.9, 0
42981.2, 82623.7, 0
128539, 99363.7, 0
163905, 84541.4, 0
36744.9, 105371, 0
111290, 75336.6, 0
70134.7, 49922.6, 0
19474.2, 122242, 0
58581.8, 113513, 0
43831.5, 85583.1, 0
20191.3, 144925, 0
22106.4, 91800.3, 0
4168.45, 132159, 0
61325.4, 67363.8, 0
55599.2, 80524.4, 0
32533.4, 71083.3, 0
13138.7, 80404.8, 0
158400, 144698, 0
68448.1, 54531.8, 0
11035.7, 94929.2, 0
95839.7, 41662.1, 0
6176.81, 101922, 0
2224.18, 145017, 0
31342.9, 107231, 0
18467, 37632.3, 0
36988.2, 63248.3, 0
72900.4, 179499, 0
9515.47, 76718, 0
20730.7, 72207.2, 0
19849.6, 82646.2, 0
26528.3, 34283.7, 0
11201.9, 83071.1, 0
7083.99, 34098.4, 0
89979.2, 116936, 0
50775.6, 46543.5, 0
44030.8, 88779, 0
30317.9, 86797.2, 0
60163.5, 79344.6, 0
30511.5, 96080.1, 0
52712, 59501.7, 0
52204.2, 78418.4, 0
7084.42, 81823.9, 0
21930.9, 37481.1, 0
35107.8, 33433, 0
15160.3, 34724.9, 0
11785.6, 43386.8, 0
33121.5, 107059, 0
10399.6, 57834.7, 0
18594.5, 21077.7, 0
15623, 106045, 0
16388.8, 35777, 0
11745.8, 163045, 0
22800.2, 136271, 0
22706.1, 73271.6, 0
99673.7, 92669.2, 0
36026.2, 46610.3, 0
24840.9, 106934, 0
154691, 62664.4, 0
44179.7, 31670, 0
13672.6, 45523.6, 0
36529.4, 56378.4, 0
19668.2, 41300.5, 0
13364.1, 124440, 0
77547.9, 74108, 0
22426.2, 72603.6, 0
181.311, 46288.2, 0
40227.6, 84835.8, 0
5390.84, 108675, 0
34798.8, 107723, 0
60835.1, 17610.2, 0
129211, 97414.4, 0
83182.7, 130518, 0
49353.4, 55837.1, 0
33901.2, 70200.1, 0
81878, 71688.7, 0
12091.1, 117094, 0
43662, 159791, 0
108309, 43198.6, 0
72587.8, 49241.9, 0
40701.3, 106329, 0
36822.9, 82383.1, 0
32515.4, 70749.1, 0
68980.6, 22369.3, 0
67072.7, 64378.4, 0
65287.9, 87328.5, 0
64854.4, 125977, 0
42904.7, 26673.3, 0
11276.6, 106168, 0
95648.7, 76627.7, 0
32500.7, 111528, 0
30663.1, 78023.1, 0
12994.4, 36045.4, 0
7768.73, 149541, 0
34704.5, 36788.2, 0
74264.3, 24567, 0
49708.3, 51005.8, 0
16595.5, 142099, 0
66208.4, 40881.9, 0
42727.4, 84885.6, 0
89745.7, 137088, 0
20482.6, 85279.9, 0
7571.96, 114893, 0
110599, 65418.3, 0
48734, 41076, 0
23870.9, 63202, 0
53.1009, 113171, 0
46372.7, 67254.2, 0
7520.96, 68034.4, 0
48220, 79441.1, 0
44574.7, 153846, 0
53884.3, 51250.8, 0
26208.4, 34171.9, 0
44262.9, 36403.5, 0
37388.9, 90075.8, 0
29405.5, 50705.8, 0
22743.1, 69854.9, 0
16062.2, 69762, 0
39189.4, 34883.8, 0
72149.3, 113858, 0
99481.2, 27801, 0
52690.5, 106098, 0
10138.5, 178586, 0
85991, 102466, 0
66115.1, 37290.1, 0
90261.1, 48588.4, 0
110927, 121349, 0
5830.1, 46855.3, 0
56972.6, 71762.1, 0
94829.2, 37313.2, 0
40726.5, 67357, 0
39084.9, 135685, 0
101465, 53102.4, 0
52934.1, 84520.5, 0
57030.7, 172062, 0
45309.1, 109407, 0
16511.9, 18046.5, 0
55830.6, 45575.7, 0
78674, 53162.3, 0
94794.5, 73716.9, 0
22884, 48541.4, 0
41886.3, 41365.5, 0
19718.4, 52900.7, 0
111876, 25492.2, 0
83180.2, 122981, 0
61532.4, 70954, 0
72492.4, 130630, 0
96349.8, 91353.9, 0
3316.55, 44891.2, 0
3712.24, 73332, 0
25779.1, 48416.1, 0
64593.4, 32174.7, 0
89534.6, 41670, 0
21571.8, 29620.8, 0
138982, 53444.2, 0
42171, 35542.9, 0
17429.5, 27833.6, 0
16241.5, 21410, 0
17298, 55484.8, 0
79880.6, 20470.2, 0
54931.6, 41503.1, 0
163630, 24703.2, 0
144987, 172471, 0
29597.7, 139032, 0
62103.5, 61542.6, 0
29139.3, 200982, 0
10293.2, 72069.7, 0
75953.9, 76626.2, 0
76874.3, 59047.2, 0
45585, 87462.5, 0
9903.44, 17324.2, 0
62422.9, 85850.2, 0
268.369, 167434, 0
114291, 96909.9, 0
31428.3, 147266, 0
93194, 125693, 0
29262.8, 18391.4, 0
39999.8, 59079.9, 0
10944, 148254, 0
31903.5, 54359.7, 0
9414.76, 69291.7, 0
55498.8, 204344, 0
31118.9, 71723.1, 0
10107.5, 56181.7, 0
99060.1, 81311.2, 0
56761, 32570, 0
21289.1, 134784, 0
73784.9, 122866, 0
10716.8, 110893, 0
25245.6, 65268.1, 0
136909, 70305.5, 0
47856, 102713, 0
76027.8, 171453, 0
77657.5, 33366.7, 0
75657.9, 37202.8, 0
7272.51, 106537, 0
89437, 63535.6, 0
114731, 63864, 0
12691.7, 22102.3, 0
96505.8, 126563, 0
38870.5, 92832.5, 0
81668, 69177.3, 0
16747.7, 33507.5, 0
66296, 73265.7, 0
5712.28, 138430, 0
81750.5, 174396, 0
49567.7, 114641, 0
78167.9, 76714.9, 0
70224.4, 57333.6, 0
23355.6, 80062.2, 0
48984.1, 166083, 0
118591, 85136.8, 0
10957.7, 74865.7, 0
6074.4, 77515, 0
86933.1, 57274.1, 0
210.315, 90198, 0
67313.6, 25983.8, 0
1341.84, 37531.1, 0
68423.2, 133284, 0
1861.88, 136720, 0
23505.2, 42973.6, 0
82029.1, 59194.6, 0
35988.7, 89221.8, 0
22819.6, 176526, 0
153606, 66251.5, 0
112886, 131521, 0
14926.9, 92751, 0
103441, 103664, 0
30353, 98639.8, 0
6161.25, 46138.6, 0
76622.1, 55354, 0
55818.5, 62021.2, 0
48444.2, 67133.4, 0
55103.4, 103006, 0
82104.9, 30308.6, 0
52151.3, 22014.1, 0
64209.5, 31494.7, 0
58658.3, 48780.5, 0
21159.8, 129435, 0
33429.4, 51204, 0
140940, 25017.3, 0
29718.4, 54372.9, 0
26415.6, 123363, 0
29721.6, 69874, 0
119391, 41999.7, 0
41325.4, 103352, 0
103209, 62973.2, 0
47960.5, 62027.7, 0
72208.4, 94931.5, 0
57480.2, 55409.6, 0
57602.5, 122969, 0
155290, 103653, 0
163967, 81847.3, 0
56034.1, 72460.4, 0
20005.2, 38673.6, 0
24979.6, 93545.9, 0
39136.4, 143157, 0
72480.1, 107386, 0
66328.7, 40295.5, 0
137172, 100397, 0
75295.6, 48163.8, 0
26591, 127648, 0
34552.1, 64279.4, 0
34760.9, 18664.3, 0
48497.2, 34749, 0
34625.8, 85826.6, 0
35201.7, 100475, 0
37047, 121577, 0
80158.1, 34130.9, 0
15148, 36893, 0
93426, 52901.6, 0
1115.11, 54592.4, 0
106008, 41434.2, 0
12488.8, 61010.4, 0
34434.7, 50551.2, 0
52041.5, 118542, 0
5165.56, 92765.8, 0
55684.2, 28085.7, 0
48995.7, 45526.3, 0
51850.4, 64661.1, 0
3419.19, 105519, 0
51077.6, 35759.7, 0
11392.7, 35667.9, 0
27591.5, 91700.4, 0
139346, 48488.2, 0
36580.9, 106051, 0
49637.9, 55334.3, 0
113022, 93057, 0
32689.7, 49327.7, 0
60921.3, 112267, 0
53383, 39985.3, 0
4726.51, 141773, 0
34375.9, 42194.3, 0
56434.5, 95693.8, 0
114584, 108569, 0
18253.8, 52762.6, 0
25237.9, 147354, 0
163219, 82003.1, 0
55062.2, 35359.7, 0
1532.52, 35353.5, 0
53403.6, 82255.7, 0
71382.7, 124620, 0
74981.3, 53190, 0
29418.9, 48913.4, 0
52753.9, 28128.4, 0
69704.7, 65699.9, 0
129244, 74848.8, 0
75129, 200215, 0
52814.5, 29928.5, 0
52509.4, 80272.6, 0
12774.7, 104803, 0
41043.1, 40756.3, 0
38511.3, 41215.1, 0
57796.3, 55907.8, 0
58173.4, 78555.7, 0
3385.91, 89898.6, 0
26277, 74984, 0
76418.5, 126956, 0
96301.8, 89892, 0
38910.8, 102115, 0
84025.9, 52056.9, 0
86145.9, 62325.2, 0
46234.6, 172519, 0
4494.72, 102066, 0
16332.1, 101342, 0
27996.5, 43189.5, 0
112158, 128914, 0
81984.9, 97757.4, 0
7431.59, 75903.6, 0
53985.5, 64988.4, 0
22313.5, 56055.1, 0
36329.6, 79122.3, 0
65601.4, 197273, 0
92678.3, 45209, 0
30981.3, 157581, 0
54239.9, 39889.6, 0
16007.2, 50783.1, 0
68800.3, 12000.6, 0
51944, 122034, 0
159651, 85694.2, 0
50.7699, 41159, 0
18126, 58234.3, 0
42897.4, 123761, 0
66104.9, 77903.8, 0
65925.1, 153621, 0
9161.77, 30966.7, 0
39598, 60068, 0
31815.4, 36628.8, 0
46459.5, 87929.1, 0
3006.1, 123871, 0
74350.7, 109877, 0
57421.1, 31487.6, 0
21313.9, 83665.2, 0
16744.9, 23588.9, 0
61376.3, 48061.8, 0
10031.1, 29240.7, 0
60644.6, 127672, 0
51299.1, 54352.9, 0
103515, 63001, 0
66773.7, 29060, 0
2953.35, 47974.6, 0
4317.25, 89233.5, 0
153773, 88963.8, 0
46049.3, 39308.3, 0
43227.4, 109026, 0
43417.1, 29463.9, 0
2762.11, 47361, 0
50373.4, 134829, 0
9540.97, 22653.8, 0
66806.9, 42795.7, 0
70990.7, 62540.1, 0
87913.9, 107202, 0
33173.3, 49553.6, 0
45124.3, 121452, 0
10413, 42845.9, 0
21064.9, 172902, 0
70389, 23519.5, 0
145477, 50057.7, 0
32560.6, 86842.6, 0
52238.6, 34792.8, 0
30430.2, 122541, 0
2299.22, 129650, 0
10613.9, 76166.7, 0
34904.8, 76407.2, 0
15408.2, 98051.9, 0
85086.3, 95742.5, 0
71371.5, 24327.2, 0
41708.2, 155453, 0
138889, 33693.9, 0
56615.4, 207936, 0
126658, 48818.4, 0
99977.1, 88253.1, 0
21796.5, 61164.2, 0
38222.5, 53016.4, 0
8188.05, 53399.2, 0
52063.5, 79858.8, 0
32034.4, 40376.1, 0
71015.2, 113380, 0
54706.2, 19943.4, 0
32466.5, 153432, 0
17471, 69825.7, 0
83459.6, 111244, 0
58126, 50325.2, 0
155546, 86618.1, 0
741.778, 112400, 0
23421.4, 149438, 0
33457.6, 21290.6, 0
20483, 29356.6, 0
55541.1, 47873.4, 0
66806, 42198.2, 0
7905.81, 96339.2, 0
2340.23, 76768.2, 0
15719.1, 99120, 0
27623.7, 42504, 0
41071, 81835.8, 0
68778.9, 84188.5, 0
7568.53, 87074.5, 0
90843.6, 41080.6, 0
181874, 60928, 0
50262.9, 117534, 0
1253.9, 54326.6, 0
6121.41, 60122.5, 0
25421.9, 95970.3, 0
56507.5, 147321, 0
22675.9, 23943.8, 0
20647.6, 54775.8, 0
20125.4, 43264.8, 0
51256.3, 80227.9, 0
22936.9, 57080.4, 0
60438.6, 43909.5, 0
78216.9, 135803, 0
10101.7, 132347, 0
50829.6, 59230.2, 0
8540.7, 49665.5, 0
25588.4, 33171.2, 0
29899.3, 129298, 0
40694.1, 88514.6, 0
78819.9, 101846, 0
21639.7, 140445, 0
116728, 96592.5, 0
154703, 123099, 0
46630.4, 170660, 0
2930.14, 76147, 0
35612.3, 110264, 0
46091.7, 60351, 0
163300, 112182, 0
21130.5, 113394, 0
83662.9, 101020, 0
17221.1, 49760.3, 0
59372.4, 53688.6, 0
10028.5, 74235.2, 0
10150.4, 36295.9, 0
55290.4, 115158, 0
7354.89, 97216.1, 0
56318.6, 87293.6, 0
12371.1, 105350, 0
38904.4, 96833.7, 0
37529.7, 14315.8, 0
17433.9, 43553.1, 0
1999.7, 72689.6, 0
42683.9, 129687, 0
10105.9, 118429, 0
38604.7, 56408, 0
61027.8, 100072, 0
93923.2, 155754, 0
132497, 64809, 0
82777.1, 135886, 0
42137.6, 39766, 0
26815.6, 76043.9, 0
51755.9, 78198.5, 0
94988.6, 17901, 0
27622.6, 229202, 0
60258.6, 129094, 0
68554.1, 152487, 0
58371.2, 25101, 0
21637.3, 65627.9, 0
11434.5, 40509.7, 0
52834.4, 85912.9, 0
51006.6, 47652.9, 0
55209.7, 102705, 0
36450.8, 40292.6, 0
56209.1, 148184, 0
28814.9, 67570.2, 0
33627.4, 169192, 0
7170.51, 47744.3, 0
32590.1, 97817.8, 0
59409.6, 182671, 0
43133.2, 75109.3, 0
5787.23, 62092.8, 0
21774.8, 111368, 0
16746.8, 21595.3, 0
51287.6, 159444, 0
73081.4, 62363.2, 0
27837.6, 138641, 0
96829.6, 57234.2, 0
79055, 94802.9, 0
12909.9, 40830.7, 0
125477, 35668.8, 0
6238.01, 70252.9, 0
82120.3, 29877.6, 0
50397.8, 103009, 0
107573, 68665, 0
7126.23, 46865.4, 0
12120.9, 17835.9, 0
2006.25, 69832.9, 0
44440.6, 81734.6, 0
26510.5, 74582.1, 0
182143, 22425.1, 0
11248.9, 90152.9, 0
5990.98, 44479.2, 0
36048.5, 75261.4, 0
91604.7, 48089.2, 0
13582, 86440.3, 0
33474.9, 84959.7, 0
66691.7, 25882, 0
51037.3, 92300.4, 0
41463.9, 162666, 0
53520.1, 45777.5, 0
18386.6, 125032, 0
64882.4, 26585.7, 0
113691, 80365.5, 0
17060.4, 132404, 0
2400.33, 79219.6, 0
47229.8, 110966, 0
71078.3, 25331.6, 0
9907.09, 50101.3, 0
58800.1, 48561.1, 0
7958.56, 53176.6, 0
61061.7, 48398.7, 0
24842.4, 98625.1, 0
107027, 130510, 0
48194.2, 43975, 0
46961.1, 133635, 0
124221, 140601, 0
17194.1, 76265.9, 0
91537.9, 91590.8, 0
62434, 70342.8, 0
22638.2, 34953.6, 0
127989, 163864, 0
27129.4, 66395.5, 0
60198.2, 57859, 0
62081.9, 96080.5, 0
62866.1, 49337, 0
164378, 61828.8, 0
85945.1, 117537, 0
133147, 30310.1, 0
57350.7, 32255.6, 0
43471, 61049.7, 0
34243.6, 91761.3, 0
49106.5, 110560, 0
20798.8, 30088, 0
38563.6, 106921, 0
22747.3, 35003.8, 0
14103.9, 121897, 0
20002.5, 110056, 0
16475.9, 83299, 0
70702.3, 21377.5, 0
30309.7, 29766.1, 0
75160.7, 79668.6, 0
75929, 22576.4, 0
16807, 36155.8, 0
25716.5, 38632.4, 0
4561.64, 74572.9, 0
17811.8, 108238, 0
15773.4, 116776, 0
8775.73, 71883.7, 0
50187.1, 16837.9, 0
39905, 20359.3, 0
44414.5, 62958.1, 0
24895.9, 146463, 0
37292.9, 162532, 0
32744.4, 37165.8, 0
35864.3, 97608, 0
16546.9, 124540, 0
13323.8, 50727.4, 0
10180.4, 54608.5, 0
3642.89, 98182.6, 0
17851.2, 29577.4, 0
30403.1, 51737, 0
43851, 84110.5, 0
6306.99, 110070, 0
66004.9, 53146.2, 0
62860.6, 89082, 0
14533.3, 17338.6, 0
11309, 81587.9, 0
58113.7, 17633.9, 0
59022.4, 123505, 0
11179.6, 21466.2, 0
31530.5, 62202.6, 0
96698.5, 64963.2, 0
27349.3, 139259, 0
60073.1, 24687.1, 0
12458.6, 111385, 0
8500.67, 75566.2, 0
24731.5, 63333.6, 0
56395.4, 52745, 0
7650.93, 55476.9, 0
9925.51, 151716, 0
37358.1, 67959.5, 0
29006.1, 74678.3, 0
37635.7, 99697.7, 0
45448.2, 101854, 0
39417, 112613, 0
8277.13, 79226.2, 0
5649.88, 48316.4, 0
24333.6, 43408.2, 0
50364.2, 128780, 0
13391.9, 70295.8, 0
30732.2, 75689, 0
31057, 53081.2, 0
159878, 124939, 0
42099.6, 155045, 0
3183.49, 128172, 0
60493.4, 49635, 0
25458.9, 51129.3, 0
15882.1, 50839.9, 0
78442.4, 93934.7, 0
13249.2, 67985.6, 0
34762.6, 107681, 0
9144.88, 169053, 0
13467.7, 59259.4, 0
44161.3, 43881.5, 0
210042, 143283, 0
26623.8, 147377, 0
64047.9, 82125.2, 0
79464.2, 38687.8, 0
67945.9, 107108, 0
11266.1, 136006, 0
13970.7, 19564.1, 0
10822, 41770.8, 0
39275.5, 21676.8, 0
51654.3, 85797, 0
1191.25, 44261, 0
70152.3, 56028.1, 0
57288.3, 148268, 0
14889.6, 24538.5, 0
13863.1, 37534.4, 0
201945, 147320, 0
4031.89, 101822, 0
21685.2, 69092.7, 0
68671, 101807, 0
5870.57, 55844.8, 0
89238.7, 83024.2, 0
28009.2, 51617.5, 0
31687.5, 59722.7, 0
89096, 66498.9, 0
33576, 26821.5, 0
45839.5, 164494, 0
8409.18, 64101, 0
25119.3, 130157, 0
35634.4, 153450, 0
66055.2, 65932.2, 0
73270.6, 55892.9, 0
41419.1, 51759.3, 0
65974.2, 75794.8, 0
51240.1, 135224, 0
37596.8, 151713, 0
57276.2, 113981, 0
12311.4, 82105.9, 0
25493.1, 85120.1, 0
104226, 76010.8, 0
20874.8, 101616, 0
30702.7, 55320.4, 0
47235.7, 120069, 0
30621.7, 105899, 0
28750.6, 44490.1, 0
28925, 23428.9, 0
39392.9, 127186, 0
52106.5, 70331.2, 0
5359.19, 78310.6, 0
57447.7, 99466.7, 0
35876.5, 124891, 0
26965.8, 119813, 0
9991.77, 44494.1, 0
21480.1, 152430, 0
147272, 60575.3, 0
14920.4, 38043.5, 0
32376, 65309.2, 0
87902.7, 79840.3, 0
64141.1, 118312, 0
96268.9, 60458.5, 0
69251.3, 36185.2, 0
72948.6, 103188, 0
618.007, 113584, 0
14420.5, 75526.4, 0
2761.52, 123578, 0
1224.79, 83079.2, 0
23197, 39933.3, 0
22419.6, 31644.1, 0
90640.9, 96781.5, 0
31910.4, 80927.4, 0
66364, 116065, 0
123.691, 22117.8, 0
20594.9, 55645.8, 0
63692.2, 62108.2, 0
78843.2, 120708, 0
32125.5, 83018, 0
39663.8, 14996.5, 0
20358.3, 60797.1, 0
32370.5, 35034.9, 0
66293.7, 118765, 0
121696, 72711.1, 0
57303.4, 72054.3, 0
62812.1, 107990, 0
86670.6, 111109, 0
97530.4, 144469, 0
32379.7, 157279, 0
15359.7, 111970, 0
72686.6, 98778.3, 0
37998.6, 30800.3, 0
16368.8, 69090, 0
23883.6, 63553.8, 0
19452.1, 117701, 0
57926.9, 78465, 0
19747.1, 126007, 0
76763.4, 76732.9, 0
28350.6, 40049.4, 0
10948.2, 30748.6, 0
71462.8, 45744.5, 0
110003, 118737, 0
65475.4, 31277.2, 0
53698.2, 133240, 0
86469.6, 46217.5, 0
79639.7, 80483.5, 0
65434.6, 122726, 0
174179, 94087.6, 0
13549.2, 132631, 0
38637.4, 159927, 0
41482.2, 51460.6, 0
26982.5, 52242.9, 0
47051.5, 168468, 0
121.635, 161113, 0
79753.4, 90465.1, 0
106387, 37630.5, 0
8186.36, 79411.1, 0
43808.5, 71997.3, 0
65657.8, 44557.7, 0
51999.6, 84605.7, 0
2989.18, 42105.2, 0
45165.6, 83573.1, 0
86882.8, 33055.4, 0
31612.9, 120228, 0
21236.6, 117409, 0
86619.1, 82681.7, 0
84370.6, 117489, 0
60575.9, 47260.9, 0
116335, 216973, 0
19242.9, 38042.8, 0
55840.6, 59498.8, 0
71644.8, 121274, 0
70235.3, 51436.4, 0
40577.2, 240121, 0
4533.58, 53388.5, 0
68717.5, 85618, 0
44575.3, 120250, 0
6407.45, 43818.8, 0
9473.87, 72074.7, 0
23226.7, 136194, 0
162625, 59172.9, 0
90532.8, 15026.7, 0
47159.8, 239016, 0
43750.3, 163697, 0
63236.6, 68575.1, 0
59189.4, 111147, 0
19685.4, 105561, 0
98018.9, 52054.5, 0
55701.6, 136755, 0
130548, 153865, 0
87312.1, 65875, 0
35639.9, 34063.4, 0
35632.5, 85589.2, 0
36283.1, 110579, 0
42796.3, 99442.5, 0
10710.8, 38202.9, 0
160399, 46497.4, 0
115401, 146406, 0
71138.9, 44167.3, 0
56996.1, 33802.2, 0
52330, 57003.4, 0
30173.6, 96922.1, 0
13959.6, 141623, 0
9960.51, 146266, 0
103923, 107471, 0
20886.3, 27579.4, 0
97940.6, 89960.5, 0
41378.5, 55666.5, 0
144849, 47964, 0
29188.6, 77890.5, 0
45732.2, 100847, 0
68683.8, 133350, 0
35109.6, 50319.8, 0
99668.2, 70460.4, 0
15628.7, 109930, 0
84541.3, 52427.4, 0
38581.6, 58545.9, 0
425.677, 139388, 0
13121.7, 62340.3, 0
54842.4, 51038.2, 0
88773.4, 169139, 0
27296.9, 132443, 0
174967, 31922.4, 0
120825, 56662.2, 0
72172.1, 45887, 0
57668.7, 68819, 0
139638, 116964, 0
77505.8, 69148.3, 0
14506.3, 37630.3, 0
150186, 76599.2, 0
64617.7, 55915.7, 0
198426, 89085.1, 0
105948, 57087.5, 0
9406.43, 30793.4, 0
37720.8, 61143.5, 0
3671.78, 93344.3, 0
51991.8, 105008, 0
16221.6, 142343, 0
27624.5, 138542, 0
96506.6, 120932, 0
11988.2, 50427.2, 0
3123.47, 48216.8, 0
5793.16, 71584.4, 0
80551.2, 98694.6, 0
109676, 111076, 0
55470.2, 49729.5, 0
42740.8, 45075.8, 0
5644.57, 54619.2, 0
33807.5, 91862.4, 0
47345.1, 47919.2, 0
11299.2, 71499.8, 0
90607, 67713.2, 0
41533, 110065, 0
5078.92, 95555.5, 0
52329.6, 36053.2, 0
58673, 35778.7, 0
38557.9, 37898.7, 0
61982.5, 113274, 0
30605.2, 98761.9, 0
30274.6, 119807, 0
31324.4, 65498.6, 0
54879.1, 50600.9, 0
29487.7, 120959, 0
14028.7, 80308.5, 0
37154.2, 139370, 0
47009, 101020, 0
49395.8, 144733, 0
23979.4, 143408, 0
81893.6, 78723.6, 0
73163.6, 141700, 0
4085.72, 99996.8, 0
49728.4, 63985.5, 0
40931.5, 59740.2, 0
73134.6, 106961, 0
86469.8, 87101.7, 0
9673.66, 44689.2, 0
46310.5, 131095, 0
73124.1, 206517, 0
6078.88, 153176, 0
13302.5, 52128.7, 0
46231.3, 86186.5, 0
101786, 157292, 0
78935.7, 22423.5, 0
42560.9, 17164.3, 0
54016.5, 91355.6, 0
11950.7, 89557.2, 0
154915, 114775, 0
10875.9, 147107, 0
40423.7, 12742.8, 0
36101, 57307.1, 0
47917.5, 85688, 0
71607.9, 93858.1, 0
35717.3, 35519.3, 0
26507.6, 114268, 0
8177.72, 163716, 0
35326.1, 94623.4, 0
3433.2, 96011.4, 0
26106.2, 85022.8, 0
10021, 69307.4, 0
32535.3, 71175.4, 0
40702.2, 171400, 0
121166, 115331, 0
4578.59, 37372.1, 0
10102.6, 55798.1, 0
39344.4, 33418.8, 0
102266, 109677, 0
11657.6, 23227.5, 0
34181.4, 46517.8, 0
126377, 38006, 0
21490.4, 118587, 0
61666.6, 18466.5, 0
50292.6, 127147, 0
60225.4, 73874.6, 0
40419.3, 48941.6, 0
11405.2, 56635.9, 0
51443, 80282, 0
65189.4, 94984.6, 0
13141.6, 87558.3, 0
41423.1, 75749.2, 0
43506.9, 62356, 0
15277.9, 67908.3, 0
78032.2, 67517.4, 0
34797.3, 136802, 0
20390.8, 58993.7, 0
98943.1, 86102.6, 0
93213, 188781, 0
88299.1, 126548, 0
17684.8, 103041, 0
104994, 49017.6, 0
59616, 51743.9, 0
26337, 92920.9, 0
27613.4, 172086, 0
14105.4, 92148.2, 0
28889.2, 36357.5, 0
39743.6, 104129, 0
22297.6, 114328, 0
12782.5, 78912.5, 0
66967.9, 121122, 0
149184, 16652.4, 0
51905.7, 113351, 0
55863.8, 93877, 0
82488.6, 64518.2, 0
107161, 77434, 0
53818, 36091.9, 0
124188, 79022.2, 0
8994.11, 40250.8, 0
1643.17, 57525, 0
6791.27, 81892.1, 0
127213, 54680.7, 0
116.371, 66415.3, 0
44170, 77004.6, 0
89736.3, 115465, 0
25447, 36195.8, 0
60380.2, 109072, 0
5824.68, 82792.5, 0
5523.29, 39800.4, 0
49546.9, 142090, 0
16643.9, 91068.7, 0
109789, 85813.8, 0
5161.45, 79774.4, 0
35630.2, 43614.9, 0
55179.1, 137124, 0
56651.3, 62329, 0
86886.4, 73326, 0
91175.2, 158375, 0
6033.28, 79100.5, 0
23490.4, 127529, 0
69615.3, 164668, 0
21381.6, 48342.9, 0
42145, 70880.3, 0
31012.8, 100590, 0
24302.8, 173340, 0
113069, 31709.9, 0
9749.73, 57468.2, 0
102811, 86769.8, 0
24115.6, 40659.5, 0
62420, 97559.6, 0
5042.29, 58286.9, 0
66598.2, 52265.5, 0
8930.33, 39526, 0
14813.9, 75386.3, 0
146330, 41247, 0
14432.2, 43666, 0
41420.3, 57630.6, 0
82229.6, 87912.6, 0
107303, 145823, 0
56756.1, 77359.5, 0
45612.9, 12408.4, 0
1992.4, 51091.7, 0
89594.3, 90518.1, 0
19735.8, 155976, 0
73266, 86644.5, 0
46437, 19760.7, 0
34911, 121864, 0
129415, 37133.1, 0
11213.1, 109522, 0
54097.7, 94164, 0
40131.7, 43634.9, 0
80980.6, 72123.8, 0
29981.4, 51023.8, 0
25683.8, 178506, 0
27891.9, 30710.9, 0
24730.8, 143458, 0
101868, 186058, 0
53859.4, 46193.5, 0
22629.1, 36657.1, 0
25015.9, 78936.1, 0
40136.8, 102601, 0
6148.27, 49696.4, 0
33065, 81158.3, 0
196.883, 104689, 0
25215.1, 126411, 0
3058.27, 115502, 0
69062, 41814.6, 0
91330.7, 29430, 0
15686.4, 74665.9, 0
100845, 93537.9, 0
27749.2, 35609.7, 0
34320.6, 28510.6, 0
98815.2, 140507, 0
7222.01, 94275.2, 0
72983.2, 67491.7, 0
18214.9, 23613.2, 0
45696.1, 110893, 0
39952.6, 155633, 0
84641.2, 21038, 0
11666.5, 37789.9, 0
52609.9, 64956, 0
6343.1, 65708.2, 0
16834.8, 89424.8, 0
121551, 116603, 0
54110.7, 97773.7, 0
46458.5, 31809.5, 0
40710, 21289.2, 0
134623, 118359, 0
76613.7, 100134, 0
8175.07, 173704, 0
7157.62, 114559, 0
29615.9, 65082.1, 0
14635.8, 93089.3, 0
70224, 18774.1, 0
61685.3, 31384.7, 0
32367.7, 30329.8, 0
31950.8, 114742, 0
35314.7, 48013.9, 0
28308, 83814.9, 0
345.507, 60661.5, 0
63741.6, 25514.9, 0
13481.5, 43557.6, 0
37559.3, 150343, 0
24485.2, 84337.1, 0
73148, 49421.7, 0
145705, 32685.5, 0
47167.3, 49638.5, 0
76432.6, 67363.6, 0
58005.6, 116560, 0
49448.3, 29262.6, 0
83255.5, 118439, 0
75473.3, 56008.4, 0
11924.9, 36941.5, 0
8768.58, 82137.9, 0
199947, 81128.9, 0
24361, 46459.1, 0
17122.8, 155851, 0
24563.5, 61609.9, 0
13738.5, 77191.1, 0
33761.7, 87665.4, 0
79646.3, 65088.9, 0
46500.6, 106553, 0
41595.6, 24236.9, 0
794.079, 86109.5, 0
83035.3, 39613.5, 0
84430.7, 69631.1, 0
21843.7, 56060.5, 0
40501.6, 63977, 0
26814.9, 71691.3, 0
693.479, 77968.1, 0
74715.5, 94334.9, 0
41491.3, 23084.4, 0
133867, 93266.8, 0
31815.3, 85138.2, 0
3639.08, 99083.3, 0
57522.5, 110774, 0
98582.4, 98715.1, 0
86303.5, 32348.6, 0
19053.3, 125166, 0
67730.4, 66589.6, 0
46779.9, 100066, 0
76999, 12509.8, 0
3973.58, 30631.4, 0
47525, 33418.5, 0
8483.3, 45773.2, 0
64451.7, 48938.2, 0
34879.1, 78359.6, 0
78355, 182623, 0
49830.1, 69192.7, 0
42612.5, 105890, 0
31871.3, 184366, 0
20225.1, 74114.5, 0
4732.68, 67586, 0
90186.8, 85905.8, 0
92324.5, 50500.7, 0
106278, 101252, 0
10581.7, 136483, 0
97302.8, 77531, 0
147548, 32282.3, 0
3484, 106658, 0
54886.9, 132979, 0
1845.7, 60480.9, 0
8031.53, 87582.3, 0
38370.2, 26230.8, 0
66134.7, 42372.5, 0
52508.3, 134399, 0
53799.3, 60498.9, 0
48611.6, 123887, 0
160411, 104058, 0
42692.2, 56940.1, 0
34687.4, 88520.9, 0
50287.2, 102262, 0
50824.5, 43872.7, 0
10810.8, 56380.5, 0
11127.6, 43708, 0
81442, 129867, 0
54156.8, 134409, 0
59995.4, 39342.2, 0
23470.6, 79594.4, 0
17182.5, 114197, 0
7389.67, 65756.2, 0
5369.91, 106401, 0
99948.2, 143065, 0
79639.3, 123037, 0
28284.9, 164447, 0
37321.9, 62753.6, 0
22897.3, 71918.3, 0
1072.67, 50086.9, 0
83684.6, 47725, 0
38242.3, 63264.2, 0
24178.8, 105969, 0
45531, 125614, 0
7774.1, 72482.9, 0
53415.1, 21232.1, 0
36349.3, 61996.2, 0
17438.5, 113498, 0
58037, 26464.6, 0
60523.8, 46693.4, 0
41565.6, 114621, 0
36579.4, 126953, 0
43224.8, 37795.9, 0
70559.5, 202865, 0
70267.5, 42684, 0
4885.6, 175382, 0
31822.8, 14733, 0
25200.4, 65246.5, 0
47367.3, 83779.3, 0
41010.1, 150908, 0
45792.5, 82608.9, 0
124138, 59105.4, 0
119090, 66644.6, 0
43230.3, 62861, 0
7986.94, 88164.7, 0
45391.8, 21801.1, 0
21358.3, 101131, 0
23771, 78884.9, 0
87460.1, 25507.2, 0
36802.4, 56916.3, 0
65790.8, 111612, 0
71987.4, 72376.6, 0
30025.5, 124554, 0
24635.1, 44666.4, 0
36784.5, 56895.1, 0
71881.7, 18884.7, 0
2577.01, 57616.2, 0
40161, 190680, 0
73266.8, 65171.8, 0
17539.8, 95594.5, 0
13276.7, 128119, 0
116191, 135854, 0
43591.8, 137321, 0
28711.1, 117808, 0
50543.4, 36211.1, 0
9420.14, 69621.4, 0
14050.8, 87242.6, 0
53571.4, 43032.5, 0
41002.5, 73577.8, 0
83608.9, 45391, 0
65921.2, 79735.7, 0
49316.7, 107190, 0
44730.4, 176107, 0
79924.5, 32904.8, 0
22121.2, 21076.7, 0
19904.8, 37660, 0
46749.8, 21528.6, 0
24950.7, 32497.5, 0
46142.9, 108190, 0
23911.2, 140717, 0
4775.29, 80067.7, 0
21114, 51727.6, 0
30429.2, 81685.9, 0
94338.7, 75741.8, 0
96998.1, 100762, 0
8159.28, 124680, 0
88136.4, 102233, 0
18783.2, 98399.4, 0
5658.13, 104259, 0
67502.9, 94627.3, 0
27212.1, 167866, 0
20947.7, 66240.4, 0
50499.8, 61830.1, 0
45695, 62620.6, 0
56992.9, 38642.6, 0
56915.5, 16716.3, 0
17967.6, 22525.1, 0
118355, 93422.5, 0
1880.08, 89753.3, 0
31067.2, 89556.9, 0
16069.2, 76808.5, 0
54153.8, 166201, 0
7277.79, 138148, 0
64450.6, 156844, 0
37223.1, 93524.5, 0
6371.08, 110031, 0
42514.9, 55228.8, 0
1003.57, 62406.1, 0
25111.5, 79898.4, 0
20125.2, 99426.7, 0
66974.5, 78219.2, 0
29878.7, 87593.2, 0
28794.9, 40950.2, 0
84524.1, 81126.6, 0
59878, 31787.8, 0
49449.9, 73429.8, 0
11516.2, 74482.1, 0
18045, 32405.6, 0
82560, 105771, 0
39044.5, 82401.1, 0
22230.2, 52233.4, 0
31154.4, 127215, 0
40926.3, 73619.2, 0
100691, 116236, 0
5332.53, 58800.3, 0
79157.3, 126111, 0
19470.5, 31241.2, 0
61614.3, 94139, 0
47333.6, 75275.6, 0
24723.8, 69177, 0
5105.23, 103647, 0
38134.5, 190859, 0
52161.6, 89288.6, 0
321.611, 131966, 0
30536.3, 24876.8, 0
3704.63, 169348, 0
29275.7, 92602.4, 0
69010.1, 79603.7, 0
15490, 84252, 0
48205.8, 94644.6, 0
34899.7, 48922.2, 0
74134.6, 60239.6, 0
50958.3, 55689.9, 0
133096, 195405, 0
44049, 128558, 0
20568.6, 47283.3, 0
82086.6, 50892.5, 0
107362, 67979.7, 0
1201.86, 77084.1, 0
73955.6, 64688.3, 0
10058.7, 53429, 0
93768.8, 41056.7, 0
61820.9, 117417, 0
16962.7, 70447.8, 0
2479.42, 27249, 0
96168, 69714.9, 0
94002.4, 82995.4, 0
111279, 143033, 0
4997.64, 109516, 0
41639.5, 77569.5, 0
37408.7, 55540.8, 0
11696.8, 55306.7, 0
40121, 118831, 0
32980.8, 48428.4, 0
1492.51, 191002, 0
20053, 51640.6, 0
66558.5, 49506.7, 0
182235, 30796.1, 0
20535.1, 98809, 0
30672.4, 33974.7, 0
47454.5, 34299.6, 0
16677.8, 70221.2, 0
70222.4, 147951, 0
68782.7, 41405.7, 0
1281.5, 74001.1, 0
19542.8, 39631.2, 0
25902.7, 30477.3, 0
39751.5, 174871, 0
151591, 111645, 0
24761.8, 66800.6, 0
71119.7, 60453.3, 0
54216.8, 109743, 0
73376.2, 130437, 0
39182.1, 34153.6, 0
3500.3, 38221.7, 0
9630.57, 152783, 0
12081.2, 170333, 0
61369.2, 169272, 0
34247.7, 108448, 0
40894.2, 79257.5, 0
32002.5, 89309.6, 0
30933, 116343, 0
61345, 33238.2, 0
80040, 68211.2, 0
56496.5, 59491, 0
78054.4, 131600, 0
31647.2, 57897.7, 0
39526.7, 114806, 0
10678, 80312.1, 0
26137.3, 113218, 0
64705.3, 29404.5, 0
3663.35, 161090, 0
55163.5, 104769, 0
30539.9, 110453, 0
27479, 110246, 0
28627.3, 110995, 0
81662.8, 107508, 0
28448.7, 39472.8, 0
54893.9, 152610, 0
34619.4, 129813, 0
71489.6, 20054, 0
35325.5, 63556.5, 0
34066.3, 87461.9, 0
20373.1, 127108, 0
20384.6, 111233, 0
85083.3, 65924.6, 0
28785.4, 114678, 0
41077.5, 96470, 0
57216, 89345.4, 0
58093.3, 80704.6, 0
64688.7, 77115.6, 0
1508.64, 138128, 0
181609, 111431, 0
45220.8, 59968.9, 0
89909.7, 178291, 0
84165.5, 94839.9, 0
41024, 124246, 0
61476.5, 73445, 0
23176.2, 95401.5, 0
132587, 131788, 0
30067.3, 50441.5, 0
67654, 137758, 0
38130.4, 62418.7, 0
47387.3, 67374.3, 0
54929.4, 50243.6, 0
109176, 43942.9, 0
49709.1, 112821, 0
7325.05, 40038.3, 0
49120.5, 108928, 0
72440.1, 86492.5, 0
63607.3, 99635.1, 0
13184.2, 120607, 0
13788, 62440.6, 0
131233, 64282.7, 0
34650.7, 67011.5, 0
6688.26, 61454.2, 0
134450, 72070.2, 0
5444.52, 71068.2, 0
66484.1, 129123, 0
76888.3, 37250.2, 0
24752.1, 66548.9, 0
15940.3, 48015, 0
64710.4, 85108.2, 0
5363.36, 91621.7, 0
4765.13, 124705, 0
93674.8, 65345.9, 0
185621, 97710.4, 0
40836.7, 101222, 0
17837.1, 56051, 0
28909.9, 87625.6, 0
25465.8, 102395, 0
8286.54, 48979.2, 0
92293.7, 73580.7, 0
64599.1, 56216.3, 0
69621.2, 29998.3, 0
31205.2, 60561.4, 0
10472.5, 154338, 0
40226, 73719.3, 0
30014.2, 176742, 0
23671.2, 88411.9, 0
121324, 75296.6, 0
77521.8, 47050.8, 0
27555.2, 144748, 0
9194.2, 117545, 0
35670.5, 164768, 0
45443.1, 27082, 0
3120.53, 21383.6, 0
94314.8, 115282, 0
25144.3, 77886.2, 0
71568.9, 58417.2, 0
39118, 16933.5, 0
27260.6, 115351, 0
157004, 58647, 0
37658.9, 59754.9, 0
58029.8, 58001.3, 0
18282.1, 134466, 0
51976.7, 41952.2, 0
16374.8, 62508.8, 0
145653, 81497.6, 0
78236.7, 64118.8, 0
11181.9, 55436.8, 0
112964, 153048, 0
135235, 48541.9, 0
28854.6, 127625, 0
38831.4, 35098.2, 0
58519.6, 37356.8, 0
22629.3, 43899, 0
40301.8, 107451, 0
64324.4, 88493.2, 0
11358.2, 30135.9, 0
23300, 67186.4, 0
117768, 63001.5, 0
44526, 20849.4, 0
27351.6, 64286.1, 0
16590.9, 122490, 0
20763.5, 77408.3, 0
24591, 26375.5, 0
76825.5, 30651.8, 0
70405.7, 133787, 0
41973.4, 83288, 0
48460.3, 82191.1, 0
16371.1, 68047.9, 0
989.73, 50225.8, 0
66540.2, 82538.4, 0
73919.5, 152022, 0
44875.1, 50571.9, 0
56834.2, 75690.9, 0
53396, 144988, 0
60453.9, 96387.9, 0
119024, 51417.9, 0
50917, 44683.8, 0
60440.8, 102833, 0
47172.7, 62631.1, 0
67402.5, 33600.3, 0
5431.55, 62444.5, 0
41757.8, 58780.2, 0
29534.2, 38312, 0
74585.4, 151234, 0
66090.6, 161572, 0
11826, 81883.3, 0
324.607, 77104.9, 0
61104.7, 16375.6, 0
98574, 112870, 0
52947.4, 22342.7, 0
60821.6, 69636.2, 0
48853.4, 37693.7, 0
70681.4, 191742, 0
43172.8, 53359.3, 0
102934, 88576.4, 0
72104.1, 47560.5, 0
57436.9, 51808.8, 0
51622.4, 90902, 0
183270, 82761, 0
12864, 31710.6, 0
6770.72, 61865.4, 0
11401.8, 84060.9, 0
18622.5, 20952.6, 0
6699.31, 119549, 0
36533.1, 77136.2, 0
6658.06, 35221.1, 0
132700, 26804.8, 0
40690.9, 85539, 0
2372.48, 34106.3, 0
17486.8, 103888, 0
49038.5, 108305, 0
63326.3, 84898.5, 0
4294.01, 50513, 0
25830.3, 70574.5, 0
1954.68, 77500.7, 0
35407.6, 113279, 0
59369.8, 32052.9, 0
24887.1, 61260, 0
15063.9, 69960.5, 0
15987, 97122.5, 0
56032.5, 82863.7, 0
27598.8, 93073.2, 0
7236.66, 56987.6, 0
116678, 96833.6, 0
43074.9, 38112.9, 0
16124.3, 110207, 0
161859, 61799.5, 0
47851.3, 93434.2, 0
24711.4, 18883.8, 0
26362.7, 65658.3, 0
59808.9, 61719.6, 0
12643, 79643.8, 0
44585.4, 19735.7, 0
28765.6, 63189.8, 0
59721.3, 32947.7, 0
35524.7, 113082, 0
91877.6, 82687.7, 0
50961.9, 83168.6, 0
160414, 25232.4, 0
21450.4, 69920.2, 0
154806, 45268.6, 0
16343.4, 40239.3, 0
8441.31, 74746.5, 0
51193.1, 60827.2, 0
5655.2, 56604.1, 0
20283.2, 80359.4, 0
33423.9, 159009, 0
19497.2, 111693, 0
49656.9, 108352, 0
30426.6, 85693.7, 0
29965.8, 32586.9, 0
1272.18, 42216.2, 0
7154.3, 63700.4, 0
29083.4, 72830.9, 0
97499.4, 32122, 0
32848.8, 124953, 0
73987.9, 60831.2, 0
67720.8, 68218.8, 0
28397.7, 114200, 0
15134.7, 95581.8, 0
56492.8, 58153.6, 0
39207.9, 85460.7, 0
31104.4, 145752, 0
4616.89, 64886.1, 0
41413.6, 123542, 0
171358, 103686, 0
66485.1, 100311, 0
4147.24, 38965.8, 0
18581, 72357.1, 0
55369.1, 87910.2, 0
1220.91, 107270, 0
9041.83, 81171.8, 0
92409.9, 22647.9, 0
32379.3, 24336.6, 0
55579.9, 126365, 0
83732.6, 100499, 0
68295.4, 71769.3, 0
9315.4, 94950, 0
91363.1, 90469.9, 0
37814.8, 98181.1, 0
58360.1, 32953.8, 0
61773.5, 42731, 0
48268, 123515, 0
61779.2, 104212, 0
32365, 108997, 0
37645.5, 55112, 0
26311.7, 94398.1, 0
47834.4, 26726.6, 0
57560.4, 168369, 0
87997.5, 127458, 0
2665.08, 130377, 0
8667.18, 169826, 0
45038.6, 72508.5, 0
63080.4, 59545.3, 0
17970.8, 82568, 0
26203.2, 147943, 0
9547.44, 54780.2, 0
138426, 54357.4, 0
23647.4, 49006.8, 0
58936.1, 35925.2, 0
52303.6, 30981.9, 0
26029.1, 177458, 0
11475.4, 33573.9, 0
60770.9, 71616.3, 0
31117.3, 78763.6, 0
22517.6, 44390.8, 0
60526.6, 135426, 0
11488.9, 86889.9, 0
123728, 154288, 0
53738.2, 85679.3, 0
1559.08, 60563.5, 0
12941.1, 42652.5, 0
3747.1, 42736.3, 0
72717.9, 12002.8, 0
78296.7, 83763.7, 0
99629.2, 100756, 0
36448.5, 56746.8, 0
107473, 62290.6, 0
13696.1, 71786.5, 0
69931.8, 64316.4, 0
9041.93, 72685, 0
119616, 47387.8, 0
1746.42, 79485.1, 0
3171.15, 138784, 0
72325.2, 39729.4, 0
48427, 51305.7, 0
95117.9, 37912.8, 0
49815.3, 48532.6, 0
73395.1, 45891.3, 0
38795.4, 60283.2, 0
59486, 77004.5, 0
136682, 98045.5, 0
26676.8, 53868.1, 0
27647.1, 114615, 0
34456.2, 89369.5, 0
47545.2, 82953.2, 0
14446.2, 26374.8, 0
27706.3, 42262.8, 0
47231.6, 51979.4, 0
6397.38, 74524.1, 0
57557.2, 111138, 0
24456.8, 112497, 0
13260.7, 197975, 0
78605.3, 45478.9, 0
50220.2, 80735.2, 0
126557, 148661, 0
45095.4, 44913.4, 0
761.796, 84670.6, 0
48769.7, 45265.1, 0
49077.3, 67136.2, 0
5050.35, 29901.5, 0
44849.9, 74992.8, 0
87717, 111491, 0
26909.8, 119322, 0
50786.8, 19929.4, 0
41830.7, 28244.1, 0
13242.7, 53122.7, 0
8990.72, 56228.8, 0
38371.5, 131386, 0
71253.4, 149120, 0
30710, 60439.6, 0
24366.6, 74812, 0
12690.7, 51142.2, 0
24292.6, 76688, 0
35935.4, 51920.7, 0
28865.8, 128881, 0
65422.6, 31489.2, 0
72495, 56892.3, 0
67300, 30464.4, 0
69087.1, 112567, 0
44370.4, 49207.5, 0
34592.6, 62651.7, 0
4278.65, 90739.8, 0
61919.8, 31146.1, 0
15771.3, 111303, 0
24647.4, 112404, 0
4022.52, 114837, 0
57179.5, 54927.2, 0
39827.3, 47249.4, 0
10154, 96868.2, 0
31673.9, 121379, 0
69169.7, 64501.2, 0
49634.5, 29544.5, 0
35996.7, 58483.1, 0
72115.3, 63981.7, 0
30677.4, 100329, 0
26061.2, 25990.8, 0
17507.3, 83978.1, 0
21235.4, 93008.3, 0
15313, 73522.1, 0
47418.7, 76891.5, 0
39162.5, 97250.4, 0
46846.3, 48772, 0
74114.9, 80121.2, 0
63574.4, 61650.2, 0
55324.2, 66972.3, 0
917.573, 33784.5, 0
40762.9, 24915.9, 0
62052.8, 162985, 0
14264.3, 96272.4, 0
57104.4, 54255.6, 0
48712.8, 87037.8, 0
9035.4, 118238, 0
95618.7, 77733.1, 0
29432.3, 132515, 0
86369.5, 96598.5, 0
20945.3, 104621, 0
22031.3, 30713.5, 0
12038.9, 93254.9, 0
4624.59, 92408.1, 0
48756.8, 62684.1, 0
52670.4, 165311, 0
22456.2, 69487.4, 0
42507.5, 146793, 0
9325.81, 31129.1, 0
61297.5, 83605.5, 0
108648, 124279, 0
144300, 27236.7, 0
101599, 35280.8, 0
68366.4, 135554, 0
57090.9, 131769, 0
48061.9, 25801.7, 0
138005, 92978.4, 0
39228.7, 19315.5, 0
50104, 82707.4, 0
155236, 108937, 0
36178.1, 239425, 0
23935, 90356.2, 0
7271.84, 45370.9, 0
38160.1, 41866.1, 0
477.894, 86119.7, 0
41401.4, 148237, 0
79316.2, 117205, 0
46878.9, 161781, 0
7389.08, 50862.9, 0
65853.2, 63916.3, 0
35023.2, 116468, 0
76581.5, 97964, 0
49550.9, 48994.9, 0
12982.5, 124363, 0
50443.2, 21356.4, 0
64835.3, 198713, 0
10144.4, 75270.4, 0
32188.3, 34937, 0
123575, 129994, 0
119060, 55457.5, 0
47463, 139849, 0
43478.6, 112298, 0
33845, 94103.6, 0
34131.7, 66709.2, 0
43139.2, 74819.8, 0
50707.3, 109963, 0
60267.8, 99860.2, 0
25375.1, 59697, 0
29640.4, 54677.9, 0
60463.9, 56107.5, 0
24938.9, 16321.1, 0
65816.2, 86445.1, 0
87363.3, 87947.9, 0
35325.1, 24551.6, 0
90952.4, 70991.1, 0
61680.5, 116987, 0
63020.1, 70196.4, 0
129985, 102766, 0
59164.2, 47144.3, 0
28454.9, 76543.2, 0
24644.5, 20666, 0
17489.7, 109432, 0
48680.4, 110416, 0
29972.7, 128298, 0
14308.9, 82621.1, 0
79064.9, 34310.1, 0
122663, 81889.7, 0
13299, 185090, 0
94843.2, 134227, 0
18030, 158951, 0
33439.4, 91427.4, 0
63318, 91946.3, 0
93694, 60257.7, 0
111696, 120248, 0
53993.1, 89563.5, 0
52912, 100548, 0
76051.9, 25877.3, 0
22786.8, 111268, 0
138932, 137574, 0
53607.5, 110093, 0
39903.5, 93706.6, 0
65188.6, 66162.3, 0
70485.4, 151395, 0
119891, 57619.2, 0
56067.3, 217682, 0
204472, 118832, 0
48688, 81297.3, 0
28961.8, 85171.4, 0
41824.3, 41486.1, 0
34480.7, 30623.2, 0
69539.1, 122634, 0
41226, 61365.5, 0
85940.9, 40362.4, 0
7752.61, 62182.4, 0
36253.8, 58211.8, 0
16195.4, 42342.4, 0
68380, 44074, 0
70376.4, 67128.7, 0
64775.3, 109736, 0
27616.7, 107361, 0
31937.4, 34550.9, 0
150215, 94165.1, 0
13225.5, 80667, 0
1242.49, 42892.3, 0
49106.9, 116876, 0
126344, 40935.5, 0
12399.3, 57896.5, 0
41094.4, 82337.1, 0
13164.2, 96229.1, 0
21076.5, 34452.9, 0
10100.9, 153141, 0
46165.5, 91813.6, 0
127491, 72868.5, 0
19406.3, 36104.4, 0
107899, 110728, 0
111280, 54430.1, 0
312.566, 69433.6, 0
4252.49, 85440.1, 0
38358.6, 33252.4, 0
60794.1, 34574.3, 0
46664.2, 74347.3, 0
115977, 110676, 0
43696.4, 39071, 0
51744, 66632.6, 0
95365.8, 95877.7, 0
2994.99, 78641, 0
18661.4, 89594.1, 0
100015, 64780.4, 0
49760.9, 94563.2, 0
34065.7, 57800.7, 0
18384.1, 144964, 0
13229.1, 69961.8, 0
64124.4, 142307, 0
64265.8, 63439, 0
79763.6, 91414.3, 0
10349.9, 73347.3, 0
6754.61, 85930.1, 0
46427.9, 47782.6, 0
5948.46, 174733, 0
161488, 102139, 0
35035.5, 120501, 0
21825.4, 54698.1, 0
38741.4, 110723, 0
42003.6, 77754.8, 0
9013.81, 159143, 0
111178, 88697.3, 0
