9.04636e+06, 3.67401e+06, 0
1.48449e+07, 8.62464e+06, 0
1.14509e+07, 5.01689e+06, 0
1.0525e+07, 701821, 0
7.71796e+06, 2.69726e+06, 0
1.16445e+07, 3.10035e+06, 0
9.91419e+06, 2.80854e+06, 0
1.49531e+07, 4.6063e+06, 0
8.97167e+06, 1.90746e+06, 0
1.00299e+07, 4.81314e+06, 0
7.25463e+06, 1.45237e+06, 0
8.98316e+06, 2.76324e+06, 0
1.14134e+07, 3.68824e+06, 0
8.02215e+06, 2.78626e+06, 0
1.12848e+07, 3.46271e+06, 0
8.56612e+06, 1.3743e+06, 0
1.09451e+07, 5.01772e+06, 0
7.73575e+06, 1.72075e+06, 0
1.20947e+07, 5.67772e+06, 0
1.02104e+07, 6.82702e+06, 0
9.17278e+06, 4.36318e+06, 0
7.68234e+06, 1.67436e+06, 0
8.08773e+06, 2.97387e+06, 0
1.15139e+07, 3.86189e+06, 0
8.34063e+06, 4.1206e+06, 0
8.39817e+06, 3.42857e+06, 0
8.08763e+06, 1.90896e+06, 0
9.68823e+06, 3.87489e+06, 0
8.76682e+06, 4.16822e+06, 0
1.64937e+07, 4.48873e+06, 0
9.12362e+06, 3.0776e+06, 0
8.60658e+06, 3.73681e+06, 0
1.09091e+07, 6.1071e+06, 0
1.22751e+07, 3.61813e+06, 0
8.54562e+06, 1.69151e+06, 0
1.14027e+07, 7.32478e+06, 0
9.71919e+06, 2.82732e+06, 0
9.70798e+06, 4.50945e+06, 0
9.79496e+06, 5.30475e+06, 0
1.10479e+07, 4.85435e+06, 0
7.26467e+06, 920401, 0
1.05709e+07, 4.00692e+06, 0
1.11068e+07, 1.89324e+06, 0
1.08248e+07, 712038, 0
7.3056e+06, 911815, 0
1.28217e+07, 7.7439e+06, 0
8.07966e+06, 219318, 0
1.16669e+07, 5.98212e+06, 0
8.38503e+06, 1.45866e+06, 0
9.97321e+06, 6.04237e+06, 0
9.25868e+06, 4.08744e+06, 0
1.18618e+07, 2.29484e+06, 0
9.30949e+06, 3.06656e+06, 0
9.6774e+06, 4.33386e+06, 0
8.62749e+06, 662709, 0
1.00698e+07, 2.51301e+06, 0
1.22491e+07, 2.06133e+06, 0
8.38738e+06, 3.16399e+06, 0
1.14297e+07, 3.18701e+06, 0
1.25749e+07, 5.02619e+06, 0
1.10655e+07, 6.31048e+06, 0
1.04074e+07, 6.88571e+06, 0
7.40813e+06, 1.38495e+06, 0
9.34928e+06, 1.43427e+06, 0
1.39799e+07, 3.26322e+06, 0
9.32611e+06, 3.85711e+06, 0
1.16444e+07, 2.98239e+06, 0
8.2637e+06, 1.15699e+06, 0
8.57387e+06, 1.77876e+06, 0
7.82737e+06, 2.25833e+06, 0
8.88781e+06, 1.14254e+06, 0
6.92083e+06, 324059, 0
8.9969e+06, 2.31672e+06, 0
8.24415e+06, 3.42772e+06, 0
1.02761e+07, 958417, 0
8.30574e+06, 2.69334e+06, 0
9.44882e+06, 1.76655e+06, 0
1.02666e+07, 2.11031e+06, 0
9.33507e+06, 3.14273e+06, 0
9.01579e+06, 3.21582e+06, 0
9.00922e+06, 4.02477e+06, 0
1.01862e+07, 4.73578e+06, 0
9.21718e+06, 504615, 0
7.24827e+06, 759892, 0
8.86497e+06, 3.5835e+06, 0
1.01492e+07, 3.80425e+06, 0
1.20218e+07, 1.36163e+06, 0
9.67584e+06, 5.94542e+06, 0
8.48056e+06, 2.95695e+06, 0
9.80359e+06, 3.18562e+06, 0
7.92833e+06, 1.61902e+06, 0
7.91877e+06, 1.64681e+06, 0
9.77391e+06, 3.76954e+06, 0
8.85137e+06, 1.75162e+06, 0
1.23057e+07, 5.53792e+06, 0
1.04908e+07, 4.29591e+06, 0
1.0791e+07, 6.60173e+06, 0
7.45551e+06, 2.34103e+06, 0
8.67361e+06, 3.97454e+06, 0
1.11075e+07, 4.83998e+06, 0
1.05189e+07, 6.14363e+06, 0
9.03643e+06, 5.28076e+06, 0
9.24861e+06, 3.92868e+06, 0
1.06033e+07, 3.90716e+06, 0
8.27513e+06, 3.04102e+06, 0
9.06793e+06, 1.37424e+06, 0
1.0599e+07, 7.00952e+06, 0
8.14878e+06, 2.86119e+06, 0
1.06225e+07, 2.23026e+06, 0
9.4064e+06, 3.10368e+06, 0
9.50858e+06, 3.4932e+06, 0
1.26059e+07, 3.8717e+06, 0
8.84469e+06, 2.93742e+06, 0
1.08158e+07, 6.59788e+06, 0
9.08707e+06, 2.29368e+06, 0
9.12952e+06, 5.14838e+06, 0
9.14087e+06, 3.20068e+06, 0
9.59703e+06, 3.72963e+06, 0
9.62432e+06, 5.61748e+06, 0
9.37262e+06, 4.30156e+06, 0
7.79865e+06, 1.27215e+06, 0
7.74925e+06, 2.16934e+06, 0
1.00031e+07, 4.84651e+06, 0
7.83156e+06, 1.24234e+06, 0
1.25954e+07, 1.70542e+06, 0
8.66637e+06, 1.36228e+06, 0
1.62701e+07, 2.89025e+06, 0
7.86106e+06, 1.4889e+06, 0
8.08681e+06, 2.11642e+06, 0
9.72522e+06, 4.24798e+06, 0
8.73701e+06, 1.08384e+06, 0
7.60809e+06, 1.38009e+06, 0
1.37146e+07, 4.91804e+06, 0
9.32332e+06, 5.56434e+06, 0
1.07903e+07, 2.33225e+06, 0
1.11495e+07, 3.65304e+06, 0
7.33726e+06, 1.78357e+06, 0
8.9347e+06, 2.60522e+06, 0
9.13786e+06, 4.49432e+06, 0
8.3685e+06, 934405, 0
8.45337e+06, 2.41554e+06, 0
7.89957e+06, 1.52676e+06, 0
9.47727e+06, 3.67938e+06, 0
9.49006e+06, 3.36447e+06, 0
7.79062e+06, 989214, 0
8.42855e+06, 1.90694e+06, 0
8.77166e+06, 2.07325e+06, 0
7.08421e+06, 661272, 0
1.07636e+07, 5.07804e+06, 0
1.16471e+07, 3.5852e+06, 0
1.03488e+07, 4.30419e+06, 0
9.27616e+06, 2.04832e+06, 0
7.84801e+06, 654363, 0
9.09008e+06, 1.41983e+06, 0
1.09004e+07, 2.16091e+06, 0
7.7886e+06, 2.7815e+06, 0
9.00987e+06, 3.29563e+06, 0
1.35504e+07, 1.23057e+06, 0
1.04239e+07, 5.74035e+06, 0
1.03343e+07, 5.48832e+06, 0
7.87545e+06, 2.33543e+06, 0
1.18648e+07, 6.08626e+06, 0
9.25626e+06, 3.23106e+06, 0
1.17902e+07, 3.54875e+06, 0
7.46994e+06, 2.35511e+06, 0
8.58321e+06, 3.95458e+06, 0
1.079e+07, 5.79293e+06, 0
7.26958e+06, 485089, 0
7.25213e+06, 1.13156e+06, 0
7.2974e+06, 758439, 0
1.15015e+07, 6.33027e+06, 0
8.62692e+06, 664783, 0
8.49687e+06, 3.73206e+06, 0
1.02497e+07, 4.87602e+06, 0
7.652e+06, 1.41897e+06, 0
1.21804e+07, 4.91157e+06, 0
7.45877e+06, 2.23674e+06, 0
7.35144e+06, 262237, 0
1.16196e+07, 4.7643e+06, 0
7.44193e+06, 1.77691e+06, 0
8.55657e+06, 1.91232e+06, 0
7.37608e+06, 1.35021e+06, 0
9.22172e+06, 2.32871e+06, 0
7.79481e+06, 2.65431e+06, 0
7.47066e+06, 2.20247e+06, 0
1.26367e+07, 6.36533e+06, 0
1.08612e+07, 3.60496e+06, 0
1.07889e+07, 4.22178e+06, 0
1.26225e+07, 3.01888e+06, 0
1.08872e+07, 5.68995e+06, 0
8.28424e+06, 1.36359e+06, 0
1.53577e+07, 5.48748e+06, 0
1.11677e+07, 5.0955e+06, 0
8.93556e+06, 2.57404e+06, 0
8.42967e+06, 1.96128e+06, 0
1.20804e+07, 4.0241e+06, 0
1.29152e+07, 3.06797e+06, 0
1.04766e+07, 5.46653e+06, 0
7.89633e+06, 2.52565e+06, 0
1.08076e+07, 2.51879e+06, 0
8.53067e+06, 4.12035e+06, 0
1.21773e+07, 6.87425e+06, 0
8.9653e+06, 3.3837e+06, 0
1.20362e+07, 1.40245e+06, 0
1.48318e+07, 8.01803e+06, 0
8.17424e+06, 2.26141e+06, 0
8.42217e+06, 3.424e+06, 0
1.37087e+07, 5.29124e+06, 0
1.15135e+07, 2.06424e+06, 0
1.21175e+07, 8.50966e+06, 0
1.07478e+07, 2.19192e+06, 0
1.14272e+07, 1.48473e+06, 0
1.08339e+07, 3.94925e+06, 0
1.14658e+07, 6.66391e+06, 0
1.02415e+07, 6.04025e+06, 0
8.30459e+06, 2.57415e+06, 0
1.31608e+07, 1.73376e+06, 0
9.8471e+06, 2.05143e+06, 0
8.01611e+06, 2.25758e+06, 0
8.92108e+06, 1.4445e+06, 0
7.36595e+06, 1.41141e+06, 0
9.59641e+06, 4.95776e+06, 0
8.58519e+06, 3.68175e+06, 0
9.41464e+06, 3.14762e+06, 0
1.23774e+07, 6.53018e+06, 0
1.2476e+07, 5.7651e+06, 0
1.01331e+07, 4.79308e+06, 0
8.51729e+06, 3.18121e+06, 0
9.53005e+06, 1.54248e+06, 0
7.0355e+06, 994410, 0
7.81021e+06, 2.64229e+06, 0
7.35046e+06, 517581, 0
1.1861e+07, 1.32247e+06, 0
8.49272e+06, 2.66413e+06, 0
9.41251e+06, 1.00203e+06, 0
9.33423e+06, 3.91136e+06, 0
9.43234e+06, 4.11359e+06, 0
1.03975e+07, 1.90657e+06, 0
1.07471e+07, 3.66624e+06, 0
1.43034e+07, 6.35248e+06, 0
8.55255e+06, 2.46368e+06, 0
1.12825e+07, 2.67377e+06, 0
1.07798e+07, 2.58827e+06, 0
1.04353e+07, 3.61288e+06, 0
7.34463e+06, 1.84647e+06, 0
1.01553e+07, 5.20114e+06, 0
9.19449e+06, 3.54331e+06, 0
1.16647e+07, 2.0543e+06, 0
1.00382e+07, 5.05303e+06, 0
9.9615e+06, 4.58571e+06, 0
9.45548e+06, 4.65884e+06, 0
7.9947e+06, 2.38958e+06, 0
8.72417e+06, 489654, 0
1.01969e+07, 2.64205e+06, 0
9.59446e+06, 4.4439e+06, 0
1.14327e+07, 1.95603e+06, 0
8.84097e+06, 1.59833e+06, 0
8.57404e+06, 3.27027e+06, 0
8.58162e+06, 754177, 0
1.18405e+07, 4.2387e+06, 0
1.1264e+07, 4.72972e+06, 0
9.11126e+06, 2.38583e+06, 0
1.06993e+07, 5.60747e+06, 0
8.90133e+06, 4.33923e+06, 0
1.16118e+07, 5.80902e+06, 0
1.1156e+07, 5.25007e+06, 0
1.01147e+07, 3.90588e+06, 0
1.32366e+07, 6.24826e+06, 0
7.60558e+06, 493433, 0
8.23487e+06, 3.05179e+06, 0
9.07688e+06, 3.30901e+06, 0
1.56131e+07, 8.00237e+06, 0
7.85322e+06, 2.92943e+06, 0
8.29689e+06, 1.32654e+06, 0
1.02031e+07, 4.23603e+06, 0
7.86788e+06, 2.77009e+06, 0
1.01532e+07, 5.8204e+06, 0
8.3773e+06, 3.49103e+06, 0
9.56991e+06, 4.53017e+06, 0
1.52991e+07, 4.34271e+06, 0
1.02649e+07, 4.36585e+06, 0
9.62281e+06, 5.41266e+06, 0
1.01788e+07, 3.11927e+06, 0
8.58865e+06, 1.31339e+06, 0
8.21376e+06, 2.48458e+06, 0
8.11856e+06, 3.3827e+06, 0
9.3464e+06, 5.51588e+06, 0
1.04316e+07, 3.41512e+06, 0
8.04812e+06, 1.56736e+06, 0
1.00863e+07, 1.10791e+06, 0
1.19574e+07, 6.00735e+06, 0
9.39677e+06, 4.09229e+06, 0
9.7297e+06, 2.22135e+06, 0
1.14181e+07, 4.0733e+06, 0
1.04166e+07, 4.64012e+06, 0
1.0612e+07, 6.56517e+06, 0
1.02873e+07, 974245, 0
1.09949e+07, 4.83575e+06, 0
9.85008e+06, 2.92601e+06, 0
8.55274e+06, 4.30806e+06, 0
1.12359e+07, 3.18758e+06, 0
7.97723e+06, 930297, 0
7.15092e+06, 1.34123e+06, 0
7.78987e+06, 1.75556e+06, 0
1.3917e+07, 2.17764e+06, 0
8.63057e+06, 2.55395e+06, 0
9.88644e+06, 5.37776e+06, 0
9.18637e+06, 2.33375e+06, 0
1.12758e+07, 5.71993e+06, 0
8.98161e+06, 1.52584e+06, 0
9.85378e+06, 5.86846e+06, 0
7.83053e+06, 2.21291e+06, 0
7.91754e+06, 2.47746e+06, 0
9.65573e+06, 455787, 0
9.19537e+06, 5.51857e+06, 0
1.04755e+07, 6.7238e+06, 0
8.46497e+06, 3.56982e+06, 0
8.86522e+06, 989893, 0
1.22855e+07, 3.78337e+06, 0
7.1676e+06, 1.35238e+06, 0
8.66186e+06, 3.58428e+06, 0
9.8694e+06, 1.95453e+06, 0
8.28273e+06, 368310, 0
9.51201e+06, 1.70278e+06, 0
1.04413e+07, 2.67877e+06, 0
8.94695e+06, 3.04163e+06, 0
1.11691e+07, 6.66303e+06, 0
1.02016e+07, 5.81022e+06, 0
8.90855e+06, 2.41431e+06, 0
1.26126e+07, 6.68151e+06, 0
7.80783e+06, 1.81979e+06, 0
8.62656e+06, 3.13908e+06, 0
1.08484e+07, 4.39018e+06, 0
8.32177e+06, 3.25894e+06, 0
9.04031e+06, 3.45175e+06, 0
7.88117e+06, 2.13472e+06, 0
1.40239e+07, 5.02635e+06, 0
9.00575e+06, 3.99765e+06, 0
9.93408e+06, 2.55454e+06, 0
1.51762e+07, 4.2821e+06, 0
9.43987e+06, 3.26454e+06, 0
7.9386e+06, 1.1686e+06, 0
9.3649e+06, 5.41909e+06, 0
1.07288e+07, 4.77817e+06, 0
1.0819e+07, 1.72263e+06, 0
9.49137e+06, 2.65953e+06, 0
8.05515e+06, 3.1485e+06, 0
8.92999e+06, 1.94668e+06, 0
1.20137e+07, 5.44487e+06, 0
8.80662e+06, 3.86272e+06, 0
1.18717e+07, 4.27885e+06, 0
7.94752e+06, 2.40348e+06, 0
8.3085e+06, 2.52244e+06, 0
9.67978e+06, 3.48883e+06, 0
8.7012e+06, 3.332e+06, 0
1.10586e+07, 5.12166e+06, 0
7.70929e+06, 1.67237e+06, 0
9.53582e+06, 1.34209e+06, 0
8.49773e+06, 1.27857e+06, 0
1.35868e+07, 8.09127e+06, 0
9.51166e+06, 4.38492e+06, 0
9.28274e+06, 2.65658e+06, 0
8.42295e+06, 3.87547e+06, 0
9.84382e+06, 4.43261e+06, 0
9.95947e+06, 2.19064e+06, 0
8.96646e+06, 1.99436e+06, 0
8.89879e+06, 4.62766e+06, 0
1.43681e+07, 4.98193e+06, 0
