5.94014e+06, 1.22221e+06, 0
5.99309e+06, 3.84542e+06, 0
8.60266e+06, 3.71085e+06, 0
1.07094e+07, 3.96239e+06, 0
9.6627e+06, 4.69347e+06, 0
5.92935e+06, 1.91755e+06, 0
5.78509e+06, 931400, 0
6.07385e+06, 1.9778e+06, 0
8.16302e+06, 2.63879e+06, 0
8.78428e+06, 6.1171e+06, 0
7.37787e+06, 2.38487e+06, 0
1.24914e+07, 1.27024e+06, 0
5.19905e+06, 3.0544e+06, 0
1.13867e+07, 5.67936e+06, 0
5.0708e+06, 1.59275e+06, 0
7.4392e+06, 3.01948e+06, 0
6.37045e+06, 2.54313e+06, 0
6.16708e+06, 2.76506e+06, 0
1.11538e+07, 1.02343e+06, 0
6.74897e+06, 2.81222e+06, 0
7.05912e+06, 791337, 0
8.25583e+06, 2.3642e+06, 0
4.72997e+06, 2.53562e+06, 0
5.51586e+06, 1.13178e+06, 0
8.54631e+06, 3.27385e+06, 0
7.43028e+06, 433939, 0
6.23468e+06, 4.38925e+06, 0
9.55451e+06, 3.32641e+06, 0
7.44687e+06, 3.17024e+06, 0
5.69326e+06, 1.43599e+06, 0
7.30118e+06, 3.62087e+06, 0
7.58246e+06, 4.92073e+06, 0
1.13945e+07, 1.1529e+06, 0
5.81887e+06, 2.1006e+06, 0
8.18871e+06, 4.28264e+06, 0
8.72834e+06, 2.88975e+06, 0
1.09772e+07, 7.49547e+06, 0
6.18028e+06, 3.45651e+06, 0
8.71246e+06, 2.85199e+06, 0
5.77086e+06, 3.92829e+06, 0
8.80062e+06, 6.46476e+06, 0
4.35075e+06, 820914, 0
1.14954e+07, 3.85354e+06, 0
6.9564e+06, 4.89013e+06, 0
8.37488e+06, 6.55953e+06, 0
4.83643e+06, 1.74327e+06, 0
1.07219e+07, 6.65577e+06, 0
9.08697e+06, 2.05535e+06, 0
1.17937e+07, 3.71436e+06, 0
5.53688e+06, 3.2716e+06, 0
6.01719e+06, 3.11252e+06, 0
7.13598e+06, 1.63421e+06, 0
6.36939e+06, 471898, 0
8.38323e+06, 2.75913e+06, 0
6.95182e+06, 2.16206e+06, 0
7.22205e+06, 4.02203e+06, 0
6.52585e+06, 3.80485e+06, 0
6.35306e+06, 2.68572e+06, 0
7.26067e+06, 2.0297e+06, 0
6.44547e+06, 3.67215e+06, 0
8.11742e+06, 2.28927e+06, 0
6.2183e+06, 2.16144e+06, 0
8.57521e+06, 2.09286e+06, 0
6.68019e+06, 3.61543e+06, 0
5.2564e+06, 2.58263e+06, 0
7.88563e+06, 1.46134e+06, 0
6.68649e+06, 720757, 0
9.66977e+06, 5.08596e+06, 0
8.58335e+06, 4.45705e+06, 0
7.48567e+06, 4.77893e+06, 0
8.08807e+06, 3.8529e+06, 0
1.05398e+07, 1.06726e+06, 0
6.46452e+06, 2.5584e+06, 0
7.11431e+06, 2.88968e+06, 0
9.99624e+06, 1.49198e+06, 0
7.95068e+06, 4.22666e+06, 0
4.57534e+06, 2.10174e+06, 0
5.7008e+06, 899195, 0
9.38245e+06, 5.47483e+06, 0
5.95124e+06, 2.27287e+06, 0
9.82744e+06, 1.94261e+06, 0
1.09572e+07, 4.78757e+06, 0
6.28853e+06, 2.73887e+06, 0
6.10484e+06, 2.74351e+06, 0
8.38326e+06, 5.30875e+06, 0
7.16065e+06, 5.45394e+06, 0
8.64215e+06, 3.77054e+06, 0
7.62335e+06, 1.2596e+06, 0
7.54629e+06, 3.7077e+06, 0
8.91916e+06, 5.15555e+06, 0
8.81647e+06, 5.31639e+06, 0
6.61489e+06, 3.72618e+06, 0
6.28287e+06, 3.29592e+06, 0
6.49123e+06, 2.91591e+06, 0
8.86345e+06, 5.85024e+06, 0
8.70061e+06, 4.71692e+06, 0
6.51518e+06, 2.16432e+06, 0
6.1899e+06, 1.3902e+06, 0
4.54886e+06, 2.18391e+06, 0
4.42969e+06, 717180, 0
6.33055e+06, 1.60856e+06, 0
7.44962e+06, 4.22646e+06, 0
4.8139e+06, 2.13182e+06, 0
1.12231e+07, 2.36129e+06, 0
5.97863e+06, 2.21771e+06, 0
7.51694e+06, 4.12663e+06, 0
7.86158e+06, 4.08235e+06, 0
4.82801e+06, 523330, 0
4.95481e+06, 1.2404e+06, 0
4.6389e+06, 1.29741e+06, 0
4.21623e+06, 1.64655e+06, 0
1.26302e+07, 1.96452e+06, 0
1.09938e+07, 7.6228e+06, 0
8.31409e+06, 5.2808e+06, 0
8.89837e+06, 1.21876e+06, 0
4.59167e+06, 1.05065e+06, 0
4.70094e+06, 1.42173e+06, 0
8.10128e+06, 5.22442e+06, 0
4.67178e+06, 1.95559e+06, 0
8.78711e+06, 5.66876e+06, 0
8.85694e+06, 4.41631e+06, 0
5.65182e+06, 3.53048e+06, 0
5.75706e+06, 1.20272e+06, 0
1.01104e+07, 5.40808e+06, 0
1.01765e+07, 3.85019e+06, 0
8.59906e+06, 4.12022e+06, 0
7.88271e+06, 3.74405e+06, 0
8.91858e+06, 3.11179e+06, 0
4.57356e+06, 1.29837e+06, 0
7.73492e+06, 2.70488e+06, 0
7.38747e+06, 4.87067e+06, 0
8.91356e+06, 5.77435e+06, 0
8.03414e+06, 1.32988e+06, 0
1.22622e+07, 8.47795e+06, 0
5.79308e+06, 1.70258e+06, 0
1.16781e+07, 4.88692e+06, 0
4.00893e+06, 794239, 0
7.44081e+06, 2.44536e+06, 0
6.47392e+06, 1.23722e+06, 0
5.26213e+06, 1.51764e+06, 0
7.12658e+06, 2.95562e+06, 0
9.48156e+06, 6.10303e+06, 0
8.25204e+06, 5.74685e+06, 0
1.43045e+07, 3.83939e+06, 0
5.96288e+06, 2.05666e+06, 0
8.51496e+06, 2.89479e+06, 0
9.03048e+06, 5.43162e+06, 0
9.95109e+06, 3.62387e+06, 0
5.63737e+06, 653357, 0
6.01403e+06, 1.87053e+06, 0
8.38173e+06, 1.86054e+06, 0
9.46042e+06, 2.86315e+06, 0
1.02464e+07, 4.16117e+06, 0
7.81527e+06, 2.76112e+06, 0
6.75886e+06, 3.16699e+06, 0
6.4887e+06, 1.14518e+06, 0
7.04602e+06, 708019, 0
9.88313e+06, 4.01555e+06, 0
4.49059e+06, 1.47892e+06, 0
8.76193e+06, 2.99829e+06, 0
1.06057e+07, 5.20734e+06, 0
6.41493e+06, 517729, 0
1.51072e+07, 4.16391e+06, 0
6.32065e+06, 2.40185e+06, 0
7.40096e+06, 3.73978e+06, 0
7.5847e+06, 2.84048e+06, 0
8.18249e+06, 4.99446e+06, 0
6.02909e+06, 1.43361e+06, 0
6.51398e+06, 1.05314e+06, 0
6.92737e+06, 4.25618e+06, 0
7.72545e+06, 3.38734e+06, 0
8.81242e+06, 4.62814e+06, 0
7.56572e+06, 545046, 0
4.66767e+06, 644472, 0
7.05892e+06, 3.43238e+06, 0
7.23707e+06, 4.37113e+06, 0
4.89459e+06, 205069, 0
5.93886e+06, 2.87225e+06, 0
8.1635e+06, 2.40807e+06, 0
4.97512e+06, 556761, 0
9.77859e+06, 2.86979e+06, 0
7.14654e+06, 1.61923e+06, 0
5.16733e+06, 1.73562e+06, 0
7.8091e+06, 2.39952e+06, 0
7.06856e+06, 3.99949e+06, 0
9.88238e+06, 607796, 0
9.29641e+06, 1.32898e+06, 0
1.05255e+07, 873579, 0
9.98651e+06, 1.44902e+06, 0
7.46248e+06, 3.73777e+06, 0
7.86726e+06, 5.11423e+06, 0
7.00114e+06, 1.76203e+06, 0
6.13653e+06, 2.38272e+06, 0
7.46089e+06, 3.10041e+06, 0
9.51566e+06, 4.37876e+06, 0
1.04371e+07, 4.58369e+06, 0
8.51976e+06, 2.58657e+06, 0
5.7215e+06, 1.97573e+06, 0
4.65444e+06, 1.61103e+06, 0
5.94531e+06, 1.98948e+06, 0
5.76308e+06, 951766, 0
7.40058e+06, 4.89138e+06, 0
5.87201e+06, 2.76531e+06, 0
7.76077e+06, 1.877e+06, 0
7.02693e+06, 4.72174e+06, 0
7.24747e+06, 5.54692e+06, 0
8.40675e+06, 3.14506e+06, 0
9.03064e+06, 3.88549e+06, 0
8.6609e+06, 5.13981e+06, 0
5.18963e+06, 2.1808e+06, 0
8.1038e+06, 4.15466e+06, 0
8.97331e+06, 4.14828e+06, 0
6.55374e+06, 2.73476e+06, 0
7.06206e+06, 2.39775e+06, 0
5.14926e+06, 1.26865e+06, 0
7.57631e+06, 2.06866e+06, 0
5.43949e+06, 1.11313e+06, 0
4.54565e+06, 2.27476e+06, 0
5.08443e+06, 1.46256e+06, 0
5.88661e+06, 3.91033e+06, 0
6.233e+06, 2.22065e+06, 0
6.4084e+06, 3.52031e+06, 0
5.8187e+06, 829799, 0
8.41521e+06, 6.81642e+06, 0
4.05342e+06, 56523.5, 0
6.09565e+06, 2.17017e+06, 0
5.72056e+06, 2.83747e+06, 0
4.44981e+06, 2.03599e+06, 0
8.83352e+06, 6.6277e+06, 0
7.70767e+06, 4.56419e+06, 0
8.14319e+06, 5.34919e+06, 0
5.2283e+06, 1.22206e+06, 0
7.50263e+06, 3.28834e+06, 0
5.19527e+06, 765679, 0
5.26323e+06, 1.72648e+06, 0
6.30508e+06, 2.62402e+06, 0
5.48513e+06, 1.4866e+06, 0
1.15549e+07, 6.41253e+06, 0
6.28642e+06, 4.39515e+06, 0
1.0098e+07, 2.63313e+06, 0
7.90313e+06, 5.70467e+06, 0
8.17095e+06, 3.82414e+06, 0
6.88766e+06, 2.94976e+06, 0
5.48441e+06, 1.16854e+06, 0
7.27038e+06, 1.75965e+06, 0
4.23542e+06, 1.29199e+06, 0
5.82468e+06, 1.63758e+06, 0
7.12088e+06, 2.69826e+06, 0
6.40356e+06, 2.25881e+06, 0
8.10389e+06, 3.26764e+06, 0
7.8607e+06, 4.93286e+06, 0
5.58266e+06, 3.85828e+06, 0
6.65079e+06, 4.07278e+06, 0
8.4382e+06, 4.56684e+06, 0
5.48292e+06, 1.93505e+06, 0
7.64639e+06, 643703, 0
8.33809e+06, 3.99533e+06, 0
5.3153e+06, 2.08356e+06, 0
7.18941e+06, 4.0344e+06, 0
6.33159e+06, 1.64304e+06, 0
6.47729e+06, 3.13996e+06, 0
1.42811e+07, 7.18785e+06, 0
6.56919e+06, 2.01802e+06, 0
3.92182e+06, 401889, 0
6.722e+06, 1.15709e+06, 0
6.8268e+06, 2.47404e+06, 0
6.77183e+06, 3.98845e+06, 0
8.63887e+06, 1.60694e+06, 0
5.62016e+06, 1.53803e+06, 0
1.1944e+07, 4.08292e+06, 0
1.15534e+07, 9.38245e+06, 0
8.06173e+06, 449871, 0
6.95531e+06, 4.40267e+06, 0
5.73648e+06, 228657, 0
6.01081e+06, 4.03796e+06, 0
7.24015e+06, 565694, 0
8.7944e+06, 4.42036e+06, 0
5.80325e+06, 1.72856e+06, 0
1.11387e+07, 5.89243e+06, 0
8.54353e+06, 2.26092e+06, 0
9.2482e+06, 7.68825e+06, 0
9.08141e+06, 676706, 0
7.01266e+06, 4.0965e+06, 0
6.44491e+06, 2.36961e+06, 0
8.06623e+06, 6.02696e+06, 0
4.20388e+06, 944354, 0
5.20572e+06, 1.53207e+06, 0
9.86818e+06, 6.75757e+06, 0
1.12707e+07, 5.34157e+06, 0
5.25971e+06, 2.67612e+06, 0
8.8303e+06, 5.15318e+06, 0
7.06858e+06, 5.47744e+06, 0
8.71788e+06, 3.44959e+06, 0
8.4315e+06, 4.92127e+06, 0
5.34773e+06, 2.04378e+06, 0
5.47296e+06, 1.84942e+06, 0
1.33343e+07, 8.44456e+06, 0
4.4262e+06, 814225, 0
6.07748e+06, 3.18276e+06, 0
8.12785e+06, 2.67661e+06, 0
4.68645e+06, 1.77402e+06, 0
5.51837e+06, 2.7108e+06, 0
8.76557e+06, 4.95605e+06, 0
4.49571e+06, 1.91061e+06, 0
7.17419e+06, 2.92429e+06, 0
5.97792e+06, 2.02785e+06, 0
6.45193e+06, 4.1411e+06, 0
4.64996e+06, 968764, 0
1.08355e+07, 5.82503e+06, 0
9.35047e+06, 1.58422e+06, 0
7.20272e+06, 2.72829e+06, 0
8.24847e+06, 5.80868e+06, 0
1.15781e+07, 1.9965e+06, 0
7.19465e+06, 643024, 0
6.92304e+06, 2.55204e+06, 0
7.76136e+06, 4.84898e+06, 0
7.50249e+06, 1.51359e+06, 0
6.12046e+06, 2.95827e+06, 0
9.19969e+06, 2.9962e+06, 0
5.53789e+06, 3.37599e+06, 0
9.66209e+06, 4.73302e+06, 0
9.2179e+06, 4.40802e+06, 0
1.38264e+07, 5.78798e+06, 0
6.72712e+06, 2.19073e+06, 0
8.7516e+06, 4.26016e+06, 0
7.46558e+06, 2.8208e+06, 0
6.638e+06, 3.34167e+06, 0
6.46588e+06, 3.21042e+06, 0
8.52647e+06, 4.20997e+06, 0
9.38211e+06, 4.09028e+06, 0
8.87262e+06, 3.29523e+06, 0
7.83581e+06, 2.91232e+06, 0
7.14523e+06, 2.36596e+06, 0
9.10821e+06, 1.39492e+06, 0
8.64417e+06, 4.06232e+06, 0
7.51318e+06, 2.08891e+06, 0
6.05927e+06, 3.41194e+06, 0
4.38386e+06, 653215, 0
5.31443e+06, 2.91842e+06, 0
5.61971e+06, 2.44183e+06, 0
5.2507e+06, 701359, 0
5.86462e+06, 4.1423e+06, 0
9.69947e+06, 2.78546e+06, 0
7.74013e+06, 2.4749e+06, 0
6.51996e+06, 1.64886e+06, 0
7.21535e+06, 2.73426e+06, 0
8.10685e+06, 3.66212e+06, 0
6.39141e+06, 2.04828e+06, 0
1.03204e+07, 7.31618e+06, 0
8.68481e+06, 5.51783e+06, 0
5.83555e+06, 3.66797e+06, 0
4.87046e+06, 1.31904e+06, 0
6.04066e+06, 2.47136e+06, 0
5.72652e+06, 3.61446e+06, 0
9.27858e+06, 5.98735e+06, 0
7.01548e+06, 2.86e+06, 0
1.08965e+07, 4.50091e+06, 0
9.24943e+06, 3.30058e+06, 0
6.36109e+06, 2.36642e+06, 0
7.75377e+06, 6.24325e+06, 0
8.25597e+06, 5.36088e+06, 0
5.21164e+06, 2.64132e+06, 0
9.31081e+06, 4.79317e+06, 0
8.50507e+06, 3.07783e+06, 0
6.26727e+06, 2.96318e+06, 0
5.96707e+06, 3.33596e+06, 0
7.53436e+06, 4.5884e+06, 0
6.99788e+06, 1.47488e+06, 0
5.95414e+06, 3.96843e+06, 0
9.00079e+06, 4.98705e+06, 0
6.48523e+06, 2.41644e+06, 0
5.22074e+06, 1.29618e+06, 0
7.83907e+06, 6.06691e+06, 0
7.9145e+06, 1.8668e+06, 0
7.62727e+06, 1.85476e+06, 0
8.63128e+06, 5.17078e+06, 0
6.28907e+06, 1.47578e+06, 0
7.38292e+06, 4.99825e+06, 0
1.14938e+07, 5.35796e+06, 0
4.8538e+06, 2.22692e+06, 0
7.28236e+06, 3.91692e+06, 0
7.51622e+06, 3.71665e+06, 0
6.03312e+06, 457091, 0
5.61349e+06, 1.19052e+06, 0
5.09304e+06, 1.8318e+06, 0
9.2195e+06, 4.65334e+06, 0
8.09051e+06, 4.23732e+06, 0
6.73369e+06, 4.18321e+06, 0
5.47663e+06, 2.32418e+06, 0
7.27465e+06, 3.50461e+06, 0
9.746e+06, 4.36594e+06, 0
4.85485e+06, 1.43666e+06, 0
4.68664e+06, 751683, 0
7.97232e+06, 6.39219e+06, 0
1.11126e+07, 2.10283e+06, 0
5.46196e+06, 771155, 0
9.85909e+06, 6.61329e+06, 0
1.13542e+07, 7.9539e+06, 0
5.37018e+06, 3.47238e+06, 0
8.21315e+06, 5.54755e+06, 0
6.61537e+06, 877592, 0
6.67024e+06, 1.54619e+06, 0
7.58282e+06, 2.58234e+06, 0
5.82943e+06, 4.14527e+06, 0
5.24215e+06, 728348, 0
7.93578e+06, 5.69426e+06, 0
5.47222e+06, 2.18541e+06, 0
4.80534e+06, 2.54063e+06, 0
7.0535e+06, 641301, 0
9.65534e+06, 2.84635e+06, 0
4.42192e+06, 1.18048e+06, 0
9.02494e+06, 4.28847e+06, 0
9.92944e+06, 4.39377e+06, 0
7.1155e+06, 3.46026e+06, 0
6.51052e+06, 2.56597e+06, 0
1.01189e+07, 2.86035e+06, 0
8.47098e+06, 4.71436e+06, 0
7.72311e+06, 2.90326e+06, 0
8.82506e+06, 5.93157e+06, 0
6.2364e+06, 1.0042e+06, 0
7.32166e+06, 3.74046e+06, 0
4.77842e+06, 905135, 0
6.97639e+06, 1.99354e+06, 0
7.57121e+06, 3.35653e+06, 0
6.9086e+06, 2.1234e+06, 0
1.05141e+07, 3.18256e+06, 0
7.55291e+06, 2.60393e+06, 0
1.04535e+07, 7.00819e+06, 0
1.03787e+07, 5.2407e+06, 0
8.25536e+06, 4.67982e+06, 0
5.51609e+06, 3.30922e+06, 0
5.6556e+06, 2.2937e+06, 0
7.50358e+06, 2.42174e+06, 0
4.77845e+06, 284936, 0
6.51415e+06, 2.23282e+06, 0
5.26261e+06, 1.93496e+06, 0
9.81672e+06, 4.78656e+06, 0
5.71913e+06, 2.60598e+06, 0
6.34696e+06, 2.38901e+06, 0
8.01861e+06, 4.59193e+06, 0
6.03122e+06, 2.75436e+06, 0
5.51163e+06, 1.25967e+06, 0
6.99061e+06, 4.04115e+06, 0
4.14667e+06, 1.29042e+06, 0
8.22776e+06, 6.27759e+06, 0
6.37725e+06, 1.05093e+06, 0
4.32172e+06, 688517, 0
8.72645e+06, 2.11084e+06, 0
6.13019e+06, 1.45952e+06, 0
9.34746e+06, 3.49355e+06, 0
7.19477e+06, 3.45249e+06, 0
7.44482e+06, 1.79808e+06, 0
6.24186e+06, 593141, 0
6.76083e+06, 2.6416e+06, 0
9.44745e+06, 2.182e+06, 0
5.42023e+06, 3.06332e+06, 0
1.07198e+07, 4.88863e+06, 0
5.41436e+06, 3.00836e+06, 0
9.94286e+06, 4.5277e+06, 0
7.99374e+06, 5.4825e+06, 0
7.29918e+06, 3.62649e+06, 0
6.60242e+06, 2.74812e+06, 0
8.2735e+06, 929910, 0
1.12444e+07, 5.39782e+06, 0
7.60699e+06, 4.58076e+06, 0
1.14392e+07, 5.64976e+06, 0
9.16353e+06, 1.80227e+06, 0
6.43388e+06, 4.13536e+06, 0
7.21422e+06, 1.41701e+06, 0
6.91816e+06, 3.42071e+06, 0
8.67758e+06, 3.85048e+06, 0
6.10302e+06, 3.10483e+06, 0
6.87093e+06, 1.12334e+06, 0
8.96125e+06, 4.94632e+06, 0
9.41428e+06, 5.38787e+06, 0
1.07709e+07, 5.32855e+06, 0
5.11606e+06, 1.52074e+06, 0
1.11795e+07, 5.18076e+06, 0
4.85689e+06, 2.41122e+06, 0
7.19875e+06, 5.40247e+06, 0
1.23603e+07, 4.1962e+06, 0
6.38225e+06, 2.78919e+06, 0
8.42273e+06, 3.98303e+06, 0
4.6863e+06, 1.8944e+06, 0
9.52308e+06, 7.09538e+06, 0
8.93773e+06, 2.91498e+06, 0
6.32248e+06, 1.84493e+06, 0
5.86562e+06, 2.84154e+06, 0
6.95292e+06, 3.44385e+06, 0
4.78773e+06, 1.05312e+06, 0
5.23756e+06, 2.22804e+06, 0
1.242e+07, 4.33612e+06, 0
9.22134e+06, 7.34658e+06, 0
7.81117e+06, 3.65886e+06, 0
6.48821e+06, 2.45486e+06, 0
1.07609e+07, 5.51272e+06, 0
5.62034e+06, 3.82899e+06, 0
1.13873e+07, 2.8246e+06, 0
6.56461e+06, 923971, 0
8.19882e+06, 5.73386e+06, 0
8.80931e+06, 3.7446e+06, 0
6.87676e+06, 3.91145e+06, 0
6.50333e+06, 2.83085e+06, 0
9.67012e+06, 3.76467e+06, 0
5.24342e+06, 1.47471e+06, 0
4.51934e+06, 1.54864e+06, 0
4.75516e+06, 1.1259e+06, 0
6.11349e+06, 3.05153e+06, 0
5.38442e+06, 3.12313e+06, 0
8.46818e+06, 6.32569e+06, 0
8.52099e+06, 6.13823e+06, 0
5.94751e+06, 2.62991e+06, 0
6.95621e+06, 4.65438e+06, 0
1.33567e+07, 6.07991e+06, 0
7.37252e+06, 1.92931e+06, 0
5.8827e+06, 1.94735e+06, 0
7.09236e+06, 3.7812e+06, 0
1.00651e+07, 977056, 0
1.08007e+07, 7.19751e+06, 0
9.56041e+06, 6.34994e+06, 0
7.43488e+06, 5.68354e+06, 0
7.23042e+06, 2.62654e+06, 0
9.72916e+06, 4.80784e+06, 0
4.71108e+06, 1.90032e+06, 0
7.91003e+06, 2.62304e+06, 0
9.68658e+06, 7.83804e+06, 0
1.12646e+07, 4.85113e+06, 0
5.6745e+06, 3.06725e+06, 0
6.41283e+06, 4.12457e+06, 0
6.81481e+06, 888577, 0
4.73428e+06, 1.9056e+06, 0
7.5191e+06, 219087, 0
8.45835e+06, 5.57772e+06, 0
6.48633e+06, 4.60416e+06, 0
6.36062e+06, 823044, 0
9.31606e+06, 5.83269e+06, 0
6.18031e+06, 4.34995e+06, 0
9.3628e+06, 5.6854e+06, 0
6.03684e+06, 3.6278e+06, 0
6.72893e+06, 1.86601e+06, 0
6.42331e+06, 3.49976e+06, 0
1.03147e+07, 4.82291e+06, 0
8.0567e+06, 4.92743e+06, 0
6.36519e+06, 3.11308e+06, 0
7.39175e+06, 3.93209e+06, 0
1.25959e+07, 6.08694e+06, 0
5.04083e+06, 1.23635e+06, 0
6.15675e+06, 1.78146e+06, 0
6.48027e+06, 3.29583e+06, 0
5.91808e+06, 810268, 0
5.04683e+06, 459952, 0
7.63039e+06, 5.84253e+06, 0
5.79518e+06, 1.778e+06, 0
5.32499e+06, 1.90126e+06, 0
7.50862e+06, 1.47527e+06, 0
7.53715e+06, 3.38163e+06, 0
8.00817e+06, 5.49259e+06, 0
6.70221e+06, 4.68803e+06, 0
6.74723e+06, 2.21197e+06, 0
9.44128e+06, 5.68439e+06, 0
8.36827e+06, 4.50004e+06, 0
7.09678e+06, 2.10582e+06, 0
7.24764e+06, 1.9342e+06, 0
7.16826e+06, 2.8488e+06, 0
4.56141e+06, 455616, 0
5.37522e+06, 393962, 0
5.93076e+06, 2.13919e+06, 0
6.05362e+06, 1.46985e+06, 0
8.80412e+06, 5.89426e+06, 0
5.57388e+06, 3.32064e+06, 0
8.17692e+06, 4.85304e+06, 0
4.1068e+06, 1.28135e+06, 0
4.24842e+06, 632276, 0
6.70461e+06, 4.82031e+06, 0
6.25817e+06, 4.13951e+06, 0
7.81911e+06, 4.68751e+06, 0
4.94567e+06, 1.67223e+06, 0
5.34585e+06, 2.71947e+06, 0
7.17536e+06, 2.20539e+06, 0
1.01352e+07, 2.5546e+06, 0
9.8716e+06, 1.74833e+06, 0
6.92522e+06, 1.39516e+06, 0
7.22731e+06, 1.32688e+06, 0
6.42521e+06, 3.10594e+06, 0
4.90528e+06, 2.0283e+06, 0
1.01102e+07, 7.36334e+06, 0
6.15252e+06, 4.11188e+06, 0
7.06968e+06, 2.72686e+06, 0
1.24805e+07, 8.70444e+06, 0
6.10562e+06, 2.84706e+06, 0
7.35399e+06, 4.47896e+06, 0
5.73613e+06, 637995, 0
6.1784e+06, 3.31612e+06, 0
5.45535e+06, 2.43805e+06, 0
7.08044e+06, 1.82048e+06, 0
6.28296e+06, 2.92506e+06, 0
5.8171e+06, 1.34837e+06, 0
6.82103e+06, 1.3376e+06, 0
5.44029e+06, 673198, 0
4.91205e+06, 2.68207e+06, 0
9.72886e+06, 6.05765e+06, 0
9.46361e+06, 3.76069e+06, 0
1.03512e+07, 2.96486e+06, 0
8.12354e+06, 5.93735e+06, 0
8.91007e+06, 3.62718e+06, 0
1.00145e+07, 6.51781e+06, 0
5.07132e+06, 2.27618e+06, 0
5.99881e+06, 1.36527e+06, 0
6.62345e+06, 1.7799e+06, 0
4.83719e+06, 1.67944e+06, 0
4.75429e+06, 2.5291e+06, 0
6.86759e+06, 3.77305e+06, 0
6.36244e+06, 3.50375e+06, 0
9.9961e+06, 985457, 0
7.65345e+06, 4.48885e+06, 0
5.80669e+06, 1.20116e+06, 0
5.2426e+06, 2.60702e+06, 0
1.35251e+07, 3.67448e+06, 0
7.2255e+06, 926643, 0
5.29544e+06, 1.56281e+06, 0
8.62147e+06, 1.04149e+06, 0
8.39857e+06, 5.21713e+06, 0
5.1459e+06, 3.15149e+06, 0
5.03128e+06, 993030, 0
7.74043e+06, 5.55132e+06, 0
7.00571e+06, 185462, 0
7.90969e+06, 5.03858e+06, 0
9.42097e+06, 4.19214e+06, 0
5.48237e+06, 2.27675e+06, 0
5.51633e+06, 2.12318e+06, 0
5.61436e+06, 2.77849e+06, 0
6.18136e+06, 2.16869e+06, 0
6.13195e+06, 2.66034e+06, 0
1.04783e+07, 1.10953e+06, 0
7.14025e+06, 4.75459e+06, 0
6.15874e+06, 3.34676e+06, 0
7.11435e+06, 2.56906e+06, 0
1.24377e+07, 2.97661e+06, 0
7.91376e+06, 662680, 0
8.07389e+06, 4.34077e+06, 0
5.84915e+06, 2.47629e+06, 0
1.2652e+07, 2.07867e+06, 0
6.73244e+06, 858278, 0
6.33262e+06, 2.93473e+06, 0
6.3638e+06, 928631, 0
6.05378e+06, 3.06325e+06, 0
6.33089e+06, 1.56568e+06, 0
8.24706e+06, 955309, 0
7.76204e+06, 1.97314e+06, 0
5.46273e+06, 2.43499e+06, 0
3.97445e+06, 579292, 0
6.76307e+06, 2.63064e+06, 0
8.52435e+06, 3.86819e+06, 0
1.2738e+07, 1.9338e+06, 0
6.91855e+06, 4.30167e+06, 0
5.09164e+06, 1.25731e+06, 0
5.87945e+06, 3.5217e+06, 0
1.36401e+07, 1.39691e+06, 0
4.10924e+06, 506645, 0
1.10503e+07, 9.16053e+06, 0
7.65859e+06, 1.21252e+06, 0
9.44463e+06, 835868, 0
6.74151e+06, 3.96491e+06, 0
4.65862e+06, 1.22535e+06, 0
1.12613e+07, 4.76828e+06, 0
5.06118e+06, 2.15039e+06, 0
1.18276e+07, 2.29092e+06, 0
8.59677e+06, 3.05783e+06, 0
9.42655e+06, 3.89441e+06, 0
5.93096e+06, 2.19514e+06, 0
8.93782e+06, 4.50953e+06, 0
1.1902e+07, 8.87466e+06, 0
8.84284e+06, 3.51199e+06, 0
6.27651e+06, 2.45238e+06, 0
7.78317e+06, 4.03734e+06, 0
1.28495e+07, 3.59188e+06, 0
8.18921e+06, 6.38162e+06, 0
4.17386e+06, 1.3244e+06, 0
7.51316e+06, 5.8372e+06, 0
4.58318e+06, 894675, 0
6.58039e+06, 1.83398e+06, 0
6.73866e+06, 1.36322e+06, 0
8.14629e+06, 4.44795e+06, 0
6.14367e+06, 2.29125e+06, 0
6.47049e+06, 3.46735e+06, 0
5.86263e+06, 1.50263e+06, 0
6.7169e+06, 2.80499e+06, 0
5.49084e+06, 2.22573e+06, 0
7.44085e+06, 4.79467e+06, 0
7.99544e+06, 2.81129e+06, 0
8.02213e+06, 2.39287e+06, 0
7.32975e+06, 4.05054e+06, 0
8.71884e+06, 5.07641e+06, 0
5.69769e+06, 2.67516e+06, 0
8.18034e+06, 4.75595e+06, 0
1.03033e+07, 1.66004e+06, 0
7.44322e+06, 1.86343e+06, 0
6.77208e+06, 4.50928e+06, 0
1.00809e+07, 7.7422e+06, 0
6.91066e+06, 1.25668e+06, 0
6.87159e+06, 5.01741e+06, 0
6.65349e+06, 1.5697e+06, 0
5.59217e+06, 1.94023e+06, 0
3.90292e+06, 882714, 0
7.44207e+06, 4.2966e+06, 0
6.1959e+06, 2.90973e+06, 0
7.66878e+06, 5.01124e+06, 0
9.52764e+06, 1.42787e+06, 0
5.03074e+06, 1.62487e+06, 0
6.10244e+06, 2.59882e+06, 0
8.84308e+06, 4.0662e+06, 0
6.73784e+06, 4.66845e+06, 0
8.00648e+06, 4.38308e+06, 0
1.17195e+07, 6.54157e+06, 0
6.6122e+06, 1.33527e+06, 0
7.28695e+06, 1.79743e+06, 0
4.88002e+06, 2.7078e+06, 0
9.4575e+06, 2.3068e+06, 0
5.53953e+06, 3.55146e+06, 0
6.70459e+06, 1.52045e+06, 0
5.37371e+06, 2.30509e+06, 0
7.93577e+06, 81034.6, 0
9.55868e+06, 4.97552e+06, 0
4.48915e+06, 1.41364e+06, 0
6.83214e+06, 760011, 0
6.15795e+06, 1.08785e+06, 0
5.19881e+06, 176841, 0
8.04456e+06, 3.22542e+06, 0
8.36101e+06, 4.38522e+06, 0
8.50745e+06, 4.99925e+06, 0
5.54564e+06, 3.5734e+06, 0
6.41024e+06, 3.28657e+06, 0
5.72714e+06, 1.40031e+06, 0
5.13541e+06, 2.95805e+06, 0
9.2557e+06, 4.6997e+06, 0
9.4386e+06, 7.17514e+06, 0
4.55723e+06, 1.14207e+06, 0
8.70846e+06, 2.84262e+06, 0
4.4802e+06, 1.50468e+06, 0
6.03806e+06, 3.92832e+06, 0
9.48504e+06, 6.34873e+06, 0
6.80333e+06, 4.55109e+06, 0
5.08096e+06, 2.53954e+06, 0
4.6582e+06, 1.79418e+06, 0
7.82264e+06, 4.75059e+06, 0
7.14825e+06, 3.39627e+06, 0
6.40093e+06, 2.70528e+06, 0
7.92192e+06, 6.2332e+06, 0
6.1302e+06, 4.18404e+06, 0
9.18187e+06, 3.18875e+06, 0
7.24074e+06, 3.02594e+06, 0
1.10462e+07, 9.77802e+06, 0
4.4263e+06, 1.5425e+06, 0
8.18085e+06, 3.27645e+06, 0
5.69687e+06, 2.11276e+06, 0
5.78613e+06, 1.255e+06, 0
1.08233e+07, 3.39341e+06, 0
6.18142e+06, 2.37327e+06, 0
8.2609e+06, 862154, 0
5.74199e+06, 2.39961e+06, 0
8.72207e+06, 756165, 0
6.76185e+06, 4.26916e+06, 0
5.86563e+06, 3.72961e+06, 0
1.36168e+07, 8.19684e+06, 0
1.03199e+07, 6.95642e+06, 0
5.71173e+06, 2.33974e+06, 0
9.206e+06, 3.46138e+06, 0
7.08522e+06, 4.68137e+06, 0
6.52646e+06, 3.49883e+06, 0
5.73529e+06, 2.63873e+06, 0
9.66965e+06, 6.69468e+06, 0
6.2957e+06, 3.43498e+06, 0
1.07604e+07, 3.2954e+06, 0
1.0477e+07, 2.13924e+06, 0
5.34163e+06, 3.04286e+06, 0
6.26995e+06, 583717, 0
8.7269e+06, 5.36663e+06, 0
7.57858e+06, 4.73203e+06, 0
1.12785e+07, 1.18141e+06, 0
4.15427e+06, 1.18391e+06, 0
6.23258e+06, 1.92503e+06, 0
6.793e+06, 4.73578e+06, 0
1.09189e+07, 3.59496e+06, 0
6.84801e+06, 4.93745e+06, 0
7.97133e+06, 1.97715e+06, 0
9.95237e+06, 5.99643e+06, 0
6.06011e+06, 2.9607e+06, 0
6.54222e+06, 3.58729e+06, 0
1.06156e+07, 3.57608e+06, 0
6.64926e+06, 5.11678e+06, 0
7.46936e+06, 5.52776e+06, 0
9.51761e+06, 2.10549e+06, 0
5.29991e+06, 2.42853e+06, 0
5.26057e+06, 1.70436e+06, 0
9.34638e+06, 6.68451e+06, 0
7.36158e+06, 4.96656e+06, 0
7.76772e+06, 5.21716e+06, 0
7.42317e+06, 5.70116e+06, 0
5.82484e+06, 1.72954e+06, 0
5.03261e+06, 2.79122e+06, 0
5.73816e+06, 2.4976e+06, 0
5.4276e+06, 3.03057e+06, 0
8.99336e+06, 3.52516e+06, 0
6.44122e+06, 3.57579e+06, 0
9.17132e+06, 799123, 0
6.82197e+06, 2.86484e+06, 0
9.39399e+06, 4.00614e+06, 0
1.06781e+07, 3.49412e+06, 0
6.63588e+06, 4.5864e+06, 0
8.36227e+06, 6.2423e+06, 0
5.68981e+06, 2.3255e+06, 0
8.81812e+06, 4.51762e+06, 0
4.73098e+06, 1.75334e+06, 0
5.56596e+06, 2.60087e+06, 0
1.16379e+07, 3.35043e+06, 0
6.70884e+06, 2.03359e+06, 0
6.97349e+06, 4.4959e+06, 0
4.6112e+06, 1.47997e+06, 0
7.36339e+06, 4.1557e+06, 0
5.46088e+06, 2.22282e+06, 0
8.42728e+06, 5.51721e+06, 0
1.02236e+07, 3.28722e+06, 0
7.88819e+06, 5.50646e+06, 0
8.47118e+06, 2.88677e+06, 0
7.60572e+06, 3.38849e+06, 0
6.96709e+06, 2.11983e+06, 0
5.01896e+06, 1.38066e+06, 0
5.52814e+06, 2.11312e+06, 0
6.42764e+06, 2.67972e+06, 0
7.93541e+06, 4.79476e+06, 0
7.19241e+06, 2.38581e+06, 0
7.29973e+06, 4.20785e+06, 0
5.70587e+06, 1.85207e+06, 0
5.46852e+06, 1.55575e+06, 0
4.22395e+06, 299779, 0
5.10445e+06, 2.19103e+06, 0
8.73514e+06, 2.13469e+06, 0
6.05091e+06, 3.19319e+06, 0
4.27084e+06, 1.27152e+06, 0
1.03212e+07, 3.01862e+06, 0
7.09927e+06, 3.77618e+06, 0
6.14745e+06, 4.26659e+06, 0
6.99533e+06, 4.98812e+06, 0
8.19513e+06, 4.55282e+06, 0
4.18838e+06, 1.1551e+06, 0
4.60077e+06, 905722, 0
5.71439e+06, 3.74331e+06, 0
6.45759e+06, 1.46651e+06, 0
4.93771e+06, 1.19055e+06, 0
7.0185e+06, 1.88834e+06, 0
1.02493e+07, 3.54743e+06, 0
6.30594e+06, 3.19363e+06, 0
6.45152e+06, 1.27808e+06, 0
1.12104e+07, 2.30396e+06, 0
5.93918e+06, 2.14245e+06, 0
7.81011e+06, 4.78576e+06, 0
7.33559e+06, 2.96029e+06, 0
9.8824e+06, 5.62315e+06, 0
6.10876e+06, 4.43676e+06, 0
4.15642e+06, 1.31606e+06, 0
8.32582e+06, 2.23415e+06, 0
1.1033e+07, 3.31744e+06, 0
7.29464e+06, 4.26951e+06, 0
7.24793e+06, 1.92957e+06, 0
9.65792e+06, 6.56275e+06, 0
1.09745e+07, 6.11278e+06, 0
5.40572e+06, 1.30322e+06, 0
7.76862e+06, 5.44815e+06, 0
7.09962e+06, 5.0997e+06, 0
6.08186e+06, 3.88537e+06, 0
5.45054e+06, 1.6305e+06, 0
6.94325e+06, 4.46989e+06, 0
1.15717e+07, 1.26357e+06, 0
6.71925e+06, 2.92564e+06, 0
5.07543e+06, 2.3421e+06, 0
8.59676e+06, 5.34756e+06, 0
8.7306e+06, 4.01677e+06, 0
8.54194e+06, 5.63519e+06, 0
3.99588e+06, 1.00504e+06, 0
9.21354e+06, 4.34964e+06, 0
1.22357e+07, 9.09074e+06, 0
8.7149e+06, 6.11431e+06, 0
4.45265e+06, 1.15797e+06, 0
7.61203e+06, 4.43346e+06, 0
5.53355e+06, 2.37552e+06, 0
8.81571e+06, 2.93131e+06, 0
4.13797e+06, 1.43667e+06, 0
6.03378e+06, 1.95274e+06, 0
6.31705e+06, 1.62399e+06, 0
8.81012e+06, 4.97469e+06, 0
4.87781e+06, 1.89956e+06, 0
1.01023e+07, 5.03668e+06, 0
7.26448e+06, 3.96376e+06, 0
8.59144e+06, 2.99382e+06, 0
6.20619e+06, 2.49079e+06, 0
7.09986e+06, 985219, 0
9.46667e+06, 3.61865e+06, 0
8.50477e+06, 6.42398e+06, 0
9.16498e+06, 1.85154e+06, 0
7.09362e+06, 3.7062e+06, 0
7.50922e+06, 4.69094e+06, 0
8.62294e+06, 4.93934e+06, 0
5.61925e+06, 2.83462e+06, 0
6.59917e+06, 2.35281e+06, 0
6.56915e+06, 1.56739e+06, 0
6.12144e+06, 1.54599e+06, 0
9.84783e+06, 7.1889e+06, 0
1.03963e+07, 7.89932e+06, 0
8.2177e+06, 4.50775e+06, 0
6.85546e+06, 5.03522e+06, 0
9.51108e+06, 3.49851e+06, 0
4.33394e+06, 1.6688e+06, 0
6.75692e+06, 4.68479e+06, 0
5.84549e+06, 1.23636e+06, 0
6.10602e+06, 3.24247e+06, 0
7.33907e+06, 1.89645e+06, 0
5.7716e+06, 1.2882e+06, 0
8.21518e+06, 5.92622e+06, 0
1.12403e+07, 3.35477e+06, 0
5.31627e+06, 1.39852e+06, 0
1.24002e+07, 5.72963e+06, 0
5.58265e+06, 1.08415e+06, 0
9.07668e+06, 1.42474e+06, 0
8.67712e+06, 2.44911e+06, 0
1.30577e+07, 3.4387e+06, 0
1.14031e+07, 3.43017e+06, 0
1.17743e+07, 8.61548e+06, 0
6.10909e+06, 3.58841e+06, 0
7.827e+06, 4.4308e+06, 0
8.15926e+06, 2.37858e+06, 0
7.31667e+06, 1.87832e+06, 0
7.9146e+06, 2.31905e+06, 0
9.06396e+06, 788765, 0
5.69798e+06, 1.85951e+06, 0
5.94916e+06, 944805, 0
7.00254e+06, 2.86777e+06, 0
8.43347e+06, 549651, 0
9.44584e+06, 7.83971e+06, 0
4.53306e+06, 2.05017e+06, 0
1.06669e+07, 5.81504e+06, 0
9.62857e+06, 6.20814e+06, 0
8.43439e+06, 4.85514e+06, 0
1.46152e+07, 2.46084e+06, 0
5.36623e+06, 2.69166e+06, 0
1.11055e+07, 4.16004e+06, 0
6.83427e+06, 2.00808e+06, 0
6.43566e+06, 1.45761e+06, 0
7.95873e+06, 5.80721e+06, 0
4.31264e+06, 917069, 0
8.98659e+06, 4.62836e+06, 0
6.9401e+06, 4.20194e+06, 0
5.71388e+06, 1.87327e+06, 0
6.96138e+06, 752241, 0
7.50149e+06, 1.96219e+06, 0
6.2911e+06, 2.4741e+06, 0
4.45509e+06, 357415, 0
4.09886e+06, 1.04309e+06, 0
1.50011e+07, 5.08559e+06, 0
7.6483e+06, 1.55268e+06, 0
8.0976e+06, 3.50771e+06, 0
5.59584e+06, 999347, 0
6.17554e+06, 3.48964e+06, 0
1.2081e+07, 6.52733e+06, 0
4.48334e+06, 1.60745e+06, 0
7.39679e+06, 5.65489e+06, 0
5.23925e+06, 3.06643e+06, 0
4.84797e+06, 2.19517e+06, 0
7.31977e+06, 1.04272e+06, 0
7.67336e+06, 4.30567e+06, 0
8.34535e+06, 3.15285e+06, 0
6.13694e+06, 494592, 0
8.80195e+06, 3.91892e+06, 0
6.06049e+06, 3.24177e+06, 0
6.65152e+06, 4.23189e+06, 0
7.16565e+06, 3.1094e+06, 0
5.12029e+06, 1.33387e+06, 0
4.44112e+06, 1.85951e+06, 0
1.05799e+07, 7.13918e+06, 0
6.1359e+06, 1.75051e+06, 0
1.50643e+07, 3.67423e+06, 0
7.34339e+06, 4.70858e+06, 0
6.93706e+06, 3.06279e+06, 0
7.32589e+06, 1.79099e+06, 0
1.37776e+07, 9.79748e+06, 0
1.29986e+07, 5.54474e+06, 0
8.65624e+06, 3.50043e+06, 0
1.02528e+07, 7.23765e+06, 0
6.46378e+06, 4.48757e+06, 0
6.33342e+06, 1.35513e+06, 0
5.19898e+06, 1.08234e+06, 0
1.26022e+07, 4.54772e+06, 0
1.00294e+07, 1.70681e+06, 0
4.49867e+06, 1.56341e+06, 0
6.73995e+06, 3.5797e+06, 0
5.89142e+06, 2.3761e+06, 0
1.02164e+07, 8.14565e+06, 0
7.44731e+06, 3.74161e+06, 0
5.53094e+06, 2.06404e+06, 0
1.37532e+07, 3.99742e+06, 0
8.61123e+06, 1.96945e+06, 0
7.08574e+06, 4.50193e+06, 0
5.29317e+06, 1.16126e+06, 0
7.89417e+06, 4.59542e+06, 0
5.82324e+06, 1.45223e+06, 0
8.44366e+06, 1.54886e+06, 0
1.25666e+07, 7.17449e+06, 0
6.53436e+06, 4.55831e+06, 0
1.17224e+07, 3.52017e+06, 0
8.42501e+06, 2.12677e+06, 0
1.06816e+07, 1.06753e+06, 0
7.98378e+06, 3.82384e+06, 0
5.14329e+06, 347819, 0
5.43825e+06, 2.28804e+06, 0
5.95526e+06, 3.06414e+06, 0
8.16319e+06, 3.65078e+06, 0
5.98059e+06, 348474, 0
6.14177e+06, 2.83961e+06, 0
7.7813e+06, 2.53382e+06, 0
4.92164e+06, 2.69143e+06, 0
7.71833e+06, 5.21962e+06, 0
7.95596e+06, 2.88714e+06, 0
6.31362e+06, 3.22832e+06, 0
5.43508e+06, 682841, 0
9.37623e+06, 6.49645e+06, 0
5.87097e+06, 3.19117e+06, 0
1.05181e+07, 1.24984e+06, 0
5.62476e+06, 1.32327e+06, 0
7.8674e+06, 4.97775e+06, 0
8.60658e+06, 1.37983e+06, 0
1.33621e+07, 6.48139e+06, 0
8.74228e+06, 3.1449e+06, 0
7.68924e+06, 4.88225e+06, 0
5.73971e+06, 2.67118e+06, 0
8.22906e+06, 4.40726e+06, 0
8.05226e+06, 3.38176e+06, 0
1.2939e+07, 7.30171e+06, 0
6.987e+06, 3.32629e+06, 0
4.75396e+06, 1.30676e+06, 0
4.23931e+06, 1.72518e+06, 0
4.58997e+06, 324220, 0
6.62276e+06, 2.27088e+06, 0
7.85305e+06, 805377, 0
6.77278e+06, 497243, 0
1.10603e+07, 7.0358e+06, 0
1.21261e+07, 4.66622e+06, 0
5.72848e+06, 2.35201e+06, 0
7.34059e+06, 4.45047e+06, 0
8.23825e+06, 5.64202e+06, 0
8.32536e+06, 6.65665e+06, 0
9.97966e+06, 3.5818e+06, 0
7.37799e+06, 5.34256e+06, 0
7.92311e+06, 3.16257e+06, 0
7.03737e+06, 556734, 0
4.96416e+06, 2.10837e+06, 0
7.83763e+06, 2.57032e+06, 0
8.0331e+06, 2.2528e+06, 0
1.05451e+07, 5.3355e+06, 0
4.16132e+06, 843290, 0
9.46833e+06, 5.46135e+06, 0
6.04515e+06, 3.5643e+06, 0
6.81721e+06, 3.81141e+06, 0
4.64328e+06, 665605, 0
7.87971e+06, 3.07524e+06, 0
1.28547e+07, 3.40422e+06, 0
8.39865e+06, 3.86636e+06, 0
5.72342e+06, 2.67932e+06, 0
7.34997e+06, 781600, 0
6.48321e+06, 2.41885e+06, 0
9.38924e+06, 6.35257e+06, 0
8.82964e+06, 7.08825e+06, 0
8.95033e+06, 2.77603e+06, 0
8.72662e+06, 1.79333e+06, 0
7.95603e+06, 4.54737e+06, 0
5.23421e+06, 390629, 0
8.53106e+06, 3.58845e+06, 0
5.77057e+06, 3.86606e+06, 0
5.3451e+06, 2.62147e+06, 0
6.1644e+06, 2.22013e+06, 0
5.2489e+06, 2.31452e+06, 0
1.06347e+07, 3.18813e+06, 0
4.69054e+06, 922014, 0
1.10214e+07, 5.84994e+06, 0
6.46041e+06, 2.00161e+06, 0
7.94559e+06, 2.99267e+06, 0
8.20621e+06, 3.64513e+06, 0
7.99985e+06, 3.48898e+06, 0
6.80758e+06, 1.58746e+06, 0
9.45914e+06, 2.26704e+06, 0
1.12046e+07, 4.3617e+06, 0
1.02105e+07, 692685, 0
8.19367e+06, 5.27975e+06, 0
7.36383e+06, 5.08454e+06, 0
7.80316e+06, 2.54075e+06, 0
7.31123e+06, 134594, 0
1.03412e+07, 3.85711e+06, 0
6.79126e+06, 1.25145e+06, 0
4.82885e+06, 1.39433e+06, 0
5.50713e+06, 2.3637e+06, 0
4.58437e+06, 1.19323e+06, 0
5.8955e+06, 2.81366e+06, 0
9.78941e+06, 3.5554e+06, 0
5.84844e+06, 1.94467e+06, 0
9.09862e+06, 6.62203e+06, 0
5.23786e+06, 143866, 0
8.06852e+06, 5.42233e+06, 0
5.70003e+06, 2.39221e+06, 0
7.4201e+06, 2.4471e+06, 0
6.82812e+06, 1.19675e+06, 0
5.56823e+06, 3.53448e+06, 0
8.13089e+06, 2.3789e+06, 0
4.52202e+06, 2.18849e+06, 0
4.83238e+06, 654714, 0
4.43088e+06, 266917, 0
6.85506e+06, 2.12306e+06, 0
1.06055e+07, 2.46485e+06, 0
6.18705e+06, 4.17628e+06, 0
6.05067e+06, 4.33028e+06, 0
1.74459e+07, 5.68789e+06, 0
7.41298e+06, 3.52152e+06, 0
4.70057e+06, 2.57814e+06, 0
1.48442e+07, 3.43325e+06, 0
6.49956e+06, 3.25465e+06, 0
7.34446e+06, 648738, 0
7.10885e+06, 3.58679e+06, 0
5.30126e+06, 2.39116e+06, 0
1.09522e+07, 6.20037e+06, 0
8.14709e+06, 3.73519e+06, 0
4.43466e+06, 2.01305e+06, 0
5.71827e+06, 2.52456e+06, 0
5.16621e+06, 521981, 0
5.64292e+06, 1.96142e+06, 0
4.72191e+06, 1.53423e+06, 0
5.09067e+06, 2.2595e+06, 0
7.31624e+06, 5.03391e+06, 0
6.00797e+06, 4.05243e+06, 0
6.53805e+06, 2.72107e+06, 0
7.07924e+06, 2.05227e+06, 0
5.84571e+06, 2.725e+06, 0
7.63426e+06, 5.81253e+06, 0
5.57059e+06, 2.12403e+06, 0
8.07009e+06, 4.80552e+06, 0
4.77585e+06, 1.85363e+06, 0
6.65397e+06, 3.19989e+06, 0
7.12165e+06, 2.04304e+06, 0
7.22575e+06, 3.25289e+06, 0
5.4012e+06, 1.54847e+06, 0
6.53501e+06, 874363, 0
8.62002e+06, 2.50626e+06, 0
6.36242e+06, 2.66208e+06, 0
6.5109e+06, 1.76802e+06, 0
8.11662e+06, 4.42857e+06, 0
8.3321e+06, 2.41248e+06, 0
8.67121e+06, 2.51571e+06, 0
8.38583e+06, 5.56986e+06, 0
4.00582e+06, 1.2111e+06, 0
1.29473e+07, 768369, 0
5.64535e+06, 2.36049e+06, 0
5.14398e+06, 1.36784e+06, 0
5.09683e+06, 2.65715e+06, 0
8.5514e+06, 3.93539e+06, 0
8.16417e+06, 3.24686e+06, 0
1.2301e+07, 3.85377e+06, 0
1.42961e+07, 6.98127e+06, 0
5.46174e+06, 978890, 0
8.28117e+06, 2.4351e+06, 0
7.90475e+06, 5.05938e+06, 0
6.67896e+06, 3.1147e+06, 0
4.0083e+06, 1.17705e+06, 0
4.91471e+06, 1.88649e+06, 0
4.60687e+06, 1.4959e+06, 0
5.87577e+06, 2.35789e+06, 0
5.35115e+06, 2.99302e+06, 0
1.0563e+07, 3.76023e+06, 0
6.81905e+06, 2.43681e+06, 0
1.10147e+07, 4.70749e+06, 0
6.56428e+06, 4.3474e+06, 0
5.53166e+06, 1.51919e+06, 0
7.55532e+06, 2.89402e+06, 0
8.1447e+06, 5.6643e+06, 0
1.09598e+07, 3.35147e+06, 0
7.04829e+06, 3.91845e+06, 0
6.51341e+06, 4.8109e+06, 0
8.09113e+06, 5.55377e+06, 0
4.64512e+06, 1.21558e+06, 0
6.13855e+06, 3.64352e+06, 0
1.05981e+07, 843311, 0
9.83074e+06, 3.64632e+06, 0
1.04822e+07, 7.31794e+06, 0
1.10768e+07, 3.28051e+06, 0
1.1152e+07, 7.60954e+06, 0
7.73775e+06, 2.71015e+06, 0
5.51188e+06, 380958, 0
8.05724e+06, 3.32466e+06, 0
1.20623e+07, 6.46246e+06, 0
5.93143e+06, 2.09254e+06, 0
5.0116e+06, 2.61542e+06, 0
8.68874e+06, 2.79642e+06, 0
8.0186e+06, 1.80719e+06, 0
1.05131e+07, 1.59403e+06, 0
5.13266e+06, 466506, 0
8.17888e+06, 5.65983e+06, 0
8.79383e+06, 5.13243e+06, 0
7.7387e+06, 2.44433e+06, 0
1.08621e+07, 6.87895e+06, 0
9.97235e+06, 2.41524e+06, 0
5.7234e+06, 2.57744e+06, 0
6.41792e+06, 3.73391e+06, 0
4.25383e+06, 1.21212e+06, 0
8.60222e+06, 1.74054e+06, 0
1.16772e+07, 4.58703e+06, 0
7.57848e+06, 3.54077e+06, 0
1.01784e+07, 4.54917e+06, 0
7.64263e+06, 5.03278e+06, 0
6.99589e+06, 413064, 0
1.06546e+07, 5.83939e+06, 0
4.96129e+06, 1.7021e+06, 0
6.16185e+06, 4.02867e+06, 0
