1.65323e+07, 3.84648e+06, 0
1.30234e+07, 4.15806e+06, 0
1.54136e+07, 2.69309e+06, 0
1.39584e+07, 5.90595e+06, 0
1.38383e+07, 5.86278e+06, 0
1.35868e+07, 3.04491e+06, 0
1.19952e+07, 2.7869e+06, 0
1.24966e+07, 1.20806e+06, 0
1.53099e+07, 2.96027e+06, 0
1.28207e+07, 4.71244e+06, 0
1.25604e+07, 2.06204e+06, 0
1.18901e+07, 1.83237e+06, 0
1.2024e+07, 2.93792e+06, 0
1.60833e+07, 6.30035e+06, 0
1.37268e+07, 578744, 0
1.26071e+07, 2.98385e+06, 0
1.55216e+07, 5.29712e+06, 0
1.3853e+07, 5.4576e+06, 0
1.48034e+07, 5.93876e+06, 0
1.29055e+07, 3.22678e+06, 0
1.23776e+07, 2.48723e+06, 0
1.40735e+07, 2.35401e+06, 0
1.21134e+07, 3.86566e+06, 0
1.47607e+07, 5.02427e+06, 0
1.19609e+07, 2.21234e+06, 0
1.37426e+07, 6.4027e+06, 0
1.39989e+07, 2.80161e+06, 0
1.4486e+07, 7.21669e+06, 0
1.46034e+07, 5.76428e+06, 0
1.46122e+07, 563439, 0
1.29265e+07, 2.39173e+06, 0
1.76665e+07, 1.30758e+06, 0
1.16972e+07, 1.27806e+06, 0
1.27838e+07, 4.00725e+06, 0
1.29879e+07, 4.76981e+06, 0
1.46276e+07, 5.83667e+06, 0
1.28983e+07, 2.87323e+06, 0
1.21842e+07, 2.37421e+06, 0
1.35085e+07, 2.76647e+06, 0
1.28064e+07, 3.69961e+06, 0
1.25e+07, 2.03614e+06, 0
1.44926e+07, 5.40818e+06, 0
1.19561e+07, 3.29442e+06, 0
1.34004e+07, 6.38715e+06, 0
1.19763e+07, 1.59196e+06, 0
1.383e+07, 3.15355e+06, 0
