4.88363e+06, 2.36823e+06, 0
5.52918e+06, 4.01727e+06, 0
7.6369e+06, 2.29113e+06, 0
4.70744e+06, 2.82811e+06, 0
6.74876e+06, 4.17675e+06, 0
8.62507e+06, 5.43169e+06, 0
8.93418e+06, 3.36079e+06, 0
6.81335e+06, 4.05175e+06, 0
5.86166e+06, 4.01014e+06, 0
1.07443e+07, 6.34792e+06, 0
5.9349e+06, 3.42396e+06, 0
4.30285e+06, 2.77526e+06, 0
7.68189e+06, 3.7297e+06, 0
6.69e+06, 5.89821e+06, 0
6.65311e+06, 3.03948e+06, 0
4.17465e+06, 2.44122e+06, 0
5.30357e+06, 3.43985e+06, 0
7.17947e+06, 938772, 0
8.22695e+06, 1.66026e+06, 0
8.64151e+06, 4.4566e+06, 0
1.02945e+07, 4.51359e+06, 0
2.12995e+06, 584837, 0
5.16593e+06, 2.26219e+06, 0
4.14504e+06, 2.19822e+06, 0
5.93067e+06, 3.14927e+06, 0
7.9786e+06, 2.67239e+06, 0
7.85684e+06, 5.03495e+06, 0
7.96397e+06, 5.19416e+06, 0
4.17608e+06, 1.42388e+06, 0
9.00993e+06, 4.93702e+06, 0
7.05273e+06, 4.41421e+06, 0
5.33984e+06, 3.47803e+06, 0
3.0989e+06, 626269, 0
3.79571e+06, 2.16475e+06, 0
2.86156e+06, 851535, 0
4.20755e+06, 2.44543e+06, 0
5.70865e+06, 2.79864e+06, 0
6.86248e+06, 4.24206e+06, 0
4.80356e+06, 1.29327e+06, 0
4.81098e+06, 3.07474e+06, 0
6.77443e+06, 4.80384e+06, 0
1.08991e+07, 4.22285e+06, 0
9.54535e+06, 1.59987e+06, 0
8.29264e+06, 6.982e+06, 0
4.46104e+06, 3.57758e+06, 0
1.28268e+07, 7.53936e+06, 0
1.15951e+07, 9.91816e+06, 0
4.43022e+06, 2.38052e+06, 0
8.00798e+06, 4.36322e+06, 0
4.85923e+06, 3.13712e+06, 0
7.59251e+06, 2.8481e+06, 0
7.70447e+06, 6.76768e+06, 0
6.9129e+06, 4.43366e+06, 0
4.4869e+06, 3.0381e+06, 0
9.20878e+06, 3.16825e+06, 0
5.19649e+06, 3.45053e+06, 0
4.72793e+06, 3.28725e+06, 0
3.28457e+06, 884319, 0
6.86027e+06, 4.19293e+06, 0
2.72374e+06, 2.2543e+06, 0
6.55489e+06, 792927, 0
4.9248e+06, 3.25933e+06, 0
8.01181e+06, 2.69064e+06, 0
3.06341e+06, 2.37926e+06, 0
7.62427e+06, 822177, 0
8.41614e+06, 2.08439e+06, 0
6.15304e+06, 5.57574e+06, 0
8.4815e+06, 2.32856e+06, 0
3.80565e+06, 2.52613e+06, 0
8.06765e+06, 5.69044e+06, 0
4.97085e+06, 948189, 0
6.12903e+06, 3.88929e+06, 0
4.62816e+06, 3.47125e+06, 0
6.37959e+06, 3.34234e+06, 0
3.37715e+06, 1.84023e+06, 0
1.04058e+07, 916691, 0
7.65566e+06, 5.91541e+06, 0
4.34532e+06, 2.60405e+06, 0
7.23844e+06, 3.24414e+06, 0
7.16133e+06, 3.78033e+06, 0
3.88489e+06, 2.31116e+06, 0
3.69205e+06, 683335, 0
4.08047e+06, 2.56423e+06, 0
6.94098e+06, 4.24904e+06, 0
7.86204e+06, 5.12889e+06, 0
4.78024e+06, 733333, 0
1.12843e+07, 4.93834e+06, 0
9.4131e+06, 6.73026e+06, 0
5.81968e+06, 339954, 0
3.07893e+06, 1.41736e+06, 0
6.33652e+06, 5.33567e+06, 0
5.37175e+06, 888946, 0
4.98755e+06, 2.56396e+06, 0
6.58084e+06, 3.8883e+06, 0
3.95304e+06, 503110, 0
6.16751e+06, 3.63166e+06, 0
7.70685e+06, 1.34789e+06, 0
3.63602e+06, 2.23386e+06, 0
3.85857e+06, 2.74946e+06, 0
5.13426e+06, 2.73985e+06, 0
8.14534e+06, 5.15633e+06, 0
2.2034e+06, 1.51053e+06, 0
3.73018e+06, 895340, 0
5.30709e+06, 2.00177e+06, 0
4.45221e+06, 3.44241e+06, 0
8.43409e+06, 4.44525e+06, 0
9.15889e+06, 5.90751e+06, 0
1.34707e+07, 3.05846e+06, 0
5.32948e+06, 2.68826e+06, 0
8.51464e+06, 3.00835e+06, 0
7.28073e+06, 3.94488e+06, 0
9.35259e+06, 4.96633e+06, 0
6.23047e+06, 3.99186e+06, 0
1.10402e+07, 6.93186e+06, 0
5.65193e+06, 3.93039e+06, 0
4.0533e+06, 2.68265e+06, 0
3.28688e+06, 10030.6, 0
6.39972e+06, 2.77994e+06, 0
4.66209e+06, 3.3643e+06, 0
4.05024e+06, 2.08264e+06, 0
4.48751e+06, 2.66735e+06, 0
3.67216e+06, 3.1081e+06, 0
6.75544e+06, 4.43955e+06, 0
1.27937e+07, 8.2484e+06, 0
5.10709e+06, 4.51274e+06, 0
4.92285e+06, 848586, 0
4.62061e+06, 1.66903e+06, 0
4.81151e+06, 3.77008e+06, 0
9.92524e+06, 3.47483e+06, 0
4.61855e+06, 1.34588e+06, 0
5.50916e+06, 2.60356e+06, 0
5.48798e+06, 1.23993e+06, 0
9.16591e+06, 4.256e+06, 0
3.22436e+06, 1.26478e+06, 0
6.31804e+06, 3.79598e+06, 0
6.20266e+06, 4.8533e+06, 0
4.12246e+06, 1.94974e+06, 0
5.8301e+06, 3.50625e+06, 0
5.47586e+06, 2.84431e+06, 0
4.27118e+06, 2.44599e+06, 0
9.94772e+06, 4.52607e+06, 0
8.22764e+06, 6.10737e+06, 0
3.04005e+06, 2.70466e+06, 0
3.60204e+06, 1.91094e+06, 0
1.05355e+07, 4.51369e+06, 0
3.35173e+06, 612920, 0
5.61444e+06, 1.86448e+06, 0
5.53086e+06, 3.7411e+06, 0
8.18097e+06, 6.05106e+06, 0
4.05581e+06, 3.32102e+06, 0
3.3854e+06, 1.32987e+06, 0
5.22459e+06, 3.33757e+06, 0
3.70377e+06, 1.95183e+06, 0
4.84666e+06, 4.34491e+06, 0
8.15004e+06, 6.39584e+06, 0
3.6003e+06, 2.00503e+06, 0
3.60665e+06, 2.06093e+06, 0
8.96e+06, 6.70957e+06, 0
9.32909e+06, 3.44615e+06, 0
4.58698e+06, 1.81578e+06, 0
8.71157e+06, 3.99554e+06, 0
8.19169e+06, 2.17986e+06, 0
8.41337e+06, 3.69808e+06, 0
9.24988e+06, 6.91286e+06, 0
8.21705e+06, 1.4838e+06, 0
7.16279e+06, 3.24652e+06, 0
1.23214e+07, 8.00825e+06, 0
9.73191e+06, 2.71249e+06, 0
1.33501e+07, 8.03294e+06, 0
8.9104e+06, 2.02814e+06, 0
3.84657e+06, 1.63753e+06, 0
5.1868e+06, 4.64909e+06, 0
4.56267e+06, 1.604e+06, 0
8.88275e+06, 2.91945e+06, 0
3.63073e+06, 146435, 0
2.49727e+06, 1.23985e+06, 0
4.69783e+06, 3.06969e+06, 0
6.81891e+06, 702880, 0
1.03867e+07, 3.01803e+06, 0
6.15679e+06, 3.40025e+06, 0
7.69699e+06, 4.61627e+06, 0
4.16319e+06, 1.74728e+06, 0
7.59849e+06, 5.5242e+06, 0
6.67377e+06, 2.12964e+06, 0
1.85975e+06, 645790, 0
5.14809e+06, 1.63313e+06, 0
6.15863e+06, 1.1676e+06, 0
2.883e+06, 2.55566e+06, 0
1.22586e+07, 5.03066e+06, 0
4.50214e+06, 1.8505e+06, 0
5.55456e+06, 2.23796e+06, 0
5.79806e+06, 2.23826e+06, 0
6.72164e+06, 5.33479e+06, 0
4.36227e+06, 3.83603e+06, 0
8.6511e+06, 3.68623e+06, 0
7.59963e+06, 5.39317e+06, 0
8.62575e+06, 7.63464e+06, 0
4.22627e+06, 398080, 0
3.82958e+06, 2.58998e+06, 0
4.98361e+06, 1.36019e+06, 0
4.89311e+06, 719139, 0
2.67778e+06, 716535, 0
4.31667e+06, 1.14913e+06, 0
6.07132e+06, 1.29089e+06, 0
4.59844e+06, 3.75351e+06, 0
7.01419e+06, 5.27425e+06, 0
4.11835e+06, 421708, 0
7.18644e+06, 3.46451e+06, 0
5.70297e+06, 3.77697e+06, 0
4.56864e+06, 635078, 0
6.2054e+06, 989553, 0
3.06226e+06, 1.79246e+06, 0
7.80961e+06, 6.64316e+06, 0
6.4713e+06, 3.3156e+06, 0
5.29146e+06, 686304, 0
4.55321e+06, 2.64086e+06, 0
7.35334e+06, 1.27691e+06, 0
4.15799e+06, 1.35386e+06, 0
6.83323e+06, 3.62578e+06, 0
5.52306e+06, 3.0804e+06, 0
2.3738e+06, 2.09396e+06, 0
6.31711e+06, 5.07849e+06, 0
3.98589e+06, 1.23335e+06, 0
1.36576e+07, 3.51855e+06, 0
4.39892e+06, 2.33107e+06, 0
1.88159e+06, 508767, 0
5.02961e+06, 1.78508e+06, 0
5.49752e+06, 1.62405e+06, 0
4.56225e+06, 605875, 0
4.45401e+06, 1.89696e+06, 0
1.81183e+06, 908881, 0
9.50436e+06, 2.23603e+06, 0
3.61234e+06, 2.88894e+06, 0
5.65269e+06, 4.32152e+06, 0
7.32353e+06, 4.67481e+06, 0
4.27821e+06, 1.70336e+06, 0
1.07019e+07, 6.19145e+06, 0
3.29857e+06, 1.55063e+06, 0
7.35294e+06, 3.7013e+06, 0
6.37028e+06, 2.87013e+06, 0
4.94158e+06, 3.27459e+06, 0
8.74308e+06, 4.35073e+06, 0
7.54435e+06, 3.31737e+06, 0
8.50143e+06, 3.19679e+06, 0
2.1431e+06, 1.71515e+06, 0
6.87249e+06, 1.6541e+06, 0
3.31973e+06, 1.89583e+06, 0
5.63167e+06, 4.7062e+06, 0
2.54343e+06, 1.92705e+06, 0
5.50188e+06, 993221, 0
4.53195e+06, 2.13941e+06, 0
2.14073e+06, 563996, 0
4.69757e+06, 3.66904e+06, 0
6.63933e+06, 5.19473e+06, 0
2.90123e+06, 1.31926e+06, 0
6.57343e+06, 3.91543e+06, 0
6.4107e+06, 3.25599e+06, 0
6.09475e+06, 3.18139e+06, 0
5.67807e+06, 1.07879e+06, 0
5.23755e+06, 3.16484e+06, 0
8.32983e+06, 5.64125e+06, 0
7.10282e+06, 5.36946e+06, 0
8.50299e+06, 7.8727e+06, 0
6.34053e+06, 3.80319e+06, 0
1.07318e+07, 4.9861e+06, 0
2.58128e+06, 1.37479e+06, 0
4.51472e+06, 2.64458e+06, 0
8.18265e+06, 5.85202e+06, 0
3.46005e+06, 1.33964e+06, 0
3.37459e+06, 1.61723e+06, 0
6.00269e+06, 4.42533e+06, 0
9.09357e+06, 7.22867e+06, 0
4.93738e+06, 2.22608e+06, 0
5.23586e+06, 2.8763e+06, 0
3.13187e+06, 1.72211e+06, 0
9.34997e+06, 2.92853e+06, 0
4.74507e+06, 3.44811e+06, 0
5.06599e+06, 4.30682e+06, 0
6.18836e+06, 2.1657e+06, 0
5.9393e+06, 2.24536e+06, 0
5.06329e+06, 3.62129e+06, 0
3.42412e+06, 1.70082e+06, 0
2.33652e+06, 1.40988e+06, 0
4.63087e+06, 3.83815e+06, 0
7.27218e+06, 2.3539e+06, 0
6.69608e+06, 2.05635e+06, 0
8.31497e+06, 2.14611e+06, 0
7.05042e+06, 2.51263e+06, 0
4.43345e+06, 3.39069e+06, 0
9.45915e+06, 4.23476e+06, 0
4.16308e+06, 1.05002e+06, 0
4.40154e+06, 359489, 0
5.84946e+06, 2.01459e+06, 0
6.03943e+06, 4.60456e+06, 0
8.72687e+06, 6.73026e+06, 0
5.7704e+06, 4.66587e+06, 0
4.4165e+06, 1.09385e+06, 0
1.26368e+07, 7.32395e+06, 0
3.16419e+06, 2.4701e+06, 0
6.1647e+06, 1.89029e+06, 0
6.32021e+06, 1.27793e+06, 0
7.1556e+06, 2.63643e+06, 0
5.01485e+06, 3.15499e+06, 0
7.70791e+06, 5.79219e+06, 0
4.11985e+06, 2.71352e+06, 0
5.89497e+06, 2.67423e+06, 0
6.4421e+06, 4.41567e+06, 0
5.2717e+06, 1.23409e+06, 0
6.01277e+06, 2.03551e+06, 0
5.2727e+06, 1.91935e+06, 0
6.9346e+06, 3.65688e+06, 0
6.23288e+06, 1.53948e+06, 0
6.57386e+06, 3.91985e+06, 0
7.03353e+06, 3.17161e+06, 0
9.70722e+06, 5.28478e+06, 0
9.45176e+06, 1.76797e+06, 0
6.62329e+06, 3.68653e+06, 0
2.65841e+06, 733623, 0
5.47443e+06, 3.63209e+06, 0
5.66535e+06, 2.52488e+06, 0
9.55634e+06, 5.77113e+06, 0
3.17719e+06, 1.92476e+06, 0
6.44581e+06, 5.36464e+06, 0
6.07043e+06, 884331, 0
5.4452e+06, 2.20944e+06, 0
5.56043e+06, 2.45234e+06, 0
3.97846e+06, 2.61077e+06, 0
4.08192e+06, 3.21084e+06, 0
9.69287e+06, 5.77305e+06, 0
5.9083e+06, 2.1645e+06, 0
3.56458e+06, 1.6459e+06, 0
2.50417e+06, 1.69272e+06, 0
2.8478e+06, 1.84611e+06, 0
7.42238e+06, 6.56299e+06, 0
4.60981e+06, 2.13327e+06, 0
1.01224e+07, 5.86935e+06, 0
7.15054e+06, 3.96768e+06, 0
2.36157e+06, 808235, 0
6.36972e+06, 3.07298e+06, 0
2.31322e+06, 224654, 0
1.25692e+07, 2.75293e+06, 0
7.5005e+06, 5.94504e+06, 0
8.27602e+06, 7.19356e+06, 0
6.09314e+06, 3.16308e+06, 0
1.01132e+07, 5.85254e+06, 0
9.92514e+06, 3.17681e+06, 0
7.38467e+06, 4.71399e+06, 0
6.42984e+06, 4.1395e+06, 0
6.7778e+06, 3.62287e+06, 0
5.26261e+06, 4.77815e+06, 0
8.00441e+06, 4.70129e+06, 0
5.76079e+06, 4.66195e+06, 0
5.75012e+06, 1.26763e+06, 0
8.44854e+06, 2.47737e+06, 0
7.03383e+06, 3.92228e+06, 0
1.08453e+07, 5.97712e+06, 0
2.87347e+06, 424369, 0
7.28276e+06, 2.27696e+06, 0
8.11203e+06, 3.08918e+06, 0
7.4457e+06, 2.19035e+06, 0
6.69245e+06, 2.63421e+06, 0
4.93952e+06, 4.267e+06, 0
9.49396e+06, 3.59569e+06, 0
2.93259e+06, 1.43594e+06, 0
4.85466e+06, 2.83164e+06, 0
2.45547e+06, 1.07524e+06, 0
1.17929e+07, 8.50033e+06, 0
7.3868e+06, 4.23634e+06, 0
3.09444e+06, 1.80943e+06, 0
4.96919e+06, 3.61339e+06, 0
4.3407e+06, 885033, 0
6.46959e+06, 2.78e+06, 0
2.06579e+06, 1.00659e+06, 0
4.71736e+06, 2.56071e+06, 0
4.97227e+06, 2.08601e+06, 0
5.2718e+06, 2.72085e+06, 0
2.73765e+06, 2.40649e+06, 0
1.20715e+07, 8.29763e+06, 0
5.53804e+06, 3.59211e+06, 0
9.03102e+06, 4.04526e+06, 0
5.40721e+06, 3.6398e+06, 0
3.26178e+06, 1.55152e+06, 0
4.09992e+06, 2.13794e+06, 0
4.57677e+06, 3.46747e+06, 0
3.711e+06, 1.66241e+06, 0
4.30857e+06, 1.64022e+06, 0
1.10122e+07, 5.27628e+06, 0
8.29355e+06, 3.20094e+06, 0
7.44152e+06, 5.61309e+06, 0
8.6685e+06, 4.194e+06, 0
6.19647e+06, 5.4515e+06, 0
2.55836e+06, 1.62927e+06, 0
3.29799e+06, 2.05177e+06, 0
6.46591e+06, 3.93104e+06, 0
5.19348e+06, 2.25626e+06, 0
3.86079e+06, 1.45098e+06, 0
2.55458e+06, 2.08696e+06, 0
4.5189e+06, 2.99454e+06, 0
3.9067e+06, 887287, 0
7.02189e+06, 4.69711e+06, 0
1.04462e+07, 4.07163e+06, 0
5.42504e+06, 2.09828e+06, 0
6.69246e+06, 3.26724e+06, 0
3.85522e+06, 881958, 0
4.75782e+06, 1.6406e+06, 0
8.59876e+06, 5.86229e+06, 0
4.25154e+06, 2.00414e+06, 0
4.13363e+06, 1.8345e+06, 0
3.07057e+06, 1.63289e+06, 0
7.82011e+06, 2.80567e+06, 0
4.5345e+06, 3.58507e+06, 0
1.88355e+06, 659477, 0
2.76355e+06, 1.39284e+06, 0
3.33083e+06, 1.30284e+06, 0
3.66159e+06, 1.81881e+06, 0
5.05559e+06, 2.05357e+06, 0
6.88833e+06, 2.2003e+06, 0
4.88232e+06, 4.11194e+06, 0
4.5692e+06, 1.31178e+06, 0
5.17313e+06, 4.07928e+06, 0
4.27148e+06, 1.21092e+06, 0
9.20083e+06, 7.31025e+06, 0
5.2364e+06, 3.52407e+06, 0
4.90688e+06, 1.17586e+06, 0
7.02866e+06, 4.14433e+06, 0
5.17241e+06, 1.88509e+06, 0
4.20956e+06, 2.20719e+06, 0
4.40337e+06, 2.37873e+06, 0
8.39177e+06, 4.02604e+06, 0
1.02289e+07, 2.31543e+06, 0
6.73972e+06, 2.8383e+06, 0
8.90039e+06, 2.01813e+06, 0
2.91889e+06, 2.25793e+06, 0
4.27272e+06, 448033, 0
7.24032e+06, 6.24484e+06, 0
5.97136e+06, 2.75196e+06, 0
6.58713e+06, 2.63083e+06, 0
6.21074e+06, 2.76653e+06, 0
2.08412e+06, 910158, 0
6.07478e+06, 4.90917e+06, 0
8.19807e+06, 4.08609e+06, 0
7.75146e+06, 3.57149e+06, 0
5.19134e+06, 3.4333e+06, 0
3.83665e+06, 1.06275e+06, 0
7.54963e+06, 1.13322e+06, 0
5.67892e+06, 3.13362e+06, 0
4.87329e+06, 2.14663e+06, 0
4.37586e+06, 2.66011e+06, 0
4.67386e+06, 2.59136e+06, 0
3.31641e+06, 1.06935e+06, 0
6.30723e+06, 3.22173e+06, 0
4.5387e+06, 2.99917e+06, 0
2.13654e+06, 1.04714e+06, 0
2.90289e+06, 624042, 0
5.42007e+06, 2.74705e+06, 0
6.33557e+06, 683526, 0
4.00912e+06, 1.35184e+06, 0
5.27168e+06, 2.60225e+06, 0
2.65422e+06, 1.72534e+06, 0
6.44873e+06, 3.15758e+06, 0
4.1293e+06, 1.0407e+06, 0
4.37153e+06, 1.3172e+06, 0
5.66437e+06, 3.70374e+06, 0
4.26574e+06, 3.7239e+06, 0
3.05787e+06, 1.91634e+06, 0
4.95548e+06, 2.2917e+06, 0
5.03454e+06, 851267, 0
1.22509e+07, 6.23384e+06, 0
4.64169e+06, 3.14945e+06, 0
1.5018e+06, 705851, 0
2.66802e+06, 1.44401e+06, 0
1.00038e+07, 4.96803e+06, 0
3.033e+06, 2.52708e+06, 0
8.31915e+06, 595925, 0
2.4473e+06, 1.96052e+06, 0
7.80502e+06, 4.2277e+06, 0
5.47174e+06, 3.73952e+06, 0
7.4271e+06, 3.43745e+06, 0
5.01235e+06, 3.71239e+06, 0
8.99199e+06, 5.64201e+06, 0
7.73958e+06, 2.5689e+06, 0
5.83459e+06, 1.66453e+06, 0
5.69667e+06, 3.73973e+06, 0
8.23822e+06, 2.30038e+06, 0
5.62291e+06, 4.21438e+06, 0
7.75541e+06, 308140, 0
5.14634e+06, 1.99412e+06, 0
2.09909e+06, 753586, 0
3.22497e+06, 1.28289e+06, 0
4.64693e+06, 2.90615e+06, 0
3.95727e+06, 1.93033e+06, 0
7.25672e+06, 3.28903e+06, 0
3.4827e+06, 2.35194e+06, 0
6.08224e+06, 2.55994e+06, 0
6.69971e+06, 2.7338e+06, 0
7.39557e+06, 2.00379e+06, 0
3.28279e+06, 1.47954e+06, 0
4.1025e+06, 979809, 0
4.59479e+06, 3.2028e+06, 0
3.93885e+06, 2.43845e+06, 0
3.52784e+06, 961324, 0
4.04892e+06, 1.32042e+06, 0
3.99059e+06, 3.39266e+06, 0
1.01982e+07, 333121, 0
3.10473e+06, 642733, 0
2.52769e+06, 1.39341e+06, 0
7.64264e+06, 2.97402e+06, 0
6.03097e+06, 3.68776e+06, 0
6.39835e+06, 4.23325e+06, 0
8.07625e+06, 2.30683e+06, 0
4.89098e+06, 2.53982e+06, 0
5.95543e+06, 4.62951e+06, 0
7.67568e+06, 3.23074e+06, 0
2.92518e+06, 2.45447e+06, 0
3.64158e+06, 2.47518e+06, 0
7.58268e+06, 4.43678e+06, 0
6.97218e+06, 4.08448e+06, 0
7.58806e+06, 2.31229e+06, 0
1.32414e+07, 6.4272e+06, 0
2.26926e+06, 1.2708e+06, 0
7.74618e+06, 3.04354e+06, 0
8.42763e+06, 5.04013e+06, 0
5.84658e+06, 801881, 0
3.96172e+06, 929199, 0
9.26098e+06, 4.07026e+06, 0
8.24054e+06, 3.01304e+06, 0
8.736e+06, 1.66826e+06, 0
3.78593e+06, 2.26556e+06, 0
4.37338e+06, 2.55138e+06, 0
8.8927e+06, 1.61282e+06, 0
7.9562e+06, 2.58336e+06, 0
4.38888e+06, 1.32411e+06, 0
5.59111e+06, 2.78181e+06, 0
6.92893e+06, 961324, 0
5.4331e+06, 4.5465e+06, 0
7.14244e+06, 3.53747e+06, 0
6.90817e+06, 4.00406e+06, 0
7.61093e+06, 2.06494e+06, 0
7.04352e+06, 4.20255e+06, 0
5.75345e+06, 3.11107e+06, 0
1.64773e+07, 1.48913e+06, 0
4.50794e+06, 2.23634e+06, 0
8.7854e+06, 3.76759e+06, 0
7.21222e+06, 4.75794e+06, 0
4.69411e+06, 3.16883e+06, 0
6.04676e+06, 3.76232e+06, 0
5.47498e+06, 4.83067e+06, 0
7.31459e+06, 3.9377e+06, 0
6.04928e+06, 3.47108e+06, 0
6.36289e+06, 819877, 0
7.76398e+06, 4.89224e+06, 0
4.02178e+06, 1.99001e+06, 0
6.06302e+06, 3.52085e+06, 0
8.54433e+06, 6.43763e+06, 0
4.12087e+06, 3.34772e+06, 0
6.86288e+06, 1.67439e+06, 0
9.58107e+06, 3.11958e+06, 0
4.46102e+06, 2.72961e+06, 0
3.49034e+06, 658736, 0
2.91265e+06, 1.12149e+06, 0
3.34848e+06, 1.91154e+06, 0
5.08062e+06, 2.38032e+06, 0
4.18832e+06, 1.93365e+06, 0
4.95401e+06, 1.18582e+06, 0
5.49512e+06, 2.93396e+06, 0
7.58227e+06, 5.97528e+06, 0
4.18858e+06, 2.52376e+06, 0
4.28449e+06, 2.83817e+06, 0
7.88202e+06, 4.68937e+06, 0
3.79654e+06, 2.35001e+06, 0
3.37237e+06, 1.21976e+06, 0
2.37465e+06, 1.35992e+06, 0
6.20205e+06, 3.0439e+06, 0
6.88073e+06, 3.47625e+06, 0
8.76208e+06, 620014, 0
7.75379e+06, 5.64295e+06, 0
8.78273e+06, 3.04632e+06, 0
9.01027e+06, 3.98704e+06, 0
3.94384e+06, 2.26764e+06, 0
4.20815e+06, 1.45301e+06, 0
6.30113e+06, 3.17334e+06, 0
3.22771e+06, 945253, 0
2.46926e+06, 1.70021e+06, 0
6.55493e+06, 4.38862e+06, 0
5.58487e+06, 1.98132e+06, 0
6.74637e+06, 609588, 0
6.93242e+06, 3.64932e+06, 0
3.23512e+06, 2.42033e+06, 0
5.42496e+06, 4.02936e+06, 0
4.79722e+06, 3.31948e+06, 0
6.3063e+06, 3.10806e+06, 0
3.77281e+06, 1.42018e+06, 0
7.54159e+06, 4.94775e+06, 0
3.59953e+06, 2.51092e+06, 0
7.08888e+06, 5.20506e+06, 0
3.53383e+06, 1.09554e+06, 0
7.46396e+06, 3.4054e+06, 0
3.74329e+06, 2.84983e+06, 0
1.07076e+07, 7.13297e+06, 0
6.06471e+06, 1.23651e+06, 0
9.97594e+06, 5.5664e+06, 0
7.96476e+06, 3.44629e+06, 0
7.75209e+06, 1.211e+06, 0
9.28535e+06, 8.35952e+06, 0
1.8969e+06, 1.41745e+06, 0
8.36531e+06, 2.9073e+06, 0
2.94925e+06, 2.02783e+06, 0
1.76121e+06, 1.38395e+06, 0
5.85284e+06, 2.92917e+06, 0
8.6272e+06, 2.30865e+06, 0
1.55437e+06, 700538, 0
4.39928e+06, 2.42314e+06, 0
3.83941e+06, 2.31348e+06, 0
1.06587e+07, 7.06886e+06, 0
7.62943e+06, 5.0561e+06, 0
2.24597e+06, 583568, 0
3.72325e+06, 1.27363e+06, 0
4.56808e+06, 1.61094e+06, 0
4.17182e+06, 2.1075e+06, 0
7.67831e+06, 6.82661e+06, 0
1.13877e+07, 8.62268e+06, 0
3.69932e+06, 1.90226e+06, 0
4.36123e+06, 3.49583e+06, 0
3.21669e+06, 731821, 0
7.70238e+06, 3.704e+06, 0
1.04073e+07, 3.80901e+06, 0
5.44213e+06, 2.10798e+06, 0
1.1896e+07, 3.98316e+06, 0
7.20975e+06, 5.80027e+06, 0
7.17706e+06, 2.32008e+06, 0
4.93364e+06, 1.79625e+06, 0
8.77552e+06, 3.96692e+06, 0
8.93536e+06, 6.65466e+06, 0
5.15881e+06, 4.21584e+06, 0
5.2464e+06, 3.21151e+06, 0
4.63195e+06, 2.96495e+06, 0
1.08489e+07, 8.14858e+06, 0
7.17308e+06, 3.4382e+06, 0
8.14342e+06, 3.80727e+06, 0
2.99135e+06, 1.21888e+06, 0
4.52227e+06, 3.01988e+06, 0
1.07437e+07, 7.91216e+06, 0
7.79186e+06, 5.5891e+06, 0
8.75846e+06, 6.68823e+06, 0
2.34183e+06, 1.37258e+06, 0
1.21574e+07, 7.60157e+06, 0
8.77974e+06, 2.87598e+06, 0
6.5261e+06, 4.71381e+06, 0
5.15527e+06, 1.13108e+06, 0
7.40132e+06, 5.54754e+06, 0
5.69478e+06, 4.23876e+06, 0
5.01348e+06, 2.07787e+06, 0
4.48513e+06, 1.52246e+06, 0
7.34915e+06, 2.08016e+06, 0
4.65635e+06, 1.89699e+06, 0
7.54776e+06, 2.13633e+06, 0
7.05866e+06, 4.02165e+06, 0
2.70355e+06, 1.40819e+06, 0
9.94255e+06, 4.99663e+06, 0
3.34625e+06, 1.73808e+06, 0
1.00633e+07, 6.99457e+06, 0
1.49809e+06, 899066, 0
6.72109e+06, 4.4767e+06, 0
5.97128e+06, 1.76092e+06, 0
7.4293e+06, 2.99471e+06, 0
7.29234e+06, 1.64644e+06, 0
6.33128e+06, 3.40789e+06, 0
5.99144e+06, 4.78237e+06, 0
9.59206e+06, 2.17732e+06, 0
7.56358e+06, 3.37821e+06, 0
5.37107e+06, 4.68896e+06, 0
5.06803e+06, 2.04063e+06, 0
8.87167e+06, 4.62107e+06, 0
3.09521e+06, 1.31253e+06, 0
3.71891e+06, 3.12565e+06, 0
4.61992e+06, 1.46208e+06, 0
7.02922e+06, 1.14693e+06, 0
6.61434e+06, 1.53024e+06, 0
4.5756e+06, 2.78796e+06, 0
7.85803e+06, 5.95215e+06, 0
4.09662e+06, 3.71036e+06, 0
9.67659e+06, 5.81466e+06, 0
3.43768e+06, 1.88366e+06, 0
2.62124e+06, 802130, 0
9.13256e+06, 4.91019e+06, 0
2.55176e+06, 1.65768e+06, 0
7.20971e+06, 3.44804e+06, 0
6.50711e+06, 3.82485e+06, 0
8.10824e+06, 4.22422e+06, 0
1.70024e+07, 4.98092e+06, 0
2.54985e+06, 1.55932e+06, 0
2.46688e+06, 461417, 0
2.33854e+06, 268036, 0
5.53942e+06, 920984, 0
8.22718e+06, 3.21132e+06, 0
3.01372e+06, 1.32162e+06, 0
4.63913e+06, 3.00186e+06, 0
8.7018e+06, 7.61245e+06, 0
6.66232e+06, 2.57314e+06, 0
5.8391e+06, 2.55619e+06, 0
8.99972e+06, 6.60175e+06, 0
5.5273e+06, 3.58333e+06, 0
8.71567e+06, 1.37891e+06, 0
7.86625e+06, 3.96127e+06, 0
4.12877e+06, 2.41158e+06, 0
6.41897e+06, 5.35401e+06, 0
1.05464e+07, 2.65116e+06, 0
3.61316e+06, 1.95905e+06, 0
4.54672e+06, 3.47789e+06, 0
3.37056e+06, 2.21259e+06, 0
6.9962e+06, 5.05998e+06, 0
3.49078e+06, 940982, 0
9.05391e+06, 1.95161e+06, 0
6.14142e+06, 3.38253e+06, 0
4.02716e+06, 2.62844e+06, 0
5.27846e+06, 730900, 0
5.97919e+06, 2.83843e+06, 0
7.24679e+06, 2.97668e+06, 0
4.52427e+06, 1.55966e+06, 0
6.9066e+06, 4.39082e+06, 0
9.12251e+06, 4.94448e+06, 0
7.35117e+06, 3.70128e+06, 0
7.11221e+06, 4.40396e+06, 0
3.76039e+06, 919061, 0
8.33538e+06, 6.10274e+06, 0
5.95618e+06, 2.41984e+06, 0
8.79967e+06, 6.25367e+06, 0
7.02666e+06, 160426, 0
5.69237e+06, 1.36684e+06, 0
2.30628e+06, 1.12664e+06, 0
1.04512e+07, 6.97725e+06, 0
7.16707e+06, 6.4933e+06, 0
5.9385e+06, 5.04069e+06, 0
1.1197e+07, 2.34903e+06, 0
4.47682e+06, 1.44793e+06, 0
6.26374e+06, 3.64305e+06, 0
4.52239e+06, 2.15258e+06, 0
5.80221e+06, 4.27767e+06, 0
9.11028e+06, 3.43577e+06, 0
1.96804e+06, 887451, 0
6.80135e+06, 3.1156e+06, 0
5.2259e+06, 3.34912e+06, 0
7.46517e+06, 2.47885e+06, 0
2.57071e+06, 1.45997e+06, 0
6.3496e+06, 2.38391e+06, 0
7.73084e+06, 3.18201e+06, 0
4.2282e+06, 2.12348e+06, 0
8.14765e+06, 3.13959e+06, 0
7.03652e+06, 5.13384e+06, 0
5.52428e+06, 1.88767e+06, 0
4.73465e+06, 1.52512e+06, 0
7.11065e+06, 3.68851e+06, 0
2.34698e+06, 1.6735e+06, 0
2.71141e+06, 2.11872e+06, 0
5.11858e+06, 3.54657e+06, 0
6.51544e+06, 1.15641e+06, 0
3.6566e+06, 2.73516e+06, 0
3.90691e+06, 1.52125e+06, 0
5.7196e+06, 4.10164e+06, 0
5.10555e+06, 1.17255e+06, 0
6.51371e+06, 4.77823e+06, 0
8.98426e+06, 1.54997e+06, 0
2.15093e+06, 1.55274e+06, 0
6.98603e+06, 2.50159e+06, 0
2.52609e+06, 1.82698e+06, 0
4.7418e+06, 1.88634e+06, 0
7.64986e+06, 3.28218e+06, 0
1.83452e+06, 889932, 0
4.99702e+06, 3.25873e+06, 0
7.41122e+06, 6.40668e+06, 0
5.75703e+06, 3.37525e+06, 0
3.9182e+06, 780518, 0
1.21098e+07, 7.20204e+06, 0
8.25729e+06, 1.8102e+06, 0
9.84803e+06, 7.78874e+06, 0
7.04336e+06, 1.07928e+06, 0
3.06557e+06, 2.48496e+06, 0
8.86447e+06, 753700, 0
8.58938e+06, 3.41553e+06, 0
6.93917e+06, 4.36812e+06, 0
3.1485e+06, 1.56716e+06, 0
6.96086e+06, 2.81516e+06, 0
2.98404e+06, 239680, 0
5.02014e+06, 3.43929e+06, 0
4.48769e+06, 211989, 0
6.63256e+06, 5.26609e+06, 0
5.74021e+06, 4.47207e+06, 0
3.59882e+06, 2.3702e+06, 0
4.38915e+06, 2.82301e+06, 0
4.61382e+06, 1.98828e+06, 0
7.35584e+06, 3.18326e+06, 0
6.168e+06, 3.44456e+06, 0
4.53748e+06, 1.58828e+06, 0
8.62519e+06, 4.59136e+06, 0
5.63067e+06, 2.13986e+06, 0
4.08162e+06, 2.62927e+06, 0
6.04262e+06, 3.25969e+06, 0
4.87087e+06, 1.12312e+06, 0
2.31138e+06, 1.99944e+06, 0
5.52532e+06, 3.49377e+06, 0
6.96708e+06, 6.40875e+06, 0
9.03916e+06, 3.28637e+06, 0
4.27299e+06, 2.90458e+06, 0
5.98685e+06, 3.71787e+06, 0
6.70176e+06, 2.81477e+06, 0
5.15736e+06, 703801, 0
6.0165e+06, 4.49645e+06, 0
8.89106e+06, 551597, 0
3.4144e+06, 2.97708e+06, 0
7.99595e+06, 5.3916e+06, 0
6.97584e+06, 2.48463e+06, 0
4.60353e+06, 4.00696e+06, 0
1.00567e+07, 9.1534e+06, 0
5.18701e+06, 1.71859e+06, 0
6.52329e+06, 4.34787e+06, 0
9.72849e+06, 2.24391e+06, 0
5.45653e+06, 4.10076e+06, 0
2.53167e+06, 822166, 0
8.15421e+06, 6.53254e+06, 0
7.56875e+06, 4.32229e+06, 0
4.741e+06, 1.49164e+06, 0
2.5902e+06, 2.1616e+06, 0
8.33689e+06, 5.67165e+06, 0
6.12242e+06, 2.1029e+06, 0
5.24787e+06, 2.81872e+06, 0
7.65267e+06, 1.63756e+06, 0
4.33029e+06, 935062, 0
2.06521e+06, 1.34609e+06, 0
7.85522e+06, 4.36339e+06, 0
2.66703e+06, 1.13974e+06, 0
3.92457e+06, 1.86892e+06, 0
7.71732e+06, 5.9199e+06, 0
6.38711e+06, 5.72774e+06, 0
8.86752e+06, 6.53048e+06, 0
7.0953e+06, 1.82829e+06, 0
4.48063e+06, 3.31252e+06, 0
9.48493e+06, 6.47276e+06, 0
5.46692e+06, 1.25172e+06, 0
4.55652e+06, 963909, 0
2.97496e+06, 750931, 0
3.72526e+06, 3.26259e+06, 0
6.05974e+06, 4.20398e+06, 0
7.33009e+06, 2.43179e+06, 0
6.56961e+06, 5.23113e+06, 0
7.09064e+06, 4.35761e+06, 0
2.27305e+06, 1.45582e+06, 0
9.25065e+06, 2.78831e+06, 0
5.27589e+06, 4.04184e+06, 0
6.50479e+06, 1.14569e+06, 0
4.46542e+06, 2.93533e+06, 0
9.06166e+06, 6.87215e+06, 0
1.45346e+06, 931285, 0
1.2375e+07, 5.3725e+06, 0
9.96259e+06, 5.81362e+06, 0
1.24632e+07, 8.95307e+06, 0
3.41866e+06, 2.46546e+06, 0
4.40973e+06, 2.6664e+06, 0
5.13761e+06, 3.13244e+06, 0
1.17679e+07, 4.48384e+06, 0
5.82038e+06, 2.78254e+06, 0
5.19615e+06, 928731, 0
4.46228e+06, 1.19375e+06, 0
7.24665e+06, 2.55919e+06, 0
4.6309e+06, 2.11549e+06, 0
2.15579e+06, 1.28791e+06, 0
5.7364e+06, 2.49561e+06, 0
5.59679e+06, 2.62364e+06, 0
3.04758e+06, 1.9893e+06, 0
4.94311e+06, 4.10176e+06, 0
1.02829e+07, 4.9775e+06, 0
7.92084e+06, 2.99647e+06, 0
6.14939e+06, 5.04046e+06, 0
6.06409e+06, 2.13276e+06, 0
3.6054e+06, 2.25507e+06, 0
8.34933e+06, 1.28181e+06, 0
9.38109e+06, 5.65734e+06, 0
5.71769e+06, 2.36971e+06, 0
7.41132e+06, 3.75563e+06, 0
5.09801e+06, 3.70882e+06, 0
8.19157e+06, 5.3873e+06, 0
9.88935e+06, 1.69635e+06, 0
2.59624e+06, 1.75698e+06, 0
4.75145e+06, 2.55527e+06, 0
6.77669e+06, 4.8916e+06, 0
1.16356e+07, 6.72897e+06, 0
5.39434e+06, 2.85818e+06, 0
7.55284e+06, 4.25253e+06, 0
2.1829e+06, 1.19916e+06, 0
4.03754e+06, 2.21102e+06, 0
8.91569e+06, 2.4488e+06, 0
7.7342e+06, 6.14989e+06, 0
4.50511e+06, 1.88565e+06, 0
1.1745e+07, 5.53145e+06, 0
7.52138e+06, 5.70668e+06, 0
3.67204e+06, 2.01558e+06, 0
1.23519e+07, 4.60553e+06, 0
9.20683e+06, 5.45519e+06, 0
9.8761e+06, 2.66334e+06, 0
4.43421e+06, 928920, 0
5.24397e+06, 2.95981e+06, 0
1.03495e+07, 2.86603e+06, 0
4.64734e+06, 3.48676e+06, 0
4.9815e+06, 2.58907e+06, 0
6.40712e+06, 773266, 0
6.96061e+06, 4.53523e+06, 0
7.63972e+06, 271371, 0
3.85382e+06, 1.98408e+06, 0
4.94122e+06, 2.67893e+06, 0
5.58766e+06, 3.16422e+06, 0
6.69856e+06, 5.30121e+06, 0
6.47504e+06, 1.30086e+06, 0
1.79761e+06, 854159, 0
7.32059e+06, 4.91094e+06, 0
5.73449e+06, 2.10116e+06, 0
7.50424e+06, 4.04098e+06, 0
3.41895e+06, 1.86791e+06, 0
8.20445e+06, 3.06884e+06, 0
6.41731e+06, 5.26341e+06, 0
2.99747e+06, 496108, 0
7.07442e+06, 6.28688e+06, 0
1.10378e+07, 6.62397e+06, 0
2.35581e+06, 2.04595e+06, 0
4.66161e+06, 3.5407e+06, 0
1.16925e+07, 6.64734e+06, 0
7.56935e+06, 1.84322e+06, 0
5.72476e+06, 2.43272e+06, 0
4.89264e+06, 3.19674e+06, 0
4.57686e+06, 2.94119e+06, 0
6.27724e+06, 2.33225e+06, 0
4.9484e+06, 1.29203e+06, 0
7.03276e+06, 2.69395e+06, 0
6.93513e+06, 1.18558e+06, 0
3.76418e+06, 3.11826e+06, 0
2.91052e+06, 2.18991e+06, 0
4.6423e+06, 738258, 0
2.55961e+06, 669190, 0
7.81346e+06, 2.57092e+06, 0
4.51722e+06, 3.06015e+06, 0
4.01573e+06, 1.61932e+06, 0
2.58902e+06, 2.15023e+06, 0
4.94999e+06, 2.90422e+06, 0
8.34275e+06, 747966, 0
2.79603e+06, 1.42169e+06, 0
4.48876e+06, 2.74544e+06, 0
8.16336e+06, 1.99408e+06, 0
1.69028e+06, 192976, 0
5.11582e+06, 2.38008e+06, 0
4.95809e+06, 2.93404e+06, 0
5.0606e+06, 4.36241e+06, 0
9.03837e+06, 5.02657e+06, 0
4.98763e+06, 2.6496e+06, 0
9.18611e+06, 6.67576e+06, 0
5.4356e+06, 3.01922e+06, 0
5.29247e+06, 2.95397e+06, 0
8.39049e+06, 4.12572e+06, 0
7.17406e+06, 4.35097e+06, 0
4.6785e+06, 1.69008e+06, 0
3.84636e+06, 1.54982e+06, 0
6.4446e+06, 417133, 0
1.259e+07, 3.87029e+06, 0
7.85661e+06, 3.069e+06, 0
7.28236e+06, 2.79176e+06, 0
4.89761e+06, 3.78174e+06, 0
9.94481e+06, 4.41355e+06, 0
7.42092e+06, 5.92267e+06, 0
4.75526e+06, 2.8158e+06, 0
5.09121e+06, 3.29684e+06, 0
5.60445e+06, 1.56463e+06, 0
6.73433e+06, 4.79014e+06, 0
4.4055e+06, 1.59377e+06, 0
5.40205e+06, 4.73389e+06, 0
8.23102e+06, 5.89169e+06, 0
8.81326e+06, 5.66104e+06, 0
8.37119e+06, 2.26101e+06, 0
4.44425e+06, 3.73972e+06, 0
5.73397e+06, 2.08502e+06, 0
1.04999e+07, 5.63166e+06, 0
3.04165e+06, 1.12959e+06, 0
3.87126e+06, 2.33054e+06, 0
4.04165e+06, 2.664e+06, 0
5.71388e+06, 2.8971e+06, 0
3.0899e+06, 904614, 0
9.21696e+06, 5.92012e+06, 0
5.52834e+06, 1.51997e+06, 0
6.71341e+06, 4.13721e+06, 0
5.18799e+06, 3.30586e+06, 0
1.02909e+07, 4.86723e+06, 0
8.41424e+06, 3.77885e+06, 0
7.20879e+06, 3.88538e+06, 0
7.42908e+06, 2.62949e+06, 0
9.28084e+06, 1.39922e+06, 0
7.41259e+06, 3.50888e+06, 0
3.60428e+06, 2.58323e+06, 0
3.26011e+06, 1.71569e+06, 0
4.18394e+06, 967211, 0
4.17669e+06, 1.0514e+06, 0
5.75239e+06, 3.4863e+06, 0
7.07787e+06, 5.90089e+06, 0
5.00991e+06, 2.81516e+06, 0
7.99662e+06, 4.15085e+06, 0
8.38877e+06, 6.47007e+06, 0
7.06445e+06, 4.27095e+06, 0
4.94875e+06, 3.82727e+06, 0
7.40732e+06, 2.79186e+06, 0
5.03312e+06, 584563, 0
3.49044e+06, 1.31823e+06, 0
3.73262e+06, 3.13089e+06, 0
5.25821e+06, 4.05494e+06, 0
6.79086e+06, 4.29376e+06, 0
2.93194e+06, 1.87218e+06, 0
5.77794e+06, 2.46321e+06, 0
6.35077e+06, 3.8262e+06, 0
6.30147e+06, 3.21513e+06, 0
8.14446e+06, 6.32416e+06, 0
9.13793e+06, 3.35311e+06, 0
6.06772e+06, 1.40509e+06, 0
3.43749e+06, 1.56302e+06, 0
7.25223e+06, 5.75593e+06, 0
3.65416e+06, 570876, 0
9.34216e+06, 2.51484e+06, 0
5.9675e+06, 2.57992e+06, 0
3.43713e+06, 969834, 0
6.59425e+06, 3.3697e+06, 0
5.29567e+06, 1.26954e+06, 0
6.14085e+06, 3.5683e+06, 0
4.41934e+06, 1.91276e+06, 0
7.56265e+06, 3.90015e+06, 0
7.18067e+06, 5.89697e+06, 0
1.03201e+07, 1.80637e+06, 0
9.08783e+06, 6.91616e+06, 0
2.11299e+06, 1.69056e+06, 0
8.48911e+06, 4.90064e+06, 0
4.99737e+06, 3.2148e+06, 0
5.80242e+06, 2.65011e+06, 0
9.34009e+06, 5.59689e+06, 0
1.06414e+07, 3.806e+06, 0
8.18952e+06, 7.29575e+06, 0
4.17603e+06, 2.04324e+06, 0
1.94313e+06, 1.16141e+06, 0
2.08828e+06, 1.1596e+06, 0
8.31277e+06, 6.69523e+06, 0
5.78767e+06, 2.86765e+06, 0
8.92383e+06, 5.7025e+06, 0
5.95661e+06, 1.18562e+06, 0
3.76308e+06, 1.33576e+06, 0
6.39091e+06, 5.27057e+06, 0
7.82326e+06, 1.97863e+06, 0
6.53295e+06, 5.82513e+06, 0
5.99909e+06, 1.18225e+06, 0
7.80568e+06, 6.97483e+06, 0
4.03245e+06, 1.65006e+06, 0
4.55409e+06, 3.46485e+06, 0
4.52602e+06, 2.09041e+06, 0
4.83656e+06, 4.38631e+06, 0
1.46938e+06, 816831, 0
5.99111e+06, 3.37047e+06, 0
8.36264e+06, 2.82267e+06, 0
1.12905e+07, 2.40003e+06, 0
1.04638e+07, 2.37487e+06, 0
9.33182e+06, 4.77369e+06, 0
5.39366e+06, 784489, 0
9.10114e+06, 6.84385e+06, 0
4.91905e+06, 694084, 0
5.75262e+06, 4.55084e+06, 0
7.13541e+06, 4.69517e+06, 0
6.25978e+06, 3.71743e+06, 0
1.31565e+07, 1.21505e+06, 0
2.93231e+06, 2.06935e+06, 0
6.93852e+06, 3.4893e+06, 0
1.33113e+06, 635376, 0
1.12366e+07, 2.74073e+06, 0
8.31151e+06, 1.90012e+06, 0
1.02232e+07, 3.0967e+06, 0
1.06171e+07, 3.03311e+06, 0
6.08004e+06, 3.65011e+06, 0
7.67667e+06, 4.88827e+06, 0
3.47275e+06, 2.22447e+06, 0
4.12133e+06, 2.92406e+06, 0
4.30541e+06, 3.46543e+06, 0
6.49836e+06, 3.04574e+06, 0
7.9232e+06, 800765, 0
4.98177e+06, 2.951e+06, 0
7.4219e+06, 5.50066e+06, 0
5.9029e+06, 757699, 0
2.33272e+06, 765209, 0
7.65351e+06, 766203, 0
5.96469e+06, 4.16206e+06, 0
8.59054e+06, 6.17349e+06, 0
3.61942e+06, 3.01817e+06, 0
1.16723e+07, 9.1661e+06, 0
7.77077e+06, 1.91861e+06, 0
2.99636e+06, 2.06981e+06, 0
3.73831e+06, 770210, 0
1.10504e+07, 4.45018e+06, 0
8.40469e+06, 4.10214e+06, 0
5.1974e+06, 3.49558e+06, 0
7.49069e+06, 3.37363e+06, 0
1.0115e+07, 1.4153e+06, 0
1.84429e+07, 9.08392e+06, 0
4.66166e+06, 2.29083e+06, 0
3.98579e+06, 2.07721e+06, 0
4.50484e+06, 2.10541e+06, 0
2.37478e+06, 1.06698e+06, 0
5.04533e+06, 2.73272e+06, 0
1.06099e+07, 4.56033e+06, 0
7.18096e+06, 873117, 0
6.51958e+06, 4.56289e+06, 0
8.32582e+06, 2.18771e+06, 0
2.36376e+06, 1.41125e+06, 0
3.11624e+06, 435285, 0
7.40945e+06, 6.33775e+06, 0
9.87817e+06, 3.41883e+06, 0
5.32853e+06, 2.35194e+06, 0
3.47305e+06, 2.99331e+06, 0
2.48078e+06, 2.19383e+06, 0
4.2769e+06, 3.59223e+06, 0
6.77283e+06, 2.7523e+06, 0
6.15256e+06, 3.07634e+06, 0
7.70486e+06, 3.96686e+06, 0
1.87912e+06, 1.20981e+06, 0
9.90137e+06, 7.62108e+06, 0
7.10774e+06, 5.95368e+06, 0
8.76272e+06, 3.01713e+06, 0
6.43574e+06, 2.4686e+06, 0
7.44728e+06, 2.86932e+06, 0
6.60448e+06, 4.47992e+06, 0
5.68132e+06, 1.38789e+06, 0
6.01005e+06, 1.80761e+06, 0
9.26377e+06, 1.74364e+06, 0
3.38745e+06, 1.84996e+06, 0
3.36434e+06, 956997, 0
5.85062e+06, 2.80049e+06, 0
1.51399e+06, 682772, 0
8.43368e+06, 3.93309e+06, 0
6.20088e+06, 2.5271e+06, 0
4.58355e+06, 2.6254e+06, 0
6.3168e+06, 4.07723e+06, 0
4.96817e+06, 2.91118e+06, 0
2.80735e+06, 1.32644e+06, 0
6.00652e+06, 3.23013e+06, 0
7.3058e+06, 6.16674e+06, 0
9.91544e+06, 3.72503e+06, 0
6.11809e+06, 1.0944e+06, 0
6.31812e+06, 3.0412e+06, 0
3.26806e+06, 1.73771e+06, 0
5.74604e+06, 3.151e+06, 0
8.71233e+06, 1.92498e+06, 0
2.31552e+06, 2.06647e+06, 0
4.5579e+06, 2.70588e+06, 0
8.04809e+06, 6.29167e+06, 0
4.85465e+06, 2.99332e+06, 0
5.86874e+06, 5.3438e+06, 0
8.59002e+06, 6.50947e+06, 0
1.6969e+07, 1.21918e+07, 0
3.38634e+06, 1.30302e+06, 0
2.6884e+06, 924227, 0
7.33352e+06, 3.00695e+06, 0
6.3954e+06, 5.8324e+06, 0
8.63693e+06, 7.52803e+06, 0
4.99742e+06, 2.04743e+06, 0
9.897e+06, 5.18636e+06, 0
2.91532e+06, 2.50251e+06, 0
6.53421e+06, 4.48252e+06, 0
4.15426e+06, 3.71061e+06, 0
8.16012e+06, 6.02459e+06, 0
6.47219e+06, 539084, 0
5.42281e+06, 1.86524e+06, 0
1.92894e+06, 897768, 0
2.87495e+06, 1.16666e+06, 0
3.62837e+06, 1.79331e+06, 0
1.08673e+07, 7.00507e+06, 0
6.08339e+06, 2.09709e+06, 0
2.32133e+06, 1.53614e+06, 0
4.2974e+06, 1.90221e+06, 0
6.53755e+06, 2.35051e+06, 0
1.23062e+07, 7.77591e+06, 0
4.57763e+06, 489418, 0
7.43406e+06, 5.10739e+06, 0
5.54142e+06, 4.5755e+06, 0
5.84507e+06, 3.73357e+06, 0
5.93842e+06, 3.26258e+06, 0
2.95997e+06, 768424, 0
4.61957e+06, 1.0926e+06, 0
7.33477e+06, 4.1267e+06, 0
4.54876e+06, 2.08422e+06, 0
7.55307e+06, 3.85858e+06, 0
7.82127e+06, 6.34414e+06, 0
7.54432e+06, 6.33387e+06, 0
3.68417e+06, 1.07042e+06, 0
4.74658e+06, 2.87682e+06, 0
2.80067e+06, 2.49566e+06, 0
6.86334e+06, 1.20745e+06, 0
4.69476e+06, 2.68692e+06, 0
5.64061e+06, 3.65551e+06, 0
9.30445e+06, 2.66881e+06, 0
5.17079e+06, 1.87115e+06, 0
5.94435e+06, 3.6465e+06, 0
6.59445e+06, 4.60439e+06, 0
2.07087e+06, 559892, 0
1.46049e+07, 4.5586e+06, 0
8.4442e+06, 4.10249e+06, 0
6.33455e+06, 3.90476e+06, 0
6.09042e+06, 1.23519e+06, 0
3.17886e+06, 1.7175e+06, 0
6.06305e+06, 1.9267e+06, 0
8.32008e+06, 5.02246e+06, 0
5.84463e+06, 988818, 0
8.86471e+06, 5.91347e+06, 0
5.602e+06, 3.25756e+06, 0
1.01419e+07, 4.42277e+06, 0
5.99984e+06, 2.01477e+06, 0
8.73181e+06, 7.89637e+06, 0
4.64141e+06, 2.69474e+06, 0
6.26302e+06, 2.74124e+06, 0
9.10346e+06, 3.83133e+06, 0
4.91255e+06, 3.19631e+06, 0
9.53344e+06, 8.68086e+06, 0
5.82164e+06, 3.35096e+06, 0
2.57608e+06, 431327, 0
2.73112e+06, 1.75251e+06, 0
4.3707e+06, 2.90002e+06, 0
5.10247e+06, 1.60861e+06, 0
6.29879e+06, 1.18929e+06, 0
5.89145e+06, 3.37905e+06, 0
1.26855e+07, 4.21339e+06, 0
6.09282e+06, 735278, 0
6.22465e+06, 3.44986e+06, 0
6.95685e+06, 4.79782e+06, 0
2.74606e+06, 1.74715e+06, 0
5.63395e+06, 4.77927e+06, 0
8.97142e+06, 6.77378e+06, 0
4.70205e+06, 3.1339e+06, 0
8.9614e+06, 1.61718e+06, 0
4.17387e+06, 2.73469e+06, 0
6.30141e+06, 3.38722e+06, 0
7.87492e+06, 4.51953e+06, 0
6.82404e+06, 4.18072e+06, 0
7.48358e+06, 5.19504e+06, 0
2.28145e+06, 988775, 0
7.00757e+06, 1.66661e+06, 0
4.61668e+06, 2.18075e+06, 0
5.62568e+06, 397191, 0
3.09929e+06, 1.45473e+06, 0
8.13063e+06, 3.54177e+06, 0
4.58065e+06, 1.31952e+06, 0
1.1138e+07, 4.09755e+06, 0
6.11997e+06, 2.17985e+06, 0
4.4505e+06, 3.29661e+06, 0
3.16606e+06, 457920, 0
5.06938e+06, 3.82563e+06, 0
6.45547e+06, 2.74429e+06, 0
8.13511e+06, 4.92941e+06, 0
8.93348e+06, 4.07921e+06, 0
5.28093e+06, 1.84005e+06, 0
5.42359e+06, 3.86669e+06, 0
3.18553e+06, 1.45566e+06, 0
2.25887e+06, 1.25893e+06, 0
6.64871e+06, 4.48768e+06, 0
3.89498e+06, 2.28586e+06, 0
6.32626e+06, 4.95177e+06, 0
3.90106e+06, 1.72611e+06, 0
8.30281e+06, 4.961e+06, 0
4.77741e+06, 1.80656e+06, 0
9.88394e+06, 7.4612e+06, 0
2.02544e+06, 1.56857e+06, 0
6.0731e+06, 1.52404e+06, 0
5.0745e+06, 2.86103e+06, 0
3.94462e+06, 3.02571e+06, 0
1.229e+07, 7.54173e+06, 0
1.04474e+07, 5.61425e+06, 0
8.82391e+06, 1.9987e+06, 0
8.36771e+06, 4.45389e+06, 0
1.258e+07, 9.4795e+06, 0
7.76697e+06, 3.18195e+06, 0
3.61264e+06, 1.64504e+06, 0
4.94252e+06, 1.23217e+06, 0
5.93821e+06, 4.5964e+06, 0
4.43691e+06, 21148.8, 0
2.81903e+06, 1.28496e+06, 0
8.42485e+06, 3.14975e+06, 0
5.31011e+06, 4.15003e+06, 0
8.27947e+06, 3.9967e+06, 0
1.81444e+06, 1.01679e+06, 0
2.76082e+06, 2.45385e+06, 0
4.35124e+06, 2.54041e+06, 0
7.7756e+06, 5.34073e+06, 0
4.14597e+06, 2.25491e+06, 0
2.98407e+06, 471063, 0
4.42794e+06, 2.40599e+06, 0
7.90418e+06, 1.95139e+06, 0
5.5224e+06, 2.6358e+06, 0
4.94929e+06, 645111, 0
8.06912e+06, 3.05093e+06, 0
8.17978e+06, 3.30397e+06, 0
5.30529e+06, 1.58072e+06, 0
6.54762e+06, 3.53503e+06, 0
3.97665e+06, 1.06935e+06, 0
4.90177e+06, 2.6769e+06, 0
8.90354e+06, 4.25142e+06, 0
1.97475e+06, 1.24609e+06, 0
2.94125e+06, 2.00428e+06, 0
1.03377e+07, 951566, 0
1.49694e+07, 4.11675e+06, 0
7.36664e+06, 4.54267e+06, 0
8.70725e+06, 6.19852e+06, 0
3.74164e+06, 2.55925e+06, 0
4.04765e+06, 2.88847e+06, 0
5.79712e+06, 1.75187e+06, 0
7.83365e+06, 5.04166e+06, 0
8.46054e+06, 6.44706e+06, 0
4.76098e+06, 3.9587e+06, 0
5.41063e+06, 713753, 0
2.9642e+06, 2.09372e+06, 0
7.20678e+06, 2.8313e+06, 0
9.54368e+06, 1.9301e+06, 0
6.41767e+06, 3.33252e+06, 0
6.17175e+06, 2.16392e+06, 0
3.80025e+06, 2.19196e+06, 0
4.02981e+06, 3.43635e+06, 0
6.06734e+06, 2.51412e+06, 0
5.71098e+06, 913349, 0
8.97533e+06, 3.37829e+06, 0
2.41426e+06, 1.1206e+06, 0
4.81816e+06, 1.56976e+06, 0
3.63599e+06, 1.35157e+06, 0
5.00479e+06, 1.86195e+06, 0
2.1251e+06, 1.13765e+06, 0
5.76268e+06, 3.25091e+06, 0
1.69683e+06, 1.01354e+06, 0
6.05431e+06, 3.08842e+06, 0
8.88987e+06, 4.27101e+06, 0
4.84299e+06, 3.22696e+06, 0
1.24126e+07, 9.98533e+06, 0
4.65308e+06, 2.77264e+06, 0
7.47351e+06, 3.5015e+06, 0
5.97195e+06, 2.1164e+06, 0
6.5649e+06, 2.05005e+06, 0
3.61058e+06, 1.65718e+06, 0
5.02204e+06, 1.32337e+06, 0
4.04433e+06, 1.21038e+06, 0
2.7514e+06, 1.74354e+06, 0
1.1335e+07, 1.75291e+06, 0
6.19392e+06, 5.69955e+06, 0
3.99768e+06, 2.59871e+06, 0
4.14691e+06, 2.83705e+06, 0
8.02943e+06, 4.27088e+06, 0
9.22722e+06, 6.0303e+06, 0
2.84695e+06, 968059, 0
5.3796e+06, 1.96589e+06, 0
7.05365e+06, 4.62456e+06, 0
7.98494e+06, 3.72446e+06, 0
9.41713e+06, 5.77597e+06, 0
3.22443e+06, 1.2329e+06, 0
5.85854e+06, 2.49899e+06, 0
8.73127e+06, 6.10025e+06, 0
8.78771e+06, 3.9242e+06, 0
2.69391e+06, 1.02578e+06, 0
8.04829e+06, 6.05664e+06, 0
6.18721e+06, 5.44702e+06, 0
4.3184e+06, 1.72129e+06, 0
6.58691e+06, 4.18223e+06, 0
3.79704e+06, 3.38216e+06, 0
3.4587e+06, 1.82754e+06, 0
7.55785e+06, 3.56362e+06, 0
5.79976e+06, 1.45012e+06, 0
8.26921e+06, 1.30855e+06, 0
6.38397e+06, 2.76805e+06, 0
4.81901e+06, 4.25239e+06, 0
6.57579e+06, 801029, 0
3.1504e+06, 2.84866e+06, 0
5.95884e+06, 2.6436e+06, 0
8.17964e+06, 2.84467e+06, 0
7.3753e+06, 1.46803e+06, 0
2.72277e+06, 2.43427e+06, 0
9.19203e+06, 1.33154e+06, 0
1.92821e+06, 965833, 0
4.04273e+06, 1.34061e+06, 0
9.21918e+06, 4.14754e+06, 0
4.74445e+06, 3.23232e+06, 0
6.95706e+06, 1.89385e+06, 0
7.51713e+06, 3.71351e+06, 0
8.92302e+06, 2.10221e+06, 0
3.98519e+06, 1.50438e+06, 0
4.40656e+06, 2.99845e+06, 0
9.68093e+06, 5.29771e+06, 0
3.2492e+06, 1.37587e+06, 0
6.78546e+06, 2.6995e+06, 0
8.50419e+06, 5.78791e+06, 0
3.3841e+06, 2.05136e+06, 0
5.24433e+06, 760603, 0
8.06061e+06, 4.7642e+06, 0
2.8515e+06, 2.16714e+06, 0
6.0977e+06, 5.25283e+06, 0
3.93227e+06, 1.69561e+06, 0
7.07269e+06, 2.75995e+06, 0
6.85518e+06, 4.65311e+06, 0
8.1549e+06, 5.76792e+06, 0
1.04021e+07, 4.59441e+06, 0
6.09184e+06, 183083, 0
4.71113e+06, 4.03763e+06, 0
5.613e+06, 3.3689e+06, 0
5.31856e+06, 3.56435e+06, 0
5.30348e+06, 3.18169e+06, 0
1.0013e+07, 3.95265e+06, 0
6.25439e+06, 5.08751e+06, 0
5.98742e+06, 901615, 0
6.70001e+06, 3.37959e+06, 0
6.41099e+06, 3.31229e+06, 0
5.82329e+06, 1.7947e+06, 0
9.08035e+06, 2.74814e+06, 0
2.49429e+06, 741122, 0
4.90775e+06, 1.33248e+06, 0
1.01496e+07, 3.69651e+06, 0
6.96502e+06, 3.93001e+06, 0
2.4944e+06, 2.11032e+06, 0
8.63016e+06, 5.43565e+06, 0
8.18237e+06, 2.66516e+06, 0
2.47202e+06, 831399, 0
4.76614e+06, 1.43744e+06, 0
2.78157e+06, 821480, 0
1.06334e+07, 6.19081e+06, 0
1.98459e+06, 406649, 0
7.56803e+06, 5.2101e+06, 0
6.15365e+06, 3.40254e+06, 0
9.17687e+06, 4.37635e+06, 0
6.15017e+06, 1.11769e+06, 0
3.03518e+06, 574541, 0
2.15999e+06, 1.91935e+06, 0
7.59085e+06, 5.2051e+06, 0
4.57766e+06, 1.4415e+06, 0
1.00288e+07, 4.01251e+06, 0
4.55616e+06, 1.20383e+06, 0
5.42522e+06, 693613, 0
9.60527e+06, 6.70531e+06, 0
6.44066e+06, 1.31276e+06, 0
4.45472e+06, 3.72908e+06, 0
4.53074e+06, 1.1399e+06, 0
5.33212e+06, 1.10739e+06, 0
3.60039e+06, 1.8084e+06, 0
9.16206e+06, 3.68449e+06, 0
4.55911e+06, 1.53471e+06, 0
7.8304e+06, 1.34699e+06, 0
7.83565e+06, 2.00574e+06, 0
6.95566e+06, 2.74186e+06, 0
1.50677e+06, 571722, 0
9.06829e+06, 2.5409e+06, 0
8.8652e+06, 5.23689e+06, 0
6.65874e+06, 3.65594e+06, 0
4.67451e+06, 2.69773e+06, 0
5.98187e+06, 4.59075e+06, 0
5.9338e+06, 3.30445e+06, 0
4.0653e+06, 3.19591e+06, 0
4.91768e+06, 3.65616e+06, 0
3.55776e+06, 3.13358e+06, 0
8.41106e+06, 4.09391e+06, 0
4.95331e+06, 3.8751e+06, 0
3.24697e+06, 2.22104e+06, 0
6.62941e+06, 3.18431e+06, 0
8.35747e+06, 5.05394e+06, 0
3.96704e+06, 2.11486e+06, 0
8.18226e+06, 2.83585e+06, 0
3.36518e+06, 389609, 0
8.63179e+06, 3.52796e+06, 0
5.58257e+06, 1.47879e+06, 0
7.4964e+06, 4.64818e+06, 0
6.91816e+06, 4.60055e+06, 0
5.11091e+06, 773834, 0
3.22014e+06, 2.41229e+06, 0
6.32498e+06, 3.57055e+06, 0
6.59568e+06, 4.23272e+06, 0
6.1163e+06, 3.91162e+06, 0
1.72381e+07, 7.44297e+06, 0
9.76709e+06, 7.91507e+06, 0
6.12449e+06, 2.13974e+06, 0
5.80669e+06, 3.33013e+06, 0
4.98342e+06, 2.63645e+06, 0
7.39821e+06, 3.24305e+06, 0
6.36781e+06, 2.1875e+06, 0
1.4027e+06, 166970, 0
7.79418e+06, 2.80799e+06, 0
4.60651e+06, 1.61112e+06, 0
2.89734e+06, 1.50682e+06, 0
3.87243e+06, 946226, 0
7.28168e+06, 896347, 0
4.02768e+06, 905785, 0
4.64169e+06, 645791, 0
8.85367e+06, 2.15418e+06, 0
9.80624e+06, 2.14497e+06, 0
7.52367e+06, 3.7905e+06, 0
4.24592e+06, 2.67801e+06, 0
4.61126e+06, 2.05009e+06, 0
5.49236e+06, 1.60011e+06, 0
4.14894e+06, 1.36906e+06, 0
4.61387e+06, 3.29996e+06, 0
3.4864e+06, 2.23275e+06, 0
2.01229e+06, 1.011e+06, 0
4.77474e+06, 1.06102e+06, 0
8.22063e+06, 1.84627e+06, 0
3.40967e+06, 1.75744e+06, 0
8.66225e+06, 3.35837e+06, 0
7.02869e+06, 3.80718e+06, 0
8.18146e+06, 3.44813e+06, 0
2.88502e+06, 2.44247e+06, 0
4.16956e+06, 3.34361e+06, 0
7.38845e+06, 2.15835e+06, 0
9.07742e+06, 6.38234e+06, 0
6.18681e+06, 4.12756e+06, 0
1.00486e+07, 3.42838e+06, 0
4.66368e+06, 2.94069e+06, 0
8.38321e+06, 6.43342e+06, 0
7.17573e+06, 2.88931e+06, 0
4.32942e+06, 1.68432e+06, 0
4.40073e+06, 2.89862e+06, 0
4.72835e+06, 3.74378e+06, 0
1.23033e+07, 8.9992e+06, 0
3.80969e+06, 729688, 0
5.99821e+06, 1.69876e+06, 0
4.10837e+06, 1.83813e+06, 0
4.70937e+06, 2.90852e+06, 0
4.29551e+06, 1.59847e+06, 0
6.07243e+06, 5.03401e+06, 0
7.34869e+06, 4.76739e+06, 0
2.8655e+06, 1.83644e+06, 0
5.56441e+06, 4.36534e+06, 0
5.87269e+06, 2.79349e+06, 0
5.15222e+06, 4.68032e+06, 0
4.80553e+06, 3.3501e+06, 0
8.43058e+06, 5.63097e+06, 0
1.12236e+07, 1.59754e+06, 0
4.1956e+06, 2.14667e+06, 0
6.8754e+06, 5.44305e+06, 0
2.50013e+06, 1.3655e+06, 0
8.16097e+06, 5.02956e+06, 0
1.00844e+07, 603749, 0
4.75949e+06, 2.79984e+06, 0
4.97971e+06, 2.60878e+06, 0
3.22375e+06, 2.0593e+06, 0
2.61421e+06, 1.11618e+06, 0
5.24861e+06, 2.21784e+06, 0
7.27579e+06, 1.02735e+06, 0
6.57353e+06, 3.37382e+06, 0
2.4999e+06, 1.34885e+06, 0
5.54068e+06, 4.48544e+06, 0
6.63065e+06, 3.52656e+06, 0
5.33745e+06, 1.16299e+06, 0
8.95595e+06, 7.01945e+06, 0
4.82507e+06, 2.78787e+06, 0
6.76645e+06, 3.98547e+06, 0
8.49094e+06, 4.55183e+06, 0
8.74033e+06, 2.50232e+06, 0
2.14231e+06, 929728, 0
5.74147e+06, 4.6378e+06, 0
8.52305e+06, 5.38483e+06, 0
7.44831e+06, 1.30393e+06, 0
1.6807e+06, 940551, 0
1.03358e+07, 6.42547e+06, 0
3.11386e+06, 355749, 0
2.16501e+06, 895618, 0
4.37565e+06, 1.82708e+06, 0
4.1897e+06, 3.57483e+06, 0
6.4751e+06, 394843, 0
2.52717e+06, 1.85573e+06, 0
9.53615e+06, 5.24456e+06, 0
6.34088e+06, 1.62906e+06, 0
1.06493e+07, 4.73209e+06, 0
6.98034e+06, 5.28915e+06, 0
2.44491e+06, 1.49106e+06, 0
7.41912e+06, 3.82054e+06, 0
4.55902e+06, 2.02353e+06, 0
6.75252e+06, 1.68636e+06, 0
4.82905e+06, 3.92632e+06, 0
5.36939e+06, 3.78893e+06, 0
7.19333e+06, 3.77044e+06, 0
6.89553e+06, 1.51491e+06, 0
7.5238e+06, 5.23008e+06, 0
7.50133e+06, 4.94871e+06, 0
4.39323e+06, 3.49375e+06, 0
2.07691e+06, 1.34384e+06, 0
8.02541e+06, 2.43723e+06, 0
7.25493e+06, 3.83651e+06, 0
9.64891e+06, 2.18772e+06, 0
3.81226e+06, 2.15484e+06, 0
3.8313e+06, 2.17659e+06, 0
3.31675e+06, 2.23033e+06, 0
7.49254e+06, 1.9269e+06, 0
9.92828e+06, 6.19078e+06, 0
3.73048e+06, 1.01908e+06, 0
9.58748e+06, 7.00614e+06, 0
9.37888e+06, 5.97037e+06, 0
6.55564e+06, 3.47604e+06, 0
6.48471e+06, 3.60517e+06, 0
4.89223e+06, 3.84856e+06, 0
6.72765e+06, 2.77208e+06, 0
4.63863e+06, 2.44415e+06, 0
8.27174e+06, 5.64933e+06, 0
6.34656e+06, 788988, 0
6.4417e+06, 4.61566e+06, 0
6.94854e+06, 2.4228e+06, 0
9.30148e+06, 4.38635e+06, 0
2.92406e+06, 2.38281e+06, 0
3.14287e+06, 2.66091e+06, 0
4.85627e+06, 4.23123e+06, 0
7.85605e+06, 1.03948e+06, 0
7.64302e+06, 2.98332e+06, 0
7.13336e+06, 5.82495e+06, 0
6.86184e+06, 4.45956e+06, 0
5.32973e+06, 2.92395e+06, 0
3.56418e+06, 2.20408e+06, 0
7.4865e+06, 5.19899e+06, 0
3.06642e+06, 1.92146e+06, 0
1.12693e+07, 8.79105e+06, 0
1.01779e+07, 4.51969e+06, 0
8.87638e+06, 1.11773e+06, 0
3.25366e+06, 770256, 0
3.95298e+06, 2.70618e+06, 0
5.93219e+06, 2.86717e+06, 0
2.68013e+06, 1.08437e+06, 0
2.94023e+06, 1.08559e+06, 0
7.38487e+06, 3.05681e+06, 0
6.41721e+06, 3.83343e+06, 0
8.44874e+06, 6.48755e+06, 0
7.50435e+06, 3.73114e+06, 0
1.53203e+07, 946404, 0
8.72458e+06, 678362, 0
5.98453e+06, 3.85217e+06, 0
7.99088e+06, 752911, 0
5.07203e+06, 4.40606e+06, 0
9.25327e+06, 4.61279e+06, 0
4.51707e+06, 3.08174e+06, 0
6.69885e+06, 3.76196e+06, 0
7.32568e+06, 2.36813e+06, 0
6.2656e+06, 3.86143e+06, 0
3.02571e+06, 1.67757e+06, 0
8.54329e+06, 3.68546e+06, 0
3.78807e+06, 3.35161e+06, 0
6.17124e+06, 2.87686e+06, 0
1.06458e+07, 6.75944e+06, 0
2.93696e+06, 1.89142e+06, 0
8.04168e+06, 6.7577e+06, 0
5.20756e+06, 2.7419e+06, 0
5.24869e+06, 4.66076e+06, 0
3.00695e+06, 1.92186e+06, 0
4.75768e+06, 4.19322e+06, 0
5.29979e+06, 3.04905e+06, 0
6.80951e+06, 2.94083e+06, 0
5.28753e+06, 1.81123e+06, 0
9.49564e+06, 6.3569e+06, 0
6.57672e+06, 2.47066e+06, 0
6.35983e+06, 3.82289e+06, 0
9.42297e+06, 7.24051e+06, 0
4.31182e+06, 2.68943e+06, 0
6.3276e+06, 1.13552e+06, 0
9.0981e+06, 4.79202e+06, 0
4.34298e+06, 3.34309e+06, 0
6.50735e+06, 1.49755e+06, 0
4.58364e+06, 2.2752e+06, 0
1.28112e+07, 4.45288e+06, 0
3.08263e+06, 2.10083e+06, 0
6.38578e+06, 865924, 0
7.49529e+06, 6.60803e+06, 0
7.40311e+06, 2.74543e+06, 0
4.90464e+06, 714095, 0
3.04772e+06, 2.46781e+06, 0
5.02592e+06, 3.01112e+06, 0
6.44209e+06, 933245, 0
7.20176e+06, 3.69209e+06, 0
6.59476e+06, 2.91954e+06, 0
6.65208e+06, 1.64912e+06, 0
5.71664e+06, 3.28688e+06, 0
6.5435e+06, 4.16642e+06, 0
6.52507e+06, 2.92244e+06, 0
5.5143e+06, 2.8958e+06, 0
5.23685e+06, 4.423e+06, 0
6.4596e+06, 2.94794e+06, 0
2.27689e+06, 1.38246e+06, 0
7.60741e+06, 5.42018e+06, 0
3.65566e+06, 2.26822e+06, 0
6.12626e+06, 3.58571e+06, 0
6.45261e+06, 2.34904e+06, 0
9.58616e+06, 1.58962e+06, 0
7.01607e+06, 5.47221e+06, 0
3.91928e+06, 2.51464e+06, 0
1.20508e+07, 4.62047e+06, 0
6.44838e+06, 860255, 0
5.90673e+06, 1.48881e+06, 0
5.08385e+06, 2.89273e+06, 0
6.00809e+06, 276544, 0
2.05548e+06, 1.15312e+06, 0
1.12132e+07, 7.49684e+06, 0
2.87711e+06, 1.44309e+06, 0
5.33454e+06, 3.88137e+06, 0
3.89708e+06, 1.10425e+06, 0
3.96508e+06, 769066, 0
9.5664e+06, 6.27258e+06, 0
4.80717e+06, 2.71762e+06, 0
9.41609e+06, 5.71465e+06, 0
7.49136e+06, 3.27525e+06, 0
1.00619e+07, 3.94166e+06, 0
6.97652e+06, 4.95306e+06, 0
8.43677e+06, 6.31357e+06, 0
9.41862e+06, 6.10673e+06, 0
8.90312e+06, 5.84311e+06, 0
5.4312e+06, 1.20744e+06, 0
8.12046e+06, 5.94372e+06, 0
4.87018e+06, 3.20445e+06, 0
4.39386e+06, 2.29019e+06, 0
3.15962e+06, 2.43569e+06, 0
2.30257e+06, 802483, 0
5.4974e+06, 1.79314e+06, 0
4.926e+06, 2.21786e+06, 0
4.7689e+06, 2.63068e+06, 0
3.74381e+06, 2.10192e+06, 0
2.25741e+06, 1.12981e+06, 0
6.36147e+06, 5.29077e+06, 0
5.91568e+06, 1.85559e+06, 0
3.16723e+06, 2.60399e+06, 0
9.30362e+06, 6.94957e+06, 0
3.48229e+06, 2.38086e+06, 0
6.86686e+06, 3.5217e+06, 0
6.59262e+06, 4.10343e+06, 0
9.88674e+06, 3.3161e+06, 0
7.82913e+06, 5.97371e+06, 0
8.37312e+06, 6.05606e+06, 0
2.21368e+06, 951529, 0
3.08852e+06, 771193, 0
4.0353e+06, 3.38334e+06, 0
2.51595e+06, 400063, 0
7.61375e+06, 3.81526e+06, 0
5.55934e+06, 2.40114e+06, 0
5.55779e+06, 2.48281e+06, 0
1.0101e+07, 3.01378e+06, 0
7.09163e+06, 4.62264e+06, 0
2.73444e+06, 1.72575e+06, 0
5.32951e+06, 2.80736e+06, 0
4.37982e+06, 1.57093e+06, 0
1.81921e+06, 709753, 0
5.02128e+06, 2.02642e+06, 0
6.43572e+06, 4.79336e+06, 0
7.01397e+06, 1.95915e+06, 0
3.88779e+06, 2.27849e+06, 0
7.34235e+06, 2.23701e+06, 0
3.87533e+06, 2.62456e+06, 0
3.64062e+06, 2.29465e+06, 0
5.36832e+06, 1.26979e+06, 0
9.72064e+06, 4.76013e+06, 0
6.13022e+06, 2.16877e+06, 0
6.77806e+06, 4.10081e+06, 0
4.77401e+06, 3.06324e+06, 0
2.47453e+06, 1.10635e+06, 0
9.29218e+06, 3.86161e+06, 0
4.08814e+06, 2.27827e+06, 0
4.74119e+06, 1.83609e+06, 0
5.68206e+06, 2.3482e+06, 0
6.03885e+06, 2.92962e+06, 0
2.19568e+06, 1.48447e+06, 0
5.60891e+06, 4.04581e+06, 0
9.48164e+06, 5.07586e+06, 0
4.64371e+06, 2.62218e+06, 0
5.62987e+06, 4.12738e+06, 0
2.70222e+06, 1.21521e+06, 0
2.95195e+06, 804813, 0
2.74861e+06, 1.56787e+06, 0
6.11483e+06, 3.66222e+06, 0
3.99685e+06, 2.42247e+06, 0
2.19817e+06, 1.76563e+06, 0
5.3996e+06, 2.46754e+06, 0
1.22681e+07, 3.89358e+06, 0
8.55894e+06, 3.35636e+06, 0
9.56179e+06, 2.19221e+06, 0
6.85651e+06, 5.70148e+06, 0
7.67526e+06, 2.27381e+06, 0
2.09645e+06, 1.81321e+06, 0
5.92439e+06, 3.87899e+06, 0
5.86859e+06, 3.08655e+06, 0
3.86076e+06, 2.82786e+06, 0
3.96559e+06, 1.30383e+06, 0
1.92457e+06, 538125, 0
8.18595e+06, 3.55398e+06, 0
8.53519e+06, 5.92593e+06, 0
5.55849e+06, 3.35632e+06, 0
4.30874e+06, 2.46288e+06, 0
5.52543e+06, 4.52883e+06, 0
3.48124e+06, 2.16911e+06, 0
6.78191e+06, 1.64241e+06, 0
5.65758e+06, 2.44416e+06, 0
6.27021e+06, 3.35852e+06, 0
7.48491e+06, 4.19398e+06, 0
8.65308e+06, 3.35962e+06, 0
4.32365e+06, 3.63477e+06, 0
2.77712e+06, 1.4613e+06, 0
4.3856e+06, 1.07274e+06, 0
3.76114e+06, 1.9194e+06, 0
5.76835e+06, 1.57592e+06, 0
2.32783e+06, 569424, 0
5.39411e+06, 1.92041e+06, 0
7.19432e+06, 5.70932e+06, 0
4.39965e+06, 1.22347e+06, 0
8.33781e+06, 5.34228e+06, 0
4.0139e+06, 3.63967e+06, 0
1.11901e+07, 4.20778e+06, 0
6.03175e+06, 3.33749e+06, 0
8.08253e+06, 4.64218e+06, 0
8.74357e+06, 6.72254e+06, 0
6.65828e+06, 4.21202e+06, 0
2.76768e+06, 1.34166e+06, 0
4.27778e+06, 3.49839e+06, 0
4.89183e+06, 586449, 0
5.39679e+06, 3.8066e+06, 0
7.7805e+06, 885152, 0
6.98484e+06, 6.45224e+06, 0
2.23791e+06, 1.08133e+06, 0
5.71782e+06, 3.46135e+06, 0
6.94735e+06, 2.28045e+06, 0
1.16036e+07, 8.10752e+06, 0
9.41308e+06, 671492, 0
2.60911e+06, 566602, 0
7.44997e+06, 1.28157e+06, 0
8.6482e+06, 2.46271e+06, 0
4.16801e+06, 3.09374e+06, 0
4.11686e+06, 3.50331e+06, 0
3.39338e+06, 1.72493e+06, 0
6.75453e+06, 3.59434e+06, 0
4.008e+06, 1.20288e+06, 0
6.46898e+06, 3.91172e+06, 0
3.25812e+06, 1.61511e+06, 0
1.00294e+07, 5.73475e+06, 0
1.02012e+07, 5.82154e+06, 0
2.34813e+06, 1.52127e+06, 0
4.7628e+06, 423425, 0
6.03231e+06, 4.19628e+06, 0
2.34396e+06, 1.37368e+06, 0
5.21572e+06, 1.84661e+06, 0
3.22962e+06, 2.84099e+06, 0
5.79866e+06, 3.52996e+06, 0
1.63497e+06, 1.16962e+06, 0
5.05861e+06, 4.02213e+06, 0
8.65509e+06, 1.45263e+06, 0
4.90335e+06, 1.98555e+06, 0
8.03997e+06, 4.67651e+06, 0
1.73858e+06, 1.01669e+06, 0
6.93899e+06, 3.02965e+06, 0
8.9679e+06, 2.55649e+06, 0
6.5878e+06, 3.82203e+06, 0
3.82775e+06, 3.01841e+06, 0
3.00384e+06, 753565, 0
3.35662e+06, 1.53374e+06, 0
3.52713e+06, 235845, 0
1.11892e+07, 7.38182e+06, 0
7.37505e+06, 1.40537e+06, 0
5.77929e+06, 2.74277e+06, 0
2.95661e+06, 1.61492e+06, 0
7.43773e+06, 4.60828e+06, 0
4.20048e+06, 1.79253e+06, 0
5.84813e+06, 2.99442e+06, 0
5.58396e+06, 4.27104e+06, 0
4.43811e+06, 2.95259e+06, 0
7.39779e+06, 3.40594e+06, 0
5.90796e+06, 1.80797e+06, 0
1.09647e+07, 3.86283e+06, 0
8.55322e+06, 1.42735e+06, 0
3.71902e+06, 279952, 0
4.83368e+06, 1.66728e+06, 0
3.70002e+06, 1.50539e+06, 0
1.4495e+07, 1.70825e+06, 0
3.58811e+06, 1.57421e+06, 0
4.60731e+06, 2.41587e+06, 0
6.75476e+06, 1.25215e+06, 0
4.16144e+06, 2.64258e+06, 0
6.83205e+06, 3.91321e+06, 0
5.99989e+06, 2.0044e+06, 0
1.51729e+07, 6.37232e+06, 0
6.47156e+06, 2.9887e+06, 0
6.42428e+06, 3.20653e+06, 0
4.44862e+06, 2.42167e+06, 0
1.99224e+06, 911410, 0
8.18133e+06, 1.0603e+06, 0
7.74174e+06, 5.01084e+06, 0
3.42727e+06, 417484, 0
2.96843e+06, 2.37871e+06, 0
5.08693e+06, 2.42685e+06, 0
8.60455e+06, 2.12127e+06, 0
8.33035e+06, 2.87315e+06, 0
4.10919e+06, 849120, 0
5.00522e+06, 1.946e+06, 0
1.02039e+07, 6.29281e+06, 0
2.79231e+06, 1.52515e+06, 0
8.51559e+06, 2.56687e+06, 0
3.85987e+06, 2.83531e+06, 0
3.82789e+06, 2.4413e+06, 0
2.68335e+06, 1.53235e+06, 0
1.09134e+07, 3.46637e+06, 0
8.56687e+06, 2.71651e+06, 0
7.26098e+06, 5.50982e+06, 0
6.49909e+06, 2.98597e+06, 0
3.57397e+06, 1.32016e+06, 0
2.86497e+06, 1.97123e+06, 0
7.71867e+06, 3.53062e+06, 0
1.09958e+07, 2.49794e+06, 0
9.70205e+06, 2.87764e+06, 0
7.99208e+06, 4.72182e+06, 0
9.07007e+06, 5.23648e+06, 0
1.0203e+07, 4.66283e+06, 0
4.45476e+06, 1.94741e+06, 0
5.95789e+06, 2.49549e+06, 0
4.97938e+06, 2.37074e+06, 0
7.14934e+06, 308684, 0
6.37814e+06, 2.98145e+06, 0
3.08286e+06, 1.46307e+06, 0
4.00795e+06, 701330, 0
5.25461e+06, 2.3739e+06, 0
9.35932e+06, 117616, 0
5.65788e+06, 1.46354e+06, 0
6.33011e+06, 1.90457e+06, 0
8.37386e+06, 3.02391e+06, 0
7.70131e+06, 5.7084e+06, 0
8.62488e+06, 6.07561e+06, 0
1.2509e+07, 1.13251e+06, 0
2.57765e+06, 1.81998e+06, 0
4.5287e+06, 2.77531e+06, 0
5.11047e+06, 3.18906e+06, 0
6.25721e+06, 3.13226e+06, 0
1.1899e+07, 7.36974e+06, 0
4.42984e+06, 3.94723e+06, 0
5.27971e+06, 1.43922e+06, 0
4.90935e+06, 2.9742e+06, 0
9.35318e+06, 6.01538e+06, 0
5.59241e+06, 311987, 0
2.90961e+06, 333965, 0
3.04073e+06, 1.67248e+06, 0
3.03576e+06, 1.76514e+06, 0
4.92539e+06, 1.09935e+06, 0
6.31887e+06, 1.64629e+06, 0
1.09315e+07, 3.61471e+06, 0
7.01754e+06, 2.61414e+06, 0
4.53458e+06, 2.59431e+06, 0
7.20891e+06, 5.36918e+06, 0
4.41908e+06, 1.95815e+06, 0
3.75743e+06, 1.28115e+06, 0
4.40655e+06, 2.84969e+06, 0
7.94429e+06, 7.23167e+06, 0
1.02531e+07, 2.32936e+06, 0
9.1683e+06, 5.30979e+06, 0
7.74621e+06, 6.36797e+06, 0
4.84378e+06, 2.03084e+06, 0
1.41834e+07, 7.2284e+06, 0
5.00521e+06, 1.74927e+06, 0
6.97451e+06, 2.15268e+06, 0
5.2821e+06, 4.16816e+06, 0
5.78278e+06, 2.24246e+06, 0
7.21848e+06, 2.16975e+06, 0
2.45371e+06, 1.1769e+06, 0
5.87371e+06, 3.24868e+06, 0
7.7204e+06, 2.59148e+06, 0
8.54945e+06, 2.83892e+06, 0
3.51817e+06, 787211, 0
6.48249e+06, 4.21026e+06, 0
3.51592e+06, 1.67488e+06, 0
6.85076e+06, 5.43247e+06, 0
6.11536e+06, 585305, 0
5.92471e+06, 1.55245e+06, 0
6.4592e+06, 5.17232e+06, 0
8.33392e+06, 1.62154e+06, 0
5.67885e+06, 3.4237e+06, 0
8.15669e+06, 3.59037e+06, 0
6.53886e+06, 825047, 0
1.43217e+07, 7.78648e+06, 0
6.15616e+06, 5.65078e+06, 0
5.20531e+06, 2.45293e+06, 0
1.65164e+06, 571171, 0
1.16884e+07, 4.2746e+06, 0
1.403e+07, 2.50651e+06, 0
1.88e+06, 426522, 0
6.7036e+06, 3.5496e+06, 0
6.81483e+06, 2.94413e+06, 0
4.5557e+06, 3.99165e+06, 0
7.13719e+06, 1.27874e+06, 0
5.44917e+06, 1.87335e+06, 0
3.46058e+06, 1.80799e+06, 0
2.74242e+06, 1.86086e+06, 0
4.89263e+06, 3.06362e+06, 0
8.06208e+06, 2.96163e+06, 0
9.19892e+06, 3.58841e+06, 0
8.64296e+06, 2.87031e+06, 0
4.8083e+06, 1.29051e+06, 0
7.13606e+06, 4.62972e+06, 0
1.8725e+06, 1.18049e+06, 0
3.98557e+06, 1.11066e+06, 0
5.57475e+06, 3.88259e+06, 0
5.18337e+06, 2.0637e+06, 0
3.12463e+06, 525230, 0
7.44431e+06, 2.04894e+06, 0
7.29457e+06, 5.97948e+06, 0
5.76431e+06, 5.12709e+06, 0
6.51638e+06, 627680, 0
6.11499e+06, 3.22135e+06, 0
4.30418e+06, 625346, 0
6.02148e+06, 3.60416e+06, 0
6.68275e+06, 3.38518e+06, 0
2.46099e+06, 1.93486e+06, 0
2.80223e+06, 2.24385e+06, 0
3.49829e+06, 2.80011e+06, 0
1.92917e+06, 540599, 0
6.06663e+06, 2.78915e+06, 0
2.25285e+06, 758928, 0
8.30989e+06, 992172, 0
8.08461e+06, 6.2584e+06, 0
1.13195e+07, 6.25541e+06, 0
6.26798e+06, 5.4147e+06, 0
3.52289e+06, 2.77008e+06, 0
5.27361e+06, 3.11091e+06, 0
8.22635e+06, 6.1169e+06, 0
2.49184e+06, 1.132e+06, 0
4.44996e+06, 2.39548e+06, 0
6.97147e+06, 3.84029e+06, 0
7.64648e+06, 3.59938e+06, 0
7.79553e+06, 2.74608e+06, 0
3.20968e+06, 829189, 0
5.62235e+06, 2.86563e+06, 0
5.0701e+06, 1.44844e+06, 0
3.45654e+06, 2.28729e+06, 0
3.78752e+06, 1.15562e+06, 0
4.6048e+06, 2.45386e+06, 0
3.55024e+06, 918361, 0
7.11092e+06, 5.62528e+06, 0
2.92497e+06, 650228, 0
7.56756e+06, 4.62693e+06, 0
5.03746e+06, 1.89235e+06, 0
9.75281e+06, 1.89173e+06, 0
6.09011e+06, 1.34386e+06, 0
5.43409e+06, 1.33502e+06, 0
7.19092e+06, 3.47465e+06, 0
7.41721e+06, 5.71713e+06, 0
7.96709e+06, 1.38455e+06, 0
6.24119e+06, 1.53984e+06, 0
5.39052e+06, 3.06547e+06, 0
3.59789e+06, 2.05611e+06, 0
2.71927e+06, 1.89294e+06, 0
6.9431e+06, 4.10593e+06, 0
8.3285e+06, 1.56867e+06, 0
5.00231e+06, 1.23691e+06, 0
5.0955e+06, 4.68629e+06, 0
3.76692e+06, 1.58961e+06, 0
3.06923e+06, 775547, 0
4.14536e+06, 2.16354e+06, 0
1.0775e+07, 6.05416e+06, 0
4.21594e+06, 1.13061e+06, 0
3.7058e+06, 2.64671e+06, 0
8.62539e+06, 1.28616e+06, 0
1.20552e+07, 4.87505e+06, 0
1.53557e+06, 587710, 0
8.0921e+06, 5.29012e+06, 0
4.22367e+06, 2.72146e+06, 0
2.4193e+06, 1.6161e+06, 0
4.36691e+06, 2.34496e+06, 0
4.79906e+06, 955014, 0
6.51395e+06, 1.42554e+06, 0
4.02959e+06, 2.67317e+06, 0
3.57667e+06, 2.73999e+06, 0
4.54936e+06, 773411, 0
4.77004e+06, 2.59365e+06, 0
9.031e+06, 2.5009e+06, 0
7.39756e+06, 3.28813e+06, 0
8.51604e+06, 898232, 0
3.9695e+06, 649637, 0
4.35857e+06, 1.48152e+06, 0
3.10711e+06, 2.07086e+06, 0
4.77479e+06, 2.83178e+06, 0
1.14625e+07, 2.9358e+06, 0
8.53212e+06, 4.22755e+06, 0
2.87471e+06, 1.46369e+06, 0
5.32194e+06, 2.7166e+06, 0
9.7098e+06, 1.08326e+06, 0
5.05503e+06, 4.16768e+06, 0
7.28987e+06, 4.64958e+06, 0
7.91164e+06, 5.95905e+06, 0
3.17448e+06, 1.22801e+06, 0
6.41758e+06, 3.1659e+06, 0
1.00638e+07, 5.07135e+06, 0
9.39541e+06, 5.52794e+06, 0
4.89191e+06, 3.46564e+06, 0
6.40573e+06, 5.11723e+06, 0
6.39143e+06, 3.00457e+06, 0
4.41086e+06, 2.83206e+06, 0
1.77407e+06, 341759, 0
4.69398e+06, 3.59507e+06, 0
4.99899e+06, 2.95796e+06, 0
4.53141e+06, 3.30672e+06, 0
4.27266e+06, 1.63319e+06, 0
7.20586e+06, 2.72555e+06, 0
2.42798e+06, 1.49383e+06, 0
5.31969e+06, 2.89857e+06, 0
5.49413e+06, 2.25787e+06, 0
6.07046e+06, 1.59547e+06, 0
9.15192e+06, 6.03119e+06, 0
1.56781e+07, 1.36015e+07, 0
6.14125e+06, 2.67858e+06, 0
4.52939e+06, 2.69477e+06, 0
4.07071e+06, 2.76236e+06, 0
7.95641e+06, 1.58459e+06, 0
4.44759e+06, 3.33178e+06, 0
2.73523e+06, 814458, 0
4.63142e+06, 3.8702e+06, 0
3.89545e+06, 3.5029e+06, 0
6.8739e+06, 3.49749e+06, 0
3.97563e+06, 2.58128e+06, 0
7.28464e+06, 5.68866e+06, 0
5.10565e+06, 3.86324e+06, 0
3.95493e+06, 2.13752e+06, 0
1.0562e+07, 2.75204e+06, 0
2.00622e+06, 522886, 0
3.31823e+06, 2.13692e+06, 0
4.43153e+06, 3.39562e+06, 0
7.8389e+06, 3.27005e+06, 0
3.35552e+06, 1.93886e+06, 0
5.58798e+06, 3.72614e+06, 0
6.36039e+06, 4.21159e+06, 0
2.42444e+06, 1.97478e+06, 0
8.29161e+06, 4.5085e+06, 0
2.71477e+06, 1.46968e+06, 0
4.37639e+06, 2.88429e+06, 0
4.09574e+06, 246077, 0
3.33998e+06, 2.32646e+06, 0
2.11075e+06, 822618, 0
5.21267e+06, 2.62002e+06, 0
5.34386e+06, 1.6915e+06, 0
6.92248e+06, 2.49086e+06, 0
4.2454e+06, 1.16465e+06, 0
5.39605e+06, 2.06299e+06, 0
6.54069e+06, 1.47168e+06, 0
2.97736e+06, 2.00048e+06, 0
4.21788e+06, 2.42941e+06, 0
1.07129e+07, 7.95686e+06, 0
8.71164e+06, 4.35401e+06, 0
7.04545e+06, 2.05078e+06, 0
5.72331e+06, 3.87077e+06, 0
8.97619e+06, 2.80093e+06, 0
6.05293e+06, 3.96005e+06, 0
2.90903e+06, 719298, 0
7.00842e+06, 3.41918e+06, 0
7.70038e+06, 5.21998e+06, 0
5.16252e+06, 2.80568e+06, 0
3.4009e+06, 2.01239e+06, 0
5.21877e+06, 4.43908e+06, 0
9.93128e+06, 7.79788e+06, 0
7.5346e+06, 5.48248e+06, 0
4.79574e+06, 1.92023e+06, 0
8.47926e+06, 2.79647e+06, 0
8.20177e+06, 5.53918e+06, 0
1.15146e+07, 968601, 0
2.4448e+06, 2.10962e+06, 0
4.9864e+06, 2.3689e+06, 0
8.37602e+06, 1.6039e+06, 0
7.21486e+06, 4.5401e+06, 0
7.74768e+06, 4.86413e+06, 0
8.3956e+06, 5.16979e+06, 0
2.97157e+06, 1.25734e+06, 0
7.99967e+06, 1.92725e+06, 0
1.10622e+07, 962229, 0
6.33865e+06, 4.0843e+06, 0
6.08734e+06, 4.64287e+06, 0
7.81601e+06, 1.09893e+06, 0
4.4482e+06, 2.57322e+06, 0
3.89591e+06, 2.93096e+06, 0
8.56454e+06, 6.37187e+06, 0
3.89907e+06, 1.2056e+06, 0
7.25955e+06, 4.27819e+06, 0
6.9676e+06, 5.86943e+06, 0
2.64191e+06, 967160, 0
6.82664e+06, 3.89969e+06, 0
9.06363e+06, 3.00553e+06, 0
9.47284e+06, 4.95356e+06, 0
4.46189e+06, 3.39787e+06, 0
5.44768e+06, 3.63581e+06, 0
2.17455e+06, 1.25695e+06, 0
3.90782e+06, 2.48215e+06, 0
4.55664e+06, 2.33686e+06, 0
8.42787e+06, 3.55496e+06, 0
3.94774e+06, 2.11845e+06, 0
3.09622e+06, 2.09308e+06, 0
4.41755e+06, 1.79356e+06, 0
2.71156e+06, 1.30136e+06, 0
6.0673e+06, 4.38265e+06, 0
5.86686e+06, 1.43978e+06, 0
4.47117e+06, 2.27406e+06, 0
6.68076e+06, 3.52458e+06, 0
3.22117e+06, 2.71912e+06, 0
5.62108e+06, 1.28667e+06, 0
2.85854e+06, 1.96211e+06, 0
5.16401e+06, 2.13331e+06, 0
2.96412e+06, 2.45446e+06, 0
5.9726e+06, 3.00515e+06, 0
8.94508e+06, 4.22855e+06, 0
8.48305e+06, 4.3754e+06, 0
8.14059e+06, 5.72702e+06, 0
8.25054e+06, 3.70092e+06, 0
3.16219e+06, 2.03538e+06, 0
5.63206e+06, 1.47242e+06, 0
1.05796e+07, 4.16442e+06, 0
7.26868e+06, 4.3067e+06, 0
3.33996e+06, 1.2483e+06, 0
6.2325e+06, 4.75803e+06, 0
5.29093e+06, 3.98747e+06, 0
3.14e+06, 1.24307e+06, 0
3.6778e+06, 2.21468e+06, 0
4.8283e+06, 3.83126e+06, 0
6.54115e+06, 2.35477e+06, 0
7.39042e+06, 1.69136e+06, 0
