1.54574e+07, 4.76578e+06, 0
1.35176e+07, 3.19421e+06, 0
1.28894e+07, 925699, 0
1.23263e+07, 4.12777e+06, 0
1.04918e+07, 4.62959e+06, 0
9.68465e+06, 2.05663e+06, 0
1.10079e+07, 2.99268e+06, 0
1.2433e+07, 6.20681e+06, 0
1.28832e+07, 6.39162e+06, 0
1.24163e+07, 6.87265e+06, 0
9.67477e+06, 2.55062e+06, 0
1.23565e+07, 5.60857e+06, 0
9.10381e+06, 1.45704e+06, 0
9.13902e+06, 584385, 0
1.0848e+07, 5.51848e+06, 0
1.13919e+07, 2.23255e+06, 0
1.04657e+07, 4.3917e+06, 0
1.26534e+07, 5.45332e+06, 0
1.14029e+07, 5.33236e+06, 0
1.19245e+07, 5.46284e+06, 0
1.15313e+07, 4.95981e+06, 0
1.4668e+07, 1.50356e+06, 0
1.18845e+07, 3.00691e+06, 0
1.50045e+07, 4.36498e+06, 0
1.19973e+07, 5.97691e+06, 0
1.01891e+07, 1.68558e+06, 0
1.25136e+07, 1.27102e+06, 0
1.16424e+07, 2.28382e+06, 0
9.80063e+06, 3.66459e+06, 0
8.98645e+06, 1.81508e+06, 0
1.01221e+07, 2.71514e+06, 0
1.18286e+07, 4.6574e+06, 0
1.19567e+07, 2.64122e+06, 0
9.90044e+06, 1.66388e+06, 0
1.0678e+07, 3.28179e+06, 0
9.80746e+06, 3.75291e+06, 0
1.05025e+07, 2.01455e+06, 0
1.30946e+07, 7.03912e+06, 0
1.2728e+07, 1.30616e+06, 0
1.05573e+07, 4.00506e+06, 0
1.44729e+07, 6.30753e+06, 0
9.13273e+06, 2.33691e+06, 0
1.1562e+07, 1.96618e+06, 0
1.43686e+07, 3.52231e+06, 0
1.77883e+07, 4.23337e+06, 0
9.98529e+06, 1.91945e+06, 0
9.54745e+06, 1.20023e+06, 0
9.00309e+06, 1.38946e+06, 0
1.2087e+07, 5.26624e+06, 0
1.26237e+07, 2.73697e+06, 0
1.22418e+07, 6.74164e+06, 0
1.05651e+07, 2.93133e+06, 0
1.016e+07, 1.68987e+06, 0
1.08344e+07, 2.00912e+06, 0
1.42324e+07, 1.83703e+06, 0
1.18449e+07, 5.21918e+06, 0
9.64111e+06, 2.27754e+06, 0
1.24543e+07, 965231, 0
1.11727e+07, 6.37272e+06, 0
1.23341e+07, 3.94564e+06, 0
9.06147e+06, 1.1863e+06, 0
9.46589e+06, 3.31174e+06, 0
9.4384e+06, 1.90622e+06, 0
1.77368e+07, 2.34926e+06, 0
9.24277e+06, 2.47335e+06, 0
8.99812e+06, 1.06103e+06, 0
9.99834e+06, 2.14359e+06, 0
1.09051e+07, 1.25135e+06, 0
9.20405e+06, 2.77467e+06, 0
1.345e+07, 3.92735e+06, 0
1.03206e+07, 1.4717e+06, 0
9.1614e+06, 2.22503e+06, 0
1.027e+07, 4.55723e+06, 0
9.77619e+06, 2.35838e+06, 0
9.73078e+06, 3.1748e+06, 0
9.42827e+06, 3.22622e+06, 0
1.04318e+07, 4.23021e+06, 0
1.13553e+07, 2.49887e+06, 0
9.84456e+06, 2.31743e+06, 0
1.67732e+07, 4.08563e+06, 0
1.0909e+07, 2.68954e+06, 0
1.18225e+07, 5.85899e+06, 0
1.28859e+07, 1.69542e+06, 0
1.36597e+07, 3.2817e+06, 0
1.12996e+07, 3.79135e+06, 0
9.06494e+06, 1.98082e+06, 0
9.59439e+06, 3.16775e+06, 0
1.14659e+07, 3.58941e+06, 0
1.34541e+07, 6.69351e+06, 0
1.39784e+07, 3.56779e+06, 0
1.16096e+07, 6.08256e+06, 0
1.42453e+07, 6.91464e+06, 0
9.62486e+06, 718445, 0
9.1555e+06, 1.5024e+06, 0
1.02207e+07, 3.44512e+06, 0
1.04709e+07, 4.21431e+06, 0
1.2119e+07, 4.69363e+06, 0
1.45493e+07, 2.40442e+06, 0
1.42857e+07, 4.79392e+06, 0
1.38099e+07, 6.62634e+06, 0
1.08804e+07, 1.85149e+06, 0
1.15961e+07, 5.65606e+06, 0
1.24589e+07, 7.50566e+06, 0
9.92618e+06, 3.66166e+06, 0
9.85374e+06, 2.22529e+06, 0
1.27279e+07, 6.06703e+06, 0
1.12163e+07, 817320, 0
1.03954e+07, 1.55291e+06, 0
1.16058e+07, 6.98887e+06, 0
1.01313e+07, 4.17257e+06, 0
1.17826e+07, 3.92565e+06, 0
1.04815e+07, 2.02927e+06, 0
1.00412e+07, 2.21036e+06, 0
1.03046e+07, 3.34054e+06, 0
1.19294e+07, 7.15177e+06, 0
1.22024e+07, 6.42701e+06, 0
1.10491e+07, 2.57914e+06, 0
1.09693e+07, 914424, 0
1.15496e+07, 4.03478e+06, 0
1.06394e+07, 4.42082e+06, 0
9.89647e+06, 4.42014e+06, 0
1.1118e+07, 5.06423e+06, 0
1.29829e+07, 6.62069e+06, 0
9.66772e+06, 3.5646e+06, 0
1.00218e+07, 2.53675e+06, 0
1.06604e+07, 4.38987e+06, 0
1.15716e+07, 4.46253e+06, 0
9.45088e+06, 2.68505e+06, 0
1.04733e+07, 2.77382e+06, 0
9.86534e+06, 3.40868e+06, 0
1.54224e+07, 5.01022e+06, 0
1.21198e+07, 1.50522e+06, 0
1.0069e+07, 1.10642e+06, 0
1.14494e+07, 6.39321e+06, 0
9.18635e+06, 2.43138e+06, 0
8.99363e+06, 1.75237e+06, 0
1.13015e+07, 667741, 0
1.23825e+07, 4.37882e+06, 0
1.00431e+07, 3.66332e+06, 0
9.31018e+06, 1.42764e+06, 0
1.30898e+07, 3.53817e+06, 0
1.28723e+07, 2.18356e+06, 0
1.21201e+07, 3.9838e+06, 0
1.48427e+07, 4.68368e+06, 0
1.05081e+07, 4.00067e+06, 0
