103244, 157233, 0
138179, 119482, 0
107117, 41636.8, 0
93259, 136958, 0
215836, 81923.8, 0
130348, 50012.5, 0
165710, 98163.4, 0
149249, 83916.3, 0
79241.8, 59491.9, 0
113999, 200826, 0
99086.4, 114669, 0
125144, 16984.4, 0
100406, 266177, 0
212141, 73231.8, 0
210422, 110910, 0
91053.8, 33232, 0
379986, 215693, 0
249059, 182394, 0
181191, 170413, 0
210093, 132340, 0
237927, 98011.3, 0
98687.4, 17296.4, 0
34878.4, 19990.1, 0
138294, 85511.9, 0
77091.6, 50635.9, 0
181295, 84143.7, 0
153596, 123456, 0
191574, 134655, 0
76451.6, 71875.3, 0
169595, 182089, 0
183617, 153849, 0
125168, 90915.8, 0
120298, 101824, 0
111795, 75034.3, 0
141093, 225192, 0
95030.7, 228626, 0
110503, 181205, 0
229939, 48430.4, 0
115775, 172987, 0
171133, 96504.8, 0
100768, 36760.6, 0
160611, 83810, 0
120644, 197969, 0
129938, 233209, 0
96376.8, 89050.4, 0
91777.5, 21365.6, 0
183837, 262252, 0
82757.5, 96533.4, 0
128215, 48894.5, 0
94991.5, 54048.4, 0
192450, 137633, 0
92324.7, 90837.6, 0
117988, 76144.5, 0
201932, 111779, 0
138898, 53718.4, 0
235775, 160891, 0
128320, 96371.4, 0
116463, 79511.4, 0
94797.9, 205722, 0
110891, 104706, 0
214503, 155013, 0
88648.3, 188565, 0
102024, 60903.8, 0
106648, 187362, 0
142827, 41056.6, 0
196492, 209560, 0
50269.9, 21501.5, 0
78834.6, 39795.1, 0
116846, 216379, 0
162787, 66248.1, 0
140699, 63073.3, 0
97362.5, 217107, 0
138458, 39012.4, 0
108972, 93397.5, 0
194133, 145091, 0
212919, 143254, 0
157238, 45955.8, 0
97714.5, 67807.3, 0
177615, 35974, 0
139094, 115826, 0
110713, 35989.3, 0
188613, 47685.5, 0
98029.8, 81679.3, 0
155179, 27388.9, 0
138632, 77010.2, 0
123425, 257743, 0
172543, 78611, 0
78679.6, 30730.3, 0
81438.5, 72220.4, 0
93712.2, 83895.8, 0
77305.9, 16772.5, 0
49305.1, 26799.2, 0
128969, 64065, 0
104029, 86508.2, 0
84945.8, 320659, 0
205005, 272365, 0
164972, 112587, 0
167731, 94910.1, 0
309682, 150606, 0
124981, 65796.9, 0
64150.1, 31642.7, 0
123617, 137484, 0
117794, 74479.2, 0
69254.7, 28260.3, 0
152422, 32609.4, 0
119336, 138899, 0
109602, 178252, 0
64782, 55172, 0
123866, 26419.6, 0
160456, 172548, 0
232033, 119572, 0
76656.3, 62757.3, 0
167672, 228238, 0
205800, 291269, 0
78477.9, 24776.4, 0
121252, 142246, 0
87137.3, 81363.1, 0
148927, 126149, 0
197382, 267153, 0
124383, 169015, 0
162093, 129594, 0
115478, 86688.1, 0
139859, 67939.3, 0
208694, 176900, 0
174447, 149004, 0
153578, 183409, 0
89373.2, 71768.7, 0
113401, 122658, 0
136862, 86308.6, 0
133122, 213397, 0
178514, 99544.4, 0
89415.7, 148229, 0
228729, 43389.2, 0
106945, 118661, 0
110768, 91507.8, 0
159730, 135520, 0
107028, 56218.5, 0
107221, 192800, 0
99588.8, 130364, 0
198280, 92383.7, 0
92420.7, 69360.4, 0
132129, 141631, 0
127179, 66653.2, 0
72646.2, 59423.8, 0
193991, 51002.1, 0
109773, 206410, 0
117204, 174452, 0
206976, 153547, 0
92074.9, 162412, 0
132414, 110648, 0
149201, 189164, 0
109296, 171223, 0
95548.3, 155462, 0
109904, 238695, 0
39526, 25152.6, 0
106461, 78243.9, 0
234785, 186602, 0
234087, 182270, 0
138215, 197703, 0
77335.2, 53695.1, 0
70554.7, 41139.8, 0
78381.3, 33885.6, 0
110602, 81997.5, 0
68205.7, 23710.9, 0
183700, 75533.5, 0
54301.2, 44666.7, 0
108922, 164085, 0
139483, 175873, 0
116565, 33856.2, 0
162724, 105003, 0
110216, 257476, 0
185813, 114461, 0
88497.1, 82463.9, 0
151136, 111521, 0
111924, 101399, 0
252052, 214119, 0
191185, 191674, 0
185222, 40668.9, 0
235011, 127694, 0
119294, 350036, 0
268668, 105615, 0
57119.7, 36155.2, 0
148834, 71084.1, 0
161510, 93805.4, 0
91989.7, 187037, 0
109650, 55483.5, 0
89397.7, 12257.8, 0
41774.2, 240647, 0
102107, 40556.8, 0
169237, 164278, 0
172764, 87141.9, 0
141450, 64664.8, 0
315976, 67374.4, 0
153407, 138381, 0
126864, 74954.8, 0
122820, 257300, 0
277214, 90164.9, 0
145501, 132510, 0
129955, 12593.3, 0
238631, 74470.2, 0
8050.15, 353867, 0
95896.9, 122877, 0
100369, 21504.9, 0
215365, 126820, 0
94535.6, 37383.8, 0
268912, 52416.8, 0
148620, 221752, 0
166131, 152461, 0
78398.7, 55680.6, 0
112129, 64030, 0
95698.1, 217508, 0
122801, 154354, 0
71880.4, 51727.7, 0
201749, 143163, 0
81054.1, 50045, 0
42809.9, 24813.5, 0
194443, 49025.7, 0
161820, 149247, 0
52353.1, 38880.5, 0
70848.5, 36406, 0
71524.9, 61789.4, 0
185462, 97055.9, 0
45568.6, 38416.8, 0
232348, 128444, 0
178390, 130854, 0
98136.1, 156922, 0
128479, 38370.4, 0
377964, 201102, 0
100752, 195361, 0
85901.8, 68397.7, 0
105422, 145103, 0
169831, 101400, 0
70833.7, 30343.2, 0
155337, 78412.1, 0
115406, 271513, 0
97133.8, 133262, 0
106143, 111183, 0
281580, 90361.4, 0
101543, 85795.9, 0
50455.6, 41041.3, 0
91558.6, 162972, 0
168410, 115993, 0
124118, 93812, 0
96187.6, 155307, 0
215542, 219406, 0
102270, 133545, 0
104481, 92069.9, 0
121143, 57269.9, 0
130452, 175193, 0
152295, 14164.5, 0
92006.1, 53966.9, 0
51992.1, 39520.5, 0
83675.6, 32316.8, 0
126341, 172106, 0
81939.2, 58416.9, 0
104726, 61433.7, 0
272922, 241260, 0
132109, 213436, 0
149795, 13501.9, 0
167639, 82875.8, 0
98143.7, 201725, 0
192533, 68936.9, 0
86116.9, 71789.9, 0
53321.7, 402461, 0
95817.7, 57380.9, 0
100369, 9771.06, 0
199813, 30712.7, 0
187045, 108657, 0
35767.5, 17874.1, 0
175141, 70841.5, 0
116718, 170614, 0
107485, 117322, 0
120030, 144606, 0
270342, 174095, 0
182429, 174016, 0
111367, 145945, 0
186772, 42599.6, 0
104558, 160060, 0
135837, 30502.1, 0
34433.3, 18862.3, 0
54204.4, 40743.4, 0
140556, 30884.5, 0
191334, 117025, 0
114972, 85145.7, 0
121796, 267756, 0
64915.3, 29856, 0
131528, 208943, 0
105273, 242708, 0
193301, 252854, 0
201560, 155220, 0
81157.2, 152284, 0
216650, 105847, 0
83884.8, 59025.8, 0
144978, 143160, 0
160152, 153225, 0
80900.9, 24300.2, 0
160380, 83796.1, 0
114650, 197539, 0
71468, 16251.2, 0
113960, 31534.5, 0
82990.7, 51477.1, 0
186748, 129396, 0
157910, 126771, 0
121614, 353157, 0
174466, 106336, 0
150871, 198554, 0
66039.8, 45649.8, 0
98745.4, 51966.9, 0
177902, 94452.4, 0
110708, 51370.4, 0
71471.2, 59234.2, 0
209703, 125206, 0
152695, 153291, 0
96256.5, 52017.9, 0
150212, 121131, 0
80822.9, 45387, 0
97216.9, 39636.1, 0
144724, 87126.4, 0
188518, 52204.1, 0
74107.1, 301813, 0
130773, 29065.1, 0
127397, 257236, 0
78466.9, 62677.7, 0
116564, 209817, 0
90552.4, 76423.3, 0
94671.9, 99625.9, 0
154263, 195780, 0
68197.9, 44065.6, 0
95945.2, 23468.3, 0
148320, 122595, 0
106001, 93593.2, 0
102520, 67443.4, 0
165759, 270534, 0
174199, 62348.2, 0
212884, 35184.7, 0
147722, 202189, 0
155286, 218974, 0
118190, 137377, 0
107750, 72765.4, 0
120539, 76022.6, 0
86245.4, 30109.6, 0
150827, 171220, 0
130644, 120086, 0
228861, 171404, 0
194474, 159215, 0
107166, 68436.4, 0
172283, 187971, 0
92127.3, 231452, 0
191054, 110456, 0
63669.3, 26053.5, 0
139238, 38629.5, 0
26793.3, 11310.2, 0
53753.7, 43396.7, 0
134229, 351457, 0
90542.7, 50290.4, 0
93141.9, 105576, 0
171656, 119184, 0
145803, 69736.9, 0
159984, 147372, 0
140384, 129659, 0
103771, 122196, 0
151456, 156504, 0
123903, 108094, 0
64748, 51206.3, 0
159744, 126510, 0
80495.6, 63539.5, 0
70401.3, 48228.6, 0
141727, 130526, 0
110601, 106888, 0
144095, 124241, 0
118050, 93235.2, 0
290496, 96934.7, 0
191736, 5688.44, 0
97321.1, 149259, 0
137983, 220524, 0
145064, 62377.3, 0
108600, 173023, 0
117102, 69852.5, 0
100596, 229385, 0
112739, 99692, 0
113437, 179405, 0
111572, 73796.8, 0
151193, 57617.8, 0
226675, 71541.3, 0
94889.2, 70631.5, 0
164620, 257244, 0
157644, 246963, 0
55464, 43494.7, 0
212173, 79495.4, 0
162364, 9447.87, 0
175614, 189928, 0
113367, 78707.6, 0
137488, 252867, 0
126712, 59191.4, 0
82458.9, 45002.6, 0
67888.9, 21410.4, 0
57654.7, 47073.3, 0
147777, 87497.7, 0
161555, 138525, 0
83630.1, 309432, 0
102162, 70929.6, 0
125166, 259053, 0
87545.5, 54238.3, 0
105238, 41445.3, 0
112754, 46123.7, 0
106919, 212930, 0
107164, 155823, 0
52839.5, 32221.6, 0
95416.8, 51510.7, 0
99168, 167780, 0
110267, 229515, 0
129371, 146328, 0
97401.7, 107332, 0
103036, 136828, 0
147327, 233026, 0
134087, 145915, 0
188552, 151137, 0
182284, 160559, 0
149556, 74603.6, 0
122565, 148509, 0
197417, 100688, 0
146940, 55995.2, 0
122320, 46647.1, 0
97535.1, 160557, 0
140709, 117127, 0
162052, 59765, 0
184432, 35244.2, 0
139489, 55465.9, 0
150447, 214050, 0
68258.9, 55732.3, 0
197100, 40484.4, 0
82910.1, 43638.8, 0
123784, 169726, 0
106895, 165335, 0
131540, 124192, 0
55891.5, 19735, 0
80051.3, 69604.6, 0
56171.2, 4465.62, 0
174063, 108949, 0
162553, 110947, 0
139949, 156833, 0
99742.4, 32380.8, 0
323812, 75681.1, 0
219449, 197382, 0
91426.6, 39709.1, 0
115128, 193107, 0
126465, 28794, 0
90908.3, 97676.6, 0
80899, 46763.3, 0
188485, 100991, 0
128448, 163672, 0
97602.6, 63877.3, 0
74903.4, 62010.6, 0
90251.3, 71519, 0
105082, 180272, 0
151267, 186989, 0
173363, 255708, 0
176450, 55735.3, 0
156262, 140789, 0
58743.8, 43842.2, 0
116493, 170956, 0
160174, 177979, 0
122121, 225789, 0
323089, 225246, 0
146163, 79800.5, 0
136306, 85401.9, 0
96357, 18825.5, 0
221017, 86027, 0
157496, 183815, 0
97812.2, 38279.6, 0
161630, 30826.4, 0
31440.9, 16222.9, 0
158124, 46082.6, 0
131417, 63842.4, 0
102366, 345527, 0
158112, 242793, 0
86359.3, 14901.3, 0
223084, 135611, 0
199121, 123442, 0
38885, 6970.07, 0
163765, 59634.7, 0
167436, 66528.1, 0
163098, 179744, 0
278974, 79969.6, 0
160453, 134261, 0
50457, 42765.3, 0
101950, 137509, 0
96921.3, 171825, 0
180886, 161574, 0
225294, 146600, 0
137013, 254625, 0
179652, 89153.3, 0
254509, 46952.5, 0
155821, 24485.4, 0
141721, 253608, 0
138924, 191523, 0
120924, 149838, 0
25861.7, 17437.5, 0
155714, 41684.9, 0
40905.4, 30480.8, 0
146703, 110714, 0
199322, 83471.4, 0
88433, 20210.5, 0
55118.3, 4176.32, 0
173550, 87521.8, 0
60704.3, 51714.2, 0
144009, 66921.6, 0
174844, 50342.2, 0
14017.8, 6508.09, 0
183079, 16947.6, 0
161588, 31269.2, 0
136256, 56655.8, 0
121765, 144067, 0
118693, 87554.1, 0
133328, 213172, 0
99809.6, 72349.6, 0
237372, 171787, 0
84119.1, 65861.1, 0
123076, 235453, 0
88761.1, 233291, 0
144844, 38821.8, 0
115031, 57442.6, 0
24367.1, 383578, 0
115880, 216787, 0
170717, 127171, 0
128953, 57543.6, 0
186090, 226355, 0
146444, 117160, 0
175206, 114983, 0
135264, 46629.3, 0
137253, 135978, 0
90885.6, 45292.9, 0
106144, 46359, 0
181276, 215733, 0
66260.6, 55493.8, 0
204484, 92710, 0
59770.3, 26094.8, 0
212699, 65347.8, 0
123749, 149488, 0
109194, 85187.6, 0
185860, 126063, 0
182382, 199520, 0
118567, 51736.8, 0
125230, 78808.3, 0
61214, 37954.3, 0
111644, 111537, 0
53893.5, 239188, 0
188135, 18197, 0
117013, 75636.6, 0
121226, 111830, 0
119030, 55062, 0
165359, 104219, 0
249783, 150399, 0
108505, 233995, 0
96697, 56668.9, 0
120229, 87665.6, 0
90584.1, 76919.6, 0
208053, 57986.2, 0
172750, 92412.1, 0
123860, 78835.7, 0
121342, 237222, 0
217275, 185129, 0
141263, 47895.1, 0
99064.1, 156961, 0
206661, 213705, 0
94646.7, 79128.2, 0
50239.6, 40531.6, 0
119874, 40133.7, 0
178202, 155853, 0
64289.7, 37258.1, 0
313089, 119480, 0
182804, 242183, 0
101159, 282597, 0
148892, 77412.8, 0
168820, 86140.9, 0
149449, 55697.1, 0
180808, 96579.2, 0
89809.5, 73401.8, 0
126615, 103412, 0
129173, 248233, 0
26519.2, 18714.2, 0
159263, 65942.1, 0
66544.4, 44304.7, 0
114815, 146347, 0
112575, 76462.6, 0
186091, 191484, 0
160527, 96209.4, 0
102859, 141900, 0
174041, 145327, 0
124328, 87073.3, 0
252803, 274101, 0
127280, 175165, 0
185589, 130311, 0
276058, 120400, 0
113468, 30816.6, 0
166268, 125539, 0
186254, 143207, 0
145645, 79098.4, 0
110913, 151292, 0
81028.3, 68234.2, 0
104129, 54142.6, 0
139875, 140730, 0
120675, 65919.9, 0
170377, 22151.9, 0
100546, 261633, 0
123571, 75750.5, 0
252876, 72177.1, 0
279212, 148406, 0
89413, 41081.8, 0
150363, 176757, 0
170836, 26887.8, 0
129885, 275638, 0
85411.9, 45284.1, 0
170586, 251879, 0
137728, 47521.6, 0
132942, 207522, 0
143882, 123886, 0
164593, 324934, 0
61622.2, 38144.6, 0
171182, 182185, 0
103876, 44209.3, 0
120591, 62727.3, 0
55211.8, 43997.9, 0
184702, 122411, 0
148883, 163122, 0
143623, 270686, 0
169684, 72416.5, 0
102488, 211715, 0
59675.1, 34180.6, 0
217803, 116267, 0
144511, 136848, 0
129444, 83307.2, 0
110967, 195846, 0
193355, 57324.4, 0
109341, 125747, 0
114302, 62511.4, 0
79697, 39195.4, 0
121606, 87347.8, 0
114718, 210035, 0
139227, 109136, 0
146346, 226852, 0
166585, 89851.1, 0
107128, 114301, 0
155536, 148302, 0
122826, 229701, 0
98246.3, 45032.8, 0
196754, 159399, 0
168043, 134205, 0
130776, 17883, 0
83887.7, 73915.4, 0
91111.8, 53604.2, 0
107770, 266248, 0
124765, 14979.8, 0
145007, 226823, 0
135284, 157902, 0
258335, 31782.2, 0
97712.6, 190776, 0
136850, 252850, 0
98702.9, 314840, 0
148501, 57632, 0
129743, 44642.3, 0
118432, 139935, 0
117779, 140081, 0
80443.5, 8798.65, 0
98234.4, 228469, 0
117891, 137023, 0
173085, 73673, 0
124736, 120601, 0
127818, 71898.7, 0
86656.2, 57744.4, 0
53905.6, 46988.4, 0
118332, 122173, 0
260107, 76414, 0
92121.2, 21133.5, 0
76551.4, 12500.9, 0
186624, 153486, 0
73698, 40465.7, 0
118731, 269924, 0
58636.2, 35416.3, 0
105539, 73566.4, 0
44147.2, 17460, 0
34517.1, 27084, 0
119187, 63817.2, 0
101126, 64779.1, 0
188111, 98379, 0
137974, 134245, 0
141331, 108265, 0
155807, 172888, 0
64851.6, 36420.3, 0
262221, 102675, 0
152714, 108335, 0
79427.8, 60037.7, 0
125816, 83939.9, 0
184552, 134588, 0
182296, 171154, 0
140307, 263493, 0
95400.8, 72867.1, 0
132648, 60877.4, 0
145603, 49602, 0
186012, 175286, 0
197300, 83411, 0
149645, 32031.2, 0
199813, 104454, 0
123156, 133353, 0
147489, 179509, 0
211250, 90996, 0
121352, 186971, 0
191470, 97159.2, 0
115985, 73513, 0
105056, 196831, 0
158580, 105543, 0
126467, 177261, 0
125859, 134786, 0
144710, 77200, 0
145539, 155614, 0
188576, 76408.2, 0
119419, 91720.3, 0
206795, 341730, 0
130815, 121966, 0
150186, 37242.1, 0
107746, 139696, 0
155357, 201639, 0
62293.3, 50766.3, 0
121200, 142625, 0
102269, 76969.7, 0
133695, 148375, 0
149689, 165711, 0
67264.7, 39078.6, 0
207033, 145953, 0
163140, 169875, 0
90982.3, 59932, 0
117395, 243044, 0
153812, 61659.6, 0
82532.6, 60627.5, 0
113050, 165531, 0
23809.4, 16740.9, 0
125620, 181673, 0
138418, 54356.2, 0
145798, 62340.6, 0
118522, 83002.8, 0
177102, 109739, 0
267872, 166726, 0
148453, 75853.4, 0
66391.6, 34743.6, 0
101200, 311510, 0
110143, 139160, 0
96065.4, 81160.1, 0
130112, 41025.2, 0
185556, 58272.5, 0
110017, 190797, 0
113452, 47155.1, 0
118657, 167713, 0
84042.3, 45927.2, 0
229653, 144216, 0
68369.5, 37917.3, 0
177677, 87432.4, 0
198469, 44048.8, 0
93621.3, 217665, 0
169265, 173262, 0
247274, 209880, 0
84384.7, 63229.4, 0
130083, 116603, 0
78130.4, 64116.9, 0
134473, 122519, 0
111314, 79474.7, 0
50743.8, 243312, 0
100242, 122648, 0
166824, 146965, 0
197687, 199341, 0
149605, 121907, 0
179260, 181396, 0
113705, 64063.9, 0
93715.3, 180320, 0
112550, 106111, 0
100639, 108931, 0
159290, 180325, 0
90273.1, 40165.3, 0
63444.7, 18176.1, 0
128048, 191621, 0
168365, 163162, 0
122950, 30709.4, 0
222084, 111526, 0
125361, 135569, 0
96558.2, 211870, 0
204520, 79513.5, 0
137362, 63704.6, 0
79878.4, 30644.6, 0
105144, 32747.8, 0
124700, 61433.6, 0
100742, 177895, 0
163370, 15577.1, 0
87240.9, 283866, 0
96048, 64580.4, 0
50379.9, 22093.2, 0
29250.4, 270152, 0
87982.7, 35359.7, 0
170914, 134121, 0
116911, 67813.2, 0
81472.5, 69557.6, 0
179898, 133774, 0
128217, 257180, 0
201318, 73586.7, 0
105903, 132435, 0
94236.1, 73945, 0
206019, 72578.6, 0
48468, 12239, 0
212998, 38462.6, 0
274454, 168931, 0
79842.7, 49073, 0
80321.2, 44963, 0
70543.9, 53862, 0
166064, 217104, 0
54101.6, 43497.8, 0
121302, 105767, 0
115678, 147331, 0
118023, 78376.8, 0
88152.3, 178506, 0
136547, 69884.4, 0
89438.2, 81575.1, 0
92363, 149016, 0
94741, 79716.5, 0
179128, 133078, 0
148715, 62527.9, 0
111343, 33083.3, 0
141346, 100352, 0
68727.7, 36464.4, 0
86891.1, 56645.5, 0
220365, 174095, 0
150184, 181565, 0
123035, 200791, 0
180857, 53627.2, 0
130611, 45731.8, 0
89611.5, 164136, 0
121592, 129154, 0
170241, 104969, 0
85801.9, 60265.8, 0
134321, 58230.1, 0
80035.9, 168122, 0
104420, 156573, 0
118016, 39142.4, 0
125161, 164600, 0
140653, 154040, 0
61667.4, 275938, 0
121013, 166353, 0
96974.8, 65760.7, 0
154014, 120163, 0
120744, 47465.7, 0
119668, 80273, 0
114541, 83413.6, 0
189635, 109900, 0
167923, 193193, 0
108314, 200538, 0
186579, 6734.63, 0
152943, 222963, 0
252829, 68736, 0
107136, 117236, 0
256982, 139982, 0
101236, 70571.7, 0
129601, 83483.7, 0
146980, 167058, 0
156690, 77674, 0
36643.2, 30490.9, 0
115207, 69057.7, 0
53556.5, 218658, 0
207634, 187676, 0
94953.7, 260734, 0
104670, 61792.1, 0
91480.3, 71031.9, 0
121464, 235919, 0
193452, 104222, 0
140599, 34427.9, 0
210178, 151328, 0
94484.4, 179310, 0
199563, 15930.8, 0
142862, 108687, 0
138372, 70678.6, 0
136746, 16877, 0
202159, 168696, 0
95170.7, 195830, 0
248591, 31713.1, 0
58491.3, 18454.3, 0
108206, 211181, 0
178197, 63818.9, 0
157300, 197352, 0
106874, 26073.5, 0
133897, 199230, 0
67854.6, 36650.1, 0
74906.1, 55612.5, 0
120644, 89579.2, 0
147671, 181841, 0
73759.8, 41325.4, 0
163670, 170519, 0
56973.5, 34420.5, 0
73325.3, 21855.7, 0
115655, 131887, 0
83819.2, 65262, 0
186947, 177591, 0
155830, 196961, 0
121263, 59822.2, 0
92200.9, 83335, 0
117789, 31726.1, 0
237273, 116877, 0
103573, 261515, 0
149287, 34693.4, 0
162493, 88375.9, 0
73140.7, 40976.7, 0
58745.5, 7085.24, 0
113981, 195527, 0
128598, 114366, 0
128170, 117839, 0
95304, 259373, 0
62236.4, 43255.8, 0
123494, 114141, 0
90287.1, 229285, 0
123698, 155707, 0
98621.8, 40164.7, 0
130137, 164602, 0
57432.9, 25372.2, 0
107531, 239271, 0
23847.1, 14947.2, 0
110174, 164149, 0
67495.3, 55545.4, 0
112924, 26247.1, 0
140916, 89064.9, 0
326426, 125633, 0
109937, 159643, 0
228122, 61793.5, 0
97627.6, 64006.2, 0
109065, 29482.6, 0
139052, 153784, 0
113893, 138601, 0
91863.6, 202601, 0
262620, 168140, 0
205143, 52772.3, 0
200635, 266006, 0
102986, 180032, 0
208470, 164279, 0
151439, 114311, 0
106978, 184166, 0
159451, 85347.1, 0
159987, 77665.3, 0
116258, 168848, 0
127937, 90112.5, 0
118125, 261383, 0
97935.3, 148749, 0
145084, 151096, 0
68543.8, 57267, 0
83449.1, 292482, 0
147931, 157879, 0
48434.9, 43908.6, 0
145238, 104140, 0
162700, 226821, 0
173964, 176805, 0
188303, 160318, 0
146409, 88070.5, 0
90597.4, 236524, 0
92155.1, 220900, 0
137171, 157784, 0
93220.4, 47678.1, 0
164937, 45873.2, 0
163870, 77703.6, 0
169977, 226134, 0
104886, 192861, 0
122063, 83007.7, 0
108590, 57517.7, 0
89719, 40424.1, 0
102903, 137787, 0
120877, 172995, 0
120507, 89077.1, 0
266336, 198596, 0
64189.8, 301658, 0
122405, 79153.4, 0
127591, 91708.3, 0
106348, 276395, 0
171057, 184988, 0
163686, 177499, 0
79664.3, 43733.5, 0
148872, 60846.9, 0
135596, 130194, 0
72436.1, 30871.8, 0
116314, 140774, 0
107061, 81045.1, 0
148646, 60636.4, 0
19424, 4588.75, 0
77848.9, 41783.7, 0
123114, 213230, 0
100719, 243480, 0
129748, 68132.4, 0
59406.7, 27024, 0
118926, 76809.7, 0
160246, 95855.2, 0
53837.4, 34801.6, 0
108764, 70383.3, 0
127496, 81697.9, 0
161696, 176674, 0
97798.3, 206762, 0
75178.2, 44086.7, 0
105764, 81391.5, 0
147845, 217714, 0
211681, 133758, 0
158812, 168605, 0
95918.1, 54897, 0
56113.7, 35247.5, 0
145506, 197798, 0
126462, 181853, 0
113967, 134125, 0
102998, 221039, 0
29267.1, 20765.2, 0
123034, 55497.2, 0
72353.5, 264859, 0
280175, 33028.7, 0
98643.3, 67738.5, 0
191323, 164597, 0
157929, 65567.1, 0
152750, 241354, 0
107079, 135737, 0
108681, 40755.2, 0
159240, 196830, 0
214780, 148971, 0
187845, 231221, 0
221815, 184790, 0
115475, 141631, 0
93820.2, 160701, 0
175897, 97822.9, 0
90785.1, 50171.2, 0
236388, 118344, 0
32877.9, 27063.2, 0
177715, 168065, 0
102501, 103529, 0
193807, 11378.1, 0
120616, 82269.3, 0
188509, 211334, 0
176169, 27134.3, 0
144060, 45339.6, 0
387266, 34658.7, 0
110450, 78589.8, 0
116895, 124484, 0
162605, 159891, 0
133143, 70629.9, 0
221184, 30770.3, 0
148356, 31337.1, 0
131068, 217563, 0
101991, 61256.5, 0
200978, 201865, 0
94576.8, 199312, 0
84908, 58647.5, 0
70702.2, 49488.5, 0
104601, 155639, 0
124485, 139336, 0
141055, 159122, 0
68800.6, 65395.8, 0
144699, 77210.6, 0
251628, 152049, 0
55230, 13839.4, 0
178529, 90468.7, 0
69902.1, 39909.6, 0
155309, 59403.4, 0
132999, 109348, 0
153519, 129841, 0
125392, 117989, 0
113335, 180132, 0
169055, 40494.7, 0
189707, 169622, 0
132260, 224583, 0
106176, 92396.3, 0
107533, 167923, 0
126884, 151566, 0
164785, 223660, 0
94257.7, 115912, 0
145927, 45807.4, 0
192903, 137105, 0
75074.6, 44385, 0
112321, 124909, 0
162728, 92095.8, 0
40522.3, 7750.89, 0
84142.4, 149847, 0
121727, 69273.9, 0
25976, 325062, 0
124602, 48945, 0
63237.1, 35495.3, 0
207131, 47690, 0
193783, 56501.3, 0
189733, 85495.1, 0
127562, 63646, 0
155549, 639.666, 0
94289.7, 68579, 0
129155, 70875.7, 0
136993, 99135.1, 0
89962.5, 223632, 0
171627, 90859.3, 0
124417, 208403, 0
113227, 308948, 0
94886.7, 37454.6, 0
101274, 200361, 0
215456, 159102, 0
108597, 184155, 0
100409, 54462.6, 0
119035, 121398, 0
172068, 166845, 0
137084, 106574, 0
139098, 144913, 0
74325.7, 54341.8, 0
104036, 113530, 0
106948, 129240, 0
74827.3, 61998.6, 0
115809, 162655, 0
181059, 99386.2, 0
165667, 182055, 0
78969.9, 139545, 0
108797, 63133.8, 0
121472, 49556.8, 0
159916, 163201, 0
121964, 50780.3, 0
150979, 83517.7, 0
104642, 81598.6, 0
62384.6, 20371.5, 0
170044, 111627, 0
142876, 31274.3, 0
213398, 38773.1, 0
137626, 195891, 0
91548.5, 154212, 0
76760.3, 25637.4, 0
205629, 131891, 0
252952, 64147.7, 0
128704, 206313, 0
119850, 106639, 0
124036, 91038.3, 0
110381, 143491, 0
117889, 198786, 0
156975, 140572, 0
73866.4, 54094.5, 0
137711, 28624.9, 0
77609.2, 51203, 0
95201, 32368.7, 0
75261.8, 59173.8, 0
111696, 88314.5, 0
95625.2, 75130.4, 0
47060.9, 18638, 0
136679, 65876.1, 0
62118.3, 55103.3, 0
110528, 162206, 0
164013, 81319.6, 0
228564, 81627.6, 0
109357, 148056, 0
90458.9, 36727.9, 0
84444.5, 52489.7, 0
221860, 59588.8, 0
43938.5, 15772.4, 0
149463, 238592, 0
112887, 287806, 0
143134, 102562, 0
174156, 9915.26, 0
188209, 23274, 0
133039, 115198, 0
118075, 176848, 0
106146, 109434, 0
114595, 278939, 0
206929, 154756, 0
8887.08, 7453.91, 0
125004, 93917.2, 0
116001, 164890, 0
117241, 38888.5, 0
138237, 118683, 0
161715, 263902, 0
126729, 177833, 0
46161.5, 6513.47, 0
205995, 99961.3, 0
134014, 123554, 0
167056, 18956.8, 0
61977.8, 25977.8, 0
151884, 69115.7, 0
29481.5, 9717.17, 0
109883, 105097, 0
106010, 192654, 0
101182, 196702, 0
101672, 236506, 0
122696, 167153, 0
137315, 231542, 0
80108, 39811.2, 0
177022, 101987, 0
109406, 169819, 0
140167, 84713.8, 0
99453.7, 2911.58, 0
11852.5, 332727, 0
262584, 50067.1, 0
85212.5, 24462.2, 0
131635, 66766, 0
46494.8, 36644.9, 0
60210.7, 21945.5, 0
147958, 291196, 0
108035, 114087, 0
145064, 78048.3, 0
78552.4, 68290.9, 0
105033, 101347, 0
108467, 228867, 0
249479, 185525, 0
119240, 163119, 0
189998, 164373, 0
139426, 22297.2, 0
92586.6, 244359, 0
110414, 11066.7, 0
152307, 7035.41, 0
247330, 89870.5, 0
112855, 171801, 0
46141.6, 15632.3, 0
78474.3, 43815.3, 0
159551, 127780, 0
103114, 56517.6, 0
186709, 59659, 0
61102.3, 25809.7, 0
97215, 103265, 0
51029.4, 21304.1, 0
115691, 99074.7, 0
51416, 43842.1, 0
113681, 101812, 0
159514, 204470, 0
80517.8, 76724.1, 0
88820.4, 51693.4, 0
163244, 184525, 0
103153, 340375, 0
122878, 136123, 0
109321, 210896, 0
105232, 94932.4, 0
207622, 177793, 0
116623, 210944, 0
124455, 77381.1, 0
105919, 184745, 0
185869, 207293, 0
190234, 60716.1, 0
183005, 226072, 0
228071, 113497, 0
152890, 188156, 0
221082, 58932.9, 0
158924, 69714.4, 0
107418, 50299.7, 0
191436, 115097, 0
112202, 105057, 0
65952.4, 36290.3, 0
122802, 84571, 0
131333, 162241, 0
99202.6, 19880.7, 0
132191, 78922.7, 0
86275.1, 70099.7, 0
90969.2, 31041.1, 0
115791, 119769, 0
141249, 17466.4, 0
173898, 143160, 0
91165.8, 70080.4, 0
37669.2, 23022.4, 0
101430, 61262, 0
154335, 207973, 0
143780, 153735, 0
170712, 130658, 0
131469, 206445, 0
70657.8, 35140.6, 0
89733.2, 221587, 0
150986, 100724, 0
107404, 183170, 0
181334, 157961, 0
77337.1, 60588.5, 0
145704, 29665.8, 0
93627.1, 324272, 0
72341, 23390, 0
122981, 100819, 0
128586, 58791.7, 0
75947.2, 46367.9, 0
82078.7, 52152.5, 0
98473.7, 76852.1, 0
214970, 193680, 0
288210, 184162, 0
152070, 110755, 0
142792, 110304, 0
90855.4, 241959, 0
139633, 32456.5, 0
158519, 190053, 0
128948, 16895.5, 0
187047, 186972, 0
112619, 183087, 0
148838, 132790, 0
93952.3, 44965.9, 0
125190, 144179, 0
104522, 67347.1, 0
186591, 69100, 0
44338.6, 13355.6, 0
151930, 169966, 0
182452, 150148, 0
32131.4, 26106.4, 0
113274, 219714, 0
205092, 251186, 0
193577, 217200, 0
32218.2, 3379.17, 0
114206, 64245.2, 0
137424, 79407.7, 0
135411, 141697, 0
84080.5, 74906.2, 0
142540, 81127.2, 0
165820, 41302.5, 0
185101, 77037.9, 0
101110, 206371, 0
90167, 105108, 0
166659, 43871.5, 0
143025, 127121, 0
94299, 77115.5, 0
119597, 127683, 0
200596, 116790, 0
103787, 84865.5, 0
159119, 16489.8, 0
153134, 94761.4, 0
146337, 64029.2, 0
70813.2, 24958.9, 0
275805, 126259, 0
110830, 132651, 0
163724, 100024, 0
166288, 149232, 0
112223, 184372, 0
222221, 130682, 0
106733, 132347, 0
75450, 51243.4, 0
123734, 123287, 0
159230, 124761, 0
95357.4, 290841, 0
83336.2, 74355.7, 0
163721, 157576, 0
210349, 85276.8, 0
125385, 170423, 0
100947, 160567, 0
170899, 138341, 0
186043, 35374.1, 0
68191.5, 58496.7, 0
121655, 162244, 0
133844, 164996, 0
126725, 152030, 0
71910.1, 17825.3, 0
109139, 159416, 0
131463, 225586, 0
111961, 79609.4, 0
103637, 224368, 0
166976, 86837.3, 0
145591, 165268, 0
170558, 216155, 0
201799, 35808, 0
47957.8, 38181.4, 0
69906.3, 49639.8, 0
142625, 124516, 0
231989, 155273, 0
222101, 144315, 0
75863.9, 334568, 0
67898.7, 40465.5, 0
159219, 73304.4, 0
127080, 57255.4, 0
319127, 183664, 0
117779, 132232, 0
108768, 125056, 0
47125.8, 36104.4, 0
95903.9, 27674.1, 0
110785, 82857.2, 0
145770, 45357.7, 0
106928, 146726, 0
170817, 40157.4, 0
108774, 91330.3, 0
144768, 49000.4, 0
201076, 137496, 0
45106.1, 4759.02, 0
111242, 120632, 0
172874, 184786, 0
119438, 187054, 0
90005.9, 206298, 0
152791, 37543.8, 0
102409, 131846, 0
143793, 89398.2, 0
134573, 86919.4, 0
206215, 177651, 0
34496.2, 17842.7, 0
101138, 38550.9, 0
97663.3, 63214.3, 0
122465, 97973.8, 0
53528.1, 22651.6, 0
190069, 217542, 0
145807, 75538, 0
261736, 35632.8, 0
119576, 230763, 0
89194.1, 34041.8, 0
175226, 191181, 0
168701, 145469, 0
117115, 157003, 0
78775.9, 17268.4, 0
125005, 201517, 0
86290.8, 241816, 0
97585.2, 76566.2, 0
153223, 33815.6, 0
100268, 93571.1, 0
108657, 108503, 0
94837.6, 164214, 0
249189, 178884, 0
34274.2, 23810.9, 0
149356, 267985, 0
118454, 72698.9, 0
128819, 133648, 0
111442, 182273, 0
64045.7, 57176.8, 0
113071, 246350, 0
100169, 135858, 0
191823, 276876, 0
84555.6, 30696.2, 0
155661, 224197, 0
174277, 139827, 0
119839, 96059.1, 0
130699, 25009.7, 0
74051.7, 45076.2, 0
91155.6, 171253, 0
101173, 8636.82, 0
138656, 227986, 0
100103, 112059, 0
157198, 162743, 0
53289.5, 39568.4, 0
84705.3, 57202.3, 0
196613, 84060, 0
138636, 157445, 0
57569.8, 29072.2, 0
142970, 95208.9, 0
132174, 95662.4, 0
61620.5, 42748.3, 0
185635, 53480.5, 0
180705, 120790, 0
113046, 43993.1, 0
126337, 127459, 0
94750.9, 12788, 0
155627, 170811, 0
116237, 88734.4, 0
55119.4, 32781.1, 0
90824.4, 217239, 0
156683, 282350, 0
65891.4, 33531.3, 0
212449, 91668, 0
120289, 102257, 0
122332, 181220, 0
86237.9, 209653, 0
186796, 184561, 0
110431, 72394.8, 0
82891.6, 48230.4, 0
60157.4, 40127.3, 0
113498, 103783, 0
157488, 133051, 0
126070, 94294.6, 0
138827, 85478.9, 0
75623.3, 49365, 0
108026, 192323, 0
124725, 170818, 0
197220, 251718, 0
195635, 69434, 0
141051, 81570.7, 0
112678, 14562.4, 0
72835, 208047, 0
128266, 44982.5, 0
52823.6, 48787.6, 0
251241, 81252.2, 0
149786, 18770.3, 0
143724, 180496, 0
98169.9, 111158, 0
112057, 98823.5, 0
111255, 30062.5, 0
111001, 189020, 0
143602, 113667, 0
96386.4, 155842, 0
78225, 217436, 0
133041, 178019, 0
72536.9, 52080.8, 0
195393, 100111, 0
91129.5, 160309, 0
79854, 30301.1, 0
50019, 44962.1, 0
221517, 167770, 0
145026, 41019.5, 0
85733.7, 183077, 0
164962, 89073.5, 0
102500, 246420, 0
144550, 130295, 0
130388, 51742.5, 0
169547, 78988.9, 0
80558.5, 73080.7, 0
90948.1, 60417.3, 0
94698.4, 75586.7, 0
180187, 31420.1, 0
115642, 130164, 0
101285, 185524, 0
88580, 59317.2, 0
109255, 186562, 0
243304, 60432.2, 0
132081, 122723, 0
102795, 230269, 0
174348, 122395, 0
104512, 142368, 0
96708.1, 103397, 0
139273, 120252, 0
117137, 112066, 0
98417.5, 174775, 0
173814, 127841, 0
113232, 106388, 0
212980, 105988, 0
114641, 143570, 0
181968, 99675.2, 0
132734, 55648.5, 0
80346.4, 52170.6, 0
207743, 107824, 0
37197.3, 342192, 0
94505.4, 43667.3, 0
104784, 69380.4, 0
143345, 89436.3, 0
136137, 48680.6, 0
133139, 139417, 0
33826.8, 20208.7, 0
83280.2, 334499, 0
17707.7, 12983.6, 0
86386.4, 82079.1, 0
161012, 156714, 0
38633.9, 28693.7, 0
127512, 126060, 0
78138.9, 29268.4, 0
193094, 97223.7, 0
122427, 64485.9, 0
143825, 130678, 0
78373.5, 37069.2, 0
162595, 127308, 0
108350, 43325.4, 0
189676, 49651.5, 0
146671, 206736, 0
69007.3, 48228.2, 0
142615, 149730, 0
40458.2, 18584, 0
65510.7, 34863.2, 0
120029, 105550, 0
67691.4, 270980, 0
227703, 141416, 0
126003, 68632.2, 0
117392, 129890, 0
168971, 70519.8, 0
188725, 143881, 0
56145.5, 40394.6, 0
134578, 116960, 0
209942, 143738, 0
92337.6, 85618.4, 0
112858, 87492.7, 0
159645, 80324.2, 0
92890.2, 50713.9, 0
117662, 189794, 0
113294, 244518, 0
102177, 74621.6, 0
114185, 144567, 0
123778, 216919, 0
168880, 76328.1, 0
124306, 33648.2, 0
19568.7, 14731.3, 0
189712, 76430, 0
97151.2, 48871.3, 0
185569, 31578.7, 0
163206, 37927.5, 0
138478, 131638, 0
90585.9, 215893, 0
184255, 128465, 0
106033, 31374.9, 0
147627, 95505.9, 0
109510, 203346, 0
104759, 31670.4, 0
115635, 99285.3, 0
76935, 33201.7, 0
43214.3, 20419.8, 0
218647, 94182.3, 0
215394, 177985, 0
198038, 172523, 0
123282, 193939, 0
98048.5, 79037.4, 0
95900.4, 274625, 0
50007.5, 32701.9, 0
114842, 128436, 0
84231.8, 226072, 0
132863, 51481, 0
132621, 166154, 0
145011, 93537.1, 0
119620, 162467, 0
142668, 265796, 0
100075, 134415, 0
143399, 26149.8, 0
194617, 315126, 0
186773, 195676, 0
65683.5, 20613.5, 0
207897, 104146, 0
82761.4, 44964.9, 0
79120.5, 340801, 0
179810, 222975, 0
143732, 137684, 0
190233, 168792, 0
107224, 282739, 0
110067, 82553, 0
108722, 239037, 0
99983.3, 74093.7, 0
49516.3, 40200.9, 0
99733.7, 81763, 0
125926, 163489, 0
200087, 134393, 0
140101, 161753, 0
119703, 160957, 0
133755, 267711, 0
51503.1, 6612.92, 0
193233, 93899.5, 0
90923.2, 68703.3, 0
198020, 165769, 0
139421, 134189, 0
124338, 34995.7, 0
157686, 71903.6, 0
165005, 177261, 0
100429, 82481.4, 0
123876, 97939.9, 0
107192, 61219.3, 0
104313, 283748, 0
157915, 35493.4, 0
109284, 163367, 0
206361, 115675, 0
81516.7, 84544.9, 0
200043, 105433, 0
154566, 152389, 0
133440, 36486.4, 0
129853, 178479, 0
104965, 134228, 0
106881, 38703.5, 0
82552.1, 191407, 0
201873, 198674, 0
117319, 260971, 0
59594.4, 21664.1, 0
80379.6, 65986.2, 0
113163, 89382.5, 0
24166.9, 392568, 0
207621, 268499, 0
56236.6, 51807, 0
238245, 38576.1, 0
137707, 68899.6, 0
130380, 73878, 0
63327.5, 39982.4, 0
133551, 176197, 0
115379, 40826.9, 0
214784, 108398, 0
53615.6, 36241.4, 0
241704, 63529.7, 0
77115.8, 59622.4, 0
114321, 186137, 0
63545.3, 259731, 0
220661, 198888, 0
143373, 143720, 0
93749.1, 75169.9, 0
91294.4, 178101, 0
149148, 45413, 0
144198, 247903, 0
165050, 64834.2, 0
90387.9, 67122.3, 0
117907, 95453.5, 0
133929, 118452, 0
109301, 133368, 0
138203, 59286, 0
36781.7, 17722.6, 0
104010, 31489.7, 0
134578, 92398, 0
60324, 44367.5, 0
114193, 236428, 0
134071, 182120, 0
100488, 52869.9, 0
139300, 92208.3, 0
85004.5, 70739.8, 0
177337, 167560, 0
158328, 131477, 0
114840, 52564.4, 0
71523.5, 255286, 0
146116, 224723, 0
116745, 49917.6, 0
105975, 74470.5, 0
111167, 105764, 0
117857, 71684.2, 0
74738.7, 60337.8, 0
68398.6, 50373.3, 0
192871, 86033, 0
105805, 31933.1, 0
132188, 260746, 0
139571, 99565.2, 0
84366.6, 71971.9, 0
140681, 137156, 0
105596, 242729, 0
103980, 153404, 0
174035, 94040.9, 0
92790, 76617.6, 0
131255, 74723, 0
92861.8, 207869, 0
104469, 191650, 0
174302, 175660, 0
121656, 118563, 0
257997, 58363.5, 0
201116, 142615, 0
72122.3, 56670.2, 0
121875, 121534, 0
34842.1, 16395.9, 0
143355, 254377, 0
184882, 243054, 0
105517, 45461.1, 0
208947, 19984.6, 0
212429, 180022, 0
127562, 141899, 0
126214, 75780.8, 0
255316, 158066, 0
83993.4, 191568, 0
124887, 279089, 0
76683, 22043.8, 0
157141, 143915, 0
100997, 49968.9, 0
83286, 59084.3, 0
86569.6, 42978.1, 0
47561.5, 41803, 0
116777, 76778.7, 0
117050, 40119, 0
165165, 124233, 0
124455, 114773, 0
235592, 34069.5, 0
99321.2, 98991, 0
227350, 180652, 0
64856.1, 59786.5, 0
165863, 180192, 0
168311, 36221.7, 0
49081.4, 34620.6, 0
120555, 148741, 0
130339, 153634, 0
150288, 15161.1, 0
115079, 45841, 0
136745, 22031.2, 0
83105.7, 60505.8, 0
18656.1, 16697.9, 0
112675, 132306, 0
114546, 53224.6, 0
42541.6, 34269.3, 0
166608, 98029.7, 0
74862.3, 31755.6, 0
92265.1, 187672, 0
152326, 116134, 0
109141, 84881.1, 0
74724.3, 42446, 0
229525, 122377, 0
106242, 28845.4, 0
133940, 53531.1, 0
304158, 30057.8, 0
119331, 150774, 0
173776, 155118, 0
104232, 84653.3, 0
146445, 171965, 0
115795, 98895.3, 0
133799, 32247.7, 0
147222, 171730, 0
199816, 60708.4, 0
351923, 81062.4, 0
113174, 120353, 0
160206, 118809, 0
169231, 217271, 0
118798, 9593.84, 0
131842, 258557, 0
123841, 223839, 0
79665.7, 55514.1, 0
99909.6, 92575.1, 0
125453, 54253.4, 0
179390, 250337, 0
86552.7, 29630.2, 0
68176.3, 22813.3, 0
86979.7, 43581.7, 0
117386, 110704, 0
114472, 68885, 0
66623.6, 20000.6, 0
61049.5, 32506.5, 0
89858.7, 68460.1, 0
128873, 27786.1, 0
109252, 85864.9, 0
275133, 114927, 0
163332, 44525.7, 0
120773, 106654, 0
115393, 93804.2, 0
98410.7, 34316.3, 0
109931, 143054, 0
67819.8, 53075.2, 0
138137, 70940.9, 0
77766.8, 55775.1, 0
58334.7, 39930.7, 0
116850, 21527.4, 0
160383, 191092, 0
95847.3, 283132, 0
85702.9, 185355, 0
62688.3, 42608.5, 0
78729.4, 210568, 0
138399, 147098, 0
183745, 45166.4, 0
114284, 166747, 0
220335, 173622, 0
97065.4, 153257, 0
122211, 166259, 0
79909.2, 73228.6, 0
147447, 19149, 0
123661, 102539, 0
254446, 193359, 0
227212, 156878, 0
136464, 169489, 0
128736, 77242.2, 0
83951.8, 32461.8, 0
100722, 154135, 0
160886, 169769, 0
90200.2, 83283.7, 0
153150, 8389.17, 0
271056, 178992, 0
146135, 164635, 0
71112, 54802.2, 0
76838.4, 26862.7, 0
136774, 266324, 0
138065, 235440, 0
173826, 40932.5, 0
122736, 155226, 0
226410, 100729, 0
226321, 226695, 0
149511, 182729, 0
131197, 173146, 0
130124, 215407, 0
101214, 182200, 0
108186, 87825.5, 0
86611.9, 50609.4, 0
215115, 136934, 0
125668, 87112.6, 0
102142, 58013.7, 0
150681, 154223, 0
71021.6, 37024.5, 0
178683, 244406, 0
100426, 172934, 0
71000.5, 23669.2, 0
132089, 133914, 0
195791, 111842, 0
110111, 30504.8, 0
163241, 191662, 0
112982, 128456, 0
185053, 236047, 0
175463, 149023, 0
111080, 97951.6, 0
132808, 23244.5, 0
64903.4, 32081.2, 0
137345, 125091, 0
97143.7, 116247, 0
175365, 84600, 0
63697.3, 22264, 0
128821, 62131.2, 0
138419, 108523, 0
22533.5, 363305, 0
134121, 157127, 0
222120, 223983, 0
94061.3, 159762, 0
125087, 147901, 0
114699, 83655.5, 0
126306, 153203, 0
159599, 98969.6, 0
82766.3, 65994.4, 0
84767.3, 27743.9, 0
111712, 47651.4, 0
128867, 116763, 0
150640, 121806, 0
142747, 106015, 0
196162, 166383, 0
148426, 11750.3, 0
184362, 220373, 0
85063.8, 257106, 0
139428, 123303, 0
105929, 60096, 0
36767.7, 28980.9, 0
144486, 245868, 0
131192, 13123.8, 0
141721, 107422, 0
283050, 33473.1, 0
107417, 11619.5, 0
124593, 74100.9, 0
146060, 88572.8, 0
27739, 18370.5, 0
263530, 63056.8, 0
178810, 182479, 0
80443.2, 1347.85, 0
131946, 99073.1, 0
80646.9, 52087.5, 0
120883, 222114, 0
63610.2, 13749.9, 0
155062, 114673, 0
108133, 99066.3, 0
105708, 71138.6, 0
191937, 338798, 0
74927, 38553.3, 0
182275, 175145, 0
98972.8, 231520, 0
141518, 211888, 0
163767, 69721.4, 0
32154.2, 20936, 0
159612, 56270, 0
155614, 105859, 0
125056, 63815.9, 0
112193, 188859, 0
82595.8, 62620.1, 0
123472, 123339, 0
92130.9, 259192, 0
94329.9, 31663, 0
148287, 251399, 0
151914, 187491, 0
79285, 53595.9, 0
59767.7, 5422.38, 0
113286, 111368, 0
232549, 89816.4, 0
306481, 11646.1, 0
164409, 104090, 0
74504.7, 55324.9, 0
316377, 139506, 0
235548, 60493.3, 0
70065.1, 34305.7, 0
141934, 179614, 0
124119, 113057, 0
152501, 128927, 0
132797, 173639, 0
65581.4, 56105.4, 0
99700.7, 97768.4, 0
120177, 12343.3, 0
145059, 143853, 0
141256, 135167, 0
126002, 70058.2, 0
97990.4, 19677.1, 0
201884, 104106, 0
75836.3, 66214.2, 0
53417.4, 44928.9, 0
110983, 59469.7, 0
103537, 16049.3, 0
154439, 102167, 0
146118, 46520.7, 0
141316, 94588.6, 0
78362.8, 16064.2, 0
138470, 203942, 0
201866, 120758, 0
340151, 152102, 0
63881, 27821.8, 0
124681, 100452, 0
122094, 49341.9, 0
207220, 50820.3, 0
187157, 144034, 0
129484, 98139.5, 0
115965, 145531, 0
166595, 36985, 0
99101, 25131.2, 0
277105, 334132, 0
111511, 151870, 0
121452, 167437, 0
90137.1, 58751.9, 0
92821.3, 165954, 0
195421, 101584, 0
118463, 134903, 0
180631, 170474, 0
192822, 18506.8, 0
143425, 163689, 0
99057.4, 71764.2, 0
52552.1, 32459.6, 0
116484, 37594.4, 0
116640, 40181.7, 0
123323, 171449, 0
276380, 52533.3, 0
159592, 10982.2, 0
138735, 119213, 0
87034.8, 28795.8, 0
128306, 213439, 0
106527, 9745.28, 0
135322, 27850.2, 0
154973, 133978, 0
95348.7, 74009.2, 0
93147.9, 55891.3, 0
112857, 90556.5, 0
151334, 133017, 0
138313, 254861, 0
123514, 48016.7, 0
182556, 196772, 0
105636, 94222.4, 0
179434, 130588, 0
217634, 167428, 0
192297, 152388, 0
203773, 121316, 0
163520, 54354, 0
130785, 94829.8, 0
191466, 106779, 0
95244.1, 221254, 0
112835, 244350, 0
212868, 97786.3, 0
105985, 54724.3, 0
149072, 39660.1, 0
226783, 51876.7, 0
252150, 10571.2, 0
142333, 128536, 0
154488, 119459, 0
99226.3, 144627, 0
213663, 56664.8, 0
78778.7, 52430.7, 0
123795, 134690, 0
79866, 234535, 0
97664.4, 74301, 0
136554, 83470, 0
148547, 90028.7, 0
318800, 97862.4, 0
159207, 54107.9, 0
50882.3, 46620.8, 0
155571, 56653.1, 0
41065.7, 34020.9, 0
110813, 117776, 0
148349, 145801, 0
98128.3, 167752, 0
97507.7, 145770, 0
85028, 54131.2, 0
256812, 111989, 0
217125, 309009, 0
123172, 118116, 0
114052, 195746, 0
113027, 196510, 0
156207, 123131, 0
143395, 153104, 0
187122, 144760, 0
212364, 189706, 0
190798, 54347.1, 0
163523, 263499, 0
59582.2, 30816.8, 0
152422, 23522.5, 0
146212, 195605, 0
283995, 81214.7, 0
127493, 27438.9, 0
214990, 244905, 0
131692, 153672, 0
123617, 157279, 0
88359.8, 62737.9, 0
120933, 150838, 0
152455, 92451.2, 0
99677.6, 54540.3, 0
98312.8, 73997.2, 0
145538, 130088, 0
55174.8, 7996.41, 0
119428, 189558, 0
150800, 102717, 0
164172, 118230, 0
63368.2, 51009.7, 0
167334, 38777.7, 0
137266, 75245.7, 0
141815, 199236, 0
146713, 123038, 0
82214.3, 35407.6, 0
103262, 282350, 0
108084, 33651.5, 0
219899, 59155.5, 0
177614, 212316, 0
93500.7, 67626, 0
177112, 151769, 0
345204, 92116.9, 0
146051, 93264, 0
198920, 176480, 0
106601, 111146, 0
82532.3, 182302, 0
150831, 66315.9, 0
200703, 145133, 0
118051, 156254, 0
167748, 137808, 0
71402.1, 46428.7, 0
120705, 83571.5, 0
130011, 140692, 0
54201.4, 46985.6, 0
146189, 189484, 0
64079.7, 30915.4, 0
116563, 36688.8, 0
155286, 96754.6, 0
129171, 147085, 0
113515, 73889.4, 0
132594, 76838.8, 0
130931, 103263, 0
122383, 263320, 0
175482, 68354.4, 0
133008, 140103, 0
148157, 48833.1, 0
141235, 94769.9, 0
115306, 78859.2, 0
119218, 143838, 0
196139, 73490.8, 0
119811, 93579.8, 0
80236.4, 56824.5, 0
249242, 146748, 0
186875, 194128, 0
181234, 3189.79, 0
98823.1, 137373, 0
152640, 61399.4, 0
143769, 62965.9, 0
54875.7, 32919.9, 0
92190.6, 51143, 0
94348.5, 68605.2, 0
158836, 132721, 0
127210, 99536.7, 0
111405, 117629, 0
155878, 60493.5, 0
47360.6, 42798.5, 0
225062, 141054, 0
118808, 152038, 0
35214.4, 14092.9, 0
89430.7, 21299.9, 0
158561, 250264, 0
130947, 117167, 0
188842, 139859, 0
143264, 217087, 0
137089, 23181.8, 0
99775.3, 169015, 0
78995.4, 279448, 0
255269, 186266, 0
100955, 34299.8, 0
165340, 121046, 0
133979, 189695, 0
119778, 173360, 0
116104, 117433, 0
103926, 65875, 0
70287.5, 52114.8, 0
48956.1, 31419.8, 0
141251, 265606, 0
113465, 216149, 0
66576.3, 54593.3, 0
230838, 127029, 0
214367, 11169.6, 0
195773, 167606, 0
81597.6, 33930, 0
128692, 79642.5, 0
170705, 70291.7, 0
105637, 108209, 0
81950, 79727.3, 0
138490, 52770.9, 0
194005, 147344, 0
152391, 68707.5, 0
266515, 87307.4, 0
100791, 91177, 0
76613, 53939.4, 0
97882.3, 183502, 0
150856, 166437, 0
254299, 17158.2, 0
155068, 67888.3, 0
124282, 84925.2, 0
105086, 154594, 0
86172.9, 73495.4, 0
84172.5, 70596.4, 0
67290.9, 55115.6, 0
160168, 207503, 0
116505, 206287, 0
142688, 162672, 0
129729, 95713.9, 0
104444, 104329, 0
268833, 207740, 0
108121, 108761, 0
140907, 206661, 0
89201.8, 288053, 0
126254, 227558, 0
158533, 222549, 0
105048, 57287.6, 0
34164.8, 25066.6, 0
178123, 45519.7, 0
114184, 82764.4, 0
86595.5, 32504.8, 0
85020.9, 197868, 0
100119, 75143.6, 0
72991.1, 14546.7, 0
118549, 135795, 0
109523, 115227, 0
98172.1, 282095, 0
213986, 79578.5, 0
64094, 17293.6, 0
200123, 61402.6, 0
61648.7, 23003.2, 0
133696, 95410, 0
196739, 159259, 0
40230.1, 17923.3, 0
110906, 104773, 0
145305, 54078.3, 0
147003, 54056.5, 0
113658, 135586, 0
69971.8, 56962.3, 0
180677, 67101.5, 0
56123.4, 36922.5, 0
135395, 94825.7, 0
173799, 134075, 0
124455, 229192, 0
154385, 101226, 0
98619.3, 34874.7, 0
106751, 124019, 0
120415, 97401.6, 0
154580, 162167, 0
22989.6, 19716.7, 0
97361.9, 231039, 0
141962, 144678, 0
68685.3, 46195.3, 0
111617, 62619.4, 0
117456, 188403, 0
239454, 141180, 0
107672, 121509, 0
78524.5, 234350, 0
150356, 118896, 0
118693, 55727.2, 0
209212, 23583.3, 0
213378, 28807.1, 0
127905, 66530.3, 0
251714, 119876, 0
106349, 150274, 0
70667, 62916.4, 0
91177.6, 85411.6, 0
129994, 68610.2, 0
34477.4, 28037.8, 0
146060, 51569.6, 0
55952, 303077, 0
142543, 120890, 0
89902.9, 65224.6, 0
163502, 140128, 0
94999.1, 216574, 0
107487, 193125, 0
125963, 80064.9, 0
182954, 44664.5, 0
147963, 178656, 0
201620, 121540, 0
97623.9, 48786.6, 0
170913, 90914.1, 0
133616, 81677.8, 0
138585, 132183, 0
158594, 340836, 0
122961, 139392, 0
207197, 64874.1, 0
63434.8, 47250.4, 0
161170, 186891, 0
102995, 199515, 0
199906, 30089, 0
15060.3, 5595.62, 0
91685.9, 199514, 0
116777, 292448, 0
147479, 188557, 0
89144.7, 50002.8, 0
54027.2, 20925.3, 0
98103.4, 36682.7, 0
84867.1, 48212.5, 0
205135, 155435, 0
179552, 76819.1, 0
93681.7, 78488.3, 0
129403, 16037.5, 0
170810, 34287.9, 0
107750, 82546.4, 0
217774, 132989, 0
167914, 73935.6, 0
140344, 142654, 0
138578, 91128.1, 0
167640, 78225.4, 0
153015, 136669, 0
150049, 357463, 0
177501, 80413.5, 0
241974, 86936.9, 0
123044, 193382, 0
100165, 182128, 0
106586, 115263, 0
115036, 119122, 0
185790, 63215.3, 0
117228, 106356, 0
228909, 59821.7, 0
130772, 160079, 0
93978.3, 261832, 0
149826, 105287, 0
170646, 51908.3, 0
84699, 61742.9, 0
111053, 225268, 0
109093, 64676.8, 0
168724, 35301.8, 0
196038, 212958, 0
130665, 7196.11, 0
230167, 112357, 0
77626.9, 7172.17, 0
109032, 164688, 0
88929.9, 260505, 0
122204, 127489, 0
140498, 31106.9, 0
147619, 165343, 0
151779, 61126.8, 0
198926, 183784, 0
88885.7, 188988, 0
228449, 105252, 0
28389.5, 19153.2, 0
176923, 175559, 0
113734, 193015, 0
231646, 74007.8, 0
116038, 196391, 0
118698, 134659, 0
115980, 18970.1, 0
88322.9, 22353.6, 0
118335, 100838, 0
90936, 202056, 0
97974.8, 106543, 0
138466, 56088.4, 0
150612, 62099.1, 0
64903.3, 49138.6, 0
91184.2, 54586.7, 0
101179, 44454.3, 0
112662, 202722, 0
46144, 322775, 0
111908, 9611.85, 0
118444, 17962.8, 0
88509.5, 256075, 0
154231, 110578, 0
50081.4, 318222, 0
70161.9, 45856.5, 0
134261, 73562.3, 0
160355, 68386.7, 0
126755, 49829.7, 0
165338, 202941, 0
86349.6, 163902, 0
158343, 231234, 0
178925, 31988.2, 0
127364, 74518.8, 0
147637, 130156, 0
183215, 103482, 0
169713, 60657.8, 0
84266.6, 265350, 0
112796, 97732.4, 0
61809.1, 11348.8, 0
41448.1, 5941.93, 0
129405, 75568.8, 0
90147.3, 74324.7, 0
44797.9, 354198, 0
100062, 298864, 0
179365, 85754.3, 0
224131, 64743.9, 0
103931, 132322, 0
129825, 127545, 0
97959.2, 215988, 0
127568, 38881.9, 0
45620.4, 31112, 0
100461, 81410.4, 0
157418, 195489, 0
85439.8, 66276, 0
111575, 59608.7, 0
109564, 233005, 0
161164, 404326, 0
94437.8, 253794, 0
56838.1, 46068.7, 0
123580, 42400.8, 0
100958, 61752.3, 0
118496, 109704, 0
123269, 49528, 0
132678, 90290.1, 0
145950, 31151.8, 0
146886, 120877, 0
84003.4, 85717.2, 0
123030, 63912.5, 0
38945.1, 20597, 0
223082, 190019, 0
218262, 248091, 0
131046, 131675, 0
128657, 72832, 0
109598, 107914, 0
162919, 170427, 0
176778, 106307, 0
171108, 117490, 0
166051, 214491, 0
105510, 171976, 0
201746, 108770, 0
190164, 17732.2, 0
119988, 66904.7, 0
267423, 123166, 0
113760, 128438, 0
148052, 68625.6, 0
183927, 94973.4, 0
41913.5, 34751.6, 0
128967, 90918.8, 0
72776.6, 52552.7, 0
119790, 160396, 0
159497, 194522, 0
144579, 198805, 0
197424, 130422, 0
125221, 103183, 0
103694, 73319.2, 0
92846.5, 50190.7, 0
131131, 154239, 0
111610, 61599.8, 0
193833, 149821, 0
151191, 43687.4, 0
42044.9, 39146.8, 0
177702, 132569, 0
99519.4, 39614.6, 0
112385, 169444, 0
272771, 152910, 0
215111, 197150, 0
101126, 146405, 0
159335, 175252, 0
127798, 172413, 0
326399, 100210, 0
137455, 133705, 0
118568, 124984, 0
143593, 72774.8, 0
161967, 282712, 0
131803, 233117, 0
170726, 95381.4, 0
188608, 134825, 0
139254, 154630, 0
84780, 59054.1, 0
123135, 57431.7, 0
31451.9, 23733.3, 0
199590, 88461.4, 0
176839, 159261, 0
142709, 77564.6, 0
72554.1, 12146.8, 0
45934.6, 10330.6, 0
126611, 184821, 0
142814, 102866, 0
87198.5, 53226, 0
136749, 43457.8, 0
90168.4, 72326.1, 0
150031, 182017, 0
131584, 163116, 0
146090, 42700.1, 0
110487, 271948, 0
108566, 91086.2, 0
150633, 136507, 0
173669, 138182, 0
107645, 85676.4, 0
102551, 66166.3, 0
141715, 64830.5, 0
166435, 236436, 0
184311, 263210, 0
119635, 98892.7, 0
141748, 267466, 0
88036.2, 108342, 0
119957, 175291, 0
140877, 64599.6, 0
171235, 194723, 0
164540, 102391, 0
92674.4, 214810, 0
112665, 116523, 0
84081.2, 76498.9, 0
222400, 48889.1, 0
153797, 157814, 0
84359.1, 186592, 0
135264, 159444, 0
150137, 114547, 0
121597, 99534.5, 0
65471.9, 18093.4, 0
76081.1, 6304.63, 0
80977.3, 67979.9, 0
98040.2, 80821.4, 0
348450, 14101.5, 0
132246, 78709.6, 0
90530, 58770, 0
137798, 110747, 0
143190, 182472, 0
161378, 142773, 0
109238, 74462, 0
150242, 123150, 0
174557, 181822, 0
116161, 55158.2, 0
119514, 203365, 0
75983.9, 64042.6, 0
137626, 76081.4, 0
80320.8, 177906, 0
144153, 189668, 0
97317.7, 33555.6, 0
119947, 113428, 0
122323, 92278.5, 0
103173, 19334.5, 0
116957, 4327.07, 0
111252, 113493, 0
159850, 84892.6, 0
93567, 139435, 0
157663, 46808.2, 0
183129, 115652, 0
130701, 25246.2, 0
7765.34, 6745.34, 0
92739.3, 199101, 0
103807, 63705, 0
143916, 115173, 0
218436, 191705, 0
158996, 182856, 0
128114, 66085, 0
118828, 120913, 0
90889.4, 32627.9, 0
101465, 15824.7, 0
169807, 93236.9, 0
54332, 339445, 0
145723, 161162, 0
143307, 35465.6, 0
61020.2, 45656.2, 0
89791.5, 88678.4, 0
136396, 70280.9, 0
219168, 62731.3, 0
114218, 105787, 0
247768, 209335, 0
140749, 110755, 0
47289.5, 30069.3, 0
167742, 63979.2, 0
270406, 212011, 0
21691.4, 15914.8, 0
147694, 98229.5, 0
114002, 109232, 0
148119, 165665, 0
127721, 123354, 0
119425, 70260.1, 0
131254, 109296, 0
151811, 116220, 0
140044, 94839.9, 0
135868, 19534.5, 0
119078, 36231.7, 0
122186, 229986, 0
230907, 63733, 0
154026, 176802, 0
195258, 89781, 0
140289, 69903.5, 0
260749, 155549, 0
85034.5, 130151, 0
108938, 192719, 0
156837, 35271.3, 0
111332, 121976, 0
221454, 130119, 0
105006, 88300.1, 0
143557, 126419, 0
135956, 93019, 0
130527, 88742.7, 0
40368.3, 284372, 0
168577, 289798, 0
142651, 230317, 0
213423, 121227, 0
150533, 126964, 0
185925, 120813, 0
42143.1, 25664.8, 0
128393, 118081, 0
80509.6, 200678, 0
86655.9, 76676.3, 0
114297, 168037, 0
164552, 122130, 0
119661, 157761, 0
115051, 224043, 0
116949, 100336, 0
188567, 83760.6, 0
114737, 170782, 0
85129.6, 21036.5, 0
223734, 163470, 0
62023.5, 45313.8, 0
144317, 96493.4, 0
133947, 35334.9, 0
47390.3, 241565, 0
96322.4, 58510.8, 0
122508, 112276, 0
169977, 25699.3, 0
115735, 173207, 0
196605, 174029, 0
235285, 68960.6, 0
147736, 131225, 0
178360, 48524.7, 0
142876, 201067, 0
155316, 228892, 0
80855.1, 61801.6, 0
61295.9, 44376.6, 0
62218.3, 49542.7, 0
118144, 129498, 0
60922.5, 38824, 0
211897, 43103.6, 0
87092.5, 7373.84, 0
151307, 31882.8, 0
187897, 147577, 0
106214, 233767, 0
55310.9, 17543.2, 0
68134.5, 236185, 0
149036, 164089, 0
48095.5, 21044.4, 0
202306, 229001, 0
128215, 63591, 0
131878, 151742, 0
101637, 46692, 0
136558, 129727, 0
50515.5, 235599, 0
207134, 87886.3, 0
187615, 80110, 0
206846, 43507.7, 0
59395.6, 40410.5, 0
89032.5, 136621, 0
193152, 102602, 0
53425.5, 25290, 0
165225, 106265, 0
177644, 40665.9, 0
108752, 15177.2, 0
155739, 55151.6, 0
90632.8, 175782, 0
183939, 97892.6, 0
137761, 124269, 0
54706.3, 42495.4, 0
85411.6, 326500, 0
115033, 96849.7, 0
162140, 163333, 0
96972.5, 80790.8, 0
124679, 148254, 0
137828, 166801, 0
102023, 86960.5, 0
136645, 34489.3, 0
232341, 140230, 0
142813, 164069, 0
175142, 159532, 0
157983, 87088, 0
110335, 142247, 0
187387, 129939, 0
158731, 73176, 0
124591, 202669, 0
193865, 192593, 0
128511, 123289, 0
105114, 48282.2, 0
213828, 101117, 0
204659, 149759, 0
200428, 82121.3, 0
102272, 58919.3, 0
43318.5, 28530.7, 0
96382.4, 254906, 0
200921, 92714.4, 0
94609.7, 104946, 0
114201, 167662, 0
96304.6, 154961, 0
219682, 181698, 0
120935, 96377.4, 0
118577, 195473, 0
111414, 112869, 0
118083, 56103.8, 0
146001, 214807, 0
46914.6, 10080.6, 0
126537, 50596.5, 0
97240.8, 119127, 0
150701, 134479, 0
94332.7, 30718.5, 0
196295, 57358.8, 0
106243, 118496, 0
180559, 135729, 0
119777, 53732.8, 0
156378, 63661.2, 0
106517, 161384, 0
173521, 178727, 0
108759, 235299, 0
165144, 90126.6, 0
71741.5, 18402.1, 0
208752, 97812.1, 0
133671, 100257, 0
113196, 194191, 0
190873, 227591, 0
79592.4, 27939.6, 0
130765, 54129.7, 0
210894, 175934, 0
97321.9, 188192, 0
134654, 30360.4, 0
91893.8, 50547.4, 0
84473.1, 57664.6, 0
146181, 148147, 0
117086, 118703, 0
103891, 86801.9, 0
140943, 72154.1, 0
114434, 206022, 0
169444, 167701, 0
118944, 137496, 0
114498, 158387, 0
180352, 21337.8, 0
157068, 249468, 0
156035, 205479, 0
103419, 193450, 0
134605, 125252, 0
70000.8, 215288, 0
85160.7, 33095.7, 0
192870, 124065, 0
71115, 27310, 0
159105, 126802, 0
97296.3, 33254.4, 0
117657, 68974, 0
159345, 268767, 0
102047, 108957, 0
136692, 130858, 0
181938, 90558, 0
256943, 150624, 0
181648, 186397, 0
176327, 96348.5, 0
175487, 37328.5, 0
113180, 212385, 0
125462, 177954, 0
111098, 192676, 0
83258, 90487.6, 0
82307.5, 38515.5, 0
162937, 81787.9, 0
99249.7, 89807.7, 0
93748, 185892, 0
88706.5, 77017.4, 0
63503.5, 52529.5, 0
166842, 70041.4, 0
189470, 43178.7, 0
56277.3, 37005.8, 0
98961.2, 45301.3, 0
116487, 72995.6, 0
150306, 188063, 0
42213.1, 304272, 0
95957.6, 93934.3, 0
168169, 101749, 0
93526.3, 139800, 0
70881.7, 52716.3, 0
157961, 59877.7, 0
162778, 112554, 0
98499.6, 55395.3, 0
158326, 95305.9, 0
95003.2, 184525, 0
139671, 75887.8, 0
158336, 162704, 0
114822, 161313, 0
157458, 89824.5, 0
156401, 105040, 0
147330, 159881, 0
129406, 82945.1, 0
103094, 30134.1, 0
172829, 73695.8, 0
100965, 189753, 0
111615, 135768, 0
127826, 114741, 0
31741.2, 274417, 0
178799, 128361, 0
230582, 33307.8, 0
137699, 133300, 0
201849, 169756, 0
208723, 191566, 0
122020, 155403, 0
132097, 105467, 0
100006, 223171, 0
146952, 6390.19, 0
142294, 60803.8, 0
76069.9, 60950.7, 0
144250, 112616, 0
93202.6, 24121.9, 0
143050, 95477, 0
136173, 246745, 0
127355, 57918.2, 0
152529, 89014.1, 0
79315.7, 42635.8, 0
119639, 47525.5, 0
184374, 218311, 0
179839, 172782, 0
153487, 174244, 0
120083, 155816, 0
134891, 190447, 0
86644.5, 49906.5, 0
77782, 63302.1, 0
77268.9, 37713.9, 0
95828.1, 171965, 0
120670, 70524.7, 0
101925, 93286.8, 0
130556, 151209, 0
119768, 102046, 0
183852, 133527, 0
95226.8, 102045, 0
148103, 76699.1, 0
141048, 153878, 0
60364.7, 50431.6, 0
132297, 132709, 0
144869, 73032.4, 0
85581.7, 60803.1, 0
100737, 83591.5, 0
164279, 133481, 0
118050, 128863, 0
142240, 19801.6, 0
100177, 132547, 0
92202.4, 80211.6, 0
107639, 68663.4, 0
126057, 160641, 0
90514, 73212.4, 0
152044, 154889, 0
94986.2, 75311.6, 0
94141.7, 158048, 0
126791, 125814, 0
186864, 100436, 0
131045, 55174.6, 0
131204, 133101, 0
120089, 128551, 0
102233, 37708, 0
130273, 262362, 0
163747, 68423.7, 0
164810, 166604, 0
125919, 127582, 0
66425.8, 50965.7, 0
176309, 114478, 0
170035, 185678, 0
106251, 30863.6, 0
114766, 236927, 0
137886, 222341, 0
87935.6, 69208.6, 0
110617, 52998.5, 0
171978, 65109.5, 0
93558.9, 81859.2, 0
88821.9, 6229.1, 0
160657, 267036, 0
117413, 203200, 0
244774, 93362.4, 0
168325, 50796.3, 0
120145, 154047, 0
107288, 64261.8, 0
76862, 377964, 0
109867, 184775, 0
137320, 142505, 0
170889, 266154, 0
203005, 196677, 0
142273, 122833, 0
27418.1, 9488.69, 0
215558, 19505.9, 0
173014, 127015, 0
150288, 115961, 0
217074, 94429.9, 0
125139, 179514, 0
140948, 117734, 0
109699, 93801.9, 0
109619, 143154, 0
130000, 89972.3, 0
155549, 36395.5, 0
145766, 105693, 0
100350, 72701.3, 0
122810, 154793, 0
126091, 89113.9, 0
148794, 82478.9, 0
100739, 213686, 0
161317, 10069.4, 0
115635, 26826.6, 0
103014, 52376.7, 0
180634, 153880, 0
89159.3, 20702.8, 0
135730, 75643.9, 0
94697.4, 22750.9, 0
145086, 140047, 0
173367, 98771.9, 0
151500, 105354, 0
97667.8, 187900, 0
101317, 76937.4, 0
66908.5, 42002.7, 0
216666, 128626, 0
95980.8, 143934, 0
69891.9, 64379.1, 0
161081, 158554, 0
100029, 192498, 0
119960, 31189.7, 0
218363, 47107.6, 0
77120.7, 254316, 0
118791, 78755.2, 0
200068, 104293, 0
119085, 162237, 0
278923, 105383, 0
113090, 100662, 0
105896, 40749.3, 0
199748, 112495, 0
122824, 83174.1, 0
122733, 128139, 0
72407.5, 53393.1, 0
129403, 195153, 0
96049.6, 71527.3, 0
71536.8, 43077.4, 0
113732, 289066, 0
139506, 83253, 0
192153, 127757, 0
190519, 133474, 0
129951, 110460, 0
107987, 62389, 0
45030.5, 37645.3, 0
110478, 181379, 0
125404, 114781, 0
117288, 76833.4, 0
91450.3, 231258, 0
19734.8, 16597.5, 0
149503, 99598.2, 0
136556, 124457, 0
132542, 161085, 0
165561, 89815.9, 0
118338, 126909, 0
130900, 108065, 0
152567, 104122, 0
114548, 153031, 0
180097, 115424, 0
139153, 231687, 0
97935.1, 92050, 0
240455, 85499, 0
55092.9, 46447, 0
124876, 135148, 0
227984, 162679, 0
120156, 92231.3, 0
61873.7, 237416, 0
91935.3, 89796.6, 0
112726, 93459.6, 0
106784, 67688.7, 0
87840.5, 139665, 0
138406, 65724.8, 0
173917, 256541, 0
56358.7, 28805.6, 0
61826, 47562.4, 0
62717.4, 50127.7, 0
165291, 235302, 0
108775, 84541.8, 0
122942, 161120, 0
72641.1, 43222.6, 0
107815, 81830.9, 0
40079.6, 12391, 0
140679, 102962, 0
203886, 78578.9, 0
155254, 89197.5, 0
142714, 133941, 0
177351, 103617, 0
90291.2, 163863, 0
149678, 72047.3, 0
239275, 80296.2, 0
188281, 187215, 0
52166, 40659.8, 0
243256, 168786, 0
96819.8, 151167, 0
111364, 57813.6, 0
103979, 127780, 0
148950, 84824.9, 0
100891, 216170, 0
122055, 151006, 0
163318, 80311.6, 0
107775, 239270, 0
88881.3, 57835.9, 0
85738.6, 65293.9, 0
45406.6, 40458.6, 0
96270.6, 86349.5, 0
158071, 115292, 0
80783.3, 67611.6, 0
128124, 32395.1, 0
113059, 57808.3, 0
188575, 79558.1, 0
149376, 48123.8, 0
160261, 302003, 0
113623, 68907.8, 0
177037, 147722, 0
146448, 119590, 0
85050.8, 64084.9, 0
119520, 163268, 0
129718, 243772, 0
84044.1, 284088, 0
100683, 158806, 0
170633, 193383, 0
141166, 130663, 0
173906, 239972, 0
339285, 104972, 0
125386, 154754, 0
147327, 114917, 0
169443, 215909, 0
178798, 133977, 0
118493, 165852, 0
86767.6, 161052, 0
63940.4, 27091.5, 0
234924, 218101, 0
167729, 157825, 0
145822, 133535, 0
113080, 226109, 0
127441, 150695, 0
222798, 116605, 0
97215.1, 87292.5, 0
98311.7, 42298.2, 0
152613, 146313, 0
85650.2, 51677.9, 0
185185, 12873.5, 0
195495, 338972, 0
102263, 9329.77, 0
160762, 85033.4, 0
112812, 72982.8, 0
57265.4, 15811.2, 0
117024, 152862, 0
85345.1, 43610.1, 0
114932, 110018, 0
124468, 295529, 0
148538, 43220.7, 0
146333, 217844, 0
215343, 93354.9, 0
260930, 62267.6, 0
148864, 67145.2, 0
273508, 37028.3, 0
197265, 39604.1, 0
120889, 65553.5, 0
169672, 78110.2, 0
177774, 102684, 0
66988.2, 55436, 0
174864, 121422, 0
96462.9, 120730, 0
156836, 262912, 0
85652.2, 156410, 0
89295.6, 80967, 0
132699, 183243, 0
237798, 203807, 0
120492, 97838.3, 0
173834, 147222, 0
228402, 287377, 0
99535, 205041, 0
131996, 71106, 0
83003.5, 207039, 0
70301, 290938, 0
171276, 105604, 0
85945.6, 205508, 0
112675, 145832, 0
153643, 185739, 0
59844.1, 36514.7, 0
235260, 241535, 0
140030, 108926, 0
47844.5, 29023.8, 0
154643, 49192.9, 0
117251, 147945, 0
38375.2, 242745, 0
146355, 68762.8, 0
126797, 151078, 0
119357, 38417.8, 0
302710, 79169.1, 0
139106, 119397, 0
123661, 112444, 0
218103, 61051.9, 0
104822, 127945, 0
130065, 186221, 0
112743, 112518, 0
177954, 70994.5, 0
199208, 87732.7, 0
56536.4, 13341.8, 0
121717, 150565, 0
66136.8, 30850.8, 0
42433, 29754, 0
196521, 127700, 0
161907, 293263, 0
180760, 101910, 0
132908, 44515.5, 0
80834.5, 215938, 0
125422, 136486, 0
101337, 230198, 0
100422, 91702.8, 0
77864.8, 66939.8, 0
75557.7, 12575.8, 0
112969, 94683.4, 0
58478.1, 41235.2, 0
120990, 89080.2, 0
256737, 39092.4, 0
151981, 79058.7, 0
39568.9, 30327.5, 0
162347, 28286.9, 0
118903, 158918, 0
127485, 190772, 0
126325, 51634.8, 0
145059, 181120, 0
136584, 143365, 0
101700, 54869.6, 0
158179, 55876.8, 0
162327, 63083.4, 0
211505, 93887.3, 0
99959.5, 23180.3, 0
158451, 103093, 0
98337.9, 59245.2, 0
142973, 34801.5, 0
51063.5, 30315, 0
91031.5, 57379.7, 0
9831.77, 5385.57, 0
165791, 40153.1, 0
147792, 58379.2, 0
42368, 34223, 0
261411, 93307.7, 0
152170, 62196, 0
89632.7, 62447.8, 0
88231.1, 177395, 0
102013, 67811.9, 0
150267, 72498.1, 0
132514, 164651, 0
114373, 11925.6, 0
106713, 84200.1, 0
47108.1, 28803.2, 0
91531.3, 74082.3, 0
179293, 53142.6, 0
91689.5, 205543, 0
126092, 44404, 0
57670.6, 33528.2, 0
103763, 128880, 0
161660, 159934, 0
114204, 95988.6, 0
116268, 276936, 0
92204, 145490, 0
18677.4, 14957.7, 0
70370.6, 18549, 0
119175, 92960.1, 0
168954, 64881.1, 0
64954.2, 41050.7, 0
75482.6, 29273.1, 0
126397, 88170.3, 0
146857, 99422.8, 0
190579, 13480.9, 0
161165, 132177, 0
210142, 313236, 0
167206, 61142.5, 0
115503, 216023, 0
98220.1, 50573.7, 0
156883, 375147, 0
135883, 61352.2, 0
87599.2, 179323, 0
126128, 56788.8, 0
133624, 135534, 0
203243, 125320, 0
222355, 49478.6, 0
229652, 70929.5, 0
79067.9, 53655.4, 0
132272, 150811, 0
72364.1, 65541.4, 0
154204, 132478, 0
164014, 89324.8, 0
176093, 22281, 0
154031, 30484.5, 0
93628.2, 152951, 0
133573, 249066, 0
124884, 170959, 0
162137, 162025, 0
169092, 254207, 0
195906, 107312, 0
156664, 10075.1, 0
91969, 82640.7, 0
103916, 169945, 0
138637, 70235.6, 0
204859, 79174, 0
115031, 195507, 0
93328.8, 129844, 0
129062, 72363, 0
119041, 277016, 0
128718, 92686.2, 0
135284, 105297, 0
75775.5, 55902.5, 0
232598, 148566, 0
16634.8, 6034.46, 0
100153, 138443, 0
153555, 29601.8, 0
60208.2, 33358, 0
100590, 53390.3, 0
94611.2, 77906.8, 0
94194, 78511, 0
114385, 211525, 0
102882, 228263, 0
134948, 107117, 0
89324.1, 269616, 0
294470, 18837, 0
184576, 189607, 0
101274, 219909, 0
148497, 171402, 0
63196.3, 231819, 0
192614, 149250, 0
153782, 205295, 0
154508, 79865.4, 0
73741, 26087.8, 0
128151, 62636.7, 0
184312, 91079.4, 0
225526, 104156, 0
132078, 87273.7, 0
140532, 104174, 0
89700.4, 203224, 0
139025, 226007, 0
49236.5, 38618.6, 0
155039, 66668.9, 0
66200, 9620.42, 0
95474.2, 218987, 0
138566, 45362.7, 0
88253.2, 71704.4, 0
100007, 145785, 0
102813, 238843, 0
122566, 160916, 0
51501.9, 34079.6, 0
116986, 48768.3, 0
116423, 245994, 0
145836, 104809, 0
152148, 126926, 0
192724, 17235.4, 0
263246, 75539.8, 0
220186, 95147.1, 0
146376, 212255, 0
166644, 166976, 0
107057, 100872, 0
78210.8, 34892.9, 0
210278, 231330, 0
219270, 76693, 0
87797.2, 51775.2, 0
128189, 21346.4, 0
213379, 91688.5, 0
138107, 186684, 0
103065, 37360.1, 0
101030, 74189.9, 0
127645, 171169, 0
54238.8, 24818.9, 0
184055, 260471, 0
150730, 192743, 0
96601.2, 58774.6, 0
114725, 109202, 0
118729, 116147, 0
175027, 143075, 0
228303, 124087, 0
118572, 159111, 0
171534, 127570, 0
137266, 190521, 0
133663, 101557, 0
204971, 135788, 0
152869, 72066.6, 0
122661, 55786.5, 0
76413.2, 39921.3, 0
96501, 44360.1, 0
116295, 59590.2, 0
98230.4, 33104.8, 0
30809, 377299, 0
117202, 151343, 0
247488, 104542, 0
138704, 118329, 0
199685, 26787.3, 0
102470, 60867.2, 0
56233.4, 294289, 0
121068, 27845.8, 0
109742, 130860, 0
111731, 92562.2, 0
372692, 80554.2, 0
170608, 242391, 0
182980, 220197, 0
114768, 84026.5, 0
172588, 148841, 0
105201, 75251.6, 0
130544, 52264.1, 0
113914, 222143, 0
130026, 91675.1, 0
114449, 63977.6, 0
139496, 69668, 0
167647, 222664, 0
96979.5, 166860, 0
64185.4, 40349.3, 0
149978, 158200, 0
137857, 71057.1, 0
163150, 40226.3, 0
108518, 141331, 0
145598, 24158.8, 0
75713.4, 33064.9, 0
90832.3, 78923.6, 0
143133, 53111.3, 0
91851.6, 91408.6, 0
53152.2, 42799.8, 0
138958, 102146, 0
93815.5, 27682.2, 0
136745, 135614, 0
394448, 11213, 0
66622, 56720.3, 0
98438.4, 101579, 0
187587, 114880, 0
127662, 78842.8, 0
65909.7, 55932.3, 0
117798, 147204, 0
102749, 91429.6, 0
92246.4, 97239.8, 0
76608.5, 56923.1, 0
148422, 110447, 0
91403.5, 160399, 0
220545, 205393, 0
101770, 183229, 0
97557.4, 51636.3, 0
94104.8, 19898.2, 0
128037, 112410, 0
128200, 70719.7, 0
216637, 85248.4, 0
200156, 102687, 0
122097, 86744.7, 0
43625.4, 19197, 0
258974, 77287.8, 0
106159, 175292, 0
260373, 7588.93, 0
172454, 54140.1, 0
118645, 129582, 0
191666, 49929.7, 0
126435, 110331, 0
110579, 58246.7, 0
139238, 42385.8, 0
209885, 140973, 0
173436, 285587, 0
134863, 167248, 0
51413, 14368, 0
167890, 133415, 0
149949, 98997.8, 0
144833, 81157, 0
150284, 82864.3, 0
163982, 54184.3, 0
114730, 89129.2, 0
216960, 127435, 0
153065, 176740, 0
212890, 65809.3, 0
221398, 47745.9, 0
120706, 238987, 0
171747, 152962, 0
74322.5, 14486.6, 0
100589, 41877.6, 0
241623, 38173.2, 0
167245, 33000.4, 0
218833, 23199.8, 0
99357.1, 185511, 0
86777.7, 128082, 0
109062, 134847, 0
104237, 215846, 0
107170, 97547, 0
108782, 131271, 0
106653, 110381, 0
127650, 132467, 0
107880, 50744.8, 0
77018.1, 6906.54, 0
111059, 136928, 0
154167, 156018, 0
63325.5, 33285.8, 0
154185, 183521, 0
96539, 75292.3, 0
132850, 183548, 0
202899, 27754, 0
173352, 116113, 0
198143, 35868.1, 0
99879.8, 257979, 0
135284, 192977, 0
175275, 78997.2, 0
225123, 55114.7, 0
164842, 82134.5, 0
83233.3, 202967, 0
106367, 30963.7, 0
172358, 99617.5, 0
192994, 185151, 0
175045, 36198.2, 0
148770, 112228, 0
93783.1, 19089.1, 0
116851, 173673, 0
8578.09, 6192.16, 0
150241, 105213, 0
152118, 183017, 0
118125, 142464, 0
136585, 91667.1, 0
113360, 191840, 0
160158, 172380, 0
168172, 122927, 0
183331, 156138, 0
87448.4, 57299.3, 0
217137, 108291, 0
104183, 24210.3, 0
95611.1, 52072.4, 0
94840.3, 39771.4, 0
132154, 144872, 0
117057, 188088, 0
125054, 28913.5, 0
155448, 131395, 0
76728.1, 29386.9, 0
105459, 38748.5, 0
119379, 205079, 0
132959, 137711, 0
111124, 81763.5, 0
100660, 69152.7, 0
137045, 82892.5, 0
153748, 195924, 0
118265, 94859.3, 0
151282, 56204.6, 0
155690, 77901.6, 0
81019.7, 47021.1, 0
116844, 85476.8, 0
115556, 10615.3, 0
116735, 257466, 0
205788, 257391, 0
345226, 32199.4, 0
183936, 86649.1, 0
114782, 74891.2, 0
114736, 55172.2, 0
86758.2, 143055, 0
73075.7, 56094.6, 0
140205, 246466, 0
204234, 224993, 0
167466, 171616, 0
111734, 12644, 0
208182, 166740, 0
139331, 87075.4, 0
101592, 99804.3, 0
146680, 42645, 0
113164, 63440.1, 0
83290, 72055.3, 0
42797.2, 37261.7, 0
181400, 63988.2, 0
133415, 197389, 0
104507, 66644.1, 0
115660, 167825, 0
157022, 206676, 0
121755, 68725.5, 0
139581, 203315, 0
159600, 120705, 0
148569, 230269, 0
114480, 163037, 0
29977.8, 9193.08, 0
159146, 107202, 0
104935, 168443, 0
219657, 149538, 0
93065.3, 63973.6, 0
58040.1, 22652.8, 0
127375, 140941, 0
94231.1, 75763.9, 0
112026, 34269.9, 0
112902, 224592, 0
154560, 31479.7, 0
76948.9, 242394, 0
109645, 60874.4, 0
201528, 168551, 0
51937.9, 46611.5, 0
136044, 133880, 0
56383.8, 14986.5, 0
135532, 77052, 0
97503, 128125, 0
120803, 135889, 0
142960, 88107.5, 0
139213, 227415, 0
162159, 43704.6, 0
96230.6, 74290.6, 0
153508, 106154, 0
122951, 135125, 0
162159, 129818, 0
146482, 264238, 0
223666, 198610, 0
140514, 40278.3, 0
197285, 94562, 0
251134, 183850, 0
161488, 102198, 0
198681, 70722.1, 0
111750, 90874.6, 0
132988, 58837.4, 0
51916.5, 241093, 0
105746, 28161.2, 0
52169.8, 261580, 0
86858.4, 30632.3, 0
213017, 212967, 0
59480.2, 43548.1, 0
120761, 151486, 0
108182, 48084.2, 0
87884.8, 178694, 0
123144, 48020.4, 0
161487, 22139.7, 0
113102, 161917, 0
137249, 95157.1, 0
248135, 130783, 0
73801.4, 26079.2, 0
159487, 132453, 0
37678.3, 30083.6, 0
84980.3, 66665.1, 0
99052.2, 62589.7, 0
167891, 152350, 0
53282.3, 40136.4, 0
115474, 128198, 0
98582.4, 43862.1, 0
77614, 19272.4, 0
76960.9, 47211.9, 0
98929.6, 91217.7, 0
107857, 130654, 0
236588, 81434.8, 0
98573.1, 29603, 0
54704.3, 39065.1, 0
146882, 163902, 0
153208, 220227, 0
111983, 87870, 0
111218, 190783, 0
117821, 103719, 0
122003, 68486.7, 0
71431.1, 61974.1, 0
184599, 32420, 0
147176, 95649.2, 0
153755, 187679, 0
185565, 167405, 0
63594.6, 31123.1, 0
97769.8, 173261, 0
146089, 235693, 0
89268.7, 183293, 0
78477.3, 41130.1, 0
104840, 95507.2, 0
105302, 72195.7, 0
104679, 164225, 0
112637, 198735, 0
132003, 231013, 0
174779, 229433, 0
171180, 38351.8, 0
114093, 44338.4, 0
134648, 54496.9, 0
268853, 123564, 0
96564.7, 85819.5, 0
41127.4, 33865.7, 0
96850.6, 64609.4, 0
121143, 91822.1, 0
225395, 103083, 0
140323, 108068, 0
9160.82, 3342.76, 0
147053, 31044.2, 0
79790.2, 70006.9, 0
177405, 182109, 0
78273.9, 56411, 0
113789, 145194, 0
251607, 110590, 0
103788, 127548, 0
110829, 63359, 0
151967, 196945, 0
126739, 48423.8, 0
47569.2, 36657.3, 0
172982, 87942.2, 0
60286.9, 266509, 0
121556, 3058.41, 0
151905, 152772, 0
129130, 169168, 0
135125, 39457, 0
127977, 82842.1, 0
250393, 129280, 0
79155.1, 30158.2, 0
56947.8, 7694.81, 0
144395, 65333.7, 0
150657, 154162, 0
197240, 86955.9, 0
116936, 120377, 0
134786, 107293, 0
94865.3, 84290.4, 0
159837, 122337, 0
50676.4, 35873, 0
207139, 89922.6, 0
91448.8, 269192, 0
101235, 23865, 0
97274.3, 21359.1, 0
64572.8, 47979.2, 0
105625, 182195, 0
129949, 88482, 0
90367.5, 77559.3, 0
121901, 147457, 0
112047, 15995.8, 0
154101, 142899, 0
238070, 136990, 0
249494, 185754, 0
213852, 47903.3, 0
145816, 106989, 0
70033.9, 25159.5, 0
119124, 164595, 0
147242, 101968, 0
88912.7, 58356.5, 0
119192, 198376, 0
218110, 52905.2, 0
122304, 204555, 0
211079, 172976, 0
107988, 47765.9, 0
147871, 117767, 0
159631, 32728.8, 0
244323, 47249.3, 0
161365, 109328, 0
141088, 52630.4, 0
140580, 80360.9, 0
104386, 72348.1, 0
87607.2, 52431.8, 0
163104, 160629, 0
115243, 52964, 0
244120, 201112, 0
148227, 173657, 0
132922, 165224, 0
160177, 136452, 0
117976, 189390, 0
26052.8, 15963.4, 0
86744.1, 165067, 0
92304.1, 142993, 0
169450, 30193.3, 0
51204.9, 42341, 0
153973, 13864.3, 0
118349, 162873, 0
76666.3, 279068, 0
101698, 74481.6, 0
190615, 160940, 0
151675, 138516, 0
170346, 59805.7, 0
100225, 111039, 0
57335.4, 47685.7, 0
175308, 33416.6, 0
219571, 86091.9, 0
121777, 116824, 0
124136, 93109.9, 0
239573, 114187, 0
120102, 128070, 0
67898.3, 31461, 0
149766, 107418, 0
86147, 69868.5, 0
191397, 252550, 0
85490.2, 21874.2, 0
130049, 19106.3, 0
212178, 210527, 0
99849, 109866, 0
149595, 118637, 0
144859, 83360.7, 0
166116, 93890.6, 0
161249, 49195.6, 0
197725, 59392.7, 0
157748, 186693, 0
194574, 75389.6, 0
116067, 165418, 0
165654, 148732, 0
261125, 172700, 0
179150, 64916.8, 0
214718, 38896.2, 0
68485.9, 44630.6, 0
93462.7, 36812.2, 0
98838.2, 65277.3, 0
75769.5, 20527.4, 0
116156, 24996.7, 0
49187, 25664, 0
109144, 10680.6, 0
149522, 229115, 0
103951, 38977.6, 0
108301, 134704, 0
153368, 163603, 0
73064.3, 210791, 0
52492.3, 12950.5, 0
123589, 139493, 0
100439, 140457, 0
171958, 98890.8, 0
125350, 94661.6, 0
206967, 73113.1, 0
106558, 131425, 0
111562, 101285, 0
208259, 202011, 0
207053, 100925, 0
59964.7, 238847, 0
86278.5, 29754.6, 0
80434.8, 4277.78, 0
187411, 93719.2, 0
69060.8, 39268.4, 0
223128, 206864, 0
113490, 90022.3, 0
182757, 52288.4, 0
77948, 266262, 0
129068, 102695, 0
101122, 89920.1, 0
141330, 157193, 0
30847.9, 23962.7, 0
145809, 126668, 0
112211, 64134.9, 0
133466, 203186, 0
124990, 128232, 0
95427.6, 24368, 0
73505.4, 26344.2, 0
121725, 123464, 0
144716, 171428, 0
61456.6, 24375.7, 0
228981, 96295.1, 0
76317.5, 59801, 0
249776, 124316, 0
109399, 143966, 0
50556.1, 38366.3, 0
130705, 59544.8, 0
128983, 55350.7, 0
208648, 77170.2, 0
162464, 207788, 0
140063, 19417.5, 0
129148, 57616.5, 0
154661, 72905.3, 0
114598, 84658.2, 0
205841, 98142.4, 0
273063, 100999, 0
93070.4, 67939.4, 0
72640.4, 218698, 0
108891, 42600.6, 0
127326, 91619.9, 0
103366, 21550.8, 0
116333, 45727.4, 0
116248, 106202, 0
294110, 212717, 0
176863, 73403.2, 0
122659, 47688.7, 0
202098, 64778.1, 0
170209, 234434, 0
145182, 97489.8, 0
166691, 51369.3, 0
62508.7, 28153.7, 0
165694, 192426, 0
179684, 142377, 0
135344, 121685, 0
91991.2, 35435, 0
135482, 157620, 0
67082, 32520.5, 0
113053, 150708, 0
119060, 199915, 0
245645, 96030.6, 0
122468, 83314.8, 0
133602, 8709.84, 0
97577.1, 55839.6, 0
31471.9, 25341.9, 0
50786.2, 24625.4, 0
191803, 36036.8, 0
135772, 101553, 0
119858, 65244.3, 0
113664, 74851.2, 0
134372, 110481, 0
76627.9, 49639.7, 0
124286, 164483, 0
186832, 30831.1, 0
94011.3, 66923.5, 0
125237, 150712, 0
38375, 31598.9, 0
121315, 120100, 0
117601, 198219, 0
138686, 207782, 0
138539, 115764, 0
220176, 275040, 0
115752, 68538, 0
206857, 183336, 0
113240, 271586, 0
106462, 195133, 0
71777.5, 44395.5, 0
240056, 155755, 0
107617, 59207.2, 0
295461, 220449, 0
194675, 128520, 0
160314, 146854, 0
97108.7, 216925, 0
79022.6, 44333.5, 0
298885, 103260, 0
253991, 53377.4, 0
56250.6, 27925, 0
345510, 15943.5, 0
101737, 217140, 0
74157.6, 41773.8, 0
161671, 21926.1, 0
139332, 47179.9, 0
122993, 238275, 0
154641, 187474, 0
95178.2, 116044, 0
207408, 86470.5, 0
112529, 91346.7, 0
115388, 137467, 0
219707, 273370, 0
95414.9, 214373, 0
137062, 161830, 0
40311, 17526.3, 0
91875.4, 81390.3, 0
82225.8, 69435.2, 0
126269, 145158, 0
163992, 26223.1, 0
28797, 354591, 0
79979.6, 17852.3, 0
207424, 97961.6, 0
53704, 42554.5, 0
89154.2, 184079, 0
108204, 122038, 0
212038, 163968, 0
173304, 162937, 0
276817, 67385.1, 0
123422, 35428.5, 0
106791, 138703, 0
117486, 237432, 0
175452, 155453, 0
167894, 48446.1, 0
51375.8, 48097.6, 0
213274, 53539.7, 0
103699, 73534.8, 0
222041, 96253.8, 0
132581, 177074, 0
164657, 193227, 0
116160, 119226, 0
72720.1, 293100, 0
78954.9, 30073.6, 0
96937.4, 75791.4, 0
116988, 38341.4, 0
108346, 82767, 0
193461, 93246.2, 0
140830, 213003, 0
125504, 235658, 0
121504, 107674, 0
127683, 226341, 0
103623, 80724.4, 0
130100, 81795.2, 0
78870.3, 60535.6, 0
134125, 39475, 0
156760, 52605.8, 0
76736.6, 54679.4, 0
41953.7, 12851.7, 0
159360, 111109, 0
111478, 68871.7, 0
65077.2, 44758.8, 0
61006, 32259.4, 0
101408, 98128.5, 0
110548, 37512.2, 0
104851, 69733.9, 0
135950, 154360, 0
154898, 228647, 0
238170, 243920, 0
135866, 146211, 0
127132, 43656.1, 0
97177.2, 72525.3, 0
192593, 73768.5, 0
58484.7, 358240, 0
86861.8, 43118.5, 0
131359, 72835, 0
123161, 16164.2, 0
71065, 347413, 0
142555, 64389.3, 0
202172, 285381, 0
120302, 19766.2, 0
124341, 283414, 0
213470, 163902, 0
62254.1, 34286.2, 0
41780.8, 15539.1, 0
216102, 44535.7, 0
161723, 13592.4, 0
185766, 111908, 0
88958.3, 33530, 0
148756, 129892, 0
174849, 119050, 0
102355, 116270, 0
138740, 224068, 0
108615, 104791, 0
217617, 101108, 0
72221.7, 40480, 0
110210, 73323.4, 0
138227, 233829, 0
160312, 111749, 0
127302, 59632.4, 0
142376, 215176, 0
102869, 43318.7, 0
101174, 73598.5, 0
114011, 162636, 0
146625, 67110.5, 0
109930, 71053.1, 0
99486.8, 18718.3, 0
132782, 125048, 0
104687, 73515.6, 0
77014.5, 58964.2, 0
127999, 67698.5, 0
163515, 102386, 0
177307, 101580, 0
156188, 117189, 0
120964, 107472, 0
107506, 48234.8, 0
117275, 137604, 0
129961, 105365, 0
91166.3, 99310.5, 0
175093, 121093, 0
138795, 144252, 0
230662, 79382.8, 0
136082, 97697.6, 0
128036, 115869, 0
178331, 153802, 0
115449, 173558, 0
116250, 122435, 0
5495.31, 3213.02, 0
110148, 164487, 0
114607, 114985, 0
77374.6, 23213.2, 0
80328.4, 47927.9, 0
105571, 115094, 0
111163, 13391.6, 0
115039, 210581, 0
135822, 185110, 0
31662.1, 24850, 0
125460, 21965.2, 0
210890, 118535, 0
96703.4, 69928.4, 0
216340, 146432, 0
78895.5, 75777.6, 0
94038.8, 118761, 0
137892, 76044, 0
102800, 158349, 0
59392.4, 42861.9, 0
111939, 65741.2, 0
102255, 57356.3, 0
108114, 206118, 0
94860.3, 139530, 0
82891.7, 66914.8, 0
195519, 161925, 0
104737, 63073.1, 0
113597, 247671, 0
161126, 126195, 0
152955, 38168.8, 0
90107.9, 39727.8, 0
134023, 89285.4, 0
101889, 155317, 0
214574, 41421.4, 0
223635, 110278, 0
90158, 79112.5, 0
100513, 129088, 0
79189.8, 52391.2, 0
168147, 152291, 0
239843, 147656, 0
80119.6, 64313, 0
149010, 129420, 0
59356.5, 41066.2, 0
246949, 127034, 0
119177, 291185, 0
199102, 222720, 0
64510.9, 51463, 0
128329, 152625, 0
176036, 140303, 0
120250, 108261, 0
214921, 175564, 0
135543, 60609.7, 0
78186.8, 64349.4, 0
131063, 37095.7, 0
175050, 171402, 0
105389, 114828, 0
113532, 232766, 0
120704, 38899.2, 0
107253, 99357.7, 0
227181, 211521, 0
82184.5, 182078, 0
106837, 179723, 0
110353, 113584, 0
84266.6, 207516, 0
137116, 167040, 0
112926, 351584, 0
172544, 66904.3, 0
119373, 194297, 0
111326, 6324.63, 0
291851, 186110, 0
129124, 146095, 0
96062.4, 206288, 0
119304, 127100, 0
130764, 122823, 0
196999, 155539, 0
104536, 106680, 0
22913.5, 5406.01, 0
105480, 210784, 0
93322.4, 81783.5, 0
71050.4, 34504.7, 0
55819.1, 30608.9, 0
157726, 221688, 0
129666, 32516.3, 0
113825, 67949, 0
119353, 123165, 0
148426, 77871.6, 0
134830, 99357.8, 0
122333, 78053.5, 0
252541, 244226, 0
31077, 14673.7, 0
154499, 65951.3, 0
41579.4, 292067, 0
136349, 98289.9, 0
36895, 19236.3, 0
154069, 209320, 0
94200, 14618, 0
160134, 234316, 0
215074, 178158, 0
126063, 177651, 0
169667, 176482, 0
81112.7, 12106.2, 0
127602, 80603.3, 0
168734, 154006, 0
139077, 49480.9, 0
116493, 199477, 0
174994, 174919, 0
210503, 142910, 0
94609.2, 73867.1, 0
111331, 102894, 0
156434, 161482, 0
108331, 113865, 0
125452, 84496.2, 0
122084, 81984.2, 0
180545, 65439.6, 0
169865, 40003.5, 0
188582, 160473, 0
136979, 84430.6, 0
183040, 106309, 0
258521, 143154, 0
94859.5, 216549, 0
171254, 115944, 0
135224, 150672, 0
99116, 36332.7, 0
70808.3, 21251.4, 0
65906.6, 11305.7, 0
128137, 286706, 0
160540, 49445.3, 0
84430.9, 25127.8, 0
175799, 154420, 0
174163, 70239.8, 0
117577, 101680, 0
234434, 91074.4, 0
66851.9, 27387.7, 0
143238, 158135, 0
88280.7, 52766.1, 0
111665, 39209.2, 0
153384, 158419, 0
34524.9, 23861.3, 0
157816, 179328, 0
148558, 173719, 0
47825.2, 257881, 0
188696, 163188, 0
128245, 135296, 0
86690.8, 12307.9, 0
113370, 115135, 0
82785, 66592.6, 0
136804, 45618.1, 0
108250, 15443.1, 0
132013, 180706, 0
240419, 13269.6, 0
136911, 83912.9, 0
