6.61216e+06, 3.95484e+06, 0
4.98423e+06, 3.80859e+06, 0
7.64734e+06, 2.07217e+06, 0
5.49001e+06, 1.74946e+06, 0
5.92499e+06, 1.66659e+06, 0
4.61869e+06, 1.05866e+06, 0
4.34687e+06, 2.514e+06, 0
5.3595e+06, 1.39264e+06, 0
8.56195e+06, 3.26297e+06, 0
2.42429e+06, 2.17456e+06, 0
5.30673e+06, 1.44203e+06, 0
8.79067e+06, 2.70638e+06, 0
5.95735e+06, 4.71261e+06, 0
8.04403e+06, 2.67507e+06, 0
7.30575e+06, 4.97833e+06, 0
8.122e+06, 494402, 0
5.08772e+06, 4.10655e+06, 0
5.19721e+06, 865442, 0
8.8345e+06, 4.17484e+06, 0
7.5153e+06, 4.03793e+06, 0
6.66996e+06, 3.94085e+06, 0
8.14656e+06, 3.9451e+06, 0
6.99481e+06, 4.34793e+06, 0
4.22114e+06, 3.03902e+06, 0
5.70106e+06, 4.61014e+06, 0
5.965e+06, 3.27722e+06, 0
9.25107e+06, 1.50633e+06, 0
4.88143e+06, 3.62446e+06, 0
5.74458e+06, 3.57291e+06, 0
4.49994e+06, 2.26745e+06, 0
6.76474e+06, 3.00334e+06, 0
5.04128e+06, 4.01363e+06, 0
2.67519e+06, 1.92228e+06, 0
9.48505e+06, 4.06454e+06, 0
6.21215e+06, 4.93157e+06, 0
8.95844e+06, 4.00643e+06, 0
2.28724e+06, 1.48683e+06, 0
7.12287e+06, 1.39663e+06, 0
2.45025e+06, 1.23544e+06, 0
6.36325e+06, 2.44498e+06, 0
6.95656e+06, 4.65698e+06, 0
6.59743e+06, 5.286e+06, 0
1.28815e+07, 6.78163e+06, 0
1.06153e+07, 975497, 0
8.58574e+06, 1.17219e+06, 0
1.89608e+06, 958084, 0
5.9967e+06, 4.07468e+06, 0
5.26947e+06, 1.30081e+06, 0
9.05137e+06, 2.8078e+06, 0
4.16125e+06, 1.32299e+06, 0
8.14757e+06, 1.76639e+06, 0
6.11643e+06, 2.24869e+06, 0
4.02422e+06, 243924, 0
3.00484e+06, 2.43107e+06, 0
7.78866e+06, 5.4129e+06, 0
6.93623e+06, 1.61884e+06, 0
3.22422e+06, 2.14965e+06, 0
5.23846e+06, 4.42325e+06, 0
7.76686e+06, 3.93017e+06, 0
4.14577e+06, 1.28223e+06, 0
3.00437e+06, 1.73404e+06, 0
1.04808e+07, 6.2713e+06, 0
8.30991e+06, 7.04177e+06, 0
3.60637e+06, 2.73929e+06, 0
5.69168e+06, 2.97216e+06, 0
5.70312e+06, 4.79861e+06, 0
4.91479e+06, 3.75058e+06, 0
3.76607e+06, 2.88582e+06, 0
7.63758e+06, 2.89597e+06, 0
7.16528e+06, 5.31747e+06, 0
7.31182e+06, 4.04727e+06, 0
6.35603e+06, 3.03483e+06, 0
8.28399e+06, 5.31929e+06, 0
4.23925e+06, 1.17143e+06, 0
9.71466e+06, 1.44466e+06, 0
1.84242e+06, 753673, 0
6.93129e+06, 1.12663e+06, 0
3.56244e+06, 2.1614e+06, 0
7.4993e+06, 3.92594e+06, 0
6.83973e+06, 6.11022e+06, 0
5.46699e+06, 3.65624e+06, 0
7.86788e+06, 5.64723e+06, 0
8.7441e+06, 4.29512e+06, 0
4.36409e+06, 2.7143e+06, 0
3.60486e+06, 2.20239e+06, 0
3.50069e+06, 632935, 0
7.82437e+06, 3.57143e+06, 0
7.96189e+06, 2.99318e+06, 0
7.23793e+06, 4.04787e+06, 0
7.19924e+06, 5.43043e+06, 0
7.4262e+06, 6.30632e+06, 0
4.41697e+06, 2.36066e+06, 0
9.10733e+06, 3.87134e+06, 0
9.30794e+06, 5.00885e+06, 0
4.27971e+06, 1.54627e+06, 0
7.00985e+06, 5.86173e+06, 0
4.33492e+06, 2.69718e+06, 0
6.46932e+06, 4.06977e+06, 0
2.33161e+06, 930374, 0
2.92803e+06, 1.758e+06, 0
3.22021e+06, 2.47749e+06, 0
8.87496e+06, 4.50071e+06, 0
2.01408e+06, 1.26018e+06, 0
3.16855e+06, 2.50388e+06, 0
5.23559e+06, 3.48075e+06, 0
7.36992e+06, 1.33504e+06, 0
7.4702e+06, 2.19987e+06, 0
8.75054e+06, 4.15234e+06, 0
6.45836e+06, 1.17265e+06, 0
1.05581e+07, 3.23511e+06, 0
7.66203e+06, 662335, 0
8.23808e+06, 2.42108e+06, 0
8.19885e+06, 4.26166e+06, 0
9.01705e+06, 4.89754e+06, 0
6.74811e+06, 4.71891e+06, 0
1.28745e+07, 8.22092e+06, 0
4.23142e+06, 957988, 0
6.24576e+06, 3.0803e+06, 0
1.76646e+06, 1.0695e+06, 0
3.03589e+06, 2.64489e+06, 0
9.35261e+06, 5.41275e+06, 0
3.99968e+06, 880002, 0
9.1521e+06, 7.03759e+06, 0
6.84402e+06, 3.52433e+06, 0
3.61924e+06, 2.85554e+06, 0
5.11692e+06, 2.73039e+06, 0
8.78101e+06, 746147, 0
3.72779e+06, 2.62037e+06, 0
7.12412e+06, 5.08241e+06, 0
3.68029e+06, 1.72311e+06, 0
5.05097e+06, 3.01576e+06, 0
4.54393e+06, 544088, 0
9.62862e+06, 1.06444e+06, 0
2.45428e+06, 1.76482e+06, 0
7.10907e+06, 2.19274e+06, 0
3.87704e+06, 1.32982e+06, 0
1.14194e+07, 2.02805e+06, 0
6.48644e+06, 2.70417e+06, 0
6.09088e+06, 4.54693e+06, 0
2.63098e+06, 2.21676e+06, 0
6.12398e+06, 3.22738e+06, 0
5.2136e+06, 3.52186e+06, 0
5.5058e+06, 317662, 0
2.64531e+06, 961513, 0
6.26801e+06, 1.82837e+06, 0
3.61093e+06, 548505, 0
4.71355e+06, 1.87323e+06, 0
5.77319e+06, 3.20748e+06, 0
8.88554e+06, 6.06489e+06, 0
4.7103e+06, 3.22271e+06, 0
9.97324e+06, 6.70837e+06, 0
7.89184e+06, 4.22592e+06, 0
5.28438e+06, 2.93932e+06, 0
8.59905e+06, 2.43928e+06, 0
6.24096e+06, 2.72809e+06, 0
1.13913e+07, 2.12738e+06, 0
5.71801e+06, 2.35297e+06, 0
4.56534e+06, 2.1075e+06, 0
4.93328e+06, 2.2243e+06, 0
8.36876e+06, 6.62384e+06, 0
4.03774e+06, 1.8742e+06, 0
3.96436e+06, 1.91165e+06, 0
3.50156e+06, 2.20502e+06, 0
3.82958e+06, 2.49288e+06, 0
6.87858e+06, 441171, 0
3.00601e+06, 2.59885e+06, 0
4.77324e+06, 1.7647e+06, 0
3.85602e+06, 2.33924e+06, 0
5.91715e+06, 3.6554e+06, 0
8.87187e+06, 7.168e+06, 0
2.6966e+06, 1.77846e+06, 0
4.50109e+06, 3.09092e+06, 0
6.39986e+06, 3.26823e+06, 0
3.81429e+06, 1.64619e+06, 0
4.3958e+06, 2.12572e+06, 0
7.99736e+06, 6.18018e+06, 0
6.88383e+06, 5.16163e+06, 0
1.13159e+07, 2.4207e+06, 0
2.98677e+06, 1.63989e+06, 0
6.253e+06, 1.92246e+06, 0
7.43824e+06, 3.37389e+06, 0
3.69526e+06, 1.13228e+06, 0
4.79021e+06, 2.06526e+06, 0
6.82636e+06, 2.98549e+06, 0
2.28277e+06, 1.01256e+06, 0
6.44602e+06, 5.29109e+06, 0
7.14803e+06, 1.97154e+06, 0
8.14662e+06, 4.24441e+06, 0
3.15459e+06, 1.11298e+06, 0
4.25778e+06, 2.45821e+06, 0
5.31623e+06, 3.80896e+06, 0
4.79966e+06, 967776, 0
5.37175e+06, 2.11287e+06, 0
3.0478e+06, 1.13066e+06, 0
6.36432e+06, 1.84759e+06, 0
2.68293e+06, 1.85958e+06, 0
7.25134e+06, 4.42427e+06, 0
5.10763e+06, 4.00549e+06, 0
1.0926e+07, 2.20546e+06, 0
7.52874e+06, 4.83959e+06, 0
3.79697e+06, 2.29637e+06, 0
5.24905e+06, 466969, 0
7.3934e+06, 1.90947e+06, 0
5.56707e+06, 3.79663e+06, 0
4.34825e+06, 1.80947e+06, 0
4.62234e+06, 1.40807e+06, 0
5.10159e+06, 3.23607e+06, 0
1.31806e+07, 5.23389e+06, 0
6.29459e+06, 784194, 0
2.32611e+06, 1.19038e+06, 0
1.20275e+07, 6.86471e+06, 0
1.183e+07, 1.54006e+06, 0
5.50162e+06, 3.62192e+06, 0
9.4501e+06, 6.26697e+06, 0
7.34803e+06, 4.995e+06, 0
6.50644e+06, 3.07691e+06, 0
3.7691e+06, 2.57758e+06, 0
7.24394e+06, 6.14171e+06, 0
6.64239e+06, 1.56412e+06, 0
5.95127e+06, 1.11881e+06, 0
5.19886e+06, 2.54027e+06, 0
9.90865e+06, 5.56497e+06, 0
6.6022e+06, 770578, 0
8.0117e+06, 1.93715e+06, 0
1.08632e+07, 4.96852e+06, 0
4.27045e+06, 3.67219e+06, 0
6.89578e+06, 4.42226e+06, 0
6.6099e+06, 1.6712e+06, 0
4.60809e+06, 2.88804e+06, 0
8.10369e+06, 5.00582e+06, 0
6.8163e+06, 4.98742e+06, 0
5.5524e+06, 4.8308e+06, 0
9.64509e+06, 3.23712e+06, 0
7.30287e+06, 6.35482e+06, 0
6.25629e+06, 4.34814e+06, 0
7.268e+06, 4.04801e+06, 0
2.89674e+06, 740820, 0
5.66165e+06, 3.59468e+06, 0
9.26237e+06, 3.95874e+06, 0
6.55035e+06, 2.44935e+06, 0
3.33563e+06, 946751, 0
5.85657e+06, 921065, 0
7.63614e+06, 5.74765e+06, 0
8.85799e+06, 6.33405e+06, 0
4.2912e+06, 2.22712e+06, 0
2.22801e+06, 422937, 0
2.85406e+06, 1.19838e+06, 0
6.33205e+06, 3.30721e+06, 0
1.2499e+07, 4.40749e+06, 0
7.65805e+06, 5.33353e+06, 0
8.27933e+06, 5.16988e+06, 0
4.94823e+06, 544662, 0
1.23709e+07, 1.0708e+06, 0
3.67113e+06, 2.36493e+06, 0
1.57163e+06, 298565, 0
6.96709e+06, 3.68079e+06, 0
4.50629e+06, 3.45659e+06, 0
3.58827e+06, 886382, 0
4.25817e+06, 334265, 0
7.78072e+06, 5.34234e+06, 0
9.2069e+06, 6.8715e+06, 0
5.25694e+06, 2.42099e+06, 0
4.90264e+06, 3.66268e+06, 0
6.954e+06, 3.49128e+06, 0
4.22463e+06, 2.51728e+06, 0
7.07921e+06, 5.87656e+06, 0
9.90597e+06, 4.36981e+06, 0
3.94447e+06, 2.49328e+06, 0
9.21955e+06, 1.55023e+06, 0
6.21211e+06, 1.22218e+06, 0
5.38836e+06, 1.67989e+06, 0
7.55033e+06, 4.89229e+06, 0
1.94041e+06, 1.17803e+06, 0
4.90362e+06, 2.81097e+06, 0
4.14901e+06, 1.84002e+06, 0
8.466e+06, 5.89903e+06, 0
5.36564e+06, 4.54394e+06, 0
3.43729e+06, 952370, 0
3.71921e+06, 2.39094e+06, 0
9.2477e+06, 1.79502e+06, 0
3.21091e+06, 2.01112e+06, 0
6.66444e+06, 5.25641e+06, 0
1.09875e+07, 2.54987e+06, 0
9.49145e+06, 5.13858e+06, 0
7.07033e+06, 2.40715e+06, 0
8.7412e+06, 3.45461e+06, 0
6.14921e+06, 422879, 0
8.83985e+06, 3.62962e+06, 0
4.42525e+06, 3.21462e+06, 0
8.08533e+06, 7.17825e+06, 0
8.03392e+06, 6.17674e+06, 0
6.62395e+06, 4.79349e+06, 0
3.16352e+06, 2.84811e+06, 0
3.64892e+06, 1.12617e+06, 0
7.64432e+06, 5.14727e+06, 0
3.04084e+06, 640802, 0
9.36209e+06, 5.57983e+06, 0
1.2099e+07, 5.85276e+06, 0
4.98931e+06, 3.33846e+06, 0
8.09114e+06, 3.11069e+06, 0
1.2949e+07, 9.52859e+06, 0
2.39204e+06, 1.55582e+06, 0
3.50656e+06, 2.30444e+06, 0
2.75539e+06, 1.59596e+06, 0
5.00867e+06, 1.14584e+06, 0
6.10478e+06, 4.29376e+06, 0
7.56986e+06, 3.91373e+06, 0
4.04989e+06, 2.03326e+06, 0
9.01443e+06, 3.09174e+06, 0
6.99449e+06, 4.9923e+06, 0
8.06508e+06, 5.73441e+06, 0
6.69089e+06, 3.71688e+06, 0
5.33035e+06, 3.98994e+06, 0
6.12003e+06, 1.27651e+06, 0
6.4286e+06, 3.92604e+06, 0
4.70869e+06, 2.74145e+06, 0
2.55555e+06, 1.0207e+06, 0
2.2039e+06, 372830, 0
3.58255e+06, 2.39401e+06, 0
1.19802e+07, 1.71484e+06, 0
5.56747e+06, 4.71711e+06, 0
4.269e+06, 1.11031e+06, 0
7.03424e+06, 378626, 0
6.83582e+06, 5.37724e+06, 0
7.33992e+06, 5.10459e+06, 0
5.3654e+06, 4.13996e+06, 0
9.68967e+06, 4.43982e+06, 0
6.51499e+06, 4.03644e+06, 0
8.39698e+06, 3.95758e+06, 0
7.90828e+06, 4.1777e+06, 0
7.77434e+06, 6.75345e+06, 0
4.07213e+06, 2.75868e+06, 0
8.22508e+06, 7.19906e+06, 0
1.03349e+07, 4.75471e+06, 0
3.96171e+06, 762274, 0
4.23946e+06, 1.63976e+06, 0
3.58058e+06, 3.21134e+06, 0
4.11276e+06, 2.23985e+06, 0
5.31853e+06, 1.73638e+06, 0
8.43267e+06, 1.01748e+06, 0
6.6613e+06, 3.42166e+06, 0
5.07101e+06, 2.17896e+06, 0
6.86352e+06, 4.56495e+06, 0
7.07294e+06, 4.07855e+06, 0
7.69689e+06, 6.71813e+06, 0
5.29351e+06, 3.2517e+06, 0
7.62561e+06, 2.13296e+06, 0
7.38962e+06, 572683, 0
2.84155e+06, 908666, 0
7.16866e+06, 3.22571e+06, 0
1.17584e+07, 4.61186e+06, 0
9.81816e+06, 3.8285e+06, 0
1.43766e+07, 6.57999e+06, 0
6.70815e+06, 5.66474e+06, 0
8.56e+06, 3.98869e+06, 0
3.53301e+06, 2.43157e+06, 0
9.75733e+06, 5.88012e+06, 0
5.30421e+06, 3.14796e+06, 0
6.98915e+06, 1.72964e+06, 0
6.04464e+06, 3.2893e+06, 0
8.53733e+06, 3.33001e+06, 0
2.7638e+06, 1.50577e+06, 0
1.23299e+07, 4.53625e+06, 0
5.88196e+06, 2.09217e+06, 0
7.77628e+06, 3.35819e+06, 0
3.64516e+06, 387432, 0
3.60038e+06, 1.69242e+06, 0
5.49584e+06, 2.24396e+06, 0
7.73864e+06, 3.95991e+06, 0
7.93432e+06, 2.16896e+06, 0
5.68075e+06, 967700, 0
6.2677e+06, 1.37361e+06, 0
8.49095e+06, 920078, 0
2.27173e+06, 1.02012e+06, 0
7.09519e+06, 6.05651e+06, 0
3.57456e+06, 2.54741e+06, 0
4.16711e+06, 709858, 0
5.33087e+06, 134391, 0
5.53362e+06, 1.67248e+06, 0
9.53031e+06, 1.10477e+06, 0
7.81061e+06, 6.29213e+06, 0
1.40794e+07, 5.09494e+06, 0
3.27675e+06, 1.87874e+06, 0
4.01279e+06, 1.09067e+06, 0
7.26383e+06, 5.14575e+06, 0
8.65752e+06, 4.35737e+06, 0
7.42418e+06, 3.202e+06, 0
6.49309e+06, 3.37789e+06, 0
5.94223e+06, 4.91008e+06, 0
7.46933e+06, 3.97889e+06, 0
6.60706e+06, 3.60998e+06, 0
7.03661e+06, 1.10205e+06, 0
7.90292e+06, 5.09083e+06, 0
7.65106e+06, 1.27461e+06, 0
4.19684e+06, 1.01813e+06, 0
4.31788e+06, 2.84365e+06, 0
8.3562e+06, 5.74179e+06, 0
6.10516e+06, 1.22663e+06, 0
4.2055e+06, 2.90543e+06, 0
3.06102e+06, 2.57877e+06, 0
2.25787e+06, 530153, 0
3.74924e+06, 1.96741e+06, 0
1.2746e+07, 6.62311e+06, 0
9.25738e+06, 3.08609e+06, 0
1.02651e+07, 8.98462e+06, 0
3.8361e+06, 2.6944e+06, 0
5.46515e+06, 1.96243e+06, 0
5.75308e+06, 1.41562e+06, 0
8.69924e+06, 5.24608e+06, 0
8.97937e+06, 2.1623e+06, 0
6.43667e+06, 1.34755e+06, 0
5.43828e+06, 2.25825e+06, 0
1.19113e+07, 8.40572e+06, 0
1.14081e+07, 3.3547e+06, 0
6.19371e+06, 3.95981e+06, 0
7.26929e+06, 4.05362e+06, 0
3.41656e+06, 2.62612e+06, 0
4.2962e+06, 1.7064e+06, 0
4.83645e+06, 2.66692e+06, 0
6.40255e+06, 3.3139e+06, 0
8.32152e+06, 3.41229e+06, 0
7.68325e+06, 4.13746e+06, 0
3.82996e+06, 3.38796e+06, 0
3.79626e+06, 2.5395e+06, 0
6.30706e+06, 5.19195e+06, 0
3.70073e+06, 3.11508e+06, 0
1.12686e+07, 4.22545e+06, 0
1.23829e+07, 4.21476e+06, 0
4.63877e+06, 2.41674e+06, 0
5.83801e+06, 5.39956e+06, 0
5.09466e+06, 543701, 0
6.06016e+06, 2.3231e+06, 0
8.45944e+06, 5.45628e+06, 0
7.18604e+06, 1.77728e+06, 0
7.2456e+06, 4.09022e+06, 0
3.36012e+06, 3.01954e+06, 0
6.31067e+06, 5.70438e+06, 0
3.65061e+06, 933247, 0
1.0749e+07, 4.38779e+06, 0
4.18244e+06, 3.41338e+06, 0
6.84249e+06, 623130, 0
8.19678e+06, 2.27219e+06, 0
6.36496e+06, 3.57885e+06, 0
7.476e+06, 6.77375e+06, 0
6.00302e+06, 2.51446e+06, 0
3.3125e+06, 2.06393e+06, 0
4.02845e+06, 1.9473e+06, 0
4.77457e+06, 2.72056e+06, 0
4.82713e+06, 1.86471e+06, 0
8.79091e+06, 2.62752e+06, 0
4.21535e+06, 2.43104e+06, 0
1.00354e+07, 6.90177e+06, 0
3.2655e+06, 1.78485e+06, 0
3.988e+06, 3.07316e+06, 0
6.66308e+06, 2.5276e+06, 0
3.44628e+06, 585606, 0
4.27259e+06, 1.83852e+06, 0
9.08428e+06, 2.93894e+06, 0
3.05776e+06, 769416, 0
3.85091e+06, 1.72958e+06, 0
2.27655e+06, 556334, 0
6.14095e+06, 2.9874e+06, 0
3.72178e+06, 1.46918e+06, 0
3.31975e+06, 2.03254e+06, 0
8.07633e+06, 340976, 0
6.53372e+06, 4.53576e+06, 0
3.09012e+06, 2.74911e+06, 0
7.67248e+06, 4.40127e+06, 0
8.90495e+06, 1.28696e+06, 0
6.1942e+06, 537762, 0
4.93042e+06, 1.55396e+06, 0
3.11715e+06, 2.79311e+06, 0
8.44395e+06, 1.5812e+06, 0
8.38015e+06, 3.52902e+06, 0
1.68702e+06, 1.3723e+06, 0
7.7671e+06, 3.102e+06, 0
3.18652e+06, 1.97283e+06, 0
1.11432e+07, 4.50026e+06, 0
8.83483e+06, 6.08605e+06, 0
6.19294e+06, 3.57779e+06, 0
5.37261e+06, 1.06666e+06, 0
5.20315e+06, 4.69807e+06, 0
2.37204e+06, 892221, 0
1.11939e+07, 3.56685e+06, 0
5.90318e+06, 1.13656e+06, 0
2.48415e+06, 1.4906e+06, 0
6.71917e+06, 3.14929e+06, 0
6.20968e+06, 2.05076e+06, 0
6.98375e+06, 2.81571e+06, 0
3.68699e+06, 2.70349e+06, 0
4.4964e+06, 2.95491e+06, 0
6.75828e+06, 3.99652e+06, 0
3.39808e+06, 2.55179e+06, 0
4.61425e+06, 1.6865e+06, 0
7.16511e+06, 2.37872e+06, 0
4.8882e+06, 2.46865e+06, 0
9.52078e+06, 4.0145e+06, 0
3.47402e+06, 2.81612e+06, 0
7.07312e+06, 3.08138e+06, 0
5.58324e+06, 4.60511e+06, 0
7.22387e+06, 4.8458e+06, 0
4.75072e+06, 2.87977e+06, 0
7.10173e+06, 2.28618e+06, 0
6.32165e+06, 3.43662e+06, 0
7.43221e+06, 3.52584e+06, 0
5.79635e+06, 3.02951e+06, 0
2.37228e+06, 435613, 0
2.567e+06, 1.40155e+06, 0
4.94666e+06, 896446, 0
7.74548e+06, 3.46679e+06, 0
3.95064e+06, 2.61497e+06, 0
3.71069e+06, 2.00029e+06, 0
3.32882e+06, 473011, 0
6.23662e+06, 3.19512e+06, 0
4.51229e+06, 1.96591e+06, 0
5.95225e+06, 5.00649e+06, 0
6.24911e+06, 1.67996e+06, 0
7.3326e+06, 6.60189e+06, 0
5.88928e+06, 2.06254e+06, 0
1.08354e+07, 3.23421e+06, 0
2.13372e+06, 1.23806e+06, 0
5.923e+06, 896297, 0
4.61627e+06, 1.89008e+06, 0
5.04431e+06, 2.28048e+06, 0
3.79598e+06, 2.59246e+06, 0
7.17597e+06, 4.06835e+06, 0
9.27902e+06, 4.15596e+06, 0
1.08063e+07, 7.76937e+06, 0
1.02236e+07, 7.05125e+06, 0
4.30194e+06, 836333, 0
8.51805e+06, 7.35431e+06, 0
5.4343e+06, 2.39871e+06, 0
5.82238e+06, 1.26667e+06, 0
6.72005e+06, 5.83007e+06, 0
5.86695e+06, 1.98092e+06, 0
7.67555e+06, 2.2039e+06, 0
4.74075e+06, 4.13651e+06, 0
7.61649e+06, 4.86094e+06, 0
8.56883e+06, 2.38945e+06, 0
8.75515e+06, 1.39717e+06, 0
2.59999e+06, 1.96265e+06, 0
1.20278e+07, 2.57946e+06, 0
8.32216e+06, 4.13955e+06, 0
2.37505e+06, 1.80313e+06, 0
8.79366e+06, 6.81742e+06, 0
3.72582e+06, 2.28289e+06, 0
4.04434e+06, 2.08866e+06, 0
4.31539e+06, 2.89392e+06, 0
5.94439e+06, 900010, 0
1.34884e+07, 6.23971e+06, 0
3.62004e+06, 1.6845e+06, 0
6.36035e+06, 2.87114e+06, 0
6.86083e+06, 5.7794e+06, 0
4.04935e+06, 2.28552e+06, 0
5.98511e+06, 4.21941e+06, 0
3.61107e+06, 1.1413e+06, 0
3.95487e+06, 3.03032e+06, 0
6.37874e+06, 4.6783e+06, 0
6.46715e+06, 4.26036e+06, 0
3.3977e+06, 1.48636e+06, 0
5.86687e+06, 1.91349e+06, 0
2.94268e+06, 1.59378e+06, 0
2.20226e+06, 1.10907e+06, 0
2.93869e+06, 1.78841e+06, 0
3.56288e+06, 2.24425e+06, 0
4.718e+06, 2.18858e+06, 0
5.87759e+06, 1.73818e+06, 0
5.83622e+06, 2.46782e+06, 0
3.59548e+06, 3.19083e+06, 0
9.75058e+06, 5.89617e+06, 0
5.69615e+06, 2.82555e+06, 0
4.91072e+06, 2.70656e+06, 0
3.68253e+06, 2.34779e+06, 0
6.65931e+06, 3.68239e+06, 0
5.49956e+06, 537962, 0
9.11858e+06, 8.43248e+06, 0
3.16417e+06, 2.67328e+06, 0
4.19206e+06, 2.87191e+06, 0
5.83839e+06, 2.38316e+06, 0
4.51511e+06, 781866, 0
6.20699e+06, 4.11608e+06, 0
3.57331e+06, 2.81441e+06, 0
5.85662e+06, 3.12411e+06, 0
3.22148e+06, 2.12121e+06, 0
5.1837e+06, 4.11422e+06, 0
6.81516e+06, 5.13924e+06, 0
4.22943e+06, 3.7649e+06, 0
4.96438e+06, 2.99037e+06, 0
3.4167e+06, 2.22065e+06, 0
4.36252e+06, 2.50354e+06, 0
5.77885e+06, 1.62453e+06, 0
4.09265e+06, 519429, 0
8.60056e+06, 3.6385e+06, 0
9.94161e+06, 4.74422e+06, 0
9.98881e+06, 3.58749e+06, 0
5.08242e+06, 1.38712e+06, 0
8.76165e+06, 3.08409e+06, 0
3.80693e+06, 1.13433e+06, 0
6.22783e+06, 3.77526e+06, 0
4.54446e+06, 1.51275e+06, 0
5.90278e+06, 3.45849e+06, 0
6.37818e+06, 611236, 0
1.1477e+07, 6.78704e+06, 0
4.31577e+06, 2.60556e+06, 0
5.9633e+06, 4.87265e+06, 0
3.44493e+06, 1.65565e+06, 0
3.79753e+06, 1.69128e+06, 0
7.47079e+06, 5.94328e+06, 0
6.76121e+06, 3.71323e+06, 0
3.60981e+06, 3.03372e+06, 0
4.3962e+06, 3.12641e+06, 0
9.87752e+06, 3.35262e+06, 0
3.14967e+06, 2.78784e+06, 0
4.83711e+06, 3.03274e+06, 0
5.15974e+06, 1.10632e+06, 0
5.94731e+06, 3.6418e+06, 0
3.67232e+06, 1.84806e+06, 0
7.72596e+06, 6.54362e+06, 0
2.54244e+06, 1.75647e+06, 0
3.28833e+06, 2.22307e+06, 0
7.88005e+06, 2.57975e+06, 0
5.55131e+06, 3.36641e+06, 0
5.77743e+06, 1.02409e+06, 0
9.29454e+06, 7.1274e+06, 0
1.18916e+07, 6.85777e+06, 0
8.03108e+06, 2.72058e+06, 0
8.34099e+06, 4.46829e+06, 0
7.7907e+06, 3.53182e+06, 0
6.51635e+06, 1.31427e+06, 0
4.27713e+06, 3.35126e+06, 0
6.89512e+06, 1.39628e+06, 0
8.49142e+06, 4.7041e+06, 0
6.80523e+06, 1.85797e+06, 0
7.06307e+06, 6.41103e+06, 0
8.36756e+06, 1.77788e+06, 0
6.6599e+06, 2.38896e+06, 0
6.51469e+06, 1.4847e+06, 0
4.62384e+06, 2.21299e+06, 0
1.86695e+06, 93061.9, 0
5.58073e+06, 2.7189e+06, 0
5.57343e+06, 3.11681e+06, 0
2.16394e+06, 706844, 0
4.98617e+06, 2.08265e+06, 0
2.75737e+06, 2.48939e+06, 0
4.90617e+06, 3.87065e+06, 0
1.04082e+07, 4.23526e+06, 0
3.34494e+06, 1.35655e+06, 0
6.01991e+06, 602609, 0
3.03093e+06, 216907, 0
2.18792e+06, 793357, 0
8.86948e+06, 3.4124e+06, 0
4.87378e+06, 4.44036e+06, 0
5.20733e+06, 1.91358e+06, 0
4.74957e+06, 3.03314e+06, 0
2.8887e+06, 1.63035e+06, 0
5.77725e+06, 729352, 0
3.54439e+06, 1.65329e+06, 0
3.86839e+06, 1.78891e+06, 0
1.14392e+07, 3.25568e+06, 0
5.17747e+06, 4.35496e+06, 0
7.89048e+06, 3.4728e+06, 0
2.98484e+06, 2.69134e+06, 0
3.4615e+06, 2.13574e+06, 0
5.21502e+06, 4.43771e+06, 0
5.70263e+06, 2.32655e+06, 0
2.3688e+06, 618448, 0
6.47334e+06, 1.60451e+06, 0
8.34823e+06, 2.68962e+06, 0
2.86655e+06, 1.36042e+06, 0
7.5718e+06, 3.44273e+06, 0
5.65896e+06, 998609, 0
9.18668e+06, 4.177e+06, 0
7.39148e+06, 1.62679e+06, 0
3.80821e+06, 2.78104e+06, 0
4.3518e+06, 1.10226e+06, 0
4.31123e+06, 2.44038e+06, 0
4.97373e+06, 2.83807e+06, 0
7.5822e+06, 6.65579e+06, 0
1.26057e+07, 8.36454e+06, 0
1.09875e+07, 203459, 0
5.20089e+06, 3.97108e+06, 0
8.08774e+06, 2.03064e+06, 0
5.45828e+06, 1.44326e+06, 0
4.97801e+06, 2.55016e+06, 0
3.37649e+06, 2.33557e+06, 0
5.85013e+06, 530976, 0
9.45896e+06, 1.611e+06, 0
2.77888e+06, 2.3895e+06, 0
6.13784e+06, 4.31682e+06, 0
5.87804e+06, 2.37937e+06, 0
5.05737e+06, 3.15457e+06, 0
8.08403e+06, 3.32594e+06, 0
8.71623e+06, 3.00686e+06, 0
4.38315e+06, 2.38972e+06, 0
5.2627e+06, 3.02373e+06, 0
3.46038e+06, 2.12037e+06, 0
6.79268e+06, 4.15239e+06, 0
4.89377e+06, 1.75438e+06, 0
6.58236e+06, 2.88691e+06, 0
9.75928e+06, 6.50808e+06, 0
4.05325e+06, 967726, 0
9.42837e+06, 4.60928e+06, 0
8.08589e+06, 4.14834e+06, 0
2.45176e+06, 2.00235e+06, 0
3.43736e+06, 2.92061e+06, 0
4.23656e+06, 601650, 0
9.31961e+06, 3.19494e+06, 0
6.06255e+06, 1.79273e+06, 0
1.79406e+06, 744723, 0
3.3834e+06, 1.42927e+06, 0
5.78499e+06, 1.6369e+06, 0
8.31189e+06, 4.2565e+06, 0
5.47876e+06, 2.53014e+06, 0
4.60736e+06, 3.88061e+06, 0
3.66194e+06, 2.75899e+06, 0
9.85843e+06, 3.61703e+06, 0
8.27525e+06, 1.08234e+06, 0
5.84698e+06, 2.64197e+06, 0
9.31261e+06, 1.99208e+06, 0
1.01252e+07, 4.60961e+06, 0
6.87641e+06, 1.69758e+06, 0
3.51354e+06, 2.23056e+06, 0
8.70246e+06, 3.68994e+06, 0
3.90753e+06, 2.88088e+06, 0
4.45952e+06, 2.85002e+06, 0
5.17516e+06, 4.14917e+06, 0
2.39566e+06, 1.5982e+06, 0
5.872e+06, 1.72904e+06, 0
3.3971e+06, 1.06417e+06, 0
2.00405e+06, 1.3082e+06, 0
7.10866e+06, 5.55044e+06, 0
4.98036e+06, 2.07956e+06, 0
7.17921e+06, 4.08673e+06, 0
2.72317e+06, 1.30786e+06, 0
7.78469e+06, 3.79262e+06, 0
5.54632e+06, 2.43037e+06, 0
1.09966e+07, 7.03942e+06, 0
3.62031e+06, 1.19695e+06, 0
4.45278e+06, 1.82265e+06, 0
5.22259e+06, 690252, 0
4.00686e+06, 2.07447e+06, 0
4.28762e+06, 2.25304e+06, 0
9.31205e+06, 5.64762e+06, 0
8.24322e+06, 1.26511e+06, 0
5.25672e+06, 1.48975e+06, 0
4.49362e+06, 2.98984e+06, 0
4.73638e+06, 2.7764e+06, 0
5.23619e+06, 2.81657e+06, 0
6.05721e+06, 2.58791e+06, 0
6.99843e+06, 6.14943e+06, 0
7.27812e+06, 5.4432e+06, 0
6.4985e+06, 2.17845e+06, 0
9.48888e+06, 5.91163e+06, 0
1.09195e+07, 4.56976e+06, 0
8.27528e+06, 1.87908e+06, 0
6.58785e+06, 3.03289e+06, 0
4.72629e+06, 2.67518e+06, 0
1.99717e+06, 802294, 0
3.44859e+06, 2.0849e+06, 0
1.58126e+06, 1.18679e+06, 0
6.42278e+06, 5.17093e+06, 0
7.66086e+06, 3.59025e+06, 0
4.85087e+06, 4.10694e+06, 0
3.25996e+06, 2.00419e+06, 0
5.47055e+06, 4.38532e+06, 0
6.93751e+06, 2.58771e+06, 0
4.2326e+06, 719828, 0
5.20808e+06, 2.73953e+06, 0
7.85459e+06, 6.68431e+06, 0
3.41097e+06, 2.82258e+06, 0
3.21043e+06, 1.02085e+06, 0
4.22546e+06, 1.36079e+06, 0
9.6475e+06, 5.45638e+06, 0
4.12427e+06, 2.29044e+06, 0
4.55714e+06, 3.39894e+06, 0
7.09301e+06, 2.16006e+06, 0
8.84019e+06, 4.2201e+06, 0
4.17941e+06, 963017, 0
6.08306e+06, 5.17536e+06, 0
5.14141e+06, 2.20565e+06, 0
1.23421e+07, 1.19663e+07, 0
1.0687e+07, 4.53072e+06, 0
3.32503e+06, 2.97438e+06, 0
3.85348e+06, 2.9306e+06, 0
5.34054e+06, 1.80635e+06, 0
5.76399e+06, 3.84162e+06, 0
5.77683e+06, 585400, 0
8.23087e+06, 2.09051e+06, 0
7.61163e+06, 5.49522e+06, 0
5.02154e+06, 1.67975e+06, 0
8.12158e+06, 6.14772e+06, 0
6.23363e+06, 4.04968e+06, 0
5.05083e+06, 4.36974e+06, 0
6.5962e+06, 3.33256e+06, 0
5.4204e+06, 3.5855e+06, 0
6.05621e+06, 1.88067e+06, 0
8.24011e+06, 2.06049e+06, 0
7.14745e+06, 6.43501e+06, 0
5.64884e+06, 2.66822e+06, 0
2.1571e+06, 1.33496e+06, 0
5.5355e+06, 4.07276e+06, 0
9.7718e+06, 2.40154e+06, 0
1.06283e+07, 2.032e+06, 0
2.53358e+06, 2.07943e+06, 0
8.05162e+06, 3.3624e+06, 0
4.17922e+06, 2.09655e+06, 0
5.42684e+06, 1.77212e+06, 0
2.38188e+06, 737048, 0
7.26151e+06, 2.1915e+06, 0
6.03324e+06, 5.27142e+06, 0
8.35168e+06, 3.78447e+06, 0
8.11368e+06, 2.94716e+06, 0
9.47363e+06, 3.06125e+06, 0
8.25721e+06, 3.11039e+06, 0
6.1772e+06, 1.17748e+06, 0
1.11278e+07, 1.2667e+06, 0
3.72411e+06, 1.65783e+06, 0
1.37187e+06, 338446, 0
9.53198e+06, 6.29553e+06, 0
1.86603e+06, 812203, 0
8.0158e+06, 6.96646e+06, 0
3.90992e+06, 2.70107e+06, 0
1.06948e+07, 5.23503e+06, 0
7.30109e+06, 3.53531e+06, 0
2.34133e+06, 443602, 0
6.82914e+06, 5.26666e+06, 0
4.74808e+06, 1.06573e+06, 0
4.37809e+06, 824518, 0
5.75507e+06, 2.0534e+06, 0
6.25119e+06, 3.27711e+06, 0
8.43076e+06, 3.58453e+06, 0
3.10974e+06, 2.04439e+06, 0
5.18639e+06, 3.39962e+06, 0
6.39349e+06, 4.72701e+06, 0
4.13147e+06, 2.08039e+06, 0
6.01795e+06, 3.19866e+06, 0
6.79732e+06, 3.52927e+06, 0
1.19616e+07, 4.23553e+06, 0
6.50702e+06, 1.18201e+06, 0
6.06345e+06, 4.2975e+06, 0
8.0177e+06, 5.32512e+06, 0
6.13794e+06, 3.7925e+06, 0
8.62326e+06, 4.98734e+06, 0
5.27983e+06, 2.02358e+06, 0
4.63611e+06, 2.93092e+06, 0
5.41602e+06, 3.79029e+06, 0
1.16739e+07, 3.06104e+06, 0
6.11602e+06, 3.02557e+06, 0
5.23491e+06, 1.58058e+06, 0
7.20897e+06, 3.5158e+06, 0
1.0149e+07, 1.08349e+06, 0
9.9874e+06, 3.37824e+06, 0
4.83701e+06, 1.25341e+06, 0
3.55341e+06, 2.10198e+06, 0
7.59931e+06, 4.74512e+06, 0
8.13078e+06, 2.63911e+06, 0
3.01249e+06, 1.86167e+06, 0
2.65635e+06, 1.04834e+06, 0
5.45324e+06, 3.90822e+06, 0
1.10099e+07, 4.29922e+06, 0
4.32035e+06, 2.21106e+06, 0
9.41647e+06, 7.5089e+06, 0
4.75232e+06, 2.31127e+06, 0
3.21913e+06, 1.5215e+06, 0
6.21054e+06, 1.34853e+06, 0
1.08238e+07, 3.70602e+06, 0
1.77473e+06, 1.19598e+06, 0
9.85258e+06, 2.80326e+06, 0
7.6598e+06, 1.38474e+06, 0
1.58981e+06, 1.09988e+06, 0
5.82946e+06, 4.83791e+06, 0
3.65806e+06, 1.96755e+06, 0
2.46292e+06, 1.3738e+06, 0
6.22642e+06, 3.60327e+06, 0
1.10161e+07, 8.25069e+06, 0
3.34797e+06, 1.67892e+06, 0
4.76157e+06, 1.09533e+06, 0
5.08138e+06, 2.88231e+06, 0
3.26572e+06, 1.99055e+06, 0
9.72556e+06, 1.32762e+06, 0
5.81642e+06, 729751, 0
4.54685e+06, 3.33988e+06, 0
7.65767e+06, 1.59832e+06, 0
7.02122e+06, 4.76688e+06, 0
6.5084e+06, 2.48689e+06, 0
9.10896e+06, 4.23965e+06, 0
2.87909e+06, 1.97251e+06, 0
6.96756e+06, 3.17278e+06, 0
5.63749e+06, 2.48108e+06, 0
3.33875e+06, 1.97709e+06, 0
5.50073e+06, 3.74252e+06, 0
8.8627e+06, 4.48091e+06, 0
7.85034e+06, 670995, 0
5.92999e+06, 829308, 0
6.07392e+06, 2.81349e+06, 0
6.22149e+06, 4.13001e+06, 0
4.22141e+06, 1.01485e+06, 0
6.68487e+06, 3.29079e+06, 0
3.36632e+06, 1.65278e+06, 0
7.15307e+06, 4.87226e+06, 0
3.07866e+06, 1.41688e+06, 0
1.15127e+07, 2.07919e+06, 0
4.25648e+06, 3.05903e+06, 0
7.26666e+06, 1.67328e+06, 0
7.12659e+06, 6.02088e+06, 0
8.52261e+06, 3.46512e+06, 0
9.88474e+06, 1.15446e+06, 0
6.17952e+06, 1.54524e+06, 0
6.28073e+06, 2.63518e+06, 0
5.03614e+06, 2.89221e+06, 0
5.16953e+06, 4.44708e+06, 0
8.02047e+06, 564151, 0
5.96038e+06, 941765, 0
1.00023e+07, 4.59624e+06, 0
2.81193e+06, 2.01085e+06, 0
6.36308e+06, 3.37245e+06, 0
3.23822e+06, 2.8053e+06, 0
5.3562e+06, 2.52146e+06, 0
2.28708e+06, 1.25511e+06, 0
7.06327e+06, 2.82453e+06, 0
9.19585e+06, 5.83215e+06, 0
2.31733e+06, 2.05391e+06, 0
6.44694e+06, 3.66446e+06, 0
2.68693e+06, 1.9371e+06, 0
1.04249e+07, 4.03224e+06, 0
8.32819e+06, 2.64197e+06, 0
5.17379e+06, 3.08201e+06, 0
3.63384e+06, 1.21983e+06, 0
6.02921e+06, 1.22981e+06, 0
1.07772e+07, 7.44512e+06, 0
5.58255e+06, 1.987e+06, 0
8.24425e+06, 6.32786e+06, 0
4.50104e+06, 1.59643e+06, 0
3.59191e+06, 1.6221e+06, 0
8.08926e+06, 4.63952e+06, 0
7.03957e+06, 3.84847e+06, 0
4.77101e+06, 3.11174e+06, 0
2.20985e+06, 1.20955e+06, 0
3.92541e+06, 2.67062e+06, 0
4.70637e+06, 1.25763e+06, 0
5.23871e+06, 1.62896e+06, 0
6.15464e+06, 3.79088e+06, 0
5.67882e+06, 2.6217e+06, 0
2.05541e+06, 1.77987e+06, 0
1.32953e+07, 9.03424e+06, 0
9.25351e+06, 4.4949e+06, 0
3.28182e+06, 2.86605e+06, 0
2.29266e+06, 1.53924e+06, 0
8.12479e+06, 850633, 0
4.51858e+06, 2.26835e+06, 0
8.69077e+06, 681912, 0
5.93224e+06, 2.42098e+06, 0
9.92215e+06, 3.79591e+06, 0
4.50474e+06, 3.85858e+06, 0
6.30172e+06, 2.79267e+06, 0
4.93336e+06, 3.11227e+06, 0
4.27639e+06, 2.60943e+06, 0
1.01543e+07, 9.02018e+06, 0
6.06583e+06, 1.36183e+06, 0
5.33035e+06, 3.07753e+06, 0
1.66524e+06, 1.13788e+06, 0
5.83853e+06, 3.77733e+06, 0
1.59402e+06, 1.01747e+06, 0
4.08285e+06, 2.50405e+06, 0
5.02394e+06, 4.00384e+06, 0
7.51153e+06, 3.20999e+06, 0
8.9909e+06, 2.11902e+06, 0
8.80527e+06, 4.38189e+06, 0
5.1095e+06, 4.03173e+06, 0
7.24862e+06, 5.63451e+06, 0
1.02471e+07, 3.65775e+06, 0
8.53612e+06, 5.96773e+06, 0
6.28472e+06, 3.11744e+06, 0
2.10822e+06, 1.82441e+06, 0
3.02571e+06, 1.32947e+06, 0
3.47799e+06, 2.02838e+06, 0
7.98841e+06, 4.39548e+06, 0
4.71116e+06, 3.97814e+06, 0
2.5651e+06, 1.93574e+06, 0
4.01533e+06, 2.207e+06, 0
4.92914e+06, 2.52793e+06, 0
4.39616e+06, 2.53021e+06, 0
7.57865e+06, 4.42777e+06, 0
1.14831e+07, 2.77557e+06, 0
3.011e+06, 1.17309e+06, 0
5.26173e+06, 4.61887e+06, 0
3.66617e+06, 1.88985e+06, 0
1.69506e+06, 1.30646e+06, 0
9.70448e+06, 4.36346e+06, 0
9.461e+06, 4.15977e+06, 0
6.97034e+06, 3.41022e+06, 0
5.04655e+06, 3.29924e+06, 0
1.04239e+07, 4.51945e+06, 0
4.61811e+06, 1.06611e+06, 0
5.02891e+06, 1.28106e+06, 0
6.15838e+06, 3.1854e+06, 0
6.27509e+06, 790048, 0
5.04922e+06, 1.3369e+06, 0
5.61829e+06, 3.5692e+06, 0
1.31362e+07, 7.51659e+06, 0
5.21507e+06, 526915, 0
7.54768e+06, 3.15613e+06, 0
6.66019e+06, 4.17549e+06, 0
4.67639e+06, 1.73156e+06, 0
6.37457e+06, 4.20119e+06, 0
5.78649e+06, 3.28573e+06, 0
4.89245e+06, 3.76604e+06, 0
5.22879e+06, 1.45851e+06, 0
3.31391e+06, 2.7369e+06, 0
5.93625e+06, 3.57983e+06, 0
2.59535e+06, 2.33381e+06, 0
2.17955e+06, 1.75027e+06, 0
2.64593e+06, 1.73169e+06, 0
7.36861e+06, 3.00721e+06, 0
8.28265e+06, 4.24402e+06, 0
3.04298e+06, 908638, 0
5.69915e+06, 4.50234e+06, 0
5.70183e+06, 1.8201e+06, 0
8.93504e+06, 5.62162e+06, 0
3.65012e+06, 2.28691e+06, 0
4.43716e+06, 1.19002e+06, 0
6.13163e+06, 303390, 0
5.59235e+06, 1.91075e+06, 0
2.61171e+06, 2.07165e+06, 0
6.9738e+06, 4.14647e+06, 0
4.60849e+06, 2.91489e+06, 0
2.55204e+06, 1.76882e+06, 0
4.95438e+06, 2.10371e+06, 0
2.62471e+06, 554919, 0
1.199e+07, 8.63986e+06, 0
3.03305e+06, 2.35742e+06, 0
6.19957e+06, 3.19902e+06, 0
1.00449e+07, 6.25342e+06, 0
2.02106e+06, 318758, 0
1.07216e+07, 4.32601e+06, 0
6.18717e+06, 3.67862e+06, 0
4.50119e+06, 2.19604e+06, 0
6.88688e+06, 5.6269e+06, 0
2.76757e+06, 2.4362e+06, 0
1.09907e+07, 4.48505e+06, 0
3.78749e+06, 640210, 0
7.86284e+06, 2.98629e+06, 0
8.66057e+06, 3.47196e+06, 0
7.84744e+06, 1.66496e+06, 0
2.52567e+06, 540737, 0
5.99135e+06, 2.9664e+06, 0
3.56476e+06, 2.26067e+06, 0
6.94227e+06, 5.04633e+06, 0
6.71621e+06, 5.81101e+06, 0
4.4342e+06, 2.49157e+06, 0
9.18258e+06, 4.86754e+06, 0
1.80202e+06, 322865, 0
7.0866e+06, 5.5447e+06, 0
4.58196e+06, 3.37278e+06, 0
4.73202e+06, 1.88259e+06, 0
9.29211e+06, 3.36058e+06, 0
6.09068e+06, 3.77133e+06, 0
6.17629e+06, 2.87912e+06, 0
6.09798e+06, 4.47265e+06, 0
2.32581e+06, 1.11767e+06, 0
2.03108e+06, 1.25235e+06, 0
6.10222e+06, 4.0799e+06, 0
6.26437e+06, 5.43276e+06, 0
3.71808e+06, 2.50342e+06, 0
7.26459e+06, 4.75113e+06, 0
3.54395e+06, 2.40861e+06, 0
6.07024e+06, 1.54396e+06, 0
4.575e+06, 4.02783e+06, 0
5.57596e+06, 2.45224e+06, 0
3.90565e+06, 1.82726e+06, 0
2.73848e+06, 1.50582e+06, 0
6.5347e+06, 4.35239e+06, 0
3.88165e+06, 2.97197e+06, 0
6.53709e+06, 3.99384e+06, 0
1.5646e+07, 5.30546e+06, 0
4.51486e+06, 1.01626e+06, 0
5.32305e+06, 1.88807e+06, 0
1.05761e+07, 2.65522e+06, 0
1.42357e+07, 6.98717e+06, 0
2.20962e+06, 1.40783e+06, 0
2.91319e+06, 1.57135e+06, 0
1.13822e+07, 7.07478e+06, 0
6.91195e+06, 2.05967e+06, 0
4.91963e+06, 578944, 0
7.94614e+06, 5.6548e+06, 0
6.9381e+06, 3.64119e+06, 0
4.84765e+06, 2.86532e+06, 0
6.71002e+06, 3.3736e+06, 0
7.89301e+06, 5.31169e+06, 0
5.14518e+06, 1.92795e+06, 0
7.15414e+06, 1.22244e+06, 0
8.58548e+06, 2.51127e+06, 0
7.06952e+06, 4.35474e+06, 0
1.00828e+07, 4.41417e+06, 0
3.12728e+06, 1.8555e+06, 0
3.5303e+06, 2.81694e+06, 0
1.39024e+07, 3.97762e+06, 0
3.29949e+06, 2.0676e+06, 0
8.65986e+06, 1.94215e+06, 0
5.59154e+06, 2.54191e+06, 0
8.00594e+06, 6.84102e+06, 0
5.85266e+06, 2.91932e+06, 0
5.03084e+06, 501751, 0
4.33104e+06, 2.02592e+06, 0
4.34352e+06, 2.71156e+06, 0
3.60887e+06, 1.48514e+06, 0
2.89465e+06, 534453, 0
1.1123e+07, 1.34943e+06, 0
5.938e+06, 4.06812e+06, 0
4.54136e+06, 1.12387e+06, 0
3.7165e+06, 1.32727e+06, 0
8.88637e+06, 5.49575e+06, 0
9.77852e+06, 5.5792e+06, 0
4.35777e+06, 1.199e+06, 0
1.10321e+07, 5.46023e+06, 0
6.94341e+06, 1.99093e+06, 0
8.03713e+06, 4.98928e+06, 0
5.82172e+06, 610569, 0
2.55939e+06, 1.86251e+06, 0
9.5973e+06, 3.06602e+06, 0
7.72594e+06, 2.07151e+06, 0
7.5289e+06, 4.60315e+06, 0
1.09332e+07, 4.89984e+06, 0
8.07509e+06, 5.47349e+06, 0
9.63243e+06, 2.6446e+06, 0
3.44523e+06, 2.84621e+06, 0
1.79499e+06, 892519, 0
8.15767e+06, 5.43971e+06, 0
8.13348e+06, 2.13283e+06, 0
1.8923e+06, 1.36307e+06, 0
6.25094e+06, 1.57865e+06, 0
8.52619e+06, 5.17038e+06, 0
5.52368e+06, 2.77139e+06, 0
2.61094e+06, 1.73938e+06, 0
5.06522e+06, 1.74051e+06, 0
7.60838e+06, 4.90092e+06, 0
3.58516e+06, 1.10696e+06, 0
1.73532e+06, 255579, 0
4.25361e+06, 1.58686e+06, 0
9.04171e+06, 2.78026e+06, 0
7.84107e+06, 975169, 0
3.92469e+06, 1.50603e+06, 0
7.2026e+06, 3.46117e+06, 0
8.3045e+06, 5.05797e+06, 0
2.57175e+06, 2.16679e+06, 0
9.12813e+06, 4.215e+06, 0
7.03486e+06, 4.44316e+06, 0
1.72002e+06, 849036, 0
5.73491e+06, 3.88591e+06, 0
7.98391e+06, 3.92329e+06, 0
9.46439e+06, 6.23248e+06, 0
1.48387e+06, 683537, 0
4.06703e+06, 2.74332e+06, 0
5.04263e+06, 1.17921e+06, 0
2.64103e+06, 1.70952e+06, 0
5.30214e+06, 3.30482e+06, 0
1.28143e+07, 3.62936e+06, 0
1.04745e+07, 2.35216e+06, 0
9.03312e+06, 2.37787e+06, 0
5.33879e+06, 2.40262e+06, 0
2.91365e+06, 2.38313e+06, 0
6.50977e+06, 2.99331e+06, 0
5.46068e+06, 3.74127e+06, 0
9.31354e+06, 5.99354e+06, 0
7.87181e+06, 3.67015e+06, 0
8.86779e+06, 6.50838e+06, 0
9.2697e+06, 5.20154e+06, 0
9.73547e+06, 5.62309e+06, 0
3.66973e+06, 675063, 0
5.81103e+06, 346598, 0
7.15039e+06, 4.91443e+06, 0
7.68579e+06, 3.18142e+06, 0
2.57328e+06, 1.17547e+06, 0
4.23513e+06, 2.75556e+06, 0
3.09155e+06, 1.60923e+06, 0
4.55242e+06, 3.09116e+06, 0
7.46002e+06, 1.75097e+06, 0
4.08264e+06, 2.76372e+06, 0
9.27933e+06, 6.44676e+06, 0
6.64737e+06, 1.69627e+06, 0
9.87823e+06, 4.45193e+06, 0
2.95358e+06, 2.59237e+06, 0
4.51091e+06, 3.26548e+06, 0
3.94328e+06, 2.30882e+06, 0
9.28472e+06, 7.52792e+06, 0
2.18796e+06, 1.26657e+06, 0
4.81483e+06, 1.69566e+06, 0
7.68679e+06, 1.73548e+06, 0
5.33532e+06, 4.96952e+06, 0
4.32771e+06, 2.08525e+06, 0
7.18315e+06, 4.38417e+06, 0
7.40976e+06, 2.73852e+06, 0
8.46168e+06, 5.882e+06, 0
3.43261e+06, 1.49104e+06, 0
6.04182e+06, 5.12843e+06, 0
5.16449e+06, 4.36593e+06, 0
6.73405e+06, 3.59413e+06, 0
2.9309e+06, 892639, 0
5.01832e+06, 3.08861e+06, 0
7.31255e+06, 2.42199e+06, 0
4.72969e+06, 2.8776e+06, 0
8.13845e+06, 2.9285e+06, 0
2.92183e+06, 2.51451e+06, 0
6.9595e+06, 3.6008e+06, 0
7.4127e+06, 5.99842e+06, 0
2.58629e+06, 1.30509e+06, 0
4.65484e+06, 3.92698e+06, 0
2.96625e+06, 1.61248e+06, 0
8.0071e+06, 4.02412e+06, 0
3.20441e+06, 2.56556e+06, 0
5.72318e+06, 1.4067e+06, 0
6.82963e+06, 2.98248e+06, 0
1.0226e+07, 4.25698e+06, 0
1.25606e+07, 980318, 0
8.19696e+06, 7.20983e+06, 0
6.22837e+06, 4.7185e+06, 0
7.26936e+06, 3.17147e+06, 0
6.21923e+06, 4.3201e+06, 0
5.09855e+06, 3.7394e+06, 0
2.47377e+06, 1.13699e+06, 0
2.98037e+06, 2.66805e+06, 0
7.1833e+06, 3.65789e+06, 0
6.79867e+06, 3.97225e+06, 0
6.17922e+06, 2.14733e+06, 0
4.35112e+06, 2.15741e+06, 0
3.23164e+06, 550705, 0
4.90955e+06, 3.1644e+06, 0
7.04732e+06, 4.33094e+06, 0
4.25699e+06, 626125, 0
6.10519e+06, 4.13859e+06, 0
8.28989e+06, 6.03991e+06, 0
7.10843e+06, 3.08359e+06, 0
3.27301e+06, 1.50658e+06, 0
6.35142e+06, 2.67396e+06, 0
6.58658e+06, 830387, 0
8.68721e+06, 6.53764e+06, 0
6.50963e+06, 2.46568e+06, 0
1.10372e+07, 6.5902e+06, 0
4.48025e+06, 2.51739e+06, 0
7.89522e+06, 3.2043e+06, 0
6.85172e+06, 4.57796e+06, 0
2.89683e+06, 470278, 0
5.5899e+06, 396072, 0
6.33387e+06, 3.14604e+06, 0
5.57794e+06, 2.20663e+06, 0
3.5648e+06, 1.03651e+06, 0
6.64436e+06, 4.11228e+06, 0
2.74692e+06, 761321, 0
7.9859e+06, 863964, 0
5.4373e+06, 3.02325e+06, 0
5.5495e+06, 3.01183e+06, 0
9.32934e+06, 6.0936e+06, 0
5.62479e+06, 2.41368e+06, 0
5.89007e+06, 3.94823e+06, 0
5.55895e+06, 711703, 0
4.60129e+06, 3.35325e+06, 0
5.34026e+06, 2.39943e+06, 0
1.16372e+07, 6.14262e+06, 0
4.41158e+06, 3.71103e+06, 0
7.81121e+06, 2.75705e+06, 0
1.56677e+07, 2.72964e+06, 0
5.15923e+06, 2.77783e+06, 0
6.35573e+06, 2.98525e+06, 0
4.79081e+06, 2.07307e+06, 0
6.81636e+06, 3.18433e+06, 0
5.28644e+06, 914722, 0
8.25564e+06, 3.98947e+06, 0
5.01351e+06, 2.787e+06, 0
3.48247e+06, 874276, 0
4.18939e+06, 2.53522e+06, 0
1.15649e+07, 4.24214e+06, 0
5.67485e+06, 1.91594e+06, 0
7.37418e+06, 2.36155e+06, 0
3.60152e+06, 2.57593e+06, 0
5.35437e+06, 1.93258e+06, 0
7.56912e+06, 3.24959e+06, 0
4.31798e+06, 2.15105e+06, 0
4.80177e+06, 2.58775e+06, 0
3.38066e+06, 2.87323e+06, 0
1.86042e+06, 409612, 0
6.92499e+06, 4.65922e+06, 0
3.68335e+06, 3.11339e+06, 0
4.87837e+06, 2.76048e+06, 0
4.26849e+06, 2.3009e+06, 0
5.81759e+06, 4.94609e+06, 0
5.53848e+06, 3.59321e+06, 0
7.84988e+06, 3.41892e+06, 0
8.5391e+06, 3.92835e+06, 0
7.37872e+06, 1.36347e+06, 0
8.12232e+06, 6.93165e+06, 0
4.15101e+06, 2.31716e+06, 0
4.1719e+06, 3.7092e+06, 0
2.99771e+06, 1.79157e+06, 0
7.65186e+06, 3.56847e+06, 0
8.21981e+06, 3.38704e+06, 0
2.08423e+06, 1.77037e+06, 0
5.36705e+06, 2.42008e+06, 0
4.71404e+06, 3.84214e+06, 0
7.27613e+06, 4.8162e+06, 0
5.95887e+06, 2.19755e+06, 0
3.784e+06, 2.38573e+06, 0
5.47194e+06, 3.72809e+06, 0
7.96389e+06, 3.57919e+06, 0
8.14198e+06, 5.75746e+06, 0
4.91742e+06, 1.89348e+06, 0
5.42744e+06, 2.20392e+06, 0
5.36959e+06, 1.68408e+06, 0
3.24087e+06, 2.3424e+06, 0
4.4155e+06, 1.64867e+06, 0
3.22892e+06, 1.98837e+06, 0
4.3146e+06, 3.07993e+06, 0
6.80306e+06, 4.84781e+06, 0
2.38424e+06, 709721, 0
4.78884e+06, 2.8861e+06, 0
9.80822e+06, 2.0765e+06, 0
7.63518e+06, 2.57509e+06, 0
2.8093e+06, 2.44721e+06, 0
4.04722e+06, 2.82953e+06, 0
5.66408e+06, 4.56945e+06, 0
9.31669e+06, 3.22343e+06, 0
5.39192e+06, 3.64829e+06, 0
4.45548e+06, 3.31488e+06, 0
9.18122e+06, 2.6152e+06, 0
8.09663e+06, 2.86511e+06, 0
7.64577e+06, 2.41069e+06, 0
2.12835e+06, 214259, 0
4.50279e+06, 1.79895e+06, 0
5.16406e+06, 1.96228e+06, 0
6.79283e+06, 605447, 0
1.00285e+07, 7.23416e+06, 0
2.30259e+06, 1.3628e+06, 0
3.5742e+06, 1.80434e+06, 0
2.78182e+06, 1.37047e+06, 0
8.41391e+06, 5.02985e+06, 0
7.50976e+06, 4.13555e+06, 0
3.50317e+06, 1.41135e+06, 0
3.55337e+06, 578031, 0
8.77327e+06, 6.97136e+06, 0
7.93006e+06, 3.43516e+06, 0
3.23748e+06, 2.451e+06, 0
5.24185e+06, 1.42872e+06, 0
5.99558e+06, 2.76881e+06, 0
4.22979e+06, 1.19889e+06, 0
8.58922e+06, 6.6557e+06, 0
3.87154e+06, 1.64392e+06, 0
8.78808e+06, 4.93014e+06, 0
7.84221e+06, 2.44814e+06, 0
1.25605e+07, 5.48012e+06, 0
5.30396e+06, 1.94256e+06, 0
5.67268e+06, 1.71205e+06, 0
8.08e+06, 5.00669e+06, 0
3.54507e+06, 2.40437e+06, 0
2.99358e+06, 1.18781e+06, 0
8.83287e+06, 8.04877e+06, 0
2.25864e+06, 1.28234e+06, 0
7.12131e+06, 2.29481e+06, 0
1.01272e+07, 838965, 0
9.87636e+06, 6.48466e+06, 0
7.02497e+06, 1.64904e+06, 0
7.49186e+06, 5.10735e+06, 0
4.80764e+06, 2.86186e+06, 0
7.90106e+06, 3.63215e+06, 0
4.45081e+06, 1.18063e+06, 0
3.24903e+06, 1.59218e+06, 0
5.3957e+06, 4.11639e+06, 0
7.09553e+06, 1.71964e+06, 0
1.25306e+07, 4.26197e+06, 0
7.18752e+06, 3.73231e+06, 0
5.41601e+06, 1.87934e+06, 0
3.22904e+06, 1.82976e+06, 0
7.02141e+06, 4.14978e+06, 0
4.86057e+06, 3.31162e+06, 0
5.78356e+06, 4.54581e+06, 0
4.70428e+06, 1.87282e+06, 0
8.67084e+06, 2.10506e+06, 0
1.69272e+06, 923060, 0
6.28382e+06, 5.51171e+06, 0
4.66597e+06, 1.86278e+06, 0
6.96208e+06, 4.44973e+06, 0
7.9298e+06, 595167, 0
3.22233e+06, 1.18501e+06, 0
4.40828e+06, 2.28103e+06, 0
7.27908e+06, 2.49284e+06, 0
8.604e+06, 5.1314e+06, 0
7.26163e+06, 5.5818e+06, 0
3.0883e+06, 1.7334e+06, 0
4.99053e+06, 3.97498e+06, 0
9.33116e+06, 5.17216e+06, 0
8.14907e+06, 2.55193e+06, 0
7.5903e+06, 869709, 0
2.22302e+06, 1.37503e+06, 0
6.14381e+06, 2.19126e+06, 0
8.56339e+06, 651116, 0
7.50386e+06, 911153, 0
9.15835e+06, 5.48578e+06, 0
7.53892e+06, 5.24178e+06, 0
7.90904e+06, 3.77319e+06, 0
8.42516e+06, 3.01357e+06, 0
6.57358e+06, 3.14321e+06, 0
2.49962e+06, 1.97417e+06, 0
5.66625e+06, 408145, 0
9.85702e+06, 1.95768e+06, 0
4.48628e+06, 2.85945e+06, 0
9.00821e+06, 8.31691e+06, 0
4.53498e+06, 2.0724e+06, 0
5.64675e+06, 2.62784e+06, 0
8.02436e+06, 4.37274e+06, 0
6.19568e+06, 3.0741e+06, 0
7.06252e+06, 4.93825e+06, 0
4.73533e+06, 4.09282e+06, 0
7.45195e+06, 3.32207e+06, 0
4.78314e+06, 2.789e+06, 0
3.84947e+06, 2.26224e+06, 0
5.85042e+06, 4.1196e+06, 0
5.74179e+06, 3.66778e+06, 0
7.22436e+06, 3.91995e+06, 0
5.96866e+06, 5.36118e+06, 0
3.11993e+06, 1.6323e+06, 0
3.14701e+06, 2.56714e+06, 0
5.35064e+06, 2.61231e+06, 0
7.69841e+06, 6.48964e+06, 0
2.16954e+06, 821746, 0
3.96872e+06, 3.27622e+06, 0
4.92801e+06, 2.34805e+06, 0
5.11234e+06, 1.28039e+06, 0
6.2121e+06, 4.7176e+06, 0
9.28127e+06, 3.63445e+06, 0
4.03518e+06, 2.96503e+06, 0
8.98643e+06, 1.72155e+06, 0
6.02516e+06, 3.27296e+06, 0
7.35979e+06, 1.9439e+06, 0
4.97491e+06, 2.49024e+06, 0
4.94487e+06, 719138, 0
1.02183e+07, 2.82726e+06, 0
7.17324e+06, 6.00444e+06, 0
2.424e+06, 2.17176e+06, 0
4.86474e+06, 1.49237e+06, 0
2.35353e+06, 1.65471e+06, 0
3.34258e+06, 1.84689e+06, 0
6.00574e+06, 4.0225e+06, 0
7.83369e+06, 105181, 0
5.34308e+06, 3.45325e+06, 0
8.82895e+06, 5.64788e+06, 0
1.38774e+07, 1.01455e+07, 0
7.11153e+06, 3.65593e+06, 0
7.52796e+06, 5.22227e+06, 0
4.85374e+06, 3.5589e+06, 0
6.39065e+06, 2.68813e+06, 0
3.87437e+06, 2.52441e+06, 0
3.9155e+06, 2.82713e+06, 0
2.88358e+06, 2.58452e+06, 0
4.1737e+06, 1.08686e+06, 0
4.72679e+06, 2.87903e+06, 0
6.28991e+06, 1.01075e+06, 0
4.85725e+06, 1.96061e+06, 0
4.95953e+06, 1.26953e+06, 0
7.12482e+06, 4.19235e+06, 0
5.00361e+06, 3.35571e+06, 0
5.63282e+06, 3.72345e+06, 0
7.2355e+06, 6.33142e+06, 0
3.23811e+06, 646962, 0
2.44078e+06, 1.6334e+06, 0
6.07683e+06, 4.948e+06, 0
5.65722e+06, 382882, 0
6.16957e+06, 3.05743e+06, 0
9.95636e+06, 6.75324e+06, 0
1.00792e+07, 8.83687e+06, 0
1.90633e+06, 468696, 0
3.91781e+06, 1.68796e+06, 0
3.93541e+06, 3.2043e+06, 0
8.0786e+06, 5.83567e+06, 0
3.8701e+06, 3.01104e+06, 0
4.1988e+06, 3.80466e+06, 0
1.99523e+06, 935097, 0
7.50138e+06, 2.35962e+06, 0
4.31876e+06, 2.49901e+06, 0
5.30892e+06, 3.44528e+06, 0
5.32647e+06, 2.2151e+06, 0
2.83339e+06, 802901, 0
7.93979e+06, 5.26302e+06, 0
1.40805e+07, 4.96824e+06, 0
4.06957e+06, 1.80415e+06, 0
4.84047e+06, 1.44661e+06, 0
4.85046e+06, 3.29703e+06, 0
6.24968e+06, 2.80176e+06, 0
3.90536e+06, 1.26484e+06, 0
8.84323e+06, 1.9725e+06, 0
5.58889e+06, 3.04161e+06, 0
9.16931e+06, 5.01911e+06, 0
1.1485e+07, 2.99799e+06, 0
6.20414e+06, 3.34152e+06, 0
3.21295e+06, 1.02579e+06, 0
3.7558e+06, 2.49003e+06, 0
9.4893e+06, 3.58152e+06, 0
4.4341e+06, 3.36418e+06, 0
5.33323e+06, 3.21167e+06, 0
8.04136e+06, 5.57954e+06, 0
6.48479e+06, 4.05543e+06, 0
2.77599e+06, 1.21168e+06, 0
7.6758e+06, 5.85807e+06, 0
3.34475e+06, 2.2509e+06, 0
6.09339e+06, 2.58238e+06, 0
4.90344e+06, 1.62581e+06, 0
4.42709e+06, 2.54795e+06, 0
5.07781e+06, 3.01543e+06, 0
9.07396e+06, 2.01695e+06, 0
5.79065e+06, 4.45439e+06, 0
8.59753e+06, 5.47919e+06, 0
9.56807e+06, 2.56425e+06, 0
6.06093e+06, 3.17255e+06, 0
7.72417e+06, 3.41521e+06, 0
5.03354e+06, 463523, 0
4.74425e+06, 2.54638e+06, 0
5.33084e+06, 4.8074e+06, 0
5.69316e+06, 2.42793e+06, 0
4.44885e+06, 3.10102e+06, 0
7.57932e+06, 5.044e+06, 0
6.6497e+06, 2.58668e+06, 0
5.74392e+06, 2.87893e+06, 0
3.88325e+06, 1.68907e+06, 0
9.12918e+06, 5.08068e+06, 0
6.5629e+06, 4.16393e+06, 0
6.07875e+06, 4.61733e+06, 0
4.5227e+06, 2.57627e+06, 0
9.52518e+06, 1.27037e+06, 0
6.6336e+06, 4.76177e+06, 0
3.3985e+06, 1.48593e+06, 0
3.02291e+06, 969096, 0
4.11606e+06, 3.53612e+06, 0
4.76848e+06, 4.06923e+06, 0
2.14815e+06, 1.64055e+06, 0
6.19393e+06, 4.15073e+06, 0
6.83029e+06, 3.9117e+06, 0
5.29567e+06, 4.4525e+06, 0
8.32973e+06, 1.42242e+06, 0
8.7912e+06, 2.45374e+06, 0
2.67114e+06, 1.59473e+06, 0
7.15828e+06, 4.29321e+06, 0
2.3696e+06, 1.29345e+06, 0
8.37269e+06, 4.81399e+06, 0
5.09103e+06, 2.3277e+06, 0
3.72898e+06, 2.14334e+06, 0
7.90055e+06, 6.38906e+06, 0
5.1385e+06, 2.28623e+06, 0
7.77691e+06, 4.65141e+06, 0
5.46103e+06, 2.48541e+06, 0
7.46683e+06, 4.67858e+06, 0
7.23966e+06, 3.3436e+06, 0
5.87625e+06, 2.34383e+06, 0
9.54695e+06, 1.72124e+06, 0
4.95814e+06, 3.04149e+06, 0
6.93147e+06, 3.48271e+06, 0
5.06299e+06, 1.23629e+06, 0
5.77173e+06, 1.42644e+06, 0
4.10095e+06, 1.6323e+06, 0
4.90338e+06, 3.35713e+06, 0
4.63862e+06, 754261, 0
5.98807e+06, 1.59874e+06, 0
5.74066e+06, 3.59815e+06, 0
4.09857e+06, 1.86381e+06, 0
1.02485e+07, 5.32293e+06, 0
8.8576e+06, 2.84833e+06, 0
4.96645e+06, 3.17868e+06, 0
7.84944e+06, 4.8656e+06, 0
5.40404e+06, 3.67691e+06, 0
5.47124e+06, 2.39499e+06, 0
4.65858e+06, 1.19653e+06, 0
5.20241e+06, 737634, 0
4.049e+06, 1.37523e+06, 0
6.19017e+06, 3.70804e+06, 0
4.31519e+06, 3.7485e+06, 0
3.04382e+06, 2.47381e+06, 0
8.43847e+06, 4.73326e+06, 0
9.91793e+06, 7.57073e+06, 0
4.20869e+06, 2.3701e+06, 0
6.03857e+06, 5.37792e+06, 0
2.57343e+06, 666485, 0
8.33228e+06, 3.84713e+06, 0
5.1573e+06, 1.83238e+06, 0
8.72406e+06, 1.22445e+06, 0
7.69456e+06, 2.41155e+06, 0
7.01533e+06, 4.03195e+06, 0
4.95894e+06, 1.43975e+06, 0
6.36225e+06, 2.95861e+06, 0
6.39349e+06, 3.02128e+06, 0
4.61971e+06, 2.21684e+06, 0
6.25682e+06, 3.25249e+06, 0
7.35686e+06, 4.42138e+06, 0
4.20522e+06, 2.79605e+06, 0
4.65522e+06, 2.74089e+06, 0
8.73117e+06, 3.91305e+06, 0
3.4015e+06, 1.60234e+06, 0
4.6547e+06, 1.26511e+06, 0
6.2695e+06, 5.72834e+06, 0
3.25804e+06, 2.45918e+06, 0
4.15958e+06, 619213, 0
5.15986e+06, 1.23507e+06, 0
1.49609e+06, 675311, 0
6.0181e+06, 2.63102e+06, 0
4.74993e+06, 1.81592e+06, 0
3.73456e+06, 1.60641e+06, 0
5.01819e+06, 1.17748e+06, 0
6.94643e+06, 2.04908e+06, 0
6.5232e+06, 2.75693e+06, 0
6.93232e+06, 3.26681e+06, 0
2.34585e+06, 1.15062e+06, 0
4.10246e+06, 2.11523e+06, 0
5.33788e+06, 4.33622e+06, 0
2.43324e+06, 1.34025e+06, 0
4.74145e+06, 2.24852e+06, 0
2.04075e+06, 68097, 0
4.41821e+06, 3.87884e+06, 0
7.44825e+06, 6.24255e+06, 0
7.2025e+06, 4.25216e+06, 0
5.40164e+06, 2.27831e+06, 0
4.68589e+06, 2.63678e+06, 0
4.57973e+06, 4.04874e+06, 0
4.29788e+06, 2.31425e+06, 0
6.43088e+06, 5.57025e+06, 0
7.52175e+06, 1.18757e+06, 0
3.2918e+06, 1.08861e+06, 0
5.66892e+06, 3.13356e+06, 0
4.87745e+06, 3.31895e+06, 0
5.83997e+06, 3.60615e+06, 0
8.59955e+06, 4.61499e+06, 0
5.29771e+06, 3.00852e+06, 0
4.13295e+06, 1.5916e+06, 0
3.20751e+06, 865722, 0
6.72939e+06, 1.82825e+06, 0
5.11807e+06, 2.31986e+06, 0
5.62492e+06, 3.29543e+06, 0
3.4372e+06, 1.37976e+06, 0
1.0149e+07, 3.51476e+06, 0
5.12774e+06, 1.78529e+06, 0
7.44423e+06, 4.84584e+06, 0
2.9125e+06, 1.86722e+06, 0
3.06918e+06, 2.04169e+06, 0
5.01264e+06, 927352, 0
3.52158e+06, 2.85508e+06, 0
4.3296e+06, 2.7263e+06, 0
9.45359e+06, 6.03745e+06, 0
7.97015e+06, 1.71975e+06, 0
6.56027e+06, 5.67473e+06, 0
6.97087e+06, 2.85313e+06, 0
6.67444e+06, 2.54723e+06, 0
7.45193e+06, 2.35559e+06, 0
9.59747e+06, 4.6793e+06, 0
4.34205e+06, 3.82464e+06, 0
6.12632e+06, 4.79985e+06, 0
1.13545e+07, 2.1709e+06, 0
9.54539e+06, 985391, 0
4.80629e+06, 3.28608e+06, 0
4.87116e+06, 2.15329e+06, 0
8.8168e+06, 6.85663e+06, 0
4.31293e+06, 2.39275e+06, 0
6.30354e+06, 1.96649e+06, 0
5.37407e+06, 2.22311e+06, 0
3.77883e+06, 1.52068e+06, 0
2.64032e+06, 2.15418e+06, 0
6.82891e+06, 3.82538e+06, 0
6.45524e+06, 3.47894e+06, 0
3.77836e+06, 3.20492e+06, 0
1.59845e+07, 1.28444e+06, 0
9.95875e+06, 2.66926e+06, 0
3.18064e+06, 1.87494e+06, 0
9.86882e+06, 7.4795e+06, 0
5.81122e+06, 3.50646e+06, 0
6.11255e+06, 3.87729e+06, 0
3.51397e+06, 3.13768e+06, 0
6.73224e+06, 3.99012e+06, 0
6.27531e+06, 4.06114e+06, 0
9.66903e+06, 6.05803e+06, 0
8.69931e+06, 5.43523e+06, 0
2.92767e+06, 606966, 0
3.60953e+06, 212409, 0
5.35907e+06, 4.50287e+06, 0
4.16738e+06, 3.28201e+06, 0
3.16951e+06, 1.65347e+06, 0
2.28324e+06, 1.97778e+06, 0
2.7697e+06, 1.07455e+06, 0
4.62111e+06, 3.30574e+06, 0
2.17214e+06, 1.56644e+06, 0
5.53038e+06, 4.77933e+06, 0
5.50896e+06, 1.13806e+06, 0
4.09949e+06, 2.06872e+06, 0
3.85793e+06, 1.76852e+06, 0
3.56735e+06, 2.52849e+06, 0
1.12367e+07, 3.23287e+06, 0
7.1084e+06, 2.29413e+06, 0
9.17649e+06, 5.28116e+06, 0
2.65893e+06, 1.93563e+06, 0
5.559e+06, 3.32235e+06, 0
7.61109e+06, 4.4667e+06, 0
5.26676e+06, 3.78703e+06, 0
4.20767e+06, 367514, 0
6.0648e+06, 2.76543e+06, 0
3.43285e+06, 2.32766e+06, 0
6.82205e+06, 3.01852e+06, 0
4.85725e+06, 3.34186e+06, 0
1.66565e+06, 701465, 0
6.98047e+06, 5.88869e+06, 0
5.85341e+06, 5.3382e+06, 0
5.55245e+06, 1.24218e+06, 0
2.99487e+06, 1.28982e+06, 0
6.12303e+06, 3.34095e+06, 0
3.31868e+06, 2.74692e+06, 0
6.19466e+06, 1.87563e+06, 0
4.37728e+06, 2.77533e+06, 0
7.6817e+06, 2.68542e+06, 0
3.03434e+06, 1.47708e+06, 0
1.23617e+07, 2.92146e+06, 0
6.63423e+06, 2.0238e+06, 0
7.69306e+06, 5.80845e+06, 0
2.64451e+06, 2.13711e+06, 0
4.65651e+06, 1.8414e+06, 0
4.56476e+06, 3.16487e+06, 0
5.6984e+06, 2.92849e+06, 0
6.93289e+06, 5.92952e+06, 0
2.02219e+06, 1.58636e+06, 0
6.62626e+06, 6.03133e+06, 0
6.3863e+06, 2.80598e+06, 0
5.91668e+06, 2.96921e+06, 0
4.12485e+06, 2.50644e+06, 0
3.36629e+06, 2.89592e+06, 0
6.59513e+06, 831588, 0
5.34578e+06, 2.84795e+06, 0
6.80293e+06, 3.16856e+06, 0
4.24406e+06, 2.11321e+06, 0
7.07865e+06, 4.43142e+06, 0
3.23249e+06, 1.05393e+06, 0
9.75369e+06, 3.9564e+06, 0
3.04361e+06, 2.76116e+06, 0
6.80744e+06, 1.36859e+06, 0
6.02529e+06, 2.28398e+06, 0
6.11226e+06, 2.55086e+06, 0
6.97084e+06, 1.52537e+06, 0
3.11588e+06, 2.65327e+06, 0
9.08874e+06, 2.3053e+06, 0
9.41918e+06, 2.70455e+06, 0
4.22282e+06, 2.7202e+06, 0
6.93913e+06, 2.69972e+06, 0
5.5662e+06, 3.98005e+06, 0
6.18157e+06, 5.09678e+06, 0
5.86572e+06, 2.85946e+06, 0
5.78513e+06, 4.30816e+06, 0
5.73731e+06, 2.28635e+06, 0
3.83805e+06, 2.49927e+06, 0
5.3774e+06, 1.76828e+06, 0
6.9541e+06, 3.37638e+06, 0
5.49793e+06, 3.89485e+06, 0
6.64206e+06, 1.40618e+06, 0
5.9541e+06, 2.45362e+06, 0
4.89605e+06, 1.95978e+06, 0
7.64799e+06, 1.64534e+06, 0
3.13949e+06, 2.50971e+06, 0
8.87061e+06, 7.11725e+06, 0
8.1912e+06, 5.66459e+06, 0
6.19138e+06, 3.64636e+06, 0
1.0057e+07, 9.11968e+06, 0
5.84478e+06, 5.01161e+06, 0
2.83008e+06, 2.37139e+06, 0
5.08875e+06, 3.08829e+06, 0
5.0403e+06, 2.65798e+06, 0
8.83798e+06, 4.63029e+06, 0
5.70588e+06, 2.67682e+06, 0
7.92094e+06, 5.99847e+06, 0
5.35939e+06, 1.8491e+06, 0
9.23449e+06, 4.63686e+06, 0
8.08291e+06, 6.51543e+06, 0
5.19444e+06, 1.10614e+06, 0
5.36146e+06, 4.01445e+06, 0
4.31461e+06, 1.81686e+06, 0
3.86116e+06, 3.37884e+06, 0
4.45639e+06, 2.21204e+06, 0
5.89287e+06, 2.24062e+06, 0
8.54117e+06, 3.93272e+06, 0
6.53605e+06, 4.61326e+06, 0
9.05768e+06, 6.15049e+06, 0
4.95759e+06, 3.27764e+06, 0
6.31042e+06, 1.99128e+06, 0
4.97102e+06, 1.30264e+06, 0
5.1719e+06, 1.79771e+06, 0
7.54286e+06, 3.7279e+06, 0
3.86301e+06, 1.54797e+06, 0
7.4999e+06, 3.94264e+06, 0
4.28603e+06, 2.19173e+06, 0
8.42308e+06, 4.7046e+06, 0
9.72388e+06, 8.29114e+06, 0
5.90988e+06, 3.36906e+06, 0
7.92141e+06, 6.27803e+06, 0
5.64232e+06, 928681, 0
9.16041e+06, 3.04384e+06, 0
6.90131e+06, 3.11188e+06, 0
1.97807e+06, 1.25912e+06, 0
8.03384e+06, 2.31108e+06, 0
2.23537e+06, 833527, 0
8.05657e+06, 5.04554e+06, 0
2.44828e+06, 1.32272e+06, 0
1.81703e+06, 1.2708e+06, 0
4.08803e+06, 967232, 0
7.28817e+06, 3.91747e+06, 0
8.77967e+06, 7.9742e+06, 0
1.36447e+07, 2.0245e+06, 0
3.09231e+06, 534825, 0
6.53614e+06, 5.36864e+06, 0
4.71755e+06, 1.54276e+06, 0
9.24977e+06, 3.82721e+06, 0
5.11464e+06, 4.2957e+06, 0
2.5493e+06, 1.19963e+06, 0
8.14194e+06, 3.88162e+06, 0
8.40037e+06, 4.75416e+06, 0
3.6736e+06, 1.18487e+06, 0
9.39742e+06, 5.26761e+06, 0
6.93294e+06, 5.23838e+06, 0
2.02064e+06, 1.48951e+06, 0
5.66726e+06, 3.98303e+06, 0
7.16313e+06, 5.80132e+06, 0
5.90385e+06, 3.64568e+06, 0
1.04265e+07, 4.24118e+06, 0
4.68273e+06, 3.40544e+06, 0
6.24735e+06, 3.57315e+06, 0
2.35492e+06, 1.73776e+06, 0
3.81469e+06, 2.81584e+06, 0
3.81526e+06, 1.90263e+06, 0
4.54876e+06, 3.53931e+06, 0
3.62347e+06, 1.34828e+06, 0
1.07036e+07, 5.2934e+06, 0
7.02632e+06, 3.41335e+06, 0
7.12651e+06, 2.39903e+06, 0
3.50439e+06, 3.17075e+06, 0
5.1697e+06, 4.67267e+06, 0
2.33732e+06, 1.20818e+06, 0
1.31819e+07, 1.52162e+06, 0
1.09176e+07, 3.11812e+06, 0
8.70555e+06, 8.07388e+06, 0
1.31537e+07, 8.1726e+06, 0
7.6579e+06, 4.15328e+06, 0
5.55453e+06, 852335, 0
3.9379e+06, 1.62641e+06, 0
6.86168e+06, 5.09681e+06, 0
1.03435e+07, 1.43024e+06, 0
7.9281e+06, 4.01545e+06, 0
3.24229e+06, 1.66956e+06, 0
3.37626e+06, 1.85326e+06, 0
8.43859e+06, 5.60927e+06, 0
3.52009e+06, 2.3343e+06, 0
9.8407e+06, 3.7557e+06, 0
3.06821e+06, 2.10249e+06, 0
5.6719e+06, 4.2922e+06, 0
8.19234e+06, 5.19533e+06, 0
4.50019e+06, 3.66569e+06, 0
1.38287e+07, 5.58237e+06, 0
5.45678e+06, 2.43188e+06, 0
6.45392e+06, 1.86269e+06, 0
4.46811e+06, 2.16845e+06, 0
6.46388e+06, 6.00109e+06, 0
2.64161e+06, 1.82828e+06, 0
7.01585e+06, 3.8594e+06, 0
4.57318e+06, 2.43986e+06, 0
9.13304e+06, 5.3999e+06, 0
6.38898e+06, 2.70584e+06, 0
5.36177e+06, 3.34865e+06, 0
2.24657e+06, 647951, 0
2.78525e+06, 2.48867e+06, 0
7.38153e+06, 841047, 0
4.74507e+06, 3.26237e+06, 0
6.15406e+06, 3.29026e+06, 0
7.2735e+06, 1.82225e+06, 0
6.81514e+06, 2.89069e+06, 0
5.27866e+06, 2.43986e+06, 0
7.83511e+06, 3.07539e+06, 0
8.55988e+06, 2.3132e+06, 0
1.02001e+07, 5.77861e+06, 0
2.69065e+06, 2.19167e+06, 0
6.73355e+06, 3.34484e+06, 0
1.00938e+07, 4.47982e+06, 0
3.24636e+06, 1.65884e+06, 0
4.84414e+06, 3.657e+06, 0
4.6871e+06, 1.74651e+06, 0
4.87253e+06, 2.45266e+06, 0
5.77043e+06, 2.69842e+06, 0
3.26862e+06, 2.29861e+06, 0
4.27618e+06, 3.17454e+06, 0
4.19499e+06, 3.14615e+06, 0
6.4011e+06, 2.98861e+06, 0
3.30242e+06, 1.64755e+06, 0
2.78641e+06, 356326, 0
4.66975e+06, 3.08271e+06, 0
5.90211e+06, 5.2723e+06, 0
7.98989e+06, 3.38605e+06, 0
1.01298e+07, 5.43913e+06, 0
7.70093e+06, 4.68218e+06, 0
8.45876e+06, 5.97258e+06, 0
4.78842e+06, 3.26813e+06, 0
2.51471e+06, 855213, 0
5.59212e+06, 2.25852e+06, 0
6.03452e+06, 2.39486e+06, 0
7.26372e+06, 5.05146e+06, 0
6.15635e+06, 953353, 0
3.19823e+06, 2.41276e+06, 0
8.17715e+06, 2.61456e+06, 0
3.53989e+06, 1.98162e+06, 0
6.71543e+06, 5.55184e+06, 0
7.90587e+06, 3.57226e+06, 0
3.9685e+06, 595179, 0
6.95876e+06, 1.59306e+06, 0
5.04181e+06, 3.90931e+06, 0
5.8398e+06, 3.10638e+06, 0
9.82053e+06, 2.65351e+06, 0
5.86718e+06, 2.02666e+06, 0
5.984e+06, 3.96867e+06, 0
5.13782e+06, 991488, 0
7.37421e+06, 2.91703e+06, 0
2.13914e+06, 718753, 0
2.18718e+06, 1.92132e+06, 0
6.27422e+06, 1.85113e+06, 0
1.0214e+07, 6.87853e+06, 0
3.92291e+06, 994193, 0
2.95875e+06, 913759, 0
8.84529e+06, 3.32764e+06, 0
6.43025e+06, 1.81314e+06, 0
2.72547e+06, 1.10779e+06, 0
3.77807e+06, 2.5273e+06, 0
5.91631e+06, 2.0618e+06, 0
6.85288e+06, 3.13761e+06, 0
1.24935e+07, 1.4355e+06, 0
3.30537e+06, 2.83006e+06, 0
3.03572e+06, 1.22827e+06, 0
8.20785e+06, 3.15149e+06, 0
7.10671e+06, 1.00367e+06, 0
2.37135e+06, 1.47424e+06, 0
4.91385e+06, 2.62223e+06, 0
8.40536e+06, 5.96581e+06, 0
4.08491e+06, 3.27539e+06, 0
6.21745e+06, 5.17555e+06, 0
6.69841e+06, 5.7952e+06, 0
2.73269e+06, 522453, 0
3.37503e+06, 1.35813e+06, 0
4.18007e+06, 1.98178e+06, 0
9.47805e+06, 6.46522e+06, 0
6.61191e+06, 4.90281e+06, 0
1.02649e+07, 6.01058e+06, 0
5.10857e+06, 2.91653e+06, 0
1.24985e+06, 139052, 0
3.71073e+06, 1.93456e+06, 0
1.06841e+07, 6.92291e+06, 0
4.31701e+06, 764642, 0
5.52056e+06, 1.17818e+06, 0
2.85421e+06, 2.11852e+06, 0
6.10757e+06, 3.41312e+06, 0
7.20893e+06, 4.12891e+06, 0
5.25839e+06, 1.77767e+06, 0
7.05772e+06, 2.94698e+06, 0
4.86177e+06, 3.45057e+06, 0
1.08809e+07, 6.45939e+06, 0
7.19256e+06, 3.63702e+06, 0
7.35723e+06, 1.94943e+06, 0
6.52988e+06, 4.00279e+06, 0
5.94822e+06, 2.94664e+06, 0
1.0799e+07, 6.37701e+06, 0
4.5547e+06, 487758, 0
8.18226e+06, 2.60819e+06, 0
5.25394e+06, 2.46077e+06, 0
5.45861e+06, 1.75147e+06, 0
5.49783e+06, 1.00703e+06, 0
8.42538e+06, 5.51831e+06, 0
5.61766e+06, 3.53159e+06, 0
5.75717e+06, 2.99829e+06, 0
5.89022e+06, 992628, 0
8.61029e+06, 892248, 0
4.08902e+06, 3.1072e+06, 0
4.17724e+06, 1.67e+06, 0
4.36203e+06, 1.92633e+06, 0
5.00724e+06, 2.90124e+06, 0
4.43089e+06, 1.98844e+06, 0
6.16255e+06, 3.53499e+06, 0
5.2987e+06, 3.08508e+06, 0
2.10405e+06, 898546, 0
5.26898e+06, 1.46731e+06, 0
9.57887e+06, 3.10811e+06, 0
3.25591e+06, 2.14545e+06, 0
4.69388e+06, 3.76865e+06, 0
7.43891e+06, 4.30996e+06, 0
4.66803e+06, 2.53842e+06, 0
6.61808e+06, 1.30326e+06, 0
9.65042e+06, 4.53563e+06, 0
9.54233e+06, 5.50986e+06, 0
2.21517e+06, 1.42066e+06, 0
7.93465e+06, 2.01523e+06, 0
4.75707e+06, 468802, 0
3.82427e+06, 2.77746e+06, 0
4.29879e+06, 2.84648e+06, 0
4.20934e+06, 3.54687e+06, 0
8.3587e+06, 4.52624e+06, 0
1.9991e+06, 1.17393e+06, 0
4.86929e+06, 2.13024e+06, 0
9.61787e+06, 8.9258e+06, 0
3.12323e+06, 2.03852e+06, 0
4.99139e+06, 4.15253e+06, 0
4.07278e+06, 3.3322e+06, 0
4.99784e+06, 1.7278e+06, 0
4.49688e+06, 3.22642e+06, 0
3.87688e+06, 1.66765e+06, 0
7.57235e+06, 2.74859e+06, 0
6.5872e+06, 2.18279e+06, 0
4.60683e+06, 1.40851e+06, 0
8.1566e+06, 1.54827e+06, 0
6.70537e+06, 1.31797e+06, 0
6.81862e+06, 1.67487e+06, 0
9.61207e+06, 2.1059e+06, 0
3.28854e+06, 49172.6, 0
6.92665e+06, 2.9476e+06, 0
3.09398e+06, 1.6128e+06, 0
7.29337e+06, 3.32356e+06, 0
4.71056e+06, 2.23801e+06, 0
2.31061e+06, 1.05572e+06, 0
6.02066e+06, 5.10545e+06, 0
3.15093e+06, 2.28302e+06, 0
4.70591e+06, 1.6721e+06, 0
5.82317e+06, 808246, 0
6.17613e+06, 4.58543e+06, 0
7.78601e+06, 4.2313e+06, 0
3.56425e+06, 2.54964e+06, 0
1.00222e+07, 1.25014e+06, 0
5.65554e+06, 1.8403e+06, 0
3.97285e+06, 2.7127e+06, 0
5.52468e+06, 2.74657e+06, 0
6.41433e+06, 2.46738e+06, 0
4.26048e+06, 1.37336e+06, 0
4.48459e+06, 2.14814e+06, 0
1.08498e+07, 2.43354e+06, 0
5.97185e+06, 3.09638e+06, 0
1.67534e+06, 712081, 0
7.19677e+06, 3.85121e+06, 0
6.20984e+06, 2.54329e+06, 0
6.61128e+06, 4.76107e+06, 0
5.61086e+06, 4.61642e+06, 0
7.08459e+06, 1.99698e+06, 0
7.40549e+06, 3.95385e+06, 0
5.98995e+06, 3.7997e+06, 0
8.27868e+06, 2.73397e+06, 0
6.03202e+06, 5.12881e+06, 0
3.9035e+06, 3.41896e+06, 0
7.42298e+06, 2.83679e+06, 0
4.89049e+06, 4.139e+06, 0
5.87175e+06, 5.04181e+06, 0
5.25618e+06, 930913, 0
7.33735e+06, 3.80017e+06, 0
6.02342e+06, 4.31448e+06, 0
3.15309e+06, 299704, 0
5.45712e+06, 887382, 0
6.11177e+06, 3.24188e+06, 0
8.2494e+06, 3.40413e+06, 0
4.6785e+06, 1.94663e+06, 0
9.88003e+06, 1.9704e+06, 0
3.92056e+06, 2.09521e+06, 0
7.58336e+06, 4.97655e+06, 0
7.34638e+06, 4.288e+06, 0
4.83841e+06, 3.31997e+06, 0
9.82763e+06, 4.00885e+06, 0
9.69662e+06, 4.69721e+06, 0
8.19077e+06, 3.43107e+06, 0
7.48822e+06, 1.4821e+06, 0
9.53441e+06, 3.11228e+06, 0
9.81107e+06, 5.29663e+06, 0
8.41396e+06, 7.12951e+06, 0
6.19063e+06, 3.95285e+06, 0
9.1826e+06, 5.13251e+06, 0
9.22638e+06, 2.85536e+06, 0
8.07655e+06, 5.70661e+06, 0
4.90943e+06, 3.44313e+06, 0
4.02434e+06, 3.25687e+06, 0
5.97172e+06, 3.91727e+06, 0
6.4513e+06, 3.39279e+06, 0
8.41021e+06, 6.06671e+06, 0
5.84882e+06, 3.17021e+06, 0
7.83243e+06, 3.21305e+06, 0
5.21658e+06, 2.43287e+06, 0
8.21057e+06, 5.91394e+06, 0
2.81082e+06, 786427, 0
5.39795e+06, 1.18712e+06, 0
8.44864e+06, 3.11948e+06, 0
6.62798e+06, 2.41319e+06, 0
5.98701e+06, 3.88041e+06, 0
3.66818e+06, 2.43682e+06, 0
6.12194e+06, 5.31826e+06, 0
6.06136e+06, 4.83293e+06, 0
3.66249e+06, 2.33248e+06, 0
2.43563e+06, 1.42804e+06, 0
3.2235e+06, 1.55931e+06, 0
7.17658e+06, 2.26411e+06, 0
2.95992e+06, 534957, 0
8.04298e+06, 5.47628e+06, 0
4.70577e+06, 1.89575e+06, 0
3.21592e+06, 1.32808e+06, 0
5.44255e+06, 2.41508e+06, 0
5.00295e+06, 3.02035e+06, 0
2.63734e+06, 997842, 0
4.10922e+06, 3.59615e+06, 0
3.68301e+06, 2.48174e+06, 0
5.73064e+06, 1.77737e+06, 0
8.03414e+06, 4.24481e+06, 0
4.14686e+06, 2.40358e+06, 0
4.42547e+06, 1.41365e+06, 0
8.32386e+06, 6.28996e+06, 0
9.93363e+06, 5.32406e+06, 0
1.09237e+07, 7.22997e+06, 0
9.17451e+06, 3.46088e+06, 0
1.06584e+07, 4.43321e+06, 0
4.56533e+06, 1.8811e+06, 0
1.14339e+07, 2.40761e+06, 0
9.11378e+06, 5.33718e+06, 0
2.75941e+06, 1.47528e+06, 0
4.28325e+06, 2.66046e+06, 0
8.32831e+06, 1.12957e+06, 0
3.13657e+06, 1.71079e+06, 0
7.14248e+06, 2.52785e+06, 0
3.83624e+06, 1.50549e+06, 0
1.06291e+07, 5.75731e+06, 0
2.17767e+06, 570912, 0
9.17814e+06, 3.03527e+06, 0
2.93212e+06, 2.5262e+06, 0
6.40299e+06, 3.04221e+06, 0
6.42753e+06, 4.41953e+06, 0
8.79135e+06, 3.67319e+06, 0
8.47439e+06, 3.17002e+06, 0
4.06363e+06, 2.78546e+06, 0
5.92114e+06, 4.9488e+06, 0
1.03252e+07, 7.04591e+06, 0
5.95191e+06, 3.99313e+06, 0
1.84316e+06, 576118, 0
6.77786e+06, 2.1512e+06, 0
2.10201e+06, 1.0588e+06, 0
2.23408e+06, 1.85192e+06, 0
6.64722e+06, 3.56932e+06, 0
3.73122e+06, 2.90536e+06, 0
1.13917e+07, 2.49709e+06, 0
6.89827e+06, 1.91895e+06, 0
6.08435e+06, 1.77571e+06, 0
1.26271e+07, 9.94986e+06, 0
4.15726e+06, 2.51536e+06, 0
5.73819e+06, 4.80096e+06, 0
5.54692e+06, 3.05201e+06, 0
7.87541e+06, 3.62204e+06, 0
9.53925e+06, 2.28441e+06, 0
5.90821e+06, 2.55063e+06, 0
2.98088e+06, 1.44162e+06, 0
6.35058e+06, 3.64188e+06, 0
1.05176e+07, 2.95997e+06, 0
2.86689e+06, 1.96218e+06, 0
3.92153e+06, 1.52872e+06, 0
3.04896e+06, 1.54047e+06, 0
1.0518e+07, 6.10233e+06, 0
5.17849e+06, 4.70066e+06, 0
5.14821e+06, 469556, 0
7.44921e+06, 2.12243e+06, 0
4.02329e+06, 3.55252e+06, 0
5.44873e+06, 1.73482e+06, 0
4.74228e+06, 1.24204e+06, 0
7.05106e+06, 1.89448e+06, 0
5.50329e+06, 2.78169e+06, 0
3.40813e+06, 2.36135e+06, 0
6.76405e+06, 4.05836e+06, 0
4.21694e+06, 1.66085e+06, 0
5.48621e+06, 3.88373e+06, 0
6.76372e+06, 866852, 0
1.11514e+07, 1.23105e+06, 0
7.01766e+06, 3.0191e+06, 0
4.03947e+06, 2.33981e+06, 0
7.05456e+06, 3.71409e+06, 0
5.41235e+06, 2.44762e+06, 0
6.04159e+06, 2.30977e+06, 0
8.70342e+06, 3.27906e+06, 0
3.56888e+06, 3.01635e+06, 0
7.23653e+06, 2.75907e+06, 0
7.45909e+06, 2.61395e+06, 0
5.99607e+06, 2.24435e+06, 0
7.78694e+06, 5.4249e+06, 0
8.59725e+06, 2.93294e+06, 0
3.35898e+06, 957133, 0
4.97953e+06, 322657, 0
3.35279e+06, 2.15808e+06, 0
5.46599e+06, 2.94321e+06, 0
3.89641e+06, 3.45035e+06, 0
6.73974e+06, 2.78012e+06, 0
3.9447e+06, 1.80654e+06, 0
6.80931e+06, 2.02782e+06, 0
5.09885e+06, 621227, 0
8.09038e+06, 840502, 0
2.10064e+06, 567903, 0
8.07371e+06, 3.09834e+06, 0
5.45063e+06, 3.20622e+06, 0
4.30965e+06, 1.23083e+06, 0
7.85358e+06, 4.84271e+06, 0
6.24264e+06, 1.49298e+06, 0
5.33647e+06, 2.63181e+06, 0
6.3803e+06, 973441, 0
7.80126e+06, 6.00861e+06, 0
1.87709e+06, 1.57456e+06, 0
6.36405e+06, 2.56601e+06, 0
8.54165e+06, 4.67435e+06, 0
7.4196e+06, 4.19685e+06, 0
5.6941e+06, 4.41079e+06, 0
4.927e+06, 1.44438e+06, 0
5.92988e+06, 2.55529e+06, 0
