100305, 61802.6, 0
83299.8, 14521.6, 0
19671.5, 12432.6, 0
70520, 43651.2, 0
96558.9, 99833.9, 0
186786, 37841.8, 0
67203, 30182.1, 0
77433, 34660.4, 0
86714.8, 63097.8, 0
95745.7, 75799.6, 0
98756.6, 95615.4, 0
40079, 29980.8, 0
94203.2, 80040.5, 0
83976.4, 34433.6, 0
44978.9, 37845.5, 0
50863.7, 42736.4, 0
38415.6, 28628.8, 0
136606, 122138, 0
88437.2, 66480.5, 0
49693.6, 43389.7, 0
119432, 72458.2, 0
47573.5, 39477, 0
100919, 98541.9, 0
103666, 27143.2, 0
69543.5, 50078.7, 0
157296, 135580, 0
98973.4, 88256.2, 0
98271.1, 64118.7, 0
41076.8, 26654.5, 0
122675, 90863.3, 0
78199.1, 42874, 0
66888.2, 36975.4, 0
79253.5, 69551.3, 0
55383.2, 16365.3, 0
36563.8, 15717, 0
102142, 30830.8, 0
151102, 88194.8, 0
106678, 63904.3, 0
68234.8, 61122.2, 0
49316.9, 19115.9, 0
36794.2, 21842.3, 0
114233, 67519.2, 0
54531.1, 19313.8, 0
96585.3, 38317.8, 0
89693.4, 39939.4, 0
95999.9, 68305.6, 0
168677, 67159.7, 0
147944, 171589, 0
110852, 25576.2, 0
131665, 63730.3, 0
32734.8, 23130.2, 0
54614.1, 29528.1, 0
115555, 96079.4, 0
82230.9, 55874.8, 0
34535.1, 27841.5, 0
23670, 19617, 0
12463.5, 6796.5, 0
68320.1, 58742.6, 0
69908.2, 41566.3, 0
86313.8, 67775.3, 0
34041.4, 19012.7, 0
98396.1, 85371.4, 0
123426, 126646, 0
111933, 61935.1, 0
122149, 103834, 0
111469, 34992.3, 0
47998.6, 22211.6, 0
77741.3, 51500.6, 0
57518.2, 11962.6, 0
130188, 88331.6, 0
89972.8, 68836.3, 0
69470, 38209.4, 0
132679, 113388, 0
32335.9, 8203.07, 0
91513, 102246, 0
116879, 21701.3, 0
158419, 61069.7, 0
95227.5, 73743.6, 0
80578.2, 45007.9, 0
78695.5, 48437.6, 0
121446, 13482.6, 0
44372.2, 17856.3, 0
117472, 17277.6, 0
73154.9, 66453, 0
99112.1, 85964.6, 0
90013.9, 71402.9, 0
121977, 29222.3, 0
30179.6, 20886.9, 0
87625.6, 64262.7, 0
70820.1, 30148.9, 0
128803, 68004.9, 0
74217.6, 21265.5, 0
130786, 68612.9, 0
97694.8, 98874.2, 0
96303.2, 21500.5, 0
42290.7, 32939.5, 0
30594.1, 6768.22, 0
57279.5, 45637.8, 0
100179, 49803.5, 0
139844, 138691, 0
95169.2, 90224.1, 0
57373.4, 8141.48, 0
89010.2, 55935.2, 0
122021, 32943.3, 0
44921.4, 28468.9, 0
84081.9, 12602.5, 0
65160.4, 48174.1, 0
102989, 80588.5, 0
59440, 44298.4, 0
33933.8, 29142.7, 0
97291.4, 87854.8, 0
103966, 68765.6, 0
109030, 23472.2, 0
74386.1, 40159.9, 0
19133.5, 13907.3, 0
91010.3, 45522.7, 0
26444.6, 19777.4, 0
33353.7, 24140, 0
147055, 117617, 0
153240, 129639, 0
58001.1, 49793.8, 0
91455.8, 75119.8, 0
72872.2, 26523.2, 0
147530, 89025.6, 0
53062.7, 39682.4, 0
119039, 80628.8, 0
75896.8, 54041.6, 0
94692.8, 54107, 0
45638.2, 1538.71, 0
113585, 105920, 0
222739, 7785.89, 0
47063.3, 34868.5, 0
102383, 55999.1, 0
100613, 49526, 0
70828.2, 18557.5, 0
68791.8, 26498.1, 0
59111.6, 41284.6, 0
132652, 97844.7, 0
115597, 74718.5, 0
56362.2, 38568.8, 0
31553.4, 9102.68, 0
92453.3, 13354.7, 0
66462.3, 46094.6, 0
75563.7, 51183.1, 0
52726.3, 42488.8, 0
62115.4, 39690.7, 0
71104.9, 46058.3, 0
101612, 74633.1, 0
127808, 19378.7, 0
14585.8, 10757.1, 0
145719, 46346.4, 0
87393.7, 59206.4, 0
35591.6, 5550.38, 0
137096, 158190, 0
134294, 81957.6, 0
55376.8, 46791, 0
40241.8, 31908.7, 0
103637, 82495.7, 0
115611, 111970, 0
95183.8, 10560.8, 0
110369, 52103.7, 0
59002.8, 1399.92, 0
99577.5, 77534.2, 0
56634.6, 30128.1, 0
98936.9, 28213.3, 0
83840.5, 30647.1, 0
86384.5, 36445.2, 0
51828.4, 39771.8, 0
34058.1, 25229.9, 0
47483.4, 30016.7, 0
121845, 93436.9, 0
146051, 19264.5, 0
49030.7, 31696.4, 0
108140, 52064.6, 0
66968.3, 27284.3, 0
64935.8, 44274.3, 0
25371.6, 13907, 0
41151.6, 33423.4, 0
100637, 40310.1, 0
85598.9, 47951.7, 0
62247.8, 44242.5, 0
39655.1, 29687.5, 0
96933.3, 34815, 0
175284, 24733.6, 0
73174.1, 58681.6, 0
84776.9, 199730, 0
46963.5, 25825.5, 0
82798.1, 49072.4, 0
87782.3, 50264.4, 0
78423.2, 63940.7, 0
84763.8, 52781.4, 0
89819.5, 34171.9, 0
133605, 122985, 0
84694.1, 47265.7, 0
105617, 124256, 0
90909, 39388.8, 0
59248.9, 46064.9, 0
58558.9, 34941.2, 0
104214, 66324, 0
39307.4, 30822.1, 0
75320, 71749.7, 0
73583.3, 53651, 0
30686.1, 22053.3, 0
66435.4, 13795.6, 0
112610, 113218, 0
64658.9, 57244.2, 0
31620.2, 15804.2, 0
57097.1, 33448.1, 0
55737.1, 36152, 0
88350.1, 63413.5, 0
65945.7, 42616, 0
122967, 40058.4, 0
109735, 44922.6, 0
33652.7, 14573.6, 0
122715, 116205, 0
61090, 25781.2, 0
68226.7, 47342.6, 0
12150, 8700.01, 0
47080.5, 34407.8, 0
21938.2, 2725.77, 0
75186.6, 47253.3, 0
73945.4, 59495.8, 0
64565.8, 35929.6, 0
80475.5, 64208.9, 0
207532, 51804, 0
132179, 128133, 0
145025, 104341, 0
92141.6, 74884.5, 0
59227.2, 27428.2, 0
138830, 110508, 0
49702.4, 2706.15, 0
93312.8, 105775, 0
89259.6, 36864.2, 0
83498.4, 33101.7, 0
94903.4, 73672.6, 0
152432, 45785.9, 0
68164.2, 46128.1, 0
72396.9, 47912.1, 0
45160.7, 22391, 0
230691, 184813, 0
77506.4, 62804.4, 0
111467, 139556, 0
117630, 74663, 0
51160.4, 44444.1, 0
75024.3, 47104.2, 0
63389.9, 61550.5, 0
112074, 77845.6, 0
124986, 33603.4, 0
158435, 81546.1, 0
67988.1, 48153.8, 0
105321, 23146.3, 0
48123.7, 11766.4, 0
105981, 78469, 0
131058, 57644.9, 0
182290, 42430.1, 0
83243.9, 45526.3, 0
136404, 85481.3, 0
162575, 18618.4, 0
97045.8, 58018.3, 0
188994, 58250.9, 0
134855, 62146.5, 0
184787, 21525.8, 0
75232.5, 55303.9, 0
88347.7, 57145.4, 0
60021.4, 37880.2, 0
84561.9, 47332.7, 0
61452.6, 45436.5, 0
105743, 17378.4, 0
27605.6, 6660.21, 0
89376.2, 68088.1, 0
56336.1, 41441.2, 0
80993, 46575.7, 0
67200.6, 52202, 0
98573, 67237.9, 0
72123, 6692.52, 0
192281, 104378, 0
56360.9, 7277.51, 0
25002.5, 19224.4, 0
79931.5, 16924.9, 0
95717.6, 69105.9, 0
129188, 65538.9, 0
94173.3, 60142.6, 0
39844.2, 20335.2, 0
146521, 117477, 0
103441, 23188.8, 0
101911, 155657, 0
79062.8, 70063, 0
103233, 78098.5, 0
102435, 86113.7, 0
106129, 82024.3, 0
57229.6, 41825.4, 0
114816, 46473.1, 0
67144.6, 10866.4, 0
90753, 73767.3, 0
75184.2, 32092.8, 0
96241.8, 91500.8, 0
92674.5, 44829.6, 0
82624.8, 45583.3, 0
70174.5, 51140.1, 0
71830.8, 40463.3, 0
128729, 172307, 0
153392, 33517.8, 0
50138, 39302, 0
48443, 38041.3, 0
70879.6, 34156.3, 0
71437.2, 24035.1, 0
155976, 78353.9, 0
143734, 64798.6, 0
77890.1, 47398.3, 0
60313.5, 49207, 0
41528.5, 6234.18, 0
89694.9, 38749.4, 0
90956.3, 67720.6, 0
108229, 29600.7, 0
71503, 41279.4, 0
113645, 110944, 0
159234, 73601.8, 0
94569.9, 95725.3, 0
78307.4, 42400, 0
92899.9, 38690.5, 0
100503, 38001.5, 0
61650.4, 41580.4, 0
181521, 45192.5, 0
103037, 98766.8, 0
88643.4, 75161, 0
81395.7, 53164.9, 0
20479.8, 14189.4, 0
45353.7, 22887.7, 0
101194, 65220, 0
104509, 41027.5, 0
155201, 146486, 0
40057.7, 23800.3, 0
86881.7, 68547.7, 0
91657.1, 177075, 0
85747, 36583.4, 0
93540.6, 35875.2, 0
124522, 102478, 0
65557.5, 52130.7, 0
92377.3, 45308.3, 0
74892.8, 51409.1, 0
89220.2, 49470.2, 0
27521.7, 9779.9, 0
82493.4, 77631.3, 0
96065.6, 66136, 0
64249.1, 53058.9, 0
111332, 56501.4, 0
131790, 64731.9, 0
118551, 115111, 0
103303, 34675.4, 0
42894.4, 21409.6, 0
101011, 55628.2, 0
64952.6, 22077.4, 0
126161, 119749, 0
100941, 92458.6, 0
70339.8, 43411.4, 0
133209, 53278.1, 0
25475.3, 15655, 0
34941.5, 12724.6, 0
109522, 37947.4, 0
73005, 29618.6, 0
84483.4, 36792.6, 0
78437, 52904.7, 0
70764.8, 48108.1, 0
34113.8, 7593.81, 0
104541, 1218.48, 0
89945, 56614.5, 0
99205.7, 89508.3, 0
87860.3, 65834.5, 0
80969.5, 35155.7, 0
121288, 140142, 0
71983.2, 56426.8, 0
34286.5, 29793.1, 0
121080, 70825.4, 0
84695.2, 126716, 0
30648.1, 22848.3, 0
82159, 31337.5, 0
101882, 61426.3, 0
81897.2, 96219.2, 0
105246, 27494.4, 0
120345, 92848.9, 0
91571.4, 51188.3, 0
24156.1, 10245.5, 0
54154.7, 45237.7, 0
129030, 53745.1, 0
89126, 64950.7, 0
87164.9, 44993.5, 0
81081.6, 27566.7, 0
103682, 33190.7, 0
58494.2, 48399.2, 0
114965, 60889.3, 0
112527, 69701.4, 0
182528, 70312.2, 0
92167.8, 42025.7, 0
98199, 53459.9, 0
181327, 64267.8, 0
83021.8, 54251.1, 0
101408, 62507.7, 0
130368, 28862.3, 0
111080, 30021.9, 0
135652, 144938, 0
100469, 113522, 0
75310.8, 71838.3, 0
46353.9, 36832, 0
108959, 54679.4, 0
120596, 32682.9, 0
55055.2, 18837.6, 0
82588, 70818.2, 0
56702.7, 16700.6, 0
43812.5, 34096.2, 0
89766.1, 67765.4, 0
92318, 79437.8, 0
83045.1, 60489.5, 0
45284, 25223.3, 0
83867.3, 35917.6, 0
86556.2, 44434.5, 0
117232, 15223.8, 0
81013.6, 14976.9, 0
24471.4, 14068.5, 0
71427.9, 10832.7, 0
45583.9, 22396.5, 0
100557, 90212.1, 0
41766.6, 23784.3, 0
55576, 30190.9, 0
61147.1, 53154.3, 0
84283.3, 8839.16, 0
100973, 128110, 0
46782.5, 30501.1, 0
97825, 124618, 0
150801, 53110.1, 0
140063, 84117.8, 0
72973.7, 64111.4, 0
76644.4, 52318.9, 0
59284.4, 51993.3, 0
68452, 32604.7, 0
92540.8, 35069.8, 0
43726.7, 20339.8, 0
119300, 136440, 0
75740.3, 56229.3, 0
63584, 25192, 0
82365.5, 35072, 0
124243, 21919.7, 0
73043.6, 22607.6, 0
85099.2, 67091.1, 0
169327, 39276.1, 0
105623, 50001.3, 0
85832, 52958.8, 0
33758.9, 20556.2, 0
90744.4, 65071.7, 0
110421, 31824.1, 0
51614.8, 35529.5, 0
28346.1, 24471.1, 0
125942, 53453.3, 0
49182.3, 21915.9, 0
113167, 91520.5, 0
120898, 159490, 0
109463, 67080.4, 0
81949.4, 72691.4, 0
42738.2, 24791.5, 0
60685.2, 31435.8, 0
53691.3, 33187, 0
102538, 127689, 0
89308.4, 25772.7, 0
62267.5, 47850.1, 0
125910, 143846, 0
131997, 46050, 0
99708.8, 77553.2, 0
70079.8, 64364, 0
87371, 92636.5, 0
107106, 38305, 0
14200.6, 12558.8, 0
137247, 59007.2, 0
93065.6, 66840.6, 0
94826.9, 36471.7, 0
129786, 157227, 0
98695.9, 59956.9, 0
98069.6, 79638.3, 0
94158.3, 72651.7, 0
120979, 11143.7, 0
57837.2, 34412.5, 0
71327.2, 36227.9, 0
109057, 107749, 0
98453.2, 52190.7, 0
40296.9, 33143.3, 0
51097.5, 33846, 0
114663, 99625.9, 0
167527, 140853, 0
43332.9, 36124.8, 0
86882.8, 78653.4, 0
36390.3, 29039.3, 0
52791.6, 28187, 0
40277.7, 22500.9, 0
56244.4, 13093.6, 0
118548, 58728.8, 0
146707, 29205, 0
148333, 35349.9, 0
151656, 106174, 0
61743.3, 39898.9, 0
144642, 63676.7, 0
127890, 83717.9, 0
115687, 77868.6, 0
123948, 156438, 0
126415, 109750, 0
79425.1, 62509.2, 0
34558.9, 21622.7, 0
54165.6, 35616.8, 0
47787.2, 30810.6, 0
97693.3, 66617.9, 0
62448.5, 56291.8, 0
96390.4, 44984.3, 0
135395, 120715, 0
43757.9, 34840.3, 0
105092, 88951.6, 0
74821, 42234.7, 0
78892.2, 32583.2, 0
66029.2, 44736.3, 0
168388, 85246, 0
113691, 44919.6, 0
62925.7, 38173.5, 0
142848, 87002, 0
35755.1, 17387.4, 0
93333.4, 18291, 0
49805.2, 15382.7, 0
74687.3, 26251.6, 0
48581.1, 41984.1, 0
121620, 43197.1, 0
49320, 9331.76, 0
61615, 23534.6, 0
57390.3, 25023, 0
137480, 148937, 0
86708.5, 43943.4, 0
83841.6, 21292.7, 0
81719.2, 66592.4, 0
44487.5, 35166.9, 0
139647, 56910.9, 0
94006.1, 43885.2, 0
83999.2, 72283.2, 0
70787.9, 45270.1, 0
92369.4, 103551, 0
171628, 76686.8, 0
132663, 59134.7, 0
104137, 64086.9, 0
101861, 154612, 0
68655, 60215.4, 0
105963, 76830.6, 0
106825, 91319.7, 0
117539, 117641, 0
115904, 109194, 0
58414, 41218, 0
129830, 35421.7, 0
157742, 22070.3, 0
101302, 60456.2, 0
87193.8, 23213.3, 0
119909, 48211, 0
81680.5, 60492.9, 0
126978, 71518, 0
24006.5, 6465.68, 0
48977.8, 26951.7, 0
77391.7, 264787, 0
92092.2, 72069.4, 0
102724, 46594.2, 0
89126.6, 124060, 0
109385, 112729, 0
118664, 71299.6, 0
61375.2, 35397.7, 0
95020.6, 6908.04, 0
55620.3, 38310.7, 0
107091, 79939.8, 0
79084.5, 62691.8, 0
23378.1, 20206.7, 0
37677.6, 29994.5, 0
85019.6, 41396.1, 0
148065, 53536.7, 0
120389, 170500, 0
103648, 104654, 0
44735.9, 33185.6, 0
103592, 14039, 0
66729.1, 53624.7, 0
39514.5, 19353.9, 0
143264, 134801, 0
75330.7, 34491.6, 0
105500, 39410.2, 0
79327.8, 34323.1, 0
68100.4, 60472.6, 0
204924, 38290.3, 0
112446, 21180.9, 0
113049, 64699.7, 0
87269.5, 23607.1, 0
66528.1, 48670.6, 0
48282.2, 30801.8, 0
91076.5, 80449.2, 0
75709.8, 41311.1, 0
47933.5, 34044.3, 0
114260, 97092.1, 0
46491.5, 15097.2, 0
100470, 30389.8, 0
44342.1, 39529.3, 0
119097, 90455.4, 0
73120.3, 56408.1, 0
25821.1, 19636.7, 0
93160.2, 63859.9, 0
164181, 58668.9, 0
108994, 95654.3, 0
74940.7, 43473.4, 0
102184, 167129, 0
137283, 60255.8, 0
87150.5, 33038.1, 0
57449.7, 36942.9, 0
41270.6, 33608.2, 0
60036.5, 12832.3, 0
28971.8, 22719.3, 0
47207, 37113, 0
82179.4, 63275.9, 0
69184.2, 54600.3, 0
110197, 55227.4, 0
181253, 71774.5, 0
41731.1, 23135.8, 0
128320, 142332, 0
58290.9, 44880.7, 0
106538, 84842.9, 0
44411.8, 26749.5, 0
106861, 55688.2, 0
56107.8, 49193.9, 0
128338, 41573.5, 0
118945, 82254.1, 0
47326.8, 31252.3, 0
129714, 59346.5, 0
64288.7, 50450, 0
59513, 23837.5, 0
57835.6, 44888.8, 0
80854.1, 38987, 0
134217, 55989.4, 0
91094.6, 75532, 0
111873, 47415.4, 0
161896, 107509, 0
60105.2, 5273.68, 0
84686.5, 57926.8, 0
79565.8, 41803.8, 0
128888, 39792.8, 0
24493.5, 11123.3, 0
39916.2, 33576.6, 0
87312.1, 51475.2, 0
119454, 107819, 0
82056.8, 13499.6, 0
125526, 52309.6, 0
38338.6, 29200.1, 0
66587.5, 24476.5, 0
91631.6, 61600.7, 0
102572, 150361, 0
110171, 73025, 0
115868, 42941.5, 0
136610, 19597, 0
99513.9, 129073, 0
98134, 55893.5, 0
37930.2, 25660.8, 0
66675.8, 36425.1, 0
43433.2, 19915.1, 0
70518.8, 12588, 0
26597.4, 10584.7, 0
77182.9, 38426.7, 0
44834.1, 36226.2, 0
49043.8, 37327.9, 0
137619, 125491, 0
131360, 71908.5, 0
16018.3, 12040.1, 0
53614.3, 37581.2, 0
94724.8, 30633.4, 0
96372.7, 95934.2, 0
122606, 42362.1, 0
130266, 78915.6, 0
65267.3, 62796.1, 0
42677.7, 7852.32, 0
109896, 97641.4, 0
93044.3, 62782.3, 0
60665.5, 7637.56, 0
90735.5, 112689, 0
72666.4, 26011.1, 0
31588.8, 26968.3, 0
41145.3, 30177.5, 0
68451.1, 15874.9, 0
108817, 123994, 0
111490, 56906.8, 0
54653.1, 33226.8, 0
155676, 75508.7, 0
144523, 96540.7, 0
44455.6, 23508.2, 0
135190, 103578, 0
65946.5, 42633.9, 0
166314, 61965.1, 0
74481.1, 34781.5, 0
162802, 82031.3, 0
124788, 93571.4, 0
114401, 113798, 0
155539, 137463, 0
114437, 82979.5, 0
105888, 24788.9, 0
98605.1, 118513, 0
61011.2, 22211.8, 0
72937.9, 18313.8, 0
97137.1, 138374, 0
100295, 90569.8, 0
38831.3, 27014.5, 0
126958, 31740.2, 0
82548.3, 65725.6, 0
72641.2, 33916.9, 0
123375, 77484.5, 0
91852.9, 102030, 0
110274, 124069, 0
66100.3, 43617, 0
84137.5, 64614.8, 0
43757.3, 37659.1, 0
72886.2, 22438.2, 0
47197.4, 7101.63, 0
47988.5, 22369, 0
42912.3, 27003.1, 0
83576, 26322.8, 0
52775.7, 21221.3, 0
130174, 80711.7, 0
91432.7, 72705.3, 0
84070.5, 55676.5, 0
101548, 80085.7, 0
62248.3, 36169.1, 0
72012.1, 27455.3, 0
136933, 7885.62, 0
137711, 107006, 0
101410, 41751.5, 0
57646.6, 34848.8, 0
131706, 193552, 0
113485, 149794, 0
149858, 87671.2, 0
137901, 88381.3, 0
93070, 45464.3, 0
139366, 70467.2, 0
33948.4, 18250.8, 0
101871, 63865.2, 0
36399.3, 30769.6, 0
56531.6, 36307.3, 0
119820, 30399.4, 0
53511.4, 45392.2, 0
101980, 34842.3, 0
94735.3, 54535.7, 0
80952.6, 18243.9, 0
78612.4, 33808, 0
70676.6, 16117.5, 0
153617, 102150, 0
119681, 174647, 0
108181, 90308.3, 0
58992.6, 45911.3, 0
80859.2, 4859.95, 0
43661.3, 29513.5, 0
67772.4, 46478.2, 0
81605.6, 23365, 0
94711.4, 10841.6, 0
89636, 19684.4, 0
36229.6, 18994.3, 0
127052, 79478.5, 0
21466.6, 12899.4, 0
110948, 127602, 0
106730, 25594.7, 0
160727, 106272, 0
153187, 64655.8, 0
144786, 72143.5, 0
98258.3, 71470.9, 0
77072.9, 33798.7, 0
45761.5, 24182.2, 0
16204.9, 14467, 0
62445.7, 10418.1, 0
84069.3, 18629.7, 0
97450.6, 63175.5, 0
61404.1, 30892.1, 0
55731.5, 4614.85, 0
32991, 11989.9, 0
116417, 180753, 0
98179.5, 46682.9, 0
84439.4, 9128.75, 0
43565.6, 37454.8, 0
31139.8, 8618.71, 0
77292.1, 29494.7, 0
123288, 178397, 0
137121, 129516, 0
121753, 17533.4, 0
64440.4, 59184.5, 0
109966, 116122, 0
129570, 90969.6, 0
162735, 63880.6, 0
114658, 52383.1, 0
92618, 157982, 0
53345.5, 15167.3, 0
88800.3, 66463, 0
49072.3, 12782.3, 0
98960.5, 83735.4, 0
50622.7, 36571.1, 0
71856.2, 45326.6, 0
87175.1, 83670.3, 0
125247, 23297.1, 0
71456.6, 26717.5, 0
81964.3, 43707.8, 0
99303.6, 59874, 0
21535.9, 18869.3, 0
70958.2, 27371.4, 0
70193.5, 43632.8, 0
74463.4, 49379.2, 0
142180, 33016.9, 0
104633, 67546, 0
113427, 62345, 0
87494.3, 63291.5, 0
75519, 42247.9, 0
49866.1, 44274.5, 0
123251, 56002.5, 0
30402.8, 5963.01, 0
42771.9, 34826.5, 0
81353, 71737.3, 0
149060, 93022.3, 0
175956, 56745.7, 0
22145.1, 10029.7, 0
86869.1, 47351.9, 0
49840.8, 27030.3, 0
96871.9, 34058.9, 0
88461.9, 68363.1, 0
110432, 85228.8, 0
58181.6, 51993.5, 0
138000, 78307.1, 0
93108.3, 17188.7, 0
39427.4, 27561.2, 0
86106.9, 70689.2, 0
59858.5, 45593.9, 0
60072.5, 45014.3, 0
64567.1, 50187.7, 0
129276, 155569, 0
70887.7, 48856.8, 0
101825, 62429, 0
44136.7, 15414, 0
40935.3, 19341.6, 0
59622, 42799.5, 0
54884.1, 25890, 0
69868, 33414.4, 0
86506.7, 61802, 0
119612, 4435.33, 0
43929.3, 17682.6, 0
27650, 21189.7, 0
90801.4, 54144.1, 0
115942, 79300.7, 0
120420, 47160, 0
53211.7, 29046.1, 0
72275.9, 40272.4, 0
63026.9, 42730.3, 0
45061, 27224.6, 0
52672.8, 39397.3, 0
70406.3, 2034.81, 0
60446.3, 35644.5, 0
115420, 108079, 0
100612, 129575, 0
86531.8, 34093.3, 0
105448, 30013.6, 0
141527, 76394, 0
36984.5, 12037.6, 0
57402.9, 31911.1, 0
31573.2, 19240.5, 0
93511.7, 44981.4, 0
72094.6, 54287.8, 0
57259.6, 22422.4, 0
145171, 112345, 0
125900, 22815.8, 0
107169, 100121, 0
19658.4, 4740.55, 0
97309, 81317.5, 0
33794.1, 28675.1, 0
68672.5, 49688.4, 0
142395, 36231.4, 0
81285.5, 33085.4, 0
140810, 76114.3, 0
123754, 108915, 0
186514, 50424.7, 0
125072, 66036.5, 0
12301.2, 7342.5, 0
51037.9, 21066.3, 0
48126.2, 39700.8, 0
86171.6, 33486.3, 0
46979.3, 37175.1, 0
57040.1, 36994.3, 0
116829, 32346, 0
44414.1, 37807.4, 0
113618, 40131, 0
106980, 104653, 0
97544.1, 65805.5, 0
126134, 174098, 0
86398.4, 43800.7, 0
93744, 50879.8, 0
120982, 130373, 0
75417.1, 58872.3, 0
56293.6, 41674, 0
50601.7, 22613.3, 0
112522, 190893, 0
118240, 50877.7, 0
25030.2, 3871.54, 0
109587, 78100.6, 0
128047, 88155, 0
63270.7, 12236.9, 0
163406, 113625, 0
173963, 36496.4, 0
61495.4, 48621.6, 0
58471.1, 35091.2, 0
42711.5, 23417.1, 0
142919, 180916, 0
108067, 87790.2, 0
17670, 15305.6, 0
61005.5, 28963.2, 0
112365, 55023.3, 0
93537.2, 124987, 0
162902, 107614, 0
39823.1, 27778, 0
64785, 58068, 0
81419.5, 64842.9, 0
102346, 64237, 0
93195.9, 38573.4, 0
71627.8, 28070.1, 0
42729.1, 8414.47, 0
77624.6, 45882.4, 0
30419, 21570.2, 0
52708, 12691.9, 0
33173.9, 3532.24, 0
115160, 144361, 0
38220.8, 14114.4, 0
99370.8, 99646.7, 0
125468, 38937.6, 0
67857.3, 63316.1, 0
57725.4, 36827.4, 0
108891, 88740.5, 0
61207, 49765.6, 0
57556.8, 23168.2, 0
119955, 47646.5, 0
76196.2, 17090.2, 0
103418, 71552.6, 0
32923.9, 19336.8, 0
101126, 67550.7, 0
142705, 66173.3, 0
35319.7, 22568.7, 0
123223, 100006, 0
149252, 72463.1, 0
85389, 76530.1, 0
34194.2, 14635.7, 0
78205.2, 63196.6, 0
68742.6, 19401.5, 0
38594, 11575, 0
107173, 42738.9, 0
89529.6, 52097.7, 0
133176, 77775.3, 0
102085, 47652.3, 0
99799.9, 31867.9, 0
39295.4, 32756.6, 0
151942, 48048.6, 0
108700, 53042, 0
77387.8, 30962.2, 0
112483, 81040.6, 0
72863.5, 45380.8, 0
94838.7, 40146.4, 0
86224.1, 68603.9, 0
87941.8, 52445.7, 0
151877, 101943, 0
100657, 39310.8, 0
152559, 70762.8, 0
141285, 72765.6, 0
117328, 62315.7, 0
87937.6, 71346.1, 0
77328.1, 50277.9, 0
111913, 81422.3, 0
98974.8, 73049.9, 0
33237.9, 25070.1, 0
62281.3, 30035.2, 0
58028.1, 37676.3, 0
149848, 86474.5, 0
128472, 24719.2, 0
97404.4, 79293.4, 0
99729.1, 55773.8, 0
131174, 85294, 0
3110.58, 2691.71, 0
84960.7, 46684.9, 0
79839.9, 23395.1, 0
164589, 40920.3, 0
121870, 184928, 0
87155.5, 38210.6, 0
121078, 86121.4, 0
21291.5, 5023.3, 0
44179.2, 34858.4, 0
33582.2, 12923.4, 0
132554, 107441, 0
29576.7, 24990.4, 0
163857, 24129.8, 0
137284, 63448.5, 0
114556, 42637.2, 0
65552, 38017.7, 0
23359.8, 18801.8, 0
116428, 130856, 0
104466, 29933.6, 0
127777, 152239, 0
95428.6, 61474.6, 0
42040.1, 25743.6, 0
69225.5, 51988.3, 0
145795, 64350.8, 0
44063.2, 29119.8, 0
84740.9, 36894.9, 0
104942, 122094, 0
27140.6, 17732, 0
23705.1, 12549.1, 0
90425.2, 69875.9, 0
39608.8, 13760.9, 0
103623, 134612, 0
45254.3, 35256.8, 0
54505.7, 46037.4, 0
77805.6, 39292.3, 0
102243, 81852.8, 0
37751.8, 24469.5, 0
100671, 37318.1, 0
38842.3, 7942, 0
112765, 75715.9, 0
94271, 64074.8, 0
109609, 47712.4, 0
199344, 163810, 0
159190, 45166.2, 0
125537, 105323, 0
37908, 10646.1, 0
103768, 55856.7, 0
56569.6, 34499.2, 0
67000.7, 58189.8, 0
60026.9, 47623.9, 0
67815.4, 48523.8, 0
78007, 57319.3, 0
58371.9, 50224.5, 0
26616.8, 14462.1, 0
56736.4, 49127.6, 0
114845, 113392, 0
97994.3, 78977.1, 0
31675.4, 13344.6, 0
90636.1, 70562.5, 0
126798, 88606.4, 0
95677.2, 49370.7, 0
157073, 82139.2, 0
88600.4, 83840.8, 0
103534, 49025.5, 0
61058.6, 50659.3, 0
118372, 41621.6, 0
55173.9, 37143.8, 0
123120, 98733.4, 0
102363, 52704.1, 0
64946.2, 29750.6, 0
111615, 94250.2, 0
106014, 55065.5, 0
98871.2, 50713.3, 0
113588, 50673.3, 0
26148.4, 17995, 0
92915.7, 55161.5, 0
65544.6, 34770, 0
34836.7, 13746.7, 0
68858.8, 9750.51, 0
79744.2, 20800.7, 0
124682, 177598, 0
56761.1, 29192.8, 0
21193.2, 11866.3, 0
100157, 57543.3, 0
141405, 56767.3, 0
96347.3, 69750.2, 0
38887.6, 24212.6, 0
53257.2, 21263.4, 0
55102.5, 21578.5, 0
56471, 51320.8, 0
105123, 81185.1, 0
112582, 97851.1, 0
131601, 171587, 0
90242, 60176, 0
65977, 59117, 0
40505.2, 18169.1, 0
160841, 84128.4, 0
101345, 13469.8, 0
96768, 65024.7, 0
41093, 31786.3, 0
155413, 24535.7, 0
75328.5, 44273.3, 0
73109, 35624.3, 0
152556, 54423.4, 0
85296, 58670.6, 0
110036, 88157.7, 0
98795.2, 40325.8, 0
126192, 44584.6, 0
101831, 38701.8, 0
18086.5, 13856, 0
52912, 41854.3, 0
66146, 64910.3, 0
64202.5, 16067.9, 0
67499.5, 25057.9, 0
14523.9, 9028.58, 0
22317.8, 11611.2, 0
66368, 38565.9, 0
87871.8, 72206.3, 0
38473.7, 11206.2, 0
95688.7, 62081.5, 0
115328, 162027, 0
104336, 110313, 0
126656, 112450, 0
113829, 115343, 0
91170, 87939.4, 0
46107.6, 43363.3, 0
85925.7, 72257.9, 0
62335, 40062, 0
100438, 30848.6, 0
136709, 96496.1, 0
58739.5, 49942.9, 0
18427.1, 10275, 0
83144.5, 29627.8, 0
80683.4, 29104.2, 0
94882.5, 54731.3, 0
151150, 77527.2, 0
124990, 56716.6, 0
145449, 13960.4, 0
73783.3, 38933.1, 0
68167.7, 23042.9, 0
68056.7, 46943.3, 0
84538.7, 59301.6, 0
118321, 89986.2, 0
73773.2, 209344, 0
118681, 54296.3, 0
47305, 29670.4, 0
131740, 63175.7, 0
158908, 110917, 0
71738.5, 58405.4, 0
68727.8, 7760.06, 0
74916.3, 49362.1, 0
143152, 37044.6, 0
79568.6, 32448.5, 0
134047, 73563.1, 0
197181, 21613, 0
97600.8, 45441.3, 0
91393.3, 80480, 0
25741.7, 17862.4, 0
73647.7, 36354.3, 0
52666.6, 41105.9, 0
33019.7, 11128.9, 0
90428.6, 59787, 0
95406.6, 70106.8, 0
88494.2, 39254.6, 0
116076, 125835, 0
47021.5, 37651.6, 0
24131.1, 10111.8, 0
94304.3, 85604.5, 0
79584.5, 66039.3, 0
45752.2, 18995.6, 0
80991.9, 32351.7, 0
143941, 109046, 0
108279, 104929, 0
55842.5, 4616.84, 0
74967, 62966.4, 0
81843.8, 172463, 0
103521, 124610, 0
39814.1, 11840.9, 0
87896.3, 41067, 0
56368.4, 27452.8, 0
36198.7, 24020.8, 0
51002.3, 36525.1, 0
89031.4, 20304.5, 0
88636.4, 40516.9, 0
112470, 68117.3, 0
46772, 35769.7, 0
54643.5, 46273.2, 0
73247.3, 32286.1, 0
116033, 90550.7, 0
87311.8, 22161.8, 0
99190.9, 14184, 0
150745, 44713.3, 0
52250.2, 38441.1, 0
140058, 44055.7, 0
126612, 13305, 0
65554, 20832.7, 0
36381.2, 32898, 0
140466, 45200.3, 0
58858.5, 27419.1, 0
108831, 69139.3, 0
118784, 60877.3, 0
42344.3, 32033.1, 0
44435.8, 5538.86, 0
65873.1, 34959.2, 0
115696, 28482.7, 0
62926.5, 50340.7, 0
92771, 74461.9, 0
53293.1, 33519.6, 0
85738, 70692.5, 0
46727.6, 31585.4, 0
88635.9, 81709.1, 0
73472.8, 4755.83, 0
47191.7, 35632.4, 0
129794, 104152, 0
38753.1, 31306.8, 0
47346.4, 35630.5, 0
50874.7, 39294.2, 0
135663, 66596.3, 0
31890.7, 16364, 0
43012.4, 27921.1, 0
112796, 141023, 0
96030.2, 88035.1, 0
103180, 35675.5, 0
106310, 149772, 0
63446.3, 35642.7, 0
61941.6, 52183.4, 0
87753.8, 53907.3, 0
56004.3, 38095.6, 0
71191, 41362.6, 0
238988, 109048, 0
115303, 75411.8, 0
102420, 66140.4, 0
48017.1, 34049.4, 0
97151.7, 67933.5, 0
86508.5, 35749.4, 0
44065.1, 20149, 0
84212.4, 65646.2, 0
123229, 91225.3, 0
212658, 57424.6, 0
58583.6, 45094.8, 0
78033.2, 68903.1, 0
186393, 34365.9, 0
120981, 23902.4, 0
71284.7, 44992.8, 0
59298.6, 32917.5, 0
119152, 53293.9, 0
33779.7, 26186.2, 0
39505.7, 9612.18, 0
119327, 98719.6, 0
121628, 79542.2, 0
110702, 30326.1, 0
56878.1, 33948.1, 0
84270, 18909.2, 0
31288.2, 8749.23, 0
74214.6, 66145.4, 0
42335.1, 22390.2, 0
122295, 63295.4, 0
55439.1, 27359.2, 0
126715, 78516.3, 0
75947.4, 39861.5, 0
91294.6, 22788.4, 0
104772, 91311.4, 0
183172, 71579.3, 0
51872.8, 27517.2, 0
117956, 25613, 0
143028, 110884, 0
34462.6, 14472.8, 0
167257, 33062.1, 0
77801, 44756.1, 0
73038.7, 56555.7, 0
54879, 33749.1, 0
72366.6, 44387.9, 0
138463, 97416.4, 0
76364.7, 32820.2, 0
108071, 55502.6, 0
89909.3, 69224.3, 0
116227, 33730, 0
73096.3, 23468.8, 0
56945.7, 51966.6, 0
89535.8, 44475.6, 0
80079.2, 34013.8, 0
22705.8, 3263.38, 0
72375, 53752.5, 0
120995, 117042, 0
110886, 116493, 0
103513, 14403.8, 0
113404, 106347, 0
85199.6, 46379.7, 0
54448.5, 31538.1, 0
150103, 89327.2, 0
54420.8, 12602.7, 0
107243, 44836.5, 0
137955, 61044.1, 0
19353, 11707.4, 0
33631.8, 20245.8, 0
39208.4, 18965.7, 0
48315.1, 11339.3, 0
80352.1, 54518.9, 0
52254.5, 24749.9, 0
140524, 74635.9, 0
65351.4, 12805.9, 0
144804, 117617, 0
102664, 24146.3, 0
103502, 77218.8, 0
137719, 77073, 0
130195, 46434.9, 0
55828.7, 29970, 0
78329, 56025.7, 0
104054, 40584.9, 0
24614.3, 12015.7, 0
66530.4, 49826.2, 0
96757.2, 113880, 0
122788, 55104.4, 0
117634, 37681.2, 0
73241.2, 20155.8, 0
83168.7, 59142.7, 0
106455, 100251, 0
97269.3, 105791, 0
90814.3, 32650.4, 0
123926, 72312.8, 0
123517, 77026.2, 0
54099.3, 20479.1, 0
89680, 38932.8, 0
59017.4, 22028.7, 0
118333, 77575.4, 0
78003.1, 62980.6, 0
50977.9, 31509.7, 0
123760, 59024.3, 0
30893.7, 16886.8, 0
70585.6, 21636.4, 0
63132.5, 58363.9, 0
89858.4, 73073.8, 0
184311, 109610, 0
106882, 39638.4, 0
89585.5, 52282.1, 0
191351, 79298.4, 0
85661.9, 36808.3, 0
84799, 25027.7, 0
86884.8, 46371.4, 0
99027.7, 168480, 0
33898.8, 25109.6, 0
79363.7, 64929.8, 0
105850, 41997.8, 0
51821.6, 33965.1, 0
85396.1, 65734.7, 0
94739.6, 21865, 0
159892, 111175, 0
137559, 19158.7, 0
103802, 53364.5, 0
85808.8, 18979.3, 0
47939.9, 36926.9, 0
75799.9, 63695.7, 0
59327.1, 41310.8, 0
54703.3, 31762.8, 0
32089.6, 6406.63, 0
66622.3, 41498.9, 0
107620, 62868.5, 0
73393.6, 8608.37, 0
50178, 19941.2, 0
124011, 84806.3, 0
46529, 30108.6, 0
63996.5, 47337.8, 0
145702, 17385.2, 0
91546.5, 40217.4, 0
138290, 82837.3, 0
58098.9, 51202.9, 0
54149.4, 45699.5, 0
159486, 85809.2, 0
152761, 113147, 0
63825.1, 29897.1, 0
67187.4, 31428, 0
102747, 106049, 0
144163, 31209.6, 0
26256.3, 13436.4, 0
45503.6, 23140.6, 0
76572.2, 23844.2, 0
72534.7, 21423.2, 0
87922.2, 55393.1, 0
94973.3, 69233.8, 0
90922.5, 96405.4, 0
43583.2, 13409.7, 0
83455.8, 9664.69, 0
33227.6, 26150.4, 0
119531, 71308.2, 0
92560.2, 78919.8, 0
50373.2, 29367.2, 0
70199.5, 38703.4, 0
110608, 56863.8, 0
105758, 46959.7, 0
66986.1, 15570.2, 0
78235.7, 33988.7, 0
129102, 67358.2, 0
53194.1, 18822.3, 0
52957.8, 34938, 0
118537, 80556.5, 0
107435, 47680.5, 0
57062.7, 22538, 0
85658.6, 60442.1, 0
113410, 76424.2, 0
161392, 75764.2, 0
93169.5, 77272.3, 0
157879, 64946.6, 0
49163.5, 7262.78, 0
37385.7, 6847.61, 0
59071.1, 44566.3, 0
99730.9, 58535.7, 0
114341, 114897, 0
138251, 95847, 0
61091, 58238.3, 0
179132, 82766.3, 0
93718, 17412.4, 0
94174.6, 43352, 0
66336.3, 15068.4, 0
59193.7, 50795.4, 0
42732, 16967.8, 0
153248, 137973, 0
122212, 68306.5, 0
41556.2, 33692.8, 0
69109.2, 24728, 0
47666.2, 31006.6, 0
126726, 40202.6, 0
102772, 43534.9, 0
46172.9, 15106.1, 0
64657.4, 8594.59, 0
108007, 33137.9, 0
112349, 8214.99, 0
107557, 51155.9, 0
76636.9, 58932.5, 0
91329.1, 42862.5, 0
57304.1, 41633.3, 0
70065.2, 44311.1, 0
59742.9, 47629.6, 0
121680, 52926.8, 0
116872, 62127.8, 0
50498.9, 1961, 0
63121.7, 43812.5, 0
30339.9, 24208.5, 0
47219.2, 10719.1, 0
144728, 110324, 0
68446.9, 24365, 0
23548.1, 10044.8, 0
39391.1, 25134.7, 0
33835.9, 15222.7, 0
69817.9, 33996.3, 0
71431.6, 19304.1, 0
54628.2, 40204.5, 0
64568.3, 25380, 0
130259, 29162, 0
44523.3, 33190.8, 0
63702.4, 26408.3, 0
94220.5, 60041.6, 0
176099, 63892.9, 0
38235.4, 32974.4, 0
62486, 22490.3, 0
85646.1, 49126.7, 0
84820.2, 51273.8, 0
61734.6, 54070.5, 0
17900, 12995.2, 0
27739.7, 14288.3, 0
107816, 72020.1, 0
82075.8, 62730.4, 0
107453, 68974.9, 0
59902.2, 10878.3, 0
126463, 60534.2, 0
87173.6, 60942.2, 0
105025, 114663, 0
117015, 54223.2, 0
83158.5, 30102, 0
91768.7, 70822.6, 0
37008.4, 22307.5, 0
94508.8, 36964.1, 0
64283.1, 37995.2, 0
128128, 84492, 0
87288.7, 14106.2, 0
96552.8, 115540, 0
39429.4, 4083.67, 0
107544, 37765.1, 0
61077.6, 33520.7, 0
100875, 50493.6, 0
58754.6, 33732.4, 0
86616.7, 76441.6, 0
133362, 67350.2, 0
74237.8, 44060.3, 0
65298.5, 31192.1, 0
63754, 15411.8, 0
83508, 55780.9, 0
104645, 34007.3, 0
60852.4, 18467.9, 0
161944, 64307.8, 0
29993.7, 14795.4, 0
84384.4, 53552.7, 0
41046.4, 38019, 0
71119.7, 47124.9, 0
56786.6, 25366.6, 0
53162.1, 33805, 0
85095.5, 41688.7, 0
55249.9, 47994, 0
102126, 46039.6, 0
90282.8, 168608, 0
121473, 92962.1, 0
105162, 54877.8, 0
69758.8, 41780.1, 0
83101.9, 56866.2, 0
53527, 30501.6, 0
118636, 34340.9, 0
122202, 131581, 0
41417.9, 30672.6, 0
76387.7, 33788.4, 0
59320.7, 25595.6, 0
88316.8, 64449.8, 0
43842.3, 29927.5, 0
70048.6, 10953.5, 0
97070, 85631.3, 0
77492.6, 50823.7, 0
90670.2, 34866.7, 0
122704, 56770.8, 0
95438.2, 113440, 0
81257.7, 64113.4, 0
175056, 123065, 0
171538, 129065, 0
49666.9, 38620.6, 0
42695.9, 30411.1, 0
85116.3, 66564, 0
111360, 57579.8, 0
90512.4, 8915.81, 0
94456.3, 82291.8, 0
130864, 57586.1, 0
31283.9, 27637.6, 0
70362.5, 58801.4, 0
34913.4, 17778.2, 0
133193, 65026, 0
65840, 54822.2, 0
73872.1, 57437.2, 0
91441.7, 13476.4, 0
41600.6, 20571.5, 0
144038, 59724.9, 0
103518, 74499.7, 0
77438.9, 38205.6, 0
39857.3, 16986.3, 0
112845, 131631, 0
94410.9, 84702.5, 0
140034, 45335.9, 0
93277.1, 45197.2, 0
87816.3, 53488.9, 0
79521.6, 19521.7, 0
122158, 77610.4, 0
32117.8, 27845.8, 0
89608.3, 33050.6, 0
95662.4, 93063.5, 0
25962.3, 19251.4, 0
80610.8, 55157.6, 0
128448, 54362.1, 0
161712, 50675.1, 0
93490.2, 103207, 0
100933, 91839.4, 0
104953, 5090.76, 0
147618, 37766.8, 0
111656, 117478, 0
155528, 106734, 0
52690.4, 38317.6, 0
126318, 160991, 0
152488, 113011, 0
62322.7, 10681.5, 0
21077.4, 11212.3, 0
98753.5, 29279, 0
104022, 48070.8, 0
95662.1, 105703, 0
141134, 170878, 0
61946.8, 32993.3, 0
82343.1, 22874.8, 0
57872.5, 47954.6, 0
83639.8, 72478.8, 0
139042, 96387.1, 0
60916.9, 44353.3, 0
122569, 15871, 0
43483.9, 19299.9, 0
48380.3, 44899.4, 0
34289.9, 25314.2, 0
112496, 98263.1, 0
46203.3, 21150.7, 0
110773, 37133.5, 0
34299.4, 13935.3, 0
142237, 27352.5, 0
31149.1, 18943.9, 0
102877, 47408.6, 0
106292, 22228.7, 0
54141, 40905.2, 0
62653.6, 47061.6, 0
101173, 54762.8, 0
116893, 63365.2, 0
141966, 30854.6, 0
171410, 57618.4, 0
141511, 134157, 0
95853, 82613.5, 0
97389.3, 176867, 0
133502, 92150.6, 0
22157.9, 10167, 0
93127.6, 18525.3, 0
51164.8, 22932.6, 0
64352, 59754.8, 0
57079.5, 30295.2, 0
65351.1, 49919.2, 0
128799, 7906.29, 0
190354, 30804.3, 0
97169.1, 66189.5, 0
67134, 30940.8, 0
135832, 119571, 0
64429.1, 49083.5, 0
98063.1, 36278.6, 0
71232.4, 41093.8, 0
69144.3, 34069.2, 0
69015.2, 40860.9, 0
119781, 51565.3, 0
81281.7, 66381.4, 0
94526.6, 29093.5, 0
69967.3, 28898, 0
109741, 120694, 0
68157.8, 30738.9, 0
40918.6, 35265.4, 0
89706.6, 56895.5, 0
87287.6, 24942.5, 0
66435.3, 57464.2, 0
62547.1, 7613.37, 0
121889, 15611.9, 0
103393, 59108.5, 0
54679.1, 31631.5, 0
51356.3, 25551, 0
32699.6, 19561.5, 0
107786, 93823, 0
77206.9, 37776.6, 0
114228, 109636, 0
51312.1, 30129, 0
153508, 59991.1, 0
156604, 11386.7, 0
78189.9, 45696.7, 0
97126.3, 66652.1, 0
51779, 22526, 0
27726.1, 19144.4, 0
50931.9, 43475.8, 0
88444.5, 28544.8, 0
114413, 17592.3, 0
84705.8, 27799.9, 0
18097.6, 11507.4, 0
69619.5, 57663.2, 0
87353.7, 42301.1, 0
86759.3, 53324.2, 0
161598, 113421, 0
48917.1, 23854.2, 0
154441, 104029, 0
85340.2, 38747.9, 0
101457, 34868.4, 0
94916.9, 57780.4, 0
49344, 27419.8, 0
58874, 49488.9, 0
47641.3, 38958.9, 0
111448, 89510.7, 0
25421.4, 11321.4, 0
70335.5, 38924, 0
35951.8, 12473.9, 0
59198.4, 19053.1, 0
158625, 104702, 0
84065.5, 26016.4, 0
108329, 39973.8, 0
129448, 158527, 0
121766, 84157, 0
62782.4, 29369.8, 0
86200.9, 27956.4, 0
46066.9, 38820.7, 0
208637, 86141.2, 0
52110.2, 38672.8, 0
55387.5, 45479.1, 0
97479.7, 150213, 0
121697, 46131.7, 0
91561.5, 75509.8, 0
30924.7, 27049.2, 0
127212, 39154, 0
83020.1, 39079.7, 0
57327.7, 42821, 0
94171.2, 73446.7, 0
87104.7, 56865, 0
129884, 100969, 0
25481.7, 17479.4, 0
30441.5, 25367.3, 0
92588.7, 70672.3, 0
30703.4, 26096.2, 0
50170.3, 11873, 0
134634, 37038.1, 0
124639, 136568, 0
95099.8, 31827.7, 0
53097.4, 46759.1, 0
74098.5, 23674.5, 0
43708, 25354.8, 0
91013.7, 12708.4, 0
116221, 101324, 0
38739.3, 16381.6, 0
98848.7, 60639.8, 0
167178, 79032.9, 0
32552.4, 11394.9, 0
234423, 28057.8, 0
38282.1, 21454.3, 0
80227.3, 21490.6, 0
101554, 83670, 0
38726.4, 28377, 0
129595, 42869.5, 0
161872, 70118, 0
112277, 32733.4, 0
156058, 107158, 0
141083, 77024.5, 0
145599, 149889, 0
109226, 28064.3, 0
108551, 59485.8, 0
87888.4, 79754.1, 0
129431, 144530, 0
130612, 78049.6, 0
43233, 30856.6, 0
57987.2, 47551.5, 0
63820.5, 24750.3, 0
72329.6, 59809.5, 0
104786, 135744, 0
129917, 26389.5, 0
126399, 28944.1, 0
98789, 79360.3, 0
63081.4, 35369.4, 0
110366, 107526, 0
113702, 139717, 0
127195, 9952.99, 0
98245, 111012, 0
95182.5, 71733.3, 0
168461, 77301.5, 0
59874.4, 40347.9, 0
120263, 57942.6, 0
107331, 59222.6, 0
63627, 44142.8, 0
103668, 28149.5, 0
64118.1, 30654.3, 0
91521.2, 31395.8, 0
64727.6, 23494.2, 0
50836.9, 41827.3, 0
51200.2, 43333.5, 0
40400, 24078, 0
116853, 96897.3, 0
148755, 62249, 0
168175, 113329, 0
61150.8, 24830.3, 0
80899.8, 56412.1, 0
101499, 90304.6, 0
94225.4, 49234.9, 0
78376, 65583.7, 0
52016.2, 37770.3, 0
30893.1, 26236.9, 0
105117, 141351, 0
88590.7, 32356.6, 0
60273.7, 42593.1, 0
91502.1, 3536.47, 0
35343.8, 27834.8, 0
50007.2, 16307.3, 0
110694, 77652.4, 0
92800.2, 36233.1, 0
126375, 111371, 0
84148.7, 20518.2, 0
58864, 31239.5, 0
63047.9, 46467.5, 0
102344, 36574.1, 0
153925, 90435.8, 0
114354, 105998, 0
123533, 36715.2, 0
72203.2, 28359.4, 0
51514.9, 384.487, 0
73373.2, 49610.5, 0
103320, 95113.1, 0
72082.6, 61392.8, 0
124584, 142990, 0
116973, 33379.3, 0
54176.5, 41712.1, 0
62168.7, 47988.9, 0
81725.3, 38298.8, 0
19055.4, 4474.68, 0
101458, 55971.5, 0
31435.1, 22678.7, 0
51665, 27826.8, 0
143283, 22654.1, 0
70430.6, 48755.9, 0
116789, 194751, 0
38300.3, 24889.8, 0
117686, 42719.8, 0
70574.9, 20053.7, 0
113348, 58851.9, 0
65516.3, 48787, 0
107166, 39595.6, 0
135659, 133406, 0
48050.9, 35156.4, 0
109210, 9153.15, 0
30376.5, 21311.1, 0
154287, 41579.8, 0
39934.6, 25610, 0
132293, 79112.1, 0
69597.7, 12382.5, 0
150657, 96434.1, 0
52147.3, 20436.3, 0
115123, 177698, 0
85597.4, 45783.6, 0
129878, 25649.2, 0
122377, 60835.2, 0
156226, 89141.2, 0
134906, 63902.5, 0
105503, 20721.3, 0
86371.2, 8004.69, 0
100846, 112680, 0
67108, 61105.1, 0
57387.9, 29569.4, 0
83570.8, 69758, 0
102793, 36520.9, 0
72322.8, 44041.5, 0
85735.5, 57660.7, 0
79454.5, 6409.86, 0
22357, 2436.43, 0
74633.9, 31088.4, 0
39673.4, 26407.1, 0
59476, 48363.9, 0
50838, 19184.2, 0
66201.6, 40762.6, 0
39703.3, 28449.5, 0
98948.3, 61264, 0
114744, 93901.5, 0
92190.7, 25602.6, 0
179593, 85982.7, 0
89554.1, 81814.1, 0
42831.6, 32545.6, 0
126157, 129427, 0
110301, 148423, 0
66897.6, 34308.1, 0
121169, 187081, 0
72041.8, 17821.4, 0
100519, 20179.8, 0
57907.5, 39187.3, 0
56912.5, 42999.3, 0
52741.6, 22253.6, 0
90402.6, 54692.5, 0
145516, 188676, 0
136368, 102520, 0
131097, 43484.3, 0
84392, 45350.8, 0
126716, 67702.4, 0
71744.4, 51768.5, 0
86162.2, 34278.4, 0
31810.2, 12463.2, 0
99644.5, 101299, 0
53692.9, 31051.6, 0
63528.5, 16631.9, 0
107046, 104663, 0
145918, 63521, 0
59272.8, 20764.4, 0
166324, 112832, 0
43933.3, 1720.53, 0
128655, 48578.3, 0
80242, 63940.7, 0
57762.4, 3392.26, 0
157655, 14582.6, 0
135024, 67385.7, 0
128235, 81967.7, 0
39122.1, 21640.5, 0
95093.5, 18911.7, 0
124635, 60435.8, 0
79465.4, 59166.3, 0
92231.9, 17278.8, 0
28249.9, 17849.7, 0
19354.5, 14371.6, 0
85338.7, 65856.6, 0
60982.6, 45227.4, 0
51104, 22996.2, 0
33933.6, 18066.3, 0
90468.3, 61176.2, 0
87048.4, 77053.2, 0
110299, 47925.1, 0
98861, 46523.9, 0
114029, 97364.7, 0
171213, 79738.6, 0
53053.8, 38907.8, 0
31551.3, 21491.8, 0
90891.7, 24265.2, 0
67686, 29126, 0
117245, 62661.5, 0
123081, 115136, 0
93531.6, 33700.7, 0
70613.2, 25788.9, 0
45910.5, 34154, 0
163896, 72735.3, 0
67854.1, 20701.2, 0
57287.4, 50114.9, 0
61463.7, 47674.5, 0
80145.3, 65933, 0
99517.2, 46164.1, 0
208618, 31487.8, 0
97591.3, 78743.3, 0
34136.9, 23191.4, 0
51386.1, 42358.5, 0
44186.3, 13245.9, 0
93364.3, 62393.4, 0
61199.5, 2104.9, 0
97690.3, 28069.4, 0
39762.7, 18787.4, 0
92394.2, 61196.8, 0
123091, 79749.8, 0
107689, 47944, 0
69896, 8921.55, 0
37411.6, 31847.3, 0
61833.2, 12663.6, 0
83579.1, 29540.6, 0
107297, 93276.1, 0
42408.6, 28813.8, 0
126043, 13008.3, 0
72921.4, 21021.4, 0
107469, 99194.4, 0
57171.7, 40194.5, 0
43937.8, 19610.4, 0
78240.2, 43733.5, 0
116435, 81163.9, 0
159031, 109971, 0
111686, 48021.4, 0
94273.6, 56961.7, 0
67712.3, 29175.7, 0
95323.7, 139949, 0
95084.6, 45086.6, 0
24965.5, 21030.3, 0
63038.2, 42800.2, 0
49358.4, 7466.63, 0
83015.1, 50758.8, 0
76188.1, 58500.3, 0
95730.3, 15484.9, 0
79824.8, 61983.4, 0
150786, 61387.8, 0
70528.7, 57535.4, 0
73010, 17139.2, 0
165839, 71881.3, 0
92964.7, 62964.5, 0
70109.8, 8182.73, 0
86066, 64774.2, 0
24752.4, 19835.3, 0
173828, 51225.2, 0
97106.3, 158192, 0
44998.8, 40296, 0
89997.8, 28790.2, 0
33702.5, 4865.83, 0
45110.1, 37428.8, 0
53343.5, 34432.9, 0
89800.2, 188503, 0
68056.6, 59673.6, 0
106125, 28143.5, 0
166073, 52857.7, 0
33413.6, 14595.5, 0
113341, 94079.7, 0
57505.4, 32480.2, 0
77049, 59776.2, 0
99084.2, 88786.2, 0
181528, 39234.1, 0
61294.4, 29523.8, 0
64450.5, 10374.6, 0
42442.1, 32643.1, 0
51555.6, 36844.3, 0
46452, 25590.8, 0
70180, 26561.9, 0
63167.2, 25512.5, 0
137740, 29340.3, 0
90518.7, 61296, 0
78575.6, 27631.7, 0
92548.5, 93967.3, 0
77351.4, 49171.9, 0
131872, 97793, 0
33112.4, 26652, 0
54262.2, 41061.7, 0
23766.2, 16812.8, 0
143666, 132087, 0
32113.8, 18870.6, 0
133701, 70511.5, 0
62041.6, 46325.7, 0
95924.7, 58172, 0
163298, 40443.7, 0
113594, 3855.64, 0
126795, 85280.7, 0
158207, 62003, 0
96261.5, 52763.2, 0
121652, 88622.4, 0
37520.6, 26583.1, 0
76047.1, 52956.1, 0
59279.7, 49665.1, 0
134267, 180023, 0
20389.6, 13241.6, 0
40651.3, 33278.4, 0
43782.4, 23167.3, 0
162274, 115747, 0
117550, 64593.6, 0
72492.4, 29312.9, 0
77595, 30928.5, 0
110293, 126011, 0
108220, 17021.1, 0
141747, 136514, 0
71576.7, 51869, 0
64099.1, 33297.8, 0
180828, 113407, 0
60641.8, 45386.3, 0
123019, 40108.3, 0
28453, 24105, 0
67666.9, 38642.8, 0
105548, 52927.7, 0
77421.7, 52728.5, 0
107745, 31599, 0
55566.6, 23790.1, 0
127309, 43747.9, 0
78573.8, 40191.1, 0
107578, 120794, 0
71133.1, 50108.7, 0
60135.7, 52431.9, 0
100341, 40941.4, 0
86087.5, 46340.7, 0
57493.8, 36189.7, 0
55186.5, 49883.4, 0
116601, 121040, 0
48302.7, 36355.5, 0
67111.1, 5722.14, 0
76949.1, 9787.46, 0
109325, 142073, 0
65155.9, 51462.3, 0
26115.4, 6598.38, 0
115728, 69493.3, 0
73361.6, 48337.4, 0
101132, 72576.7, 0
111636, 74599.7, 0
74567.3, 58985.9, 0
75173.8, 65048.6, 0
94394.1, 28913.6, 0
88072.2, 58122.3, 0
28361.4, 5874.08, 0
71405, 34520.1, 0
61173.5, 50253.9, 0
79812.1, 63205, 0
160682, 54973.9, 0
103201, 60807.3, 0
143023, 104909, 0
50535.7, 41640.6, 0
20630, 13813.1, 0
93601.6, 11721.1, 0
93309.8, 52690.4, 0
115642, 34413.3, 0
188381, 113656, 0
43134.6, 20233.7, 0
68360.4, 50498.9, 0
150945, 64844.8, 0
127095, 113415, 0
53594.3, 19247.8, 0
98628.2, 84321.7, 0
90559.1, 28171.2, 0
176894, 96233.3, 0
189383, 89678.7, 0
37174.6, 16545.6, 0
107543, 81807.3, 0
92990.4, 23826.9, 0
75987.7, 45928.7, 0
75774.8, 25924.2, 0
128125, 118256, 0
45766.5, 18050.9, 0
105140, 14686.3, 0
88560.9, 47161.3, 0
89569.6, 13650.2, 0
41993.1, 9976.63, 0
123075, 77314.5, 0
139300, 168828, 0
16550.9, 14199.6, 0
95615.1, 73424.8, 0
77460.6, 7905.37, 0
26598.3, 10117.5, 0
70551.1, 54612.5, 0
153028, 106162, 0
108382, 153781, 0
76596.9, 10746.1, 0
109525, 106166, 0
91698.8, 28534.4, 0
64152.1, 49123.1, 0
131698, 45590.5, 0
35425.8, 14932.6, 0
131300, 37186.2, 0
221317, 82760.8, 0
37197, 32292.8, 0
68873.7, 30062.1, 0
67011.4, 25890.9, 0
62882.9, 52372.6, 0
52084.4, 45321.3, 0
114084, 108096, 0
91401.8, 223931, 0
84140.9, 76767.9, 0
148126, 51391.6, 0
80958, 40618.3, 0
135457, 38603.7, 0
62662.3, 54905.8, 0
130747, 128004, 0
103748, 94159.1, 0
126501, 95093.8, 0
49559, 42953.1, 0
64339.1, 14405.7, 0
110004, 96424.1, 0
94925.3, 12117.4, 0
116497, 113020, 0
130484, 72553.5, 0
159034, 67702.2, 0
92907.6, 17274.7, 0
87420.8, 42164.1, 0
71261.8, 50400.9, 0
61965.2, 41299.2, 0
71572.2, 49338.7, 0
48004.1, 8672.81, 0
78889.1, 64949.3, 0
54434, 34596.5, 0
157048, 143142, 0
166458, 92467.9, 0
110031, 34146.2, 0
68214.1, 41034.1, 0
64239.8, 42887.5, 0
51621.8, 38333.5, 0
85440.8, 76308.4, 0
78513.3, 14634.5, 0
101812, 46014, 0
78439.9, 33818, 0
86807.6, 65573.5, 0
79858.6, 52738.3, 0
122809, 112874, 0
62185.7, 39416.2, 0
52531.2, 31879.7, 0
67039.3, 26025.6, 0
96752, 73340.7, 0
98839.9, 39643.1, 0
94369.4, 59270.8, 0
96589.9, 60393.3, 0
69500.7, 50739.7, 0
108297, 111958, 0
176422, 173223, 0
71582.2, 48598.9, 0
102132, 78798.7, 0
58246.2, 24181.8, 0
42942.3, 34655.6, 0
58704.7, 29737.1, 0
85552.1, 62648.7, 0
40185, 11405.6, 0
106564, 122188, 0
125369, 68426, 0
111959, 52399.4, 0
101733, 142271, 0
71082.1, 31759.9, 0
105774, 73626, 0
102599, 108941, 0
68287.7, 19258.1, 0
98742.3, 72266.3, 0
37508.1, 14096.6, 0
96670.7, 36292.1, 0
31700.1, 27473.7, 0
119719, 96887.1, 0
87053.3, 20676.7, 0
98181.5, 65999.7, 0
145126, 72893, 0
58491.3, 40737, 0
86136.9, 45982, 0
83378.2, 52351.8, 0
92177.6, 24165.5, 0
116369, 38567.3, 0
76786, 20962.7, 0
204843, 126368, 0
73068.1, 46404, 0
56589, 16655.8, 0
195445, 19650.4, 0
30978.8, 16823.8, 0
100217, 81242.8, 0
93978.2, 12709, 0
57492, 4813.15, 0
106226, 66936.2, 0
86463.9, 41042.1, 0
73016.1, 39325.5, 0
45536.7, 27745, 0
152434, 48672, 0
57890.3, 47627.5, 0
49014.1, 23109.2, 0
151270, 56124.5, 0
97012, 77463.8, 0
91121.1, 23949.5, 0
103187, 86868.6, 0
71812.9, 54954.6, 0
121796, 81254.8, 0
75703.8, 41150.3, 0
49190.4, 11535, 0
49313, 23814.6, 0
130979, 53368.2, 0
90291.1, 27779.9, 0
166764, 97703.3, 0
92473.3, 73952.6, 0
14161.5, 10835.3, 0
77531.9, 17017, 0
110793, 98358.9, 0
112213, 105689, 0
186531, 41040.6, 0
44538.7, 36342.7, 0
78641.6, 13921.7, 0
36131.7, 8238.83, 0
85190.2, 31437.2, 0
33865.2, 20400.5, 0
93457, 32029.7, 0
71435.4, 53345.6, 0
121869, 15433.9, 0
22665.9, 15166.2, 0
47458.2, 29581.9, 0
69975.9, 18641, 0
50970.8, 27343.7, 0
55136.6, 33068.2, 0
102693, 138302, 0
73573.8, 37657.1, 0
77609.8, 30881.9, 0
66978.3, 27629.5, 0
124308, 69117.2, 0
78925.4, 59190.1, 0
112663, 26127.1, 0
95077.7, 58274.6, 0
36530.1, 22400.4, 0
155996, 113317, 0
64164.4, 49902.6, 0
156182, 136503, 0
90424.9, 31365.2, 0
117709, 109166, 0
47192.3, 33770.5, 0
84779.4, 64366, 0
67788.5, 26865.9, 0
60369.8, 49717.3, 0
102155, 40087.9, 0
65123.3, 15919, 0
69935.5, 50609.5, 0
119160, 42748.3, 0
111366, 66030.9, 0
89245.2, 68461.9, 0
198208, 79899.4, 0
123687, 142849, 0
88239, 59544.1, 0
23851.6, 6194.08, 0
84059.2, 69214.2, 0
15633.5, 10464.2, 0
45232.8, 11287.6, 0
57497.7, 19527.8, 0
77533.4, 21474, 0
25329.3, 17071.2, 0
114588, 41806.8, 0
104860, 51726.9, 0
63994.7, 43255.1, 0
104566, 90393.6, 0
96858.7, 64481.1, 0
113405, 47535.4, 0
97741.8, 65128.1, 0
95205.9, 31292.5, 0
31134.9, 13053.3, 0
46198.4, 35135.7, 0
38670, 24268.1, 0
74389.6, 47486.1, 0
103111, 58709.6, 0
100629, 68224.5, 0
84672.6, 37094.3, 0
125921, 86242.3, 0
63736, 45142.6, 0
96862.6, 155572, 0
38019.9, 12865.6, 0
149577, 96989.2, 0
43632.6, 26305, 0
69089.6, 24396.4, 0
111870, 7899.45, 0
73275.7, 31790.9, 0
97037.1, 28758.2, 0
36856.9, 11633.7, 0
120129, 137996, 0
143180, 71046.6, 0
89054.3, 130826, 0
85812, 25080, 0
50521.6, 42058.4, 0
28172.5, 21577.8, 0
104076, 30434.7, 0
74501.5, 46106.6, 0
68103.6, 17585.7, 0
86873.6, 54092.2, 0
103684, 64552.5, 0
100145, 43182.7, 0
126961, 39784, 0
115413, 86033.5, 0
100538, 33974, 0
88680.8, 77725.8, 0
70132, 18459.9, 0
65018.2, 55038.2, 0
64734.9, 44080.2, 0
138527, 41184.3, 0
125935, 83856.7, 0
76631.7, 61869.1, 0
98403.4, 43015.5, 0
68098.1, 43317.2, 0
20769.6, 12893.8, 0
62506.5, 33491.7, 0
74435.1, 35570.9, 0
65440.7, 46607.3, 0
70874.9, 24686.9, 0
61580.6, 39392.9, 0
129506, 155259, 0
62570.6, 29261.1, 0
11634.9, 6737.4, 0
189475, 36563.7, 0
82435.8, 45688.7, 0
61548.4, 34936.5, 0
90203.8, 69837.7, 0
144465, 143889, 0
91629.9, 46462.8, 0
61744.5, 40130, 0
125541, 41326.4, 0
185015, 20482.8, 0
145870, 21530.2, 0
154682, 18738.6, 0
104716, 6290.41, 0
57766.7, 18945.8, 0
158970, 15506.9, 0
41399.5, 21661.2, 0
22843.5, 19473.2, 0
70270.6, 32797.2, 0
93396.6, 67119, 0
59296.8, 40249.7, 0
221498, 47447.6, 0
31275.5, 27938.5, 0
92268.3, 71746.8, 0
142340, 5102.52, 0
158528, 146559, 0
96145.9, 68822.7, 0
221237, 71971.6, 0
123625, 35319.5, 0
81814.6, 57583.8, 0
64041.6, 18132.6, 0
100970, 88697.6, 0
111579, 160153, 0
35026.3, 27688.7, 0
67682.1, 56742.5, 0
84746.4, 46000.8, 0
68948.8, 58120.3, 0
44502.2, 24094.2, 0
112116, 55434.9, 0
69510.4, 26029.1, 0
52278.1, 40596.1, 0
69879.6, 24882.2, 0
51379, 3773.62, 0
83407.4, 60648.9, 0
69123.5, 47479.2, 0
124429, 102144, 0
25035, 19980.5, 0
52777.3, 30374.4, 0
66064.1, 58648.8, 0
73016.1, 39325.5, 0
74840.4, 43127.6, 0
93177.2, 67129.6, 0
61176.6, 43524, 0
91198.1, 63957, 0
51662.7, 44289.7, 0
134042, 85221, 0
72955.3, 23137.9, 0
59509.2, 41517.7, 0
68210.9, 39070.2, 0
109299, 25266.6, 0
113278, 118564, 0
93747.6, 99594, 0
30695.8, 21168.1, 0
54680.8, 41837, 0
71844.5, 36187.8, 0
68479.2, 45610.6, 0
55183.7, 31376.9, 0
117471, 135228, 0
120775, 115008, 0
74648, 61940.1, 0
90806.8, 219155, 0
22665.9, 16385.6, 0
85253.1, 20788.5, 0
101836, 153054, 0
118686, 39459.4, 0
165361, 27209.8, 0
117312, 130952, 0
80595.1, 47408.7, 0
58886.2, 28179.3, 0
77449.3, 24745, 0
40559.9, 27940.7, 0
147216, 102790, 0
91742.6, 85639.1, 0
69328.9, 26958.9, 0
81266.7, 42017.9, 0
85171.2, 24330.6, 0
129650, 135072, 0
68274.6, 8964.22, 0
35801.1, 28619.2, 0
70270.4, 62506.3, 0
91377.8, 80372.3, 0
155188, 100780, 0
75185.3, 44671.2, 0
42709.7, 19309, 0
109862, 87075.1, 0
59000.9, 29154.2, 0
41633.9, 22179.3, 0
67477.2, 21991.3, 0
104774, 26547.8, 0
87195.1, 38774.9, 0
129021, 134393, 0
186870, 184156, 0
50934.8, 44429.9, 0
65004.3, 30002.9, 0
115744, 121595, 0
108505, 59639.5, 0
109158, 43171.9, 0
74236.6, 11285.6, 0
46045.4, 35860, 0
33901.4, 25007.9, 0
93631.7, 192508, 0
71640.5, 26568.9, 0
82351.3, 57874.1, 0
78745, 49136.3, 0
128665, 77340.6, 0
109675, 48157.5, 0
79463.2, 68416.5, 0
173200, 26546.9, 0
24968.5, 11196.3, 0
129985, 51532.5, 0
84509.6, 63589.7, 0
105423, 65675.1, 0
84007, 71559.8, 0
116997, 38420.6, 0
71159.3, 63840.1, 0
182196, 63418.3, 0
162080, 121784, 0
82426.5, 48459.1, 0
120609, 72913.5, 0
24948.9, 7907.15, 0
106503, 12433.9, 0
103846, 98514.5, 0
94552.8, 38118.3, 0
80509.4, 17988.9, 0
56559.3, 14368.4, 0
67917.1, 22623.2, 0
56376, 17580, 0
106154, 68217.1, 0
80984.5, 14261.4, 0
95634.6, 40792.2, 0
27439.1, 16011.4, 0
70428.2, 51287.8, 0
52013.7, 14933.2, 0
128278, 66618.7, 0
47427.1, 9614.49, 0
84618.6, 79539, 0
64046.8, 51975.8, 0
98264.1, 77347.6, 0
53436.3, 21471.9, 0
82934.9, 52166.5, 0
57480.1, 42347.4, 0
120703, 34519.5, 0
58245, 52097.2, 0
96012.1, 67659.8, 0
97761.4, 12030.1, 0
30384.2, 26376.9, 0
99642.6, 61639.5, 0
160970, 56429.4, 0
23346.2, 17171.4, 0
150115, 101973, 0
97317, 70288.1, 0
62423.4, 57247.4, 0
83462.6, 62288.1, 0
145637, 76335.8, 0
152200, 143788, 0
126641, 45418.1, 0
59507.4, 24136.7, 0
68573.6, 50239.3, 0
160035, 28676.2, 0
67202.2, 36397.8, 0
133905, 161866, 0
73284.5, 67160.5, 0
102828, 78490.2, 0
76444.9, 35301.3, 0
41362.9, 29252.8, 0
68734.2, 27482.3, 0
63449.4, 31992.3, 0
95530.5, 52284.8, 0
44085.1, 23171.3, 0
60675.7, 13570.9, 0
93002.3, 15619.1, 0
88378.5, 49123.9, 0
104952, 138305, 0
49718.1, 32115.8, 0
167071, 41010.3, 0
158256, 72723, 0
59500.6, 51757.2, 0
79833.6, 59819.9, 0
52057.4, 42176.6, 0
159973, 80729.6, 0
72836.5, 56038.6, 0
140634, 57459.5, 0
105756, 54860.5, 0
125334, 87612.9, 0
78676.8, 64439.3, 0
119884, 35322.7, 0
43122.7, 37818.4, 0
137570, 99804.5, 0
154850, 35833.8, 0
89866.2, 93942.8, 0
94067.1, 70505.2, 0
190902, 106101, 0
105106, 33708.4, 0
143888, 22714.1, 0
87972.8, 59304.5, 0
98019.5, 155512, 0
107223, 117420, 0
98994.5, 35018.6, 0
31218.5, 21888.1, 0
167462, 47214.3, 0
191134, 14306.3, 0
138137, 84614.2, 0
61372.1, 34277.5, 0
102374, 46028.9, 0
46804.7, 33210.6, 0
23055.5, 14236.3, 0
100024, 78019.2, 0
45204.6, 39973.3, 0
44609.1, 4629.55, 0
60636.3, 43052.8, 0
141315, 56767, 0
55343.5, 43317.4, 0
50283.5, 30976.7, 0
61661.3, 30523.4, 0
98253, 61376.4, 0
110922, 59395.6, 0
85201.7, 78914.5, 0
57149.9, 47870.5, 0
14765.8, 12614.1, 0
113447, 19375, 0
63350.7, 53708, 0
88474.8, 51885.1, 0
55319.1, 34447.6, 0
122489, 59185.5, 0
69107, 20454.2, 0
44510.6, 37090.2, 0
137370, 58268.8, 0
62720.2, 48010.9, 0
114904, 43484.2, 0
116325, 84521.4, 0
73254.7, 59000.5, 0
98595.7, 93579.2, 0
99372.5, 126328, 0
58865, 41723.7, 0
136865, 122012, 0
47272.7, 38148.6, 0
140352, 116042, 0
35456.1, 15631.9, 0
96585.2, 24347.8, 0
61677.5, 41595.8, 0
153577, 140780, 0
94559.2, 51139.1, 0
92939.3, 52909.8, 0
105616, 49821.5, 0
85243.4, 27080.2, 0
108208, 44789, 0
141094, 107715, 0
119882, 84230.2, 0
94244.6, 57375.6, 0
103276, 81879.4, 0
70371.7, 36970.7, 0
68915.6, 23663, 0
40579.7, 15394.7, 0
91177.6, 30818, 0
84217.2, 68230.2, 0
57764.2, 30162.3, 0
80054.6, 69748.6, 0
100070, 67085.7, 0
51333.5, 20341.8, 0
37395.6, 23896.6, 0
131497, 60320.8, 0
92103.2, 104928, 0
116287, 47011.6, 0
103704, 79972.6, 0
97583.5, 16047.1, 0
132099, 63172.3, 0
69284.2, 38484.3, 0
155159, 128766, 0
43257.3, 25899, 0
79178, 32328.4, 0
78352, 62224.7, 0
76507.2, 57995.4, 0
62424.5, 27028, 0
141590, 70467.5, 0
77490.6, 50372.7, 0
147983, 41731.1, 0
99566.8, 76467.3, 0
103658, 82607.9, 0
54139.7, 47142.7, 0
108374, 27387.9, 0
134261, 96982.5, 0
42954, 28834.1, 0
48325, 36882.3, 0
75918.2, 46363.7, 0
42521.3, 34492.6, 0
157976, 87273.9, 0
118828, 60514.3, 0
187153, 22168.3, 0
40230.5, 24177.7, 0
189077, 63970.4, 0
130543, 70002, 0
66265.3, 28404, 0
73756.4, 42198.1, 0
92076.8, 44893.1, 0
79753.3, 21973.2, 0
106002, 20369, 0
84320.8, 60639.1, 0
151314, 37423.3, 0
58890, 49045.8, 0
136676, 33760.5, 0
63713.4, 50685.6, 0
81932, 63428.6, 0
58685.1, 37382.2, 0
48326.6, 9388.18, 0
109553, 94588.4, 0
71229.1, 16718.9, 0
77894, 32877.3, 0
50320.5, 41776.3, 0
98205.2, 67658, 0
51532.7, 42298.5, 0
117680, 92582.1, 0
98434.5, 71144, 0
37320.8, 16976.3, 0
136841, 128030, 0
112496, 22893.5, 0
102949, 93603.1, 0
42337.9, 30939.4, 0
52140.1, 47612, 0
94020, 84897.5, 0
87496, 116581, 0
66306.1, 13818.1, 0
98792.4, 101113, 0
26238.3, 23064, 0
68844, 32770.8, 0
37176.8, 20615.1, 0
79959.1, 6643.97, 0
24523.7, 18451.7, 0
169564, 52007.9, 0
72164, 37365.5, 0
86828.1, 38056.6, 0
59100.1, 36022.6, 0
71505.8, 55753.9, 0
100025, 60291.3, 0
105517, 61593, 0
77201.5, 42599.5, 0
92771.3, 90145.2, 0
38131.1, 30134.1, 0
88030.9, 66862.1, 0
194418, 103603, 0
140031, 49674.9, 0
77911, 62763.6, 0
82581.7, 42595.7, 0
76828.7, 15792.6, 0
36189.8, 26363, 0
61580.3, 46820.1, 0
72317.9, 13739.2, 0
83167.9, 71986.2, 0
96557.3, 63585.9, 0
69480.8, 56476.8, 0
14902.5, 8951.86, 0
108592, 67573.9, 0
107190, 63688.5, 0
92762.5, 87778.6, 0
106639, 74560.8, 0
100577, 61642.8, 0
50662.3, 29389.7, 0
98513.3, 4772.76, 0
91146.9, 74929.6, 0
59861.5, 12565.8, 0
89536.8, 40378.5, 0
42880.3, 28588.6, 0
61885.9, 18808.6, 0
32112.8, 7778, 0
50254, 18007.9, 0
111911, 123198, 0
190599, 75744, 0
29896, 14165, 0
89657.4, 56101, 0
58280.4, 48394.7, 0
30935, 20986, 0
40724, 18784.1, 0
50206.2, 24173.9, 0
138885, 52246.5, 0
59181.2, 33719.8, 0
60054.1, 28066.2, 0
66631.2, 52622.7, 0
97557.5, 138157, 0
76585.7, 57191.1, 0
89873.3, 4034.24, 0
88903.7, 70675.3, 0
88262.4, 37960.1, 0
101492, 75732.2, 0
43763, 26069, 0
78733.6, 31512.3, 0
104732, 33852.4, 0
80461, 147879, 0
48776.6, 18177.8, 0
51231.2, 20913.5, 0
144034, 78965.9, 0
45098.6, 39942.9, 0
55059, 8512.48, 0
80595.1, 43632.4, 0
112633, 120987, 0
101002, 53207.2, 0
125857, 94037.9, 0
112409, 79681.9, 0
67720.8, 38486.5, 0
95963.9, 49589.6, 0
59387.6, 39046.7, 0
89529, 51335, 0
58072, 46906, 0
78198.1, 66223.1, 0
96646.6, 57874.4, 0
46992, 30345.7, 0
164317, 50906, 0
31381.4, 8877.3, 0
118567, 65512.7, 0
73016.1, 39325.5, 0
76756.6, 56553, 0
89124.8, 78671.4, 0
56316.8, 44340.8, 0
137320, 96669.2, 0
144324, 66035.6, 0
92917.2, 105499, 0
59971.5, 32443.8, 0
97068.5, 63277.5, 0
60932.3, 12323.3, 0
61555.3, 6981.97, 0
99890.4, 56898.8, 0
93561.9, 151911, 0
34173.4, 14608.6, 0
100891, 83518.2, 0
189420, 41995.9, 0
87349.7, 81729.2, 0
96862.7, 101178, 0
67894.1, 8482.19, 0
78604.4, 35846.4, 0
95137.4, 114917, 0
48927.2, 35833.1, 0
26189.7, 12386.9, 0
53561.9, 27537.4, 0
160681, 222660, 0
78142.9, 21903.8, 0
122363, 78702.2, 0
83742.2, 39741.3, 0
50297.3, 41172.8, 0
69681.6, 53556.5, 0
30464, 8988.14, 0
143074, 87549.3, 0
114100, 52900.2, 0
151562, 49874.5, 0
52579.9, 23760.8, 0
78920.8, 61252.1, 0
72125.1, 50229.6, 0
180083, 66547, 0
98259.8, 90227.8, 0
51457.5, 34521.3, 0
33484.6, 22646.2, 0
36743.2, 10637, 0
71754.9, 31514.9, 0
97598, 71250.5, 0
55450.9, 44503.1, 0
56516.4, 25628.6, 0
119382, 85220, 0
54551, 40587.8, 0
144319, 20194.5, 0
127057, 46180.2, 0
63868.6, 43458.2, 0
78326.8, 13770.9, 0
127433, 152649, 0
55436.9, 26203.3, 0
65484.1, 17535.2, 0
49341.6, 20118.4, 0
129429, 26532.1, 0
50494.3, 27935.9, 0
79893.7, 65798.9, 0
157920, 47759.1, 0
140256, 125818, 0
116875, 16323.4, 0
69928.9, 47663, 0
92246.2, 6461.34, 0
99522.6, 71776, 0
70846.9, 40174.6, 0
136284, 76297.3, 0
107248, 69240.2, 0
132784, 96645.9, 0
121163, 31531.5, 0
47962.6, 32334.5, 0
11056.8, 4273.21, 0
96787.6, 82408, 0
65500, 50040.4, 0
97640, 95399.7, 0
75248.5, 19089.4, 0
110372, 19221.8, 0
46401.3, 11700.7, 0
108995, 33225.5, 0
119514, 96382.5, 0
46144, 38950.5, 0
77332.9, 6222.3, 0
90345, 67440.4, 0
28627.7, 25864.5, 0
48253.7, 33697.2, 0
107553, 153849, 0
110522, 56703.4, 0
69181.6, 47836, 0
109558, 132809, 0
70320.8, 38810.8, 0
113415, 28343.5, 0
119729, 66951.4, 0
81283.6, 51513.2, 0
108521, 73935.4, 0
109652, 61757.8, 0
44757.4, 19191.4, 0
78444.2, 31731.8, 0
108929, 74236.8, 0
157532, 148771, 0
81215.8, 50332.5, 0
35680.2, 10996.6, 0
66499.5, 52406.5, 0
114250, 27906.2, 0
44514.4, 39598.9, 0
140019, 37316.1, 0
97477.4, 68102.9, 0
144957, 43462.5, 0
55670.3, 19370.4, 0
69582, 55615.9, 0
89361.7, 72125.3, 0
119784, 91626.7, 0
102790, 79830, 0
82260.6, 54619.5, 0
74753.2, 31529.3, 0
50642.3, 28144.4, 0
68153.1, 53351.4, 0
59945, 50248.4, 0
69372.9, 13391.5, 0
26685.5, 20710.9, 0
99517.3, 37511.4, 0
49729.9, 35489.2, 0
107133, 27162.7, 0
137498, 144760, 0
94081.4, 32054, 0
112793, 146744, 0
124109, 51745.5, 0
54849.1, 27398.6, 0
151674, 91935.1, 0
137156, 110838, 0
74110, 64491.5, 0
65915.6, 31360.5, 0
49051.8, 43960, 0
96789.8, 23767.8, 0
50886.1, 31880.7, 0
122048, 75896.7, 0
103870, 64694, 0
34445.1, 28930, 0
111436, 66977.2, 0
43276.3, 29100.8, 0
71837.2, 52466.3, 0
96494.6, 57673, 0
28473.3, 17871.3, 0
79708.2, 53742.3, 0
52466.6, 47337.1, 0
137665, 44740.2, 0
125755, 149609, 0
20740, 8212.06, 0
60009.6, 45615.2, 0
83524.4, 65004.1, 0
88187.3, 15193.7, 0
71788.3, 30606, 0
89920.7, 21052.5, 0
53487.9, 47216.4, 0
138810, 55407.2, 0
137284, 87109.9, 0
61608.3, 23131.4, 0
59015.4, 36631.9, 0
71099.9, 25248.7, 0
42327, 28496.7, 0
201061, 118520, 0
116590, 133256, 0
