7.70884e+06, 1.81347e+06, 0
4.06416e+06, 2.41946e+06, 0
6.17911e+06, 2.90693e+06, 0
4.38726e+06, 2.10477e+06, 0
7.31269e+06, 467414, 0
7.4107e+06, 5.87192e+06, 0
3.62322e+06, 1.23642e+06, 0
5.16589e+06, 879600, 0
4.23419e+06, 914138, 0
5.1783e+06, 1.24193e+06, 0
4.32287e+06, 2.46883e+06, 0
5.29368e+06, 169197, 0
5.79593e+06, 2.31498e+06, 0
6.22457e+06, 1.65732e+06, 0
6.83729e+06, 4.97613e+06, 0
6.43142e+06, 4.84692e+06, 0
6.83468e+06, 4.35437e+06, 0
9.29143e+06, 3.91393e+06, 0
6.64503e+06, 3.60671e+06, 0
2.74166e+06, 964389, 0
6.33203e+06, 3.87756e+06, 0
6.22783e+06, 2.52822e+06, 0
6.36e+06, 4.22668e+06, 0
7.56396e+06, 1.68487e+06, 0
2.69108e+06, 939337, 0
5.21275e+06, 2.76122e+06, 0
5.42572e+06, 2.94594e+06, 0
7.36298e+06, 3.44704e+06, 0
8.94035e+06, 4.75406e+06, 0
9.65336e+06, 4.64857e+06, 0
5.56402e+06, 3.34954e+06, 0
3.93337e+06, 2.17711e+06, 0
9.66802e+06, 1.81096e+06, 0
7.85861e+06, 4.01102e+06, 0
5.84563e+06, 2.92952e+06, 0
3.91999e+06, 2.48617e+06, 0
1.07787e+07, 1.82734e+06, 0
5.64782e+06, 2.72624e+06, 0
5.21539e+06, 3.95021e+06, 0
8.10709e+06, 2.91719e+06, 0
2.07222e+06, 1.17366e+06, 0
7.03842e+06, 5.44349e+06, 0
1.00842e+07, 5.81723e+06, 0
5.88633e+06, 4.02275e+06, 0
1.08741e+07, 5.88765e+06, 0
3.99256e+06, 1.57208e+06, 0
4.2519e+06, 3.19029e+06, 0
6.09435e+06, 5.22471e+06, 0
4.70086e+06, 1.10344e+06, 0
8.116e+06, 2.95903e+06, 0
3.36159e+06, 1.49171e+06, 0
3.20552e+06, 1.49632e+06, 0
7.97419e+06, 3.7738e+06, 0
8.65496e+06, 4.79822e+06, 0
5.78314e+06, 1.31037e+06, 0
5.98038e+06, 1.79684e+06, 0
7.76723e+06, 5.74301e+06, 0
6.65703e+06, 2.21264e+06, 0
6.36587e+06, 3.33438e+06, 0
8.97816e+06, 6.72039e+06, 0
3.63596e+06, 2.45899e+06, 0
7.03186e+06, 4.23524e+06, 0
7.96895e+06, 7.28944e+06, 0
5.30761e+06, 915840, 0
4.83256e+06, 2.28303e+06, 0
8.93087e+06, 6.61214e+06, 0
8.80602e+06, 2.44738e+06, 0
2.69762e+06, 909320, 0
4.58819e+06, 2.46361e+06, 0
5.29199e+06, 4.25033e+06, 0
5.55275e+06, 3.23327e+06, 0
5.97505e+06, 968057, 0
4.58741e+06, 1.92047e+06, 0
3.95917e+06, 2.50686e+06, 0
1.07071e+07, 1.05891e+06, 0
6.54296e+06, 3.08885e+06, 0
7.42978e+06, 5.39118e+06, 0
7.38804e+06, 5.22884e+06, 0
4.82687e+06, 3.31276e+06, 0
5.43407e+06, 1.1256e+06, 0
1.05037e+07, 3.92522e+06, 0
1.05611e+07, 3.95062e+06, 0
7.31847e+06, 4.30089e+06, 0
4.08798e+06, 2.07642e+06, 0
6.66637e+06, 3.3031e+06, 0
5.58425e+06, 3.05279e+06, 0
5.67703e+06, 2.2771e+06, 0
5.11029e+06, 3.19434e+06, 0
9.75318e+06, 5.3399e+06, 0
6.47766e+06, 2.10274e+06, 0
4.16424e+06, 2.68713e+06, 0
4.71459e+06, 2.78414e+06, 0
5.20712e+06, 1.93205e+06, 0
1.02177e+07, 1.99093e+06, 0
8.11445e+06, 5.20618e+06, 0
1.41966e+07, 2.03486e+06, 0
5.85328e+06, 2.36384e+06, 0
8.295e+06, 1.06e+06, 0
5.81674e+06, 2.22608e+06, 0
5.60534e+06, 3.61967e+06, 0
7.91041e+06, 5.87741e+06, 0
8.26886e+06, 5.40318e+06, 0
7.19468e+06, 5.81372e+06, 0
5.0032e+06, 3.01e+06, 0
5.87534e+06, 1.71153e+06, 0
9.07006e+06, 3.64564e+06, 0
4.75192e+06, 1.62976e+06, 0
7.51902e+06, 2.98235e+06, 0
7.27768e+06, 867299, 0
6.18184e+06, 4.68046e+06, 0
3.17195e+06, 1.00892e+06, 0
5.12726e+06, 1.92547e+06, 0
3.96065e+06, 1.09815e+06, 0
6.99762e+06, 2.12152e+06, 0
5.66948e+06, 2.89377e+06, 0
7.79026e+06, 5.67829e+06, 0
4.70302e+06, 293859, 0
8.6025e+06, 5.43681e+06, 0
4.28843e+06, 2.20004e+06, 0
9.41178e+06, 6.15324e+06, 0
8.90977e+06, 4.86043e+06, 0
9.40235e+06, 6.10257e+06, 0
7.72477e+06, 2.67867e+06, 0
5.58634e+06, 3.49805e+06, 0
5.16798e+06, 3.03674e+06, 0
5.45521e+06, 3.01123e+06, 0
4.30621e+06, 1.82801e+06, 0
5.83827e+06, 1.30648e+06, 0
3.50697e+06, 820277, 0
6.00867e+06, 2.90767e+06, 0
4.89345e+06, 3.97985e+06, 0
7.71095e+06, 2.30797e+06, 0
4.65647e+06, 1.75397e+06, 0
5.38461e+06, 457389, 0
8.03833e+06, 2.78794e+06, 0
9.39488e+06, 7.11005e+06, 0
4.63462e+06, 2.29911e+06, 0
1.06186e+07, 749606, 0
3.96453e+06, 2.12219e+06, 0
1.08995e+07, 7.89372e+06, 0
5.70962e+06, 4.4125e+06, 0
9.26154e+06, 4.731e+06, 0
5.90759e+06, 4.61937e+06, 0
4.84537e+06, 1.41443e+06, 0
3.24705e+06, 2.12632e+06, 0
6.08227e+06, 5.33538e+06, 0
4.57714e+06, 3.02818e+06, 0
8.10409e+06, 2.24261e+06, 0
4.65108e+06, 1.35567e+06, 0
4.2151e+06, 3.33229e+06, 0
7.94667e+06, 5.04248e+06, 0
2.65642e+06, 763200, 0
6.12432e+06, 3.98349e+06, 0
7.1869e+06, 5.48702e+06, 0
4.77364e+06, 656404, 0
7.67096e+06, 5.29923e+06, 0
6.51699e+06, 3.4676e+06, 0
6.72901e+06, 589142, 0
5.13313e+06, 3.32743e+06, 0
7.67791e+06, 5.91517e+06, 0
5.29181e+06, 2.86429e+06, 0
5.02106e+06, 1.88082e+06, 0
8.37251e+06, 3.7938e+06, 0
6.09111e+06, 5.02564e+06, 0
7.45822e+06, 5.55518e+06, 0
4.43811e+06, 1.79597e+06, 0
9.04936e+06, 1.34456e+06, 0
8.35629e+06, 3.61408e+06, 0
3.66641e+06, 1.57346e+06, 0
5.87516e+06, 1.87895e+06, 0
8.39308e+06, 3.58948e+06, 0
9.99375e+06, 932515, 0
5.89066e+06, 4.05532e+06, 0
3.88155e+06, 2.52745e+06, 0
4.11079e+06, 851628, 0
7.19448e+06, 2.79867e+06, 0
3.8704e+06, 2.05594e+06, 0
6.16938e+06, 5.47686e+06, 0
4.1249e+06, 2.57617e+06, 0
6.41155e+06, 3.01063e+06, 0
1.53044e+07, 9.85473e+06, 0
5.52797e+06, 3.57785e+06, 0
5.13244e+06, 2.7437e+06, 0
7.88654e+06, 4.12866e+06, 0
2.83316e+06, 1.02951e+06, 0
3.37798e+06, 1.74602e+06, 0
9.22317e+06, 7.58042e+06, 0
9.02026e+06, 4.43143e+06, 0
4.02127e+06, 2.99229e+06, 0
3.47485e+06, 2.8193e+06, 0
6.77132e+06, 5.36022e+06, 0
3.92389e+06, 482467, 0
1.07886e+07, 5.63782e+06, 0
3.22688e+06, 1.94855e+06, 0
4.17727e+06, 2.69458e+06, 0
8.05338e+06, 4.43782e+06, 0
9.31032e+06, 2.89506e+06, 0
7.16003e+06, 5.2111e+06, 0
5.11531e+06, 4.2245e+06, 0
3.39396e+06, 803379, 0
6.03611e+06, 1.81383e+06, 0
6.25442e+06, 3.55374e+06, 0
3.56955e+06, 1.63066e+06, 0
1.05192e+07, 3.7985e+06, 0
6.42635e+06, 2.34304e+06, 0
2.94182e+06, 1.21829e+06, 0
3.99895e+06, 981013, 0
6.28172e+06, 5.47711e+06, 0
6.99049e+06, 3.16183e+06, 0
5.40517e+06, 1.73935e+06, 0
5.9956e+06, 1.78366e+06, 0
4.16531e+06, 2.06694e+06, 0
7.87944e+06, 3.67275e+06, 0
5.13188e+06, 3.20791e+06, 0
5.50468e+06, 2.20069e+06, 0
7.58993e+06, 4.69331e+06, 0
2.82311e+06, 1.33586e+06, 0
4.99415e+06, 3.38459e+06, 0
5.70442e+06, 2.96035e+06, 0
6.59324e+06, 5.1674e+06, 0
8.66232e+06, 2.41706e+06, 0
2.15016e+06, 852874, 0
4.4716e+06, 113642, 0
4.29656e+06, 298153, 0
4.86492e+06, 1.80033e+06, 0
5.10951e+06, 3.90777e+06, 0
4.74545e+06, 2.29136e+06, 0
8.19207e+06, 3.50348e+06, 0
7.37448e+06, 2.93946e+06, 0
4.56414e+06, 3.72046e+06, 0
5.84504e+06, 4.16637e+06, 0
4.07594e+06, 2.10502e+06, 0
8.28499e+06, 5.55836e+06, 0
6.74934e+06, 3.85512e+06, 0
2.34372e+06, 990867, 0
6.02589e+06, 1.74555e+06, 0
8.30311e+06, 3.19588e+06, 0
3.75945e+06, 3.1306e+06, 0
7.77703e+06, 245717, 0
7.09112e+06, 4.77761e+06, 0
8.64591e+06, 5.26711e+06, 0
7.21077e+06, 4.59542e+06, 0
5.43129e+06, 1.79889e+06, 0
7.4908e+06, 2.29105e+06, 0
6.84977e+06, 601856, 0
2.76003e+06, 1.4416e+06, 0
7.46113e+06, 5.06287e+06, 0
9.98012e+06, 7.76393e+06, 0
6.9197e+06, 4.12212e+06, 0
2.41155e+06, 381047, 0
5.90196e+06, 801355, 0
7.27837e+06, 4.26833e+06, 0
8.41371e+06, 1.97888e+06, 0
4.31909e+06, 2.32615e+06, 0
6.02907e+06, 3.37289e+06, 0
5.11969e+06, 2.67727e+06, 0
4.83385e+06, 2.94476e+06, 0
2.23912e+06, 743067, 0
4.74394e+06, 1.80996e+06, 0
5.38855e+06, 1.80252e+06, 0
8.36251e+06, 4.77322e+06, 0
1.03114e+07, 3.68138e+06, 0
6.35785e+06, 4.77856e+06, 0
4.58823e+06, 976915, 0
1.06008e+07, 1.49118e+06, 0
7.24721e+06, 4.35699e+06, 0
6.52303e+06, 3.73806e+06, 0
9.66205e+06, 7.50786e+06, 0
1.12074e+07, 5.73309e+06, 0
6.55173e+06, 5.81787e+06, 0
8.4551e+06, 7.39273e+06, 0
5.44266e+06, 3.07512e+06, 0
4.23677e+06, 1.64386e+06, 0
7.33068e+06, 4.58671e+06, 0
9.94374e+06, 1.48934e+06, 0
5.83358e+06, 3.74767e+06, 0
6.68789e+06, 2.42618e+06, 0
4.26742e+06, 1.86678e+06, 0
6.92608e+06, 3.33147e+06, 0
9.50089e+06, 1.59121e+06, 0
2.85776e+06, 1.55881e+06, 0
5.84642e+06, 3.03666e+06, 0
3.97087e+06, 1.50282e+06, 0
7.49412e+06, 2.90928e+06, 0
8.3825e+06, 5.49514e+06, 0
1.0338e+07, 4.20816e+06, 0
8.75207e+06, 7.34109e+06, 0
1.15025e+07, 7.02123e+06, 0
8.49891e+06, 7.76489e+06, 0
6.98363e+06, 275927, 0
6.14904e+06, 695444, 0
3.42407e+06, 1.43249e+06, 0
2.61499e+06, 937752, 0
4.99369e+06, 3.01154e+06, 0
7.25662e+06, 3.37322e+06, 0
4.86016e+06, 4.19659e+06, 0
8.54862e+06, 7.4281e+06, 0
5.15483e+06, 4.1324e+06, 0
1.5249e+07, 8.74643e+06, 0
6.03938e+06, 2.19066e+06, 0
5.05155e+06, 3.39546e+06, 0
3.85266e+06, 2.00583e+06, 0
1.06388e+07, 4.21556e+06, 0
2.51808e+06, 1.26025e+06, 0
2.79885e+06, 1.15267e+06, 0
6.75713e+06, 4.20707e+06, 0
9.37069e+06, 4.80222e+06, 0
3.67321e+06, 1.36867e+06, 0
8.33547e+06, 5.64337e+06, 0
3.94347e+06, 1.5507e+06, 0
4.05201e+06, 2.04092e+06, 0
2.25046e+06, 1.14073e+06, 0
9.03578e+06, 6.66646e+06, 0
8.90836e+06, 5.754e+06, 0
4.92048e+06, 3.30427e+06, 0
3.03311e+06, 1.48375e+06, 0
5.45953e+06, 4.33735e+06, 0
5.06065e+06, 3.29175e+06, 0
5.94916e+06, 3.10728e+06, 0
5.46892e+06, 2.93873e+06, 0
5.80732e+06, 4.30081e+06, 0
9.37804e+06, 7.96475e+06, 0
5.77411e+06, 3.66794e+06, 0
5.04517e+06, 2.04232e+06, 0
9.04325e+06, 3.28185e+06, 0
7.50569e+06, 2.81698e+06, 0
7.1153e+06, 3.87039e+06, 0
4.87134e+06, 3.48802e+06, 0
9.98488e+06, 3.80208e+06, 0
8.55768e+06, 3.74335e+06, 0
3.70728e+06, 1.98202e+06, 0
8.26807e+06, 6.28101e+06, 0
3.55064e+06, 1.84679e+06, 0
4.15541e+06, 841125, 0
1.21606e+07, 7.05019e+06, 0
5.50245e+06, 1.98705e+06, 0
3.15933e+06, 986856, 0
6.40319e+06, 1.52506e+06, 0
2.71959e+06, 1.08527e+06, 0
3.47938e+06, 2.09806e+06, 0
6.88649e+06, 2.28837e+06, 0
8.19054e+06, 5.17495e+06, 0
5.98684e+06, 2.60095e+06, 0
3.55105e+06, 538785, 0
3.09575e+06, 1.61838e+06, 0
9.43813e+06, 5.51592e+06, 0
7.69411e+06, 4.96809e+06, 0
4.12025e+06, 1.6238e+06, 0
7.33011e+06, 5.16861e+06, 0
3.97208e+06, 894072, 0
5.42766e+06, 3.25084e+06, 0
1.07521e+07, 2.20627e+06, 0
2.14675e+06, 605425, 0
4.63143e+06, 2.19077e+06, 0
4.78689e+06, 3.18326e+06, 0
7.74575e+06, 5.45799e+06, 0
1.00752e+07, 5.76606e+06, 0
3.93572e+06, 1.78114e+06, 0
5.74775e+06, 2.10659e+06, 0
3.1803e+06, 1.31728e+06, 0
9.93292e+06, 4.03239e+06, 0
1.01485e+07, 2.16191e+06, 0
8.40904e+06, 4.42615e+06, 0
1.04653e+07, 9.43828e+06, 0
5.04211e+06, 2.57119e+06, 0
4.63574e+06, 2.74329e+06, 0
7.916e+06, 4.35724e+06, 0
2.58861e+06, 1.07043e+06, 0
8.16545e+06, 6.0977e+06, 0
8.02982e+06, 5.12079e+06, 0
2.74874e+06, 738630, 0
4.1016e+06, 3.15723e+06, 0
9.3004e+06, 5.42742e+06, 0
6.14252e+06, 1.36774e+06, 0
2.48916e+06, 789478, 0
3.98022e+06, 632509, 0
4.3253e+06, 1.68936e+06, 0
6.52442e+06, 4.19778e+06, 0
5.09501e+06, 3.16412e+06, 0
5.413e+06, 2.20852e+06, 0
4.8209e+06, 1.76091e+06, 0
2.04383e+06, 704547, 0
9.4476e+06, 6.82895e+06, 0
5.73596e+06, 3.55033e+06, 0
6.8693e+06, 2.67214e+06, 0
4.79546e+06, 1.96728e+06, 0
7.72393e+06, 3.13316e+06, 0
6.31049e+06, 2.5502e+06, 0
6.85275e+06, 5.19786e+06, 0
5.09942e+06, 2.43652e+06, 0
5.46662e+06, 698311, 0
7.94189e+06, 3.24809e+06, 0
4.22116e+06, 2.24204e+06, 0
3.54538e+06, 2.11156e+06, 0
7.84877e+06, 2.46274e+06, 0
3.10454e+06, 890735, 0
4.7e+06, 2.87956e+06, 0
5.31611e+06, 4.14181e+06, 0
9.11126e+06, 1.54501e+06, 0
7.27454e+06, 4.53921e+06, 0
7.52343e+06, 6.56427e+06, 0
5.19081e+06, 2.37379e+06, 0
6.97461e+06, 5.50682e+06, 0
4.03656e+06, 2.24422e+06, 0
5.49061e+06, 4.29557e+06, 0
5.26038e+06, 2.53846e+06, 0
1.21043e+07, 7.89541e+06, 0
9.52831e+06, 3.18513e+06, 0
2.71973e+06, 1.3286e+06, 0
5.65196e+06, 4.58281e+06, 0
6.45233e+06, 3.15466e+06, 0
9.5239e+06, 3.91858e+06, 0
3.64881e+06, 1.15237e+06, 0
2.6462e+06, 933437, 0
6.33132e+06, 2.65477e+06, 0
5.53525e+06, 3.0982e+06, 0
4.27135e+06, 2.57929e+06, 0
9.59562e+06, 7.32659e+06, 0
1.02715e+07, 5.49511e+06, 0
8.22512e+06, 1.53629e+06, 0
4.26044e+06, 1.68949e+06, 0
7.30112e+06, 2.46746e+06, 0
2.36447e+06, 1.0911e+06, 0
5.01126e+06, 2.30595e+06, 0
3.63444e+06, 1.39174e+06, 0
3.89763e+06, 2.21094e+06, 0
5.81804e+06, 2.45518e+06, 0
4.91177e+06, 1.80901e+06, 0
4.80425e+06, 3.75911e+06, 0
5.98105e+06, 3.26452e+06, 0
8.31674e+06, 1.91059e+06, 0
5.0629e+06, 1.47811e+06, 0
3.61799e+06, 1.61386e+06, 0
4.91067e+06, 1.88052e+06, 0
3.12529e+06, 825918, 0
3.9721e+06, 766376, 0
4.96276e+06, 1.96134e+06, 0
4.50958e+06, 2.51669e+06, 0
6.23974e+06, 3.54125e+06, 0
8.75632e+06, 6.31212e+06, 0
2.29477e+06, 402810, 0
3.44136e+06, 2.20583e+06, 0
4.23387e+06, 2.49696e+06, 0
1.43539e+07, 5.74085e+06, 0
1.02915e+07, 6.31586e+06, 0
5.26642e+06, 760241, 0
5.06297e+06, 1.91413e+06, 0
4.48208e+06, 3.68848e+06, 0
1.11074e+07, 8.90558e+06, 0
4.32647e+06, 1.84026e+06, 0
3.35174e+06, 2.12389e+06, 0
5.80521e+06, 5.00145e+06, 0
3.85953e+06, 1.81142e+06, 0
4.48543e+06, 1.3573e+06, 0
5.17017e+06, 1.49433e+06, 0
7.96616e+06, 5.83018e+06, 0
6.2997e+06, 1.78491e+06, 0
3.47409e+06, 1.71781e+06, 0
4.88952e+06, 3.61443e+06, 0
3.60691e+06, 2.59937e+06, 0
6.90947e+06, 1.0535e+06, 0
7.05025e+06, 4.56289e+06, 0
3.96368e+06, 1.37181e+06, 0
4.03517e+06, 2.23324e+06, 0
8.23537e+06, 5.6439e+06, 0
9.69517e+06, 4.94474e+06, 0
6.83341e+06, 2.18525e+06, 0
5.19321e+06, 4.21557e+06, 0
1.02189e+07, 6.48912e+06, 0
7.61489e+06, 3.09871e+06, 0
7.29574e+06, 3.01906e+06, 0
3.59198e+06, 2.03793e+06, 0
7.97592e+06, 5.28784e+06, 0
1.09114e+07, 8.12789e+06, 0
3.98099e+06, 2.0277e+06, 0
8.26538e+06, 2.96254e+06, 0
7.99476e+06, 2.47541e+06, 0
4.23412e+06, 1.68078e+06, 0
6.82226e+06, 2.94115e+06, 0
4.5484e+06, 366725, 0
6.13841e+06, 1.05714e+06, 0
5.46679e+06, 1.0441e+06, 0
8.46833e+06, 3.74401e+06, 0
6.58654e+06, 3.18848e+06, 0
5.06245e+06, 3.88117e+06, 0
1.49502e+07, 5.75766e+06, 0
6.47131e+06, 5.78167e+06, 0
5.21424e+06, 4.20442e+06, 0
8.45325e+06, 6.50987e+06, 0
4.54751e+06, 2.34572e+06, 0
2.48905e+06, 1.46276e+06, 0
2.32395e+06, 142369, 0
8.75609e+06, 2.61909e+06, 0
3.85239e+06, 1.97569e+06, 0
3.25347e+06, 1.89054e+06, 0
3.8647e+06, 2.2357e+06, 0
4.46057e+06, 2.94543e+06, 0
7.26641e+06, 2.19198e+06, 0
5.51287e+06, 4.91151e+06, 0
4.97691e+06, 1.46791e+06, 0
4.02673e+06, 3.00758e+06, 0
3.78667e+06, 2.23632e+06, 0
5.70856e+06, 3.97609e+06, 0
1.02727e+07, 838366, 0
3.78957e+06, 2.55202e+06, 0
5.06436e+06, 646036, 0
1.14079e+07, 3.32317e+06, 0
1.02786e+07, 3.5418e+06, 0
3.57418e+06, 1.60127e+06, 0
7.45362e+06, 4.30307e+06, 0
5.4422e+06, 4.268e+06, 0
3.82606e+06, 503167, 0
4.89841e+06, 2.25968e+06, 0
8.28889e+06, 2.24273e+06, 0
7.83545e+06, 4.75263e+06, 0
7.79884e+06, 2.74028e+06, 0
4.11898e+06, 229774, 0
7.30463e+06, 5.12004e+06, 0
2.8824e+06, 2.20594e+06, 0
8.14957e+06, 3.03412e+06, 0
5.39288e+06, 1.6151e+06, 0
5.29726e+06, 2.18934e+06, 0
7.23916e+06, 4.55083e+06, 0
7.20733e+06, 4.7206e+06, 0
5.57522e+06, 1.2937e+06, 0
9.98427e+06, 6.01306e+06, 0
7.08541e+06, 3.30289e+06, 0
1.00953e+07, 653443, 0
5.53761e+06, 1.44112e+06, 0
3.7824e+06, 1.97989e+06, 0
7.2547e+06, 3.4634e+06, 0
3.72103e+06, 1.10878e+06, 0
5.43595e+06, 1.03183e+06, 0
5.94423e+06, 2.5859e+06, 0
5.25677e+06, 3.64014e+06, 0
4.18139e+06, 2.91555e+06, 0
6.19048e+06, 3.8441e+06, 0
7.20062e+06, 5.08525e+06, 0
5.03201e+06, 4.03077e+06, 0
7.98695e+06, 3.9394e+06, 0
1.26116e+07, 4.95792e+06, 0
1.02168e+07, 4.2312e+06, 0
5.49946e+06, 3.33758e+06, 0
5.86172e+06, 547039, 0
6.68618e+06, 4.45297e+06, 0
5.99359e+06, 4.28456e+06, 0
4.75151e+06, 3.12071e+06, 0
5.53027e+06, 1.06321e+06, 0
9.98056e+06, 4.55971e+06, 0
1.44671e+07, 2.62537e+06, 0
1.07967e+07, 5.66055e+06, 0
5.06039e+06, 739649, 0
9.61964e+06, 5.23192e+06, 0
6.75831e+06, 2.54793e+06, 0
1.01187e+07, 6.7517e+06, 0
2.7728e+06, 1.55729e+06, 0
6.7161e+06, 2.06299e+06, 0
5.00117e+06, 3.83841e+06, 0
7.48844e+06, 3.88737e+06, 0
6.05681e+06, 1.98527e+06, 0
6.85218e+06, 1.60668e+06, 0
4.09988e+06, 3.17746e+06, 0
4.69355e+06, 3.99642e+06, 0
5.91557e+06, 3.65337e+06, 0
6.19875e+06, 3.12546e+06, 0
4.48035e+06, 713780, 0
3.30658e+06, 1.28773e+06, 0
6.47905e+06, 841929, 0
1.01324e+07, 1.99821e+06, 0
5.21931e+06, 3.62753e+06, 0
3.5949e+06, 1.31355e+06, 0
3.24054e+06, 2.31166e+06, 0
7.53281e+06, 3.36664e+06, 0
2.71482e+06, 449924, 0
5.84592e+06, 3.82926e+06, 0
6.4885e+06, 5.5563e+06, 0
7.2097e+06, 5.04817e+06, 0
7.84639e+06, 3.30502e+06, 0
4.99556e+06, 1.66615e+06, 0
6.00149e+06, 1.63168e+06, 0
8.5041e+06, 3.18842e+06, 0
6.57959e+06, 3.14166e+06, 0
2.49687e+06, 1.60345e+06, 0
6.47619e+06, 3.95037e+06, 0
3.48465e+06, 865589, 0
5.58171e+06, 3.4556e+06, 0
3.35004e+06, 1.94186e+06, 0
3.95442e+06, 1.20204e+06, 0
5.24878e+06, 3.82027e+06, 0
1.01822e+07, 7.27874e+06, 0
5.44578e+06, 3.27945e+06, 0
9.06092e+06, 6.88505e+06, 0
4.53721e+06, 3.36685e+06, 0
5.20327e+06, 1.55464e+06, 0
5.82273e+06, 3.06743e+06, 0
6.38586e+06, 3.77621e+06, 0
6.61417e+06, 3.05064e+06, 0
5.98981e+06, 3.48319e+06, 0
9.27436e+06, 5.30908e+06, 0
3.39055e+06, 2.25173e+06, 0
7.47697e+06, 3.89891e+06, 0
6.98018e+06, 3.70693e+06, 0
4.60323e+06, 2.86647e+06, 0
3.95354e+06, 902416, 0
6.95261e+06, 5.6539e+06, 0
9.10579e+06, 3.59291e+06, 0
9.01073e+06, 7.10893e+06, 0
5.99483e+06, 4.64299e+06, 0
8.439e+06, 5.66178e+06, 0
6.27796e+06, 1.85418e+06, 0
6.19664e+06, 3.49857e+06, 0
6.45754e+06, 4.63756e+06, 0
8.68145e+06, 864843, 0
4.86916e+06, 3.32167e+06, 0
6.82749e+06, 4.10618e+06, 0
7.77142e+06, 4.72692e+06, 0
6.50627e+06, 4.89163e+06, 0
5.0016e+06, 3.61179e+06, 0
6.80578e+06, 1.11812e+06, 0
3.09014e+06, 2.06022e+06, 0
3.05392e+06, 1.38846e+06, 0
8.72007e+06, 1.98996e+06, 0
5.35342e+06, 1.27761e+06, 0
4.44669e+06, 1.87981e+06, 0
6.3011e+06, 2.82307e+06, 0
7.59327e+06, 5.15585e+06, 0
3.50801e+06, 2.77496e+06, 0
1.30629e+07, 2.77166e+06, 0
6.79903e+06, 2.69099e+06, 0
2.79259e+06, 1.83319e+06, 0
1.03129e+07, 6.9562e+06, 0
3.03204e+06, 1.20104e+06, 0
9.32803e+06, 4.62851e+06, 0
6.2006e+06, 1.91803e+06, 0
3.98795e+06, 2.336e+06, 0
7.11129e+06, 5.39753e+06, 0
6.09392e+06, 2.74494e+06, 0
2.44296e+06, 1.17431e+06, 0
4.99437e+06, 1.51942e+06, 0
9.21544e+06, 3.44178e+06, 0
3.21384e+06, 1.67678e+06, 0
6.40879e+06, 2.70937e+06, 0
7.6373e+06, 1.81824e+06, 0
9.23595e+06, 4.90912e+06, 0
3.23378e+06, 1.32148e+06, 0
5.02349e+06, 2.9223e+06, 0
4.04081e+06, 3.21214e+06, 0
7.2013e+06, 3.05e+06, 0
4.92552e+06, 2.49441e+06, 0
6.90693e+06, 1.50228e+06, 0
4.57216e+06, 2.76981e+06, 0
6.74429e+06, 981848, 0
3.76697e+06, 1.88743e+06, 0
1.87105e+06, 881888, 0
8.18907e+06, 3.13237e+06, 0
5.66383e+06, 1.14987e+06, 0
8.93645e+06, 5.98688e+06, 0
4.78333e+06, 2.73195e+06, 0
4.33762e+06, 656209, 0
7.2138e+06, 1.00827e+06, 0
1.08007e+07, 958556, 0
6.2437e+06, 2.51698e+06, 0
6.08549e+06, 4.32504e+06, 0
4.24762e+06, 697278, 0
3.6821e+06, 2.27297e+06, 0
7.79251e+06, 2.28266e+06, 0
1.21541e+07, 6.24538e+06, 0
3.79149e+06, 1.62008e+06, 0
7.17639e+06, 4.1162e+06, 0
7.58293e+06, 2.85462e+06, 0
6.84264e+06, 4.02426e+06, 0
5.52956e+06, 4.64625e+06, 0
1.04892e+07, 1.38968e+06, 0
5.15145e+06, 1.95662e+06, 0
3.18639e+06, 1.05604e+06, 0
5.87724e+06, 1.28936e+06, 0
6.43577e+06, 4.84848e+06, 0
1.33528e+07, 5.371e+06, 0
7.16813e+06, 3.43423e+06, 0
2.60484e+06, 1.7954e+06, 0
8.04227e+06, 4.23167e+06, 0
3.98085e+06, 3.10966e+06, 0
4.17908e+06, 3.22147e+06, 0
7.55647e+06, 3.33973e+06, 0
6.45041e+06, 4.21562e+06, 0
4.93284e+06, 2.59297e+06, 0
5.35128e+06, 1.62569e+06, 0
4.24036e+06, 3.04953e+06, 0
5.14354e+06, 927198, 0
7.25396e+06, 2.63857e+06, 0
8.98892e+06, 6.95465e+06, 0
8.78969e+06, 5.5254e+06, 0
6.48956e+06, 2.49775e+06, 0
5.41334e+06, 1.85445e+06, 0
6.45276e+06, 4.23736e+06, 0
8.93613e+06, 4.28195e+06, 0
5.59605e+06, 4.01545e+06, 0
7.33175e+06, 4.70673e+06, 0
4.32438e+06, 636977, 0
4.97839e+06, 3.30731e+06, 0
3.64752e+06, 956162, 0
4.96999e+06, 2.40636e+06, 0
1.1253e+07, 3.083e+06, 0
6.58199e+06, 2.84243e+06, 0
4.77656e+06, 1.62509e+06, 0
8.3488e+06, 4.27933e+06, 0
4.81361e+06, 1.8819e+06, 0
4.00187e+06, 1.47494e+06, 0
8.50945e+06, 1.31537e+06, 0
9.80788e+06, 4.44672e+06, 0
5.00882e+06, 2.26619e+06, 0
8.50949e+06, 4.20703e+06, 0
5.68525e+06, 3.36595e+06, 0
5.9524e+06, 4.37483e+06, 0
9.86697e+06, 1.73626e+06, 0
6.81548e+06, 2.33052e+06, 0
8.79051e+06, 4.80762e+06, 0
6.60601e+06, 2.69735e+06, 0
9.4556e+06, 6.00551e+06, 0
7.41767e+06, 1.04433e+06, 0
3.48539e+06, 1.0742e+06, 0
5.79081e+06, 3.34133e+06, 0
5.31237e+06, 2.03477e+06, 0
3.64334e+06, 1.68262e+06, 0
7.29785e+06, 5.75991e+06, 0
2.74153e+06, 352236, 0
5.5844e+06, 1.70462e+06, 0
1.07014e+07, 6.58099e+06, 0
5.81644e+06, 2.59778e+06, 0
5.51183e+06, 1.23703e+06, 0
6.18651e+06, 5.45967e+06, 0
5.64643e+06, 1.47224e+06, 0
5.2604e+06, 1.52335e+06, 0
4.60922e+06, 1.11836e+06, 0
5.92146e+06, 2.17087e+06, 0
2.57013e+06, 1.27964e+06, 0
6.75325e+06, 5.05824e+06, 0
6.16647e+06, 2.32288e+06, 0
7.80207e+06, 3.461e+06, 0
4.10103e+06, 1.17254e+06, 0
5.02762e+06, 4.30255e+06, 0
6.23266e+06, 3.89707e+06, 0
4.32686e+06, 739864, 0
1.10598e+07, 3.19543e+06, 0
6.38073e+06, 3.66948e+06, 0
8.40429e+06, 2.8984e+06, 0
8.58578e+06, 1.65633e+06, 0
9.45046e+06, 3.84535e+06, 0
5.67614e+06, 2.04466e+06, 0
3.89653e+06, 1.51591e+06, 0
6.47607e+06, 3.44271e+06, 0
6.04083e+06, 3.15527e+06, 0
4.51447e+06, 2.58511e+06, 0
7.89115e+06, 3.50641e+06, 0
1.02003e+07, 3.04062e+06, 0
7.58047e+06, 3.69871e+06, 0
2.89226e+06, 899353, 0
5.79848e+06, 3.40415e+06, 0
8.32283e+06, 5.92315e+06, 0
2.56214e+06, 1.39922e+06, 0
4.15009e+06, 2.10606e+06, 0
3.73864e+06, 2.33556e+06, 0
8.96736e+06, 3.89493e+06, 0
5.20954e+06, 2.75656e+06, 0
6.05496e+06, 2.74979e+06, 0
8.56075e+06, 2.26053e+06, 0
4.97951e+06, 2.0395e+06, 0
7.27044e+06, 3.50898e+06, 0
5.14419e+06, 1.31895e+06, 0
7.32982e+06, 2.3134e+06, 0
5.34674e+06, 3.6812e+06, 0
1.00358e+07, 2.88072e+06, 0
2.91542e+06, 1.8815e+06, 0
8.06207e+06, 3.71724e+06, 0
2.67144e+06, 1.40163e+06, 0
2.65558e+06, 1.31985e+06, 0
1.12523e+07, 2.26667e+06, 0
5.49704e+06, 3.42863e+06, 0
8.89753e+06, 3.7283e+06, 0
3.01989e+06, 1.65172e+06, 0
5.65612e+06, 4.66038e+06, 0
4.80037e+06, 2.07826e+06, 0
8.42501e+06, 1.67797e+06, 0
7.81564e+06, 4.81891e+06, 0
2.42739e+06, 857318, 0
4.51912e+06, 896204, 0
2.93166e+06, 1.40614e+06, 0
7.61942e+06, 3.79556e+06, 0
4.35738e+06, 2.74846e+06, 0
7.79272e+06, 7.00465e+06, 0
4.61121e+06, 2.19292e+06, 0
6.40171e+06, 3.52882e+06, 0
2.2166e+06, 1.4216e+06, 0
5.01916e+06, 679733, 0
7.88043e+06, 2.70262e+06, 0
5.86885e+06, 428670, 0
6.14534e+06, 2.59297e+06, 0
6.66986e+06, 3.41606e+06, 0
4.69134e+06, 3.80741e+06, 0
2.71914e+06, 1.51608e+06, 0
8.13683e+06, 738622, 0
8.03468e+06, 6.16597e+06, 0
7.60141e+06, 5.74254e+06, 0
5.32082e+06, 3.67281e+06, 0
9.93701e+06, 6.53164e+06, 0
4.36225e+06, 3.06746e+06, 0
7.22452e+06, 3.77098e+06, 0
2.06542e+06, 119465, 0
3.70391e+06, 966481, 0
4.9445e+06, 2.86394e+06, 0
6.7609e+06, 677668, 0
9.54649e+06, 7.20218e+06, 0
6.13065e+06, 2.52981e+06, 0
4.50096e+06, 2.99222e+06, 0
8.18291e+06, 4.80937e+06, 0
4.19009e+06, 1.82946e+06, 0
4.76728e+06, 857333, 0
5.68936e+06, 2.11662e+06, 0
6.81218e+06, 2.5653e+06, 0
1.04857e+07, 3.5382e+06, 0
4.7074e+06, 1.9666e+06, 0
8.45504e+06, 4.82292e+06, 0
6.43551e+06, 1.14393e+06, 0
3.77676e+06, 1.73058e+06, 0
7.30384e+06, 4.69905e+06, 0
4.55048e+06, 2.48355e+06, 0
3.65556e+06, 1.76756e+06, 0
6.63641e+06, 4.05314e+06, 0
8.54093e+06, 6.92555e+06, 0
5.75472e+06, 1.82287e+06, 0
5.50389e+06, 1.08238e+06, 0
6.88314e+06, 3.11137e+06, 0
8.32758e+06, 2.66692e+06, 0
5.70954e+06, 3.18629e+06, 0
8.68245e+06, 5.02649e+06, 0
6.0464e+06, 1.81685e+06, 0
7.23751e+06, 5.11036e+06, 0
4.98833e+06, 4.00981e+06, 0
7.62177e+06, 877692, 0
9.12499e+06, 3.29041e+06, 0
4.23008e+06, 3.40371e+06, 0
9.95103e+06, 2.41373e+06, 0
4.07532e+06, 1.63588e+06, 0
6.82809e+06, 4.34366e+06, 0
3.57234e+06, 1.54141e+06, 0
4.54438e+06, 900418, 0
9.76468e+06, 2.76656e+06, 0
4.70618e+06, 2.25355e+06, 0
3.99643e+06, 1.78649e+06, 0
4.65722e+06, 2.28975e+06, 0
7.55381e+06, 6.45869e+06, 0
3.26019e+06, 2.59021e+06, 0
1.11674e+07, 3.62849e+06, 0
4.84363e+06, 3.85404e+06, 0
3.23888e+06, 2.21433e+06, 0
4.61315e+06, 1.09521e+06, 0
1.19135e+07, 4.67827e+06, 0
1.0175e+07, 7.66976e+06, 0
4.45776e+06, 2.14718e+06, 0
6.27955e+06, 1.40172e+06, 0
7.33137e+06, 3.07192e+06, 0
4.42084e+06, 1.56093e+06, 0
3.30628e+06, 2.40786e+06, 0
4.16687e+06, 1.00652e+06, 0
2.50056e+06, 1.61921e+06, 0
6.11387e+06, 3.64125e+06, 0
5.55185e+06, 4.39541e+06, 0
3.65625e+06, 2.75392e+06, 0
9.3254e+06, 3.09929e+06, 0
6.51415e+06, 2.37789e+06, 0
4.81306e+06, 2.28685e+06, 0
7.01316e+06, 5.09894e+06, 0
4.42042e+06, 1.24053e+06, 0
8.93577e+06, 4.51845e+06, 0
5.25566e+06, 2.5129e+06, 0
3.81905e+06, 2.5396e+06, 0
3.89376e+06, 1.75505e+06, 0
8.60873e+06, 5.754e+06, 0
3.23963e+06, 1.95071e+06, 0
2.84659e+06, 1.34673e+06, 0
8.35639e+06, 6.4699e+06, 0
3.12452e+06, 1.19587e+06, 0
2.99229e+06, 1.03251e+06, 0
7.84562e+06, 2.54072e+06, 0
2.2233e+06, 598245, 0
5.54516e+06, 2.23784e+06, 0
5.66397e+06, 2.83748e+06, 0
1.07088e+07, 4.87216e+06, 0
5.95009e+06, 1.79364e+06, 0
6.19208e+06, 3.97003e+06, 0
1.00036e+07, 4.54804e+06, 0
7.84017e+06, 4.6036e+06, 0
6.04087e+06, 3.23118e+06, 0
1.09283e+07, 4.088e+06, 0
4.62842e+06, 2.24145e+06, 0
2.56043e+06, 1.25685e+06, 0
2.03021e+06, 963798, 0
3.93913e+06, 1.54846e+06, 0
5.19621e+06, 2.65054e+06, 0
6.80519e+06, 4.34637e+06, 0
9.66591e+06, 3.46636e+06, 0
1.12746e+07, 4.01954e+06, 0
5.51352e+06, 3.5741e+06, 0
9.88519e+06, 4.58935e+06, 0
7.21333e+06, 1.659e+06, 0
8.82452e+06, 6.03222e+06, 0
5.35527e+06, 2.68871e+06, 0
4.38979e+06, 2.70074e+06, 0
6.25013e+06, 2.15446e+06, 0
5.78651e+06, 4.41119e+06, 0
4.56623e+06, 3.0799e+06, 0
7.41872e+06, 5.80341e+06, 0
6.96461e+06, 4.14179e+06, 0
3.18796e+06, 1.5134e+06, 0
8.64075e+06, 5.25436e+06, 0
7.1412e+06, 3.73456e+06, 0
6.0396e+06, 4.5486e+06, 0
3.3894e+06, 2.23936e+06, 0
1.11716e+07, 8.30519e+06, 0
7.7535e+06, 2.22113e+06, 0
5.2248e+06, 4.43816e+06, 0
4.76794e+06, 2.98542e+06, 0
4.77694e+06, 416380, 0
7.22372e+06, 1.40857e+06, 0
8.36638e+06, 6.92981e+06, 0
7.03044e+06, 3.62564e+06, 0
2.37681e+06, 959200, 0
8.97087e+06, 942651, 0
1.06229e+07, 4.54612e+06, 0
6.80187e+06, 894002, 0
2.95752e+06, 1.80257e+06, 0
2.75363e+06, 1.344e+06, 0
1.09918e+07, 9.52107e+06, 0
5.16089e+06, 1.38693e+06, 0
9.9516e+06, 3.2794e+06, 0
3.21247e+06, 835055, 0
9.31167e+06, 6.53623e+06, 0
9.26157e+06, 3.12881e+06, 0
7.46416e+06, 6.24559e+06, 0
6.90424e+06, 2.86023e+06, 0
5.17778e+06, 2.67932e+06, 0
6.70688e+06, 1.46309e+06, 0
1.02332e+07, 3.92473e+06, 0
6.74739e+06, 3.48045e+06, 0
7.39038e+06, 2.46793e+06, 0
2.82934e+06, 787384, 0
6.45083e+06, 1.91814e+06, 0
1.166e+07, 2.61385e+06, 0
1.05454e+07, 5.7395e+06, 0
3.30471e+06, 2.57869e+06, 0
5.9903e+06, 2.52903e+06, 0
4.20372e+06, 3.3718e+06, 0
3.40162e+06, 1.27001e+06, 0
5.39166e+06, 3.2978e+06, 0
1.02597e+07, 1.48225e+06, 0
7.67657e+06, 5.74029e+06, 0
5.64257e+06, 789455, 0
7.90706e+06, 1.93148e+06, 0
8.57368e+06, 2.54044e+06, 0
5.3533e+06, 3.66476e+06, 0
9.28387e+06, 6.87482e+06, 0
8.8556e+06, 4.16972e+06, 0
6.19362e+06, 2.73819e+06, 0
8.49983e+06, 3.77301e+06, 0
7.75673e+06, 5.22135e+06, 0
1.44324e+07, 2.2425e+06, 0
1.11498e+07, 8.45606e+06, 0
5.45149e+06, 4.52025e+06, 0
4.95947e+06, 3.13698e+06, 0
7.40877e+06, 3.68856e+06, 0
1.1197e+07, 4.98609e+06, 0
3.08725e+06, 1.66641e+06, 0
1.12157e+07, 1.63213e+06, 0
6.22318e+06, 2.69238e+06, 0
4.78134e+06, 2.10394e+06, 0
3.29573e+06, 1.09853e+06, 0
7.80195e+06, 4.56348e+06, 0
4.07288e+06, 1.71719e+06, 0
5.15493e+06, 1.2247e+06, 0
5.07449e+06, 1.43479e+06, 0
3.08588e+06, 1.73586e+06, 0
5.46417e+06, 2.73903e+06, 0
3.49086e+06, 1.40207e+06, 0
1.10415e+07, 3.76265e+06, 0
3.96559e+06, 976258, 0
6.05882e+06, 2.91108e+06, 0
5.56996e+06, 1.35658e+06, 0
3.05424e+06, 591506, 0
7.09302e+06, 750025, 0
8.32502e+06, 1.29038e+06, 0
2.1001e+06, 921309, 0
1.27508e+07, 5.45535e+06, 0
8.63487e+06, 6.03384e+06, 0
5.64457e+06, 2.56361e+06, 0
1.05999e+07, 3.13062e+06, 0
8.51076e+06, 2.71798e+06, 0
8.33885e+06, 3.69083e+06, 0
7.53446e+06, 1.52686e+06, 0
7.14615e+06, 6.24298e+06, 0
8.73288e+06, 1.35956e+06, 0
5.92823e+06, 2.45362e+06, 0
4.10119e+06, 1.87329e+06, 0
1.10247e+07, 7.51181e+06, 0
3.99315e+06, 2.94844e+06, 0
3.91899e+06, 1.86057e+06, 0
4.26779e+06, 1.52467e+06, 0
4.51173e+06, 2.59183e+06, 0
7.10954e+06, 3.21475e+06, 0
1.31663e+07, 4.75786e+06, 0
4.9151e+06, 2.6828e+06, 0
7.46542e+06, 6.29444e+06, 0
5.20119e+06, 1.56545e+06, 0
8.75505e+06, 6.19322e+06, 0
6.40268e+06, 4.11982e+06, 0
6.96952e+06, 2.07435e+06, 0
3.95221e+06, 2.66071e+06, 0
3.29751e+06, 1.35613e+06, 0
6.7484e+06, 3.62844e+06, 0
3.83967e+06, 1.69431e+06, 0
6.48304e+06, 4.05337e+06, 0
7.98101e+06, 5.113e+06, 0
7.47847e+06, 6.12436e+06, 0
4.28455e+06, 597865, 0
4.62621e+06, 2.69745e+06, 0
6.09567e+06, 2.23758e+06, 0
1.18804e+07, 3.25189e+06, 0
5.99699e+06, 4.26241e+06, 0
3.73264e+06, 1.6088e+06, 0
2.4045e+06, 1.065e+06, 0
5.33577e+06, 1.3196e+06, 0
6.18641e+06, 1.29671e+06, 0
1.02377e+07, 5.97605e+06, 0
9.21615e+06, 5.94765e+06, 0
4.27547e+06, 2.5837e+06, 0
4.04905e+06, 1.41226e+06, 0
5.35536e+06, 743225, 0
1.24341e+07, 1.01463e+07, 0
4.49759e+06, 2.06765e+06, 0
5.79399e+06, 4.22641e+06, 0
8.66178e+06, 5.96456e+06, 0
3.37811e+06, 755170, 0
3.85974e+06, 2.4782e+06, 0
9.15814e+06, 621921, 0
4.68521e+06, 4.00586e+06, 0
3.88255e+06, 1.76737e+06, 0
6.05065e+06, 4.22908e+06, 0
1.30302e+07, 2.39874e+06, 0
3.07182e+06, 2.35228e+06, 0
7.15275e+06, 6.22705e+06, 0
5.45798e+06, 3.83305e+06, 0
7.7792e+06, 3.7672e+06, 0
3.73842e+06, 2.01698e+06, 0
3.59308e+06, 2.11481e+06, 0
4.40209e+06, 1.25633e+06, 0
9.75984e+06, 576407, 0
6.79071e+06, 4.16312e+06, 0
4.36158e+06, 3.63304e+06, 0
3.91258e+06, 2.29347e+06, 0
4.9161e+06, 3.57655e+06, 0
8.75354e+06, 2.1032e+06, 0
2.24317e+06, 968483, 0
3.1267e+06, 1.77135e+06, 0
8.08448e+06, 6.22837e+06, 0
1.23144e+07, 1.557e+06, 0
6.22172e+06, 2.04898e+06, 0
3.1221e+06, 1.14121e+06, 0
4.57015e+06, 2.89681e+06, 0
4.71849e+06, 2.4335e+06, 0
7.04039e+06, 3.82896e+06, 0
4.57168e+06, 2.73622e+06, 0
6.1483e+06, 2.8328e+06, 0
3.42861e+06, 753788, 0
9.82268e+06, 2.5902e+06, 0
7.14382e+06, 5.0817e+06, 0
8.73068e+06, 4.03334e+06, 0
4.21397e+06, 2.36595e+06, 0
6.15028e+06, 3.28328e+06, 0
7.39741e+06, 3.1042e+06, 0
5.73278e+06, 2.15127e+06, 0
5.76789e+06, 3.44284e+06, 0
5.72307e+06, 3.32708e+06, 0
4.47123e+06, 2.66169e+06, 0
7.13046e+06, 2.07415e+06, 0
8.37182e+06, 5.46926e+06, 0
8.12807e+06, 6.1269e+06, 0
4.78896e+06, 1.29511e+06, 0
5.90367e+06, 2.88661e+06, 0
5.88496e+06, 2.66717e+06, 0
7.9877e+06, 3.73054e+06, 0
5.31982e+06, 4.36292e+06, 0
1.02164e+07, 6.66844e+06, 0
9.52445e+06, 7.2754e+06, 0
5.53603e+06, 1.07189e+06, 0
8.99092e+06, 778562, 0
4.70436e+06, 3.85573e+06, 0
7.87216e+06, 6.61561e+06, 0
4.24644e+06, 3.55032e+06, 0
9.43935e+06, 4.73103e+06, 0
9.45143e+06, 2.98762e+06, 0
8.00446e+06, 4.77746e+06, 0
5.22194e+06, 3.82315e+06, 0
4.3762e+06, 3.39435e+06, 0
3.2136e+06, 1.15263e+06, 0
5.36709e+06, 2.87129e+06, 0
6.96142e+06, 4.86939e+06, 0
4.44431e+06, 2.94496e+06, 0
7.96634e+06, 3.71728e+06, 0
9.77614e+06, 8.76192e+06, 0
5.87827e+06, 988846, 0
8.97521e+06, 3.99137e+06, 0
9.0373e+06, 3.91995e+06, 0
2.56061e+06, 941093, 0
3.36434e+06, 2.3674e+06, 0
1.09713e+07, 6.58067e+06, 0
8.45254e+06, 1.74256e+06, 0
6.51761e+06, 1.87434e+06, 0
6.44046e+06, 5.45286e+06, 0
9.61071e+06, 5.30782e+06, 0
8.04608e+06, 6.82543e+06, 0
1.36204e+07, 5.45794e+06, 0
5.63877e+06, 2.39554e+06, 0
1.06229e+07, 1.33404e+06, 0
8.86315e+06, 6.10047e+06, 0
2.91279e+06, 1.60975e+06, 0
7.26285e+06, 5.34212e+06, 0
3.52733e+06, 1.6906e+06, 0
6.10933e+06, 1.19803e+06, 0
6.26479e+06, 1.9663e+06, 0
8.19473e+06, 5.70788e+06, 0
3.6999e+06, 1.06459e+06, 0
5.11245e+06, 2.6067e+06, 0
3.73927e+06, 2.79218e+06, 0
4.68071e+06, 1.16195e+06, 0
7.01593e+06, 3.40306e+06, 0
4.95466e+06, 2.40608e+06, 0
1.20646e+07, 849644, 0
1.03542e+07, 4.67763e+06, 0
5.52003e+06, 1.91157e+06, 0
6.75678e+06, 3.04948e+06, 0
2.62183e+06, 1.16075e+06, 0
6.10091e+06, 2.07451e+06, 0
4.75617e+06, 801571, 0
6.20371e+06, 4.74785e+06, 0
8.23657e+06, 6.03159e+06, 0
8.53792e+06, 2.80269e+06, 0
5.8315e+06, 2.13646e+06, 0
6.67736e+06, 3.64857e+06, 0
7.9442e+06, 2.96107e+06, 0
8.62776e+06, 5.35926e+06, 0
6.08722e+06, 2.40393e+06, 0
5.5413e+06, 1.9061e+06, 0
4.11587e+06, 2.01674e+06, 0
5.27806e+06, 1.73579e+06, 0
6.41737e+06, 3.29784e+06, 0
8.76877e+06, 1.0992e+06, 0
8.26242e+06, 3.94957e+06, 0
8.24165e+06, 1.84955e+06, 0
3.26815e+06, 858511, 0
7.34351e+06, 5.61338e+06, 0
6.01534e+06, 2.34577e+06, 0
7.06969e+06, 2.08415e+06, 0
6.30101e+06, 3.99916e+06, 0
6.5415e+06, 3.32274e+06, 0
8.19857e+06, 4.47286e+06, 0
7.12607e+06, 2.53127e+06, 0
6.83751e+06, 2.17059e+06, 0
9.88004e+06, 8.33725e+06, 0
4.40114e+06, 1.82738e+06, 0
8.88504e+06, 4.96917e+06, 0
6.34491e+06, 4.52372e+06, 0
9.09604e+06, 264950, 0
8.14719e+06, 3.1456e+06, 0
6.9379e+06, 1.85403e+06, 0
4.97934e+06, 2.67799e+06, 0
3.82855e+06, 440483, 0
5.81982e+06, 1.82152e+06, 0
5.31432e+06, 3.36792e+06, 0
2.64294e+06, 1.29556e+06, 0
6.44165e+06, 5.12781e+06, 0
7.2917e+06, 4.04523e+06, 0
8.26389e+06, 5.85193e+06, 0
3.70332e+06, 2.69392e+06, 0
9.52424e+06, 913552, 0
1.08754e+07, 4.57713e+06, 0
5.43295e+06, 1.97427e+06, 0
4.20351e+06, 3.3412e+06, 0
3.26472e+06, 1.60585e+06, 0
5.09537e+06, 902684, 0
7.48913e+06, 816719, 0
4.83657e+06, 1.58386e+06, 0
7.58215e+06, 1.45417e+06, 0
6.06816e+06, 2.32189e+06, 0
9.39045e+06, 1.61368e+06, 0
4.19376e+06, 2.85308e+06, 0
8.24247e+06, 5.1247e+06, 0
3.97076e+06, 2.44156e+06, 0
9.1451e+06, 6.17304e+06, 0
1.17092e+07, 6.40889e+06, 0
4.30546e+06, 1.26197e+06, 0
3.48974e+06, 1.76338e+06, 0
9.15879e+06, 3.99303e+06, 0
5.74804e+06, 3.76881e+06, 0
4.47114e+06, 2.6214e+06, 0
9.95163e+06, 7.16016e+06, 0
4.93414e+06, 2.36209e+06, 0
5.51405e+06, 1.55482e+06, 0
8.70436e+06, 5.69834e+06, 0
7.57122e+06, 2.71497e+06, 0
9.69427e+06, 5.18087e+06, 0
7.31426e+06, 3.81741e+06, 0
8.38119e+06, 5.53848e+06, 0
2.34627e+06, 1.40063e+06, 0
4.68287e+06, 847927, 0
5.02272e+06, 1.16644e+06, 0
2.61088e+06, 729664, 0
7.357e+06, 1.16674e+06, 0
6.67807e+06, 1.83627e+06, 0
3.86624e+06, 2.7098e+06, 0
5.78687e+06, 3.91546e+06, 0
6.46471e+06, 720230, 0
1.07737e+07, 3.194e+06, 0
5.57355e+06, 859833, 0
8.43181e+06, 5.3069e+06, 0
3.91173e+06, 807771, 0
2.90368e+06, 2.0152e+06, 0
7.59776e+06, 5.39689e+06, 0
6.56755e+06, 1.89995e+06, 0
4.2147e+06, 3.06609e+06, 0
3.5213e+06, 2.41366e+06, 0
4.88376e+06, 2.90172e+06, 0
5.42225e+06, 2.13419e+06, 0
3.89154e+06, 2.76252e+06, 0
5.59415e+06, 3.32465e+06, 0
7.51995e+06, 5.26016e+06, 0
8.90545e+06, 2.52628e+06, 0
6.96687e+06, 2.98316e+06, 0
7.17418e+06, 3.67085e+06, 0
3.24799e+06, 1.34866e+06, 0
5.40987e+06, 3.40882e+06, 0
5.34093e+06, 4.01619e+06, 0
8.47726e+06, 6.37375e+06, 0
7.797e+06, 658486, 0
8.08705e+06, 4.5327e+06, 0
8.21602e+06, 3.45008e+06, 0
5.90636e+06, 1.79701e+06, 0
7.43403e+06, 4.99079e+06, 0
5.47917e+06, 2.59251e+06, 0
1.06797e+07, 1.82796e+06, 0
7.08252e+06, 823237, 0
5.42309e+06, 734685, 0
7.61221e+06, 3.1987e+06, 0
1.12029e+07, 6.28101e+06, 0
8.29318e+06, 4.32326e+06, 0
7.49741e+06, 3.74536e+06, 0
2.77283e+06, 805341, 0
5.51925e+06, 4.35412e+06, 0
7.68206e+06, 2.56998e+06, 0
7.62453e+06, 5.19452e+06, 0
3.11606e+06, 2.41896e+06, 0
5.49308e+06, 549335, 0
8.29567e+06, 6.48159e+06, 0
3.21802e+06, 2.53915e+06, 0
7.13235e+06, 1.68303e+06, 0
4.46022e+06, 1.65029e+06, 0
4.34251e+06, 1.82596e+06, 0
5.40145e+06, 1.3235e+06, 0
6.61244e+06, 952559, 0
5.9907e+06, 3.47615e+06, 0
5.36874e+06, 3.72428e+06, 0
6.67076e+06, 2.13076e+06, 0
7.8737e+06, 4.15512e+06, 0
4.25353e+06, 1.63587e+06, 0
5.95298e+06, 3.65974e+06, 0
1.31858e+07, 1.13696e+06, 0
2.51025e+06, 544428, 0
6.04143e+06, 3.42027e+06, 0
3.37843e+06, 98249.7, 0
5.21167e+06, 3.69711e+06, 0
6.91738e+06, 2.57903e+06, 0
3.85552e+06, 2.98631e+06, 0
1.06652e+07, 6.56257e+06, 0
3.9113e+06, 2.32908e+06, 0
4.08098e+06, 2.49419e+06, 0
9.0585e+06, 5.22478e+06, 0
7.09032e+06, 5.20317e+06, 0
5.21533e+06, 1.11234e+06, 0
5.94709e+06, 2.84549e+06, 0
5.84432e+06, 3.4948e+06, 0
5.62949e+06, 3.61809e+06, 0
9.88481e+06, 6.7281e+06, 0
4.09321e+06, 1.39411e+06, 0
7.75268e+06, 2.19659e+06, 0
5.96559e+06, 3.79917e+06, 0
8.44657e+06, 3.53735e+06, 0
9.15366e+06, 6.17189e+06, 0
7.56319e+06, 3.51516e+06, 0
8.72525e+06, 387743, 0
4.58927e+06, 2.44554e+06, 0
6.3446e+06, 351216, 0
6.93696e+06, 1.03729e+06, 0
4.35662e+06, 2.13969e+06, 0
7.35687e+06, 4.86598e+06, 0
5.43191e+06, 2.14052e+06, 0
6.37053e+06, 2.68046e+06, 0
4.50147e+06, 704298, 0
6.0382e+06, 3.9876e+06, 0
4.56261e+06, 2.81185e+06, 0
5.35155e+06, 2.35632e+06, 0
6.32935e+06, 3.84308e+06, 0
6.15273e+06, 2.34265e+06, 0
5.27459e+06, 4.46938e+06, 0
4.70081e+06, 2.73191e+06, 0
8.58445e+06, 1.21228e+06, 0
5.82258e+06, 1.73147e+06, 0
6.2708e+06, 2.875e+06, 0
3.2188e+06, 1.18253e+06, 0
1.19193e+07, 2.31782e+06, 0
2.22789e+06, 575726, 0
5.77605e+06, 4.46728e+06, 0
3.79665e+06, 890373, 0
9.75953e+06, 7.49931e+06, 0
6.42078e+06, 3.82427e+06, 0
6.79985e+06, 4.79705e+06, 0
4.10941e+06, 2.46313e+06, 0
1.03272e+07, 6.71307e+06, 0
6.05123e+06, 5.18228e+06, 0
2.47789e+06, 747926, 0
6.78279e+06, 3.21706e+06, 0
3.76716e+06, 2.76687e+06, 0
9.84666e+06, 2.7379e+06, 0
4.51864e+06, 3.55664e+06, 0
5.03155e+06, 1.79636e+06, 0
2.87664e+06, 1.7797e+06, 0
7.11106e+06, 3.77544e+06, 0
3.5403e+06, 853079, 0
4.39962e+06, 2.09137e+06, 0
4.9473e+06, 1.52321e+06, 0
7.16219e+06, 5.28825e+06, 0
7.88132e+06, 3.09937e+06, 0
7.90062e+06, 6.03041e+06, 0
3.37808e+06, 241617, 0
5.4397e+06, 1.97065e+06, 0
6.92109e+06, 3.1134e+06, 0
7.06526e+06, 3.80122e+06, 0
7.66646e+06, 1.61457e+06, 0
5.86881e+06, 155060, 0
2.108e+06, 1.27922e+06, 0
6.57208e+06, 3.90159e+06, 0
2.88614e+06, 2.18226e+06, 0
4.44333e+06, 2.29075e+06, 0
3.4597e+06, 1.72912e+06, 0
3.83147e+06, 1.74999e+06, 0
2.50443e+06, 637080, 0
7.9607e+06, 3.87886e+06, 0
9.48067e+06, 2.54998e+06, 0
8.63514e+06, 5.58627e+06, 0
3.5832e+06, 2.59415e+06, 0
6.63304e+06, 5.66582e+06, 0
6.68484e+06, 5.10912e+06, 0
4.13062e+06, 1.39042e+06, 0
5.25598e+06, 2.16032e+06, 0
6.45696e+06, 4.41384e+06, 0
5.79581e+06, 3.57847e+06, 0
5.33075e+06, 3.42379e+06, 0
7.02531e+06, 1.34649e+06, 0
1.35582e+07, 5.9236e+06, 0
6.18326e+06, 2.81174e+06, 0
5.64173e+06, 3.562e+06, 0
4.14019e+06, 3.00718e+06, 0
2.52561e+06, 901779, 0
1.03968e+07, 2.9066e+06, 0
6.22451e+06, 1.59087e+06, 0
1.25781e+07, 1.30374e+06, 0
4.33161e+06, 1.00757e+06, 0
4.65066e+06, 2.94552e+06, 0
4.32679e+06, 1.33016e+06, 0
8.90829e+06, 903853, 0
5.13041e+06, 3.16364e+06, 0
6.73123e+06, 3.44781e+06, 0
7.38248e+06, 4.34305e+06, 0
7.75923e+06, 5.76852e+06, 0
3.39804e+06, 2.63081e+06, 0
3.18802e+06, 1.48069e+06, 0
5.81938e+06, 2.67825e+06, 0
7.81394e+06, 4.44439e+06, 0
6.42165e+06, 874593, 0
5.7609e+06, 1.15459e+06, 0
7.38682e+06, 1.96864e+06, 0
7.20005e+06, 3.63817e+06, 0
7.46103e+06, 5.21169e+06, 0
8.4475e+06, 4.44518e+06, 0
6.72097e+06, 4.1813e+06, 0
2.93722e+06, 1.55486e+06, 0
4.59565e+06, 1.76769e+06, 0
5.00762e+06, 2.31429e+06, 0
6.696e+06, 5.17587e+06, 0
9.38221e+06, 3.91809e+06, 0
6.46114e+06, 4.22056e+06, 0
9.50812e+06, 4.99275e+06, 0
8.50476e+06, 4.01643e+06, 0
8.20805e+06, 3.50011e+06, 0
5.325e+06, 1.80958e+06, 0
6.74115e+06, 4.1417e+06, 0
4.16008e+06, 2.84369e+06, 0
7.67204e+06, 1.23344e+06, 0
1.16478e+07, 2.27387e+06, 0
8.14314e+06, 4.59066e+06, 0
6.49214e+06, 2.47169e+06, 0
5.73714e+06, 2.18339e+06, 0
4.58088e+06, 3.53716e+06, 0
6.09938e+06, 3.02801e+06, 0
7.85991e+06, 3.02058e+06, 0
4.7215e+06, 1.28274e+06, 0
4.94953e+06, 2.39094e+06, 0
8.59912e+06, 5.33989e+06, 0
8.07961e+06, 4.27457e+06, 0
6.50516e+06, 4.19359e+06, 0
7.00463e+06, 1.85944e+06, 0
7.19768e+06, 2.6209e+06, 0
8.80091e+06, 6.79552e+06, 0
5.03837e+06, 3.00071e+06, 0
2.67536e+06, 1.21936e+06, 0
6.26923e+06, 1.10943e+06, 0
3.53116e+06, 1.8628e+06, 0
6.83758e+06, 3.60993e+06, 0
6.33956e+06, 5.64226e+06, 0
1.03508e+07, 3.46675e+06, 0
1.04071e+07, 3.83387e+06, 0
4.65694e+06, 1.4004e+06, 0
9.49653e+06, 6.36508e+06, 0
6.1097e+06, 2.80594e+06, 0
1.06187e+07, 4.12192e+06, 0
3.94837e+06, 2.30951e+06, 0
2.5255e+06, 708248, 0
7.35489e+06, 4.39756e+06, 0
6.7464e+06, 2.57446e+06, 0
4.16624e+06, 2.25498e+06, 0
4.16038e+06, 3.27941e+06, 0
7.7667e+06, 3.73494e+06, 0
8.44002e+06, 923715, 0
1.28162e+07, 934099, 0
5.41882e+06, 3.34413e+06, 0
8.71319e+06, 3.0917e+06, 0
6.02694e+06, 1.96987e+06, 0
1.4846e+07, 3.13949e+06, 0
5.20705e+06, 1.45599e+06, 0
9.28285e+06, 2.92398e+06, 0
3.62992e+06, 2.02047e+06, 0
5.59532e+06, 1.63314e+06, 0
5.04685e+06, 2.66649e+06, 0
6.52853e+06, 2.33071e+06, 0
3.48303e+06, 939444, 0
6.26831e+06, 2.75354e+06, 0
2.30465e+06, 1.05037e+06, 0
5.93005e+06, 1.95042e+06, 0
5.5565e+06, 1.78971e+06, 0
8.51942e+06, 3.74629e+06, 0
5.57378e+06, 1.35232e+06, 0
5.57468e+06, 3.85692e+06, 0
7.65913e+06, 769021, 0
6.24288e+06, 2.12213e+06, 0
5.66956e+06, 3.32014e+06, 0
4.02342e+06, 2.16407e+06, 0
8.32849e+06, 4.01192e+06, 0
1.12649e+07, 4.16272e+06, 0
9.44743e+06, 2.47329e+06, 0
9.50826e+06, 1.43574e+06, 0
2.65475e+06, 422149, 0
3.38903e+06, 1.74849e+06, 0
4.0302e+06, 2.45475e+06, 0
4.85107e+06, 3.84633e+06, 0
2.70105e+06, 1.29029e+06, 0
4.38814e+06, 2.11158e+06, 0
5.77719e+06, 4.6979e+06, 0
8.37734e+06, 3.03708e+06, 0
4.09308e+06, 368039, 0
9.32136e+06, 4.44077e+06, 0
5.11804e+06, 1.46985e+06, 0
7.32723e+06, 4.57069e+06, 0
2.15205e+06, 1.16193e+06, 0
6.495e+06, 2.93737e+06, 0
9.19825e+06, 7.16695e+06, 0
5.65825e+06, 106516, 0
7.21188e+06, 2.37986e+06, 0
6.11263e+06, 1.44928e+06, 0
1.00805e+07, 1.68735e+06, 0
6.07167e+06, 3.5792e+06, 0
6.06512e+06, 4.69464e+06, 0
7.85916e+06, 7.06504e+06, 0
8.03278e+06, 4.58929e+06, 0
5.52415e+06, 4.2857e+06, 0
3.25991e+06, 1.93247e+06, 0
7.89035e+06, 5.25664e+06, 0
5.35715e+06, 2.26315e+06, 0
5.50747e+06, 3.05376e+06, 0
3.21855e+06, 1.99704e+06, 0
5.32499e+06, 2.63528e+06, 0
7.96327e+06, 5.59525e+06, 0
9.36585e+06, 4.07519e+06, 0
6.49475e+06, 931973, 0
6.55845e+06, 3.79649e+06, 0
5.46856e+06, 737409, 0
3.34876e+06, 675524, 0
6.13823e+06, 1.7732e+06, 0
1.05742e+07, 6.57547e+06, 0
9.23206e+06, 2.0392e+06, 0
7.88706e+06, 4.8372e+06, 0
4.35967e+06, 1.24299e+06, 0
6.40618e+06, 1.60962e+06, 0
2.36127e+06, 1.3445e+06, 0
5.84372e+06, 1.85919e+06, 0
7.20149e+06, 4.09014e+06, 0
6.31213e+06, 4.8074e+06, 0
1.25187e+07, 5.87143e+06, 0
1.12646e+07, 6.74214e+06, 0
7.29466e+06, 6.02662e+06, 0
9.26002e+06, 6.55746e+06, 0
4.63303e+06, 3.00529e+06, 0
5.99076e+06, 609439, 0
3.50655e+06, 1.85308e+06, 0
3.45697e+06, 2.36172e+06, 0
7.2152e+06, 3.93176e+06, 0
6.06386e+06, 917460, 0
7.98564e+06, 908267, 0
3.0033e+06, 894557, 0
4.55712e+06, 2.33013e+06, 0
4.83783e+06, 3.80288e+06, 0
4.74136e+06, 1.647e+06, 0
4.86337e+06, 4.04578e+06, 0
4.60353e+06, 2.96139e+06, 0
1.26385e+07, 2.02513e+06, 0
1.14735e+07, 6.98109e+06, 0
6.16716e+06, 1.57175e+06, 0
6.22015e+06, 4.02857e+06, 0
4.59276e+06, 3.74594e+06, 0
7.02236e+06, 849497, 0
4.63403e+06, 2.84944e+06, 0
8.16705e+06, 6.93548e+06, 0
6.29734e+06, 3.57155e+06, 0
8.04937e+06, 2.65065e+06, 0
7.12176e+06, 1.71525e+06, 0
3.16141e+06, 1.8169e+06, 0
1.18403e+07, 6.39264e+06, 0
6.08065e+06, 5.01369e+06, 0
4.09881e+06, 3.25778e+06, 0
7.73023e+06, 5.81566e+06, 0
8.67152e+06, 4.54324e+06, 0
7.31241e+06, 2.77427e+06, 0
5.66466e+06, 3.6671e+06, 0
4.40596e+06, 1.34984e+06, 0
1.01377e+07, 2.10835e+06, 0
8.47932e+06, 1.62826e+06, 0
8.50912e+06, 5.33466e+06, 0
4.63087e+06, 3.1705e+06, 0
3.93086e+06, 2.36682e+06, 0
1.18177e+07, 4.01167e+06, 0
6.36051e+06, 747945, 0
8.989e+06, 6.48132e+06, 0
4.5178e+06, 3.76115e+06, 0
4.26169e+06, 1.17369e+06, 0
6.89925e+06, 3.87328e+06, 0
6.89351e+06, 2.69654e+06, 0
7.67801e+06, 5.4214e+06, 0
5.75586e+06, 4.28023e+06, 0
9.25698e+06, 6.92835e+06, 0
4.79661e+06, 944861, 0
6.39821e+06, 3.71121e+06, 0
1.14913e+07, 5.77488e+06, 0
8.123e+06, 6.35299e+06, 0
5.81277e+06, 2.7656e+06, 0
3.91617e+06, 1.00105e+06, 0
6.94496e+06, 3.85149e+06, 0
5.18236e+06, 1.66869e+06, 0
7.4118e+06, 5.62404e+06, 0
5.74565e+06, 1.62124e+06, 0
4.0596e+06, 1.5677e+06, 0
4.4855e+06, 3.65024e+06, 0
9.36493e+06, 4.23431e+06, 0
7.07239e+06, 2.111e+06, 0
7.82805e+06, 2.49228e+06, 0
7.1786e+06, 3.00966e+06, 0
1.33519e+07, 9.39614e+06, 0
9.00467e+06, 5.77964e+06, 0
4.93102e+06, 2.74111e+06, 0
4.4016e+06, 1.7322e+06, 0
7.41332e+06, 5.71869e+06, 0
5.88383e+06, 3.01446e+06, 0
6.62618e+06, 5.92476e+06, 0
5.26908e+06, 932416, 0
3.93928e+06, 457182, 0
8.38814e+06, 1.85063e+06, 0
6.91211e+06, 5.12576e+06, 0
6.87774e+06, 5.55051e+06, 0
1.08538e+07, 6.14676e+06, 0
4.16305e+06, 1.7093e+06, 0
1.10317e+07, 5.53522e+06, 0
5.73158e+06, 4.12394e+06, 0
6.45597e+06, 3.88775e+06, 0
5.09988e+06, 731342, 0
6.23982e+06, 1.83827e+06, 0
6.05325e+06, 5.27519e+06, 0
5.49942e+06, 2.94616e+06, 0
6.05077e+06, 2.80887e+06, 0
2.33235e+06, 1.45315e+06, 0
6.34702e+06, 2.03488e+06, 0
5.08873e+06, 2.88253e+06, 0
3.64257e+06, 2.98322e+06, 0
3.4078e+06, 1.97584e+06, 0
5.93084e+06, 2.93111e+06, 0
8.11224e+06, 4.1199e+06, 0
9.50982e+06, 2.86829e+06, 0
3.85747e+06, 1.8555e+06, 0
5.79963e+06, 1.7773e+06, 0
5.05712e+06, 3.337e+06, 0
4.29486e+06, 2.08092e+06, 0
4.97831e+06, 3.72514e+06, 0
5.65669e+06, 3.59111e+06, 0
6.6557e+06, 5.2177e+06, 0
7.92584e+06, 4.64807e+06, 0
8.47151e+06, 1.8097e+06, 0
5.34976e+06, 564785, 0
5.14853e+06, 3.64996e+06, 0
6.38459e+06, 4.33858e+06, 0
8.8542e+06, 2.72276e+06, 0
3.28822e+06, 293103, 0
7.13372e+06, 2.69693e+06, 0
5.63613e+06, 960270, 0
8.89744e+06, 6.72373e+06, 0
5.49316e+06, 2.5122e+06, 0
7.71959e+06, 4.44014e+06, 0
4.42494e+06, 2.94581e+06, 0
1.1399e+07, 8.05837e+06, 0
7.23581e+06, 1.84967e+06, 0
3.83226e+06, 2.25037e+06, 0
4.33846e+06, 2.37693e+06, 0
7.59716e+06, 4.02662e+06, 0
1.07781e+07, 7.13682e+06, 0
2.24748e+06, 1.03254e+06, 0
7.38129e+06, 4.88164e+06, 0
7.7356e+06, 5.40108e+06, 0
7.04266e+06, 5.75589e+06, 0
4.56848e+06, 2.52696e+06, 0
5.47206e+06, 1.97206e+06, 0
3.82776e+06, 1.0114e+06, 0
2.27206e+06, 1.09792e+06, 0
4.91284e+06, 2.40627e+06, 0
7.00403e+06, 1.64265e+06, 0
8.60145e+06, 6.02778e+06, 0
7.6543e+06, 3.73647e+06, 0
7.50885e+06, 2.60966e+06, 0
1.01162e+07, 4.06042e+06, 0
7.35999e+06, 2.83552e+06, 0
6.66814e+06, 2.18057e+06, 0
3.75273e+06, 851628, 0
6.05256e+06, 4.60137e+06, 0
1.24736e+07, 4.20886e+06, 0
4.76111e+06, 3.05459e+06, 0
7.93517e+06, 1.6537e+06, 0
8.82043e+06, 3.19904e+06, 0
5.45516e+06, 2.02609e+06, 0
3.71593e+06, 2.99322e+06, 0
6.50888e+06, 4.37376e+06, 0
7.31158e+06, 5.2478e+06, 0
5.2908e+06, 4.27062e+06, 0
1.08446e+07, 6.14294e+06, 0
5.1987e+06, 3.32684e+06, 0
5.06542e+06, 925647, 0
6.74813e+06, 4.21628e+06, 0
9.27815e+06, 7.70251e+06, 0
4.15858e+06, 3.13542e+06, 0
3.73017e+06, 2.71449e+06, 0
1.27616e+07, 7.33441e+06, 0
6.72104e+06, 1.47608e+06, 0
6.65969e+06, 2.26391e+06, 0
5.81782e+06, 2.35868e+06, 0
8.67579e+06, 4.64213e+06, 0
4.82965e+06, 3.46679e+06, 0
1.0709e+07, 6.39231e+06, 0
4.37835e+06, 582787, 0
7.34265e+06, 3.76649e+06, 0
3.12024e+06, 518825, 0
7.51604e+06, 6.5963e+06, 0
4.60777e+06, 3.5381e+06, 0
5.9197e+06, 4.18088e+06, 0
8.74022e+06, 5.48663e+06, 0
4.37073e+06, 1.52067e+06, 0
8.21949e+06, 880762, 0
5.95711e+06, 2.19681e+06, 0
1.02586e+07, 1.9447e+06, 0
5.5488e+06, 3.43279e+06, 0
6.30906e+06, 3.75388e+06, 0
1.11032e+07, 9.71686e+06, 0
6.69048e+06, 862079, 0
1.05539e+07, 6.72912e+06, 0
2.50658e+06, 514824, 0
9.07756e+06, 7.84785e+06, 0
1.03886e+07, 5.77173e+06, 0
5.30479e+06, 829613, 0
6.57783e+06, 2.79991e+06, 0
3.53907e+06, 1.57365e+06, 0
7.93048e+06, 2.99262e+06, 0
3.81728e+06, 2.07513e+06, 0
3.72856e+06, 1.317e+06, 0
2.80983e+06, 2.10361e+06, 0
9.15434e+06, 1.09742e+06, 0
5.08848e+06, 1.80005e+06, 0
6.50114e+06, 1.85845e+06, 0
9.11844e+06, 5.17266e+06, 0
9.1829e+06, 4.13067e+06, 0
3.73693e+06, 2.44327e+06, 0
6.38456e+06, 2.75595e+06, 0
7.09599e+06, 4.6011e+06, 0
4.49525e+06, 1.07414e+06, 0
4.8532e+06, 2.94268e+06, 0
8.744e+06, 1.82386e+06, 0
3.35543e+06, 1.95509e+06, 0
1.03492e+07, 7.02497e+06, 0
1.00223e+07, 1.81977e+06, 0
8.10602e+06, 4.76164e+06, 0
5.73298e+06, 2.22232e+06, 0
3.26358e+06, 1.46203e+06, 0
8.62591e+06, 2.26355e+06, 0
9.32489e+06, 5.40547e+06, 0
7.73839e+06, 2.08159e+06, 0
6.36329e+06, 2.82052e+06, 0
7.6028e+06, 5.51719e+06, 0
8.07052e+06, 3.25723e+06, 0
8.54064e+06, 5.46106e+06, 0
3.52346e+06, 1.02702e+06, 0
6.92935e+06, 2.65152e+06, 0
8.06654e+06, 396370, 0
5.99797e+06, 1.91803e+06, 0
1.27479e+07, 6.01236e+06, 0
3.28682e+06, 1.73867e+06, 0
1.00885e+07, 2.44451e+06, 0
1.21775e+07, 6.03755e+06, 0
2.59779e+06, 1.18966e+06, 0
2.52561e+06, 1.11233e+06, 0
8.48348e+06, 5.34312e+06, 0
5.79079e+06, 964942, 0
7.11367e+06, 4.16705e+06, 0
7.2511e+06, 4.51223e+06, 0
4.45584e+06, 2.76259e+06, 0
4.34032e+06, 3.24922e+06, 0
2.03742e+06, 628086, 0
3.53307e+06, 2.14955e+06, 0
1.09745e+07, 3.81918e+06, 0
4.90736e+06, 966508, 0
1.2787e+07, 4.59972e+06, 0
3.78545e+06, 2.43212e+06, 0
2.78826e+06, 2.07977e+06, 0
4.85371e+06, 3.93018e+06, 0
7.25274e+06, 6.36801e+06, 0
5.3238e+06, 3.83854e+06, 0
5.31566e+06, 2.17517e+06, 0
5.24066e+06, 1.87222e+06, 0
1.18041e+07, 1.04914e+07, 0
9.96058e+06, 3.58558e+06, 0
4.298e+06, 2.68674e+06, 0
7.54474e+06, 3.73962e+06, 0
7.01175e+06, 3.78832e+06, 0
9.9882e+06, 5.19931e+06, 0
7.88802e+06, 5.01699e+06, 0
5.62596e+06, 797620, 0
6.5277e+06, 3.50272e+06, 0
5.22459e+06, 325022, 0
8.54542e+06, 2.16906e+06, 0
7.37765e+06, 4.55928e+06, 0
6.37124e+06, 3.45473e+06, 0
5.41416e+06, 3.29697e+06, 0
3.60688e+06, 1.88653e+06, 0
8.18514e+06, 5.17248e+06, 0
7.26936e+06, 3.85325e+06, 0
8.6327e+06, 2.92901e+06, 0
6.37594e+06, 1.0061e+06, 0
6.80495e+06, 4.28458e+06, 0
8.72504e+06, 7.42346e+06, 0
5.14453e+06, 2.32323e+06, 0
6.71938e+06, 2.14384e+06, 0
8.66143e+06, 4.36108e+06, 0
7.86729e+06, 3.83612e+06, 0
2.75768e+06, 1.49461e+06, 0
5.65164e+06, 4.25599e+06, 0
3.12829e+06, 1.92151e+06, 0
7.51177e+06, 5.03791e+06, 0
3.64168e+06, 549098, 0
4.1809e+06, 1.1003e+06, 0
6.70543e+06, 3.14516e+06, 0
6.97224e+06, 3.22467e+06, 0
5.13277e+06, 1.19963e+06, 0
9.47875e+06, 3.26173e+06, 0
8.63857e+06, 5.687e+06, 0
3.18282e+06, 1.68914e+06, 0
7.20411e+06, 5.6131e+06, 0
8.54352e+06, 3.01066e+06, 0
8.17604e+06, 5.13241e+06, 0
6.66731e+06, 3.58034e+06, 0
5.56373e+06, 4.79269e+06, 0
6.01296e+06, 3.52176e+06, 0
4.67191e+06, 1.06879e+06, 0
8.6373e+06, 795121, 0
4.43254e+06, 3.52211e+06, 0
6.11188e+06, 1.60157e+06, 0
1.17264e+07, 6.74617e+06, 0
2.42635e+06, 1.38704e+06, 0
7.09024e+06, 5.07126e+06, 0
4.76099e+06, 2.82188e+06, 0
5.42182e+06, 4.42166e+06, 0
2.47582e+06, 619194, 0
5.90084e+06, 3.28685e+06, 0
4.66254e+06, 2.09978e+06, 0
2.42214e+06, 1.29582e+06, 0
4.28054e+06, 2.02719e+06, 0
4.73897e+06, 3.13746e+06, 0
5.16014e+06, 3.27558e+06, 0
8.65648e+06, 7.62896e+06, 0
5.35739e+06, 3.42898e+06, 0
5.83971e+06, 3.85278e+06, 0
4.10015e+06, 2.92317e+06, 0
4.04313e+06, 3.00548e+06, 0
5.59694e+06, 1.36343e+06, 0
2.9347e+06, 1.6473e+06, 0
3.55132e+06, 226200, 0
5.54823e+06, 4.95638e+06, 0
5.88896e+06, 3.24136e+06, 0
6.77861e+06, 2.68352e+06, 0
8.46095e+06, 1.04518e+06, 0
1.40374e+07, 2.44807e+06, 0
4.03676e+06, 2.562e+06, 0
5.87413e+06, 1.67109e+06, 0
6.32433e+06, 4.00356e+06, 0
1.16826e+07, 7.78043e+06, 0
7.46758e+06, 5.23458e+06, 0
6.53298e+06, 1.78339e+06, 0
1.05924e+07, 3.15128e+06, 0
9.70511e+06, 8.57072e+06, 0
6.76449e+06, 2.15211e+06, 0
6.42097e+06, 3.46906e+06, 0
6.87486e+06, 3.18969e+06, 0
7.5817e+06, 6.0144e+06, 0
6.31795e+06, 2.02209e+06, 0
4.10878e+06, 3.45537e+06, 0
3.68262e+06, 1.65555e+06, 0
7.32261e+06, 3.14134e+06, 0
1.02624e+07, 2.62082e+06, 0
3.19958e+06, 1.21864e+06, 0
7.99057e+06, 4.82213e+06, 0
1.02675e+07, 5.78938e+06, 0
8.54051e+06, 3.81604e+06, 0
5.33253e+06, 3.07587e+06, 0
8.66068e+06, 4.05461e+06, 0
3.23296e+06, 1.84137e+06, 0
3.50124e+06, 2.00604e+06, 0
4.64068e+06, 527580, 0
3.6451e+06, 1.59667e+06, 0
3.19357e+06, 1.86282e+06, 0
6.20489e+06, 1.26129e+06, 0
7.08132e+06, 3.10716e+06, 0
1.10466e+07, 4.00935e+06, 0
3.34742e+06, 420653, 0
3.1955e+06, 1.42741e+06, 0
6.72075e+06, 1.03292e+06, 0
2.8954e+06, 1.61419e+06, 0
5.40662e+06, 2.89423e+06, 0
5.70073e+06, 3.49787e+06, 0
6.62617e+06, 2.66662e+06, 0
2.89287e+06, 1.6106e+06, 0
4.11158e+06, 3.23681e+06, 0
2.6939e+06, 889705, 0
2.13531e+06, 1.10366e+06, 0
3.74308e+06, 1.03127e+06, 0
6.12041e+06, 2.95959e+06, 0
1.10782e+07, 4.30812e+06, 0
1.04352e+07, 6.78738e+06, 0
5.24443e+06, 2.16899e+06, 0
9.17044e+06, 1.85693e+06, 0
3.2205e+06, 1.67124e+06, 0
6.22197e+06, 2.96694e+06, 0
4.22464e+06, 3.30731e+06, 0
6.60167e+06, 1.02341e+06, 0
6.02771e+06, 2.42646e+06, 0
6.79409e+06, 4.35899e+06, 0
5.44509e+06, 3.54877e+06, 0
7.81643e+06, 4.37613e+06, 0
3.00802e+06, 1.75946e+06, 0
1.64345e+07, 6.861e+06, 0
6.97034e+06, 5.23745e+06, 0
5.58875e+06, 3.20295e+06, 0
3.88065e+06, 2.95956e+06, 0
6.86075e+06, 5.27808e+06, 0
6.4198e+06, 1.13597e+06, 0
1.03507e+07, 5.4414e+06, 0
5.46419e+06, 4.29014e+06, 0
8.5954e+06, 4.42986e+06, 0
7.95e+06, 2.07962e+06, 0
6.08229e+06, 1.70226e+06, 0
5.84119e+06, 1.7251e+06, 0
6.27868e+06, 2.6545e+06, 0
1.19705e+07, 690083, 0
9.05209e+06, 4.31377e+06, 0
1.13556e+07, 6.61189e+06, 0
3.87741e+06, 2.41205e+06, 0
3.1303e+06, 1.36812e+06, 0
5.33103e+06, 2.63218e+06, 0
5.00211e+06, 365494, 0
6.68111e+06, 5.11159e+06, 0
4.06017e+06, 2.53468e+06, 0
9.79306e+06, 6.54492e+06, 0
5.4799e+06, 3.54524e+06, 0
2.12312e+06, 1.19973e+06, 0
8.79862e+06, 6.25377e+06, 0
4.72237e+06, 3.64879e+06, 0
3.9982e+06, 955646, 0
7.60702e+06, 4.37464e+06, 0
7.16978e+06, 2.65756e+06, 0
9.95618e+06, 6.5724e+06, 0
4.74484e+06, 1.8719e+06, 0
3.17972e+06, 1.26932e+06, 0
5.66735e+06, 242929, 0
1.19219e+07, 7.86458e+06, 0
5.26744e+06, 2.93922e+06, 0
4.14847e+06, 924057, 0
7.14928e+06, 5.37861e+06, 0
6.33404e+06, 2.71252e+06, 0
4.77432e+06, 2.09976e+06, 0
7.35954e+06, 5.05184e+06, 0
6.08817e+06, 1.9728e+06, 0
1.20198e+07, 1.51819e+06, 0
5.91513e+06, 2.49935e+06, 0
9.828e+06, 6.24109e+06, 0
8.3742e+06, 3.61856e+06, 0
4.27143e+06, 1.71012e+06, 0
2.93481e+06, 2.26511e+06, 0
2.66876e+06, 1.24689e+06, 0
3.20329e+06, 1.01698e+06, 0
8.95832e+06, 4.04643e+06, 0
1.07051e+07, 6.87503e+06, 0
6.62318e+06, 3.88633e+06, 0
6.12851e+06, 2.89969e+06, 0
7.09774e+06, 686245, 0
7.01311e+06, 4.36083e+06, 0
8.43497e+06, 5.65478e+06, 0
7.63827e+06, 3.3653e+06, 0
6.12108e+06, 3.16389e+06, 0
4.80879e+06, 697893, 0
6.55739e+06, 3.33732e+06, 0
7.48482e+06, 3.3766e+06, 0
7.80109e+06, 4.92253e+06, 0
4.19843e+06, 3.38267e+06, 0
5.69917e+06, 1.56618e+06, 0
6.99901e+06, 2.47379e+06, 0
4.27799e+06, 3.55172e+06, 0
6.63553e+06, 3.17909e+06, 0
7.05761e+06, 2.19907e+06, 0
5.16434e+06, 2.52306e+06, 0
3.4675e+06, 2.71012e+06, 0
6.08819e+06, 3.80129e+06, 0
4.19777e+06, 775860, 0
4.15655e+06, 1.76441e+06, 0
8.21647e+06, 3.8085e+06, 0
5.82865e+06, 1.51136e+06, 0
1.03633e+07, 6.22785e+06, 0
3.0137e+06, 897190, 0
6.44351e+06, 4.74335e+06, 0
5.71534e+06, 3.32878e+06, 0
1.10228e+07, 5.0596e+06, 0
4.94123e+06, 2.24871e+06, 0
2.13058e+06, 434360, 0
5.34428e+06, 1.97151e+06, 0
7.27088e+06, 2.64458e+06, 0
6.23937e+06, 3.09379e+06, 0
7.36019e+06, 6.40561e+06, 0
3.82213e+06, 2.30817e+06, 0
5.49099e+06, 3.02363e+06, 0
9.06141e+06, 2.24671e+06, 0
8.67571e+06, 1.03296e+06, 0
4.87737e+06, 2.39072e+06, 0
7.08697e+06, 759742, 0
6.61561e+06, 1.96132e+06, 0
6.25907e+06, 1.46483e+06, 0
6.3531e+06, 3.85657e+06, 0
1.03422e+07, 4.8694e+06, 0
4.58889e+06, 3.64081e+06, 0
1.05965e+07, 6.72762e+06, 0
5.11517e+06, 2.42541e+06, 0
5.58938e+06, 3.65106e+06, 0
2.696e+06, 1.15152e+06, 0
5.62591e+06, 2.55151e+06, 0
6.14391e+06, 2.00238e+06, 0
7.20942e+06, 6.31888e+06, 0
5.92256e+06, 281745, 0
4.65461e+06, 2.0326e+06, 0
6.00432e+06, 3.2115e+06, 0
6.48507e+06, 5.39091e+06, 0
4.66157e+06, 2.77175e+06, 0
1.001e+07, 2.96935e+06, 0
7.22772e+06, 3.60988e+06, 0
4.2667e+06, 642340, 0
5.13504e+06, 805249, 0
