1.26132e+07, 4.43521e+06, 0
1.30548e+07, 3.21097e+06, 0
1.35117e+07, 4.95756e+06, 0
1.39385e+07, 1.52467e+06, 0
1.54934e+07, 5.46093e+06, 0
1.42876e+07, 2.54385e+06, 0
1.27213e+07, 3.469e+06, 0
1.29378e+07, 1.83537e+06, 0
1.52075e+07, 1.10162e+06, 0
1.43221e+07, 1.92948e+06, 0
1.37108e+07, 931608, 0
1.56287e+07, 3.86404e+06, 0
1.37295e+07, 2.81417e+06, 0
1.46477e+07, 6.9303e+06, 0
1.35877e+07, 483514, 0
1.26331e+07, 3.58697e+06, 0
1.26345e+07, 4.30548e+06, 0
1.32319e+07, 3.05228e+06, 0
1.32092e+07, 2.77227e+06, 0
1.44469e+07, 4.04982e+06, 0
1.24182e+07, 3.13983e+06, 0
1.32952e+07, 513685, 0
1.25054e+07, 2.05813e+06, 0
