8.76901e+06, 6.41313e+06, 0
6.67199e+06, 3.14474e+06, 0
7.18457e+06, 4.67545e+06, 0
5.72937e+06, 2.75811e+06, 0
7.30262e+06, 751700, 0
7.31259e+06, 2.23035e+06, 0
3.45931e+06, 839358, 0
9.23723e+06, 5.92176e+06, 0
6.86596e+06, 1.40022e+06, 0
8.57286e+06, 1.17681e+06, 0
5.22869e+06, 2.83384e+06, 0
7.00744e+06, 3.22324e+06, 0
5.27008e+06, 2.91712e+06, 0
3.28826e+06, 1.5454e+06, 0
8.00008e+06, 4.91975e+06, 0
2.98355e+06, 695277, 0
6.18673e+06, 1.20875e+06, 0
5.40488e+06, 3.28249e+06, 0
3.56627e+06, 1.86873e+06, 0
9.17911e+06, 4.21056e+06, 0
6.9071e+06, 5.28824e+06, 0
5.04909e+06, 2.82199e+06, 0
1.09629e+07, 3.44852e+06, 0
7.64717e+06, 3.61706e+06, 0
9.7384e+06, 2.62856e+06, 0
5.84254e+06, 803864, 0
7.05238e+06, 5.58444e+06, 0
1.1069e+07, 5.76252e+06, 0
6.22696e+06, 846099, 0
6.72617e+06, 3.00471e+06, 0
3.27293e+06, 845230, 0
6.97193e+06, 3.75675e+06, 0
3.9577e+06, 399941, 0
2.84539e+06, 1.7017e+06, 0
1.03266e+07, 1.48713e+06, 0
8.71507e+06, 4.17902e+06, 0
6.71317e+06, 5.03092e+06, 0
6.79127e+06, 3.50752e+06, 0
5.07112e+06, 592624, 0
6.42287e+06, 2.68572e+06, 0
8.72135e+06, 3.52834e+06, 0
8.86626e+06, 338711, 0
6.23032e+06, 4.56864e+06, 0
6.92901e+06, 6.09673e+06, 0
5.16085e+06, 1.57762e+06, 0
6.08443e+06, 1.52771e+06, 0
6.23735e+06, 1.08844e+06, 0
7.24944e+06, 5.57709e+06, 0
7.49716e+06, 3.57824e+06, 0
9.43428e+06, 6.27226e+06, 0
7.66453e+06, 6.27736e+06, 0
7.52185e+06, 3.93084e+06, 0
4.62665e+06, 2.44976e+06, 0
3.02866e+06, 1.73696e+06, 0
7.0569e+06, 1.63864e+06, 0
4.969e+06, 2.12004e+06, 0
9.49236e+06, 4.49837e+06, 0
2.48649e+06, 1.21988e+06, 0
1.087e+07, 3.44771e+06, 0
5.15726e+06, 1.838e+06, 0
1.09577e+07, 3.64735e+06, 0
6.93744e+06, 518777, 0
6.67732e+06, 2.5169e+06, 0
9.40658e+06, 8.39821e+06, 0
8.57929e+06, 1.77795e+06, 0
8.43458e+06, 6.43928e+06, 0
3.55326e+06, 1.67177e+06, 0
7.03625e+06, 3.81704e+06, 0
1.28373e+07, 5.60535e+06, 0
8.30879e+06, 2.43249e+06, 0
4.61371e+06, 2.27555e+06, 0
6.69093e+06, 3.99828e+06, 0
5.86706e+06, 3.85091e+06, 0
7.95798e+06, 2.76877e+06, 0
4.999e+06, 1.48593e+06, 0
7.47252e+06, 2.58423e+06, 0
6.33799e+06, 3.66316e+06, 0
6.82321e+06, 118472, 0
8.34932e+06, 3.84629e+06, 0
3.96853e+06, 2.74188e+06, 0
4.13864e+06, 1.06933e+06, 0
9.3059e+06, 6.75256e+06, 0
6.44333e+06, 3.05577e+06, 0
1.09107e+07, 2.59995e+06, 0
6.73448e+06, 2.80228e+06, 0
4.14233e+06, 2.39118e+06, 0
7.74341e+06, 5.70406e+06, 0
6.3161e+06, 3.5812e+06, 0
7.37194e+06, 1.41807e+06, 0
3.69284e+06, 1.74437e+06, 0
6.89442e+06, 1.85182e+06, 0
5.59389e+06, 1.19641e+06, 0
1.04197e+07, 4.02937e+06, 0
2.89325e+06, 1.61468e+06, 0
6.57881e+06, 4.67693e+06, 0
5.2836e+06, 2.47343e+06, 0
6.88787e+06, 3.54114e+06, 0
4.65409e+06, 3.28157e+06, 0
8.82764e+06, 6.86243e+06, 0
4.28177e+06, 1.07127e+06, 0
4.669e+06, 3.41811e+06, 0
5.73872e+06, 3.59417e+06, 0
7.36302e+06, 2.49083e+06, 0
6.57776e+06, 2.31476e+06, 0
6.50799e+06, 3.12296e+06, 0
3.21791e+06, 1.12678e+06, 0
3.24812e+06, 484164, 0
7.21537e+06, 4.61997e+06, 0
8.61164e+06, 5.57781e+06, 0
3.20528e+06, 942321, 0
9.64237e+06, 254093, 0
7.3159e+06, 5.26589e+06, 0
9.47906e+06, 6.08358e+06, 0
9.58507e+06, 6.18694e+06, 0
7.68395e+06, 5.42423e+06, 0
6.30178e+06, 5.06204e+06, 0
3.02127e+06, 1.80908e+06, 0
8.46969e+06, 4.13281e+06, 0
4.66071e+06, 2.13336e+06, 0
8.59391e+06, 2.28644e+06, 0
1.08147e+07, 2.81889e+06, 0
4.82627e+06, 1.35271e+06, 0
2.65289e+06, 379167, 0
5.24663e+06, 1.74134e+06, 0
7.35449e+06, 5.47701e+06, 0
9.09447e+06, 5.87396e+06, 0
4.97931e+06, 2.64564e+06, 0
8.37346e+06, 3.27844e+06, 0
7.11817e+06, 4.82801e+06, 0
6.13292e+06, 3.08188e+06, 0
4.34869e+06, 1.11466e+06, 0
5.47351e+06, 2.22613e+06, 0
1.10603e+07, 4.47066e+06, 0
5.66911e+06, 3.23142e+06, 0
7.42113e+06, 3.75243e+06, 0
9.24579e+06, 4.44114e+06, 0
9.28129e+06, 1.2452e+06, 0
5.52329e+06, 3.15711e+06, 0
5.11255e+06, 2.29658e+06, 0
6.28805e+06, 1.55303e+06, 0
8.09791e+06, 836155, 0
6.11116e+06, 3.56444e+06, 0
9.61391e+06, 5.10399e+06, 0
8.56584e+06, 3.03964e+06, 0
4.14667e+06, 1.15691e+06, 0
5.22988e+06, 526370, 0
6.77855e+06, 3.32868e+06, 0
8.45743e+06, 1.89727e+06, 0
1.17069e+07, 4.82995e+06, 0
4.59761e+06, 2.44531e+06, 0
9.19602e+06, 3.6456e+06, 0
7.89801e+06, 3.62088e+06, 0
9.74501e+06, 1.93565e+06, 0
3.48244e+06, 1.69028e+06, 0
3.77714e+06, 1.26073e+06, 0
3.95997e+06, 313456, 0
6.40579e+06, 3.41981e+06, 0
4.39193e+06, 2.6303e+06, 0
5.62664e+06, 1.46299e+06, 0
5.26986e+06, 2.90036e+06, 0
4.19938e+06, 3.08354e+06, 0
1.02575e+07, 2.17728e+06, 0
6.78212e+06, 4.70244e+06, 0
7.72155e+06, 4.61331e+06, 0
6.55552e+06, 4.4182e+06, 0
7.52829e+06, 3.75018e+06, 0
5.48505e+06, 960966, 0
9.81148e+06, 3.2249e+06, 0
8.55849e+06, 4.46027e+06, 0
5.44784e+06, 4.5496e+06, 0
7.49955e+06, 4.37928e+06, 0
6.93509e+06, 1.03077e+06, 0
8.15334e+06, 1.44908e+06, 0
4.70001e+06, 1.84178e+06, 0
3.38147e+06, 876330, 0
4.69959e+06, 2.51835e+06, 0
6.80699e+06, 2.04425e+06, 0
9.88784e+06, 5.13059e+06, 0
6.44458e+06, 3.59418e+06, 0
5.61787e+06, 1.89968e+06, 0
8.27663e+06, 1.6898e+06, 0
6.44838e+06, 3.44935e+06, 0
8.01553e+06, 3.07749e+06, 0
5.76815e+06, 1.87507e+06, 0
2.86143e+06, 1.79358e+06, 0
3.1502e+06, 1.00993e+06, 0
3.10229e+06, 1.78507e+06, 0
5.75338e+06, 3.82166e+06, 0
4.93778e+06, 2.69144e+06, 0
6.60438e+06, 1.13605e+06, 0
7.08901e+06, 2.20582e+06, 0
2.90618e+06, 1.23126e+06, 0
6.00593e+06, 1.79642e+06, 0
1.50206e+07, 1.19963e+06, 0
5.06892e+06, 2.11095e+06, 0
6.07713e+06, 2.4381e+06, 0
2.77341e+06, 1.14508e+06, 0
4.21205e+06, 2.67017e+06, 0
3.41568e+06, 1.83163e+06, 0
6.334e+06, 3.09363e+06, 0
4.9354e+06, 1.74248e+06, 0
1.00864e+07, 4.39818e+06, 0
2.92644e+06, 574120, 0
9.2092e+06, 5.74548e+06, 0
6.16003e+06, 2.0392e+06, 0
8.02806e+06, 5.16858e+06, 0
9.02915e+06, 5.53891e+06, 0
9.13429e+06, 4.96955e+06, 0
6.08396e+06, 3.16307e+06, 0
9.29432e+06, 6.85416e+06, 0
3.45957e+06, 1.56766e+06, 0
1.03639e+07, 4.14867e+06, 0
5.26395e+06, 1.46091e+06, 0
7.08027e+06, 3.6669e+06, 0
4.1683e+06, 1.81799e+06, 0
6.11374e+06, 2.27072e+06, 0
8.47726e+06, 4.73385e+06, 0
5.91377e+06, 5.10237e+06, 0
5.0323e+06, 3.28641e+06, 0
2.94025e+06, 1.46843e+06, 0
7.51283e+06, 5.84902e+06, 0
7.11431e+06, 4.54578e+06, 0
7.23892e+06, 4.08592e+06, 0
1.1077e+07, 3.74891e+06, 0
5.99884e+06, 2.4902e+06, 0
8.18076e+06, 4.41073e+06, 0
8.63581e+06, 4.53225e+06, 0
7.94109e+06, 1.62868e+06, 0
6.49894e+06, 4.85453e+06, 0
1.03916e+07, 576602, 0
5.63459e+06, 4.55529e+06, 0
7.66402e+06, 3.57789e+06, 0
4.39826e+06, 3.45248e+06, 0
4.36868e+06, 2.61639e+06, 0
5.84911e+06, 741208, 0
6.72907e+06, 1.83823e+06, 0
4.6777e+06, 1.79514e+06, 0
7.94821e+06, 1.91509e+06, 0
5.40923e+06, 2.52109e+06, 0
6.05822e+06, 3.87205e+06, 0
9.09511e+06, 3.09674e+06, 0
1.32307e+07, 7.71624e+06, 0
9.18532e+06, 5.60125e+06, 0
4.23822e+06, 2.04719e+06, 0
6.70727e+06, 3.90103e+06, 0
2.6117e+06, 1.15334e+06, 0
4.98435e+06, 2.26574e+06, 0
5.88687e+06, 2.82589e+06, 0
8.45078e+06, 3.88953e+06, 0
8.08871e+06, 2.95992e+06, 0
8.60599e+06, 5.89123e+06, 0
9.06592e+06, 6.14048e+06, 0
5.23803e+06, 827346, 0
4.81111e+06, 2.4907e+06, 0
7.94781e+06, 5.7715e+06, 0
7.63897e+06, 3.68332e+06, 0
7.48364e+06, 4.4048e+06, 0
4.77116e+06, 2.84679e+06, 0
1.1514e+07, 1.15981e+06, 0
3.9171e+06, 2.41263e+06, 0
9.91153e+06, 7.04928e+06, 0
8.06089e+06, 2.70531e+06, 0
6.69567e+06, 4.8308e+06, 0
7.26778e+06, 2.10465e+06, 0
4.2252e+06, 1.94732e+06, 0
1.25794e+07, 3.50354e+06, 0
5.1668e+06, 2.10147e+06, 0
3.6904e+06, 436954, 0
6.32598e+06, 1.84958e+06, 0
7.51731e+06, 2.96681e+06, 0
3.73335e+06, 1.509e+06, 0
5.97508e+06, 2.08519e+06, 0
4.19015e+06, 1.48392e+06, 0
6.43171e+06, 2.01966e+06, 0
4.66018e+06, 2.79814e+06, 0
6.25495e+06, 1.424e+06, 0
1.11852e+07, 7.4452e+06, 0
9.64752e+06, 6.83139e+06, 0
3.23635e+06, 287982, 0
8.12708e+06, 525136, 0
7.28462e+06, 5.16368e+06, 0
2.93748e+06, 1.4754e+06, 0
9.32772e+06, 2.34416e+06, 0
4.90957e+06, 2.90726e+06, 0
6.59442e+06, 2.86038e+06, 0
6.42365e+06, 2.81788e+06, 0
3.12967e+06, 471487, 0
4.95769e+06, 2.62287e+06, 0
7.02181e+06, 4.52633e+06, 0
8.00063e+06, 5.6295e+06, 0
8.34249e+06, 478741, 0
7.43115e+06, 2.39817e+06, 0
5.44957e+06, 3.92e+06, 0
3.04785e+06, 548299, 0
3.57591e+06, 1.91737e+06, 0
2.65626e+06, 833078, 0
4.87759e+06, 1.95359e+06, 0
5.62837e+06, 3.78665e+06, 0
7.85077e+06, 5.83586e+06, 0
2.93824e+06, 1.09617e+06, 0
6.4977e+06, 3.01118e+06, 0
1.19602e+07, 4.46011e+06, 0
1.09693e+07, 5.05393e+06, 0
5.00728e+06, 1.97711e+06, 0
8.43388e+06, 4.52075e+06, 0
5.71398e+06, 1.96303e+06, 0
6.02831e+06, 1.7309e+06, 0
1.00447e+07, 3.29023e+06, 0
9.11727e+06, 3.39599e+06, 0
6.85776e+06, 4.24781e+06, 0
2.5762e+06, 363716, 0
6.09478e+06, 3.20075e+06, 0
3.11006e+06, 265067, 0
6.25619e+06, 1.00536e+06, 0
7.91217e+06, 5.40907e+06, 0
2.64767e+06, 1.33779e+06, 0
5.23625e+06, 2.90222e+06, 0
5.4048e+06, 1.90103e+06, 0
9.45406e+06, 3.69368e+06, 0
9.81665e+06, 5.54035e+06, 0
8.47534e+06, 949149, 0
8.95503e+06, 6.60248e+06, 0
5.11912e+06, 1.85207e+06, 0
3.72756e+06, 2.31813e+06, 0
5.93785e+06, 1.44242e+06, 0
5.74099e+06, 1.94885e+06, 0
1.07143e+07, 991913, 0
6.3006e+06, 1.15523e+06, 0
1.07234e+07, 1.42183e+06, 0
4.94465e+06, 3.38952e+06, 0
4.65972e+06, 3.04007e+06, 0
8.12767e+06, 4.07376e+06, 0
5.5002e+06, 3.39183e+06, 0
6.32644e+06, 4.61527e+06, 0
7.54931e+06, 5.39711e+06, 0
4.42942e+06, 2.62631e+06, 0
6.0084e+06, 2.06214e+06, 0
5.83124e+06, 2.64747e+06, 0
4.99722e+06, 523182, 0
8.76061e+06, 3.40612e+06, 0
3.57297e+06, 1.33157e+06, 0
9.77967e+06, 4.47792e+06, 0
5.32129e+06, 1.75323e+06, 0
6.09121e+06, 4.89783e+06, 0
6.8092e+06, 2.87387e+06, 0
6.07933e+06, 1.16425e+06, 0
6.65106e+06, 1.64123e+06, 0
4.74886e+06, 3.08765e+06, 0
1.19209e+07, 1.13935e+06, 0
5.98803e+06, 2.44509e+06, 0
9.80622e+06, 3.22539e+06, 0
7.8315e+06, 4.74501e+06, 0
8.07849e+06, 1.92593e+06, 0
9.1966e+06, 1.07818e+06, 0
4.82262e+06, 3.41616e+06, 0
2.94002e+06, 1.83272e+06, 0
1.19708e+07, 3.61162e+06, 0
4.80393e+06, 1.1983e+06, 0
6.18155e+06, 1.30187e+06, 0
5.90203e+06, 3.79493e+06, 0
6.05222e+06, 2.31899e+06, 0
4.72597e+06, 3.66783e+06, 0
3.61952e+06, 1.529e+06, 0
6.4237e+06, 3.34155e+06, 0
3.44535e+06, 1.52644e+06, 0
4.69422e+06, 2.40736e+06, 0
8.63965e+06, 2.46244e+06, 0
6.33623e+06, 2.92718e+06, 0
6.54738e+06, 2.80094e+06, 0
3.55745e+06, 2.31359e+06, 0
5.47015e+06, 2.15683e+06, 0
5.05812e+06, 2.88086e+06, 0
4.14221e+06, 1.58134e+06, 0
4.9704e+06, 999641, 0
4.80067e+06, 1.12002e+06, 0
5.59225e+06, 3.30557e+06, 0
4.88117e+06, 3.59253e+06, 0
3.72899e+06, 1.16071e+06, 0
3.64511e+06, 831338, 0
9.72989e+06, 761084, 0
4.97844e+06, 2.95866e+06, 0
8.70834e+06, 4.38484e+06, 0
7.26794e+06, 4.38169e+06, 0
5.65069e+06, 3.09748e+06, 0
5.43976e+06, 3.7897e+06, 0
4.8764e+06, 2.93074e+06, 0
1.2696e+07, 5.31961e+06, 0
9.80888e+06, 1.75339e+06, 0
4.67454e+06, 2.37117e+06, 0
1.1372e+07, 7.4333e+06, 0
7.076e+06, 3.42403e+06, 0
3.10364e+06, 1.25967e+06, 0
9.14017e+06, 236297, 0
1.06688e+07, 1.93211e+06, 0
3.59631e+06, 1.46025e+06, 0
5.89753e+06, 3.98085e+06, 0
3.57641e+06, 1.13947e+06, 0
7.35581e+06, 3.04491e+06, 0
5.92769e+06, 1.20609e+06, 0
7.5716e+06, 5.09861e+06, 0
4.81498e+06, 1.70212e+06, 0
5.19202e+06, 253718, 0
5.39738e+06, 3.51175e+06, 0
7.15936e+06, 5.5262e+06, 0
4.36739e+06, 739358, 0
3.90215e+06, 969988, 0
3.33151e+06, 1.28851e+06, 0
1.38242e+07, 3.67361e+06, 0
2.66455e+06, 755887, 0
3.90764e+06, 978553, 0
6.52858e+06, 1.26295e+06, 0
6.9731e+06, 2.36727e+06, 0
3.47021e+06, 1.57978e+06, 0
3.36561e+06, 687130, 0
3.84071e+06, 1.35531e+06, 0
7.01609e+06, 4.94739e+06, 0
5.05738e+06, 3.23136e+06, 0
6.95204e+06, 3.29078e+06, 0
7.39384e+06, 1.95606e+06, 0
4.52839e+06, 1.11961e+06, 0
6.70593e+06, 4.96053e+06, 0
8.36953e+06, 5.28617e+06, 0
8.15964e+06, 3.86819e+06, 0
7.05401e+06, 3.60757e+06, 0
2.94911e+06, 1.41136e+06, 0
6.48623e+06, 3.67336e+06, 0
6.58285e+06, 4.91453e+06, 0
7.44344e+06, 4.65808e+06, 0
4.11651e+06, 2.74948e+06, 0
7.75416e+06, 4.18948e+06, 0
5.06382e+06, 1.82146e+06, 0
3.79413e+06, 2.5715e+06, 0
9.92395e+06, 4.53547e+06, 0
8.06777e+06, 3.47787e+06, 0
4.48451e+06, 2.10913e+06, 0
9.96966e+06, 535626, 0
1.21116e+07, 4.92262e+06, 0
1.1165e+07, 6.21494e+06, 0
1.23147e+07, 9.18872e+06, 0
5.68638e+06, 4.75392e+06, 0
4.84994e+06, 1.15573e+06, 0
9.21781e+06, 5.08174e+06, 0
8.30031e+06, 4.61409e+06, 0
6.55441e+06, 2.51542e+06, 0
7.58071e+06, 4.38491e+06, 0
5.63639e+06, 3.43699e+06, 0
7.41546e+06, 4.65338e+06, 0
5.05159e+06, 1.53348e+06, 0
5.15428e+06, 2.31938e+06, 0
1.18588e+07, 4.31575e+06, 0
1.00568e+07, 4.8481e+06, 0
6.18484e+06, 1.72442e+06, 0
4.50933e+06, 599148, 0
7.849e+06, 1.75486e+06, 0
7.84812e+06, 2.39742e+06, 0
7.46036e+06, 2.96319e+06, 0
3.9265e+06, 1.6997e+06, 0
7.16305e+06, 2.03015e+06, 0
6.82301e+06, 2.72258e+06, 0
1.01966e+07, 5.68826e+06, 0
3.99898e+06, 1.37256e+06, 0
3.21245e+06, 1.94386e+06, 0
9.88021e+06, 6.99727e+06, 0
7.10891e+06, 5.00255e+06, 0
4.42817e+06, 1.25529e+06, 0
6.65292e+06, 1.83986e+06, 0
9.88177e+06, 2.68191e+06, 0
5.00693e+06, 179046, 0
3.44089e+06, 1.4032e+06, 0
6.69563e+06, 2.42401e+06, 0
5.72851e+06, 1.60756e+06, 0
2.45608e+06, 426511, 0
5.3163e+06, 1.53102e+06, 0
6.16607e+06, 721453, 0
4.94849e+06, 3.48925e+06, 0
8.0711e+06, 6.78309e+06, 0
6.45184e+06, 3.47334e+06, 0
1.03888e+07, 1.56913e+06, 0
7.04113e+06, 624219, 0
3.95647e+06, 1.59846e+06, 0
4.2976e+06, 2.99785e+06, 0
3.56449e+06, 2.2592e+06, 0
7.85813e+06, 5.77841e+06, 0
6.97986e+06, 5.11954e+06, 0
6.41206e+06, 2.53911e+06, 0
3.23876e+06, 2.14942e+06, 0
6.26099e+06, 2.01971e+06, 0
8.24537e+06, 3.53096e+06, 0
5.31301e+06, 837055, 0
5.84355e+06, 2.18364e+06, 0
1.05799e+07, 2.01497e+06, 0
7.56094e+06, 44366.8, 0
5.44521e+06, 1.38161e+06, 0
5.36919e+06, 4.18762e+06, 0
9.61898e+06, 6.38114e+06, 0
7.04317e+06, 4.64039e+06, 0
4.72329e+06, 1.91024e+06, 0
7.34974e+06, 2.47105e+06, 0
5.28758e+06, 525949, 0
7.07639e+06, 3.53539e+06, 0
5.74404e+06, 4.24921e+06, 0
7.64344e+06, 5.87146e+06, 0
5.55388e+06, 2.38743e+06, 0
6.3928e+06, 1.85539e+06, 0
7.21996e+06, 5.17259e+06, 0
6.73406e+06, 5.08724e+06, 0
9.14464e+06, 3.6153e+06, 0
6.07541e+06, 3.4182e+06, 0
6.02071e+06, 4.85522e+06, 0
3.38063e+06, 1.13024e+06, 0
5.57299e+06, 3.07164e+06, 0
6.61274e+06, 126512, 0
7.48694e+06, 4.83245e+06, 0
7.05897e+06, 1.08003e+06, 0
8.37519e+06, 1.85952e+06, 0
5.52234e+06, 2.30158e+06, 0
3.95378e+06, 2.91513e+06, 0
4.14214e+06, 2.51722e+06, 0
9.38495e+06, 3.68833e+06, 0
6.8033e+06, 4.92682e+06, 0
7.05998e+06, 4.78666e+06, 0
8.52832e+06, 3.35825e+06, 0
1.00396e+07, 4.5829e+06, 0
6.86452e+06, 5.00129e+06, 0
6.62015e+06, 4.62342e+06, 0
3.98354e+06, 638038, 0
5.46229e+06, 3.12684e+06, 0
9.63084e+06, 6.66539e+06, 0
6.36338e+06, 3.09118e+06, 0
4.42371e+06, 1.29884e+06, 0
4.76485e+06, 1.51271e+06, 0
2.74418e+06, 689964, 0
4.95256e+06, 2.65173e+06, 0
4.19488e+06, 1.72518e+06, 0
6.15481e+06, 2.87233e+06, 0
4.12228e+06, 3.00479e+06, 0
3.23277e+06, 1.11962e+06, 0
8.38739e+06, 7.30579e+06, 0
6.82563e+06, 5.50617e+06, 0
7.44286e+06, 1.75872e+06, 0
8.7956e+06, 6.40832e+06, 0
7.90126e+06, 4.80397e+06, 0
4.68305e+06, 2.2624e+06, 0
5.09016e+06, 548596, 0
6.38534e+06, 1.2956e+06, 0
8.42544e+06, 2.7153e+06, 0
4.69388e+06, 3.44528e+06, 0
4.52096e+06, 2.10736e+06, 0
6.0682e+06, 3.4272e+06, 0
6.25225e+06, 1.92994e+06, 0
1.36479e+07, 2.37689e+06, 0
1.0917e+07, 6.69991e+06, 0
3.4987e+06, 1.49794e+06, 0
3.57736e+06, 1.50895e+06, 0
7.87823e+06, 5.74273e+06, 0
7.88085e+06, 5.42561e+06, 0
6.29345e+06, 2.09951e+06, 0
1.17147e+07, 1.09071e+07, 0
6.08549e+06, 4.04154e+06, 0
3.36566e+06, 54176.4, 0
2.69154e+06, 1.34683e+06, 0
5.3747e+06, 3.29567e+06, 0
5.76668e+06, 3.56506e+06, 0
5.67459e+06, 2.48866e+06, 0
6.31186e+06, 4.5028e+06, 0
7.78196e+06, 4.37626e+06, 0
4.31514e+06, 1.83926e+06, 0
7.89524e+06, 1.33582e+06, 0
1.05638e+07, 4.3553e+06, 0
6.13749e+06, 2.98577e+06, 0
5.80049e+06, 1.28497e+06, 0
6.98106e+06, 4.5659e+06, 0
4.75317e+06, 2.45143e+06, 0
5.49574e+06, 2.25563e+06, 0
6.35167e+06, 1.90807e+06, 0
9.65548e+06, 3.45016e+06, 0
6.57799e+06, 2.33969e+06, 0
5.51873e+06, 623261, 0
9.19275e+06, 4.47143e+06, 0
4.10958e+06, 1.75679e+06, 0
5.62065e+06, 3.33246e+06, 0
5.11277e+06, 1.30308e+06, 0
6.17329e+06, 3.10266e+06, 0
6.92721e+06, 5.65731e+06, 0
9.18231e+06, 7.93413e+06, 0
8.70975e+06, 6.76094e+06, 0
7.76918e+06, 391314, 0
3.57747e+06, 2.24771e+06, 0
4.70217e+06, 2.03587e+06, 0
6.15316e+06, 1.29469e+06, 0
1.35628e+07, 3.62261e+06, 0
8.42235e+06, 2.18307e+06, 0
3.45034e+06, 2.31496e+06, 0
4.39986e+06, 1.56292e+06, 0
5.86565e+06, 2.19276e+06, 0
6.58902e+06, 2.27019e+06, 0
4.44129e+06, 1.55988e+06, 0
7.41528e+06, 4.528e+06, 0
5.96617e+06, 3.37504e+06, 0
6.44268e+06, 1.43256e+06, 0
6.48708e+06, 3.27498e+06, 0
5.43685e+06, 2.15338e+06, 0
8.23662e+06, 5.45109e+06, 0
8.22726e+06, 5.84462e+06, 0
1.00912e+07, 3.80422e+06, 0
1.02917e+07, 5.14104e+06, 0
3.10562e+06, 817842, 0
6.0233e+06, 2.65223e+06, 0
8.29143e+06, 5.99461e+06, 0
7.96065e+06, 5.7239e+06, 0
5.18662e+06, 2.82438e+06, 0
5.29912e+06, 1.99591e+06, 0
5.40428e+06, 1.50549e+06, 0
8.83991e+06, 5.58285e+06, 0
8.93152e+06, 824637, 0
6.76266e+06, 5.48189e+06, 0
6.05137e+06, 3.10799e+06, 0
9.41201e+06, 5.53192e+06, 0
7.61277e+06, 4.85194e+06, 0
6.67336e+06, 4.0511e+06, 0
6.16486e+06, 2.13282e+06, 0
6.95462e+06, 4.01837e+06, 0
6.74611e+06, 3.77389e+06, 0
1.27374e+07, 2.42471e+06, 0
4.40947e+06, 3.15142e+06, 0
5.90143e+06, 2.19682e+06, 0
8.69596e+06, 6.55942e+06, 0
7.02406e+06, 3.15888e+06, 0
7.04487e+06, 4.43195e+06, 0
7.96136e+06, 6.98981e+06, 0
4.44452e+06, 2.3621e+06, 0
6.77403e+06, 4.18075e+06, 0
9.14634e+06, 3.68716e+06, 0
5.75931e+06, 1.13112e+06, 0
8.47105e+06, 6.79255e+06, 0
6.86099e+06, 1.73264e+06, 0
3.57808e+06, 584330, 0
7.19867e+06, 3.99467e+06, 0
8.14986e+06, 5.45608e+06, 0
5.7932e+06, 3.34266e+06, 0
8.35139e+06, 6.38784e+06, 0
5.68846e+06, 3.69296e+06, 0
8.69835e+06, 7.2736e+06, 0
9.44884e+06, 2.38077e+06, 0
6.91492e+06, 1.76292e+06, 0
5.72424e+06, 3.42892e+06, 0
7.08983e+06, 5.16175e+06, 0
1.46033e+07, 5.67015e+06, 0
5.36584e+06, 2.48383e+06, 0
3.8436e+06, 2.78123e+06, 0
6.99635e+06, 5.17011e+06, 0
6.47206e+06, 2.70691e+06, 0
8.10444e+06, 3.39214e+06, 0
1.17326e+07, 5.70284e+06, 0
5.02501e+06, 1.22015e+06, 0
4.37123e+06, 976197, 0
3.33939e+06, 559642, 0
1.07891e+07, 2.34466e+06, 0
6.82985e+06, 5.38558e+06, 0
8.18917e+06, 3.66821e+06, 0
6.61205e+06, 1.68639e+06, 0
4.88846e+06, 2.93525e+06, 0
6.23098e+06, 1.77903e+06, 0
5.91272e+06, 4.69767e+06, 0
7.22931e+06, 2.62024e+06, 0
9.5315e+06, 6.58123e+06, 0
6.70755e+06, 2.53087e+06, 0
8.54287e+06, 4.89855e+06, 0
7.79692e+06, 5.51631e+06, 0
9.28347e+06, 4.14412e+06, 0
8.14392e+06, 748238, 0
4.44876e+06, 3.05586e+06, 0
6.59353e+06, 2.75688e+06, 0
7.08452e+06, 5.74647e+06, 0
1.07224e+07, 7.63611e+06, 0
2.98044e+06, 1.80803e+06, 0
5.8246e+06, 2.60426e+06, 0
3.7991e+06, 1.5774e+06, 0
6.832e+06, 3.98214e+06, 0
7.21492e+06, 5.04391e+06, 0
8.75681e+06, 3.04642e+06, 0
6.2499e+06, 1.29861e+06, 0
6.73712e+06, 4.41435e+06, 0
4.72631e+06, 1.65699e+06, 0
4.00884e+06, 2.16551e+06, 0
1.09136e+07, 4.1456e+06, 0
1.08513e+07, 1.45064e+06, 0
8.40942e+06, 2.4544e+06, 0
3.63484e+06, 1.34221e+06, 0
3.76228e+06, 2.82858e+06, 0
6.96725e+06, 2.4622e+06, 0
7.50095e+06, 2.76533e+06, 0
4.96427e+06, 3.08732e+06, 0
5.91537e+06, 2.11435e+06, 0
1.03229e+07, 4.60764e+06, 0
7.40449e+06, 2.54853e+06, 0
7.29769e+06, 3.96768e+06, 0
3.57874e+06, 650298, 0
7.18234e+06, 1.37476e+06, 0
2.99991e+06, 738501, 0
9.13622e+06, 1.61252e+06, 0
6.19215e+06, 5.26364e+06, 0
1.04628e+07, 8.27845e+06, 0
4.35236e+06, 3.29938e+06, 0
5.14999e+06, 3.39898e+06, 0
1.23066e+07, 4.48274e+06, 0
5.4463e+06, 2.96276e+06, 0
3.14976e+06, 1.27062e+06, 0
7.41713e+06, 6.50039e+06, 0
1.06187e+07, 3.91421e+06, 0
3.19108e+06, 607049, 0
2.31942e+06, 678807, 0
3.97569e+06, 1.89427e+06, 0
3.35909e+06, 367173, 0
7.3969e+06, 3.35001e+06, 0
4.45966e+06, 3.41351e+06, 0
4.89209e+06, 2.60692e+06, 0
1.06983e+07, 4.70062e+06, 0
7.17995e+06, 3.32047e+06, 0
8.13986e+06, 1.50238e+06, 0
4.3182e+06, 2.17105e+06, 0
9.57253e+06, 3.68357e+06, 0
6.09396e+06, 3.80459e+06, 0
6.3997e+06, 2.97897e+06, 0
5.53697e+06, 1.33645e+06, 0
5.70204e+06, 3.56415e+06, 0
6.40904e+06, 3.12231e+06, 0
7.68186e+06, 2.90489e+06, 0
7.43568e+06, 3.32884e+06, 0
5.31657e+06, 2.08846e+06, 0
9.69519e+06, 6.71826e+06, 0
7.83908e+06, 6.83382e+06, 0
1.05321e+07, 2.70098e+06, 0
6.04443e+06, 2.48603e+06, 0
8.57736e+06, 6.09711e+06, 0
3.89708e+06, 911357, 0
7.85709e+06, 6.0969e+06, 0
2.88784e+06, 497605, 0
3.12851e+06, 2.0175e+06, 0
6.01707e+06, 3.44305e+06, 0
5.36492e+06, 2.17142e+06, 0
4.22654e+06, 1.31596e+06, 0
4.32096e+06, 1.01102e+06, 0
7.72495e+06, 2.20724e+06, 0
3.08161e+06, 1.39724e+06, 0
5.82997e+06, 753541, 0
1.11324e+07, 4.29458e+06, 0
7.33702e+06, 5.95827e+06, 0
6.82348e+06, 1.96389e+06, 0
5.78709e+06, 355277, 0
6.6151e+06, 3.3784e+06, 0
1.00457e+07, 4.3521e+06, 0
4.69806e+06, 475200, 0
4.70634e+06, 3.70088e+06, 0
5.85241e+06, 399988, 0
5.58975e+06, 4.62947e+06, 0
8.40593e+06, 4.20006e+06, 0
5.66224e+06, 4.35567e+06, 0
7.45908e+06, 3.18397e+06, 0
7.22726e+06, 3.15624e+06, 0
9.0196e+06, 5.42853e+06, 0
3.53975e+06, 858933, 0
8.60053e+06, 4.04518e+06, 0
4.68749e+06, 3.41652e+06, 0
1.06559e+07, 4.39286e+06, 0
6.04957e+06, 4.7805e+06, 0
5.69656e+06, 2.69867e+06, 0
4.48813e+06, 3.39393e+06, 0
1.5829e+07, 1.98167e+06, 0
4.5895e+06, 2.40969e+06, 0
9.08185e+06, 6.55083e+06, 0
9.28042e+06, 2.94053e+06, 0
5.46354e+06, 3.24577e+06, 0
4.44267e+06, 2.75477e+06, 0
5.68711e+06, 2.79597e+06, 0
8.07742e+06, 5.98012e+06, 0
6.71253e+06, 2.593e+06, 0
1.18731e+07, 8.52734e+06, 0
5.25886e+06, 2.59221e+06, 0
3.50059e+06, 1.96489e+06, 0
8.98147e+06, 2.5103e+06, 0
6.77414e+06, 3.82353e+06, 0
6.58288e+06, 2.99339e+06, 0
5.32623e+06, 2.47326e+06, 0
1.04149e+07, 4.49184e+06, 0
2.17954e+06, 568222, 0
1.10071e+07, 8.74067e+06, 0
5.63903e+06, 1.96116e+06, 0
5.59353e+06, 2.04877e+06, 0
8.62761e+06, 5.79247e+06, 0
6.69425e+06, 2.62204e+06, 0
1.07104e+07, 3.25992e+06, 0
5.89457e+06, 2.66383e+06, 0
3.25008e+06, 1.01184e+06, 0
7.41309e+06, 1.24905e+06, 0
8.34014e+06, 4.82739e+06, 0
7.51728e+06, 5.35124e+06, 0
6.85087e+06, 2.23711e+06, 0
3.99417e+06, 2.36162e+06, 0
8.70229e+06, 3.88705e+06, 0
7.46757e+06, 2.44691e+06, 0
7.78232e+06, 5.89738e+06, 0
4.09766e+06, 1.92025e+06, 0
4.76603e+06, 2.53684e+06, 0
5.69665e+06, 3.49444e+06, 0
7.40279e+06, 2.36057e+06, 0
4.51996e+06, 2.26872e+06, 0
4.11126e+06, 2.01214e+06, 0
5.50075e+06, 3.27168e+06, 0
4.93897e+06, 2.57992e+06, 0
8.34128e+06, 4.78031e+06, 0
3.04513e+06, 1.82556e+06, 0
8.53858e+06, 7.02307e+06, 0
6.95498e+06, 5.43607e+06, 0
7.73617e+06, 5.31753e+06, 0
8.75747e+06, 4.61444e+06, 0
7.88705e+06, 1.348e+06, 0
5.36011e+06, 1.35726e+06, 0
6.00975e+06, 2.78552e+06, 0
7.44543e+06, 4.48057e+06, 0
5.21031e+06, 2.04184e+06, 0
4.69433e+06, 2.46518e+06, 0
7.93864e+06, 2.67139e+06, 0
4.37534e+06, 2.49266e+06, 0
8.48531e+06, 1.69541e+06, 0
5.83352e+06, 3.448e+06, 0
4.68601e+06, 2.80794e+06, 0
2.59456e+06, 1.33647e+06, 0
1.01391e+07, 4.701e+06, 0
4.2382e+06, 2.50472e+06, 0
4.48355e+06, 1.197e+06, 0
4.11061e+06, 1.49822e+06, 0
6.80108e+06, 4.99298e+06, 0
4.91101e+06, 1.88388e+06, 0
5.90725e+06, 3.18167e+06, 0
5.03526e+06, 341858, 0
7.96639e+06, 4.3161e+06, 0
7.03496e+06, 837295, 0
9.51951e+06, 5.58378e+06, 0
8.14912e+06, 2.7507e+06, 0
5.88146e+06, 3.86939e+06, 0
7.83809e+06, 5.87044e+06, 0
9.3149e+06, 3.65542e+06, 0
7.40486e+06, 5.85386e+06, 0
6.2824e+06, 1.04277e+06, 0
4.58882e+06, 3.37301e+06, 0
5.13043e+06, 1.14803e+06, 0
6.77135e+06, 2.25011e+06, 0
5.49811e+06, 2.53318e+06, 0
1.35362e+07, 4.5179e+06, 0
6.96584e+06, 4.17333e+06, 0
7.07142e+06, 4.23243e+06, 0
1.04485e+07, 3.69834e+06, 0
9.54912e+06, 1.90925e+06, 0
6.73193e+06, 2.91631e+06, 0
7.09838e+06, 4.36694e+06, 0
5.94584e+06, 3.19545e+06, 0
3.3461e+06, 926437, 0
1.11258e+07, 6.52349e+06, 0
6.84345e+06, 3.4418e+06, 0
5.2652e+06, 1.03324e+06, 0
6.02819e+06, 3.19481e+06, 0
9.72197e+06, 3.0288e+06, 0
8.58705e+06, 5.63128e+06, 0
5.75274e+06, 4.40444e+06, 0
5.52977e+06, 1.59492e+06, 0
7.68967e+06, 4.00412e+06, 0
3.6586e+06, 1.62862e+06, 0
4.53769e+06, 1.62729e+06, 0
7.97958e+06, 3.4154e+06, 0
3.26488e+06, 1.13476e+06, 0
5.95145e+06, 2.22804e+06, 0
5.44375e+06, 2.86303e+06, 0
8.12915e+06, 4.13843e+06, 0
9.75453e+06, 4.18996e+06, 0
8.37156e+06, 4.31453e+06, 0
3.52214e+06, 918919, 0
2.51926e+06, 691769, 0
7.07929e+06, 5.39777e+06, 0
3.9935e+06, 1.44498e+06, 0
6.55987e+06, 3.02824e+06, 0
5.09334e+06, 4.30646e+06, 0
6.66706e+06, 4.03724e+06, 0
7.74182e+06, 5.43056e+06, 0
1.01924e+07, 7.66803e+06, 0
5.3249e+06, 622734, 0
4.18526e+06, 1.28351e+06, 0
1.08606e+07, 1.05112e+06, 0
9.96279e+06, 2.46054e+06, 0
5.14519e+06, 2.81848e+06, 0
6.98747e+06, 4.27172e+06, 0
5.62545e+06, 4.50053e+06, 0
6.81745e+06, 5.14689e+06, 0
1.13441e+07, 4.0776e+06, 0
7.38788e+06, 822701, 0
5.72205e+06, 2.72794e+06, 0
5.91268e+06, 1.91837e+06, 0
2.73315e+06, 1.24506e+06, 0
7.6567e+06, 4.59808e+06, 0
3.07794e+06, 1.42555e+06, 0
7.16916e+06, 2.77819e+06, 0
6.69288e+06, 1.54169e+06, 0
5.33506e+06, 2.48602e+06, 0
4.48501e+06, 3.25353e+06, 0
6.23767e+06, 4.45924e+06, 0
8.30677e+06, 2.78998e+06, 0
1.16841e+07, 3.11456e+06, 0
8.61637e+06, 6.22745e+06, 0
5.56387e+06, 1.92243e+06, 0
3.58931e+06, 1.25231e+06, 0
4.00183e+06, 1.63012e+06, 0
5.78737e+06, 2.17458e+06, 0
7.11218e+06, 2.93738e+06, 0
5.31079e+06, 4.2922e+06, 0
8.37746e+06, 6.64914e+06, 0
6.49515e+06, 3.34612e+06, 0
4.70575e+06, 1.66022e+06, 0
1.07513e+07, 5.92442e+06, 0
8.4973e+06, 3.25826e+06, 0
6.50241e+06, 1.71779e+06, 0
5.75494e+06, 3.34618e+06, 0
5.26637e+06, 3.66183e+06, 0
4.27495e+06, 2.51306e+06, 0
5.06503e+06, 1.61011e+06, 0
1.24621e+07, 3.08832e+06, 0
6.58249e+06, 1.63702e+06, 0
5.39206e+06, 3.77559e+06, 0
3.14345e+06, 956962, 0
6.79092e+06, 3.49152e+06, 0
4.13818e+06, 2.68631e+06, 0
1.05955e+07, 6.08746e+06, 0
3.51846e+06, 1.68729e+06, 0
3.11703e+06, 1.45078e+06, 0
5.36022e+06, 2.42009e+06, 0
5.57585e+06, 2.43012e+06, 0
9.19096e+06, 7.94136e+06, 0
8.48662e+06, 3.1129e+06, 0
7.47811e+06, 6.00538e+06, 0
7.55894e+06, 2.33881e+06, 0
6.70053e+06, 5.3435e+06, 0
5.07128e+06, 917676, 0
5.00159e+06, 2.68701e+06, 0
5.5681e+06, 2.21362e+06, 0
5.70422e+06, 1.05991e+06, 0
7.75154e+06, 4.50241e+06, 0
4.14057e+06, 1.79528e+06, 0
2.59027e+06, 1.20179e+06, 0
8.31589e+06, 3.86351e+06, 0
9.04851e+06, 2.94857e+06, 0
4.71855e+06, 1.92426e+06, 0
8.35292e+06, 5.80316e+06, 0
9.3831e+06, 6.26767e+06, 0
8.90982e+06, 4.66807e+06, 0
9.50882e+06, 1.43515e+06, 0
6.95148e+06, 1.38258e+06, 0
8.4601e+06, 5.10991e+06, 0
3.6713e+06, 1.97248e+06, 0
6.22486e+06, 2.49774e+06, 0
1.09676e+07, 4.26409e+06, 0
8.2085e+06, 3.14304e+06, 0
6.31489e+06, 4.64051e+06, 0
4.80244e+06, 2.54314e+06, 0
5.56193e+06, 1.40363e+06, 0
7.16992e+06, 4.61081e+06, 0
4.67789e+06, 1.82458e+06, 0
4.93761e+06, 1.18141e+06, 0
6.36378e+06, 2.42478e+06, 0
4.18355e+06, 1.59391e+06, 0
5.16192e+06, 1.07107e+06, 0
5.39232e+06, 990436, 0
7.91413e+06, 3.68805e+06, 0
4.37101e+06, 2.08477e+06, 0
6.34387e+06, 3.48081e+06, 0
7.89807e+06, 2.7438e+06, 0
3.08094e+06, 1.77569e+06, 0
9.18066e+06, 2.3137e+06, 0
4.73405e+06, 2.31741e+06, 0
7.43356e+06, 6.2451e+06, 0
5.29515e+06, 1.46486e+06, 0
7.52309e+06, 5.10582e+06, 0
2.75595e+06, 752273, 0
4.66617e+06, 3.67302e+06, 0
4.34698e+06, 1.73801e+06, 0
5.18394e+06, 1.97006e+06, 0
3.22364e+06, 1.29076e+06, 0
3.68804e+06, 1.65847e+06, 0
5.51186e+06, 1.95353e+06, 0
5.47338e+06, 1.29706e+06, 0
6.47175e+06, 5.0623e+06, 0
3.25419e+06, 2.1446e+06, 0
9.89592e+06, 7.76407e+06, 0
4.97174e+06, 2.51157e+06, 0
5.68646e+06, 3.85317e+06, 0
8.3797e+06, 6.92903e+06, 0
9.42861e+06, 1.07741e+06, 0
5.61966e+06, 2.86369e+06, 0
5.94061e+06, 1.57599e+06, 0
3.93046e+06, 1.5854e+06, 0
1.07105e+07, 5.21595e+06, 0
3.72206e+06, 2.04125e+06, 0
7.42935e+06, 4.84264e+06, 0
4.9092e+06, 4.00615e+06, 0
5.87291e+06, 1.07059e+06, 0
3.52597e+06, 1.87043e+06, 0
1.133e+07, 2.24778e+06, 0
4.48804e+06, 2.15198e+06, 0
4.01174e+06, 2.20563e+06, 0
4.39987e+06, 1.8456e+06, 0
3.98458e+06, 2.90235e+06, 0
4.60653e+06, 2.09365e+06, 0
7.75739e+06, 491683, 0
6.75824e+06, 466890, 0
6.41717e+06, 465324, 0
8.44883e+06, 1.95765e+06, 0
8.90352e+06, 6.25322e+06, 0
5.26631e+06, 3.76063e+06, 0
1.56747e+07, 3.37534e+06, 0
5.7896e+06, 2.16396e+06, 0
4.51079e+06, 2.31876e+06, 0
7.78196e+06, 4.37626e+06, 0
6.43482e+06, 2.23642e+06, 0
4.67762e+06, 3.75314e+06, 0
4.53088e+06, 2.15667e+06, 0
5.89249e+06, 3.43246e+06, 0
7.63573e+06, 2.70466e+06, 0
4.50423e+06, 2.84634e+06, 0
1.16253e+07, 3.33361e+06, 0
6.80183e+06, 697238, 0
5.7833e+06, 1.32495e+06, 0
3.08524e+06, 424170, 0
6.72892e+06, 5.68435e+06, 0
8.9134e+06, 4.9128e+06, 0
6.67515e+06, 2.67146e+06, 0
8.81032e+06, 5.16807e+06, 0
1.16824e+07, 4.14782e+06, 0
4.79407e+06, 3.86864e+06, 0
8.80937e+06, 5.97383e+06, 0
8.80208e+06, 6.88852e+06, 0
4.63067e+06, 288293, 0
7.18369e+06, 2.22904e+06, 0
6.04049e+06, 2.67545e+06, 0
7.67387e+06, 3.99739e+06, 0
1.40725e+07, 4.6778e+06, 0
7.31761e+06, 5.08201e+06, 0
1.22533e+07, 2.99227e+06, 0
9.76766e+06, 435970, 0
7.56333e+06, 1.16432e+06, 0
9.21452e+06, 5.73782e+06, 0
4.98388e+06, 2.14835e+06, 0
6.64175e+06, 3.79973e+06, 0
7.08976e+06, 1.93515e+06, 0
5.67012e+06, 1.61899e+06, 0
7.92847e+06, 4.67915e+06, 0
4.14637e+06, 969099, 0
7.07258e+06, 2.80286e+06, 0
8.09435e+06, 3.57815e+06, 0
5.54344e+06, 2.5455e+06, 0
9.78157e+06, 8.39569e+06, 0
4.73232e+06, 2.78245e+06, 0
6.78126e+06, 4.48191e+06, 0
6.97937e+06, 5.8927e+06, 0
7.19123e+06, 3.41972e+06, 0
7.26522e+06, 5.48244e+06, 0
5.01687e+06, 3.40947e+06, 0
4.06588e+06, 796060, 0
7.91874e+06, 813987, 0
4.88424e+06, 3.22537e+06, 0
4.21153e+06, 1.51197e+06, 0
9.67489e+06, 8.19535e+06, 0
5.02185e+06, 2.78196e+06, 0
8.08478e+06, 5.90621e+06, 0
4.38386e+06, 1.48185e+06, 0
5.80732e+06, 4.58873e+06, 0
4.55364e+06, 3.00901e+06, 0
5.33341e+06, 2.3387e+06, 0
4.89798e+06, 2.53516e+06, 0
7.83943e+06, 3.33e+06, 0
3.70982e+06, 1.53566e+06, 0
6.29508e+06, 3.65099e+06, 0
8.95581e+06, 4.5184e+06, 0
4.57423e+06, 1.62521e+06, 0
7.57646e+06, 3.5498e+06, 0
5.78839e+06, 2.83534e+06, 0
8.34928e+06, 5.94934e+06, 0
6.41034e+06, 3.98952e+06, 0
6.1283e+06, 3.52774e+06, 0
6.02666e+06, 224795, 0
8.32519e+06, 4.96397e+06, 0
6.13637e+06, 4.52853e+06, 0
5.48115e+06, 2.91823e+06, 0
4.25195e+06, 3.26756e+06, 0
8.04647e+06, 1.0071e+06, 0
8.11771e+06, 4.93165e+06, 0
9.6275e+06, 3.73505e+06, 0
6.13063e+06, 282761, 0
5.854e+06, 1.14304e+06, 0
7.28353e+06, 3.06894e+06, 0
4.95541e+06, 931808, 0
6.02285e+06, 4.22038e+06, 0
4.8968e+06, 3.46093e+06, 0
4.30062e+06, 1.80559e+06, 0
1.08497e+07, 4.38331e+06, 0
6.301e+06, 1.96417e+06, 0
4.70241e+06, 1.86007e+06, 0
1.01709e+07, 6.2442e+06, 0
3.87481e+06, 1.18402e+06, 0
9.45005e+06, 8.14997e+06, 0
7.54773e+06, 4.03814e+06, 0
1.43212e+07, 1.65802e+06, 0
1.02365e+07, 5.70236e+06, 0
3.7837e+06, 1.01849e+06, 0
8.46819e+06, 6.34861e+06, 0
9.44432e+06, 7.08338e+06, 0
9.30531e+06, 2.70685e+06, 0
4.99581e+06, 1.46757e+06, 0
8.94912e+06, 2.3084e+06, 0
4.41005e+06, 2.28703e+06, 0
2.96774e+06, 1.60339e+06, 0
5.76734e+06, 4.85958e+06, 0
5.87301e+06, 1.8822e+06, 0
7.57018e+06, 3.30373e+06, 0
8.00869e+06, 2.84203e+06, 0
4.48333e+06, 3.04184e+06, 0
7.14771e+06, 5.39074e+06, 0
6.13439e+06, 3.83737e+06, 0
1.47737e+07, 7.13542e+06, 0
7.13856e+06, 2.49171e+06, 0
7.08864e+06, 5.24483e+06, 0
7.89925e+06, 2.28958e+06, 0
4.44619e+06, 1.25657e+06, 0
4.61897e+06, 2.37296e+06, 0
7.29304e+06, 5.30364e+06, 0
6.109e+06, 3.69916e+06, 0
5.58105e+06, 3.25098e+06, 0
7.36963e+06, 3.50921e+06, 0
3.97029e+06, 1.44802e+06, 0
7.38853e+06, 3.1506e+06, 0
5.92851e+06, 1.87343e+06, 0
4.94544e+06, 2.88861e+06, 0
5.58874e+06, 474676, 0
7.37083e+06, 5.18254e+06, 0
8.70457e+06, 1.9937e+06, 0
7.32587e+06, 1.28091e+06, 0
9.314e+06, 7.52077e+06, 0
6.51779e+06, 338620, 0
5.39601e+06, 1.66482e+06, 0
4.74696e+06, 2.58147e+06, 0
2.74098e+06, 957585, 0
6.72054e+06, 5.40974e+06, 0
1.05939e+07, 8.39961e+06, 0
7.38691e+06, 1.19501e+06, 0
5.8579e+06, 2.06227e+06, 0
5.84412e+06, 3.12162e+06, 0
2.81746e+06, 1.18883e+06, 0
6.39891e+06, 4.01287e+06, 0
7.43697e+06, 2.2861e+06, 0
9.22777e+06, 996094, 0
9.57885e+06, 8.43622e+06, 0
8.22803e+06, 2.55687e+06, 0
4.96805e+06, 1.10398e+06, 0
7.2866e+06, 2.5684e+06, 0
9.28905e+06, 4.83287e+06, 0
8.70126e+06, 4.97626e+06, 0
5.25078e+06, 4.40189e+06, 0
7.77456e+06, 4.54434e+06, 0
2.92892e+06, 687721, 0
4.80105e+06, 3.54472e+06, 0
9.94456e+06, 2.91355e+06, 0
4.42882e+06, 3.21902e+06, 0
9.02055e+06, 3.30745e+06, 0
5.47857e+06, 2.17561e+06, 0
3.32033e+06, 1.55232e+06, 0
4.40996e+06, 1.26588e+06, 0
5.70509e+06, 2.81627e+06, 0
6.51999e+06, 2.07211e+06, 0
5.91305e+06, 2.71088e+06, 0
4.34769e+06, 2.44889e+06, 0
9.55924e+06, 5.08647e+06, 0
7.10638e+06, 3.98079e+06, 0
8.38041e+06, 3.33906e+06, 0
6.79681e+06, 1.1886e+06, 0
6.116e+06, 4.15432e+06, 0
5.93206e+06, 3.53386e+06, 0
4.91616e+06, 2.50818e+06, 0
5.43168e+06, 2.1951e+06, 0
1.03443e+07, 6.37136e+06, 0
3.77986e+06, 1.08203e+06, 0
6.12988e+06, 4.10987e+06, 0
6.54647e+06, 1.86486e+06, 0
7.13217e+06, 4.21909e+06, 0
7.70639e+06, 5.58017e+06, 0
4.04034e+06, 1.838e+06, 0
6.98768e+06, 2.80575e+06, 0
3.66278e+06, 1.12714e+06, 0
2.34601e+06, 790405, 0
1.07867e+07, 5.62548e+06, 0
4.54158e+06, 2.34852e+06, 0
5.20909e+06, 3.18585e+06, 0
8.41206e+06, 4.0433e+06, 0
5.25384e+06, 4.01184e+06, 0
5.27497e+06, 4.24133e+06, 0
5.02547e+06, 2.69159e+06, 0
8.58836e+06, 4.7919e+06, 0
9.57557e+06, 5.35704e+06, 0
1.01179e+07, 4.59536e+06, 0
5.85553e+06, 4.12028e+06, 0
4.76882e+06, 3.36268e+06, 0
8.65402e+06, 5.94472e+06, 0
8.41817e+06, 2.74244e+06, 0
7.54509e+06, 2.66612e+06, 0
5.77139e+06, 3.12353e+06, 0
6.2715e+06, 2.15926e+06, 0
7.2845e+06, 6.36837e+06, 0
4.59613e+06, 3.23795e+06, 0
8.7317e+06, 1.07928e+06, 0
2.81713e+06, 1.53157e+06, 0
7.19789e+06, 4.50649e+06, 0
4.90008e+06, 2.64062e+06, 0
5.14093e+06, 3.0521e+06, 0
5.04419e+06, 3.69351e+06, 0
3.07673e+06, 1.88578e+06, 0
5.59834e+06, 2.82993e+06, 0
5.32548e+06, 1.30193e+06, 0
5.56281e+06, 3.85212e+06, 0
5.63213e+06, 296296, 0
6.80336e+06, 5.23633e+06, 0
1.06871e+07, 4.73975e+06, 0
4.61115e+06, 1.52749e+06, 0
7.15215e+06, 2.9057e+06, 0
4.65845e+06, 3.52546e+06, 0
8.84893e+06, 6.5147e+06, 0
2.31879e+06, 935013, 0
8.40221e+06, 2.65453e+06, 0
9.40946e+06, 4.61392e+06, 0
7.09199e+06, 3.76382e+06, 0
3.81548e+06, 2.63406e+06, 0
9.83773e+06, 8.27325e+06, 0
7.15214e+06, 4.79643e+06, 0
6.00028e+06, 1.5398e+06, 0
6.42976e+06, 2.80534e+06, 0
9.09887e+06, 6.88738e+06, 0
6.41675e+06, 1.5712e+06, 0
4.82156e+06, 3.85999e+06, 0
6.28948e+06, 2.90037e+06, 0
3.17182e+06, 1.1124e+06, 0
7.79621e+06, 4.71144e+06, 0
4.27905e+06, 2.98596e+06, 0
3.50177e+06, 1.61932e+06, 0
4.17128e+06, 2.1776e+06, 0
8.26475e+06, 5.41463e+06, 0
6.10986e+06, 3.02038e+06, 0
6.79817e+06, 2.38662e+06, 0
4.9595e+06, 1.46464e+06, 0
1.05614e+07, 2.80737e+06, 0
8.33776e+06, 1.51217e+06, 0
8.89567e+06, 2.82009e+06, 0
6.53375e+06, 3.36384e+06, 0
6.15434e+06, 2.97601e+06, 0
1.18454e+07, 857471, 0
4.137e+06, 1.11389e+06, 0
8.54504e+06, 6.51108e+06, 0
1.24895e+07, 4.0504e+06, 0
5.62139e+06, 3.95788e+06, 0
3.70329e+06, 2.73032e+06, 0
7.98474e+06, 1.7691e+06, 0
9.98851e+06, 4.20869e+06, 0
7.53662e+06, 4.43489e+06, 0
3.00423e+06, 1.37309e+06, 0
3.23341e+06, 1.65351e+06, 0
4.40859e+06, 1.24449e+06, 0
5.98159e+06, 2.31852e+06, 0
8.59638e+06, 1.89129e+06, 0
5.57758e+06, 2.42756e+06, 0
8.51852e+06, 5.59606e+06, 0
3.52229e+06, 1.35977e+06, 0
4.17395e+06, 2.14157e+06, 0
8.26037e+06, 5.62324e+06, 0
1.05775e+07, 2.99066e+06, 0
4.12209e+06, 627051, 0
5.03137e+06, 4.1175e+06, 0
1.39289e+07, 7.77676e+06, 0
1.36253e+07, 1.99906e+06, 0
7.8612e+06, 3.82563e+06, 0
4.52988e+06, 2.73684e+06, 0
7.75687e+06, 2.93133e+06, 0
1.16597e+07, 2.75961e+06, 0
1.06803e+07, 6.80703e+06, 0
5.8225e+06, 1.5664e+06, 0
6.87993e+06, 5.08086e+06, 0
2.81515e+06, 1.71117e+06, 0
9.7175e+06, 1.65573e+06, 0
4.66854e+06, 3.10888e+06, 0
6.78544e+06, 4.79197e+06, 0
4.57806e+06, 1.68436e+06, 0
8.12102e+06, 4.05612e+06, 0
7.64204e+06, 2.98739e+06, 0
2.54062e+06, 832060, 0
7.1246e+06, 2.42482e+06, 0
5.61342e+06, 4.01139e+06, 0
7.19123e+06, 5.29607e+06, 0
5.92229e+06, 3.41463e+06, 0
8.49304e+06, 3.92816e+06, 0
3.7963e+06, 1.53107e+06, 0
3.66896e+06, 1.89927e+06, 0
6.41673e+06, 1.73935e+06, 0
5.01888e+06, 2.19126e+06, 0
4.3906e+06, 2.37497e+06, 0
3.70442e+06, 486071, 0
2.81155e+06, 1.56193e+06, 0
5.51961e+06, 546980, 0
8.70361e+06, 3.74582e+06, 0
4.04885e+06, 2.82843e+06, 0
5.44539e+06, 1.57845e+06, 0
6.93484e+06, 5.00023e+06, 0
7.04275e+06, 5.3873e+06, 0
7.91527e+06, 1.9251e+06, 0
6.63577e+06, 2.54974e+06, 0
6.2619e+06, 4.33193e+06, 0
3.44721e+06, 1.70656e+06, 0
9.85793e+06, 2.80972e+06, 0
6.807e+06, 1.3534e+06, 0
4.65233e+06, 3.08026e+06, 0
3.43504e+06, 1.44619e+06, 0
4.79629e+06, 2.03088e+06, 0
1.0706e+07, 7.38743e+06, 0
3.97583e+06, 2.2559e+06, 0
3.04731e+06, 2.0005e+06, 0
9.64834e+06, 8.66275e+06, 0
9.97492e+06, 6.3495e+06, 0
3.46021e+06, 1.84506e+06, 0
4.90739e+06, 1.25947e+06, 0
3.25586e+06, 763734, 0
7.07972e+06, 3.03803e+06, 0
8.76901e+06, 6.41313e+06, 0
6.8166e+06, 4.96303e+06, 0
4.45481e+06, 1.94285e+06, 0
7.346e+06, 3.29847e+06, 0
6.56105e+06, 2.31905e+06, 0
3.8965e+06, 1.55418e+06, 0
6.47428e+06, 3.94148e+06, 0
4.64272e+06, 1.59481e+06, 0
5.38167e+06, 2.54099e+06, 0
3.45711e+06, 1.95253e+06, 0
3.89586e+06, 2.68487e+06, 0
7.63831e+06, 1.92184e+06, 0
6.64415e+06, 3.20073e+06, 0
4.81915e+06, 3.47728e+06, 0
5.06518e+06, 2.01391e+06, 0
2.55829e+06, 1.28845e+06, 0
6.15037e+06, 2.67382e+06, 0
6.74736e+06, 2.46609e+06, 0
5.00568e+06, 3.80558e+06, 0
8.07824e+06, 4.44044e+06, 0
7.46797e+06, 4.18167e+06, 0
4.8717e+06, 371986, 0
1.0002e+07, 7.81359e+06, 0
8.38799e+06, 1.92983e+06, 0
9.87783e+06, 3.46884e+06, 0
5.83796e+06, 2.02585e+06, 0
5.6153e+06, 2.02355e+06, 0
8.53449e+06, 4.50463e+06, 0
6.34657e+06, 3.43612e+06, 0
4.69872e+06, 1.29129e+06, 0
4.16536e+06, 2.82252e+06, 0
3.48845e+06, 881515, 0
5.97959e+06, 1.09337e+06, 0
1.00376e+07, 4.11954e+06, 0
6.80376e+06, 3.03178e+06, 0
7.3746e+06, 2.52248e+06, 0
4.28903e+06, 3.15578e+06, 0
5.50181e+06, 3.56595e+06, 0
7.4264e+06, 4.8499e+06, 0
8.43118e+06, 3.06397e+06, 0
6.0342e+06, 4.00712e+06, 0
1.43209e+07, 4.74383e+06, 0
4.75952e+06, 2.56759e+06, 0
4.92909e+06, 3.33256e+06, 0
3.3242e+06, 2.20931e+06, 0
4.08926e+06, 1.92619e+06, 0
1.33029e+07, 7.67054e+06, 0
7.4297e+06, 2.62542e+06, 0
1.00684e+07, 3.41466e+06, 0
4.5985e+06, 2.63761e+06, 0
9.61269e+06, 332243, 0
3.72876e+06, 1.1442e+06, 0
9.10236e+06, 3.69043e+06, 0
1.00363e+07, 3.68277e+06, 0
8.34095e+06, 6.12868e+06, 0
6.08137e+06, 2.27313e+06, 0
6.84927e+06, 4.02698e+06, 0
5.06689e+06, 1.68162e+06, 0
5.0161e+06, 4.1017e+06, 0
8.97866e+06, 4.21499e+06, 0
3.31228e+06, 1.2945e+06, 0
5.80421e+06, 4.44656e+06, 0
6.17398e+06, 2.19405e+06, 0
4.62447e+06, 3.19137e+06, 0
5.24273e+06, 1.57464e+06, 0
4.69296e+06, 2.53742e+06, 0
8.02374e+06, 4.62471e+06, 0
8.68478e+06, 4.59061e+06, 0
5.03728e+06, 2.67875e+06, 0
9.77578e+06, 3.7632e+06, 0
4.3403e+06, 2.12231e+06, 0
1.28064e+07, 5.1822e+06, 0
5.42158e+06, 1.43616e+06, 0
1.06867e+07, 3.83876e+06, 0
8.30485e+06, 5.98711e+06, 0
4.93413e+06, 2.55763e+06, 0
5.11403e+06, 3.05831e+06, 0
6.58886e+06, 1.86722e+06, 0
5.07755e+06, 1.65931e+06, 0
6.07069e+06, 4.26093e+06, 0
2.89151e+06, 1.20708e+06, 0
3.93395e+06, 678894, 0
4.76311e+06, 3.89772e+06, 0
1.4545e+07, 3.74115e+06, 0
8.24937e+06, 5.60667e+06, 0
4.0068e+06, 2.02965e+06, 0
2.88488e+06, 278436, 0
3.5303e+06, 781389, 0
4.38358e+06, 1.13798e+06, 0
5.49118e+06, 471736, 0
3.46703e+06, 986588, 0
3.72419e+06, 568673, 0
6.62995e+06, 4.28982e+06, 0
7.79062e+06, 2.41568e+06, 0
3.17028e+06, 1.81063e+06, 0
5.4853e+06, 2.71269e+06, 0
6.60368e+06, 3.5749e+06, 0
5.06189e+06, 4.03466e+06, 0
2.95301e+06, 1.77053e+06, 0
5.97785e+06, 1.51294e+06, 0
4.42851e+06, 1.5419e+06, 0
3.91627e+06, 1.46021e+06, 0
7.1045e+06, 5.0308e+06, 0
1.21676e+07, 2.36199e+06, 0
7.6557e+06, 3.26792e+06, 0
2.73681e+06, 912911, 0
9.54133e+06, 6.4969e+06, 0
3.28723e+06, 1.58138e+06, 0
5.32406e+06, 2.79675e+06, 0
8.52897e+06, 1.97765e+06, 0
6.78748e+06, 1.13797e+06, 0
5.62118e+06, 1.74108e+06, 0
8.78064e+06, 3.06814e+06, 0
4.0234e+06, 2.51947e+06, 0
1.02594e+07, 5.31849e+06, 0
4.55259e+06, 2.16061e+06, 0
1.37374e+07, 2.52122e+06, 0
1.01913e+07, 5.53976e+06, 0
2.48118e+06, 86764.9, 0
4.41647e+06, 1.50518e+06, 0
3.6799e+06, 1.21128e+06, 0
8.85001e+06, 3.74508e+06, 0
6.85462e+06, 4.11618e+06, 0
3.36539e+06, 2.19858e+06, 0
6.07031e+06, 3.44892e+06, 0
6.09302e+06, 4.60002e+06, 0
8.56327e+06, 3.31508e+06, 0
1.09266e+07, 7.65911e+06, 0
5.27089e+06, 1.53805e+06, 0
5.77047e+06, 3.96515e+06, 0
6.00398e+06, 3.72089e+06, 0
8.87188e+06, 3.7823e+06, 0
5.28021e+06, 1.56908e+06, 0
6.40677e+06, 2.22814e+06, 0
3.35795e+06, 2.34433e+06, 0
3.76443e+06, 1.26996e+06, 0
6.03017e+06, 4.88356e+06, 0
3.27258e+06, 1.54274e+06, 0
2.60324e+06, 1.24742e+06, 0
5.4927e+06, 299940, 0
8.59744e+06, 3.46451e+06, 0
5.78073e+06, 3.67003e+06, 0
3.2192e+06, 1.51752e+06, 0
7.42593e+06, 2.60125e+06, 0
4.91294e+06, 1.94088e+06, 0
6.2127e+06, 3.76023e+06, 0
4.39626e+06, 450409, 0
4.72942e+06, 989433, 0
4.10208e+06, 1.27023e+06, 0
5.96373e+06, 5.01201e+06, 0
7.63934e+06, 5.36428e+06, 0
7.22064e+06, 1.39672e+06, 0
3.75698e+06, 1.69273e+06, 0
2.36744e+06, 742156, 0
6.30155e+06, 3.73006e+06, 0
5.08824e+06, 1.92954e+06, 0
1.0035e+07, 6.73939e+06, 0
4.07622e+06, 1.50123e+06, 0
5.26303e+06, 2.74734e+06, 0
5.68491e+06, 2.46304e+06, 0
6.34007e+06, 2.93202e+06, 0
8.63814e+06, 4.84354e+06, 0
4.93987e+06, 3.49715e+06, 0
1.06595e+07, 3.83366e+06, 0
4.16206e+06, 1.85401e+06, 0
7.95222e+06, 2.36723e+06, 0
6.97982e+06, 5.60359e+06, 0
1.05841e+07, 955121, 0
3.81302e+06, 893538, 0
6.55881e+06, 3.81721e+06, 0
5.92405e+06, 1.59009e+06, 0
5.40298e+06, 4.49355e+06, 0
1.3142e+07, 937694, 0
7.06867e+06, 3.2569e+06, 0
3.76519e+06, 2.23141e+06, 0
4.67594e+06, 2.55597e+06, 0
5.92332e+06, 3.06064e+06, 0
7.36556e+06, 6.03726e+06, 0
8.16055e+06, 5.49882e+06, 0
7.33368e+06, 6.24921e+06, 0
3.07185e+06, 1.3565e+06, 0
4.50294e+06, 530030, 0
1.08794e+07, 6.40894e+06, 0
6.00183e+06, 946708, 0
6.62587e+06, 1.55913e+06, 0
4.62725e+06, 1.36143e+06, 0
7.81672e+06, 4.95903e+06, 0
9.98022e+06, 6.52762e+06, 0
8.8705e+06, 4.59267e+06, 0
3.95964e+06, 711908, 0
7.99585e+06, 1.38544e+06, 0
1.25412e+07, 5.83769e+06, 0
9.50218e+06, 1.28879e+06, 0
7.08444e+06, 3.81658e+06, 0
7.77276e+06, 3.71522e+06, 0
8.71543e+06, 7.51099e+06, 0
5.56317e+06, 3.70509e+06, 0
4.34443e+06, 2.13633e+06, 0
5.5818e+06, 2.93958e+06, 0
1.31106e+07, 7.54052e+06, 0
4.84931e+06, 714492, 0
4.94505e+06, 3.45029e+06, 0
5.98835e+06, 3.75576e+06, 0
7.32943e+06, 2.22511e+06, 0
8.54924e+06, 1.49839e+06, 0
5.14143e+06, 282566, 0
8.89085e+06, 3.78913e+06, 0
8.76317e+06, 1.65597e+06, 0
8.54904e+06, 4.72315e+06, 0
6.45005e+06, 1.7691e+06, 0
8.87164e+06, 2.30454e+06, 0
5.46937e+06, 3.0125e+06, 0
8.40997e+06, 1.81167e+06, 0
1.29155e+07, 5.10061e+06, 0
4.87313e+06, 1.55982e+06, 0
4.93336e+06, 786763, 0
6.34132e+06, 1.59948e+06, 0
7.02325e+06, 2.97917e+06, 0
9.22152e+06, 4.08189e+06, 0
4.65127e+06, 797647, 0
4.24597e+06, 1.40323e+06, 0
6.90205e+06, 2.39925e+06, 0
8.68949e+06, 6.42791e+06, 0
3.35933e+06, 1.06669e+06, 0
9.12312e+06, 5.74685e+06, 0
7.8426e+06, 5.85907e+06, 0
7.10294e+06, 2.56036e+06, 0
6.7606e+06, 4.21054e+06, 0
4.20132e+06, 1.97859e+06, 0
6.42742e+06, 4.62646e+06, 0
6.79611e+06, 2.15068e+06, 0
6.7724e+06, 2.0776e+06, 0
8.08028e+06, 3.95102e+06, 0
8.49231e+06, 3.93067e+06, 0
6.54933e+06, 1.58193e+06, 0
4.65534e+06, 3.16054e+06, 0
3.76331e+06, 1.73794e+06, 0
6.03535e+06, 1.2136e+06, 0
7.16029e+06, 3.44835e+06, 0
2.29326e+06, 552113, 0
5.40895e+06, 1.29129e+06, 0
5.8375e+06, 2.78868e+06, 0
4.05046e+06, 1.9287e+06, 0
3.99429e+06, 2.27395e+06, 0
3.88904e+06, 1.2942e+06, 0
4.28452e+06, 3.23813e+06, 0
7.54532e+06, 4.66822e+06, 0
4.19472e+06, 2.86402e+06, 0
2.53192e+06, 356186, 0
3.62385e+06, 2.40495e+06, 0
5.48603e+06, 1.04209e+06, 0
8.23187e+06, 4.36874e+06, 0
7.68257e+06, 5.4649e+06, 0
5.40815e+06, 1.00139e+06, 0
1.17198e+07, 4.52891e+06, 0
8.44429e+06, 5.06776e+06, 0
6.99205e+06, 1.10593e+06, 0
1.02873e+07, 4.74105e+06, 0
2.73662e+06, 776623, 0
5.0636e+06, 2.64602e+06, 0
5.03925e+06, 1.64818e+06, 0
1.3226e+07, 5.78608e+06, 0
8.7e+06, 3.72603e+06, 0
4.07434e+06, 1.33412e+06, 0
9.81186e+06, 3.1117e+06, 0
5.25624e+06, 1.95074e+06, 0
1.04981e+07, 3.75766e+06, 0
7.29576e+06, 2.57294e+06, 0
4.33656e+06, 3.09694e+06, 0
7.21332e+06, 6.03784e+06, 0
3.95708e+06, 2.17045e+06, 0
7.18826e+06, 2.53632e+06, 0
3.87969e+06, 1.89597e+06, 0
8.07098e+06, 3.61058e+06, 0
1.48135e+07, 2.17078e+06, 0
7.27888e+06, 1.25317e+06, 0
1.13803e+07, 6.46546e+06, 0
5.08377e+06, 1.90592e+06, 0
3.39166e+06, 1.66682e+06, 0
8.57536e+06, 1.93117e+06, 0
1.00708e+07, 4.59157e+06, 0
7.19831e+06, 4.30066e+06, 0
5.8745e+06, 4.54387e+06, 0
7.93012e+06, 6.79237e+06, 0
2.81388e+06, 376393, 0
8.57789e+06, 4.99499e+06, 0
6.5356e+06, 3.16809e+06, 0
8.29026e+06, 6.47887e+06, 0
1.10655e+07, 8.01394e+06, 0
7.40019e+06, 4.12736e+06, 0
9.85979e+06, 2.3772e+06, 0
5.38992e+06, 1.89043e+06, 0
9.21959e+06, 1.4942e+06, 0
6.93772e+06, 854573, 0
6.46002e+06, 2.26905e+06, 0
5.57392e+06, 3.18563e+06, 0
5.66736e+06, 3.64407e+06, 0
5.83769e+06, 3.63299e+06, 0
2.7987e+06, 1.20952e+06, 0
1.17145e+07, 3.83907e+06, 0
4.69499e+06, 2.84232e+06, 0
6.89239e+06, 684717, 0
7.66968e+06, 4.32405e+06, 0
5.70369e+06, 3.77062e+06, 0
5.11709e+06, 2.56458e+06, 0
6.97857e+06, 4.85369e+06, 0
8.05694e+06, 6.77567e+06, 0
9.7556e+06, 4.40667e+06, 0
2.73896e+06, 1.00383e+06, 0
7.14317e+06, 2.79712e+06, 0
5.98187e+06, 896304, 0
4.23522e+06, 1.95057e+06, 0
1.12888e+07, 5.32979e+06, 0
6.26915e+06, 2.36818e+06, 0
6.47347e+06, 3.29e+06, 0
9.87529e+06, 4.29946e+06, 0
3.55129e+06, 1.41228e+06, 0
5.98664e+06, 4.78593e+06, 0
1.05693e+07, 2.49958e+06, 0
4.09909e+06, 1.47905e+06, 0
5.27892e+06, 1.87031e+06, 0
1.03318e+07, 7.59279e+06, 0
4.77509e+06, 2.56288e+06, 0
4.59242e+06, 971127, 0
7.35791e+06, 6.15532e+06, 0
6.64976e+06, 3.91823e+06, 0
6.16179e+06, 4.71952e+06, 0
6.30904e+06, 5.18503e+06, 0
6.47202e+06, 2.17335e+06, 0
3.00991e+06, 1.54829e+06, 0
8.62801e+06, 6.75486e+06, 0
5.58646e+06, 2.01951e+06, 0
1.07987e+07, 6.70509e+06, 0
7.5378e+06, 2.83975e+06, 0
9.3779e+06, 1.32555e+06, 0
1.04684e+07, 5.82231e+06, 0
7.26284e+06, 5.44494e+06, 0
1.12011e+07, 2.28562e+06, 0
5.15409e+06, 3.03768e+06, 0
1.01628e+07, 2.80555e+06, 0
8.54138e+06, 4.65882e+06, 0
4.57298e+06, 503625, 0
7.27342e+06, 2.90046e+06, 0
8.64567e+06, 4.39432e+06, 0
9.62483e+06, 6.16299e+06, 0
1.19445e+07, 6.84278e+06, 0
7.93117e+06, 6.22669e+06, 0
4.4424e+06, 3.36613e+06, 0
8.46912e+06, 6.72425e+06, 0
7.32315e+06, 4.29358e+06, 0
3.3429e+06, 1.01565e+06, 0
6.60636e+06, 2.50851e+06, 0
9.13644e+06, 4.85487e+06, 0
5.5834e+06, 2.05505e+06, 0
3.34578e+06, 2.03658e+06, 0
2.88433e+06, 769008, 0
7.78421e+06, 2.88559e+06, 0
7.58905e+06, 1.63126e+06, 0
3.41899e+06, 1.17865e+06, 0
4.88446e+06, 2.91505e+06, 0
4.33644e+06, 3.1235e+06, 0
7.5672e+06, 606980, 0
7.21601e+06, 2.82636e+06, 0
9.64266e+06, 4.86231e+06, 0
4.50922e+06, 1.09095e+06, 0
2.84514e+06, 1.12075e+06, 0
5.32495e+06, 3.93348e+06, 0
4.66194e+06, 2.65126e+06, 0
6.21124e+06, 4.48984e+06, 0
5.75611e+06, 2.64588e+06, 0
7.84307e+06, 6.12506e+06, 0
6.79831e+06, 2.15943e+06, 0
7.10166e+06, 1.0603e+06, 0
7.92039e+06, 6.5055e+06, 0
4.7958e+06, 3.36267e+06, 0
9.13138e+06, 296628, 0
7.46825e+06, 6.17915e+06, 0
3.87973e+06, 1.63385e+06, 0
5.96625e+06, 1.99214e+06, 0
4.2925e+06, 1.9983e+06, 0
4.56988e+06, 876754, 0
1.1763e+07, 6.78103e+06, 0
8.803e+06, 2.28353e+06, 0
6.75848e+06, 1.3751e+06, 0
1.39668e+07, 4.97125e+06, 0
1.30658e+07, 6.79312e+06, 0
7.18982e+06, 3.2087e+06, 0
6.5522e+06, 4.7338e+06, 0
8.13155e+06, 4.02857e+06, 0
6.76026e+06, 5.67371e+06, 0
5.84607e+06, 2.52865e+06, 0
6.75019e+06, 3.23663e+06, 0
4.0914e+06, 1.51749e+06, 0
7.00709e+06, 3.23897e+06, 0
6.80821e+06, 783018, 0
1.18062e+07, 5.62248e+06, 0
6.53923e+06, 2.98528e+06, 0
8.5989e+06, 6.25602e+06, 0
8.52529e+06, 2.24896e+06, 0
7.65426e+06, 5.8943e+06, 0
8.36009e+06, 2.93425e+06, 0
6.35773e+06, 3.64437e+06, 0
5.4714e+06, 1.56186e+06, 0
7.46421e+06, 3.23592e+06, 0
4.67336e+06, 2.37664e+06, 0
7.95022e+06, 4.68733e+06, 0
3.27739e+06, 941357, 0
3.97618e+06, 2.47328e+06, 0
3.69928e+06, 1.14002e+06, 0
7.74266e+06, 3.62515e+06, 0
1.25993e+07, 6.17625e+06, 0
7.94198e+06, 1.733e+06, 0
2.93999e+06, 560151, 0
7.66477e+06, 4.59114e+06, 0
6.17026e+06, 2.9027e+06, 0
8.5493e+06, 2.08658e+06, 0
6.10628e+06, 2.5751e+06, 0
6.69433e+06, 1.97452e+06, 0
9.39697e+06, 1.14342e+06, 0
3.30256e+06, 1.60597e+06, 0
9.1921e+06, 1.59657e+06, 0
3.96967e+06, 2.08791e+06, 0
8.25273e+06, 1.16593e+06, 0
3.45785e+06, 2.18495e+06, 0
6.2938e+06, 3.3988e+06, 0
4.55217e+06, 2.05426e+06, 0
5.92374e+06, 2.94721e+06, 0
7.7047e+06, 5.4116e+06, 0
3.43068e+06, 809293, 0
3.07228e+06, 1.343e+06, 0
4.33244e+06, 2.86545e+06, 0
5.7369e+06, 2.53167e+06, 0
5.64381e+06, 2.20571e+06, 0
3.44495e+06, 916754, 0
5.24377e+06, 584462, 0
8.82466e+06, 4.90834e+06, 0
4.21588e+06, 3.287e+06, 0
5.73525e+06, 1.15005e+06, 0
1.11311e+07, 2.92821e+06, 0
8.19744e+06, 4.71951e+06, 0
4.62883e+06, 2.97832e+06, 0
3.78699e+06, 2.05949e+06, 0
6.30493e+06, 3.18122e+06, 0
1.03431e+07, 5.57252e+06, 0
4.17949e+06, 2.27321e+06, 0
3.93301e+06, 1.41428e+06, 0
6.70784e+06, 4.20344e+06, 0
7.35024e+06, 1.5678e+06, 0
5.80261e+06, 4.23387e+06, 0
5.01194e+06, 2.36377e+06, 0
7.95472e+06, 3.76652e+06, 0
5.80736e+06, 542526, 0
4.89378e+06, 2.58267e+06, 0
6.70852e+06, 4.88636e+06, 0
7.14515e+06, 5.48896e+06, 0
7.77151e+06, 3.74673e+06, 0
1.47459e+07, 1.60647e+06, 0
9.82251e+06, 3.75919e+06, 0
8.6156e+06, 1.50704e+06, 0
4.15163e+06, 1.48601e+06, 0
8.40848e+06, 6.27205e+06, 0
3.46234e+06, 2.23433e+06, 0
8.55833e+06, 3.85282e+06, 0
4.82286e+06, 1.21912e+06, 0
1.12404e+07, 1.25191e+06, 0
3.59985e+06, 518474, 0
